<?xml version="1.0" encoding="UTF-8"?>
<testsuite name="JUnit Jupiter" tests="1000" skipped="0" failures="0" errors="0" time="1.235" hostname="youcef-ubuntu-univ" timestamp="2024-11-04T22:03:51">
<properties>
<property name="file.encoding" value="UTF-8"/>
<property name="file.separator" value="/"/>
<property name="java.class.path" value="/home/youcef/Jar_files/junit-platform-console-standalone-1.7.0.jar"/>
<property name="java.class.version" value="61.0"/>
<property name="java.home" value="/usr/lib/jvm/java-17-openjdk-amd64"/>
<property name="java.io.tmpdir" value="/tmp"/>
<property name="java.library.path" value="/usr/java/packages/lib:/usr/lib/x86_64-linux-gnu/jni:/lib/x86_64-linux-gnu:/usr/lib/x86_64-linux-gnu:/usr/lib/jni:/lib:/usr/lib"/>
<property name="java.runtime.name" value="OpenJDK Runtime Environment"/>
<property name="java.runtime.version" value="17.0.12+7-Ubuntu-1ubuntu222.04"/>
<property name="java.specification.name" value="Java Platform API Specification"/>
<property name="java.specification.vendor" value="Oracle Corporation"/>
<property name="java.specification.version" value="17"/>
<property name="java.vendor" value="Ubuntu"/>
<property name="java.vendor.url" value="https://ubuntu.com/"/>
<property name="java.vendor.url.bug" value="https://bugs.launchpad.net/ubuntu/+source/openjdk-17"/>
<property name="java.version" value="17.0.12"/>
<property name="java.version.date" value="2024-07-16"/>
<property name="java.vm.compressedOopsMode" value="32-bit"/>
<property name="java.vm.info" value="mixed mode, sharing"/>
<property name="java.vm.name" value="OpenJDK 64-Bit Server VM"/>
<property name="java.vm.specification.name" value="Java Virtual Machine Specification"/>
<property name="java.vm.specification.vendor" value="Oracle Corporation"/>
<property name="java.vm.specification.version" value="17"/>
<property name="java.vm.vendor" value="Ubuntu"/>
<property name="java.vm.version" value="17.0.12+7-Ubuntu-1ubuntu222.04"/>
<property name="jdk.debug" value="release"/>
<property name="line.separator" value="
"/>
<property name="native.encoding" value="UTF-8"/>
<property name="os.arch" value="amd64"/>
<property name="os.name" value="Linux"/>
<property name="os.version" value="6.8.0-48-generic"/>
<property name="path.separator" value=":"/>
<property name="sun.arch.data.model" value="64"/>
<property name="sun.boot.library.path" value="/usr/lib/jvm/java-17-openjdk-amd64/lib"/>
<property name="sun.cpu.endian" value="little"/>
<property name="sun.io.unicode.encoding" value="UnicodeLittle"/>
<property name="sun.java.command" value="/home/youcef/Jar_files/junit-platform-console-standalone-1.7.0.jar -cp=. -c minebayd1.test.TestClassifiedAd --reports-dir=rapport2"/>
<property name="sun.java.launcher" value="SUN_STANDARD"/>
<property name="sun.jnu.encoding" value="UTF-8"/>
<property name="sun.management.compiler" value="HotSpot 64-Bit Tiered Compilers"/>
<property name="sun.stderr.encoding" value="UTF-8"/>
<property name="sun.stdout.encoding" value="UTF-8"/>
<property name="user.country" value="GB"/>
<property name="user.dir" value="/home/youcef/Desktop/cours_universitaires/L2/poo/Sujet Devoir1"/>
<property name="user.home" value="/home/youcef"/>
<property name="user.language" value="en"/>
<property name="user.name" value="youcef"/>
<property name="user.timezone" value="Europe/Paris"/>
</properties>
<testcase name="testgetDate(ClassifiedAd)[1]" classname="minebayd1.test.TestClassifiedAd" time="0.068">
<system-out><![CDATA[
unique-id: [engine:junit-jupiter]/[class:minebayd1.test.TestClassifiedAd]/[test-template:testgetDate(minebayd1.ClassifiedAd)]/[test-template-invocation:#1]
display-name: [1] L'annonce correspond à Annonce n°587 from Yanis crée le 2024-11-04T21:03:50.178526558Z et correpoond à SHOES et est à 9euros
]]></system-out>
</testcase>
<testcase name="testgetDate(ClassifiedAd)[2]" classname="minebayd1.test.TestClassifiedAd" time="0.002">
<system-out><![CDATA[
unique-id: [engine:junit-jupiter]/[class:minebayd1.test.TestClassifiedAd]/[test-template:testgetDate(minebayd1.ClassifiedAd)]/[test-template-invocation:#2]
display-name: [2] L'annonce correspond à Annonce n°379 from Naila crée le 2024-11-04T21:03:50.179502711Z et correpoond à BOOKS et est à 55euros
]]></system-out>
</testcase>
<testcase name="testgetDate(ClassifiedAd)[3]" classname="minebayd1.test.TestClassifiedAd" time="0.001">
<system-out><![CDATA[
unique-id: [engine:junit-jupiter]/[class:minebayd1.test.TestClassifiedAd]/[test-template:testgetDate(minebayd1.ClassifiedAd)]/[test-template-invocation:#3]
display-name: [3] L'annonce correspond à Annonce n°353 from Lyes crée le 2024-11-04T21:03:50.179636956Z et correpoond à COMPUTERS et est à 49euros
]]></system-out>
</testcase>
<testcase name="testgetDate(ClassifiedAd)[4]" classname="minebayd1.test.TestClassifiedAd" time="0.001">
<system-out><![CDATA[
unique-id: [engine:junit-jupiter]/[class:minebayd1.test.TestClassifiedAd]/[test-template:testgetDate(minebayd1.ClassifiedAd)]/[test-template-invocation:#4]
display-name: [4] L'annonce correspond à Annonce n°72 from Mounir crée le 2024-11-04T21:03:50.181415890Z et correpoond à GAMES et est à 70euros
]]></system-out>
</testcase>
<testcase name="testgetDate(ClassifiedAd)[5]" classname="minebayd1.test.TestClassifiedAd" time="0.001">
<system-out><![CDATA[
unique-id: [engine:junit-jupiter]/[class:minebayd1.test.TestClassifiedAd]/[test-template:testgetDate(minebayd1.ClassifiedAd)]/[test-template-invocation:#5]
display-name: [5] L'annonce correspond à Annonce n°936 from Idir crée le 2024-11-04T21:03:50.173229591Z et correpoond à SHOES et est à 6euros
]]></system-out>
</testcase>
<testcase name="testgetDate(ClassifiedAd)[6]" classname="minebayd1.test.TestClassifiedAd" time="0">
<system-out><![CDATA[
unique-id: [engine:junit-jupiter]/[class:minebayd1.test.TestClassifiedAd]/[test-template:testgetDate(minebayd1.ClassifiedAd)]/[test-template-invocation:#6]
display-name: [6] L'annonce correspond à Annonce n°268 from Mohamed crée le 2024-11-04T21:03:50.180085935Z et correpoond à SHOES et est à 47euros
]]></system-out>
</testcase>
<testcase name="testgetDate(ClassifiedAd)[7]" classname="minebayd1.test.TestClassifiedAd" time="0">
<system-out><![CDATA[
unique-id: [engine:junit-jupiter]/[class:minebayd1.test.TestClassifiedAd]/[test-template:testgetDate(minebayd1.ClassifiedAd)]/[test-template-invocation:#7]
display-name: [7] L'annonce correspond à Annonce n°743 from Naila crée le 2024-11-04T21:03:50.176153050Z et correpoond à SHOES et est à 61euros
]]></system-out>
</testcase>
<testcase name="testgetDate(ClassifiedAd)[8]" classname="minebayd1.test.TestClassifiedAd" time="0">
<system-out><![CDATA[
unique-id: [engine:junit-jupiter]/[class:minebayd1.test.TestClassifiedAd]/[test-template:testgetDate(minebayd1.ClassifiedAd)]/[test-template-invocation:#8]
display-name: [8] L'annonce correspond à Annonce n°1369 from Mamadou crée le 2024-11-04T21:03:50.164609089Z et correpoond à GAMES et est à 59euros
]]></system-out>
</testcase>
<testcase name="testgetDate(ClassifiedAd)[9]" classname="minebayd1.test.TestClassifiedAd" time="0.001">
<system-out><![CDATA[
unique-id: [engine:junit-jupiter]/[class:minebayd1.test.TestClassifiedAd]/[test-template:testgetDate(minebayd1.ClassifiedAd)]/[test-template-invocation:#9]
display-name: [9] L'annonce correspond à Annonce n°133 from Boris crée le 2024-11-04T21:03:50.181041526Z et correpoond à CLOTHES et est à 85euros
]]></system-out>
</testcase>
<testcase name="testgetDate(ClassifiedAd)[10]" classname="minebayd1.test.TestClassifiedAd" time="0.001">
<system-out><![CDATA[
unique-id: [engine:junit-jupiter]/[class:minebayd1.test.TestClassifiedAd]/[test-template:testgetDate(minebayd1.ClassifiedAd)]/[test-template-invocation:#10]
display-name: [10] L'annonce correspond à Annonce n°831 from Ziad crée le 2024-11-04T21:03:50.174730711Z et correpoond à BOOKS et est à 56euros
]]></system-out>
</testcase>
<testcase name="testgetDate(ClassifiedAd)[11]" classname="minebayd1.test.TestClassifiedAd" time="0">
<system-out><![CDATA[
unique-id: [engine:junit-jupiter]/[class:minebayd1.test.TestClassifiedAd]/[test-template:testgetDate(minebayd1.ClassifiedAd)]/[test-template-invocation:#11]
display-name: [11] L'annonce correspond à Annonce n°506 from Chanez crée le 2024-11-04T21:03:50.178864752Z et correpoond à GAMES et est à 26euros
]]></system-out>
</testcase>
<testcase name="testgetDate(ClassifiedAd)[12]" classname="minebayd1.test.TestClassifiedAd" time="0">
<system-out><![CDATA[
unique-id: [engine:junit-jupiter]/[class:minebayd1.test.TestClassifiedAd]/[test-template:testgetDate(minebayd1.ClassifiedAd)]/[test-template-invocation:#12]
display-name: [12] L'annonce correspond à Annonce n°930 from Mamadou crée le 2024-11-04T21:03:50.173299349Z et correpoond à CLOTHES et est à 13euros
]]></system-out>
</testcase>
<testcase name="testgetDate(ClassifiedAd)[13]" classname="minebayd1.test.TestClassifiedAd" time="0">
<system-out><![CDATA[
unique-id: [engine:junit-jupiter]/[class:minebayd1.test.TestClassifiedAd]/[test-template:testgetDate(minebayd1.ClassifiedAd)]/[test-template-invocation:#13]
display-name: [13] L'annonce correspond à Annonce n°895 from Lamia crée le 2024-11-04T21:03:50.173741697Z et correpoond à SHOES et est à 52euros
]]></system-out>
</testcase>
<testcase name="testgetDate(ClassifiedAd)[14]" classname="minebayd1.test.TestClassifiedAd" time="0.001">
<system-out><![CDATA[
unique-id: [engine:junit-jupiter]/[class:minebayd1.test.TestClassifiedAd]/[test-template:testgetDate(minebayd1.ClassifiedAd)]/[test-template-invocation:#14]
display-name: [14] L'annonce correspond à Annonce n°1030 from Imam crée le 2024-11-04T21:03:50.170809167Z et correpoond à BOOKS et est à 64euros
]]></system-out>
</testcase>
<testcase name="testgetDate(ClassifiedAd)[15]" classname="minebayd1.test.TestClassifiedAd" time="0.001">
<system-out><![CDATA[
unique-id: [engine:junit-jupiter]/[class:minebayd1.test.TestClassifiedAd]/[test-template:testgetDate(minebayd1.ClassifiedAd)]/[test-template-invocation:#15]
display-name: [15] L'annonce correspond à Annonce n°87 from Nima crée le 2024-11-04T21:03:50.181324599Z et correpoond à GAMES et est à 23euros
]]></system-out>
</testcase>
<testcase name="testgetDate(ClassifiedAd)[16]" classname="minebayd1.test.TestClassifiedAd" time="0.001">
<system-out><![CDATA[
unique-id: [engine:junit-jupiter]/[class:minebayd1.test.TestClassifiedAd]/[test-template:testgetDate(minebayd1.ClassifiedAd)]/[test-template-invocation:#16]
display-name: [16] L'annonce correspond à Annonce n°504 from Mounir crée le 2024-11-04T21:03:50.178872645Z et correpoond à SHOES et est à 63euros
]]></system-out>
</testcase>
<testcase name="testgetDate(ClassifiedAd)[17]" classname="minebayd1.test.TestClassifiedAd" time="0">
<system-out><![CDATA[
unique-id: [engine:junit-jupiter]/[class:minebayd1.test.TestClassifiedAd]/[test-template:testgetDate(minebayd1.ClassifiedAd)]/[test-template-invocation:#17]
display-name: [17] L'annonce correspond à Annonce n°1322 from Boris crée le 2024-11-04T21:03:50.165600690Z et correpoond à SHOES et est à 5euros
]]></system-out>
</testcase>
<testcase name="testgetDate(ClassifiedAd)[18]" classname="minebayd1.test.TestClassifiedAd" time="0.001">
<system-out><![CDATA[
unique-id: [engine:junit-jupiter]/[class:minebayd1.test.TestClassifiedAd]/[test-template:testgetDate(minebayd1.ClassifiedAd)]/[test-template-invocation:#18]
display-name: [18] L'annonce correspond à Annonce n°271 from Sonia crée le 2024-11-04T21:03:50.180070478Z et correpoond à CLOTHES et est à 60euros
]]></system-out>
</testcase>
<testcase name="testgetDate(ClassifiedAd)[19]" classname="minebayd1.test.TestClassifiedAd" time="0">
<system-out><![CDATA[
unique-id: [engine:junit-jupiter]/[class:minebayd1.test.TestClassifiedAd]/[test-template:testgetDate(minebayd1.ClassifiedAd)]/[test-template-invocation:#19]
display-name: [19] L'annonce correspond à Annonce n°282 from Issa crée le 2024-11-04T21:03:50.180013911Z et correpoond à BOOKS et est à 77euros
]]></system-out>
</testcase>
<testcase name="testgetDate(ClassifiedAd)[20]" classname="minebayd1.test.TestClassifiedAd" time="0">
<system-out><![CDATA[
unique-id: [engine:junit-jupiter]/[class:minebayd1.test.TestClassifiedAd]/[test-template:testgetDate(minebayd1.ClassifiedAd)]/[test-template-invocation:#20]
display-name: [20] L'annonce correspond à Annonce n°508 from Marcel crée le 2024-11-04T21:03:50.178857073Z et correpoond à SHOES et est à 45euros
]]></system-out>
</testcase>
<testcase name="testgetDate(ClassifiedAd)[21]" classname="minebayd1.test.TestClassifiedAd" time="0">
<system-out><![CDATA[
unique-id: [engine:junit-jupiter]/[class:minebayd1.test.TestClassifiedAd]/[test-template:testgetDate(minebayd1.ClassifiedAd)]/[test-template-invocation:#21]
display-name: [21] L'annonce correspond à Annonce n°1077 from Ali crée le 2024-11-04T21:03:50.170096747Z et correpoond à GAMES et est à 77euros
]]></system-out>
</testcase>
<testcase name="testgetDate(ClassifiedAd)[22]" classname="minebayd1.test.TestClassifiedAd" time="0.001">
<system-out><![CDATA[
unique-id: [engine:junit-jupiter]/[class:minebayd1.test.TestClassifiedAd]/[test-template:testgetDate(minebayd1.ClassifiedAd)]/[test-template-invocation:#22]
display-name: [22] L'annonce correspond à Annonce n°720 from Ziad crée le 2024-11-04T21:03:50.177405170Z et correpoond à BOOKS et est à 51euros
]]></system-out>
</testcase>
<testcase name="testgetDate(ClassifiedAd)[23]" classname="minebayd1.test.TestClassifiedAd" time="0">
<system-out><![CDATA[
unique-id: [engine:junit-jupiter]/[class:minebayd1.test.TestClassifiedAd]/[test-template:testgetDate(minebayd1.ClassifiedAd)]/[test-template-invocation:#23]
display-name: [23] L'annonce correspond à Annonce n°163 from Chanez crée le 2024-11-04T21:03:50.180799093Z et correpoond à COMPUTERS et est à 14euros
]]></system-out>
</testcase>
<testcase name="testgetDate(ClassifiedAd)[24]" classname="minebayd1.test.TestClassifiedAd" time="0">
<system-out><![CDATA[
unique-id: [engine:junit-jupiter]/[class:minebayd1.test.TestClassifiedAd]/[test-template:testgetDate(minebayd1.ClassifiedAd)]/[test-template-invocation:#24]
display-name: [24] L'annonce correspond à Annonce n°39 from Sheraz crée le 2024-11-04T21:03:50.181567546Z et correpoond à GAMES et est à 85euros
]]></system-out>
</testcase>
<testcase name="testgetDate(ClassifiedAd)[25]" classname="minebayd1.test.TestClassifiedAd" time="0">
<system-out><![CDATA[
unique-id: [engine:junit-jupiter]/[class:minebayd1.test.TestClassifiedAd]/[test-template:testgetDate(minebayd1.ClassifiedAd)]/[test-template-invocation:#25]
display-name: [25] L'annonce correspond à Annonce n°683 from Lisa crée le 2024-11-04T21:03:50.177779027Z et correpoond à BOOKS et est à 74euros
]]></system-out>
</testcase>
<testcase name="testgetDate(ClassifiedAd)[26]" classname="minebayd1.test.TestClassifiedAd" time="0">
<system-out><![CDATA[
unique-id: [engine:junit-jupiter]/[class:minebayd1.test.TestClassifiedAd]/[test-template:testgetDate(minebayd1.ClassifiedAd)]/[test-template-invocation:#26]
display-name: [26] L'annonce correspond à Annonce n°596 from Idir crée le 2024-11-04T21:03:50.178405741Z et correpoond à SHOES et est à 12euros
]]></system-out>
</testcase>
<testcase name="testgetDate(ClassifiedAd)[27]" classname="minebayd1.test.TestClassifiedAd" time="0">
<system-out><![CDATA[
unique-id: [engine:junit-jupiter]/[class:minebayd1.test.TestClassifiedAd]/[test-template:testgetDate(minebayd1.ClassifiedAd)]/[test-template-invocation:#27]
display-name: [27] L'annonce correspond à Annonce n°480 from Imam crée le 2024-11-04T21:03:50.178964758Z et correpoond à BOOKS et est à 21euros
]]></system-out>
</testcase>
<testcase name="testgetDate(ClassifiedAd)[28]" classname="minebayd1.test.TestClassifiedAd" time="0">
<system-out><![CDATA[
unique-id: [engine:junit-jupiter]/[class:minebayd1.test.TestClassifiedAd]/[test-template:testgetDate(minebayd1.ClassifiedAd)]/[test-template-invocation:#28]
display-name: [28] L'annonce correspond à Annonce n°836 from Chanez crée le 2024-11-04T21:03:50.174671668Z et correpoond à GAMES et est à 49euros
]]></system-out>
</testcase>
<testcase name="testgetDate(ClassifiedAd)[29]" classname="minebayd1.test.TestClassifiedAd" time="0">
<system-out><![CDATA[
unique-id: [engine:junit-jupiter]/[class:minebayd1.test.TestClassifiedAd]/[test-template:testgetDate(minebayd1.ClassifiedAd)]/[test-template-invocation:#29]
display-name: [29] L'annonce correspond à Annonce n°442 from Faycal crée le 2024-11-04T21:03:50.179166347Z et correpoond à CLOTHES et est à 12euros
]]></system-out>
</testcase>
<testcase name="testgetDate(ClassifiedAd)[30]" classname="minebayd1.test.TestClassifiedAd" time="0">
<system-out><![CDATA[
unique-id: [engine:junit-jupiter]/[class:minebayd1.test.TestClassifiedAd]/[test-template:testgetDate(minebayd1.ClassifiedAd)]/[test-template-invocation:#30]
display-name: [30] L'annonce correspond à Annonce n°1055 from Chanez crée le 2024-11-04T21:03:50.170477505Z et correpoond à SHOES et est à 11euros
]]></system-out>
</testcase>
<testcase name="testgetDate(ClassifiedAd)[31]" classname="minebayd1.test.TestClassifiedAd" time="0">
<system-out><![CDATA[
unique-id: [engine:junit-jupiter]/[class:minebayd1.test.TestClassifiedAd]/[test-template:testgetDate(minebayd1.ClassifiedAd)]/[test-template-invocation:#31]
display-name: [31] L'annonce correspond à Annonce n°1325 from Sonia crée le 2024-11-04T21:03:50.165570315Z et correpoond à CLOTHES et est à 1euros
]]></system-out>
</testcase>
<testcase name="testgetDate(ClassifiedAd)[32]" classname="minebayd1.test.TestClassifiedAd" time="0">
<system-out><![CDATA[
unique-id: [engine:junit-jupiter]/[class:minebayd1.test.TestClassifiedAd]/[test-template:testgetDate(minebayd1.ClassifiedAd)]/[test-template-invocation:#32]
display-name: [32] L'annonce correspond à Annonce n°244 from Ali crée le 2024-11-04T21:03:50.180209973Z et correpoond à BOOKS et est à 46euros
]]></system-out>
</testcase>
<testcase name="testgetDate(ClassifiedAd)[33]" classname="minebayd1.test.TestClassifiedAd" time="0">
<system-out><![CDATA[
unique-id: [engine:junit-jupiter]/[class:minebayd1.test.TestClassifiedAd]/[test-template:testgetDate(minebayd1.ClassifiedAd)]/[test-template-invocation:#33]
display-name: [33] L'annonce correspond à Annonce n°1433 from Aliou crée le 2024-11-04T21:03:50.163103710Z et correpoond à GAMES et est à 94euros
]]></system-out>
</testcase>
<testcase name="testgetDate(ClassifiedAd)[34]" classname="minebayd1.test.TestClassifiedAd" time="0">
<system-out><![CDATA[
unique-id: [engine:junit-jupiter]/[class:minebayd1.test.TestClassifiedAd]/[test-template:testgetDate(minebayd1.ClassifiedAd)]/[test-template-invocation:#34]
display-name: [34] L'annonce correspond à Annonce n°1422 from Yanis crée le 2024-11-04T21:03:50.163466549Z et correpoond à GAMES et est à 75euros
]]></system-out>
</testcase>
<testcase name="testgetDate(ClassifiedAd)[35]" classname="minebayd1.test.TestClassifiedAd" time="0">
<system-out><![CDATA[
unique-id: [engine:junit-jupiter]/[class:minebayd1.test.TestClassifiedAd]/[test-template:testgetDate(minebayd1.ClassifiedAd)]/[test-template-invocation:#35]
display-name: [35] L'annonce correspond à Annonce n°911 from Adam crée le 2024-11-04T21:03:50.173554374Z et correpoond à BOOKS et est à 65euros
]]></system-out>
</testcase>
<testcase name="testgetDate(ClassifiedAd)[36]" classname="minebayd1.test.TestClassifiedAd" time="0">
<system-out><![CDATA[
unique-id: [engine:junit-jupiter]/[class:minebayd1.test.TestClassifiedAd]/[test-template:testgetDate(minebayd1.ClassifiedAd)]/[test-template-invocation:#36]
display-name: [36] L'annonce correspond à Annonce n°1332 from Boris crée le 2024-11-04T21:03:50.165501707Z et correpoond à COMPUTERS et est à 98euros
]]></system-out>
</testcase>
<testcase name="testgetDate(ClassifiedAd)[37]" classname="minebayd1.test.TestClassifiedAd" time="0">
<system-out><![CDATA[
unique-id: [engine:junit-jupiter]/[class:minebayd1.test.TestClassifiedAd]/[test-template:testgetDate(minebayd1.ClassifiedAd)]/[test-template-invocation:#37]
display-name: [37] L'annonce correspond à Annonce n°1332 from Boris crée le 2024-11-04T21:03:50.165501707Z et correpoond à COMPUTERS et est à 98euros
]]></system-out>
</testcase>
<testcase name="testgetDate(ClassifiedAd)[38]" classname="minebayd1.test.TestClassifiedAd" time="0">
<system-out><![CDATA[
unique-id: [engine:junit-jupiter]/[class:minebayd1.test.TestClassifiedAd]/[test-template:testgetDate(minebayd1.ClassifiedAd)]/[test-template-invocation:#38]
display-name: [38] L'annonce correspond à Annonce n°1234 from Imam crée le 2024-11-04T21:03:50.167099373Z et correpoond à BOOKS et est à 39euros
]]></system-out>
</testcase>
<testcase name="testgetDate(ClassifiedAd)[39]" classname="minebayd1.test.TestClassifiedAd" time="0">
<system-out><![CDATA[
unique-id: [engine:junit-jupiter]/[class:minebayd1.test.TestClassifiedAd]/[test-template:testgetDate(minebayd1.ClassifiedAd)]/[test-template-invocation:#39]
display-name: [39] L'annonce correspond à Annonce n°843 from Mamadou crée le 2024-11-04T21:03:50.174586686Z et correpoond à COMPUTERS et est à 57euros
]]></system-out>
</testcase>
<testcase name="testgetDate(ClassifiedAd)[40]" classname="minebayd1.test.TestClassifiedAd" time="0">
<system-out><![CDATA[
unique-id: [engine:junit-jupiter]/[class:minebayd1.test.TestClassifiedAd]/[test-template:testgetDate(minebayd1.ClassifiedAd)]/[test-template-invocation:#40]
display-name: [40] L'annonce correspond à Annonce n°1117 from Chanez crée le 2024-11-04T21:03:50.169516608Z et correpoond à COMPUTERS et est à 35euros
]]></system-out>
</testcase>
<testcase name="testgetDate(ClassifiedAd)[41]" classname="minebayd1.test.TestClassifiedAd" time="0">
<system-out><![CDATA[
unique-id: [engine:junit-jupiter]/[class:minebayd1.test.TestClassifiedAd]/[test-template:testgetDate(minebayd1.ClassifiedAd)]/[test-template-invocation:#41]
display-name: [41] L'annonce correspond à Annonce n°209 from Mounir crée le 2024-11-04T21:03:50.180419620Z et correpoond à BOOKS et est à 82euros
]]></system-out>
</testcase>
<testcase name="testgetDate(ClassifiedAd)[42]" classname="minebayd1.test.TestClassifiedAd" time="0">
<system-out><![CDATA[
unique-id: [engine:junit-jupiter]/[class:minebayd1.test.TestClassifiedAd]/[test-template:testgetDate(minebayd1.ClassifiedAd)]/[test-template-invocation:#42]
display-name: [42] L'annonce correspond à Annonce n°1126 from Lyes crée le 2024-11-04T21:03:50.168922050Z et correpoond à SHOES et est à 76euros
]]></system-out>
</testcase>
<testcase name="testgetDate(ClassifiedAd)[43]" classname="minebayd1.test.TestClassifiedAd" time="0">
<system-out><![CDATA[
unique-id: [engine:junit-jupiter]/[class:minebayd1.test.TestClassifiedAd]/[test-template:testgetDate(minebayd1.ClassifiedAd)]/[test-template-invocation:#43]
display-name: [43] L'annonce correspond à Annonce n°706 from Faycal crée le 2024-11-04T21:03:50.177549279Z et correpoond à CLOTHES et est à 27euros
]]></system-out>
</testcase>
<testcase name="testgetDate(ClassifiedAd)[44]" classname="minebayd1.test.TestClassifiedAd" time="0">
<system-out><![CDATA[
unique-id: [engine:junit-jupiter]/[class:minebayd1.test.TestClassifiedAd]/[test-template:testgetDate(minebayd1.ClassifiedAd)]/[test-template-invocation:#44]
display-name: [44] L'annonce correspond à Annonce n°971 from Chanez crée le 2024-11-04T21:03:50.172636470Z et correpoond à BOOKS et est à 84euros
]]></system-out>
</testcase>
<testcase name="testgetDate(ClassifiedAd)[45]" classname="minebayd1.test.TestClassifiedAd" time="0">
<system-out><![CDATA[
unique-id: [engine:junit-jupiter]/[class:minebayd1.test.TestClassifiedAd]/[test-template:testgetDate(minebayd1.ClassifiedAd)]/[test-template-invocation:#45]
display-name: [45] L'annonce correspond à Annonce n°1120 from Sonia crée le 2024-11-04T21:03:50.169131726Z et correpoond à BOOKS et est à 43euros
]]></system-out>
</testcase>
<testcase name="testgetDate(ClassifiedAd)[46]" classname="minebayd1.test.TestClassifiedAd" time="0">
<system-out><![CDATA[
unique-id: [engine:junit-jupiter]/[class:minebayd1.test.TestClassifiedAd]/[test-template:testgetDate(minebayd1.ClassifiedAd)]/[test-template-invocation:#46]
display-name: [46] L'annonce correspond à Annonce n°1051 from Lyes crée le 2024-11-04T21:03:50.170523179Z et correpoond à COMPUTERS et est à 61euros
]]></system-out>
</testcase>
<testcase name="testgetDate(ClassifiedAd)[47]" classname="minebayd1.test.TestClassifiedAd" time="0">
<system-out><![CDATA[
unique-id: [engine:junit-jupiter]/[class:minebayd1.test.TestClassifiedAd]/[test-template:testgetDate(minebayd1.ClassifiedAd)]/[test-template-invocation:#47]
display-name: [47] L'annonce correspond à Annonce n°55 from Ali crée le 2024-11-04T21:03:50.181493467Z et correpoond à BOOKS et est à 83euros
]]></system-out>
</testcase>
<testcase name="testgetDate(ClassifiedAd)[48]" classname="minebayd1.test.TestClassifiedAd" time="0">
<system-out><![CDATA[
unique-id: [engine:junit-jupiter]/[class:minebayd1.test.TestClassifiedAd]/[test-template:testgetDate(minebayd1.ClassifiedAd)]/[test-template-invocation:#48]
display-name: [48] L'annonce correspond à Annonce n°810 from Lyes crée le 2024-11-04T21:03:50.175227155Z et correpoond à COMPUTERS et est à 63euros
]]></system-out>
</testcase>
<testcase name="testgetDate(ClassifiedAd)[49]" classname="minebayd1.test.TestClassifiedAd" time="0">
<system-out><![CDATA[
unique-id: [engine:junit-jupiter]/[class:minebayd1.test.TestClassifiedAd]/[test-template:testgetDate(minebayd1.ClassifiedAd)]/[test-template-invocation:#49]
display-name: [49] L'annonce correspond à Annonce n°569 from Boris crée le 2024-11-04T21:03:50.178607199Z et correpoond à BOOKS et est à 58euros
]]></system-out>
</testcase>
<testcase name="testgetDate(ClassifiedAd)[50]" classname="minebayd1.test.TestClassifiedAd" time="0">
<system-out><![CDATA[
unique-id: [engine:junit-jupiter]/[class:minebayd1.test.TestClassifiedAd]/[test-template:testgetDate(minebayd1.ClassifiedAd)]/[test-template-invocation:#50]
display-name: [50] L'annonce correspond à Annonce n°141 from Sonia crée le 2024-11-04T21:03:50.180971936Z et correpoond à BOOKS et est à 23euros
]]></system-out>
</testcase>
<testcase name="testgetDate(ClassifiedAd)[51]" classname="minebayd1.test.TestClassifiedAd" time="0">
<system-out><![CDATA[
unique-id: [engine:junit-jupiter]/[class:minebayd1.test.TestClassifiedAd]/[test-template:testgetDate(minebayd1.ClassifiedAd)]/[test-template-invocation:#51]
display-name: [51] L'annonce correspond à Annonce n°1440 from Mohamed crée le 2024-11-04T21:03:50.162852107Z et correpoond à BOOKS et est à 10euros
]]></system-out>
</testcase>
<testcase name="testgetDate(ClassifiedAd)[52]" classname="minebayd1.test.TestClassifiedAd" time="0">
<system-out><![CDATA[
unique-id: [engine:junit-jupiter]/[class:minebayd1.test.TestClassifiedAd]/[test-template:testgetDate(minebayd1.ClassifiedAd)]/[test-template-invocation:#52]
display-name: [52] L'annonce correspond à Annonce n°334 from Marcel crée le 2024-11-04T21:03:50.179743592Z et correpoond à BOOKS et est à 54euros
]]></system-out>
</testcase>
<testcase name="testgetDate(ClassifiedAd)[53]" classname="minebayd1.test.TestClassifiedAd" time="0">
<system-out><![CDATA[
unique-id: [engine:junit-jupiter]/[class:minebayd1.test.TestClassifiedAd]/[test-template:testgetDate(minebayd1.ClassifiedAd)]/[test-template-invocation:#53]
display-name: [53] L'annonce correspond à Annonce n°202 from Rosa crée le 2024-11-04T21:03:50.180483231Z et correpoond à BOOKS et est à 72euros
]]></system-out>
</testcase>
<testcase name="testgetDate(ClassifiedAd)[54]" classname="minebayd1.test.TestClassifiedAd" time="0">
<system-out><![CDATA[
unique-id: [engine:junit-jupiter]/[class:minebayd1.test.TestClassifiedAd]/[test-template:testgetDate(minebayd1.ClassifiedAd)]/[test-template-invocation:#54]
display-name: [54] L'annonce correspond à Annonce n°262 from Ismael crée le 2024-11-04T21:03:50.180116745Z et correpoond à GAMES et est à 70euros
]]></system-out>
</testcase>
<testcase name="testgetDate(ClassifiedAd)[55]" classname="minebayd1.test.TestClassifiedAd" time="0">
<system-out><![CDATA[
unique-id: [engine:junit-jupiter]/[class:minebayd1.test.TestClassifiedAd]/[test-template:testgetDate(minebayd1.ClassifiedAd)]/[test-template-invocation:#55]
display-name: [55] L'annonce correspond à Annonce n°1091 from Imam crée le 2024-11-04T21:03:50.169917697Z et correpoond à GAMES et est à 33euros
]]></system-out>
</testcase>
<testcase name="testgetDate(ClassifiedAd)[56]" classname="minebayd1.test.TestClassifiedAd" time="0">
<system-out><![CDATA[
unique-id: [engine:junit-jupiter]/[class:minebayd1.test.TestClassifiedAd]/[test-template:testgetDate(minebayd1.ClassifiedAd)]/[test-template-invocation:#56]
display-name: [56] L'annonce correspond à Annonce n°1351 from Ziad crée le 2024-11-04T21:03:50.165170002Z et correpoond à BOOKS et est à 80euros
]]></system-out>
</testcase>
<testcase name="testgetDate(ClassifiedAd)[57]" classname="minebayd1.test.TestClassifiedAd" time="0">
<system-out><![CDATA[
unique-id: [engine:junit-jupiter]/[class:minebayd1.test.TestClassifiedAd]/[test-template:testgetDate(minebayd1.ClassifiedAd)]/[test-template-invocation:#57]
display-name: [57] L'annonce correspond à Annonce n°1443 from Sheraz crée le 2024-11-04T21:03:50.162814281Z et correpoond à GAMES et est à 54euros
]]></system-out>
</testcase>
<testcase name="testgetDate(ClassifiedAd)[58]" classname="minebayd1.test.TestClassifiedAd" time="0">
<system-out><![CDATA[
unique-id: [engine:junit-jupiter]/[class:minebayd1.test.TestClassifiedAd]/[test-template:testgetDate(minebayd1.ClassifiedAd)]/[test-template-invocation:#58]
display-name: [58] L'annonce correspond à Annonce n°1116 from Issa crée le 2024-11-04T21:03:50.169548041Z et correpoond à CLOTHES et est à 84euros
]]></system-out>
</testcase>
<testcase name="testgetDate(ClassifiedAd)[59]" classname="minebayd1.test.TestClassifiedAd" time="0">
<system-out><![CDATA[
unique-id: [engine:junit-jupiter]/[class:minebayd1.test.TestClassifiedAd]/[test-template:testgetDate(minebayd1.ClassifiedAd)]/[test-template-invocation:#59]
display-name: [59] L'annonce correspond à Annonce n°3 from Nima crée le 2024-11-04T21:03:50.181745042Z et correpoond à GAMES et est à 29euros
]]></system-out>
</testcase>
<testcase name="testgetDate(ClassifiedAd)[60]" classname="minebayd1.test.TestClassifiedAd" time="0">
<system-out><![CDATA[
unique-id: [engine:junit-jupiter]/[class:minebayd1.test.TestClassifiedAd]/[test-template:testgetDate(minebayd1.ClassifiedAd)]/[test-template-invocation:#60]
display-name: [60] L'annonce correspond à Annonce n°1148 from Sheraz crée le 2024-11-04T21:03:50.168564138Z et correpoond à SHOES et est à 33euros
]]></system-out>
</testcase>
<testcase name="testgetDate(ClassifiedAd)[61]" classname="minebayd1.test.TestClassifiedAd" time="0">
<system-out><![CDATA[
unique-id: [engine:junit-jupiter]/[class:minebayd1.test.TestClassifiedAd]/[test-template:testgetDate(minebayd1.ClassifiedAd)]/[test-template-invocation:#61]
display-name: [61] L'annonce correspond à Annonce n°1224 from Faycal crée le 2024-11-04T21:03:50.167189837Z et correpoond à BOOKS et est à 9euros
]]></system-out>
</testcase>
<testcase name="testgetDate(ClassifiedAd)[62]" classname="minebayd1.test.TestClassifiedAd" time="0">
<system-out><![CDATA[
unique-id: [engine:junit-jupiter]/[class:minebayd1.test.TestClassifiedAd]/[test-template:testgetDate(minebayd1.ClassifiedAd)]/[test-template-invocation:#62]
display-name: [62] L'annonce correspond à Annonce n°378 from Boris crée le 2024-11-04T21:03:50.179507862Z et correpoond à CLOTHES et est à 96euros
]]></system-out>
</testcase>
<testcase name="testgetDate(ClassifiedAd)[63]" classname="minebayd1.test.TestClassifiedAd" time="0">
<system-out><![CDATA[
unique-id: [engine:junit-jupiter]/[class:minebayd1.test.TestClassifiedAd]/[test-template:testgetDate(minebayd1.ClassifiedAd)]/[test-template-invocation:#63]
display-name: [63] L'annonce correspond à Annonce n°777 from Mamadou crée le 2024-11-04T21:03:50.175748995Z et correpoond à COMPUTERS et est à 48euros
]]></system-out>
</testcase>
<testcase name="testgetDate(ClassifiedAd)[64]" classname="minebayd1.test.TestClassifiedAd" time="0">
<system-out><![CDATA[
unique-id: [engine:junit-jupiter]/[class:minebayd1.test.TestClassifiedAd]/[test-template:testgetDate(minebayd1.ClassifiedAd)]/[test-template-invocation:#64]
display-name: [64] L'annonce correspond à Annonce n°1273 from Marcel crée le 2024-11-04T21:03:50.166333936Z et correpoond à CLOTHES et est à 35euros
]]></system-out>
</testcase>
<testcase name="testgetDate(ClassifiedAd)[65]" classname="minebayd1.test.TestClassifiedAd" time="0">
<system-out><![CDATA[
unique-id: [engine:junit-jupiter]/[class:minebayd1.test.TestClassifiedAd]/[test-template:testgetDate(minebayd1.ClassifiedAd)]/[test-template-invocation:#65]
display-name: [65] L'annonce correspond à Annonce n°711 from Mamadou crée le 2024-11-04T21:03:50.177498988Z et correpoond à COMPUTERS et est à 26euros
]]></system-out>
</testcase>
<testcase name="testgetDate(ClassifiedAd)[66]" classname="minebayd1.test.TestClassifiedAd" time="0">
<system-out><![CDATA[
unique-id: [engine:junit-jupiter]/[class:minebayd1.test.TestClassifiedAd]/[test-template:testgetDate(minebayd1.ClassifiedAd)]/[test-template-invocation:#66]
display-name: [66] L'annonce correspond à Annonce n°423 from Lyes crée le 2024-11-04T21:03:50.179273155Z et correpoond à CLOTHES et est à 94euros
]]></system-out>
</testcase>
<testcase name="testgetDate(ClassifiedAd)[67]" classname="minebayd1.test.TestClassifiedAd" time="0">
<system-out><![CDATA[
unique-id: [engine:junit-jupiter]/[class:minebayd1.test.TestClassifiedAd]/[test-template:testgetDate(minebayd1.ClassifiedAd)]/[test-template-invocation:#67]
display-name: [67] L'annonce correspond à Annonce n°404 from Lamia crée le 2024-11-04T21:03:50.179371962Z et correpoond à CLOTHES et est à 82euros
]]></system-out>
</testcase>
<testcase name="testgetDate(ClassifiedAd)[68]" classname="minebayd1.test.TestClassifiedAd" time="0">
<system-out><![CDATA[
unique-id: [engine:junit-jupiter]/[class:minebayd1.test.TestClassifiedAd]/[test-template:testgetDate(minebayd1.ClassifiedAd)]/[test-template-invocation:#68]
display-name: [68] L'annonce correspond à Annonce n°1415 from Imam crée le 2024-11-04T21:03:50.163793960Z et correpoond à SHOES et est à 40euros
]]></system-out>
</testcase>
<testcase name="testgetDate(ClassifiedAd)[69]" classname="minebayd1.test.TestClassifiedAd" time="0">
<system-out><![CDATA[
unique-id: [engine:junit-jupiter]/[class:minebayd1.test.TestClassifiedAd]/[test-template:testgetDate(minebayd1.ClassifiedAd)]/[test-template-invocation:#69]
display-name: [69] L'annonce correspond à Annonce n°368 from Zahra crée le 2024-11-04T21:03:50.179559446Z et correpoond à COMPUTERS et est à 64euros
]]></system-out>
</testcase>
<testcase name="testgetDate(ClassifiedAd)[70]" classname="minebayd1.test.TestClassifiedAd" time="0">
<system-out><![CDATA[
unique-id: [engine:junit-jupiter]/[class:minebayd1.test.TestClassifiedAd]/[test-template:testgetDate(minebayd1.ClassifiedAd)]/[test-template-invocation:#70]
display-name: [70] L'annonce correspond à Annonce n°1215 from Marcel crée le 2024-11-04T21:03:50.167301379Z et correpoond à GAMES et est à 88euros
]]></system-out>
</testcase>
<testcase name="testgetDate(ClassifiedAd)[71]" classname="minebayd1.test.TestClassifiedAd" time="0">
<system-out><![CDATA[
unique-id: [engine:junit-jupiter]/[class:minebayd1.test.TestClassifiedAd]/[test-template:testgetDate(minebayd1.ClassifiedAd)]/[test-template-invocation:#71]
display-name: [71] L'annonce correspond à Annonce n°1060 from Sonia crée le 2024-11-04T21:03:50.170421124Z et correpoond à COMPUTERS et est à 6euros
]]></system-out>
</testcase>
<testcase name="testgetDate(ClassifiedAd)[72]" classname="minebayd1.test.TestClassifiedAd" time="0">
<system-out><![CDATA[
unique-id: [engine:junit-jupiter]/[class:minebayd1.test.TestClassifiedAd]/[test-template:testgetDate(minebayd1.ClassifiedAd)]/[test-template-invocation:#72]
display-name: [72] L'annonce correspond à Annonce n°1277 from Lisa crée le 2024-11-04T21:03:50.166271946Z et correpoond à COMPUTERS et est à 21euros
]]></system-out>
</testcase>
<testcase name="testgetDate(ClassifiedAd)[73]" classname="minebayd1.test.TestClassifiedAd" time="0">
<system-out><![CDATA[
unique-id: [engine:junit-jupiter]/[class:minebayd1.test.TestClassifiedAd]/[test-template:testgetDate(minebayd1.ClassifiedAd)]/[test-template-invocation:#73]
display-name: [73] L'annonce correspond à Annonce n°784 from Lisa crée le 2024-11-04T21:03:50.175666101Z et correpoond à GAMES et est à 56euros
]]></system-out>
</testcase>
<testcase name="testgetDate(ClassifiedAd)[74]" classname="minebayd1.test.TestClassifiedAd" time="0">
<system-out><![CDATA[
unique-id: [engine:junit-jupiter]/[class:minebayd1.test.TestClassifiedAd]/[test-template:testgetDate(minebayd1.ClassifiedAd)]/[test-template-invocation:#74]
display-name: [74] L'annonce correspond à Annonce n°1478 from Issa crée le 2024-11-04T21:03:50.161919916Z et correpoond à CLOTHES et est à 55euros
]]></system-out>
</testcase>
<testcase name="testgetDate(ClassifiedAd)[75]" classname="minebayd1.test.TestClassifiedAd" time="0">
<system-out><![CDATA[
unique-id: [engine:junit-jupiter]/[class:minebayd1.test.TestClassifiedAd]/[test-template:testgetDate(minebayd1.ClassifiedAd)]/[test-template-invocation:#75]
display-name: [75] L'annonce correspond à Annonce n°631 from Mohamed crée le 2024-11-04T21:03:50.178179142Z et correpoond à BOOKS et est à 26euros
]]></system-out>
</testcase>
<testcase name="testgetDate(ClassifiedAd)[76]" classname="minebayd1.test.TestClassifiedAd" time="0">
<system-out><![CDATA[
unique-id: [engine:junit-jupiter]/[class:minebayd1.test.TestClassifiedAd]/[test-template:testgetDate(minebayd1.ClassifiedAd)]/[test-template-invocation:#76]
display-name: [76] L'annonce correspond à Annonce n°1222 from Mohamed crée le 2024-11-04T21:03:50.167214507Z et correpoond à COMPUTERS et est à 54euros
]]></system-out>
</testcase>
<testcase name="testgetDate(ClassifiedAd)[77]" classname="minebayd1.test.TestClassifiedAd" time="0">
<system-out><![CDATA[
unique-id: [engine:junit-jupiter]/[class:minebayd1.test.TestClassifiedAd]/[test-template:testgetDate(minebayd1.ClassifiedAd)]/[test-template-invocation:#77]
display-name: [77] L'annonce correspond à Annonce n°161 from Mounir crée le 2024-11-04T21:03:50.180815152Z et correpoond à CLOTHES et est à 92euros
]]></system-out>
</testcase>
<testcase name="testgetDate(ClassifiedAd)[78]" classname="minebayd1.test.TestClassifiedAd" time="0">
<system-out><![CDATA[
unique-id: [engine:junit-jupiter]/[class:minebayd1.test.TestClassifiedAd]/[test-template:testgetDate(minebayd1.ClassifiedAd)]/[test-template-invocation:#78]
display-name: [78] L'annonce correspond à Annonce n°534 from Ziad crée le 2024-11-04T21:03:50.178753905Z et correpoond à BOOKS et est à 86euros
]]></system-out>
</testcase>
<testcase name="testgetDate(ClassifiedAd)[79]" classname="minebayd1.test.TestClassifiedAd" time="0">
<system-out><![CDATA[
unique-id: [engine:junit-jupiter]/[class:minebayd1.test.TestClassifiedAd]/[test-template:testgetDate(minebayd1.ClassifiedAd)]/[test-template-invocation:#79]
display-name: [79] L'annonce correspond à Annonce n°1259 from Lyes crée le 2024-11-04T21:03:50.166479164Z et correpoond à CLOTHES et est à 59euros
]]></system-out>
</testcase>
<testcase name="testgetDate(ClassifiedAd)[80]" classname="minebayd1.test.TestClassifiedAd" time="0">
<system-out><![CDATA[
unique-id: [engine:junit-jupiter]/[class:minebayd1.test.TestClassifiedAd]/[test-template:testgetDate(minebayd1.ClassifiedAd)]/[test-template-invocation:#80]
display-name: [80] L'annonce correspond à Annonce n°323 from Ismael crée le 2024-11-04T21:03:50.179801283Z et correpoond à GAMES et est à 85euros
]]></system-out>
</testcase>
<testcase name="testgetDate(ClassifiedAd)[81]" classname="minebayd1.test.TestClassifiedAd" time="0">
<system-out><![CDATA[
unique-id: [engine:junit-jupiter]/[class:minebayd1.test.TestClassifiedAd]/[test-template:testgetDate(minebayd1.ClassifiedAd)]/[test-template-invocation:#81]
display-name: [81] L'annonce correspond à Annonce n°591 from Aliou crée le 2024-11-04T21:03:50.178502934Z et correpoond à SHOES et est à 33euros
]]></system-out>
</testcase>
<testcase name="testgetDate(ClassifiedAd)[82]" classname="minebayd1.test.TestClassifiedAd" time="0">
<system-out><![CDATA[
unique-id: [engine:junit-jupiter]/[class:minebayd1.test.TestClassifiedAd]/[test-template:testgetDate(minebayd1.ClassifiedAd)]/[test-template-invocation:#82]
display-name: [82] L'annonce correspond à Annonce n°151 from Sheraz crée le 2024-11-04T21:03:50.180893983Z et correpoond à COMPUTERS et est à 83euros
]]></system-out>
</testcase>
<testcase name="testgetDate(ClassifiedAd)[83]" classname="minebayd1.test.TestClassifiedAd" time="0">
<system-out><![CDATA[
unique-id: [engine:junit-jupiter]/[class:minebayd1.test.TestClassifiedAd]/[test-template:testgetDate(minebayd1.ClassifiedAd)]/[test-template-invocation:#83]
display-name: [83] L'annonce correspond à Annonce n°594 from Aliou crée le 2024-11-04T21:03:50.178417094Z et correpoond à BOOKS et est à 90euros
]]></system-out>
</testcase>
<testcase name="testgetDate(ClassifiedAd)[84]" classname="minebayd1.test.TestClassifiedAd" time="0">
<system-out><![CDATA[
unique-id: [engine:junit-jupiter]/[class:minebayd1.test.TestClassifiedAd]/[test-template:testgetDate(minebayd1.ClassifiedAd)]/[test-template-invocation:#84]
display-name: [84] L'annonce correspond à Annonce n°386 from Mohamed crée le 2024-11-04T21:03:50.179466099Z et correpoond à COMPUTERS et est à 72euros
]]></system-out>
</testcase>
<testcase name="testgetDate(ClassifiedAd)[85]" classname="minebayd1.test.TestClassifiedAd" time="0">
<system-out><![CDATA[
unique-id: [engine:junit-jupiter]/[class:minebayd1.test.TestClassifiedAd]/[test-template:testgetDate(minebayd1.ClassifiedAd)]/[test-template-invocation:#85]
display-name: [85] L'annonce correspond à Annonce n°1265 from Zahra crée le 2024-11-04T21:03:50.166415761Z et correpoond à CLOTHES et est à 56euros
]]></system-out>
</testcase>
<testcase name="testgetDate(ClassifiedAd)[86]" classname="minebayd1.test.TestClassifiedAd" time="0">
<system-out><![CDATA[
unique-id: [engine:junit-jupiter]/[class:minebayd1.test.TestClassifiedAd]/[test-template:testgetDate(minebayd1.ClassifiedAd)]/[test-template-invocation:#86]
display-name: [86] L'annonce correspond à Annonce n°1485 from Ali crée le 2024-11-04T21:03:50.161562745Z et correpoond à COMPUTERS et est à 8euros
]]></system-out>
</testcase>
<testcase name="testgetDate(ClassifiedAd)[87]" classname="minebayd1.test.TestClassifiedAd" time="0">
<system-out><![CDATA[
unique-id: [engine:junit-jupiter]/[class:minebayd1.test.TestClassifiedAd]/[test-template:testgetDate(minebayd1.ClassifiedAd)]/[test-template-invocation:#87]
display-name: [87] L'annonce correspond à Annonce n°231 from Ziad crée le 2024-11-04T21:03:50.180276931Z et correpoond à BOOKS et est à 15euros
]]></system-out>
</testcase>
<testcase name="testgetDate(ClassifiedAd)[88]" classname="minebayd1.test.TestClassifiedAd" time="0">
<system-out><![CDATA[
unique-id: [engine:junit-jupiter]/[class:minebayd1.test.TestClassifiedAd]/[test-template:testgetDate(minebayd1.ClassifiedAd)]/[test-template-invocation:#88]
display-name: [88] L'annonce correspond à Annonce n°143 from Ismael crée le 2024-11-04T21:03:50.180956265Z et correpoond à GAMES et est à 32euros
]]></system-out>
</testcase>
<testcase name="testgetDate(ClassifiedAd)[89]" classname="minebayd1.test.TestClassifiedAd" time="0">
<system-out><![CDATA[
unique-id: [engine:junit-jupiter]/[class:minebayd1.test.TestClassifiedAd]/[test-template:testgetDate(minebayd1.ClassifiedAd)]/[test-template-invocation:#89]
display-name: [89] L'annonce correspond à Annonce n°885 from Chanez crée le 2024-11-04T21:03:50.173858425Z et correpoond à CLOTHES et est à 68euros
]]></system-out>
</testcase>
<testcase name="testgetDate(ClassifiedAd)[90]" classname="minebayd1.test.TestClassifiedAd" time="0">
<system-out><![CDATA[
unique-id: [engine:junit-jupiter]/[class:minebayd1.test.TestClassifiedAd]/[test-template:testgetDate(minebayd1.ClassifiedAd)]/[test-template-invocation:#90]
display-name: [90] L'annonce correspond à Annonce n°1266 from Ismael crée le 2024-11-04T21:03:50.166405800Z et correpoond à SHOES et est à 67euros
]]></system-out>
</testcase>
<testcase name="testgetDate(ClassifiedAd)[91]" classname="minebayd1.test.TestClassifiedAd" time="0">
<system-out><![CDATA[
unique-id: [engine:junit-jupiter]/[class:minebayd1.test.TestClassifiedAd]/[test-template:testgetDate(minebayd1.ClassifiedAd)]/[test-template-invocation:#91]
display-name: [91] L'annonce correspond à Annonce n°981 from Naila crée le 2024-11-04T21:03:50.172511530Z et correpoond à CLOTHES et est à 69euros
]]></system-out>
</testcase>
<testcase name="testgetDate(ClassifiedAd)[92]" classname="minebayd1.test.TestClassifiedAd" time="0">
<system-out><![CDATA[
unique-id: [engine:junit-jupiter]/[class:minebayd1.test.TestClassifiedAd]/[test-template:testgetDate(minebayd1.ClassifiedAd)]/[test-template-invocation:#92]
display-name: [92] L'annonce correspond à Annonce n°353 from Lyes crée le 2024-11-04T21:03:50.179636956Z et correpoond à COMPUTERS et est à 49euros
]]></system-out>
</testcase>
<testcase name="testgetDate(ClassifiedAd)[93]" classname="minebayd1.test.TestClassifiedAd" time="0">
<system-out><![CDATA[
unique-id: [engine:junit-jupiter]/[class:minebayd1.test.TestClassifiedAd]/[test-template:testgetDate(minebayd1.ClassifiedAd)]/[test-template-invocation:#93]
display-name: [93] L'annonce correspond à Annonce n°491 from Lisa crée le 2024-11-04T21:03:50.178922709Z et correpoond à CLOTHES et est à 30euros
]]></system-out>
</testcase>
<testcase name="testgetDate(ClassifiedAd)[94]" classname="minebayd1.test.TestClassifiedAd" time="0">
<system-out><![CDATA[
unique-id: [engine:junit-jupiter]/[class:minebayd1.test.TestClassifiedAd]/[test-template:testgetDate(minebayd1.ClassifiedAd)]/[test-template-invocation:#94]
display-name: [94] L'annonce correspond à Annonce n°1008 from Boris crée le 2024-11-04T21:03:50.171064041Z et correpoond à CLOTHES et est à 19euros
]]></system-out>
</testcase>
<testcase name="testgetDate(ClassifiedAd)[95]" classname="minebayd1.test.TestClassifiedAd" time="0">
<system-out><![CDATA[
unique-id: [engine:junit-jupiter]/[class:minebayd1.test.TestClassifiedAd]/[test-template:testgetDate(minebayd1.ClassifiedAd)]/[test-template-invocation:#95]
display-name: [95] L'annonce correspond à Annonce n°568 from Mamadou crée le 2024-11-04T21:03:50.178611156Z et correpoond à COMPUTERS et est à 27euros
]]></system-out>
</testcase>
<testcase name="testgetDate(ClassifiedAd)[96]" classname="minebayd1.test.TestClassifiedAd" time="0">
<system-out><![CDATA[
unique-id: [engine:junit-jupiter]/[class:minebayd1.test.TestClassifiedAd]/[test-template:testgetDate(minebayd1.ClassifiedAd)]/[test-template-invocation:#96]
display-name: [96] L'annonce correspond à Annonce n°183 from Rosa crée le 2024-11-04T21:03:50.180623513Z et correpoond à CLOTHES et est à 18euros
]]></system-out>
</testcase>
<testcase name="testgetDate(ClassifiedAd)[97]" classname="minebayd1.test.TestClassifiedAd" time="0">
<system-out><![CDATA[
unique-id: [engine:junit-jupiter]/[class:minebayd1.test.TestClassifiedAd]/[test-template:testgetDate(minebayd1.ClassifiedAd)]/[test-template-invocation:#97]
display-name: [97] L'annonce correspond à Annonce n°11 from Mamadou crée le 2024-11-04T21:03:50.181712271Z et correpoond à CLOTHES et est à 26euros
]]></system-out>
</testcase>
<testcase name="testgetDate(ClassifiedAd)[98]" classname="minebayd1.test.TestClassifiedAd" time="0">
<system-out><![CDATA[
unique-id: [engine:junit-jupiter]/[class:minebayd1.test.TestClassifiedAd]/[test-template:testgetDate(minebayd1.ClassifiedAd)]/[test-template-invocation:#98]
display-name: [98] L'annonce correspond à Annonce n°1101 from Rosa crée le 2024-11-04T21:03:50.169770838Z et correpoond à CLOTHES et est à 7euros
]]></system-out>
</testcase>
<testcase name="testgetDate(ClassifiedAd)[99]" classname="minebayd1.test.TestClassifiedAd" time="0">
<system-out><![CDATA[
unique-id: [engine:junit-jupiter]/[class:minebayd1.test.TestClassifiedAd]/[test-template:testgetDate(minebayd1.ClassifiedAd)]/[test-template-invocation:#99]
display-name: [99] L'annonce correspond à Annonce n°538 from Mounir crée le 2024-11-04T21:03:50.178738063Z et correpoond à COMPUTERS et est à 59euros
]]></system-out>
</testcase>
<testcase name="testgetDate(ClassifiedAd)[100]" classname="minebayd1.test.TestClassifiedAd" time="0">
<system-out><![CDATA[
unique-id: [engine:junit-jupiter]/[class:minebayd1.test.TestClassifiedAd]/[test-template:testgetDate(minebayd1.ClassifiedAd)]/[test-template-invocation:#100]
display-name: [100] L'annonce correspond à Annonce n°890 from Lisa crée le 2024-11-04T21:03:50.173800280Z et correpoond à BOOKS et est à 29euros
]]></system-out>
</testcase>
<testcase name="testequals(ClassifiedAd, Object)[1]" classname="minebayd1.test.TestClassifiedAd" time="0">
<system-out><![CDATA[
unique-id: [engine:junit-jupiter]/[class:minebayd1.test.TestClassifiedAd]/[test-template:testequals(minebayd1.ClassifiedAd, java.lang.Object)]/[test-template-invocation:#1]
display-name: [1] L'annonce correspond à Annonce n°992 from Marcel crée le 2024-11-04T21:03:50.171243666Z et correpoond à BOOKS et est à 35euros, L'annonce correspond à Annonce n°572 from Ziad crée le 2024-11-04T21:03:50.178595095Z et correpoond à BOOKS et est à 58euros
]]></system-out>
</testcase>
<testcase name="testequals(ClassifiedAd, Object)[2]" classname="minebayd1.test.TestClassifiedAd" time="0">
<system-out><![CDATA[
unique-id: [engine:junit-jupiter]/[class:minebayd1.test.TestClassifiedAd]/[test-template:testequals(minebayd1.ClassifiedAd, java.lang.Object)]/[test-template-invocation:#2]
display-name: [2] L'annonce correspond à Annonce n°246 from Ayman crée le 2024-11-04T21:03:50.180199841Z et correpoond à COMPUTERS et est à 59euros, L'annonce correspond à Annonce n°415 from Mohamed crée le 2024-11-04T21:03:50.179314132Z et correpoond à BOOKS et est à 98euros
]]></system-out>
</testcase>
<testcase name="testequals(ClassifiedAd, Object)[3]" classname="minebayd1.test.TestClassifiedAd" time="0">
<system-out><![CDATA[
unique-id: [engine:junit-jupiter]/[class:minebayd1.test.TestClassifiedAd]/[test-template:testequals(minebayd1.ClassifiedAd, java.lang.Object)]/[test-template-invocation:#3]
display-name: [3] L'annonce correspond à Annonce n°364 from Mohamed crée le 2024-11-04T21:03:50.179580027Z et correpoond à SHOES et est à 100euros, L'annonce correspond à Annonce n°362 from Adam crée le 2024-11-04T21:03:50.179590333Z et correpoond à GAMES et est à 75euros
]]></system-out>
</testcase>
<testcase name="testequals(ClassifiedAd, Object)[4]" classname="minebayd1.test.TestClassifiedAd" time="0">
<system-out><![CDATA[
unique-id: [engine:junit-jupiter]/[class:minebayd1.test.TestClassifiedAd]/[test-template:testequals(minebayd1.ClassifiedAd, java.lang.Object)]/[test-template-invocation:#4]
display-name: [4] L'annonce correspond à Annonce n°397 from Marcel crée le 2024-11-04T21:03:50.179407629Z et correpoond à SHOES et est à 100euros, L'annonce correspond à Annonce n°103 from Ayman crée le 2024-11-04T21:03:50.181245856Z et correpoond à GAMES et est à 30euros
]]></system-out>
</testcase>
<testcase name="testequals(ClassifiedAd, Object)[5]" classname="minebayd1.test.TestClassifiedAd" time="0">
<system-out><![CDATA[
unique-id: [engine:junit-jupiter]/[class:minebayd1.test.TestClassifiedAd]/[test-template:testequals(minebayd1.ClassifiedAd, java.lang.Object)]/[test-template-invocation:#5]
display-name: [5] L'annonce correspond à Annonce n°717 from Ayman crée le 2024-11-04T21:03:50.177433171Z et correpoond à SHOES et est à 92euros, L'annonce correspond à Annonce n°23 from Pierre crée le 2024-11-04T21:03:50.181640506Z et correpoond à SHOES et est à 24euros
]]></system-out>
</testcase>
<testcase name="testequals(ClassifiedAd, Object)[6]" classname="minebayd1.test.TestClassifiedAd" time="0">
<system-out><![CDATA[
unique-id: [engine:junit-jupiter]/[class:minebayd1.test.TestClassifiedAd]/[test-template:testequals(minebayd1.ClassifiedAd, java.lang.Object)]/[test-template-invocation:#6]
display-name: [6] L'annonce correspond à Annonce n°964 from Adam crée le 2024-11-04T21:03:50.172722Z et correpoond à COMPUTERS et est à 39euros, L'annonce correspond à Annonce n°597 from Imam crée le 2024-11-04T21:03:50.178400079Z et correpoond à CLOTHES et est à 15euros
]]></system-out>
</testcase>
<testcase name="testequals(ClassifiedAd, Object)[7]" classname="minebayd1.test.TestClassifiedAd" time="0">
<system-out><![CDATA[
unique-id: [engine:junit-jupiter]/[class:minebayd1.test.TestClassifiedAd]/[test-template:testequals(minebayd1.ClassifiedAd, java.lang.Object)]/[test-template-invocation:#7]
display-name: [7] L'annonce correspond à Annonce n°292 from Adam crée le 2024-11-04T21:03:50.179962324Z et correpoond à BOOKS et est à 4euros, L'annonce correspond à Annonce n°100 from Issa crée le 2024-11-04T21:03:50.181261487Z et correpoond à CLOTHES et est à 15euros
]]></system-out>
</testcase>
<testcase name="testequals(ClassifiedAd, Object)[8]" classname="minebayd1.test.TestClassifiedAd" time="0">
<system-out><![CDATA[
unique-id: [engine:junit-jupiter]/[class:minebayd1.test.TestClassifiedAd]/[test-template:testequals(minebayd1.ClassifiedAd, java.lang.Object)]/[test-template-invocation:#8]
display-name: [8] L'annonce correspond à Annonce n°1343 from Aliou crée le 2024-11-04T21:03:50.165305021Z et correpoond à CLOTHES et est à 99euros, L'annonce correspond à Annonce n°955 from Sheraz crée le 2024-11-04T21:03:50.172829008Z et correpoond à GAMES et est à 32euros
]]></system-out>
</testcase>
<testcase name="testequals(ClassifiedAd, Object)[9]" classname="minebayd1.test.TestClassifiedAd" time="0">
<system-out><![CDATA[
unique-id: [engine:junit-jupiter]/[class:minebayd1.test.TestClassifiedAd]/[test-template:testequals(minebayd1.ClassifiedAd, java.lang.Object)]/[test-template-invocation:#9]
display-name: [9] L'annonce correspond à Annonce n°206 from Ismael crée le 2024-11-04T21:03:50.180451110Z et correpoond à COMPUTERS et est à 19euros, L'annonce correspond à Annonce n°1405 from Mohamed crée le 2024-11-04T21:03:50.163985621Z et correpoond à GAMES et est à 61euros
]]></system-out>
</testcase>
<testcase name="testequals(ClassifiedAd, Object)[10]" classname="minebayd1.test.TestClassifiedAd" time="0">
<system-out><![CDATA[
unique-id: [engine:junit-jupiter]/[class:minebayd1.test.TestClassifiedAd]/[test-template:testequals(minebayd1.ClassifiedAd, java.lang.Object)]/[test-template-invocation:#10]
display-name: [10] L'annonce correspond à Annonce n°1186 from Ali crée le 2024-11-04T21:03:50.167735643Z et correpoond à COMPUTERS et est à 21euros, L'annonce correspond à Annonce n°310 from Adam crée le 2024-11-04T21:03:50.179868346Z et correpoond à BOOKS et est à 1euros
]]></system-out>
</testcase>
<testcase name="testequals(ClassifiedAd, Object)[11]" classname="minebayd1.test.TestClassifiedAd" time="0">
<system-out><![CDATA[
unique-id: [engine:junit-jupiter]/[class:minebayd1.test.TestClassifiedAd]/[test-template:testequals(minebayd1.ClassifiedAd, java.lang.Object)]/[test-template-invocation:#11]
display-name: [11] L'annonce correspond à Annonce n°1373 from Adam crée le 2024-11-04T21:03:50.164489158Z et correpoond à COMPUTERS et est à 13euros, L'annonce correspond à Annonce n°1067 from Ayman crée le 2024-11-04T21:03:50.170343090Z et correpoond à BOOKS et est à 44euros
]]></system-out>
</testcase>
<testcase name="testequals(ClassifiedAd, Object)[12]" classname="minebayd1.test.TestClassifiedAd" time="0">
<system-out><![CDATA[
unique-id: [engine:junit-jupiter]/[class:minebayd1.test.TestClassifiedAd]/[test-template:testequals(minebayd1.ClassifiedAd, java.lang.Object)]/[test-template-invocation:#12]
display-name: [12] L'annonce correspond à Annonce n°842 from Aliou crée le 2024-11-04T21:03:50.174598908Z et correpoond à CLOTHES et est à 8euros, L'annonce correspond à Annonce n°1094 from Yanis crée le 2024-11-04T21:03:50.169870409Z et correpoond à SHOES et est à 57euros
]]></system-out>
</testcase>
<testcase name="testequals(ClassifiedAd, Object)[13]" classname="minebayd1.test.TestClassifiedAd" time="0">
<system-out><![CDATA[
unique-id: [engine:junit-jupiter]/[class:minebayd1.test.TestClassifiedAd]/[test-template:testequals(minebayd1.ClassifiedAd, java.lang.Object)]/[test-template-invocation:#13]
display-name: [13] L'annonce correspond à Annonce n°31 from Mounir crée le 2024-11-04T21:03:50.181605198Z et correpoond à CLOTHES et est à 45euros, L'annonce correspond à Annonce n°467 from Ziad crée le 2024-11-04T21:03:50.179021091Z et correpoond à COMPUTERS et est à 47euros
]]></system-out>
</testcase>
<testcase name="testequals(ClassifiedAd, Object)[14]" classname="minebayd1.test.TestClassifiedAd" time="0">
<system-out><![CDATA[
unique-id: [engine:junit-jupiter]/[class:minebayd1.test.TestClassifiedAd]/[test-template:testequals(minebayd1.ClassifiedAd, java.lang.Object)]/[test-template-invocation:#14]
display-name: [14] L'annonce correspond à Annonce n°774 from Chanez crée le 2024-11-04T21:03:50.175782871Z et correpoond à BOOKS et est à 39euros, L'annonce correspond à Annonce n°943 from Issa crée le 2024-11-04T21:03:50.172973638Z et correpoond à CLOTHES et est à 7euros
]]></system-out>
</testcase>
<testcase name="testequals(ClassifiedAd, Object)[15]" classname="minebayd1.test.TestClassifiedAd" time="0">
<system-out><![CDATA[
unique-id: [engine:junit-jupiter]/[class:minebayd1.test.TestClassifiedAd]/[test-template:testequals(minebayd1.ClassifiedAd, java.lang.Object)]/[test-template-invocation:#15]
display-name: [15] L'annonce correspond à Annonce n°1372 from Lamia crée le 2024-11-04T21:03:50.164564238Z et correpoond à COMPUTERS et est à 66euros, L'annonce correspond à Annonce n°416 from Lyes crée le 2024-11-04T21:03:50.179309039Z et correpoond à SHOES et est à 49euros
]]></system-out>
</testcase>
<testcase name="testequals(ClassifiedAd, Object)[16]" classname="minebayd1.test.TestClassifiedAd" time="0.001">
<system-out><![CDATA[
unique-id: [engine:junit-jupiter]/[class:minebayd1.test.TestClassifiedAd]/[test-template:testequals(minebayd1.ClassifiedAd, java.lang.Object)]/[test-template-invocation:#16]
display-name: [16] L'annonce correspond à Annonce n°1209 from Mohamed crée le 2024-11-04T21:03:50.167391148Z et correpoond à SHOES et est à 56euros, L'annonce correspond à Annonce n°704 from Lyes crée le 2024-11-04T21:03:50.177568819Z et correpoond à CLOTHES et est à 67euros
]]></system-out>
</testcase>
<testcase name="testequals(ClassifiedAd, Object)[17]" classname="minebayd1.test.TestClassifiedAd" time="0">
<system-out><![CDATA[
unique-id: [engine:junit-jupiter]/[class:minebayd1.test.TestClassifiedAd]/[test-template:testequals(minebayd1.ClassifiedAd, java.lang.Object)]/[test-template-invocation:#17]
display-name: [17] L'annonce correspond à Annonce n°201 from Yanis crée le 2024-11-04T21:03:50.180491291Z et correpoond à COMPUTERS et est à 14euros, L'annonce correspond à Annonce n°887 from Imam crée le 2024-11-04T21:03:50.173834978Z et correpoond à SHOES et est à 74euros
]]></system-out>
</testcase>
<testcase name="testequals(ClassifiedAd, Object)[18]" classname="minebayd1.test.TestClassifiedAd" time="0">
<system-out><![CDATA[
unique-id: [engine:junit-jupiter]/[class:minebayd1.test.TestClassifiedAd]/[test-template:testequals(minebayd1.ClassifiedAd, java.lang.Object)]/[test-template-invocation:#18]
display-name: [18] L'annonce correspond à Annonce n°1189 from Rosa crée le 2024-11-04T21:03:50.167694172Z et correpoond à SHOES et est à 75euros, L'annonce correspond à Annonce n°741 from Lamia crée le 2024-11-04T21:03:50.176174526Z et correpoond à COMPUTERS et est à 18euros
]]></system-out>
</testcase>
<testcase name="testequals(ClassifiedAd, Object)[19]" classname="minebayd1.test.TestClassifiedAd" time="0">
<system-out><![CDATA[
unique-id: [engine:junit-jupiter]/[class:minebayd1.test.TestClassifiedAd]/[test-template:testequals(minebayd1.ClassifiedAd, java.lang.Object)]/[test-template-invocation:#19]
display-name: [19] L'annonce correspond à Annonce n°91 from Ali crée le 2024-11-04T21:03:50.181306375Z et correpoond à GAMES et est à 21euros, L'annonce correspond à Annonce n°1327 from Aliou crée le 2024-11-04T21:03:50.165550944Z et correpoond à GAMES et est à 19euros
]]></system-out>
</testcase>
<testcase name="testequals(ClassifiedAd, Object)[20]" classname="minebayd1.test.TestClassifiedAd" time="0">
<system-out><![CDATA[
unique-id: [engine:junit-jupiter]/[class:minebayd1.test.TestClassifiedAd]/[test-template:testequals(minebayd1.ClassifiedAd, java.lang.Object)]/[test-template-invocation:#20]
display-name: [20] L'annonce correspond à Annonce n°479 from Rosa crée le 2024-11-04T21:03:50.178968606Z et correpoond à SHOES et est à 50euros, L'annonce correspond à Annonce n°1143 from Mohamed crée le 2024-11-04T21:03:50.168698428Z et correpoond à CLOTHES et est à 80euros
]]></system-out>
</testcase>
<testcase name="testequals(ClassifiedAd, Object)[21]" classname="minebayd1.test.TestClassifiedAd" time="0">
<system-out><![CDATA[
unique-id: [engine:junit-jupiter]/[class:minebayd1.test.TestClassifiedAd]/[test-template:testequals(minebayd1.ClassifiedAd, java.lang.Object)]/[test-template-invocation:#21]
display-name: [21] L'annonce correspond à Annonce n°1092 from Mounir crée le 2024-11-04T21:03:50.169904019Z et correpoond à GAMES et est à 73euros, L'annonce correspond à Annonce n°1410 from Ismael crée le 2024-11-04T21:03:50.163890892Z et correpoond à COMPUTERS et est à 32euros
]]></system-out>
</testcase>
<testcase name="testequals(ClassifiedAd, Object)[22]" classname="minebayd1.test.TestClassifiedAd" time="0">
<system-out><![CDATA[
unique-id: [engine:junit-jupiter]/[class:minebayd1.test.TestClassifiedAd]/[test-template:testequals(minebayd1.ClassifiedAd, java.lang.Object)]/[test-template-invocation:#22]
display-name: [22] L'annonce correspond à Annonce n°109 from Mounir crée le 2024-11-04T21:03:50.181218060Z et correpoond à COMPUTERS et est à 97euros, L'annonce correspond à Annonce n°158 from Ayman crée le 2024-11-04T21:03:50.180838528Z et correpoond à CLOTHES et est à 46euros
]]></system-out>
</testcase>
<testcase name="testequals(ClassifiedAd, Object)[23]" classname="minebayd1.test.TestClassifiedAd" time="0">
<system-out><![CDATA[
unique-id: [engine:junit-jupiter]/[class:minebayd1.test.TestClassifiedAd]/[test-template:testequals(minebayd1.ClassifiedAd, java.lang.Object)]/[test-template-invocation:#23]
display-name: [23] L'annonce correspond à Annonce n°1036 from Aliou crée le 2024-11-04T21:03:50.170707984Z et correpoond à GAMES et est à 37euros, L'annonce correspond à Annonce n°749 from Faycal crée le 2024-11-04T21:03:50.176074554Z et correpoond à BOOKS et est à 46euros
]]></system-out>
</testcase>
<testcase name="testequals(ClassifiedAd, Object)[24]" classname="minebayd1.test.TestClassifiedAd" time="0">
<system-out><![CDATA[
unique-id: [engine:junit-jupiter]/[class:minebayd1.test.TestClassifiedAd]/[test-template:testequals(minebayd1.ClassifiedAd, java.lang.Object)]/[test-template-invocation:#24]
display-name: [24] L'annonce correspond à Annonce n°1492 from Mamadou crée le 2024-11-04T21:03:50.161463436Z et correpoond à CLOTHES et est à 46euros, L'annonce correspond à Annonce n°1185 from Yanis crée le 2024-11-04T21:03:50.167748835Z et correpoond à GAMES et est à 63euros
]]></system-out>
</testcase>
<testcase name="testequals(ClassifiedAd, Object)[25]" classname="minebayd1.test.TestClassifiedAd" time="0">
<system-out><![CDATA[
unique-id: [engine:junit-jupiter]/[class:minebayd1.test.TestClassifiedAd]/[test-template:testequals(minebayd1.ClassifiedAd, java.lang.Object)]/[test-template-invocation:#25]
display-name: [25] L'annonce correspond à Annonce n°634 from Adam crée le 2024-11-04T21:03:50.178161321Z et correpoond à CLOTHES et est à 41euros, L'annonce correspond à Annonce n°1063 from Nima crée le 2024-11-04T21:03:50.170386178Z et correpoond à CLOTHES et est à 48euros
]]></system-out>
</testcase>
<testcase name="testequals(ClassifiedAd, Object)[26]" classname="minebayd1.test.TestClassifiedAd" time="0">
<system-out><![CDATA[
unique-id: [engine:junit-jupiter]/[class:minebayd1.test.TestClassifiedAd]/[test-template:testequals(minebayd1.ClassifiedAd, java.lang.Object)]/[test-template-invocation:#26]
display-name: [26] L'annonce correspond à Annonce n°820 from Marc crée le 2024-11-04T21:03:50.175077675Z et correpoond à BOOKS et est à 80euros, L'annonce correspond à Annonce n°279 from Idir crée le 2024-11-04T21:03:50.180029280Z et correpoond à CLOTHES et est à 24euros
]]></system-out>
</testcase>
<testcase name="testequals(ClassifiedAd, Object)[27]" classname="minebayd1.test.TestClassifiedAd" time="0">
<system-out><![CDATA[
unique-id: [engine:junit-jupiter]/[class:minebayd1.test.TestClassifiedAd]/[test-template:testequals(minebayd1.ClassifiedAd, java.lang.Object)]/[test-template-invocation:#27]
display-name: [27] L'annonce correspond à Annonce n°1079 from Adam crée le 2024-11-04T21:03:50.170071001Z et correpoond à SHOES et est à 93euros, L'annonce correspond à Annonce n°1211 from Ziad crée le 2024-11-04T21:03:50.167364798Z et correpoond à COMPUTERS et est à 20euros
]]></system-out>
</testcase>
<testcase name="testequals(ClassifiedAd, Object)[28]" classname="minebayd1.test.TestClassifiedAd" time="0">
<system-out><![CDATA[
unique-id: [engine:junit-jupiter]/[class:minebayd1.test.TestClassifiedAd]/[test-template:testequals(minebayd1.ClassifiedAd, java.lang.Object)]/[test-template-invocation:#28]
display-name: [28] L'annonce correspond à Annonce n°1101 from Rosa crée le 2024-11-04T21:03:50.169770838Z et correpoond à CLOTHES et est à 7euros, L'annonce correspond à Annonce n°1112 from Pierre crée le 2024-11-04T21:03:50.169615261Z et correpoond à SHOES et est à 42euros
]]></system-out>
</testcase>
<testcase name="testequals(ClassifiedAd, Object)[29]" classname="minebayd1.test.TestClassifiedAd" time="0">
<system-out><![CDATA[
unique-id: [engine:junit-jupiter]/[class:minebayd1.test.TestClassifiedAd]/[test-template:testequals(minebayd1.ClassifiedAd, java.lang.Object)]/[test-template-invocation:#29]
display-name: [29] L'annonce correspond à Annonce n°1057 from Marcel crée le 2024-11-04T21:03:50.170455416Z et correpoond à GAMES et est à 39euros, L'annonce correspond à Annonce n°993 from Rosa crée le 2024-11-04T21:03:50.171232387Z et correpoond à COMPUTERS et est à 22euros
]]></system-out>
</testcase>
<testcase name="testequals(ClassifiedAd, Object)[30]" classname="minebayd1.test.TestClassifiedAd" time="0">
<system-out><![CDATA[
unique-id: [engine:junit-jupiter]/[class:minebayd1.test.TestClassifiedAd]/[test-template:testequals(minebayd1.ClassifiedAd, java.lang.Object)]/[test-template-invocation:#30]
display-name: [30] L'annonce correspond à Annonce n°421 from Imam crée le 2024-11-04T21:03:50.179283426Z et correpoond à CLOTHES et est à 97euros, L'annonce correspond à Annonce n°981 from Naila crée le 2024-11-04T21:03:50.172511530Z et correpoond à CLOTHES et est à 69euros
]]></system-out>
</testcase>
<testcase name="testequals(ClassifiedAd, Object)[31]" classname="minebayd1.test.TestClassifiedAd" time="0">
<system-out><![CDATA[
unique-id: [engine:junit-jupiter]/[class:minebayd1.test.TestClassifiedAd]/[test-template:testequals(minebayd1.ClassifiedAd, java.lang.Object)]/[test-template-invocation:#31]
display-name: [31] L'annonce correspond à Annonce n°410 from Ziad crée le 2024-11-04T21:03:50.179340585Z et correpoond à SHOES et est à 22euros, L'annonce correspond à Annonce n°77 from Lamia crée le 2024-11-04T21:03:50.181386246Z et correpoond à GAMES et est à 2euros
]]></system-out>
</testcase>
<testcase name="testequals(ClassifiedAd, Object)[32]" classname="minebayd1.test.TestClassifiedAd" time="0">
<system-out><![CDATA[
unique-id: [engine:junit-jupiter]/[class:minebayd1.test.TestClassifiedAd]/[test-template:testequals(minebayd1.ClassifiedAd, java.lang.Object)]/[test-template-invocation:#32]
display-name: [32] L'annonce correspond à Annonce n°151 from Sheraz crée le 2024-11-04T21:03:50.180893983Z et correpoond à COMPUTERS et est à 83euros, L'annonce correspond à Annonce n°1198 from Ziad crée le 2024-11-04T21:03:50.167542525Z et correpoond à CLOTHES et est à 51euros
]]></system-out>
</testcase>
<testcase name="testequals(ClassifiedAd, Object)[33]" classname="minebayd1.test.TestClassifiedAd" time="0">
<system-out><![CDATA[
unique-id: [engine:junit-jupiter]/[class:minebayd1.test.TestClassifiedAd]/[test-template:testequals(minebayd1.ClassifiedAd, java.lang.Object)]/[test-template-invocation:#33]
display-name: [33] L'annonce correspond à Annonce n°1183 from Mamadou crée le 2024-11-04T21:03:50.167775713Z et correpoond à CLOTHES et est à 51euros, L'annonce correspond à Annonce n°1498 from Ayman crée le 2024-11-04T21:03:50.161352265Z et correpoond à CLOTHES et est à 74euros
]]></system-out>
</testcase>
<testcase name="testequals(ClassifiedAd, Object)[34]" classname="minebayd1.test.TestClassifiedAd" time="0">
<system-out><![CDATA[
unique-id: [engine:junit-jupiter]/[class:minebayd1.test.TestClassifiedAd]/[test-template:testequals(minebayd1.ClassifiedAd, java.lang.Object)]/[test-template-invocation:#34]
display-name: [34] L'annonce correspond à Annonce n°317 from Sonia crée le 2024-11-04T21:03:50.179832304Z et correpoond à BOOKS et est à 71euros, L'annonce correspond à Annonce n°708 from Chanez crée le 2024-11-04T21:03:50.177530050Z et correpoond à CLOTHES et est à 59euros
]]></system-out>
</testcase>
<testcase name="testequals(ClassifiedAd, Object)[35]" classname="minebayd1.test.TestClassifiedAd" time="0">
<system-out><![CDATA[
unique-id: [engine:junit-jupiter]/[class:minebayd1.test.TestClassifiedAd]/[test-template:testequals(minebayd1.ClassifiedAd, java.lang.Object)]/[test-template-invocation:#35]
display-name: [35] L'annonce correspond à Annonce n°355 from Aliou crée le 2024-11-04T21:03:50.179626676Z et correpoond à GAMES et est à 46euros, L'annonce correspond à Annonce n°1348 from Yanis crée le 2024-11-04T21:03:50.165221320Z et correpoond à GAMES et est à 40euros
]]></system-out>
</testcase>
<testcase name="testequals(ClassifiedAd, Object)[36]" classname="minebayd1.test.TestClassifiedAd" time="0">
<system-out><![CDATA[
unique-id: [engine:junit-jupiter]/[class:minebayd1.test.TestClassifiedAd]/[test-template:testequals(minebayd1.ClassifiedAd, java.lang.Object)]/[test-template-invocation:#36]
display-name: [36] L'annonce correspond à Annonce n°199 from Adam crée le 2024-11-04T21:03:50.180507411Z et correpoond à CLOTHES et est à 30euros, L'annonce correspond à Annonce n°529 from Sheraz crée le 2024-11-04T21:03:50.178773123Z et correpoond à CLOTHES et est à 56euros
]]></system-out>
</testcase>
<testcase name="testequals(ClassifiedAd, Object)[37]" classname="minebayd1.test.TestClassifiedAd" time="0">
<system-out><![CDATA[
unique-id: [engine:junit-jupiter]/[class:minebayd1.test.TestClassifiedAd]/[test-template:testequals(minebayd1.ClassifiedAd, java.lang.Object)]/[test-template-invocation:#37]
display-name: [37] L'annonce correspond à Annonce n°887 from Imam crée le 2024-11-04T21:03:50.173834978Z et correpoond à SHOES et est à 74euros, L'annonce correspond à Annonce n°259 from Sheraz crée le 2024-11-04T21:03:50.180132041Z et correpoond à CLOTHES et est à 60euros
]]></system-out>
</testcase>
<testcase name="testequals(ClassifiedAd, Object)[38]" classname="minebayd1.test.TestClassifiedAd" time="0">
<system-out><![CDATA[
unique-id: [engine:junit-jupiter]/[class:minebayd1.test.TestClassifiedAd]/[test-template:testequals(minebayd1.ClassifiedAd, java.lang.Object)]/[test-template-invocation:#38]
display-name: [38] L'annonce correspond à Annonce n°230 from Marc crée le 2024-11-04T21:03:50.180282246Z et correpoond à BOOKS et est à 39euros, L'annonce correspond à Annonce n°972 from Lyes crée le 2024-11-04T21:03:50.172625132Z et correpoond à COMPUTERS et est à 66euros
]]></system-out>
</testcase>
<testcase name="testequals(ClassifiedAd, Object)[39]" classname="minebayd1.test.TestClassifiedAd" time="0">
<system-out><![CDATA[
unique-id: [engine:junit-jupiter]/[class:minebayd1.test.TestClassifiedAd]/[test-template:testequals(minebayd1.ClassifiedAd, java.lang.Object)]/[test-template-invocation:#39]
display-name: [39] L'annonce correspond à Annonce n°639 from Marc crée le 2024-11-04T21:03:50.178052326Z et correpoond à COMPUTERS et est à 20euros, L'annonce correspond à Annonce n°118 from Ayman crée le 2024-11-04T21:03:50.181161712Z et correpoond à COMPUTERS et est à 64euros
]]></system-out>
</testcase>
<testcase name="testequals(ClassifiedAd, Object)[40]" classname="minebayd1.test.TestClassifiedAd" time="0">
<system-out><![CDATA[
unique-id: [engine:junit-jupiter]/[class:minebayd1.test.TestClassifiedAd]/[test-template:testequals(minebayd1.ClassifiedAd, java.lang.Object)]/[test-template-invocation:#40]
display-name: [40] L'annonce correspond à Annonce n°681 from Chanez crée le 2024-11-04T21:03:50.177791374Z et correpoond à GAMES et est à 73euros, L'annonce correspond à Annonce n°1404 from Aliou crée le 2024-11-04T21:03:50.163999740Z et correpoond à BOOKS et est à 71euros
]]></system-out>
</testcase>
<testcase name="testequals(ClassifiedAd, Object)[41]" classname="minebayd1.test.TestClassifiedAd" time="0">
<system-out><![CDATA[
unique-id: [engine:junit-jupiter]/[class:minebayd1.test.TestClassifiedAd]/[test-template:testequals(minebayd1.ClassifiedAd, java.lang.Object)]/[test-template-invocation:#41]
display-name: [41] L'annonce correspond à Annonce n°428 from Idir crée le 2024-11-04T21:03:50.179247361Z et correpoond à CLOTHES et est à 10euros, L'annonce correspond à Annonce n°913 from Marcel crée le 2024-11-04T21:03:50.173530355Z et correpoond à COMPUTERS et est à 41euros
]]></system-out>
</testcase>
<testcase name="testequals(ClassifiedAd, Object)[42]" classname="minebayd1.test.TestClassifiedAd" time="0">
<system-out><![CDATA[
unique-id: [engine:junit-jupiter]/[class:minebayd1.test.TestClassifiedAd]/[test-template:testequals(minebayd1.ClassifiedAd, java.lang.Object)]/[test-template-invocation:#42]
display-name: [42] L'annonce correspond à Annonce n°86 from Yanis crée le 2024-11-04T21:03:50.181329104Z et correpoond à GAMES et est à 10euros, L'annonce correspond à Annonce n°1307 from Ziad crée le 2024-11-04T21:03:50.165752576Z et correpoond à COMPUTERS et est à 80euros
]]></system-out>
</testcase>
<testcase name="testequals(ClassifiedAd, Object)[43]" classname="minebayd1.test.TestClassifiedAd" time="0">
<system-out><![CDATA[
unique-id: [engine:junit-jupiter]/[class:minebayd1.test.TestClassifiedAd]/[test-template:testequals(minebayd1.ClassifiedAd, java.lang.Object)]/[test-template-invocation:#43]
display-name: [43] L'annonce correspond à Annonce n°699 from Ismael crée le 2024-11-04T21:03:50.177616740Z et correpoond à BOOKS et est à 46euros, L'annonce correspond à Annonce n°809 from Lyes crée le 2024-11-04T21:03:50.175238815Z et correpoond à SHOES et est à 19euros
]]></system-out>
</testcase>
<testcase name="testequals(ClassifiedAd, Object)[44]" classname="minebayd1.test.TestClassifiedAd" time="0">
<system-out><![CDATA[
unique-id: [engine:junit-jupiter]/[class:minebayd1.test.TestClassifiedAd]/[test-template:testequals(minebayd1.ClassifiedAd, java.lang.Object)]/[test-template-invocation:#44]
display-name: [44] L'annonce correspond à Annonce n°1195 from Mounir crée le 2024-11-04T21:03:50.167613114Z et correpoond à COMPUTERS et est à 82euros, L'annonce correspond à Annonce n°1482 from Chanez crée le 2024-11-04T21:03:50.161859318Z et correpoond à SHOES et est à 64euros
]]></system-out>
</testcase>
<testcase name="testequals(ClassifiedAd, Object)[45]" classname="minebayd1.test.TestClassifiedAd" time="0">
<system-out><![CDATA[
unique-id: [engine:junit-jupiter]/[class:minebayd1.test.TestClassifiedAd]/[test-template:testequals(minebayd1.ClassifiedAd, java.lang.Object)]/[test-template-invocation:#45]
display-name: [45] L'annonce correspond à Annonce n°1024 from Marcel crée le 2024-11-04T21:03:50.170879828Z et correpoond à COMPUTERS et est à 65euros, L'annonce correspond à Annonce n°188 from Nima crée le 2024-11-04T21:03:50.180582281Z et correpoond à BOOKS et est à 22euros
]]></system-out>
</testcase>
<testcase name="testequals(ClassifiedAd, Object)[46]" classname="minebayd1.test.TestClassifiedAd" time="0">
<system-out><![CDATA[
unique-id: [engine:junit-jupiter]/[class:minebayd1.test.TestClassifiedAd]/[test-template:testequals(minebayd1.ClassifiedAd, java.lang.Object)]/[test-template-invocation:#46]
display-name: [46] L'annonce correspond à Annonce n°1215 from Marcel crée le 2024-11-04T21:03:50.167301379Z et correpoond à GAMES et est à 88euros, L'annonce correspond à Annonce n°976 from Imam crée le 2024-11-04T21:03:50.172579385Z et correpoond à SHOES et est à 37euros
]]></system-out>
</testcase>
<testcase name="testequals(ClassifiedAd, Object)[47]" classname="minebayd1.test.TestClassifiedAd" time="0">
<system-out><![CDATA[
unique-id: [engine:junit-jupiter]/[class:minebayd1.test.TestClassifiedAd]/[test-template:testequals(minebayd1.ClassifiedAd, java.lang.Object)]/[test-template-invocation:#47]
display-name: [47] L'annonce correspond à Annonce n°537 from Mamadou crée le 2024-11-04T21:03:50.178742336Z et correpoond à COMPUTERS et est à 44euros, L'annonce correspond à Annonce n°388 from Chanez crée le 2024-11-04T21:03:50.179454941Z et correpoond à GAMES et est à 74euros
]]></system-out>
</testcase>
<testcase name="testequals(ClassifiedAd, Object)[48]" classname="minebayd1.test.TestClassifiedAd" time="0">
<system-out><![CDATA[
unique-id: [engine:junit-jupiter]/[class:minebayd1.test.TestClassifiedAd]/[test-template:testequals(minebayd1.ClassifiedAd, java.lang.Object)]/[test-template-invocation:#48]
display-name: [48] L'annonce correspond à Annonce n°830 from Ismael crée le 2024-11-04T21:03:50.174742869Z et correpoond à COMPUTERS et est à 66euros, L'annonce correspond à Annonce n°214 from Sheraz crée le 2024-11-04T21:03:50.180378365Z et correpoond à COMPUTERS et est à 36euros
]]></system-out>
</testcase>
<testcase name="testequals(ClassifiedAd, Object)[49]" classname="minebayd1.test.TestClassifiedAd" time="0">
<system-out><![CDATA[
unique-id: [engine:junit-jupiter]/[class:minebayd1.test.TestClassifiedAd]/[test-template:testequals(minebayd1.ClassifiedAd, java.lang.Object)]/[test-template-invocation:#49]
display-name: [49] L'annonce correspond à Annonce n°201 from Yanis crée le 2024-11-04T21:03:50.180491291Z et correpoond à COMPUTERS et est à 14euros, L'annonce correspond à Annonce n°319 from Ayman crée le 2024-11-04T21:03:50.179822062Z et correpoond à CLOTHES et est à 92euros
]]></system-out>
</testcase>
<testcase name="testequals(ClassifiedAd, Object)[50]" classname="minebayd1.test.TestClassifiedAd" time="0">
<system-out><![CDATA[
unique-id: [engine:junit-jupiter]/[class:minebayd1.test.TestClassifiedAd]/[test-template:testequals(minebayd1.ClassifiedAd, java.lang.Object)]/[test-template-invocation:#50]
display-name: [50] L'annonce correspond à Annonce n°1251 from Zahra crée le 2024-11-04T21:03:50.166664505Z et correpoond à COMPUTERS et est à 13euros, L'annonce correspond à Annonce n°432 from Chanez crée le 2024-11-04T21:03:50.179226854Z et correpoond à COMPUTERS et est à 98euros
]]></system-out>
</testcase>
<testcase name="testequals(ClassifiedAd, Object)[51]" classname="minebayd1.test.TestClassifiedAd" time="0">
<system-out><![CDATA[
unique-id: [engine:junit-jupiter]/[class:minebayd1.test.TestClassifiedAd]/[test-template:testequals(minebayd1.ClassifiedAd, java.lang.Object)]/[test-template-invocation:#51]
display-name: [51] L'annonce correspond à Annonce n°10 from Mamadou crée le 2024-11-04T21:03:50.181716429Z et correpoond à SHOES et est à 49euros, L'annonce correspond à Annonce n°762 from Faycal crée le 2024-11-04T21:03:50.175926774Z et correpoond à GAMES et est à 29euros
]]></system-out>
</testcase>
<testcase name="testequals(ClassifiedAd, Object)[52]" classname="minebayd1.test.TestClassifiedAd" time="0">
<system-out><![CDATA[
unique-id: [engine:junit-jupiter]/[class:minebayd1.test.TestClassifiedAd]/[test-template:testequals(minebayd1.ClassifiedAd, java.lang.Object)]/[test-template-invocation:#52]
display-name: [52] L'annonce correspond à Annonce n°1407 from Marcel crée le 2024-11-04T21:03:50.163928564Z et correpoond à BOOKS et est à 8euros, L'annonce correspond à Annonce n°722 from Yanis crée le 2024-11-04T21:03:50.177290058Z et correpoond à GAMES et est à 97euros
]]></system-out>
</testcase>
<testcase name="testequals(ClassifiedAd, Object)[53]" classname="minebayd1.test.TestClassifiedAd" time="0">
<system-out><![CDATA[
unique-id: [engine:junit-jupiter]/[class:minebayd1.test.TestClassifiedAd]/[test-template:testequals(minebayd1.ClassifiedAd, java.lang.Object)]/[test-template-invocation:#53]
display-name: [53] L'annonce correspond à Annonce n°454 from Adam crée le 2024-11-04T21:03:50.179100160Z et correpoond à SHOES et est à 36euros, L'annonce correspond à Annonce n°1094 from Yanis crée le 2024-11-04T21:03:50.169870409Z et correpoond à SHOES et est à 57euros
]]></system-out>
</testcase>
<testcase name="testequals(ClassifiedAd, Object)[54]" classname="minebayd1.test.TestClassifiedAd" time="0">
<system-out><![CDATA[
unique-id: [engine:junit-jupiter]/[class:minebayd1.test.TestClassifiedAd]/[test-template:testequals(minebayd1.ClassifiedAd, java.lang.Object)]/[test-template-invocation:#54]
display-name: [54] L'annonce correspond à Annonce n°883 from Issa crée le 2024-11-04T21:03:50.173881972Z et correpoond à COMPUTERS et est à 91euros, L'annonce correspond à Annonce n°1 from Imam crée le 2024-11-04T21:03:50.181753331Z et correpoond à SHOES et est à 69euros
]]></system-out>
</testcase>
<testcase name="testequals(ClassifiedAd, Object)[55]" classname="minebayd1.test.TestClassifiedAd" time="0">
<system-out><![CDATA[
unique-id: [engine:junit-jupiter]/[class:minebayd1.test.TestClassifiedAd]/[test-template:testequals(minebayd1.ClassifiedAd, java.lang.Object)]/[test-template-invocation:#55]
display-name: [55] L'annonce correspond à Annonce n°861 from Aliou crée le 2024-11-04T21:03:50.174230830Z et correpoond à GAMES et est à 15euros, L'annonce correspond à Annonce n°286 from Ali crée le 2024-11-04T21:03:50.179993141Z et correpoond à BOOKS et est à 42euros
]]></system-out>
</testcase>
<testcase name="testequals(ClassifiedAd, Object)[56]" classname="minebayd1.test.TestClassifiedAd" time="0">
<system-out><![CDATA[
unique-id: [engine:junit-jupiter]/[class:minebayd1.test.TestClassifiedAd]/[test-template:testequals(minebayd1.ClassifiedAd, java.lang.Object)]/[test-template-invocation:#56]
display-name: [56] L'annonce correspond à Annonce n°913 from Marcel crée le 2024-11-04T21:03:50.173530355Z et correpoond à COMPUTERS et est à 41euros, L'annonce correspond à Annonce n°1033 from Aliou crée le 2024-11-04T21:03:50.170771629Z et correpoond à SHOES et est à 23euros
]]></system-out>
</testcase>
<testcase name="testequals(ClassifiedAd, Object)[57]" classname="minebayd1.test.TestClassifiedAd" time="0">
<system-out><![CDATA[
unique-id: [engine:junit-jupiter]/[class:minebayd1.test.TestClassifiedAd]/[test-template:testequals(minebayd1.ClassifiedAd, java.lang.Object)]/[test-template-invocation:#57]
display-name: [57] L'annonce correspond à Annonce n°576 from Imam crée le 2024-11-04T21:03:50.178578245Z et correpoond à GAMES et est à 78euros, L'annonce correspond à Annonce n°1221 from Issa crée le 2024-11-04T21:03:50.167226834Z et correpoond à COMPUTERS et est à 38euros
]]></system-out>
</testcase>
<testcase name="testequals(ClassifiedAd, Object)[58]" classname="minebayd1.test.TestClassifiedAd" time="0">
<system-out><![CDATA[
unique-id: [engine:junit-jupiter]/[class:minebayd1.test.TestClassifiedAd]/[test-template:testequals(minebayd1.ClassifiedAd, java.lang.Object)]/[test-template-invocation:#58]
display-name: [58] L'annonce correspond à Annonce n°1011 from Mamadou crée le 2024-11-04T21:03:50.171030660Z et correpoond à CLOTHES et est à 41euros, L'annonce correspond à Annonce n°730 from Mamadou crée le 2024-11-04T21:03:50.177222630Z et correpoond à SHOES et est à 61euros
]]></system-out>
</testcase>
<testcase name="testequals(ClassifiedAd, Object)[59]" classname="minebayd1.test.TestClassifiedAd" time="0">
<system-out><![CDATA[
unique-id: [engine:junit-jupiter]/[class:minebayd1.test.TestClassifiedAd]/[test-template:testequals(minebayd1.ClassifiedAd, java.lang.Object)]/[test-template-invocation:#59]
display-name: [59] L'annonce correspond à Annonce n°65 from Lamia crée le 2024-11-04T21:03:50.181449212Z et correpoond à CLOTHES et est à 87euros, L'annonce correspond à Annonce n°306 from Idir crée le 2024-11-04T21:03:50.179889264Z et correpoond à COMPUTERS et est à 50euros
]]></system-out>
</testcase>
<testcase name="testequals(ClassifiedAd, Object)[60]" classname="minebayd1.test.TestClassifiedAd" time="0">
<system-out><![CDATA[
unique-id: [engine:junit-jupiter]/[class:minebayd1.test.TestClassifiedAd]/[test-template:testequals(minebayd1.ClassifiedAd, java.lang.Object)]/[test-template-invocation:#60]
display-name: [60] L'annonce correspond à Annonce n°1048 from Issa crée le 2024-11-04T21:03:50.170556936Z et correpoond à SHOES et est à 11euros, L'annonce correspond à Annonce n°580 from Marcel crée le 2024-11-04T21:03:50.178562234Z et correpoond à CLOTHES et est à 95euros
]]></system-out>
</testcase>
<testcase name="testequals(ClassifiedAd, Object)[61]" classname="minebayd1.test.TestClassifiedAd" time="0">
<system-out><![CDATA[
unique-id: [engine:junit-jupiter]/[class:minebayd1.test.TestClassifiedAd]/[test-template:testequals(minebayd1.ClassifiedAd, java.lang.Object)]/[test-template-invocation:#61]
display-name: [61] L'annonce correspond à Annonce n°8 from Marc crée le 2024-11-04T21:03:50.181724676Z et correpoond à BOOKS et est à 89euros, L'annonce correspond à Annonce n°187 from Pierre crée le 2024-11-04T21:03:50.180590704Z et correpoond à CLOTHES et est à 12euros
]]></system-out>
</testcase>
<testcase name="testequals(ClassifiedAd, Object)[62]" classname="minebayd1.test.TestClassifiedAd" time="0">
<system-out><![CDATA[
unique-id: [engine:junit-jupiter]/[class:minebayd1.test.TestClassifiedAd]/[test-template:testequals(minebayd1.ClassifiedAd, java.lang.Object)]/[test-template-invocation:#62]
display-name: [62] L'annonce correspond à Annonce n°1350 from Naila crée le 2024-11-04T21:03:50.165187272Z et correpoond à CLOTHES et est à 81euros, L'annonce correspond à Annonce n°902 from Lyes crée le 2024-11-04T21:03:50.173658664Z et correpoond à SHOES et est à 13euros
]]></system-out>
</testcase>
<testcase name="testequals(ClassifiedAd, Object)[63]" classname="minebayd1.test.TestClassifiedAd" time="0">
<system-out><![CDATA[
unique-id: [engine:junit-jupiter]/[class:minebayd1.test.TestClassifiedAd]/[test-template:testequals(minebayd1.ClassifiedAd, java.lang.Object)]/[test-template-invocation:#63]
display-name: [63] L'annonce correspond à Annonce n°193 from Rosa crée le 2024-11-04T21:03:50.180550526Z et correpoond à GAMES et est à 35euros, L'annonce correspond à Annonce n°184 from Ziad crée le 2024-11-04T21:03:50.180616062Z et correpoond à BOOKS et est à 83euros
]]></system-out>
</testcase>
<testcase name="testequals(ClassifiedAd, Object)[64]" classname="minebayd1.test.TestClassifiedAd" time="0">
<system-out><![CDATA[
unique-id: [engine:junit-jupiter]/[class:minebayd1.test.TestClassifiedAd]/[test-template:testequals(minebayd1.ClassifiedAd, java.lang.Object)]/[test-template-invocation:#64]
display-name: [64] L'annonce correspond à Annonce n°891 from Ayman crée le 2024-11-04T21:03:50.173788770Z et correpoond à COMPUTERS et est à 91euros, L'annonce correspond à Annonce n°1435 from Boris crée le 2024-11-04T21:03:50.162915399Z et correpoond à COMPUTERS et est à 18euros
]]></system-out>
</testcase>
<testcase name="testequals(ClassifiedAd, Object)[65]" classname="minebayd1.test.TestClassifiedAd" time="0">
<system-out><![CDATA[
unique-id: [engine:junit-jupiter]/[class:minebayd1.test.TestClassifiedAd]/[test-template:testequals(minebayd1.ClassifiedAd, java.lang.Object)]/[test-template-invocation:#65]
display-name: [65] L'annonce correspond à Annonce n°299 from Ziad crée le 2024-11-04T21:03:50.179925094Z et correpoond à BOOKS et est à 41euros, L'annonce correspond à Annonce n°820 from Marc crée le 2024-11-04T21:03:50.175077675Z et correpoond à BOOKS et est à 80euros
]]></system-out>
</testcase>
<testcase name="testequals(ClassifiedAd, Object)[66]" classname="minebayd1.test.TestClassifiedAd" time="0">
<system-out><![CDATA[
unique-id: [engine:junit-jupiter]/[class:minebayd1.test.TestClassifiedAd]/[test-template:testequals(minebayd1.ClassifiedAd, java.lang.Object)]/[test-template-invocation:#66]
display-name: [66] L'annonce correspond à Annonce n°489 from Adam crée le 2024-11-04T21:03:50.178930314Z et correpoond à CLOTHES et est à 5euros, L'annonce correspond à Annonce n°197 from Ismael crée le 2024-11-04T21:03:50.180522984Z et correpoond à COMPUTERS et est à 76euros
]]></system-out>
</testcase>
<testcase name="testequals(ClassifiedAd, Object)[67]" classname="minebayd1.test.TestClassifiedAd" time="0">
<system-out><![CDATA[
unique-id: [engine:junit-jupiter]/[class:minebayd1.test.TestClassifiedAd]/[test-template:testequals(minebayd1.ClassifiedAd, java.lang.Object)]/[test-template-invocation:#67]
display-name: [67] L'annonce correspond à Annonce n°498 from Lisa crée le 2024-11-04T21:03:50.178895896Z et correpoond à CLOTHES et est à 9euros, L'annonce correspond à Annonce n°1045 from Mamadou crée le 2024-11-04T21:03:50.170590874Z et correpoond à CLOTHES et est à 63euros
]]></system-out>
</testcase>
<testcase name="testequals(ClassifiedAd, Object)[68]" classname="minebayd1.test.TestClassifiedAd" time="0">
<system-out><![CDATA[
unique-id: [engine:junit-jupiter]/[class:minebayd1.test.TestClassifiedAd]/[test-template:testequals(minebayd1.ClassifiedAd, java.lang.Object)]/[test-template-invocation:#68]
display-name: [68] L'annonce correspond à Annonce n°535 from Lyes crée le 2024-11-04T21:03:50.178749967Z et correpoond à SHOES et est à 22euros, L'annonce correspond à Annonce n°617 from Marc crée le 2024-11-04T21:03:50.178274398Z et correpoond à COMPUTERS et est à 13euros
]]></system-out>
</testcase>
<testcase name="testequals(ClassifiedAd, Object)[69]" classname="minebayd1.test.TestClassifiedAd" time="0">
<system-out><![CDATA[
unique-id: [engine:junit-jupiter]/[class:minebayd1.test.TestClassifiedAd]/[test-template:testequals(minebayd1.ClassifiedAd, java.lang.Object)]/[test-template-invocation:#69]
display-name: [69] L'annonce correspond à Annonce n°200 from Pierre crée le 2024-11-04T21:03:50.180499801Z et correpoond à BOOKS et est à 94euros, L'annonce correspond à Annonce n°663 from Ayman crée le 2024-11-04T21:03:50.177902032Z et correpoond à COMPUTERS et est à 47euros
]]></system-out>
</testcase>
<testcase name="testequals(ClassifiedAd, Object)[70]" classname="minebayd1.test.TestClassifiedAd" time="0">
<system-out><![CDATA[
unique-id: [engine:junit-jupiter]/[class:minebayd1.test.TestClassifiedAd]/[test-template:testequals(minebayd1.ClassifiedAd, java.lang.Object)]/[test-template-invocation:#70]
display-name: [70] L'annonce correspond à Annonce n°1192 from Ismael crée le 2024-11-04T21:03:50.167653342Z et correpoond à BOOKS et est à 41euros, L'annonce correspond à Annonce n°446 from Issa crée le 2024-11-04T21:03:50.179143961Z et correpoond à BOOKS et est à 94euros
]]></system-out>
</testcase>
<testcase name="testequals(ClassifiedAd, Object)[71]" classname="minebayd1.test.TestClassifiedAd" time="0">
<system-out><![CDATA[
unique-id: [engine:junit-jupiter]/[class:minebayd1.test.TestClassifiedAd]/[test-template:testequals(minebayd1.ClassifiedAd, java.lang.Object)]/[test-template-invocation:#71]
display-name: [71] L'annonce correspond à Annonce n°977 from Pierre crée le 2024-11-04T21:03:50.172567884Z et correpoond à SHOES et est à 100euros, L'annonce correspond à Annonce n°149 from Chanez crée le 2024-11-04T21:03:50.180908970Z et correpoond à COMPUTERS et est à 34euros
]]></system-out>
</testcase>
<testcase name="testequals(ClassifiedAd, Object)[72]" classname="minebayd1.test.TestClassifiedAd" time="0">
<system-out><![CDATA[
unique-id: [engine:junit-jupiter]/[class:minebayd1.test.TestClassifiedAd]/[test-template:testequals(minebayd1.ClassifiedAd, java.lang.Object)]/[test-template-invocation:#72]
display-name: [72] L'annonce correspond à Annonce n°694 from Boris crée le 2024-11-04T21:03:50.177667609Z et correpoond à CLOTHES et est à 60euros, L'annonce correspond à Annonce n°616 from Sonia crée le 2024-11-04T21:03:50.178280113Z et correpoond à SHOES et est à 58euros
]]></system-out>
</testcase>
<testcase name="testequals(ClassifiedAd, Object)[73]" classname="minebayd1.test.TestClassifiedAd" time="0">
<system-out><![CDATA[
unique-id: [engine:junit-jupiter]/[class:minebayd1.test.TestClassifiedAd]/[test-template:testequals(minebayd1.ClassifiedAd, java.lang.Object)]/[test-template-invocation:#73]
display-name: [73] L'annonce correspond à Annonce n°848 from Boris crée le 2024-11-04T21:03:50.174522237Z et correpoond à GAMES et est à 99euros, L'annonce correspond à Annonce n°570 from Rosa crée le 2024-11-04T21:03:50.178603204Z et correpoond à BOOKS et est à 76euros
]]></system-out>
</testcase>
<testcase name="testequals(ClassifiedAd, Object)[74]" classname="minebayd1.test.TestClassifiedAd" time="0">
<system-out><![CDATA[
unique-id: [engine:junit-jupiter]/[class:minebayd1.test.TestClassifiedAd]/[test-template:testequals(minebayd1.ClassifiedAd, java.lang.Object)]/[test-template-invocation:#74]
display-name: [74] L'annonce correspond à Annonce n°1427 from Lisa crée le 2024-11-04T21:03:50.163378379Z et correpoond à COMPUTERS et est à 82euros, L'annonce correspond à Annonce n°440 from Naila crée le 2024-11-04T21:03:50.179177548Z et correpoond à CLOTHES et est à 94euros
]]></system-out>
</testcase>
<testcase name="testequals(ClassifiedAd, Object)[75]" classname="minebayd1.test.TestClassifiedAd" time="0">
<system-out><![CDATA[
unique-id: [engine:junit-jupiter]/[class:minebayd1.test.TestClassifiedAd]/[test-template:testequals(minebayd1.ClassifiedAd, java.lang.Object)]/[test-template-invocation:#75]
display-name: [75] L'annonce correspond à Annonce n°121 from Idir crée le 2024-11-04T21:03:50.181133746Z et correpoond à COMPUTERS et est à 81euros, L'annonce correspond à Annonce n°269 from Sheraz crée le 2024-11-04T21:03:50.180080628Z et correpoond à COMPUTERS et est à 92euros
]]></system-out>
</testcase>
<testcase name="testequals(ClassifiedAd, Object)[76]" classname="minebayd1.test.TestClassifiedAd" time="0">
<system-out><![CDATA[
unique-id: [engine:junit-jupiter]/[class:minebayd1.test.TestClassifiedAd]/[test-template:testequals(minebayd1.ClassifiedAd, java.lang.Object)]/[test-template-invocation:#76]
display-name: [76] L'annonce correspond à Annonce n°368 from Zahra crée le 2024-11-04T21:03:50.179559446Z et correpoond à COMPUTERS et est à 64euros, L'annonce correspond à Annonce n°1406 from Ali crée le 2024-11-04T21:03:50.163944095Z et correpoond à BOOKS et est à 77euros
]]></system-out>
</testcase>
<testcase name="testequals(ClassifiedAd, Object)[77]" classname="minebayd1.test.TestClassifiedAd" time="0">
<system-out><![CDATA[
unique-id: [engine:junit-jupiter]/[class:minebayd1.test.TestClassifiedAd]/[test-template:testequals(minebayd1.ClassifiedAd, java.lang.Object)]/[test-template-invocation:#77]
display-name: [77] L'annonce correspond à Annonce n°1019 from Issa crée le 2024-11-04T21:03:50.170937368Z et correpoond à GAMES et est à 19euros, L'annonce correspond à Annonce n°9 from Aliou crée le 2024-11-04T21:03:50.181720593Z et correpoond à COMPUTERS et est à 14euros
]]></system-out>
</testcase>
<testcase name="testequals(ClassifiedAd, Object)[78]" classname="minebayd1.test.TestClassifiedAd" time="0">
<system-out><![CDATA[
unique-id: [engine:junit-jupiter]/[class:minebayd1.test.TestClassifiedAd]/[test-template:testequals(minebayd1.ClassifiedAd, java.lang.Object)]/[test-template-invocation:#78]
display-name: [78] L'annonce correspond à Annonce n°1397 from Ziad crée le 2024-11-04T21:03:50.164077223Z et correpoond à GAMES et est à 55euros, L'annonce correspond à Annonce n°745 from Ismael crée le 2024-11-04T21:03:50.176117998Z et correpoond à BOOKS et est à 15euros
]]></system-out>
</testcase>
<testcase name="testequals(ClassifiedAd, Object)[79]" classname="minebayd1.test.TestClassifiedAd" time="0">
<system-out><![CDATA[
unique-id: [engine:junit-jupiter]/[class:minebayd1.test.TestClassifiedAd]/[test-template:testequals(minebayd1.ClassifiedAd, java.lang.Object)]/[test-template-invocation:#79]
display-name: [79] L'annonce correspond à Annonce n°730 from Mamadou crée le 2024-11-04T21:03:50.177222630Z et correpoond à SHOES et est à 61euros, L'annonce correspond à Annonce n°906 from Mohamed crée le 2024-11-04T21:03:50.173612291Z et correpoond à GAMES et est à 38euros
]]></system-out>
</testcase>
<testcase name="testequals(ClassifiedAd, Object)[80]" classname="minebayd1.test.TestClassifiedAd" time="0">
<system-out><![CDATA[
unique-id: [engine:junit-jupiter]/[class:minebayd1.test.TestClassifiedAd]/[test-template:testequals(minebayd1.ClassifiedAd, java.lang.Object)]/[test-template-invocation:#80]
display-name: [80] L'annonce correspond à Annonce n°493 from Marcel crée le 2024-11-04T21:03:50.178915052Z et correpoond à COMPUTERS et est à 9euros, L'annonce correspond à Annonce n°1418 from Ayman crée le 2024-11-04T21:03:50.163524577Z et correpoond à CLOTHES et est à 17euros
]]></system-out>
</testcase>
<testcase name="testequals(ClassifiedAd, Object)[81]" classname="minebayd1.test.TestClassifiedAd" time="0">
<system-out><![CDATA[
unique-id: [engine:junit-jupiter]/[class:minebayd1.test.TestClassifiedAd]/[test-template:testequals(minebayd1.ClassifiedAd, java.lang.Object)]/[test-template-invocation:#81]
display-name: [81] L'annonce correspond à Annonce n°1430 from Ayman crée le 2024-11-04T21:03:50.163153959Z et correpoond à CLOTHES et est à 53euros, L'annonce correspond à Annonce n°700 from Imam crée le 2024-11-04T21:03:50.177607123Z et correpoond à COMPUTERS et est à 69euros
]]></system-out>
</testcase>
<testcase name="testequals(ClassifiedAd, Object)[82]" classname="minebayd1.test.TestClassifiedAd" time="0">
<system-out><![CDATA[
unique-id: [engine:junit-jupiter]/[class:minebayd1.test.TestClassifiedAd]/[test-template:testequals(minebayd1.ClassifiedAd, java.lang.Object)]/[test-template-invocation:#82]
display-name: [82] L'annonce correspond à Annonce n°117 from Yanis crée le 2024-11-04T21:03:50.181168745Z et correpoond à SHOES et est à 77euros, L'annonce correspond à Annonce n°1215 from Marcel crée le 2024-11-04T21:03:50.167301379Z et correpoond à GAMES et est à 88euros
]]></system-out>
</testcase>
<testcase name="testequals(ClassifiedAd, Object)[83]" classname="minebayd1.test.TestClassifiedAd" time="0">
<system-out><![CDATA[
unique-id: [engine:junit-jupiter]/[class:minebayd1.test.TestClassifiedAd]/[test-template:testequals(minebayd1.ClassifiedAd, java.lang.Object)]/[test-template-invocation:#83]
display-name: [83] L'annonce correspond à Annonce n°409 from Lamia crée le 2024-11-04T21:03:50.179345946Z et correpoond à SHOES et est à 6euros, L'annonce correspond à Annonce n°1316 from Ziad crée le 2024-11-04T21:03:50.165661179Z et correpoond à CLOTHES et est à 80euros
]]></system-out>
</testcase>
<testcase name="testequals(ClassifiedAd, Object)[84]" classname="minebayd1.test.TestClassifiedAd" time="0">
<system-out><![CDATA[
unique-id: [engine:junit-jupiter]/[class:minebayd1.test.TestClassifiedAd]/[test-template:testequals(minebayd1.ClassifiedAd, java.lang.Object)]/[test-template-invocation:#84]
display-name: [84] L'annonce correspond à Annonce n°573 from Issa crée le 2024-11-04T21:03:50.178590929Z et correpoond à GAMES et est à 35euros, L'annonce correspond à Annonce n°122 from Mohamed crée le 2024-11-04T21:03:50.181125782Z et correpoond à CLOTHES et est à 64euros
]]></system-out>
</testcase>
<testcase name="testequals(ClassifiedAd, Object)[85]" classname="minebayd1.test.TestClassifiedAd" time="0">
<system-out><![CDATA[
unique-id: [engine:junit-jupiter]/[class:minebayd1.test.TestClassifiedAd]/[test-template:testequals(minebayd1.ClassifiedAd, java.lang.Object)]/[test-template-invocation:#85]
display-name: [85] L'annonce correspond à Annonce n°25 from Zahra crée le 2024-11-04T21:03:50.181631691Z et correpoond à CLOTHES et est à 76euros, L'annonce correspond à Annonce n°1315 from Imam crée le 2024-11-04T21:03:50.165671332Z et correpoond à COMPUTERS et est à 55euros
]]></system-out>
</testcase>
<testcase name="testequals(ClassifiedAd, Object)[86]" classname="minebayd1.test.TestClassifiedAd" time="0">
<system-out><![CDATA[
unique-id: [engine:junit-jupiter]/[class:minebayd1.test.TestClassifiedAd]/[test-template:testequals(minebayd1.ClassifiedAd, java.lang.Object)]/[test-template-invocation:#86]
display-name: [86] L'annonce correspond à Annonce n°846 from Boris crée le 2024-11-04T21:03:50.174549663Z et correpoond à CLOTHES et est à 3euros, L'annonce correspond à Annonce n°1102 from Pierre crée le 2024-11-04T21:03:50.169757906Z et correpoond à COMPUTERS et est à 16euros
]]></system-out>
</testcase>
<testcase name="testequals(ClassifiedAd, Object)[87]" classname="minebayd1.test.TestClassifiedAd" time="0">
<system-out><![CDATA[
unique-id: [engine:junit-jupiter]/[class:minebayd1.test.TestClassifiedAd]/[test-template:testequals(minebayd1.ClassifiedAd, java.lang.Object)]/[test-template-invocation:#87]
display-name: [87] L'annonce correspond à Annonce n°353 from Lyes crée le 2024-11-04T21:03:50.179636956Z et correpoond à COMPUTERS et est à 49euros, L'annonce correspond à Annonce n°269 from Sheraz crée le 2024-11-04T21:03:50.180080628Z et correpoond à COMPUTERS et est à 92euros
]]></system-out>
</testcase>
<testcase name="testequals(ClassifiedAd, Object)[88]" classname="minebayd1.test.TestClassifiedAd" time="0">
<system-out><![CDATA[
unique-id: [engine:junit-jupiter]/[class:minebayd1.test.TestClassifiedAd]/[test-template:testequals(minebayd1.ClassifiedAd, java.lang.Object)]/[test-template-invocation:#88]
display-name: [88] L'annonce correspond à Annonce n°1022 from Boris crée le 2024-11-04T21:03:50.170902884Z et correpoond à CLOTHES et est à 63euros, L'annonce correspond à Annonce n°1279 from Rosa crée le 2024-11-04T21:03:50.166033340Z et correpoond à BOOKS et est à 27euros
]]></system-out>
</testcase>
<testcase name="testequals(ClassifiedAd, Object)[89]" classname="minebayd1.test.TestClassifiedAd" time="0">
<system-out><![CDATA[
unique-id: [engine:junit-jupiter]/[class:minebayd1.test.TestClassifiedAd]/[test-template:testequals(minebayd1.ClassifiedAd, java.lang.Object)]/[test-template-invocation:#89]
display-name: [89] L'annonce correspond à Annonce n°565 from Rosa crée le 2024-11-04T21:03:50.178623170Z et correpoond à SHOES et est à 91euros, L'annonce correspond à Annonce n°1135 from Boris crée le 2024-11-04T21:03:50.168802448Z et correpoond à GAMES et est à 8euros
]]></system-out>
</testcase>
<testcase name="testequals(ClassifiedAd, Object)[90]" classname="minebayd1.test.TestClassifiedAd" time="0">
<system-out><![CDATA[
unique-id: [engine:junit-jupiter]/[class:minebayd1.test.TestClassifiedAd]/[test-template:testequals(minebayd1.ClassifiedAd, java.lang.Object)]/[test-template-invocation:#90]
display-name: [90] L'annonce correspond à Annonce n°822 from Idir crée le 2024-11-04T21:03:50.174885920Z et correpoond à GAMES et est à 68euros, L'annonce correspond à Annonce n°852 from Ali crée le 2024-11-04T21:03:50.174354093Z et correpoond à GAMES et est à 31euros
]]></system-out>
</testcase>
<testcase name="testequals(ClassifiedAd, Object)[91]" classname="minebayd1.test.TestClassifiedAd" time="0">
<system-out><![CDATA[
unique-id: [engine:junit-jupiter]/[class:minebayd1.test.TestClassifiedAd]/[test-template:testequals(minebayd1.ClassifiedAd, java.lang.Object)]/[test-template-invocation:#91]
display-name: [91] L'annonce correspond à Annonce n°702 from Chanez crée le 2024-11-04T21:03:50.177587612Z et correpoond à COMPUTERS et est à 99euros, L'annonce correspond à Annonce n°143 from Ismael crée le 2024-11-04T21:03:50.180956265Z et correpoond à GAMES et est à 32euros
]]></system-out>
</testcase>
<testcase name="testequals(ClassifiedAd, Object)[92]" classname="minebayd1.test.TestClassifiedAd" time="0">
<system-out><![CDATA[
unique-id: [engine:junit-jupiter]/[class:minebayd1.test.TestClassifiedAd]/[test-template:testequals(minebayd1.ClassifiedAd, java.lang.Object)]/[test-template-invocation:#92]
display-name: [92] L'annonce correspond à Annonce n°678 from Ali crée le 2024-11-04T21:03:50.177809748Z et correpoond à COMPUTERS et est à 30euros, L'annonce correspond à Annonce n°837 from Ayman crée le 2024-11-04T21:03:50.174659560Z et correpoond à GAMES et est à 91euros
]]></system-out>
</testcase>
<testcase name="testequals(ClassifiedAd, Object)[93]" classname="minebayd1.test.TestClassifiedAd" time="0">
<system-out><![CDATA[
unique-id: [engine:junit-jupiter]/[class:minebayd1.test.TestClassifiedAd]/[test-template:testequals(minebayd1.ClassifiedAd, java.lang.Object)]/[test-template-invocation:#93]
display-name: [93] L'annonce correspond à Annonce n°822 from Idir crée le 2024-11-04T21:03:50.174885920Z et correpoond à GAMES et est à 68euros, L'annonce correspond à Annonce n°796 from Ziad crée le 2024-11-04T21:03:50.175386549Z et correpoond à CLOTHES et est à 95euros
]]></system-out>
</testcase>
<testcase name="testequals(ClassifiedAd, Object)[94]" classname="minebayd1.test.TestClassifiedAd" time="0">
<system-out><![CDATA[
unique-id: [engine:junit-jupiter]/[class:minebayd1.test.TestClassifiedAd]/[test-template:testequals(minebayd1.ClassifiedAd, java.lang.Object)]/[test-template-invocation:#94]
display-name: [94] L'annonce correspond à Annonce n°97 from Pierre crée le 2024-11-04T21:03:50.181275263Z et correpoond à COMPUTERS et est à 54euros, L'annonce correspond à Annonce n°1227 from Mounir crée le 2024-11-04T21:03:50.167161117Z et correpoond à SHOES et est à 51euros
]]></system-out>
</testcase>
<testcase name="testequals(ClassifiedAd, Object)[95]" classname="minebayd1.test.TestClassifiedAd" time="0">
<system-out><![CDATA[
unique-id: [engine:junit-jupiter]/[class:minebayd1.test.TestClassifiedAd]/[test-template:testequals(minebayd1.ClassifiedAd, java.lang.Object)]/[test-template-invocation:#95]
display-name: [95] L'annonce correspond à Annonce n°547 from Pierre crée le 2024-11-04T21:03:50.178703470Z et correpoond à CLOTHES et est à 33euros, L'annonce correspond à Annonce n°1314 from Idir crée le 2024-11-04T21:03:50.165681619Z et correpoond à BOOKS et est à 4euros
]]></system-out>
</testcase>
<testcase name="testequals(ClassifiedAd, Object)[96]" classname="minebayd1.test.TestClassifiedAd" time="0">
<system-out><![CDATA[
unique-id: [engine:junit-jupiter]/[class:minebayd1.test.TestClassifiedAd]/[test-template:testequals(minebayd1.ClassifiedAd, java.lang.Object)]/[test-template-invocation:#96]
display-name: [96] L'annonce correspond à Annonce n°454 from Adam crée le 2024-11-04T21:03:50.179100160Z et correpoond à SHOES et est à 36euros, L'annonce correspond à Annonce n°813 from Lamia crée le 2024-11-04T21:03:50.175192732Z et correpoond à GAMES et est à 93euros
]]></system-out>
</testcase>
<testcase name="testequals(ClassifiedAd, Object)[97]" classname="minebayd1.test.TestClassifiedAd" time="0">
<system-out><![CDATA[
unique-id: [engine:junit-jupiter]/[class:minebayd1.test.TestClassifiedAd]/[test-template:testequals(minebayd1.ClassifiedAd, java.lang.Object)]/[test-template-invocation:#97]
display-name: [97] L'annonce correspond à Annonce n°809 from Lyes crée le 2024-11-04T21:03:50.175238815Z et correpoond à SHOES et est à 19euros, L'annonce correspond à Annonce n°306 from Idir crée le 2024-11-04T21:03:50.179889264Z et correpoond à COMPUTERS et est à 50euros
]]></system-out>
</testcase>
<testcase name="testequals(ClassifiedAd, Object)[98]" classname="minebayd1.test.TestClassifiedAd" time="0">
<system-out><![CDATA[
unique-id: [engine:junit-jupiter]/[class:minebayd1.test.TestClassifiedAd]/[test-template:testequals(minebayd1.ClassifiedAd, java.lang.Object)]/[test-template-invocation:#98]
display-name: [98] L'annonce correspond à Annonce n°419 from Rosa crée le 2024-11-04T21:03:50.179293780Z et correpoond à BOOKS et est à 23euros, L'annonce correspond à Annonce n°429 from Aliou crée le 2024-11-04T21:03:50.179242280Z et correpoond à GAMES et est à 68euros
]]></system-out>
</testcase>
<testcase name="testequals(ClassifiedAd, Object)[99]" classname="minebayd1.test.TestClassifiedAd" time="0">
<system-out><![CDATA[
unique-id: [engine:junit-jupiter]/[class:minebayd1.test.TestClassifiedAd]/[test-template:testequals(minebayd1.ClassifiedAd, java.lang.Object)]/[test-template-invocation:#99]
display-name: [99] L'annonce correspond à Annonce n°1392 from Lisa crée le 2024-11-04T21:03:50.164130383Z et correpoond à BOOKS et est à 80euros, L'annonce correspond à Annonce n°1228 from Pierre crée le 2024-11-04T21:03:50.167152762Z et correpoond à COMPUTERS et est à 23euros
]]></system-out>
</testcase>
<testcase name="testequals(ClassifiedAd, Object)[100]" classname="minebayd1.test.TestClassifiedAd" time="0">
<system-out><![CDATA[
unique-id: [engine:junit-jupiter]/[class:minebayd1.test.TestClassifiedAd]/[test-template:testequals(minebayd1.ClassifiedAd, java.lang.Object)]/[test-template-invocation:#100]
display-name: [100] L'annonce correspond à Annonce n°1251 from Zahra crée le 2024-11-04T21:03:50.166664505Z et correpoond à COMPUTERS et est à 13euros, L'annonce correspond à Annonce n°1489 from Faycal crée le 2024-11-04T21:03:50.161506248Z et correpoond à CLOTHES et est à 27euros
]]></system-out>
</testcase>
<testcase name="testgetPrice(ClassifiedAd)[1]" classname="minebayd1.test.TestClassifiedAd" time="0">
<system-out><![CDATA[
unique-id: [engine:junit-jupiter]/[class:minebayd1.test.TestClassifiedAd]/[test-template:testgetPrice(minebayd1.ClassifiedAd)]/[test-template-invocation:#1]
display-name: [1] L'annonce correspond à Annonce n°1162 from Nima crée le 2024-11-04T21:03:50.168178208Z et correpoond à SHOES et est à 79euros
]]></system-out>
</testcase>
<testcase name="testgetPrice(ClassifiedAd)[2]" classname="minebayd1.test.TestClassifiedAd" time="0">
<system-out><![CDATA[
unique-id: [engine:junit-jupiter]/[class:minebayd1.test.TestClassifiedAd]/[test-template:testgetPrice(minebayd1.ClassifiedAd)]/[test-template-invocation:#2]
display-name: [2] L'annonce correspond à Annonce n°736 from Lisa crée le 2024-11-04T21:03:50.176230221Z et correpoond à GAMES et est à 71euros
]]></system-out>
</testcase>
<testcase name="testgetPrice(ClassifiedAd)[3]" classname="minebayd1.test.TestClassifiedAd" time="0">
<system-out><![CDATA[
unique-id: [engine:junit-jupiter]/[class:minebayd1.test.TestClassifiedAd]/[test-template:testgetPrice(minebayd1.ClassifiedAd)]/[test-template-invocation:#3]
display-name: [3] L'annonce correspond à Annonce n°624 from Faycal crée le 2024-11-04T21:03:50.178232965Z et correpoond à GAMES et est à 27euros
]]></system-out>
</testcase>
<testcase name="testgetPrice(ClassifiedAd)[4]" classname="minebayd1.test.TestClassifiedAd" time="0">
<system-out><![CDATA[
unique-id: [engine:junit-jupiter]/[class:minebayd1.test.TestClassifiedAd]/[test-template:testgetPrice(minebayd1.ClassifiedAd)]/[test-template-invocation:#4]
display-name: [4] L'annonce correspond à Annonce n°467 from Ziad crée le 2024-11-04T21:03:50.179021091Z et correpoond à COMPUTERS et est à 47euros
]]></system-out>
</testcase>
<testcase name="testgetPrice(ClassifiedAd)[5]" classname="minebayd1.test.TestClassifiedAd" time="0">
<system-out><![CDATA[
unique-id: [engine:junit-jupiter]/[class:minebayd1.test.TestClassifiedAd]/[test-template:testgetPrice(minebayd1.ClassifiedAd)]/[test-template-invocation:#5]
display-name: [5] L'annonce correspond à Annonce n°56 from Adam crée le 2024-11-04T21:03:50.181488944Z et correpoond à GAMES et est à 100euros
]]></system-out>
</testcase>
<testcase name="testgetPrice(ClassifiedAd)[6]" classname="minebayd1.test.TestClassifiedAd" time="0">
<system-out><![CDATA[
unique-id: [engine:junit-jupiter]/[class:minebayd1.test.TestClassifiedAd]/[test-template:testgetPrice(minebayd1.ClassifiedAd)]/[test-template-invocation:#6]
display-name: [6] L'annonce correspond à Annonce n°1432 from Ziad crée le 2024-11-04T21:03:50.163126417Z et correpoond à COMPUTERS et est à 99euros
]]></system-out>
</testcase>
<testcase name="testgetPrice(ClassifiedAd)[7]" classname="minebayd1.test.TestClassifiedAd" time="0">
<system-out><![CDATA[
unique-id: [engine:junit-jupiter]/[class:minebayd1.test.TestClassifiedAd]/[test-template:testgetPrice(minebayd1.ClassifiedAd)]/[test-template-invocation:#7]
display-name: [7] L'annonce correspond à Annonce n°757 from Faycal crée le 2024-11-04T21:03:50.175982165Z et correpoond à COMPUTERS et est à 50euros
]]></system-out>
</testcase>
<testcase name="testgetPrice(ClassifiedAd)[8]" classname="minebayd1.test.TestClassifiedAd" time="0">
<system-out><![CDATA[
unique-id: [engine:junit-jupiter]/[class:minebayd1.test.TestClassifiedAd]/[test-template:testgetPrice(minebayd1.ClassifiedAd)]/[test-template-invocation:#8]
display-name: [8] L'annonce correspond à Annonce n°1172 from Zahra crée le 2024-11-04T21:03:50.167954900Z et correpoond à COMPUTERS et est à 23euros
]]></system-out>
</testcase>
<testcase name="testgetPrice(ClassifiedAd)[9]" classname="minebayd1.test.TestClassifiedAd" time="0">
<system-out><![CDATA[
unique-id: [engine:junit-jupiter]/[class:minebayd1.test.TestClassifiedAd]/[test-template:testgetPrice(minebayd1.ClassifiedAd)]/[test-template-invocation:#9]
display-name: [9] L'annonce correspond à Annonce n°701 from Mounir crée le 2024-11-04T21:03:50.177597517Z et correpoond à SHOES et est à 16euros
]]></system-out>
</testcase>
<testcase name="testgetPrice(ClassifiedAd)[10]" classname="minebayd1.test.TestClassifiedAd" time="0">
<system-out><![CDATA[
unique-id: [engine:junit-jupiter]/[class:minebayd1.test.TestClassifiedAd]/[test-template:testgetPrice(minebayd1.ClassifiedAd)]/[test-template-invocation:#10]
display-name: [10] L'annonce correspond à Annonce n°614 from Yanis crée le 2024-11-04T21:03:50.178291591Z et correpoond à COMPUTERS et est à 91euros
]]></system-out>
</testcase>
<testcase name="testgetPrice(ClassifiedAd)[11]" classname="minebayd1.test.TestClassifiedAd" time="0">
<system-out><![CDATA[
unique-id: [engine:junit-jupiter]/[class:minebayd1.test.TestClassifiedAd]/[test-template:testgetPrice(minebayd1.ClassifiedAd)]/[test-template-invocation:#11]
display-name: [11] L'annonce correspond à Annonce n°136 from Chanez crée le 2024-11-04T21:03:50.181020432Z et correpoond à COMPUTERS et est à 1euros
]]></system-out>
</testcase>
<testcase name="testgetPrice(ClassifiedAd)[12]" classname="minebayd1.test.TestClassifiedAd" time="0">
<system-out><![CDATA[
unique-id: [engine:junit-jupiter]/[class:minebayd1.test.TestClassifiedAd]/[test-template:testgetPrice(minebayd1.ClassifiedAd)]/[test-template-invocation:#12]
display-name: [12] L'annonce correspond à Annonce n°656 from Nima crée le 2024-11-04T21:03:50.177950314Z et correpoond à SHOES et est à 100euros
]]></system-out>
</testcase>
<testcase name="testgetPrice(ClassifiedAd)[13]" classname="minebayd1.test.TestClassifiedAd" time="0">
<system-out><![CDATA[
unique-id: [engine:junit-jupiter]/[class:minebayd1.test.TestClassifiedAd]/[test-template:testgetPrice(minebayd1.ClassifiedAd)]/[test-template-invocation:#13]
display-name: [13] L'annonce correspond à Annonce n°146 from Sheraz crée le 2024-11-04T21:03:50.180932469Z et correpoond à SHOES et est à 6euros
]]></system-out>
</testcase>
<testcase name="testgetPrice(ClassifiedAd)[14]" classname="minebayd1.test.TestClassifiedAd" time="0">
<system-out><![CDATA[
unique-id: [engine:junit-jupiter]/[class:minebayd1.test.TestClassifiedAd]/[test-template:testgetPrice(minebayd1.ClassifiedAd)]/[test-template-invocation:#14]
display-name: [14] L'annonce correspond à Annonce n°380 from Lisa crée le 2024-11-04T21:03:50.179497069Z et correpoond à GAMES et est à 24euros
]]></system-out>
</testcase>
<testcase name="testgetPrice(ClassifiedAd)[15]" classname="minebayd1.test.TestClassifiedAd" time="0">
<system-out><![CDATA[
unique-id: [engine:junit-jupiter]/[class:minebayd1.test.TestClassifiedAd]/[test-template:testgetPrice(minebayd1.ClassifiedAd)]/[test-template-invocation:#15]
display-name: [15] L'annonce correspond à Annonce n°911 from Adam crée le 2024-11-04T21:03:50.173554374Z et correpoond à BOOKS et est à 65euros
]]></system-out>
</testcase>
<testcase name="testgetPrice(ClassifiedAd)[16]" classname="minebayd1.test.TestClassifiedAd" time="0">
<system-out><![CDATA[
unique-id: [engine:junit-jupiter]/[class:minebayd1.test.TestClassifiedAd]/[test-template:testgetPrice(minebayd1.ClassifiedAd)]/[test-template-invocation:#16]
display-name: [16] L'annonce correspond à Annonce n°1496 from Aliou crée le 2024-11-04T21:03:50.161386475Z et correpoond à COMPUTERS et est à 15euros
]]></system-out>
</testcase>
<testcase name="testgetPrice(ClassifiedAd)[17]" classname="minebayd1.test.TestClassifiedAd" time="0">
<system-out><![CDATA[
unique-id: [engine:junit-jupiter]/[class:minebayd1.test.TestClassifiedAd]/[test-template:testgetPrice(minebayd1.ClassifiedAd)]/[test-template-invocation:#17]
display-name: [17] L'annonce correspond à Annonce n°471 from Mohamed crée le 2024-11-04T21:03:50.179005898Z et correpoond à BOOKS et est à 55euros
]]></system-out>
</testcase>
<testcase name="testgetPrice(ClassifiedAd)[18]" classname="minebayd1.test.TestClassifiedAd" time="0">
<system-out><![CDATA[
unique-id: [engine:junit-jupiter]/[class:minebayd1.test.TestClassifiedAd]/[test-template:testgetPrice(minebayd1.ClassifiedAd)]/[test-template-invocation:#18]
display-name: [18] L'annonce correspond à Annonce n°919 from Ali crée le 2024-11-04T21:03:50.173424296Z et correpoond à BOOKS et est à 56euros
]]></system-out>
</testcase>
<testcase name="testgetPrice(ClassifiedAd)[19]" classname="minebayd1.test.TestClassifiedAd" time="0">
<system-out><![CDATA[
unique-id: [engine:junit-jupiter]/[class:minebayd1.test.TestClassifiedAd]/[test-template:testgetPrice(minebayd1.ClassifiedAd)]/[test-template-invocation:#19]
display-name: [19] L'annonce correspond à Annonce n°1259 from Lyes crée le 2024-11-04T21:03:50.166479164Z et correpoond à CLOTHES et est à 59euros
]]></system-out>
</testcase>
<testcase name="testgetPrice(ClassifiedAd)[20]" classname="minebayd1.test.TestClassifiedAd" time="0">
<system-out><![CDATA[
unique-id: [engine:junit-jupiter]/[class:minebayd1.test.TestClassifiedAd]/[test-template:testgetPrice(minebayd1.ClassifiedAd)]/[test-template-invocation:#20]
display-name: [20] L'annonce correspond à Annonce n°30 from Lisa crée le 2024-11-04T21:03:50.181609551Z et correpoond à GAMES et est à 54euros
]]></system-out>
</testcase>
<testcase name="testgetPrice(ClassifiedAd)[21]" classname="minebayd1.test.TestClassifiedAd" time="0.001">
<system-out><![CDATA[
unique-id: [engine:junit-jupiter]/[class:minebayd1.test.TestClassifiedAd]/[test-template:testgetPrice(minebayd1.ClassifiedAd)]/[test-template-invocation:#21]
display-name: [21] L'annonce correspond à Annonce n°86 from Yanis crée le 2024-11-04T21:03:50.181329104Z et correpoond à GAMES et est à 10euros
]]></system-out>
</testcase>
<testcase name="testgetPrice(ClassifiedAd)[22]" classname="minebayd1.test.TestClassifiedAd" time="0">
<system-out><![CDATA[
unique-id: [engine:junit-jupiter]/[class:minebayd1.test.TestClassifiedAd]/[test-template:testgetPrice(minebayd1.ClassifiedAd)]/[test-template-invocation:#22]
display-name: [22] L'annonce correspond à Annonce n°395 from Marcel crée le 2024-11-04T21:03:50.179417978Z et correpoond à GAMES et est à 79euros
]]></system-out>
</testcase>
<testcase name="testgetPrice(ClassifiedAd)[23]" classname="minebayd1.test.TestClassifiedAd" time="0">
<system-out><![CDATA[
unique-id: [engine:junit-jupiter]/[class:minebayd1.test.TestClassifiedAd]/[test-template:testgetPrice(minebayd1.ClassifiedAd)]/[test-template-invocation:#23]
display-name: [23] L'annonce correspond à Annonce n°1228 from Pierre crée le 2024-11-04T21:03:50.167152762Z et correpoond à COMPUTERS et est à 23euros
]]></system-out>
</testcase>
<testcase name="testgetPrice(ClassifiedAd)[24]" classname="minebayd1.test.TestClassifiedAd" time="0">
<system-out><![CDATA[
unique-id: [engine:junit-jupiter]/[class:minebayd1.test.TestClassifiedAd]/[test-template:testgetPrice(minebayd1.ClassifiedAd)]/[test-template-invocation:#24]
display-name: [24] L'annonce correspond à Annonce n°1071 from Yanis crée le 2024-11-04T21:03:50.170283624Z et correpoond à COMPUTERS et est à 35euros
]]></system-out>
</testcase>
<testcase name="testgetPrice(ClassifiedAd)[25]" classname="minebayd1.test.TestClassifiedAd" time="0">
<system-out><![CDATA[
unique-id: [engine:junit-jupiter]/[class:minebayd1.test.TestClassifiedAd]/[test-template:testgetPrice(minebayd1.ClassifiedAd)]/[test-template-invocation:#25]
display-name: [25] L'annonce correspond à Annonce n°309 from Mamadou crée le 2024-11-04T21:03:50.179873525Z et correpoond à BOOKS et est à 23euros
]]></system-out>
</testcase>
<testcase name="testgetPrice(ClassifiedAd)[26]" classname="minebayd1.test.TestClassifiedAd" time="0">
<system-out><![CDATA[
unique-id: [engine:junit-jupiter]/[class:minebayd1.test.TestClassifiedAd]/[test-template:testgetPrice(minebayd1.ClassifiedAd)]/[test-template-invocation:#26]
display-name: [26] L'annonce correspond à Annonce n°520 from Marcel crée le 2024-11-04T21:03:50.178810223Z et correpoond à SHOES et est à 32euros
]]></system-out>
</testcase>
<testcase name="testgetPrice(ClassifiedAd)[27]" classname="minebayd1.test.TestClassifiedAd" time="0">
<system-out><![CDATA[
unique-id: [engine:junit-jupiter]/[class:minebayd1.test.TestClassifiedAd]/[test-template:testgetPrice(minebayd1.ClassifiedAd)]/[test-template-invocation:#27]
display-name: [27] L'annonce correspond à Annonce n°9 from Aliou crée le 2024-11-04T21:03:50.181720593Z et correpoond à COMPUTERS et est à 14euros
]]></system-out>
</testcase>
<testcase name="testgetPrice(ClassifiedAd)[28]" classname="minebayd1.test.TestClassifiedAd" time="0">
<system-out><![CDATA[
unique-id: [engine:junit-jupiter]/[class:minebayd1.test.TestClassifiedAd]/[test-template:testgetPrice(minebayd1.ClassifiedAd)]/[test-template-invocation:#28]
display-name: [28] L'annonce correspond à Annonce n°1261 from Aliou crée le 2024-11-04T21:03:50.166458968Z et correpoond à SHOES et est à 65euros
]]></system-out>
</testcase>
<testcase name="testgetPrice(ClassifiedAd)[29]" classname="minebayd1.test.TestClassifiedAd" time="0">
<system-out><![CDATA[
unique-id: [engine:junit-jupiter]/[class:minebayd1.test.TestClassifiedAd]/[test-template:testgetPrice(minebayd1.ClassifiedAd)]/[test-template-invocation:#29]
display-name: [29] L'annonce correspond à Annonce n°528 from Lamia crée le 2024-11-04T21:03:50.178776990Z et correpoond à GAMES et est à 20euros
]]></system-out>
</testcase>
<testcase name="testgetPrice(ClassifiedAd)[30]" classname="minebayd1.test.TestClassifiedAd" time="0">
<system-out><![CDATA[
unique-id: [engine:junit-jupiter]/[class:minebayd1.test.TestClassifiedAd]/[test-template:testgetPrice(minebayd1.ClassifiedAd)]/[test-template-invocation:#30]
display-name: [30] L'annonce correspond à Annonce n°893 from Imam crée le 2024-11-04T21:03:50.173765314Z et correpoond à CLOTHES et est à 65euros
]]></system-out>
</testcase>
<testcase name="testgetPrice(ClassifiedAd)[31]" classname="minebayd1.test.TestClassifiedAd" time="0">
<system-out><![CDATA[
unique-id: [engine:junit-jupiter]/[class:minebayd1.test.TestClassifiedAd]/[test-template:testgetPrice(minebayd1.ClassifiedAd)]/[test-template-invocation:#31]
display-name: [31] L'annonce correspond à Annonce n°882 from Marcel crée le 2024-11-04T21:03:50.173893534Z et correpoond à BOOKS et est à 92euros
]]></system-out>
</testcase>
<testcase name="testgetPrice(ClassifiedAd)[32]" classname="minebayd1.test.TestClassifiedAd" time="0">
<system-out><![CDATA[
unique-id: [engine:junit-jupiter]/[class:minebayd1.test.TestClassifiedAd]/[test-template:testgetPrice(minebayd1.ClassifiedAd)]/[test-template-invocation:#32]
display-name: [32] L'annonce correspond à Annonce n°1151 from Ziad crée le 2024-11-04T21:03:50.168333141Z et correpoond à COMPUTERS et est à 9euros
]]></system-out>
</testcase>
<testcase name="testgetPrice(ClassifiedAd)[33]" classname="minebayd1.test.TestClassifiedAd" time="0">
<system-out><![CDATA[
unique-id: [engine:junit-jupiter]/[class:minebayd1.test.TestClassifiedAd]/[test-template:testgetPrice(minebayd1.ClassifiedAd)]/[test-template-invocation:#33]
display-name: [33] L'annonce correspond à Annonce n°110 from Mounir crée le 2024-11-04T21:03:50.181213411Z et correpoond à COMPUTERS et est à 2euros
]]></system-out>
</testcase>
<testcase name="testgetPrice(ClassifiedAd)[34]" classname="minebayd1.test.TestClassifiedAd" time="0">
<system-out><![CDATA[
unique-id: [engine:junit-jupiter]/[class:minebayd1.test.TestClassifiedAd]/[test-template:testgetPrice(minebayd1.ClassifiedAd)]/[test-template-invocation:#34]
display-name: [34] L'annonce correspond à Annonce n°328 from Lamia crée le 2024-11-04T21:03:50.179775213Z et correpoond à SHOES et est à 91euros
]]></system-out>
</testcase>
<testcase name="testgetPrice(ClassifiedAd)[35]" classname="minebayd1.test.TestClassifiedAd" time="0">
<system-out><![CDATA[
unique-id: [engine:junit-jupiter]/[class:minebayd1.test.TestClassifiedAd]/[test-template:testgetPrice(minebayd1.ClassifiedAd)]/[test-template-invocation:#35]
display-name: [35] L'annonce correspond à Annonce n°966 from Ayman crée le 2024-11-04T21:03:50.172698819Z et correpoond à SHOES et est à 56euros
]]></system-out>
</testcase>
<testcase name="testgetPrice(ClassifiedAd)[36]" classname="minebayd1.test.TestClassifiedAd" time="0">
<system-out><![CDATA[
unique-id: [engine:junit-jupiter]/[class:minebayd1.test.TestClassifiedAd]/[test-template:testgetPrice(minebayd1.ClassifiedAd)]/[test-template-invocation:#36]
display-name: [36] L'annonce correspond à Annonce n°484 from Lamia crée le 2024-11-04T21:03:50.178949448Z et correpoond à CLOTHES et est à 30euros
]]></system-out>
</testcase>
<testcase name="testgetPrice(ClassifiedAd)[37]" classname="minebayd1.test.TestClassifiedAd" time="0">
<system-out><![CDATA[
unique-id: [engine:junit-jupiter]/[class:minebayd1.test.TestClassifiedAd]/[test-template:testgetPrice(minebayd1.ClassifiedAd)]/[test-template-invocation:#37]
display-name: [37] L'annonce correspond à Annonce n°954 from Lamia crée le 2024-11-04T21:03:50.172840837Z et correpoond à CLOTHES et est à 94euros
]]></system-out>
</testcase>
<testcase name="testgetPrice(ClassifiedAd)[38]" classname="minebayd1.test.TestClassifiedAd" time="0">
<system-out><![CDATA[
unique-id: [engine:junit-jupiter]/[class:minebayd1.test.TestClassifiedAd]/[test-template:testgetPrice(minebayd1.ClassifiedAd)]/[test-template-invocation:#38]
display-name: [38] L'annonce correspond à Annonce n°662 from Lamia crée le 2024-11-04T21:03:50.177908252Z et correpoond à CLOTHES et est à 83euros
]]></system-out>
</testcase>
<testcase name="testgetPrice(ClassifiedAd)[39]" classname="minebayd1.test.TestClassifiedAd" time="0">
<system-out><![CDATA[
unique-id: [engine:junit-jupiter]/[class:minebayd1.test.TestClassifiedAd]/[test-template:testgetPrice(minebayd1.ClassifiedAd)]/[test-template-invocation:#39]
display-name: [39] L'annonce correspond à Annonce n°233 from Chanez crée le 2024-11-04T21:03:50.180266671Z et correpoond à GAMES et est à 49euros
]]></system-out>
</testcase>
<testcase name="testgetPrice(ClassifiedAd)[40]" classname="minebayd1.test.TestClassifiedAd" time="0">
<system-out><![CDATA[
unique-id: [engine:junit-jupiter]/[class:minebayd1.test.TestClassifiedAd]/[test-template:testgetPrice(minebayd1.ClassifiedAd)]/[test-template-invocation:#40]
display-name: [40] L'annonce correspond à Annonce n°975 from Marcel crée le 2024-11-04T21:03:50.172590856Z et correpoond à COMPUTERS et est à 21euros
]]></system-out>
</testcase>
<testcase name="testgetPrice(ClassifiedAd)[41]" classname="minebayd1.test.TestClassifiedAd" time="0">
<system-out><![CDATA[
unique-id: [engine:junit-jupiter]/[class:minebayd1.test.TestClassifiedAd]/[test-template:testgetPrice(minebayd1.ClassifiedAd)]/[test-template-invocation:#41]
display-name: [41] L'annonce correspond à Annonce n°36 from Faycal crée le 2024-11-04T21:03:50.181581433Z et correpoond à BOOKS et est à 18euros
]]></system-out>
</testcase>
<testcase name="testgetPrice(ClassifiedAd)[42]" classname="minebayd1.test.TestClassifiedAd" time="0">
<system-out><![CDATA[
unique-id: [engine:junit-jupiter]/[class:minebayd1.test.TestClassifiedAd]/[test-template:testgetPrice(minebayd1.ClassifiedAd)]/[test-template-invocation:#42]
display-name: [42] L'annonce correspond à Annonce n°874 from Ismael crée le 2024-11-04T21:03:50.173983841Z et correpoond à COMPUTERS et est à 10euros
]]></system-out>
</testcase>
<testcase name="testgetPrice(ClassifiedAd)[43]" classname="minebayd1.test.TestClassifiedAd" time="0">
<system-out><![CDATA[
unique-id: [engine:junit-jupiter]/[class:minebayd1.test.TestClassifiedAd]/[test-template:testgetPrice(minebayd1.ClassifiedAd)]/[test-template-invocation:#43]
display-name: [43] L'annonce correspond à Annonce n°774 from Chanez crée le 2024-11-04T21:03:50.175782871Z et correpoond à BOOKS et est à 39euros
]]></system-out>
</testcase>
<testcase name="testgetPrice(ClassifiedAd)[44]" classname="minebayd1.test.TestClassifiedAd" time="0">
<system-out><![CDATA[
unique-id: [engine:junit-jupiter]/[class:minebayd1.test.TestClassifiedAd]/[test-template:testgetPrice(minebayd1.ClassifiedAd)]/[test-template-invocation:#44]
display-name: [44] L'annonce correspond à Annonce n°494 from Lisa crée le 2024-11-04T21:03:50.178911189Z et correpoond à SHOES et est à 49euros
]]></system-out>
</testcase>
<testcase name="testgetPrice(ClassifiedAd)[45]" classname="minebayd1.test.TestClassifiedAd" time="0">
<system-out><![CDATA[
unique-id: [engine:junit-jupiter]/[class:minebayd1.test.TestClassifiedAd]/[test-template:testgetPrice(minebayd1.ClassifiedAd)]/[test-template-invocation:#45]
display-name: [45] L'annonce correspond à Annonce n°680 from Naila crée le 2024-11-04T21:03:50.177797485Z et correpoond à COMPUTERS et est à 85euros
]]></system-out>
</testcase>
<testcase name="testgetPrice(ClassifiedAd)[46]" classname="minebayd1.test.TestClassifiedAd" time="0">
<system-out><![CDATA[
unique-id: [engine:junit-jupiter]/[class:minebayd1.test.TestClassifiedAd]/[test-template:testgetPrice(minebayd1.ClassifiedAd)]/[test-template-invocation:#46]
display-name: [46] L'annonce correspond à Annonce n°291 from Faycal crée le 2024-11-04T21:03:50.179967531Z et correpoond à SHOES et est à 35euros
]]></system-out>
</testcase>
<testcase name="testgetPrice(ClassifiedAd)[47]" classname="minebayd1.test.TestClassifiedAd" time="0">
<system-out><![CDATA[
unique-id: [engine:junit-jupiter]/[class:minebayd1.test.TestClassifiedAd]/[test-template:testgetPrice(minebayd1.ClassifiedAd)]/[test-template-invocation:#47]
display-name: [47] L'annonce correspond à Annonce n°847 from Issa crée le 2024-11-04T21:03:50.174537137Z et correpoond à SHOES et est à 26euros
]]></system-out>
</testcase>
<testcase name="testgetPrice(ClassifiedAd)[48]" classname="minebayd1.test.TestClassifiedAd" time="0">
<system-out><![CDATA[
unique-id: [engine:junit-jupiter]/[class:minebayd1.test.TestClassifiedAd]/[test-template:testgetPrice(minebayd1.ClassifiedAd)]/[test-template-invocation:#48]
display-name: [48] L'annonce correspond à Annonce n°1240 from Idir crée le 2024-11-04T21:03:50.167044590Z et correpoond à COMPUTERS et est à 55euros
]]></system-out>
</testcase>
<testcase name="testgetPrice(ClassifiedAd)[49]" classname="minebayd1.test.TestClassifiedAd" time="0">
<system-out><![CDATA[
unique-id: [engine:junit-jupiter]/[class:minebayd1.test.TestClassifiedAd]/[test-template:testgetPrice(minebayd1.ClassifiedAd)]/[test-template-invocation:#49]
display-name: [49] L'annonce correspond à Annonce n°158 from Ayman crée le 2024-11-04T21:03:50.180838528Z et correpoond à CLOTHES et est à 46euros
]]></system-out>
</testcase>
<testcase name="testgetPrice(ClassifiedAd)[50]" classname="minebayd1.test.TestClassifiedAd" time="0">
<system-out><![CDATA[
unique-id: [engine:junit-jupiter]/[class:minebayd1.test.TestClassifiedAd]/[test-template:testgetPrice(minebayd1.ClassifiedAd)]/[test-template-invocation:#50]
display-name: [50] L'annonce correspond à Annonce n°1075 from Idir crée le 2024-11-04T21:03:50.170122286Z et correpoond à BOOKS et est à 40euros
]]></system-out>
</testcase>
<testcase name="testgetPrice(ClassifiedAd)[51]" classname="minebayd1.test.TestClassifiedAd" time="0">
<system-out><![CDATA[
unique-id: [engine:junit-jupiter]/[class:minebayd1.test.TestClassifiedAd]/[test-template:testgetPrice(minebayd1.ClassifiedAd)]/[test-template-invocation:#51]
display-name: [51] L'annonce correspond à Annonce n°512 from Marc crée le 2024-11-04T21:03:50.178841390Z et correpoond à GAMES et est à 91euros
]]></system-out>
</testcase>
<testcase name="testgetPrice(ClassifiedAd)[52]" classname="minebayd1.test.TestClassifiedAd" time="0">
<system-out><![CDATA[
unique-id: [engine:junit-jupiter]/[class:minebayd1.test.TestClassifiedAd]/[test-template:testgetPrice(minebayd1.ClassifiedAd)]/[test-template-invocation:#52]
display-name: [52] L'annonce correspond à Annonce n°563 from Imam crée le 2024-11-04T21:03:50.178631298Z et correpoond à BOOKS et est à 85euros
]]></system-out>
</testcase>
<testcase name="testgetPrice(ClassifiedAd)[53]" classname="minebayd1.test.TestClassifiedAd" time="0">
<system-out><![CDATA[
unique-id: [engine:junit-jupiter]/[class:minebayd1.test.TestClassifiedAd]/[test-template:testgetPrice(minebayd1.ClassifiedAd)]/[test-template-invocation:#53]
display-name: [53] L'annonce correspond à Annonce n°1274 from Sheraz crée le 2024-11-04T21:03:50.166320381Z et correpoond à COMPUTERS et est à 8euros
]]></system-out>
</testcase>
<testcase name="testgetPrice(ClassifiedAd)[54]" classname="minebayd1.test.TestClassifiedAd" time="0">
<system-out><![CDATA[
unique-id: [engine:junit-jupiter]/[class:minebayd1.test.TestClassifiedAd]/[test-template:testgetPrice(minebayd1.ClassifiedAd)]/[test-template-invocation:#54]
display-name: [54] L'annonce correspond à Annonce n°1158 from Ziad crée le 2024-11-04T21:03:50.168241585Z et correpoond à CLOTHES et est à 43euros
]]></system-out>
</testcase>
<testcase name="testgetPrice(ClassifiedAd)[55]" classname="minebayd1.test.TestClassifiedAd" time="0">
<system-out><![CDATA[
unique-id: [engine:junit-jupiter]/[class:minebayd1.test.TestClassifiedAd]/[test-template:testgetPrice(minebayd1.ClassifiedAd)]/[test-template-invocation:#55]
display-name: [55] L'annonce correspond à Annonce n°435 from Faycal crée le 2024-11-04T21:03:50.179211089Z et correpoond à SHOES et est à 96euros
]]></system-out>
</testcase>
<testcase name="testgetPrice(ClassifiedAd)[56]" classname="minebayd1.test.TestClassifiedAd" time="0">
<system-out><![CDATA[
unique-id: [engine:junit-jupiter]/[class:minebayd1.test.TestClassifiedAd]/[test-template:testgetPrice(minebayd1.ClassifiedAd)]/[test-template-invocation:#56]
display-name: [56] L'annonce correspond à Annonce n°180 from Ayman crée le 2024-11-04T21:03:50.180645953Z et correpoond à BOOKS et est à 26euros
]]></system-out>
</testcase>
<testcase name="testgetPrice(ClassifiedAd)[57]" classname="minebayd1.test.TestClassifiedAd" time="0">
<system-out><![CDATA[
unique-id: [engine:junit-jupiter]/[class:minebayd1.test.TestClassifiedAd]/[test-template:testgetPrice(minebayd1.ClassifiedAd)]/[test-template-invocation:#57]
display-name: [57] L'annonce correspond à Annonce n°353 from Lyes crée le 2024-11-04T21:03:50.179636956Z et correpoond à COMPUTERS et est à 49euros
]]></system-out>
</testcase>
<testcase name="testgetPrice(ClassifiedAd)[58]" classname="minebayd1.test.TestClassifiedAd" time="0">
<system-out><![CDATA[
unique-id: [engine:junit-jupiter]/[class:minebayd1.test.TestClassifiedAd]/[test-template:testgetPrice(minebayd1.ClassifiedAd)]/[test-template-invocation:#58]
display-name: [58] L'annonce correspond à Annonce n°613 from Boris crée le 2024-11-04T21:03:50.178297578Z et correpoond à BOOKS et est à 25euros
]]></system-out>
</testcase>
<testcase name="testgetPrice(ClassifiedAd)[59]" classname="minebayd1.test.TestClassifiedAd" time="0">
<system-out><![CDATA[
unique-id: [engine:junit-jupiter]/[class:minebayd1.test.TestClassifiedAd]/[test-template:testgetPrice(minebayd1.ClassifiedAd)]/[test-template-invocation:#59]
display-name: [59] L'annonce correspond à Annonce n°753 from Imam crée le 2024-11-04T21:03:50.176026452Z et correpoond à SHOES et est à 43euros
]]></system-out>
</testcase>
<testcase name="testgetPrice(ClassifiedAd)[60]" classname="minebayd1.test.TestClassifiedAd" time="0">
<system-out><![CDATA[
unique-id: [engine:junit-jupiter]/[class:minebayd1.test.TestClassifiedAd]/[test-template:testgetPrice(minebayd1.ClassifiedAd)]/[test-template-invocation:#60]
display-name: [60] L'annonce correspond à Annonce n°1265 from Zahra crée le 2024-11-04T21:03:50.166415761Z et correpoond à CLOTHES et est à 56euros
]]></system-out>
</testcase>
<testcase name="testgetPrice(ClassifiedAd)[61]" classname="minebayd1.test.TestClassifiedAd" time="0">
<system-out><![CDATA[
unique-id: [engine:junit-jupiter]/[class:minebayd1.test.TestClassifiedAd]/[test-template:testgetPrice(minebayd1.ClassifiedAd)]/[test-template-invocation:#61]
display-name: [61] L'annonce correspond à Annonce n°1371 from Chanez crée le 2024-11-04T21:03:50.164580799Z et correpoond à SHOES et est à 68euros
]]></system-out>
</testcase>
<testcase name="testgetPrice(ClassifiedAd)[62]" classname="minebayd1.test.TestClassifiedAd" time="0">
<system-out><![CDATA[
unique-id: [engine:junit-jupiter]/[class:minebayd1.test.TestClassifiedAd]/[test-template:testgetPrice(minebayd1.ClassifiedAd)]/[test-template-invocation:#62]
display-name: [62] L'annonce correspond à Annonce n°582 from Aliou crée le 2024-11-04T21:03:50.178554292Z et correpoond à COMPUTERS et est à 40euros
]]></system-out>
</testcase>
<testcase name="testgetPrice(ClassifiedAd)[63]" classname="minebayd1.test.TestClassifiedAd" time="0">
<system-out><![CDATA[
unique-id: [engine:junit-jupiter]/[class:minebayd1.test.TestClassifiedAd]/[test-template:testgetPrice(minebayd1.ClassifiedAd)]/[test-template-invocation:#63]
display-name: [63] L'annonce correspond à Annonce n°297 from Nima crée le 2024-11-04T21:03:50.179935342Z et correpoond à BOOKS et est à 80euros
]]></system-out>
</testcase>
<testcase name="testgetPrice(ClassifiedAd)[64]" classname="minebayd1.test.TestClassifiedAd" time="0">
<system-out><![CDATA[
unique-id: [engine:junit-jupiter]/[class:minebayd1.test.TestClassifiedAd]/[test-template:testgetPrice(minebayd1.ClassifiedAd)]/[test-template-invocation:#64]
display-name: [64] L'annonce correspond à Annonce n°1164 from Ali crée le 2024-11-04T21:03:50.168153647Z et correpoond à GAMES et est à 55euros
]]></system-out>
</testcase>
<testcase name="testgetPrice(ClassifiedAd)[65]" classname="minebayd1.test.TestClassifiedAd" time="0">
<system-out><![CDATA[
unique-id: [engine:junit-jupiter]/[class:minebayd1.test.TestClassifiedAd]/[test-template:testgetPrice(minebayd1.ClassifiedAd)]/[test-template-invocation:#65]
display-name: [65] L'annonce correspond à Annonce n°606 from Idir crée le 2024-11-04T21:03:50.178338104Z et correpoond à SHOES et est à 30euros
]]></system-out>
</testcase>
<testcase name="testgetPrice(ClassifiedAd)[66]" classname="minebayd1.test.TestClassifiedAd" time="0">
<system-out><![CDATA[
unique-id: [engine:junit-jupiter]/[class:minebayd1.test.TestClassifiedAd]/[test-template:testgetPrice(minebayd1.ClassifiedAd)]/[test-template-invocation:#66]
display-name: [66] L'annonce correspond à Annonce n°1065 from Idir crée le 2024-11-04T21:03:50.170364329Z et correpoond à COMPUTERS et est à 21euros
]]></system-out>
</testcase>
<testcase name="testgetPrice(ClassifiedAd)[67]" classname="minebayd1.test.TestClassifiedAd" time="0">
<system-out><![CDATA[
unique-id: [engine:junit-jupiter]/[class:minebayd1.test.TestClassifiedAd]/[test-template:testgetPrice(minebayd1.ClassifiedAd)]/[test-template-invocation:#67]
display-name: [67] L'annonce correspond à Annonce n°1221 from Issa crée le 2024-11-04T21:03:50.167226834Z et correpoond à COMPUTERS et est à 38euros
]]></system-out>
</testcase>
<testcase name="testgetPrice(ClassifiedAd)[68]" classname="minebayd1.test.TestClassifiedAd" time="0">
<system-out><![CDATA[
unique-id: [engine:junit-jupiter]/[class:minebayd1.test.TestClassifiedAd]/[test-template:testgetPrice(minebayd1.ClassifiedAd)]/[test-template-invocation:#68]
display-name: [68] L'annonce correspond à Annonce n°1036 from Aliou crée le 2024-11-04T21:03:50.170707984Z et correpoond à GAMES et est à 37euros
]]></system-out>
</testcase>
<testcase name="testgetPrice(ClassifiedAd)[69]" classname="minebayd1.test.TestClassifiedAd" time="0">
<system-out><![CDATA[
unique-id: [engine:junit-jupiter]/[class:minebayd1.test.TestClassifiedAd]/[test-template:testgetPrice(minebayd1.ClassifiedAd)]/[test-template-invocation:#69]
display-name: [69] L'annonce correspond à Annonce n°318 from Faycal crée le 2024-11-04T21:03:50.179827178Z et correpoond à COMPUTERS et est à 24euros
]]></system-out>
</testcase>
<testcase name="testgetPrice(ClassifiedAd)[70]" classname="minebayd1.test.TestClassifiedAd" time="0">
<system-out><![CDATA[
unique-id: [engine:junit-jupiter]/[class:minebayd1.test.TestClassifiedAd]/[test-template:testgetPrice(minebayd1.ClassifiedAd)]/[test-template-invocation:#70]
display-name: [70] L'annonce correspond à Annonce n°368 from Zahra crée le 2024-11-04T21:03:50.179559446Z et correpoond à COMPUTERS et est à 64euros
]]></system-out>
</testcase>
<testcase name="testgetPrice(ClassifiedAd)[71]" classname="minebayd1.test.TestClassifiedAd" time="0">
<system-out><![CDATA[
unique-id: [engine:junit-jupiter]/[class:minebayd1.test.TestClassifiedAd]/[test-template:testgetPrice(minebayd1.ClassifiedAd)]/[test-template-invocation:#71]
display-name: [71] L'annonce correspond à Annonce n°676 from Imam crée le 2024-11-04T21:03:50.177822795Z et correpoond à GAMES et est à 1euros
]]></system-out>
</testcase>
<testcase name="testgetPrice(ClassifiedAd)[72]" classname="minebayd1.test.TestClassifiedAd" time="0">
<system-out><![CDATA[
unique-id: [engine:junit-jupiter]/[class:minebayd1.test.TestClassifiedAd]/[test-template:testgetPrice(minebayd1.ClassifiedAd)]/[test-template-invocation:#72]
display-name: [72] L'annonce correspond à Annonce n°922 from Marc crée le 2024-11-04T21:03:50.173390314Z et correpoond à SHOES et est à 23euros
]]></system-out>
</testcase>
<testcase name="testgetPrice(ClassifiedAd)[73]" classname="minebayd1.test.TestClassifiedAd" time="0">
<system-out><![CDATA[
unique-id: [engine:junit-jupiter]/[class:minebayd1.test.TestClassifiedAd]/[test-template:testgetPrice(minebayd1.ClassifiedAd)]/[test-template-invocation:#73]
display-name: [73] L'annonce correspond à Annonce n°317 from Sonia crée le 2024-11-04T21:03:50.179832304Z et correpoond à BOOKS et est à 71euros
]]></system-out>
</testcase>
<testcase name="testgetPrice(ClassifiedAd)[74]" classname="minebayd1.test.TestClassifiedAd" time="0">
<system-out><![CDATA[
unique-id: [engine:junit-jupiter]/[class:minebayd1.test.TestClassifiedAd]/[test-template:testgetPrice(minebayd1.ClassifiedAd)]/[test-template-invocation:#74]
display-name: [74] L'annonce correspond à Annonce n°355 from Aliou crée le 2024-11-04T21:03:50.179626676Z et correpoond à GAMES et est à 46euros
]]></system-out>
</testcase>
<testcase name="testgetPrice(ClassifiedAd)[75]" classname="minebayd1.test.TestClassifiedAd" time="0">
<system-out><![CDATA[
unique-id: [engine:junit-jupiter]/[class:minebayd1.test.TestClassifiedAd]/[test-template:testgetPrice(minebayd1.ClassifiedAd)]/[test-template-invocation:#75]
display-name: [75] L'annonce correspond à Annonce n°206 from Ismael crée le 2024-11-04T21:03:50.180451110Z et correpoond à COMPUTERS et est à 19euros
]]></system-out>
</testcase>
<testcase name="testgetPrice(ClassifiedAd)[76]" classname="minebayd1.test.TestClassifiedAd" time="0">
<system-out><![CDATA[
unique-id: [engine:junit-jupiter]/[class:minebayd1.test.TestClassifiedAd]/[test-template:testgetPrice(minebayd1.ClassifiedAd)]/[test-template-invocation:#76]
display-name: [76] L'annonce correspond à Annonce n°783 from Lisa crée le 2024-11-04T21:03:50.175677266Z et correpoond à CLOTHES et est à 64euros
]]></system-out>
</testcase>
<testcase name="testgetPrice(ClassifiedAd)[77]" classname="minebayd1.test.TestClassifiedAd" time="0">
<system-out><![CDATA[
unique-id: [engine:junit-jupiter]/[class:minebayd1.test.TestClassifiedAd]/[test-template:testgetPrice(minebayd1.ClassifiedAd)]/[test-template-invocation:#77]
display-name: [77] L'annonce correspond à Annonce n°1164 from Ali crée le 2024-11-04T21:03:50.168153647Z et correpoond à GAMES et est à 55euros
]]></system-out>
</testcase>
<testcase name="testgetPrice(ClassifiedAd)[78]" classname="minebayd1.test.TestClassifiedAd" time="0">
<system-out><![CDATA[
unique-id: [engine:junit-jupiter]/[class:minebayd1.test.TestClassifiedAd]/[test-template:testgetPrice(minebayd1.ClassifiedAd)]/[test-template-invocation:#78]
display-name: [78] L'annonce correspond à Annonce n°1057 from Marcel crée le 2024-11-04T21:03:50.170455416Z et correpoond à GAMES et est à 39euros
]]></system-out>
</testcase>
<testcase name="testgetPrice(ClassifiedAd)[79]" classname="minebayd1.test.TestClassifiedAd" time="0">
<system-out><![CDATA[
unique-id: [engine:junit-jupiter]/[class:minebayd1.test.TestClassifiedAd]/[test-template:testgetPrice(minebayd1.ClassifiedAd)]/[test-template-invocation:#79]
display-name: [79] L'annonce correspond à Annonce n°409 from Lamia crée le 2024-11-04T21:03:50.179345946Z et correpoond à SHOES et est à 6euros
]]></system-out>
</testcase>
<testcase name="testgetPrice(ClassifiedAd)[80]" classname="minebayd1.test.TestClassifiedAd" time="0">
<system-out><![CDATA[
unique-id: [engine:junit-jupiter]/[class:minebayd1.test.TestClassifiedAd]/[test-template:testgetPrice(minebayd1.ClassifiedAd)]/[test-template-invocation:#80]
display-name: [80] L'annonce correspond à Annonce n°1112 from Pierre crée le 2024-11-04T21:03:50.169615261Z et correpoond à SHOES et est à 42euros
]]></system-out>
</testcase>
<testcase name="testgetPrice(ClassifiedAd)[81]" classname="minebayd1.test.TestClassifiedAd" time="0">
<system-out><![CDATA[
unique-id: [engine:junit-jupiter]/[class:minebayd1.test.TestClassifiedAd]/[test-template:testgetPrice(minebayd1.ClassifiedAd)]/[test-template-invocation:#81]
display-name: [81] L'annonce correspond à Annonce n°986 from Naila crée le 2024-11-04T21:03:50.172449253Z et correpoond à COMPUTERS et est à 40euros
]]></system-out>
</testcase>
<testcase name="testgetPrice(ClassifiedAd)[82]" classname="minebayd1.test.TestClassifiedAd" time="0">
<system-out><![CDATA[
unique-id: [engine:junit-jupiter]/[class:minebayd1.test.TestClassifiedAd]/[test-template:testgetPrice(minebayd1.ClassifiedAd)]/[test-template-invocation:#82]
display-name: [82] L'annonce correspond à Annonce n°658 from Mohamed crée le 2024-11-04T21:03:50.177938297Z et correpoond à GAMES et est à 58euros
]]></system-out>
</testcase>
<testcase name="testgetPrice(ClassifiedAd)[83]" classname="minebayd1.test.TestClassifiedAd" time="0">
<system-out><![CDATA[
unique-id: [engine:junit-jupiter]/[class:minebayd1.test.TestClassifiedAd]/[test-template:testgetPrice(minebayd1.ClassifiedAd)]/[test-template-invocation:#83]
display-name: [83] L'annonce correspond à Annonce n°531 from Naila crée le 2024-11-04T21:03:50.178765542Z et correpoond à BOOKS et est à 8euros
]]></system-out>
</testcase>
<testcase name="testgetPrice(ClassifiedAd)[84]" classname="minebayd1.test.TestClassifiedAd" time="0">
<system-out><![CDATA[
unique-id: [engine:junit-jupiter]/[class:minebayd1.test.TestClassifiedAd]/[test-template:testgetPrice(minebayd1.ClassifiedAd)]/[test-template-invocation:#84]
display-name: [84] L'annonce correspond à Annonce n°161 from Mounir crée le 2024-11-04T21:03:50.180815152Z et correpoond à CLOTHES et est à 92euros
]]></system-out>
</testcase>
<testcase name="testgetPrice(ClassifiedAd)[85]" classname="minebayd1.test.TestClassifiedAd" time="0">
<system-out><![CDATA[
unique-id: [engine:junit-jupiter]/[class:minebayd1.test.TestClassifiedAd]/[test-template:testgetPrice(minebayd1.ClassifiedAd)]/[test-template-invocation:#85]
display-name: [85] L'annonce correspond à Annonce n°978 from Ali crée le 2024-11-04T21:03:50.172554408Z et correpoond à COMPUTERS et est à 53euros
]]></system-out>
</testcase>
<testcase name="testgetPrice(ClassifiedAd)[86]" classname="minebayd1.test.TestClassifiedAd" time="0">
<system-out><![CDATA[
unique-id: [engine:junit-jupiter]/[class:minebayd1.test.TestClassifiedAd]/[test-template:testgetPrice(minebayd1.ClassifiedAd)]/[test-template-invocation:#86]
display-name: [86] L'annonce correspond à Annonce n°910 from Ayman crée le 2024-11-04T21:03:50.173566464Z et correpoond à CLOTHES et est à 9euros
]]></system-out>
</testcase>
<testcase name="testgetPrice(ClassifiedAd)[87]" classname="minebayd1.test.TestClassifiedAd" time="0">
<system-out><![CDATA[
unique-id: [engine:junit-jupiter]/[class:minebayd1.test.TestClassifiedAd]/[test-template:testgetPrice(minebayd1.ClassifiedAd)]/[test-template-invocation:#87]
display-name: [87] L'annonce correspond à Annonce n°397 from Marcel crée le 2024-11-04T21:03:50.179407629Z et correpoond à SHOES et est à 100euros
]]></system-out>
</testcase>
<testcase name="testgetPrice(ClassifiedAd)[88]" classname="minebayd1.test.TestClassifiedAd" time="0">
<system-out><![CDATA[
unique-id: [engine:junit-jupiter]/[class:minebayd1.test.TestClassifiedAd]/[test-template:testgetPrice(minebayd1.ClassifiedAd)]/[test-template-invocation:#88]
display-name: [88] L'annonce correspond à Annonce n°17 from Marc crée le 2024-11-04T21:03:50.181683794Z et correpoond à BOOKS et est à 68euros
]]></system-out>
</testcase>
<testcase name="testgetPrice(ClassifiedAd)[89]" classname="minebayd1.test.TestClassifiedAd" time="0">
<system-out><![CDATA[
unique-id: [engine:junit-jupiter]/[class:minebayd1.test.TestClassifiedAd]/[test-template:testgetPrice(minebayd1.ClassifiedAd)]/[test-template-invocation:#89]
display-name: [89] L'annonce correspond à Annonce n°314 from Idir crée le 2024-11-04T21:03:50.179847666Z et correpoond à COMPUTERS et est à 91euros
]]></system-out>
</testcase>
<testcase name="testgetPrice(ClassifiedAd)[90]" classname="minebayd1.test.TestClassifiedAd" time="0">
<system-out><![CDATA[
unique-id: [engine:junit-jupiter]/[class:minebayd1.test.TestClassifiedAd]/[test-template:testgetPrice(minebayd1.ClassifiedAd)]/[test-template-invocation:#90]
display-name: [90] L'annonce correspond à Annonce n°578 from Nima crée le 2024-11-04T21:03:50.178570197Z et correpoond à SHOES et est à 48euros
]]></system-out>
</testcase>
<testcase name="testgetPrice(ClassifiedAd)[91]" classname="minebayd1.test.TestClassifiedAd" time="0">
<system-out><![CDATA[
unique-id: [engine:junit-jupiter]/[class:minebayd1.test.TestClassifiedAd]/[test-template:testgetPrice(minebayd1.ClassifiedAd)]/[test-template-invocation:#91]
display-name: [91] L'annonce correspond à Annonce n°82 from Boris crée le 2024-11-04T21:03:50.181347119Z et correpoond à CLOTHES et est à 3euros
]]></system-out>
</testcase>
<testcase name="testgetPrice(ClassifiedAd)[92]" classname="minebayd1.test.TestClassifiedAd" time="0">
<system-out><![CDATA[
unique-id: [engine:junit-jupiter]/[class:minebayd1.test.TestClassifiedAd]/[test-template:testgetPrice(minebayd1.ClassifiedAd)]/[test-template-invocation:#92]
display-name: [92] L'annonce correspond à Annonce n°770 from Rosa crée le 2024-11-04T21:03:50.175828198Z et correpoond à BOOKS et est à 88euros
]]></system-out>
</testcase>
<testcase name="testgetPrice(ClassifiedAd)[93]" classname="minebayd1.test.TestClassifiedAd" time="0">
<system-out><![CDATA[
unique-id: [engine:junit-jupiter]/[class:minebayd1.test.TestClassifiedAd]/[test-template:testgetPrice(minebayd1.ClassifiedAd)]/[test-template-invocation:#93]
display-name: [93] L'annonce correspond à Annonce n°526 from Sheraz crée le 2024-11-04T21:03:50.178786152Z et correpoond à COMPUTERS et est à 43euros
]]></system-out>
</testcase>
<testcase name="testgetPrice(ClassifiedAd)[94]" classname="minebayd1.test.TestClassifiedAd" time="0">
<system-out><![CDATA[
unique-id: [engine:junit-jupiter]/[class:minebayd1.test.TestClassifiedAd]/[test-template:testgetPrice(minebayd1.ClassifiedAd)]/[test-template-invocation:#94]
display-name: [94] L'annonce correspond à Annonce n°727 from Adam crée le 2024-11-04T21:03:50.177243696Z et correpoond à SHOES et est à 92euros
]]></system-out>
</testcase>
<testcase name="testgetPrice(ClassifiedAd)[95]" classname="minebayd1.test.TestClassifiedAd" time="0">
<system-out><![CDATA[
unique-id: [engine:junit-jupiter]/[class:minebayd1.test.TestClassifiedAd]/[test-template:testgetPrice(minebayd1.ClassifiedAd)]/[test-template-invocation:#95]
display-name: [95] L'annonce correspond à Annonce n°805 from Idir crée le 2024-11-04T21:03:50.175284274Z et correpoond à BOOKS et est à 34euros
]]></system-out>
</testcase>
<testcase name="testgetPrice(ClassifiedAd)[96]" classname="minebayd1.test.TestClassifiedAd" time="0">
<system-out><![CDATA[
unique-id: [engine:junit-jupiter]/[class:minebayd1.test.TestClassifiedAd]/[test-template:testgetPrice(minebayd1.ClassifiedAd)]/[test-template-invocation:#96]
display-name: [96] L'annonce correspond à Annonce n°654 from Chanez crée le 2024-11-04T21:03:50.177962183Z et correpoond à SHOES et est à 54euros
]]></system-out>
</testcase>
<testcase name="testgetPrice(ClassifiedAd)[97]" classname="minebayd1.test.TestClassifiedAd" time="0">
<system-out><![CDATA[
unique-id: [engine:junit-jupiter]/[class:minebayd1.test.TestClassifiedAd]/[test-template:testgetPrice(minebayd1.ClassifiedAd)]/[test-template-invocation:#97]
display-name: [97] L'annonce correspond à Annonce n°909 from Lisa crée le 2024-11-04T21:03:50.173577959Z et correpoond à COMPUTERS et est à 11euros
]]></system-out>
</testcase>
<testcase name="testgetPrice(ClassifiedAd)[98]" classname="minebayd1.test.TestClassifiedAd" time="0">
<system-out><![CDATA[
unique-id: [engine:junit-jupiter]/[class:minebayd1.test.TestClassifiedAd]/[test-template:testgetPrice(minebayd1.ClassifiedAd)]/[test-template-invocation:#98]
display-name: [98] L'annonce correspond à Annonce n°1221 from Issa crée le 2024-11-04T21:03:50.167226834Z et correpoond à COMPUTERS et est à 38euros
]]></system-out>
</testcase>
<testcase name="testgetPrice(ClassifiedAd)[99]" classname="minebayd1.test.TestClassifiedAd" time="0">
<system-out><![CDATA[
unique-id: [engine:junit-jupiter]/[class:minebayd1.test.TestClassifiedAd]/[test-template:testgetPrice(minebayd1.ClassifiedAd)]/[test-template-invocation:#99]
display-name: [99] L'annonce correspond à Annonce n°99 from Zahra crée le 2024-11-04T21:03:50.181266201Z et correpoond à GAMES et est à 91euros
]]></system-out>
</testcase>
<testcase name="testgetPrice(ClassifiedAd)[100]" classname="minebayd1.test.TestClassifiedAd" time="0">
<system-out><![CDATA[
unique-id: [engine:junit-jupiter]/[class:minebayd1.test.TestClassifiedAd]/[test-template:testgetPrice(minebayd1.ClassifiedAd)]/[test-template-invocation:#100]
display-name: [100] L'annonce correspond à Annonce n°268 from Mohamed crée le 2024-11-04T21:03:50.180085935Z et correpoond à SHOES et est à 47euros
]]></system-out>
</testcase>
<testcase name="testtoString(ClassifiedAd)[1]" classname="minebayd1.test.TestClassifiedAd" time="0">
<system-out><![CDATA[
unique-id: [engine:junit-jupiter]/[class:minebayd1.test.TestClassifiedAd]/[test-template:testtoString(minebayd1.ClassifiedAd)]/[test-template-invocation:#1]
display-name: [1] L'annonce correspond à Annonce n°706 from Faycal crée le 2024-11-04T21:03:50.177549279Z et correpoond à CLOTHES et est à 27euros
]]></system-out>
</testcase>
<testcase name="testtoString(ClassifiedAd)[2]" classname="minebayd1.test.TestClassifiedAd" time="0">
<system-out><![CDATA[
unique-id: [engine:junit-jupiter]/[class:minebayd1.test.TestClassifiedAd]/[test-template:testtoString(minebayd1.ClassifiedAd)]/[test-template-invocation:#2]
display-name: [2] L'annonce correspond à Annonce n°530 from Ismael crée le 2024-11-04T21:03:50.178769316Z et correpoond à COMPUTERS et est à 5euros
]]></system-out>
</testcase>
<testcase name="testtoString(ClassifiedAd)[3]" classname="minebayd1.test.TestClassifiedAd" time="0">
<system-out><![CDATA[
unique-id: [engine:junit-jupiter]/[class:minebayd1.test.TestClassifiedAd]/[test-template:testtoString(minebayd1.ClassifiedAd)]/[test-template-invocation:#3]
display-name: [3] L'annonce correspond à Annonce n°847 from Issa crée le 2024-11-04T21:03:50.174537137Z et correpoond à SHOES et est à 26euros
]]></system-out>
</testcase>
<testcase name="testtoString(ClassifiedAd)[4]" classname="minebayd1.test.TestClassifiedAd" time="0">
<system-out><![CDATA[
unique-id: [engine:junit-jupiter]/[class:minebayd1.test.TestClassifiedAd]/[test-template:testtoString(minebayd1.ClassifiedAd)]/[test-template-invocation:#4]
display-name: [4] L'annonce correspond à Annonce n°891 from Ayman crée le 2024-11-04T21:03:50.173788770Z et correpoond à COMPUTERS et est à 91euros
]]></system-out>
</testcase>
<testcase name="testtoString(ClassifiedAd)[5]" classname="minebayd1.test.TestClassifiedAd" time="0">
<system-out><![CDATA[
unique-id: [engine:junit-jupiter]/[class:minebayd1.test.TestClassifiedAd]/[test-template:testtoString(minebayd1.ClassifiedAd)]/[test-template-invocation:#5]
display-name: [5] L'annonce correspond à Annonce n°452 from Lamia crée le 2024-11-04T21:03:50.179111318Z et correpoond à GAMES et est à 82euros
]]></system-out>
</testcase>
<testcase name="testtoString(ClassifiedAd)[6]" classname="minebayd1.test.TestClassifiedAd" time="0">
<system-out><![CDATA[
unique-id: [engine:junit-jupiter]/[class:minebayd1.test.TestClassifiedAd]/[test-template:testtoString(minebayd1.ClassifiedAd)]/[test-template-invocation:#6]
display-name: [6] L'annonce correspond à Annonce n°286 from Ali crée le 2024-11-04T21:03:50.179993141Z et correpoond à BOOKS et est à 42euros
]]></system-out>
</testcase>
<testcase name="testtoString(ClassifiedAd)[7]" classname="minebayd1.test.TestClassifiedAd" time="0">
<system-out><![CDATA[
unique-id: [engine:junit-jupiter]/[class:minebayd1.test.TestClassifiedAd]/[test-template:testtoString(minebayd1.ClassifiedAd)]/[test-template-invocation:#7]
display-name: [7] L'annonce correspond à Annonce n°998 from Ismael crée le 2024-11-04T21:03:50.171176134Z et correpoond à GAMES et est à 94euros
]]></system-out>
</testcase>
<testcase name="testtoString(ClassifiedAd)[8]" classname="minebayd1.test.TestClassifiedAd" time="0">
<system-out><![CDATA[
unique-id: [engine:junit-jupiter]/[class:minebayd1.test.TestClassifiedAd]/[test-template:testtoString(minebayd1.ClassifiedAd)]/[test-template-invocation:#8]
display-name: [8] L'annonce correspond à Annonce n°723 from Imam crée le 2024-11-04T21:03:50.177280212Z et correpoond à GAMES et est à 78euros
]]></system-out>
</testcase>
<testcase name="testtoString(ClassifiedAd)[9]" classname="minebayd1.test.TestClassifiedAd" time="0">
<system-out><![CDATA[
unique-id: [engine:junit-jupiter]/[class:minebayd1.test.TestClassifiedAd]/[test-template:testtoString(minebayd1.ClassifiedAd)]/[test-template-invocation:#9]
display-name: [9] L'annonce correspond à Annonce n°390 from Issa crée le 2024-11-04T21:03:50.179443703Z et correpoond à BOOKS et est à 27euros
]]></system-out>
</testcase>
<testcase name="testtoString(ClassifiedAd)[10]" classname="minebayd1.test.TestClassifiedAd" time="0">
<system-out><![CDATA[
unique-id: [engine:junit-jupiter]/[class:minebayd1.test.TestClassifiedAd]/[test-template:testtoString(minebayd1.ClassifiedAd)]/[test-template-invocation:#10]
display-name: [10] L'annonce correspond à Annonce n°1085 from Ziad crée le 2024-11-04T21:03:50.169993574Z et correpoond à COMPUTERS et est à 11euros
]]></system-out>
</testcase>
<testcase name="testtoString(ClassifiedAd)[11]" classname="minebayd1.test.TestClassifiedAd" time="0">
<system-out><![CDATA[
unique-id: [engine:junit-jupiter]/[class:minebayd1.test.TestClassifiedAd]/[test-template:testtoString(minebayd1.ClassifiedAd)]/[test-template-invocation:#11]
display-name: [11] L'annonce correspond à Annonce n°1070 from Ziad crée le 2024-11-04T21:03:50.170294879Z et correpoond à COMPUTERS et est à 73euros
]]></system-out>
</testcase>
<testcase name="testtoString(ClassifiedAd)[12]" classname="minebayd1.test.TestClassifiedAd" time="0">
<system-out><![CDATA[
unique-id: [engine:junit-jupiter]/[class:minebayd1.test.TestClassifiedAd]/[test-template:testtoString(minebayd1.ClassifiedAd)]/[test-template-invocation:#12]
display-name: [12] L'annonce correspond à Annonce n°1320 from Nima crée le 2024-11-04T21:03:50.165619284Z et correpoond à BOOKS et est à 92euros
]]></system-out>
</testcase>
<testcase name="testtoString(ClassifiedAd)[13]" classname="minebayd1.test.TestClassifiedAd" time="0">
<system-out><![CDATA[
unique-id: [engine:junit-jupiter]/[class:minebayd1.test.TestClassifiedAd]/[test-template:testtoString(minebayd1.ClassifiedAd)]/[test-template-invocation:#13]
display-name: [13] L'annonce correspond à Annonce n°59 from Sheraz crée le 2024-11-04T21:03:50.181475480Z et correpoond à SHOES et est à 49euros
]]></system-out>
</testcase>
<testcase name="testtoString(ClassifiedAd)[14]" classname="minebayd1.test.TestClassifiedAd" time="0">
<system-out><![CDATA[
unique-id: [engine:junit-jupiter]/[class:minebayd1.test.TestClassifiedAd]/[test-template:testtoString(minebayd1.ClassifiedAd)]/[test-template-invocation:#14]
display-name: [14] L'annonce correspond à Annonce n°417 from Issa crée le 2024-11-04T21:03:50.179304060Z et correpoond à COMPUTERS et est à 90euros
]]></system-out>
</testcase>
<testcase name="testtoString(ClassifiedAd)[15]" classname="minebayd1.test.TestClassifiedAd" time="0">
<system-out><![CDATA[
unique-id: [engine:junit-jupiter]/[class:minebayd1.test.TestClassifiedAd]/[test-template:testtoString(minebayd1.ClassifiedAd)]/[test-template-invocation:#15]
display-name: [15] L'annonce correspond à Annonce n°1452 from Zahra crée le 2024-11-04T21:03:50.162692843Z et correpoond à COMPUTERS et est à 54euros
]]></system-out>
</testcase>
<testcase name="testtoString(ClassifiedAd)[16]" classname="minebayd1.test.TestClassifiedAd" time="0.001">
<system-out><![CDATA[
unique-id: [engine:junit-jupiter]/[class:minebayd1.test.TestClassifiedAd]/[test-template:testtoString(minebayd1.ClassifiedAd)]/[test-template-invocation:#16]
display-name: [16] L'annonce correspond à Annonce n°1246 from Aliou crée le 2024-11-04T21:03:50.166871251Z et correpoond à GAMES et est à 27euros
]]></system-out>
</testcase>
<testcase name="testtoString(ClassifiedAd)[17]" classname="minebayd1.test.TestClassifiedAd" time="0">
<system-out><![CDATA[
unique-id: [engine:junit-jupiter]/[class:minebayd1.test.TestClassifiedAd]/[test-template:testtoString(minebayd1.ClassifiedAd)]/[test-template-invocation:#17]
display-name: [17] L'annonce correspond à Annonce n°1064 from Faycal crée le 2024-11-04T21:03:50.170375226Z et correpoond à COMPUTERS et est à 39euros
]]></system-out>
</testcase>
<testcase name="testtoString(ClassifiedAd)[18]" classname="minebayd1.test.TestClassifiedAd" time="0">
<system-out><![CDATA[
unique-id: [engine:junit-jupiter]/[class:minebayd1.test.TestClassifiedAd]/[test-template:testtoString(minebayd1.ClassifiedAd)]/[test-template-invocation:#18]
display-name: [18] L'annonce correspond à Annonce n°944 from Boris crée le 2024-11-04T21:03:50.172962283Z et correpoond à CLOTHES et est à 38euros
]]></system-out>
</testcase>
<testcase name="testtoString(ClassifiedAd)[19]" classname="minebayd1.test.TestClassifiedAd" time="0">
<system-out><![CDATA[
unique-id: [engine:junit-jupiter]/[class:minebayd1.test.TestClassifiedAd]/[test-template:testtoString(minebayd1.ClassifiedAd)]/[test-template-invocation:#19]
display-name: [19] L'annonce correspond à Annonce n°96 from Idir crée le 2024-11-04T21:03:50.181279807Z et correpoond à SHOES et est à 24euros
]]></system-out>
</testcase>
<testcase name="testtoString(ClassifiedAd)[20]" classname="minebayd1.test.TestClassifiedAd" time="0">
<system-out><![CDATA[
unique-id: [engine:junit-jupiter]/[class:minebayd1.test.TestClassifiedAd]/[test-template:testtoString(minebayd1.ClassifiedAd)]/[test-template-invocation:#20]
display-name: [20] L'annonce correspond à Annonce n°193 from Rosa crée le 2024-11-04T21:03:50.180550526Z et correpoond à GAMES et est à 35euros
]]></system-out>
</testcase>
<testcase name="testtoString(ClassifiedAd)[21]" classname="minebayd1.test.TestClassifiedAd" time="0">
<system-out><![CDATA[
unique-id: [engine:junit-jupiter]/[class:minebayd1.test.TestClassifiedAd]/[test-template:testtoString(minebayd1.ClassifiedAd)]/[test-template-invocation:#21]
display-name: [21] L'annonce correspond à Annonce n°1375 from Mounir crée le 2024-11-04T21:03:50.164337806Z et correpoond à BOOKS et est à 67euros
]]></system-out>
</testcase>
<testcase name="testtoString(ClassifiedAd)[22]" classname="minebayd1.test.TestClassifiedAd" time="0">
<system-out><![CDATA[
unique-id: [engine:junit-jupiter]/[class:minebayd1.test.TestClassifiedAd]/[test-template:testtoString(minebayd1.ClassifiedAd)]/[test-template-invocation:#22]
display-name: [22] L'annonce correspond à Annonce n°1041 from Nima crée le 2024-11-04T21:03:50.170634750Z et correpoond à SHOES et est à 16euros
]]></system-out>
</testcase>
<testcase name="testtoString(ClassifiedAd)[23]" classname="minebayd1.test.TestClassifiedAd" time="0">
<system-out><![CDATA[
unique-id: [engine:junit-jupiter]/[class:minebayd1.test.TestClassifiedAd]/[test-template:testtoString(minebayd1.ClassifiedAd)]/[test-template-invocation:#23]
display-name: [23] L'annonce correspond à Annonce n°1340 from Marc crée le 2024-11-04T21:03:50.165352283Z et correpoond à BOOKS et est à 32euros
]]></system-out>
</testcase>
<testcase name="testtoString(ClassifiedAd)[24]" classname="minebayd1.test.TestClassifiedAd" time="0">
<system-out><![CDATA[
unique-id: [engine:junit-jupiter]/[class:minebayd1.test.TestClassifiedAd]/[test-template:testtoString(minebayd1.ClassifiedAd)]/[test-template-invocation:#24]
display-name: [24] L'annonce correspond à Annonce n°1224 from Faycal crée le 2024-11-04T21:03:50.167189837Z et correpoond à BOOKS et est à 9euros
]]></system-out>
</testcase>
<testcase name="testtoString(ClassifiedAd)[25]" classname="minebayd1.test.TestClassifiedAd" time="0">
<system-out><![CDATA[
unique-id: [engine:junit-jupiter]/[class:minebayd1.test.TestClassifiedAd]/[test-template:testtoString(minebayd1.ClassifiedAd)]/[test-template-invocation:#25]
display-name: [25] L'annonce correspond à Annonce n°1090 from Pierre crée le 2024-11-04T21:03:50.169930072Z et correpoond à GAMES et est à 45euros
]]></system-out>
</testcase>
<testcase name="testtoString(ClassifiedAd)[26]" classname="minebayd1.test.TestClassifiedAd" time="0">
<system-out><![CDATA[
unique-id: [engine:junit-jupiter]/[class:minebayd1.test.TestClassifiedAd]/[test-template:testtoString(minebayd1.ClassifiedAd)]/[test-template-invocation:#26]
display-name: [26] L'annonce correspond à Annonce n°1081 from Mounir crée le 2024-11-04T21:03:50.170045216Z et correpoond à GAMES et est à 81euros
]]></system-out>
</testcase>
<testcase name="testtoString(ClassifiedAd)[27]" classname="minebayd1.test.TestClassifiedAd" time="0">
<system-out><![CDATA[
unique-id: [engine:junit-jupiter]/[class:minebayd1.test.TestClassifiedAd]/[test-template:testtoString(minebayd1.ClassifiedAd)]/[test-template-invocation:#27]
display-name: [27] L'annonce correspond à Annonce n°806 from Sheraz crée le 2024-11-04T21:03:50.175272784Z et correpoond à BOOKS et est à 81euros
]]></system-out>
</testcase>
<testcase name="testtoString(ClassifiedAd)[28]" classname="minebayd1.test.TestClassifiedAd" time="0">
<system-out><![CDATA[
unique-id: [engine:junit-jupiter]/[class:minebayd1.test.TestClassifiedAd]/[test-template:testtoString(minebayd1.ClassifiedAd)]/[test-template-invocation:#28]
display-name: [28] L'annonce correspond à Annonce n°343 from Ayman crée le 2024-11-04T21:03:50.179693390Z et correpoond à SHOES et est à 50euros
]]></system-out>
</testcase>
<testcase name="testtoString(ClassifiedAd)[29]" classname="minebayd1.test.TestClassifiedAd" time="0">
<system-out><![CDATA[
unique-id: [engine:junit-jupiter]/[class:minebayd1.test.TestClassifiedAd]/[test-template:testtoString(minebayd1.ClassifiedAd)]/[test-template-invocation:#29]
display-name: [29] L'annonce correspond à Annonce n°808 from Marcel crée le 2024-11-04T21:03:50.175250201Z et correpoond à SHOES et est à 57euros
]]></system-out>
</testcase>
<testcase name="testtoString(ClassifiedAd)[30]" classname="minebayd1.test.TestClassifiedAd" time="0">
<system-out><![CDATA[
unique-id: [engine:junit-jupiter]/[class:minebayd1.test.TestClassifiedAd]/[test-template:testtoString(minebayd1.ClassifiedAd)]/[test-template-invocation:#30]
display-name: [30] L'annonce correspond à Annonce n°203 from Marcel crée le 2024-11-04T21:03:50.180474679Z et correpoond à COMPUTERS et est à 93euros
]]></system-out>
</testcase>
<testcase name="testtoString(ClassifiedAd)[31]" classname="minebayd1.test.TestClassifiedAd" time="0">
<system-out><![CDATA[
unique-id: [engine:junit-jupiter]/[class:minebayd1.test.TestClassifiedAd]/[test-template:testtoString(minebayd1.ClassifiedAd)]/[test-template-invocation:#31]
display-name: [31] L'annonce correspond à Annonce n°534 from Ziad crée le 2024-11-04T21:03:50.178753905Z et correpoond à BOOKS et est à 86euros
]]></system-out>
</testcase>
<testcase name="testtoString(ClassifiedAd)[32]" classname="minebayd1.test.TestClassifiedAd" time="0">
<system-out><![CDATA[
unique-id: [engine:junit-jupiter]/[class:minebayd1.test.TestClassifiedAd]/[test-template:testtoString(minebayd1.ClassifiedAd)]/[test-template-invocation:#32]
display-name: [32] L'annonce correspond à Annonce n°464 from Rosa crée le 2024-11-04T21:03:50.179043188Z et correpoond à CLOTHES et est à 51euros
]]></system-out>
</testcase>
<testcase name="testtoString(ClassifiedAd)[33]" classname="minebayd1.test.TestClassifiedAd" time="0">
<system-out><![CDATA[
unique-id: [engine:junit-jupiter]/[class:minebayd1.test.TestClassifiedAd]/[test-template:testtoString(minebayd1.ClassifiedAd)]/[test-template-invocation:#33]
display-name: [33] L'annonce correspond à Annonce n°1197 from Rosa crée le 2024-11-04T21:03:50.167582919Z et correpoond à CLOTHES et est à 64euros
]]></system-out>
</testcase>
<testcase name="testtoString(ClassifiedAd)[34]" classname="minebayd1.test.TestClassifiedAd" time="0">
<system-out><![CDATA[
unique-id: [engine:junit-jupiter]/[class:minebayd1.test.TestClassifiedAd]/[test-template:testtoString(minebayd1.ClassifiedAd)]/[test-template-invocation:#34]
display-name: [34] L'annonce correspond à Annonce n°339 from Marc crée le 2024-11-04T21:03:50.179714210Z et correpoond à SHOES et est à 81euros
]]></system-out>
</testcase>
<testcase name="testtoString(ClassifiedAd)[35]" classname="minebayd1.test.TestClassifiedAd" time="0">
<system-out><![CDATA[
unique-id: [engine:junit-jupiter]/[class:minebayd1.test.TestClassifiedAd]/[test-template:testtoString(minebayd1.ClassifiedAd)]/[test-template-invocation:#35]
display-name: [35] L'annonce correspond à Annonce n°1485 from Ali crée le 2024-11-04T21:03:50.161562745Z et correpoond à COMPUTERS et est à 8euros
]]></system-out>
</testcase>
<testcase name="testtoString(ClassifiedAd)[36]" classname="minebayd1.test.TestClassifiedAd" time="0">
<system-out><![CDATA[
unique-id: [engine:junit-jupiter]/[class:minebayd1.test.TestClassifiedAd]/[test-template:testtoString(minebayd1.ClassifiedAd)]/[test-template-invocation:#36]
display-name: [36] L'annonce correspond à Annonce n°1010 from Marc crée le 2024-11-04T21:03:50.171041802Z et correpoond à SHOES et est à 43euros
]]></system-out>
</testcase>
<testcase name="testtoString(ClassifiedAd)[37]" classname="minebayd1.test.TestClassifiedAd" time="0">
<system-out><![CDATA[
unique-id: [engine:junit-jupiter]/[class:minebayd1.test.TestClassifiedAd]/[test-template:testtoString(minebayd1.ClassifiedAd)]/[test-template-invocation:#37]
display-name: [37] L'annonce correspond à Annonce n°1110 from Sonia crée le 2024-11-04T21:03:50.169642127Z et correpoond à BOOKS et est à 49euros
]]></system-out>
</testcase>
<testcase name="testtoString(ClassifiedAd)[38]" classname="minebayd1.test.TestClassifiedAd" time="0">
<system-out><![CDATA[
unique-id: [engine:junit-jupiter]/[class:minebayd1.test.TestClassifiedAd]/[test-template:testtoString(minebayd1.ClassifiedAd)]/[test-template-invocation:#38]
display-name: [38] L'annonce correspond à Annonce n°17 from Marc crée le 2024-11-04T21:03:50.181683794Z et correpoond à BOOKS et est à 68euros
]]></system-out>
</testcase>
<testcase name="testtoString(ClassifiedAd)[39]" classname="minebayd1.test.TestClassifiedAd" time="0">
<system-out><![CDATA[
unique-id: [engine:junit-jupiter]/[class:minebayd1.test.TestClassifiedAd]/[test-template:testtoString(minebayd1.ClassifiedAd)]/[test-template-invocation:#39]
display-name: [39] L'annonce correspond à Annonce n°1330 from Nima crée le 2024-11-04T21:03:50.165521409Z et correpoond à CLOTHES et est à 96euros
]]></system-out>
</testcase>
<testcase name="testtoString(ClassifiedAd)[40]" classname="minebayd1.test.TestClassifiedAd" time="0">
<system-out><![CDATA[
unique-id: [engine:junit-jupiter]/[class:minebayd1.test.TestClassifiedAd]/[test-template:testtoString(minebayd1.ClassifiedAd)]/[test-template-invocation:#40]
display-name: [40] L'annonce correspond à Annonce n°534 from Ziad crée le 2024-11-04T21:03:50.178753905Z et correpoond à BOOKS et est à 86euros
]]></system-out>
</testcase>
<testcase name="testtoString(ClassifiedAd)[41]" classname="minebayd1.test.TestClassifiedAd" time="0">
<system-out><![CDATA[
unique-id: [engine:junit-jupiter]/[class:minebayd1.test.TestClassifiedAd]/[test-template:testtoString(minebayd1.ClassifiedAd)]/[test-template-invocation:#41]
display-name: [41] L'annonce correspond à Annonce n°953 from Pierre crée le 2024-11-04T21:03:50.172852440Z et correpoond à SHOES et est à 55euros
]]></system-out>
</testcase>
<testcase name="testtoString(ClassifiedAd)[42]" classname="minebayd1.test.TestClassifiedAd" time="0">
<system-out><![CDATA[
unique-id: [engine:junit-jupiter]/[class:minebayd1.test.TestClassifiedAd]/[test-template:testtoString(minebayd1.ClassifiedAd)]/[test-template-invocation:#42]
display-name: [42] L'annonce correspond à Annonce n°953 from Pierre crée le 2024-11-04T21:03:50.172852440Z et correpoond à SHOES et est à 55euros
]]></system-out>
</testcase>
<testcase name="testtoString(ClassifiedAd)[43]" classname="minebayd1.test.TestClassifiedAd" time="0">
<system-out><![CDATA[
unique-id: [engine:junit-jupiter]/[class:minebayd1.test.TestClassifiedAd]/[test-template:testtoString(minebayd1.ClassifiedAd)]/[test-template-invocation:#43]
display-name: [43] L'annonce correspond à Annonce n°998 from Ismael crée le 2024-11-04T21:03:50.171176134Z et correpoond à GAMES et est à 94euros
]]></system-out>
</testcase>
<testcase name="testtoString(ClassifiedAd)[44]" classname="minebayd1.test.TestClassifiedAd" time="0">
<system-out><![CDATA[
unique-id: [engine:junit-jupiter]/[class:minebayd1.test.TestClassifiedAd]/[test-template:testtoString(minebayd1.ClassifiedAd)]/[test-template-invocation:#44]
display-name: [44] L'annonce correspond à Annonce n°945 from Ali crée le 2024-11-04T21:03:50.172950603Z et correpoond à CLOTHES et est à 71euros
]]></system-out>
</testcase>
<testcase name="testtoString(ClassifiedAd)[45]" classname="minebayd1.test.TestClassifiedAd" time="0">
<system-out><![CDATA[
unique-id: [engine:junit-jupiter]/[class:minebayd1.test.TestClassifiedAd]/[test-template:testtoString(minebayd1.ClassifiedAd)]/[test-template-invocation:#45]
display-name: [45] L'annonce correspond à Annonce n°1410 from Ismael crée le 2024-11-04T21:03:50.163890892Z et correpoond à COMPUTERS et est à 32euros
]]></system-out>
</testcase>
<testcase name="testtoString(ClassifiedAd)[46]" classname="minebayd1.test.TestClassifiedAd" time="0">
<system-out><![CDATA[
unique-id: [engine:junit-jupiter]/[class:minebayd1.test.TestClassifiedAd]/[test-template:testtoString(minebayd1.ClassifiedAd)]/[test-template-invocation:#46]
display-name: [46] L'annonce correspond à Annonce n°1333 from Mounir crée le 2024-11-04T21:03:50.165491971Z et correpoond à COMPUTERS et est à 27euros
]]></system-out>
</testcase>
<testcase name="testtoString(ClassifiedAd)[47]" classname="minebayd1.test.TestClassifiedAd" time="0">
<system-out><![CDATA[
unique-id: [engine:junit-jupiter]/[class:minebayd1.test.TestClassifiedAd]/[test-template:testtoString(minebayd1.ClassifiedAd)]/[test-template-invocation:#47]
display-name: [47] L'annonce correspond à Annonce n°1144 from Mounir crée le 2024-11-04T21:03:50.168685369Z et correpoond à BOOKS et est à 96euros
]]></system-out>
</testcase>
<testcase name="testtoString(ClassifiedAd)[48]" classname="minebayd1.test.TestClassifiedAd" time="0">
<system-out><![CDATA[
unique-id: [engine:junit-jupiter]/[class:minebayd1.test.TestClassifiedAd]/[test-template:testtoString(minebayd1.ClassifiedAd)]/[test-template-invocation:#48]
display-name: [48] L'annonce correspond à Annonce n°236 from Marc crée le 2024-11-04T21:03:50.180251408Z et correpoond à COMPUTERS et est à 45euros
]]></system-out>
</testcase>
<testcase name="testtoString(ClassifiedAd)[49]" classname="minebayd1.test.TestClassifiedAd" time="0">
<system-out><![CDATA[
unique-id: [engine:junit-jupiter]/[class:minebayd1.test.TestClassifiedAd]/[test-template:testtoString(minebayd1.ClassifiedAd)]/[test-template-invocation:#49]
display-name: [49] L'annonce correspond à Annonce n°895 from Lamia crée le 2024-11-04T21:03:50.173741697Z et correpoond à SHOES et est à 52euros
]]></system-out>
</testcase>
<testcase name="testtoString(ClassifiedAd)[50]" classname="minebayd1.test.TestClassifiedAd" time="0">
<system-out><![CDATA[
unique-id: [engine:junit-jupiter]/[class:minebayd1.test.TestClassifiedAd]/[test-template:testtoString(minebayd1.ClassifiedAd)]/[test-template-invocation:#50]
display-name: [50] L'annonce correspond à Annonce n°1040 from Nima crée le 2024-11-04T21:03:50.170646005Z et correpoond à BOOKS et est à 70euros
]]></system-out>
</testcase>
<testcase name="testtoString(ClassifiedAd)[51]" classname="minebayd1.test.TestClassifiedAd" time="0">
<system-out><![CDATA[
unique-id: [engine:junit-jupiter]/[class:minebayd1.test.TestClassifiedAd]/[test-template:testtoString(minebayd1.ClassifiedAd)]/[test-template-invocation:#51]
display-name: [51] L'annonce correspond à Annonce n°1213 from Naila crée le 2024-11-04T21:03:50.167326763Z et correpoond à COMPUTERS et est à 29euros
]]></system-out>
</testcase>
<testcase name="testtoString(ClassifiedAd)[52]" classname="minebayd1.test.TestClassifiedAd" time="0">
<system-out><![CDATA[
unique-id: [engine:junit-jupiter]/[class:minebayd1.test.TestClassifiedAd]/[test-template:testtoString(minebayd1.ClassifiedAd)]/[test-template-invocation:#52]
display-name: [52] L'annonce correspond à Annonce n°341 from Yanis crée le 2024-11-04T21:03:50.179704103Z et correpoond à GAMES et est à 64euros
]]></system-out>
</testcase>
<testcase name="testtoString(ClassifiedAd)[53]" classname="minebayd1.test.TestClassifiedAd" time="0">
<system-out><![CDATA[
unique-id: [engine:junit-jupiter]/[class:minebayd1.test.TestClassifiedAd]/[test-template:testtoString(minebayd1.ClassifiedAd)]/[test-template-invocation:#53]
display-name: [53] L'annonce correspond à Annonce n°913 from Marcel crée le 2024-11-04T21:03:50.173530355Z et correpoond à COMPUTERS et est à 41euros
]]></system-out>
</testcase>
<testcase name="testtoString(ClassifiedAd)[54]" classname="minebayd1.test.TestClassifiedAd" time="0">
<system-out><![CDATA[
unique-id: [engine:junit-jupiter]/[class:minebayd1.test.TestClassifiedAd]/[test-template:testtoString(minebayd1.ClassifiedAd)]/[test-template-invocation:#54]
display-name: [54] L'annonce correspond à Annonce n°1391 from Imam crée le 2024-11-04T21:03:50.164140300Z et correpoond à GAMES et est à 87euros
]]></system-out>
</testcase>
<testcase name="testtoString(ClassifiedAd)[55]" classname="minebayd1.test.TestClassifiedAd" time="0">
<system-out><![CDATA[
unique-id: [engine:junit-jupiter]/[class:minebayd1.test.TestClassifiedAd]/[test-template:testtoString(minebayd1.ClassifiedAd)]/[test-template-invocation:#55]
display-name: [55] L'annonce correspond à Annonce n°1291 from Lyes crée le 2024-11-04T21:03:50.165913928Z et correpoond à BOOKS et est à 43euros
]]></system-out>
</testcase>
<testcase name="testtoString(ClassifiedAd)[56]" classname="minebayd1.test.TestClassifiedAd" time="0">
<system-out><![CDATA[
unique-id: [engine:junit-jupiter]/[class:minebayd1.test.TestClassifiedAd]/[test-template:testtoString(minebayd1.ClassifiedAd)]/[test-template-invocation:#56]
display-name: [56] L'annonce correspond à Annonce n°243 from Imam crée le 2024-11-04T21:03:50.180215332Z et correpoond à COMPUTERS et est à 77euros
]]></system-out>
</testcase>
<testcase name="testtoString(ClassifiedAd)[57]" classname="minebayd1.test.TestClassifiedAd" time="0">
<system-out><![CDATA[
unique-id: [engine:junit-jupiter]/[class:minebayd1.test.TestClassifiedAd]/[test-template:testtoString(minebayd1.ClassifiedAd)]/[test-template-invocation:#57]
display-name: [57] L'annonce correspond à Annonce n°917 from Adam crée le 2024-11-04T21:03:50.173447399Z et correpoond à GAMES et est à 3euros
]]></system-out>
</testcase>
<testcase name="testtoString(ClassifiedAd)[58]" classname="minebayd1.test.TestClassifiedAd" time="0">
<system-out><![CDATA[
unique-id: [engine:junit-jupiter]/[class:minebayd1.test.TestClassifiedAd]/[test-template:testtoString(minebayd1.ClassifiedAd)]/[test-template-invocation:#58]
display-name: [58] L'annonce correspond à Annonce n°84 from Ziad crée le 2024-11-04T21:03:50.181338182Z et correpoond à SHOES et est à 46euros
]]></system-out>
</testcase>
<testcase name="testtoString(ClassifiedAd)[59]" classname="minebayd1.test.TestClassifiedAd" time="0">
<system-out><![CDATA[
unique-id: [engine:junit-jupiter]/[class:minebayd1.test.TestClassifiedAd]/[test-template:testtoString(minebayd1.ClassifiedAd)]/[test-template-invocation:#59]
display-name: [59] L'annonce correspond à Annonce n°796 from Ziad crée le 2024-11-04T21:03:50.175386549Z et correpoond à CLOTHES et est à 95euros
]]></system-out>
</testcase>
<testcase name="testtoString(ClassifiedAd)[60]" classname="minebayd1.test.TestClassifiedAd" time="0">
<system-out><![CDATA[
unique-id: [engine:junit-jupiter]/[class:minebayd1.test.TestClassifiedAd]/[test-template:testtoString(minebayd1.ClassifiedAd)]/[test-template-invocation:#60]
display-name: [60] L'annonce correspond à Annonce n°842 from Aliou crée le 2024-11-04T21:03:50.174598908Z et correpoond à CLOTHES et est à 8euros
]]></system-out>
</testcase>
<testcase name="testtoString(ClassifiedAd)[61]" classname="minebayd1.test.TestClassifiedAd" time="0">
<system-out><![CDATA[
unique-id: [engine:junit-jupiter]/[class:minebayd1.test.TestClassifiedAd]/[test-template:testtoString(minebayd1.ClassifiedAd)]/[test-template-invocation:#61]
display-name: [61] L'annonce correspond à Annonce n°1146 from Ziad crée le 2024-11-04T21:03:50.168616391Z et correpoond à COMPUTERS et est à 35euros
]]></system-out>
</testcase>
<testcase name="testtoString(ClassifiedAd)[62]" classname="minebayd1.test.TestClassifiedAd" time="0">
<system-out><![CDATA[
unique-id: [engine:junit-jupiter]/[class:minebayd1.test.TestClassifiedAd]/[test-template:testtoString(minebayd1.ClassifiedAd)]/[test-template-invocation:#62]
display-name: [62] L'annonce correspond à Annonce n°715 from Zahra crée le 2024-11-04T21:03:50.177462095Z et correpoond à GAMES et est à 12euros
]]></system-out>
</testcase>
<testcase name="testtoString(ClassifiedAd)[63]" classname="minebayd1.test.TestClassifiedAd" time="0">
<system-out><![CDATA[
unique-id: [engine:junit-jupiter]/[class:minebayd1.test.TestClassifiedAd]/[test-template:testtoString(minebayd1.ClassifiedAd)]/[test-template-invocation:#63]
display-name: [63] L'annonce correspond à Annonce n°465 from Ziad crée le 2024-11-04T21:03:50.179032336Z et correpoond à BOOKS et est à 17euros
]]></system-out>
</testcase>
<testcase name="testtoString(ClassifiedAd)[64]" classname="minebayd1.test.TestClassifiedAd" time="0">
<system-out><![CDATA[
unique-id: [engine:junit-jupiter]/[class:minebayd1.test.TestClassifiedAd]/[test-template:testtoString(minebayd1.ClassifiedAd)]/[test-template-invocation:#64]
display-name: [64] L'annonce correspond à Annonce n°1404 from Aliou crée le 2024-11-04T21:03:50.163999740Z et correpoond à BOOKS et est à 71euros
]]></system-out>
</testcase>
<testcase name="testtoString(ClassifiedAd)[65]" classname="minebayd1.test.TestClassifiedAd" time="0">
<system-out><![CDATA[
unique-id: [engine:junit-jupiter]/[class:minebayd1.test.TestClassifiedAd]/[test-template:testtoString(minebayd1.ClassifiedAd)]/[test-template-invocation:#65]
display-name: [65] L'annonce correspond à Annonce n°206 from Ismael crée le 2024-11-04T21:03:50.180451110Z et correpoond à COMPUTERS et est à 19euros
]]></system-out>
</testcase>
<testcase name="testtoString(ClassifiedAd)[66]" classname="minebayd1.test.TestClassifiedAd" time="0">
<system-out><![CDATA[
unique-id: [engine:junit-jupiter]/[class:minebayd1.test.TestClassifiedAd]/[test-template:testtoString(minebayd1.ClassifiedAd)]/[test-template-invocation:#66]
display-name: [66] L'annonce correspond à Annonce n°84 from Ziad crée le 2024-11-04T21:03:50.181338182Z et correpoond à SHOES et est à 46euros
]]></system-out>
</testcase>
<testcase name="testtoString(ClassifiedAd)[67]" classname="minebayd1.test.TestClassifiedAd" time="0">
<system-out><![CDATA[
unique-id: [engine:junit-jupiter]/[class:minebayd1.test.TestClassifiedAd]/[test-template:testtoString(minebayd1.ClassifiedAd)]/[test-template-invocation:#67]
display-name: [67] L'annonce correspond à Annonce n°7 from Adam crée le 2024-11-04T21:03:50.181728708Z et correpoond à COMPUTERS et est à 79euros
]]></system-out>
</testcase>
<testcase name="testtoString(ClassifiedAd)[68]" classname="minebayd1.test.TestClassifiedAd" time="0">
<system-out><![CDATA[
unique-id: [engine:junit-jupiter]/[class:minebayd1.test.TestClassifiedAd]/[test-template:testtoString(minebayd1.ClassifiedAd)]/[test-template-invocation:#68]
display-name: [68] L'annonce correspond à Annonce n°293 from Ismael crée le 2024-11-04T21:03:50.179957076Z et correpoond à COMPUTERS et est à 68euros
]]></system-out>
</testcase>
<testcase name="testtoString(ClassifiedAd)[69]" classname="minebayd1.test.TestClassifiedAd" time="0">
<system-out><![CDATA[
unique-id: [engine:junit-jupiter]/[class:minebayd1.test.TestClassifiedAd]/[test-template:testtoString(minebayd1.ClassifiedAd)]/[test-template-invocation:#69]
display-name: [69] L'annonce correspond à Annonce n°1367 from Lamia crée le 2024-11-04T21:03:50.164629831Z et correpoond à SHOES et est à 96euros
]]></system-out>
</testcase>
<testcase name="testtoString(ClassifiedAd)[70]" classname="minebayd1.test.TestClassifiedAd" time="0">
<system-out><![CDATA[
unique-id: [engine:junit-jupiter]/[class:minebayd1.test.TestClassifiedAd]/[test-template:testtoString(minebayd1.ClassifiedAd)]/[test-template-invocation:#70]
display-name: [70] L'annonce correspond à Annonce n°805 from Idir crée le 2024-11-04T21:03:50.175284274Z et correpoond à BOOKS et est à 34euros
]]></system-out>
</testcase>
<testcase name="testtoString(ClassifiedAd)[71]" classname="minebayd1.test.TestClassifiedAd" time="0">
<system-out><![CDATA[
unique-id: [engine:junit-jupiter]/[class:minebayd1.test.TestClassifiedAd]/[test-template:testtoString(minebayd1.ClassifiedAd)]/[test-template-invocation:#71]
display-name: [71] L'annonce correspond à Annonce n°976 from Imam crée le 2024-11-04T21:03:50.172579385Z et correpoond à SHOES et est à 37euros
]]></system-out>
</testcase>
<testcase name="testtoString(ClassifiedAd)[72]" classname="minebayd1.test.TestClassifiedAd" time="0.001">
<system-out><![CDATA[
unique-id: [engine:junit-jupiter]/[class:minebayd1.test.TestClassifiedAd]/[test-template:testtoString(minebayd1.ClassifiedAd)]/[test-template-invocation:#72]
display-name: [72] L'annonce correspond à Annonce n°1276 from Issa crée le 2024-11-04T21:03:50.166290515Z et correpoond à COMPUTERS et est à 98euros
]]></system-out>
</testcase>
<testcase name="testtoString(ClassifiedAd)[73]" classname="minebayd1.test.TestClassifiedAd" time="0">
<system-out><![CDATA[
unique-id: [engine:junit-jupiter]/[class:minebayd1.test.TestClassifiedAd]/[test-template:testtoString(minebayd1.ClassifiedAd)]/[test-template-invocation:#73]
display-name: [73] L'annonce correspond à Annonce n°575 from Marc crée le 2024-11-04T21:03:50.178582764Z et correpoond à SHOES et est à 11euros
]]></system-out>
</testcase>
<testcase name="testtoString(ClassifiedAd)[74]" classname="minebayd1.test.TestClassifiedAd" time="0">
<system-out><![CDATA[
unique-id: [engine:junit-jupiter]/[class:minebayd1.test.TestClassifiedAd]/[test-template:testtoString(minebayd1.ClassifiedAd)]/[test-template-invocation:#74]
display-name: [74] L'annonce correspond à Annonce n°1306 from Mohamed crée le 2024-11-04T21:03:50.165762764Z et correpoond à SHOES et est à 48euros
]]></system-out>
</testcase>
<testcase name="testtoString(ClassifiedAd)[75]" classname="minebayd1.test.TestClassifiedAd" time="0">
<system-out><![CDATA[
unique-id: [engine:junit-jupiter]/[class:minebayd1.test.TestClassifiedAd]/[test-template:testtoString(minebayd1.ClassifiedAd)]/[test-template-invocation:#75]
display-name: [75] L'annonce correspond à Annonce n°1405 from Mohamed crée le 2024-11-04T21:03:50.163985621Z et correpoond à GAMES et est à 61euros
]]></system-out>
</testcase>
<testcase name="testtoString(ClassifiedAd)[76]" classname="minebayd1.test.TestClassifiedAd" time="0">
<system-out><![CDATA[
unique-id: [engine:junit-jupiter]/[class:minebayd1.test.TestClassifiedAd]/[test-template:testtoString(minebayd1.ClassifiedAd)]/[test-template-invocation:#76]
display-name: [76] L'annonce correspond à Annonce n°329 from Lyes crée le 2024-11-04T21:03:50.179769870Z et correpoond à CLOTHES et est à 27euros
]]></system-out>
</testcase>
<testcase name="testtoString(ClassifiedAd)[77]" classname="minebayd1.test.TestClassifiedAd" time="0">
<system-out><![CDATA[
unique-id: [engine:junit-jupiter]/[class:minebayd1.test.TestClassifiedAd]/[test-template:testtoString(minebayd1.ClassifiedAd)]/[test-template-invocation:#77]
display-name: [77] L'annonce correspond à Annonce n°299 from Ziad crée le 2024-11-04T21:03:50.179925094Z et correpoond à BOOKS et est à 41euros
]]></system-out>
</testcase>
<testcase name="testtoString(ClassifiedAd)[78]" classname="minebayd1.test.TestClassifiedAd" time="0">
<system-out><![CDATA[
unique-id: [engine:junit-jupiter]/[class:minebayd1.test.TestClassifiedAd]/[test-template:testtoString(minebayd1.ClassifiedAd)]/[test-template-invocation:#78]
display-name: [78] L'annonce correspond à Annonce n°588 from Boris crée le 2024-11-04T21:03:50.178520583Z et correpoond à SHOES et est à 51euros
]]></system-out>
</testcase>
<testcase name="testtoString(ClassifiedAd)[79]" classname="minebayd1.test.TestClassifiedAd" time="0">
<system-out><![CDATA[
unique-id: [engine:junit-jupiter]/[class:minebayd1.test.TestClassifiedAd]/[test-template:testtoString(minebayd1.ClassifiedAd)]/[test-template-invocation:#79]
display-name: [79] L'annonce correspond à Annonce n°829 from Issa crée le 2024-11-04T21:03:50.174754797Z et correpoond à BOOKS et est à 38euros
]]></system-out>
</testcase>
<testcase name="testtoString(ClassifiedAd)[80]" classname="minebayd1.test.TestClassifiedAd" time="0">
<system-out><![CDATA[
unique-id: [engine:junit-jupiter]/[class:minebayd1.test.TestClassifiedAd]/[test-template:testtoString(minebayd1.ClassifiedAd)]/[test-template-invocation:#80]
display-name: [80] L'annonce correspond à Annonce n°921 from Pierre crée le 2024-11-04T21:03:50.173401707Z et correpoond à CLOTHES et est à 84euros
]]></system-out>
</testcase>
<testcase name="testtoString(ClassifiedAd)[81]" classname="minebayd1.test.TestClassifiedAd" time="0">
<system-out><![CDATA[
unique-id: [engine:junit-jupiter]/[class:minebayd1.test.TestClassifiedAd]/[test-template:testtoString(minebayd1.ClassifiedAd)]/[test-template-invocation:#81]
display-name: [81] L'annonce correspond à Annonce n°962 from Issa crée le 2024-11-04T21:03:50.172745006Z et correpoond à CLOTHES et est à 52euros
]]></system-out>
</testcase>
<testcase name="testtoString(ClassifiedAd)[82]" classname="minebayd1.test.TestClassifiedAd" time="0">
<system-out><![CDATA[
unique-id: [engine:junit-jupiter]/[class:minebayd1.test.TestClassifiedAd]/[test-template:testtoString(minebayd1.ClassifiedAd)]/[test-template-invocation:#82]
display-name: [82] L'annonce correspond à Annonce n°669 from Lisa crée le 2024-11-04T21:03:50.177865614Z et correpoond à BOOKS et est à 47euros
]]></system-out>
</testcase>
<testcase name="testtoString(ClassifiedAd)[83]" classname="minebayd1.test.TestClassifiedAd" time="0">
<system-out><![CDATA[
unique-id: [engine:junit-jupiter]/[class:minebayd1.test.TestClassifiedAd]/[test-template:testtoString(minebayd1.ClassifiedAd)]/[test-template-invocation:#83]
display-name: [83] L'annonce correspond à Annonce n°528 from Lamia crée le 2024-11-04T21:03:50.178776990Z et correpoond à GAMES et est à 20euros
]]></system-out>
</testcase>
<testcase name="testtoString(ClassifiedAd)[84]" classname="minebayd1.test.TestClassifiedAd" time="0">
<system-out><![CDATA[
unique-id: [engine:junit-jupiter]/[class:minebayd1.test.TestClassifiedAd]/[test-template:testtoString(minebayd1.ClassifiedAd)]/[test-template-invocation:#84]
display-name: [84] L'annonce correspond à Annonce n°540 from Mohamed crée le 2024-11-04T21:03:50.178730361Z et correpoond à GAMES et est à 98euros
]]></system-out>
</testcase>
<testcase name="testtoString(ClassifiedAd)[85]" classname="minebayd1.test.TestClassifiedAd" time="0">
<system-out><![CDATA[
unique-id: [engine:junit-jupiter]/[class:minebayd1.test.TestClassifiedAd]/[test-template:testtoString(minebayd1.ClassifiedAd)]/[test-template-invocation:#85]
display-name: [85] L'annonce correspond à Annonce n°715 from Zahra crée le 2024-11-04T21:03:50.177462095Z et correpoond à GAMES et est à 12euros
]]></system-out>
</testcase>
<testcase name="testtoString(ClassifiedAd)[86]" classname="minebayd1.test.TestClassifiedAd" time="0">
<system-out><![CDATA[
unique-id: [engine:junit-jupiter]/[class:minebayd1.test.TestClassifiedAd]/[test-template:testtoString(minebayd1.ClassifiedAd)]/[test-template-invocation:#86]
display-name: [86] L'annonce correspond à Annonce n°1136 from Faycal crée le 2024-11-04T21:03:50.168789674Z et correpoond à CLOTHES et est à 39euros
]]></system-out>
</testcase>
<testcase name="testtoString(ClassifiedAd)[87]" classname="minebayd1.test.TestClassifiedAd" time="0">
<system-out><![CDATA[
unique-id: [engine:junit-jupiter]/[class:minebayd1.test.TestClassifiedAd]/[test-template:testtoString(minebayd1.ClassifiedAd)]/[test-template-invocation:#87]
display-name: [87] L'annonce correspond à Annonce n°60 from Mamadou crée le 2024-11-04T21:03:50.181471131Z et correpoond à GAMES et est à 50euros
]]></system-out>
</testcase>
<testcase name="testtoString(ClassifiedAd)[88]" classname="minebayd1.test.TestClassifiedAd" time="0">
<system-out><![CDATA[
unique-id: [engine:junit-jupiter]/[class:minebayd1.test.TestClassifiedAd]/[test-template:testtoString(minebayd1.ClassifiedAd)]/[test-template-invocation:#88]
display-name: [88] L'annonce correspond à Annonce n°1183 from Mamadou crée le 2024-11-04T21:03:50.167775713Z et correpoond à CLOTHES et est à 51euros
]]></system-out>
</testcase>
<testcase name="testtoString(ClassifiedAd)[89]" classname="minebayd1.test.TestClassifiedAd" time="0">
<system-out><![CDATA[
unique-id: [engine:junit-jupiter]/[class:minebayd1.test.TestClassifiedAd]/[test-template:testtoString(minebayd1.ClassifiedAd)]/[test-template-invocation:#89]
display-name: [89] L'annonce correspond à Annonce n°708 from Chanez crée le 2024-11-04T21:03:50.177530050Z et correpoond à CLOTHES et est à 59euros
]]></system-out>
</testcase>
<testcase name="testtoString(ClassifiedAd)[90]" classname="minebayd1.test.TestClassifiedAd" time="0">
<system-out><![CDATA[
unique-id: [engine:junit-jupiter]/[class:minebayd1.test.TestClassifiedAd]/[test-template:testtoString(minebayd1.ClassifiedAd)]/[test-template-invocation:#90]
display-name: [90] L'annonce correspond à Annonce n°1152 from Pierre crée le 2024-11-04T21:03:50.168320125Z et correpoond à COMPUTERS et est à 72euros
]]></system-out>
</testcase>
<testcase name="testtoString(ClassifiedAd)[91]" classname="minebayd1.test.TestClassifiedAd" time="0">
<system-out><![CDATA[
unique-id: [engine:junit-jupiter]/[class:minebayd1.test.TestClassifiedAd]/[test-template:testtoString(minebayd1.ClassifiedAd)]/[test-template-invocation:#91]
display-name: [91] L'annonce correspond à Annonce n°1047 from Ali crée le 2024-11-04T21:03:50.170568509Z et correpoond à COMPUTERS et est à 53euros
]]></system-out>
</testcase>
<testcase name="testtoString(ClassifiedAd)[92]" classname="minebayd1.test.TestClassifiedAd" time="0">
<system-out><![CDATA[
unique-id: [engine:junit-jupiter]/[class:minebayd1.test.TestClassifiedAd]/[test-template:testtoString(minebayd1.ClassifiedAd)]/[test-template-invocation:#92]
display-name: [92] L'annonce correspond à Annonce n°436 from Zahra crée le 2024-11-04T21:03:50.179205642Z et correpoond à BOOKS et est à 37euros
]]></system-out>
</testcase>
<testcase name="testtoString(ClassifiedAd)[93]" classname="minebayd1.test.TestClassifiedAd" time="0">
<system-out><![CDATA[
unique-id: [engine:junit-jupiter]/[class:minebayd1.test.TestClassifiedAd]/[test-template:testtoString(minebayd1.ClassifiedAd)]/[test-template-invocation:#93]
display-name: [93] L'annonce correspond à Annonce n°216 from Idir crée le 2024-11-04T21:03:50.180361415Z et correpoond à COMPUTERS et est à 84euros
]]></system-out>
</testcase>
<testcase name="testtoString(ClassifiedAd)[94]" classname="minebayd1.test.TestClassifiedAd" time="0">
<system-out><![CDATA[
unique-id: [engine:junit-jupiter]/[class:minebayd1.test.TestClassifiedAd]/[test-template:testtoString(minebayd1.ClassifiedAd)]/[test-template-invocation:#94]
display-name: [94] L'annonce correspond à Annonce n°537 from Mamadou crée le 2024-11-04T21:03:50.178742336Z et correpoond à COMPUTERS et est à 44euros
]]></system-out>
</testcase>
<testcase name="testtoString(ClassifiedAd)[95]" classname="minebayd1.test.TestClassifiedAd" time="0">
<system-out><![CDATA[
unique-id: [engine:junit-jupiter]/[class:minebayd1.test.TestClassifiedAd]/[test-template:testtoString(minebayd1.ClassifiedAd)]/[test-template-invocation:#95]
display-name: [95] L'annonce correspond à Annonce n°28 from Chanez crée le 2024-11-04T21:03:50.181618392Z et correpoond à CLOTHES et est à 62euros
]]></system-out>
</testcase>
<testcase name="testtoString(ClassifiedAd)[96]" classname="minebayd1.test.TestClassifiedAd" time="0">
<system-out><![CDATA[
unique-id: [engine:junit-jupiter]/[class:minebayd1.test.TestClassifiedAd]/[test-template:testtoString(minebayd1.ClassifiedAd)]/[test-template-invocation:#96]
display-name: [96] L'annonce correspond à Annonce n°872 from Ziad crée le 2024-11-04T21:03:50.174009420Z et correpoond à SHOES et est à 94euros
]]></system-out>
</testcase>
<testcase name="testtoString(ClassifiedAd)[97]" classname="minebayd1.test.TestClassifiedAd" time="0">
<system-out><![CDATA[
unique-id: [engine:junit-jupiter]/[class:minebayd1.test.TestClassifiedAd]/[test-template:testtoString(minebayd1.ClassifiedAd)]/[test-template-invocation:#97]
display-name: [97] L'annonce correspond à Annonce n°1307 from Ziad crée le 2024-11-04T21:03:50.165752576Z et correpoond à COMPUTERS et est à 80euros
]]></system-out>
</testcase>
<testcase name="testtoString(ClassifiedAd)[98]" classname="minebayd1.test.TestClassifiedAd" time="0">
<system-out><![CDATA[
unique-id: [engine:junit-jupiter]/[class:minebayd1.test.TestClassifiedAd]/[test-template:testtoString(minebayd1.ClassifiedAd)]/[test-template-invocation:#98]
display-name: [98] L'annonce correspond à Annonce n°912 from Boris crée le 2024-11-04T21:03:50.173542374Z et correpoond à GAMES et est à 5euros
]]></system-out>
</testcase>
<testcase name="testtoString(ClassifiedAd)[99]" classname="minebayd1.test.TestClassifiedAd" time="0">
<system-out><![CDATA[
unique-id: [engine:junit-jupiter]/[class:minebayd1.test.TestClassifiedAd]/[test-template:testtoString(minebayd1.ClassifiedAd)]/[test-template-invocation:#99]
display-name: [99] L'annonce correspond à Annonce n°1477 from Lisa crée le 2024-11-04T21:03:50.161933943Z et correpoond à CLOTHES et est à 9euros
]]></system-out>
</testcase>
<testcase name="testtoString(ClassifiedAd)[100]" classname="minebayd1.test.TestClassifiedAd" time="0">
<system-out><![CDATA[
unique-id: [engine:junit-jupiter]/[class:minebayd1.test.TestClassifiedAd]/[test-template:testtoString(minebayd1.ClassifiedAd)]/[test-template-invocation:#100]
display-name: [100] L'annonce correspond à Annonce n°310 from Adam crée le 2024-11-04T21:03:50.179868346Z et correpoond à BOOKS et est à 1euros
]]></system-out>
</testcase>
<testcase name="testgetCategory(ClassifiedAd)[1]" classname="minebayd1.test.TestClassifiedAd" time="0">
<system-out><![CDATA[
unique-id: [engine:junit-jupiter]/[class:minebayd1.test.TestClassifiedAd]/[test-template:testgetCategory(minebayd1.ClassifiedAd)]/[test-template-invocation:#1]
display-name: [1] L'annonce correspond à Annonce n°450 from Idir crée le 2024-11-04T21:03:50.179122186Z et correpoond à GAMES et est à 89euros
]]></system-out>
</testcase>
<testcase name="testgetCategory(ClassifiedAd)[2]" classname="minebayd1.test.TestClassifiedAd" time="0">
<system-out><![CDATA[
unique-id: [engine:junit-jupiter]/[class:minebayd1.test.TestClassifiedAd]/[test-template:testgetCategory(minebayd1.ClassifiedAd)]/[test-template-invocation:#2]
display-name: [2] L'annonce correspond à Annonce n°823 from Mohamed crée le 2024-11-04T21:03:50.174874160Z et correpoond à COMPUTERS et est à 45euros
]]></system-out>
</testcase>
<testcase name="testgetCategory(ClassifiedAd)[3]" classname="minebayd1.test.TestClassifiedAd" time="0">
<system-out><![CDATA[
unique-id: [engine:junit-jupiter]/[class:minebayd1.test.TestClassifiedAd]/[test-template:testgetCategory(minebayd1.ClassifiedAd)]/[test-template-invocation:#3]
display-name: [3] L'annonce correspond à Annonce n°698 from Lisa crée le 2024-11-04T21:03:50.177626788Z et correpoond à SHOES et est à 86euros
]]></system-out>
</testcase>
<testcase name="testgetCategory(ClassifiedAd)[4]" classname="minebayd1.test.TestClassifiedAd" time="0">
<system-out><![CDATA[
unique-id: [engine:junit-jupiter]/[class:minebayd1.test.TestClassifiedAd]/[test-template:testgetCategory(minebayd1.ClassifiedAd)]/[test-template-invocation:#4]
display-name: [4] L'annonce correspond à Annonce n°912 from Boris crée le 2024-11-04T21:03:50.173542374Z et correpoond à GAMES et est à 5euros
]]></system-out>
</testcase>
<testcase name="testgetCategory(ClassifiedAd)[5]" classname="minebayd1.test.TestClassifiedAd" time="0">
<system-out><![CDATA[
unique-id: [engine:junit-jupiter]/[class:minebayd1.test.TestClassifiedAd]/[test-template:testgetCategory(minebayd1.ClassifiedAd)]/[test-template-invocation:#5]
display-name: [5] L'annonce correspond à Annonce n°935 from Ziad crée le 2024-11-04T21:03:50.173241271Z et correpoond à COMPUTERS et est à 92euros
]]></system-out>
</testcase>
<testcase name="testgetCategory(ClassifiedAd)[6]" classname="minebayd1.test.TestClassifiedAd" time="0">
<system-out><![CDATA[
unique-id: [engine:junit-jupiter]/[class:minebayd1.test.TestClassifiedAd]/[test-template:testgetCategory(minebayd1.ClassifiedAd)]/[test-template-invocation:#6]
display-name: [6] L'annonce correspond à Annonce n°906 from Mohamed crée le 2024-11-04T21:03:50.173612291Z et correpoond à GAMES et est à 38euros
]]></system-out>
</testcase>
<testcase name="testgetCategory(ClassifiedAd)[7]" classname="minebayd1.test.TestClassifiedAd" time="0">
<system-out><![CDATA[
unique-id: [engine:junit-jupiter]/[class:minebayd1.test.TestClassifiedAd]/[test-template:testgetCategory(minebayd1.ClassifiedAd)]/[test-template-invocation:#7]
display-name: [7] L'annonce correspond à Annonce n°1418 from Ayman crée le 2024-11-04T21:03:50.163524577Z et correpoond à CLOTHES et est à 17euros
]]></system-out>
</testcase>
<testcase name="testgetCategory(ClassifiedAd)[8]" classname="minebayd1.test.TestClassifiedAd" time="0">
<system-out><![CDATA[
unique-id: [engine:junit-jupiter]/[class:minebayd1.test.TestClassifiedAd]/[test-template:testgetCategory(minebayd1.ClassifiedAd)]/[test-template-invocation:#8]
display-name: [8] L'annonce correspond à Annonce n°43 from Nima crée le 2024-11-04T21:03:50.181549465Z et correpoond à CLOTHES et est à 63euros
]]></system-out>
</testcase>
<testcase name="testgetCategory(ClassifiedAd)[9]" classname="minebayd1.test.TestClassifiedAd" time="0">
<system-out><![CDATA[
unique-id: [engine:junit-jupiter]/[class:minebayd1.test.TestClassifiedAd]/[test-template:testgetCategory(minebayd1.ClassifiedAd)]/[test-template-invocation:#9]
display-name: [9] L'annonce correspond à Annonce n°20 from Lyes crée le 2024-11-04T21:03:50.181671112Z et correpoond à BOOKS et est à 80euros
]]></system-out>
</testcase>
<testcase name="testgetCategory(ClassifiedAd)[10]" classname="minebayd1.test.TestClassifiedAd" time="0">
<system-out><![CDATA[
unique-id: [engine:junit-jupiter]/[class:minebayd1.test.TestClassifiedAd]/[test-template:testgetCategory(minebayd1.ClassifiedAd)]/[test-template-invocation:#10]
display-name: [10] L'annonce correspond à Annonce n°12 from Aliou crée le 2024-11-04T21:03:50.181708016Z et correpoond à SHOES et est à 22euros
]]></system-out>
</testcase>
<testcase name="testgetCategory(ClassifiedAd)[11]" classname="minebayd1.test.TestClassifiedAd" time="0">
<system-out><![CDATA[
unique-id: [engine:junit-jupiter]/[class:minebayd1.test.TestClassifiedAd]/[test-template:testgetCategory(minebayd1.ClassifiedAd)]/[test-template-invocation:#11]
display-name: [11] L'annonce correspond à Annonce n°1349 from Rosa crée le 2024-11-04T21:03:50.165204252Z et correpoond à GAMES et est à 40euros
]]></system-out>
</testcase>
<testcase name="testgetCategory(ClassifiedAd)[12]" classname="minebayd1.test.TestClassifiedAd" time="0">
<system-out><![CDATA[
unique-id: [engine:junit-jupiter]/[class:minebayd1.test.TestClassifiedAd]/[test-template:testgetCategory(minebayd1.ClassifiedAd)]/[test-template-invocation:#12]
display-name: [12] L'annonce correspond à Annonce n°1267 from Lyes crée le 2024-11-04T21:03:50.166394408Z et correpoond à BOOKS et est à 9euros
]]></system-out>
</testcase>
<testcase name="testgetCategory(ClassifiedAd)[13]" classname="minebayd1.test.TestClassifiedAd" time="0">
<system-out><![CDATA[
unique-id: [engine:junit-jupiter]/[class:minebayd1.test.TestClassifiedAd]/[test-template:testgetCategory(minebayd1.ClassifiedAd)]/[test-template-invocation:#13]
display-name: [13] L'annonce correspond à Annonce n°443 from Naila crée le 2024-11-04T21:03:50.179160799Z et correpoond à GAMES et est à 34euros
]]></system-out>
</testcase>
<testcase name="testgetCategory(ClassifiedAd)[14]" classname="minebayd1.test.TestClassifiedAd" time="0">
<system-out><![CDATA[
unique-id: [engine:junit-jupiter]/[class:minebayd1.test.TestClassifiedAd]/[test-template:testgetCategory(minebayd1.ClassifiedAd)]/[test-template-invocation:#14]
display-name: [14] L'annonce correspond à Annonce n°1244 from Marc crée le 2024-11-04T21:03:50.167004846Z et correpoond à GAMES et est à 97euros
]]></system-out>
</testcase>
<testcase name="testgetCategory(ClassifiedAd)[15]" classname="minebayd1.test.TestClassifiedAd" time="0">
<system-out><![CDATA[
unique-id: [engine:junit-jupiter]/[class:minebayd1.test.TestClassifiedAd]/[test-template:testgetCategory(minebayd1.ClassifiedAd)]/[test-template-invocation:#15]
display-name: [15] L'annonce correspond à Annonce n°96 from Idir crée le 2024-11-04T21:03:50.181279807Z et correpoond à SHOES et est à 24euros
]]></system-out>
</testcase>
<testcase name="testgetCategory(ClassifiedAd)[16]" classname="minebayd1.test.TestClassifiedAd" time="0">
<system-out><![CDATA[
unique-id: [engine:junit-jupiter]/[class:minebayd1.test.TestClassifiedAd]/[test-template:testgetCategory(minebayd1.ClassifiedAd)]/[test-template-invocation:#16]
display-name: [16] L'annonce correspond à Annonce n°662 from Lamia crée le 2024-11-04T21:03:50.177908252Z et correpoond à CLOTHES et est à 83euros
]]></system-out>
</testcase>
<testcase name="testgetCategory(ClassifiedAd)[17]" classname="minebayd1.test.TestClassifiedAd" time="0">
<system-out><![CDATA[
unique-id: [engine:junit-jupiter]/[class:minebayd1.test.TestClassifiedAd]/[test-template:testgetCategory(minebayd1.ClassifiedAd)]/[test-template-invocation:#17]
display-name: [17] L'annonce correspond à Annonce n°274 from Naila crée le 2024-11-04T21:03:50.180054795Z et correpoond à CLOTHES et est à 81euros
]]></system-out>
</testcase>
<testcase name="testgetCategory(ClassifiedAd)[18]" classname="minebayd1.test.TestClassifiedAd" time="0">
<system-out><![CDATA[
unique-id: [engine:junit-jupiter]/[class:minebayd1.test.TestClassifiedAd]/[test-template:testgetCategory(minebayd1.ClassifiedAd)]/[test-template-invocation:#18]
display-name: [18] L'annonce correspond à Annonce n°881 from Marc crée le 2024-11-04T21:03:50.173904151Z et correpoond à SHOES et est à 10euros
]]></system-out>
</testcase>
<testcase name="testgetCategory(ClassifiedAd)[19]" classname="minebayd1.test.TestClassifiedAd" time="0">
<system-out><![CDATA[
unique-id: [engine:junit-jupiter]/[class:minebayd1.test.TestClassifiedAd]/[test-template:testgetCategory(minebayd1.ClassifiedAd)]/[test-template-invocation:#19]
display-name: [19] L'annonce correspond à Annonce n°417 from Issa crée le 2024-11-04T21:03:50.179304060Z et correpoond à COMPUTERS et est à 90euros
]]></system-out>
</testcase>
<testcase name="testgetCategory(ClassifiedAd)[20]" classname="minebayd1.test.TestClassifiedAd" time="0">
<system-out><![CDATA[
unique-id: [engine:junit-jupiter]/[class:minebayd1.test.TestClassifiedAd]/[test-template:testgetCategory(minebayd1.ClassifiedAd)]/[test-template-invocation:#20]
display-name: [20] L'annonce correspond à Annonce n°247 from Mohamed crée le 2024-11-04T21:03:50.180194692Z et correpoond à CLOTHES et est à 69euros
]]></system-out>
</testcase>
<testcase name="testgetCategory(ClassifiedAd)[21]" classname="minebayd1.test.TestClassifiedAd" time="0">
<system-out><![CDATA[
unique-id: [engine:junit-jupiter]/[class:minebayd1.test.TestClassifiedAd]/[test-template:testgetCategory(minebayd1.ClassifiedAd)]/[test-template-invocation:#21]
display-name: [21] L'annonce correspond à Annonce n°231 from Ziad crée le 2024-11-04T21:03:50.180276931Z et correpoond à BOOKS et est à 15euros
]]></system-out>
</testcase>
<testcase name="testgetCategory(ClassifiedAd)[22]" classname="minebayd1.test.TestClassifiedAd" time="0">
<system-out><![CDATA[
unique-id: [engine:junit-jupiter]/[class:minebayd1.test.TestClassifiedAd]/[test-template:testgetCategory(minebayd1.ClassifiedAd)]/[test-template-invocation:#22]
display-name: [22] L'annonce correspond à Annonce n°392 from Nima crée le 2024-11-04T21:03:50.179433336Z et correpoond à GAMES et est à 98euros
]]></system-out>
</testcase>
<testcase name="testgetCategory(ClassifiedAd)[23]" classname="minebayd1.test.TestClassifiedAd" time="0">
<system-out><![CDATA[
unique-id: [engine:junit-jupiter]/[class:minebayd1.test.TestClassifiedAd]/[test-template:testgetCategory(minebayd1.ClassifiedAd)]/[test-template-invocation:#23]
display-name: [23] L'annonce correspond à Annonce n°1398 from Faycal crée le 2024-11-04T21:03:50.164066260Z et correpoond à CLOTHES et est à 55euros
]]></system-out>
</testcase>
<testcase name="testgetCategory(ClassifiedAd)[24]" classname="minebayd1.test.TestClassifiedAd" time="0">
<system-out><![CDATA[
unique-id: [engine:junit-jupiter]/[class:minebayd1.test.TestClassifiedAd]/[test-template:testgetCategory(minebayd1.ClassifiedAd)]/[test-template-invocation:#24]
display-name: [24] L'annonce correspond à Annonce n°1456 from Ayman crée le 2024-11-04T21:03:50.162615217Z et correpoond à BOOKS et est à 99euros
]]></system-out>
</testcase>
<testcase name="testgetCategory(ClassifiedAd)[25]" classname="minebayd1.test.TestClassifiedAd" time="0">
<system-out><![CDATA[
unique-id: [engine:junit-jupiter]/[class:minebayd1.test.TestClassifiedAd]/[test-template:testgetCategory(minebayd1.ClassifiedAd)]/[test-template-invocation:#25]
display-name: [25] L'annonce correspond à Annonce n°673 from Sonia crée le 2024-11-04T21:03:50.177840935Z et correpoond à SHOES et est à 93euros
]]></system-out>
</testcase>
<testcase name="testgetCategory(ClassifiedAd)[26]" classname="minebayd1.test.TestClassifiedAd" time="0">
<system-out><![CDATA[
unique-id: [engine:junit-jupiter]/[class:minebayd1.test.TestClassifiedAd]/[test-template:testgetCategory(minebayd1.ClassifiedAd)]/[test-template-invocation:#26]
display-name: [26] L'annonce correspond à Annonce n°1253 from Marc crée le 2024-11-04T21:03:50.166540646Z et correpoond à BOOKS et est à 52euros
]]></system-out>
</testcase>
<testcase name="testgetCategory(ClassifiedAd)[27]" classname="minebayd1.test.TestClassifiedAd" time="0">
<system-out><![CDATA[
unique-id: [engine:junit-jupiter]/[class:minebayd1.test.TestClassifiedAd]/[test-template:testgetCategory(minebayd1.ClassifiedAd)]/[test-template-invocation:#27]
display-name: [27] L'annonce correspond à Annonce n°1304 from Mohamed crée le 2024-11-04T21:03:50.165782741Z et correpoond à GAMES et est à 25euros
]]></system-out>
</testcase>
<testcase name="testgetCategory(ClassifiedAd)[28]" classname="minebayd1.test.TestClassifiedAd" time="0">
<system-out><![CDATA[
unique-id: [engine:junit-jupiter]/[class:minebayd1.test.TestClassifiedAd]/[test-template:testgetCategory(minebayd1.ClassifiedAd)]/[test-template-invocation:#28]
display-name: [28] L'annonce correspond à Annonce n°639 from Marc crée le 2024-11-04T21:03:50.178052326Z et correpoond à COMPUTERS et est à 20euros
]]></system-out>
</testcase>
<testcase name="testgetCategory(ClassifiedAd)[29]" classname="minebayd1.test.TestClassifiedAd" time="0">
<system-out><![CDATA[
unique-id: [engine:junit-jupiter]/[class:minebayd1.test.TestClassifiedAd]/[test-template:testgetCategory(minebayd1.ClassifiedAd)]/[test-template-invocation:#29]
display-name: [29] L'annonce correspond à Annonce n°1230 from Ismael crée le 2024-11-04T21:03:50.167133450Z et correpoond à CLOTHES et est à 43euros
]]></system-out>
</testcase>
<testcase name="testgetCategory(ClassifiedAd)[30]" classname="minebayd1.test.TestClassifiedAd" time="0">
<system-out><![CDATA[
unique-id: [engine:junit-jupiter]/[class:minebayd1.test.TestClassifiedAd]/[test-template:testgetCategory(minebayd1.ClassifiedAd)]/[test-template-invocation:#30]
display-name: [30] L'annonce correspond à Annonce n°1152 from Pierre crée le 2024-11-04T21:03:50.168320125Z et correpoond à COMPUTERS et est à 72euros
]]></system-out>
</testcase>
<testcase name="testgetCategory(ClassifiedAd)[31]" classname="minebayd1.test.TestClassifiedAd" time="0">
<system-out><![CDATA[
unique-id: [engine:junit-jupiter]/[class:minebayd1.test.TestClassifiedAd]/[test-template:testgetCategory(minebayd1.ClassifiedAd)]/[test-template-invocation:#31]
display-name: [31] L'annonce correspond à Annonce n°863 from Mounir crée le 2024-11-04T21:03:50.174110895Z et correpoond à COMPUTERS et est à 61euros
]]></system-out>
</testcase>
<testcase name="testgetCategory(ClassifiedAd)[32]" classname="minebayd1.test.TestClassifiedAd" time="0">
<system-out><![CDATA[
unique-id: [engine:junit-jupiter]/[class:minebayd1.test.TestClassifiedAd]/[test-template:testgetCategory(minebayd1.ClassifiedAd)]/[test-template-invocation:#32]
display-name: [32] L'annonce correspond à Annonce n°869 from Boris crée le 2024-11-04T21:03:50.174043040Z et correpoond à CLOTHES et est à 14euros
]]></system-out>
</testcase>
<testcase name="testgetCategory(ClassifiedAd)[33]" classname="minebayd1.test.TestClassifiedAd" time="0">
<system-out><![CDATA[
unique-id: [engine:junit-jupiter]/[class:minebayd1.test.TestClassifiedAd]/[test-template:testgetCategory(minebayd1.ClassifiedAd)]/[test-template-invocation:#33]
display-name: [33] L'annonce correspond à Annonce n°1159 from Lyes crée le 2024-11-04T21:03:50.168217568Z et correpoond à BOOKS et est à 12euros
]]></system-out>
</testcase>
<testcase name="testgetCategory(ClassifiedAd)[34]" classname="minebayd1.test.TestClassifiedAd" time="0">
<system-out><![CDATA[
unique-id: [engine:junit-jupiter]/[class:minebayd1.test.TestClassifiedAd]/[test-template:testgetCategory(minebayd1.ClassifiedAd)]/[test-template-invocation:#34]
display-name: [34] L'annonce correspond à Annonce n°113 from Aliou crée le 2024-11-04T21:03:50.181199163Z et correpoond à COMPUTERS et est à 82euros
]]></system-out>
</testcase>
<testcase name="testgetCategory(ClassifiedAd)[35]" classname="minebayd1.test.TestClassifiedAd" time="0">
<system-out><![CDATA[
unique-id: [engine:junit-jupiter]/[class:minebayd1.test.TestClassifiedAd]/[test-template:testgetCategory(minebayd1.ClassifiedAd)]/[test-template-invocation:#35]
display-name: [35] L'annonce correspond à Annonce n°1027 from Mohamed crée le 2024-11-04T21:03:50.170844605Z et correpoond à CLOTHES et est à 24euros
]]></system-out>
</testcase>
<testcase name="testgetCategory(ClassifiedAd)[36]" classname="minebayd1.test.TestClassifiedAd" time="0">
<system-out><![CDATA[
unique-id: [engine:junit-jupiter]/[class:minebayd1.test.TestClassifiedAd]/[test-template:testgetCategory(minebayd1.ClassifiedAd)]/[test-template-invocation:#36]
display-name: [36] L'annonce correspond à Annonce n°1108 from Ziad crée le 2024-11-04T21:03:50.169668160Z et correpoond à SHOES et est à 91euros
]]></system-out>
</testcase>
<testcase name="testgetCategory(ClassifiedAd)[37]" classname="minebayd1.test.TestClassifiedAd" time="0">
<system-out><![CDATA[
unique-id: [engine:junit-jupiter]/[class:minebayd1.test.TestClassifiedAd]/[test-template:testgetCategory(minebayd1.ClassifiedAd)]/[test-template-invocation:#37]
display-name: [37] L'annonce correspond à Annonce n°1124 from Issa crée le 2024-11-04T21:03:50.168951231Z et correpoond à BOOKS et est à 73euros
]]></system-out>
</testcase>
<testcase name="testgetCategory(ClassifiedAd)[38]" classname="minebayd1.test.TestClassifiedAd" time="0">
<system-out><![CDATA[
unique-id: [engine:junit-jupiter]/[class:minebayd1.test.TestClassifiedAd]/[test-template:testgetCategory(minebayd1.ClassifiedAd)]/[test-template-invocation:#38]
display-name: [38] L'annonce correspond à Annonce n°257 from Sonia crée le 2024-11-04T21:03:50.180142558Z et correpoond à GAMES et est à 10euros
]]></system-out>
</testcase>
<testcase name="testgetCategory(ClassifiedAd)[39]" classname="minebayd1.test.TestClassifiedAd" time="0">
<system-out><![CDATA[
unique-id: [engine:junit-jupiter]/[class:minebayd1.test.TestClassifiedAd]/[test-template:testgetCategory(minebayd1.ClassifiedAd)]/[test-template-invocation:#39]
display-name: [39] L'annonce correspond à Annonce n°1430 from Ayman crée le 2024-11-04T21:03:50.163153959Z et correpoond à CLOTHES et est à 53euros
]]></system-out>
</testcase>
<testcase name="testgetCategory(ClassifiedAd)[40]" classname="minebayd1.test.TestClassifiedAd" time="0">
<system-out><![CDATA[
unique-id: [engine:junit-jupiter]/[class:minebayd1.test.TestClassifiedAd]/[test-template:testgetCategory(minebayd1.ClassifiedAd)]/[test-template-invocation:#40]
display-name: [40] L'annonce correspond à Annonce n°760 from Ziad crée le 2024-11-04T21:03:50.175949264Z et correpoond à BOOKS et est à 73euros
]]></system-out>
</testcase>
<testcase name="testgetCategory(ClassifiedAd)[41]" classname="minebayd1.test.TestClassifiedAd" time="0">
<system-out><![CDATA[
unique-id: [engine:junit-jupiter]/[class:minebayd1.test.TestClassifiedAd]/[test-template:testgetCategory(minebayd1.ClassifiedAd)]/[test-template-invocation:#41]
display-name: [41] L'annonce correspond à Annonce n°604 from Mohamed crée le 2024-11-04T21:03:50.178358842Z et correpoond à SHOES et est à 91euros
]]></system-out>
</testcase>
<testcase name="testgetCategory(ClassifiedAd)[42]" classname="minebayd1.test.TestClassifiedAd" time="0">
<system-out><![CDATA[
unique-id: [engine:junit-jupiter]/[class:minebayd1.test.TestClassifiedAd]/[test-template:testgetCategory(minebayd1.ClassifiedAd)]/[test-template-invocation:#42]
display-name: [42] L'annonce correspond à Annonce n°847 from Issa crée le 2024-11-04T21:03:50.174537137Z et correpoond à SHOES et est à 26euros
]]></system-out>
</testcase>
<testcase name="testgetCategory(ClassifiedAd)[43]" classname="minebayd1.test.TestClassifiedAd" time="0">
<system-out><![CDATA[
unique-id: [engine:junit-jupiter]/[class:minebayd1.test.TestClassifiedAd]/[test-template:testgetCategory(minebayd1.ClassifiedAd)]/[test-template-invocation:#43]
display-name: [43] L'annonce correspond à Annonce n°179 from Lisa crée le 2024-11-04T21:03:50.180653405Z et correpoond à COMPUTERS et est à 92euros
]]></system-out>
</testcase>
<testcase name="testgetCategory(ClassifiedAd)[44]" classname="minebayd1.test.TestClassifiedAd" time="0">
<system-out><![CDATA[
unique-id: [engine:junit-jupiter]/[class:minebayd1.test.TestClassifiedAd]/[test-template:testgetCategory(minebayd1.ClassifiedAd)]/[test-template-invocation:#44]
display-name: [44] L'annonce correspond à Annonce n°263 from Lamia crée le 2024-11-04T21:03:50.180111654Z et correpoond à GAMES et est à 67euros
]]></system-out>
</testcase>
<testcase name="testgetCategory(ClassifiedAd)[45]" classname="minebayd1.test.TestClassifiedAd" time="0">
<system-out><![CDATA[
unique-id: [engine:junit-jupiter]/[class:minebayd1.test.TestClassifiedAd]/[test-template:testgetCategory(minebayd1.ClassifiedAd)]/[test-template-invocation:#45]
display-name: [45] L'annonce correspond à Annonce n°228 from Mamadou crée le 2024-11-04T21:03:50.180293398Z et correpoond à BOOKS et est à 6euros
]]></system-out>
</testcase>
<testcase name="testgetCategory(ClassifiedAd)[46]" classname="minebayd1.test.TestClassifiedAd" time="0">
<system-out><![CDATA[
unique-id: [engine:junit-jupiter]/[class:minebayd1.test.TestClassifiedAd]/[test-template:testgetCategory(minebayd1.ClassifiedAd)]/[test-template-invocation:#46]
display-name: [46] L'annonce correspond à Annonce n°1396 from Lamia crée le 2024-11-04T21:03:50.164087991Z et correpoond à GAMES et est à 48euros
]]></system-out>
</testcase>
<testcase name="testgetCategory(ClassifiedAd)[47]" classname="minebayd1.test.TestClassifiedAd" time="0">
<system-out><![CDATA[
unique-id: [engine:junit-jupiter]/[class:minebayd1.test.TestClassifiedAd]/[test-template:testgetCategory(minebayd1.ClassifiedAd)]/[test-template-invocation:#47]
display-name: [47] L'annonce correspond à Annonce n°798 from Ayman crée le 2024-11-04T21:03:50.175363830Z et correpoond à CLOTHES et est à 4euros
]]></system-out>
</testcase>
<testcase name="testgetCategory(ClassifiedAd)[48]" classname="minebayd1.test.TestClassifiedAd" time="0">
<system-out><![CDATA[
unique-id: [engine:junit-jupiter]/[class:minebayd1.test.TestClassifiedAd]/[test-template:testgetCategory(minebayd1.ClassifiedAd)]/[test-template-invocation:#48]
display-name: [48] L'annonce correspond à Annonce n°492 from Lyes crée le 2024-11-04T21:03:50.178918967Z et correpoond à COMPUTERS et est à 23euros
]]></system-out>
</testcase>
<testcase name="testgetCategory(ClassifiedAd)[49]" classname="minebayd1.test.TestClassifiedAd" time="0">
<system-out><![CDATA[
unique-id: [engine:junit-jupiter]/[class:minebayd1.test.TestClassifiedAd]/[test-template:testgetCategory(minebayd1.ClassifiedAd)]/[test-template-invocation:#49]
display-name: [49] L'annonce correspond à Annonce n°657 from Ayman crée le 2024-11-04T21:03:50.177944182Z et correpoond à SHOES et est à 37euros
]]></system-out>
</testcase>
<testcase name="testgetCategory(ClassifiedAd)[50]" classname="minebayd1.test.TestClassifiedAd" time="0">
<system-out><![CDATA[
unique-id: [engine:junit-jupiter]/[class:minebayd1.test.TestClassifiedAd]/[test-template:testgetCategory(minebayd1.ClassifiedAd)]/[test-template-invocation:#50]
display-name: [50] L'annonce correspond à Annonce n°1333 from Mounir crée le 2024-11-04T21:03:50.165491971Z et correpoond à COMPUTERS et est à 27euros
]]></system-out>
</testcase>
<testcase name="testgetCategory(ClassifiedAd)[51]" classname="minebayd1.test.TestClassifiedAd" time="0">
<system-out><![CDATA[
unique-id: [engine:junit-jupiter]/[class:minebayd1.test.TestClassifiedAd]/[test-template:testgetCategory(minebayd1.ClassifiedAd)]/[test-template-invocation:#51]
display-name: [51] L'annonce correspond à Annonce n°912 from Boris crée le 2024-11-04T21:03:50.173542374Z et correpoond à GAMES et est à 5euros
]]></system-out>
</testcase>
<testcase name="testgetCategory(ClassifiedAd)[52]" classname="minebayd1.test.TestClassifiedAd" time="0">
<system-out><![CDATA[
unique-id: [engine:junit-jupiter]/[class:minebayd1.test.TestClassifiedAd]/[test-template:testgetCategory(minebayd1.ClassifiedAd)]/[test-template-invocation:#52]
display-name: [52] L'annonce correspond à Annonce n°1100 from Faycal crée le 2024-11-04T21:03:50.169784141Z et correpoond à COMPUTERS et est à 8euros
]]></system-out>
</testcase>
<testcase name="testgetCategory(ClassifiedAd)[53]" classname="minebayd1.test.TestClassifiedAd" time="0">
<system-out><![CDATA[
unique-id: [engine:junit-jupiter]/[class:minebayd1.test.TestClassifiedAd]/[test-template:testgetCategory(minebayd1.ClassifiedAd)]/[test-template-invocation:#53]
display-name: [53] L'annonce correspond à Annonce n°1398 from Faycal crée le 2024-11-04T21:03:50.164066260Z et correpoond à CLOTHES et est à 55euros
]]></system-out>
</testcase>
<testcase name="testgetCategory(ClassifiedAd)[54]" classname="minebayd1.test.TestClassifiedAd" time="0">
<system-out><![CDATA[
unique-id: [engine:junit-jupiter]/[class:minebayd1.test.TestClassifiedAd]/[test-template:testgetCategory(minebayd1.ClassifiedAd)]/[test-template-invocation:#54]
display-name: [54] L'annonce correspond à Annonce n°20 from Lyes crée le 2024-11-04T21:03:50.181671112Z et correpoond à BOOKS et est à 80euros
]]></system-out>
</testcase>
<testcase name="testgetCategory(ClassifiedAd)[55]" classname="minebayd1.test.TestClassifiedAd" time="0">
<system-out><![CDATA[
unique-id: [engine:junit-jupiter]/[class:minebayd1.test.TestClassifiedAd]/[test-template:testgetCategory(minebayd1.ClassifiedAd)]/[test-template-invocation:#55]
display-name: [55] L'annonce correspond à Annonce n°170 from Idir crée le 2024-11-04T21:03:50.180722025Z et correpoond à COMPUTERS et est à 71euros
]]></system-out>
</testcase>
<testcase name="testgetCategory(ClassifiedAd)[56]" classname="minebayd1.test.TestClassifiedAd" time="0">
<system-out><![CDATA[
unique-id: [engine:junit-jupiter]/[class:minebayd1.test.TestClassifiedAd]/[test-template:testgetCategory(minebayd1.ClassifiedAd)]/[test-template-invocation:#56]
display-name: [56] L'annonce correspond à Annonce n°174 from Aliou crée le 2024-11-04T21:03:50.180691590Z et correpoond à BOOKS et est à 15euros
]]></system-out>
</testcase>
<testcase name="testgetCategory(ClassifiedAd)[57]" classname="minebayd1.test.TestClassifiedAd" time="0">
<system-out><![CDATA[
unique-id: [engine:junit-jupiter]/[class:minebayd1.test.TestClassifiedAd]/[test-template:testgetCategory(minebayd1.ClassifiedAd)]/[test-template-invocation:#57]
display-name: [57] L'annonce correspond à Annonce n°781 from Ayman crée le 2024-11-04T21:03:50.175699675Z et correpoond à SHOES et est à 86euros
]]></system-out>
</testcase>
<testcase name="testgetCategory(ClassifiedAd)[58]" classname="minebayd1.test.TestClassifiedAd" time="0">
<system-out><![CDATA[
unique-id: [engine:junit-jupiter]/[class:minebayd1.test.TestClassifiedAd]/[test-template:testgetCategory(minebayd1.ClassifiedAd)]/[test-template-invocation:#58]
display-name: [58] L'annonce correspond à Annonce n°140 from Naila crée le 2024-11-04T21:03:50.180978934Z et correpoond à CLOTHES et est à 44euros
]]></system-out>
</testcase>
<testcase name="testgetCategory(ClassifiedAd)[59]" classname="minebayd1.test.TestClassifiedAd" time="0">
<system-out><![CDATA[
unique-id: [engine:junit-jupiter]/[class:minebayd1.test.TestClassifiedAd]/[test-template:testgetCategory(minebayd1.ClassifiedAd)]/[test-template-invocation:#59]
display-name: [59] L'annonce correspond à Annonce n°539 from Aliou crée le 2024-11-04T21:03:50.178734147Z et correpoond à GAMES et est à 12euros
]]></system-out>
</testcase>
<testcase name="testgetCategory(ClassifiedAd)[60]" classname="minebayd1.test.TestClassifiedAd" time="0">
<system-out><![CDATA[
unique-id: [engine:junit-jupiter]/[class:minebayd1.test.TestClassifiedAd]/[test-template:testgetCategory(minebayd1.ClassifiedAd)]/[test-template-invocation:#60]
display-name: [60] L'annonce correspond à Annonce n°1067 from Ayman crée le 2024-11-04T21:03:50.170343090Z et correpoond à BOOKS et est à 44euros
]]></system-out>
</testcase>
<testcase name="testgetCategory(ClassifiedAd)[61]" classname="minebayd1.test.TestClassifiedAd" time="0">
<system-out><![CDATA[
unique-id: [engine:junit-jupiter]/[class:minebayd1.test.TestClassifiedAd]/[test-template:testgetCategory(minebayd1.ClassifiedAd)]/[test-template-invocation:#61]
display-name: [61] L'annonce correspond à Annonce n°917 from Adam crée le 2024-11-04T21:03:50.173447399Z et correpoond à GAMES et est à 3euros
]]></system-out>
</testcase>
<testcase name="testgetCategory(ClassifiedAd)[62]" classname="minebayd1.test.TestClassifiedAd" time="0">
<system-out><![CDATA[
unique-id: [engine:junit-jupiter]/[class:minebayd1.test.TestClassifiedAd]/[test-template:testgetCategory(minebayd1.ClassifiedAd)]/[test-template-invocation:#62]
display-name: [62] L'annonce correspond à Annonce n°1440 from Mohamed crée le 2024-11-04T21:03:50.162852107Z et correpoond à BOOKS et est à 10euros
]]></system-out>
</testcase>
<testcase name="testgetCategory(ClassifiedAd)[63]" classname="minebayd1.test.TestClassifiedAd" time="0">
<system-out><![CDATA[
unique-id: [engine:junit-jupiter]/[class:minebayd1.test.TestClassifiedAd]/[test-template:testgetCategory(minebayd1.ClassifiedAd)]/[test-template-invocation:#63]
display-name: [63] L'annonce correspond à Annonce n°884 from Lamia crée le 2024-11-04T21:03:50.173870241Z et correpoond à SHOES et est à 17euros
]]></system-out>
</testcase>
<testcase name="testgetCategory(ClassifiedAd)[64]" classname="minebayd1.test.TestClassifiedAd" time="0">
<system-out><![CDATA[
unique-id: [engine:junit-jupiter]/[class:minebayd1.test.TestClassifiedAd]/[test-template:testgetCategory(minebayd1.ClassifiedAd)]/[test-template-invocation:#64]
display-name: [64] L'annonce correspond à Annonce n°640 from Ali crée le 2024-11-04T21:03:50.178044230Z et correpoond à COMPUTERS et est à 84euros
]]></system-out>
</testcase>
<testcase name="testgetCategory(ClassifiedAd)[65]" classname="minebayd1.test.TestClassifiedAd" time="0">
<system-out><![CDATA[
unique-id: [engine:junit-jupiter]/[class:minebayd1.test.TestClassifiedAd]/[test-template:testgetCategory(minebayd1.ClassifiedAd)]/[test-template-invocation:#65]
display-name: [65] L'annonce correspond à Annonce n°383 from Nima crée le 2024-11-04T21:03:50.179481515Z et correpoond à SHOES et est à 11euros
]]></system-out>
</testcase>
<testcase name="testgetCategory(ClassifiedAd)[66]" classname="minebayd1.test.TestClassifiedAd" time="0">
<system-out><![CDATA[
unique-id: [engine:junit-jupiter]/[class:minebayd1.test.TestClassifiedAd]/[test-template:testgetCategory(minebayd1.ClassifiedAd)]/[test-template-invocation:#66]
display-name: [66] L'annonce correspond à Annonce n°1373 from Adam crée le 2024-11-04T21:03:50.164489158Z et correpoond à COMPUTERS et est à 13euros
]]></system-out>
</testcase>
<testcase name="testgetCategory(ClassifiedAd)[67]" classname="minebayd1.test.TestClassifiedAd" time="0">
<system-out><![CDATA[
unique-id: [engine:junit-jupiter]/[class:minebayd1.test.TestClassifiedAd]/[test-template:testgetCategory(minebayd1.ClassifiedAd)]/[test-template-invocation:#67]
display-name: [67] L'annonce correspond à Annonce n°723 from Imam crée le 2024-11-04T21:03:50.177280212Z et correpoond à GAMES et est à 78euros
]]></system-out>
</testcase>
<testcase name="testgetCategory(ClassifiedAd)[68]" classname="minebayd1.test.TestClassifiedAd" time="0">
<system-out><![CDATA[
unique-id: [engine:junit-jupiter]/[class:minebayd1.test.TestClassifiedAd]/[test-template:testgetCategory(minebayd1.ClassifiedAd)]/[test-template-invocation:#68]
display-name: [68] L'annonce correspond à Annonce n°1098 from Idir crée le 2024-11-04T21:03:50.169811246Z et correpoond à COMPUTERS et est à 12euros
]]></system-out>
</testcase>
<testcase name="testgetCategory(ClassifiedAd)[69]" classname="minebayd1.test.TestClassifiedAd" time="0">
<system-out><![CDATA[
unique-id: [engine:junit-jupiter]/[class:minebayd1.test.TestClassifiedAd]/[test-template:testgetCategory(minebayd1.ClassifiedAd)]/[test-template-invocation:#69]
display-name: [69] L'annonce correspond à Annonce n°152 from Boris crée le 2024-11-04T21:03:50.180886048Z et correpoond à CLOTHES et est à 87euros
]]></system-out>
</testcase>
<testcase name="testgetCategory(ClassifiedAd)[70]" classname="minebayd1.test.TestClassifiedAd" time="0">
<system-out><![CDATA[
unique-id: [engine:junit-jupiter]/[class:minebayd1.test.TestClassifiedAd]/[test-template:testgetCategory(minebayd1.ClassifiedAd)]/[test-template-invocation:#70]
display-name: [70] L'annonce correspond à Annonce n°690 from Pierre crée le 2024-11-04T21:03:50.177718360Z et correpoond à GAMES et est à 100euros
]]></system-out>
</testcase>
<testcase name="testgetCategory(ClassifiedAd)[71]" classname="minebayd1.test.TestClassifiedAd" time="0">
<system-out><![CDATA[
unique-id: [engine:junit-jupiter]/[class:minebayd1.test.TestClassifiedAd]/[test-template:testgetCategory(minebayd1.ClassifiedAd)]/[test-template-invocation:#71]
display-name: [71] L'annonce correspond à Annonce n°1413 from Adam crée le 2024-11-04T21:03:50.163839284Z et correpoond à BOOKS et est à 85euros
]]></system-out>
</testcase>
<testcase name="testgetCategory(ClassifiedAd)[72]" classname="minebayd1.test.TestClassifiedAd" time="0">
<system-out><![CDATA[
unique-id: [engine:junit-jupiter]/[class:minebayd1.test.TestClassifiedAd]/[test-template:testgetCategory(minebayd1.ClassifiedAd)]/[test-template-invocation:#72]
display-name: [72] L'annonce correspond à Annonce n°1050 from Mamadou crée le 2024-11-04T21:03:50.170534360Z et correpoond à GAMES et est à 99euros
]]></system-out>
</testcase>
<testcase name="testgetCategory(ClassifiedAd)[73]" classname="minebayd1.test.TestClassifiedAd" time="0">
<system-out><![CDATA[
unique-id: [engine:junit-jupiter]/[class:minebayd1.test.TestClassifiedAd]/[test-template:testgetCategory(minebayd1.ClassifiedAd)]/[test-template-invocation:#73]
display-name: [73] L'annonce correspond à Annonce n°145 from Ismael crée le 2024-11-04T21:03:50.180940725Z et correpoond à BOOKS et est à 7euros
]]></system-out>
</testcase>
<testcase name="testgetCategory(ClassifiedAd)[74]" classname="minebayd1.test.TestClassifiedAd" time="0">
<system-out><![CDATA[
unique-id: [engine:junit-jupiter]/[class:minebayd1.test.TestClassifiedAd]/[test-template:testgetCategory(minebayd1.ClassifiedAd)]/[test-template-invocation:#74]
display-name: [74] L'annonce correspond à Annonce n°219 from Marc crée le 2024-11-04T21:03:50.180346161Z et correpoond à CLOTHES et est à 83euros
]]></system-out>
</testcase>
<testcase name="testgetCategory(ClassifiedAd)[75]" classname="minebayd1.test.TestClassifiedAd" time="0">
<system-out><![CDATA[
unique-id: [engine:junit-jupiter]/[class:minebayd1.test.TestClassifiedAd]/[test-template:testgetCategory(minebayd1.ClassifiedAd)]/[test-template-invocation:#75]
display-name: [75] L'annonce correspond à Annonce n°1311 from Naila crée le 2024-11-04T21:03:50.165712413Z et correpoond à BOOKS et est à 38euros
]]></system-out>
</testcase>
<testcase name="testgetCategory(ClassifiedAd)[76]" classname="minebayd1.test.TestClassifiedAd" time="0">
<system-out><![CDATA[
unique-id: [engine:junit-jupiter]/[class:minebayd1.test.TestClassifiedAd]/[test-template:testgetCategory(minebayd1.ClassifiedAd)]/[test-template-invocation:#76]
display-name: [76] L'annonce correspond à Annonce n°977 from Pierre crée le 2024-11-04T21:03:50.172567884Z et correpoond à SHOES et est à 100euros
]]></system-out>
</testcase>
<testcase name="testgetCategory(ClassifiedAd)[77]" classname="minebayd1.test.TestClassifiedAd" time="0">
<system-out><![CDATA[
unique-id: [engine:junit-jupiter]/[class:minebayd1.test.TestClassifiedAd]/[test-template:testgetCategory(minebayd1.ClassifiedAd)]/[test-template-invocation:#77]
display-name: [77] L'annonce correspond à Annonce n°499 from Ayman crée le 2024-11-04T21:03:50.178892004Z et correpoond à GAMES et est à 63euros
]]></system-out>
</testcase>
<testcase name="testgetCategory(ClassifiedAd)[78]" classname="minebayd1.test.TestClassifiedAd" time="0">
<system-out><![CDATA[
unique-id: [engine:junit-jupiter]/[class:minebayd1.test.TestClassifiedAd]/[test-template:testgetCategory(minebayd1.ClassifiedAd)]/[test-template-invocation:#78]
display-name: [78] L'annonce correspond à Annonce n°542 from Aliou crée le 2024-11-04T21:03:50.178722704Z et correpoond à BOOKS et est à 76euros
]]></system-out>
</testcase>
<testcase name="testgetCategory(ClassifiedAd)[79]" classname="minebayd1.test.TestClassifiedAd" time="0">
<system-out><![CDATA[
unique-id: [engine:junit-jupiter]/[class:minebayd1.test.TestClassifiedAd]/[test-template:testgetCategory(minebayd1.ClassifiedAd)]/[test-template-invocation:#79]
display-name: [79] L'annonce correspond à Annonce n°510 from Issa crée le 2024-11-04T21:03:50.178849337Z et correpoond à SHOES et est à 14euros
]]></system-out>
</testcase>
<testcase name="testgetCategory(ClassifiedAd)[80]" classname="minebayd1.test.TestClassifiedAd" time="0">
<system-out><![CDATA[
unique-id: [engine:junit-jupiter]/[class:minebayd1.test.TestClassifiedAd]/[test-template:testgetCategory(minebayd1.ClassifiedAd)]/[test-template-invocation:#80]
display-name: [80] L'annonce correspond à Annonce n°797 from Mamadou crée le 2024-11-04T21:03:50.175375443Z et correpoond à SHOES et est à 78euros
]]></system-out>
</testcase>
<testcase name="testgetCategory(ClassifiedAd)[81]" classname="minebayd1.test.TestClassifiedAd" time="0">
<system-out><![CDATA[
unique-id: [engine:junit-jupiter]/[class:minebayd1.test.TestClassifiedAd]/[test-template:testgetCategory(minebayd1.ClassifiedAd)]/[test-template-invocation:#81]
display-name: [81] L'annonce correspond à Annonce n°340 from Mamadou crée le 2024-11-04T21:03:50.179709187Z et correpoond à SHOES et est à 100euros
]]></system-out>
</testcase>
<testcase name="testgetCategory(ClassifiedAd)[82]" classname="minebayd1.test.TestClassifiedAd" time="0">
<system-out><![CDATA[
unique-id: [engine:junit-jupiter]/[class:minebayd1.test.TestClassifiedAd]/[test-template:testgetCategory(minebayd1.ClassifiedAd)]/[test-template-invocation:#82]
display-name: [82] L'annonce correspond à Annonce n°75 from Adam crée le 2024-11-04T21:03:50.181402470Z et correpoond à BOOKS et est à 12euros
]]></system-out>
</testcase>
<testcase name="testgetCategory(ClassifiedAd)[83]" classname="minebayd1.test.TestClassifiedAd" time="0">
<system-out><![CDATA[
unique-id: [engine:junit-jupiter]/[class:minebayd1.test.TestClassifiedAd]/[test-template:testgetCategory(minebayd1.ClassifiedAd)]/[test-template-invocation:#83]
display-name: [83] L'annonce correspond à Annonce n°845 from Zahra crée le 2024-11-04T21:03:50.174561442Z et correpoond à CLOTHES et est à 79euros
]]></system-out>
</testcase>
<testcase name="testgetCategory(ClassifiedAd)[84]" classname="minebayd1.test.TestClassifiedAd" time="0">
<system-out><![CDATA[
unique-id: [engine:junit-jupiter]/[class:minebayd1.test.TestClassifiedAd]/[test-template:testgetCategory(minebayd1.ClassifiedAd)]/[test-template-invocation:#84]
display-name: [84] L'annonce correspond à Annonce n°663 from Ayman crée le 2024-11-04T21:03:50.177902032Z et correpoond à COMPUTERS et est à 47euros
]]></system-out>
</testcase>
<testcase name="testgetCategory(ClassifiedAd)[85]" classname="minebayd1.test.TestClassifiedAd" time="0">
<system-out><![CDATA[
unique-id: [engine:junit-jupiter]/[class:minebayd1.test.TestClassifiedAd]/[test-template:testgetCategory(minebayd1.ClassifiedAd)]/[test-template-invocation:#85]
display-name: [85] L'annonce correspond à Annonce n°1333 from Mounir crée le 2024-11-04T21:03:50.165491971Z et correpoond à COMPUTERS et est à 27euros
]]></system-out>
</testcase>
<testcase name="testgetCategory(ClassifiedAd)[86]" classname="minebayd1.test.TestClassifiedAd" time="0">
<system-out><![CDATA[
unique-id: [engine:junit-jupiter]/[class:minebayd1.test.TestClassifiedAd]/[test-template:testgetCategory(minebayd1.ClassifiedAd)]/[test-template-invocation:#86]
display-name: [86] L'annonce correspond à Annonce n°1001 from Lyes crée le 2024-11-04T21:03:50.171142487Z et correpoond à SHOES et est à 55euros
]]></system-out>
</testcase>
<testcase name="testgetCategory(ClassifiedAd)[87]" classname="minebayd1.test.TestClassifiedAd" time="0">
<system-out><![CDATA[
unique-id: [engine:junit-jupiter]/[class:minebayd1.test.TestClassifiedAd]/[test-template:testgetCategory(minebayd1.ClassifiedAd)]/[test-template-invocation:#87]
display-name: [87] L'annonce correspond à Annonce n°130 from Yanis crée le 2024-11-04T21:03:50.181064813Z et correpoond à SHOES et est à 4euros
]]></system-out>
</testcase>
<testcase name="testgetCategory(ClassifiedAd)[88]" classname="minebayd1.test.TestClassifiedAd" time="0">
<system-out><![CDATA[
unique-id: [engine:junit-jupiter]/[class:minebayd1.test.TestClassifiedAd]/[test-template:testgetCategory(minebayd1.ClassifiedAd)]/[test-template-invocation:#88]
display-name: [88] L'annonce correspond à Annonce n°31 from Mounir crée le 2024-11-04T21:03:50.181605198Z et correpoond à CLOTHES et est à 45euros
]]></system-out>
</testcase>
<testcase name="testgetCategory(ClassifiedAd)[89]" classname="minebayd1.test.TestClassifiedAd" time="0">
<system-out><![CDATA[
unique-id: [engine:junit-jupiter]/[class:minebayd1.test.TestClassifiedAd]/[test-template:testgetCategory(minebayd1.ClassifiedAd)]/[test-template-invocation:#89]
display-name: [89] L'annonce correspond à Annonce n°161 from Mounir crée le 2024-11-04T21:03:50.180815152Z et correpoond à CLOTHES et est à 92euros
]]></system-out>
</testcase>
<testcase name="testgetCategory(ClassifiedAd)[90]" classname="minebayd1.test.TestClassifiedAd" time="0">
<system-out><![CDATA[
unique-id: [engine:junit-jupiter]/[class:minebayd1.test.TestClassifiedAd]/[test-template:testgetCategory(minebayd1.ClassifiedAd)]/[test-template-invocation:#90]
display-name: [90] L'annonce correspond à Annonce n°868 from Marc crée le 2024-11-04T21:03:50.174054188Z et correpoond à BOOKS et est à 9euros
]]></system-out>
</testcase>
<testcase name="testgetCategory(ClassifiedAd)[91]" classname="minebayd1.test.TestClassifiedAd" time="0">
<system-out><![CDATA[
unique-id: [engine:junit-jupiter]/[class:minebayd1.test.TestClassifiedAd]/[test-template:testgetCategory(minebayd1.ClassifiedAd)]/[test-template-invocation:#91]
display-name: [91] L'annonce correspond à Annonce n°1267 from Lyes crée le 2024-11-04T21:03:50.166394408Z et correpoond à BOOKS et est à 9euros
]]></system-out>
</testcase>
<testcase name="testgetCategory(ClassifiedAd)[92]" classname="minebayd1.test.TestClassifiedAd" time="0">
<system-out><![CDATA[
unique-id: [engine:junit-jupiter]/[class:minebayd1.test.TestClassifiedAd]/[test-template:testgetCategory(minebayd1.ClassifiedAd)]/[test-template-invocation:#92]
display-name: [92] L'annonce correspond à Annonce n°214 from Sheraz crée le 2024-11-04T21:03:50.180378365Z et correpoond à COMPUTERS et est à 36euros
]]></system-out>
</testcase>
<testcase name="testgetCategory(ClassifiedAd)[93]" classname="minebayd1.test.TestClassifiedAd" time="0">
<system-out><![CDATA[
unique-id: [engine:junit-jupiter]/[class:minebayd1.test.TestClassifiedAd]/[test-template:testgetCategory(minebayd1.ClassifiedAd)]/[test-template-invocation:#93]
display-name: [93] L'annonce correspond à Annonce n°858 from Sheraz crée le 2024-11-04T21:03:50.174280168Z et correpoond à SHOES et est à 6euros
]]></system-out>
</testcase>
<testcase name="testgetCategory(ClassifiedAd)[94]" classname="minebayd1.test.TestClassifiedAd" time="0">
<system-out><![CDATA[
unique-id: [engine:junit-jupiter]/[class:minebayd1.test.TestClassifiedAd]/[test-template:testgetCategory(minebayd1.ClassifiedAd)]/[test-template-invocation:#94]
display-name: [94] L'annonce correspond à Annonce n°495 from Nima crée le 2024-11-04T21:03:50.178907408Z et correpoond à BOOKS et est à 62euros
]]></system-out>
</testcase>
<testcase name="testgetCategory(ClassifiedAd)[95]" classname="minebayd1.test.TestClassifiedAd" time="0">
<system-out><![CDATA[
unique-id: [engine:junit-jupiter]/[class:minebayd1.test.TestClassifiedAd]/[test-template:testgetCategory(minebayd1.ClassifiedAd)]/[test-template-invocation:#95]
display-name: [95] L'annonce correspond à Annonce n°90 from Issa crée le 2024-11-04T21:03:50.181310853Z et correpoond à SHOES et est à 72euros
]]></system-out>
</testcase>
<testcase name="testgetCategory(ClassifiedAd)[96]" classname="minebayd1.test.TestClassifiedAd" time="0">
<system-out><![CDATA[
unique-id: [engine:junit-jupiter]/[class:minebayd1.test.TestClassifiedAd]/[test-template:testgetCategory(minebayd1.ClassifiedAd)]/[test-template-invocation:#96]
display-name: [96] L'annonce correspond à Annonce n°234 from Mohamed crée le 2024-11-04T21:03:50.180261567Z et correpoond à CLOTHES et est à 3euros
]]></system-out>
</testcase>
<testcase name="testgetCategory(ClassifiedAd)[97]" classname="minebayd1.test.TestClassifiedAd" time="0">
<system-out><![CDATA[
unique-id: [engine:junit-jupiter]/[class:minebayd1.test.TestClassifiedAd]/[test-template:testgetCategory(minebayd1.ClassifiedAd)]/[test-template-invocation:#97]
display-name: [97] L'annonce correspond à Annonce n°161 from Mounir crée le 2024-11-04T21:03:50.180815152Z et correpoond à CLOTHES et est à 92euros
]]></system-out>
</testcase>
<testcase name="testgetCategory(ClassifiedAd)[98]" classname="minebayd1.test.TestClassifiedAd" time="0">
<system-out><![CDATA[
unique-id: [engine:junit-jupiter]/[class:minebayd1.test.TestClassifiedAd]/[test-template:testgetCategory(minebayd1.ClassifiedAd)]/[test-template-invocation:#98]
display-name: [98] L'annonce correspond à Annonce n°378 from Boris crée le 2024-11-04T21:03:50.179507862Z et correpoond à CLOTHES et est à 96euros
]]></system-out>
</testcase>
<testcase name="testgetCategory(ClassifiedAd)[99]" classname="minebayd1.test.TestClassifiedAd" time="0">
<system-out><![CDATA[
unique-id: [engine:junit-jupiter]/[class:minebayd1.test.TestClassifiedAd]/[test-template:testgetCategory(minebayd1.ClassifiedAd)]/[test-template-invocation:#99]
display-name: [99] L'annonce correspond à Annonce n°370 from Faycal crée le 2024-11-04T21:03:50.179548820Z et correpoond à COMPUTERS et est à 64euros
]]></system-out>
</testcase>
<testcase name="testgetCategory(ClassifiedAd)[100]" classname="minebayd1.test.TestClassifiedAd" time="0">
<system-out><![CDATA[
unique-id: [engine:junit-jupiter]/[class:minebayd1.test.TestClassifiedAd]/[test-template:testgetCategory(minebayd1.ClassifiedAd)]/[test-template-invocation:#100]
display-name: [100] L'annonce correspond à Annonce n°963 from Sonia crée le 2024-11-04T21:03:50.172733224Z et correpoond à COMPUTERS et est à 42euros
]]></system-out>
</testcase>
<testcase name="testisBefore(ClassifiedAd, ClassifiedAd)[1]" classname="minebayd1.test.TestClassifiedAd" time="0">
<system-out><![CDATA[
unique-id: [engine:junit-jupiter]/[class:minebayd1.test.TestClassifiedAd]/[test-template:testisBefore(minebayd1.ClassifiedAd, minebayd1.ClassifiedAd)]/[test-template-invocation:#1]
display-name: [1] L'annonce correspond à Annonce n°1358 from Aliou crée le 2024-11-04T21:03:50.165042783Z et correpoond à CLOTHES et est à 99euros, L'annonce correspond à Annonce n°654 from Chanez crée le 2024-11-04T21:03:50.177962183Z et correpoond à SHOES et est à 54euros
]]></system-out>
</testcase>
<testcase name="testisBefore(ClassifiedAd, ClassifiedAd)[2]" classname="minebayd1.test.TestClassifiedAd" time="0">
<system-out><![CDATA[
unique-id: [engine:junit-jupiter]/[class:minebayd1.test.TestClassifiedAd]/[test-template:testisBefore(minebayd1.ClassifiedAd, minebayd1.ClassifiedAd)]/[test-template-invocation:#2]
display-name: [2] L'annonce correspond à Annonce n°990 from Aliou crée le 2024-11-04T21:03:50.171265988Z et correpoond à SHOES et est à 60euros, L'annonce correspond à Annonce n°213 from Sheraz crée le 2024-11-04T21:03:50.180386337Z et correpoond à BOOKS et est à 52euros
]]></system-out>
</testcase>
<testcase name="testisBefore(ClassifiedAd, ClassifiedAd)[3]" classname="minebayd1.test.TestClassifiedAd" time="0">
<system-out><![CDATA[
unique-id: [engine:junit-jupiter]/[class:minebayd1.test.TestClassifiedAd]/[test-template:testisBefore(minebayd1.ClassifiedAd, minebayd1.ClassifiedAd)]/[test-template-invocation:#3]
display-name: [3] L'annonce correspond à Annonce n°419 from Rosa crée le 2024-11-04T21:03:50.179293780Z et correpoond à BOOKS et est à 23euros, L'annonce correspond à Annonce n°55 from Ali crée le 2024-11-04T21:03:50.181493467Z et correpoond à BOOKS et est à 83euros
]]></system-out>
</testcase>
<testcase name="testisBefore(ClassifiedAd, ClassifiedAd)[4]" classname="minebayd1.test.TestClassifiedAd" time="0">
<system-out><![CDATA[
unique-id: [engine:junit-jupiter]/[class:minebayd1.test.TestClassifiedAd]/[test-template:testisBefore(minebayd1.ClassifiedAd, minebayd1.ClassifiedAd)]/[test-template-invocation:#4]
display-name: [4] L'annonce correspond à Annonce n°502 from Ali crée le 2024-11-04T21:03:50.178880425Z et correpoond à COMPUTERS et est à 19euros, L'annonce correspond à Annonce n°1348 from Yanis crée le 2024-11-04T21:03:50.165221320Z et correpoond à GAMES et est à 40euros
]]></system-out>
</testcase>
<testcase name="testisBefore(ClassifiedAd, ClassifiedAd)[5]" classname="minebayd1.test.TestClassifiedAd" time="0">
<system-out><![CDATA[
unique-id: [engine:junit-jupiter]/[class:minebayd1.test.TestClassifiedAd]/[test-template:testisBefore(minebayd1.ClassifiedAd, minebayd1.ClassifiedAd)]/[test-template-invocation:#5]
display-name: [5] L'annonce correspond à Annonce n°66 from Yanis crée le 2024-11-04T21:03:50.181444817Z et correpoond à BOOKS et est à 87euros, L'annonce correspond à Annonce n°405 from Pierre crée le 2024-11-04T21:03:50.179366923Z et correpoond à GAMES et est à 94euros
]]></system-out>
</testcase>
<testcase name="testisBefore(ClassifiedAd, ClassifiedAd)[6]" classname="minebayd1.test.TestClassifiedAd" time="0">
<system-out><![CDATA[
unique-id: [engine:junit-jupiter]/[class:minebayd1.test.TestClassifiedAd]/[test-template:testisBefore(minebayd1.ClassifiedAd, minebayd1.ClassifiedAd)]/[test-template-invocation:#6]
display-name: [6] L'annonce correspond à Annonce n°1239 from Lamia crée le 2024-11-04T21:03:50.167054746Z et correpoond à BOOKS et est à 42euros, L'annonce correspond à Annonce n°861 from Aliou crée le 2024-11-04T21:03:50.174230830Z et correpoond à GAMES et est à 15euros
]]></system-out>
</testcase>
<testcase name="testisBefore(ClassifiedAd, ClassifiedAd)[7]" classname="minebayd1.test.TestClassifiedAd" time="0.001">
<system-out><![CDATA[
unique-id: [engine:junit-jupiter]/[class:minebayd1.test.TestClassifiedAd]/[test-template:testisBefore(minebayd1.ClassifiedAd, minebayd1.ClassifiedAd)]/[test-template-invocation:#7]
display-name: [7] L'annonce correspond à Annonce n°196 from Lyes crée le 2024-11-04T21:03:50.180531553Z et correpoond à CLOTHES et est à 35euros, L'annonce correspond à Annonce n°225 from Yanis crée le 2024-11-04T21:03:50.180309807Z et correpoond à GAMES et est à 52euros
]]></system-out>
</testcase>
<testcase name="testisBefore(ClassifiedAd, ClassifiedAd)[8]" classname="minebayd1.test.TestClassifiedAd" time="0">
<system-out><![CDATA[
unique-id: [engine:junit-jupiter]/[class:minebayd1.test.TestClassifiedAd]/[test-template:testisBefore(minebayd1.ClassifiedAd, minebayd1.ClassifiedAd)]/[test-template-invocation:#8]
display-name: [8] L'annonce correspond à Annonce n°230 from Marc crée le 2024-11-04T21:03:50.180282246Z et correpoond à BOOKS et est à 39euros, L'annonce correspond à Annonce n°282 from Issa crée le 2024-11-04T21:03:50.180013911Z et correpoond à BOOKS et est à 77euros
]]></system-out>
</testcase>
<testcase name="testisBefore(ClassifiedAd, ClassifiedAd)[9]" classname="minebayd1.test.TestClassifiedAd" time="0">
<system-out><![CDATA[
unique-id: [engine:junit-jupiter]/[class:minebayd1.test.TestClassifiedAd]/[test-template:testisBefore(minebayd1.ClassifiedAd, minebayd1.ClassifiedAd)]/[test-template-invocation:#9]
display-name: [9] L'annonce correspond à Annonce n°848 from Boris crée le 2024-11-04T21:03:50.174522237Z et correpoond à GAMES et est à 99euros, L'annonce correspond à Annonce n°663 from Ayman crée le 2024-11-04T21:03:50.177902032Z et correpoond à COMPUTERS et est à 47euros
]]></system-out>
</testcase>
<testcase name="testisBefore(ClassifiedAd, ClassifiedAd)[10]" classname="minebayd1.test.TestClassifiedAd" time="0">
<system-out><![CDATA[
unique-id: [engine:junit-jupiter]/[class:minebayd1.test.TestClassifiedAd]/[test-template:testisBefore(minebayd1.ClassifiedAd, minebayd1.ClassifiedAd)]/[test-template-invocation:#10]
display-name: [10] L'annonce correspond à Annonce n°695 from Ayman crée le 2024-11-04T21:03:50.177657132Z et correpoond à COMPUTERS et est à 21euros, L'annonce correspond à Annonce n°250 from Rosa crée le 2024-11-04T21:03:50.180179275Z et correpoond à COMPUTERS et est à 30euros
]]></system-out>
</testcase>
<testcase name="testisBefore(ClassifiedAd, ClassifiedAd)[11]" classname="minebayd1.test.TestClassifiedAd" time="0">
<system-out><![CDATA[
unique-id: [engine:junit-jupiter]/[class:minebayd1.test.TestClassifiedAd]/[test-template:testisBefore(minebayd1.ClassifiedAd, minebayd1.ClassifiedAd)]/[test-template-invocation:#11]
display-name: [11] L'annonce correspond à Annonce n°717 from Ayman crée le 2024-11-04T21:03:50.177433171Z et correpoond à SHOES et est à 92euros, L'annonce correspond à Annonce n°1370 from Pierre crée le 2024-11-04T21:03:50.164597740Z et correpoond à SHOES et est à 99euros
]]></system-out>
</testcase>
<testcase name="testisBefore(ClassifiedAd, ClassifiedAd)[12]" classname="minebayd1.test.TestClassifiedAd" time="0.001">
<system-out><![CDATA[
unique-id: [engine:junit-jupiter]/[class:minebayd1.test.TestClassifiedAd]/[test-template:testisBefore(minebayd1.ClassifiedAd, minebayd1.ClassifiedAd)]/[test-template-invocation:#12]
display-name: [12] L'annonce correspond à Annonce n°1007 from Marcel crée le 2024-11-04T21:03:50.171074621Z et correpoond à BOOKS et est à 15euros, L'annonce correspond à Annonce n°1421 from Lamia crée le 2024-11-04T21:03:50.163479921Z et correpoond à CLOTHES et est à 79euros
]]></system-out>
</testcase>
<testcase name="testisBefore(ClassifiedAd, ClassifiedAd)[13]" classname="minebayd1.test.TestClassifiedAd" time="0">
<system-out><![CDATA[
unique-id: [engine:junit-jupiter]/[class:minebayd1.test.TestClassifiedAd]/[test-template:testisBefore(minebayd1.ClassifiedAd, minebayd1.ClassifiedAd)]/[test-template-invocation:#13]
display-name: [13] L'annonce correspond à Annonce n°1319 from Naila crée le 2024-11-04T21:03:50.165628465Z et correpoond à COMPUTERS et est à 21euros, L'annonce correspond à Annonce n°594 from Aliou crée le 2024-11-04T21:03:50.178417094Z et correpoond à BOOKS et est à 90euros
]]></system-out>
</testcase>
<testcase name="testisBefore(ClassifiedAd, ClassifiedAd)[14]" classname="minebayd1.test.TestClassifiedAd" time="0">
<system-out><![CDATA[
unique-id: [engine:junit-jupiter]/[class:minebayd1.test.TestClassifiedAd]/[test-template:testisBefore(minebayd1.ClassifiedAd, minebayd1.ClassifiedAd)]/[test-template-invocation:#14]
display-name: [14] L'annonce correspond à Annonce n°114 from Ziad crée le 2024-11-04T21:03:50.181191673Z et correpoond à GAMES et est à 43euros, L'annonce correspond à Annonce n°572 from Ziad crée le 2024-11-04T21:03:50.178595095Z et correpoond à BOOKS et est à 58euros
]]></system-out>
</testcase>
<testcase name="testisBefore(ClassifiedAd, ClassifiedAd)[15]" classname="minebayd1.test.TestClassifiedAd" time="0">
<system-out><![CDATA[
unique-id: [engine:junit-jupiter]/[class:minebayd1.test.TestClassifiedAd]/[test-template:testisBefore(minebayd1.ClassifiedAd, minebayd1.ClassifiedAd)]/[test-template-invocation:#15]
display-name: [15] L'annonce correspond à Annonce n°214 from Sheraz crée le 2024-11-04T21:03:50.180378365Z et correpoond à COMPUTERS et est à 36euros, L'annonce correspond à Annonce n°291 from Faycal crée le 2024-11-04T21:03:50.179967531Z et correpoond à SHOES et est à 35euros
]]></system-out>
</testcase>
<testcase name="testisBefore(ClassifiedAd, ClassifiedAd)[16]" classname="minebayd1.test.TestClassifiedAd" time="0">
<system-out><![CDATA[
unique-id: [engine:junit-jupiter]/[class:minebayd1.test.TestClassifiedAd]/[test-template:testisBefore(minebayd1.ClassifiedAd, minebayd1.ClassifiedAd)]/[test-template-invocation:#16]
display-name: [16] L'annonce correspond à Annonce n°1049 from Issa crée le 2024-11-04T21:03:50.170545785Z et correpoond à BOOKS et est à 68euros, L'annonce correspond à Annonce n°271 from Sonia crée le 2024-11-04T21:03:50.180070478Z et correpoond à CLOTHES et est à 60euros
]]></system-out>
</testcase>
<testcase name="testisBefore(ClassifiedAd, ClassifiedAd)[17]" classname="minebayd1.test.TestClassifiedAd" time="0">
<system-out><![CDATA[
unique-id: [engine:junit-jupiter]/[class:minebayd1.test.TestClassifiedAd]/[test-template:testisBefore(minebayd1.ClassifiedAd, minebayd1.ClassifiedAd)]/[test-template-invocation:#17]
display-name: [17] L'annonce correspond à Annonce n°197 from Ismael crée le 2024-11-04T21:03:50.180522984Z et correpoond à COMPUTERS et est à 76euros, L'annonce correspond à Annonce n°525 from Boris crée le 2024-11-04T21:03:50.178790166Z et correpoond à BOOKS et est à 42euros
]]></system-out>
</testcase>
<testcase name="testisBefore(ClassifiedAd, ClassifiedAd)[18]" classname="minebayd1.test.TestClassifiedAd" time="0">
<system-out><![CDATA[
unique-id: [engine:junit-jupiter]/[class:minebayd1.test.TestClassifiedAd]/[test-template:testisBefore(minebayd1.ClassifiedAd, minebayd1.ClassifiedAd)]/[test-template-invocation:#18]
display-name: [18] L'annonce correspond à Annonce n°402 from Naila crée le 2024-11-04T21:03:50.179382161Z et correpoond à BOOKS et est à 1euros, L'annonce correspond à Annonce n°443 from Naila crée le 2024-11-04T21:03:50.179160799Z et correpoond à GAMES et est à 34euros
]]></system-out>
</testcase>
<testcase name="testisBefore(ClassifiedAd, ClassifiedAd)[19]" classname="minebayd1.test.TestClassifiedAd" time="0">
<system-out><![CDATA[
unique-id: [engine:junit-jupiter]/[class:minebayd1.test.TestClassifiedAd]/[test-template:testisBefore(minebayd1.ClassifiedAd, minebayd1.ClassifiedAd)]/[test-template-invocation:#19]
display-name: [19] L'annonce correspond à Annonce n°1227 from Mounir crée le 2024-11-04T21:03:50.167161117Z et correpoond à SHOES et est à 51euros, L'annonce correspond à Annonce n°1463 from Ismael crée le 2024-11-04T21:03:50.162330119Z et correpoond à GAMES et est à 74euros
]]></system-out>
</testcase>
<testcase name="testisBefore(ClassifiedAd, ClassifiedAd)[20]" classname="minebayd1.test.TestClassifiedAd" time="0">
<system-out><![CDATA[
unique-id: [engine:junit-jupiter]/[class:minebayd1.test.TestClassifiedAd]/[test-template:testisBefore(minebayd1.ClassifiedAd, minebayd1.ClassifiedAd)]/[test-template-invocation:#20]
display-name: [20] L'annonce correspond à Annonce n°1103 from Marcel crée le 2024-11-04T21:03:50.169739928Z et correpoond à BOOKS et est à 78euros, L'annonce correspond à Annonce n°74 from Mounir crée le 2024-11-04T21:03:50.181406968Z et correpoond à SHOES et est à 27euros
]]></system-out>
</testcase>
<testcase name="testisBefore(ClassifiedAd, ClassifiedAd)[21]" classname="minebayd1.test.TestClassifiedAd" time="0">
<system-out><![CDATA[
unique-id: [engine:junit-jupiter]/[class:minebayd1.test.TestClassifiedAd]/[test-template:testisBefore(minebayd1.ClassifiedAd, minebayd1.ClassifiedAd)]/[test-template-invocation:#21]
display-name: [21] L'annonce correspond à Annonce n°147 from Zahra crée le 2024-11-04T21:03:50.180924736Z et correpoond à SHOES et est à 34euros, L'annonce correspond à Annonce n°1066 from Zahra crée le 2024-11-04T21:03:50.170353869Z et correpoond à SHOES et est à 13euros
]]></system-out>
</testcase>
<testcase name="testisBefore(ClassifiedAd, ClassifiedAd)[22]" classname="minebayd1.test.TestClassifiedAd" time="0">
<system-out><![CDATA[
unique-id: [engine:junit-jupiter]/[class:minebayd1.test.TestClassifiedAd]/[test-template:testisBefore(minebayd1.ClassifiedAd, minebayd1.ClassifiedAd)]/[test-template-invocation:#22]
display-name: [22] L'annonce correspond à Annonce n°1295 from Adam crée le 2024-11-04T21:03:50.165873231Z et correpoond à SHOES et est à 76euros, L'annonce correspond à Annonce n°136 from Chanez crée le 2024-11-04T21:03:50.181020432Z et correpoond à COMPUTERS et est à 1euros
]]></system-out>
</testcase>
<testcase name="testisBefore(ClassifiedAd, ClassifiedAd)[23]" classname="minebayd1.test.TestClassifiedAd" time="0">
<system-out><![CDATA[
unique-id: [engine:junit-jupiter]/[class:minebayd1.test.TestClassifiedAd]/[test-template:testisBefore(minebayd1.ClassifiedAd, minebayd1.ClassifiedAd)]/[test-template-invocation:#23]
display-name: [23] L'annonce correspond à Annonce n°1069 from Boris crée le 2024-11-04T21:03:50.170320168Z et correpoond à SHOES et est à 82euros, L'annonce correspond à Annonce n°350 from Rosa crée le 2024-11-04T21:03:50.179652775Z et correpoond à CLOTHES et est à 68euros
]]></system-out>
</testcase>
<testcase name="testisBefore(ClassifiedAd, ClassifiedAd)[24]" classname="minebayd1.test.TestClassifiedAd" time="0">
<system-out><![CDATA[
unique-id: [engine:junit-jupiter]/[class:minebayd1.test.TestClassifiedAd]/[test-template:testisBefore(minebayd1.ClassifiedAd, minebayd1.ClassifiedAd)]/[test-template-invocation:#24]
display-name: [24] L'annonce correspond à Annonce n°1113 from Pierre crée le 2024-11-04T21:03:50.169598314Z et correpoond à CLOTHES et est à 50euros, L'annonce correspond à Annonce n°809 from Lyes crée le 2024-11-04T21:03:50.175238815Z et correpoond à SHOES et est à 19euros
]]></system-out>
</testcase>
<testcase name="testisBefore(ClassifiedAd, ClassifiedAd)[25]" classname="minebayd1.test.TestClassifiedAd" time="0">
<system-out><![CDATA[
unique-id: [engine:junit-jupiter]/[class:minebayd1.test.TestClassifiedAd]/[test-template:testisBefore(minebayd1.ClassifiedAd, minebayd1.ClassifiedAd)]/[test-template-invocation:#25]
display-name: [25] L'annonce correspond à Annonce n°1059 from Mounir crée le 2024-11-04T21:03:50.170432311Z et correpoond à BOOKS et est à 43euros, L'annonce correspond à Annonce n°1114 from Faycal crée le 2024-11-04T21:03:50.169584337Z et correpoond à GAMES et est à 74euros
]]></system-out>
</testcase>
<testcase name="testisBefore(ClassifiedAd, ClassifiedAd)[26]" classname="minebayd1.test.TestClassifiedAd" time="0">
<system-out><![CDATA[
unique-id: [engine:junit-jupiter]/[class:minebayd1.test.TestClassifiedAd]/[test-template:testisBefore(minebayd1.ClassifiedAd, minebayd1.ClassifiedAd)]/[test-template-invocation:#26]
display-name: [26] L'annonce correspond à Annonce n°369 from Lamia crée le 2024-11-04T21:03:50.179553957Z et correpoond à CLOTHES et est à 19euros, L'annonce correspond à Annonce n°31 from Mounir crée le 2024-11-04T21:03:50.181605198Z et correpoond à CLOTHES et est à 45euros
]]></system-out>
</testcase>
<testcase name="testisBefore(ClassifiedAd, ClassifiedAd)[27]" classname="minebayd1.test.TestClassifiedAd" time="0">
<system-out><![CDATA[
unique-id: [engine:junit-jupiter]/[class:minebayd1.test.TestClassifiedAd]/[test-template:testisBefore(minebayd1.ClassifiedAd, minebayd1.ClassifiedAd)]/[test-template-invocation:#27]
display-name: [27] L'annonce correspond à Annonce n°1236 from Mounir crée le 2024-11-04T21:03:50.167081282Z et correpoond à GAMES et est à 38euros, L'annonce correspond à Annonce n°243 from Imam crée le 2024-11-04T21:03:50.180215332Z et correpoond à COMPUTERS et est à 77euros
]]></system-out>
</testcase>
<testcase name="testisBefore(ClassifiedAd, ClassifiedAd)[28]" classname="minebayd1.test.TestClassifiedAd" time="0">
<system-out><![CDATA[
unique-id: [engine:junit-jupiter]/[class:minebayd1.test.TestClassifiedAd]/[test-template:testisBefore(minebayd1.ClassifiedAd, minebayd1.ClassifiedAd)]/[test-template-invocation:#28]
display-name: [28] L'annonce correspond à Annonce n°456 from Ismael crée le 2024-11-04T21:03:50.179089233Z et correpoond à SHOES et est à 92euros, L'annonce correspond à Annonce n°252 from Mounir crée le 2024-11-04T21:03:50.180168109Z et correpoond à SHOES et est à 71euros
]]></system-out>
</testcase>
<testcase name="testisBefore(ClassifiedAd, ClassifiedAd)[29]" classname="minebayd1.test.TestClassifiedAd" time="0">
<system-out><![CDATA[
unique-id: [engine:junit-jupiter]/[class:minebayd1.test.TestClassifiedAd]/[test-template:testisBefore(minebayd1.ClassifiedAd, minebayd1.ClassifiedAd)]/[test-template-invocation:#29]
display-name: [29] L'annonce correspond à Annonce n°1222 from Mohamed crée le 2024-11-04T21:03:50.167214507Z et correpoond à COMPUTERS et est à 54euros, L'annonce correspond à Annonce n°1208 from Ali crée le 2024-11-04T21:03:50.167404134Z et correpoond à CLOTHES et est à 29euros
]]></system-out>
</testcase>
<testcase name="testisBefore(ClassifiedAd, ClassifiedAd)[30]" classname="minebayd1.test.TestClassifiedAd" time="0">
<system-out><![CDATA[
unique-id: [engine:junit-jupiter]/[class:minebayd1.test.TestClassifiedAd]/[test-template:testisBefore(minebayd1.ClassifiedAd, minebayd1.ClassifiedAd)]/[test-template-invocation:#30]
display-name: [30] L'annonce correspond à Annonce n°1431 from Lisa crée le 2024-11-04T21:03:50.163140994Z et correpoond à COMPUTERS et est à 41euros, L'annonce correspond à Annonce n°632 from Aliou crée le 2024-11-04T21:03:50.178173367Z et correpoond à CLOTHES et est à 20euros
]]></system-out>
</testcase>
<testcase name="testisBefore(ClassifiedAd, ClassifiedAd)[31]" classname="minebayd1.test.TestClassifiedAd" time="0">
<system-out><![CDATA[
unique-id: [engine:junit-jupiter]/[class:minebayd1.test.TestClassifiedAd]/[test-template:testisBefore(minebayd1.ClassifiedAd, minebayd1.ClassifiedAd)]/[test-template-invocation:#31]
display-name: [31] L'annonce correspond à Annonce n°1389 from Pierre crée le 2024-11-04T21:03:50.164162117Z et correpoond à SHOES et est à 25euros, L'annonce correspond à Annonce n°622 from Ziad crée le 2024-11-04T21:03:50.178244587Z et correpoond à BOOKS et est à 95euros
]]></system-out>
</testcase>
<testcase name="testisBefore(ClassifiedAd, ClassifiedAd)[32]" classname="minebayd1.test.TestClassifiedAd" time="0">
<system-out><![CDATA[
unique-id: [engine:junit-jupiter]/[class:minebayd1.test.TestClassifiedAd]/[test-template:testisBefore(minebayd1.ClassifiedAd, minebayd1.ClassifiedAd)]/[test-template-invocation:#32]
display-name: [32] L'annonce correspond à Annonce n°738 from Idir crée le 2024-11-04T21:03:50.176207143Z et correpoond à BOOKS et est à 77euros, L'annonce correspond à Annonce n°214 from Sheraz crée le 2024-11-04T21:03:50.180378365Z et correpoond à COMPUTERS et est à 36euros
]]></system-out>
</testcase>
<testcase name="testisBefore(ClassifiedAd, ClassifiedAd)[33]" classname="minebayd1.test.TestClassifiedAd" time="0">
<system-out><![CDATA[
unique-id: [engine:junit-jupiter]/[class:minebayd1.test.TestClassifiedAd]/[test-template:testisBefore(minebayd1.ClassifiedAd, minebayd1.ClassifiedAd)]/[test-template-invocation:#33]
display-name: [33] L'annonce correspond à Annonce n°1383 from Sonia crée le 2024-11-04T21:03:50.164224166Z et correpoond à BOOKS et est à 3euros, L'annonce correspond à Annonce n°734 from Mounir crée le 2024-11-04T21:03:50.176252129Z et correpoond à BOOKS et est à 62euros
]]></system-out>
</testcase>
<testcase name="testisBefore(ClassifiedAd, ClassifiedAd)[34]" classname="minebayd1.test.TestClassifiedAd" time="0">
<system-out><![CDATA[
unique-id: [engine:junit-jupiter]/[class:minebayd1.test.TestClassifiedAd]/[test-template:testisBefore(minebayd1.ClassifiedAd, minebayd1.ClassifiedAd)]/[test-template-invocation:#34]
display-name: [34] L'annonce correspond à Annonce n°577 from Yanis crée le 2024-11-04T21:03:50.178574194Z et correpoond à GAMES et est à 32euros, L'annonce correspond à Annonce n°906 from Mohamed crée le 2024-11-04T21:03:50.173612291Z et correpoond à GAMES et est à 38euros
]]></system-out>
</testcase>
<testcase name="testisBefore(ClassifiedAd, ClassifiedAd)[35]" classname="minebayd1.test.TestClassifiedAd" time="0">
<system-out><![CDATA[
unique-id: [engine:junit-jupiter]/[class:minebayd1.test.TestClassifiedAd]/[test-template:testisBefore(minebayd1.ClassifiedAd, minebayd1.ClassifiedAd)]/[test-template-invocation:#35]
display-name: [35] L'annonce correspond à Annonce n°772 from Marcel crée le 2024-11-04T21:03:50.175805332Z et correpoond à COMPUTERS et est à 44euros, L'annonce correspond à Annonce n°1419 from Marcel crée le 2024-11-04T21:03:50.163511672Z et correpoond à BOOKS et est à 51euros
]]></system-out>
</testcase>
<testcase name="testisBefore(ClassifiedAd, ClassifiedAd)[36]" classname="minebayd1.test.TestClassifiedAd" time="0">
<system-out><![CDATA[
unique-id: [engine:junit-jupiter]/[class:minebayd1.test.TestClassifiedAd]/[test-template:testisBefore(minebayd1.ClassifiedAd, minebayd1.ClassifiedAd)]/[test-template-invocation:#36]
display-name: [36] L'annonce correspond à Annonce n°930 from Mamadou crée le 2024-11-04T21:03:50.173299349Z et correpoond à CLOTHES et est à 13euros, L'annonce correspond à Annonce n°293 from Ismael crée le 2024-11-04T21:03:50.179957076Z et correpoond à COMPUTERS et est à 68euros
]]></system-out>
</testcase>
<testcase name="testisBefore(ClassifiedAd, ClassifiedAd)[37]" classname="minebayd1.test.TestClassifiedAd" time="0">
<system-out><![CDATA[
unique-id: [engine:junit-jupiter]/[class:minebayd1.test.TestClassifiedAd]/[test-template:testisBefore(minebayd1.ClassifiedAd, minebayd1.ClassifiedAd)]/[test-template-invocation:#37]
display-name: [37] L'annonce correspond à Annonce n°1164 from Ali crée le 2024-11-04T21:03:50.168153647Z et correpoond à GAMES et est à 55euros, L'annonce correspond à Annonce n°541 from Faycal crée le 2024-11-04T21:03:50.178726562Z et correpoond à BOOKS et est à 95euros
]]></system-out>
</testcase>
<testcase name="testisBefore(ClassifiedAd, ClassifiedAd)[38]" classname="minebayd1.test.TestClassifiedAd" time="0">
<system-out><![CDATA[
unique-id: [engine:junit-jupiter]/[class:minebayd1.test.TestClassifiedAd]/[test-template:testisBefore(minebayd1.ClassifiedAd, minebayd1.ClassifiedAd)]/[test-template-invocation:#38]
display-name: [38] L'annonce correspond à Annonce n°1267 from Lyes crée le 2024-11-04T21:03:50.166394408Z et correpoond à BOOKS et est à 9euros, L'annonce correspond à Annonce n°763 from Mohamed crée le 2024-11-04T21:03:50.175915429Z et correpoond à BOOKS et est à 66euros
]]></system-out>
</testcase>
<testcase name="testisBefore(ClassifiedAd, ClassifiedAd)[39]" classname="minebayd1.test.TestClassifiedAd" time="0">
<system-out><![CDATA[
unique-id: [engine:junit-jupiter]/[class:minebayd1.test.TestClassifiedAd]/[test-template:testisBefore(minebayd1.ClassifiedAd, minebayd1.ClassifiedAd)]/[test-template-invocation:#39]
display-name: [39] L'annonce correspond à Annonce n°970 from Lisa crée le 2024-11-04T21:03:50.172648944Z et correpoond à COMPUTERS et est à 68euros, L'annonce correspond à Annonce n°1478 from Issa crée le 2024-11-04T21:03:50.161919916Z et correpoond à CLOTHES et est à 55euros
]]></system-out>
</testcase>
<testcase name="testisBefore(ClassifiedAd, ClassifiedAd)[40]" classname="minebayd1.test.TestClassifiedAd" time="0">
<system-out><![CDATA[
unique-id: [engine:junit-jupiter]/[class:minebayd1.test.TestClassifiedAd]/[test-template:testisBefore(minebayd1.ClassifiedAd, minebayd1.ClassifiedAd)]/[test-template-invocation:#40]
display-name: [40] L'annonce correspond à Annonce n°773 from Ziad crée le 2024-11-04T21:03:50.175794164Z et correpoond à GAMES et est à 7euros, L'annonce correspond à Annonce n°630 from Ziad crée le 2024-11-04T21:03:50.178184887Z et correpoond à BOOKS et est à 8euros
]]></system-out>
</testcase>
<testcase name="testisBefore(ClassifiedAd, ClassifiedAd)[41]" classname="minebayd1.test.TestClassifiedAd" time="0">
<system-out><![CDATA[
unique-id: [engine:junit-jupiter]/[class:minebayd1.test.TestClassifiedAd]/[test-template:testisBefore(minebayd1.ClassifiedAd, minebayd1.ClassifiedAd)]/[test-template-invocation:#41]
display-name: [41] L'annonce correspond à Annonce n°502 from Ali crée le 2024-11-04T21:03:50.178880425Z et correpoond à COMPUTERS et est à 19euros, L'annonce correspond à Annonce n°576 from Imam crée le 2024-11-04T21:03:50.178578245Z et correpoond à GAMES et est à 78euros
]]></system-out>
</testcase>
<testcase name="testisBefore(ClassifiedAd, ClassifiedAd)[42]" classname="minebayd1.test.TestClassifiedAd" time="0">
<system-out><![CDATA[
unique-id: [engine:junit-jupiter]/[class:minebayd1.test.TestClassifiedAd]/[test-template:testisBefore(minebayd1.ClassifiedAd, minebayd1.ClassifiedAd)]/[test-template-invocation:#42]
display-name: [42] L'annonce correspond à Annonce n°232 from Chanez crée le 2024-11-04T21:03:50.180271741Z et correpoond à BOOKS et est à 8euros, L'annonce correspond à Annonce n°723 from Imam crée le 2024-11-04T21:03:50.177280212Z et correpoond à GAMES et est à 78euros
]]></system-out>
</testcase>
<testcase name="testisBefore(ClassifiedAd, ClassifiedAd)[43]" classname="minebayd1.test.TestClassifiedAd" time="0">
<system-out><![CDATA[
unique-id: [engine:junit-jupiter]/[class:minebayd1.test.TestClassifiedAd]/[test-template:testisBefore(minebayd1.ClassifiedAd, minebayd1.ClassifiedAd)]/[test-template-invocation:#43]
display-name: [43] L'annonce correspond à Annonce n°854 from Boris crée le 2024-11-04T21:03:50.174329336Z et correpoond à CLOTHES et est à 99euros, L'annonce correspond à Annonce n°1493 from Imam crée le 2024-11-04T21:03:50.161445051Z et correpoond à GAMES et est à 95euros
]]></system-out>
</testcase>
<testcase name="testisBefore(ClassifiedAd, ClassifiedAd)[44]" classname="minebayd1.test.TestClassifiedAd" time="0">
<system-out><![CDATA[
unique-id: [engine:junit-jupiter]/[class:minebayd1.test.TestClassifiedAd]/[test-template:testisBefore(minebayd1.ClassifiedAd, minebayd1.ClassifiedAd)]/[test-template-invocation:#44]
display-name: [44] L'annonce correspond à Annonce n°1260 from Pierre crée le 2024-11-04T21:03:50.166468993Z et correpoond à GAMES et est à 91euros, L'annonce correspond à Annonce n°1167 from Naila crée le 2024-11-04T21:03:50.168111906Z et correpoond à BOOKS et est à 47euros
]]></system-out>
</testcase>
<testcase name="testisBefore(ClassifiedAd, ClassifiedAd)[45]" classname="minebayd1.test.TestClassifiedAd" time="0">
<system-out><![CDATA[
unique-id: [engine:junit-jupiter]/[class:minebayd1.test.TestClassifiedAd]/[test-template:testisBefore(minebayd1.ClassifiedAd, minebayd1.ClassifiedAd)]/[test-template-invocation:#45]
display-name: [45] L'annonce correspond à Annonce n°64 from Boris crée le 2024-11-04T21:03:50.181453663Z et correpoond à SHOES et est à 71euros, L'annonce correspond à Annonce n°1026 from Ismael crée le 2024-11-04T21:03:50.170855840Z et correpoond à GAMES et est à 37euros
]]></system-out>
</testcase>
<testcase name="testisBefore(ClassifiedAd, ClassifiedAd)[46]" classname="minebayd1.test.TestClassifiedAd" time="0">
<system-out><![CDATA[
unique-id: [engine:junit-jupiter]/[class:minebayd1.test.TestClassifiedAd]/[test-template:testisBefore(minebayd1.ClassifiedAd, minebayd1.ClassifiedAd)]/[test-template-invocation:#46]
display-name: [46] L'annonce correspond à Annonce n°723 from Imam crée le 2024-11-04T21:03:50.177280212Z et correpoond à GAMES et est à 78euros, L'annonce correspond à Annonce n°113 from Aliou crée le 2024-11-04T21:03:50.181199163Z et correpoond à COMPUTERS et est à 82euros
]]></system-out>
</testcase>
<testcase name="testisBefore(ClassifiedAd, ClassifiedAd)[47]" classname="minebayd1.test.TestClassifiedAd" time="0">
<system-out><![CDATA[
unique-id: [engine:junit-jupiter]/[class:minebayd1.test.TestClassifiedAd]/[test-template:testisBefore(minebayd1.ClassifiedAd, minebayd1.ClassifiedAd)]/[test-template-invocation:#47]
display-name: [47] L'annonce correspond à Annonce n°19 from Yanis crée le 2024-11-04T21:03:50.181675515Z et correpoond à BOOKS et est à 55euros, L'annonce correspond à Annonce n°890 from Lisa crée le 2024-11-04T21:03:50.173800280Z et correpoond à BOOKS et est à 29euros
]]></system-out>
</testcase>
<testcase name="testisBefore(ClassifiedAd, ClassifiedAd)[48]" classname="minebayd1.test.TestClassifiedAd" time="0">
<system-out><![CDATA[
unique-id: [engine:junit-jupiter]/[class:minebayd1.test.TestClassifiedAd]/[test-template:testisBefore(minebayd1.ClassifiedAd, minebayd1.ClassifiedAd)]/[test-template-invocation:#48]
display-name: [48] L'annonce correspond à Annonce n°355 from Aliou crée le 2024-11-04T21:03:50.179626676Z et correpoond à GAMES et est à 46euros, L'annonce correspond à Annonce n°1024 from Marcel crée le 2024-11-04T21:03:50.170879828Z et correpoond à COMPUTERS et est à 65euros
]]></system-out>
</testcase>
<testcase name="testisBefore(ClassifiedAd, ClassifiedAd)[49]" classname="minebayd1.test.TestClassifiedAd" time="0">
<system-out><![CDATA[
unique-id: [engine:junit-jupiter]/[class:minebayd1.test.TestClassifiedAd]/[test-template:testisBefore(minebayd1.ClassifiedAd, minebayd1.ClassifiedAd)]/[test-template-invocation:#49]
display-name: [49] L'annonce correspond à Annonce n°426 from Marc crée le 2024-11-04T21:03:50.179257623Z et correpoond à SHOES et est à 84euros, L'annonce correspond à Annonce n°1442 from Aliou crée le 2024-11-04T21:03:50.162826675Z et correpoond à GAMES et est à 7euros
]]></system-out>
</testcase>
<testcase name="testisBefore(ClassifiedAd, ClassifiedAd)[50]" classname="minebayd1.test.TestClassifiedAd" time="0">
<system-out><![CDATA[
unique-id: [engine:junit-jupiter]/[class:minebayd1.test.TestClassifiedAd]/[test-template:testisBefore(minebayd1.ClassifiedAd, minebayd1.ClassifiedAd)]/[test-template-invocation:#50]
display-name: [50] L'annonce correspond à Annonce n°559 from Chanez crée le 2024-11-04T21:03:50.178647392Z et correpoond à COMPUTERS et est à 41euros, L'annonce correspond à Annonce n°1445 from Mounir crée le 2024-11-04T21:03:50.162788941Z et correpoond à CLOTHES et est à 94euros
]]></system-out>
</testcase>
<testcase name="testisBefore(ClassifiedAd, ClassifiedAd)[51]" classname="minebayd1.test.TestClassifiedAd" time="0">
<system-out><![CDATA[
unique-id: [engine:junit-jupiter]/[class:minebayd1.test.TestClassifiedAd]/[test-template:testisBefore(minebayd1.ClassifiedAd, minebayd1.ClassifiedAd)]/[test-template-invocation:#51]
display-name: [51] L'annonce correspond à Annonce n°571 from Boris crée le 2024-11-04T21:03:50.178599207Z et correpoond à SHOES et est à 13euros, L'annonce correspond à Annonce n°147 from Zahra crée le 2024-11-04T21:03:50.180924736Z et correpoond à SHOES et est à 34euros
]]></system-out>
</testcase>
<testcase name="testisBefore(ClassifiedAd, ClassifiedAd)[52]" classname="minebayd1.test.TestClassifiedAd" time="0">
<system-out><![CDATA[
unique-id: [engine:junit-jupiter]/[class:minebayd1.test.TestClassifiedAd]/[test-template:testisBefore(minebayd1.ClassifiedAd, minebayd1.ClassifiedAd)]/[test-template-invocation:#52]
display-name: [52] L'annonce correspond à Annonce n°823 from Mohamed crée le 2024-11-04T21:03:50.174874160Z et correpoond à COMPUTERS et est à 45euros, L'annonce correspond à Annonce n°130 from Yanis crée le 2024-11-04T21:03:50.181064813Z et correpoond à SHOES et est à 4euros
]]></system-out>
</testcase>
<testcase name="testisBefore(ClassifiedAd, ClassifiedAd)[53]" classname="minebayd1.test.TestClassifiedAd" time="0">
<system-out><![CDATA[
unique-id: [engine:junit-jupiter]/[class:minebayd1.test.TestClassifiedAd]/[test-template:testisBefore(minebayd1.ClassifiedAd, minebayd1.ClassifiedAd)]/[test-template-invocation:#53]
display-name: [53] L'annonce correspond à Annonce n°890 from Lisa crée le 2024-11-04T21:03:50.173800280Z et correpoond à BOOKS et est à 29euros, L'annonce correspond à Annonce n°777 from Mamadou crée le 2024-11-04T21:03:50.175748995Z et correpoond à COMPUTERS et est à 48euros
]]></system-out>
</testcase>
<testcase name="testisBefore(ClassifiedAd, ClassifiedAd)[54]" classname="minebayd1.test.TestClassifiedAd" time="0">
<system-out><![CDATA[
unique-id: [engine:junit-jupiter]/[class:minebayd1.test.TestClassifiedAd]/[test-template:testisBefore(minebayd1.ClassifiedAd, minebayd1.ClassifiedAd)]/[test-template-invocation:#54]
display-name: [54] L'annonce correspond à Annonce n°1234 from Imam crée le 2024-11-04T21:03:50.167099373Z et correpoond à BOOKS et est à 39euros, L'annonce correspond à Annonce n°1338 from Nima crée le 2024-11-04T21:03:50.165384685Z et correpoond à SHOES et est à 24euros
]]></system-out>
</testcase>
<testcase name="testisBefore(ClassifiedAd, ClassifiedAd)[55]" classname="minebayd1.test.TestClassifiedAd" time="0.001">
<system-out><![CDATA[
unique-id: [engine:junit-jupiter]/[class:minebayd1.test.TestClassifiedAd]/[test-template:testisBefore(minebayd1.ClassifiedAd, minebayd1.ClassifiedAd)]/[test-template-invocation:#55]
display-name: [55] L'annonce correspond à Annonce n°659 from Lamia crée le 2024-11-04T21:03:50.177932039Z et correpoond à CLOTHES et est à 73euros, L'annonce correspond à Annonce n°313 from Lamia crée le 2024-11-04T21:03:50.179852803Z et correpoond à SHOES et est à 34euros
]]></system-out>
</testcase>
<testcase name="testisBefore(ClassifiedAd, ClassifiedAd)[56]" classname="minebayd1.test.TestClassifiedAd" time="0">
<system-out><![CDATA[
unique-id: [engine:junit-jupiter]/[class:minebayd1.test.TestClassifiedAd]/[test-template:testisBefore(minebayd1.ClassifiedAd, minebayd1.ClassifiedAd)]/[test-template-invocation:#56]
display-name: [56] L'annonce correspond à Annonce n°1022 from Boris crée le 2024-11-04T21:03:50.170902884Z et correpoond à CLOTHES et est à 63euros, L'annonce correspond à Annonce n°276 from Ismael crée le 2024-11-04T21:03:50.180044622Z et correpoond à COMPUTERS et est à 86euros
]]></system-out>
</testcase>
<testcase name="testisBefore(ClassifiedAd, ClassifiedAd)[57]" classname="minebayd1.test.TestClassifiedAd" time="0">
<system-out><![CDATA[
unique-id: [engine:junit-jupiter]/[class:minebayd1.test.TestClassifiedAd]/[test-template:testisBefore(minebayd1.ClassifiedAd, minebayd1.ClassifiedAd)]/[test-template-invocation:#57]
display-name: [57] L'annonce correspond à Annonce n°501 from Mamadou crée le 2024-11-04T21:03:50.178884352Z et correpoond à SHOES et est à 79euros, L'annonce correspond à Annonce n°916 from Issa crée le 2024-11-04T21:03:50.173458791Z et correpoond à COMPUTERS et est à 42euros
]]></system-out>
</testcase>
<testcase name="testisBefore(ClassifiedAd, ClassifiedAd)[58]" classname="minebayd1.test.TestClassifiedAd" time="0">
<system-out><![CDATA[
unique-id: [engine:junit-jupiter]/[class:minebayd1.test.TestClassifiedAd]/[test-template:testisBefore(minebayd1.ClassifiedAd, minebayd1.ClassifiedAd)]/[test-template-invocation:#58]
display-name: [58] L'annonce correspond à Annonce n°112 from Mohamed crée le 2024-11-04T21:03:50.181203948Z et correpoond à CLOTHES et est à 31euros, L'annonce correspond à Annonce n°884 from Lamia crée le 2024-11-04T21:03:50.173870241Z et correpoond à SHOES et est à 17euros
]]></system-out>
</testcase>
<testcase name="testisBefore(ClassifiedAd, ClassifiedAd)[59]" classname="minebayd1.test.TestClassifiedAd" time="0">
<system-out><![CDATA[
unique-id: [engine:junit-jupiter]/[class:minebayd1.test.TestClassifiedAd]/[test-template:testisBefore(minebayd1.ClassifiedAd, minebayd1.ClassifiedAd)]/[test-template-invocation:#59]
display-name: [59] L'annonce correspond à Annonce n°1396 from Lamia crée le 2024-11-04T21:03:50.164087991Z et correpoond à GAMES et est à 48euros, L'annonce correspond à Annonce n°70 from Sheraz crée le 2024-11-04T21:03:50.181424863Z et correpoond à GAMES et est à 74euros
]]></system-out>
</testcase>
<testcase name="testisBefore(ClassifiedAd, ClassifiedAd)[60]" classname="minebayd1.test.TestClassifiedAd" time="0">
<system-out><![CDATA[
unique-id: [engine:junit-jupiter]/[class:minebayd1.test.TestClassifiedAd]/[test-template:testisBefore(minebayd1.ClassifiedAd, minebayd1.ClassifiedAd)]/[test-template-invocation:#60]
display-name: [60] L'annonce correspond à Annonce n°337 from Boris crée le 2024-11-04T21:03:50.179725573Z et correpoond à GAMES et est à 58euros, L'annonce correspond à Annonce n°1389 from Pierre crée le 2024-11-04T21:03:50.164162117Z et correpoond à SHOES et est à 25euros
]]></system-out>
</testcase>
<testcase name="testisBefore(ClassifiedAd, ClassifiedAd)[61]" classname="minebayd1.test.TestClassifiedAd" time="0">
<system-out><![CDATA[
unique-id: [engine:junit-jupiter]/[class:minebayd1.test.TestClassifiedAd]/[test-template:testisBefore(minebayd1.ClassifiedAd, minebayd1.ClassifiedAd)]/[test-template-invocation:#61]
display-name: [61] L'annonce correspond à Annonce n°362 from Adam crée le 2024-11-04T21:03:50.179590333Z et correpoond à GAMES et est à 75euros, L'annonce correspond à Annonce n°1104 from Sheraz crée le 2024-11-04T21:03:50.169718144Z et correpoond à CLOTHES et est à 74euros
]]></system-out>
</testcase>
<testcase name="testisBefore(ClassifiedAd, ClassifiedAd)[62]" classname="minebayd1.test.TestClassifiedAd" time="0">
<system-out><![CDATA[
unique-id: [engine:junit-jupiter]/[class:minebayd1.test.TestClassifiedAd]/[test-template:testisBefore(minebayd1.ClassifiedAd, minebayd1.ClassifiedAd)]/[test-template-invocation:#62]
display-name: [62] L'annonce correspond à Annonce n°1455 from Imam crée le 2024-11-04T21:03:50.162635277Z et correpoond à GAMES et est à 31euros, L'annonce correspond à Annonce n°319 from Ayman crée le 2024-11-04T21:03:50.179822062Z et correpoond à CLOTHES et est à 92euros
]]></system-out>
</testcase>
<testcase name="testisBefore(ClassifiedAd, ClassifiedAd)[63]" classname="minebayd1.test.TestClassifiedAd" time="0">
<system-out><![CDATA[
unique-id: [engine:junit-jupiter]/[class:minebayd1.test.TestClassifiedAd]/[test-template:testisBefore(minebayd1.ClassifiedAd, minebayd1.ClassifiedAd)]/[test-template-invocation:#63]
display-name: [63] L'annonce correspond à Annonce n°787 from Ziad crée le 2024-11-04T21:03:50.175631964Z et correpoond à BOOKS et est à 77euros, L'annonce correspond à Annonce n°1259 from Lyes crée le 2024-11-04T21:03:50.166479164Z et correpoond à CLOTHES et est à 59euros
]]></system-out>
</testcase>
<testcase name="testisBefore(ClassifiedAd, ClassifiedAd)[64]" classname="minebayd1.test.TestClassifiedAd" time="0">
<system-out><![CDATA[
unique-id: [engine:junit-jupiter]/[class:minebayd1.test.TestClassifiedAd]/[test-template:testisBefore(minebayd1.ClassifiedAd, minebayd1.ClassifiedAd)]/[test-template-invocation:#64]
display-name: [64] L'annonce correspond à Annonce n°1167 from Naila crée le 2024-11-04T21:03:50.168111906Z et correpoond à BOOKS et est à 47euros, L'annonce correspond à Annonce n°936 from Idir crée le 2024-11-04T21:03:50.173229591Z et correpoond à SHOES et est à 6euros
]]></system-out>
</testcase>
<testcase name="testisBefore(ClassifiedAd, ClassifiedAd)[65]" classname="minebayd1.test.TestClassifiedAd" time="0.012">
<system-out><![CDATA[
unique-id: [engine:junit-jupiter]/[class:minebayd1.test.TestClassifiedAd]/[test-template:testisBefore(minebayd1.ClassifiedAd, minebayd1.ClassifiedAd)]/[test-template-invocation:#65]
display-name: [65] L'annonce correspond à Annonce n°1060 from Sonia crée le 2024-11-04T21:03:50.170421124Z et correpoond à COMPUTERS et est à 6euros, L'annonce correspond à Annonce n°1280 from Ismael crée le 2024-11-04T21:03:50.166022220Z et correpoond à COMPUTERS et est à 27euros
]]></system-out>
</testcase>
<testcase name="testisBefore(ClassifiedAd, ClassifiedAd)[66]" classname="minebayd1.test.TestClassifiedAd" time="0">
<system-out><![CDATA[
unique-id: [engine:junit-jupiter]/[class:minebayd1.test.TestClassifiedAd]/[test-template:testisBefore(minebayd1.ClassifiedAd, minebayd1.ClassifiedAd)]/[test-template-invocation:#66]
display-name: [66] L'annonce correspond à Annonce n°931 from Imam crée le 2024-11-04T21:03:50.173288042Z et correpoond à SHOES et est à 79euros, L'annonce correspond à Annonce n°149 from Chanez crée le 2024-11-04T21:03:50.180908970Z et correpoond à COMPUTERS et est à 34euros
]]></system-out>
</testcase>
<testcase name="testisBefore(ClassifiedAd, ClassifiedAd)[67]" classname="minebayd1.test.TestClassifiedAd" time="0">
<system-out><![CDATA[
unique-id: [engine:junit-jupiter]/[class:minebayd1.test.TestClassifiedAd]/[test-template:testisBefore(minebayd1.ClassifiedAd, minebayd1.ClassifiedAd)]/[test-template-invocation:#67]
display-name: [67] L'annonce correspond à Annonce n°599 from Ayman crée le 2024-11-04T21:03:50.178388403Z et correpoond à GAMES et est à 98euros, L'annonce correspond à Annonce n°924 from Idir crée le 2024-11-04T21:03:50.173367586Z et correpoond à BOOKS et est à 30euros
]]></system-out>
</testcase>
<testcase name="testisBefore(ClassifiedAd, ClassifiedAd)[68]" classname="minebayd1.test.TestClassifiedAd" time="0">
<system-out><![CDATA[
unique-id: [engine:junit-jupiter]/[class:minebayd1.test.TestClassifiedAd]/[test-template:testisBefore(minebayd1.ClassifiedAd, minebayd1.ClassifiedAd)]/[test-template-invocation:#68]
display-name: [68] L'annonce correspond à Annonce n°114 from Ziad crée le 2024-11-04T21:03:50.181191673Z et correpoond à GAMES et est à 43euros, L'annonce correspond à Annonce n°93 from Sheraz crée le 2024-11-04T21:03:50.181296374Z et correpoond à COMPUTERS et est à 79euros
]]></system-out>
</testcase>
<testcase name="testisBefore(ClassifiedAd, ClassifiedAd)[69]" classname="minebayd1.test.TestClassifiedAd" time="0">
<system-out><![CDATA[
unique-id: [engine:junit-jupiter]/[class:minebayd1.test.TestClassifiedAd]/[test-template:testisBefore(minebayd1.ClassifiedAd, minebayd1.ClassifiedAd)]/[test-template-invocation:#69]
display-name: [69] L'annonce correspond à Annonce n°802 from Idir crée le 2024-11-04T21:03:50.175318331Z et correpoond à GAMES et est à 15euros, L'annonce correspond à Annonce n°867 from Lisa crée le 2024-11-04T21:03:50.174065192Z et correpoond à COMPUTERS et est à 100euros
]]></system-out>
</testcase>
<testcase name="testisBefore(ClassifiedAd, ClassifiedAd)[70]" classname="minebayd1.test.TestClassifiedAd" time="0">
<system-out><![CDATA[
unique-id: [engine:junit-jupiter]/[class:minebayd1.test.TestClassifiedAd]/[test-template:testisBefore(minebayd1.ClassifiedAd, minebayd1.ClassifiedAd)]/[test-template-invocation:#70]
display-name: [70] L'annonce correspond à Annonce n°994 from Ayman crée le 2024-11-04T21:03:50.171221850Z et correpoond à GAMES et est à 68euros, L'annonce correspond à Annonce n°807 from Adam crée le 2024-11-04T21:03:50.175261561Z et correpoond à COMPUTERS et est à 41euros
]]></system-out>
</testcase>
<testcase name="testisBefore(ClassifiedAd, ClassifiedAd)[71]" classname="minebayd1.test.TestClassifiedAd" time="0">
<system-out><![CDATA[
unique-id: [engine:junit-jupiter]/[class:minebayd1.test.TestClassifiedAd]/[test-template:testisBefore(minebayd1.ClassifiedAd, minebayd1.ClassifiedAd)]/[test-template-invocation:#71]
display-name: [71] L'annonce correspond à Annonce n°1437 from Faycal crée le 2024-11-04T21:03:50.162890795Z et correpoond à COMPUTERS et est à 19euros, L'annonce correspond à Annonce n°1483 from Faycal crée le 2024-11-04T21:03:50.161834321Z et correpoond à GAMES et est à 71euros
]]></system-out>
</testcase>
<testcase name="testisBefore(ClassifiedAd, ClassifiedAd)[72]" classname="minebayd1.test.TestClassifiedAd" time="0">
<system-out><![CDATA[
unique-id: [engine:junit-jupiter]/[class:minebayd1.test.TestClassifiedAd]/[test-template:testisBefore(minebayd1.ClassifiedAd, minebayd1.ClassifiedAd)]/[test-template-invocation:#72]
display-name: [72] L'annonce correspond à Annonce n°136 from Chanez crée le 2024-11-04T21:03:50.181020432Z et correpoond à COMPUTERS et est à 1euros, L'annonce correspond à Annonce n°994 from Ayman crée le 2024-11-04T21:03:50.171221850Z et correpoond à GAMES et est à 68euros
]]></system-out>
</testcase>
<testcase name="testisBefore(ClassifiedAd, ClassifiedAd)[73]" classname="minebayd1.test.TestClassifiedAd" time="0">
<system-out><![CDATA[
unique-id: [engine:junit-jupiter]/[class:minebayd1.test.TestClassifiedAd]/[test-template:testisBefore(minebayd1.ClassifiedAd, minebayd1.ClassifiedAd)]/[test-template-invocation:#73]
display-name: [73] L'annonce correspond à Annonce n°1332 from Boris crée le 2024-11-04T21:03:50.165501707Z et correpoond à COMPUTERS et est à 98euros, L'annonce correspond à Annonce n°544 from Naila crée le 2024-11-04T21:03:50.178714967Z et correpoond à BOOKS et est à 59euros
]]></system-out>
</testcase>
<testcase name="testisBefore(ClassifiedAd, ClassifiedAd)[74]" classname="minebayd1.test.TestClassifiedAd" time="0">
<system-out><![CDATA[
unique-id: [engine:junit-jupiter]/[class:minebayd1.test.TestClassifiedAd]/[test-template:testisBefore(minebayd1.ClassifiedAd, minebayd1.ClassifiedAd)]/[test-template-invocation:#74]
display-name: [74] L'annonce correspond à Annonce n°840 from Adam crée le 2024-11-04T21:03:50.174622896Z et correpoond à GAMES et est à 54euros, L'annonce correspond à Annonce n°17 from Marc crée le 2024-11-04T21:03:50.181683794Z et correpoond à BOOKS et est à 68euros
]]></system-out>
</testcase>
<testcase name="testisBefore(ClassifiedAd, ClassifiedAd)[75]" classname="minebayd1.test.TestClassifiedAd" time="0">
<system-out><![CDATA[
unique-id: [engine:junit-jupiter]/[class:minebayd1.test.TestClassifiedAd]/[test-template:testisBefore(minebayd1.ClassifiedAd, minebayd1.ClassifiedAd)]/[test-template-invocation:#75]
display-name: [75] L'annonce correspond à Annonce n°1374 from Adam crée le 2024-11-04T21:03:50.164351134Z et correpoond à SHOES et est à 37euros, L'annonce correspond à Annonce n°1105 from Idir crée le 2024-11-04T21:03:50.169704846Z et correpoond à CLOTHES et est à 91euros
]]></system-out>
</testcase>
<testcase name="testisBefore(ClassifiedAd, ClassifiedAd)[76]" classname="minebayd1.test.TestClassifiedAd" time="0">
<system-out><![CDATA[
unique-id: [engine:junit-jupiter]/[class:minebayd1.test.TestClassifiedAd]/[test-template:testisBefore(minebayd1.ClassifiedAd, minebayd1.ClassifiedAd)]/[test-template-invocation:#76]
display-name: [76] L'annonce correspond à Annonce n°922 from Marc crée le 2024-11-04T21:03:50.173390314Z et correpoond à SHOES et est à 23euros, L'annonce correspond à Annonce n°708 from Chanez crée le 2024-11-04T21:03:50.177530050Z et correpoond à CLOTHES et est à 59euros
]]></system-out>
</testcase>
<testcase name="testisBefore(ClassifiedAd, ClassifiedAd)[77]" classname="minebayd1.test.TestClassifiedAd" time="0.008">
<system-out><![CDATA[
unique-id: [engine:junit-jupiter]/[class:minebayd1.test.TestClassifiedAd]/[test-template:testisBefore(minebayd1.ClassifiedAd, minebayd1.ClassifiedAd)]/[test-template-invocation:#77]
display-name: [77] L'annonce correspond à Annonce n°1014 from Pierre crée le 2024-11-04T21:03:50.170997314Z et correpoond à CLOTHES et est à 97euros, L'annonce correspond à Annonce n°785 from Nima crée le 2024-11-04T21:03:50.175654895Z et correpoond à BOOKS et est à 75euros
]]></system-out>
</testcase>
<testcase name="testisBefore(ClassifiedAd, ClassifiedAd)[78]" classname="minebayd1.test.TestClassifiedAd" time="0">
<system-out><![CDATA[
unique-id: [engine:junit-jupiter]/[class:minebayd1.test.TestClassifiedAd]/[test-template:testisBefore(minebayd1.ClassifiedAd, minebayd1.ClassifiedAd)]/[test-template-invocation:#78]
display-name: [78] L'annonce correspond à Annonce n°567 from Lamia crée le 2024-11-04T21:03:50.178615071Z et correpoond à SHOES et est à 16euros, L'annonce correspond à Annonce n°791 from Aliou crée le 2024-11-04T21:03:50.175543180Z et correpoond à CLOTHES et est à 18euros
]]></system-out>
</testcase>
<testcase name="testisBefore(ClassifiedAd, ClassifiedAd)[79]" classname="minebayd1.test.TestClassifiedAd" time="0">
<system-out><![CDATA[
unique-id: [engine:junit-jupiter]/[class:minebayd1.test.TestClassifiedAd]/[test-template:testisBefore(minebayd1.ClassifiedAd, minebayd1.ClassifiedAd)]/[test-template-invocation:#79]
display-name: [79] L'annonce correspond à Annonce n°1434 from Ziad crée le 2024-11-04T21:03:50.163082671Z et correpoond à COMPUTERS et est à 65euros, L'annonce correspond à Annonce n°1290 from Mounir crée le 2024-11-04T21:03:50.165923476Z et correpoond à BOOKS et est à 6euros
]]></system-out>
</testcase>
<testcase name="testisBefore(ClassifiedAd, ClassifiedAd)[80]" classname="minebayd1.test.TestClassifiedAd" time="0">
<system-out><![CDATA[
unique-id: [engine:junit-jupiter]/[class:minebayd1.test.TestClassifiedAd]/[test-template:testisBefore(minebayd1.ClassifiedAd, minebayd1.ClassifiedAd)]/[test-template-invocation:#80]
display-name: [80] L'annonce correspond à Annonce n°1343 from Aliou crée le 2024-11-04T21:03:50.165305021Z et correpoond à CLOTHES et est à 99euros, L'annonce correspond à Annonce n°63 from Lyes crée le 2024-11-04T21:03:50.181458077Z et correpoond à CLOTHES et est à 48euros
]]></system-out>
</testcase>
<testcase name="testisBefore(ClassifiedAd, ClassifiedAd)[81]" classname="minebayd1.test.TestClassifiedAd" time="0">
<system-out><![CDATA[
unique-id: [engine:junit-jupiter]/[class:minebayd1.test.TestClassifiedAd]/[test-template:testisBefore(minebayd1.ClassifiedAd, minebayd1.ClassifiedAd)]/[test-template-invocation:#81]
display-name: [81] L'annonce correspond à Annonce n°1299 from Ismael crée le 2024-11-04T21:03:50.165833362Z et correpoond à GAMES et est à 14euros, L'annonce correspond à Annonce n°885 from Chanez crée le 2024-11-04T21:03:50.173858425Z et correpoond à CLOTHES et est à 68euros
]]></system-out>
</testcase>
<testcase name="testisBefore(ClassifiedAd, ClassifiedAd)[82]" classname="minebayd1.test.TestClassifiedAd" time="0">
<system-out><![CDATA[
unique-id: [engine:junit-jupiter]/[class:minebayd1.test.TestClassifiedAd]/[test-template:testisBefore(minebayd1.ClassifiedAd, minebayd1.ClassifiedAd)]/[test-template-invocation:#82]
display-name: [82] L'annonce correspond à Annonce n°6 from Nima crée le 2024-11-04T21:03:50.181732893Z et correpoond à GAMES et est à 99euros, L'annonce correspond à Annonce n°1441 from Imam crée le 2024-11-04T21:03:50.162839137Z et correpoond à GAMES et est à 28euros
]]></system-out>
</testcase>
<testcase name="testisBefore(ClassifiedAd, ClassifiedAd)[83]" classname="minebayd1.test.TestClassifiedAd" time="0">
<system-out><![CDATA[
unique-id: [engine:junit-jupiter]/[class:minebayd1.test.TestClassifiedAd]/[test-template:testisBefore(minebayd1.ClassifiedAd, minebayd1.ClassifiedAd)]/[test-template-invocation:#83]
display-name: [83] L'annonce correspond à Annonce n°820 from Marc crée le 2024-11-04T21:03:50.175077675Z et correpoond à BOOKS et est à 80euros, L'annonce correspond à Annonce n°720 from Ziad crée le 2024-11-04T21:03:50.177405170Z et correpoond à BOOKS et est à 51euros
]]></system-out>
</testcase>
<testcase name="testisBefore(ClassifiedAd, ClassifiedAd)[84]" classname="minebayd1.test.TestClassifiedAd" time="0">
<system-out><![CDATA[
unique-id: [engine:junit-jupiter]/[class:minebayd1.test.TestClassifiedAd]/[test-template:testisBefore(minebayd1.ClassifiedAd, minebayd1.ClassifiedAd)]/[test-template-invocation:#84]
display-name: [84] L'annonce correspond à Annonce n°104 from Sonia crée le 2024-11-04T21:03:50.181241303Z et correpoond à GAMES et est à 58euros, L'annonce correspond à Annonce n°1122 from Adam crée le 2024-11-04T21:03:50.169102247Z et correpoond à COMPUTERS et est à 4euros
]]></system-out>
</testcase>
<testcase name="testisBefore(ClassifiedAd, ClassifiedAd)[85]" classname="minebayd1.test.TestClassifiedAd" time="0">
<system-out><![CDATA[
unique-id: [engine:junit-jupiter]/[class:minebayd1.test.TestClassifiedAd]/[test-template:testisBefore(minebayd1.ClassifiedAd, minebayd1.ClassifiedAd)]/[test-template-invocation:#85]
display-name: [85] L'annonce correspond à Annonce n°622 from Ziad crée le 2024-11-04T21:03:50.178244587Z et correpoond à BOOKS et est à 95euros, L'annonce correspond à Annonce n°303 from Marcel crée le 2024-11-04T21:03:50.179904764Z et correpoond à SHOES et est à 55euros
]]></system-out>
</testcase>
<testcase name="testisBefore(ClassifiedAd, ClassifiedAd)[86]" classname="minebayd1.test.TestClassifiedAd" time="0">
<system-out><![CDATA[
unique-id: [engine:junit-jupiter]/[class:minebayd1.test.TestClassifiedAd]/[test-template:testisBefore(minebayd1.ClassifiedAd, minebayd1.ClassifiedAd)]/[test-template-invocation:#86]
display-name: [86] L'annonce correspond à Annonce n°9 from Aliou crée le 2024-11-04T21:03:50.181720593Z et correpoond à COMPUTERS et est à 14euros, L'annonce correspond à Annonce n°1468 from Sonia crée le 2024-11-04T21:03:50.162239840Z et correpoond à CLOTHES et est à 30euros
]]></system-out>
</testcase>
<testcase name="testisBefore(ClassifiedAd, ClassifiedAd)[87]" classname="minebayd1.test.TestClassifiedAd" time="0">
<system-out><![CDATA[
unique-id: [engine:junit-jupiter]/[class:minebayd1.test.TestClassifiedAd]/[test-template:testisBefore(minebayd1.ClassifiedAd, minebayd1.ClassifiedAd)]/[test-template-invocation:#87]
display-name: [87] L'annonce correspond à Annonce n°1432 from Ziad crée le 2024-11-04T21:03:50.163126417Z et correpoond à COMPUTERS et est à 99euros, L'annonce correspond à Annonce n°368 from Zahra crée le 2024-11-04T21:03:50.179559446Z et correpoond à COMPUTERS et est à 64euros
]]></system-out>
</testcase>
<testcase name="testisBefore(ClassifiedAd, ClassifiedAd)[88]" classname="minebayd1.test.TestClassifiedAd" time="0">
<system-out><![CDATA[
unique-id: [engine:junit-jupiter]/[class:minebayd1.test.TestClassifiedAd]/[test-template:testisBefore(minebayd1.ClassifiedAd, minebayd1.ClassifiedAd)]/[test-template-invocation:#88]
display-name: [88] L'annonce correspond à Annonce n°860 from Boris crée le 2024-11-04T21:03:50.174253977Z et correpoond à COMPUTERS et est à 4euros, L'annonce correspond à Annonce n°721 from Sheraz crée le 2024-11-04T21:03:50.177392592Z et correpoond à GAMES et est à 77euros
]]></system-out>
</testcase>
<testcase name="testisBefore(ClassifiedAd, ClassifiedAd)[89]" classname="minebayd1.test.TestClassifiedAd" time="0">
<system-out><![CDATA[
unique-id: [engine:junit-jupiter]/[class:minebayd1.test.TestClassifiedAd]/[test-template:testisBefore(minebayd1.ClassifiedAd, minebayd1.ClassifiedAd)]/[test-template-invocation:#89]
display-name: [89] L'annonce correspond à Annonce n°1083 from Naila crée le 2024-11-04T21:03:50.170019683Z et correpoond à CLOTHES et est à 84euros, L'annonce correspond à Annonce n°165 from Faycal crée le 2024-11-04T21:03:50.180784078Z et correpoond à COMPUTERS et est à 89euros
]]></system-out>
</testcase>
<testcase name="testisBefore(ClassifiedAd, ClassifiedAd)[90]" classname="minebayd1.test.TestClassifiedAd" time="0">
<system-out><![CDATA[
unique-id: [engine:junit-jupiter]/[class:minebayd1.test.TestClassifiedAd]/[test-template:testisBefore(minebayd1.ClassifiedAd, minebayd1.ClassifiedAd)]/[test-template-invocation:#90]
display-name: [90] L'annonce correspond à Annonce n°1473 from Imam crée le 2024-11-04T21:03:50.161991135Z et correpoond à CLOTHES et est à 40euros, L'annonce correspond à Annonce n°996 from Lamia crée le 2024-11-04T21:03:50.171198268Z et correpoond à SHOES et est à 51euros
]]></system-out>
</testcase>
<testcase name="testisBefore(ClassifiedAd, ClassifiedAd)[91]" classname="minebayd1.test.TestClassifiedAd" time="0">
<system-out><![CDATA[
unique-id: [engine:junit-jupiter]/[class:minebayd1.test.TestClassifiedAd]/[test-template:testisBefore(minebayd1.ClassifiedAd, minebayd1.ClassifiedAd)]/[test-template-invocation:#91]
display-name: [91] L'annonce correspond à Annonce n°1123 from Lyes crée le 2024-11-04T21:03:50.169085924Z et correpoond à SHOES et est à 9euros, L'annonce correspond à Annonce n°178 from Ayman crée le 2024-11-04T21:03:50.180661207Z et correpoond à COMPUTERS et est à 15euros
]]></system-out>
</testcase>
<testcase name="testisBefore(ClassifiedAd, ClassifiedAd)[92]" classname="minebayd1.test.TestClassifiedAd" time="0">
<system-out><![CDATA[
unique-id: [engine:junit-jupiter]/[class:minebayd1.test.TestClassifiedAd]/[test-template:testisBefore(minebayd1.ClassifiedAd, minebayd1.ClassifiedAd)]/[test-template-invocation:#92]
display-name: [92] L'annonce correspond à Annonce n°1459 from Ziad crée le 2024-11-04T21:03:50.162389258Z et correpoond à CLOTHES et est à 62euros, L'annonce correspond à Annonce n°434 from Lamia crée le 2024-11-04T21:03:50.179216305Z et correpoond à COMPUTERS et est à 49euros
]]></system-out>
</testcase>
<testcase name="testisBefore(ClassifiedAd, ClassifiedAd)[93]" classname="minebayd1.test.TestClassifiedAd" time="0">
<system-out><![CDATA[
unique-id: [engine:junit-jupiter]/[class:minebayd1.test.TestClassifiedAd]/[test-template:testisBefore(minebayd1.ClassifiedAd, minebayd1.ClassifiedAd)]/[test-template-invocation:#93]
display-name: [93] L'annonce correspond à Annonce n°389 from Issa crée le 2024-11-04T21:03:50.179449501Z et correpoond à BOOKS et est à 53euros, L'annonce correspond à Annonce n°1198 from Ziad crée le 2024-11-04T21:03:50.167542525Z et correpoond à CLOTHES et est à 51euros
]]></system-out>
</testcase>
<testcase name="testisBefore(ClassifiedAd, ClassifiedAd)[94]" classname="minebayd1.test.TestClassifiedAd" time="0">
<system-out><![CDATA[
unique-id: [engine:junit-jupiter]/[class:minebayd1.test.TestClassifiedAd]/[test-template:testisBefore(minebayd1.ClassifiedAd, minebayd1.ClassifiedAd)]/[test-template-invocation:#94]
display-name: [94] L'annonce correspond à Annonce n°1158 from Ziad crée le 2024-11-04T21:03:50.168241585Z et correpoond à CLOTHES et est à 43euros, L'annonce correspond à Annonce n°236 from Marc crée le 2024-11-04T21:03:50.180251408Z et correpoond à COMPUTERS et est à 45euros
]]></system-out>
</testcase>
<testcase name="testisBefore(ClassifiedAd, ClassifiedAd)[95]" classname="minebayd1.test.TestClassifiedAd" time="0">
<system-out><![CDATA[
unique-id: [engine:junit-jupiter]/[class:minebayd1.test.TestClassifiedAd]/[test-template:testisBefore(minebayd1.ClassifiedAd, minebayd1.ClassifiedAd)]/[test-template-invocation:#95]
display-name: [95] L'annonce correspond à Annonce n°227 from Pierre crée le 2024-11-04T21:03:50.180299267Z et correpoond à SHOES et est à 83euros, L'annonce correspond à Annonce n°77 from Lamia crée le 2024-11-04T21:03:50.181386246Z et correpoond à GAMES et est à 2euros
]]></system-out>
</testcase>
<testcase name="testisBefore(ClassifiedAd, ClassifiedAd)[96]" classname="minebayd1.test.TestClassifiedAd" time="0">
<system-out><![CDATA[
unique-id: [engine:junit-jupiter]/[class:minebayd1.test.TestClassifiedAd]/[test-template:testisBefore(minebayd1.ClassifiedAd, minebayd1.ClassifiedAd)]/[test-template-invocation:#96]
display-name: [96] L'annonce correspond à Annonce n°729 from Zahra crée le 2024-11-04T21:03:50.177229405Z et correpoond à SHOES et est à 57euros, L'annonce correspond à Annonce n°685 from Marc crée le 2024-11-04T21:03:50.177765743Z et correpoond à BOOKS et est à 14euros
]]></system-out>
</testcase>
<testcase name="testisBefore(ClassifiedAd, ClassifiedAd)[97]" classname="minebayd1.test.TestClassifiedAd" time="0">
<system-out><![CDATA[
unique-id: [engine:junit-jupiter]/[class:minebayd1.test.TestClassifiedAd]/[test-template:testisBefore(minebayd1.ClassifiedAd, minebayd1.ClassifiedAd)]/[test-template-invocation:#97]
display-name: [97] L'annonce correspond à Annonce n°384 from Marcel crée le 2024-11-04T21:03:50.179476431Z et correpoond à COMPUTERS et est à 15euros, L'annonce correspond à Annonce n°1185 from Yanis crée le 2024-11-04T21:03:50.167748835Z et correpoond à GAMES et est à 63euros
]]></system-out>
</testcase>
<testcase name="testisBefore(ClassifiedAd, ClassifiedAd)[98]" classname="minebayd1.test.TestClassifiedAd" time="0">
<system-out><![CDATA[
unique-id: [engine:junit-jupiter]/[class:minebayd1.test.TestClassifiedAd]/[test-template:testisBefore(minebayd1.ClassifiedAd, minebayd1.ClassifiedAd)]/[test-template-invocation:#98]
display-name: [98] L'annonce correspond à Annonce n°1396 from Lamia crée le 2024-11-04T21:03:50.164087991Z et correpoond à GAMES et est à 48euros, L'annonce correspond à Annonce n°285 from Mamadou crée le 2024-11-04T21:03:50.179998314Z et correpoond à CLOTHES et est à 17euros
]]></system-out>
</testcase>
<testcase name="testisBefore(ClassifiedAd, ClassifiedAd)[99]" classname="minebayd1.test.TestClassifiedAd" time="0">
<system-out><![CDATA[
unique-id: [engine:junit-jupiter]/[class:minebayd1.test.TestClassifiedAd]/[test-template:testisBefore(minebayd1.ClassifiedAd, minebayd1.ClassifiedAd)]/[test-template-invocation:#99]
display-name: [99] L'annonce correspond à Annonce n°639 from Marc crée le 2024-11-04T21:03:50.178052326Z et correpoond à COMPUTERS et est à 20euros, L'annonce correspond à Annonce n°808 from Marcel crée le 2024-11-04T21:03:50.175250201Z et correpoond à SHOES et est à 57euros
]]></system-out>
</testcase>
<testcase name="testisBefore(ClassifiedAd, ClassifiedAd)[100]" classname="minebayd1.test.TestClassifiedAd" time="0">
<system-out><![CDATA[
unique-id: [engine:junit-jupiter]/[class:minebayd1.test.TestClassifiedAd]/[test-template:testisBefore(minebayd1.ClassifiedAd, minebayd1.ClassifiedAd)]/[test-template-invocation:#100]
display-name: [100] L'annonce correspond à Annonce n°1164 from Ali crée le 2024-11-04T21:03:50.168153647Z et correpoond à GAMES et est à 55euros, L'annonce correspond à Annonce n°1145 from Lisa crée le 2024-11-04T21:03:50.168670114Z et correpoond à GAMES et est à 36euros
]]></system-out>
</testcase>
<testcase name="testisAfter(ClassifiedAd, ClassifiedAd)[1]" classname="minebayd1.test.TestClassifiedAd" time="0">
<system-out><![CDATA[
unique-id: [engine:junit-jupiter]/[class:minebayd1.test.TestClassifiedAd]/[test-template:testisAfter(minebayd1.ClassifiedAd, minebayd1.ClassifiedAd)]/[test-template-invocation:#1]
display-name: [1] L'annonce correspond à Annonce n°1251 from Zahra crée le 2024-11-04T21:03:50.166664505Z et correpoond à COMPUTERS et est à 13euros, L'annonce correspond à Annonce n°636 from Marcel crée le 2024-11-04T21:03:50.178070193Z et correpoond à BOOKS et est à 60euros
]]></system-out>
</testcase>
<testcase name="testisAfter(ClassifiedAd, ClassifiedAd)[2]" classname="minebayd1.test.TestClassifiedAd" time="0">
<system-out><![CDATA[
unique-id: [engine:junit-jupiter]/[class:minebayd1.test.TestClassifiedAd]/[test-template:testisAfter(minebayd1.ClassifiedAd, minebayd1.ClassifiedAd)]/[test-template-invocation:#2]
display-name: [2] L'annonce correspond à Annonce n°1428 from Yanis crée le 2024-11-04T21:03:50.163355202Z et correpoond à GAMES et est à 18euros, L'annonce correspond à Annonce n°385 from Marcel crée le 2024-11-04T21:03:50.179471265Z et correpoond à GAMES et est à 85euros
]]></system-out>
</testcase>
<testcase name="testisAfter(ClassifiedAd, ClassifiedAd)[3]" classname="minebayd1.test.TestClassifiedAd" time="0">
<system-out><![CDATA[
unique-id: [engine:junit-jupiter]/[class:minebayd1.test.TestClassifiedAd]/[test-template:testisAfter(minebayd1.ClassifiedAd, minebayd1.ClassifiedAd)]/[test-template-invocation:#3]
display-name: [3] L'annonce correspond à Annonce n°1394 from Adam crée le 2024-11-04T21:03:50.164110028Z et correpoond à GAMES et est à 16euros, L'annonce correspond à Annonce n°941 from Pierre crée le 2024-11-04T21:03:50.172996064Z et correpoond à SHOES et est à 46euros
]]></system-out>
</testcase>
<testcase name="testisAfter(ClassifiedAd, ClassifiedAd)[4]" classname="minebayd1.test.TestClassifiedAd" time="0">
<system-out><![CDATA[
unique-id: [engine:junit-jupiter]/[class:minebayd1.test.TestClassifiedAd]/[test-template:testisAfter(minebayd1.ClassifiedAd, minebayd1.ClassifiedAd)]/[test-template-invocation:#4]
display-name: [4] L'annonce correspond à Annonce n°264 from Ismael crée le 2024-11-04T21:03:50.180106514Z et correpoond à CLOTHES et est à 85euros, L'annonce correspond à Annonce n°1485 from Ali crée le 2024-11-04T21:03:50.161562745Z et correpoond à COMPUTERS et est à 8euros
]]></system-out>
</testcase>
<testcase name="testisAfter(ClassifiedAd, ClassifiedAd)[5]" classname="minebayd1.test.TestClassifiedAd" time="0">
<system-out><![CDATA[
unique-id: [engine:junit-jupiter]/[class:minebayd1.test.TestClassifiedAd]/[test-template:testisAfter(minebayd1.ClassifiedAd, minebayd1.ClassifiedAd)]/[test-template-invocation:#5]
display-name: [5] L'annonce correspond à Annonce n°662 from Lamia crée le 2024-11-04T21:03:50.177908252Z et correpoond à CLOTHES et est à 83euros, L'annonce correspond à Annonce n°438 from Imam crée le 2024-11-04T21:03:50.179195122Z et correpoond à BOOKS et est à 23euros
]]></system-out>
</testcase>
<testcase name="testisAfter(ClassifiedAd, ClassifiedAd)[6]" classname="minebayd1.test.TestClassifiedAd" time="0">
<system-out><![CDATA[
unique-id: [engine:junit-jupiter]/[class:minebayd1.test.TestClassifiedAd]/[test-template:testisAfter(minebayd1.ClassifiedAd, minebayd1.ClassifiedAd)]/[test-template-invocation:#6]
display-name: [6] L'annonce correspond à Annonce n°1018 from Lyes crée le 2024-11-04T21:03:50.170949099Z et correpoond à CLOTHES et est à 86euros, L'annonce correspond à Annonce n°709 from Lyes crée le 2024-11-04T21:03:50.177518920Z et correpoond à SHOES et est à 71euros
]]></system-out>
</testcase>
<testcase name="testisAfter(ClassifiedAd, ClassifiedAd)[7]" classname="minebayd1.test.TestClassifiedAd" time="0">
<system-out><![CDATA[
unique-id: [engine:junit-jupiter]/[class:minebayd1.test.TestClassifiedAd]/[test-template:testisAfter(minebayd1.ClassifiedAd, minebayd1.ClassifiedAd)]/[test-template-invocation:#7]
display-name: [7] L'annonce correspond à Annonce n°43 from Nima crée le 2024-11-04T21:03:50.181549465Z et correpoond à CLOTHES et est à 63euros, L'annonce correspond à Annonce n°1185 from Yanis crée le 2024-11-04T21:03:50.167748835Z et correpoond à GAMES et est à 63euros
]]></system-out>
</testcase>
<testcase name="testisAfter(ClassifiedAd, ClassifiedAd)[8]" classname="minebayd1.test.TestClassifiedAd" time="0">
<system-out><![CDATA[
unique-id: [engine:junit-jupiter]/[class:minebayd1.test.TestClassifiedAd]/[test-template:testisAfter(minebayd1.ClassifiedAd, minebayd1.ClassifiedAd)]/[test-template-invocation:#8]
display-name: [8] L'annonce correspond à Annonce n°521 from Sheraz crée le 2024-11-04T21:03:50.178806400Z et correpoond à GAMES et est à 19euros, L'annonce correspond à Annonce n°684 from Aliou crée le 2024-11-04T21:03:50.177772854Z et correpoond à CLOTHES et est à 90euros
]]></system-out>
</testcase>
<testcase name="testisAfter(ClassifiedAd, ClassifiedAd)[9]" classname="minebayd1.test.TestClassifiedAd" time="0">
<system-out><![CDATA[
unique-id: [engine:junit-jupiter]/[class:minebayd1.test.TestClassifiedAd]/[test-template:testisAfter(minebayd1.ClassifiedAd, minebayd1.ClassifiedAd)]/[test-template-invocation:#9]
display-name: [9] L'annonce correspond à Annonce n°1359 from Mounir crée le 2024-11-04T21:03:50.164907255Z et correpoond à CLOTHES et est à 67euros, L'annonce correspond à Annonce n°798 from Ayman crée le 2024-11-04T21:03:50.175363830Z et correpoond à CLOTHES et est à 4euros
]]></system-out>
</testcase>
<testcase name="testisAfter(ClassifiedAd, ClassifiedAd)[10]" classname="minebayd1.test.TestClassifiedAd" time="0">
<system-out><![CDATA[
unique-id: [engine:junit-jupiter]/[class:minebayd1.test.TestClassifiedAd]/[test-template:testisAfter(minebayd1.ClassifiedAd, minebayd1.ClassifiedAd)]/[test-template-invocation:#10]
display-name: [10] L'annonce correspond à Annonce n°1302 from Boris crée le 2024-11-04T21:03:50.165802827Z et correpoond à BOOKS et est à 32euros, L'annonce correspond à Annonce n°1067 from Ayman crée le 2024-11-04T21:03:50.170343090Z et correpoond à BOOKS et est à 44euros
]]></system-out>
</testcase>
<testcase name="testisAfter(ClassifiedAd, ClassifiedAd)[11]" classname="minebayd1.test.TestClassifiedAd" time="0">
<system-out><![CDATA[
unique-id: [engine:junit-jupiter]/[class:minebayd1.test.TestClassifiedAd]/[test-template:testisAfter(minebayd1.ClassifiedAd, minebayd1.ClassifiedAd)]/[test-template-invocation:#11]
display-name: [11] L'annonce correspond à Annonce n°754 from Marcel crée le 2024-11-04T21:03:50.176015720Z et correpoond à CLOTHES et est à 41euros, L'annonce correspond à Annonce n°1293 from Zahra crée le 2024-11-04T21:03:50.165893669Z et correpoond à COMPUTERS et est à 3euros
]]></system-out>
</testcase>
<testcase name="testisAfter(ClassifiedAd, ClassifiedAd)[12]" classname="minebayd1.test.TestClassifiedAd" time="0">
<system-out><![CDATA[
unique-id: [engine:junit-jupiter]/[class:minebayd1.test.TestClassifiedAd]/[test-template:testisAfter(minebayd1.ClassifiedAd, minebayd1.ClassifiedAd)]/[test-template-invocation:#12]
display-name: [12] L'annonce correspond à Annonce n°711 from Mamadou crée le 2024-11-04T21:03:50.177498988Z et correpoond à COMPUTERS et est à 26euros, L'annonce correspond à Annonce n°894 from Issa crée le 2024-11-04T21:03:50.173753560Z et correpoond à SHOES et est à 85euros
]]></system-out>
</testcase>
<testcase name="testisAfter(ClassifiedAd, ClassifiedAd)[13]" classname="minebayd1.test.TestClassifiedAd" time="0">
<system-out><![CDATA[
unique-id: [engine:junit-jupiter]/[class:minebayd1.test.TestClassifiedAd]/[test-template:testisAfter(minebayd1.ClassifiedAd, minebayd1.ClassifiedAd)]/[test-template-invocation:#13]
display-name: [13] L'annonce correspond à Annonce n°920 from Aliou crée le 2024-11-04T21:03:50.173413065Z et correpoond à CLOTHES et est à 67euros, L'annonce correspond à Annonce n°1103 from Marcel crée le 2024-11-04T21:03:50.169739928Z et correpoond à BOOKS et est à 78euros
]]></system-out>
</testcase>
<testcase name="testisAfter(ClassifiedAd, ClassifiedAd)[14]" classname="minebayd1.test.TestClassifiedAd" time="0">
<system-out><![CDATA[
unique-id: [engine:junit-jupiter]/[class:minebayd1.test.TestClassifiedAd]/[test-template:testisAfter(minebayd1.ClassifiedAd, minebayd1.ClassifiedAd)]/[test-template-invocation:#14]
display-name: [14] L'annonce correspond à Annonce n°1016 from Mamadou crée le 2024-11-04T21:03:50.170974480Z et correpoond à CLOTHES et est à 45euros, L'annonce correspond à Annonce n°1270 from Ali crée le 2024-11-04T21:03:50.166364248Z et correpoond à COMPUTERS et est à 51euros
]]></system-out>
</testcase>
<testcase name="testisAfter(ClassifiedAd, ClassifiedAd)[15]" classname="minebayd1.test.TestClassifiedAd" time="0">
<system-out><![CDATA[
unique-id: [engine:junit-jupiter]/[class:minebayd1.test.TestClassifiedAd]/[test-template:testisAfter(minebayd1.ClassifiedAd, minebayd1.ClassifiedAd)]/[test-template-invocation:#15]
display-name: [15] L'annonce correspond à Annonce n°844 from Adam crée le 2024-11-04T21:03:50.174574186Z et correpoond à COMPUTERS et est à 69euros, L'annonce correspond à Annonce n°521 from Sheraz crée le 2024-11-04T21:03:50.178806400Z et correpoond à GAMES et est à 19euros
]]></system-out>
</testcase>
<testcase name="testisAfter(ClassifiedAd, ClassifiedAd)[16]" classname="minebayd1.test.TestClassifiedAd" time="0">
<system-out><![CDATA[
unique-id: [engine:junit-jupiter]/[class:minebayd1.test.TestClassifiedAd]/[test-template:testisAfter(minebayd1.ClassifiedAd, minebayd1.ClassifiedAd)]/[test-template-invocation:#16]
display-name: [16] L'annonce correspond à Annonce n°870 from Naila crée le 2024-11-04T21:03:50.174031851Z et correpoond à SHOES et est à 96euros, L'annonce correspond à Annonce n°282 from Issa crée le 2024-11-04T21:03:50.180013911Z et correpoond à BOOKS et est à 77euros
]]></system-out>
</testcase>
<testcase name="testisAfter(ClassifiedAd, ClassifiedAd)[17]" classname="minebayd1.test.TestClassifiedAd" time="0">
<system-out><![CDATA[
unique-id: [engine:junit-jupiter]/[class:minebayd1.test.TestClassifiedAd]/[test-template:testisAfter(minebayd1.ClassifiedAd, minebayd1.ClassifiedAd)]/[test-template-invocation:#17]
display-name: [17] L'annonce correspond à Annonce n°1361 from Idir crée le 2024-11-04T21:03:50.164691294Z et correpoond à BOOKS et est à 76euros, L'annonce correspond à Annonce n°958 from Sonia crée le 2024-11-04T21:03:50.172791585Z et correpoond à SHOES et est à 90euros
]]></system-out>
</testcase>
<testcase name="testisAfter(ClassifiedAd, ClassifiedAd)[18]" classname="minebayd1.test.TestClassifiedAd" time="0">
<system-out><![CDATA[
unique-id: [engine:junit-jupiter]/[class:minebayd1.test.TestClassifiedAd]/[test-template:testisAfter(minebayd1.ClassifiedAd, minebayd1.ClassifiedAd)]/[test-template-invocation:#18]
display-name: [18] L'annonce correspond à Annonce n°734 from Mounir crée le 2024-11-04T21:03:50.176252129Z et correpoond à BOOKS et est à 62euros, L'annonce correspond à Annonce n°20 from Lyes crée le 2024-11-04T21:03:50.181671112Z et correpoond à BOOKS et est à 80euros
]]></system-out>
</testcase>
<testcase name="testisAfter(ClassifiedAd, ClassifiedAd)[19]" classname="minebayd1.test.TestClassifiedAd" time="0">
<system-out><![CDATA[
unique-id: [engine:junit-jupiter]/[class:minebayd1.test.TestClassifiedAd]/[test-template:testisAfter(minebayd1.ClassifiedAd, minebayd1.ClassifiedAd)]/[test-template-invocation:#19]
display-name: [19] L'annonce correspond à Annonce n°86 from Yanis crée le 2024-11-04T21:03:50.181329104Z et correpoond à GAMES et est à 10euros, L'annonce correspond à Annonce n°480 from Imam crée le 2024-11-04T21:03:50.178964758Z et correpoond à BOOKS et est à 21euros
]]></system-out>
</testcase>
<testcase name="testisAfter(ClassifiedAd, ClassifiedAd)[20]" classname="minebayd1.test.TestClassifiedAd" time="0">
<system-out><![CDATA[
unique-id: [engine:junit-jupiter]/[class:minebayd1.test.TestClassifiedAd]/[test-template:testisAfter(minebayd1.ClassifiedAd, minebayd1.ClassifiedAd)]/[test-template-invocation:#20]
display-name: [20] L'annonce correspond à Annonce n°534 from Ziad crée le 2024-11-04T21:03:50.178753905Z et correpoond à BOOKS et est à 86euros, L'annonce correspond à Annonce n°530 from Ismael crée le 2024-11-04T21:03:50.178769316Z et correpoond à COMPUTERS et est à 5euros
]]></system-out>
</testcase>
<testcase name="testisAfter(ClassifiedAd, ClassifiedAd)[21]" classname="minebayd1.test.TestClassifiedAd" time="0">
<system-out><![CDATA[
unique-id: [engine:junit-jupiter]/[class:minebayd1.test.TestClassifiedAd]/[test-template:testisAfter(minebayd1.ClassifiedAd, minebayd1.ClassifiedAd)]/[test-template-invocation:#21]
display-name: [21] L'annonce correspond à Annonce n°1261 from Aliou crée le 2024-11-04T21:03:50.166458968Z et correpoond à SHOES et est à 65euros, L'annonce correspond à Annonce n°556 from Adam crée le 2024-11-04T21:03:50.178667413Z et correpoond à COMPUTERS et est à 45euros
]]></system-out>
</testcase>
<testcase name="testisAfter(ClassifiedAd, ClassifiedAd)[22]" classname="minebayd1.test.TestClassifiedAd" time="0">
<system-out><![CDATA[
unique-id: [engine:junit-jupiter]/[class:minebayd1.test.TestClassifiedAd]/[test-template:testisAfter(minebayd1.ClassifiedAd, minebayd1.ClassifiedAd)]/[test-template-invocation:#22]
display-name: [22] L'annonce correspond à Annonce n°685 from Marc crée le 2024-11-04T21:03:50.177765743Z et correpoond à BOOKS et est à 14euros, L'annonce correspond à Annonce n°308 from Ayman crée le 2024-11-04T21:03:50.179878675Z et correpoond à BOOKS et est à 86euros
]]></system-out>
</testcase>
<testcase name="testisAfter(ClassifiedAd, ClassifiedAd)[23]" classname="minebayd1.test.TestClassifiedAd" time="0">
<system-out><![CDATA[
unique-id: [engine:junit-jupiter]/[class:minebayd1.test.TestClassifiedAd]/[test-template:testisAfter(minebayd1.ClassifiedAd, minebayd1.ClassifiedAd)]/[test-template-invocation:#23]
display-name: [23] L'annonce correspond à Annonce n°919 from Ali crée le 2024-11-04T21:03:50.173424296Z et correpoond à BOOKS et est à 56euros, L'annonce correspond à Annonce n°1302 from Boris crée le 2024-11-04T21:03:50.165802827Z et correpoond à BOOKS et est à 32euros
]]></system-out>
</testcase>
<testcase name="testisAfter(ClassifiedAd, ClassifiedAd)[24]" classname="minebayd1.test.TestClassifiedAd" time="0">
<system-out><![CDATA[
unique-id: [engine:junit-jupiter]/[class:minebayd1.test.TestClassifiedAd]/[test-template:testisAfter(minebayd1.ClassifiedAd, minebayd1.ClassifiedAd)]/[test-template-invocation:#24]
display-name: [24] L'annonce correspond à Annonce n°286 from Ali crée le 2024-11-04T21:03:50.179993141Z et correpoond à BOOKS et est à 42euros, L'annonce correspond à Annonce n°318 from Faycal crée le 2024-11-04T21:03:50.179827178Z et correpoond à COMPUTERS et est à 24euros
]]></system-out>
</testcase>
<testcase name="testisAfter(ClassifiedAd, ClassifiedAd)[25]" classname="minebayd1.test.TestClassifiedAd" time="0">
<system-out><![CDATA[
unique-id: [engine:junit-jupiter]/[class:minebayd1.test.TestClassifiedAd]/[test-template:testisAfter(minebayd1.ClassifiedAd, minebayd1.ClassifiedAd)]/[test-template-invocation:#25]
display-name: [25] L'annonce correspond à Annonce n°725 from Marcel crée le 2024-11-04T21:03:50.177256993Z et correpoond à GAMES et est à 39euros, L'annonce correspond à Annonce n°1062 from Marcel crée le 2024-11-04T21:03:50.170397454Z et correpoond à BOOKS et est à 81euros
]]></system-out>
</testcase>
<testcase name="testisAfter(ClassifiedAd, ClassifiedAd)[26]" classname="minebayd1.test.TestClassifiedAd" time="0">
<system-out><![CDATA[
unique-id: [engine:junit-jupiter]/[class:minebayd1.test.TestClassifiedAd]/[test-template:testisAfter(minebayd1.ClassifiedAd, minebayd1.ClassifiedAd)]/[test-template-invocation:#26]
display-name: [26] L'annonce correspond à Annonce n°1249 from Mohamed crée le 2024-11-04T21:03:50.166835407Z et correpoond à SHOES et est à 41euros, L'annonce correspond à Annonce n°67 from Adam crée le 2024-11-04T21:03:50.181440270Z et correpoond à BOOKS et est à 96euros
]]></system-out>
</testcase>
<testcase name="testisAfter(ClassifiedAd, ClassifiedAd)[27]" classname="minebayd1.test.TestClassifiedAd" time="0">
<system-out><![CDATA[
unique-id: [engine:junit-jupiter]/[class:minebayd1.test.TestClassifiedAd]/[test-template:testisAfter(minebayd1.ClassifiedAd, minebayd1.ClassifiedAd)]/[test-template-invocation:#27]
display-name: [27] L'annonce correspond à Annonce n°132 from Boris crée le 2024-11-04T21:03:50.181049403Z et correpoond à SHOES et est à 95euros, L'annonce correspond à Annonce n°39 from Sheraz crée le 2024-11-04T21:03:50.181567546Z et correpoond à GAMES et est à 85euros
]]></system-out>
</testcase>
<testcase name="testisAfter(ClassifiedAd, ClassifiedAd)[28]" classname="minebayd1.test.TestClassifiedAd" time="0">
<system-out><![CDATA[
unique-id: [engine:junit-jupiter]/[class:minebayd1.test.TestClassifiedAd]/[test-template:testisAfter(minebayd1.ClassifiedAd, minebayd1.ClassifiedAd)]/[test-template-invocation:#28]
display-name: [28] L'annonce correspond à Annonce n°1352 from Mohamed crée le 2024-11-04T21:03:50.165155631Z et correpoond à SHOES et est à 21euros, L'annonce correspond à Annonce n°1250 from Yanis crée le 2024-11-04T21:03:50.166707154Z et correpoond à BOOKS et est à 97euros
]]></system-out>
</testcase>
<testcase name="testisAfter(ClassifiedAd, ClassifiedAd)[29]" classname="minebayd1.test.TestClassifiedAd" time="0">
<system-out><![CDATA[
unique-id: [engine:junit-jupiter]/[class:minebayd1.test.TestClassifiedAd]/[test-template:testisAfter(minebayd1.ClassifiedAd, minebayd1.ClassifiedAd)]/[test-template-invocation:#29]
display-name: [29] L'annonce correspond à Annonce n°1277 from Lisa crée le 2024-11-04T21:03:50.166271946Z et correpoond à COMPUTERS et est à 21euros, L'annonce correspond à Annonce n°60 from Mamadou crée le 2024-11-04T21:03:50.181471131Z et correpoond à GAMES et est à 50euros
]]></system-out>
</testcase>
<testcase name="testisAfter(ClassifiedAd, ClassifiedAd)[30]" classname="minebayd1.test.TestClassifiedAd" time="0">
<system-out><![CDATA[
unique-id: [engine:junit-jupiter]/[class:minebayd1.test.TestClassifiedAd]/[test-template:testisAfter(minebayd1.ClassifiedAd, minebayd1.ClassifiedAd)]/[test-template-invocation:#30]
display-name: [30] L'annonce correspond à Annonce n°659 from Lamia crée le 2024-11-04T21:03:50.177932039Z et correpoond à CLOTHES et est à 73euros, L'annonce correspond à Annonce n°1099 from Boris crée le 2024-11-04T21:03:50.169796553Z et correpoond à COMPUTERS et est à 10euros
]]></system-out>
</testcase>
<testcase name="testisAfter(ClassifiedAd, ClassifiedAd)[31]" classname="minebayd1.test.TestClassifiedAd" time="0">
<system-out><![CDATA[
unique-id: [engine:junit-jupiter]/[class:minebayd1.test.TestClassifiedAd]/[test-template:testisAfter(minebayd1.ClassifiedAd, minebayd1.ClassifiedAd)]/[test-template-invocation:#31]
display-name: [31] L'annonce correspond à Annonce n°1438 from Ali crée le 2024-11-04T21:03:50.162877413Z et correpoond à COMPUTERS et est à 38euros, L'annonce correspond à Annonce n°118 from Ayman crée le 2024-11-04T21:03:50.181161712Z et correpoond à COMPUTERS et est à 64euros
]]></system-out>
</testcase>
<testcase name="testisAfter(ClassifiedAd, ClassifiedAd)[32]" classname="minebayd1.test.TestClassifiedAd" time="0">
<system-out><![CDATA[
unique-id: [engine:junit-jupiter]/[class:minebayd1.test.TestClassifiedAd]/[test-template:testisAfter(minebayd1.ClassifiedAd, minebayd1.ClassifiedAd)]/[test-template-invocation:#32]
display-name: [32] L'annonce correspond à Annonce n°1298 from Naila crée le 2024-11-04T21:03:50.165843340Z et correpoond à BOOKS et est à 2euros, L'annonce correspond à Annonce n°760 from Ziad crée le 2024-11-04T21:03:50.175949264Z et correpoond à BOOKS et est à 73euros
]]></system-out>
</testcase>
<testcase name="testisAfter(ClassifiedAd, ClassifiedAd)[33]" classname="minebayd1.test.TestClassifiedAd" time="0">
<system-out><![CDATA[
unique-id: [engine:junit-jupiter]/[class:minebayd1.test.TestClassifiedAd]/[test-template:testisAfter(minebayd1.ClassifiedAd, minebayd1.ClassifiedAd)]/[test-template-invocation:#33]
display-name: [33] L'annonce correspond à Annonce n°877 from Imam crée le 2024-11-04T21:03:50.173948843Z et correpoond à BOOKS et est à 40euros, L'annonce correspond à Annonce n°1139 from Yanis crée le 2024-11-04T21:03:50.168750521Z et correpoond à GAMES et est à 22euros
]]></system-out>
</testcase>
<testcase name="testisAfter(ClassifiedAd, ClassifiedAd)[34]" classname="minebayd1.test.TestClassifiedAd" time="0">
<system-out><![CDATA[
unique-id: [engine:junit-jupiter]/[class:minebayd1.test.TestClassifiedAd]/[test-template:testisAfter(minebayd1.ClassifiedAd, minebayd1.ClassifiedAd)]/[test-template-invocation:#34]
display-name: [34] L'annonce correspond à Annonce n°353 from Lyes crée le 2024-11-04T21:03:50.179636956Z et correpoond à COMPUTERS et est à 49euros, L'annonce correspond à Annonce n°423 from Lyes crée le 2024-11-04T21:03:50.179273155Z et correpoond à CLOTHES et est à 94euros
]]></system-out>
</testcase>
<testcase name="testisAfter(ClassifiedAd, ClassifiedAd)[35]" classname="minebayd1.test.TestClassifiedAd" time="0">
<system-out><![CDATA[
unique-id: [engine:junit-jupiter]/[class:minebayd1.test.TestClassifiedAd]/[test-template:testisAfter(minebayd1.ClassifiedAd, minebayd1.ClassifiedAd)]/[test-template-invocation:#35]
display-name: [35] L'annonce correspond à Annonce n°925 from Lamia crée le 2024-11-04T21:03:50.173356019Z et correpoond à SHOES et est à 56euros, L'annonce correspond à Annonce n°1435 from Boris crée le 2024-11-04T21:03:50.162915399Z et correpoond à COMPUTERS et est à 18euros
]]></system-out>
</testcase>
<testcase name="testisAfter(ClassifiedAd, ClassifiedAd)[36]" classname="minebayd1.test.TestClassifiedAd" time="0">
<system-out><![CDATA[
unique-id: [engine:junit-jupiter]/[class:minebayd1.test.TestClassifiedAd]/[test-template:testisAfter(minebayd1.ClassifiedAd, minebayd1.ClassifiedAd)]/[test-template-invocation:#36]
display-name: [36] L'annonce correspond à Annonce n°273 from Ziad crée le 2024-11-04T21:03:50.180060041Z et correpoond à BOOKS et est à 3euros, L'annonce correspond à Annonce n°556 from Adam crée le 2024-11-04T21:03:50.178667413Z et correpoond à COMPUTERS et est à 45euros
]]></system-out>
</testcase>
<testcase name="testisAfter(ClassifiedAd, ClassifiedAd)[37]" classname="minebayd1.test.TestClassifiedAd" time="0">
<system-out><![CDATA[
unique-id: [engine:junit-jupiter]/[class:minebayd1.test.TestClassifiedAd]/[test-template:testisAfter(minebayd1.ClassifiedAd, minebayd1.ClassifiedAd)]/[test-template-invocation:#37]
display-name: [37] L'annonce correspond à Annonce n°560 from Yanis crée le 2024-11-04T21:03:50.178643334Z et correpoond à GAMES et est à 15euros, L'annonce correspond à Annonce n°311 from Aliou crée le 2024-11-04T21:03:50.179863117Z et correpoond à GAMES et est à 48euros
]]></system-out>
</testcase>
<testcase name="testisAfter(ClassifiedAd, ClassifiedAd)[38]" classname="minebayd1.test.TestClassifiedAd" time="0">
<system-out><![CDATA[
unique-id: [engine:junit-jupiter]/[class:minebayd1.test.TestClassifiedAd]/[test-template:testisAfter(minebayd1.ClassifiedAd, minebayd1.ClassifiedAd)]/[test-template-invocation:#38]
display-name: [38] L'annonce correspond à Annonce n°748 from Sheraz crée le 2024-11-04T21:03:50.176085778Z et correpoond à SHOES et est à 80euros, L'annonce correspond à Annonce n°754 from Marcel crée le 2024-11-04T21:03:50.176015720Z et correpoond à CLOTHES et est à 41euros
]]></system-out>
</testcase>
<testcase name="testisAfter(ClassifiedAd, ClassifiedAd)[39]" classname="minebayd1.test.TestClassifiedAd" time="0">
<system-out><![CDATA[
unique-id: [engine:junit-jupiter]/[class:minebayd1.test.TestClassifiedAd]/[test-template:testisAfter(minebayd1.ClassifiedAd, minebayd1.ClassifiedAd)]/[test-template-invocation:#39]
display-name: [39] L'annonce correspond à Annonce n°158 from Ayman crée le 2024-11-04T21:03:50.180838528Z et correpoond à CLOTHES et est à 46euros, L'annonce correspond à Annonce n°1033 from Aliou crée le 2024-11-04T21:03:50.170771629Z et correpoond à SHOES et est à 23euros
]]></system-out>
</testcase>
<testcase name="testisAfter(ClassifiedAd, ClassifiedAd)[40]" classname="minebayd1.test.TestClassifiedAd" time="0">
<system-out><![CDATA[
unique-id: [engine:junit-jupiter]/[class:minebayd1.test.TestClassifiedAd]/[test-template:testisAfter(minebayd1.ClassifiedAd, minebayd1.ClassifiedAd)]/[test-template-invocation:#40]
display-name: [40] L'annonce correspond à Annonce n°924 from Idir crée le 2024-11-04T21:03:50.173367586Z et correpoond à BOOKS et est à 30euros, L'annonce correspond à Annonce n°404 from Lamia crée le 2024-11-04T21:03:50.179371962Z et correpoond à CLOTHES et est à 82euros
]]></system-out>
</testcase>
<testcase name="testisAfter(ClassifiedAd, ClassifiedAd)[41]" classname="minebayd1.test.TestClassifiedAd" time="0">
<system-out><![CDATA[
unique-id: [engine:junit-jupiter]/[class:minebayd1.test.TestClassifiedAd]/[test-template:testisAfter(minebayd1.ClassifiedAd, minebayd1.ClassifiedAd)]/[test-template-invocation:#41]
display-name: [41] L'annonce correspond à Annonce n°885 from Chanez crée le 2024-11-04T21:03:50.173858425Z et correpoond à CLOTHES et est à 68euros, L'annonce correspond à Annonce n°522 from Mamadou crée le 2024-11-04T21:03:50.178802547Z et correpoond à GAMES et est à 15euros
]]></system-out>
</testcase>
<testcase name="testisAfter(ClassifiedAd, ClassifiedAd)[42]" classname="minebayd1.test.TestClassifiedAd" time="0">
<system-out><![CDATA[
unique-id: [engine:junit-jupiter]/[class:minebayd1.test.TestClassifiedAd]/[test-template:testisAfter(minebayd1.ClassifiedAd, minebayd1.ClassifiedAd)]/[test-template-invocation:#42]
display-name: [42] L'annonce correspond à Annonce n°711 from Mamadou crée le 2024-11-04T21:03:50.177498988Z et correpoond à COMPUTERS et est à 26euros, L'annonce correspond à Annonce n°1092 from Mounir crée le 2024-11-04T21:03:50.169904019Z et correpoond à GAMES et est à 73euros
]]></system-out>
</testcase>
<testcase name="testisAfter(ClassifiedAd, ClassifiedAd)[43]" classname="minebayd1.test.TestClassifiedAd" time="0">
<system-out><![CDATA[
unique-id: [engine:junit-jupiter]/[class:minebayd1.test.TestClassifiedAd]/[test-template:testisAfter(minebayd1.ClassifiedAd, minebayd1.ClassifiedAd)]/[test-template-invocation:#43]
display-name: [43] L'annonce correspond à Annonce n°1105 from Idir crée le 2024-11-04T21:03:50.169704846Z et correpoond à CLOTHES et est à 91euros, L'annonce correspond à Annonce n°353 from Lyes crée le 2024-11-04T21:03:50.179636956Z et correpoond à COMPUTERS et est à 49euros
]]></system-out>
</testcase>
<testcase name="testisAfter(ClassifiedAd, ClassifiedAd)[44]" classname="minebayd1.test.TestClassifiedAd" time="0">
<system-out><![CDATA[
unique-id: [engine:junit-jupiter]/[class:minebayd1.test.TestClassifiedAd]/[test-template:testisAfter(minebayd1.ClassifiedAd, minebayd1.ClassifiedAd)]/[test-template-invocation:#44]
display-name: [44] L'annonce correspond à Annonce n°1117 from Chanez crée le 2024-11-04T21:03:50.169516608Z et correpoond à COMPUTERS et est à 35euros, L'annonce correspond à Annonce n°197 from Ismael crée le 2024-11-04T21:03:50.180522984Z et correpoond à COMPUTERS et est à 76euros
]]></system-out>
</testcase>
<testcase name="testisAfter(ClassifiedAd, ClassifiedAd)[45]" classname="minebayd1.test.TestClassifiedAd" time="0">
<system-out><![CDATA[
unique-id: [engine:junit-jupiter]/[class:minebayd1.test.TestClassifiedAd]/[test-template:testisAfter(minebayd1.ClassifiedAd, minebayd1.ClassifiedAd)]/[test-template-invocation:#45]
display-name: [45] L'annonce correspond à Annonce n°312 from Sonia crée le 2024-11-04T21:03:50.179857980Z et correpoond à CLOTHES et est à 18euros, L'annonce correspond à Annonce n°1311 from Naila crée le 2024-11-04T21:03:50.165712413Z et correpoond à BOOKS et est à 38euros
]]></system-out>
</testcase>
<testcase name="testisAfter(ClassifiedAd, ClassifiedAd)[46]" classname="minebayd1.test.TestClassifiedAd" time="0">
<system-out><![CDATA[
unique-id: [engine:junit-jupiter]/[class:minebayd1.test.TestClassifiedAd]/[test-template:testisAfter(minebayd1.ClassifiedAd, minebayd1.ClassifiedAd)]/[test-template-invocation:#46]
display-name: [46] L'annonce correspond à Annonce n°645 from Rosa crée le 2024-11-04T21:03:50.178014949Z et correpoond à SHOES et est à 35euros, L'annonce correspond à Annonce n°1113 from Pierre crée le 2024-11-04T21:03:50.169598314Z et correpoond à CLOTHES et est à 50euros
]]></system-out>
</testcase>
<testcase name="testisAfter(ClassifiedAd, ClassifiedAd)[47]" classname="minebayd1.test.TestClassifiedAd" time="0">
<system-out><![CDATA[
unique-id: [engine:junit-jupiter]/[class:minebayd1.test.TestClassifiedAd]/[test-template:testisAfter(minebayd1.ClassifiedAd, minebayd1.ClassifiedAd)]/[test-template-invocation:#47]
display-name: [47] L'annonce correspond à Annonce n°1186 from Ali crée le 2024-11-04T21:03:50.167735643Z et correpoond à COMPUTERS et est à 21euros, L'annonce correspond à Annonce n°50 from Marcel crée le 2024-11-04T21:03:50.181515730Z et correpoond à SHOES et est à 9euros
]]></system-out>
</testcase>
<testcase name="testisAfter(ClassifiedAd, ClassifiedAd)[48]" classname="minebayd1.test.TestClassifiedAd" time="0">
<system-out><![CDATA[
unique-id: [engine:junit-jupiter]/[class:minebayd1.test.TestClassifiedAd]/[test-template:testisAfter(minebayd1.ClassifiedAd, minebayd1.ClassifiedAd)]/[test-template-invocation:#48]
display-name: [48] L'annonce correspond à Annonce n°664 from Zahra crée le 2024-11-04T21:03:50.177896016Z et correpoond à BOOKS et est à 71euros, L'annonce correspond à Annonce n°924 from Idir crée le 2024-11-04T21:03:50.173367586Z et correpoond à BOOKS et est à 30euros
]]></system-out>
</testcase>
<testcase name="testisAfter(ClassifiedAd, ClassifiedAd)[49]" classname="minebayd1.test.TestClassifiedAd" time="0">
<system-out><![CDATA[
unique-id: [engine:junit-jupiter]/[class:minebayd1.test.TestClassifiedAd]/[test-template:testisAfter(minebayd1.ClassifiedAd, minebayd1.ClassifiedAd)]/[test-template-invocation:#49]
display-name: [49] L'annonce correspond à Annonce n°845 from Zahra crée le 2024-11-04T21:03:50.174561442Z et correpoond à CLOTHES et est à 79euros, L'annonce correspond à Annonce n°1080 from Mohamed crée le 2024-11-04T21:03:50.170057542Z et correpoond à COMPUTERS et est à 94euros
]]></system-out>
</testcase>
<testcase name="testisAfter(ClassifiedAd, ClassifiedAd)[50]" classname="minebayd1.test.TestClassifiedAd" time="0">
<system-out><![CDATA[
unique-id: [engine:junit-jupiter]/[class:minebayd1.test.TestClassifiedAd]/[test-template:testisAfter(minebayd1.ClassifiedAd, minebayd1.ClassifiedAd)]/[test-template-invocation:#50]
display-name: [50] L'annonce correspond à Annonce n°146 from Sheraz crée le 2024-11-04T21:03:50.180932469Z et correpoond à SHOES et est à 6euros, L'annonce correspond à Annonce n°1438 from Ali crée le 2024-11-04T21:03:50.162877413Z et correpoond à COMPUTERS et est à 38euros
]]></system-out>
</testcase>
<testcase name="testisAfter(ClassifiedAd, ClassifiedAd)[51]" classname="minebayd1.test.TestClassifiedAd" time="0">
<system-out><![CDATA[
unique-id: [engine:junit-jupiter]/[class:minebayd1.test.TestClassifiedAd]/[test-template:testisAfter(minebayd1.ClassifiedAd, minebayd1.ClassifiedAd)]/[test-template-invocation:#51]
display-name: [51] L'annonce correspond à Annonce n°290 from Faycal crée le 2024-11-04T21:03:50.179972723Z et correpoond à SHOES et est à 98euros, L'annonce correspond à Annonce n°764 from Ayman crée le 2024-11-04T21:03:50.175903871Z et correpoond à SHOES et est à 38euros
]]></system-out>
</testcase>
<testcase name="testisAfter(ClassifiedAd, ClassifiedAd)[52]" classname="minebayd1.test.TestClassifiedAd" time="0">
<system-out><![CDATA[
unique-id: [engine:junit-jupiter]/[class:minebayd1.test.TestClassifiedAd]/[test-template:testisAfter(minebayd1.ClassifiedAd, minebayd1.ClassifiedAd)]/[test-template-invocation:#52]
display-name: [52] L'annonce correspond à Annonce n°922 from Marc crée le 2024-11-04T21:03:50.173390314Z et correpoond à SHOES et est à 23euros, L'annonce correspond à Annonce n°1291 from Lyes crée le 2024-11-04T21:03:50.165913928Z et correpoond à BOOKS et est à 43euros
]]></system-out>
</testcase>
<testcase name="testisAfter(ClassifiedAd, ClassifiedAd)[53]" classname="minebayd1.test.TestClassifiedAd" time="0">
<system-out><![CDATA[
unique-id: [engine:junit-jupiter]/[class:minebayd1.test.TestClassifiedAd]/[test-template:testisAfter(minebayd1.ClassifiedAd, minebayd1.ClassifiedAd)]/[test-template-invocation:#53]
display-name: [53] L'annonce correspond à Annonce n°274 from Naila crée le 2024-11-04T21:03:50.180054795Z et correpoond à CLOTHES et est à 81euros, L'annonce correspond à Annonce n°242 from Imam crée le 2024-11-04T21:03:50.180220443Z et correpoond à COMPUTERS et est à 95euros
]]></system-out>
</testcase>
<testcase name="testisAfter(ClassifiedAd, ClassifiedAd)[54]" classname="minebayd1.test.TestClassifiedAd" time="0">
<system-out><![CDATA[
unique-id: [engine:junit-jupiter]/[class:minebayd1.test.TestClassifiedAd]/[test-template:testisAfter(minebayd1.ClassifiedAd, minebayd1.ClassifiedAd)]/[test-template-invocation:#54]
display-name: [54] L'annonce correspond à Annonce n°419 from Rosa crée le 2024-11-04T21:03:50.179293780Z et correpoond à BOOKS et est à 23euros, L'annonce correspond à Annonce n°1290 from Mounir crée le 2024-11-04T21:03:50.165923476Z et correpoond à BOOKS et est à 6euros
]]></system-out>
</testcase>
<testcase name="testisAfter(ClassifiedAd, ClassifiedAd)[55]" classname="minebayd1.test.TestClassifiedAd" time="0">
<system-out><![CDATA[
unique-id: [engine:junit-jupiter]/[class:minebayd1.test.TestClassifiedAd]/[test-template:testisAfter(minebayd1.ClassifiedAd, minebayd1.ClassifiedAd)]/[test-template-invocation:#55]
display-name: [55] L'annonce correspond à Annonce n°1445 from Mounir crée le 2024-11-04T21:03:50.162788941Z et correpoond à CLOTHES et est à 94euros, L'annonce correspond à Annonce n°854 from Boris crée le 2024-11-04T21:03:50.174329336Z et correpoond à CLOTHES et est à 99euros
]]></system-out>
</testcase>
<testcase name="testisAfter(ClassifiedAd, ClassifiedAd)[56]" classname="minebayd1.test.TestClassifiedAd" time="0">
<system-out><![CDATA[
unique-id: [engine:junit-jupiter]/[class:minebayd1.test.TestClassifiedAd]/[test-template:testisAfter(minebayd1.ClassifiedAd, minebayd1.ClassifiedAd)]/[test-template-invocation:#56]
display-name: [56] L'annonce correspond à Annonce n°494 from Lisa crée le 2024-11-04T21:03:50.178911189Z et correpoond à SHOES et est à 49euros, L'annonce correspond à Annonce n°990 from Aliou crée le 2024-11-04T21:03:50.171265988Z et correpoond à SHOES et est à 60euros
]]></system-out>
</testcase>
<testcase name="testisAfter(ClassifiedAd, ClassifiedAd)[57]" classname="minebayd1.test.TestClassifiedAd" time="0">
<system-out><![CDATA[
unique-id: [engine:junit-jupiter]/[class:minebayd1.test.TestClassifiedAd]/[test-template:testisAfter(minebayd1.ClassifiedAd, minebayd1.ClassifiedAd)]/[test-template-invocation:#57]
display-name: [57] L'annonce correspond à Annonce n°1140 from Lyes crée le 2024-11-04T21:03:50.168737834Z et correpoond à CLOTHES et est à 38euros, L'annonce correspond à Annonce n°81 from Lyes crée le 2024-11-04T21:03:50.181352854Z et correpoond à GAMES et est à 21euros
]]></system-out>
</testcase>
<testcase name="testisAfter(ClassifiedAd, ClassifiedAd)[58]" classname="minebayd1.test.TestClassifiedAd" time="0">
<system-out><![CDATA[
unique-id: [engine:junit-jupiter]/[class:minebayd1.test.TestClassifiedAd]/[test-template:testisAfter(minebayd1.ClassifiedAd, minebayd1.ClassifiedAd)]/[test-template-invocation:#58]
display-name: [58] L'annonce correspond à Annonce n°1129 from Naila crée le 2024-11-04T21:03:50.168882071Z et correpoond à CLOTHES et est à 69euros, L'annonce correspond à Annonce n°142 from Faycal crée le 2024-11-04T21:03:50.180964250Z et correpoond à BOOKS et est à 92euros
]]></system-out>
</testcase>
<testcase name="testisAfter(ClassifiedAd, ClassifiedAd)[59]" classname="minebayd1.test.TestClassifiedAd" time="0">
<system-out><![CDATA[
unique-id: [engine:junit-jupiter]/[class:minebayd1.test.TestClassifiedAd]/[test-template:testisAfter(minebayd1.ClassifiedAd, minebayd1.ClassifiedAd)]/[test-template-invocation:#59]
display-name: [59] L'annonce correspond à Annonce n°1100 from Faycal crée le 2024-11-04T21:03:50.169784141Z et correpoond à COMPUTERS et est à 8euros, L'annonce correspond à Annonce n°857 from Ali crée le 2024-11-04T21:03:50.174293348Z et correpoond à GAMES et est à 91euros
]]></system-out>
</testcase>
<testcase name="testisAfter(ClassifiedAd, ClassifiedAd)[60]" classname="minebayd1.test.TestClassifiedAd" time="0">
<system-out><![CDATA[
unique-id: [engine:junit-jupiter]/[class:minebayd1.test.TestClassifiedAd]/[test-template:testisAfter(minebayd1.ClassifiedAd, minebayd1.ClassifiedAd)]/[test-template-invocation:#60]
display-name: [60] L'annonce correspond à Annonce n°1376 from Nima crée le 2024-11-04T21:03:50.164324607Z et correpoond à SHOES et est à 26euros, L'annonce correspond à Annonce n°194 from Boris crée le 2024-11-04T21:03:50.180545411Z et correpoond à COMPUTERS et est à 32euros
]]></system-out>
</testcase>
<testcase name="testisAfter(ClassifiedAd, ClassifiedAd)[61]" classname="minebayd1.test.TestClassifiedAd" time="0">
<system-out><![CDATA[
unique-id: [engine:junit-jupiter]/[class:minebayd1.test.TestClassifiedAd]/[test-template:testisAfter(minebayd1.ClassifiedAd, minebayd1.ClassifiedAd)]/[test-template-invocation:#61]
display-name: [61] L'annonce correspond à Annonce n°994 from Ayman crée le 2024-11-04T21:03:50.171221850Z et correpoond à GAMES et est à 68euros, L'annonce correspond à Annonce n°585 from Lisa crée le 2024-11-04T21:03:50.178537977Z et correpoond à COMPUTERS et est à 32euros
]]></system-out>
</testcase>
<testcase name="testisAfter(ClassifiedAd, ClassifiedAd)[62]" classname="minebayd1.test.TestClassifiedAd" time="0">
<system-out><![CDATA[
unique-id: [engine:junit-jupiter]/[class:minebayd1.test.TestClassifiedAd]/[test-template:testisAfter(minebayd1.ClassifiedAd, minebayd1.ClassifiedAd)]/[test-template-invocation:#62]
display-name: [62] L'annonce correspond à Annonce n°1118 from Chanez crée le 2024-11-04T21:03:50.169158426Z et correpoond à GAMES et est à 65euros, L'annonce correspond à Annonce n°418 from Rosa crée le 2024-11-04T21:03:50.179298863Z et correpoond à GAMES et est à 46euros
]]></system-out>
</testcase>
<testcase name="testisAfter(ClassifiedAd, ClassifiedAd)[63]" classname="minebayd1.test.TestClassifiedAd" time="0">
<system-out><![CDATA[
unique-id: [engine:junit-jupiter]/[class:minebayd1.test.TestClassifiedAd]/[test-template:testisAfter(minebayd1.ClassifiedAd, minebayd1.ClassifiedAd)]/[test-template-invocation:#63]
display-name: [63] L'annonce correspond à Annonce n°711 from Mamadou crée le 2024-11-04T21:03:50.177498988Z et correpoond à COMPUTERS et est à 26euros, L'annonce correspond à Annonce n°947 from Ismael crée le 2024-11-04T21:03:50.172922109Z et correpoond à GAMES et est à 37euros
]]></system-out>
</testcase>
<testcase name="testisAfter(ClassifiedAd, ClassifiedAd)[64]" classname="minebayd1.test.TestClassifiedAd" time="0">
<system-out><![CDATA[
unique-id: [engine:junit-jupiter]/[class:minebayd1.test.TestClassifiedAd]/[test-template:testisAfter(minebayd1.ClassifiedAd, minebayd1.ClassifiedAd)]/[test-template-invocation:#64]
display-name: [64] L'annonce correspond à Annonce n°221 from Idir crée le 2024-11-04T21:03:50.180333788Z et correpoond à BOOKS et est à 9euros, L'annonce correspond à Annonce n°1158 from Ziad crée le 2024-11-04T21:03:50.168241585Z et correpoond à CLOTHES et est à 43euros
]]></system-out>
</testcase>
<testcase name="testisAfter(ClassifiedAd, ClassifiedAd)[65]" classname="minebayd1.test.TestClassifiedAd" time="0">
<system-out><![CDATA[
unique-id: [engine:junit-jupiter]/[class:minebayd1.test.TestClassifiedAd]/[test-template:testisAfter(minebayd1.ClassifiedAd, minebayd1.ClassifiedAd)]/[test-template-invocation:#65]
display-name: [65] L'annonce correspond à Annonce n°1210 from Zahra crée le 2024-11-04T21:03:50.167377567Z et correpoond à GAMES et est à 8euros, L'annonce correspond à Annonce n°1388 from Ziad crée le 2024-11-04T21:03:50.164173169Z et correpoond à GAMES et est à 58euros
]]></system-out>
</testcase>
<testcase name="testisAfter(ClassifiedAd, ClassifiedAd)[66]" classname="minebayd1.test.TestClassifiedAd" time="0">
<system-out><![CDATA[
unique-id: [engine:junit-jupiter]/[class:minebayd1.test.TestClassifiedAd]/[test-template:testisAfter(minebayd1.ClassifiedAd, minebayd1.ClassifiedAd)]/[test-template-invocation:#66]
display-name: [66] L'annonce correspond à Annonce n°113 from Aliou crée le 2024-11-04T21:03:50.181199163Z et correpoond à COMPUTERS et est à 82euros, L'annonce correspond à Annonce n°1467 from Ali crée le 2024-11-04T21:03:50.162257379Z et correpoond à CLOTHES et est à 81euros
]]></system-out>
</testcase>
<testcase name="testisAfter(ClassifiedAd, ClassifiedAd)[67]" classname="minebayd1.test.TestClassifiedAd" time="0">
<system-out><![CDATA[
unique-id: [engine:junit-jupiter]/[class:minebayd1.test.TestClassifiedAd]/[test-template:testisAfter(minebayd1.ClassifiedAd, minebayd1.ClassifiedAd)]/[test-template-invocation:#67]
display-name: [67] L'annonce correspond à Annonce n°146 from Sheraz crée le 2024-11-04T21:03:50.180932469Z et correpoond à SHOES et est à 6euros, L'annonce correspond à Annonce n°1301 from Imam crée le 2024-11-04T21:03:50.165813168Z et correpoond à CLOTHES et est à 37euros
]]></system-out>
</testcase>
<testcase name="testisAfter(ClassifiedAd, ClassifiedAd)[68]" classname="minebayd1.test.TestClassifiedAd" time="0">
<system-out><![CDATA[
unique-id: [engine:junit-jupiter]/[class:minebayd1.test.TestClassifiedAd]/[test-template:testisAfter(minebayd1.ClassifiedAd, minebayd1.ClassifiedAd)]/[test-template-invocation:#68]
display-name: [68] L'annonce correspond à Annonce n°751 from Mounir crée le 2024-11-04T21:03:50.176048760Z et correpoond à SHOES et est à 7euros, L'annonce correspond à Annonce n°1438 from Ali crée le 2024-11-04T21:03:50.162877413Z et correpoond à COMPUTERS et est à 38euros
]]></system-out>
</testcase>
<testcase name="testisAfter(ClassifiedAd, ClassifiedAd)[69]" classname="minebayd1.test.TestClassifiedAd" time="0">
<system-out><![CDATA[
unique-id: [engine:junit-jupiter]/[class:minebayd1.test.TestClassifiedAd]/[test-template:testisAfter(minebayd1.ClassifiedAd, minebayd1.ClassifiedAd)]/[test-template-invocation:#69]
display-name: [69] L'annonce correspond à Annonce n°1225 from Rosa crée le 2024-11-04T21:03:50.167178024Z et correpoond à CLOTHES et est à 64euros, L'annonce correspond à Annonce n°74 from Mounir crée le 2024-11-04T21:03:50.181406968Z et correpoond à SHOES et est à 27euros
]]></system-out>
</testcase>
<testcase name="testisAfter(ClassifiedAd, ClassifiedAd)[70]" classname="minebayd1.test.TestClassifiedAd" time="0">
<system-out><![CDATA[
unique-id: [engine:junit-jupiter]/[class:minebayd1.test.TestClassifiedAd]/[test-template:testisAfter(minebayd1.ClassifiedAd, minebayd1.ClassifiedAd)]/[test-template-invocation:#70]
display-name: [70] L'annonce correspond à Annonce n°708 from Chanez crée le 2024-11-04T21:03:50.177530050Z et correpoond à CLOTHES et est à 59euros, L'annonce correspond à Annonce n°1044 from Yanis crée le 2024-11-04T21:03:50.170602209Z et correpoond à CLOTHES et est à 12euros
]]></system-out>
</testcase>
<testcase name="testisAfter(ClassifiedAd, ClassifiedAd)[71]" classname="minebayd1.test.TestClassifiedAd" time="0">
<system-out><![CDATA[
unique-id: [engine:junit-jupiter]/[class:minebayd1.test.TestClassifiedAd]/[test-template:testisAfter(minebayd1.ClassifiedAd, minebayd1.ClassifiedAd)]/[test-template-invocation:#71]
display-name: [71] L'annonce correspond à Annonce n°1275 from Imam crée le 2024-11-04T21:03:50.166304959Z et correpoond à BOOKS et est à 69euros, L'annonce correspond à Annonce n°258 from Ayman crée le 2024-11-04T21:03:50.180137477Z et correpoond à GAMES et est à 12euros
]]></system-out>
</testcase>
<testcase name="testisAfter(ClassifiedAd, ClassifiedAd)[72]" classname="minebayd1.test.TestClassifiedAd" time="0">
<system-out><![CDATA[
unique-id: [engine:junit-jupiter]/[class:minebayd1.test.TestClassifiedAd]/[test-template:testisAfter(minebayd1.ClassifiedAd, minebayd1.ClassifiedAd)]/[test-template-invocation:#72]
display-name: [72] L'annonce correspond à Annonce n°1364 from Mounir crée le 2024-11-04T21:03:50.164662034Z et correpoond à SHOES et est à 50euros, L'annonce correspond à Annonce n°1399 from Sonia crée le 2024-11-04T21:03:50.164055474Z et correpoond à COMPUTERS et est à 68euros
]]></system-out>
</testcase>
<testcase name="testisAfter(ClassifiedAd, ClassifiedAd)[73]" classname="minebayd1.test.TestClassifiedAd" time="0">
<system-out><![CDATA[
unique-id: [engine:junit-jupiter]/[class:minebayd1.test.TestClassifiedAd]/[test-template:testisAfter(minebayd1.ClassifiedAd, minebayd1.ClassifiedAd)]/[test-template-invocation:#73]
display-name: [73] L'annonce correspond à Annonce n°462 from Lamia crée le 2024-11-04T21:03:50.179054Z et correpoond à CLOTHES et est à 75euros, L'annonce correspond à Annonce n°395 from Marcel crée le 2024-11-04T21:03:50.179417978Z et correpoond à GAMES et est à 79euros
]]></system-out>
</testcase>
<testcase name="testisAfter(ClassifiedAd, ClassifiedAd)[74]" classname="minebayd1.test.TestClassifiedAd" time="0">
<system-out><![CDATA[
unique-id: [engine:junit-jupiter]/[class:minebayd1.test.TestClassifiedAd]/[test-template:testisAfter(minebayd1.ClassifiedAd, minebayd1.ClassifiedAd)]/[test-template-invocation:#74]
display-name: [74] L'annonce correspond à Annonce n°1179 from Marcel crée le 2024-11-04T21:03:50.167860350Z et correpoond à SHOES et est à 13euros, L'annonce correspond à Annonce n°1298 from Naila crée le 2024-11-04T21:03:50.165843340Z et correpoond à BOOKS et est à 2euros
]]></system-out>
</testcase>
<testcase name="testisAfter(ClassifiedAd, ClassifiedAd)[75]" classname="minebayd1.test.TestClassifiedAd" time="0">
<system-out><![CDATA[
unique-id: [engine:junit-jupiter]/[class:minebayd1.test.TestClassifiedAd]/[test-template:testisAfter(minebayd1.ClassifiedAd, minebayd1.ClassifiedAd)]/[test-template-invocation:#75]
display-name: [75] L'annonce correspond à Annonce n°1397 from Ziad crée le 2024-11-04T21:03:50.164077223Z et correpoond à GAMES et est à 55euros, L'annonce correspond à Annonce n°566 from Ziad crée le 2024-11-04T21:03:50.178619026Z et correpoond à COMPUTERS et est à 41euros
]]></system-out>
</testcase>
<testcase name="testisAfter(ClassifiedAd, ClassifiedAd)[76]" classname="minebayd1.test.TestClassifiedAd" time="0">
<system-out><![CDATA[
unique-id: [engine:junit-jupiter]/[class:minebayd1.test.TestClassifiedAd]/[test-template:testisAfter(minebayd1.ClassifiedAd, minebayd1.ClassifiedAd)]/[test-template-invocation:#76]
display-name: [76] L'annonce correspond à Annonce n°531 from Naila crée le 2024-11-04T21:03:50.178765542Z et correpoond à BOOKS et est à 8euros, L'annonce correspond à Annonce n°591 from Aliou crée le 2024-11-04T21:03:50.178502934Z et correpoond à SHOES et est à 33euros
]]></system-out>
</testcase>
<testcase name="testisAfter(ClassifiedAd, ClassifiedAd)[77]" classname="minebayd1.test.TestClassifiedAd" time="0">
<system-out><![CDATA[
unique-id: [engine:junit-jupiter]/[class:minebayd1.test.TestClassifiedAd]/[test-template:testisAfter(minebayd1.ClassifiedAd, minebayd1.ClassifiedAd)]/[test-template-invocation:#77]
display-name: [77] L'annonce correspond à Annonce n°229 from Lamia crée le 2024-11-04T21:03:50.180288291Z et correpoond à BOOKS et est à 77euros, L'annonce correspond à Annonce n°613 from Boris crée le 2024-11-04T21:03:50.178297578Z et correpoond à BOOKS et est à 25euros
]]></system-out>
</testcase>
<testcase name="testisAfter(ClassifiedAd, ClassifiedAd)[78]" classname="minebayd1.test.TestClassifiedAd" time="0">
<system-out><![CDATA[
unique-id: [engine:junit-jupiter]/[class:minebayd1.test.TestClassifiedAd]/[test-template:testisAfter(minebayd1.ClassifiedAd, minebayd1.ClassifiedAd)]/[test-template-invocation:#78]
display-name: [78] L'annonce correspond à Annonce n°1141 from Marcel crée le 2024-11-04T21:03:50.168724667Z et correpoond à BOOKS et est à 70euros, L'annonce correspond à Annonce n°1404 from Aliou crée le 2024-11-04T21:03:50.163999740Z et correpoond à BOOKS et est à 71euros
]]></system-out>
</testcase>
<testcase name="testisAfter(ClassifiedAd, ClassifiedAd)[79]" classname="minebayd1.test.TestClassifiedAd" time="0">
<system-out><![CDATA[
unique-id: [engine:junit-jupiter]/[class:minebayd1.test.TestClassifiedAd]/[test-template:testisAfter(minebayd1.ClassifiedAd, minebayd1.ClassifiedAd)]/[test-template-invocation:#79]
display-name: [79] L'annonce correspond à Annonce n°513 from Lyes crée le 2024-11-04T21:03:50.178837605Z et correpoond à CLOTHES et est à 17euros, L'annonce correspond à Annonce n°436 from Zahra crée le 2024-11-04T21:03:50.179205642Z et correpoond à BOOKS et est à 37euros
]]></system-out>
</testcase>
<testcase name="testisAfter(ClassifiedAd, ClassifiedAd)[80]" classname="minebayd1.test.TestClassifiedAd" time="0">
<system-out><![CDATA[
unique-id: [engine:junit-jupiter]/[class:minebayd1.test.TestClassifiedAd]/[test-template:testisAfter(minebayd1.ClassifiedAd, minebayd1.ClassifiedAd)]/[test-template-invocation:#80]
display-name: [80] L'annonce correspond à Annonce n°884 from Lamia crée le 2024-11-04T21:03:50.173870241Z et correpoond à SHOES et est à 17euros, L'annonce correspond à Annonce n°810 from Lyes crée le 2024-11-04T21:03:50.175227155Z et correpoond à COMPUTERS et est à 63euros
]]></system-out>
</testcase>
<testcase name="testisAfter(ClassifiedAd, ClassifiedAd)[81]" classname="minebayd1.test.TestClassifiedAd" time="0">
<system-out><![CDATA[
unique-id: [engine:junit-jupiter]/[class:minebayd1.test.TestClassifiedAd]/[test-template:testisAfter(minebayd1.ClassifiedAd, minebayd1.ClassifiedAd)]/[test-template-invocation:#81]
display-name: [81] L'annonce correspond à Annonce n°348 from Ziad crée le 2024-11-04T21:03:50.179667795Z et correpoond à SHOES et est à 75euros, L'annonce correspond à Annonce n°1461 from Mamadou crée le 2024-11-04T21:03:50.162360350Z et correpoond à COMPUTERS et est à 62euros
]]></system-out>
</testcase>
<testcase name="testisAfter(ClassifiedAd, ClassifiedAd)[82]" classname="minebayd1.test.TestClassifiedAd" time="0">
<system-out><![CDATA[
unique-id: [engine:junit-jupiter]/[class:minebayd1.test.TestClassifiedAd]/[test-template:testisAfter(minebayd1.ClassifiedAd, minebayd1.ClassifiedAd)]/[test-template-invocation:#82]
display-name: [82] L'annonce correspond à Annonce n°317 from Sonia crée le 2024-11-04T21:03:50.179832304Z et correpoond à BOOKS et est à 71euros, L'annonce correspond à Annonce n°8 from Marc crée le 2024-11-04T21:03:50.181724676Z et correpoond à BOOKS et est à 89euros
]]></system-out>
</testcase>
<testcase name="testisAfter(ClassifiedAd, ClassifiedAd)[83]" classname="minebayd1.test.TestClassifiedAd" time="0">
<system-out><![CDATA[
unique-id: [engine:junit-jupiter]/[class:minebayd1.test.TestClassifiedAd]/[test-template:testisAfter(minebayd1.ClassifiedAd, minebayd1.ClassifiedAd)]/[test-template-invocation:#83]
display-name: [83] L'annonce correspond à Annonce n°1172 from Zahra crée le 2024-11-04T21:03:50.167954900Z et correpoond à COMPUTERS et est à 23euros, L'annonce correspond à Annonce n°761 from Pierre crée le 2024-11-04T21:03:50.175937803Z et correpoond à GAMES et est à 17euros
]]></system-out>
</testcase>
<testcase name="testisAfter(ClassifiedAd, ClassifiedAd)[84]" classname="minebayd1.test.TestClassifiedAd" time="0">
<system-out><![CDATA[
unique-id: [engine:junit-jupiter]/[class:minebayd1.test.TestClassifiedAd]/[test-template:testisAfter(minebayd1.ClassifiedAd, minebayd1.ClassifiedAd)]/[test-template-invocation:#84]
display-name: [84] L'annonce correspond à Annonce n°1322 from Boris crée le 2024-11-04T21:03:50.165600690Z et correpoond à SHOES et est à 5euros, L'annonce correspond à Annonce n°1122 from Adam crée le 2024-11-04T21:03:50.169102247Z et correpoond à COMPUTERS et est à 4euros
]]></system-out>
</testcase>
<testcase name="testisAfter(ClassifiedAd, ClassifiedAd)[85]" classname="minebayd1.test.TestClassifiedAd" time="0">
<system-out><![CDATA[
unique-id: [engine:junit-jupiter]/[class:minebayd1.test.TestClassifiedAd]/[test-template:testisAfter(minebayd1.ClassifiedAd, minebayd1.ClassifiedAd)]/[test-template-invocation:#85]
display-name: [85] L'annonce correspond à Annonce n°672 from Lyes crée le 2024-11-04T21:03:50.177847183Z et correpoond à SHOES et est à 58euros, L'annonce correspond à Annonce n°970 from Lisa crée le 2024-11-04T21:03:50.172648944Z et correpoond à COMPUTERS et est à 68euros
]]></system-out>
</testcase>
<testcase name="testisAfter(ClassifiedAd, ClassifiedAd)[86]" classname="minebayd1.test.TestClassifiedAd" time="0">
<system-out><![CDATA[
unique-id: [engine:junit-jupiter]/[class:minebayd1.test.TestClassifiedAd]/[test-template:testisAfter(minebayd1.ClassifiedAd, minebayd1.ClassifiedAd)]/[test-template-invocation:#86]
display-name: [86] L'annonce correspond à Annonce n°405 from Pierre crée le 2024-11-04T21:03:50.179366923Z et correpoond à GAMES et est à 94euros, L'annonce correspond à Annonce n°469 from Chanez crée le 2024-11-04T21:03:50.179013511Z et correpoond à SHOES et est à 71euros
]]></system-out>
</testcase>
<testcase name="testisAfter(ClassifiedAd, ClassifiedAd)[87]" classname="minebayd1.test.TestClassifiedAd" time="0">
<system-out><![CDATA[
unique-id: [engine:junit-jupiter]/[class:minebayd1.test.TestClassifiedAd]/[test-template:testisAfter(minebayd1.ClassifiedAd, minebayd1.ClassifiedAd)]/[test-template-invocation:#87]
display-name: [87] L'annonce correspond à Annonce n°1441 from Imam crée le 2024-11-04T21:03:50.162839137Z et correpoond à GAMES et est à 28euros, L'annonce correspond à Annonce n°1223 from Pierre crée le 2024-11-04T21:03:50.167202294Z et correpoond à GAMES et est à 74euros
]]></system-out>
</testcase>
<testcase name="testisAfter(ClassifiedAd, ClassifiedAd)[88]" classname="minebayd1.test.TestClassifiedAd" time="0">
<system-out><![CDATA[
unique-id: [engine:junit-jupiter]/[class:minebayd1.test.TestClassifiedAd]/[test-template:testisAfter(minebayd1.ClassifiedAd, minebayd1.ClassifiedAd)]/[test-template-invocation:#88]
display-name: [88] L'annonce correspond à Annonce n°631 from Mohamed crée le 2024-11-04T21:03:50.178179142Z et correpoond à BOOKS et est à 26euros, L'annonce correspond à Annonce n°189 from Ayman crée le 2024-11-04T21:03:50.180574193Z et correpoond à COMPUTERS et est à 18euros
]]></system-out>
</testcase>
<testcase name="testisAfter(ClassifiedAd, ClassifiedAd)[89]" classname="minebayd1.test.TestClassifiedAd" time="0">
<system-out><![CDATA[
unique-id: [engine:junit-jupiter]/[class:minebayd1.test.TestClassifiedAd]/[test-template:testisAfter(minebayd1.ClassifiedAd, minebayd1.ClassifiedAd)]/[test-template-invocation:#89]
display-name: [89] L'annonce correspond à Annonce n°911 from Adam crée le 2024-11-04T21:03:50.173554374Z et correpoond à BOOKS et est à 65euros, L'annonce correspond à Annonce n°1442 from Aliou crée le 2024-11-04T21:03:50.162826675Z et correpoond à GAMES et est à 7euros
]]></system-out>
</testcase>
<testcase name="testisAfter(ClassifiedAd, ClassifiedAd)[90]" classname="minebayd1.test.TestClassifiedAd" time="0">
<system-out><![CDATA[
unique-id: [engine:junit-jupiter]/[class:minebayd1.test.TestClassifiedAd]/[test-template:testisAfter(minebayd1.ClassifiedAd, minebayd1.ClassifiedAd)]/[test-template-invocation:#90]
display-name: [90] L'annonce correspond à Annonce n°9 from Aliou crée le 2024-11-04T21:03:50.181720593Z et correpoond à COMPUTERS et est à 14euros, L'annonce correspond à Annonce n°159 from Aliou crée le 2024-11-04T21:03:50.180831161Z et correpoond à CLOTHES et est à 37euros
]]></system-out>
</testcase>
<testcase name="testisAfter(ClassifiedAd, ClassifiedAd)[91]" classname="minebayd1.test.TestClassifiedAd" time="0">
<system-out><![CDATA[
unique-id: [engine:junit-jupiter]/[class:minebayd1.test.TestClassifiedAd]/[test-template:testisAfter(minebayd1.ClassifiedAd, minebayd1.ClassifiedAd)]/[test-template-invocation:#91]
display-name: [91] L'annonce correspond à Annonce n°1457 from Faycal crée le 2024-11-04T21:03:50.162592598Z et correpoond à GAMES et est à 71euros, L'annonce correspond à Annonce n°264 from Ismael crée le 2024-11-04T21:03:50.180106514Z et correpoond à CLOTHES et est à 85euros
]]></system-out>
</testcase>
<testcase name="testisAfter(ClassifiedAd, ClassifiedAd)[92]" classname="minebayd1.test.TestClassifiedAd" time="0">
<system-out><![CDATA[
unique-id: [engine:junit-jupiter]/[class:minebayd1.test.TestClassifiedAd]/[test-template:testisAfter(minebayd1.ClassifiedAd, minebayd1.ClassifiedAd)]/[test-template-invocation:#92]
display-name: [92] L'annonce correspond à Annonce n°493 from Marcel crée le 2024-11-04T21:03:50.178915052Z et correpoond à COMPUTERS et est à 9euros, L'annonce correspond à Annonce n°138 from Rosa crée le 2024-11-04T21:03:50.181005723Z et correpoond à SHOES et est à 60euros
]]></system-out>
</testcase>
<testcase name="testisAfter(ClassifiedAd, ClassifiedAd)[93]" classname="minebayd1.test.TestClassifiedAd" time="0">
<system-out><![CDATA[
unique-id: [engine:junit-jupiter]/[class:minebayd1.test.TestClassifiedAd]/[test-template:testisAfter(minebayd1.ClassifiedAd, minebayd1.ClassifiedAd)]/[test-template-invocation:#93]
display-name: [93] L'annonce correspond à Annonce n°978 from Ali crée le 2024-11-04T21:03:50.172554408Z et correpoond à COMPUTERS et est à 53euros, L'annonce correspond à Annonce n°1424 from Zahra crée le 2024-11-04T21:03:50.163439992Z et correpoond à COMPUTERS et est à 1euros
]]></system-out>
</testcase>
<testcase name="testisAfter(ClassifiedAd, ClassifiedAd)[94]" classname="minebayd1.test.TestClassifiedAd" time="0">
<system-out><![CDATA[
unique-id: [engine:junit-jupiter]/[class:minebayd1.test.TestClassifiedAd]/[test-template:testisAfter(minebayd1.ClassifiedAd, minebayd1.ClassifiedAd)]/[test-template-invocation:#94]
display-name: [94] L'annonce correspond à Annonce n°347 from Faycal crée le 2024-11-04T21:03:50.179672983Z et correpoond à COMPUTERS et est à 91euros, L'annonce correspond à Annonce n°455 from Rosa crée le 2024-11-04T21:03:50.179094693Z et correpoond à COMPUTERS et est à 29euros
]]></system-out>
</testcase>
<testcase name="testisAfter(ClassifiedAd, ClassifiedAd)[95]" classname="minebayd1.test.TestClassifiedAd" time="0">
<system-out><![CDATA[
unique-id: [engine:junit-jupiter]/[class:minebayd1.test.TestClassifiedAd]/[test-template:testisAfter(minebayd1.ClassifiedAd, minebayd1.ClassifiedAd)]/[test-template-invocation:#95]
display-name: [95] L'annonce correspond à Annonce n°77 from Lamia crée le 2024-11-04T21:03:50.181386246Z et correpoond à GAMES et est à 2euros, L'annonce correspond à Annonce n°485 from Ali crée le 2024-11-04T21:03:50.178945631Z et correpoond à COMPUTERS et est à 99euros
]]></system-out>
</testcase>
<testcase name="testisAfter(ClassifiedAd, ClassifiedAd)[96]" classname="minebayd1.test.TestClassifiedAd" time="0">
<system-out><![CDATA[
unique-id: [engine:junit-jupiter]/[class:minebayd1.test.TestClassifiedAd]/[test-template:testisAfter(minebayd1.ClassifiedAd, minebayd1.ClassifiedAd)]/[test-template-invocation:#96]
display-name: [96] L'annonce correspond à Annonce n°1341 from Idir crée le 2024-11-04T21:03:50.165336621Z et correpoond à GAMES et est à 74euros, L'annonce correspond à Annonce n°160 from Sheraz crée le 2024-11-04T21:03:50.180823144Z et correpoond à SHOES et est à 73euros
]]></system-out>
</testcase>
<testcase name="testisAfter(ClassifiedAd, ClassifiedAd)[97]" classname="minebayd1.test.TestClassifiedAd" time="0">
<system-out><![CDATA[
unique-id: [engine:junit-jupiter]/[class:minebayd1.test.TestClassifiedAd]/[test-template:testisAfter(minebayd1.ClassifiedAd, minebayd1.ClassifiedAd)]/[test-template-invocation:#97]
display-name: [97] L'annonce correspond à Annonce n°707 from Ismael crée le 2024-11-04T21:03:50.177539669Z et correpoond à COMPUTERS et est à 52euros, L'annonce correspond à Annonce n°588 from Boris crée le 2024-11-04T21:03:50.178520583Z et correpoond à SHOES et est à 51euros
]]></system-out>
</testcase>
<testcase name="testisAfter(ClassifiedAd, ClassifiedAd)[98]" classname="minebayd1.test.TestClassifiedAd" time="0">
<system-out><![CDATA[
unique-id: [engine:junit-jupiter]/[class:minebayd1.test.TestClassifiedAd]/[test-template:testisAfter(minebayd1.ClassifiedAd, minebayd1.ClassifiedAd)]/[test-template-invocation:#98]
display-name: [98] L'annonce correspond à Annonce n°1203 from Yanis crée le 2024-11-04T21:03:50.167474293Z et correpoond à COMPUTERS et est à 70euros, L'annonce correspond à Annonce n°345 from Sonia crée le 2024-11-04T21:03:50.179683125Z et correpoond à SHOES et est à 10euros
]]></system-out>
</testcase>
<testcase name="testisAfter(ClassifiedAd, ClassifiedAd)[99]" classname="minebayd1.test.TestClassifiedAd" time="0">
<system-out><![CDATA[
unique-id: [engine:junit-jupiter]/[class:minebayd1.test.TestClassifiedAd]/[test-template:testisAfter(minebayd1.ClassifiedAd, minebayd1.ClassifiedAd)]/[test-template-invocation:#99]
display-name: [99] L'annonce correspond à Annonce n°277 from Sheraz crée le 2024-11-04T21:03:50.180039492Z et correpoond à SHOES et est à 7euros, L'annonce correspond à Annonce n°676 from Imam crée le 2024-11-04T21:03:50.177822795Z et correpoond à GAMES et est à 1euros
]]></system-out>
</testcase>
<testcase name="testisAfter(ClassifiedAd, ClassifiedAd)[100]" classname="minebayd1.test.TestClassifiedAd" time="0">
<system-out><![CDATA[
unique-id: [engine:junit-jupiter]/[class:minebayd1.test.TestClassifiedAd]/[test-template:testisAfter(minebayd1.ClassifiedAd, minebayd1.ClassifiedAd)]/[test-template-invocation:#100]
display-name: [100] L'annonce correspond à Annonce n°906 from Mohamed crée le 2024-11-04T21:03:50.173612291Z et correpoond à GAMES et est à 38euros, L'annonce correspond à Annonce n°43 from Nima crée le 2024-11-04T21:03:50.181549465Z et correpoond à CLOTHES et est à 63euros
]]></system-out>
</testcase>
<testcase name="testhashCode(ClassifiedAd)[1]" classname="minebayd1.test.TestClassifiedAd" time="0">
<system-out><![CDATA[
unique-id: [engine:junit-jupiter]/[class:minebayd1.test.TestClassifiedAd]/[test-template:testhashCode(minebayd1.ClassifiedAd)]/[test-template-invocation:#1]
display-name: [1] L'annonce correspond à Annonce n°727 from Adam crée le 2024-11-04T21:03:50.177243696Z et correpoond à SHOES et est à 92euros
]]></system-out>
</testcase>
<testcase name="testhashCode(ClassifiedAd)[2]" classname="minebayd1.test.TestClassifiedAd" time="0">
<system-out><![CDATA[
unique-id: [engine:junit-jupiter]/[class:minebayd1.test.TestClassifiedAd]/[test-template:testhashCode(minebayd1.ClassifiedAd)]/[test-template-invocation:#2]
display-name: [2] L'annonce correspond à Annonce n°1303 from Adam crée le 2024-11-04T21:03:50.165792799Z et correpoond à SHOES et est à 41euros
]]></system-out>
</testcase>
<testcase name="testhashCode(ClassifiedAd)[3]" classname="minebayd1.test.TestClassifiedAd" time="0">
<system-out><![CDATA[
unique-id: [engine:junit-jupiter]/[class:minebayd1.test.TestClassifiedAd]/[test-template:testhashCode(minebayd1.ClassifiedAd)]/[test-template-invocation:#3]
display-name: [3] L'annonce correspond à Annonce n°87 from Nima crée le 2024-11-04T21:03:50.181324599Z et correpoond à GAMES et est à 23euros
]]></system-out>
</testcase>
<testcase name="testhashCode(ClassifiedAd)[4]" classname="minebayd1.test.TestClassifiedAd" time="0">
<system-out><![CDATA[
unique-id: [engine:junit-jupiter]/[class:minebayd1.test.TestClassifiedAd]/[test-template:testhashCode(minebayd1.ClassifiedAd)]/[test-template-invocation:#4]
display-name: [4] L'annonce correspond à Annonce n°608 from Lamia crée le 2024-11-04T21:03:50.178326515Z et correpoond à SHOES et est à 16euros
]]></system-out>
</testcase>
<testcase name="testhashCode(ClassifiedAd)[5]" classname="minebayd1.test.TestClassifiedAd" time="0">
<system-out><![CDATA[
unique-id: [engine:junit-jupiter]/[class:minebayd1.test.TestClassifiedAd]/[test-template:testhashCode(minebayd1.ClassifiedAd)]/[test-template-invocation:#5]
display-name: [5] L'annonce correspond à Annonce n°714 from Ismael crée le 2024-11-04T21:03:50.177471745Z et correpoond à CLOTHES et est à 80euros
]]></system-out>
</testcase>
<testcase name="testhashCode(ClassifiedAd)[6]" classname="minebayd1.test.TestClassifiedAd" time="0">
<system-out><![CDATA[
unique-id: [engine:junit-jupiter]/[class:minebayd1.test.TestClassifiedAd]/[test-template:testhashCode(minebayd1.ClassifiedAd)]/[test-template-invocation:#6]
display-name: [6] L'annonce correspond à Annonce n°943 from Issa crée le 2024-11-04T21:03:50.172973638Z et correpoond à CLOTHES et est à 7euros
]]></system-out>
</testcase>
<testcase name="testhashCode(ClassifiedAd)[7]" classname="minebayd1.test.TestClassifiedAd" time="0">
<system-out><![CDATA[
unique-id: [engine:junit-jupiter]/[class:minebayd1.test.TestClassifiedAd]/[test-template:testhashCode(minebayd1.ClassifiedAd)]/[test-template-invocation:#7]
display-name: [7] L'annonce correspond à Annonce n°810 from Lyes crée le 2024-11-04T21:03:50.175227155Z et correpoond à COMPUTERS et est à 63euros
]]></system-out>
</testcase>
<testcase name="testhashCode(ClassifiedAd)[8]" classname="minebayd1.test.TestClassifiedAd" time="0">
<system-out><![CDATA[
unique-id: [engine:junit-jupiter]/[class:minebayd1.test.TestClassifiedAd]/[test-template:testhashCode(minebayd1.ClassifiedAd)]/[test-template-invocation:#8]
display-name: [8] L'annonce correspond à Annonce n°570 from Rosa crée le 2024-11-04T21:03:50.178603204Z et correpoond à BOOKS et est à 76euros
]]></system-out>
</testcase>
<testcase name="testhashCode(ClassifiedAd)[9]" classname="minebayd1.test.TestClassifiedAd" time="0">
<system-out><![CDATA[
unique-id: [engine:junit-jupiter]/[class:minebayd1.test.TestClassifiedAd]/[test-template:testhashCode(minebayd1.ClassifiedAd)]/[test-template-invocation:#9]
display-name: [9] L'annonce correspond à Annonce n°99 from Zahra crée le 2024-11-04T21:03:50.181266201Z et correpoond à GAMES et est à 91euros
]]></system-out>
</testcase>
<testcase name="testhashCode(ClassifiedAd)[10]" classname="minebayd1.test.TestClassifiedAd" time="0">
<system-out><![CDATA[
unique-id: [engine:junit-jupiter]/[class:minebayd1.test.TestClassifiedAd]/[test-template:testhashCode(minebayd1.ClassifiedAd)]/[test-template-invocation:#10]
display-name: [10] L'annonce correspond à Annonce n°408 from Ayman crée le 2024-11-04T21:03:50.179351035Z et correpoond à CLOTHES et est à 18euros
]]></system-out>
</testcase>
<testcase name="testhashCode(ClassifiedAd)[11]" classname="minebayd1.test.TestClassifiedAd" time="0">
<system-out><![CDATA[
unique-id: [engine:junit-jupiter]/[class:minebayd1.test.TestClassifiedAd]/[test-template:testhashCode(minebayd1.ClassifiedAd)]/[test-template-invocation:#11]
display-name: [11] L'annonce correspond à Annonce n°955 from Sheraz crée le 2024-11-04T21:03:50.172829008Z et correpoond à GAMES et est à 32euros
]]></system-out>
</testcase>
<testcase name="testhashCode(ClassifiedAd)[12]" classname="minebayd1.test.TestClassifiedAd" time="0">
<system-out><![CDATA[
unique-id: [engine:junit-jupiter]/[class:minebayd1.test.TestClassifiedAd]/[test-template:testhashCode(minebayd1.ClassifiedAd)]/[test-template-invocation:#12]
display-name: [12] L'annonce correspond à Annonce n°1074 from Boris crée le 2024-11-04T21:03:50.170231683Z et correpoond à COMPUTERS et est à 31euros
]]></system-out>
</testcase>
<testcase name="testhashCode(ClassifiedAd)[13]" classname="minebayd1.test.TestClassifiedAd" time="0">
<system-out><![CDATA[
unique-id: [engine:junit-jupiter]/[class:minebayd1.test.TestClassifiedAd]/[test-template:testhashCode(minebayd1.ClassifiedAd)]/[test-template-invocation:#13]
display-name: [13] L'annonce correspond à Annonce n°732 from Mamadou crée le 2024-11-04T21:03:50.177168816Z et correpoond à BOOKS et est à 57euros
]]></system-out>
</testcase>
<testcase name="testhashCode(ClassifiedAd)[14]" classname="minebayd1.test.TestClassifiedAd" time="0">
<system-out><![CDATA[
unique-id: [engine:junit-jupiter]/[class:minebayd1.test.TestClassifiedAd]/[test-template:testhashCode(minebayd1.ClassifiedAd)]/[test-template-invocation:#14]
display-name: [14] L'annonce correspond à Annonce n°847 from Issa crée le 2024-11-04T21:03:50.174537137Z et correpoond à SHOES et est à 26euros
]]></system-out>
</testcase>
<testcase name="testhashCode(ClassifiedAd)[15]" classname="minebayd1.test.TestClassifiedAd" time="0">
<system-out><![CDATA[
unique-id: [engine:junit-jupiter]/[class:minebayd1.test.TestClassifiedAd]/[test-template:testhashCode(minebayd1.ClassifiedAd)]/[test-template-invocation:#15]
display-name: [15] L'annonce correspond à Annonce n°1466 from Lyes crée le 2024-11-04T21:03:50.162271095Z et correpoond à CLOTHES et est à 64euros
]]></system-out>
</testcase>
<testcase name="testhashCode(ClassifiedAd)[16]" classname="minebayd1.test.TestClassifiedAd" time="0">
<system-out><![CDATA[
unique-id: [engine:junit-jupiter]/[class:minebayd1.test.TestClassifiedAd]/[test-template:testhashCode(minebayd1.ClassifiedAd)]/[test-template-invocation:#16]
display-name: [16] L'annonce correspond à Annonce n°1080 from Mohamed crée le 2024-11-04T21:03:50.170057542Z et correpoond à COMPUTERS et est à 94euros
]]></system-out>
</testcase>
<testcase name="testhashCode(ClassifiedAd)[17]" classname="minebayd1.test.TestClassifiedAd" time="0">
<system-out><![CDATA[
unique-id: [engine:junit-jupiter]/[class:minebayd1.test.TestClassifiedAd]/[test-template:testhashCode(minebayd1.ClassifiedAd)]/[test-template-invocation:#17]
display-name: [17] L'annonce correspond à Annonce n°1045 from Mamadou crée le 2024-11-04T21:03:50.170590874Z et correpoond à CLOTHES et est à 63euros
]]></system-out>
</testcase>
<testcase name="testhashCode(ClassifiedAd)[18]" classname="minebayd1.test.TestClassifiedAd" time="0">
<system-out><![CDATA[
unique-id: [engine:junit-jupiter]/[class:minebayd1.test.TestClassifiedAd]/[test-template:testhashCode(minebayd1.ClassifiedAd)]/[test-template-invocation:#18]
display-name: [18] L'annonce correspond à Annonce n°398 from Boris crée le 2024-11-04T21:03:50.179402515Z et correpoond à GAMES et est à 92euros
]]></system-out>
</testcase>
<testcase name="testhashCode(ClassifiedAd)[19]" classname="minebayd1.test.TestClassifiedAd" time="0">
<system-out><![CDATA[
unique-id: [engine:junit-jupiter]/[class:minebayd1.test.TestClassifiedAd]/[test-template:testhashCode(minebayd1.ClassifiedAd)]/[test-template-invocation:#19]
display-name: [19] L'annonce correspond à Annonce n°404 from Lamia crée le 2024-11-04T21:03:50.179371962Z et correpoond à CLOTHES et est à 82euros
]]></system-out>
</testcase>
<testcase name="testhashCode(ClassifiedAd)[20]" classname="minebayd1.test.TestClassifiedAd" time="0">
<system-out><![CDATA[
unique-id: [engine:junit-jupiter]/[class:minebayd1.test.TestClassifiedAd]/[test-template:testhashCode(minebayd1.ClassifiedAd)]/[test-template-invocation:#20]
display-name: [20] L'annonce correspond à Annonce n°1102 from Pierre crée le 2024-11-04T21:03:50.169757906Z et correpoond à COMPUTERS et est à 16euros
]]></system-out>
</testcase>
<testcase name="testhashCode(ClassifiedAd)[21]" classname="minebayd1.test.TestClassifiedAd" time="0">
<system-out><![CDATA[
unique-id: [engine:junit-jupiter]/[class:minebayd1.test.TestClassifiedAd]/[test-template:testhashCode(minebayd1.ClassifiedAd)]/[test-template-invocation:#21]
display-name: [21] L'annonce correspond à Annonce n°6 from Nima crée le 2024-11-04T21:03:50.181732893Z et correpoond à GAMES et est à 99euros
]]></system-out>
</testcase>
<testcase name="testhashCode(ClassifiedAd)[22]" classname="minebayd1.test.TestClassifiedAd" time="0">
<system-out><![CDATA[
unique-id: [engine:junit-jupiter]/[class:minebayd1.test.TestClassifiedAd]/[test-template:testhashCode(minebayd1.ClassifiedAd)]/[test-template-invocation:#22]
display-name: [22] L'annonce correspond à Annonce n°638 from Ziad crée le 2024-11-04T21:03:50.178058508Z et correpoond à GAMES et est à 71euros
]]></system-out>
</testcase>
<testcase name="testhashCode(ClassifiedAd)[23]" classname="minebayd1.test.TestClassifiedAd" time="0">
<system-out><![CDATA[
unique-id: [engine:junit-jupiter]/[class:minebayd1.test.TestClassifiedAd]/[test-template:testhashCode(minebayd1.ClassifiedAd)]/[test-template-invocation:#23]
display-name: [23] L'annonce correspond à Annonce n°1428 from Yanis crée le 2024-11-04T21:03:50.163355202Z et correpoond à GAMES et est à 18euros
]]></system-out>
</testcase>
<testcase name="testhashCode(ClassifiedAd)[24]" classname="minebayd1.test.TestClassifiedAd" time="0">
<system-out><![CDATA[
unique-id: [engine:junit-jupiter]/[class:minebayd1.test.TestClassifiedAd]/[test-template:testhashCode(minebayd1.ClassifiedAd)]/[test-template-invocation:#24]
display-name: [24] L'annonce correspond à Annonce n°1056 from Sonia crée le 2024-11-04T21:03:50.170466397Z et correpoond à COMPUTERS et est à 38euros
]]></system-out>
</testcase>
<testcase name="testhashCode(ClassifiedAd)[25]" classname="minebayd1.test.TestClassifiedAd" time="0">
<system-out><![CDATA[
unique-id: [engine:junit-jupiter]/[class:minebayd1.test.TestClassifiedAd]/[test-template:testhashCode(minebayd1.ClassifiedAd)]/[test-template-invocation:#25]
display-name: [25] L'annonce correspond à Annonce n°691 from Sonia crée le 2024-11-04T21:03:50.177708791Z et correpoond à CLOTHES et est à 61euros
]]></system-out>
</testcase>
<testcase name="testhashCode(ClassifiedAd)[26]" classname="minebayd1.test.TestClassifiedAd" time="0">
<system-out><![CDATA[
unique-id: [engine:junit-jupiter]/[class:minebayd1.test.TestClassifiedAd]/[test-template:testhashCode(minebayd1.ClassifiedAd)]/[test-template-invocation:#26]
display-name: [26] L'annonce correspond à Annonce n°356 from Pierre crée le 2024-11-04T21:03:50.179621512Z et correpoond à COMPUTERS et est à 46euros
]]></system-out>
</testcase>
<testcase name="testhashCode(ClassifiedAd)[27]" classname="minebayd1.test.TestClassifiedAd" time="0">
<system-out><![CDATA[
unique-id: [engine:junit-jupiter]/[class:minebayd1.test.TestClassifiedAd]/[test-template:testhashCode(minebayd1.ClassifiedAd)]/[test-template-invocation:#27]
display-name: [27] L'annonce correspond à Annonce n°1403 from Marcel crée le 2024-11-04T21:03:50.164010685Z et correpoond à SHOES et est à 96euros
]]></system-out>
</testcase>
<testcase name="testhashCode(ClassifiedAd)[28]" classname="minebayd1.test.TestClassifiedAd" time="0">
<system-out><![CDATA[
unique-id: [engine:junit-jupiter]/[class:minebayd1.test.TestClassifiedAd]/[test-template:testhashCode(minebayd1.ClassifiedAd)]/[test-template-invocation:#28]
display-name: [28] L'annonce correspond à Annonce n°1104 from Sheraz crée le 2024-11-04T21:03:50.169718144Z et correpoond à CLOTHES et est à 74euros
]]></system-out>
</testcase>
<testcase name="testhashCode(ClassifiedAd)[29]" classname="minebayd1.test.TestClassifiedAd" time="0">
<system-out><![CDATA[
unique-id: [engine:junit-jupiter]/[class:minebayd1.test.TestClassifiedAd]/[test-template:testhashCode(minebayd1.ClassifiedAd)]/[test-template-invocation:#29]
display-name: [29] L'annonce correspond à Annonce n°1083 from Naila crée le 2024-11-04T21:03:50.170019683Z et correpoond à CLOTHES et est à 84euros
]]></system-out>
</testcase>
<testcase name="testhashCode(ClassifiedAd)[30]" classname="minebayd1.test.TestClassifiedAd" time="0">
<system-out><![CDATA[
unique-id: [engine:junit-jupiter]/[class:minebayd1.test.TestClassifiedAd]/[test-template:testhashCode(minebayd1.ClassifiedAd)]/[test-template-invocation:#30]
display-name: [30] L'annonce correspond à Annonce n°1166 from Issa crée le 2024-11-04T21:03:50.168126026Z et correpoond à GAMES et est à 63euros
]]></system-out>
</testcase>
<testcase name="testhashCode(ClassifiedAd)[31]" classname="minebayd1.test.TestClassifiedAd" time="0">
<system-out><![CDATA[
unique-id: [engine:junit-jupiter]/[class:minebayd1.test.TestClassifiedAd]/[test-template:testhashCode(minebayd1.ClassifiedAd)]/[test-template-invocation:#31]
display-name: [31] L'annonce correspond à Annonce n°540 from Mohamed crée le 2024-11-04T21:03:50.178730361Z et correpoond à GAMES et est à 98euros
]]></system-out>
</testcase>
<testcase name="testhashCode(ClassifiedAd)[32]" classname="minebayd1.test.TestClassifiedAd" time="0">
<system-out><![CDATA[
unique-id: [engine:junit-jupiter]/[class:minebayd1.test.TestClassifiedAd]/[test-template:testhashCode(minebayd1.ClassifiedAd)]/[test-template-invocation:#32]
display-name: [32] L'annonce correspond à Annonce n°1073 from Imam crée le 2024-11-04T21:03:50.170256664Z et correpoond à CLOTHES et est à 36euros
]]></system-out>
</testcase>
<testcase name="testhashCode(ClassifiedAd)[33]" classname="minebayd1.test.TestClassifiedAd" time="0">
<system-out><![CDATA[
unique-id: [engine:junit-jupiter]/[class:minebayd1.test.TestClassifiedAd]/[test-template:testhashCode(minebayd1.ClassifiedAd)]/[test-template-invocation:#33]
display-name: [33] L'annonce correspond à Annonce n°941 from Pierre crée le 2024-11-04T21:03:50.172996064Z et correpoond à SHOES et est à 46euros
]]></system-out>
</testcase>
<testcase name="testhashCode(ClassifiedAd)[34]" classname="minebayd1.test.TestClassifiedAd" time="0">
<system-out><![CDATA[
unique-id: [engine:junit-jupiter]/[class:minebayd1.test.TestClassifiedAd]/[test-template:testhashCode(minebayd1.ClassifiedAd)]/[test-template-invocation:#34]
display-name: [34] L'annonce correspond à Annonce n°1368 from Pierre crée le 2024-11-04T21:03:50.164619709Z et correpoond à GAMES et est à 45euros
]]></system-out>
</testcase>
<testcase name="testhashCode(ClassifiedAd)[35]" classname="minebayd1.test.TestClassifiedAd" time="0">
<system-out><![CDATA[
unique-id: [engine:junit-jupiter]/[class:minebayd1.test.TestClassifiedAd]/[test-template:testhashCode(minebayd1.ClassifiedAd)]/[test-template-invocation:#35]
display-name: [35] L'annonce correspond à Annonce n°130 from Yanis crée le 2024-11-04T21:03:50.181064813Z et correpoond à SHOES et est à 4euros
]]></system-out>
</testcase>
<testcase name="testhashCode(ClassifiedAd)[36]" classname="minebayd1.test.TestClassifiedAd" time="0">
<system-out><![CDATA[
unique-id: [engine:junit-jupiter]/[class:minebayd1.test.TestClassifiedAd]/[test-template:testhashCode(minebayd1.ClassifiedAd)]/[test-template-invocation:#36]
display-name: [36] L'annonce correspond à Annonce n°797 from Mamadou crée le 2024-11-04T21:03:50.175375443Z et correpoond à SHOES et est à 78euros
]]></system-out>
</testcase>
<testcase name="testhashCode(ClassifiedAd)[37]" classname="minebayd1.test.TestClassifiedAd" time="0">
<system-out><![CDATA[
unique-id: [engine:junit-jupiter]/[class:minebayd1.test.TestClassifiedAd]/[test-template:testhashCode(minebayd1.ClassifiedAd)]/[test-template-invocation:#37]
display-name: [37] L'annonce correspond à Annonce n°422 from Ziad crée le 2024-11-04T21:03:50.179278313Z et correpoond à BOOKS et est à 54euros
]]></system-out>
</testcase>
<testcase name="testhashCode(ClassifiedAd)[38]" classname="minebayd1.test.TestClassifiedAd" time="0">
<system-out><![CDATA[
unique-id: [engine:junit-jupiter]/[class:minebayd1.test.TestClassifiedAd]/[test-template:testhashCode(minebayd1.ClassifiedAd)]/[test-template-invocation:#38]
display-name: [38] L'annonce correspond à Annonce n°345 from Sonia crée le 2024-11-04T21:03:50.179683125Z et correpoond à SHOES et est à 10euros
]]></system-out>
</testcase>
<testcase name="testhashCode(ClassifiedAd)[39]" classname="minebayd1.test.TestClassifiedAd" time="0">
<system-out><![CDATA[
unique-id: [engine:junit-jupiter]/[class:minebayd1.test.TestClassifiedAd]/[test-template:testhashCode(minebayd1.ClassifiedAd)]/[test-template-invocation:#39]
display-name: [39] L'annonce correspond à Annonce n°1181 from Idir crée le 2024-11-04T21:03:50.167831478Z et correpoond à CLOTHES et est à 70euros
]]></system-out>
</testcase>
<testcase name="testhashCode(ClassifiedAd)[40]" classname="minebayd1.test.TestClassifiedAd" time="0">
<system-out><![CDATA[
unique-id: [engine:junit-jupiter]/[class:minebayd1.test.TestClassifiedAd]/[test-template:testhashCode(minebayd1.ClassifiedAd)]/[test-template-invocation:#40]
display-name: [40] L'annonce correspond à Annonce n°1107 from Zahra crée le 2024-11-04T21:03:50.169680503Z et correpoond à GAMES et est à 13euros
]]></system-out>
</testcase>
<testcase name="testhashCode(ClassifiedAd)[41]" classname="minebayd1.test.TestClassifiedAd" time="0">
<system-out><![CDATA[
unique-id: [engine:junit-jupiter]/[class:minebayd1.test.TestClassifiedAd]/[test-template:testhashCode(minebayd1.ClassifiedAd)]/[test-template-invocation:#41]
display-name: [41] L'annonce correspond à Annonce n°1242 from Marc crée le 2024-11-04T21:03:50.167025208Z et correpoond à SHOES et est à 20euros
]]></system-out>
</testcase>
<testcase name="testhashCode(ClassifiedAd)[42]" classname="minebayd1.test.TestClassifiedAd" time="0">
<system-out><![CDATA[
unique-id: [engine:junit-jupiter]/[class:minebayd1.test.TestClassifiedAd]/[test-template:testhashCode(minebayd1.ClassifiedAd)]/[test-template-invocation:#42]
display-name: [42] L'annonce correspond à Annonce n°957 from Nima crée le 2024-11-04T21:03:50.172805212Z et correpoond à CLOTHES et est à 79euros
]]></system-out>
</testcase>
<testcase name="testhashCode(ClassifiedAd)[43]" classname="minebayd1.test.TestClassifiedAd" time="0">
<system-out><![CDATA[
unique-id: [engine:junit-jupiter]/[class:minebayd1.test.TestClassifiedAd]/[test-template:testhashCode(minebayd1.ClassifiedAd)]/[test-template-invocation:#43]
display-name: [43] L'annonce correspond à Annonce n°1004 from Issa crée le 2024-11-04T21:03:50.171109867Z et correpoond à COMPUTERS et est à 91euros
]]></system-out>
</testcase>
<testcase name="testhashCode(ClassifiedAd)[44]" classname="minebayd1.test.TestClassifiedAd" time="0">
<system-out><![CDATA[
unique-id: [engine:junit-jupiter]/[class:minebayd1.test.TestClassifiedAd]/[test-template:testhashCode(minebayd1.ClassifiedAd)]/[test-template-invocation:#44]
display-name: [44] L'annonce correspond à Annonce n°278 from Mamadou crée le 2024-11-04T21:03:50.180034427Z et correpoond à CLOTHES et est à 79euros
]]></system-out>
</testcase>
<testcase name="testhashCode(ClassifiedAd)[45]" classname="minebayd1.test.TestClassifiedAd" time="0">
<system-out><![CDATA[
unique-id: [engine:junit-jupiter]/[class:minebayd1.test.TestClassifiedAd]/[test-template:testhashCode(minebayd1.ClassifiedAd)]/[test-template-invocation:#45]
display-name: [45] L'annonce correspond à Annonce n°1004 from Issa crée le 2024-11-04T21:03:50.171109867Z et correpoond à COMPUTERS et est à 91euros
]]></system-out>
</testcase>
<testcase name="testhashCode(ClassifiedAd)[46]" classname="minebayd1.test.TestClassifiedAd" time="0">
<system-out><![CDATA[
unique-id: [engine:junit-jupiter]/[class:minebayd1.test.TestClassifiedAd]/[test-template:testhashCode(minebayd1.ClassifiedAd)]/[test-template-invocation:#46]
display-name: [46] L'annonce correspond à Annonce n°759 from Ismael crée le 2024-11-04T21:03:50.175960035Z et correpoond à GAMES et est à 85euros
]]></system-out>
</testcase>
<testcase name="testhashCode(ClassifiedAd)[47]" classname="minebayd1.test.TestClassifiedAd" time="0">
<system-out><![CDATA[
unique-id: [engine:junit-jupiter]/[class:minebayd1.test.TestClassifiedAd]/[test-template:testhashCode(minebayd1.ClassifiedAd)]/[test-template-invocation:#47]
display-name: [47] L'annonce correspond à Annonce n°886 from Chanez crée le 2024-11-04T21:03:50.173846846Z et correpoond à BOOKS et est à 95euros
]]></system-out>
</testcase>
<testcase name="testhashCode(ClassifiedAd)[48]" classname="minebayd1.test.TestClassifiedAd" time="0">
<system-out><![CDATA[
unique-id: [engine:junit-jupiter]/[class:minebayd1.test.TestClassifiedAd]/[test-template:testhashCode(minebayd1.ClassifiedAd)]/[test-template-invocation:#48]
display-name: [48] L'annonce correspond à Annonce n°1181 from Idir crée le 2024-11-04T21:03:50.167831478Z et correpoond à CLOTHES et est à 70euros
]]></system-out>
</testcase>
<testcase name="testhashCode(ClassifiedAd)[49]" classname="minebayd1.test.TestClassifiedAd" time="0">
<system-out><![CDATA[
unique-id: [engine:junit-jupiter]/[class:minebayd1.test.TestClassifiedAd]/[test-template:testhashCode(minebayd1.ClassifiedAd)]/[test-template-invocation:#49]
display-name: [49] L'annonce correspond à Annonce n°710 from Lyes crée le 2024-11-04T21:03:50.177508890Z et correpoond à SHOES et est à 67euros
]]></system-out>
</testcase>
<testcase name="testhashCode(ClassifiedAd)[50]" classname="minebayd1.test.TestClassifiedAd" time="0">
<system-out><![CDATA[
unique-id: [engine:junit-jupiter]/[class:minebayd1.test.TestClassifiedAd]/[test-template:testhashCode(minebayd1.ClassifiedAd)]/[test-template-invocation:#50]
display-name: [50] L'annonce correspond à Annonce n°1158 from Ziad crée le 2024-11-04T21:03:50.168241585Z et correpoond à CLOTHES et est à 43euros
]]></system-out>
</testcase>
<testcase name="testhashCode(ClassifiedAd)[51]" classname="minebayd1.test.TestClassifiedAd" time="0">
<system-out><![CDATA[
unique-id: [engine:junit-jupiter]/[class:minebayd1.test.TestClassifiedAd]/[test-template:testhashCode(minebayd1.ClassifiedAd)]/[test-template-invocation:#51]
display-name: [51] L'annonce correspond à Annonce n°52 from Marc crée le 2024-11-04T21:03:50.181506881Z et correpoond à BOOKS et est à 75euros
]]></system-out>
</testcase>
<testcase name="testhashCode(ClassifiedAd)[52]" classname="minebayd1.test.TestClassifiedAd" time="0">
<system-out><![CDATA[
unique-id: [engine:junit-jupiter]/[class:minebayd1.test.TestClassifiedAd]/[test-template:testhashCode(minebayd1.ClassifiedAd)]/[test-template-invocation:#52]
display-name: [52] L'annonce correspond à Annonce n°29 from Faycal crée le 2024-11-04T21:03:50.181613968Z et correpoond à COMPUTERS et est à 82euros
]]></system-out>
</testcase>
<testcase name="testhashCode(ClassifiedAd)[53]" classname="minebayd1.test.TestClassifiedAd" time="0">
<system-out><![CDATA[
unique-id: [engine:junit-jupiter]/[class:minebayd1.test.TestClassifiedAd]/[test-template:testhashCode(minebayd1.ClassifiedAd)]/[test-template-invocation:#53]
display-name: [53] L'annonce correspond à Annonce n°845 from Zahra crée le 2024-11-04T21:03:50.174561442Z et correpoond à CLOTHES et est à 79euros
]]></system-out>
</testcase>
<testcase name="testhashCode(ClassifiedAd)[54]" classname="minebayd1.test.TestClassifiedAd" time="0">
<system-out><![CDATA[
unique-id: [engine:junit-jupiter]/[class:minebayd1.test.TestClassifiedAd]/[test-template:testhashCode(minebayd1.ClassifiedAd)]/[test-template-invocation:#54]
display-name: [54] L'annonce correspond à Annonce n°619 from Lyes crée le 2024-11-04T21:03:50.178262704Z et correpoond à SHOES et est à 48euros
]]></system-out>
</testcase>
<testcase name="testhashCode(ClassifiedAd)[55]" classname="minebayd1.test.TestClassifiedAd" time="0">
<system-out><![CDATA[
unique-id: [engine:junit-jupiter]/[class:minebayd1.test.TestClassifiedAd]/[test-template:testhashCode(minebayd1.ClassifiedAd)]/[test-template-invocation:#55]
display-name: [55] L'annonce correspond à Annonce n°1078 from Aliou crée le 2024-11-04T21:03:50.170084051Z et correpoond à COMPUTERS et est à 88euros
]]></system-out>
</testcase>
<testcase name="testhashCode(ClassifiedAd)[56]" classname="minebayd1.test.TestClassifiedAd" time="0">
<system-out><![CDATA[
unique-id: [engine:junit-jupiter]/[class:minebayd1.test.TestClassifiedAd]/[test-template:testhashCode(minebayd1.ClassifiedAd)]/[test-template-invocation:#56]
display-name: [56] L'annonce correspond à Annonce n°1297 from Marcel crée le 2024-11-04T21:03:50.165853268Z et correpoond à BOOKS et est à 47euros
]]></system-out>
</testcase>
<testcase name="testhashCode(ClassifiedAd)[57]" classname="minebayd1.test.TestClassifiedAd" time="0">
<system-out><![CDATA[
unique-id: [engine:junit-jupiter]/[class:minebayd1.test.TestClassifiedAd]/[test-template:testhashCode(minebayd1.ClassifiedAd)]/[test-template-invocation:#57]
display-name: [57] L'annonce correspond à Annonce n°1464 from Imam crée le 2024-11-04T21:03:50.162315692Z et correpoond à COMPUTERS et est à 60euros
]]></system-out>
</testcase>
<testcase name="testhashCode(ClassifiedAd)[58]" classname="minebayd1.test.TestClassifiedAd" time="0.001">
<system-out><![CDATA[
unique-id: [engine:junit-jupiter]/[class:minebayd1.test.TestClassifiedAd]/[test-template:testhashCode(minebayd1.ClassifiedAd)]/[test-template-invocation:#58]
display-name: [58] L'annonce correspond à Annonce n°694 from Boris crée le 2024-11-04T21:03:50.177667609Z et correpoond à CLOTHES et est à 60euros
]]></system-out>
</testcase>
<testcase name="testhashCode(ClassifiedAd)[59]" classname="minebayd1.test.TestClassifiedAd" time="0">
<system-out><![CDATA[
unique-id: [engine:junit-jupiter]/[class:minebayd1.test.TestClassifiedAd]/[test-template:testhashCode(minebayd1.ClassifiedAd)]/[test-template-invocation:#59]
display-name: [59] L'annonce correspond à Annonce n°1493 from Imam crée le 2024-11-04T21:03:50.161445051Z et correpoond à GAMES et est à 95euros
]]></system-out>
</testcase>
<testcase name="testhashCode(ClassifiedAd)[60]" classname="minebayd1.test.TestClassifiedAd" time="0">
<system-out><![CDATA[
unique-id: [engine:junit-jupiter]/[class:minebayd1.test.TestClassifiedAd]/[test-template:testhashCode(minebayd1.ClassifiedAd)]/[test-template-invocation:#60]
display-name: [60] L'annonce correspond à Annonce n°1127 from Lyes crée le 2024-11-04T21:03:50.168908514Z et correpoond à CLOTHES et est à 55euros
]]></system-out>
</testcase>
<testcase name="testhashCode(ClassifiedAd)[61]" classname="minebayd1.test.TestClassifiedAd" time="0">
<system-out><![CDATA[
unique-id: [engine:junit-jupiter]/[class:minebayd1.test.TestClassifiedAd]/[test-template:testhashCode(minebayd1.ClassifiedAd)]/[test-template-invocation:#61]
display-name: [61] L'annonce correspond à Annonce n°1006 from Ziad crée le 2024-11-04T21:03:50.171088005Z et correpoond à BOOKS et est à 15euros
]]></system-out>
</testcase>
<testcase name="testhashCode(ClassifiedAd)[62]" classname="minebayd1.test.TestClassifiedAd" time="0">
<system-out><![CDATA[
unique-id: [engine:junit-jupiter]/[class:minebayd1.test.TestClassifiedAd]/[test-template:testhashCode(minebayd1.ClassifiedAd)]/[test-template-invocation:#62]
display-name: [62] L'annonce correspond à Annonce n°1075 from Idir crée le 2024-11-04T21:03:50.170122286Z et correpoond à BOOKS et est à 40euros
]]></system-out>
</testcase>
<testcase name="testhashCode(ClassifiedAd)[63]" classname="minebayd1.test.TestClassifiedAd" time="0">
<system-out><![CDATA[
unique-id: [engine:junit-jupiter]/[class:minebayd1.test.TestClassifiedAd]/[test-template:testhashCode(minebayd1.ClassifiedAd)]/[test-template-invocation:#63]
display-name: [63] L'annonce correspond à Annonce n°486 from Ali crée le 2024-11-04T21:03:50.178941790Z et correpoond à BOOKS et est à 94euros
]]></system-out>
</testcase>
<testcase name="testhashCode(ClassifiedAd)[64]" classname="minebayd1.test.TestClassifiedAd" time="0">
<system-out><![CDATA[
unique-id: [engine:junit-jupiter]/[class:minebayd1.test.TestClassifiedAd]/[test-template:testhashCode(minebayd1.ClassifiedAd)]/[test-template-invocation:#64]
display-name: [64] L'annonce correspond à Annonce n°840 from Adam crée le 2024-11-04T21:03:50.174622896Z et correpoond à GAMES et est à 54euros
]]></system-out>
</testcase>
<testcase name="testhashCode(ClassifiedAd)[65]" classname="minebayd1.test.TestClassifiedAd" time="0">
<system-out><![CDATA[
unique-id: [engine:junit-jupiter]/[class:minebayd1.test.TestClassifiedAd]/[test-template:testhashCode(minebayd1.ClassifiedAd)]/[test-template-invocation:#65]
display-name: [65] L'annonce correspond à Annonce n°1360 from Sonia crée le 2024-11-04T21:03:50.164882035Z et correpoond à COMPUTERS et est à 31euros
]]></system-out>
</testcase>
<testcase name="testhashCode(ClassifiedAd)[66]" classname="minebayd1.test.TestClassifiedAd" time="0">
<system-out><![CDATA[
unique-id: [engine:junit-jupiter]/[class:minebayd1.test.TestClassifiedAd]/[test-template:testhashCode(minebayd1.ClassifiedAd)]/[test-template-invocation:#66]
display-name: [66] L'annonce correspond à Annonce n°910 from Ayman crée le 2024-11-04T21:03:50.173566464Z et correpoond à CLOTHES et est à 9euros
]]></system-out>
</testcase>
<testcase name="testhashCode(ClassifiedAd)[67]" classname="minebayd1.test.TestClassifiedAd" time="0">
<system-out><![CDATA[
unique-id: [engine:junit-jupiter]/[class:minebayd1.test.TestClassifiedAd]/[test-template:testhashCode(minebayd1.ClassifiedAd)]/[test-template-invocation:#67]
display-name: [67] L'annonce correspond à Annonce n°1181 from Idir crée le 2024-11-04T21:03:50.167831478Z et correpoond à CLOTHES et est à 70euros
]]></system-out>
</testcase>
<testcase name="testhashCode(ClassifiedAd)[68]" classname="minebayd1.test.TestClassifiedAd" time="0">
<system-out><![CDATA[
unique-id: [engine:junit-jupiter]/[class:minebayd1.test.TestClassifiedAd]/[test-template:testhashCode(minebayd1.ClassifiedAd)]/[test-template-invocation:#68]
display-name: [68] L'annonce correspond à Annonce n°1249 from Mohamed crée le 2024-11-04T21:03:50.166835407Z et correpoond à SHOES et est à 41euros
]]></system-out>
</testcase>
<testcase name="testhashCode(ClassifiedAd)[69]" classname="minebayd1.test.TestClassifiedAd" time="0">
<system-out><![CDATA[
unique-id: [engine:junit-jupiter]/[class:minebayd1.test.TestClassifiedAd]/[test-template:testhashCode(minebayd1.ClassifiedAd)]/[test-template-invocation:#69]
display-name: [69] L'annonce correspond à Annonce n°966 from Ayman crée le 2024-11-04T21:03:50.172698819Z et correpoond à SHOES et est à 56euros
]]></system-out>
</testcase>
<testcase name="testhashCode(ClassifiedAd)[70]" classname="minebayd1.test.TestClassifiedAd" time="0">
<system-out><![CDATA[
unique-id: [engine:junit-jupiter]/[class:minebayd1.test.TestClassifiedAd]/[test-template:testhashCode(minebayd1.ClassifiedAd)]/[test-template-invocation:#70]
display-name: [70] L'annonce correspond à Annonce n°644 from Naila crée le 2024-11-04T21:03:50.178020808Z et correpoond à SHOES et est à 99euros
]]></system-out>
</testcase>
<testcase name="testhashCode(ClassifiedAd)[71]" classname="minebayd1.test.TestClassifiedAd" time="0">
<system-out><![CDATA[
unique-id: [engine:junit-jupiter]/[class:minebayd1.test.TestClassifiedAd]/[test-template:testhashCode(minebayd1.ClassifiedAd)]/[test-template-invocation:#71]
display-name: [71] L'annonce correspond à Annonce n°756 from Rosa crée le 2024-11-04T21:03:50.175993365Z et correpoond à SHOES et est à 59euros
]]></system-out>
</testcase>
<testcase name="testhashCode(ClassifiedAd)[72]" classname="minebayd1.test.TestClassifiedAd" time="0">
<system-out><![CDATA[
unique-id: [engine:junit-jupiter]/[class:minebayd1.test.TestClassifiedAd]/[test-template:testhashCode(minebayd1.ClassifiedAd)]/[test-template-invocation:#72]
display-name: [72] L'annonce correspond à Annonce n°1064 from Faycal crée le 2024-11-04T21:03:50.170375226Z et correpoond à COMPUTERS et est à 39euros
]]></system-out>
</testcase>
<testcase name="testhashCode(ClassifiedAd)[73]" classname="minebayd1.test.TestClassifiedAd" time="0">
<system-out><![CDATA[
unique-id: [engine:junit-jupiter]/[class:minebayd1.test.TestClassifiedAd]/[test-template:testhashCode(minebayd1.ClassifiedAd)]/[test-template-invocation:#73]
display-name: [73] L'annonce correspond à Annonce n°704 from Lyes crée le 2024-11-04T21:03:50.177568819Z et correpoond à CLOTHES et est à 67euros
]]></system-out>
</testcase>
<testcase name="testhashCode(ClassifiedAd)[74]" classname="minebayd1.test.TestClassifiedAd" time="0">
<system-out><![CDATA[
unique-id: [engine:junit-jupiter]/[class:minebayd1.test.TestClassifiedAd]/[test-template:testhashCode(minebayd1.ClassifiedAd)]/[test-template-invocation:#74]
display-name: [74] L'annonce correspond à Annonce n°1134 from Ziad crée le 2024-11-04T21:03:50.168815444Z et correpoond à GAMES et est à 59euros
]]></system-out>
</testcase>
<testcase name="testhashCode(ClassifiedAd)[75]" classname="minebayd1.test.TestClassifiedAd" time="0">
<system-out><![CDATA[
unique-id: [engine:junit-jupiter]/[class:minebayd1.test.TestClassifiedAd]/[test-template:testhashCode(minebayd1.ClassifiedAd)]/[test-template-invocation:#75]
display-name: [75] L'annonce correspond à Annonce n°1129 from Naila crée le 2024-11-04T21:03:50.168882071Z et correpoond à CLOTHES et est à 69euros
]]></system-out>
</testcase>
<testcase name="testhashCode(ClassifiedAd)[76]" classname="minebayd1.test.TestClassifiedAd" time="0">
<system-out><![CDATA[
unique-id: [engine:junit-jupiter]/[class:minebayd1.test.TestClassifiedAd]/[test-template:testhashCode(minebayd1.ClassifiedAd)]/[test-template-invocation:#76]
display-name: [76] L'annonce correspond à Annonce n°1231 from Chanez crée le 2024-11-04T21:03:50.167125251Z et correpoond à CLOTHES et est à 81euros
]]></system-out>
</testcase>
<testcase name="testhashCode(ClassifiedAd)[77]" classname="minebayd1.test.TestClassifiedAd" time="0">
<system-out><![CDATA[
unique-id: [engine:junit-jupiter]/[class:minebayd1.test.TestClassifiedAd]/[test-template:testhashCode(minebayd1.ClassifiedAd)]/[test-template-invocation:#77]
display-name: [77] L'annonce correspond à Annonce n°236 from Marc crée le 2024-11-04T21:03:50.180251408Z et correpoond à COMPUTERS et est à 45euros
]]></system-out>
</testcase>
<testcase name="testhashCode(ClassifiedAd)[78]" classname="minebayd1.test.TestClassifiedAd" time="0">
<system-out><![CDATA[
unique-id: [engine:junit-jupiter]/[class:minebayd1.test.TestClassifiedAd]/[test-template:testhashCode(minebayd1.ClassifiedAd)]/[test-template-invocation:#78]
display-name: [78] L'annonce correspond à Annonce n°716 from Ali crée le 2024-11-04T21:03:50.177452217Z et correpoond à COMPUTERS et est à 100euros
]]></system-out>
</testcase>
<testcase name="testhashCode(ClassifiedAd)[79]" classname="minebayd1.test.TestClassifiedAd" time="0">
<system-out><![CDATA[
unique-id: [engine:junit-jupiter]/[class:minebayd1.test.TestClassifiedAd]/[test-template:testhashCode(minebayd1.ClassifiedAd)]/[test-template-invocation:#79]
display-name: [79] L'annonce correspond à Annonce n°66 from Yanis crée le 2024-11-04T21:03:50.181444817Z et correpoond à BOOKS et est à 87euros
]]></system-out>
</testcase>
<testcase name="testhashCode(ClassifiedAd)[80]" classname="minebayd1.test.TestClassifiedAd" time="0">
<system-out><![CDATA[
unique-id: [engine:junit-jupiter]/[class:minebayd1.test.TestClassifiedAd]/[test-template:testhashCode(minebayd1.ClassifiedAd)]/[test-template-invocation:#80]
display-name: [80] L'annonce correspond à Annonce n°993 from Rosa crée le 2024-11-04T21:03:50.171232387Z et correpoond à COMPUTERS et est à 22euros
]]></system-out>
</testcase>
<testcase name="testhashCode(ClassifiedAd)[81]" classname="minebayd1.test.TestClassifiedAd" time="0">
<system-out><![CDATA[
unique-id: [engine:junit-jupiter]/[class:minebayd1.test.TestClassifiedAd]/[test-template:testhashCode(minebayd1.ClassifiedAd)]/[test-template-invocation:#81]
display-name: [81] L'annonce correspond à Annonce n°801 from Aliou crée le 2024-11-04T21:03:50.175329504Z et correpoond à SHOES et est à 77euros
]]></system-out>
</testcase>
<testcase name="testhashCode(ClassifiedAd)[82]" classname="minebayd1.test.TestClassifiedAd" time="0">
<system-out><![CDATA[
unique-id: [engine:junit-jupiter]/[class:minebayd1.test.TestClassifiedAd]/[test-template:testhashCode(minebayd1.ClassifiedAd)]/[test-template-invocation:#82]
display-name: [82] L'annonce correspond à Annonce n°25 from Zahra crée le 2024-11-04T21:03:50.181631691Z et correpoond à CLOTHES et est à 76euros
]]></system-out>
</testcase>
<testcase name="testhashCode(ClassifiedAd)[83]" classname="minebayd1.test.TestClassifiedAd" time="0">
<system-out><![CDATA[
unique-id: [engine:junit-jupiter]/[class:minebayd1.test.TestClassifiedAd]/[test-template:testhashCode(minebayd1.ClassifiedAd)]/[test-template-invocation:#83]
display-name: [83] L'annonce correspond à Annonce n°182 from Ayman crée le 2024-11-04T21:03:50.180631075Z et correpoond à GAMES et est à 39euros
]]></system-out>
</testcase>
<testcase name="testhashCode(ClassifiedAd)[84]" classname="minebayd1.test.TestClassifiedAd" time="0">
<system-out><![CDATA[
unique-id: [engine:junit-jupiter]/[class:minebayd1.test.TestClassifiedAd]/[test-template:testhashCode(minebayd1.ClassifiedAd)]/[test-template-invocation:#84]
display-name: [84] L'annonce correspond à Annonce n°1420 from Ziad crée le 2024-11-04T21:03:50.163497961Z et correpoond à COMPUTERS et est à 5euros
]]></system-out>
</testcase>
<testcase name="testhashCode(ClassifiedAd)[85]" classname="minebayd1.test.TestClassifiedAd" time="0">
<system-out><![CDATA[
unique-id: [engine:junit-jupiter]/[class:minebayd1.test.TestClassifiedAd]/[test-template:testhashCode(minebayd1.ClassifiedAd)]/[test-template-invocation:#85]
display-name: [85] L'annonce correspond à Annonce n°777 from Mamadou crée le 2024-11-04T21:03:50.175748995Z et correpoond à COMPUTERS et est à 48euros
]]></system-out>
</testcase>
<testcase name="testhashCode(ClassifiedAd)[86]" classname="minebayd1.test.TestClassifiedAd" time="0">
<system-out><![CDATA[
unique-id: [engine:junit-jupiter]/[class:minebayd1.test.TestClassifiedAd]/[test-template:testhashCode(minebayd1.ClassifiedAd)]/[test-template-invocation:#86]
display-name: [86] L'annonce correspond à Annonce n°481 from Marcel crée le 2024-11-04T21:03:50.178960893Z et correpoond à COMPUTERS et est à 36euros
]]></system-out>
</testcase>
<testcase name="testhashCode(ClassifiedAd)[87]" classname="minebayd1.test.TestClassifiedAd" time="0">
<system-out><![CDATA[
unique-id: [engine:junit-jupiter]/[class:minebayd1.test.TestClassifiedAd]/[test-template:testhashCode(minebayd1.ClassifiedAd)]/[test-template-invocation:#87]
display-name: [87] L'annonce correspond à Annonce n°554 from Idir crée le 2024-11-04T21:03:50.178676014Z et correpoond à CLOTHES et est à 79euros
]]></system-out>
</testcase>
<testcase name="testhashCode(ClassifiedAd)[88]" classname="minebayd1.test.TestClassifiedAd" time="0">
<system-out><![CDATA[
unique-id: [engine:junit-jupiter]/[class:minebayd1.test.TestClassifiedAd]/[test-template:testhashCode(minebayd1.ClassifiedAd)]/[test-template-invocation:#88]
display-name: [88] L'annonce correspond à Annonce n°1373 from Adam crée le 2024-11-04T21:03:50.164489158Z et correpoond à COMPUTERS et est à 13euros
]]></system-out>
</testcase>
<testcase name="testhashCode(ClassifiedAd)[89]" classname="minebayd1.test.TestClassifiedAd" time="0">
<system-out><![CDATA[
unique-id: [engine:junit-jupiter]/[class:minebayd1.test.TestClassifiedAd]/[test-template:testhashCode(minebayd1.ClassifiedAd)]/[test-template-invocation:#89]
display-name: [89] L'annonce correspond à Annonce n°90 from Issa crée le 2024-11-04T21:03:50.181310853Z et correpoond à SHOES et est à 72euros
]]></system-out>
</testcase>
<testcase name="testhashCode(ClassifiedAd)[90]" classname="minebayd1.test.TestClassifiedAd" time="0">
<system-out><![CDATA[
unique-id: [engine:junit-jupiter]/[class:minebayd1.test.TestClassifiedAd]/[test-template:testhashCode(minebayd1.ClassifiedAd)]/[test-template-invocation:#90]
display-name: [90] L'annonce correspond à Annonce n°153 from Chanez crée le 2024-11-04T21:03:50.180878268Z et correpoond à SHOES et est à 2euros
]]></system-out>
</testcase>
<testcase name="testhashCode(ClassifiedAd)[91]" classname="minebayd1.test.TestClassifiedAd" time="0">
<system-out><![CDATA[
unique-id: [engine:junit-jupiter]/[class:minebayd1.test.TestClassifiedAd]/[test-template:testhashCode(minebayd1.ClassifiedAd)]/[test-template-invocation:#91]
display-name: [91] L'annonce correspond à Annonce n°296 from Lisa crée le 2024-11-04T21:03:50.179940499Z et correpoond à BOOKS et est à 42euros
]]></system-out>
</testcase>
<testcase name="testhashCode(ClassifiedAd)[92]" classname="minebayd1.test.TestClassifiedAd" time="0">
<system-out><![CDATA[
unique-id: [engine:junit-jupiter]/[class:minebayd1.test.TestClassifiedAd]/[test-template:testhashCode(minebayd1.ClassifiedAd)]/[test-template-invocation:#92]
display-name: [92] L'annonce correspond à Annonce n°1306 from Mohamed crée le 2024-11-04T21:03:50.165762764Z et correpoond à SHOES et est à 48euros
]]></system-out>
</testcase>
<testcase name="testhashCode(ClassifiedAd)[93]" classname="minebayd1.test.TestClassifiedAd" time="0">
<system-out><![CDATA[
unique-id: [engine:junit-jupiter]/[class:minebayd1.test.TestClassifiedAd]/[test-template:testhashCode(minebayd1.ClassifiedAd)]/[test-template-invocation:#93]
display-name: [93] L'annonce correspond à Annonce n°917 from Adam crée le 2024-11-04T21:03:50.173447399Z et correpoond à GAMES et est à 3euros
]]></system-out>
</testcase>
<testcase name="testhashCode(ClassifiedAd)[94]" classname="minebayd1.test.TestClassifiedAd" time="0">
<system-out><![CDATA[
unique-id: [engine:junit-jupiter]/[class:minebayd1.test.TestClassifiedAd]/[test-template:testhashCode(minebayd1.ClassifiedAd)]/[test-template-invocation:#94]
display-name: [94] L'annonce correspond à Annonce n°279 from Idir crée le 2024-11-04T21:03:50.180029280Z et correpoond à CLOTHES et est à 24euros
]]></system-out>
</testcase>
<testcase name="testhashCode(ClassifiedAd)[95]" classname="minebayd1.test.TestClassifiedAd" time="0">
<system-out><![CDATA[
unique-id: [engine:junit-jupiter]/[class:minebayd1.test.TestClassifiedAd]/[test-template:testhashCode(minebayd1.ClassifiedAd)]/[test-template-invocation:#95]
display-name: [95] L'annonce correspond à Annonce n°1310 from Chanez crée le 2024-11-04T21:03:50.165721862Z et correpoond à COMPUTERS et est à 10euros
]]></system-out>
</testcase>
<testcase name="testhashCode(ClassifiedAd)[96]" classname="minebayd1.test.TestClassifiedAd" time="0">
<system-out><![CDATA[
unique-id: [engine:junit-jupiter]/[class:minebayd1.test.TestClassifiedAd]/[test-template:testhashCode(minebayd1.ClassifiedAd)]/[test-template-invocation:#96]
display-name: [96] L'annonce correspond à Annonce n°1180 from Imam crée le 2024-11-04T21:03:50.167844865Z et correpoond à SHOES et est à 66euros
]]></system-out>
</testcase>
<testcase name="testhashCode(ClassifiedAd)[97]" classname="minebayd1.test.TestClassifiedAd" time="0">
<system-out><![CDATA[
unique-id: [engine:junit-jupiter]/[class:minebayd1.test.TestClassifiedAd]/[test-template:testhashCode(minebayd1.ClassifiedAd)]/[test-template-invocation:#97]
display-name: [97] L'annonce correspond à Annonce n°506 from Chanez crée le 2024-11-04T21:03:50.178864752Z et correpoond à GAMES et est à 26euros
]]></system-out>
</testcase>
<testcase name="testhashCode(ClassifiedAd)[98]" classname="minebayd1.test.TestClassifiedAd" time="0">
<system-out><![CDATA[
unique-id: [engine:junit-jupiter]/[class:minebayd1.test.TestClassifiedAd]/[test-template:testhashCode(minebayd1.ClassifiedAd)]/[test-template-invocation:#98]
display-name: [98] L'annonce correspond à Annonce n°817 from Adam crée le 2024-11-04T21:03:50.175136770Z et correpoond à BOOKS et est à 40euros
]]></system-out>
</testcase>
<testcase name="testhashCode(ClassifiedAd)[99]" classname="minebayd1.test.TestClassifiedAd" time="0">
<system-out><![CDATA[
unique-id: [engine:junit-jupiter]/[class:minebayd1.test.TestClassifiedAd]/[test-template:testhashCode(minebayd1.ClassifiedAd)]/[test-template-invocation:#99]
display-name: [99] L'annonce correspond à Annonce n°225 from Yanis crée le 2024-11-04T21:03:50.180309807Z et correpoond à GAMES et est à 52euros
]]></system-out>
</testcase>
<testcase name="testhashCode(ClassifiedAd)[100]" classname="minebayd1.test.TestClassifiedAd" time="0">
<system-out><![CDATA[
unique-id: [engine:junit-jupiter]/[class:minebayd1.test.TestClassifiedAd]/[test-template:testhashCode(minebayd1.ClassifiedAd)]/[test-template-invocation:#100]
display-name: [100] L'annonce correspond à Annonce n°11 from Mamadou crée le 2024-11-04T21:03:50.181712271Z et correpoond à CLOTHES et est à 26euros
]]></system-out>
</testcase>
<testcase name="testClassifiedAd(Category, String, int)[1]" classname="minebayd1.test.TestClassifiedAd" time="0">
<system-out><![CDATA[
unique-id: [engine:junit-jupiter]/[class:minebayd1.test.TestClassifiedAd]/[test-template:testClassifiedAd(minebayd1.Category, java.lang.String, int)]/[test-template-invocation:#1]
display-name: [1] CLOTHES, À vendre, 7
]]></system-out>
</testcase>
<testcase name="testClassifiedAd(Category, String, int)[2]" classname="minebayd1.test.TestClassifiedAd" time="0">
<system-out><![CDATA[
unique-id: [engine:junit-jupiter]/[class:minebayd1.test.TestClassifiedAd]/[test-template:testClassifiedAd(minebayd1.Category, java.lang.String, int)]/[test-template-invocation:#2]
display-name: [2] BOOKS, À vendre, 12
]]></system-out>
</testcase>
<testcase name="testClassifiedAd(Category, String, int)[3]" classname="minebayd1.test.TestClassifiedAd" time="0">
<system-out><![CDATA[
unique-id: [engine:junit-jupiter]/[class:minebayd1.test.TestClassifiedAd]/[test-template:testClassifiedAd(minebayd1.Category, java.lang.String, int)]/[test-template-invocation:#3]
display-name: [3] SHOES, À vendre, 24
]]></system-out>
</testcase>
<testcase name="testClassifiedAd(Category, String, int)[4]" classname="minebayd1.test.TestClassifiedAd" time="0">
<system-out><![CDATA[
unique-id: [engine:junit-jupiter]/[class:minebayd1.test.TestClassifiedAd]/[test-template:testClassifiedAd(minebayd1.Category, java.lang.String, int)]/[test-template-invocation:#4]
display-name: [4] SHOES, À vendre, 48
]]></system-out>
</testcase>
<testcase name="testClassifiedAd(Category, String, int)[5]" classname="minebayd1.test.TestClassifiedAd" time="0">
<system-out><![CDATA[
unique-id: [engine:junit-jupiter]/[class:minebayd1.test.TestClassifiedAd]/[test-template:testClassifiedAd(minebayd1.Category, java.lang.String, int)]/[test-template-invocation:#5]
display-name: [5] BOOKS, À vendre, 45
]]></system-out>
</testcase>
<testcase name="testClassifiedAd(Category, String, int)[6]" classname="minebayd1.test.TestClassifiedAd" time="0">
<system-out><![CDATA[
unique-id: [engine:junit-jupiter]/[class:minebayd1.test.TestClassifiedAd]/[test-template:testClassifiedAd(minebayd1.Category, java.lang.String, int)]/[test-template-invocation:#6]
display-name: [6] GAMES, À vendre, 2
]]></system-out>
</testcase>
<testcase name="testClassifiedAd(Category, String, int)[7]" classname="minebayd1.test.TestClassifiedAd" time="0">
<system-out><![CDATA[
unique-id: [engine:junit-jupiter]/[class:minebayd1.test.TestClassifiedAd]/[test-template:testClassifiedAd(minebayd1.Category, java.lang.String, int)]/[test-template-invocation:#7]
display-name: [7] COMPUTERS, À vendre, 16
]]></system-out>
</testcase>
<testcase name="testClassifiedAd(Category, String, int)[8]" classname="minebayd1.test.TestClassifiedAd" time="0">
<system-out><![CDATA[
unique-id: [engine:junit-jupiter]/[class:minebayd1.test.TestClassifiedAd]/[test-template:testClassifiedAd(minebayd1.Category, java.lang.String, int)]/[test-template-invocation:#8]
display-name: [8] BOOKS, À vendre, 9
]]></system-out>
</testcase>
<testcase name="testClassifiedAd(Category, String, int)[9]" classname="minebayd1.test.TestClassifiedAd" time="0">
<system-out><![CDATA[
unique-id: [engine:junit-jupiter]/[class:minebayd1.test.TestClassifiedAd]/[test-template:testClassifiedAd(minebayd1.Category, java.lang.String, int)]/[test-template-invocation:#9]
display-name: [9] BOOKS, À vendre, 41
]]></system-out>
</testcase>
<testcase name="testClassifiedAd(Category, String, int)[10]" classname="minebayd1.test.TestClassifiedAd" time="0">
<system-out><![CDATA[
unique-id: [engine:junit-jupiter]/[class:minebayd1.test.TestClassifiedAd]/[test-template:testClassifiedAd(minebayd1.Category, java.lang.String, int)]/[test-template-invocation:#10]
display-name: [10] CLOTHES, À vendre, 9
]]></system-out>
</testcase>
<testcase name="testClassifiedAd(Category, String, int)[11]" classname="minebayd1.test.TestClassifiedAd" time="0">
<system-out><![CDATA[
unique-id: [engine:junit-jupiter]/[class:minebayd1.test.TestClassifiedAd]/[test-template:testClassifiedAd(minebayd1.Category, java.lang.String, int)]/[test-template-invocation:#11]
display-name: [11] SHOES, À vendre, 29
]]></system-out>
</testcase>
<testcase name="testClassifiedAd(Category, String, int)[12]" classname="minebayd1.test.TestClassifiedAd" time="0">
<system-out><![CDATA[
unique-id: [engine:junit-jupiter]/[class:minebayd1.test.TestClassifiedAd]/[test-template:testClassifiedAd(minebayd1.Category, java.lang.String, int)]/[test-template-invocation:#12]
display-name: [12] GAMES, À vendre, 27
]]></system-out>
</testcase>
<testcase name="testClassifiedAd(Category, String, int)[13]" classname="minebayd1.test.TestClassifiedAd" time="0">
<system-out><![CDATA[
unique-id: [engine:junit-jupiter]/[class:minebayd1.test.TestClassifiedAd]/[test-template:testClassifiedAd(minebayd1.Category, java.lang.String, int)]/[test-template-invocation:#13]
display-name: [13] GAMES, À vendre, 20
]]></system-out>
</testcase>
<testcase name="testClassifiedAd(Category, String, int)[14]" classname="minebayd1.test.TestClassifiedAd" time="0">
<system-out><![CDATA[
unique-id: [engine:junit-jupiter]/[class:minebayd1.test.TestClassifiedAd]/[test-template:testClassifiedAd(minebayd1.Category, java.lang.String, int)]/[test-template-invocation:#14]
display-name: [14] GAMES, À vendre, 35
]]></system-out>
</testcase>
<testcase name="testClassifiedAd(Category, String, int)[15]" classname="minebayd1.test.TestClassifiedAd" time="0">
<system-out><![CDATA[
unique-id: [engine:junit-jupiter]/[class:minebayd1.test.TestClassifiedAd]/[test-template:testClassifiedAd(minebayd1.Category, java.lang.String, int)]/[test-template-invocation:#15]
display-name: [15] COMPUTERS, À vendre, 39
]]></system-out>
</testcase>
<testcase name="testClassifiedAd(Category, String, int)[16]" classname="minebayd1.test.TestClassifiedAd" time="0.001">
<system-out><![CDATA[
unique-id: [engine:junit-jupiter]/[class:minebayd1.test.TestClassifiedAd]/[test-template:testClassifiedAd(minebayd1.Category, java.lang.String, int)]/[test-template-invocation:#16]
display-name: [16] SHOES, À vendre, 33
]]></system-out>
</testcase>
<testcase name="testClassifiedAd(Category, String, int)[17]" classname="minebayd1.test.TestClassifiedAd" time="0">
<system-out><![CDATA[
unique-id: [engine:junit-jupiter]/[class:minebayd1.test.TestClassifiedAd]/[test-template:testClassifiedAd(minebayd1.Category, java.lang.String, int)]/[test-template-invocation:#17]
display-name: [17] CLOTHES, À vendre, 13
]]></system-out>
</testcase>
<testcase name="testClassifiedAd(Category, String, int)[18]" classname="minebayd1.test.TestClassifiedAd" time="0">
<system-out><![CDATA[
unique-id: [engine:junit-jupiter]/[class:minebayd1.test.TestClassifiedAd]/[test-template:testClassifiedAd(minebayd1.Category, java.lang.String, int)]/[test-template-invocation:#18]
display-name: [18] SHOES, À vendre, 4
]]></system-out>
</testcase>
<testcase name="testClassifiedAd(Category, String, int)[19]" classname="minebayd1.test.TestClassifiedAd" time="0">
<system-out><![CDATA[
unique-id: [engine:junit-jupiter]/[class:minebayd1.test.TestClassifiedAd]/[test-template:testClassifiedAd(minebayd1.Category, java.lang.String, int)]/[test-template-invocation:#19]
display-name: [19] GAMES, À vendre, 24
]]></system-out>
</testcase>
<testcase name="testClassifiedAd(Category, String, int)[20]" classname="minebayd1.test.TestClassifiedAd" time="0">
<system-out><![CDATA[
unique-id: [engine:junit-jupiter]/[class:minebayd1.test.TestClassifiedAd]/[test-template:testClassifiedAd(minebayd1.Category, java.lang.String, int)]/[test-template-invocation:#20]
display-name: [20] GAMES, À vendre, 38
]]></system-out>
</testcase>
<testcase name="testClassifiedAd(Category, String, int)[21]" classname="minebayd1.test.TestClassifiedAd" time="0">
<system-out><![CDATA[
unique-id: [engine:junit-jupiter]/[class:minebayd1.test.TestClassifiedAd]/[test-template:testClassifiedAd(minebayd1.Category, java.lang.String, int)]/[test-template-invocation:#21]
display-name: [21] COMPUTERS, À vendre, 3
]]></system-out>
</testcase>
<testcase name="testClassifiedAd(Category, String, int)[22]" classname="minebayd1.test.TestClassifiedAd" time="0">
<system-out><![CDATA[
unique-id: [engine:junit-jupiter]/[class:minebayd1.test.TestClassifiedAd]/[test-template:testClassifiedAd(minebayd1.Category, java.lang.String, int)]/[test-template-invocation:#22]
display-name: [22] GAMES, À vendre, 44
]]></system-out>
</testcase>
<testcase name="testClassifiedAd(Category, String, int)[23]" classname="minebayd1.test.TestClassifiedAd" time="0">
<system-out><![CDATA[
unique-id: [engine:junit-jupiter]/[class:minebayd1.test.TestClassifiedAd]/[test-template:testClassifiedAd(minebayd1.Category, java.lang.String, int)]/[test-template-invocation:#23]
display-name: [23] COMPUTERS, À vendre, 2
]]></system-out>
</testcase>
<testcase name="testClassifiedAd(Category, String, int)[24]" classname="minebayd1.test.TestClassifiedAd" time="0">
<system-out><![CDATA[
unique-id: [engine:junit-jupiter]/[class:minebayd1.test.TestClassifiedAd]/[test-template:testClassifiedAd(minebayd1.Category, java.lang.String, int)]/[test-template-invocation:#24]
display-name: [24] GAMES, À vendre, 21
]]></system-out>
</testcase>
<testcase name="testClassifiedAd(Category, String, int)[25]" classname="minebayd1.test.TestClassifiedAd" time="0">
<system-out><![CDATA[
unique-id: [engine:junit-jupiter]/[class:minebayd1.test.TestClassifiedAd]/[test-template:testClassifiedAd(minebayd1.Category, java.lang.String, int)]/[test-template-invocation:#25]
display-name: [25] GAMES, À vendre, 11
]]></system-out>
</testcase>
<testcase name="testClassifiedAd(Category, String, int)[26]" classname="minebayd1.test.TestClassifiedAd" time="0">
<system-out><![CDATA[
unique-id: [engine:junit-jupiter]/[class:minebayd1.test.TestClassifiedAd]/[test-template:testClassifiedAd(minebayd1.Category, java.lang.String, int)]/[test-template-invocation:#26]
display-name: [26] SHOES, À vendre, 4
]]></system-out>
</testcase>
<testcase name="testClassifiedAd(Category, String, int)[27]" classname="minebayd1.test.TestClassifiedAd" time="0">
<system-out><![CDATA[
unique-id: [engine:junit-jupiter]/[class:minebayd1.test.TestClassifiedAd]/[test-template:testClassifiedAd(minebayd1.Category, java.lang.String, int)]/[test-template-invocation:#27]
display-name: [27] GAMES, À vendre, 6
]]></system-out>
</testcase>
<testcase name="testClassifiedAd(Category, String, int)[28]" classname="minebayd1.test.TestClassifiedAd" time="0">
<system-out><![CDATA[
unique-id: [engine:junit-jupiter]/[class:minebayd1.test.TestClassifiedAd]/[test-template:testClassifiedAd(minebayd1.Category, java.lang.String, int)]/[test-template-invocation:#28]
display-name: [28] GAMES, À vendre, 32
]]></system-out>
</testcase>
<testcase name="testClassifiedAd(Category, String, int)[29]" classname="minebayd1.test.TestClassifiedAd" time="0">
<system-out><![CDATA[
unique-id: [engine:junit-jupiter]/[class:minebayd1.test.TestClassifiedAd]/[test-template:testClassifiedAd(minebayd1.Category, java.lang.String, int)]/[test-template-invocation:#29]
display-name: [29] CLOTHES, À vendre, 44
]]></system-out>
</testcase>
<testcase name="testClassifiedAd(Category, String, int)[30]" classname="minebayd1.test.TestClassifiedAd" time="0">
<system-out><![CDATA[
unique-id: [engine:junit-jupiter]/[class:minebayd1.test.TestClassifiedAd]/[test-template:testClassifiedAd(minebayd1.Category, java.lang.String, int)]/[test-template-invocation:#30]
display-name: [30] BOOKS, À vendre, 3
]]></system-out>
</testcase>
<testcase name="testClassifiedAd(Category, String, int)[31]" classname="minebayd1.test.TestClassifiedAd" time="0">
<system-out><![CDATA[
unique-id: [engine:junit-jupiter]/[class:minebayd1.test.TestClassifiedAd]/[test-template:testClassifiedAd(minebayd1.Category, java.lang.String, int)]/[test-template-invocation:#31]
display-name: [31] GAMES, À vendre, 43
]]></system-out>
</testcase>
<testcase name="testClassifiedAd(Category, String, int)[32]" classname="minebayd1.test.TestClassifiedAd" time="0">
<system-out><![CDATA[
unique-id: [engine:junit-jupiter]/[class:minebayd1.test.TestClassifiedAd]/[test-template:testClassifiedAd(minebayd1.Category, java.lang.String, int)]/[test-template-invocation:#32]
display-name: [32] GAMES, À vendre, 37
]]></system-out>
</testcase>
<testcase name="testClassifiedAd(Category, String, int)[33]" classname="minebayd1.test.TestClassifiedAd" time="0">
<system-out><![CDATA[
unique-id: [engine:junit-jupiter]/[class:minebayd1.test.TestClassifiedAd]/[test-template:testClassifiedAd(minebayd1.Category, java.lang.String, int)]/[test-template-invocation:#33]
display-name: [33] COMPUTERS, À vendre, 15
]]></system-out>
</testcase>
<testcase name="testClassifiedAd(Category, String, int)[34]" classname="minebayd1.test.TestClassifiedAd" time="0">
<system-out><![CDATA[
unique-id: [engine:junit-jupiter]/[class:minebayd1.test.TestClassifiedAd]/[test-template:testClassifiedAd(minebayd1.Category, java.lang.String, int)]/[test-template-invocation:#34]
display-name: [34] SHOES, À vendre, 21
]]></system-out>
</testcase>
<testcase name="testClassifiedAd(Category, String, int)[35]" classname="minebayd1.test.TestClassifiedAd" time="0">
<system-out><![CDATA[
unique-id: [engine:junit-jupiter]/[class:minebayd1.test.TestClassifiedAd]/[test-template:testClassifiedAd(minebayd1.Category, java.lang.String, int)]/[test-template-invocation:#35]
display-name: [35] SHOES, À vendre, 6
]]></system-out>
</testcase>
<testcase name="testClassifiedAd(Category, String, int)[36]" classname="minebayd1.test.TestClassifiedAd" time="0">
<system-out><![CDATA[
unique-id: [engine:junit-jupiter]/[class:minebayd1.test.TestClassifiedAd]/[test-template:testClassifiedAd(minebayd1.Category, java.lang.String, int)]/[test-template-invocation:#36]
display-name: [36] BOOKS, À vendre, 38
]]></system-out>
</testcase>
<testcase name="testClassifiedAd(Category, String, int)[37]" classname="minebayd1.test.TestClassifiedAd" time="0">
<system-out><![CDATA[
unique-id: [engine:junit-jupiter]/[class:minebayd1.test.TestClassifiedAd]/[test-template:testClassifiedAd(minebayd1.Category, java.lang.String, int)]/[test-template-invocation:#37]
display-name: [37] SHOES, À vendre, 43
]]></system-out>
</testcase>
<testcase name="testClassifiedAd(Category, String, int)[38]" classname="minebayd1.test.TestClassifiedAd" time="0">
<system-out><![CDATA[
unique-id: [engine:junit-jupiter]/[class:minebayd1.test.TestClassifiedAd]/[test-template:testClassifiedAd(minebayd1.Category, java.lang.String, int)]/[test-template-invocation:#38]
display-name: [38] SHOES, À vendre, 2
]]></system-out>
</testcase>
<testcase name="testClassifiedAd(Category, String, int)[39]" classname="minebayd1.test.TestClassifiedAd" time="0">
<system-out><![CDATA[
unique-id: [engine:junit-jupiter]/[class:minebayd1.test.TestClassifiedAd]/[test-template:testClassifiedAd(minebayd1.Category, java.lang.String, int)]/[test-template-invocation:#39]
display-name: [39] COMPUTERS, À vendre, 43
]]></system-out>
</testcase>
<testcase name="testClassifiedAd(Category, String, int)[40]" classname="minebayd1.test.TestClassifiedAd" time="0">
<system-out><![CDATA[
unique-id: [engine:junit-jupiter]/[class:minebayd1.test.TestClassifiedAd]/[test-template:testClassifiedAd(minebayd1.Category, java.lang.String, int)]/[test-template-invocation:#40]
display-name: [40] BOOKS, À vendre, 31
]]></system-out>
</testcase>
<testcase name="testClassifiedAd(Category, String, int)[41]" classname="minebayd1.test.TestClassifiedAd" time="0">
<system-out><![CDATA[
unique-id: [engine:junit-jupiter]/[class:minebayd1.test.TestClassifiedAd]/[test-template:testClassifiedAd(minebayd1.Category, java.lang.String, int)]/[test-template-invocation:#41]
display-name: [41] GAMES, À vendre, 30
]]></system-out>
</testcase>
<testcase name="testClassifiedAd(Category, String, int)[42]" classname="minebayd1.test.TestClassifiedAd" time="0">
<system-out><![CDATA[
unique-id: [engine:junit-jupiter]/[class:minebayd1.test.TestClassifiedAd]/[test-template:testClassifiedAd(minebayd1.Category, java.lang.String, int)]/[test-template-invocation:#42]
display-name: [42] BOOKS, À vendre, 11
]]></system-out>
</testcase>
<testcase name="testClassifiedAd(Category, String, int)[43]" classname="minebayd1.test.TestClassifiedAd" time="0">
<system-out><![CDATA[
unique-id: [engine:junit-jupiter]/[class:minebayd1.test.TestClassifiedAd]/[test-template:testClassifiedAd(minebayd1.Category, java.lang.String, int)]/[test-template-invocation:#43]
display-name: [43] COMPUTERS, À vendre, 34
]]></system-out>
</testcase>
<testcase name="testClassifiedAd(Category, String, int)[44]" classname="minebayd1.test.TestClassifiedAd" time="0">
<system-out><![CDATA[
unique-id: [engine:junit-jupiter]/[class:minebayd1.test.TestClassifiedAd]/[test-template:testClassifiedAd(minebayd1.Category, java.lang.String, int)]/[test-template-invocation:#44]
display-name: [44] BOOKS, À vendre, 42
]]></system-out>
</testcase>
<testcase name="testClassifiedAd(Category, String, int)[45]" classname="minebayd1.test.TestClassifiedAd" time="0">
<system-out><![CDATA[
unique-id: [engine:junit-jupiter]/[class:minebayd1.test.TestClassifiedAd]/[test-template:testClassifiedAd(minebayd1.Category, java.lang.String, int)]/[test-template-invocation:#45]
display-name: [45] SHOES, À vendre, 1
]]></system-out>
</testcase>
<testcase name="testClassifiedAd(Category, String, int)[46]" classname="minebayd1.test.TestClassifiedAd" time="0">
<system-out><![CDATA[
unique-id: [engine:junit-jupiter]/[class:minebayd1.test.TestClassifiedAd]/[test-template:testClassifiedAd(minebayd1.Category, java.lang.String, int)]/[test-template-invocation:#46]
display-name: [46] BOOKS, À vendre, 21
]]></system-out>
</testcase>
<testcase name="testClassifiedAd(Category, String, int)[47]" classname="minebayd1.test.TestClassifiedAd" time="0">
<system-out><![CDATA[
unique-id: [engine:junit-jupiter]/[class:minebayd1.test.TestClassifiedAd]/[test-template:testClassifiedAd(minebayd1.Category, java.lang.String, int)]/[test-template-invocation:#47]
display-name: [47] CLOTHES, À vendre, 30
]]></system-out>
</testcase>
<testcase name="testClassifiedAd(Category, String, int)[48]" classname="minebayd1.test.TestClassifiedAd" time="0">
<system-out><![CDATA[
unique-id: [engine:junit-jupiter]/[class:minebayd1.test.TestClassifiedAd]/[test-template:testClassifiedAd(minebayd1.Category, java.lang.String, int)]/[test-template-invocation:#48]
display-name: [48] COMPUTERS, À vendre, 27
]]></system-out>
</testcase>
<testcase name="testClassifiedAd(Category, String, int)[49]" classname="minebayd1.test.TestClassifiedAd" time="0">
<system-out><![CDATA[
unique-id: [engine:junit-jupiter]/[class:minebayd1.test.TestClassifiedAd]/[test-template:testClassifiedAd(minebayd1.Category, java.lang.String, int)]/[test-template-invocation:#49]
display-name: [49] SHOES, À vendre, 47
]]></system-out>
</testcase>
<testcase name="testClassifiedAd(Category, String, int)[50]" classname="minebayd1.test.TestClassifiedAd" time="0">
<system-out><![CDATA[
unique-id: [engine:junit-jupiter]/[class:minebayd1.test.TestClassifiedAd]/[test-template:testClassifiedAd(minebayd1.Category, java.lang.String, int)]/[test-template-invocation:#50]
display-name: [50] SHOES, À vendre, 29
]]></system-out>
</testcase>
<testcase name="testClassifiedAd(Category, String, int)[51]" classname="minebayd1.test.TestClassifiedAd" time="0">
<system-out><![CDATA[
unique-id: [engine:junit-jupiter]/[class:minebayd1.test.TestClassifiedAd]/[test-template:testClassifiedAd(minebayd1.Category, java.lang.String, int)]/[test-template-invocation:#51]
display-name: [51] GAMES, À vendre, 24
]]></system-out>
</testcase>
<testcase name="testClassifiedAd(Category, String, int)[52]" classname="minebayd1.test.TestClassifiedAd" time="0">
<system-out><![CDATA[
unique-id: [engine:junit-jupiter]/[class:minebayd1.test.TestClassifiedAd]/[test-template:testClassifiedAd(minebayd1.Category, java.lang.String, int)]/[test-template-invocation:#52]
display-name: [52] CLOTHES, À vendre, 18
]]></system-out>
</testcase>
<testcase name="testClassifiedAd(Category, String, int)[53]" classname="minebayd1.test.TestClassifiedAd" time="0">
<system-out><![CDATA[
unique-id: [engine:junit-jupiter]/[class:minebayd1.test.TestClassifiedAd]/[test-template:testClassifiedAd(minebayd1.Category, java.lang.String, int)]/[test-template-invocation:#53]
display-name: [53] SHOES, À vendre, 27
]]></system-out>
</testcase>
<testcase name="testClassifiedAd(Category, String, int)[54]" classname="minebayd1.test.TestClassifiedAd" time="0">
<system-out><![CDATA[
unique-id: [engine:junit-jupiter]/[class:minebayd1.test.TestClassifiedAd]/[test-template:testClassifiedAd(minebayd1.Category, java.lang.String, int)]/[test-template-invocation:#54]
display-name: [54] COMPUTERS, À vendre, 43
]]></system-out>
</testcase>
<testcase name="testClassifiedAd(Category, String, int)[55]" classname="minebayd1.test.TestClassifiedAd" time="0">
<system-out><![CDATA[
unique-id: [engine:junit-jupiter]/[class:minebayd1.test.TestClassifiedAd]/[test-template:testClassifiedAd(minebayd1.Category, java.lang.String, int)]/[test-template-invocation:#55]
display-name: [55] BOOKS, À vendre, 16
]]></system-out>
</testcase>
<testcase name="testClassifiedAd(Category, String, int)[56]" classname="minebayd1.test.TestClassifiedAd" time="0">
<system-out><![CDATA[
unique-id: [engine:junit-jupiter]/[class:minebayd1.test.TestClassifiedAd]/[test-template:testClassifiedAd(minebayd1.Category, java.lang.String, int)]/[test-template-invocation:#56]
display-name: [56] SHOES, À vendre, 38
]]></system-out>
</testcase>
<testcase name="testClassifiedAd(Category, String, int)[57]" classname="minebayd1.test.TestClassifiedAd" time="0">
<system-out><![CDATA[
unique-id: [engine:junit-jupiter]/[class:minebayd1.test.TestClassifiedAd]/[test-template:testClassifiedAd(minebayd1.Category, java.lang.String, int)]/[test-template-invocation:#57]
display-name: [57] SHOES, À vendre, 8
]]></system-out>
</testcase>
<testcase name="testClassifiedAd(Category, String, int)[58]" classname="minebayd1.test.TestClassifiedAd" time="0">
<system-out><![CDATA[
unique-id: [engine:junit-jupiter]/[class:minebayd1.test.TestClassifiedAd]/[test-template:testClassifiedAd(minebayd1.Category, java.lang.String, int)]/[test-template-invocation:#58]
display-name: [58] CLOTHES, À vendre, 45
]]></system-out>
</testcase>
<testcase name="testClassifiedAd(Category, String, int)[59]" classname="minebayd1.test.TestClassifiedAd" time="0">
<system-out><![CDATA[
unique-id: [engine:junit-jupiter]/[class:minebayd1.test.TestClassifiedAd]/[test-template:testClassifiedAd(minebayd1.Category, java.lang.String, int)]/[test-template-invocation:#59]
display-name: [59] SHOES, À vendre, 22
]]></system-out>
</testcase>
<testcase name="testClassifiedAd(Category, String, int)[60]" classname="minebayd1.test.TestClassifiedAd" time="0">
<system-out><![CDATA[
unique-id: [engine:junit-jupiter]/[class:minebayd1.test.TestClassifiedAd]/[test-template:testClassifiedAd(minebayd1.Category, java.lang.String, int)]/[test-template-invocation:#60]
display-name: [60] COMPUTERS, À vendre, 32
]]></system-out>
</testcase>
<testcase name="testClassifiedAd(Category, String, int)[61]" classname="minebayd1.test.TestClassifiedAd" time="0">
<system-out><![CDATA[
unique-id: [engine:junit-jupiter]/[class:minebayd1.test.TestClassifiedAd]/[test-template:testClassifiedAd(minebayd1.Category, java.lang.String, int)]/[test-template-invocation:#61]
display-name: [61] SHOES, À vendre, 24
]]></system-out>
</testcase>
<testcase name="testClassifiedAd(Category, String, int)[62]" classname="minebayd1.test.TestClassifiedAd" time="0">
<system-out><![CDATA[
unique-id: [engine:junit-jupiter]/[class:minebayd1.test.TestClassifiedAd]/[test-template:testClassifiedAd(minebayd1.Category, java.lang.String, int)]/[test-template-invocation:#62]
display-name: [62] COMPUTERS, À vendre, 36
]]></system-out>
</testcase>
<testcase name="testClassifiedAd(Category, String, int)[63]" classname="minebayd1.test.TestClassifiedAd" time="0">
<system-out><![CDATA[
unique-id: [engine:junit-jupiter]/[class:minebayd1.test.TestClassifiedAd]/[test-template:testClassifiedAd(minebayd1.Category, java.lang.String, int)]/[test-template-invocation:#63]
display-name: [63] BOOKS, À vendre, 11
]]></system-out>
</testcase>
<testcase name="testClassifiedAd(Category, String, int)[64]" classname="minebayd1.test.TestClassifiedAd" time="0">
<system-out><![CDATA[
unique-id: [engine:junit-jupiter]/[class:minebayd1.test.TestClassifiedAd]/[test-template:testClassifiedAd(minebayd1.Category, java.lang.String, int)]/[test-template-invocation:#64]
display-name: [64] CLOTHES, À vendre, 30
]]></system-out>
</testcase>
<testcase name="testClassifiedAd(Category, String, int)[65]" classname="minebayd1.test.TestClassifiedAd" time="0">
<system-out><![CDATA[
unique-id: [engine:junit-jupiter]/[class:minebayd1.test.TestClassifiedAd]/[test-template:testClassifiedAd(minebayd1.Category, java.lang.String, int)]/[test-template-invocation:#65]
display-name: [65] BOOKS, À vendre, 25
]]></system-out>
</testcase>
<testcase name="testClassifiedAd(Category, String, int)[66]" classname="minebayd1.test.TestClassifiedAd" time="0">
<system-out><![CDATA[
unique-id: [engine:junit-jupiter]/[class:minebayd1.test.TestClassifiedAd]/[test-template:testClassifiedAd(minebayd1.Category, java.lang.String, int)]/[test-template-invocation:#66]
display-name: [66] BOOKS, À vendre, 9
]]></system-out>
</testcase>
<testcase name="testClassifiedAd(Category, String, int)[67]" classname="minebayd1.test.TestClassifiedAd" time="0">
<system-out><![CDATA[
unique-id: [engine:junit-jupiter]/[class:minebayd1.test.TestClassifiedAd]/[test-template:testClassifiedAd(minebayd1.Category, java.lang.String, int)]/[test-template-invocation:#67]
display-name: [67] GAMES, À vendre, 21
]]></system-out>
</testcase>
<testcase name="testClassifiedAd(Category, String, int)[68]" classname="minebayd1.test.TestClassifiedAd" time="0">
<system-out><![CDATA[
unique-id: [engine:junit-jupiter]/[class:minebayd1.test.TestClassifiedAd]/[test-template:testClassifiedAd(minebayd1.Category, java.lang.String, int)]/[test-template-invocation:#68]
display-name: [68] GAMES, À vendre, 40
]]></system-out>
</testcase>
<testcase name="testClassifiedAd(Category, String, int)[69]" classname="minebayd1.test.TestClassifiedAd" time="0">
<system-out><![CDATA[
unique-id: [engine:junit-jupiter]/[class:minebayd1.test.TestClassifiedAd]/[test-template:testClassifiedAd(minebayd1.Category, java.lang.String, int)]/[test-template-invocation:#69]
display-name: [69] BOOKS, À vendre, 35
]]></system-out>
</testcase>
<testcase name="testClassifiedAd(Category, String, int)[70]" classname="minebayd1.test.TestClassifiedAd" time="0">
<system-out><![CDATA[
unique-id: [engine:junit-jupiter]/[class:minebayd1.test.TestClassifiedAd]/[test-template:testClassifiedAd(minebayd1.Category, java.lang.String, int)]/[test-template-invocation:#70]
display-name: [70] BOOKS, À vendre, 13
]]></system-out>
</testcase>
<testcase name="testClassifiedAd(Category, String, int)[71]" classname="minebayd1.test.TestClassifiedAd" time="0">
<system-out><![CDATA[
unique-id: [engine:junit-jupiter]/[class:minebayd1.test.TestClassifiedAd]/[test-template:testClassifiedAd(minebayd1.Category, java.lang.String, int)]/[test-template-invocation:#71]
display-name: [71] BOOKS, À vendre, 26
]]></system-out>
</testcase>
<testcase name="testClassifiedAd(Category, String, int)[72]" classname="minebayd1.test.TestClassifiedAd" time="0">
<system-out><![CDATA[
unique-id: [engine:junit-jupiter]/[class:minebayd1.test.TestClassifiedAd]/[test-template:testClassifiedAd(minebayd1.Category, java.lang.String, int)]/[test-template-invocation:#72]
display-name: [72] BOOKS, À vendre, 47
]]></system-out>
</testcase>
<testcase name="testClassifiedAd(Category, String, int)[73]" classname="minebayd1.test.TestClassifiedAd" time="0">
<system-out><![CDATA[
unique-id: [engine:junit-jupiter]/[class:minebayd1.test.TestClassifiedAd]/[test-template:testClassifiedAd(minebayd1.Category, java.lang.String, int)]/[test-template-invocation:#73]
display-name: [73] COMPUTERS, À vendre, 38
]]></system-out>
</testcase>
<testcase name="testClassifiedAd(Category, String, int)[74]" classname="minebayd1.test.TestClassifiedAd" time="0">
<system-out><![CDATA[
unique-id: [engine:junit-jupiter]/[class:minebayd1.test.TestClassifiedAd]/[test-template:testClassifiedAd(minebayd1.Category, java.lang.String, int)]/[test-template-invocation:#74]
display-name: [74] SHOES, À vendre, 48
]]></system-out>
</testcase>
<testcase name="testClassifiedAd(Category, String, int)[75]" classname="minebayd1.test.TestClassifiedAd" time="0">
<system-out><![CDATA[
unique-id: [engine:junit-jupiter]/[class:minebayd1.test.TestClassifiedAd]/[test-template:testClassifiedAd(minebayd1.Category, java.lang.String, int)]/[test-template-invocation:#75]
display-name: [75] BOOKS, À vendre, 13
]]></system-out>
</testcase>
<testcase name="testClassifiedAd(Category, String, int)[76]" classname="minebayd1.test.TestClassifiedAd" time="0">
<system-out><![CDATA[
unique-id: [engine:junit-jupiter]/[class:minebayd1.test.TestClassifiedAd]/[test-template:testClassifiedAd(minebayd1.Category, java.lang.String, int)]/[test-template-invocation:#76]
display-name: [76] COMPUTERS, À vendre, 9
]]></system-out>
</testcase>
<testcase name="testClassifiedAd(Category, String, int)[77]" classname="minebayd1.test.TestClassifiedAd" time="0">
<system-out><![CDATA[
unique-id: [engine:junit-jupiter]/[class:minebayd1.test.TestClassifiedAd]/[test-template:testClassifiedAd(minebayd1.Category, java.lang.String, int)]/[test-template-invocation:#77]
display-name: [77] GAMES, À vendre, 40
]]></system-out>
</testcase>
<testcase name="testClassifiedAd(Category, String, int)[78]" classname="minebayd1.test.TestClassifiedAd" time="0">
<system-out><![CDATA[
unique-id: [engine:junit-jupiter]/[class:minebayd1.test.TestClassifiedAd]/[test-template:testClassifiedAd(minebayd1.Category, java.lang.String, int)]/[test-template-invocation:#78]
display-name: [78] SHOES, À vendre, 42
]]></system-out>
</testcase>
<testcase name="testClassifiedAd(Category, String, int)[79]" classname="minebayd1.test.TestClassifiedAd" time="0">
<system-out><![CDATA[
unique-id: [engine:junit-jupiter]/[class:minebayd1.test.TestClassifiedAd]/[test-template:testClassifiedAd(minebayd1.Category, java.lang.String, int)]/[test-template-invocation:#79]
display-name: [79] COMPUTERS, À vendre, 44
]]></system-out>
</testcase>
<testcase name="testClassifiedAd(Category, String, int)[80]" classname="minebayd1.test.TestClassifiedAd" time="0">
<system-out><![CDATA[
unique-id: [engine:junit-jupiter]/[class:minebayd1.test.TestClassifiedAd]/[test-template:testClassifiedAd(minebayd1.Category, java.lang.String, int)]/[test-template-invocation:#80]
display-name: [80] SHOES, À vendre, 18
]]></system-out>
</testcase>
<testcase name="testClassifiedAd(Category, String, int)[81]" classname="minebayd1.test.TestClassifiedAd" time="0">
<system-out><![CDATA[
unique-id: [engine:junit-jupiter]/[class:minebayd1.test.TestClassifiedAd]/[test-template:testClassifiedAd(minebayd1.Category, java.lang.String, int)]/[test-template-invocation:#81]
display-name: [81] CLOTHES, À vendre, 18
]]></system-out>
</testcase>
<testcase name="testClassifiedAd(Category, String, int)[82]" classname="minebayd1.test.TestClassifiedAd" time="0">
<system-out><![CDATA[
unique-id: [engine:junit-jupiter]/[class:minebayd1.test.TestClassifiedAd]/[test-template:testClassifiedAd(minebayd1.Category, java.lang.String, int)]/[test-template-invocation:#82]
display-name: [82] COMPUTERS, À vendre, 47
]]></system-out>
</testcase>
<testcase name="testClassifiedAd(Category, String, int)[83]" classname="minebayd1.test.TestClassifiedAd" time="0">
<system-out><![CDATA[
unique-id: [engine:junit-jupiter]/[class:minebayd1.test.TestClassifiedAd]/[test-template:testClassifiedAd(minebayd1.Category, java.lang.String, int)]/[test-template-invocation:#83]
display-name: [83] SHOES, À vendre, 21
]]></system-out>
</testcase>
<testcase name="testClassifiedAd(Category, String, int)[84]" classname="minebayd1.test.TestClassifiedAd" time="0">
<system-out><![CDATA[
unique-id: [engine:junit-jupiter]/[class:minebayd1.test.TestClassifiedAd]/[test-template:testClassifiedAd(minebayd1.Category, java.lang.String, int)]/[test-template-invocation:#84]
display-name: [84] BOOKS, À vendre, 6
]]></system-out>
</testcase>
<testcase name="testClassifiedAd(Category, String, int)[85]" classname="minebayd1.test.TestClassifiedAd" time="0">
<system-out><![CDATA[
unique-id: [engine:junit-jupiter]/[class:minebayd1.test.TestClassifiedAd]/[test-template:testClassifiedAd(minebayd1.Category, java.lang.String, int)]/[test-template-invocation:#85]
display-name: [85] COMPUTERS, À vendre, 35
]]></system-out>
</testcase>
<testcase name="testClassifiedAd(Category, String, int)[86]" classname="minebayd1.test.TestClassifiedAd" time="0">
<system-out><![CDATA[
unique-id: [engine:junit-jupiter]/[class:minebayd1.test.TestClassifiedAd]/[test-template:testClassifiedAd(minebayd1.Category, java.lang.String, int)]/[test-template-invocation:#86]
display-name: [86] CLOTHES, À vendre, 50
]]></system-out>
</testcase>
<testcase name="testClassifiedAd(Category, String, int)[87]" classname="minebayd1.test.TestClassifiedAd" time="0">
<system-out><![CDATA[
unique-id: [engine:junit-jupiter]/[class:minebayd1.test.TestClassifiedAd]/[test-template:testClassifiedAd(minebayd1.Category, java.lang.String, int)]/[test-template-invocation:#87]
display-name: [87] SHOES, À vendre, 50
]]></system-out>
</testcase>
<testcase name="testClassifiedAd(Category, String, int)[88]" classname="minebayd1.test.TestClassifiedAd" time="0">
<system-out><![CDATA[
unique-id: [engine:junit-jupiter]/[class:minebayd1.test.TestClassifiedAd]/[test-template:testClassifiedAd(minebayd1.Category, java.lang.String, int)]/[test-template-invocation:#88]
display-name: [88] BOOKS, À vendre, 21
]]></system-out>
</testcase>
<testcase name="testClassifiedAd(Category, String, int)[89]" classname="minebayd1.test.TestClassifiedAd" time="0">
<system-out><![CDATA[
unique-id: [engine:junit-jupiter]/[class:minebayd1.test.TestClassifiedAd]/[test-template:testClassifiedAd(minebayd1.Category, java.lang.String, int)]/[test-template-invocation:#89]
display-name: [89] BOOKS, À vendre, 17
]]></system-out>
</testcase>
<testcase name="testClassifiedAd(Category, String, int)[90]" classname="minebayd1.test.TestClassifiedAd" time="0">
<system-out><![CDATA[
unique-id: [engine:junit-jupiter]/[class:minebayd1.test.TestClassifiedAd]/[test-template:testClassifiedAd(minebayd1.Category, java.lang.String, int)]/[test-template-invocation:#90]
display-name: [90] GAMES, À vendre, 26
]]></system-out>
</testcase>
<testcase name="testClassifiedAd(Category, String, int)[91]" classname="minebayd1.test.TestClassifiedAd" time="0">
<system-out><![CDATA[
unique-id: [engine:junit-jupiter]/[class:minebayd1.test.TestClassifiedAd]/[test-template:testClassifiedAd(minebayd1.Category, java.lang.String, int)]/[test-template-invocation:#91]
display-name: [91] BOOKS, À vendre, 50
]]></system-out>
</testcase>
<testcase name="testClassifiedAd(Category, String, int)[92]" classname="minebayd1.test.TestClassifiedAd" time="0">
<system-out><![CDATA[
unique-id: [engine:junit-jupiter]/[class:minebayd1.test.TestClassifiedAd]/[test-template:testClassifiedAd(minebayd1.Category, java.lang.String, int)]/[test-template-invocation:#92]
display-name: [92] COMPUTERS, À vendre, 9
]]></system-out>
</testcase>
<testcase name="testClassifiedAd(Category, String, int)[93]" classname="minebayd1.test.TestClassifiedAd" time="0">
<system-out><![CDATA[
unique-id: [engine:junit-jupiter]/[class:minebayd1.test.TestClassifiedAd]/[test-template:testClassifiedAd(minebayd1.Category, java.lang.String, int)]/[test-template-invocation:#93]
display-name: [93] SHOES, À vendre, 24
]]></system-out>
</testcase>
<testcase name="testClassifiedAd(Category, String, int)[94]" classname="minebayd1.test.TestClassifiedAd" time="0">
<system-out><![CDATA[
unique-id: [engine:junit-jupiter]/[class:minebayd1.test.TestClassifiedAd]/[test-template:testClassifiedAd(minebayd1.Category, java.lang.String, int)]/[test-template-invocation:#94]
display-name: [94] SHOES, À vendre, 29
]]></system-out>
</testcase>
<testcase name="testClassifiedAd(Category, String, int)[95]" classname="minebayd1.test.TestClassifiedAd" time="0">
<system-out><![CDATA[
unique-id: [engine:junit-jupiter]/[class:minebayd1.test.TestClassifiedAd]/[test-template:testClassifiedAd(minebayd1.Category, java.lang.String, int)]/[test-template-invocation:#95]
display-name: [95] COMPUTERS, À vendre, 47
]]></system-out>
</testcase>
<testcase name="testClassifiedAd(Category, String, int)[96]" classname="minebayd1.test.TestClassifiedAd" time="0">
<system-out><![CDATA[
unique-id: [engine:junit-jupiter]/[class:minebayd1.test.TestClassifiedAd]/[test-template:testClassifiedAd(minebayd1.Category, java.lang.String, int)]/[test-template-invocation:#96]
display-name: [96] COMPUTERS, À vendre, 36
]]></system-out>
</testcase>
<testcase name="testClassifiedAd(Category, String, int)[97]" classname="minebayd1.test.TestClassifiedAd" time="0">
<system-out><![CDATA[
unique-id: [engine:junit-jupiter]/[class:minebayd1.test.TestClassifiedAd]/[test-template:testClassifiedAd(minebayd1.Category, java.lang.String, int)]/[test-template-invocation:#97]
display-name: [97] COMPUTERS, À vendre, 4
]]></system-out>
</testcase>
<testcase name="testClassifiedAd(Category, String, int)[98]" classname="minebayd1.test.TestClassifiedAd" time="0">
<system-out><![CDATA[
unique-id: [engine:junit-jupiter]/[class:minebayd1.test.TestClassifiedAd]/[test-template:testClassifiedAd(minebayd1.Category, java.lang.String, int)]/[test-template-invocation:#98]
display-name: [98] BOOKS, À vendre, 27
]]></system-out>
</testcase>
<testcase name="testClassifiedAd(Category, String, int)[99]" classname="minebayd1.test.TestClassifiedAd" time="0">
<system-out><![CDATA[
unique-id: [engine:junit-jupiter]/[class:minebayd1.test.TestClassifiedAd]/[test-template:testClassifiedAd(minebayd1.Category, java.lang.String, int)]/[test-template-invocation:#99]
display-name: [99] COMPUTERS, À vendre, 40
]]></system-out>
</testcase>
<testcase name="testClassifiedAd(Category, String, int)[100]" classname="minebayd1.test.TestClassifiedAd" time="0">
<system-out><![CDATA[
unique-id: [engine:junit-jupiter]/[class:minebayd1.test.TestClassifiedAd]/[test-template:testClassifiedAd(minebayd1.Category, java.lang.String, int)]/[test-template-invocation:#100]
display-name: [100] GAMES, À vendre, 26
]]></system-out>
</testcase>
<testcase name="testgetDescription(ClassifiedAd)[1]" classname="minebayd1.test.TestClassifiedAd" time="0">
<system-out><![CDATA[
unique-id: [engine:junit-jupiter]/[class:minebayd1.test.TestClassifiedAd]/[test-template:testgetDescription(minebayd1.ClassifiedAd)]/[test-template-invocation:#1]
display-name: [1] L'annonce correspond à Annonce n°1484 from Marc crée le 2024-11-04T21:03:50.161576625Z et correpoond à SHOES et est à 17euros
]]></system-out>
</testcase>
<testcase name="testgetDescription(ClassifiedAd)[2]" classname="minebayd1.test.TestClassifiedAd" time="0">
<system-out><![CDATA[
unique-id: [engine:junit-jupiter]/[class:minebayd1.test.TestClassifiedAd]/[test-template:testgetDescription(minebayd1.ClassifiedAd)]/[test-template-invocation:#2]
display-name: [2] L'annonce correspond à Annonce n°1051 from Lyes crée le 2024-11-04T21:03:50.170523179Z et correpoond à COMPUTERS et est à 61euros
]]></system-out>
</testcase>
<testcase name="testgetDescription(ClassifiedAd)[3]" classname="minebayd1.test.TestClassifiedAd" time="0">
<system-out><![CDATA[
unique-id: [engine:junit-jupiter]/[class:minebayd1.test.TestClassifiedAd]/[test-template:testgetDescription(minebayd1.ClassifiedAd)]/[test-template-invocation:#3]
display-name: [3] L'annonce correspond à Annonce n°457 from Lamia crée le 2024-11-04T21:03:50.179083840Z et correpoond à GAMES et est à 38euros
]]></system-out>
</testcase>
<testcase name="testgetDescription(ClassifiedAd)[4]" classname="minebayd1.test.TestClassifiedAd" time="0">
<system-out><![CDATA[
unique-id: [engine:junit-jupiter]/[class:minebayd1.test.TestClassifiedAd]/[test-template:testgetDescription(minebayd1.ClassifiedAd)]/[test-template-invocation:#4]
display-name: [4] L'annonce correspond à Annonce n°1055 from Chanez crée le 2024-11-04T21:03:50.170477505Z et correpoond à SHOES et est à 11euros
]]></system-out>
</testcase>
<testcase name="testgetDescription(ClassifiedAd)[5]" classname="minebayd1.test.TestClassifiedAd" time="0">
<system-out><![CDATA[
unique-id: [engine:junit-jupiter]/[class:minebayd1.test.TestClassifiedAd]/[test-template:testgetDescription(minebayd1.ClassifiedAd)]/[test-template-invocation:#5]
display-name: [5] L'annonce correspond à Annonce n°178 from Ayman crée le 2024-11-04T21:03:50.180661207Z et correpoond à COMPUTERS et est à 15euros
]]></system-out>
</testcase>
<testcase name="testgetDescription(ClassifiedAd)[6]" classname="minebayd1.test.TestClassifiedAd" time="0">
<system-out><![CDATA[
unique-id: [engine:junit-jupiter]/[class:minebayd1.test.TestClassifiedAd]/[test-template:testgetDescription(minebayd1.ClassifiedAd)]/[test-template-invocation:#6]
display-name: [6] L'annonce correspond à Annonce n°1338 from Nima crée le 2024-11-04T21:03:50.165384685Z et correpoond à SHOES et est à 24euros
]]></system-out>
</testcase>
<testcase name="testgetDescription(ClassifiedAd)[7]" classname="minebayd1.test.TestClassifiedAd" time="0">
<system-out><![CDATA[
unique-id: [engine:junit-jupiter]/[class:minebayd1.test.TestClassifiedAd]/[test-template:testgetDescription(minebayd1.ClassifiedAd)]/[test-template-invocation:#7]
display-name: [7] L'annonce correspond à Annonce n°1317 from Boris crée le 2024-11-04T21:03:50.165651102Z et correpoond à BOOKS et est à 53euros
]]></system-out>
</testcase>
<testcase name="testgetDescription(ClassifiedAd)[8]" classname="minebayd1.test.TestClassifiedAd" time="0">
<system-out><![CDATA[
unique-id: [engine:junit-jupiter]/[class:minebayd1.test.TestClassifiedAd]/[test-template:testgetDescription(minebayd1.ClassifiedAd)]/[test-template-invocation:#8]
display-name: [8] L'annonce correspond à Annonce n°134 from Marc crée le 2024-11-04T21:03:50.181034011Z et correpoond à SHOES et est à 34euros
]]></system-out>
</testcase>
<testcase name="testgetDescription(ClassifiedAd)[9]" classname="minebayd1.test.TestClassifiedAd" time="0">
<system-out><![CDATA[
unique-id: [engine:junit-jupiter]/[class:minebayd1.test.TestClassifiedAd]/[test-template:testgetDescription(minebayd1.ClassifiedAd)]/[test-template-invocation:#9]
display-name: [9] L'annonce correspond à Annonce n°997 from Naila crée le 2024-11-04T21:03:50.171187105Z et correpoond à COMPUTERS et est à 60euros
]]></system-out>
</testcase>
<testcase name="testgetDescription(ClassifiedAd)[10]" classname="minebayd1.test.TestClassifiedAd" time="0">
<system-out><![CDATA[
unique-id: [engine:junit-jupiter]/[class:minebayd1.test.TestClassifiedAd]/[test-template:testgetDescription(minebayd1.ClassifiedAd)]/[test-template-invocation:#10]
display-name: [10] L'annonce correspond à Annonce n°208 from Mounir crée le 2024-11-04T21:03:50.180435566Z et correpoond à GAMES et est à 98euros
]]></system-out>
</testcase>
<testcase name="testgetDescription(ClassifiedAd)[11]" classname="minebayd1.test.TestClassifiedAd" time="0">
<system-out><![CDATA[
unique-id: [engine:junit-jupiter]/[class:minebayd1.test.TestClassifiedAd]/[test-template:testgetDescription(minebayd1.ClassifiedAd)]/[test-template-invocation:#11]
display-name: [11] L'annonce correspond à Annonce n°442 from Faycal crée le 2024-11-04T21:03:50.179166347Z et correpoond à CLOTHES et est à 12euros
]]></system-out>
</testcase>
<testcase name="testgetDescription(ClassifiedAd)[12]" classname="minebayd1.test.TestClassifiedAd" time="0">
<system-out><![CDATA[
unique-id: [engine:junit-jupiter]/[class:minebayd1.test.TestClassifiedAd]/[test-template:testgetDescription(minebayd1.ClassifiedAd)]/[test-template-invocation:#12]
display-name: [12] L'annonce correspond à Annonce n°776 from Sheraz crée le 2024-11-04T21:03:50.175760440Z et correpoond à COMPUTERS et est à 92euros
]]></system-out>
</testcase>
<testcase name="testgetDescription(ClassifiedAd)[13]" classname="minebayd1.test.TestClassifiedAd" time="0">
<system-out><![CDATA[
unique-id: [engine:junit-jupiter]/[class:minebayd1.test.TestClassifiedAd]/[test-template:testgetDescription(minebayd1.ClassifiedAd)]/[test-template-invocation:#13]
display-name: [13] L'annonce correspond à Annonce n°1435 from Boris crée le 2024-11-04T21:03:50.162915399Z et correpoond à COMPUTERS et est à 18euros
]]></system-out>
</testcase>
<testcase name="testgetDescription(ClassifiedAd)[14]" classname="minebayd1.test.TestClassifiedAd" time="0">
<system-out><![CDATA[
unique-id: [engine:junit-jupiter]/[class:minebayd1.test.TestClassifiedAd]/[test-template:testgetDescription(minebayd1.ClassifiedAd)]/[test-template-invocation:#14]
display-name: [14] L'annonce correspond à Annonce n°13 from Ayman crée le 2024-11-04T21:03:50.181703359Z et correpoond à COMPUTERS et est à 92euros
]]></system-out>
</testcase>
<testcase name="testgetDescription(ClassifiedAd)[15]" classname="minebayd1.test.TestClassifiedAd" time="0">
<system-out><![CDATA[
unique-id: [engine:junit-jupiter]/[class:minebayd1.test.TestClassifiedAd]/[test-template:testgetDescription(minebayd1.ClassifiedAd)]/[test-template-invocation:#15]
display-name: [15] L'annonce correspond à Annonce n°155 from Imam crée le 2024-11-04T21:03:50.180862110Z et correpoond à CLOTHES et est à 75euros
]]></system-out>
</testcase>
<testcase name="testgetDescription(ClassifiedAd)[16]" classname="minebayd1.test.TestClassifiedAd" time="0.001">
<system-out><![CDATA[
unique-id: [engine:junit-jupiter]/[class:minebayd1.test.TestClassifiedAd]/[test-template:testgetDescription(minebayd1.ClassifiedAd)]/[test-template-invocation:#16]
display-name: [16] L'annonce correspond à Annonce n°884 from Lamia crée le 2024-11-04T21:03:50.173870241Z et correpoond à SHOES et est à 17euros
]]></system-out>
</testcase>
<testcase name="testgetDescription(ClassifiedAd)[17]" classname="minebayd1.test.TestClassifiedAd" time="0">
<system-out><![CDATA[
unique-id: [engine:junit-jupiter]/[class:minebayd1.test.TestClassifiedAd]/[test-template:testgetDescription(minebayd1.ClassifiedAd)]/[test-template-invocation:#17]
display-name: [17] L'annonce correspond à Annonce n°1384 from Zahra crée le 2024-11-04T21:03:50.164214371Z et correpoond à SHOES et est à 18euros
]]></system-out>
</testcase>
<testcase name="testgetDescription(ClassifiedAd)[18]" classname="minebayd1.test.TestClassifiedAd" time="0">
<system-out><![CDATA[
unique-id: [engine:junit-jupiter]/[class:minebayd1.test.TestClassifiedAd]/[test-template:testgetDescription(minebayd1.ClassifiedAd)]/[test-template-invocation:#18]
display-name: [18] L'annonce correspond à Annonce n°1403 from Marcel crée le 2024-11-04T21:03:50.164010685Z et correpoond à SHOES et est à 96euros
]]></system-out>
</testcase>
<testcase name="testgetDescription(ClassifiedAd)[19]" classname="minebayd1.test.TestClassifiedAd" time="0">
<system-out><![CDATA[
unique-id: [engine:junit-jupiter]/[class:minebayd1.test.TestClassifiedAd]/[test-template:testgetDescription(minebayd1.ClassifiedAd)]/[test-template-invocation:#19]
display-name: [19] L'annonce correspond à Annonce n°70 from Sheraz crée le 2024-11-04T21:03:50.181424863Z et correpoond à GAMES et est à 74euros
]]></system-out>
</testcase>
<testcase name="testgetDescription(ClassifiedAd)[20]" classname="minebayd1.test.TestClassifiedAd" time="0">
<system-out><![CDATA[
unique-id: [engine:junit-jupiter]/[class:minebayd1.test.TestClassifiedAd]/[test-template:testgetDescription(minebayd1.ClassifiedAd)]/[test-template-invocation:#20]
display-name: [20] L'annonce correspond à Annonce n°117 from Yanis crée le 2024-11-04T21:03:50.181168745Z et correpoond à SHOES et est à 77euros
]]></system-out>
</testcase>
<testcase name="testgetDescription(ClassifiedAd)[21]" classname="minebayd1.test.TestClassifiedAd" time="0">
<system-out><![CDATA[
unique-id: [engine:junit-jupiter]/[class:minebayd1.test.TestClassifiedAd]/[test-template:testgetDescription(minebayd1.ClassifiedAd)]/[test-template-invocation:#21]
display-name: [21] L'annonce correspond à Annonce n°352 from Lamia crée le 2024-11-04T21:03:50.179642261Z et correpoond à SHOES et est à 39euros
]]></system-out>
</testcase>
<testcase name="testgetDescription(ClassifiedAd)[22]" classname="minebayd1.test.TestClassifiedAd" time="0">
<system-out><![CDATA[
unique-id: [engine:junit-jupiter]/[class:minebayd1.test.TestClassifiedAd]/[test-template:testgetDescription(minebayd1.ClassifiedAd)]/[test-template-invocation:#22]
display-name: [22] L'annonce correspond à Annonce n°300 from Lamia crée le 2024-11-04T21:03:50.179920016Z et correpoond à CLOTHES et est à 78euros
]]></system-out>
</testcase>
<testcase name="testgetDescription(ClassifiedAd)[23]" classname="minebayd1.test.TestClassifiedAd" time="0">
<system-out><![CDATA[
unique-id: [engine:junit-jupiter]/[class:minebayd1.test.TestClassifiedAd]/[test-template:testgetDescription(minebayd1.ClassifiedAd)]/[test-template-invocation:#23]
display-name: [23] L'annonce correspond à Annonce n°518 from Lyes crée le 2024-11-04T21:03:50.178818026Z et correpoond à COMPUTERS et est à 19euros
]]></system-out>
</testcase>
<testcase name="testgetDescription(ClassifiedAd)[24]" classname="minebayd1.test.TestClassifiedAd" time="0">
<system-out><![CDATA[
unique-id: [engine:junit-jupiter]/[class:minebayd1.test.TestClassifiedAd]/[test-template:testgetDescription(minebayd1.ClassifiedAd)]/[test-template-invocation:#24]
display-name: [24] L'annonce correspond à Annonce n°960 from Rosa crée le 2024-11-04T21:03:50.172767640Z et correpoond à COMPUTERS et est à 91euros
]]></system-out>
</testcase>
<testcase name="testgetDescription(ClassifiedAd)[25]" classname="minebayd1.test.TestClassifiedAd" time="0">
<system-out><![CDATA[
unique-id: [engine:junit-jupiter]/[class:minebayd1.test.TestClassifiedAd]/[test-template:testgetDescription(minebayd1.ClassifiedAd)]/[test-template-invocation:#25]
display-name: [25] L'annonce correspond à Annonce n°1084 from Idir crée le 2024-11-04T21:03:50.170006522Z et correpoond à SHOES et est à 51euros
]]></system-out>
</testcase>
<testcase name="testgetDescription(ClassifiedAd)[26]" classname="minebayd1.test.TestClassifiedAd" time="0">
<system-out><![CDATA[
unique-id: [engine:junit-jupiter]/[class:minebayd1.test.TestClassifiedAd]/[test-template:testgetDescription(minebayd1.ClassifiedAd)]/[test-template-invocation:#26]
display-name: [26] L'annonce correspond à Annonce n°1342 from Ziad crée le 2024-11-04T21:03:50.165320757Z et correpoond à CLOTHES et est à 88euros
]]></system-out>
</testcase>
<testcase name="testgetDescription(ClassifiedAd)[27]" classname="minebayd1.test.TestClassifiedAd" time="0">
<system-out><![CDATA[
unique-id: [engine:junit-jupiter]/[class:minebayd1.test.TestClassifiedAd]/[test-template:testgetDescription(minebayd1.ClassifiedAd)]/[test-template-invocation:#27]
display-name: [27] L'annonce correspond à Annonce n°993 from Rosa crée le 2024-11-04T21:03:50.171232387Z et correpoond à COMPUTERS et est à 22euros
]]></system-out>
</testcase>
<testcase name="testgetDescription(ClassifiedAd)[28]" classname="minebayd1.test.TestClassifiedAd" time="0">
<system-out><![CDATA[
unique-id: [engine:junit-jupiter]/[class:minebayd1.test.TestClassifiedAd]/[test-template:testgetDescription(minebayd1.ClassifiedAd)]/[test-template-invocation:#28]
display-name: [28] L'annonce correspond à Annonce n°118 from Ayman crée le 2024-11-04T21:03:50.181161712Z et correpoond à COMPUTERS et est à 64euros
]]></system-out>
</testcase>
<testcase name="testgetDescription(ClassifiedAd)[29]" classname="minebayd1.test.TestClassifiedAd" time="0">
<system-out><![CDATA[
unique-id: [engine:junit-jupiter]/[class:minebayd1.test.TestClassifiedAd]/[test-template:testgetDescription(minebayd1.ClassifiedAd)]/[test-template-invocation:#29]
display-name: [29] L'annonce correspond à Annonce n°439 from Lyes crée le 2024-11-04T21:03:50.179189499Z et correpoond à GAMES et est à 33euros
]]></system-out>
</testcase>
<testcase name="testgetDescription(ClassifiedAd)[30]" classname="minebayd1.test.TestClassifiedAd" time="0">
<system-out><![CDATA[
unique-id: [engine:junit-jupiter]/[class:minebayd1.test.TestClassifiedAd]/[test-template:testgetDescription(minebayd1.ClassifiedAd)]/[test-template-invocation:#30]
display-name: [30] L'annonce correspond à Annonce n°573 from Issa crée le 2024-11-04T21:03:50.178590929Z et correpoond à GAMES et est à 35euros
]]></system-out>
</testcase>
<testcase name="testgetDescription(ClassifiedAd)[31]" classname="minebayd1.test.TestClassifiedAd" time="0">
<system-out><![CDATA[
unique-id: [engine:junit-jupiter]/[class:minebayd1.test.TestClassifiedAd]/[test-template:testgetDescription(minebayd1.ClassifiedAd)]/[test-template-invocation:#31]
display-name: [31] L'annonce correspond à Annonce n°274 from Naila crée le 2024-11-04T21:03:50.180054795Z et correpoond à CLOTHES et est à 81euros
]]></system-out>
</testcase>
<testcase name="testgetDescription(ClassifiedAd)[32]" classname="minebayd1.test.TestClassifiedAd" time="0">
<system-out><![CDATA[
unique-id: [engine:junit-jupiter]/[class:minebayd1.test.TestClassifiedAd]/[test-template:testgetDescription(minebayd1.ClassifiedAd)]/[test-template-invocation:#32]
display-name: [32] L'annonce correspond à Annonce n°1477 from Lisa crée le 2024-11-04T21:03:50.161933943Z et correpoond à CLOTHES et est à 9euros
]]></system-out>
</testcase>
<testcase name="testgetDescription(ClassifiedAd)[33]" classname="minebayd1.test.TestClassifiedAd" time="0">
<system-out><![CDATA[
unique-id: [engine:junit-jupiter]/[class:minebayd1.test.TestClassifiedAd]/[test-template:testgetDescription(minebayd1.ClassifiedAd)]/[test-template-invocation:#33]
display-name: [33] L'annonce correspond à Annonce n°1399 from Sonia crée le 2024-11-04T21:03:50.164055474Z et correpoond à COMPUTERS et est à 68euros
]]></system-out>
</testcase>
<testcase name="testgetDescription(ClassifiedAd)[34]" classname="minebayd1.test.TestClassifiedAd" time="0">
<system-out><![CDATA[
unique-id: [engine:junit-jupiter]/[class:minebayd1.test.TestClassifiedAd]/[test-template:testgetDescription(minebayd1.ClassifiedAd)]/[test-template-invocation:#34]
display-name: [34] L'annonce correspond à Annonce n°1305 from Sonia crée le 2024-11-04T21:03:50.165772699Z et correpoond à CLOTHES et est à 42euros
]]></system-out>
</testcase>
<testcase name="testgetDescription(ClassifiedAd)[35]" classname="minebayd1.test.TestClassifiedAd" time="0">
<system-out><![CDATA[
unique-id: [engine:junit-jupiter]/[class:minebayd1.test.TestClassifiedAd]/[test-template:testgetDescription(minebayd1.ClassifiedAd)]/[test-template-invocation:#35]
display-name: [35] L'annonce correspond à Annonce n°151 from Sheraz crée le 2024-11-04T21:03:50.180893983Z et correpoond à COMPUTERS et est à 83euros
]]></system-out>
</testcase>
<testcase name="testgetDescription(ClassifiedAd)[36]" classname="minebayd1.test.TestClassifiedAd" time="0">
<system-out><![CDATA[
unique-id: [engine:junit-jupiter]/[class:minebayd1.test.TestClassifiedAd]/[test-template:testgetDescription(minebayd1.ClassifiedAd)]/[test-template-invocation:#36]
display-name: [36] L'annonce correspond à Annonce n°129 from Sheraz crée le 2024-11-04T21:03:50.181072261Z et correpoond à SHOES et est à 94euros
]]></system-out>
</testcase>
<testcase name="testgetDescription(ClassifiedAd)[37]" classname="minebayd1.test.TestClassifiedAd" time="0">
<system-out><![CDATA[
unique-id: [engine:junit-jupiter]/[class:minebayd1.test.TestClassifiedAd]/[test-template:testgetDescription(minebayd1.ClassifiedAd)]/[test-template-invocation:#37]
display-name: [37] L'annonce correspond à Annonce n°485 from Ali crée le 2024-11-04T21:03:50.178945631Z et correpoond à COMPUTERS et est à 99euros
]]></system-out>
</testcase>
<testcase name="testgetDescription(ClassifiedAd)[38]" classname="minebayd1.test.TestClassifiedAd" time="0">
<system-out><![CDATA[
unique-id: [engine:junit-jupiter]/[class:minebayd1.test.TestClassifiedAd]/[test-template:testgetDescription(minebayd1.ClassifiedAd)]/[test-template-invocation:#38]
display-name: [38] L'annonce correspond à Annonce n°514 from Aliou crée le 2024-11-04T21:03:50.178833667Z et correpoond à BOOKS et est à 97euros
]]></system-out>
</testcase>
<testcase name="testgetDescription(ClassifiedAd)[39]" classname="minebayd1.test.TestClassifiedAd" time="0">
<system-out><![CDATA[
unique-id: [engine:junit-jupiter]/[class:minebayd1.test.TestClassifiedAd]/[test-template:testgetDescription(minebayd1.ClassifiedAd)]/[test-template-invocation:#39]
display-name: [39] L'annonce correspond à Annonce n°413 from Faycal crée le 2024-11-04T21:03:50.179324462Z et correpoond à SHOES et est à 61euros
]]></system-out>
</testcase>
<testcase name="testgetDescription(ClassifiedAd)[40]" classname="minebayd1.test.TestClassifiedAd" time="0">
<system-out><![CDATA[
unique-id: [engine:junit-jupiter]/[class:minebayd1.test.TestClassifiedAd]/[test-template:testgetDescription(minebayd1.ClassifiedAd)]/[test-template-invocation:#40]
display-name: [40] L'annonce correspond à Annonce n°512 from Marc crée le 2024-11-04T21:03:50.178841390Z et correpoond à GAMES et est à 91euros
]]></system-out>
</testcase>
<testcase name="testgetDescription(ClassifiedAd)[41]" classname="minebayd1.test.TestClassifiedAd" time="0">
<system-out><![CDATA[
unique-id: [engine:junit-jupiter]/[class:minebayd1.test.TestClassifiedAd]/[test-template:testgetDescription(minebayd1.ClassifiedAd)]/[test-template-invocation:#41]
display-name: [41] L'annonce correspond à Annonce n°1409 from Pierre crée le 2024-11-04T21:03:50.163903523Z et correpoond à SHOES et est à 50euros
]]></system-out>
</testcase>
<testcase name="testgetDescription(ClassifiedAd)[42]" classname="minebayd1.test.TestClassifiedAd" time="0">
<system-out><![CDATA[
unique-id: [engine:junit-jupiter]/[class:minebayd1.test.TestClassifiedAd]/[test-template:testgetDescription(minebayd1.ClassifiedAd)]/[test-template-invocation:#42]
display-name: [42] L'annonce correspond à Annonce n°111 from Ali crée le 2024-11-04T21:03:50.181208449Z et correpoond à BOOKS et est à 38euros
]]></system-out>
</testcase>
<testcase name="testgetDescription(ClassifiedAd)[43]" classname="minebayd1.test.TestClassifiedAd" time="0">
<system-out><![CDATA[
unique-id: [engine:junit-jupiter]/[class:minebayd1.test.TestClassifiedAd]/[test-template:testgetDescription(minebayd1.ClassifiedAd)]/[test-template-invocation:#43]
display-name: [43] L'annonce correspond à Annonce n°1224 from Faycal crée le 2024-11-04T21:03:50.167189837Z et correpoond à BOOKS et est à 9euros
]]></system-out>
</testcase>
<testcase name="testgetDescription(ClassifiedAd)[44]" classname="minebayd1.test.TestClassifiedAd" time="0">
<system-out><![CDATA[
unique-id: [engine:junit-jupiter]/[class:minebayd1.test.TestClassifiedAd]/[test-template:testgetDescription(minebayd1.ClassifiedAd)]/[test-template-invocation:#44]
display-name: [44] L'annonce correspond à Annonce n°918 from Yanis crée le 2024-11-04T21:03:50.173435863Z et correpoond à CLOTHES et est à 89euros
]]></system-out>
</testcase>
<testcase name="testgetDescription(ClassifiedAd)[45]" classname="minebayd1.test.TestClassifiedAd" time="0">
<system-out><![CDATA[
unique-id: [engine:junit-jupiter]/[class:minebayd1.test.TestClassifiedAd]/[test-template:testgetDescription(minebayd1.ClassifiedAd)]/[test-template-invocation:#45]
display-name: [45] L'annonce correspond à Annonce n°1273 from Marcel crée le 2024-11-04T21:03:50.166333936Z et correpoond à CLOTHES et est à 35euros
]]></system-out>
</testcase>
<testcase name="testgetDescription(ClassifiedAd)[46]" classname="minebayd1.test.TestClassifiedAd" time="0">
<system-out><![CDATA[
unique-id: [engine:junit-jupiter]/[class:minebayd1.test.TestClassifiedAd]/[test-template:testgetDescription(minebayd1.ClassifiedAd)]/[test-template-invocation:#46]
display-name: [46] L'annonce correspond à Annonce n°434 from Lamia crée le 2024-11-04T21:03:50.179216305Z et correpoond à COMPUTERS et est à 49euros
]]></system-out>
</testcase>
<testcase name="testgetDescription(ClassifiedAd)[47]" classname="minebayd1.test.TestClassifiedAd" time="0">
<system-out><![CDATA[
unique-id: [engine:junit-jupiter]/[class:minebayd1.test.TestClassifiedAd]/[test-template:testgetDescription(minebayd1.ClassifiedAd)]/[test-template-invocation:#47]
display-name: [47] L'annonce correspond à Annonce n°1448 from Issa crée le 2024-11-04T21:03:50.162748029Z et correpoond à COMPUTERS et est à 3euros
]]></system-out>
</testcase>
<testcase name="testgetDescription(ClassifiedAd)[48]" classname="minebayd1.test.TestClassifiedAd" time="0">
<system-out><![CDATA[
unique-id: [engine:junit-jupiter]/[class:minebayd1.test.TestClassifiedAd]/[test-template:testgetDescription(minebayd1.ClassifiedAd)]/[test-template-invocation:#48]
display-name: [48] L'annonce correspond à Annonce n°817 from Adam crée le 2024-11-04T21:03:50.175136770Z et correpoond à BOOKS et est à 40euros
]]></system-out>
</testcase>
<testcase name="testgetDescription(ClassifiedAd)[49]" classname="minebayd1.test.TestClassifiedAd" time="0">
<system-out><![CDATA[
unique-id: [engine:junit-jupiter]/[class:minebayd1.test.TestClassifiedAd]/[test-template:testgetDescription(minebayd1.ClassifiedAd)]/[test-template-invocation:#49]
display-name: [49] L'annonce correspond à Annonce n°1362 from Imam crée le 2024-11-04T21:03:50.164680944Z et correpoond à GAMES et est à 85euros
]]></system-out>
</testcase>
<testcase name="testgetDescription(ClassifiedAd)[50]" classname="minebayd1.test.TestClassifiedAd" time="0">
<system-out><![CDATA[
unique-id: [engine:junit-jupiter]/[class:minebayd1.test.TestClassifiedAd]/[test-template:testgetDescription(minebayd1.ClassifiedAd)]/[test-template-invocation:#50]
display-name: [50] L'annonce correspond à Annonce n°200 from Pierre crée le 2024-11-04T21:03:50.180499801Z et correpoond à BOOKS et est à 94euros
]]></system-out>
</testcase>
<testcase name="testgetDescription(ClassifiedAd)[51]" classname="minebayd1.test.TestClassifiedAd" time="0">
<system-out><![CDATA[
unique-id: [engine:junit-jupiter]/[class:minebayd1.test.TestClassifiedAd]/[test-template:testgetDescription(minebayd1.ClassifiedAd)]/[test-template-invocation:#51]
display-name: [51] L'annonce correspond à Annonce n°1483 from Faycal crée le 2024-11-04T21:03:50.161834321Z et correpoond à GAMES et est à 71euros
]]></system-out>
</testcase>
<testcase name="testgetDescription(ClassifiedAd)[52]" classname="minebayd1.test.TestClassifiedAd" time="0">
<system-out><![CDATA[
unique-id: [engine:junit-jupiter]/[class:minebayd1.test.TestClassifiedAd]/[test-template:testgetDescription(minebayd1.ClassifiedAd)]/[test-template-invocation:#52]
display-name: [52] L'annonce correspond à Annonce n°252 from Mounir crée le 2024-11-04T21:03:50.180168109Z et correpoond à SHOES et est à 71euros
]]></system-out>
</testcase>
<testcase name="testgetDescription(ClassifiedAd)[53]" classname="minebayd1.test.TestClassifiedAd" time="0">
<system-out><![CDATA[
unique-id: [engine:junit-jupiter]/[class:minebayd1.test.TestClassifiedAd]/[test-template:testgetDescription(minebayd1.ClassifiedAd)]/[test-template-invocation:#53]
display-name: [53] L'annonce correspond à Annonce n°698 from Lisa crée le 2024-11-04T21:03:50.177626788Z et correpoond à SHOES et est à 86euros
]]></system-out>
</testcase>
<testcase name="testgetDescription(ClassifiedAd)[54]" classname="minebayd1.test.TestClassifiedAd" time="0">
<system-out><![CDATA[
unique-id: [engine:junit-jupiter]/[class:minebayd1.test.TestClassifiedAd]/[test-template:testgetDescription(minebayd1.ClassifiedAd)]/[test-template-invocation:#54]
display-name: [54] L'annonce correspond à Annonce n°1052 from Boris crée le 2024-11-04T21:03:50.170511696Z et correpoond à CLOTHES et est à 86euros
]]></system-out>
</testcase>
<testcase name="testgetDescription(ClassifiedAd)[55]" classname="minebayd1.test.TestClassifiedAd" time="0">
<system-out><![CDATA[
unique-id: [engine:junit-jupiter]/[class:minebayd1.test.TestClassifiedAd]/[test-template:testgetDescription(minebayd1.ClassifiedAd)]/[test-template-invocation:#55]
display-name: [55] L'annonce correspond à Annonce n°804 from Sonia crée le 2024-11-04T21:03:50.175295588Z et correpoond à GAMES et est à 86euros
]]></system-out>
</testcase>
<testcase name="testgetDescription(ClassifiedAd)[56]" classname="minebayd1.test.TestClassifiedAd" time="0">
<system-out><![CDATA[
unique-id: [engine:junit-jupiter]/[class:minebayd1.test.TestClassifiedAd]/[test-template:testgetDescription(minebayd1.ClassifiedAd)]/[test-template-invocation:#56]
display-name: [56] L'annonce correspond à Annonce n°952 from Imam crée le 2024-11-04T21:03:50.172864151Z et correpoond à BOOKS et est à 15euros
]]></system-out>
</testcase>
<testcase name="testgetDescription(ClassifiedAd)[57]" classname="minebayd1.test.TestClassifiedAd" time="0">
<system-out><![CDATA[
unique-id: [engine:junit-jupiter]/[class:minebayd1.test.TestClassifiedAd]/[test-template:testgetDescription(minebayd1.ClassifiedAd)]/[test-template-invocation:#57]
display-name: [57] L'annonce correspond à Annonce n°635 from Adam crée le 2024-11-04T21:03:50.178148906Z et correpoond à SHOES et est à 12euros
]]></system-out>
</testcase>
<testcase name="testgetDescription(ClassifiedAd)[58]" classname="minebayd1.test.TestClassifiedAd" time="0">
<system-out><![CDATA[
unique-id: [engine:junit-jupiter]/[class:minebayd1.test.TestClassifiedAd]/[test-template:testgetDescription(minebayd1.ClassifiedAd)]/[test-template-invocation:#58]
display-name: [58] L'annonce correspond à Annonce n°432 from Chanez crée le 2024-11-04T21:03:50.179226854Z et correpoond à COMPUTERS et est à 98euros
]]></system-out>
</testcase>
<testcase name="testgetDescription(ClassifiedAd)[59]" classname="minebayd1.test.TestClassifiedAd" time="0">
<system-out><![CDATA[
unique-id: [engine:junit-jupiter]/[class:minebayd1.test.TestClassifiedAd]/[test-template:testgetDescription(minebayd1.ClassifiedAd)]/[test-template-invocation:#59]
display-name: [59] L'annonce correspond à Annonce n°254 from Faycal crée le 2024-11-04T21:03:50.180157896Z et correpoond à GAMES et est à 75euros
]]></system-out>
</testcase>
<testcase name="testgetDescription(ClassifiedAd)[60]" classname="minebayd1.test.TestClassifiedAd" time="0">
<system-out><![CDATA[
unique-id: [engine:junit-jupiter]/[class:minebayd1.test.TestClassifiedAd]/[test-template:testgetDescription(minebayd1.ClassifiedAd)]/[test-template-invocation:#60]
display-name: [60] L'annonce correspond à Annonce n°305 from Naila crée le 2024-11-04T21:03:50.179894323Z et correpoond à CLOTHES et est à 17euros
]]></system-out>
</testcase>
<testcase name="testgetDescription(ClassifiedAd)[61]" classname="minebayd1.test.TestClassifiedAd" time="0">
<system-out><![CDATA[
unique-id: [engine:junit-jupiter]/[class:minebayd1.test.TestClassifiedAd]/[test-template:testgetDescription(minebayd1.ClassifiedAd)]/[test-template-invocation:#61]
display-name: [61] L'annonce correspond à Annonce n°992 from Marcel crée le 2024-11-04T21:03:50.171243666Z et correpoond à BOOKS et est à 35euros
]]></system-out>
</testcase>
<testcase name="testgetDescription(ClassifiedAd)[62]" classname="minebayd1.test.TestClassifiedAd" time="0">
<system-out><![CDATA[
unique-id: [engine:junit-jupiter]/[class:minebayd1.test.TestClassifiedAd]/[test-template:testgetDescription(minebayd1.ClassifiedAd)]/[test-template-invocation:#62]
display-name: [62] L'annonce correspond à Annonce n°178 from Ayman crée le 2024-11-04T21:03:50.180661207Z et correpoond à COMPUTERS et est à 15euros
]]></system-out>
</testcase>
<testcase name="testgetDescription(ClassifiedAd)[63]" classname="minebayd1.test.TestClassifiedAd" time="0">
<system-out><![CDATA[
unique-id: [engine:junit-jupiter]/[class:minebayd1.test.TestClassifiedAd]/[test-template:testgetDescription(minebayd1.ClassifiedAd)]/[test-template-invocation:#63]
display-name: [63] L'annonce correspond à Annonce n°1244 from Marc crée le 2024-11-04T21:03:50.167004846Z et correpoond à GAMES et est à 97euros
]]></system-out>
</testcase>
<testcase name="testgetDescription(ClassifiedAd)[64]" classname="minebayd1.test.TestClassifiedAd" time="0">
<system-out><![CDATA[
unique-id: [engine:junit-jupiter]/[class:minebayd1.test.TestClassifiedAd]/[test-template:testgetDescription(minebayd1.ClassifiedAd)]/[test-template-invocation:#64]
display-name: [64] L'annonce correspond à Annonce n°450 from Idir crée le 2024-11-04T21:03:50.179122186Z et correpoond à GAMES et est à 89euros
]]></system-out>
</testcase>
<testcase name="testgetDescription(ClassifiedAd)[65]" classname="minebayd1.test.TestClassifiedAd" time="0">
<system-out><![CDATA[
unique-id: [engine:junit-jupiter]/[class:minebayd1.test.TestClassifiedAd]/[test-template:testgetDescription(minebayd1.ClassifiedAd)]/[test-template-invocation:#65]
display-name: [65] L'annonce correspond à Annonce n°1321 from Rosa crée le 2024-11-04T21:03:50.165610029Z et correpoond à SHOES et est à 6euros
]]></system-out>
</testcase>
<testcase name="testgetDescription(ClassifiedAd)[66]" classname="minebayd1.test.TestClassifiedAd" time="0">
<system-out><![CDATA[
unique-id: [engine:junit-jupiter]/[class:minebayd1.test.TestClassifiedAd]/[test-template:testgetDescription(minebayd1.ClassifiedAd)]/[test-template-invocation:#66]
display-name: [66] L'annonce correspond à Annonce n°124 from Nima crée le 2024-11-04T21:03:50.181110902Z et correpoond à SHOES et est à 82euros
]]></system-out>
</testcase>
<testcase name="testgetDescription(ClassifiedAd)[67]" classname="minebayd1.test.TestClassifiedAd" time="0">
<system-out><![CDATA[
unique-id: [engine:junit-jupiter]/[class:minebayd1.test.TestClassifiedAd]/[test-template:testgetDescription(minebayd1.ClassifiedAd)]/[test-template-invocation:#67]
display-name: [67] L'annonce correspond à Annonce n°819 from Lamia crée le 2024-11-04T21:03:50.175111840Z et correpoond à GAMES et est à 48euros
]]></system-out>
</testcase>
<testcase name="testgetDescription(ClassifiedAd)[68]" classname="minebayd1.test.TestClassifiedAd" time="0">
<system-out><![CDATA[
unique-id: [engine:junit-jupiter]/[class:minebayd1.test.TestClassifiedAd]/[test-template:testgetDescription(minebayd1.ClassifiedAd)]/[test-template-invocation:#68]
display-name: [68] L'annonce correspond à Annonce n°114 from Ziad crée le 2024-11-04T21:03:50.181191673Z et correpoond à GAMES et est à 43euros
]]></system-out>
</testcase>
<testcase name="testgetDescription(ClassifiedAd)[69]" classname="minebayd1.test.TestClassifiedAd" time="0">
<system-out><![CDATA[
unique-id: [engine:junit-jupiter]/[class:minebayd1.test.TestClassifiedAd]/[test-template:testgetDescription(minebayd1.ClassifiedAd)]/[test-template-invocation:#69]
display-name: [69] L'annonce correspond à Annonce n°814 from Marcel crée le 2024-11-04T21:03:50.175171087Z et correpoond à CLOTHES et est à 18euros
]]></system-out>
</testcase>
<testcase name="testgetDescription(ClassifiedAd)[70]" classname="minebayd1.test.TestClassifiedAd" time="0">
<system-out><![CDATA[
unique-id: [engine:junit-jupiter]/[class:minebayd1.test.TestClassifiedAd]/[test-template:testgetDescription(minebayd1.ClassifiedAd)]/[test-template-invocation:#70]
display-name: [70] L'annonce correspond à Annonce n°468 from Mamadou crée le 2024-11-04T21:03:50.179017358Z et correpoond à COMPUTERS et est à 28euros
]]></system-out>
</testcase>
<testcase name="testgetDescription(ClassifiedAd)[71]" classname="minebayd1.test.TestClassifiedAd" time="0">
<system-out><![CDATA[
unique-id: [engine:junit-jupiter]/[class:minebayd1.test.TestClassifiedAd]/[test-template:testgetDescription(minebayd1.ClassifiedAd)]/[test-template-invocation:#71]
display-name: [71] L'annonce correspond à Annonce n°1268 from Sheraz crée le 2024-11-04T21:03:50.166384503Z et correpoond à CLOTHES et est à 81euros
]]></system-out>
</testcase>
<testcase name="testgetDescription(ClassifiedAd)[72]" classname="minebayd1.test.TestClassifiedAd" time="0">
<system-out><![CDATA[
unique-id: [engine:junit-jupiter]/[class:minebayd1.test.TestClassifiedAd]/[test-template:testgetDescription(minebayd1.ClassifiedAd)]/[test-template-invocation:#72]
display-name: [72] L'annonce correspond à Annonce n°655 from Ayman crée le 2024-11-04T21:03:50.177956227Z et correpoond à COMPUTERS et est à 25euros
]]></system-out>
</testcase>
<testcase name="testgetDescription(ClassifiedAd)[73]" classname="minebayd1.test.TestClassifiedAd" time="0">
<system-out><![CDATA[
unique-id: [engine:junit-jupiter]/[class:minebayd1.test.TestClassifiedAd]/[test-template:testgetDescription(minebayd1.ClassifiedAd)]/[test-template-invocation:#73]
display-name: [73] L'annonce correspond à Annonce n°682 from Imam crée le 2024-11-04T21:03:50.177785308Z et correpoond à BOOKS et est à 83euros
]]></system-out>
</testcase>
<testcase name="testgetDescription(ClassifiedAd)[74]" classname="minebayd1.test.TestClassifiedAd" time="0">
<system-out><![CDATA[
unique-id: [engine:junit-jupiter]/[class:minebayd1.test.TestClassifiedAd]/[test-template:testgetDescription(minebayd1.ClassifiedAd)]/[test-template-invocation:#74]
display-name: [74] L'annonce correspond à Annonce n°5 from Imam crée le 2024-11-04T21:03:50.181736983Z et correpoond à COMPUTERS et est à 76euros
]]></system-out>
</testcase>
<testcase name="testgetDescription(ClassifiedAd)[75]" classname="minebayd1.test.TestClassifiedAd" time="0">
<system-out><![CDATA[
unique-id: [engine:junit-jupiter]/[class:minebayd1.test.TestClassifiedAd]/[test-template:testgetDescription(minebayd1.ClassifiedAd)]/[test-template-invocation:#75]
display-name: [75] L'annonce correspond à Annonce n°1028 from Mamadou crée le 2024-11-04T21:03:50.170832923Z et correpoond à CLOTHES et est à 28euros
]]></system-out>
</testcase>
<testcase name="testgetDescription(ClassifiedAd)[76]" classname="minebayd1.test.TestClassifiedAd" time="0">
<system-out><![CDATA[
unique-id: [engine:junit-jupiter]/[class:minebayd1.test.TestClassifiedAd]/[test-template:testgetDescription(minebayd1.ClassifiedAd)]/[test-template-invocation:#76]
display-name: [76] L'annonce correspond à Annonce n°258 from Ayman crée le 2024-11-04T21:03:50.180137477Z et correpoond à GAMES et est à 12euros
]]></system-out>
</testcase>
<testcase name="testgetDescription(ClassifiedAd)[77]" classname="minebayd1.test.TestClassifiedAd" time="0">
<system-out><![CDATA[
unique-id: [engine:junit-jupiter]/[class:minebayd1.test.TestClassifiedAd]/[test-template:testgetDescription(minebayd1.ClassifiedAd)]/[test-template-invocation:#77]
display-name: [77] L'annonce correspond à Annonce n°1283 from Aliou crée le 2024-11-04T21:03:50.165992950Z et correpoond à SHOES et est à 74euros
]]></system-out>
</testcase>
<testcase name="testgetDescription(ClassifiedAd)[78]" classname="minebayd1.test.TestClassifiedAd" time="0">
<system-out><![CDATA[
unique-id: [engine:junit-jupiter]/[class:minebayd1.test.TestClassifiedAd]/[test-template:testgetDescription(minebayd1.ClassifiedAd)]/[test-template-invocation:#78]
display-name: [78] L'annonce correspond à Annonce n°791 from Aliou crée le 2024-11-04T21:03:50.175543180Z et correpoond à CLOTHES et est à 18euros
]]></system-out>
</testcase>
<testcase name="testgetDescription(ClassifiedAd)[79]" classname="minebayd1.test.TestClassifiedAd" time="0">
<system-out><![CDATA[
unique-id: [engine:junit-jupiter]/[class:minebayd1.test.TestClassifiedAd]/[test-template:testgetDescription(minebayd1.ClassifiedAd)]/[test-template-invocation:#79]
display-name: [79] L'annonce correspond à Annonce n°499 from Ayman crée le 2024-11-04T21:03:50.178892004Z et correpoond à GAMES et est à 63euros
]]></system-out>
</testcase>
<testcase name="testgetDescription(ClassifiedAd)[80]" classname="minebayd1.test.TestClassifiedAd" time="0">
<system-out><![CDATA[
unique-id: [engine:junit-jupiter]/[class:minebayd1.test.TestClassifiedAd]/[test-template:testgetDescription(minebayd1.ClassifiedAd)]/[test-template-invocation:#80]
display-name: [80] L'annonce correspond à Annonce n°630 from Ziad crée le 2024-11-04T21:03:50.178184887Z et correpoond à BOOKS et est à 8euros
]]></system-out>
</testcase>
<testcase name="testgetDescription(ClassifiedAd)[81]" classname="minebayd1.test.TestClassifiedAd" time="0">
<system-out><![CDATA[
unique-id: [engine:junit-jupiter]/[class:minebayd1.test.TestClassifiedAd]/[test-template:testgetDescription(minebayd1.ClassifiedAd)]/[test-template-invocation:#81]
display-name: [81] L'annonce correspond à Annonce n°158 from Ayman crée le 2024-11-04T21:03:50.180838528Z et correpoond à CLOTHES et est à 46euros
]]></system-out>
</testcase>
<testcase name="testgetDescription(ClassifiedAd)[82]" classname="minebayd1.test.TestClassifiedAd" time="0">
<system-out><![CDATA[
unique-id: [engine:junit-jupiter]/[class:minebayd1.test.TestClassifiedAd]/[test-template:testgetDescription(minebayd1.ClassifiedAd)]/[test-template-invocation:#82]
display-name: [82] L'annonce correspond à Annonce n°708 from Chanez crée le 2024-11-04T21:03:50.177530050Z et correpoond à CLOTHES et est à 59euros
]]></system-out>
</testcase>
<testcase name="testgetDescription(ClassifiedAd)[83]" classname="minebayd1.test.TestClassifiedAd" time="0">
<system-out><![CDATA[
unique-id: [engine:junit-jupiter]/[class:minebayd1.test.TestClassifiedAd]/[test-template:testgetDescription(minebayd1.ClassifiedAd)]/[test-template-invocation:#83]
display-name: [83] L'annonce correspond à Annonce n°1430 from Ayman crée le 2024-11-04T21:03:50.163153959Z et correpoond à CLOTHES et est à 53euros
]]></system-out>
</testcase>
<testcase name="testgetDescription(ClassifiedAd)[84]" classname="minebayd1.test.TestClassifiedAd" time="0">
<system-out><![CDATA[
unique-id: [engine:junit-jupiter]/[class:minebayd1.test.TestClassifiedAd]/[test-template:testgetDescription(minebayd1.ClassifiedAd)]/[test-template-invocation:#84]
display-name: [84] L'annonce correspond à Annonce n°927 from Mohamed crée le 2024-11-04T21:03:50.173333588Z et correpoond à COMPUTERS et est à 85euros
]]></system-out>
</testcase>
<testcase name="testgetDescription(ClassifiedAd)[85]" classname="minebayd1.test.TestClassifiedAd" time="0">
<system-out><![CDATA[
unique-id: [engine:junit-jupiter]/[class:minebayd1.test.TestClassifiedAd]/[test-template:testgetDescription(minebayd1.ClassifiedAd)]/[test-template-invocation:#85]
display-name: [85] L'annonce correspond à Annonce n°212 from Sheraz crée le 2024-11-04T21:03:50.180393672Z et correpoond à CLOTHES et est à 29euros
]]></system-out>
</testcase>
<testcase name="testgetDescription(ClassifiedAd)[86]" classname="minebayd1.test.TestClassifiedAd" time="0">
<system-out><![CDATA[
unique-id: [engine:junit-jupiter]/[class:minebayd1.test.TestClassifiedAd]/[test-template:testgetDescription(minebayd1.ClassifiedAd)]/[test-template-invocation:#86]
display-name: [86] L'annonce correspond à Annonce n°76 from Sheraz crée le 2024-11-04T21:03:50.181397547Z et correpoond à GAMES et est à 63euros
]]></system-out>
</testcase>
<testcase name="testgetDescription(ClassifiedAd)[87]" classname="minebayd1.test.TestClassifiedAd" time="0">
<system-out><![CDATA[
unique-id: [engine:junit-jupiter]/[class:minebayd1.test.TestClassifiedAd]/[test-template:testgetDescription(minebayd1.ClassifiedAd)]/[test-template-invocation:#87]
display-name: [87] L'annonce correspond à Annonce n°1406 from Ali crée le 2024-11-04T21:03:50.163944095Z et correpoond à BOOKS et est à 77euros
]]></system-out>
</testcase>
<testcase name="testgetDescription(ClassifiedAd)[88]" classname="minebayd1.test.TestClassifiedAd" time="0">
<system-out><![CDATA[
unique-id: [engine:junit-jupiter]/[class:minebayd1.test.TestClassifiedAd]/[test-template:testgetDescription(minebayd1.ClassifiedAd)]/[test-template-invocation:#88]
display-name: [88] L'annonce correspond à Annonce n°84 from Ziad crée le 2024-11-04T21:03:50.181338182Z et correpoond à SHOES et est à 46euros
]]></system-out>
</testcase>
<testcase name="testgetDescription(ClassifiedAd)[89]" classname="minebayd1.test.TestClassifiedAd" time="0">
<system-out><![CDATA[
unique-id: [engine:junit-jupiter]/[class:minebayd1.test.TestClassifiedAd]/[test-template:testgetDescription(minebayd1.ClassifiedAd)]/[test-template-invocation:#89]
display-name: [89] L'annonce correspond à Annonce n°1294 from Marc crée le 2024-11-04T21:03:50.165883544Z et correpoond à GAMES et est à 89euros
]]></system-out>
</testcase>
<testcase name="testgetDescription(ClassifiedAd)[90]" classname="minebayd1.test.TestClassifiedAd" time="0">
<system-out><![CDATA[
unique-id: [engine:junit-jupiter]/[class:minebayd1.test.TestClassifiedAd]/[test-template:testgetDescription(minebayd1.ClassifiedAd)]/[test-template-invocation:#90]
display-name: [90] L'annonce correspond à Annonce n°1109 from Issa crée le 2024-11-04T21:03:50.169655302Z et correpoond à GAMES et est à 80euros
]]></system-out>
</testcase>
<testcase name="testgetDescription(ClassifiedAd)[91]" classname="minebayd1.test.TestClassifiedAd" time="0">
<system-out><![CDATA[
unique-id: [engine:junit-jupiter]/[class:minebayd1.test.TestClassifiedAd]/[test-template:testgetDescription(minebayd1.ClassifiedAd)]/[test-template-invocation:#91]
display-name: [91] L'annonce correspond à Annonce n°975 from Marcel crée le 2024-11-04T21:03:50.172590856Z et correpoond à COMPUTERS et est à 21euros
]]></system-out>
</testcase>
<testcase name="testgetDescription(ClassifiedAd)[92]" classname="minebayd1.test.TestClassifiedAd" time="0">
<system-out><![CDATA[
unique-id: [engine:junit-jupiter]/[class:minebayd1.test.TestClassifiedAd]/[test-template:testgetDescription(minebayd1.ClassifiedAd)]/[test-template-invocation:#92]
display-name: [92] L'annonce correspond à Annonce n°1369 from Mamadou crée le 2024-11-04T21:03:50.164609089Z et correpoond à GAMES et est à 59euros
]]></system-out>
</testcase>
<testcase name="testgetDescription(ClassifiedAd)[93]" classname="minebayd1.test.TestClassifiedAd" time="0">
<system-out><![CDATA[
unique-id: [engine:junit-jupiter]/[class:minebayd1.test.TestClassifiedAd]/[test-template:testgetDescription(minebayd1.ClassifiedAd)]/[test-template-invocation:#93]
display-name: [93] L'annonce correspond à Annonce n°1083 from Naila crée le 2024-11-04T21:03:50.170019683Z et correpoond à CLOTHES et est à 84euros
]]></system-out>
</testcase>
<testcase name="testgetDescription(ClassifiedAd)[94]" classname="minebayd1.test.TestClassifiedAd" time="0">
<system-out><![CDATA[
unique-id: [engine:junit-jupiter]/[class:minebayd1.test.TestClassifiedAd]/[test-template:testgetDescription(minebayd1.ClassifiedAd)]/[test-template-invocation:#94]
display-name: [94] L'annonce correspond à Annonce n°267 from Zahra crée le 2024-11-04T21:03:50.180091012Z et correpoond à SHOES et est à 23euros
]]></system-out>
</testcase>
<testcase name="testgetDescription(ClassifiedAd)[95]" classname="minebayd1.test.TestClassifiedAd" time="0">
<system-out><![CDATA[
unique-id: [engine:junit-jupiter]/[class:minebayd1.test.TestClassifiedAd]/[test-template:testgetDescription(minebayd1.ClassifiedAd)]/[test-template-invocation:#95]
display-name: [95] L'annonce correspond à Annonce n°926 from Mohamed crée le 2024-11-04T21:03:50.173344927Z et correpoond à SHOES et est à 91euros
]]></system-out>
</testcase>
<testcase name="testgetDescription(ClassifiedAd)[96]" classname="minebayd1.test.TestClassifiedAd" time="0">
<system-out><![CDATA[
unique-id: [engine:junit-jupiter]/[class:minebayd1.test.TestClassifiedAd]/[test-template:testgetDescription(minebayd1.ClassifiedAd)]/[test-template-invocation:#96]
display-name: [96] L'annonce correspond à Annonce n°917 from Adam crée le 2024-11-04T21:03:50.173447399Z et correpoond à GAMES et est à 3euros
]]></system-out>
</testcase>
<testcase name="testgetDescription(ClassifiedAd)[97]" classname="minebayd1.test.TestClassifiedAd" time="0">
<system-out><![CDATA[
unique-id: [engine:junit-jupiter]/[class:minebayd1.test.TestClassifiedAd]/[test-template:testgetDescription(minebayd1.ClassifiedAd)]/[test-template-invocation:#97]
display-name: [97] L'annonce correspond à Annonce n°753 from Imam crée le 2024-11-04T21:03:50.176026452Z et correpoond à SHOES et est à 43euros
]]></system-out>
</testcase>
<testcase name="testgetDescription(ClassifiedAd)[98]" classname="minebayd1.test.TestClassifiedAd" time="0">
<system-out><![CDATA[
unique-id: [engine:junit-jupiter]/[class:minebayd1.test.TestClassifiedAd]/[test-template:testgetDescription(minebayd1.ClassifiedAd)]/[test-template-invocation:#98]
display-name: [98] L'annonce correspond à Annonce n°144 from Ismael crée le 2024-11-04T21:03:50.180948548Z et correpoond à BOOKS et est à 7euros
]]></system-out>
</testcase>
<testcase name="testgetDescription(ClassifiedAd)[99]" classname="minebayd1.test.TestClassifiedAd" time="0">
<system-out><![CDATA[
unique-id: [engine:junit-jupiter]/[class:minebayd1.test.TestClassifiedAd]/[test-template:testgetDescription(minebayd1.ClassifiedAd)]/[test-template-invocation:#99]
display-name: [99] L'annonce correspond à Annonce n°43 from Nima crée le 2024-11-04T21:03:50.181549465Z et correpoond à CLOTHES et est à 63euros
]]></system-out>
</testcase>
<testcase name="testgetDescription(ClassifiedAd)[100]" classname="minebayd1.test.TestClassifiedAd" time="0">
<system-out><![CDATA[
unique-id: [engine:junit-jupiter]/[class:minebayd1.test.TestClassifiedAd]/[test-template:testgetDescription(minebayd1.ClassifiedAd)]/[test-template-invocation:#100]
display-name: [100] L'annonce correspond à Annonce n°863 from Mounir crée le 2024-11-04T21:03:50.174110895Z et correpoond à COMPUTERS et est à 61euros
]]></system-out>
</testcase>
<system-out><![CDATA[
unique-id: [engine:junit-jupiter]
display-name: JUnit Jupiter
]]></system-out>
</testsuite>
