<?xml version="1.0" encoding="UTF-8"?>
<testsuite name="JUnit Jupiter" tests="2600" skipped="208" failures="0" errors="0" time="4.162" hostname="youcef-ubuntu-univ" timestamp="2024-11-04T22:00:38">
<properties>
<property name="file.encoding" value="UTF-8"/>
<property name="file.separator" value="/"/>
<property name="java.class.path" value="/home/youcef/Jar_files/junit-platform-console-standalone-1.7.0.jar"/>
<property name="java.class.version" value="61.0"/>
<property name="java.home" value="/usr/lib/jvm/java-17-openjdk-amd64"/>
<property name="java.io.tmpdir" value="/tmp"/>
<property name="java.library.path" value="/usr/java/packages/lib:/usr/lib/x86_64-linux-gnu/jni:/lib/x86_64-linux-gnu:/usr/lib/x86_64-linux-gnu:/usr/lib/jni:/lib:/usr/lib"/>
<property name="java.runtime.name" value="OpenJDK Runtime Environment"/>
<property name="java.runtime.version" value="17.0.12+7-Ubuntu-1ubuntu222.04"/>
<property name="java.specification.name" value="Java Platform API Specification"/>
<property name="java.specification.vendor" value="Oracle Corporation"/>
<property name="java.specification.version" value="17"/>
<property name="java.vendor" value="Ubuntu"/>
<property name="java.vendor.url" value="https://ubuntu.com/"/>
<property name="java.vendor.url.bug" value="https://bugs.launchpad.net/ubuntu/+source/openjdk-17"/>
<property name="java.version" value="17.0.12"/>
<property name="java.version.date" value="2024-07-16"/>
<property name="java.vm.compressedOopsMode" value="32-bit"/>
<property name="java.vm.info" value="mixed mode, sharing"/>
<property name="java.vm.name" value="OpenJDK 64-Bit Server VM"/>
<property name="java.vm.specification.name" value="Java Virtual Machine Specification"/>
<property name="java.vm.specification.vendor" value="Oracle Corporation"/>
<property name="java.vm.specification.version" value="17"/>
<property name="java.vm.vendor" value="Ubuntu"/>
<property name="java.vm.version" value="17.0.12+7-Ubuntu-1ubuntu222.04"/>
<property name="jdk.debug" value="release"/>
<property name="line.separator" value="
"/>
<property name="native.encoding" value="UTF-8"/>
<property name="os.arch" value="amd64"/>
<property name="os.name" value="Linux"/>
<property name="os.version" value="6.8.0-48-generic"/>
<property name="path.separator" value=":"/>
<property name="sun.arch.data.model" value="64"/>
<property name="sun.boot.library.path" value="/usr/lib/jvm/java-17-openjdk-amd64/lib"/>
<property name="sun.cpu.endian" value="little"/>
<property name="sun.io.unicode.encoding" value="UnicodeLittle"/>
<property name="sun.java.command" value="/home/youcef/Jar_files/junit-platform-console-standalone-1.7.0.jar -cp=. -c minebayd1.test.TestUser --reports-dir=rapport"/>
<property name="sun.java.launcher" value="SUN_STANDARD"/>
<property name="sun.jnu.encoding" value="UTF-8"/>
<property name="sun.management.compiler" value="HotSpot 64-Bit Tiered Compilers"/>
<property name="sun.stderr.encoding" value="UTF-8"/>
<property name="sun.stdout.encoding" value="UTF-8"/>
<property name="user.country" value="GB"/>
<property name="user.dir" value="/home/youcef/Desktop/cours_universitaires/L2/poo/Sujet Devoir1"/>
<property name="user.home" value="/home/youcef"/>
<property name="user.language" value="en"/>
<property name="user.name" value="youcef"/>
<property name="user.timezone" value="Europe/Paris"/>
</properties>
<testcase name="testgetName(User)[1]" classname="minebayd1.test.TestUser" time="0.074">
<system-out><![CDATA[
unique-id: [engine:junit-jupiter]/[class:minebayd1.test.TestUser]/[test-template:testgetName(minebayd1.User)]/[test-template-invocation:#1]
display-name: [1] Idir a 58 annonces ouvertes, 0 annonces fermées et 0 achats 

]]></system-out>
</testcase>
<testcase name="testgetName(User)[2]" classname="minebayd1.test.TestUser" time="0.008">
<system-out><![CDATA[
unique-id: [engine:junit-jupiter]/[class:minebayd1.test.TestUser]/[test-template:testgetName(minebayd1.User)]/[test-template-invocation:#2]
display-name: [2] Chanez a 56 annonces ouvertes, 0 annonces fermées et 0 achats 

]]></system-out>
</testcase>
<testcase name="testgetName(User)[3]" classname="minebayd1.test.TestUser" time="0.013">
<system-out><![CDATA[
unique-id: [engine:junit-jupiter]/[class:minebayd1.test.TestUser]/[test-template:testgetName(minebayd1.User)]/[test-template-invocation:#3]
display-name: [3] Sheraz a 51 annonces ouvertes, 0 annonces fermées et 0 achats 

]]></system-out>
</testcase>
<testcase name="testgetName(User)[4]" classname="minebayd1.test.TestUser" time="0.008">
<system-out><![CDATA[
unique-id: [engine:junit-jupiter]/[class:minebayd1.test.TestUser]/[test-template:testgetName(minebayd1.User)]/[test-template-invocation:#4]
display-name: [4] Yanis a 60 annonces ouvertes, 0 annonces fermées et 0 achats 

]]></system-out>
</testcase>
<testcase name="testgetName(User)[5]" classname="minebayd1.test.TestUser" time="0.007">
<system-out><![CDATA[
unique-id: [engine:junit-jupiter]/[class:minebayd1.test.TestUser]/[test-template:testgetName(minebayd1.User)]/[test-template-invocation:#5]
display-name: [5] Yanis a 60 annonces ouvertes, 0 annonces fermées et 0 achats 

]]></system-out>
</testcase>
<testcase name="testgetName(User)[6]" classname="minebayd1.test.TestUser" time="0.004">
<system-out><![CDATA[
unique-id: [engine:junit-jupiter]/[class:minebayd1.test.TestUser]/[test-template:testgetName(minebayd1.User)]/[test-template-invocation:#6]
display-name: [6] Aliou a 51 annonces ouvertes, 0 annonces fermées et 0 achats 

]]></system-out>
</testcase>
<testcase name="testgetName(User)[7]" classname="minebayd1.test.TestUser" time="0.005">
<system-out><![CDATA[
unique-id: [engine:junit-jupiter]/[class:minebayd1.test.TestUser]/[test-template:testgetName(minebayd1.User)]/[test-template-invocation:#7]
display-name: [7] Mamadou a 55 annonces ouvertes, 0 annonces fermées et 0 achats 

]]></system-out>
</testcase>
<testcase name="testgetName(User)[8]" classname="minebayd1.test.TestUser" time="0.002">
<system-out><![CDATA[
unique-id: [engine:junit-jupiter]/[class:minebayd1.test.TestUser]/[test-template:testgetName(minebayd1.User)]/[test-template-invocation:#8]
display-name: [8] Pierre a 43 annonces ouvertes, 0 annonces fermées et 0 achats 

]]></system-out>
</testcase>
<testcase name="testgetName(User)[9]" classname="minebayd1.test.TestUser" time="0.013">
<system-out><![CDATA[
unique-id: [engine:junit-jupiter]/[class:minebayd1.test.TestUser]/[test-template:testgetName(minebayd1.User)]/[test-template-invocation:#9]
display-name: [9] Mounir a 59 annonces ouvertes, 0 annonces fermées et 0 achats 

]]></system-out>
</testcase>
<testcase name="testgetName(User)[10]" classname="minebayd1.test.TestUser" time="0.004">
<system-out><![CDATA[
unique-id: [engine:junit-jupiter]/[class:minebayd1.test.TestUser]/[test-template:testgetName(minebayd1.User)]/[test-template-invocation:#10]
display-name: [10] Lisa a 46 annonces ouvertes, 0 annonces fermées et 0 achats 

]]></system-out>
</testcase>
<testcase name="testgetName(User)[11]" classname="minebayd1.test.TestUser" time="0.017">
<system-out><![CDATA[
unique-id: [engine:junit-jupiter]/[class:minebayd1.test.TestUser]/[test-template:testgetName(minebayd1.User)]/[test-template-invocation:#11]
display-name: [11] Ismael a 58 annonces ouvertes, 0 annonces fermées et 0 achats 

]]></system-out>
</testcase>
<testcase name="testgetName(User)[12]" classname="minebayd1.test.TestUser" time="0.012">
<system-out><![CDATA[
unique-id: [engine:junit-jupiter]/[class:minebayd1.test.TestUser]/[test-template:testgetName(minebayd1.User)]/[test-template-invocation:#12]
display-name: [12] Issa a 67 annonces ouvertes, 0 annonces fermées et 0 achats 

]]></system-out>
</testcase>
<testcase name="testgetName(User)[13]" classname="minebayd1.test.TestUser" time="0.003">
<system-out><![CDATA[
unique-id: [engine:junit-jupiter]/[class:minebayd1.test.TestUser]/[test-template:testgetName(minebayd1.User)]/[test-template-invocation:#13]
display-name: [13] Sonia a 45 annonces ouvertes, 0 annonces fermées et 0 achats 

]]></system-out>
</testcase>
<testcase name="testgetName(User)[14]" classname="minebayd1.test.TestUser" time="0.003">
<system-out><![CDATA[
unique-id: [engine:junit-jupiter]/[class:minebayd1.test.TestUser]/[test-template:testgetName(minebayd1.User)]/[test-template-invocation:#14]
display-name: [14] Aliou a 51 annonces ouvertes, 0 annonces fermées et 0 achats 

]]></system-out>
</testcase>
<testcase name="testgetName(User)[15]" classname="minebayd1.test.TestUser" time="0.005">
<system-out><![CDATA[
unique-id: [engine:junit-jupiter]/[class:minebayd1.test.TestUser]/[test-template:testgetName(minebayd1.User)]/[test-template-invocation:#15]
display-name: [15] Lyes a 64 annonces ouvertes, 0 annonces fermées et 0 achats 

]]></system-out>
</testcase>
<testcase name="testgetName(User)[16]" classname="minebayd1.test.TestUser" time="0.006">
<system-out><![CDATA[
unique-id: [engine:junit-jupiter]/[class:minebayd1.test.TestUser]/[test-template:testgetName(minebayd1.User)]/[test-template-invocation:#16]
display-name: [16] Nima a 46 annonces ouvertes, 0 annonces fermées et 0 achats 

]]></system-out>
</testcase>
<testcase name="testgetName(User)[17]" classname="minebayd1.test.TestUser" time="0.002">
<system-out><![CDATA[
unique-id: [engine:junit-jupiter]/[class:minebayd1.test.TestUser]/[test-template:testgetName(minebayd1.User)]/[test-template-invocation:#17]
display-name: [17] Rosa a 42 annonces ouvertes, 0 annonces fermées et 0 achats 

]]></system-out>
</testcase>
<testcase name="testgetName(User)[18]" classname="minebayd1.test.TestUser" time="0.002">
<system-out><![CDATA[
unique-id: [engine:junit-jupiter]/[class:minebayd1.test.TestUser]/[test-template:testgetName(minebayd1.User)]/[test-template-invocation:#18]
display-name: [18] Mohamed a 44 annonces ouvertes, 0 annonces fermées et 0 achats 

]]></system-out>
</testcase>
<testcase name="testgetName(User)[19]" classname="minebayd1.test.TestUser" time="0.002">
<system-out><![CDATA[
unique-id: [engine:junit-jupiter]/[class:minebayd1.test.TestUser]/[test-template:testgetName(minebayd1.User)]/[test-template-invocation:#19]
display-name: [19] Rosa a 42 annonces ouvertes, 0 annonces fermées et 0 achats 

]]></system-out>
</testcase>
<testcase name="testgetName(User)[20]" classname="minebayd1.test.TestUser" time="0.003">
<system-out><![CDATA[
unique-id: [engine:junit-jupiter]/[class:minebayd1.test.TestUser]/[test-template:testgetName(minebayd1.User)]/[test-template-invocation:#20]
display-name: [20] Ziad a 50 annonces ouvertes, 0 annonces fermées et 0 achats 

]]></system-out>
</testcase>
<testcase name="testgetName(User)[21]" classname="minebayd1.test.TestUser" time="0.004">
<system-out><![CDATA[
unique-id: [engine:junit-jupiter]/[class:minebayd1.test.TestUser]/[test-template:testgetName(minebayd1.User)]/[test-template-invocation:#21]
display-name: [21] Zahra a 41 annonces ouvertes, 0 annonces fermées et 0 achats 

]]></system-out>
</testcase>
<testcase name="testgetName(User)[22]" classname="minebayd1.test.TestUser" time="0.033">
<system-out><![CDATA[
unique-id: [engine:junit-jupiter]/[class:minebayd1.test.TestUser]/[test-template:testgetName(minebayd1.User)]/[test-template-invocation:#22]
display-name: [22] Idir a 58 annonces ouvertes, 0 annonces fermées et 0 achats 

]]></system-out>
</testcase>
<testcase name="testgetName(User)[23]" classname="minebayd1.test.TestUser" time="0.011">
<system-out><![CDATA[
unique-id: [engine:junit-jupiter]/[class:minebayd1.test.TestUser]/[test-template:testgetName(minebayd1.User)]/[test-template-invocation:#23]
display-name: [23] Chanez a 56 annonces ouvertes, 0 annonces fermées et 0 achats 

]]></system-out>
</testcase>
<testcase name="testgetName(User)[24]" classname="minebayd1.test.TestUser" time="0.003">
<system-out><![CDATA[
unique-id: [engine:junit-jupiter]/[class:minebayd1.test.TestUser]/[test-template:testgetName(minebayd1.User)]/[test-template-invocation:#24]
display-name: [24] Pierre a 43 annonces ouvertes, 0 annonces fermées et 0 achats 

]]></system-out>
</testcase>
<testcase name="testgetName(User)[25]" classname="minebayd1.test.TestUser" time="0.006">
<system-out><![CDATA[
unique-id: [engine:junit-jupiter]/[class:minebayd1.test.TestUser]/[test-template:testgetName(minebayd1.User)]/[test-template-invocation:#25]
display-name: [25] Lyes a 64 annonces ouvertes, 0 annonces fermées et 0 achats 

]]></system-out>
</testcase>
<testcase name="testgetName(User)[26]" classname="minebayd1.test.TestUser" time="0.013">
<system-out><![CDATA[
unique-id: [engine:junit-jupiter]/[class:minebayd1.test.TestUser]/[test-template:testgetName(minebayd1.User)]/[test-template-invocation:#26]
display-name: [26] Ayman a 54 annonces ouvertes, 0 annonces fermées et 0 achats 

]]></system-out>
</testcase>
<testcase name="testgetName(User)[27]" classname="minebayd1.test.TestUser" time="0.007">
<system-out><![CDATA[
unique-id: [engine:junit-jupiter]/[class:minebayd1.test.TestUser]/[test-template:testgetName(minebayd1.User)]/[test-template-invocation:#27]
display-name: [27] Aliou a 51 annonces ouvertes, 0 annonces fermées et 0 achats 

]]></system-out>
</testcase>
<testcase name="testgetName(User)[28]" classname="minebayd1.test.TestUser" time="0.005">
<system-out><![CDATA[
unique-id: [engine:junit-jupiter]/[class:minebayd1.test.TestUser]/[test-template:testgetName(minebayd1.User)]/[test-template-invocation:#28]
display-name: [28] Rosa a 42 annonces ouvertes, 0 annonces fermées et 0 achats 

]]></system-out>
</testcase>
<testcase name="testgetName(User)[29]" classname="minebayd1.test.TestUser" time="0.009">
<system-out><![CDATA[
unique-id: [engine:junit-jupiter]/[class:minebayd1.test.TestUser]/[test-template:testgetName(minebayd1.User)]/[test-template-invocation:#29]
display-name: [29] Aliou a 51 annonces ouvertes, 0 annonces fermées et 0 achats 

]]></system-out>
</testcase>
<testcase name="testgetName(User)[30]" classname="minebayd1.test.TestUser" time="0.011">
<system-out><![CDATA[
unique-id: [engine:junit-jupiter]/[class:minebayd1.test.TestUser]/[test-template:testgetName(minebayd1.User)]/[test-template-invocation:#30]
display-name: [30] Mounir a 59 annonces ouvertes, 0 annonces fermées et 0 achats 

]]></system-out>
</testcase>
<testcase name="testgetName(User)[31]" classname="minebayd1.test.TestUser" time="0.002">
<system-out><![CDATA[
unique-id: [engine:junit-jupiter]/[class:minebayd1.test.TestUser]/[test-template:testgetName(minebayd1.User)]/[test-template-invocation:#31]
display-name: [31] Ismael a 58 annonces ouvertes, 0 annonces fermées et 0 achats 

]]></system-out>
</testcase>
<testcase name="testgetName(User)[32]" classname="minebayd1.test.TestUser" time="0.002">
<system-out><![CDATA[
unique-id: [engine:junit-jupiter]/[class:minebayd1.test.TestUser]/[test-template:testgetName(minebayd1.User)]/[test-template-invocation:#32]
display-name: [32] Ayman a 54 annonces ouvertes, 0 annonces fermées et 0 achats 

]]></system-out>
</testcase>
<testcase name="testgetName(User)[33]" classname="minebayd1.test.TestUser" time="0.001">
<system-out><![CDATA[
unique-id: [engine:junit-jupiter]/[class:minebayd1.test.TestUser]/[test-template:testgetName(minebayd1.User)]/[test-template-invocation:#33]
display-name: [33] Yanis a 60 annonces ouvertes, 0 annonces fermées et 0 achats 

]]></system-out>
</testcase>
<testcase name="testgetName(User)[34]" classname="minebayd1.test.TestUser" time="0.002">
<system-out><![CDATA[
unique-id: [engine:junit-jupiter]/[class:minebayd1.test.TestUser]/[test-template:testgetName(minebayd1.User)]/[test-template-invocation:#34]
display-name: [34] Ali a 55 annonces ouvertes, 0 annonces fermées et 0 achats 

]]></system-out>
</testcase>
<testcase name="testgetName(User)[35]" classname="minebayd1.test.TestUser" time="0.001">
<system-out><![CDATA[
unique-id: [engine:junit-jupiter]/[class:minebayd1.test.TestUser]/[test-template:testgetName(minebayd1.User)]/[test-template-invocation:#35]
display-name: [35] Faycal a 51 annonces ouvertes, 0 annonces fermées et 0 achats 

]]></system-out>
</testcase>
<testcase name="testgetName(User)[36]" classname="minebayd1.test.TestUser" time="0.001">
<system-out><![CDATA[
unique-id: [engine:junit-jupiter]/[class:minebayd1.test.TestUser]/[test-template:testgetName(minebayd1.User)]/[test-template-invocation:#36]
display-name: [36] Ali a 55 annonces ouvertes, 0 annonces fermées et 0 achats 

]]></system-out>
</testcase>
<testcase name="testgetName(User)[37]" classname="minebayd1.test.TestUser" time="0.002">
<system-out><![CDATA[
unique-id: [engine:junit-jupiter]/[class:minebayd1.test.TestUser]/[test-template:testgetName(minebayd1.User)]/[test-template-invocation:#37]
display-name: [37] Yanis a 60 annonces ouvertes, 0 annonces fermées et 0 achats 

]]></system-out>
</testcase>
<testcase name="testgetName(User)[38]" classname="minebayd1.test.TestUser" time="0.002">
<system-out><![CDATA[
unique-id: [engine:junit-jupiter]/[class:minebayd1.test.TestUser]/[test-template:testgetName(minebayd1.User)]/[test-template-invocation:#38]
display-name: [38] Mohamed a 44 annonces ouvertes, 0 annonces fermées et 0 achats 

]]></system-out>
</testcase>
<testcase name="testgetName(User)[39]" classname="minebayd1.test.TestUser" time="0.003">
<system-out><![CDATA[
unique-id: [engine:junit-jupiter]/[class:minebayd1.test.TestUser]/[test-template:testgetName(minebayd1.User)]/[test-template-invocation:#39]
display-name: [39] Sheraz a 51 annonces ouvertes, 0 annonces fermées et 0 achats 

]]></system-out>
</testcase>
<testcase name="testgetName(User)[40]" classname="minebayd1.test.TestUser" time="0.002">
<system-out><![CDATA[
unique-id: [engine:junit-jupiter]/[class:minebayd1.test.TestUser]/[test-template:testgetName(minebayd1.User)]/[test-template-invocation:#40]
display-name: [40] Aliou a 51 annonces ouvertes, 0 annonces fermées et 0 achats 

]]></system-out>
</testcase>
<testcase name="testgetName(User)[41]" classname="minebayd1.test.TestUser" time="0.002">
<system-out><![CDATA[
unique-id: [engine:junit-jupiter]/[class:minebayd1.test.TestUser]/[test-template:testgetName(minebayd1.User)]/[test-template-invocation:#41]
display-name: [41] Imam a 46 annonces ouvertes, 0 annonces fermées et 0 achats 

]]></system-out>
</testcase>
<testcase name="testgetName(User)[42]" classname="minebayd1.test.TestUser" time="0.004">
<system-out><![CDATA[
unique-id: [engine:junit-jupiter]/[class:minebayd1.test.TestUser]/[test-template:testgetName(minebayd1.User)]/[test-template-invocation:#42]
display-name: [42] Boris a 60 annonces ouvertes, 0 annonces fermées et 0 achats 

]]></system-out>
</testcase>
<testcase name="testgetName(User)[43]" classname="minebayd1.test.TestUser" time="0.004">
<system-out><![CDATA[
unique-id: [engine:junit-jupiter]/[class:minebayd1.test.TestUser]/[test-template:testgetName(minebayd1.User)]/[test-template-invocation:#43]
display-name: [43] Boris a 60 annonces ouvertes, 0 annonces fermées et 0 achats 

]]></system-out>
</testcase>
<testcase name="testgetName(User)[44]" classname="minebayd1.test.TestUser" time="0.002">
<system-out><![CDATA[
unique-id: [engine:junit-jupiter]/[class:minebayd1.test.TestUser]/[test-template:testgetName(minebayd1.User)]/[test-template-invocation:#44]
display-name: [44] Mounir a 59 annonces ouvertes, 0 annonces fermées et 0 achats 

]]></system-out>
</testcase>
<testcase name="testgetName(User)[45]" classname="minebayd1.test.TestUser" time="0">
<system-out><![CDATA[
unique-id: [engine:junit-jupiter]/[class:minebayd1.test.TestUser]/[test-template:testgetName(minebayd1.User)]/[test-template-invocation:#45]
display-name: [45] Mohamed a 44 annonces ouvertes, 0 annonces fermées et 0 achats 

]]></system-out>
</testcase>
<testcase name="testgetName(User)[46]" classname="minebayd1.test.TestUser" time="0.003">
<system-out><![CDATA[
unique-id: [engine:junit-jupiter]/[class:minebayd1.test.TestUser]/[test-template:testgetName(minebayd1.User)]/[test-template-invocation:#46]
display-name: [46] Mounir a 59 annonces ouvertes, 0 annonces fermées et 0 achats 

]]></system-out>
</testcase>
<testcase name="testgetName(User)[47]" classname="minebayd1.test.TestUser" time="0.001">
<system-out><![CDATA[
unique-id: [engine:junit-jupiter]/[class:minebayd1.test.TestUser]/[test-template:testgetName(minebayd1.User)]/[test-template-invocation:#47]
display-name: [47] Sonia a 45 annonces ouvertes, 0 annonces fermées et 0 achats 

]]></system-out>
</testcase>
<testcase name="testgetName(User)[48]" classname="minebayd1.test.TestUser" time="0.001">
<system-out><![CDATA[
unique-id: [engine:junit-jupiter]/[class:minebayd1.test.TestUser]/[test-template:testgetName(minebayd1.User)]/[test-template-invocation:#48]
display-name: [48] Zahra a 41 annonces ouvertes, 0 annonces fermées et 0 achats 

]]></system-out>
</testcase>
<testcase name="testgetName(User)[49]" classname="minebayd1.test.TestUser" time="0.002">
<system-out><![CDATA[
unique-id: [engine:junit-jupiter]/[class:minebayd1.test.TestUser]/[test-template:testgetName(minebayd1.User)]/[test-template-invocation:#49]
display-name: [49] Chanez a 56 annonces ouvertes, 0 annonces fermées et 0 achats 

]]></system-out>
</testcase>
<testcase name="testgetName(User)[50]" classname="minebayd1.test.TestUser" time="0.003">
<system-out><![CDATA[
unique-id: [engine:junit-jupiter]/[class:minebayd1.test.TestUser]/[test-template:testgetName(minebayd1.User)]/[test-template-invocation:#50]
display-name: [50] Ismael a 58 annonces ouvertes, 0 annonces fermées et 0 achats 

]]></system-out>
</testcase>
<testcase name="testgetName(User)[51]" classname="minebayd1.test.TestUser" time="0.003">
<system-out><![CDATA[
unique-id: [engine:junit-jupiter]/[class:minebayd1.test.TestUser]/[test-template:testgetName(minebayd1.User)]/[test-template-invocation:#51]
display-name: [51] Ayman a 54 annonces ouvertes, 0 annonces fermées et 0 achats 

]]></system-out>
</testcase>
<testcase name="testgetName(User)[52]" classname="minebayd1.test.TestUser" time="0.002">
<system-out><![CDATA[
unique-id: [engine:junit-jupiter]/[class:minebayd1.test.TestUser]/[test-template:testgetName(minebayd1.User)]/[test-template-invocation:#52]
display-name: [52] Idir a 58 annonces ouvertes, 0 annonces fermées et 0 achats 

]]></system-out>
</testcase>
<testcase name="testgetName(User)[53]" classname="minebayd1.test.TestUser" time="0.001">
<system-out><![CDATA[
unique-id: [engine:junit-jupiter]/[class:minebayd1.test.TestUser]/[test-template:testgetName(minebayd1.User)]/[test-template-invocation:#53]
display-name: [53] Chanez a 56 annonces ouvertes, 0 annonces fermées et 0 achats 

]]></system-out>
</testcase>
<testcase name="testgetName(User)[54]" classname="minebayd1.test.TestUser" time="0.001">
<system-out><![CDATA[
unique-id: [engine:junit-jupiter]/[class:minebayd1.test.TestUser]/[test-template:testgetName(minebayd1.User)]/[test-template-invocation:#54]
display-name: [54] Nima a 46 annonces ouvertes, 0 annonces fermées et 0 achats 

]]></system-out>
</testcase>
<testcase name="testgetName(User)[55]" classname="minebayd1.test.TestUser" time="0.001">
<system-out><![CDATA[
unique-id: [engine:junit-jupiter]/[class:minebayd1.test.TestUser]/[test-template:testgetName(minebayd1.User)]/[test-template-invocation:#55]
display-name: [55] Marcel a 62 annonces ouvertes, 0 annonces fermées et 0 achats 

]]></system-out>
</testcase>
<testcase name="testgetName(User)[56]" classname="minebayd1.test.TestUser" time="0.001">
<system-out><![CDATA[
unique-id: [engine:junit-jupiter]/[class:minebayd1.test.TestUser]/[test-template:testgetName(minebayd1.User)]/[test-template-invocation:#56]
display-name: [56] Marc a 55 annonces ouvertes, 0 annonces fermées et 0 achats 

]]></system-out>
</testcase>
<testcase name="testgetName(User)[57]" classname="minebayd1.test.TestUser" time="0.001">
<system-out><![CDATA[
unique-id: [engine:junit-jupiter]/[class:minebayd1.test.TestUser]/[test-template:testgetName(minebayd1.User)]/[test-template-invocation:#57]
display-name: [57] Lyes a 64 annonces ouvertes, 0 annonces fermées et 0 achats 

]]></system-out>
</testcase>
<testcase name="testgetName(User)[58]" classname="minebayd1.test.TestUser" time="0.002">
<system-out><![CDATA[
unique-id: [engine:junit-jupiter]/[class:minebayd1.test.TestUser]/[test-template:testgetName(minebayd1.User)]/[test-template-invocation:#58]
display-name: [58] Sheraz a 51 annonces ouvertes, 0 annonces fermées et 0 achats 

]]></system-out>
</testcase>
<testcase name="testgetName(User)[59]" classname="minebayd1.test.TestUser" time="0.002">
<system-out><![CDATA[
unique-id: [engine:junit-jupiter]/[class:minebayd1.test.TestUser]/[test-template:testgetName(minebayd1.User)]/[test-template-invocation:#59]
display-name: [59] Mamadou a 55 annonces ouvertes, 0 annonces fermées et 0 achats 

]]></system-out>
</testcase>
<testcase name="testgetName(User)[60]" classname="minebayd1.test.TestUser" time="0.002">
<system-out><![CDATA[
unique-id: [engine:junit-jupiter]/[class:minebayd1.test.TestUser]/[test-template:testgetName(minebayd1.User)]/[test-template-invocation:#60]
display-name: [60] Issa a 67 annonces ouvertes, 0 annonces fermées et 0 achats 

]]></system-out>
</testcase>
<testcase name="testgetName(User)[61]" classname="minebayd1.test.TestUser" time="0.002">
<system-out><![CDATA[
unique-id: [engine:junit-jupiter]/[class:minebayd1.test.TestUser]/[test-template:testgetName(minebayd1.User)]/[test-template-invocation:#61]
display-name: [61] Marc a 55 annonces ouvertes, 0 annonces fermées et 0 achats 

]]></system-out>
</testcase>
<testcase name="testgetName(User)[62]" classname="minebayd1.test.TestUser" time="0.003">
<system-out><![CDATA[
unique-id: [engine:junit-jupiter]/[class:minebayd1.test.TestUser]/[test-template:testgetName(minebayd1.User)]/[test-template-invocation:#62]
display-name: [62] Ayman a 54 annonces ouvertes, 0 annonces fermées et 0 achats 

]]></system-out>
</testcase>
<testcase name="testgetName(User)[63]" classname="minebayd1.test.TestUser" time="0.002">
<system-out><![CDATA[
unique-id: [engine:junit-jupiter]/[class:minebayd1.test.TestUser]/[test-template:testgetName(minebayd1.User)]/[test-template-invocation:#63]
display-name: [63] Lyes a 64 annonces ouvertes, 0 annonces fermées et 0 achats 

]]></system-out>
</testcase>
<testcase name="testgetName(User)[64]" classname="minebayd1.test.TestUser" time="0.002">
<system-out><![CDATA[
unique-id: [engine:junit-jupiter]/[class:minebayd1.test.TestUser]/[test-template:testgetName(minebayd1.User)]/[test-template-invocation:#64]
display-name: [64] Yanis a 60 annonces ouvertes, 0 annonces fermées et 0 achats 

]]></system-out>
</testcase>
<testcase name="testgetName(User)[65]" classname="minebayd1.test.TestUser" time="0.002">
<system-out><![CDATA[
unique-id: [engine:junit-jupiter]/[class:minebayd1.test.TestUser]/[test-template:testgetName(minebayd1.User)]/[test-template-invocation:#65]
display-name: [65] Issa a 67 annonces ouvertes, 0 annonces fermées et 0 achats 

]]></system-out>
</testcase>
<testcase name="testgetName(User)[66]" classname="minebayd1.test.TestUser" time="0">
<system-out><![CDATA[
unique-id: [engine:junit-jupiter]/[class:minebayd1.test.TestUser]/[test-template:testgetName(minebayd1.User)]/[test-template-invocation:#66]
display-name: [66] Rosa a 42 annonces ouvertes, 0 annonces fermées et 0 achats 

]]></system-out>
</testcase>
<testcase name="testgetName(User)[67]" classname="minebayd1.test.TestUser" time="0">
<system-out><![CDATA[
unique-id: [engine:junit-jupiter]/[class:minebayd1.test.TestUser]/[test-template:testgetName(minebayd1.User)]/[test-template-invocation:#67]
display-name: [67] Pierre a 43 annonces ouvertes, 0 annonces fermées et 0 achats 

]]></system-out>
</testcase>
<testcase name="testgetName(User)[68]" classname="minebayd1.test.TestUser" time="0.001">
<system-out><![CDATA[
unique-id: [engine:junit-jupiter]/[class:minebayd1.test.TestUser]/[test-template:testgetName(minebayd1.User)]/[test-template-invocation:#68]
display-name: [68] Faycal a 51 annonces ouvertes, 0 annonces fermées et 0 achats 

]]></system-out>
</testcase>
<testcase name="testgetName(User)[69]" classname="minebayd1.test.TestUser" time="0.001">
<system-out><![CDATA[
unique-id: [engine:junit-jupiter]/[class:minebayd1.test.TestUser]/[test-template:testgetName(minebayd1.User)]/[test-template-invocation:#69]
display-name: [69] Lamia a 73 annonces ouvertes, 0 annonces fermées et 0 achats 

]]></system-out>
</testcase>
<testcase name="testgetName(User)[70]" classname="minebayd1.test.TestUser" time="0">
<system-out><![CDATA[
unique-id: [engine:junit-jupiter]/[class:minebayd1.test.TestUser]/[test-template:testgetName(minebayd1.User)]/[test-template-invocation:#70]
display-name: [70] Lisa a 46 annonces ouvertes, 0 annonces fermées et 0 achats 

]]></system-out>
</testcase>
<testcase name="testgetName(User)[71]" classname="minebayd1.test.TestUser" time="0.002">
<system-out><![CDATA[
unique-id: [engine:junit-jupiter]/[class:minebayd1.test.TestUser]/[test-template:testgetName(minebayd1.User)]/[test-template-invocation:#71]
display-name: [71] Idir a 58 annonces ouvertes, 0 annonces fermées et 0 achats 

]]></system-out>
</testcase>
<testcase name="testgetName(User)[72]" classname="minebayd1.test.TestUser" time="0.001">
<system-out><![CDATA[
unique-id: [engine:junit-jupiter]/[class:minebayd1.test.TestUser]/[test-template:testgetName(minebayd1.User)]/[test-template-invocation:#72]
display-name: [72] Aliou a 51 annonces ouvertes, 0 annonces fermées et 0 achats 

]]></system-out>
</testcase>
<testcase name="testgetName(User)[73]" classname="minebayd1.test.TestUser" time="0.002">
<system-out><![CDATA[
unique-id: [engine:junit-jupiter]/[class:minebayd1.test.TestUser]/[test-template:testgetName(minebayd1.User)]/[test-template-invocation:#73]
display-name: [73] Sheraz a 51 annonces ouvertes, 0 annonces fermées et 0 achats 

]]></system-out>
</testcase>
<testcase name="testgetName(User)[74]" classname="minebayd1.test.TestUser" time="0.002">
<system-out><![CDATA[
unique-id: [engine:junit-jupiter]/[class:minebayd1.test.TestUser]/[test-template:testgetName(minebayd1.User)]/[test-template-invocation:#74]
display-name: [74] Lyes a 64 annonces ouvertes, 0 annonces fermées et 0 achats 

]]></system-out>
</testcase>
<testcase name="testgetName(User)[75]" classname="minebayd1.test.TestUser" time="0.002">
<system-out><![CDATA[
unique-id: [engine:junit-jupiter]/[class:minebayd1.test.TestUser]/[test-template:testgetName(minebayd1.User)]/[test-template-invocation:#75]
display-name: [75] Issa a 67 annonces ouvertes, 0 annonces fermées et 0 achats 

]]></system-out>
</testcase>
<testcase name="testgetName(User)[76]" classname="minebayd1.test.TestUser" time="0.001">
<system-out><![CDATA[
unique-id: [engine:junit-jupiter]/[class:minebayd1.test.TestUser]/[test-template:testgetName(minebayd1.User)]/[test-template-invocation:#76]
display-name: [76] Sonia a 45 annonces ouvertes, 0 annonces fermées et 0 achats 

]]></system-out>
</testcase>
<testcase name="testgetName(User)[77]" classname="minebayd1.test.TestUser" time="0.002">
<system-out><![CDATA[
unique-id: [engine:junit-jupiter]/[class:minebayd1.test.TestUser]/[test-template:testgetName(minebayd1.User)]/[test-template-invocation:#77]
display-name: [77] Issa a 67 annonces ouvertes, 0 annonces fermées et 0 achats 

]]></system-out>
</testcase>
<testcase name="testgetName(User)[78]" classname="minebayd1.test.TestUser" time="0.004">
<system-out><![CDATA[
unique-id: [engine:junit-jupiter]/[class:minebayd1.test.TestUser]/[test-template:testgetName(minebayd1.User)]/[test-template-invocation:#78]
display-name: [78] Naila a 61 annonces ouvertes, 0 annonces fermées et 0 achats 

]]></system-out>
</testcase>
<testcase name="testgetName(User)[79]" classname="minebayd1.test.TestUser" time="0.003">
<system-out><![CDATA[
unique-id: [engine:junit-jupiter]/[class:minebayd1.test.TestUser]/[test-template:testgetName(minebayd1.User)]/[test-template-invocation:#79]
display-name: [79] Ismael a 58 annonces ouvertes, 0 annonces fermées et 0 achats 

]]></system-out>
</testcase>
<testcase name="testgetName(User)[80]" classname="minebayd1.test.TestUser" time="0.002">
<system-out><![CDATA[
unique-id: [engine:junit-jupiter]/[class:minebayd1.test.TestUser]/[test-template:testgetName(minebayd1.User)]/[test-template-invocation:#80]
display-name: [80] Nima a 46 annonces ouvertes, 0 annonces fermées et 0 achats 

]]></system-out>
</testcase>
<testcase name="testgetName(User)[81]" classname="minebayd1.test.TestUser" time="0.001">
<system-out><![CDATA[
unique-id: [engine:junit-jupiter]/[class:minebayd1.test.TestUser]/[test-template:testgetName(minebayd1.User)]/[test-template-invocation:#81]
display-name: [81] Faycal a 51 annonces ouvertes, 0 annonces fermées et 0 achats 

]]></system-out>
</testcase>
<testcase name="testgetName(User)[82]" classname="minebayd1.test.TestUser" time="0.002">
<system-out><![CDATA[
unique-id: [engine:junit-jupiter]/[class:minebayd1.test.TestUser]/[test-template:testgetName(minebayd1.User)]/[test-template-invocation:#82]
display-name: [82] Issa a 67 annonces ouvertes, 0 annonces fermées et 0 achats 

]]></system-out>
</testcase>
<testcase name="testgetName(User)[83]" classname="minebayd1.test.TestUser" time="0.003">
<system-out><![CDATA[
unique-id: [engine:junit-jupiter]/[class:minebayd1.test.TestUser]/[test-template:testgetName(minebayd1.User)]/[test-template-invocation:#83]
display-name: [83] Ayman a 54 annonces ouvertes, 0 annonces fermées et 0 achats 

]]></system-out>
</testcase>
<testcase name="testgetName(User)[84]" classname="minebayd1.test.TestUser" time="0.004">
<system-out><![CDATA[
unique-id: [engine:junit-jupiter]/[class:minebayd1.test.TestUser]/[test-template:testgetName(minebayd1.User)]/[test-template-invocation:#84]
display-name: [84] Idir a 58 annonces ouvertes, 0 annonces fermées et 0 achats 

]]></system-out>
</testcase>
<testcase name="testgetName(User)[85]" classname="minebayd1.test.TestUser" time="0.002">
<system-out><![CDATA[
unique-id: [engine:junit-jupiter]/[class:minebayd1.test.TestUser]/[test-template:testgetName(minebayd1.User)]/[test-template-invocation:#85]
display-name: [85] Sheraz a 51 annonces ouvertes, 0 annonces fermées et 0 achats 

]]></system-out>
</testcase>
<testcase name="testgetName(User)[86]" classname="minebayd1.test.TestUser" time="0.002">
<system-out><![CDATA[
unique-id: [engine:junit-jupiter]/[class:minebayd1.test.TestUser]/[test-template:testgetName(minebayd1.User)]/[test-template-invocation:#86]
display-name: [86] Sheraz a 51 annonces ouvertes, 0 annonces fermées et 0 achats 

]]></system-out>
</testcase>
<testcase name="testgetName(User)[87]" classname="minebayd1.test.TestUser" time="0.001">
<system-out><![CDATA[
unique-id: [engine:junit-jupiter]/[class:minebayd1.test.TestUser]/[test-template:testgetName(minebayd1.User)]/[test-template-invocation:#87]
display-name: [87] Pierre a 43 annonces ouvertes, 0 annonces fermées et 0 achats 

]]></system-out>
</testcase>
<testcase name="testgetName(User)[88]" classname="minebayd1.test.TestUser" time="0.001">
<system-out><![CDATA[
unique-id: [engine:junit-jupiter]/[class:minebayd1.test.TestUser]/[test-template:testgetName(minebayd1.User)]/[test-template-invocation:#88]
display-name: [88] Mounir a 59 annonces ouvertes, 0 annonces fermées et 0 achats 

]]></system-out>
</testcase>
<testcase name="testgetName(User)[89]" classname="minebayd1.test.TestUser" time="0.001">
<system-out><![CDATA[
unique-id: [engine:junit-jupiter]/[class:minebayd1.test.TestUser]/[test-template:testgetName(minebayd1.User)]/[test-template-invocation:#89]
display-name: [89] Mounir a 59 annonces ouvertes, 0 annonces fermées et 0 achats 

]]></system-out>
</testcase>
<testcase name="testgetName(User)[90]" classname="minebayd1.test.TestUser" time="0">
<system-out><![CDATA[
unique-id: [engine:junit-jupiter]/[class:minebayd1.test.TestUser]/[test-template:testgetName(minebayd1.User)]/[test-template-invocation:#90]
display-name: [90] Sonia a 45 annonces ouvertes, 0 annonces fermées et 0 achats 

]]></system-out>
</testcase>
<testcase name="testgetName(User)[91]" classname="minebayd1.test.TestUser" time="0.001">
<system-out><![CDATA[
unique-id: [engine:junit-jupiter]/[class:minebayd1.test.TestUser]/[test-template:testgetName(minebayd1.User)]/[test-template-invocation:#91]
display-name: [91] Mounir a 59 annonces ouvertes, 0 annonces fermées et 0 achats 

]]></system-out>
</testcase>
<testcase name="testgetName(User)[92]" classname="minebayd1.test.TestUser" time="0.001">
<system-out><![CDATA[
unique-id: [engine:junit-jupiter]/[class:minebayd1.test.TestUser]/[test-template:testgetName(minebayd1.User)]/[test-template-invocation:#92]
display-name: [92] Boris a 60 annonces ouvertes, 0 annonces fermées et 0 achats 

]]></system-out>
</testcase>
<testcase name="testgetName(User)[93]" classname="minebayd1.test.TestUser" time="0">
<system-out><![CDATA[
unique-id: [engine:junit-jupiter]/[class:minebayd1.test.TestUser]/[test-template:testgetName(minebayd1.User)]/[test-template-invocation:#93]
display-name: [93] Marcel a 62 annonces ouvertes, 0 annonces fermées et 0 achats 

]]></system-out>
</testcase>
<testcase name="testgetName(User)[94]" classname="minebayd1.test.TestUser" time="0.001">
<system-out><![CDATA[
unique-id: [engine:junit-jupiter]/[class:minebayd1.test.TestUser]/[test-template:testgetName(minebayd1.User)]/[test-template-invocation:#94]
display-name: [94] Ismael a 58 annonces ouvertes, 0 annonces fermées et 0 achats 

]]></system-out>
</testcase>
<testcase name="testgetName(User)[95]" classname="minebayd1.test.TestUser" time="0">
<system-out><![CDATA[
unique-id: [engine:junit-jupiter]/[class:minebayd1.test.TestUser]/[test-template:testgetName(minebayd1.User)]/[test-template-invocation:#95]
display-name: [95] Imam a 46 annonces ouvertes, 0 annonces fermées et 0 achats 

]]></system-out>
</testcase>
<testcase name="testgetName(User)[96]" classname="minebayd1.test.TestUser" time="0.001">
<system-out><![CDATA[
unique-id: [engine:junit-jupiter]/[class:minebayd1.test.TestUser]/[test-template:testgetName(minebayd1.User)]/[test-template-invocation:#96]
display-name: [96] Lamia a 73 annonces ouvertes, 0 annonces fermées et 0 achats 

]]></system-out>
</testcase>
<testcase name="testgetName(User)[97]" classname="minebayd1.test.TestUser" time="0.001">
<system-out><![CDATA[
unique-id: [engine:junit-jupiter]/[class:minebayd1.test.TestUser]/[test-template:testgetName(minebayd1.User)]/[test-template-invocation:#97]
display-name: [97] Lisa a 46 annonces ouvertes, 0 annonces fermées et 0 achats 

]]></system-out>
</testcase>
<testcase name="testgetName(User)[98]" classname="minebayd1.test.TestUser" time="0.002">
<system-out><![CDATA[
unique-id: [engine:junit-jupiter]/[class:minebayd1.test.TestUser]/[test-template:testgetName(minebayd1.User)]/[test-template-invocation:#98]
display-name: [98] Ismael a 58 annonces ouvertes, 0 annonces fermées et 0 achats 

]]></system-out>
</testcase>
<testcase name="testgetName(User)[99]" classname="minebayd1.test.TestUser" time="0.002">
<system-out><![CDATA[
unique-id: [engine:junit-jupiter]/[class:minebayd1.test.TestUser]/[test-template:testgetName(minebayd1.User)]/[test-template-invocation:#99]
display-name: [99] Mounir a 59 annonces ouvertes, 0 annonces fermées et 0 achats 

]]></system-out>
</testcase>
<testcase name="testgetName(User)[100]" classname="minebayd1.test.TestUser" time="0.002">
<system-out><![CDATA[
unique-id: [engine:junit-jupiter]/[class:minebayd1.test.TestUser]/[test-template:testgetName(minebayd1.User)]/[test-template-invocation:#100]
display-name: [100] Yanis a 60 annonces ouvertes, 0 annonces fermées et 0 achats 

]]></system-out>
</testcase>
<testcase name="testgetSelectedAdState(User)[1]" classname="minebayd1.test.TestUser" time="0.002">
<system-out><![CDATA[
unique-id: [engine:junit-jupiter]/[class:minebayd1.test.TestUser]/[test-template:testgetSelectedAdState(minebayd1.User)]/[test-template-invocation:#1]
display-name: [1] Naila a 61 annonces ouvertes, 0 annonces fermées et 0 achats 

]]></system-out>
</testcase>
<testcase name="testgetSelectedAdState(User)[2]" classname="minebayd1.test.TestUser" time="0.001">
<system-out><![CDATA[
unique-id: [engine:junit-jupiter]/[class:minebayd1.test.TestUser]/[test-template:testgetSelectedAdState(minebayd1.User)]/[test-template-invocation:#2]
display-name: [2] Pierre a 43 annonces ouvertes, 0 annonces fermées et 0 achats 

]]></system-out>
</testcase>
<testcase name="testgetSelectedAdState(User)[3]" classname="minebayd1.test.TestUser" time="0.002">
<system-out><![CDATA[
unique-id: [engine:junit-jupiter]/[class:minebayd1.test.TestUser]/[test-template:testgetSelectedAdState(minebayd1.User)]/[test-template-invocation:#3]
display-name: [3] Adam a 47 annonces ouvertes, 0 annonces fermées et 0 achats 

]]></system-out>
</testcase>
<testcase name="testgetSelectedAdState(User)[4]" classname="minebayd1.test.TestUser" time="0.003">
<system-out><![CDATA[
unique-id: [engine:junit-jupiter]/[class:minebayd1.test.TestUser]/[test-template:testgetSelectedAdState(minebayd1.User)]/[test-template-invocation:#4]
display-name: [4] Lamia a 73 annonces ouvertes, 0 annonces fermées et 0 achats 

]]></system-out>
</testcase>
<testcase name="testgetSelectedAdState(User)[5]" classname="minebayd1.test.TestUser" time="0.001">
<system-out><![CDATA[
unique-id: [engine:junit-jupiter]/[class:minebayd1.test.TestUser]/[test-template:testgetSelectedAdState(minebayd1.User)]/[test-template-invocation:#5]
display-name: [5] Mohamed a 44 annonces ouvertes, 0 annonces fermées et 0 achats 

]]></system-out>
</testcase>
<testcase name="testgetSelectedAdState(User)[6]" classname="minebayd1.test.TestUser" time="0.003">
<system-out><![CDATA[
unique-id: [engine:junit-jupiter]/[class:minebayd1.test.TestUser]/[test-template:testgetSelectedAdState(minebayd1.User)]/[test-template-invocation:#6]
display-name: [6] Lamia a 73 annonces ouvertes, 0 annonces fermées et 0 achats 

]]></system-out>
</testcase>
<testcase name="testgetSelectedAdState(User)[7]" classname="minebayd1.test.TestUser" time="0.001">
<system-out><![CDATA[
unique-id: [engine:junit-jupiter]/[class:minebayd1.test.TestUser]/[test-template:testgetSelectedAdState(minebayd1.User)]/[test-template-invocation:#7]
display-name: [7] Imam a 46 annonces ouvertes, 0 annonces fermées et 0 achats 

]]></system-out>
</testcase>
<testcase name="testgetSelectedAdState(User)[8]" classname="minebayd1.test.TestUser" time="0.002">
<system-out><![CDATA[
unique-id: [engine:junit-jupiter]/[class:minebayd1.test.TestUser]/[test-template:testgetSelectedAdState(minebayd1.User)]/[test-template-invocation:#8]
display-name: [8] Marcel a 62 annonces ouvertes, 0 annonces fermées et 0 achats 

]]></system-out>
</testcase>
<testcase name="testgetSelectedAdState(User)[9]" classname="minebayd1.test.TestUser" time="0.003">
<system-out><![CDATA[
unique-id: [engine:junit-jupiter]/[class:minebayd1.test.TestUser]/[test-template:testgetSelectedAdState(minebayd1.User)]/[test-template-invocation:#9]
display-name: [9] Idir a 58 annonces ouvertes, 0 annonces fermées et 0 achats 

]]></system-out>
</testcase>
<testcase name="testgetSelectedAdState(User)[10]" classname="minebayd1.test.TestUser" time="0.001">
<system-out><![CDATA[
unique-id: [engine:junit-jupiter]/[class:minebayd1.test.TestUser]/[test-template:testgetSelectedAdState(minebayd1.User)]/[test-template-invocation:#10]
display-name: [10] Rosa a 42 annonces ouvertes, 0 annonces fermées et 0 achats 

]]></system-out>
</testcase>
<testcase name="testgetSelectedAdState(User)[11]" classname="minebayd1.test.TestUser" time="0.001">
<system-out><![CDATA[
unique-id: [engine:junit-jupiter]/[class:minebayd1.test.TestUser]/[test-template:testgetSelectedAdState(minebayd1.User)]/[test-template-invocation:#11]
display-name: [11] Imam a 46 annonces ouvertes, 0 annonces fermées et 0 achats 

]]></system-out>
</testcase>
<testcase name="testgetSelectedAdState(User)[12]" classname="minebayd1.test.TestUser" time="0.001">
<system-out><![CDATA[
unique-id: [engine:junit-jupiter]/[class:minebayd1.test.TestUser]/[test-template:testgetSelectedAdState(minebayd1.User)]/[test-template-invocation:#12]
display-name: [12] Lisa a 46 annonces ouvertes, 0 annonces fermées et 0 achats 

]]></system-out>
</testcase>
<testcase name="testgetSelectedAdState(User)[13]" classname="minebayd1.test.TestUser" time="0.002">
<system-out><![CDATA[
unique-id: [engine:junit-jupiter]/[class:minebayd1.test.TestUser]/[test-template:testgetSelectedAdState(minebayd1.User)]/[test-template-invocation:#13]
display-name: [13] Adam a 47 annonces ouvertes, 0 annonces fermées et 0 achats 

]]></system-out>
</testcase>
<testcase name="testgetSelectedAdState(User)[14]" classname="minebayd1.test.TestUser" time="0.001">
<system-out><![CDATA[
unique-id: [engine:junit-jupiter]/[class:minebayd1.test.TestUser]/[test-template:testgetSelectedAdState(minebayd1.User)]/[test-template-invocation:#14]
display-name: [14] Adam a 47 annonces ouvertes, 0 annonces fermées et 0 achats 

]]></system-out>
</testcase>
<testcase name="testgetSelectedAdState(User)[15]" classname="minebayd1.test.TestUser" time="0">
<system-out><![CDATA[
unique-id: [engine:junit-jupiter]/[class:minebayd1.test.TestUser]/[test-template:testgetSelectedAdState(minebayd1.User)]/[test-template-invocation:#15]
display-name: [15] Ziad a 50 annonces ouvertes, 0 annonces fermées et 0 achats 

]]></system-out>
</testcase>
<testcase name="testgetSelectedAdState(User)[16]" classname="minebayd1.test.TestUser" time="0.001">
<system-out><![CDATA[
unique-id: [engine:junit-jupiter]/[class:minebayd1.test.TestUser]/[test-template:testgetSelectedAdState(minebayd1.User)]/[test-template-invocation:#16]
display-name: [16] Naila a 61 annonces ouvertes, 0 annonces fermées et 0 achats 

]]></system-out>
</testcase>
<testcase name="testgetSelectedAdState(User)[17]" classname="minebayd1.test.TestUser" time="0">
<system-out><![CDATA[
unique-id: [engine:junit-jupiter]/[class:minebayd1.test.TestUser]/[test-template:testgetSelectedAdState(minebayd1.User)]/[test-template-invocation:#17]
display-name: [17] Lisa a 46 annonces ouvertes, 0 annonces fermées et 0 achats 

]]></system-out>
</testcase>
<testcase name="testgetSelectedAdState(User)[18]" classname="minebayd1.test.TestUser" time="0">
<system-out><![CDATA[
unique-id: [engine:junit-jupiter]/[class:minebayd1.test.TestUser]/[test-template:testgetSelectedAdState(minebayd1.User)]/[test-template-invocation:#18]
display-name: [18] Aliou a 51 annonces ouvertes, 0 annonces fermées et 0 achats 

]]></system-out>
</testcase>
<testcase name="testgetSelectedAdState(User)[19]" classname="minebayd1.test.TestUser" time="0">
<system-out><![CDATA[
unique-id: [engine:junit-jupiter]/[class:minebayd1.test.TestUser]/[test-template:testgetSelectedAdState(minebayd1.User)]/[test-template-invocation:#19]
display-name: [19] Lisa a 46 annonces ouvertes, 0 annonces fermées et 0 achats 

]]></system-out>
</testcase>
<testcase name="testgetSelectedAdState(User)[20]" classname="minebayd1.test.TestUser" time="0">
<system-out><![CDATA[
unique-id: [engine:junit-jupiter]/[class:minebayd1.test.TestUser]/[test-template:testgetSelectedAdState(minebayd1.User)]/[test-template-invocation:#20]
display-name: [20] Lyes a 64 annonces ouvertes, 0 annonces fermées et 0 achats 

]]></system-out>
</testcase>
<testcase name="testgetSelectedAdState(User)[21]" classname="minebayd1.test.TestUser" time="0">
<system-out><![CDATA[
unique-id: [engine:junit-jupiter]/[class:minebayd1.test.TestUser]/[test-template:testgetSelectedAdState(minebayd1.User)]/[test-template-invocation:#21]
display-name: [21] Imam a 46 annonces ouvertes, 0 annonces fermées et 0 achats 

]]></system-out>
</testcase>
<testcase name="testgetSelectedAdState(User)[22]" classname="minebayd1.test.TestUser" time="0">
<system-out><![CDATA[
unique-id: [engine:junit-jupiter]/[class:minebayd1.test.TestUser]/[test-template:testgetSelectedAdState(minebayd1.User)]/[test-template-invocation:#22]
display-name: [22] Marc a 55 annonces ouvertes, 0 annonces fermées et 0 achats 

]]></system-out>
</testcase>
<testcase name="testgetSelectedAdState(User)[23]" classname="minebayd1.test.TestUser" time="0">
<system-out><![CDATA[
unique-id: [engine:junit-jupiter]/[class:minebayd1.test.TestUser]/[test-template:testgetSelectedAdState(minebayd1.User)]/[test-template-invocation:#23]
display-name: [23] Aliou a 51 annonces ouvertes, 0 annonces fermées et 0 achats 

]]></system-out>
</testcase>
<testcase name="testgetSelectedAdState(User)[24]" classname="minebayd1.test.TestUser" time="0">
<system-out><![CDATA[
unique-id: [engine:junit-jupiter]/[class:minebayd1.test.TestUser]/[test-template:testgetSelectedAdState(minebayd1.User)]/[test-template-invocation:#24]
display-name: [24] Zahra a 41 annonces ouvertes, 0 annonces fermées et 0 achats 

]]></system-out>
</testcase>
<testcase name="testgetSelectedAdState(User)[25]" classname="minebayd1.test.TestUser" time="0.001">
<system-out><![CDATA[
unique-id: [engine:junit-jupiter]/[class:minebayd1.test.TestUser]/[test-template:testgetSelectedAdState(minebayd1.User)]/[test-template-invocation:#25]
display-name: [25] Ayman a 54 annonces ouvertes, 0 annonces fermées et 0 achats 

]]></system-out>
</testcase>
<testcase name="testgetSelectedAdState(User)[26]" classname="minebayd1.test.TestUser" time="0.001">
<system-out><![CDATA[
unique-id: [engine:junit-jupiter]/[class:minebayd1.test.TestUser]/[test-template:testgetSelectedAdState(minebayd1.User)]/[test-template-invocation:#26]
display-name: [26] Issa a 67 annonces ouvertes, 0 annonces fermées et 0 achats 

]]></system-out>
</testcase>
<testcase name="testgetSelectedAdState(User)[27]" classname="minebayd1.test.TestUser" time="0.001">
<system-out><![CDATA[
unique-id: [engine:junit-jupiter]/[class:minebayd1.test.TestUser]/[test-template:testgetSelectedAdState(minebayd1.User)]/[test-template-invocation:#27]
display-name: [27] Yanis a 60 annonces ouvertes, 0 annonces fermées et 0 achats 

]]></system-out>
</testcase>
<testcase name="testgetSelectedAdState(User)[28]" classname="minebayd1.test.TestUser" time="0.001">
<system-out><![CDATA[
unique-id: [engine:junit-jupiter]/[class:minebayd1.test.TestUser]/[test-template:testgetSelectedAdState(minebayd1.User)]/[test-template-invocation:#28]
display-name: [28] Mohamed a 44 annonces ouvertes, 0 annonces fermées et 0 achats 

]]></system-out>
</testcase>
<testcase name="testgetSelectedAdState(User)[29]" classname="minebayd1.test.TestUser" time="0.002">
<system-out><![CDATA[
unique-id: [engine:junit-jupiter]/[class:minebayd1.test.TestUser]/[test-template:testgetSelectedAdState(minebayd1.User)]/[test-template-invocation:#29]
display-name: [29] Lamia a 73 annonces ouvertes, 0 annonces fermées et 0 achats 

]]></system-out>
</testcase>
<testcase name="testgetSelectedAdState(User)[30]" classname="minebayd1.test.TestUser" time="0.002">
<system-out><![CDATA[
unique-id: [engine:junit-jupiter]/[class:minebayd1.test.TestUser]/[test-template:testgetSelectedAdState(minebayd1.User)]/[test-template-invocation:#30]
display-name: [30] Ayman a 54 annonces ouvertes, 0 annonces fermées et 0 achats 

]]></system-out>
</testcase>
<testcase name="testgetSelectedAdState(User)[31]" classname="minebayd1.test.TestUser" time="0">
<system-out><![CDATA[
unique-id: [engine:junit-jupiter]/[class:minebayd1.test.TestUser]/[test-template:testgetSelectedAdState(minebayd1.User)]/[test-template-invocation:#31]
display-name: [31] Pierre a 43 annonces ouvertes, 0 annonces fermées et 0 achats 

]]></system-out>
</testcase>
<testcase name="testgetSelectedAdState(User)[32]" classname="minebayd1.test.TestUser" time="0">
<system-out><![CDATA[
unique-id: [engine:junit-jupiter]/[class:minebayd1.test.TestUser]/[test-template:testgetSelectedAdState(minebayd1.User)]/[test-template-invocation:#32]
display-name: [32] Nima a 46 annonces ouvertes, 0 annonces fermées et 0 achats 

]]></system-out>
</testcase>
<testcase name="testgetSelectedAdState(User)[33]" classname="minebayd1.test.TestUser" time="0">
<system-out><![CDATA[
unique-id: [engine:junit-jupiter]/[class:minebayd1.test.TestUser]/[test-template:testgetSelectedAdState(minebayd1.User)]/[test-template-invocation:#33]
display-name: [33] Faycal a 51 annonces ouvertes, 0 annonces fermées et 0 achats 

]]></system-out>
</testcase>
<testcase name="testgetSelectedAdState(User)[34]" classname="minebayd1.test.TestUser" time="0">
<system-out><![CDATA[
unique-id: [engine:junit-jupiter]/[class:minebayd1.test.TestUser]/[test-template:testgetSelectedAdState(minebayd1.User)]/[test-template-invocation:#34]
display-name: [34] Marc a 55 annonces ouvertes, 0 annonces fermées et 0 achats 

]]></system-out>
</testcase>
<testcase name="testgetSelectedAdState(User)[35]" classname="minebayd1.test.TestUser" time="0">
<system-out><![CDATA[
unique-id: [engine:junit-jupiter]/[class:minebayd1.test.TestUser]/[test-template:testgetSelectedAdState(minebayd1.User)]/[test-template-invocation:#35]
display-name: [35] Imam a 46 annonces ouvertes, 0 annonces fermées et 0 achats 

]]></system-out>
</testcase>
<testcase name="testgetSelectedAdState(User)[36]" classname="minebayd1.test.TestUser" time="0">
<system-out><![CDATA[
unique-id: [engine:junit-jupiter]/[class:minebayd1.test.TestUser]/[test-template:testgetSelectedAdState(minebayd1.User)]/[test-template-invocation:#36]
display-name: [36] Aliou a 51 annonces ouvertes, 0 annonces fermées et 0 achats 

]]></system-out>
</testcase>
<testcase name="testgetSelectedAdState(User)[37]" classname="minebayd1.test.TestUser" time="0">
<system-out><![CDATA[
unique-id: [engine:junit-jupiter]/[class:minebayd1.test.TestUser]/[test-template:testgetSelectedAdState(minebayd1.User)]/[test-template-invocation:#37]
display-name: [37] Ziad a 50 annonces ouvertes, 0 annonces fermées et 0 achats 

]]></system-out>
</testcase>
<testcase name="testgetSelectedAdState(User)[38]" classname="minebayd1.test.TestUser" time="0">
<system-out><![CDATA[
unique-id: [engine:junit-jupiter]/[class:minebayd1.test.TestUser]/[test-template:testgetSelectedAdState(minebayd1.User)]/[test-template-invocation:#38]
display-name: [38] Zahra a 41 annonces ouvertes, 0 annonces fermées et 0 achats 

]]></system-out>
</testcase>
<testcase name="testgetSelectedAdState(User)[39]" classname="minebayd1.test.TestUser" time="0.001">
<system-out><![CDATA[
unique-id: [engine:junit-jupiter]/[class:minebayd1.test.TestUser]/[test-template:testgetSelectedAdState(minebayd1.User)]/[test-template-invocation:#39]
display-name: [39] Ayman a 54 annonces ouvertes, 0 annonces fermées et 0 achats 

]]></system-out>
</testcase>
<testcase name="testgetSelectedAdState(User)[40]" classname="minebayd1.test.TestUser" time="0">
<system-out><![CDATA[
unique-id: [engine:junit-jupiter]/[class:minebayd1.test.TestUser]/[test-template:testgetSelectedAdState(minebayd1.User)]/[test-template-invocation:#40]
display-name: [40] Mohamed a 44 annonces ouvertes, 0 annonces fermées et 0 achats 

]]></system-out>
</testcase>
<testcase name="testgetSelectedAdState(User)[41]" classname="minebayd1.test.TestUser" time="0.001">
<system-out><![CDATA[
unique-id: [engine:junit-jupiter]/[class:minebayd1.test.TestUser]/[test-template:testgetSelectedAdState(minebayd1.User)]/[test-template-invocation:#41]
display-name: [41] Boris a 60 annonces ouvertes, 0 annonces fermées et 0 achats 

]]></system-out>
</testcase>
<testcase name="testgetSelectedAdState(User)[42]" classname="minebayd1.test.TestUser" time="0.001">
<system-out><![CDATA[
unique-id: [engine:junit-jupiter]/[class:minebayd1.test.TestUser]/[test-template:testgetSelectedAdState(minebayd1.User)]/[test-template-invocation:#42]
display-name: [42] Ismael a 58 annonces ouvertes, 0 annonces fermées et 0 achats 

]]></system-out>
</testcase>
<testcase name="testgetSelectedAdState(User)[43]" classname="minebayd1.test.TestUser" time="0">
<system-out><![CDATA[
unique-id: [engine:junit-jupiter]/[class:minebayd1.test.TestUser]/[test-template:testgetSelectedAdState(minebayd1.User)]/[test-template-invocation:#43]
display-name: [43] Sonia a 45 annonces ouvertes, 0 annonces fermées et 0 achats 

]]></system-out>
</testcase>
<testcase name="testgetSelectedAdState(User)[44]" classname="minebayd1.test.TestUser" time="0">
<system-out><![CDATA[
unique-id: [engine:junit-jupiter]/[class:minebayd1.test.TestUser]/[test-template:testgetSelectedAdState(minebayd1.User)]/[test-template-invocation:#44]
display-name: [44] Sonia a 45 annonces ouvertes, 0 annonces fermées et 0 achats 

]]></system-out>
</testcase>
<testcase name="testgetSelectedAdState(User)[45]" classname="minebayd1.test.TestUser" time="0.001">
<system-out><![CDATA[
unique-id: [engine:junit-jupiter]/[class:minebayd1.test.TestUser]/[test-template:testgetSelectedAdState(minebayd1.User)]/[test-template-invocation:#45]
display-name: [45] Ayman a 54 annonces ouvertes, 0 annonces fermées et 0 achats 

]]></system-out>
</testcase>
<testcase name="testgetSelectedAdState(User)[46]" classname="minebayd1.test.TestUser" time="0">
<system-out><![CDATA[
unique-id: [engine:junit-jupiter]/[class:minebayd1.test.TestUser]/[test-template:testgetSelectedAdState(minebayd1.User)]/[test-template-invocation:#46]
display-name: [46] Chanez a 56 annonces ouvertes, 0 annonces fermées et 0 achats 

]]></system-out>
</testcase>
<testcase name="testgetSelectedAdState(User)[47]" classname="minebayd1.test.TestUser" time="0">
<system-out><![CDATA[
unique-id: [engine:junit-jupiter]/[class:minebayd1.test.TestUser]/[test-template:testgetSelectedAdState(minebayd1.User)]/[test-template-invocation:#47]
display-name: [47] Imam a 46 annonces ouvertes, 0 annonces fermées et 0 achats 

]]></system-out>
</testcase>
<testcase name="testgetSelectedAdState(User)[48]" classname="minebayd1.test.TestUser" time="0.001">
<system-out><![CDATA[
unique-id: [engine:junit-jupiter]/[class:minebayd1.test.TestUser]/[test-template:testgetSelectedAdState(minebayd1.User)]/[test-template-invocation:#48]
display-name: [48] Adam a 47 annonces ouvertes, 0 annonces fermées et 0 achats 

]]></system-out>
</testcase>
<testcase name="testgetSelectedAdState(User)[49]" classname="minebayd1.test.TestUser" time="0">
<system-out><![CDATA[
unique-id: [engine:junit-jupiter]/[class:minebayd1.test.TestUser]/[test-template:testgetSelectedAdState(minebayd1.User)]/[test-template-invocation:#49]
display-name: [49] Aliou a 51 annonces ouvertes, 0 annonces fermées et 0 achats 

]]></system-out>
</testcase>
<testcase name="testgetSelectedAdState(User)[50]" classname="minebayd1.test.TestUser" time="0">
<system-out><![CDATA[
unique-id: [engine:junit-jupiter]/[class:minebayd1.test.TestUser]/[test-template:testgetSelectedAdState(minebayd1.User)]/[test-template-invocation:#50]
display-name: [50] Aliou a 51 annonces ouvertes, 0 annonces fermées et 0 achats 

]]></system-out>
</testcase>
<testcase name="testgetSelectedAdState(User)[51]" classname="minebayd1.test.TestUser" time="0">
<system-out><![CDATA[
unique-id: [engine:junit-jupiter]/[class:minebayd1.test.TestUser]/[test-template:testgetSelectedAdState(minebayd1.User)]/[test-template-invocation:#51]
display-name: [51] Ali a 55 annonces ouvertes, 0 annonces fermées et 0 achats 

]]></system-out>
</testcase>
<testcase name="testgetSelectedAdState(User)[52]" classname="minebayd1.test.TestUser" time="0">
<system-out><![CDATA[
unique-id: [engine:junit-jupiter]/[class:minebayd1.test.TestUser]/[test-template:testgetSelectedAdState(minebayd1.User)]/[test-template-invocation:#52]
display-name: [52] Yanis a 60 annonces ouvertes, 0 annonces fermées et 0 achats 

]]></system-out>
</testcase>
<testcase name="testgetSelectedAdState(User)[53]" classname="minebayd1.test.TestUser" time="0.001">
<system-out><![CDATA[
unique-id: [engine:junit-jupiter]/[class:minebayd1.test.TestUser]/[test-template:testgetSelectedAdState(minebayd1.User)]/[test-template-invocation:#53]
display-name: [53] Mounir a 59 annonces ouvertes, 0 annonces fermées et 0 achats 

]]></system-out>
</testcase>
<testcase name="testgetSelectedAdState(User)[54]" classname="minebayd1.test.TestUser" time="0">
<system-out><![CDATA[
unique-id: [engine:junit-jupiter]/[class:minebayd1.test.TestUser]/[test-template:testgetSelectedAdState(minebayd1.User)]/[test-template-invocation:#54]
display-name: [54] Lyes a 64 annonces ouvertes, 0 annonces fermées et 0 achats 

]]></system-out>
</testcase>
<testcase name="testgetSelectedAdState(User)[55]" classname="minebayd1.test.TestUser" time="0.001">
<system-out><![CDATA[
unique-id: [engine:junit-jupiter]/[class:minebayd1.test.TestUser]/[test-template:testgetSelectedAdState(minebayd1.User)]/[test-template-invocation:#55]
display-name: [55] Zahra a 41 annonces ouvertes, 0 annonces fermées et 0 achats 

]]></system-out>
</testcase>
<testcase name="testgetSelectedAdState(User)[56]" classname="minebayd1.test.TestUser" time="0">
<system-out><![CDATA[
unique-id: [engine:junit-jupiter]/[class:minebayd1.test.TestUser]/[test-template:testgetSelectedAdState(minebayd1.User)]/[test-template-invocation:#56]
display-name: [56] Sheraz a 51 annonces ouvertes, 0 annonces fermées et 0 achats 

]]></system-out>
</testcase>
<testcase name="testgetSelectedAdState(User)[57]" classname="minebayd1.test.TestUser" time="0.006">
<system-out><![CDATA[
unique-id: [engine:junit-jupiter]/[class:minebayd1.test.TestUser]/[test-template:testgetSelectedAdState(minebayd1.User)]/[test-template-invocation:#57]
display-name: [57] Lyes a 64 annonces ouvertes, 0 annonces fermées et 0 achats 

]]></system-out>
</testcase>
<testcase name="testgetSelectedAdState(User)[58]" classname="minebayd1.test.TestUser" time="0">
<system-out><![CDATA[
unique-id: [engine:junit-jupiter]/[class:minebayd1.test.TestUser]/[test-template:testgetSelectedAdState(minebayd1.User)]/[test-template-invocation:#58]
display-name: [58] Faycal a 51 annonces ouvertes, 0 annonces fermées et 0 achats 

]]></system-out>
</testcase>
<testcase name="testgetSelectedAdState(User)[59]" classname="minebayd1.test.TestUser" time="0.001">
<system-out><![CDATA[
unique-id: [engine:junit-jupiter]/[class:minebayd1.test.TestUser]/[test-template:testgetSelectedAdState(minebayd1.User)]/[test-template-invocation:#59]
display-name: [59] Zahra a 41 annonces ouvertes, 0 annonces fermées et 0 achats 

]]></system-out>
</testcase>
<testcase name="testgetSelectedAdState(User)[60]" classname="minebayd1.test.TestUser" time="0">
<system-out><![CDATA[
unique-id: [engine:junit-jupiter]/[class:minebayd1.test.TestUser]/[test-template:testgetSelectedAdState(minebayd1.User)]/[test-template-invocation:#60]
display-name: [60] Rosa a 42 annonces ouvertes, 0 annonces fermées et 0 achats 

]]></system-out>
</testcase>
<testcase name="testgetSelectedAdState(User)[61]" classname="minebayd1.test.TestUser" time="0.002">
<system-out><![CDATA[
unique-id: [engine:junit-jupiter]/[class:minebayd1.test.TestUser]/[test-template:testgetSelectedAdState(minebayd1.User)]/[test-template-invocation:#61]
display-name: [61] Naila a 61 annonces ouvertes, 0 annonces fermées et 0 achats 

]]></system-out>
</testcase>
<testcase name="testgetSelectedAdState(User)[62]" classname="minebayd1.test.TestUser" time="0">
<system-out><![CDATA[
unique-id: [engine:junit-jupiter]/[class:minebayd1.test.TestUser]/[test-template:testgetSelectedAdState(minebayd1.User)]/[test-template-invocation:#62]
display-name: [62] Mohamed a 44 annonces ouvertes, 0 annonces fermées et 0 achats 

]]></system-out>
</testcase>
<testcase name="testgetSelectedAdState(User)[63]" classname="minebayd1.test.TestUser" time="0.002">
<system-out><![CDATA[
unique-id: [engine:junit-jupiter]/[class:minebayd1.test.TestUser]/[test-template:testgetSelectedAdState(minebayd1.User)]/[test-template-invocation:#63]
display-name: [63] Ismael a 58 annonces ouvertes, 0 annonces fermées et 0 achats 

]]></system-out>
</testcase>
<testcase name="testgetSelectedAdState(User)[64]" classname="minebayd1.test.TestUser" time="0.002">
<system-out><![CDATA[
unique-id: [engine:junit-jupiter]/[class:minebayd1.test.TestUser]/[test-template:testgetSelectedAdState(minebayd1.User)]/[test-template-invocation:#64]
display-name: [64] Lamia a 73 annonces ouvertes, 0 annonces fermées et 0 achats 

]]></system-out>
</testcase>
<testcase name="testgetSelectedAdState(User)[65]" classname="minebayd1.test.TestUser" time="0.002">
<system-out><![CDATA[
unique-id: [engine:junit-jupiter]/[class:minebayd1.test.TestUser]/[test-template:testgetSelectedAdState(minebayd1.User)]/[test-template-invocation:#65]
display-name: [65] Nima a 46 annonces ouvertes, 0 annonces fermées et 0 achats 

]]></system-out>
</testcase>
<testcase name="testgetSelectedAdState(User)[66]" classname="minebayd1.test.TestUser" time="0.001">
<system-out><![CDATA[
unique-id: [engine:junit-jupiter]/[class:minebayd1.test.TestUser]/[test-template:testgetSelectedAdState(minebayd1.User)]/[test-template-invocation:#66]
display-name: [66] Imam a 46 annonces ouvertes, 0 annonces fermées et 0 achats 

]]></system-out>
</testcase>
<testcase name="testgetSelectedAdState(User)[67]" classname="minebayd1.test.TestUser" time="0.003">
<system-out><![CDATA[
unique-id: [engine:junit-jupiter]/[class:minebayd1.test.TestUser]/[test-template:testgetSelectedAdState(minebayd1.User)]/[test-template-invocation:#67]
display-name: [67] Ayman a 54 annonces ouvertes, 0 annonces fermées et 0 achats 

]]></system-out>
</testcase>
<testcase name="testgetSelectedAdState(User)[68]" classname="minebayd1.test.TestUser" time="0.001">
<system-out><![CDATA[
unique-id: [engine:junit-jupiter]/[class:minebayd1.test.TestUser]/[test-template:testgetSelectedAdState(minebayd1.User)]/[test-template-invocation:#68]
display-name: [68] Yanis a 60 annonces ouvertes, 0 annonces fermées et 0 achats 

]]></system-out>
</testcase>
<testcase name="testgetSelectedAdState(User)[69]" classname="minebayd1.test.TestUser" time="0.001">
<system-out><![CDATA[
unique-id: [engine:junit-jupiter]/[class:minebayd1.test.TestUser]/[test-template:testgetSelectedAdState(minebayd1.User)]/[test-template-invocation:#69]
display-name: [69] Mohamed a 44 annonces ouvertes, 0 annonces fermées et 0 achats 

]]></system-out>
</testcase>
<testcase name="testgetSelectedAdState(User)[70]" classname="minebayd1.test.TestUser" time="0.001">
<system-out><![CDATA[
unique-id: [engine:junit-jupiter]/[class:minebayd1.test.TestUser]/[test-template:testgetSelectedAdState(minebayd1.User)]/[test-template-invocation:#70]
display-name: [70] Zahra a 41 annonces ouvertes, 0 annonces fermées et 0 achats 

]]></system-out>
</testcase>
<testcase name="testgetSelectedAdState(User)[71]" classname="minebayd1.test.TestUser" time="0.001">
<system-out><![CDATA[
unique-id: [engine:junit-jupiter]/[class:minebayd1.test.TestUser]/[test-template:testgetSelectedAdState(minebayd1.User)]/[test-template-invocation:#71]
display-name: [71] Lamia a 73 annonces ouvertes, 0 annonces fermées et 0 achats 

]]></system-out>
</testcase>
<testcase name="testgetSelectedAdState(User)[72]" classname="minebayd1.test.TestUser" time="0.001">
<system-out><![CDATA[
unique-id: [engine:junit-jupiter]/[class:minebayd1.test.TestUser]/[test-template:testgetSelectedAdState(minebayd1.User)]/[test-template-invocation:#72]
display-name: [72] Boris a 60 annonces ouvertes, 0 annonces fermées et 0 achats 

]]></system-out>
</testcase>
<testcase name="testgetSelectedAdState(User)[73]" classname="minebayd1.test.TestUser" time="0.001">
<system-out><![CDATA[
unique-id: [engine:junit-jupiter]/[class:minebayd1.test.TestUser]/[test-template:testgetSelectedAdState(minebayd1.User)]/[test-template-invocation:#73]
display-name: [73] Naila a 61 annonces ouvertes, 0 annonces fermées et 0 achats 

]]></system-out>
</testcase>
<testcase name="testgetSelectedAdState(User)[74]" classname="minebayd1.test.TestUser" time="0">
<system-out><![CDATA[
unique-id: [engine:junit-jupiter]/[class:minebayd1.test.TestUser]/[test-template:testgetSelectedAdState(minebayd1.User)]/[test-template-invocation:#74]
display-name: [74] Rosa a 42 annonces ouvertes, 0 annonces fermées et 0 achats 

]]></system-out>
</testcase>
<testcase name="testgetSelectedAdState(User)[75]" classname="minebayd1.test.TestUser" time="0.001">
<system-out><![CDATA[
unique-id: [engine:junit-jupiter]/[class:minebayd1.test.TestUser]/[test-template:testgetSelectedAdState(minebayd1.User)]/[test-template-invocation:#75]
display-name: [75] Lamia a 73 annonces ouvertes, 0 annonces fermées et 0 achats 

]]></system-out>
</testcase>
<testcase name="testgetSelectedAdState(User)[76]" classname="minebayd1.test.TestUser" time="0">
<system-out><![CDATA[
unique-id: [engine:junit-jupiter]/[class:minebayd1.test.TestUser]/[test-template:testgetSelectedAdState(minebayd1.User)]/[test-template-invocation:#76]
display-name: [76] Nima a 46 annonces ouvertes, 0 annonces fermées et 0 achats 

]]></system-out>
</testcase>
<testcase name="testgetSelectedAdState(User)[77]" classname="minebayd1.test.TestUser" time="0">
<system-out><![CDATA[
unique-id: [engine:junit-jupiter]/[class:minebayd1.test.TestUser]/[test-template:testgetSelectedAdState(minebayd1.User)]/[test-template-invocation:#77]
display-name: [77] Nima a 46 annonces ouvertes, 0 annonces fermées et 0 achats 

]]></system-out>
</testcase>
<testcase name="testgetSelectedAdState(User)[78]" classname="minebayd1.test.TestUser" time="0.001">
<system-out><![CDATA[
unique-id: [engine:junit-jupiter]/[class:minebayd1.test.TestUser]/[test-template:testgetSelectedAdState(minebayd1.User)]/[test-template-invocation:#78]
display-name: [78] Lyes a 64 annonces ouvertes, 0 annonces fermées et 0 achats 

]]></system-out>
</testcase>
<testcase name="testgetSelectedAdState(User)[79]" classname="minebayd1.test.TestUser" time="0.002">
<system-out><![CDATA[
unique-id: [engine:junit-jupiter]/[class:minebayd1.test.TestUser]/[test-template:testgetSelectedAdState(minebayd1.User)]/[test-template-invocation:#79]
display-name: [79] Marcel a 62 annonces ouvertes, 0 annonces fermées et 0 achats 

]]></system-out>
</testcase>
<testcase name="testgetSelectedAdState(User)[80]" classname="minebayd1.test.TestUser" time="0.003">
<system-out><![CDATA[
unique-id: [engine:junit-jupiter]/[class:minebayd1.test.TestUser]/[test-template:testgetSelectedAdState(minebayd1.User)]/[test-template-invocation:#80]
display-name: [80] Boris a 60 annonces ouvertes, 0 annonces fermées et 0 achats 

]]></system-out>
</testcase>
<testcase name="testgetSelectedAdState(User)[81]" classname="minebayd1.test.TestUser" time="0.002">
<system-out><![CDATA[
unique-id: [engine:junit-jupiter]/[class:minebayd1.test.TestUser]/[test-template:testgetSelectedAdState(minebayd1.User)]/[test-template-invocation:#81]
display-name: [81] Lamia a 73 annonces ouvertes, 0 annonces fermées et 0 achats 

]]></system-out>
</testcase>
<testcase name="testgetSelectedAdState(User)[82]" classname="minebayd1.test.TestUser" time="0.002">
<system-out><![CDATA[
unique-id: [engine:junit-jupiter]/[class:minebayd1.test.TestUser]/[test-template:testgetSelectedAdState(minebayd1.User)]/[test-template-invocation:#82]
display-name: [82] Idir a 58 annonces ouvertes, 0 annonces fermées et 0 achats 

]]></system-out>
</testcase>
<testcase name="testgetSelectedAdState(User)[83]" classname="minebayd1.test.TestUser" time="0.002">
<system-out><![CDATA[
unique-id: [engine:junit-jupiter]/[class:minebayd1.test.TestUser]/[test-template:testgetSelectedAdState(minebayd1.User)]/[test-template-invocation:#83]
display-name: [83] Idir a 58 annonces ouvertes, 0 annonces fermées et 0 achats 

]]></system-out>
</testcase>
<testcase name="testgetSelectedAdState(User)[84]" classname="minebayd1.test.TestUser" time="0.002">
<system-out><![CDATA[
unique-id: [engine:junit-jupiter]/[class:minebayd1.test.TestUser]/[test-template:testgetSelectedAdState(minebayd1.User)]/[test-template-invocation:#84]
display-name: [84] Marcel a 62 annonces ouvertes, 0 annonces fermées et 0 achats 

]]></system-out>
</testcase>
<testcase name="testgetSelectedAdState(User)[85]" classname="minebayd1.test.TestUser" time="0.001">
<system-out><![CDATA[
unique-id: [engine:junit-jupiter]/[class:minebayd1.test.TestUser]/[test-template:testgetSelectedAdState(minebayd1.User)]/[test-template-invocation:#85]
display-name: [85] Pierre a 43 annonces ouvertes, 0 annonces fermées et 0 achats 

]]></system-out>
</testcase>
<testcase name="testgetSelectedAdState(User)[86]" classname="minebayd1.test.TestUser" time="0.003">
<system-out><![CDATA[
unique-id: [engine:junit-jupiter]/[class:minebayd1.test.TestUser]/[test-template:testgetSelectedAdState(minebayd1.User)]/[test-template-invocation:#86]
display-name: [86] Mounir a 59 annonces ouvertes, 0 annonces fermées et 0 achats 

]]></system-out>
</testcase>
<testcase name="testgetSelectedAdState(User)[87]" classname="minebayd1.test.TestUser" time="0.002">
<system-out><![CDATA[
unique-id: [engine:junit-jupiter]/[class:minebayd1.test.TestUser]/[test-template:testgetSelectedAdState(minebayd1.User)]/[test-template-invocation:#87]
display-name: [87] Lyes a 64 annonces ouvertes, 0 annonces fermées et 0 achats 

]]></system-out>
</testcase>
<testcase name="testgetSelectedAdState(User)[88]" classname="minebayd1.test.TestUser" time="0.002">
<system-out><![CDATA[
unique-id: [engine:junit-jupiter]/[class:minebayd1.test.TestUser]/[test-template:testgetSelectedAdState(minebayd1.User)]/[test-template-invocation:#88]
display-name: [88] Mounir a 59 annonces ouvertes, 0 annonces fermées et 0 achats 

]]></system-out>
</testcase>
<testcase name="testgetSelectedAdState(User)[89]" classname="minebayd1.test.TestUser" time="0.001">
<system-out><![CDATA[
unique-id: [engine:junit-jupiter]/[class:minebayd1.test.TestUser]/[test-template:testgetSelectedAdState(minebayd1.User)]/[test-template-invocation:#89]
display-name: [89] Marc a 55 annonces ouvertes, 0 annonces fermées et 0 achats 

]]></system-out>
</testcase>
<testcase name="testgetSelectedAdState(User)[90]" classname="minebayd1.test.TestUser" time="0.001">
<system-out><![CDATA[
unique-id: [engine:junit-jupiter]/[class:minebayd1.test.TestUser]/[test-template:testgetSelectedAdState(minebayd1.User)]/[test-template-invocation:#90]
display-name: [90] Chanez a 56 annonces ouvertes, 0 annonces fermées et 0 achats 

]]></system-out>
</testcase>
<testcase name="testgetSelectedAdState(User)[91]" classname="minebayd1.test.TestUser" time="0.001">
<system-out><![CDATA[
unique-id: [engine:junit-jupiter]/[class:minebayd1.test.TestUser]/[test-template:testgetSelectedAdState(minebayd1.User)]/[test-template-invocation:#91]
display-name: [91] Marc a 55 annonces ouvertes, 0 annonces fermées et 0 achats 

]]></system-out>
</testcase>
<testcase name="testgetSelectedAdState(User)[92]" classname="minebayd1.test.TestUser" time="0.001">
<system-out><![CDATA[
unique-id: [engine:junit-jupiter]/[class:minebayd1.test.TestUser]/[test-template:testgetSelectedAdState(minebayd1.User)]/[test-template-invocation:#92]
display-name: [92] Yanis a 60 annonces ouvertes, 0 annonces fermées et 0 achats 

]]></system-out>
</testcase>
<testcase name="testgetSelectedAdState(User)[93]" classname="minebayd1.test.TestUser" time="0">
<system-out><![CDATA[
unique-id: [engine:junit-jupiter]/[class:minebayd1.test.TestUser]/[test-template:testgetSelectedAdState(minebayd1.User)]/[test-template-invocation:#93]
display-name: [93] Pierre a 43 annonces ouvertes, 0 annonces fermées et 0 achats 

]]></system-out>
</testcase>
<testcase name="testgetSelectedAdState(User)[94]" classname="minebayd1.test.TestUser" time="0.001">
<system-out><![CDATA[
unique-id: [engine:junit-jupiter]/[class:minebayd1.test.TestUser]/[test-template:testgetSelectedAdState(minebayd1.User)]/[test-template-invocation:#94]
display-name: [94] Marcel a 62 annonces ouvertes, 0 annonces fermées et 0 achats 

]]></system-out>
</testcase>
<testcase name="testgetSelectedAdState(User)[95]" classname="minebayd1.test.TestUser" time="0.002">
<system-out><![CDATA[
unique-id: [engine:junit-jupiter]/[class:minebayd1.test.TestUser]/[test-template:testgetSelectedAdState(minebayd1.User)]/[test-template-invocation:#95]
display-name: [95] Naila a 61 annonces ouvertes, 0 annonces fermées et 0 achats 

]]></system-out>
</testcase>
<testcase name="testgetSelectedAdState(User)[96]" classname="minebayd1.test.TestUser" time="0.002">
<system-out><![CDATA[
unique-id: [engine:junit-jupiter]/[class:minebayd1.test.TestUser]/[test-template:testgetSelectedAdState(minebayd1.User)]/[test-template-invocation:#96]
display-name: [96] Ayman a 54 annonces ouvertes, 0 annonces fermées et 0 achats 

]]></system-out>
</testcase>
<testcase name="testgetSelectedAdState(User)[97]" classname="minebayd1.test.TestUser" time="0">
<system-out><![CDATA[
unique-id: [engine:junit-jupiter]/[class:minebayd1.test.TestUser]/[test-template:testgetSelectedAdState(minebayd1.User)]/[test-template-invocation:#97]
display-name: [97] Imam a 46 annonces ouvertes, 0 annonces fermées et 0 achats 

]]></system-out>
</testcase>
<testcase name="testgetSelectedAdState(User)[98]" classname="minebayd1.test.TestUser" time="0.001">
<system-out><![CDATA[
unique-id: [engine:junit-jupiter]/[class:minebayd1.test.TestUser]/[test-template:testgetSelectedAdState(minebayd1.User)]/[test-template-invocation:#98]
display-name: [98] Issa a 67 annonces ouvertes, 0 annonces fermées et 0 achats 

]]></system-out>
</testcase>
<testcase name="testgetSelectedAdState(User)[99]" classname="minebayd1.test.TestUser" time="0.001">
<system-out><![CDATA[
unique-id: [engine:junit-jupiter]/[class:minebayd1.test.TestUser]/[test-template:testgetSelectedAdState(minebayd1.User)]/[test-template-invocation:#99]
display-name: [99] Faycal a 51 annonces ouvertes, 0 annonces fermées et 0 achats 

]]></system-out>
</testcase>
<testcase name="testgetSelectedAdState(User)[100]" classname="minebayd1.test.TestUser" time="0.001">
<system-out><![CDATA[
unique-id: [engine:junit-jupiter]/[class:minebayd1.test.TestUser]/[test-template:testgetSelectedAdState(minebayd1.User)]/[test-template-invocation:#100]
display-name: [100] Marc a 55 annonces ouvertes, 0 annonces fermées et 0 achats 

]]></system-out>
</testcase>
<testcase name="testadd(User, Category, String, int)[1]" classname="minebayd1.test.TestUser" time="0.001">
<system-out><![CDATA[
unique-id: [engine:junit-jupiter]/[class:minebayd1.test.TestUser]/[test-template:testadd(minebayd1.User, minebayd1.Category, java.lang.String, int)]/[test-template-invocation:#1]
display-name: [1] Mamadou a 55 annonces ouvertes, 0 annonces fermées et 0 achats 
, SHOES, À vendre, 20
]]></system-out>
</testcase>
<testcase name="testadd(User, Category, String, int)[2]" classname="minebayd1.test.TestUser" time="0.017">
<system-out><![CDATA[
unique-id: [engine:junit-jupiter]/[class:minebayd1.test.TestUser]/[test-template:testadd(minebayd1.User, minebayd1.Category, java.lang.String, int)]/[test-template-invocation:#2]
display-name: [2] Adam a 47 annonces ouvertes, 0 annonces fermées et 0 achats 
, BOOKS, À vendre, 11
]]></system-out>
</testcase>
<testcase name="testadd(User, Category, String, int)[3]" classname="minebayd1.test.TestUser" time="0.017">
<system-out><![CDATA[
unique-id: [engine:junit-jupiter]/[class:minebayd1.test.TestUser]/[test-template:testadd(minebayd1.User, minebayd1.Category, java.lang.String, int)]/[test-template-invocation:#3]
display-name: [3] Naila a 61 annonces ouvertes, 0 annonces fermées et 0 achats 
, SHOES, À vendre, 24
]]></system-out>
</testcase>
<testcase name="testadd(User, Category, String, int)[4]" classname="minebayd1.test.TestUser" time="0">
<system-out><![CDATA[
unique-id: [engine:junit-jupiter]/[class:minebayd1.test.TestUser]/[test-template:testadd(minebayd1.User, minebayd1.Category, java.lang.String, int)]/[test-template-invocation:#4]
display-name: [4] Faycal a 51 annonces ouvertes, 0 annonces fermées et 0 achats 
, COMPUTERS, À vendre, 25
]]></system-out>
</testcase>
<testcase name="testadd(User, Category, String, int)[5]" classname="minebayd1.test.TestUser" time="0">
<system-out><![CDATA[
unique-id: [engine:junit-jupiter]/[class:minebayd1.test.TestUser]/[test-template:testadd(minebayd1.User, minebayd1.Category, java.lang.String, int)]/[test-template-invocation:#5]
display-name: [5] Mamadou a 56 annonces ouvertes, 0 annonces fermées et 0 achats 
, CLOTHES, À vendre, 19
]]></system-out>
</testcase>
<testcase name="testadd(User, Category, String, int)[6]" classname="minebayd1.test.TestUser" time="0.017">
<system-out><![CDATA[
unique-id: [engine:junit-jupiter]/[class:minebayd1.test.TestUser]/[test-template:testadd(minebayd1.User, minebayd1.Category, java.lang.String, int)]/[test-template-invocation:#6]
display-name: [6] Mounir a 59 annonces ouvertes, 0 annonces fermées et 0 achats 
, BOOKS, À vendre, 5
]]></system-out>
</testcase>
<testcase name="testadd(User, Category, String, int)[7]" classname="minebayd1.test.TestUser" time="0.008">
<system-out><![CDATA[
unique-id: [engine:junit-jupiter]/[class:minebayd1.test.TestUser]/[test-template:testadd(minebayd1.User, minebayd1.Category, java.lang.String, int)]/[test-template-invocation:#7]
display-name: [7] Idir a 58 annonces ouvertes, 0 annonces fermées et 0 achats 
, BOOKS, À vendre, 1
]]></system-out>
</testcase>
<testcase name="testadd(User, Category, String, int)[8]" classname="minebayd1.test.TestUser" time="0">
<system-out><![CDATA[
unique-id: [engine:junit-jupiter]/[class:minebayd1.test.TestUser]/[test-template:testadd(minebayd1.User, minebayd1.Category, java.lang.String, int)]/[test-template-invocation:#8]
display-name: [8] Mamadou a 57 annonces ouvertes, 0 annonces fermées et 0 achats 
, GAMES, À vendre, 32
]]></system-out>
</testcase>
<testcase name="testadd(User, Category, String, int)[9]" classname="minebayd1.test.TestUser" time="0">
<system-out><![CDATA[
unique-id: [engine:junit-jupiter]/[class:minebayd1.test.TestUser]/[test-template:testadd(minebayd1.User, minebayd1.Category, java.lang.String, int)]/[test-template-invocation:#9]
display-name: [9] Lyes a 64 annonces ouvertes, 0 annonces fermées et 0 achats 
, COMPUTERS, À vendre, 1
]]></system-out>
</testcase>
<testcase name="testadd(User, Category, String, int)[10]" classname="minebayd1.test.TestUser" time="0">
<system-out><![CDATA[
unique-id: [engine:junit-jupiter]/[class:minebayd1.test.TestUser]/[test-template:testadd(minebayd1.User, minebayd1.Category, java.lang.String, int)]/[test-template-invocation:#10]
display-name: [10] Mamadou a 58 annonces ouvertes, 0 annonces fermées et 0 achats 
, CLOTHES, À vendre, 42
]]></system-out>
</testcase>
<testcase name="testadd(User, Category, String, int)[11]" classname="minebayd1.test.TestUser" time="0">
<system-out><![CDATA[
unique-id: [engine:junit-jupiter]/[class:minebayd1.test.TestUser]/[test-template:testadd(minebayd1.User, minebayd1.Category, java.lang.String, int)]/[test-template-invocation:#11]
display-name: [11] Imam a 46 annonces ouvertes, 0 annonces fermées et 0 achats 
, BOOKS, À vendre, 10
]]></system-out>
</testcase>
<testcase name="testadd(User, Category, String, int)[12]" classname="minebayd1.test.TestUser" time="0">
<system-out><![CDATA[
unique-id: [engine:junit-jupiter]/[class:minebayd1.test.TestUser]/[test-template:testadd(minebayd1.User, minebayd1.Category, java.lang.String, int)]/[test-template-invocation:#12]
display-name: [12] Ali a 55 annonces ouvertes, 0 annonces fermées et 0 achats 
, SHOES, À vendre, 17
]]></system-out>
</testcase>
<testcase name="testadd(User, Category, String, int)[13]" classname="minebayd1.test.TestUser" time="0.008">
<system-out><![CDATA[
unique-id: [engine:junit-jupiter]/[class:minebayd1.test.TestUser]/[test-template:testadd(minebayd1.User, minebayd1.Category, java.lang.String, int)]/[test-template-invocation:#13]
display-name: [13] Boris a 60 annonces ouvertes, 0 annonces fermées et 0 achats 
, BOOKS, À vendre, 23
]]></system-out>
</testcase>
<testcase name="testadd(User, Category, String, int)[14]" classname="minebayd1.test.TestUser" time="0.001">
<skipped><![CDATA[org.opentest4j.TestAbortedException: Assumption failed: assumption is not true
	at org.junit.jupiter.api.Assumptions.throwTestAbortedException(Assumptions.java:256)
	at org.junit.jupiter.api.Assumptions.assumeTrue(Assumptions.java:115)
	at org.junit.jupiter.api.Assumptions.assumeTrue(Assumptions.java:66)
	at minebayd1.test.TestUser.testadd(TestUser.java:776)
	at java.base/jdk.internal.reflect.NativeMethodAccessorImpl.invoke0(Native Method)
	at java.base/jdk.internal.reflect.NativeMethodAccessorImpl.invoke(NativeMethodAccessorImpl.java:77)
	at java.base/jdk.internal.reflect.DelegatingMethodAccessorImpl.invoke(DelegatingMethodAccessorImpl.java:43)
	at java.base/java.lang.reflect.Method.invoke(Method.java:569)
	at org.junit.platform.commons.util.ReflectionUtils.invokeMethod(ReflectionUtils.java:688)
	at org.junit.jupiter.engine.execution.MethodInvocation.proceed(MethodInvocation.java:60)
	at org.junit.jupiter.engine.execution.InvocationInterceptorChain$ValidatingInvocation.proceed(InvocationInterceptorChain.java:131)
	at org.junit.jupiter.engine.extension.TimeoutExtension.intercept(TimeoutExtension.java:149)
	at org.junit.jupiter.engine.extension.TimeoutExtension.interceptTestableMethod(TimeoutExtension.java:140)
	at org.junit.jupiter.engine.extension.TimeoutExtension.interceptTestTemplateMethod(TimeoutExtension.java:92)
	at org.junit.jupiter.engine.execution.ExecutableInvoker$ReflectiveInterceptorCall.lambda$ofVoidMethod$0(ExecutableInvoker.java:115)
	at org.junit.jupiter.engine.execution.ExecutableInvoker.lambda$invoke$0(ExecutableInvoker.java:105)
	at org.junit.jupiter.engine.execution.InvocationInterceptorChain$InterceptedInvocation.proceed(InvocationInterceptorChain.java:106)
	at org.junit.jupiter.engine.execution.InvocationInterceptorChain.proceed(InvocationInterceptorChain.java:64)
	at org.junit.jupiter.engine.execution.InvocationInterceptorChain.chainAndInvoke(InvocationInterceptorChain.java:45)
	at org.junit.jupiter.engine.execution.InvocationInterceptorChain.invoke(InvocationInterceptorChain.java:37)
	at org.junit.jupiter.engine.execution.ExecutableInvoker.invoke(ExecutableInvoker.java:104)
	at org.junit.jupiter.engine.execution.ExecutableInvoker.invoke(ExecutableInvoker.java:98)
	at org.junit.jupiter.engine.descriptor.TestMethodTestDescriptor.lambda$invokeTestMethod$6(TestMethodTestDescriptor.java:210)
	at org.junit.platform.engine.support.hierarchical.ThrowableCollector.execute(ThrowableCollector.java:73)
	at org.junit.jupiter.engine.descriptor.TestMethodTestDescriptor.invokeTestMethod(TestMethodTestDescriptor.java:206)
	at org.junit.jupiter.engine.descriptor.TestMethodTestDescriptor.execute(TestMethodTestDescriptor.java:131)
	at org.junit.jupiter.engine.descriptor.TestMethodTestDescriptor.execute(TestMethodTestDescriptor.java:65)
	at org.junit.platform.engine.support.hierarchical.NodeTestTask.lambda$executeRecursively$5(NodeTestTask.java:139)
	at org.junit.platform.engine.support.hierarchical.ThrowableCollector.execute(ThrowableCollector.java:73)
	at org.junit.platform.engine.support.hierarchical.NodeTestTask.lambda$executeRecursively$7(NodeTestTask.java:129)
	at org.junit.platform.engine.support.hierarchical.Node.around(Node.java:137)
	at org.junit.platform.engine.support.hierarchical.NodeTestTask.lambda$executeRecursively$8(NodeTestTask.java:127)
	at org.junit.platform.engine.support.hierarchical.ThrowableCollector.execute(ThrowableCollector.java:73)
	at org.junit.platform.engine.support.hierarchical.NodeTestTask.executeRecursively(NodeTestTask.java:126)
	at org.junit.platform.engine.support.hierarchical.NodeTestTask.execute(NodeTestTask.java:84)
	at org.junit.platform.engine.support.hierarchical.SameThreadHierarchicalTestExecutorService.submit(SameThreadHierarchicalTestExecutorService.java:32)
	at org.junit.platform.engine.support.hierarchical.NodeTestTask$DefaultDynamicTestExecutor.execute(NodeTestTask.java:212)
	at org.junit.platform.engine.support.hierarchical.NodeTestTask$DefaultDynamicTestExecutor.execute(NodeTestTask.java:192)
	at org.junit.jupiter.engine.descriptor.TestTemplateTestDescriptor.execute(TestTemplateTestDescriptor.java:139)
	at org.junit.jupiter.engine.descriptor.TestTemplateTestDescriptor.lambda$execute$2(TestTemplateTestDescriptor.java:107)
	at java.base/java.util.stream.ForEachOps$ForEachOp$OfRef.accept(ForEachOps.java:183)
	at java.base/java.util.stream.ReferencePipeline$3$1.accept(ReferencePipeline.java:197)
	at java.base/java.util.stream.ReferencePipeline$2$1.accept(ReferencePipeline.java:179)
	at java.base/java.util.stream.ReferencePipeline$3$1.accept(ReferencePipeline.java:197)
	at java.base/java.util.stream.ForEachOps$ForEachOp$OfRef.accept(ForEachOps.java:183)
	at java.base/java.util.stream.ReferencePipeline$15$1.accept(ReferencePipeline.java:541)
	at java.base/java.util.stream.ReferencePipeline$3$1.accept(ReferencePipeline.java:197)
	at java.base/java.util.stream.ReferencePipeline$3$1.accept(ReferencePipeline.java:197)
	at java.base/java.util.stream.ReferencePipeline$3$1.accept(ReferencePipeline.java:197)
	at java.base/java.util.stream.ForEachOps$ForEachOp$OfRef.accept(ForEachOps.java:183)
	at java.base/java.util.stream.ReferencePipeline$3$1.accept(ReferencePipeline.java:197)
	at java.base/java.util.stream.ForEachOps$ForEachOp$OfRef.accept(ForEachOps.java:183)
	at java.base/java.util.stream.SliceOps$1$1.accept(SliceOps.java:200)
	at java.base/java.util.stream.StreamSpliterators$InfiniteSupplyingSpliterator$OfRef.tryAdvance(StreamSpliterators.java:1358)
	at java.base/java.util.stream.ReferencePipeline.forEachWithCancel(ReferencePipeline.java:129)
	at java.base/java.util.stream.AbstractPipeline.copyIntoWithCancel(AbstractPipeline.java:527)
	at java.base/java.util.stream.AbstractPipeline.copyInto(AbstractPipeline.java:513)
	at java.base/java.util.stream.AbstractPipeline.wrapAndCopyInto(AbstractPipeline.java:499)
	at java.base/java.util.stream.ForEachOps$ForEachOp.evaluateSequential(ForEachOps.java:150)
	at java.base/java.util.stream.ForEachOps$ForEachOp$OfRef.evaluateSequential(ForEachOps.java:173)
	at java.base/java.util.stream.AbstractPipeline.evaluate(AbstractPipeline.java:234)
	at java.base/java.util.stream.ReferencePipeline.forEach(ReferencePipeline.java:596)
	at java.base/java.util.stream.ReferencePipeline$7$1.accept(ReferencePipeline.java:276)
	at java.base/java.util.stream.ReferencePipeline$3$1.accept(ReferencePipeline.java:197)
	at java.base/java.util.stream.ReferencePipeline$3$1.accept(ReferencePipeline.java:197)
	at java.base/java.util.Spliterators$ArraySpliterator.forEachRemaining(Spliterators.java:992)
	at java.base/java.util.stream.AbstractPipeline.copyInto(AbstractPipeline.java:509)
	at java.base/java.util.stream.AbstractPipeline.wrapAndCopyInto(AbstractPipeline.java:499)
	at java.base/java.util.stream.ForEachOps$ForEachOp.evaluateSequential(ForEachOps.java:150)
	at java.base/java.util.stream.ForEachOps$ForEachOp$OfRef.evaluateSequential(ForEachOps.java:173)
	at java.base/java.util.stream.AbstractPipeline.evaluate(AbstractPipeline.java:234)
	at java.base/java.util.stream.ReferencePipeline.forEach(ReferencePipeline.java:596)
	at java.base/java.util.stream.ReferencePipeline$7$1.accept(ReferencePipeline.java:276)
	at java.base/java.util.stream.ReferencePipeline$3$1.accept(ReferencePipeline.java:197)
	at java.base/java.util.stream.ReferencePipeline$3$1.accept(ReferencePipeline.java:197)
	at java.base/java.util.stream.ReferencePipeline$3$1.accept(ReferencePipeline.java:197)
	at java.base/java.util.ArrayList$ArrayListSpliterator.forEachRemaining(ArrayList.java:1625)
	at java.base/java.util.stream.AbstractPipeline.copyInto(AbstractPipeline.java:509)
	at java.base/java.util.stream.AbstractPipeline.wrapAndCopyInto(AbstractPipeline.java:499)
	at java.base/java.util.stream.ForEachOps$ForEachOp.evaluateSequential(ForEachOps.java:150)
	at java.base/java.util.stream.ForEachOps$ForEachOp$OfRef.evaluateSequential(ForEachOps.java:173)
	at java.base/java.util.stream.AbstractPipeline.evaluate(AbstractPipeline.java:234)
	at java.base/java.util.stream.ReferencePipeline.forEach(ReferencePipeline.java:596)
	at java.base/java.util.stream.ReferencePipeline$7$1.accept(ReferencePipeline.java:276)
	at java.base/java.util.ArrayList$ArrayListSpliterator.forEachRemaining(ArrayList.java:1625)
	at java.base/java.util.stream.AbstractPipeline.copyInto(AbstractPipeline.java:509)
	at java.base/java.util.stream.AbstractPipeline.wrapAndCopyInto(AbstractPipeline.java:499)
	at java.base/java.util.stream.ForEachOps$ForEachOp.evaluateSequential(ForEachOps.java:150)
	at java.base/java.util.stream.ForEachOps$ForEachOp$OfRef.evaluateSequential(ForEachOps.java:173)
	at java.base/java.util.stream.AbstractPipeline.evaluate(AbstractPipeline.java:234)
	at java.base/java.util.stream.ReferencePipeline.forEach(ReferencePipeline.java:596)
	at org.junit.jupiter.engine.descriptor.TestTemplateTestDescriptor.execute(TestTemplateTestDescriptor.java:107)
	at org.junit.jupiter.engine.descriptor.TestTemplateTestDescriptor.execute(TestTemplateTestDescriptor.java:42)
	at org.junit.platform.engine.support.hierarchical.NodeTestTask.lambda$executeRecursively$5(NodeTestTask.java:139)
	at org.junit.platform.engine.support.hierarchical.ThrowableCollector.execute(ThrowableCollector.java:73)
	at org.junit.platform.engine.support.hierarchical.NodeTestTask.lambda$executeRecursively$7(NodeTestTask.java:129)
	at org.junit.platform.engine.support.hierarchical.Node.around(Node.java:137)
	at org.junit.platform.engine.support.hierarchical.NodeTestTask.lambda$executeRecursively$8(NodeTestTask.java:127)
	at org.junit.platform.engine.support.hierarchical.ThrowableCollector.execute(ThrowableCollector.java:73)
	at org.junit.platform.engine.support.hierarchical.NodeTestTask.executeRecursively(NodeTestTask.java:126)
	at org.junit.platform.engine.support.hierarchical.NodeTestTask.execute(NodeTestTask.java:84)
	at java.base/java.util.ArrayList.forEach(ArrayList.java:1511)
	at org.junit.platform.engine.support.hierarchical.SameThreadHierarchicalTestExecutorService.invokeAll(SameThreadHierarchicalTestExecutorService.java:38)
	at org.junit.platform.engine.support.hierarchical.NodeTestTask.lambda$executeRecursively$5(NodeTestTask.java:143)
	at org.junit.platform.engine.support.hierarchical.ThrowableCollector.execute(ThrowableCollector.java:73)
	at org.junit.platform.engine.support.hierarchical.NodeTestTask.lambda$executeRecursively$7(NodeTestTask.java:129)
	at org.junit.platform.engine.support.hierarchical.Node.around(Node.java:137)
	at org.junit.platform.engine.support.hierarchical.NodeTestTask.lambda$executeRecursively$8(NodeTestTask.java:127)
	at org.junit.platform.engine.support.hierarchical.ThrowableCollector.execute(ThrowableCollector.java:73)
	at org.junit.platform.engine.support.hierarchical.NodeTestTask.executeRecursively(NodeTestTask.java:126)
	at org.junit.platform.engine.support.hierarchical.NodeTestTask.execute(NodeTestTask.java:84)
	at java.base/java.util.ArrayList.forEach(ArrayList.java:1511)
	at org.junit.platform.engine.support.hierarchical.SameThreadHierarchicalTestExecutorService.invokeAll(SameThreadHierarchicalTestExecutorService.java:38)
	at org.junit.platform.engine.support.hierarchical.NodeTestTask.lambda$executeRecursively$5(NodeTestTask.java:143)
	at org.junit.platform.engine.support.hierarchical.ThrowableCollector.execute(ThrowableCollector.java:73)
	at org.junit.platform.engine.support.hierarchical.NodeTestTask.lambda$executeRecursively$7(NodeTestTask.java:129)
	at org.junit.platform.engine.support.hierarchical.Node.around(Node.java:137)
	at org.junit.platform.engine.support.hierarchical.NodeTestTask.lambda$executeRecursively$8(NodeTestTask.java:127)
	at org.junit.platform.engine.support.hierarchical.ThrowableCollector.execute(ThrowableCollector.java:73)
	at org.junit.platform.engine.support.hierarchical.NodeTestTask.executeRecursively(NodeTestTask.java:126)
	at org.junit.platform.engine.support.hierarchical.NodeTestTask.execute(NodeTestTask.java:84)
	at org.junit.platform.engine.support.hierarchical.SameThreadHierarchicalTestExecutorService.submit(SameThreadHierarchicalTestExecutorService.java:32)
	at org.junit.platform.engine.support.hierarchical.HierarchicalTestExecutor.execute(HierarchicalTestExecutor.java:57)
	at org.junit.platform.engine.support.hierarchical.HierarchicalTestEngine.execute(HierarchicalTestEngine.java:51)
	at org.junit.platform.launcher.core.EngineExecutionOrchestrator.execute(EngineExecutionOrchestrator.java:108)
	at org.junit.platform.launcher.core.EngineExecutionOrchestrator.execute(EngineExecutionOrchestrator.java:88)
	at org.junit.platform.launcher.core.EngineExecutionOrchestrator.lambda$execute$0(EngineExecutionOrchestrator.java:54)
	at org.junit.platform.launcher.core.EngineExecutionOrchestrator.withInterceptedStreams(EngineExecutionOrchestrator.java:67)
	at org.junit.platform.launcher.core.EngineExecutionOrchestrator.execute(EngineExecutionOrchestrator.java:52)
	at org.junit.platform.launcher.core.DefaultLauncher.execute(DefaultLauncher.java:96)
	at org.junit.platform.launcher.core.DefaultLauncher.execute(DefaultLauncher.java:75)
	at org.junit.platform.console.tasks.ConsoleTestExecutor.executeTests(ConsoleTestExecutor.java:66)
	at org.junit.platform.console.tasks.ConsoleTestExecutor.lambda$execute$0(ConsoleTestExecutor.java:58)
	at org.junit.platform.console.tasks.CustomContextClassLoaderExecutor.replaceThreadContextClassLoaderAndInvoke(CustomContextClassLoaderExecutor.java:41)
	at org.junit.platform.console.tasks.CustomContextClassLoaderExecutor.invoke(CustomContextClassLoaderExecutor.java:31)
	at org.junit.platform.console.tasks.ConsoleTestExecutor.execute(ConsoleTestExecutor.java:58)
	at org.junit.platform.console.ConsoleLauncher.executeTests(ConsoleLauncher.java:95)
	at org.junit.platform.console.ConsoleLauncher.execute(ConsoleLauncher.java:73)
	at org.junit.platform.console.ConsoleLauncher.execute(ConsoleLauncher.java:50)
	at org.junit.platform.console.ConsoleLauncher.execute(ConsoleLauncher.java:43)
	at org.junit.platform.console.ConsoleLauncher.main(ConsoleLauncher.java:37)
]]></skipped>
<system-out><![CDATA[
unique-id: [engine:junit-jupiter]/[class:minebayd1.test.TestUser]/[test-template:testadd(minebayd1.User, minebayd1.Category, java.lang.String, int)]/[test-template-invocation:#14]
display-name: [14] Marc a 55 annonces ouvertes, 0 annonces fermées et 0 achats 
, CLOTHES, À vendre, 0
]]></system-out>
</testcase>
<testcase name="testadd(User, Category, String, int)[15]" classname="minebayd1.test.TestUser" time="0">
<system-out><![CDATA[
unique-id: [engine:junit-jupiter]/[class:minebayd1.test.TestUser]/[test-template:testadd(minebayd1.User, minebayd1.Category, java.lang.String, int)]/[test-template-invocation:#15]
display-name: [15] Faycal a 52 annonces ouvertes, 0 annonces fermées et 0 achats 
, CLOTHES, À vendre, 8
]]></system-out>
</testcase>
<testcase name="testadd(User, Category, String, int)[16]" classname="minebayd1.test.TestUser" time="0.013">
<system-out><![CDATA[
unique-id: [engine:junit-jupiter]/[class:minebayd1.test.TestUser]/[test-template:testadd(minebayd1.User, minebayd1.Category, java.lang.String, int)]/[test-template-invocation:#16]
display-name: [16] Sheraz a 51 annonces ouvertes, 0 annonces fermées et 0 achats 
, COMPUTERS, À vendre, 12
]]></system-out>
</testcase>
<testcase name="testadd(User, Category, String, int)[17]" classname="minebayd1.test.TestUser" time="0.001">
<system-out><![CDATA[
unique-id: [engine:junit-jupiter]/[class:minebayd1.test.TestUser]/[test-template:testadd(minebayd1.User, minebayd1.Category, java.lang.String, int)]/[test-template-invocation:#17]
display-name: [17] Ismael a 58 annonces ouvertes, 0 annonces fermées et 0 achats 
, SHOES, À vendre, 24
]]></system-out>
</testcase>
<testcase name="testadd(User, Category, String, int)[18]" classname="minebayd1.test.TestUser" time="0">
<system-out><![CDATA[
unique-id: [engine:junit-jupiter]/[class:minebayd1.test.TestUser]/[test-template:testadd(minebayd1.User, minebayd1.Category, java.lang.String, int)]/[test-template-invocation:#18]
display-name: [18] Ismael a 59 annonces ouvertes, 0 annonces fermées et 0 achats 
, COMPUTERS, À vendre, 31
]]></system-out>
</testcase>
<testcase name="testadd(User, Category, String, int)[19]" classname="minebayd1.test.TestUser" time="0">
<system-out><![CDATA[
unique-id: [engine:junit-jupiter]/[class:minebayd1.test.TestUser]/[test-template:testadd(minebayd1.User, minebayd1.Category, java.lang.String, int)]/[test-template-invocation:#19]
display-name: [19] Rosa a 42 annonces ouvertes, 0 annonces fermées et 0 achats 
, COMPUTERS, À vendre, 24
]]></system-out>
</testcase>
<testcase name="testadd(User, Category, String, int)[20]" classname="minebayd1.test.TestUser" time="0">
<system-out><![CDATA[
unique-id: [engine:junit-jupiter]/[class:minebayd1.test.TestUser]/[test-template:testadd(minebayd1.User, minebayd1.Category, java.lang.String, int)]/[test-template-invocation:#20]
display-name: [20] Nima a 46 annonces ouvertes, 0 annonces fermées et 0 achats 
, COMPUTERS, À vendre, 11
]]></system-out>
</testcase>
<testcase name="testadd(User, Category, String, int)[21]" classname="minebayd1.test.TestUser" time="0.001">
<system-out><![CDATA[
unique-id: [engine:junit-jupiter]/[class:minebayd1.test.TestUser]/[test-template:testadd(minebayd1.User, minebayd1.Category, java.lang.String, int)]/[test-template-invocation:#21]
display-name: [21] Nima a 47 annonces ouvertes, 0 annonces fermées et 0 achats 
, BOOKS, À vendre, 43
]]></system-out>
</testcase>
<testcase name="testadd(User, Category, String, int)[22]" classname="minebayd1.test.TestUser" time="0">
<system-out><![CDATA[
unique-id: [engine:junit-jupiter]/[class:minebayd1.test.TestUser]/[test-template:testadd(minebayd1.User, minebayd1.Category, java.lang.String, int)]/[test-template-invocation:#22]
display-name: [22] Sonia a 45 annonces ouvertes, 0 annonces fermées et 0 achats 
, GAMES, À vendre, 16
]]></system-out>
</testcase>
<testcase name="testadd(User, Category, String, int)[23]" classname="minebayd1.test.TestUser" time="0">
<system-out><![CDATA[
unique-id: [engine:junit-jupiter]/[class:minebayd1.test.TestUser]/[test-template:testadd(minebayd1.User, minebayd1.Category, java.lang.String, int)]/[test-template-invocation:#23]
display-name: [23] Mamadou a 59 annonces ouvertes, 0 annonces fermées et 0 achats 
, BOOKS, À vendre, 37
]]></system-out>
</testcase>
<testcase name="testadd(User, Category, String, int)[24]" classname="minebayd1.test.TestUser" time="0">
<system-out><![CDATA[
unique-id: [engine:junit-jupiter]/[class:minebayd1.test.TestUser]/[test-template:testadd(minebayd1.User, minebayd1.Category, java.lang.String, int)]/[test-template-invocation:#24]
display-name: [24] Ziad a 50 annonces ouvertes, 0 annonces fermées et 0 achats 
, COMPUTERS, À vendre, 8
]]></system-out>
</testcase>
<testcase name="testadd(User, Category, String, int)[25]" classname="minebayd1.test.TestUser" time="0">
<system-out><![CDATA[
unique-id: [engine:junit-jupiter]/[class:minebayd1.test.TestUser]/[test-template:testadd(minebayd1.User, minebayd1.Category, java.lang.String, int)]/[test-template-invocation:#25]
display-name: [25] Boris a 61 annonces ouvertes, 0 annonces fermées et 0 achats 
, GAMES, À vendre, 46
]]></system-out>
</testcase>
<testcase name="testadd(User, Category, String, int)[26]" classname="minebayd1.test.TestUser" time="0">
<system-out><![CDATA[
unique-id: [engine:junit-jupiter]/[class:minebayd1.test.TestUser]/[test-template:testadd(minebayd1.User, minebayd1.Category, java.lang.String, int)]/[test-template-invocation:#26]
display-name: [26] Boris a 62 annonces ouvertes, 0 annonces fermées et 0 achats 
, CLOTHES, À vendre, 14
]]></system-out>
</testcase>
<testcase name="testadd(User, Category, String, int)[27]" classname="minebayd1.test.TestUser" time="0">
<system-out><![CDATA[
unique-id: [engine:junit-jupiter]/[class:minebayd1.test.TestUser]/[test-template:testadd(minebayd1.User, minebayd1.Category, java.lang.String, int)]/[test-template-invocation:#27]
display-name: [27] Pierre a 43 annonces ouvertes, 0 annonces fermées et 0 achats 
, COMPUTERS, À vendre, 39
]]></system-out>
</testcase>
<testcase name="testadd(User, Category, String, int)[28]" classname="minebayd1.test.TestUser" time="0">
<system-out><![CDATA[
unique-id: [engine:junit-jupiter]/[class:minebayd1.test.TestUser]/[test-template:testadd(minebayd1.User, minebayd1.Category, java.lang.String, int)]/[test-template-invocation:#28]
display-name: [28] Idir a 59 annonces ouvertes, 0 annonces fermées et 0 achats 
, COMPUTERS, À vendre, 29
]]></system-out>
</testcase>
<testcase name="testadd(User, Category, String, int)[29]" classname="minebayd1.test.TestUser" time="0">
<system-out><![CDATA[
unique-id: [engine:junit-jupiter]/[class:minebayd1.test.TestUser]/[test-template:testadd(minebayd1.User, minebayd1.Category, java.lang.String, int)]/[test-template-invocation:#29]
display-name: [29] Pierre a 44 annonces ouvertes, 0 annonces fermées et 0 achats 
, SHOES, À vendre, 18
]]></system-out>
</testcase>
<testcase name="testadd(User, Category, String, int)[30]" classname="minebayd1.test.TestUser" time="0">
<system-out><![CDATA[
unique-id: [engine:junit-jupiter]/[class:minebayd1.test.TestUser]/[test-template:testadd(minebayd1.User, minebayd1.Category, java.lang.String, int)]/[test-template-invocation:#30]
display-name: [30] Lisa a 46 annonces ouvertes, 0 annonces fermées et 0 achats 
, COMPUTERS, À vendre, 5
]]></system-out>
</testcase>
<testcase name="testadd(User, Category, String, int)[31]" classname="minebayd1.test.TestUser" time="0">
<system-out><![CDATA[
unique-id: [engine:junit-jupiter]/[class:minebayd1.test.TestUser]/[test-template:testadd(minebayd1.User, minebayd1.Category, java.lang.String, int)]/[test-template-invocation:#31]
display-name: [31] Issa a 67 annonces ouvertes, 0 annonces fermées et 0 achats 
, CLOTHES, À vendre, 34
]]></system-out>
</testcase>
<testcase name="testadd(User, Category, String, int)[32]" classname="minebayd1.test.TestUser" time="0">
<system-out><![CDATA[
unique-id: [engine:junit-jupiter]/[class:minebayd1.test.TestUser]/[test-template:testadd(minebayd1.User, minebayd1.Category, java.lang.String, int)]/[test-template-invocation:#32]
display-name: [32] Ali a 56 annonces ouvertes, 0 annonces fermées et 0 achats 
, SHOES, À vendre, 9
]]></system-out>
</testcase>
<testcase name="testadd(User, Category, String, int)[33]" classname="minebayd1.test.TestUser" time="0">
<skipped><![CDATA[org.opentest4j.TestAbortedException: Assumption failed: assumption is not true
	at org.junit.jupiter.api.Assumptions.throwTestAbortedException(Assumptions.java:256)
	at org.junit.jupiter.api.Assumptions.assumeTrue(Assumptions.java:115)
	at org.junit.jupiter.api.Assumptions.assumeTrue(Assumptions.java:66)
	at minebayd1.test.TestUser.testadd(TestUser.java:776)
	at jdk.internal.reflect.GeneratedMethodAccessor3.invoke(Unknown Source)
	at java.base/jdk.internal.reflect.DelegatingMethodAccessorImpl.invoke(DelegatingMethodAccessorImpl.java:43)
	at java.base/java.lang.reflect.Method.invoke(Method.java:569)
	at org.junit.platform.commons.util.ReflectionUtils.invokeMethod(ReflectionUtils.java:688)
	at org.junit.jupiter.engine.execution.MethodInvocation.proceed(MethodInvocation.java:60)
	at org.junit.jupiter.engine.execution.InvocationInterceptorChain$ValidatingInvocation.proceed(InvocationInterceptorChain.java:131)
	at org.junit.jupiter.engine.extension.TimeoutExtension.intercept(TimeoutExtension.java:149)
	at org.junit.jupiter.engine.extension.TimeoutExtension.interceptTestableMethod(TimeoutExtension.java:140)
	at org.junit.jupiter.engine.extension.TimeoutExtension.interceptTestTemplateMethod(TimeoutExtension.java:92)
	at org.junit.jupiter.engine.execution.ExecutableInvoker$ReflectiveInterceptorCall.lambda$ofVoidMethod$0(ExecutableInvoker.java:115)
	at org.junit.jupiter.engine.execution.ExecutableInvoker.lambda$invoke$0(ExecutableInvoker.java:105)
	at org.junit.jupiter.engine.execution.InvocationInterceptorChain$InterceptedInvocation.proceed(InvocationInterceptorChain.java:106)
	at org.junit.jupiter.engine.execution.InvocationInterceptorChain.proceed(InvocationInterceptorChain.java:64)
	at org.junit.jupiter.engine.execution.InvocationInterceptorChain.chainAndInvoke(InvocationInterceptorChain.java:45)
	at org.junit.jupiter.engine.execution.InvocationInterceptorChain.invoke(InvocationInterceptorChain.java:37)
	at org.junit.jupiter.engine.execution.ExecutableInvoker.invoke(ExecutableInvoker.java:104)
	at org.junit.jupiter.engine.execution.ExecutableInvoker.invoke(ExecutableInvoker.java:98)
	at org.junit.jupiter.engine.descriptor.TestMethodTestDescriptor.lambda$invokeTestMethod$6(TestMethodTestDescriptor.java:210)
	at org.junit.platform.engine.support.hierarchical.ThrowableCollector.execute(ThrowableCollector.java:73)
	at org.junit.jupiter.engine.descriptor.TestMethodTestDescriptor.invokeTestMethod(TestMethodTestDescriptor.java:206)
	at org.junit.jupiter.engine.descriptor.TestMethodTestDescriptor.execute(TestMethodTestDescriptor.java:131)
	at org.junit.jupiter.engine.descriptor.TestMethodTestDescriptor.execute(TestMethodTestDescriptor.java:65)
	at org.junit.platform.engine.support.hierarchical.NodeTestTask.lambda$executeRecursively$5(NodeTestTask.java:139)
	at org.junit.platform.engine.support.hierarchical.ThrowableCollector.execute(ThrowableCollector.java:73)
	at org.junit.platform.engine.support.hierarchical.NodeTestTask.lambda$executeRecursively$7(NodeTestTask.java:129)
	at org.junit.platform.engine.support.hierarchical.Node.around(Node.java:137)
	at org.junit.platform.engine.support.hierarchical.NodeTestTask.lambda$executeRecursively$8(NodeTestTask.java:127)
	at org.junit.platform.engine.support.hierarchical.ThrowableCollector.execute(ThrowableCollector.java:73)
	at org.junit.platform.engine.support.hierarchical.NodeTestTask.executeRecursively(NodeTestTask.java:126)
	at org.junit.platform.engine.support.hierarchical.NodeTestTask.execute(NodeTestTask.java:84)
	at org.junit.platform.engine.support.hierarchical.SameThreadHierarchicalTestExecutorService.submit(SameThreadHierarchicalTestExecutorService.java:32)
	at org.junit.platform.engine.support.hierarchical.NodeTestTask$DefaultDynamicTestExecutor.execute(NodeTestTask.java:212)
	at org.junit.platform.engine.support.hierarchical.NodeTestTask$DefaultDynamicTestExecutor.execute(NodeTestTask.java:192)
	at org.junit.jupiter.engine.descriptor.TestTemplateTestDescriptor.execute(TestTemplateTestDescriptor.java:139)
	at org.junit.jupiter.engine.descriptor.TestTemplateTestDescriptor.lambda$execute$2(TestTemplateTestDescriptor.java:107)
	at java.base/java.util.stream.ForEachOps$ForEachOp$OfRef.accept(ForEachOps.java:183)
	at java.base/java.util.stream.ReferencePipeline$3$1.accept(ReferencePipeline.java:197)
	at java.base/java.util.stream.ReferencePipeline$2$1.accept(ReferencePipeline.java:179)
	at java.base/java.util.stream.ReferencePipeline$3$1.accept(ReferencePipeline.java:197)
	at java.base/java.util.stream.ForEachOps$ForEachOp$OfRef.accept(ForEachOps.java:183)
	at java.base/java.util.stream.ReferencePipeline$15$1.accept(ReferencePipeline.java:541)
	at java.base/java.util.stream.ReferencePipeline$3$1.accept(ReferencePipeline.java:197)
	at java.base/java.util.stream.ReferencePipeline$3$1.accept(ReferencePipeline.java:197)
	at java.base/java.util.stream.ReferencePipeline$3$1.accept(ReferencePipeline.java:197)
	at java.base/java.util.stream.ForEachOps$ForEachOp$OfRef.accept(ForEachOps.java:183)
	at java.base/java.util.stream.ReferencePipeline$3$1.accept(ReferencePipeline.java:197)
	at java.base/java.util.stream.ForEachOps$ForEachOp$OfRef.accept(ForEachOps.java:183)
	at java.base/java.util.stream.SliceOps$1$1.accept(SliceOps.java:200)
	at java.base/java.util.stream.StreamSpliterators$InfiniteSupplyingSpliterator$OfRef.tryAdvance(StreamSpliterators.java:1358)
	at java.base/java.util.stream.ReferencePipeline.forEachWithCancel(ReferencePipeline.java:129)
	at java.base/java.util.stream.AbstractPipeline.copyIntoWithCancel(AbstractPipeline.java:527)
	at java.base/java.util.stream.AbstractPipeline.copyInto(AbstractPipeline.java:513)
	at java.base/java.util.stream.AbstractPipeline.wrapAndCopyInto(AbstractPipeline.java:499)
	at java.base/java.util.stream.ForEachOps$ForEachOp.evaluateSequential(ForEachOps.java:150)
	at java.base/java.util.stream.ForEachOps$ForEachOp$OfRef.evaluateSequential(ForEachOps.java:173)
	at java.base/java.util.stream.AbstractPipeline.evaluate(AbstractPipeline.java:234)
	at java.base/java.util.stream.ReferencePipeline.forEach(ReferencePipeline.java:596)
	at java.base/java.util.stream.ReferencePipeline$7$1.accept(ReferencePipeline.java:276)
	at java.base/java.util.stream.ReferencePipeline$3$1.accept(ReferencePipeline.java:197)
	at java.base/java.util.stream.ReferencePipeline$3$1.accept(ReferencePipeline.java:197)
	at java.base/java.util.Spliterators$ArraySpliterator.forEachRemaining(Spliterators.java:992)
	at java.base/java.util.stream.AbstractPipeline.copyInto(AbstractPipeline.java:509)
	at java.base/java.util.stream.AbstractPipeline.wrapAndCopyInto(AbstractPipeline.java:499)
	at java.base/java.util.stream.ForEachOps$ForEachOp.evaluateSequential(ForEachOps.java:150)
	at java.base/java.util.stream.ForEachOps$ForEachOp$OfRef.evaluateSequential(ForEachOps.java:173)
	at java.base/java.util.stream.AbstractPipeline.evaluate(AbstractPipeline.java:234)
	at java.base/java.util.stream.ReferencePipeline.forEach(ReferencePipeline.java:596)
	at java.base/java.util.stream.ReferencePipeline$7$1.accept(ReferencePipeline.java:276)
	at java.base/java.util.stream.ReferencePipeline$3$1.accept(ReferencePipeline.java:197)
	at java.base/java.util.stream.ReferencePipeline$3$1.accept(ReferencePipeline.java:197)
	at java.base/java.util.stream.ReferencePipeline$3$1.accept(ReferencePipeline.java:197)
	at java.base/java.util.ArrayList$ArrayListSpliterator.forEachRemaining(ArrayList.java:1625)
	at java.base/java.util.stream.AbstractPipeline.copyInto(AbstractPipeline.java:509)
	at java.base/java.util.stream.AbstractPipeline.wrapAndCopyInto(AbstractPipeline.java:499)
	at java.base/java.util.stream.ForEachOps$ForEachOp.evaluateSequential(ForEachOps.java:150)
	at java.base/java.util.stream.ForEachOps$ForEachOp$OfRef.evaluateSequential(ForEachOps.java:173)
	at java.base/java.util.stream.AbstractPipeline.evaluate(AbstractPipeline.java:234)
	at java.base/java.util.stream.ReferencePipeline.forEach(ReferencePipeline.java:596)
	at java.base/java.util.stream.ReferencePipeline$7$1.accept(ReferencePipeline.java:276)
	at java.base/java.util.ArrayList$ArrayListSpliterator.forEachRemaining(ArrayList.java:1625)
	at java.base/java.util.stream.AbstractPipeline.copyInto(AbstractPipeline.java:509)
	at java.base/java.util.stream.AbstractPipeline.wrapAndCopyInto(AbstractPipeline.java:499)
	at java.base/java.util.stream.ForEachOps$ForEachOp.evaluateSequential(ForEachOps.java:150)
	at java.base/java.util.stream.ForEachOps$ForEachOp$OfRef.evaluateSequential(ForEachOps.java:173)
	at java.base/java.util.stream.AbstractPipeline.evaluate(AbstractPipeline.java:234)
	at java.base/java.util.stream.ReferencePipeline.forEach(ReferencePipeline.java:596)
	at org.junit.jupiter.engine.descriptor.TestTemplateTestDescriptor.execute(TestTemplateTestDescriptor.java:107)
	at org.junit.jupiter.engine.descriptor.TestTemplateTestDescriptor.execute(TestTemplateTestDescriptor.java:42)
	at org.junit.platform.engine.support.hierarchical.NodeTestTask.lambda$executeRecursively$5(NodeTestTask.java:139)
	at org.junit.platform.engine.support.hierarchical.ThrowableCollector.execute(ThrowableCollector.java:73)
	at org.junit.platform.engine.support.hierarchical.NodeTestTask.lambda$executeRecursively$7(NodeTestTask.java:129)
	at org.junit.platform.engine.support.hierarchical.Node.around(Node.java:137)
	at org.junit.platform.engine.support.hierarchical.NodeTestTask.lambda$executeRecursively$8(NodeTestTask.java:127)
	at org.junit.platform.engine.support.hierarchical.ThrowableCollector.execute(ThrowableCollector.java:73)
	at org.junit.platform.engine.support.hierarchical.NodeTestTask.executeRecursively(NodeTestTask.java:126)
	at org.junit.platform.engine.support.hierarchical.NodeTestTask.execute(NodeTestTask.java:84)
	at java.base/java.util.ArrayList.forEach(ArrayList.java:1511)
	at org.junit.platform.engine.support.hierarchical.SameThreadHierarchicalTestExecutorService.invokeAll(SameThreadHierarchicalTestExecutorService.java:38)
	at org.junit.platform.engine.support.hierarchical.NodeTestTask.lambda$executeRecursively$5(NodeTestTask.java:143)
	at org.junit.platform.engine.support.hierarchical.ThrowableCollector.execute(ThrowableCollector.java:73)
	at org.junit.platform.engine.support.hierarchical.NodeTestTask.lambda$executeRecursively$7(NodeTestTask.java:129)
	at org.junit.platform.engine.support.hierarchical.Node.around(Node.java:137)
	at org.junit.platform.engine.support.hierarchical.NodeTestTask.lambda$executeRecursively$8(NodeTestTask.java:127)
	at org.junit.platform.engine.support.hierarchical.ThrowableCollector.execute(ThrowableCollector.java:73)
	at org.junit.platform.engine.support.hierarchical.NodeTestTask.executeRecursively(NodeTestTask.java:126)
	at org.junit.platform.engine.support.hierarchical.NodeTestTask.execute(NodeTestTask.java:84)
	at java.base/java.util.ArrayList.forEach(ArrayList.java:1511)
	at org.junit.platform.engine.support.hierarchical.SameThreadHierarchicalTestExecutorService.invokeAll(SameThreadHierarchicalTestExecutorService.java:38)
	at org.junit.platform.engine.support.hierarchical.NodeTestTask.lambda$executeRecursively$5(NodeTestTask.java:143)
	at org.junit.platform.engine.support.hierarchical.ThrowableCollector.execute(ThrowableCollector.java:73)
	at org.junit.platform.engine.support.hierarchical.NodeTestTask.lambda$executeRecursively$7(NodeTestTask.java:129)
	at org.junit.platform.engine.support.hierarchical.Node.around(Node.java:137)
	at org.junit.platform.engine.support.hierarchical.NodeTestTask.lambda$executeRecursively$8(NodeTestTask.java:127)
	at org.junit.platform.engine.support.hierarchical.ThrowableCollector.execute(ThrowableCollector.java:73)
	at org.junit.platform.engine.support.hierarchical.NodeTestTask.executeRecursively(NodeTestTask.java:126)
	at org.junit.platform.engine.support.hierarchical.NodeTestTask.execute(NodeTestTask.java:84)
	at org.junit.platform.engine.support.hierarchical.SameThreadHierarchicalTestExecutorService.submit(SameThreadHierarchicalTestExecutorService.java:32)
	at org.junit.platform.engine.support.hierarchical.HierarchicalTestExecutor.execute(HierarchicalTestExecutor.java:57)
	at org.junit.platform.engine.support.hierarchical.HierarchicalTestEngine.execute(HierarchicalTestEngine.java:51)
	at org.junit.platform.launcher.core.EngineExecutionOrchestrator.execute(EngineExecutionOrchestrator.java:108)
	at org.junit.platform.launcher.core.EngineExecutionOrchestrator.execute(EngineExecutionOrchestrator.java:88)
	at org.junit.platform.launcher.core.EngineExecutionOrchestrator.lambda$execute$0(EngineExecutionOrchestrator.java:54)
	at org.junit.platform.launcher.core.EngineExecutionOrchestrator.withInterceptedStreams(EngineExecutionOrchestrator.java:67)
	at org.junit.platform.launcher.core.EngineExecutionOrchestrator.execute(EngineExecutionOrchestrator.java:52)
	at org.junit.platform.launcher.core.DefaultLauncher.execute(DefaultLauncher.java:96)
	at org.junit.platform.launcher.core.DefaultLauncher.execute(DefaultLauncher.java:75)
	at org.junit.platform.console.tasks.ConsoleTestExecutor.executeTests(ConsoleTestExecutor.java:66)
	at org.junit.platform.console.tasks.ConsoleTestExecutor.lambda$execute$0(ConsoleTestExecutor.java:58)
	at org.junit.platform.console.tasks.CustomContextClassLoaderExecutor.replaceThreadContextClassLoaderAndInvoke(CustomContextClassLoaderExecutor.java:41)
	at org.junit.platform.console.tasks.CustomContextClassLoaderExecutor.invoke(CustomContextClassLoaderExecutor.java:31)
	at org.junit.platform.console.tasks.ConsoleTestExecutor.execute(ConsoleTestExecutor.java:58)
	at org.junit.platform.console.ConsoleLauncher.executeTests(ConsoleLauncher.java:95)
	at org.junit.platform.console.ConsoleLauncher.execute(ConsoleLauncher.java:73)
	at org.junit.platform.console.ConsoleLauncher.execute(ConsoleLauncher.java:50)
	at org.junit.platform.console.ConsoleLauncher.execute(ConsoleLauncher.java:43)
	at org.junit.platform.console.ConsoleLauncher.main(ConsoleLauncher.java:37)
]]></skipped>
<system-out><![CDATA[
unique-id: [engine:junit-jupiter]/[class:minebayd1.test.TestUser]/[test-template:testadd(minebayd1.User, minebayd1.Category, java.lang.String, int)]/[test-template-invocation:#33]
display-name: [33] Issa a 68 annonces ouvertes, 0 annonces fermées et 0 achats 
, COMPUTERS, À vendre, 0
]]></system-out>
</testcase>
<testcase name="testadd(User, Category, String, int)[34]" classname="minebayd1.test.TestUser" time="0">
<system-out><![CDATA[
unique-id: [engine:junit-jupiter]/[class:minebayd1.test.TestUser]/[test-template:testadd(minebayd1.User, minebayd1.Category, java.lang.String, int)]/[test-template-invocation:#34]
display-name: [34] Imam a 47 annonces ouvertes, 0 annonces fermées et 0 achats 
, GAMES, À vendre, 3
]]></system-out>
</testcase>
<testcase name="testadd(User, Category, String, int)[35]" classname="minebayd1.test.TestUser" time="0">
<system-out><![CDATA[
unique-id: [engine:junit-jupiter]/[class:minebayd1.test.TestUser]/[test-template:testadd(minebayd1.User, minebayd1.Category, java.lang.String, int)]/[test-template-invocation:#35]
display-name: [35] Ali a 57 annonces ouvertes, 0 annonces fermées et 0 achats 
, CLOTHES, À vendre, 46
]]></system-out>
</testcase>
<testcase name="testadd(User, Category, String, int)[36]" classname="minebayd1.test.TestUser" time="0">
<system-out><![CDATA[
unique-id: [engine:junit-jupiter]/[class:minebayd1.test.TestUser]/[test-template:testadd(minebayd1.User, minebayd1.Category, java.lang.String, int)]/[test-template-invocation:#36]
display-name: [36] Mamadou a 60 annonces ouvertes, 0 annonces fermées et 0 achats 
, SHOES, À vendre, 2
]]></system-out>
</testcase>
<testcase name="testadd(User, Category, String, int)[37]" classname="minebayd1.test.TestUser" time="0">
<system-out><![CDATA[
unique-id: [engine:junit-jupiter]/[class:minebayd1.test.TestUser]/[test-template:testadd(minebayd1.User, minebayd1.Category, java.lang.String, int)]/[test-template-invocation:#37]
display-name: [37] Aliou a 51 annonces ouvertes, 0 annonces fermées et 0 achats 
, SHOES, À vendre, 21
]]></system-out>
</testcase>
<testcase name="testadd(User, Category, String, int)[38]" classname="minebayd1.test.TestUser" time="0">
<system-out><![CDATA[
unique-id: [engine:junit-jupiter]/[class:minebayd1.test.TestUser]/[test-template:testadd(minebayd1.User, minebayd1.Category, java.lang.String, int)]/[test-template-invocation:#38]
display-name: [38] Idir a 60 annonces ouvertes, 0 annonces fermées et 0 achats 
, COMPUTERS, À vendre, 24
]]></system-out>
</testcase>
<testcase name="testadd(User, Category, String, int)[39]" classname="minebayd1.test.TestUser" time="0">
<system-out><![CDATA[
unique-id: [engine:junit-jupiter]/[class:minebayd1.test.TestUser]/[test-template:testadd(minebayd1.User, minebayd1.Category, java.lang.String, int)]/[test-template-invocation:#39]
display-name: [39] Adam a 48 annonces ouvertes, 0 annonces fermées et 0 achats 
, BOOKS, À vendre, 1
]]></system-out>
</testcase>
<testcase name="testadd(User, Category, String, int)[40]" classname="minebayd1.test.TestUser" time="0">
<system-out><![CDATA[
unique-id: [engine:junit-jupiter]/[class:minebayd1.test.TestUser]/[test-template:testadd(minebayd1.User, minebayd1.Category, java.lang.String, int)]/[test-template-invocation:#40]
display-name: [40] Mohamed a 44 annonces ouvertes, 0 annonces fermées et 0 achats 
, GAMES, À vendre, 2
]]></system-out>
</testcase>
<testcase name="testadd(User, Category, String, int)[41]" classname="minebayd1.test.TestUser" time="0">
<system-out><![CDATA[
unique-id: [engine:junit-jupiter]/[class:minebayd1.test.TestUser]/[test-template:testadd(minebayd1.User, minebayd1.Category, java.lang.String, int)]/[test-template-invocation:#41]
display-name: [41] Nima a 48 annonces ouvertes, 0 annonces fermées et 0 achats 
, SHOES, À vendre, 17
]]></system-out>
</testcase>
<testcase name="testadd(User, Category, String, int)[42]" classname="minebayd1.test.TestUser" time="0">
<system-out><![CDATA[
unique-id: [engine:junit-jupiter]/[class:minebayd1.test.TestUser]/[test-template:testadd(minebayd1.User, minebayd1.Category, java.lang.String, int)]/[test-template-invocation:#42]
display-name: [42] Pierre a 45 annonces ouvertes, 0 annonces fermées et 0 achats 
, COMPUTERS, À vendre, 47
]]></system-out>
</testcase>
<testcase name="testadd(User, Category, String, int)[43]" classname="minebayd1.test.TestUser" time="0">
<system-out><![CDATA[
unique-id: [engine:junit-jupiter]/[class:minebayd1.test.TestUser]/[test-template:testadd(minebayd1.User, minebayd1.Category, java.lang.String, int)]/[test-template-invocation:#43]
display-name: [43] Lamia a 73 annonces ouvertes, 0 annonces fermées et 0 achats 
, BOOKS, À vendre, 9
]]></system-out>
</testcase>
<testcase name="testadd(User, Category, String, int)[44]" classname="minebayd1.test.TestUser" time="0">
<system-out><![CDATA[
unique-id: [engine:junit-jupiter]/[class:minebayd1.test.TestUser]/[test-template:testadd(minebayd1.User, minebayd1.Category, java.lang.String, int)]/[test-template-invocation:#44]
display-name: [44] Imam a 48 annonces ouvertes, 0 annonces fermées et 0 achats 
, CLOTHES, À vendre, 3
]]></system-out>
</testcase>
<testcase name="testadd(User, Category, String, int)[45]" classname="minebayd1.test.TestUser" time="0">
<system-out><![CDATA[
unique-id: [engine:junit-jupiter]/[class:minebayd1.test.TestUser]/[test-template:testadd(minebayd1.User, minebayd1.Category, java.lang.String, int)]/[test-template-invocation:#45]
display-name: [45] Nima a 49 annonces ouvertes, 0 annonces fermées et 0 achats 
, CLOTHES, À vendre, 34
]]></system-out>
</testcase>
<testcase name="testadd(User, Category, String, int)[46]" classname="minebayd1.test.TestUser" time="0.001">
<system-out><![CDATA[
unique-id: [engine:junit-jupiter]/[class:minebayd1.test.TestUser]/[test-template:testadd(minebayd1.User, minebayd1.Category, java.lang.String, int)]/[test-template-invocation:#46]
display-name: [46] Idir a 61 annonces ouvertes, 0 annonces fermées et 0 achats 
, GAMES, À vendre, 2
]]></system-out>
</testcase>
<testcase name="testadd(User, Category, String, int)[47]" classname="minebayd1.test.TestUser" time="0">
<system-out><![CDATA[
unique-id: [engine:junit-jupiter]/[class:minebayd1.test.TestUser]/[test-template:testadd(minebayd1.User, minebayd1.Category, java.lang.String, int)]/[test-template-invocation:#47]
display-name: [47] Rosa a 43 annonces ouvertes, 0 annonces fermées et 0 achats 
, BOOKS, À vendre, 5
]]></system-out>
</testcase>
<testcase name="testadd(User, Category, String, int)[48]" classname="minebayd1.test.TestUser" time="0">
<system-out><![CDATA[
unique-id: [engine:junit-jupiter]/[class:minebayd1.test.TestUser]/[test-template:testadd(minebayd1.User, minebayd1.Category, java.lang.String, int)]/[test-template-invocation:#48]
display-name: [48] Lamia a 74 annonces ouvertes, 0 annonces fermées et 0 achats 
, CLOTHES, À vendre, 3
]]></system-out>
</testcase>
<testcase name="testadd(User, Category, String, int)[49]" classname="minebayd1.test.TestUser" time="0.001">
<system-out><![CDATA[
unique-id: [engine:junit-jupiter]/[class:minebayd1.test.TestUser]/[test-template:testadd(minebayd1.User, minebayd1.Category, java.lang.String, int)]/[test-template-invocation:#49]
display-name: [49] Idir a 62 annonces ouvertes, 0 annonces fermées et 0 achats 
, CLOTHES, À vendre, 17
]]></system-out>
</testcase>
<testcase name="testadd(User, Category, String, int)[50]" classname="minebayd1.test.TestUser" time="0">
<system-out><![CDATA[
unique-id: [engine:junit-jupiter]/[class:minebayd1.test.TestUser]/[test-template:testadd(minebayd1.User, minebayd1.Category, java.lang.String, int)]/[test-template-invocation:#50]
display-name: [50] Issa a 68 annonces ouvertes, 0 annonces fermées et 0 achats 
, GAMES, À vendre, 43
]]></system-out>
</testcase>
<testcase name="testadd(User, Category, String, int)[51]" classname="minebayd1.test.TestUser" time="0">
<system-out><![CDATA[
unique-id: [engine:junit-jupiter]/[class:minebayd1.test.TestUser]/[test-template:testadd(minebayd1.User, minebayd1.Category, java.lang.String, int)]/[test-template-invocation:#51]
display-name: [51] Yanis a 60 annonces ouvertes, 0 annonces fermées et 0 achats 
, COMPUTERS, À vendre, 20
]]></system-out>
</testcase>
<testcase name="testadd(User, Category, String, int)[52]" classname="minebayd1.test.TestUser" time="0">
<system-out><![CDATA[
unique-id: [engine:junit-jupiter]/[class:minebayd1.test.TestUser]/[test-template:testadd(minebayd1.User, minebayd1.Category, java.lang.String, int)]/[test-template-invocation:#52]
display-name: [52] Chanez a 56 annonces ouvertes, 0 annonces fermées et 0 achats 
, SHOES, À vendre, 38
]]></system-out>
</testcase>
<testcase name="testadd(User, Category, String, int)[53]" classname="minebayd1.test.TestUser" time="0.001">
<system-out><![CDATA[
unique-id: [engine:junit-jupiter]/[class:minebayd1.test.TestUser]/[test-template:testadd(minebayd1.User, minebayd1.Category, java.lang.String, int)]/[test-template-invocation:#53]
display-name: [53] Ayman a 54 annonces ouvertes, 0 annonces fermées et 0 achats 
, BOOKS, À vendre, 46
]]></system-out>
</testcase>
<testcase name="testadd(User, Category, String, int)[54]" classname="minebayd1.test.TestUser" time="0">
<system-out><![CDATA[
unique-id: [engine:junit-jupiter]/[class:minebayd1.test.TestUser]/[test-template:testadd(minebayd1.User, minebayd1.Category, java.lang.String, int)]/[test-template-invocation:#54]
display-name: [54] Mohamed a 45 annonces ouvertes, 0 annonces fermées et 0 achats 
, GAMES, À vendre, 24
]]></system-out>
</testcase>
<testcase name="testadd(User, Category, String, int)[55]" classname="minebayd1.test.TestUser" time="0">
<system-out><![CDATA[
unique-id: [engine:junit-jupiter]/[class:minebayd1.test.TestUser]/[test-template:testadd(minebayd1.User, minebayd1.Category, java.lang.String, int)]/[test-template-invocation:#55]
display-name: [55] Mohamed a 46 annonces ouvertes, 0 annonces fermées et 0 achats 
, BOOKS, À vendre, 42
]]></system-out>
</testcase>
<testcase name="testadd(User, Category, String, int)[56]" classname="minebayd1.test.TestUser" time="0">
<system-out><![CDATA[
unique-id: [engine:junit-jupiter]/[class:minebayd1.test.TestUser]/[test-template:testadd(minebayd1.User, minebayd1.Category, java.lang.String, int)]/[test-template-invocation:#56]
display-name: [56] Imam a 49 annonces ouvertes, 0 annonces fermées et 0 achats 
, BOOKS, À vendre, 47
]]></system-out>
</testcase>
<testcase name="testadd(User, Category, String, int)[57]" classname="minebayd1.test.TestUser" time="0">
<system-out><![CDATA[
unique-id: [engine:junit-jupiter]/[class:minebayd1.test.TestUser]/[test-template:testadd(minebayd1.User, minebayd1.Category, java.lang.String, int)]/[test-template-invocation:#57]
display-name: [57] Faycal a 53 annonces ouvertes, 0 annonces fermées et 0 achats 
, SHOES, À vendre, 6
]]></system-out>
</testcase>
<testcase name="testadd(User, Category, String, int)[58]" classname="minebayd1.test.TestUser" time="0">
<system-out><![CDATA[
unique-id: [engine:junit-jupiter]/[class:minebayd1.test.TestUser]/[test-template:testadd(minebayd1.User, minebayd1.Category, java.lang.String, int)]/[test-template-invocation:#58]
display-name: [58] Chanez a 57 annonces ouvertes, 0 annonces fermées et 0 achats 
, SHOES, À vendre, 23
]]></system-out>
</testcase>
<testcase name="testadd(User, Category, String, int)[59]" classname="minebayd1.test.TestUser" time="0">
<system-out><![CDATA[
unique-id: [engine:junit-jupiter]/[class:minebayd1.test.TestUser]/[test-template:testadd(minebayd1.User, minebayd1.Category, java.lang.String, int)]/[test-template-invocation:#59]
display-name: [59] Marcel a 62 annonces ouvertes, 0 annonces fermées et 0 achats 
, SHOES, À vendre, 45
]]></system-out>
</testcase>
<testcase name="testadd(User, Category, String, int)[60]" classname="minebayd1.test.TestUser" time="0">
<system-out><![CDATA[
unique-id: [engine:junit-jupiter]/[class:minebayd1.test.TestUser]/[test-template:testadd(minebayd1.User, minebayd1.Category, java.lang.String, int)]/[test-template-invocation:#60]
display-name: [60] Sonia a 46 annonces ouvertes, 0 annonces fermées et 0 achats 
, COMPUTERS, À vendre, 16
]]></system-out>
</testcase>
<testcase name="testadd(User, Category, String, int)[61]" classname="minebayd1.test.TestUser" time="0">
<system-out><![CDATA[
unique-id: [engine:junit-jupiter]/[class:minebayd1.test.TestUser]/[test-template:testadd(minebayd1.User, minebayd1.Category, java.lang.String, int)]/[test-template-invocation:#61]
display-name: [61] Sonia a 47 annonces ouvertes, 0 annonces fermées et 0 achats 
, SHOES, À vendre, 7
]]></system-out>
</testcase>
<testcase name="testadd(User, Category, String, int)[62]" classname="minebayd1.test.TestUser" time="0">
<system-out><![CDATA[
unique-id: [engine:junit-jupiter]/[class:minebayd1.test.TestUser]/[test-template:testadd(minebayd1.User, minebayd1.Category, java.lang.String, int)]/[test-template-invocation:#62]
display-name: [62] Marcel a 63 annonces ouvertes, 0 annonces fermées et 0 achats 
, SHOES, À vendre, 23
]]></system-out>
</testcase>
<testcase name="testadd(User, Category, String, int)[63]" classname="minebayd1.test.TestUser" time="0">
<system-out><![CDATA[
unique-id: [engine:junit-jupiter]/[class:minebayd1.test.TestUser]/[test-template:testadd(minebayd1.User, minebayd1.Category, java.lang.String, int)]/[test-template-invocation:#63]
display-name: [63] Lisa a 47 annonces ouvertes, 0 annonces fermées et 0 achats 
, BOOKS, À vendre, 9
]]></system-out>
</testcase>
<testcase name="testadd(User, Category, String, int)[64]" classname="minebayd1.test.TestUser" time="0">
<system-out><![CDATA[
unique-id: [engine:junit-jupiter]/[class:minebayd1.test.TestUser]/[test-template:testadd(minebayd1.User, minebayd1.Category, java.lang.String, int)]/[test-template-invocation:#64]
display-name: [64] Ali a 58 annonces ouvertes, 0 annonces fermées et 0 achats 
, CLOTHES, À vendre, 18
]]></system-out>
</testcase>
<testcase name="testadd(User, Category, String, int)[65]" classname="minebayd1.test.TestUser" time="0">
<system-out><![CDATA[
unique-id: [engine:junit-jupiter]/[class:minebayd1.test.TestUser]/[test-template:testadd(minebayd1.User, minebayd1.Category, java.lang.String, int)]/[test-template-invocation:#65]
display-name: [65] Lamia a 75 annonces ouvertes, 0 annonces fermées et 0 achats 
, GAMES, À vendre, 6
]]></system-out>
</testcase>
<testcase name="testadd(User, Category, String, int)[66]" classname="minebayd1.test.TestUser" time="0">
<system-out><![CDATA[
unique-id: [engine:junit-jupiter]/[class:minebayd1.test.TestUser]/[test-template:testadd(minebayd1.User, minebayd1.Category, java.lang.String, int)]/[test-template-invocation:#66]
display-name: [66] Aliou a 52 annonces ouvertes, 0 annonces fermées et 0 achats 
, COMPUTERS, À vendre, 32
]]></system-out>
</testcase>
<testcase name="testadd(User, Category, String, int)[67]" classname="minebayd1.test.TestUser" time="0.001">
<system-out><![CDATA[
unique-id: [engine:junit-jupiter]/[class:minebayd1.test.TestUser]/[test-template:testadd(minebayd1.User, minebayd1.Category, java.lang.String, int)]/[test-template-invocation:#67]
display-name: [67] Ayman a 55 annonces ouvertes, 0 annonces fermées et 0 achats 
, SHOES, À vendre, 12
]]></system-out>
</testcase>
<testcase name="testadd(User, Category, String, int)[68]" classname="minebayd1.test.TestUser" time="0">
<system-out><![CDATA[
unique-id: [engine:junit-jupiter]/[class:minebayd1.test.TestUser]/[test-template:testadd(minebayd1.User, minebayd1.Category, java.lang.String, int)]/[test-template-invocation:#68]
display-name: [68] Adam a 49 annonces ouvertes, 0 annonces fermées et 0 achats 
, COMPUTERS, À vendre, 11
]]></system-out>
</testcase>
<testcase name="testadd(User, Category, String, int)[69]" classname="minebayd1.test.TestUser" time="0">
<system-out><![CDATA[
unique-id: [engine:junit-jupiter]/[class:minebayd1.test.TestUser]/[test-template:testadd(minebayd1.User, minebayd1.Category, java.lang.String, int)]/[test-template-invocation:#69]
display-name: [69] Issa a 69 annonces ouvertes, 0 annonces fermées et 0 achats 
, CLOTHES, À vendre, 5
]]></system-out>
</testcase>
<testcase name="testadd(User, Category, String, int)[70]" classname="minebayd1.test.TestUser" time="0">
<system-out><![CDATA[
unique-id: [engine:junit-jupiter]/[class:minebayd1.test.TestUser]/[test-template:testadd(minebayd1.User, minebayd1.Category, java.lang.String, int)]/[test-template-invocation:#70]
display-name: [70] Ali a 59 annonces ouvertes, 0 annonces fermées et 0 achats 
, SHOES, À vendre, 49
]]></system-out>
</testcase>
<testcase name="testadd(User, Category, String, int)[71]" classname="minebayd1.test.TestUser" time="0.001">
<system-out><![CDATA[
unique-id: [engine:junit-jupiter]/[class:minebayd1.test.TestUser]/[test-template:testadd(minebayd1.User, minebayd1.Category, java.lang.String, int)]/[test-template-invocation:#71]
display-name: [71] Mounir a 60 annonces ouvertes, 0 annonces fermées et 0 achats 
, GAMES, À vendre, 18
]]></system-out>
</testcase>
<testcase name="testadd(User, Category, String, int)[72]" classname="minebayd1.test.TestUser" time="0">
<system-out><![CDATA[
unique-id: [engine:junit-jupiter]/[class:minebayd1.test.TestUser]/[test-template:testadd(minebayd1.User, minebayd1.Category, java.lang.String, int)]/[test-template-invocation:#72]
display-name: [72] Lisa a 48 annonces ouvertes, 0 annonces fermées et 0 achats 
, BOOKS, À vendre, 15
]]></system-out>
</testcase>
<testcase name="testadd(User, Category, String, int)[73]" classname="minebayd1.test.TestUser" time="0">
<system-out><![CDATA[
unique-id: [engine:junit-jupiter]/[class:minebayd1.test.TestUser]/[test-template:testadd(minebayd1.User, minebayd1.Category, java.lang.String, int)]/[test-template-invocation:#73]
display-name: [73] Marc a 55 annonces ouvertes, 0 annonces fermées et 0 achats 
, COMPUTERS, À vendre, 38
]]></system-out>
</testcase>
<testcase name="testadd(User, Category, String, int)[74]" classname="minebayd1.test.TestUser" time="0">
<system-out><![CDATA[
unique-id: [engine:junit-jupiter]/[class:minebayd1.test.TestUser]/[test-template:testadd(minebayd1.User, minebayd1.Category, java.lang.String, int)]/[test-template-invocation:#74]
display-name: [74] Lamia a 76 annonces ouvertes, 0 annonces fermées et 0 achats 
, COMPUTERS, À vendre, 39
]]></system-out>
</testcase>
<testcase name="testadd(User, Category, String, int)[75]" classname="minebayd1.test.TestUser" time="0">
<system-out><![CDATA[
unique-id: [engine:junit-jupiter]/[class:minebayd1.test.TestUser]/[test-template:testadd(minebayd1.User, minebayd1.Category, java.lang.String, int)]/[test-template-invocation:#75]
display-name: [75] Ali a 60 annonces ouvertes, 0 annonces fermées et 0 achats 
, CLOTHES, À vendre, 35
]]></system-out>
</testcase>
<testcase name="testadd(User, Category, String, int)[76]" classname="minebayd1.test.TestUser" time="0">
<system-out><![CDATA[
unique-id: [engine:junit-jupiter]/[class:minebayd1.test.TestUser]/[test-template:testadd(minebayd1.User, minebayd1.Category, java.lang.String, int)]/[test-template-invocation:#76]
display-name: [76] Ziad a 51 annonces ouvertes, 0 annonces fermées et 0 achats 
, BOOKS, À vendre, 42
]]></system-out>
</testcase>
<testcase name="testadd(User, Category, String, int)[77]" classname="minebayd1.test.TestUser" time="0">
<system-out><![CDATA[
unique-id: [engine:junit-jupiter]/[class:minebayd1.test.TestUser]/[test-template:testadd(minebayd1.User, minebayd1.Category, java.lang.String, int)]/[test-template-invocation:#77]
display-name: [77] Lamia a 77 annonces ouvertes, 0 annonces fermées et 0 achats 
, SHOES, À vendre, 23
]]></system-out>
</testcase>
<testcase name="testadd(User, Category, String, int)[78]" classname="minebayd1.test.TestUser" time="0">
<system-out><![CDATA[
unique-id: [engine:junit-jupiter]/[class:minebayd1.test.TestUser]/[test-template:testadd(minebayd1.User, minebayd1.Category, java.lang.String, int)]/[test-template-invocation:#78]
display-name: [78] Marcel a 64 annonces ouvertes, 0 annonces fermées et 0 achats 
, SHOES, À vendre, 6
]]></system-out>
</testcase>
<testcase name="testadd(User, Category, String, int)[79]" classname="minebayd1.test.TestUser" time="0">
<system-out><![CDATA[
unique-id: [engine:junit-jupiter]/[class:minebayd1.test.TestUser]/[test-template:testadd(minebayd1.User, minebayd1.Category, java.lang.String, int)]/[test-template-invocation:#79]
display-name: [79] Yanis a 61 annonces ouvertes, 0 annonces fermées et 0 achats 
, BOOKS, À vendre, 31
]]></system-out>
</testcase>
<testcase name="testadd(User, Category, String, int)[80]" classname="minebayd1.test.TestUser" time="0">
<system-out><![CDATA[
unique-id: [engine:junit-jupiter]/[class:minebayd1.test.TestUser]/[test-template:testadd(minebayd1.User, minebayd1.Category, java.lang.String, int)]/[test-template-invocation:#80]
display-name: [80] Issa a 70 annonces ouvertes, 0 annonces fermées et 0 achats 
, GAMES, À vendre, 30
]]></system-out>
</testcase>
<testcase name="testadd(User, Category, String, int)[81]" classname="minebayd1.test.TestUser" time="0">
<system-out><![CDATA[
unique-id: [engine:junit-jupiter]/[class:minebayd1.test.TestUser]/[test-template:testadd(minebayd1.User, minebayd1.Category, java.lang.String, int)]/[test-template-invocation:#81]
display-name: [81] Naila a 62 annonces ouvertes, 0 annonces fermées et 0 achats 
, COMPUTERS, À vendre, 17
]]></system-out>
</testcase>
<testcase name="testadd(User, Category, String, int)[82]" classname="minebayd1.test.TestUser" time="0">
<system-out><![CDATA[
unique-id: [engine:junit-jupiter]/[class:minebayd1.test.TestUser]/[test-template:testadd(minebayd1.User, minebayd1.Category, java.lang.String, int)]/[test-template-invocation:#82]
display-name: [82] Marcel a 65 annonces ouvertes, 0 annonces fermées et 0 achats 
, SHOES, À vendre, 31
]]></system-out>
</testcase>
<testcase name="testadd(User, Category, String, int)[83]" classname="minebayd1.test.TestUser" time="0">
<system-out><![CDATA[
unique-id: [engine:junit-jupiter]/[class:minebayd1.test.TestUser]/[test-template:testadd(minebayd1.User, minebayd1.Category, java.lang.String, int)]/[test-template-invocation:#83]
display-name: [83] Sonia a 48 annonces ouvertes, 0 annonces fermées et 0 achats 
, BOOKS, À vendre, 17
]]></system-out>
</testcase>
<testcase name="testadd(User, Category, String, int)[84]" classname="minebayd1.test.TestUser" time="0">
<system-out><![CDATA[
unique-id: [engine:junit-jupiter]/[class:minebayd1.test.TestUser]/[test-template:testadd(minebayd1.User, minebayd1.Category, java.lang.String, int)]/[test-template-invocation:#84]
display-name: [84] Marcel a 66 annonces ouvertes, 0 annonces fermées et 0 achats 
, CLOTHES, À vendre, 23
]]></system-out>
</testcase>
<testcase name="testadd(User, Category, String, int)[85]" classname="minebayd1.test.TestUser" time="0">
<system-out><![CDATA[
unique-id: [engine:junit-jupiter]/[class:minebayd1.test.TestUser]/[test-template:testadd(minebayd1.User, minebayd1.Category, java.lang.String, int)]/[test-template-invocation:#85]
display-name: [85] Ayman a 56 annonces ouvertes, 0 annonces fermées et 0 achats 
, GAMES, À vendre, 23
]]></system-out>
</testcase>
<testcase name="testadd(User, Category, String, int)[86]" classname="minebayd1.test.TestUser" time="0">
<system-out><![CDATA[
unique-id: [engine:junit-jupiter]/[class:minebayd1.test.TestUser]/[test-template:testadd(minebayd1.User, minebayd1.Category, java.lang.String, int)]/[test-template-invocation:#86]
display-name: [86] Adam a 50 annonces ouvertes, 0 annonces fermées et 0 achats 
, BOOKS, À vendre, 14
]]></system-out>
</testcase>
<testcase name="testadd(User, Category, String, int)[87]" classname="minebayd1.test.TestUser" time="0">
<system-out><![CDATA[
unique-id: [engine:junit-jupiter]/[class:minebayd1.test.TestUser]/[test-template:testadd(minebayd1.User, minebayd1.Category, java.lang.String, int)]/[test-template-invocation:#87]
display-name: [87] Nima a 50 annonces ouvertes, 0 annonces fermées et 0 achats 
, CLOTHES, À vendre, 2
]]></system-out>
</testcase>
<testcase name="testadd(User, Category, String, int)[88]" classname="minebayd1.test.TestUser" time="0">
<system-out><![CDATA[
unique-id: [engine:junit-jupiter]/[class:minebayd1.test.TestUser]/[test-template:testadd(minebayd1.User, minebayd1.Category, java.lang.String, int)]/[test-template-invocation:#88]
display-name: [88] Zahra a 41 annonces ouvertes, 0 annonces fermées et 0 achats 
, GAMES, À vendre, 35
]]></system-out>
</testcase>
<testcase name="testadd(User, Category, String, int)[89]" classname="minebayd1.test.TestUser" time="0.001">
<system-out><![CDATA[
unique-id: [engine:junit-jupiter]/[class:minebayd1.test.TestUser]/[test-template:testadd(minebayd1.User, minebayd1.Category, java.lang.String, int)]/[test-template-invocation:#89]
display-name: [89] Boris a 63 annonces ouvertes, 0 annonces fermées et 0 achats 
, COMPUTERS, À vendre, 16
]]></system-out>
</testcase>
<testcase name="testadd(User, Category, String, int)[90]" classname="minebayd1.test.TestUser" time="0.001">
<system-out><![CDATA[
unique-id: [engine:junit-jupiter]/[class:minebayd1.test.TestUser]/[test-template:testadd(minebayd1.User, minebayd1.Category, java.lang.String, int)]/[test-template-invocation:#90]
display-name: [90] Boris a 64 annonces ouvertes, 0 annonces fermées et 0 achats 
, GAMES, À vendre, 36
]]></system-out>
</testcase>
<testcase name="testadd(User, Category, String, int)[91]" classname="minebayd1.test.TestUser" time="0">
<system-out><![CDATA[
unique-id: [engine:junit-jupiter]/[class:minebayd1.test.TestUser]/[test-template:testadd(minebayd1.User, minebayd1.Category, java.lang.String, int)]/[test-template-invocation:#91]
display-name: [91] Ali a 61 annonces ouvertes, 0 annonces fermées et 0 achats 
, GAMES, À vendre, 20
]]></system-out>
</testcase>
<testcase name="testadd(User, Category, String, int)[92]" classname="minebayd1.test.TestUser" time="0">
<system-out><![CDATA[
unique-id: [engine:junit-jupiter]/[class:minebayd1.test.TestUser]/[test-template:testadd(minebayd1.User, minebayd1.Category, java.lang.String, int)]/[test-template-invocation:#92]
display-name: [92] Yanis a 62 annonces ouvertes, 0 annonces fermées et 0 achats 
, COMPUTERS, À vendre, 47
]]></system-out>
</testcase>
<testcase name="testadd(User, Category, String, int)[93]" classname="minebayd1.test.TestUser" time="0">
<system-out><![CDATA[
unique-id: [engine:junit-jupiter]/[class:minebayd1.test.TestUser]/[test-template:testadd(minebayd1.User, minebayd1.Category, java.lang.String, int)]/[test-template-invocation:#93]
display-name: [93] Ali a 62 annonces ouvertes, 0 annonces fermées et 0 achats 
, GAMES, À vendre, 13
]]></system-out>
</testcase>
<testcase name="testadd(User, Category, String, int)[94]" classname="minebayd1.test.TestUser" time="0">
<system-out><![CDATA[
unique-id: [engine:junit-jupiter]/[class:minebayd1.test.TestUser]/[test-template:testadd(minebayd1.User, minebayd1.Category, java.lang.String, int)]/[test-template-invocation:#94]
display-name: [94] Yanis a 63 annonces ouvertes, 0 annonces fermées et 0 achats 
, COMPUTERS, À vendre, 16
]]></system-out>
</testcase>
<testcase name="testadd(User, Category, String, int)[95]" classname="minebayd1.test.TestUser" time="0">
<system-out><![CDATA[
unique-id: [engine:junit-jupiter]/[class:minebayd1.test.TestUser]/[test-template:testadd(minebayd1.User, minebayd1.Category, java.lang.String, int)]/[test-template-invocation:#95]
display-name: [95] Adam a 51 annonces ouvertes, 0 annonces fermées et 0 achats 
, SHOES, À vendre, 12
]]></system-out>
</testcase>
<testcase name="testadd(User, Category, String, int)[96]" classname="minebayd1.test.TestUser" time="0">
<system-out><![CDATA[
unique-id: [engine:junit-jupiter]/[class:minebayd1.test.TestUser]/[test-template:testadd(minebayd1.User, minebayd1.Category, java.lang.String, int)]/[test-template-invocation:#96]
display-name: [96] Issa a 71 annonces ouvertes, 0 annonces fermées et 0 achats 
, SHOES, À vendre, 17
]]></system-out>
</testcase>
<testcase name="testadd(User, Category, String, int)[97]" classname="minebayd1.test.TestUser" time="0">
<system-out><![CDATA[
unique-id: [engine:junit-jupiter]/[class:minebayd1.test.TestUser]/[test-template:testadd(minebayd1.User, minebayd1.Category, java.lang.String, int)]/[test-template-invocation:#97]
display-name: [97] Issa a 72 annonces ouvertes, 0 annonces fermées et 0 achats 
, BOOKS, À vendre, 27
]]></system-out>
</testcase>
<testcase name="testadd(User, Category, String, int)[98]" classname="minebayd1.test.TestUser" time="0">
<system-out><![CDATA[
unique-id: [engine:junit-jupiter]/[class:minebayd1.test.TestUser]/[test-template:testadd(minebayd1.User, minebayd1.Category, java.lang.String, int)]/[test-template-invocation:#98]
display-name: [98] Yanis a 64 annonces ouvertes, 0 annonces fermées et 0 achats 
, SHOES, À vendre, 28
]]></system-out>
</testcase>
<testcase name="testadd(User, Category, String, int)[99]" classname="minebayd1.test.TestUser" time="0">
<system-out><![CDATA[
unique-id: [engine:junit-jupiter]/[class:minebayd1.test.TestUser]/[test-template:testadd(minebayd1.User, minebayd1.Category, java.lang.String, int)]/[test-template-invocation:#99]
display-name: [99] Chanez a 58 annonces ouvertes, 0 annonces fermées et 0 achats 
, COMPUTERS, À vendre, 40
]]></system-out>
</testcase>
<testcase name="testadd(User, Category, String, int)[100]" classname="minebayd1.test.TestUser" time="0">
<system-out><![CDATA[
unique-id: [engine:junit-jupiter]/[class:minebayd1.test.TestUser]/[test-template:testadd(minebayd1.User, minebayd1.Category, java.lang.String, int)]/[test-template-invocation:#100]
display-name: [100] Lyes a 65 annonces ouvertes, 0 annonces fermées et 0 achats 
, BOOKS, À vendre, 14
]]></system-out>
</testcase>
<testcase name="testbuy(User, User, ClassifiedAd)[1]" classname="minebayd1.test.TestUser" time="0.001">
<system-out><![CDATA[
unique-id: [engine:junit-jupiter]/[class:minebayd1.test.TestUser]/[test-template:testbuy(minebayd1.User, minebayd1.User, minebayd1.ClassifiedAd)]/[test-template-invocation:#1]
display-name: [1] Nima a 51 annonces ouvertes, 0 annonces fermées et 0 achats 
, Ayman a 57 annonces ouvertes, 0 annonces fermées et 0 achats 
, L'annonce correspond à À vendre crée le 2024-11-04T21:00:35.626480784Z et correpoond à BOOKS et est à 46euros
]]></system-out>
</testcase>
<testcase name="testbuy(User, User, ClassifiedAd)[2]" classname="minebayd1.test.TestUser" time="0.002">
<system-out><![CDATA[
unique-id: [engine:junit-jupiter]/[class:minebayd1.test.TestUser]/[test-template:testbuy(minebayd1.User, minebayd1.User, minebayd1.ClassifiedAd)]/[test-template-invocation:#2]
display-name: [2] Boris a 65 annonces ouvertes, 0 annonces fermées et 0 achats 
, Imam a 50 annonces ouvertes, 0 annonces fermées et 0 achats 
, L'annonce correspond à Annonce n°1393 from Imam crée le 2024-11-04T21:00:34.607581637Z et correpoond à BOOKS et est à 59euros
]]></system-out>
</testcase>
<testcase name="testbuy(User, User, ClassifiedAd)[3]" classname="minebayd1.test.TestUser" time="0.001">
<system-out><![CDATA[
unique-id: [engine:junit-jupiter]/[class:minebayd1.test.TestUser]/[test-template:testbuy(minebayd1.User, minebayd1.User, minebayd1.ClassifiedAd)]/[test-template-invocation:#3]
display-name: [3] Naila a 63 annonces ouvertes, 0 annonces fermées et 0 achats 
, Sonia a 49 annonces ouvertes, 0 annonces fermées et 0 achats 
, L'annonce correspond à Annonce n°341 from Sonia crée le 2024-11-04T21:00:34.619509619Z et correpoond à CLOTHES et est à 34euros
]]></system-out>
</testcase>
<testcase name="testbuy(User, User, ClassifiedAd)[4]" classname="minebayd1.test.TestUser" time="0">
<system-out><![CDATA[
unique-id: [engine:junit-jupiter]/[class:minebayd1.test.TestUser]/[test-template:testbuy(minebayd1.User, minebayd1.User, minebayd1.ClassifiedAd)]/[test-template-invocation:#4]
display-name: [4] Aliou a 53 annonces ouvertes, 0 annonces fermées et 0 achats 
, Marcel a 67 annonces ouvertes, 0 annonces fermées et 0 achats 
, L'annonce correspond à Annonce n°105 from Marcel crée le 2024-11-04T21:00:34.621633004Z et correpoond à COMPUTERS et est à 53euros
]]></system-out>
</testcase>
<testcase name="testbuy(User, User, ClassifiedAd)[5]" classname="minebayd1.test.TestUser" time="0">
<system-out><![CDATA[
unique-id: [engine:junit-jupiter]/[class:minebayd1.test.TestUser]/[test-template:testbuy(minebayd1.User, minebayd1.User, minebayd1.ClassifiedAd)]/[test-template-invocation:#5]
display-name: [5] Idir a 63 annonces ouvertes, 0 annonces fermées et 0 achats 
, Chanez a 59 annonces ouvertes, 0 annonces fermées et 0 achats 
, L'annonce correspond à Annonce n°732 from Chanez crée le 2024-11-04T21:00:34.614911817Z et correpoond à BOOKS et est à 43euros
]]></system-out>
</testcase>
<testcase name="testbuy(User, User, ClassifiedAd)[6]" classname="minebayd1.test.TestUser" time="0">
<system-out><![CDATA[
unique-id: [engine:junit-jupiter]/[class:minebayd1.test.TestUser]/[test-template:testbuy(minebayd1.User, minebayd1.User, minebayd1.ClassifiedAd)]/[test-template-invocation:#6]
display-name: [6] Marc a 56 annonces ouvertes, 0 annonces fermées et 0 achats 
, Lisa a 49 annonces ouvertes, 0 annonces fermées et 0 achats 
, L'annonce correspond à Annonce n°534 from Lisa crée le 2024-11-04T21:00:34.617461158Z et correpoond à GAMES et est à 92euros
]]></system-out>
</testcase>
<testcase name="testbuy(User, User, ClassifiedAd)[7]" classname="minebayd1.test.TestUser" time="0">
<system-out><![CDATA[
unique-id: [engine:junit-jupiter]/[class:minebayd1.test.TestUser]/[test-template:testbuy(minebayd1.User, minebayd1.User, minebayd1.ClassifiedAd)]/[test-template-invocation:#7]
display-name: [7] Yanis a 65 annonces ouvertes, 0 annonces fermées et 0 achats 
, Ali a 63 annonces ouvertes, 0 annonces fermées et 0 achats 
, L'annonce correspond à Annonce n°540 from Ali crée le 2024-11-04T21:00:34.617375012Z et correpoond à CLOTHES et est à 10euros
]]></system-out>
</testcase>
<testcase name="testbuy(User, User, ClassifiedAd)[8]" classname="minebayd1.test.TestUser" time="0">
<system-out><![CDATA[
unique-id: [engine:junit-jupiter]/[class:minebayd1.test.TestUser]/[test-template:testbuy(minebayd1.User, minebayd1.User, minebayd1.ClassifiedAd)]/[test-template-invocation:#8]
display-name: [8] Marc a 56 annonces ouvertes, 0 annonces fermées et 1 achats 
, Ziad a 52 annonces ouvertes, 0 annonces fermées et 0 achats 
, L'annonce correspond à Annonce n°1425 from Ziad crée le 2024-11-04T21:00:34.607139180Z et correpoond à SHOES et est à 4euros
]]></system-out>
</testcase>
<testcase name="testbuy(User, User, ClassifiedAd)[9]" classname="minebayd1.test.TestUser" time="0">
<system-out><![CDATA[
unique-id: [engine:junit-jupiter]/[class:minebayd1.test.TestUser]/[test-template:testbuy(minebayd1.User, minebayd1.User, minebayd1.ClassifiedAd)]/[test-template-invocation:#9]
display-name: [9] Faycal a 54 annonces ouvertes, 0 annonces fermées et 0 achats 
, Idir a 63 annonces ouvertes, 0 annonces fermées et 1 achats 
, L'annonce correspond à Annonce n°272 from Idir crée le 2024-11-04T21:00:34.620218650Z et correpoond à BOOKS et est à 55euros
]]></system-out>
</testcase>
<testcase name="testbuy(User, User, ClassifiedAd)[10]" classname="minebayd1.test.TestUser" time="0">
<system-out><![CDATA[
unique-id: [engine:junit-jupiter]/[class:minebayd1.test.TestUser]/[test-template:testbuy(minebayd1.User, minebayd1.User, minebayd1.ClassifiedAd)]/[test-template-invocation:#10]
display-name: [10] Marcel a 66 annonces ouvertes, 1 annonces fermées et 0 achats 
, Pierre a 46 annonces ouvertes, 0 annonces fermées et 0 achats 
, L'annonce correspond à Annonce n°448 from Pierre crée le 2024-11-04T21:00:34.618254807Z et correpoond à GAMES et est à 71euros
]]></system-out>
</testcase>
<testcase name="testbuy(User, User, ClassifiedAd)[11]" classname="minebayd1.test.TestUser" time="0">
<system-out><![CDATA[
unique-id: [engine:junit-jupiter]/[class:minebayd1.test.TestUser]/[test-template:testbuy(minebayd1.User, minebayd1.User, minebayd1.ClassifiedAd)]/[test-template-invocation:#11]
display-name: [11] Sheraz a 52 annonces ouvertes, 0 annonces fermées et 0 achats 
, Faycal a 54 annonces ouvertes, 0 annonces fermées et 1 achats 
, L'annonce correspond à Annonce n°1177 from Faycal crée le 2024-11-04T21:00:34.609290562Z et correpoond à CLOTHES et est à 12euros
]]></system-out>
</testcase>
<testcase name="testbuy(User, User, ClassifiedAd)[12]" classname="minebayd1.test.TestUser" time="0">
<system-out><![CDATA[
unique-id: [engine:junit-jupiter]/[class:minebayd1.test.TestUser]/[test-template:testbuy(minebayd1.User, minebayd1.User, minebayd1.ClassifiedAd)]/[test-template-invocation:#12]
display-name: [12] Sheraz a 52 annonces ouvertes, 0 annonces fermées et 1 achats 
, Ayman a 56 annonces ouvertes, 1 annonces fermées et 0 achats 
, L'annonce correspond à Annonce n°53 from Ayman crée le 2024-11-04T21:00:34.621826625Z et correpoond à BOOKS et est à 76euros
]]></system-out>
</testcase>
<testcase name="testbuy(User, User, ClassifiedAd)[13]" classname="minebayd1.test.TestUser" time="0.001">
<system-out><![CDATA[
unique-id: [engine:junit-jupiter]/[class:minebayd1.test.TestUser]/[test-template:testbuy(minebayd1.User, minebayd1.User, minebayd1.ClassifiedAd)]/[test-template-invocation:#13]
display-name: [13] Ismael a 60 annonces ouvertes, 0 annonces fermées et 0 achats 
, Pierre a 45 annonces ouvertes, 1 annonces fermées et 0 achats 
, L'annonce correspond à Annonce n°566 from Pierre crée le 2024-11-04T21:00:34.617068580Z et correpoond à BOOKS et est à 99euros
]]></system-out>
</testcase>
<testcase name="testbuy(User, User, ClassifiedAd)[14]" classname="minebayd1.test.TestUser" time="0.001">
<system-out><![CDATA[
unique-id: [engine:junit-jupiter]/[class:minebayd1.test.TestUser]/[test-template:testbuy(minebayd1.User, minebayd1.User, minebayd1.ClassifiedAd)]/[test-template-invocation:#14]
display-name: [14] Marcel a 66 annonces ouvertes, 1 annonces fermées et 1 achats 
, Rosa a 44 annonces ouvertes, 0 annonces fermées et 0 achats 
, L'annonce correspond à Annonce n°723 from Rosa crée le 2024-11-04T21:00:34.615022957Z et correpoond à SHOES et est à 19euros
]]></system-out>
</testcase>
<testcase name="testbuy(User, User, ClassifiedAd)[15]" classname="minebayd1.test.TestUser" time="0">
<system-out><![CDATA[
unique-id: [engine:junit-jupiter]/[class:minebayd1.test.TestUser]/[test-template:testbuy(minebayd1.User, minebayd1.User, minebayd1.ClassifiedAd)]/[test-template-invocation:#15]
display-name: [15] Faycal a 53 annonces ouvertes, 1 annonces fermées et 1 achats 
, Mamadou a 61 annonces ouvertes, 0 annonces fermées et 0 achats 
, L'annonce correspond à Annonce n°769 from Mamadou crée le 2024-11-04T21:00:34.614211659Z et correpoond à CLOTHES et est à 51euros
]]></system-out>
</testcase>
<testcase name="testbuy(User, User, ClassifiedAd)[16]" classname="minebayd1.test.TestUser" time="0.001">
<skipped><![CDATA[org.opentest4j.TestAbortedException: Assumption failed: assumption is not true
	at org.junit.jupiter.api.Assumptions.throwTestAbortedException(Assumptions.java:256)
	at org.junit.jupiter.api.Assumptions.assumeTrue(Assumptions.java:115)
	at org.junit.jupiter.api.Assumptions.assumeTrue(Assumptions.java:66)
	at minebayd1.test.TestUser.testbuy(TestUser.java:693)
	at java.base/jdk.internal.reflect.NativeMethodAccessorImpl.invoke0(Native Method)
	at java.base/jdk.internal.reflect.NativeMethodAccessorImpl.invoke(NativeMethodAccessorImpl.java:77)
	at java.base/jdk.internal.reflect.DelegatingMethodAccessorImpl.invoke(DelegatingMethodAccessorImpl.java:43)
	at java.base/java.lang.reflect.Method.invoke(Method.java:569)
	at org.junit.platform.commons.util.ReflectionUtils.invokeMethod(ReflectionUtils.java:688)
	at org.junit.jupiter.engine.execution.MethodInvocation.proceed(MethodInvocation.java:60)
	at org.junit.jupiter.engine.execution.InvocationInterceptorChain$ValidatingInvocation.proceed(InvocationInterceptorChain.java:131)
	at org.junit.jupiter.engine.extension.TimeoutExtension.intercept(TimeoutExtension.java:149)
	at org.junit.jupiter.engine.extension.TimeoutExtension.interceptTestableMethod(TimeoutExtension.java:140)
	at org.junit.jupiter.engine.extension.TimeoutExtension.interceptTestTemplateMethod(TimeoutExtension.java:92)
	at org.junit.jupiter.engine.execution.ExecutableInvoker$ReflectiveInterceptorCall.lambda$ofVoidMethod$0(ExecutableInvoker.java:115)
	at org.junit.jupiter.engine.execution.ExecutableInvoker.lambda$invoke$0(ExecutableInvoker.java:105)
	at org.junit.jupiter.engine.execution.InvocationInterceptorChain$InterceptedInvocation.proceed(InvocationInterceptorChain.java:106)
	at org.junit.jupiter.engine.execution.InvocationInterceptorChain.proceed(InvocationInterceptorChain.java:64)
	at org.junit.jupiter.engine.execution.InvocationInterceptorChain.chainAndInvoke(InvocationInterceptorChain.java:45)
	at org.junit.jupiter.engine.execution.InvocationInterceptorChain.invoke(InvocationInterceptorChain.java:37)
	at org.junit.jupiter.engine.execution.ExecutableInvoker.invoke(ExecutableInvoker.java:104)
	at org.junit.jupiter.engine.execution.ExecutableInvoker.invoke(ExecutableInvoker.java:98)
	at org.junit.jupiter.engine.descriptor.TestMethodTestDescriptor.lambda$invokeTestMethod$6(TestMethodTestDescriptor.java:210)
	at org.junit.platform.engine.support.hierarchical.ThrowableCollector.execute(ThrowableCollector.java:73)
	at org.junit.jupiter.engine.descriptor.TestMethodTestDescriptor.invokeTestMethod(TestMethodTestDescriptor.java:206)
	at org.junit.jupiter.engine.descriptor.TestMethodTestDescriptor.execute(TestMethodTestDescriptor.java:131)
	at org.junit.jupiter.engine.descriptor.TestMethodTestDescriptor.execute(TestMethodTestDescriptor.java:65)
	at org.junit.platform.engine.support.hierarchical.NodeTestTask.lambda$executeRecursively$5(NodeTestTask.java:139)
	at org.junit.platform.engine.support.hierarchical.ThrowableCollector.execute(ThrowableCollector.java:73)
	at org.junit.platform.engine.support.hierarchical.NodeTestTask.lambda$executeRecursively$7(NodeTestTask.java:129)
	at org.junit.platform.engine.support.hierarchical.Node.around(Node.java:137)
	at org.junit.platform.engine.support.hierarchical.NodeTestTask.lambda$executeRecursively$8(NodeTestTask.java:127)
	at org.junit.platform.engine.support.hierarchical.ThrowableCollector.execute(ThrowableCollector.java:73)
	at org.junit.platform.engine.support.hierarchical.NodeTestTask.executeRecursively(NodeTestTask.java:126)
	at org.junit.platform.engine.support.hierarchical.NodeTestTask.execute(NodeTestTask.java:84)
	at org.junit.platform.engine.support.hierarchical.SameThreadHierarchicalTestExecutorService.submit(SameThreadHierarchicalTestExecutorService.java:32)
	at org.junit.platform.engine.support.hierarchical.NodeTestTask$DefaultDynamicTestExecutor.execute(NodeTestTask.java:212)
	at org.junit.platform.engine.support.hierarchical.NodeTestTask$DefaultDynamicTestExecutor.execute(NodeTestTask.java:192)
	at org.junit.jupiter.engine.descriptor.TestTemplateTestDescriptor.execute(TestTemplateTestDescriptor.java:139)
	at org.junit.jupiter.engine.descriptor.TestTemplateTestDescriptor.lambda$execute$2(TestTemplateTestDescriptor.java:107)
	at java.base/java.util.stream.ForEachOps$ForEachOp$OfRef.accept(ForEachOps.java:183)
	at java.base/java.util.stream.ReferencePipeline$3$1.accept(ReferencePipeline.java:197)
	at java.base/java.util.stream.ReferencePipeline$2$1.accept(ReferencePipeline.java:179)
	at java.base/java.util.stream.ReferencePipeline$3$1.accept(ReferencePipeline.java:197)
	at java.base/java.util.stream.ForEachOps$ForEachOp$OfRef.accept(ForEachOps.java:183)
	at java.base/java.util.stream.ReferencePipeline$15$1.accept(ReferencePipeline.java:541)
	at java.base/java.util.stream.ReferencePipeline$3$1.accept(ReferencePipeline.java:197)
	at java.base/java.util.stream.ReferencePipeline$3$1.accept(ReferencePipeline.java:197)
	at java.base/java.util.stream.ReferencePipeline$3$1.accept(ReferencePipeline.java:197)
	at java.base/java.util.stream.ForEachOps$ForEachOp$OfRef.accept(ForEachOps.java:183)
	at java.base/java.util.stream.ReferencePipeline$3$1.accept(ReferencePipeline.java:197)
	at java.base/java.util.stream.ForEachOps$ForEachOp$OfRef.accept(ForEachOps.java:183)
	at java.base/java.util.stream.SliceOps$1$1.accept(SliceOps.java:200)
	at java.base/java.util.stream.StreamSpliterators$InfiniteSupplyingSpliterator$OfRef.tryAdvance(StreamSpliterators.java:1358)
	at java.base/java.util.stream.ReferencePipeline.forEachWithCancel(ReferencePipeline.java:129)
	at java.base/java.util.stream.AbstractPipeline.copyIntoWithCancel(AbstractPipeline.java:527)
	at java.base/java.util.stream.AbstractPipeline.copyInto(AbstractPipeline.java:513)
	at java.base/java.util.stream.AbstractPipeline.wrapAndCopyInto(AbstractPipeline.java:499)
	at java.base/java.util.stream.ForEachOps$ForEachOp.evaluateSequential(ForEachOps.java:150)
	at java.base/java.util.stream.ForEachOps$ForEachOp$OfRef.evaluateSequential(ForEachOps.java:173)
	at java.base/java.util.stream.AbstractPipeline.evaluate(AbstractPipeline.java:234)
	at java.base/java.util.stream.ReferencePipeline.forEach(ReferencePipeline.java:596)
	at java.base/java.util.stream.ReferencePipeline$7$1.accept(ReferencePipeline.java:276)
	at java.base/java.util.stream.ReferencePipeline$3$1.accept(ReferencePipeline.java:197)
	at java.base/java.util.stream.ReferencePipeline$3$1.accept(ReferencePipeline.java:197)
	at java.base/java.util.Spliterators$ArraySpliterator.forEachRemaining(Spliterators.java:992)
	at java.base/java.util.stream.AbstractPipeline.copyInto(AbstractPipeline.java:509)
	at java.base/java.util.stream.AbstractPipeline.wrapAndCopyInto(AbstractPipeline.java:499)
	at java.base/java.util.stream.ForEachOps$ForEachOp.evaluateSequential(ForEachOps.java:150)
	at java.base/java.util.stream.ForEachOps$ForEachOp$OfRef.evaluateSequential(ForEachOps.java:173)
	at java.base/java.util.stream.AbstractPipeline.evaluate(AbstractPipeline.java:234)
	at java.base/java.util.stream.ReferencePipeline.forEach(ReferencePipeline.java:596)
	at java.base/java.util.stream.ReferencePipeline$7$1.accept(ReferencePipeline.java:276)
	at java.base/java.util.stream.ReferencePipeline$3$1.accept(ReferencePipeline.java:197)
	at java.base/java.util.stream.ReferencePipeline$3$1.accept(ReferencePipeline.java:197)
	at java.base/java.util.stream.ReferencePipeline$3$1.accept(ReferencePipeline.java:197)
	at java.base/java.util.ArrayList$ArrayListSpliterator.forEachRemaining(ArrayList.java:1625)
	at java.base/java.util.stream.AbstractPipeline.copyInto(AbstractPipeline.java:509)
	at java.base/java.util.stream.AbstractPipeline.wrapAndCopyInto(AbstractPipeline.java:499)
	at java.base/java.util.stream.ForEachOps$ForEachOp.evaluateSequential(ForEachOps.java:150)
	at java.base/java.util.stream.ForEachOps$ForEachOp$OfRef.evaluateSequential(ForEachOps.java:173)
	at java.base/java.util.stream.AbstractPipeline.evaluate(AbstractPipeline.java:234)
	at java.base/java.util.stream.ReferencePipeline.forEach(ReferencePipeline.java:596)
	at java.base/java.util.stream.ReferencePipeline$7$1.accept(ReferencePipeline.java:276)
	at java.base/java.util.ArrayList$ArrayListSpliterator.forEachRemaining(ArrayList.java:1625)
	at java.base/java.util.stream.AbstractPipeline.copyInto(AbstractPipeline.java:509)
	at java.base/java.util.stream.AbstractPipeline.wrapAndCopyInto(AbstractPipeline.java:499)
	at java.base/java.util.stream.ForEachOps$ForEachOp.evaluateSequential(ForEachOps.java:150)
	at java.base/java.util.stream.ForEachOps$ForEachOp$OfRef.evaluateSequential(ForEachOps.java:173)
	at java.base/java.util.stream.AbstractPipeline.evaluate(AbstractPipeline.java:234)
	at java.base/java.util.stream.ReferencePipeline.forEach(ReferencePipeline.java:596)
	at org.junit.jupiter.engine.descriptor.TestTemplateTestDescriptor.execute(TestTemplateTestDescriptor.java:107)
	at org.junit.jupiter.engine.descriptor.TestTemplateTestDescriptor.execute(TestTemplateTestDescriptor.java:42)
	at org.junit.platform.engine.support.hierarchical.NodeTestTask.lambda$executeRecursively$5(NodeTestTask.java:139)
	at org.junit.platform.engine.support.hierarchical.ThrowableCollector.execute(ThrowableCollector.java:73)
	at org.junit.platform.engine.support.hierarchical.NodeTestTask.lambda$executeRecursively$7(NodeTestTask.java:129)
	at org.junit.platform.engine.support.hierarchical.Node.around(Node.java:137)
	at org.junit.platform.engine.support.hierarchical.NodeTestTask.lambda$executeRecursively$8(NodeTestTask.java:127)
	at org.junit.platform.engine.support.hierarchical.ThrowableCollector.execute(ThrowableCollector.java:73)
	at org.junit.platform.engine.support.hierarchical.NodeTestTask.executeRecursively(NodeTestTask.java:126)
	at org.junit.platform.engine.support.hierarchical.NodeTestTask.execute(NodeTestTask.java:84)
	at java.base/java.util.ArrayList.forEach(ArrayList.java:1511)
	at org.junit.platform.engine.support.hierarchical.SameThreadHierarchicalTestExecutorService.invokeAll(SameThreadHierarchicalTestExecutorService.java:38)
	at org.junit.platform.engine.support.hierarchical.NodeTestTask.lambda$executeRecursively$5(NodeTestTask.java:143)
	at org.junit.platform.engine.support.hierarchical.ThrowableCollector.execute(ThrowableCollector.java:73)
	at org.junit.platform.engine.support.hierarchical.NodeTestTask.lambda$executeRecursively$7(NodeTestTask.java:129)
	at org.junit.platform.engine.support.hierarchical.Node.around(Node.java:137)
	at org.junit.platform.engine.support.hierarchical.NodeTestTask.lambda$executeRecursively$8(NodeTestTask.java:127)
	at org.junit.platform.engine.support.hierarchical.ThrowableCollector.execute(ThrowableCollector.java:73)
	at org.junit.platform.engine.support.hierarchical.NodeTestTask.executeRecursively(NodeTestTask.java:126)
	at org.junit.platform.engine.support.hierarchical.NodeTestTask.execute(NodeTestTask.java:84)
	at java.base/java.util.ArrayList.forEach(ArrayList.java:1511)
	at org.junit.platform.engine.support.hierarchical.SameThreadHierarchicalTestExecutorService.invokeAll(SameThreadHierarchicalTestExecutorService.java:38)
	at org.junit.platform.engine.support.hierarchical.NodeTestTask.lambda$executeRecursively$5(NodeTestTask.java:143)
	at org.junit.platform.engine.support.hierarchical.ThrowableCollector.execute(ThrowableCollector.java:73)
	at org.junit.platform.engine.support.hierarchical.NodeTestTask.lambda$executeRecursively$7(NodeTestTask.java:129)
	at org.junit.platform.engine.support.hierarchical.Node.around(Node.java:137)
	at org.junit.platform.engine.support.hierarchical.NodeTestTask.lambda$executeRecursively$8(NodeTestTask.java:127)
	at org.junit.platform.engine.support.hierarchical.ThrowableCollector.execute(ThrowableCollector.java:73)
	at org.junit.platform.engine.support.hierarchical.NodeTestTask.executeRecursively(NodeTestTask.java:126)
	at org.junit.platform.engine.support.hierarchical.NodeTestTask.execute(NodeTestTask.java:84)
	at org.junit.platform.engine.support.hierarchical.SameThreadHierarchicalTestExecutorService.submit(SameThreadHierarchicalTestExecutorService.java:32)
	at org.junit.platform.engine.support.hierarchical.HierarchicalTestExecutor.execute(HierarchicalTestExecutor.java:57)
	at org.junit.platform.engine.support.hierarchical.HierarchicalTestEngine.execute(HierarchicalTestEngine.java:51)
	at org.junit.platform.launcher.core.EngineExecutionOrchestrator.execute(EngineExecutionOrchestrator.java:108)
	at org.junit.platform.launcher.core.EngineExecutionOrchestrator.execute(EngineExecutionOrchestrator.java:88)
	at org.junit.platform.launcher.core.EngineExecutionOrchestrator.lambda$execute$0(EngineExecutionOrchestrator.java:54)
	at org.junit.platform.launcher.core.EngineExecutionOrchestrator.withInterceptedStreams(EngineExecutionOrchestrator.java:67)
	at org.junit.platform.launcher.core.EngineExecutionOrchestrator.execute(EngineExecutionOrchestrator.java:52)
	at org.junit.platform.launcher.core.DefaultLauncher.execute(DefaultLauncher.java:96)
	at org.junit.platform.launcher.core.DefaultLauncher.execute(DefaultLauncher.java:75)
	at org.junit.platform.console.tasks.ConsoleTestExecutor.executeTests(ConsoleTestExecutor.java:66)
	at org.junit.platform.console.tasks.ConsoleTestExecutor.lambda$execute$0(ConsoleTestExecutor.java:58)
	at org.junit.platform.console.tasks.CustomContextClassLoaderExecutor.replaceThreadContextClassLoaderAndInvoke(CustomContextClassLoaderExecutor.java:41)
	at org.junit.platform.console.tasks.CustomContextClassLoaderExecutor.invoke(CustomContextClassLoaderExecutor.java:31)
	at org.junit.platform.console.tasks.ConsoleTestExecutor.execute(ConsoleTestExecutor.java:58)
	at org.junit.platform.console.ConsoleLauncher.executeTests(ConsoleLauncher.java:95)
	at org.junit.platform.console.ConsoleLauncher.execute(ConsoleLauncher.java:73)
	at org.junit.platform.console.ConsoleLauncher.execute(ConsoleLauncher.java:50)
	at org.junit.platform.console.ConsoleLauncher.execute(ConsoleLauncher.java:43)
	at org.junit.platform.console.ConsoleLauncher.main(ConsoleLauncher.java:37)
]]></skipped>
<system-out><![CDATA[
unique-id: [engine:junit-jupiter]/[class:minebayd1.test.TestUser]/[test-template:testbuy(minebayd1.User, minebayd1.User, minebayd1.ClassifiedAd)]/[test-template-invocation:#16]
display-name: [16] Nima a 51 annonces ouvertes, 0 annonces fermées et 1 achats 
, Mounir a 61 annonces ouvertes, 0 annonces fermées et 0 achats 
, L'annonce correspond à Annonce n°191 from Mounir crée le 2024-11-04T21:00:34.620956517Z et correpoond à BOOKS et est à 76euros
]]></system-out>
</testcase>
<testcase name="testbuy(User, User, ClassifiedAd)[17]" classname="minebayd1.test.TestUser" time="0">
<system-out><![CDATA[
unique-id: [engine:junit-jupiter]/[class:minebayd1.test.TestUser]/[test-template:testbuy(minebayd1.User, minebayd1.User, minebayd1.ClassifiedAd)]/[test-template-invocation:#17]
display-name: [17] Mohamed a 47 annonces ouvertes, 0 annonces fermées et 0 achats 
, Ali a 62 annonces ouvertes, 1 annonces fermées et 0 achats 
, L'annonce correspond à Annonce n°636 from Ali crée le 2024-11-04T21:00:34.615937176Z et correpoond à GAMES et est à 94euros
]]></system-out>
</testcase>
<testcase name="testbuy(User, User, ClassifiedAd)[18]" classname="minebayd1.test.TestUser" time="0">
<system-out><![CDATA[
unique-id: [engine:junit-jupiter]/[class:minebayd1.test.TestUser]/[test-template:testbuy(minebayd1.User, minebayd1.User, minebayd1.ClassifiedAd)]/[test-template-invocation:#18]
display-name: [18] Rosa a 43 annonces ouvertes, 1 annonces fermées et 0 achats 
, Ziad a 51 annonces ouvertes, 1 annonces fermées et 0 achats 
, L'annonce correspond à Annonce n°804 from Ziad crée le 2024-11-04T21:00:34.613739894Z et correpoond à CLOTHES et est à 87euros
]]></system-out>
</testcase>
<testcase name="testbuy(User, User, ClassifiedAd)[19]" classname="minebayd1.test.TestUser" time="0">
<system-out><![CDATA[
unique-id: [engine:junit-jupiter]/[class:minebayd1.test.TestUser]/[test-template:testbuy(minebayd1.User, minebayd1.User, minebayd1.ClassifiedAd)]/[test-template-invocation:#19]
display-name: [19] Ziad a 50 annonces ouvertes, 2 annonces fermées et 0 achats 
, Sheraz a 52 annonces ouvertes, 0 annonces fermées et 2 achats 
, L'annonce correspond à Annonce n°106 from Sheraz crée le 2024-11-04T21:00:34.621629746Z et correpoond à CLOTHES et est à 97euros
]]></system-out>
</testcase>
<testcase name="testbuy(User, User, ClassifiedAd)[20]" classname="minebayd1.test.TestUser" time="0">
<system-out><![CDATA[
unique-id: [engine:junit-jupiter]/[class:minebayd1.test.TestUser]/[test-template:testbuy(minebayd1.User, minebayd1.User, minebayd1.ClassifiedAd)]/[test-template-invocation:#20]
display-name: [20] Issa a 73 annonces ouvertes, 0 annonces fermées et 0 achats 
, Idir a 62 annonces ouvertes, 1 annonces fermées et 1 achats 
, L'annonce correspond à Annonce n°994 from Idir crée le 2024-11-04T21:00:34.611104298Z et correpoond à SHOES et est à 40euros
]]></system-out>
</testcase>
<testcase name="testbuy(User, User, ClassifiedAd)[21]" classname="minebayd1.test.TestUser" time="0">
<system-out><![CDATA[
unique-id: [engine:junit-jupiter]/[class:minebayd1.test.TestUser]/[test-template:testbuy(minebayd1.User, minebayd1.User, minebayd1.ClassifiedAd)]/[test-template-invocation:#21]
display-name: [21] Yanis a 65 annonces ouvertes, 0 annonces fermées et 1 achats 
, Mounir a 61 annonces ouvertes, 0 annonces fermées et 0 achats 
, L'annonce correspond à Annonce n°992 from Mounir crée le 2024-11-04T21:00:34.611127726Z et correpoond à GAMES et est à 74euros
]]></system-out>
</testcase>
<testcase name="testbuy(User, User, ClassifiedAd)[22]" classname="minebayd1.test.TestUser" time="0">
<skipped><![CDATA[org.opentest4j.TestAbortedException: Assumption failed: assumption is not true
	at org.junit.jupiter.api.Assumptions.throwTestAbortedException(Assumptions.java:256)
	at org.junit.jupiter.api.Assumptions.assumeTrue(Assumptions.java:115)
	at org.junit.jupiter.api.Assumptions.assumeTrue(Assumptions.java:66)
	at minebayd1.test.TestUser.testbuy(TestUser.java:693)
	at jdk.internal.reflect.GeneratedMethodAccessor4.invoke(Unknown Source)
	at java.base/jdk.internal.reflect.DelegatingMethodAccessorImpl.invoke(DelegatingMethodAccessorImpl.java:43)
	at java.base/java.lang.reflect.Method.invoke(Method.java:569)
	at org.junit.platform.commons.util.ReflectionUtils.invokeMethod(ReflectionUtils.java:688)
	at org.junit.jupiter.engine.execution.MethodInvocation.proceed(MethodInvocation.java:60)
	at org.junit.jupiter.engine.execution.InvocationInterceptorChain$ValidatingInvocation.proceed(InvocationInterceptorChain.java:131)
	at org.junit.jupiter.engine.extension.TimeoutExtension.intercept(TimeoutExtension.java:149)
	at org.junit.jupiter.engine.extension.TimeoutExtension.interceptTestableMethod(TimeoutExtension.java:140)
	at org.junit.jupiter.engine.extension.TimeoutExtension.interceptTestTemplateMethod(TimeoutExtension.java:92)
	at org.junit.jupiter.engine.execution.ExecutableInvoker$ReflectiveInterceptorCall.lambda$ofVoidMethod$0(ExecutableInvoker.java:115)
	at org.junit.jupiter.engine.execution.ExecutableInvoker.lambda$invoke$0(ExecutableInvoker.java:105)
	at org.junit.jupiter.engine.execution.InvocationInterceptorChain$InterceptedInvocation.proceed(InvocationInterceptorChain.java:106)
	at org.junit.jupiter.engine.execution.InvocationInterceptorChain.proceed(InvocationInterceptorChain.java:64)
	at org.junit.jupiter.engine.execution.InvocationInterceptorChain.chainAndInvoke(InvocationInterceptorChain.java:45)
	at org.junit.jupiter.engine.execution.InvocationInterceptorChain.invoke(InvocationInterceptorChain.java:37)
	at org.junit.jupiter.engine.execution.ExecutableInvoker.invoke(ExecutableInvoker.java:104)
	at org.junit.jupiter.engine.execution.ExecutableInvoker.invoke(ExecutableInvoker.java:98)
	at org.junit.jupiter.engine.descriptor.TestMethodTestDescriptor.lambda$invokeTestMethod$6(TestMethodTestDescriptor.java:210)
	at org.junit.platform.engine.support.hierarchical.ThrowableCollector.execute(ThrowableCollector.java:73)
	at org.junit.jupiter.engine.descriptor.TestMethodTestDescriptor.invokeTestMethod(TestMethodTestDescriptor.java:206)
	at org.junit.jupiter.engine.descriptor.TestMethodTestDescriptor.execute(TestMethodTestDescriptor.java:131)
	at org.junit.jupiter.engine.descriptor.TestMethodTestDescriptor.execute(TestMethodTestDescriptor.java:65)
	at org.junit.platform.engine.support.hierarchical.NodeTestTask.lambda$executeRecursively$5(NodeTestTask.java:139)
	at org.junit.platform.engine.support.hierarchical.ThrowableCollector.execute(ThrowableCollector.java:73)
	at org.junit.platform.engine.support.hierarchical.NodeTestTask.lambda$executeRecursively$7(NodeTestTask.java:129)
	at org.junit.platform.engine.support.hierarchical.Node.around(Node.java:137)
	at org.junit.platform.engine.support.hierarchical.NodeTestTask.lambda$executeRecursively$8(NodeTestTask.java:127)
	at org.junit.platform.engine.support.hierarchical.ThrowableCollector.execute(ThrowableCollector.java:73)
	at org.junit.platform.engine.support.hierarchical.NodeTestTask.executeRecursively(NodeTestTask.java:126)
	at org.junit.platform.engine.support.hierarchical.NodeTestTask.execute(NodeTestTask.java:84)
	at org.junit.platform.engine.support.hierarchical.SameThreadHierarchicalTestExecutorService.submit(SameThreadHierarchicalTestExecutorService.java:32)
	at org.junit.platform.engine.support.hierarchical.NodeTestTask$DefaultDynamicTestExecutor.execute(NodeTestTask.java:212)
	at org.junit.platform.engine.support.hierarchical.NodeTestTask$DefaultDynamicTestExecutor.execute(NodeTestTask.java:192)
	at org.junit.jupiter.engine.descriptor.TestTemplateTestDescriptor.execute(TestTemplateTestDescriptor.java:139)
	at org.junit.jupiter.engine.descriptor.TestTemplateTestDescriptor.lambda$execute$2(TestTemplateTestDescriptor.java:107)
	at java.base/java.util.stream.ForEachOps$ForEachOp$OfRef.accept(ForEachOps.java:183)
	at java.base/java.util.stream.ReferencePipeline$3$1.accept(ReferencePipeline.java:197)
	at java.base/java.util.stream.ReferencePipeline$2$1.accept(ReferencePipeline.java:179)
	at java.base/java.util.stream.ReferencePipeline$3$1.accept(ReferencePipeline.java:197)
	at java.base/java.util.stream.ForEachOps$ForEachOp$OfRef.accept(ForEachOps.java:183)
	at java.base/java.util.stream.ReferencePipeline$15$1.accept(ReferencePipeline.java:541)
	at java.base/java.util.stream.ReferencePipeline$3$1.accept(ReferencePipeline.java:197)
	at java.base/java.util.stream.ReferencePipeline$3$1.accept(ReferencePipeline.java:197)
	at java.base/java.util.stream.ReferencePipeline$3$1.accept(ReferencePipeline.java:197)
	at java.base/java.util.stream.ForEachOps$ForEachOp$OfRef.accept(ForEachOps.java:183)
	at java.base/java.util.stream.ReferencePipeline$3$1.accept(ReferencePipeline.java:197)
	at java.base/java.util.stream.ForEachOps$ForEachOp$OfRef.accept(ForEachOps.java:183)
	at java.base/java.util.stream.SliceOps$1$1.accept(SliceOps.java:200)
	at java.base/java.util.stream.StreamSpliterators$InfiniteSupplyingSpliterator$OfRef.tryAdvance(StreamSpliterators.java:1358)
	at java.base/java.util.stream.ReferencePipeline.forEachWithCancel(ReferencePipeline.java:129)
	at java.base/java.util.stream.AbstractPipeline.copyIntoWithCancel(AbstractPipeline.java:527)
	at java.base/java.util.stream.AbstractPipeline.copyInto(AbstractPipeline.java:513)
	at java.base/java.util.stream.AbstractPipeline.wrapAndCopyInto(AbstractPipeline.java:499)
	at java.base/java.util.stream.ForEachOps$ForEachOp.evaluateSequential(ForEachOps.java:150)
	at java.base/java.util.stream.ForEachOps$ForEachOp$OfRef.evaluateSequential(ForEachOps.java:173)
	at java.base/java.util.stream.AbstractPipeline.evaluate(AbstractPipeline.java:234)
	at java.base/java.util.stream.ReferencePipeline.forEach(ReferencePipeline.java:596)
	at java.base/java.util.stream.ReferencePipeline$7$1.accept(ReferencePipeline.java:276)
	at java.base/java.util.stream.ReferencePipeline$3$1.accept(ReferencePipeline.java:197)
	at java.base/java.util.stream.ReferencePipeline$3$1.accept(ReferencePipeline.java:197)
	at java.base/java.util.Spliterators$ArraySpliterator.forEachRemaining(Spliterators.java:992)
	at java.base/java.util.stream.AbstractPipeline.copyInto(AbstractPipeline.java:509)
	at java.base/java.util.stream.AbstractPipeline.wrapAndCopyInto(AbstractPipeline.java:499)
	at java.base/java.util.stream.ForEachOps$ForEachOp.evaluateSequential(ForEachOps.java:150)
	at java.base/java.util.stream.ForEachOps$ForEachOp$OfRef.evaluateSequential(ForEachOps.java:173)
	at java.base/java.util.stream.AbstractPipeline.evaluate(AbstractPipeline.java:234)
	at java.base/java.util.stream.ReferencePipeline.forEach(ReferencePipeline.java:596)
	at java.base/java.util.stream.ReferencePipeline$7$1.accept(ReferencePipeline.java:276)
	at java.base/java.util.stream.ReferencePipeline$3$1.accept(ReferencePipeline.java:197)
	at java.base/java.util.stream.ReferencePipeline$3$1.accept(ReferencePipeline.java:197)
	at java.base/java.util.stream.ReferencePipeline$3$1.accept(ReferencePipeline.java:197)
	at java.base/java.util.ArrayList$ArrayListSpliterator.forEachRemaining(ArrayList.java:1625)
	at java.base/java.util.stream.AbstractPipeline.copyInto(AbstractPipeline.java:509)
	at java.base/java.util.stream.AbstractPipeline.wrapAndCopyInto(AbstractPipeline.java:499)
	at java.base/java.util.stream.ForEachOps$ForEachOp.evaluateSequential(ForEachOps.java:150)
	at java.base/java.util.stream.ForEachOps$ForEachOp$OfRef.evaluateSequential(ForEachOps.java:173)
	at java.base/java.util.stream.AbstractPipeline.evaluate(AbstractPipeline.java:234)
	at java.base/java.util.stream.ReferencePipeline.forEach(ReferencePipeline.java:596)
	at java.base/java.util.stream.ReferencePipeline$7$1.accept(ReferencePipeline.java:276)
	at java.base/java.util.ArrayList$ArrayListSpliterator.forEachRemaining(ArrayList.java:1625)
	at java.base/java.util.stream.AbstractPipeline.copyInto(AbstractPipeline.java:509)
	at java.base/java.util.stream.AbstractPipeline.wrapAndCopyInto(AbstractPipeline.java:499)
	at java.base/java.util.stream.ForEachOps$ForEachOp.evaluateSequential(ForEachOps.java:150)
	at java.base/java.util.stream.ForEachOps$ForEachOp$OfRef.evaluateSequential(ForEachOps.java:173)
	at java.base/java.util.stream.AbstractPipeline.evaluate(AbstractPipeline.java:234)
	at java.base/java.util.stream.ReferencePipeline.forEach(ReferencePipeline.java:596)
	at org.junit.jupiter.engine.descriptor.TestTemplateTestDescriptor.execute(TestTemplateTestDescriptor.java:107)
	at org.junit.jupiter.engine.descriptor.TestTemplateTestDescriptor.execute(TestTemplateTestDescriptor.java:42)
	at org.junit.platform.engine.support.hierarchical.NodeTestTask.lambda$executeRecursively$5(NodeTestTask.java:139)
	at org.junit.platform.engine.support.hierarchical.ThrowableCollector.execute(ThrowableCollector.java:73)
	at org.junit.platform.engine.support.hierarchical.NodeTestTask.lambda$executeRecursively$7(NodeTestTask.java:129)
	at org.junit.platform.engine.support.hierarchical.Node.around(Node.java:137)
	at org.junit.platform.engine.support.hierarchical.NodeTestTask.lambda$executeRecursively$8(NodeTestTask.java:127)
	at org.junit.platform.engine.support.hierarchical.ThrowableCollector.execute(ThrowableCollector.java:73)
	at org.junit.platform.engine.support.hierarchical.NodeTestTask.executeRecursively(NodeTestTask.java:126)
	at org.junit.platform.engine.support.hierarchical.NodeTestTask.execute(NodeTestTask.java:84)
	at java.base/java.util.ArrayList.forEach(ArrayList.java:1511)
	at org.junit.platform.engine.support.hierarchical.SameThreadHierarchicalTestExecutorService.invokeAll(SameThreadHierarchicalTestExecutorService.java:38)
	at org.junit.platform.engine.support.hierarchical.NodeTestTask.lambda$executeRecursively$5(NodeTestTask.java:143)
	at org.junit.platform.engine.support.hierarchical.ThrowableCollector.execute(ThrowableCollector.java:73)
	at org.junit.platform.engine.support.hierarchical.NodeTestTask.lambda$executeRecursively$7(NodeTestTask.java:129)
	at org.junit.platform.engine.support.hierarchical.Node.around(Node.java:137)
	at org.junit.platform.engine.support.hierarchical.NodeTestTask.lambda$executeRecursively$8(NodeTestTask.java:127)
	at org.junit.platform.engine.support.hierarchical.ThrowableCollector.execute(ThrowableCollector.java:73)
	at org.junit.platform.engine.support.hierarchical.NodeTestTask.executeRecursively(NodeTestTask.java:126)
	at org.junit.platform.engine.support.hierarchical.NodeTestTask.execute(NodeTestTask.java:84)
	at java.base/java.util.ArrayList.forEach(ArrayList.java:1511)
	at org.junit.platform.engine.support.hierarchical.SameThreadHierarchicalTestExecutorService.invokeAll(SameThreadHierarchicalTestExecutorService.java:38)
	at org.junit.platform.engine.support.hierarchical.NodeTestTask.lambda$executeRecursively$5(NodeTestTask.java:143)
	at org.junit.platform.engine.support.hierarchical.ThrowableCollector.execute(ThrowableCollector.java:73)
	at org.junit.platform.engine.support.hierarchical.NodeTestTask.lambda$executeRecursively$7(NodeTestTask.java:129)
	at org.junit.platform.engine.support.hierarchical.Node.around(Node.java:137)
	at org.junit.platform.engine.support.hierarchical.NodeTestTask.lambda$executeRecursively$8(NodeTestTask.java:127)
	at org.junit.platform.engine.support.hierarchical.ThrowableCollector.execute(ThrowableCollector.java:73)
	at org.junit.platform.engine.support.hierarchical.NodeTestTask.executeRecursively(NodeTestTask.java:126)
	at org.junit.platform.engine.support.hierarchical.NodeTestTask.execute(NodeTestTask.java:84)
	at org.junit.platform.engine.support.hierarchical.SameThreadHierarchicalTestExecutorService.submit(SameThreadHierarchicalTestExecutorService.java:32)
	at org.junit.platform.engine.support.hierarchical.HierarchicalTestExecutor.execute(HierarchicalTestExecutor.java:57)
	at org.junit.platform.engine.support.hierarchical.HierarchicalTestEngine.execute(HierarchicalTestEngine.java:51)
	at org.junit.platform.launcher.core.EngineExecutionOrchestrator.execute(EngineExecutionOrchestrator.java:108)
	at org.junit.platform.launcher.core.EngineExecutionOrchestrator.execute(EngineExecutionOrchestrator.java:88)
	at org.junit.platform.launcher.core.EngineExecutionOrchestrator.lambda$execute$0(EngineExecutionOrchestrator.java:54)
	at org.junit.platform.launcher.core.EngineExecutionOrchestrator.withInterceptedStreams(EngineExecutionOrchestrator.java:67)
	at org.junit.platform.launcher.core.EngineExecutionOrchestrator.execute(EngineExecutionOrchestrator.java:52)
	at org.junit.platform.launcher.core.DefaultLauncher.execute(DefaultLauncher.java:96)
	at org.junit.platform.launcher.core.DefaultLauncher.execute(DefaultLauncher.java:75)
	at org.junit.platform.console.tasks.ConsoleTestExecutor.executeTests(ConsoleTestExecutor.java:66)
	at org.junit.platform.console.tasks.ConsoleTestExecutor.lambda$execute$0(ConsoleTestExecutor.java:58)
	at org.junit.platform.console.tasks.CustomContextClassLoaderExecutor.replaceThreadContextClassLoaderAndInvoke(CustomContextClassLoaderExecutor.java:41)
	at org.junit.platform.console.tasks.CustomContextClassLoaderExecutor.invoke(CustomContextClassLoaderExecutor.java:31)
	at org.junit.platform.console.tasks.ConsoleTestExecutor.execute(ConsoleTestExecutor.java:58)
	at org.junit.platform.console.ConsoleLauncher.executeTests(ConsoleLauncher.java:95)
	at org.junit.platform.console.ConsoleLauncher.execute(ConsoleLauncher.java:73)
	at org.junit.platform.console.ConsoleLauncher.execute(ConsoleLauncher.java:50)
	at org.junit.platform.console.ConsoleLauncher.execute(ConsoleLauncher.java:43)
	at org.junit.platform.console.ConsoleLauncher.main(ConsoleLauncher.java:37)
]]></skipped>
<system-out><![CDATA[
unique-id: [engine:junit-jupiter]/[class:minebayd1.test.TestUser]/[test-template:testbuy(minebayd1.User, minebayd1.User, minebayd1.ClassifiedAd)]/[test-template-invocation:#22]
display-name: [22] Faycal a 53 annonces ouvertes, 1 annonces fermées et 2 achats 
, Adam a 52 annonces ouvertes, 0 annonces fermées et 0 achats 
, L'annonce correspond à Annonce n°706 from Adam crée le 2024-11-04T21:00:34.615299951Z et correpoond à CLOTHES et est à 88euros
]]></system-out>
</testcase>
<testcase name="testbuy(User, User, ClassifiedAd)[23]" classname="minebayd1.test.TestUser" time="0">
<system-out><![CDATA[
unique-id: [engine:junit-jupiter]/[class:minebayd1.test.TestUser]/[test-template:testbuy(minebayd1.User, minebayd1.User, minebayd1.ClassifiedAd)]/[test-template-invocation:#23]
display-name: [23] Zahra a 42 annonces ouvertes, 0 annonces fermées et 0 achats 
, Rosa a 43 annonces ouvertes, 1 annonces fermées et 1 achats 
, L'annonce correspond à Annonce n°90 from Rosa crée le 2024-11-04T21:00:34.621691072Z et correpoond à GAMES et est à 13euros
]]></system-out>
</testcase>
<testcase name="testbuy(User, User, ClassifiedAd)[24]" classname="minebayd1.test.TestUser" time="0.001">
<skipped><![CDATA[org.opentest4j.TestAbortedException: Assumption failed: assumption is not true
	at org.junit.jupiter.api.Assumptions.throwTestAbortedException(Assumptions.java:256)
	at org.junit.jupiter.api.Assumptions.assumeTrue(Assumptions.java:115)
	at org.junit.jupiter.api.Assumptions.assumeTrue(Assumptions.java:66)
	at minebayd1.test.TestUser.testbuy(TestUser.java:693)
	at jdk.internal.reflect.GeneratedMethodAccessor4.invoke(Unknown Source)
	at java.base/jdk.internal.reflect.DelegatingMethodAccessorImpl.invoke(DelegatingMethodAccessorImpl.java:43)
	at java.base/java.lang.reflect.Method.invoke(Method.java:569)
	at org.junit.platform.commons.util.ReflectionUtils.invokeMethod(ReflectionUtils.java:688)
	at org.junit.jupiter.engine.execution.MethodInvocation.proceed(MethodInvocation.java:60)
	at org.junit.jupiter.engine.execution.InvocationInterceptorChain$ValidatingInvocation.proceed(InvocationInterceptorChain.java:131)
	at org.junit.jupiter.engine.extension.TimeoutExtension.intercept(TimeoutExtension.java:149)
	at org.junit.jupiter.engine.extension.TimeoutExtension.interceptTestableMethod(TimeoutExtension.java:140)
	at org.junit.jupiter.engine.extension.TimeoutExtension.interceptTestTemplateMethod(TimeoutExtension.java:92)
	at org.junit.jupiter.engine.execution.ExecutableInvoker$ReflectiveInterceptorCall.lambda$ofVoidMethod$0(ExecutableInvoker.java:115)
	at org.junit.jupiter.engine.execution.ExecutableInvoker.lambda$invoke$0(ExecutableInvoker.java:105)
	at org.junit.jupiter.engine.execution.InvocationInterceptorChain$InterceptedInvocation.proceed(InvocationInterceptorChain.java:106)
	at org.junit.jupiter.engine.execution.InvocationInterceptorChain.proceed(InvocationInterceptorChain.java:64)
	at org.junit.jupiter.engine.execution.InvocationInterceptorChain.chainAndInvoke(InvocationInterceptorChain.java:45)
	at org.junit.jupiter.engine.execution.InvocationInterceptorChain.invoke(InvocationInterceptorChain.java:37)
	at org.junit.jupiter.engine.execution.ExecutableInvoker.invoke(ExecutableInvoker.java:104)
	at org.junit.jupiter.engine.execution.ExecutableInvoker.invoke(ExecutableInvoker.java:98)
	at org.junit.jupiter.engine.descriptor.TestMethodTestDescriptor.lambda$invokeTestMethod$6(TestMethodTestDescriptor.java:210)
	at org.junit.platform.engine.support.hierarchical.ThrowableCollector.execute(ThrowableCollector.java:73)
	at org.junit.jupiter.engine.descriptor.TestMethodTestDescriptor.invokeTestMethod(TestMethodTestDescriptor.java:206)
	at org.junit.jupiter.engine.descriptor.TestMethodTestDescriptor.execute(TestMethodTestDescriptor.java:131)
	at org.junit.jupiter.engine.descriptor.TestMethodTestDescriptor.execute(TestMethodTestDescriptor.java:65)
	at org.junit.platform.engine.support.hierarchical.NodeTestTask.lambda$executeRecursively$5(NodeTestTask.java:139)
	at org.junit.platform.engine.support.hierarchical.ThrowableCollector.execute(ThrowableCollector.java:73)
	at org.junit.platform.engine.support.hierarchical.NodeTestTask.lambda$executeRecursively$7(NodeTestTask.java:129)
	at org.junit.platform.engine.support.hierarchical.Node.around(Node.java:137)
	at org.junit.platform.engine.support.hierarchical.NodeTestTask.lambda$executeRecursively$8(NodeTestTask.java:127)
	at org.junit.platform.engine.support.hierarchical.ThrowableCollector.execute(ThrowableCollector.java:73)
	at org.junit.platform.engine.support.hierarchical.NodeTestTask.executeRecursively(NodeTestTask.java:126)
	at org.junit.platform.engine.support.hierarchical.NodeTestTask.execute(NodeTestTask.java:84)
	at org.junit.platform.engine.support.hierarchical.SameThreadHierarchicalTestExecutorService.submit(SameThreadHierarchicalTestExecutorService.java:32)
	at org.junit.platform.engine.support.hierarchical.NodeTestTask$DefaultDynamicTestExecutor.execute(NodeTestTask.java:212)
	at org.junit.platform.engine.support.hierarchical.NodeTestTask$DefaultDynamicTestExecutor.execute(NodeTestTask.java:192)
	at org.junit.jupiter.engine.descriptor.TestTemplateTestDescriptor.execute(TestTemplateTestDescriptor.java:139)
	at org.junit.jupiter.engine.descriptor.TestTemplateTestDescriptor.lambda$execute$2(TestTemplateTestDescriptor.java:107)
	at java.base/java.util.stream.ForEachOps$ForEachOp$OfRef.accept(ForEachOps.java:183)
	at java.base/java.util.stream.ReferencePipeline$3$1.accept(ReferencePipeline.java:197)
	at java.base/java.util.stream.ReferencePipeline$2$1.accept(ReferencePipeline.java:179)
	at java.base/java.util.stream.ReferencePipeline$3$1.accept(ReferencePipeline.java:197)
	at java.base/java.util.stream.ForEachOps$ForEachOp$OfRef.accept(ForEachOps.java:183)
	at java.base/java.util.stream.ReferencePipeline$15$1.accept(ReferencePipeline.java:541)
	at java.base/java.util.stream.ReferencePipeline$3$1.accept(ReferencePipeline.java:197)
	at java.base/java.util.stream.ReferencePipeline$3$1.accept(ReferencePipeline.java:197)
	at java.base/java.util.stream.ReferencePipeline$3$1.accept(ReferencePipeline.java:197)
	at java.base/java.util.stream.ForEachOps$ForEachOp$OfRef.accept(ForEachOps.java:183)
	at java.base/java.util.stream.ReferencePipeline$3$1.accept(ReferencePipeline.java:197)
	at java.base/java.util.stream.ForEachOps$ForEachOp$OfRef.accept(ForEachOps.java:183)
	at java.base/java.util.stream.SliceOps$1$1.accept(SliceOps.java:200)
	at java.base/java.util.stream.StreamSpliterators$InfiniteSupplyingSpliterator$OfRef.tryAdvance(StreamSpliterators.java:1358)
	at java.base/java.util.stream.ReferencePipeline.forEachWithCancel(ReferencePipeline.java:129)
	at java.base/java.util.stream.AbstractPipeline.copyIntoWithCancel(AbstractPipeline.java:527)
	at java.base/java.util.stream.AbstractPipeline.copyInto(AbstractPipeline.java:513)
	at java.base/java.util.stream.AbstractPipeline.wrapAndCopyInto(AbstractPipeline.java:499)
	at java.base/java.util.stream.ForEachOps$ForEachOp.evaluateSequential(ForEachOps.java:150)
	at java.base/java.util.stream.ForEachOps$ForEachOp$OfRef.evaluateSequential(ForEachOps.java:173)
	at java.base/java.util.stream.AbstractPipeline.evaluate(AbstractPipeline.java:234)
	at java.base/java.util.stream.ReferencePipeline.forEach(ReferencePipeline.java:596)
	at java.base/java.util.stream.ReferencePipeline$7$1.accept(ReferencePipeline.java:276)
	at java.base/java.util.stream.ReferencePipeline$3$1.accept(ReferencePipeline.java:197)
	at java.base/java.util.stream.ReferencePipeline$3$1.accept(ReferencePipeline.java:197)
	at java.base/java.util.Spliterators$ArraySpliterator.forEachRemaining(Spliterators.java:992)
	at java.base/java.util.stream.AbstractPipeline.copyInto(AbstractPipeline.java:509)
	at java.base/java.util.stream.AbstractPipeline.wrapAndCopyInto(AbstractPipeline.java:499)
	at java.base/java.util.stream.ForEachOps$ForEachOp.evaluateSequential(ForEachOps.java:150)
	at java.base/java.util.stream.ForEachOps$ForEachOp$OfRef.evaluateSequential(ForEachOps.java:173)
	at java.base/java.util.stream.AbstractPipeline.evaluate(AbstractPipeline.java:234)
	at java.base/java.util.stream.ReferencePipeline.forEach(ReferencePipeline.java:596)
	at java.base/java.util.stream.ReferencePipeline$7$1.accept(ReferencePipeline.java:276)
	at java.base/java.util.stream.ReferencePipeline$3$1.accept(ReferencePipeline.java:197)
	at java.base/java.util.stream.ReferencePipeline$3$1.accept(ReferencePipeline.java:197)
	at java.base/java.util.stream.ReferencePipeline$3$1.accept(ReferencePipeline.java:197)
	at java.base/java.util.ArrayList$ArrayListSpliterator.forEachRemaining(ArrayList.java:1625)
	at java.base/java.util.stream.AbstractPipeline.copyInto(AbstractPipeline.java:509)
	at java.base/java.util.stream.AbstractPipeline.wrapAndCopyInto(AbstractPipeline.java:499)
	at java.base/java.util.stream.ForEachOps$ForEachOp.evaluateSequential(ForEachOps.java:150)
	at java.base/java.util.stream.ForEachOps$ForEachOp$OfRef.evaluateSequential(ForEachOps.java:173)
	at java.base/java.util.stream.AbstractPipeline.evaluate(AbstractPipeline.java:234)
	at java.base/java.util.stream.ReferencePipeline.forEach(ReferencePipeline.java:596)
	at java.base/java.util.stream.ReferencePipeline$7$1.accept(ReferencePipeline.java:276)
	at java.base/java.util.ArrayList$ArrayListSpliterator.forEachRemaining(ArrayList.java:1625)
	at java.base/java.util.stream.AbstractPipeline.copyInto(AbstractPipeline.java:509)
	at java.base/java.util.stream.AbstractPipeline.wrapAndCopyInto(AbstractPipeline.java:499)
	at java.base/java.util.stream.ForEachOps$ForEachOp.evaluateSequential(ForEachOps.java:150)
	at java.base/java.util.stream.ForEachOps$ForEachOp$OfRef.evaluateSequential(ForEachOps.java:173)
	at java.base/java.util.stream.AbstractPipeline.evaluate(AbstractPipeline.java:234)
	at java.base/java.util.stream.ReferencePipeline.forEach(ReferencePipeline.java:596)
	at org.junit.jupiter.engine.descriptor.TestTemplateTestDescriptor.execute(TestTemplateTestDescriptor.java:107)
	at org.junit.jupiter.engine.descriptor.TestTemplateTestDescriptor.execute(TestTemplateTestDescriptor.java:42)
	at org.junit.platform.engine.support.hierarchical.NodeTestTask.lambda$executeRecursively$5(NodeTestTask.java:139)
	at org.junit.platform.engine.support.hierarchical.ThrowableCollector.execute(ThrowableCollector.java:73)
	at org.junit.platform.engine.support.hierarchical.NodeTestTask.lambda$executeRecursively$7(NodeTestTask.java:129)
	at org.junit.platform.engine.support.hierarchical.Node.around(Node.java:137)
	at org.junit.platform.engine.support.hierarchical.NodeTestTask.lambda$executeRecursively$8(NodeTestTask.java:127)
	at org.junit.platform.engine.support.hierarchical.ThrowableCollector.execute(ThrowableCollector.java:73)
	at org.junit.platform.engine.support.hierarchical.NodeTestTask.executeRecursively(NodeTestTask.java:126)
	at org.junit.platform.engine.support.hierarchical.NodeTestTask.execute(NodeTestTask.java:84)
	at java.base/java.util.ArrayList.forEach(ArrayList.java:1511)
	at org.junit.platform.engine.support.hierarchical.SameThreadHierarchicalTestExecutorService.invokeAll(SameThreadHierarchicalTestExecutorService.java:38)
	at org.junit.platform.engine.support.hierarchical.NodeTestTask.lambda$executeRecursively$5(NodeTestTask.java:143)
	at org.junit.platform.engine.support.hierarchical.ThrowableCollector.execute(ThrowableCollector.java:73)
	at org.junit.platform.engine.support.hierarchical.NodeTestTask.lambda$executeRecursively$7(NodeTestTask.java:129)
	at org.junit.platform.engine.support.hierarchical.Node.around(Node.java:137)
	at org.junit.platform.engine.support.hierarchical.NodeTestTask.lambda$executeRecursively$8(NodeTestTask.java:127)
	at org.junit.platform.engine.support.hierarchical.ThrowableCollector.execute(ThrowableCollector.java:73)
	at org.junit.platform.engine.support.hierarchical.NodeTestTask.executeRecursively(NodeTestTask.java:126)
	at org.junit.platform.engine.support.hierarchical.NodeTestTask.execute(NodeTestTask.java:84)
	at java.base/java.util.ArrayList.forEach(ArrayList.java:1511)
	at org.junit.platform.engine.support.hierarchical.SameThreadHierarchicalTestExecutorService.invokeAll(SameThreadHierarchicalTestExecutorService.java:38)
	at org.junit.platform.engine.support.hierarchical.NodeTestTask.lambda$executeRecursively$5(NodeTestTask.java:143)
	at org.junit.platform.engine.support.hierarchical.ThrowableCollector.execute(ThrowableCollector.java:73)
	at org.junit.platform.engine.support.hierarchical.NodeTestTask.lambda$executeRecursively$7(NodeTestTask.java:129)
	at org.junit.platform.engine.support.hierarchical.Node.around(Node.java:137)
	at org.junit.platform.engine.support.hierarchical.NodeTestTask.lambda$executeRecursively$8(NodeTestTask.java:127)
	at org.junit.platform.engine.support.hierarchical.ThrowableCollector.execute(ThrowableCollector.java:73)
	at org.junit.platform.engine.support.hierarchical.NodeTestTask.executeRecursively(NodeTestTask.java:126)
	at org.junit.platform.engine.support.hierarchical.NodeTestTask.execute(NodeTestTask.java:84)
	at org.junit.platform.engine.support.hierarchical.SameThreadHierarchicalTestExecutorService.submit(SameThreadHierarchicalTestExecutorService.java:32)
	at org.junit.platform.engine.support.hierarchical.HierarchicalTestExecutor.execute(HierarchicalTestExecutor.java:57)
	at org.junit.platform.engine.support.hierarchical.HierarchicalTestEngine.execute(HierarchicalTestEngine.java:51)
	at org.junit.platform.launcher.core.EngineExecutionOrchestrator.execute(EngineExecutionOrchestrator.java:108)
	at org.junit.platform.launcher.core.EngineExecutionOrchestrator.execute(EngineExecutionOrchestrator.java:88)
	at org.junit.platform.launcher.core.EngineExecutionOrchestrator.lambda$execute$0(EngineExecutionOrchestrator.java:54)
	at org.junit.platform.launcher.core.EngineExecutionOrchestrator.withInterceptedStreams(EngineExecutionOrchestrator.java:67)
	at org.junit.platform.launcher.core.EngineExecutionOrchestrator.execute(EngineExecutionOrchestrator.java:52)
	at org.junit.platform.launcher.core.DefaultLauncher.execute(DefaultLauncher.java:96)
	at org.junit.platform.launcher.core.DefaultLauncher.execute(DefaultLauncher.java:75)
	at org.junit.platform.console.tasks.ConsoleTestExecutor.executeTests(ConsoleTestExecutor.java:66)
	at org.junit.platform.console.tasks.ConsoleTestExecutor.lambda$execute$0(ConsoleTestExecutor.java:58)
	at org.junit.platform.console.tasks.CustomContextClassLoaderExecutor.replaceThreadContextClassLoaderAndInvoke(CustomContextClassLoaderExecutor.java:41)
	at org.junit.platform.console.tasks.CustomContextClassLoaderExecutor.invoke(CustomContextClassLoaderExecutor.java:31)
	at org.junit.platform.console.tasks.ConsoleTestExecutor.execute(ConsoleTestExecutor.java:58)
	at org.junit.platform.console.ConsoleLauncher.executeTests(ConsoleLauncher.java:95)
	at org.junit.platform.console.ConsoleLauncher.execute(ConsoleLauncher.java:73)
	at org.junit.platform.console.ConsoleLauncher.execute(ConsoleLauncher.java:50)
	at org.junit.platform.console.ConsoleLauncher.execute(ConsoleLauncher.java:43)
	at org.junit.platform.console.ConsoleLauncher.main(ConsoleLauncher.java:37)
]]></skipped>
<system-out><![CDATA[
unique-id: [engine:junit-jupiter]/[class:minebayd1.test.TestUser]/[test-template:testbuy(minebayd1.User, minebayd1.User, minebayd1.ClassifiedAd)]/[test-template-invocation:#24]
display-name: [24] Marcel a 66 annonces ouvertes, 1 annonces fermées et 2 achats 
, Mounir a 60 annonces ouvertes, 1 annonces fermées et 0 achats 
, L'annonce correspond à Annonce n°620 from Mounir crée le 2024-11-04T21:00:34.616326072Z et correpoond à BOOKS et est à 97euros
]]></system-out>
</testcase>
<testcase name="testbuy(User, User, ClassifiedAd)[25]" classname="minebayd1.test.TestUser" time="0.001">
<skipped><![CDATA[org.opentest4j.TestAbortedException: Assumption failed: assumption is not true
	at org.junit.jupiter.api.Assumptions.throwTestAbortedException(Assumptions.java:256)
	at org.junit.jupiter.api.Assumptions.assumeTrue(Assumptions.java:115)
	at org.junit.jupiter.api.Assumptions.assumeTrue(Assumptions.java:66)
	at minebayd1.test.TestUser.testbuy(TestUser.java:693)
	at jdk.internal.reflect.GeneratedMethodAccessor4.invoke(Unknown Source)
	at java.base/jdk.internal.reflect.DelegatingMethodAccessorImpl.invoke(DelegatingMethodAccessorImpl.java:43)
	at java.base/java.lang.reflect.Method.invoke(Method.java:569)
	at org.junit.platform.commons.util.ReflectionUtils.invokeMethod(ReflectionUtils.java:688)
	at org.junit.jupiter.engine.execution.MethodInvocation.proceed(MethodInvocation.java:60)
	at org.junit.jupiter.engine.execution.InvocationInterceptorChain$ValidatingInvocation.proceed(InvocationInterceptorChain.java:131)
	at org.junit.jupiter.engine.extension.TimeoutExtension.intercept(TimeoutExtension.java:149)
	at org.junit.jupiter.engine.extension.TimeoutExtension.interceptTestableMethod(TimeoutExtension.java:140)
	at org.junit.jupiter.engine.extension.TimeoutExtension.interceptTestTemplateMethod(TimeoutExtension.java:92)
	at org.junit.jupiter.engine.execution.ExecutableInvoker$ReflectiveInterceptorCall.lambda$ofVoidMethod$0(ExecutableInvoker.java:115)
	at org.junit.jupiter.engine.execution.ExecutableInvoker.lambda$invoke$0(ExecutableInvoker.java:105)
	at org.junit.jupiter.engine.execution.InvocationInterceptorChain$InterceptedInvocation.proceed(InvocationInterceptorChain.java:106)
	at org.junit.jupiter.engine.execution.InvocationInterceptorChain.proceed(InvocationInterceptorChain.java:64)
	at org.junit.jupiter.engine.execution.InvocationInterceptorChain.chainAndInvoke(InvocationInterceptorChain.java:45)
	at org.junit.jupiter.engine.execution.InvocationInterceptorChain.invoke(InvocationInterceptorChain.java:37)
	at org.junit.jupiter.engine.execution.ExecutableInvoker.invoke(ExecutableInvoker.java:104)
	at org.junit.jupiter.engine.execution.ExecutableInvoker.invoke(ExecutableInvoker.java:98)
	at org.junit.jupiter.engine.descriptor.TestMethodTestDescriptor.lambda$invokeTestMethod$6(TestMethodTestDescriptor.java:210)
	at org.junit.platform.engine.support.hierarchical.ThrowableCollector.execute(ThrowableCollector.java:73)
	at org.junit.jupiter.engine.descriptor.TestMethodTestDescriptor.invokeTestMethod(TestMethodTestDescriptor.java:206)
	at org.junit.jupiter.engine.descriptor.TestMethodTestDescriptor.execute(TestMethodTestDescriptor.java:131)
	at org.junit.jupiter.engine.descriptor.TestMethodTestDescriptor.execute(TestMethodTestDescriptor.java:65)
	at org.junit.platform.engine.support.hierarchical.NodeTestTask.lambda$executeRecursively$5(NodeTestTask.java:139)
	at org.junit.platform.engine.support.hierarchical.ThrowableCollector.execute(ThrowableCollector.java:73)
	at org.junit.platform.engine.support.hierarchical.NodeTestTask.lambda$executeRecursively$7(NodeTestTask.java:129)
	at org.junit.platform.engine.support.hierarchical.Node.around(Node.java:137)
	at org.junit.platform.engine.support.hierarchical.NodeTestTask.lambda$executeRecursively$8(NodeTestTask.java:127)
	at org.junit.platform.engine.support.hierarchical.ThrowableCollector.execute(ThrowableCollector.java:73)
	at org.junit.platform.engine.support.hierarchical.NodeTestTask.executeRecursively(NodeTestTask.java:126)
	at org.junit.platform.engine.support.hierarchical.NodeTestTask.execute(NodeTestTask.java:84)
	at org.junit.platform.engine.support.hierarchical.SameThreadHierarchicalTestExecutorService.submit(SameThreadHierarchicalTestExecutorService.java:32)
	at org.junit.platform.engine.support.hierarchical.NodeTestTask$DefaultDynamicTestExecutor.execute(NodeTestTask.java:212)
	at org.junit.platform.engine.support.hierarchical.NodeTestTask$DefaultDynamicTestExecutor.execute(NodeTestTask.java:192)
	at org.junit.jupiter.engine.descriptor.TestTemplateTestDescriptor.execute(TestTemplateTestDescriptor.java:139)
	at org.junit.jupiter.engine.descriptor.TestTemplateTestDescriptor.lambda$execute$2(TestTemplateTestDescriptor.java:107)
	at java.base/java.util.stream.ForEachOps$ForEachOp$OfRef.accept(ForEachOps.java:183)
	at java.base/java.util.stream.ReferencePipeline$3$1.accept(ReferencePipeline.java:197)
	at java.base/java.util.stream.ReferencePipeline$2$1.accept(ReferencePipeline.java:179)
	at java.base/java.util.stream.ReferencePipeline$3$1.accept(ReferencePipeline.java:197)
	at java.base/java.util.stream.ForEachOps$ForEachOp$OfRef.accept(ForEachOps.java:183)
	at java.base/java.util.stream.ReferencePipeline$15$1.accept(ReferencePipeline.java:541)
	at java.base/java.util.stream.ReferencePipeline$3$1.accept(ReferencePipeline.java:197)
	at java.base/java.util.stream.ReferencePipeline$3$1.accept(ReferencePipeline.java:197)
	at java.base/java.util.stream.ReferencePipeline$3$1.accept(ReferencePipeline.java:197)
	at java.base/java.util.stream.ForEachOps$ForEachOp$OfRef.accept(ForEachOps.java:183)
	at java.base/java.util.stream.ReferencePipeline$3$1.accept(ReferencePipeline.java:197)
	at java.base/java.util.stream.ForEachOps$ForEachOp$OfRef.accept(ForEachOps.java:183)
	at java.base/java.util.stream.SliceOps$1$1.accept(SliceOps.java:200)
	at java.base/java.util.stream.StreamSpliterators$InfiniteSupplyingSpliterator$OfRef.tryAdvance(StreamSpliterators.java:1358)
	at java.base/java.util.stream.ReferencePipeline.forEachWithCancel(ReferencePipeline.java:129)
	at java.base/java.util.stream.AbstractPipeline.copyIntoWithCancel(AbstractPipeline.java:527)
	at java.base/java.util.stream.AbstractPipeline.copyInto(AbstractPipeline.java:513)
	at java.base/java.util.stream.AbstractPipeline.wrapAndCopyInto(AbstractPipeline.java:499)
	at java.base/java.util.stream.ForEachOps$ForEachOp.evaluateSequential(ForEachOps.java:150)
	at java.base/java.util.stream.ForEachOps$ForEachOp$OfRef.evaluateSequential(ForEachOps.java:173)
	at java.base/java.util.stream.AbstractPipeline.evaluate(AbstractPipeline.java:234)
	at java.base/java.util.stream.ReferencePipeline.forEach(ReferencePipeline.java:596)
	at java.base/java.util.stream.ReferencePipeline$7$1.accept(ReferencePipeline.java:276)
	at java.base/java.util.stream.ReferencePipeline$3$1.accept(ReferencePipeline.java:197)
	at java.base/java.util.stream.ReferencePipeline$3$1.accept(ReferencePipeline.java:197)
	at java.base/java.util.Spliterators$ArraySpliterator.forEachRemaining(Spliterators.java:992)
	at java.base/java.util.stream.AbstractPipeline.copyInto(AbstractPipeline.java:509)
	at java.base/java.util.stream.AbstractPipeline.wrapAndCopyInto(AbstractPipeline.java:499)
	at java.base/java.util.stream.ForEachOps$ForEachOp.evaluateSequential(ForEachOps.java:150)
	at java.base/java.util.stream.ForEachOps$ForEachOp$OfRef.evaluateSequential(ForEachOps.java:173)
	at java.base/java.util.stream.AbstractPipeline.evaluate(AbstractPipeline.java:234)
	at java.base/java.util.stream.ReferencePipeline.forEach(ReferencePipeline.java:596)
	at java.base/java.util.stream.ReferencePipeline$7$1.accept(ReferencePipeline.java:276)
	at java.base/java.util.stream.ReferencePipeline$3$1.accept(ReferencePipeline.java:197)
	at java.base/java.util.stream.ReferencePipeline$3$1.accept(ReferencePipeline.java:197)
	at java.base/java.util.stream.ReferencePipeline$3$1.accept(ReferencePipeline.java:197)
	at java.base/java.util.ArrayList$ArrayListSpliterator.forEachRemaining(ArrayList.java:1625)
	at java.base/java.util.stream.AbstractPipeline.copyInto(AbstractPipeline.java:509)
	at java.base/java.util.stream.AbstractPipeline.wrapAndCopyInto(AbstractPipeline.java:499)
	at java.base/java.util.stream.ForEachOps$ForEachOp.evaluateSequential(ForEachOps.java:150)
	at java.base/java.util.stream.ForEachOps$ForEachOp$OfRef.evaluateSequential(ForEachOps.java:173)
	at java.base/java.util.stream.AbstractPipeline.evaluate(AbstractPipeline.java:234)
	at java.base/java.util.stream.ReferencePipeline.forEach(ReferencePipeline.java:596)
	at java.base/java.util.stream.ReferencePipeline$7$1.accept(ReferencePipeline.java:276)
	at java.base/java.util.ArrayList$ArrayListSpliterator.forEachRemaining(ArrayList.java:1625)
	at java.base/java.util.stream.AbstractPipeline.copyInto(AbstractPipeline.java:509)
	at java.base/java.util.stream.AbstractPipeline.wrapAndCopyInto(AbstractPipeline.java:499)
	at java.base/java.util.stream.ForEachOps$ForEachOp.evaluateSequential(ForEachOps.java:150)
	at java.base/java.util.stream.ForEachOps$ForEachOp$OfRef.evaluateSequential(ForEachOps.java:173)
	at java.base/java.util.stream.AbstractPipeline.evaluate(AbstractPipeline.java:234)
	at java.base/java.util.stream.ReferencePipeline.forEach(ReferencePipeline.java:596)
	at org.junit.jupiter.engine.descriptor.TestTemplateTestDescriptor.execute(TestTemplateTestDescriptor.java:107)
	at org.junit.jupiter.engine.descriptor.TestTemplateTestDescriptor.execute(TestTemplateTestDescriptor.java:42)
	at org.junit.platform.engine.support.hierarchical.NodeTestTask.lambda$executeRecursively$5(NodeTestTask.java:139)
	at org.junit.platform.engine.support.hierarchical.ThrowableCollector.execute(ThrowableCollector.java:73)
	at org.junit.platform.engine.support.hierarchical.NodeTestTask.lambda$executeRecursively$7(NodeTestTask.java:129)
	at org.junit.platform.engine.support.hierarchical.Node.around(Node.java:137)
	at org.junit.platform.engine.support.hierarchical.NodeTestTask.lambda$executeRecursively$8(NodeTestTask.java:127)
	at org.junit.platform.engine.support.hierarchical.ThrowableCollector.execute(ThrowableCollector.java:73)
	at org.junit.platform.engine.support.hierarchical.NodeTestTask.executeRecursively(NodeTestTask.java:126)
	at org.junit.platform.engine.support.hierarchical.NodeTestTask.execute(NodeTestTask.java:84)
	at java.base/java.util.ArrayList.forEach(ArrayList.java:1511)
	at org.junit.platform.engine.support.hierarchical.SameThreadHierarchicalTestExecutorService.invokeAll(SameThreadHierarchicalTestExecutorService.java:38)
	at org.junit.platform.engine.support.hierarchical.NodeTestTask.lambda$executeRecursively$5(NodeTestTask.java:143)
	at org.junit.platform.engine.support.hierarchical.ThrowableCollector.execute(ThrowableCollector.java:73)
	at org.junit.platform.engine.support.hierarchical.NodeTestTask.lambda$executeRecursively$7(NodeTestTask.java:129)
	at org.junit.platform.engine.support.hierarchical.Node.around(Node.java:137)
	at org.junit.platform.engine.support.hierarchical.NodeTestTask.lambda$executeRecursively$8(NodeTestTask.java:127)
	at org.junit.platform.engine.support.hierarchical.ThrowableCollector.execute(ThrowableCollector.java:73)
	at org.junit.platform.engine.support.hierarchical.NodeTestTask.executeRecursively(NodeTestTask.java:126)
	at org.junit.platform.engine.support.hierarchical.NodeTestTask.execute(NodeTestTask.java:84)
	at java.base/java.util.ArrayList.forEach(ArrayList.java:1511)
	at org.junit.platform.engine.support.hierarchical.SameThreadHierarchicalTestExecutorService.invokeAll(SameThreadHierarchicalTestExecutorService.java:38)
	at org.junit.platform.engine.support.hierarchical.NodeTestTask.lambda$executeRecursively$5(NodeTestTask.java:143)
	at org.junit.platform.engine.support.hierarchical.ThrowableCollector.execute(ThrowableCollector.java:73)
	at org.junit.platform.engine.support.hierarchical.NodeTestTask.lambda$executeRecursively$7(NodeTestTask.java:129)
	at org.junit.platform.engine.support.hierarchical.Node.around(Node.java:137)
	at org.junit.platform.engine.support.hierarchical.NodeTestTask.lambda$executeRecursively$8(NodeTestTask.java:127)
	at org.junit.platform.engine.support.hierarchical.ThrowableCollector.execute(ThrowableCollector.java:73)
	at org.junit.platform.engine.support.hierarchical.NodeTestTask.executeRecursively(NodeTestTask.java:126)
	at org.junit.platform.engine.support.hierarchical.NodeTestTask.execute(NodeTestTask.java:84)
	at org.junit.platform.engine.support.hierarchical.SameThreadHierarchicalTestExecutorService.submit(SameThreadHierarchicalTestExecutorService.java:32)
	at org.junit.platform.engine.support.hierarchical.HierarchicalTestExecutor.execute(HierarchicalTestExecutor.java:57)
	at org.junit.platform.engine.support.hierarchical.HierarchicalTestEngine.execute(HierarchicalTestEngine.java:51)
	at org.junit.platform.launcher.core.EngineExecutionOrchestrator.execute(EngineExecutionOrchestrator.java:108)
	at org.junit.platform.launcher.core.EngineExecutionOrchestrator.execute(EngineExecutionOrchestrator.java:88)
	at org.junit.platform.launcher.core.EngineExecutionOrchestrator.lambda$execute$0(EngineExecutionOrchestrator.java:54)
	at org.junit.platform.launcher.core.EngineExecutionOrchestrator.withInterceptedStreams(EngineExecutionOrchestrator.java:67)
	at org.junit.platform.launcher.core.EngineExecutionOrchestrator.execute(EngineExecutionOrchestrator.java:52)
	at org.junit.platform.launcher.core.DefaultLauncher.execute(DefaultLauncher.java:96)
	at org.junit.platform.launcher.core.DefaultLauncher.execute(DefaultLauncher.java:75)
	at org.junit.platform.console.tasks.ConsoleTestExecutor.executeTests(ConsoleTestExecutor.java:66)
	at org.junit.platform.console.tasks.ConsoleTestExecutor.lambda$execute$0(ConsoleTestExecutor.java:58)
	at org.junit.platform.console.tasks.CustomContextClassLoaderExecutor.replaceThreadContextClassLoaderAndInvoke(CustomContextClassLoaderExecutor.java:41)
	at org.junit.platform.console.tasks.CustomContextClassLoaderExecutor.invoke(CustomContextClassLoaderExecutor.java:31)
	at org.junit.platform.console.tasks.ConsoleTestExecutor.execute(ConsoleTestExecutor.java:58)
	at org.junit.platform.console.ConsoleLauncher.executeTests(ConsoleLauncher.java:95)
	at org.junit.platform.console.ConsoleLauncher.execute(ConsoleLauncher.java:73)
	at org.junit.platform.console.ConsoleLauncher.execute(ConsoleLauncher.java:50)
	at org.junit.platform.console.ConsoleLauncher.execute(ConsoleLauncher.java:43)
	at org.junit.platform.console.ConsoleLauncher.main(ConsoleLauncher.java:37)
]]></skipped>
<system-out><![CDATA[
unique-id: [engine:junit-jupiter]/[class:minebayd1.test.TestUser]/[test-template:testbuy(minebayd1.User, minebayd1.User, minebayd1.ClassifiedAd)]/[test-template-invocation:#25]
display-name: [25] Nima a 51 annonces ouvertes, 0 annonces fermées et 1 achats 
, Sonia a 48 annonces ouvertes, 1 annonces fermées et 0 achats 
, L'annonce correspond à Annonce n°1141 from Sonia crée le 2024-11-04T21:00:34.609590497Z et correpoond à SHOES et est à 55euros
]]></system-out>
</testcase>
<testcase name="testbuy(User, User, ClassifiedAd)[26]" classname="minebayd1.test.TestUser" time="0">
<system-out><![CDATA[
unique-id: [engine:junit-jupiter]/[class:minebayd1.test.TestUser]/[test-template:testbuy(minebayd1.User, minebayd1.User, minebayd1.ClassifiedAd)]/[test-template-invocation:#26]
display-name: [26] Boris a 65 annonces ouvertes, 0 annonces fermées et 1 achats 
, Ali a 61 annonces ouvertes, 2 annonces fermées et 0 achats 
, L'annonce correspond à Annonce n°898 from Ali crée le 2024-11-04T21:00:34.612340866Z et correpoond à COMPUTERS et est à 32euros
]]></system-out>
</testcase>
<testcase name="testbuy(User, User, ClassifiedAd)[27]" classname="minebayd1.test.TestUser" time="0">
<skipped><![CDATA[org.opentest4j.TestAbortedException: Assumption failed: assumption is not true
	at org.junit.jupiter.api.Assumptions.throwTestAbortedException(Assumptions.java:256)
	at org.junit.jupiter.api.Assumptions.assumeTrue(Assumptions.java:115)
	at org.junit.jupiter.api.Assumptions.assumeTrue(Assumptions.java:66)
	at minebayd1.test.TestUser.testbuy(TestUser.java:693)
	at jdk.internal.reflect.GeneratedMethodAccessor4.invoke(Unknown Source)
	at java.base/jdk.internal.reflect.DelegatingMethodAccessorImpl.invoke(DelegatingMethodAccessorImpl.java:43)
	at java.base/java.lang.reflect.Method.invoke(Method.java:569)
	at org.junit.platform.commons.util.ReflectionUtils.invokeMethod(ReflectionUtils.java:688)
	at org.junit.jupiter.engine.execution.MethodInvocation.proceed(MethodInvocation.java:60)
	at org.junit.jupiter.engine.execution.InvocationInterceptorChain$ValidatingInvocation.proceed(InvocationInterceptorChain.java:131)
	at org.junit.jupiter.engine.extension.TimeoutExtension.intercept(TimeoutExtension.java:149)
	at org.junit.jupiter.engine.extension.TimeoutExtension.interceptTestableMethod(TimeoutExtension.java:140)
	at org.junit.jupiter.engine.extension.TimeoutExtension.interceptTestTemplateMethod(TimeoutExtension.java:92)
	at org.junit.jupiter.engine.execution.ExecutableInvoker$ReflectiveInterceptorCall.lambda$ofVoidMethod$0(ExecutableInvoker.java:115)
	at org.junit.jupiter.engine.execution.ExecutableInvoker.lambda$invoke$0(ExecutableInvoker.java:105)
	at org.junit.jupiter.engine.execution.InvocationInterceptorChain$InterceptedInvocation.proceed(InvocationInterceptorChain.java:106)
	at org.junit.jupiter.engine.execution.InvocationInterceptorChain.proceed(InvocationInterceptorChain.java:64)
	at org.junit.jupiter.engine.execution.InvocationInterceptorChain.chainAndInvoke(InvocationInterceptorChain.java:45)
	at org.junit.jupiter.engine.execution.InvocationInterceptorChain.invoke(InvocationInterceptorChain.java:37)
	at org.junit.jupiter.engine.execution.ExecutableInvoker.invoke(ExecutableInvoker.java:104)
	at org.junit.jupiter.engine.execution.ExecutableInvoker.invoke(ExecutableInvoker.java:98)
	at org.junit.jupiter.engine.descriptor.TestMethodTestDescriptor.lambda$invokeTestMethod$6(TestMethodTestDescriptor.java:210)
	at org.junit.platform.engine.support.hierarchical.ThrowableCollector.execute(ThrowableCollector.java:73)
	at org.junit.jupiter.engine.descriptor.TestMethodTestDescriptor.invokeTestMethod(TestMethodTestDescriptor.java:206)
	at org.junit.jupiter.engine.descriptor.TestMethodTestDescriptor.execute(TestMethodTestDescriptor.java:131)
	at org.junit.jupiter.engine.descriptor.TestMethodTestDescriptor.execute(TestMethodTestDescriptor.java:65)
	at org.junit.platform.engine.support.hierarchical.NodeTestTask.lambda$executeRecursively$5(NodeTestTask.java:139)
	at org.junit.platform.engine.support.hierarchical.ThrowableCollector.execute(ThrowableCollector.java:73)
	at org.junit.platform.engine.support.hierarchical.NodeTestTask.lambda$executeRecursively$7(NodeTestTask.java:129)
	at org.junit.platform.engine.support.hierarchical.Node.around(Node.java:137)
	at org.junit.platform.engine.support.hierarchical.NodeTestTask.lambda$executeRecursively$8(NodeTestTask.java:127)
	at org.junit.platform.engine.support.hierarchical.ThrowableCollector.execute(ThrowableCollector.java:73)
	at org.junit.platform.engine.support.hierarchical.NodeTestTask.executeRecursively(NodeTestTask.java:126)
	at org.junit.platform.engine.support.hierarchical.NodeTestTask.execute(NodeTestTask.java:84)
	at org.junit.platform.engine.support.hierarchical.SameThreadHierarchicalTestExecutorService.submit(SameThreadHierarchicalTestExecutorService.java:32)
	at org.junit.platform.engine.support.hierarchical.NodeTestTask$DefaultDynamicTestExecutor.execute(NodeTestTask.java:212)
	at org.junit.platform.engine.support.hierarchical.NodeTestTask$DefaultDynamicTestExecutor.execute(NodeTestTask.java:192)
	at org.junit.jupiter.engine.descriptor.TestTemplateTestDescriptor.execute(TestTemplateTestDescriptor.java:139)
	at org.junit.jupiter.engine.descriptor.TestTemplateTestDescriptor.lambda$execute$2(TestTemplateTestDescriptor.java:107)
	at java.base/java.util.stream.ForEachOps$ForEachOp$OfRef.accept(ForEachOps.java:183)
	at java.base/java.util.stream.ReferencePipeline$3$1.accept(ReferencePipeline.java:197)
	at java.base/java.util.stream.ReferencePipeline$2$1.accept(ReferencePipeline.java:179)
	at java.base/java.util.stream.ReferencePipeline$3$1.accept(ReferencePipeline.java:197)
	at java.base/java.util.stream.ForEachOps$ForEachOp$OfRef.accept(ForEachOps.java:183)
	at java.base/java.util.stream.ReferencePipeline$15$1.accept(ReferencePipeline.java:541)
	at java.base/java.util.stream.ReferencePipeline$3$1.accept(ReferencePipeline.java:197)
	at java.base/java.util.stream.ReferencePipeline$3$1.accept(ReferencePipeline.java:197)
	at java.base/java.util.stream.ReferencePipeline$3$1.accept(ReferencePipeline.java:197)
	at java.base/java.util.stream.ForEachOps$ForEachOp$OfRef.accept(ForEachOps.java:183)
	at java.base/java.util.stream.ReferencePipeline$3$1.accept(ReferencePipeline.java:197)
	at java.base/java.util.stream.ForEachOps$ForEachOp$OfRef.accept(ForEachOps.java:183)
	at java.base/java.util.stream.SliceOps$1$1.accept(SliceOps.java:200)
	at java.base/java.util.stream.StreamSpliterators$InfiniteSupplyingSpliterator$OfRef.tryAdvance(StreamSpliterators.java:1358)
	at java.base/java.util.stream.ReferencePipeline.forEachWithCancel(ReferencePipeline.java:129)
	at java.base/java.util.stream.AbstractPipeline.copyIntoWithCancel(AbstractPipeline.java:527)
	at java.base/java.util.stream.AbstractPipeline.copyInto(AbstractPipeline.java:513)
	at java.base/java.util.stream.AbstractPipeline.wrapAndCopyInto(AbstractPipeline.java:499)
	at java.base/java.util.stream.ForEachOps$ForEachOp.evaluateSequential(ForEachOps.java:150)
	at java.base/java.util.stream.ForEachOps$ForEachOp$OfRef.evaluateSequential(ForEachOps.java:173)
	at java.base/java.util.stream.AbstractPipeline.evaluate(AbstractPipeline.java:234)
	at java.base/java.util.stream.ReferencePipeline.forEach(ReferencePipeline.java:596)
	at java.base/java.util.stream.ReferencePipeline$7$1.accept(ReferencePipeline.java:276)
	at java.base/java.util.stream.ReferencePipeline$3$1.accept(ReferencePipeline.java:197)
	at java.base/java.util.stream.ReferencePipeline$3$1.accept(ReferencePipeline.java:197)
	at java.base/java.util.Spliterators$ArraySpliterator.forEachRemaining(Spliterators.java:992)
	at java.base/java.util.stream.AbstractPipeline.copyInto(AbstractPipeline.java:509)
	at java.base/java.util.stream.AbstractPipeline.wrapAndCopyInto(AbstractPipeline.java:499)
	at java.base/java.util.stream.ForEachOps$ForEachOp.evaluateSequential(ForEachOps.java:150)
	at java.base/java.util.stream.ForEachOps$ForEachOp$OfRef.evaluateSequential(ForEachOps.java:173)
	at java.base/java.util.stream.AbstractPipeline.evaluate(AbstractPipeline.java:234)
	at java.base/java.util.stream.ReferencePipeline.forEach(ReferencePipeline.java:596)
	at java.base/java.util.stream.ReferencePipeline$7$1.accept(ReferencePipeline.java:276)
	at java.base/java.util.stream.ReferencePipeline$3$1.accept(ReferencePipeline.java:197)
	at java.base/java.util.stream.ReferencePipeline$3$1.accept(ReferencePipeline.java:197)
	at java.base/java.util.stream.ReferencePipeline$3$1.accept(ReferencePipeline.java:197)
	at java.base/java.util.ArrayList$ArrayListSpliterator.forEachRemaining(ArrayList.java:1625)
	at java.base/java.util.stream.AbstractPipeline.copyInto(AbstractPipeline.java:509)
	at java.base/java.util.stream.AbstractPipeline.wrapAndCopyInto(AbstractPipeline.java:499)
	at java.base/java.util.stream.ForEachOps$ForEachOp.evaluateSequential(ForEachOps.java:150)
	at java.base/java.util.stream.ForEachOps$ForEachOp$OfRef.evaluateSequential(ForEachOps.java:173)
	at java.base/java.util.stream.AbstractPipeline.evaluate(AbstractPipeline.java:234)
	at java.base/java.util.stream.ReferencePipeline.forEach(ReferencePipeline.java:596)
	at java.base/java.util.stream.ReferencePipeline$7$1.accept(ReferencePipeline.java:276)
	at java.base/java.util.ArrayList$ArrayListSpliterator.forEachRemaining(ArrayList.java:1625)
	at java.base/java.util.stream.AbstractPipeline.copyInto(AbstractPipeline.java:509)
	at java.base/java.util.stream.AbstractPipeline.wrapAndCopyInto(AbstractPipeline.java:499)
	at java.base/java.util.stream.ForEachOps$ForEachOp.evaluateSequential(ForEachOps.java:150)
	at java.base/java.util.stream.ForEachOps$ForEachOp$OfRef.evaluateSequential(ForEachOps.java:173)
	at java.base/java.util.stream.AbstractPipeline.evaluate(AbstractPipeline.java:234)
	at java.base/java.util.stream.ReferencePipeline.forEach(ReferencePipeline.java:596)
	at org.junit.jupiter.engine.descriptor.TestTemplateTestDescriptor.execute(TestTemplateTestDescriptor.java:107)
	at org.junit.jupiter.engine.descriptor.TestTemplateTestDescriptor.execute(TestTemplateTestDescriptor.java:42)
	at org.junit.platform.engine.support.hierarchical.NodeTestTask.lambda$executeRecursively$5(NodeTestTask.java:139)
	at org.junit.platform.engine.support.hierarchical.ThrowableCollector.execute(ThrowableCollector.java:73)
	at org.junit.platform.engine.support.hierarchical.NodeTestTask.lambda$executeRecursively$7(NodeTestTask.java:129)
	at org.junit.platform.engine.support.hierarchical.Node.around(Node.java:137)
	at org.junit.platform.engine.support.hierarchical.NodeTestTask.lambda$executeRecursively$8(NodeTestTask.java:127)
	at org.junit.platform.engine.support.hierarchical.ThrowableCollector.execute(ThrowableCollector.java:73)
	at org.junit.platform.engine.support.hierarchical.NodeTestTask.executeRecursively(NodeTestTask.java:126)
	at org.junit.platform.engine.support.hierarchical.NodeTestTask.execute(NodeTestTask.java:84)
	at java.base/java.util.ArrayList.forEach(ArrayList.java:1511)
	at org.junit.platform.engine.support.hierarchical.SameThreadHierarchicalTestExecutorService.invokeAll(SameThreadHierarchicalTestExecutorService.java:38)
	at org.junit.platform.engine.support.hierarchical.NodeTestTask.lambda$executeRecursively$5(NodeTestTask.java:143)
	at org.junit.platform.engine.support.hierarchical.ThrowableCollector.execute(ThrowableCollector.java:73)
	at org.junit.platform.engine.support.hierarchical.NodeTestTask.lambda$executeRecursively$7(NodeTestTask.java:129)
	at org.junit.platform.engine.support.hierarchical.Node.around(Node.java:137)
	at org.junit.platform.engine.support.hierarchical.NodeTestTask.lambda$executeRecursively$8(NodeTestTask.java:127)
	at org.junit.platform.engine.support.hierarchical.ThrowableCollector.execute(ThrowableCollector.java:73)
	at org.junit.platform.engine.support.hierarchical.NodeTestTask.executeRecursively(NodeTestTask.java:126)
	at org.junit.platform.engine.support.hierarchical.NodeTestTask.execute(NodeTestTask.java:84)
	at java.base/java.util.ArrayList.forEach(ArrayList.java:1511)
	at org.junit.platform.engine.support.hierarchical.SameThreadHierarchicalTestExecutorService.invokeAll(SameThreadHierarchicalTestExecutorService.java:38)
	at org.junit.platform.engine.support.hierarchical.NodeTestTask.lambda$executeRecursively$5(NodeTestTask.java:143)
	at org.junit.platform.engine.support.hierarchical.ThrowableCollector.execute(ThrowableCollector.java:73)
	at org.junit.platform.engine.support.hierarchical.NodeTestTask.lambda$executeRecursively$7(NodeTestTask.java:129)
	at org.junit.platform.engine.support.hierarchical.Node.around(Node.java:137)
	at org.junit.platform.engine.support.hierarchical.NodeTestTask.lambda$executeRecursively$8(NodeTestTask.java:127)
	at org.junit.platform.engine.support.hierarchical.ThrowableCollector.execute(ThrowableCollector.java:73)
	at org.junit.platform.engine.support.hierarchical.NodeTestTask.executeRecursively(NodeTestTask.java:126)
	at org.junit.platform.engine.support.hierarchical.NodeTestTask.execute(NodeTestTask.java:84)
	at org.junit.platform.engine.support.hierarchical.SameThreadHierarchicalTestExecutorService.submit(SameThreadHierarchicalTestExecutorService.java:32)
	at org.junit.platform.engine.support.hierarchical.HierarchicalTestExecutor.execute(HierarchicalTestExecutor.java:57)
	at org.junit.platform.engine.support.hierarchical.HierarchicalTestEngine.execute(HierarchicalTestEngine.java:51)
	at org.junit.platform.launcher.core.EngineExecutionOrchestrator.execute(EngineExecutionOrchestrator.java:108)
	at org.junit.platform.launcher.core.EngineExecutionOrchestrator.execute(EngineExecutionOrchestrator.java:88)
	at org.junit.platform.launcher.core.EngineExecutionOrchestrator.lambda$execute$0(EngineExecutionOrchestrator.java:54)
	at org.junit.platform.launcher.core.EngineExecutionOrchestrator.withInterceptedStreams(EngineExecutionOrchestrator.java:67)
	at org.junit.platform.launcher.core.EngineExecutionOrchestrator.execute(EngineExecutionOrchestrator.java:52)
	at org.junit.platform.launcher.core.DefaultLauncher.execute(DefaultLauncher.java:96)
	at org.junit.platform.launcher.core.DefaultLauncher.execute(DefaultLauncher.java:75)
	at org.junit.platform.console.tasks.ConsoleTestExecutor.executeTests(ConsoleTestExecutor.java:66)
	at org.junit.platform.console.tasks.ConsoleTestExecutor.lambda$execute$0(ConsoleTestExecutor.java:58)
	at org.junit.platform.console.tasks.CustomContextClassLoaderExecutor.replaceThreadContextClassLoaderAndInvoke(CustomContextClassLoaderExecutor.java:41)
	at org.junit.platform.console.tasks.CustomContextClassLoaderExecutor.invoke(CustomContextClassLoaderExecutor.java:31)
	at org.junit.platform.console.tasks.ConsoleTestExecutor.execute(ConsoleTestExecutor.java:58)
	at org.junit.platform.console.ConsoleLauncher.executeTests(ConsoleLauncher.java:95)
	at org.junit.platform.console.ConsoleLauncher.execute(ConsoleLauncher.java:73)
	at org.junit.platform.console.ConsoleLauncher.execute(ConsoleLauncher.java:50)
	at org.junit.platform.console.ConsoleLauncher.execute(ConsoleLauncher.java:43)
	at org.junit.platform.console.ConsoleLauncher.main(ConsoleLauncher.java:37)
]]></skipped>
<system-out><![CDATA[
unique-id: [engine:junit-jupiter]/[class:minebayd1.test.TestUser]/[test-template:testbuy(minebayd1.User, minebayd1.User, minebayd1.ClassifiedAd)]/[test-template-invocation:#27]
display-name: [27] Mohamed a 47 annonces ouvertes, 0 annonces fermées et 1 achats 
, Rosa a 42 annonces ouvertes, 2 annonces fermées et 1 achats 
, L'annonce correspond à Annonce n°320 from Rosa crée le 2024-11-04T21:00:34.619713134Z et correpoond à GAMES et est à 62euros
]]></system-out>
</testcase>
<testcase name="testbuy(User, User, ClassifiedAd)[28]" classname="minebayd1.test.TestUser" time="0">
<system-out><![CDATA[
unique-id: [engine:junit-jupiter]/[class:minebayd1.test.TestUser]/[test-template:testbuy(minebayd1.User, minebayd1.User, minebayd1.ClassifiedAd)]/[test-template-invocation:#28]
display-name: [28] Ziad a 50 annonces ouvertes, 2 annonces fermées et 1 achats 
, Aliou a 53 annonces ouvertes, 0 annonces fermées et 1 achats 
, L'annonce correspond à Annonce n°583 from Aliou crée le 2024-11-04T21:00:34.616848750Z et correpoond à COMPUTERS et est à 19euros
]]></system-out>
</testcase>
<testcase name="testbuy(User, User, ClassifiedAd)[29]" classname="minebayd1.test.TestUser" time="0">
<system-out><![CDATA[
unique-id: [engine:junit-jupiter]/[class:minebayd1.test.TestUser]/[test-template:testbuy(minebayd1.User, minebayd1.User, minebayd1.ClassifiedAd)]/[test-template-invocation:#29]
display-name: [29] Sonia a 48 annonces ouvertes, 1 annonces fermées et 0 achats 
, Boris a 65 annonces ouvertes, 0 annonces fermées et 2 achats 
, L'annonce correspond à Annonce n°1345 from Boris crée le 2024-11-04T21:00:34.607989616Z et correpoond à CLOTHES et est à 31euros
]]></system-out>
</testcase>
<testcase name="testbuy(User, User, ClassifiedAd)[30]" classname="minebayd1.test.TestUser" time="0">
<skipped><![CDATA[org.opentest4j.TestAbortedException: Assumption failed: assumption is not true
	at org.junit.jupiter.api.Assumptions.throwTestAbortedException(Assumptions.java:256)
	at org.junit.jupiter.api.Assumptions.assumeTrue(Assumptions.java:115)
	at org.junit.jupiter.api.Assumptions.assumeTrue(Assumptions.java:66)
	at minebayd1.test.TestUser.testbuy(TestUser.java:693)
	at jdk.internal.reflect.GeneratedMethodAccessor4.invoke(Unknown Source)
	at java.base/jdk.internal.reflect.DelegatingMethodAccessorImpl.invoke(DelegatingMethodAccessorImpl.java:43)
	at java.base/java.lang.reflect.Method.invoke(Method.java:569)
	at org.junit.platform.commons.util.ReflectionUtils.invokeMethod(ReflectionUtils.java:688)
	at org.junit.jupiter.engine.execution.MethodInvocation.proceed(MethodInvocation.java:60)
	at org.junit.jupiter.engine.execution.InvocationInterceptorChain$ValidatingInvocation.proceed(InvocationInterceptorChain.java:131)
	at org.junit.jupiter.engine.extension.TimeoutExtension.intercept(TimeoutExtension.java:149)
	at org.junit.jupiter.engine.extension.TimeoutExtension.interceptTestableMethod(TimeoutExtension.java:140)
	at org.junit.jupiter.engine.extension.TimeoutExtension.interceptTestTemplateMethod(TimeoutExtension.java:92)
	at org.junit.jupiter.engine.execution.ExecutableInvoker$ReflectiveInterceptorCall.lambda$ofVoidMethod$0(ExecutableInvoker.java:115)
	at org.junit.jupiter.engine.execution.ExecutableInvoker.lambda$invoke$0(ExecutableInvoker.java:105)
	at org.junit.jupiter.engine.execution.InvocationInterceptorChain$InterceptedInvocation.proceed(InvocationInterceptorChain.java:106)
	at org.junit.jupiter.engine.execution.InvocationInterceptorChain.proceed(InvocationInterceptorChain.java:64)
	at org.junit.jupiter.engine.execution.InvocationInterceptorChain.chainAndInvoke(InvocationInterceptorChain.java:45)
	at org.junit.jupiter.engine.execution.InvocationInterceptorChain.invoke(InvocationInterceptorChain.java:37)
	at org.junit.jupiter.engine.execution.ExecutableInvoker.invoke(ExecutableInvoker.java:104)
	at org.junit.jupiter.engine.execution.ExecutableInvoker.invoke(ExecutableInvoker.java:98)
	at org.junit.jupiter.engine.descriptor.TestMethodTestDescriptor.lambda$invokeTestMethod$6(TestMethodTestDescriptor.java:210)
	at org.junit.platform.engine.support.hierarchical.ThrowableCollector.execute(ThrowableCollector.java:73)
	at org.junit.jupiter.engine.descriptor.TestMethodTestDescriptor.invokeTestMethod(TestMethodTestDescriptor.java:206)
	at org.junit.jupiter.engine.descriptor.TestMethodTestDescriptor.execute(TestMethodTestDescriptor.java:131)
	at org.junit.jupiter.engine.descriptor.TestMethodTestDescriptor.execute(TestMethodTestDescriptor.java:65)
	at org.junit.platform.engine.support.hierarchical.NodeTestTask.lambda$executeRecursively$5(NodeTestTask.java:139)
	at org.junit.platform.engine.support.hierarchical.ThrowableCollector.execute(ThrowableCollector.java:73)
	at org.junit.platform.engine.support.hierarchical.NodeTestTask.lambda$executeRecursively$7(NodeTestTask.java:129)
	at org.junit.platform.engine.support.hierarchical.Node.around(Node.java:137)
	at org.junit.platform.engine.support.hierarchical.NodeTestTask.lambda$executeRecursively$8(NodeTestTask.java:127)
	at org.junit.platform.engine.support.hierarchical.ThrowableCollector.execute(ThrowableCollector.java:73)
	at org.junit.platform.engine.support.hierarchical.NodeTestTask.executeRecursively(NodeTestTask.java:126)
	at org.junit.platform.engine.support.hierarchical.NodeTestTask.execute(NodeTestTask.java:84)
	at org.junit.platform.engine.support.hierarchical.SameThreadHierarchicalTestExecutorService.submit(SameThreadHierarchicalTestExecutorService.java:32)
	at org.junit.platform.engine.support.hierarchical.NodeTestTask$DefaultDynamicTestExecutor.execute(NodeTestTask.java:212)
	at org.junit.platform.engine.support.hierarchical.NodeTestTask$DefaultDynamicTestExecutor.execute(NodeTestTask.java:192)
	at org.junit.jupiter.engine.descriptor.TestTemplateTestDescriptor.execute(TestTemplateTestDescriptor.java:139)
	at org.junit.jupiter.engine.descriptor.TestTemplateTestDescriptor.lambda$execute$2(TestTemplateTestDescriptor.java:107)
	at java.base/java.util.stream.ForEachOps$ForEachOp$OfRef.accept(ForEachOps.java:183)
	at java.base/java.util.stream.ReferencePipeline$3$1.accept(ReferencePipeline.java:197)
	at java.base/java.util.stream.ReferencePipeline$2$1.accept(ReferencePipeline.java:179)
	at java.base/java.util.stream.ReferencePipeline$3$1.accept(ReferencePipeline.java:197)
	at java.base/java.util.stream.ForEachOps$ForEachOp$OfRef.accept(ForEachOps.java:183)
	at java.base/java.util.stream.ReferencePipeline$15$1.accept(ReferencePipeline.java:541)
	at java.base/java.util.stream.ReferencePipeline$3$1.accept(ReferencePipeline.java:197)
	at java.base/java.util.stream.ReferencePipeline$3$1.accept(ReferencePipeline.java:197)
	at java.base/java.util.stream.ReferencePipeline$3$1.accept(ReferencePipeline.java:197)
	at java.base/java.util.stream.ForEachOps$ForEachOp$OfRef.accept(ForEachOps.java:183)
	at java.base/java.util.stream.ReferencePipeline$3$1.accept(ReferencePipeline.java:197)
	at java.base/java.util.stream.ForEachOps$ForEachOp$OfRef.accept(ForEachOps.java:183)
	at java.base/java.util.stream.SliceOps$1$1.accept(SliceOps.java:200)
	at java.base/java.util.stream.StreamSpliterators$InfiniteSupplyingSpliterator$OfRef.tryAdvance(StreamSpliterators.java:1358)
	at java.base/java.util.stream.ReferencePipeline.forEachWithCancel(ReferencePipeline.java:129)
	at java.base/java.util.stream.AbstractPipeline.copyIntoWithCancel(AbstractPipeline.java:527)
	at java.base/java.util.stream.AbstractPipeline.copyInto(AbstractPipeline.java:513)
	at java.base/java.util.stream.AbstractPipeline.wrapAndCopyInto(AbstractPipeline.java:499)
	at java.base/java.util.stream.ForEachOps$ForEachOp.evaluateSequential(ForEachOps.java:150)
	at java.base/java.util.stream.ForEachOps$ForEachOp$OfRef.evaluateSequential(ForEachOps.java:173)
	at java.base/java.util.stream.AbstractPipeline.evaluate(AbstractPipeline.java:234)
	at java.base/java.util.stream.ReferencePipeline.forEach(ReferencePipeline.java:596)
	at java.base/java.util.stream.ReferencePipeline$7$1.accept(ReferencePipeline.java:276)
	at java.base/java.util.stream.ReferencePipeline$3$1.accept(ReferencePipeline.java:197)
	at java.base/java.util.stream.ReferencePipeline$3$1.accept(ReferencePipeline.java:197)
	at java.base/java.util.Spliterators$ArraySpliterator.forEachRemaining(Spliterators.java:992)
	at java.base/java.util.stream.AbstractPipeline.copyInto(AbstractPipeline.java:509)
	at java.base/java.util.stream.AbstractPipeline.wrapAndCopyInto(AbstractPipeline.java:499)
	at java.base/java.util.stream.ForEachOps$ForEachOp.evaluateSequential(ForEachOps.java:150)
	at java.base/java.util.stream.ForEachOps$ForEachOp$OfRef.evaluateSequential(ForEachOps.java:173)
	at java.base/java.util.stream.AbstractPipeline.evaluate(AbstractPipeline.java:234)
	at java.base/java.util.stream.ReferencePipeline.forEach(ReferencePipeline.java:596)
	at java.base/java.util.stream.ReferencePipeline$7$1.accept(ReferencePipeline.java:276)
	at java.base/java.util.stream.ReferencePipeline$3$1.accept(ReferencePipeline.java:197)
	at java.base/java.util.stream.ReferencePipeline$3$1.accept(ReferencePipeline.java:197)
	at java.base/java.util.stream.ReferencePipeline$3$1.accept(ReferencePipeline.java:197)
	at java.base/java.util.ArrayList$ArrayListSpliterator.forEachRemaining(ArrayList.java:1625)
	at java.base/java.util.stream.AbstractPipeline.copyInto(AbstractPipeline.java:509)
	at java.base/java.util.stream.AbstractPipeline.wrapAndCopyInto(AbstractPipeline.java:499)
	at java.base/java.util.stream.ForEachOps$ForEachOp.evaluateSequential(ForEachOps.java:150)
	at java.base/java.util.stream.ForEachOps$ForEachOp$OfRef.evaluateSequential(ForEachOps.java:173)
	at java.base/java.util.stream.AbstractPipeline.evaluate(AbstractPipeline.java:234)
	at java.base/java.util.stream.ReferencePipeline.forEach(ReferencePipeline.java:596)
	at java.base/java.util.stream.ReferencePipeline$7$1.accept(ReferencePipeline.java:276)
	at java.base/java.util.ArrayList$ArrayListSpliterator.forEachRemaining(ArrayList.java:1625)
	at java.base/java.util.stream.AbstractPipeline.copyInto(AbstractPipeline.java:509)
	at java.base/java.util.stream.AbstractPipeline.wrapAndCopyInto(AbstractPipeline.java:499)
	at java.base/java.util.stream.ForEachOps$ForEachOp.evaluateSequential(ForEachOps.java:150)
	at java.base/java.util.stream.ForEachOps$ForEachOp$OfRef.evaluateSequential(ForEachOps.java:173)
	at java.base/java.util.stream.AbstractPipeline.evaluate(AbstractPipeline.java:234)
	at java.base/java.util.stream.ReferencePipeline.forEach(ReferencePipeline.java:596)
	at org.junit.jupiter.engine.descriptor.TestTemplateTestDescriptor.execute(TestTemplateTestDescriptor.java:107)
	at org.junit.jupiter.engine.descriptor.TestTemplateTestDescriptor.execute(TestTemplateTestDescriptor.java:42)
	at org.junit.platform.engine.support.hierarchical.NodeTestTask.lambda$executeRecursively$5(NodeTestTask.java:139)
	at org.junit.platform.engine.support.hierarchical.ThrowableCollector.execute(ThrowableCollector.java:73)
	at org.junit.platform.engine.support.hierarchical.NodeTestTask.lambda$executeRecursively$7(NodeTestTask.java:129)
	at org.junit.platform.engine.support.hierarchical.Node.around(Node.java:137)
	at org.junit.platform.engine.support.hierarchical.NodeTestTask.lambda$executeRecursively$8(NodeTestTask.java:127)
	at org.junit.platform.engine.support.hierarchical.ThrowableCollector.execute(ThrowableCollector.java:73)
	at org.junit.platform.engine.support.hierarchical.NodeTestTask.executeRecursively(NodeTestTask.java:126)
	at org.junit.platform.engine.support.hierarchical.NodeTestTask.execute(NodeTestTask.java:84)
	at java.base/java.util.ArrayList.forEach(ArrayList.java:1511)
	at org.junit.platform.engine.support.hierarchical.SameThreadHierarchicalTestExecutorService.invokeAll(SameThreadHierarchicalTestExecutorService.java:38)
	at org.junit.platform.engine.support.hierarchical.NodeTestTask.lambda$executeRecursively$5(NodeTestTask.java:143)
	at org.junit.platform.engine.support.hierarchical.ThrowableCollector.execute(ThrowableCollector.java:73)
	at org.junit.platform.engine.support.hierarchical.NodeTestTask.lambda$executeRecursively$7(NodeTestTask.java:129)
	at org.junit.platform.engine.support.hierarchical.Node.around(Node.java:137)
	at org.junit.platform.engine.support.hierarchical.NodeTestTask.lambda$executeRecursively$8(NodeTestTask.java:127)
	at org.junit.platform.engine.support.hierarchical.ThrowableCollector.execute(ThrowableCollector.java:73)
	at org.junit.platform.engine.support.hierarchical.NodeTestTask.executeRecursively(NodeTestTask.java:126)
	at org.junit.platform.engine.support.hierarchical.NodeTestTask.execute(NodeTestTask.java:84)
	at java.base/java.util.ArrayList.forEach(ArrayList.java:1511)
	at org.junit.platform.engine.support.hierarchical.SameThreadHierarchicalTestExecutorService.invokeAll(SameThreadHierarchicalTestExecutorService.java:38)
	at org.junit.platform.engine.support.hierarchical.NodeTestTask.lambda$executeRecursively$5(NodeTestTask.java:143)
	at org.junit.platform.engine.support.hierarchical.ThrowableCollector.execute(ThrowableCollector.java:73)
	at org.junit.platform.engine.support.hierarchical.NodeTestTask.lambda$executeRecursively$7(NodeTestTask.java:129)
	at org.junit.platform.engine.support.hierarchical.Node.around(Node.java:137)
	at org.junit.platform.engine.support.hierarchical.NodeTestTask.lambda$executeRecursively$8(NodeTestTask.java:127)
	at org.junit.platform.engine.support.hierarchical.ThrowableCollector.execute(ThrowableCollector.java:73)
	at org.junit.platform.engine.support.hierarchical.NodeTestTask.executeRecursively(NodeTestTask.java:126)
	at org.junit.platform.engine.support.hierarchical.NodeTestTask.execute(NodeTestTask.java:84)
	at org.junit.platform.engine.support.hierarchical.SameThreadHierarchicalTestExecutorService.submit(SameThreadHierarchicalTestExecutorService.java:32)
	at org.junit.platform.engine.support.hierarchical.HierarchicalTestExecutor.execute(HierarchicalTestExecutor.java:57)
	at org.junit.platform.engine.support.hierarchical.HierarchicalTestEngine.execute(HierarchicalTestEngine.java:51)
	at org.junit.platform.launcher.core.EngineExecutionOrchestrator.execute(EngineExecutionOrchestrator.java:108)
	at org.junit.platform.launcher.core.EngineExecutionOrchestrator.execute(EngineExecutionOrchestrator.java:88)
	at org.junit.platform.launcher.core.EngineExecutionOrchestrator.lambda$execute$0(EngineExecutionOrchestrator.java:54)
	at org.junit.platform.launcher.core.EngineExecutionOrchestrator.withInterceptedStreams(EngineExecutionOrchestrator.java:67)
	at org.junit.platform.launcher.core.EngineExecutionOrchestrator.execute(EngineExecutionOrchestrator.java:52)
	at org.junit.platform.launcher.core.DefaultLauncher.execute(DefaultLauncher.java:96)
	at org.junit.platform.launcher.core.DefaultLauncher.execute(DefaultLauncher.java:75)
	at org.junit.platform.console.tasks.ConsoleTestExecutor.executeTests(ConsoleTestExecutor.java:66)
	at org.junit.platform.console.tasks.ConsoleTestExecutor.lambda$execute$0(ConsoleTestExecutor.java:58)
	at org.junit.platform.console.tasks.CustomContextClassLoaderExecutor.replaceThreadContextClassLoaderAndInvoke(CustomContextClassLoaderExecutor.java:41)
	at org.junit.platform.console.tasks.CustomContextClassLoaderExecutor.invoke(CustomContextClassLoaderExecutor.java:31)
	at org.junit.platform.console.tasks.ConsoleTestExecutor.execute(ConsoleTestExecutor.java:58)
	at org.junit.platform.console.ConsoleLauncher.executeTests(ConsoleLauncher.java:95)
	at org.junit.platform.console.ConsoleLauncher.execute(ConsoleLauncher.java:73)
	at org.junit.platform.console.ConsoleLauncher.execute(ConsoleLauncher.java:50)
	at org.junit.platform.console.ConsoleLauncher.execute(ConsoleLauncher.java:43)
	at org.junit.platform.console.ConsoleLauncher.main(ConsoleLauncher.java:37)
]]></skipped>
<system-out><![CDATA[
unique-id: [engine:junit-jupiter]/[class:minebayd1.test.TestUser]/[test-template:testbuy(minebayd1.User, minebayd1.User, minebayd1.ClassifiedAd)]/[test-template-invocation:#30]
display-name: [30] Yanis a 65 annonces ouvertes, 0 annonces fermées et 2 achats 
, Ziad a 50 annonces ouvertes, 2 annonces fermées et 2 achats 
, L'annonce correspond à Annonce n°1439 from Ziad crée le 2024-11-04T21:00:34.606979097Z et correpoond à BOOKS et est à 77euros
]]></system-out>
</testcase>
<testcase name="testbuy(User, User, ClassifiedAd)[31]" classname="minebayd1.test.TestUser" time="0">
<system-out><![CDATA[
unique-id: [engine:junit-jupiter]/[class:minebayd1.test.TestUser]/[test-template:testbuy(minebayd1.User, minebayd1.User, minebayd1.ClassifiedAd)]/[test-template-invocation:#31]
display-name: [31] Sonia a 48 annonces ouvertes, 1 annonces fermées et 1 achats 
, Lisa a 48 annonces ouvertes, 1 annonces fermées et 0 achats 
, L'annonce correspond à À vendre crée le 2024-11-04T21:00:35.647722279Z et correpoond à BOOKS et est à 15euros
]]></system-out>
</testcase>
<testcase name="testbuy(User, User, ClassifiedAd)[32]" classname="minebayd1.test.TestUser" time="0">
<skipped><![CDATA[org.opentest4j.TestAbortedException: Assumption failed: assumption is not true
	at org.junit.jupiter.api.Assumptions.throwTestAbortedException(Assumptions.java:256)
	at org.junit.jupiter.api.Assumptions.assumeTrue(Assumptions.java:115)
	at org.junit.jupiter.api.Assumptions.assumeTrue(Assumptions.java:66)
	at minebayd1.test.TestUser.testbuy(TestUser.java:693)
	at jdk.internal.reflect.GeneratedMethodAccessor4.invoke(Unknown Source)
	at java.base/jdk.internal.reflect.DelegatingMethodAccessorImpl.invoke(DelegatingMethodAccessorImpl.java:43)
	at java.base/java.lang.reflect.Method.invoke(Method.java:569)
	at org.junit.platform.commons.util.ReflectionUtils.invokeMethod(ReflectionUtils.java:688)
	at org.junit.jupiter.engine.execution.MethodInvocation.proceed(MethodInvocation.java:60)
	at org.junit.jupiter.engine.execution.InvocationInterceptorChain$ValidatingInvocation.proceed(InvocationInterceptorChain.java:131)
	at org.junit.jupiter.engine.extension.TimeoutExtension.intercept(TimeoutExtension.java:149)
	at org.junit.jupiter.engine.extension.TimeoutExtension.interceptTestableMethod(TimeoutExtension.java:140)
	at org.junit.jupiter.engine.extension.TimeoutExtension.interceptTestTemplateMethod(TimeoutExtension.java:92)
	at org.junit.jupiter.engine.execution.ExecutableInvoker$ReflectiveInterceptorCall.lambda$ofVoidMethod$0(ExecutableInvoker.java:115)
	at org.junit.jupiter.engine.execution.ExecutableInvoker.lambda$invoke$0(ExecutableInvoker.java:105)
	at org.junit.jupiter.engine.execution.InvocationInterceptorChain$InterceptedInvocation.proceed(InvocationInterceptorChain.java:106)
	at org.junit.jupiter.engine.execution.InvocationInterceptorChain.proceed(InvocationInterceptorChain.java:64)
	at org.junit.jupiter.engine.execution.InvocationInterceptorChain.chainAndInvoke(InvocationInterceptorChain.java:45)
	at org.junit.jupiter.engine.execution.InvocationInterceptorChain.invoke(InvocationInterceptorChain.java:37)
	at org.junit.jupiter.engine.execution.ExecutableInvoker.invoke(ExecutableInvoker.java:104)
	at org.junit.jupiter.engine.execution.ExecutableInvoker.invoke(ExecutableInvoker.java:98)
	at org.junit.jupiter.engine.descriptor.TestMethodTestDescriptor.lambda$invokeTestMethod$6(TestMethodTestDescriptor.java:210)
	at org.junit.platform.engine.support.hierarchical.ThrowableCollector.execute(ThrowableCollector.java:73)
	at org.junit.jupiter.engine.descriptor.TestMethodTestDescriptor.invokeTestMethod(TestMethodTestDescriptor.java:206)
	at org.junit.jupiter.engine.descriptor.TestMethodTestDescriptor.execute(TestMethodTestDescriptor.java:131)
	at org.junit.jupiter.engine.descriptor.TestMethodTestDescriptor.execute(TestMethodTestDescriptor.java:65)
	at org.junit.platform.engine.support.hierarchical.NodeTestTask.lambda$executeRecursively$5(NodeTestTask.java:139)
	at org.junit.platform.engine.support.hierarchical.ThrowableCollector.execute(ThrowableCollector.java:73)
	at org.junit.platform.engine.support.hierarchical.NodeTestTask.lambda$executeRecursively$7(NodeTestTask.java:129)
	at org.junit.platform.engine.support.hierarchical.Node.around(Node.java:137)
	at org.junit.platform.engine.support.hierarchical.NodeTestTask.lambda$executeRecursively$8(NodeTestTask.java:127)
	at org.junit.platform.engine.support.hierarchical.ThrowableCollector.execute(ThrowableCollector.java:73)
	at org.junit.platform.engine.support.hierarchical.NodeTestTask.executeRecursively(NodeTestTask.java:126)
	at org.junit.platform.engine.support.hierarchical.NodeTestTask.execute(NodeTestTask.java:84)
	at org.junit.platform.engine.support.hierarchical.SameThreadHierarchicalTestExecutorService.submit(SameThreadHierarchicalTestExecutorService.java:32)
	at org.junit.platform.engine.support.hierarchical.NodeTestTask$DefaultDynamicTestExecutor.execute(NodeTestTask.java:212)
	at org.junit.platform.engine.support.hierarchical.NodeTestTask$DefaultDynamicTestExecutor.execute(NodeTestTask.java:192)
	at org.junit.jupiter.engine.descriptor.TestTemplateTestDescriptor.execute(TestTemplateTestDescriptor.java:139)
	at org.junit.jupiter.engine.descriptor.TestTemplateTestDescriptor.lambda$execute$2(TestTemplateTestDescriptor.java:107)
	at java.base/java.util.stream.ForEachOps$ForEachOp$OfRef.accept(ForEachOps.java:183)
	at java.base/java.util.stream.ReferencePipeline$3$1.accept(ReferencePipeline.java:197)
	at java.base/java.util.stream.ReferencePipeline$2$1.accept(ReferencePipeline.java:179)
	at java.base/java.util.stream.ReferencePipeline$3$1.accept(ReferencePipeline.java:197)
	at java.base/java.util.stream.ForEachOps$ForEachOp$OfRef.accept(ForEachOps.java:183)
	at java.base/java.util.stream.ReferencePipeline$15$1.accept(ReferencePipeline.java:541)
	at java.base/java.util.stream.ReferencePipeline$3$1.accept(ReferencePipeline.java:197)
	at java.base/java.util.stream.ReferencePipeline$3$1.accept(ReferencePipeline.java:197)
	at java.base/java.util.stream.ReferencePipeline$3$1.accept(ReferencePipeline.java:197)
	at java.base/java.util.stream.ForEachOps$ForEachOp$OfRef.accept(ForEachOps.java:183)
	at java.base/java.util.stream.ReferencePipeline$3$1.accept(ReferencePipeline.java:197)
	at java.base/java.util.stream.ForEachOps$ForEachOp$OfRef.accept(ForEachOps.java:183)
	at java.base/java.util.stream.SliceOps$1$1.accept(SliceOps.java:200)
	at java.base/java.util.stream.StreamSpliterators$InfiniteSupplyingSpliterator$OfRef.tryAdvance(StreamSpliterators.java:1358)
	at java.base/java.util.stream.ReferencePipeline.forEachWithCancel(ReferencePipeline.java:129)
	at java.base/java.util.stream.AbstractPipeline.copyIntoWithCancel(AbstractPipeline.java:527)
	at java.base/java.util.stream.AbstractPipeline.copyInto(AbstractPipeline.java:513)
	at java.base/java.util.stream.AbstractPipeline.wrapAndCopyInto(AbstractPipeline.java:499)
	at java.base/java.util.stream.ForEachOps$ForEachOp.evaluateSequential(ForEachOps.java:150)
	at java.base/java.util.stream.ForEachOps$ForEachOp$OfRef.evaluateSequential(ForEachOps.java:173)
	at java.base/java.util.stream.AbstractPipeline.evaluate(AbstractPipeline.java:234)
	at java.base/java.util.stream.ReferencePipeline.forEach(ReferencePipeline.java:596)
	at java.base/java.util.stream.ReferencePipeline$7$1.accept(ReferencePipeline.java:276)
	at java.base/java.util.stream.ReferencePipeline$3$1.accept(ReferencePipeline.java:197)
	at java.base/java.util.stream.ReferencePipeline$3$1.accept(ReferencePipeline.java:197)
	at java.base/java.util.Spliterators$ArraySpliterator.forEachRemaining(Spliterators.java:992)
	at java.base/java.util.stream.AbstractPipeline.copyInto(AbstractPipeline.java:509)
	at java.base/java.util.stream.AbstractPipeline.wrapAndCopyInto(AbstractPipeline.java:499)
	at java.base/java.util.stream.ForEachOps$ForEachOp.evaluateSequential(ForEachOps.java:150)
	at java.base/java.util.stream.ForEachOps$ForEachOp$OfRef.evaluateSequential(ForEachOps.java:173)
	at java.base/java.util.stream.AbstractPipeline.evaluate(AbstractPipeline.java:234)
	at java.base/java.util.stream.ReferencePipeline.forEach(ReferencePipeline.java:596)
	at java.base/java.util.stream.ReferencePipeline$7$1.accept(ReferencePipeline.java:276)
	at java.base/java.util.stream.ReferencePipeline$3$1.accept(ReferencePipeline.java:197)
	at java.base/java.util.stream.ReferencePipeline$3$1.accept(ReferencePipeline.java:197)
	at java.base/java.util.stream.ReferencePipeline$3$1.accept(ReferencePipeline.java:197)
	at java.base/java.util.ArrayList$ArrayListSpliterator.forEachRemaining(ArrayList.java:1625)
	at java.base/java.util.stream.AbstractPipeline.copyInto(AbstractPipeline.java:509)
	at java.base/java.util.stream.AbstractPipeline.wrapAndCopyInto(AbstractPipeline.java:499)
	at java.base/java.util.stream.ForEachOps$ForEachOp.evaluateSequential(ForEachOps.java:150)
	at java.base/java.util.stream.ForEachOps$ForEachOp$OfRef.evaluateSequential(ForEachOps.java:173)
	at java.base/java.util.stream.AbstractPipeline.evaluate(AbstractPipeline.java:234)
	at java.base/java.util.stream.ReferencePipeline.forEach(ReferencePipeline.java:596)
	at java.base/java.util.stream.ReferencePipeline$7$1.accept(ReferencePipeline.java:276)
	at java.base/java.util.ArrayList$ArrayListSpliterator.forEachRemaining(ArrayList.java:1625)
	at java.base/java.util.stream.AbstractPipeline.copyInto(AbstractPipeline.java:509)
	at java.base/java.util.stream.AbstractPipeline.wrapAndCopyInto(AbstractPipeline.java:499)
	at java.base/java.util.stream.ForEachOps$ForEachOp.evaluateSequential(ForEachOps.java:150)
	at java.base/java.util.stream.ForEachOps$ForEachOp$OfRef.evaluateSequential(ForEachOps.java:173)
	at java.base/java.util.stream.AbstractPipeline.evaluate(AbstractPipeline.java:234)
	at java.base/java.util.stream.ReferencePipeline.forEach(ReferencePipeline.java:596)
	at org.junit.jupiter.engine.descriptor.TestTemplateTestDescriptor.execute(TestTemplateTestDescriptor.java:107)
	at org.junit.jupiter.engine.descriptor.TestTemplateTestDescriptor.execute(TestTemplateTestDescriptor.java:42)
	at org.junit.platform.engine.support.hierarchical.NodeTestTask.lambda$executeRecursively$5(NodeTestTask.java:139)
	at org.junit.platform.engine.support.hierarchical.ThrowableCollector.execute(ThrowableCollector.java:73)
	at org.junit.platform.engine.support.hierarchical.NodeTestTask.lambda$executeRecursively$7(NodeTestTask.java:129)
	at org.junit.platform.engine.support.hierarchical.Node.around(Node.java:137)
	at org.junit.platform.engine.support.hierarchical.NodeTestTask.lambda$executeRecursively$8(NodeTestTask.java:127)
	at org.junit.platform.engine.support.hierarchical.ThrowableCollector.execute(ThrowableCollector.java:73)
	at org.junit.platform.engine.support.hierarchical.NodeTestTask.executeRecursively(NodeTestTask.java:126)
	at org.junit.platform.engine.support.hierarchical.NodeTestTask.execute(NodeTestTask.java:84)
	at java.base/java.util.ArrayList.forEach(ArrayList.java:1511)
	at org.junit.platform.engine.support.hierarchical.SameThreadHierarchicalTestExecutorService.invokeAll(SameThreadHierarchicalTestExecutorService.java:38)
	at org.junit.platform.engine.support.hierarchical.NodeTestTask.lambda$executeRecursively$5(NodeTestTask.java:143)
	at org.junit.platform.engine.support.hierarchical.ThrowableCollector.execute(ThrowableCollector.java:73)
	at org.junit.platform.engine.support.hierarchical.NodeTestTask.lambda$executeRecursively$7(NodeTestTask.java:129)
	at org.junit.platform.engine.support.hierarchical.Node.around(Node.java:137)
	at org.junit.platform.engine.support.hierarchical.NodeTestTask.lambda$executeRecursively$8(NodeTestTask.java:127)
	at org.junit.platform.engine.support.hierarchical.ThrowableCollector.execute(ThrowableCollector.java:73)
	at org.junit.platform.engine.support.hierarchical.NodeTestTask.executeRecursively(NodeTestTask.java:126)
	at org.junit.platform.engine.support.hierarchical.NodeTestTask.execute(NodeTestTask.java:84)
	at java.base/java.util.ArrayList.forEach(ArrayList.java:1511)
	at org.junit.platform.engine.support.hierarchical.SameThreadHierarchicalTestExecutorService.invokeAll(SameThreadHierarchicalTestExecutorService.java:38)
	at org.junit.platform.engine.support.hierarchical.NodeTestTask.lambda$executeRecursively$5(NodeTestTask.java:143)
	at org.junit.platform.engine.support.hierarchical.ThrowableCollector.execute(ThrowableCollector.java:73)
	at org.junit.platform.engine.support.hierarchical.NodeTestTask.lambda$executeRecursively$7(NodeTestTask.java:129)
	at org.junit.platform.engine.support.hierarchical.Node.around(Node.java:137)
	at org.junit.platform.engine.support.hierarchical.NodeTestTask.lambda$executeRecursively$8(NodeTestTask.java:127)
	at org.junit.platform.engine.support.hierarchical.ThrowableCollector.execute(ThrowableCollector.java:73)
	at org.junit.platform.engine.support.hierarchical.NodeTestTask.executeRecursively(NodeTestTask.java:126)
	at org.junit.platform.engine.support.hierarchical.NodeTestTask.execute(NodeTestTask.java:84)
	at org.junit.platform.engine.support.hierarchical.SameThreadHierarchicalTestExecutorService.submit(SameThreadHierarchicalTestExecutorService.java:32)
	at org.junit.platform.engine.support.hierarchical.HierarchicalTestExecutor.execute(HierarchicalTestExecutor.java:57)
	at org.junit.platform.engine.support.hierarchical.HierarchicalTestEngine.execute(HierarchicalTestEngine.java:51)
	at org.junit.platform.launcher.core.EngineExecutionOrchestrator.execute(EngineExecutionOrchestrator.java:108)
	at org.junit.platform.launcher.core.EngineExecutionOrchestrator.execute(EngineExecutionOrchestrator.java:88)
	at org.junit.platform.launcher.core.EngineExecutionOrchestrator.lambda$execute$0(EngineExecutionOrchestrator.java:54)
	at org.junit.platform.launcher.core.EngineExecutionOrchestrator.withInterceptedStreams(EngineExecutionOrchestrator.java:67)
	at org.junit.platform.launcher.core.EngineExecutionOrchestrator.execute(EngineExecutionOrchestrator.java:52)
	at org.junit.platform.launcher.core.DefaultLauncher.execute(DefaultLauncher.java:96)
	at org.junit.platform.launcher.core.DefaultLauncher.execute(DefaultLauncher.java:75)
	at org.junit.platform.console.tasks.ConsoleTestExecutor.executeTests(ConsoleTestExecutor.java:66)
	at org.junit.platform.console.tasks.ConsoleTestExecutor.lambda$execute$0(ConsoleTestExecutor.java:58)
	at org.junit.platform.console.tasks.CustomContextClassLoaderExecutor.replaceThreadContextClassLoaderAndInvoke(CustomContextClassLoaderExecutor.java:41)
	at org.junit.platform.console.tasks.CustomContextClassLoaderExecutor.invoke(CustomContextClassLoaderExecutor.java:31)
	at org.junit.platform.console.tasks.ConsoleTestExecutor.execute(ConsoleTestExecutor.java:58)
	at org.junit.platform.console.ConsoleLauncher.executeTests(ConsoleLauncher.java:95)
	at org.junit.platform.console.ConsoleLauncher.execute(ConsoleLauncher.java:73)
	at org.junit.platform.console.ConsoleLauncher.execute(ConsoleLauncher.java:50)
	at org.junit.platform.console.ConsoleLauncher.execute(ConsoleLauncher.java:43)
	at org.junit.platform.console.ConsoleLauncher.main(ConsoleLauncher.java:37)
]]></skipped>
<system-out><![CDATA[
unique-id: [engine:junit-jupiter]/[class:minebayd1.test.TestUser]/[test-template:testbuy(minebayd1.User, minebayd1.User, minebayd1.ClassifiedAd)]/[test-template-invocation:#32]
display-name: [32] Aliou a 52 annonces ouvertes, 1 annonces fermées et 1 achats 
, Rosa a 42 annonces ouvertes, 2 annonces fermées et 1 achats 
, L'annonce correspond à Annonce n°228 from Rosa crée le 2024-11-04T21:00:34.620635572Z et correpoond à COMPUTERS et est à 83euros
]]></system-out>
</testcase>
<testcase name="testbuy(User, User, ClassifiedAd)[33]" classname="minebayd1.test.TestUser" time="0.001">
<system-out><![CDATA[
unique-id: [engine:junit-jupiter]/[class:minebayd1.test.TestUser]/[test-template:testbuy(minebayd1.User, minebayd1.User, minebayd1.ClassifiedAd)]/[test-template-invocation:#33]
display-name: [33] Naila a 63 annonces ouvertes, 0 annonces fermées et 1 achats 
, Yanis a 65 annonces ouvertes, 0 annonces fermées et 2 achats 
, L'annonce correspond à Annonce n°988 from Yanis crée le 2024-11-04T21:00:34.611382480Z et correpoond à SHOES et est à 54euros
]]></system-out>
</testcase>
<testcase name="testbuy(User, User, ClassifiedAd)[34]" classname="minebayd1.test.TestUser" time="0.001">
<system-out><![CDATA[
unique-id: [engine:junit-jupiter]/[class:minebayd1.test.TestUser]/[test-template:testbuy(minebayd1.User, minebayd1.User, minebayd1.ClassifiedAd)]/[test-template-invocation:#34]
display-name: [34] Idir a 61 annonces ouvertes, 2 annonces fermées et 1 achats 
, Mounir a 60 annonces ouvertes, 1 annonces fermées et 0 achats 
, L'annonce correspond à À vendre crée le 2024-11-04T21:00:35.646453028Z et correpoond à GAMES et est à 18euros
]]></system-out>
</testcase>
<testcase name="testbuy(User, User, ClassifiedAd)[35]" classname="minebayd1.test.TestUser" time="0">
<system-out><![CDATA[
unique-id: [engine:junit-jupiter]/[class:minebayd1.test.TestUser]/[test-template:testbuy(minebayd1.User, minebayd1.User, minebayd1.ClassifiedAd)]/[test-template-invocation:#35]
display-name: [35] Imam a 49 annonces ouvertes, 1 annonces fermées et 0 achats 
, Issa a 73 annonces ouvertes, 0 annonces fermées et 1 achats 
, L'annonce correspond à Annonce n°616 from Issa crée le 2024-11-04T21:00:34.616378557Z et correpoond à CLOTHES et est à 84euros
]]></system-out>
</testcase>
<testcase name="testbuy(User, User, ClassifiedAd)[36]" classname="minebayd1.test.TestUser" time="0">
<system-out><![CDATA[
unique-id: [engine:junit-jupiter]/[class:minebayd1.test.TestUser]/[test-template:testbuy(minebayd1.User, minebayd1.User, minebayd1.ClassifiedAd)]/[test-template-invocation:#36]
display-name: [36] Adam a 52 annonces ouvertes, 0 annonces fermées et 0 achats 
, Naila a 63 annonces ouvertes, 0 annonces fermées et 2 achats 
, L'annonce correspond à Annonce n°1282 from Naila crée le 2024-11-04T21:00:34.608449189Z et correpoond à SHOES et est à 89euros
]]></system-out>
</testcase>
<testcase name="testbuy(User, User, ClassifiedAd)[37]" classname="minebayd1.test.TestUser" time="0.001">
<system-out><![CDATA[
unique-id: [engine:junit-jupiter]/[class:minebayd1.test.TestUser]/[test-template:testbuy(minebayd1.User, minebayd1.User, minebayd1.ClassifiedAd)]/[test-template-invocation:#37]
display-name: [37] Ayman a 55 annonces ouvertes, 2 annonces fermées et 0 achats 
, Aliou a 52 annonces ouvertes, 1 annonces fermées et 1 achats 
, L'annonce correspond à À vendre crée le 2024-11-04T21:00:35.612928006Z et correpoond à SHOES et est à 21euros
]]></system-out>
</testcase>
<testcase name="testbuy(User, User, ClassifiedAd)[38]" classname="minebayd1.test.TestUser" time="0">
<system-out><![CDATA[
unique-id: [engine:junit-jupiter]/[class:minebayd1.test.TestUser]/[test-template:testbuy(minebayd1.User, minebayd1.User, minebayd1.ClassifiedAd)]/[test-template-invocation:#38]
display-name: [38] Idir a 61 annonces ouvertes, 2 annonces fermées et 2 achats 
, Adam a 52 annonces ouvertes, 0 annonces fermées et 1 achats 
, L'annonce correspond à Annonce n°505 from Adam crée le 2024-11-04T21:00:34.617732056Z et correpoond à GAMES et est à 40euros
]]></system-out>
</testcase>
<testcase name="testbuy(User, User, ClassifiedAd)[39]" classname="minebayd1.test.TestUser" time="0">
<system-out><![CDATA[
unique-id: [engine:junit-jupiter]/[class:minebayd1.test.TestUser]/[test-template:testbuy(minebayd1.User, minebayd1.User, minebayd1.ClassifiedAd)]/[test-template-invocation:#39]
display-name: [39] Ayman a 55 annonces ouvertes, 2 annonces fermées et 1 achats 
, Naila a 62 annonces ouvertes, 1 annonces fermées et 2 achats 
, L'annonce correspond à Annonce n°396 from Naila crée le 2024-11-04T21:00:34.618931393Z et correpoond à COMPUTERS et est à 13euros
]]></system-out>
</testcase>
<testcase name="testbuy(User, User, ClassifiedAd)[40]" classname="minebayd1.test.TestUser" time="0">
<system-out><![CDATA[
unique-id: [engine:junit-jupiter]/[class:minebayd1.test.TestUser]/[test-template:testbuy(minebayd1.User, minebayd1.User, minebayd1.ClassifiedAd)]/[test-template-invocation:#40]
display-name: [40] Sheraz a 51 annonces ouvertes, 1 annonces fermées et 2 achats 
, Ayman a 55 annonces ouvertes, 2 annonces fermées et 2 achats 
, L'annonce correspond à Annonce n°452 from Ayman crée le 2024-11-04T21:00:34.618217329Z et correpoond à SHOES et est à 36euros
]]></system-out>
</testcase>
<testcase name="testbuy(User, User, ClassifiedAd)[41]" classname="minebayd1.test.TestUser" time="0">
<system-out><![CDATA[
unique-id: [engine:junit-jupiter]/[class:minebayd1.test.TestUser]/[test-template:testbuy(minebayd1.User, minebayd1.User, minebayd1.ClassifiedAd)]/[test-template-invocation:#41]
display-name: [41] Nima a 51 annonces ouvertes, 0 annonces fermées et 1 achats 
, Rosa a 42 annonces ouvertes, 2 annonces fermées et 1 achats 
, L'annonce correspond à Annonce n°1477 from Rosa crée le 2024-11-04T21:00:34.606613313Z et correpoond à BOOKS et est à 6euros
]]></system-out>
</testcase>
<testcase name="testbuy(User, User, ClassifiedAd)[42]" classname="minebayd1.test.TestUser" time="0.001">
<system-out><![CDATA[
unique-id: [engine:junit-jupiter]/[class:minebayd1.test.TestUser]/[test-template:testbuy(minebayd1.User, minebayd1.User, minebayd1.ClassifiedAd)]/[test-template-invocation:#42]
display-name: [42] Marcel a 66 annonces ouvertes, 1 annonces fermées et 2 achats 
, Lisa a 47 annonces ouvertes, 2 annonces fermées et 0 achats 
, L'annonce correspond à Annonce n°103 from Lisa crée le 2024-11-04T21:00:34.621640211Z et correpoond à CLOTHES et est à 50euros
]]></system-out>
</testcase>
<testcase name="testbuy(User, User, ClassifiedAd)[43]" classname="minebayd1.test.TestUser" time="0">
<skipped><![CDATA[org.opentest4j.TestAbortedException: Assumption failed: assumption is not true
	at org.junit.jupiter.api.Assumptions.throwTestAbortedException(Assumptions.java:256)
	at org.junit.jupiter.api.Assumptions.assumeTrue(Assumptions.java:115)
	at org.junit.jupiter.api.Assumptions.assumeTrue(Assumptions.java:66)
	at minebayd1.test.TestUser.testbuy(TestUser.java:693)
	at jdk.internal.reflect.GeneratedMethodAccessor4.invoke(Unknown Source)
	at java.base/jdk.internal.reflect.DelegatingMethodAccessorImpl.invoke(DelegatingMethodAccessorImpl.java:43)
	at java.base/java.lang.reflect.Method.invoke(Method.java:569)
	at org.junit.platform.commons.util.ReflectionUtils.invokeMethod(ReflectionUtils.java:688)
	at org.junit.jupiter.engine.execution.MethodInvocation.proceed(MethodInvocation.java:60)
	at org.junit.jupiter.engine.execution.InvocationInterceptorChain$ValidatingInvocation.proceed(InvocationInterceptorChain.java:131)
	at org.junit.jupiter.engine.extension.TimeoutExtension.intercept(TimeoutExtension.java:149)
	at org.junit.jupiter.engine.extension.TimeoutExtension.interceptTestableMethod(TimeoutExtension.java:140)
	at org.junit.jupiter.engine.extension.TimeoutExtension.interceptTestTemplateMethod(TimeoutExtension.java:92)
	at org.junit.jupiter.engine.execution.ExecutableInvoker$ReflectiveInterceptorCall.lambda$ofVoidMethod$0(ExecutableInvoker.java:115)
	at org.junit.jupiter.engine.execution.ExecutableInvoker.lambda$invoke$0(ExecutableInvoker.java:105)
	at org.junit.jupiter.engine.execution.InvocationInterceptorChain$InterceptedInvocation.proceed(InvocationInterceptorChain.java:106)
	at org.junit.jupiter.engine.execution.InvocationInterceptorChain.proceed(InvocationInterceptorChain.java:64)
	at org.junit.jupiter.engine.execution.InvocationInterceptorChain.chainAndInvoke(InvocationInterceptorChain.java:45)
	at org.junit.jupiter.engine.execution.InvocationInterceptorChain.invoke(InvocationInterceptorChain.java:37)
	at org.junit.jupiter.engine.execution.ExecutableInvoker.invoke(ExecutableInvoker.java:104)
	at org.junit.jupiter.engine.execution.ExecutableInvoker.invoke(ExecutableInvoker.java:98)
	at org.junit.jupiter.engine.descriptor.TestMethodTestDescriptor.lambda$invokeTestMethod$6(TestMethodTestDescriptor.java:210)
	at org.junit.platform.engine.support.hierarchical.ThrowableCollector.execute(ThrowableCollector.java:73)
	at org.junit.jupiter.engine.descriptor.TestMethodTestDescriptor.invokeTestMethod(TestMethodTestDescriptor.java:206)
	at org.junit.jupiter.engine.descriptor.TestMethodTestDescriptor.execute(TestMethodTestDescriptor.java:131)
	at org.junit.jupiter.engine.descriptor.TestMethodTestDescriptor.execute(TestMethodTestDescriptor.java:65)
	at org.junit.platform.engine.support.hierarchical.NodeTestTask.lambda$executeRecursively$5(NodeTestTask.java:139)
	at org.junit.platform.engine.support.hierarchical.ThrowableCollector.execute(ThrowableCollector.java:73)
	at org.junit.platform.engine.support.hierarchical.NodeTestTask.lambda$executeRecursively$7(NodeTestTask.java:129)
	at org.junit.platform.engine.support.hierarchical.Node.around(Node.java:137)
	at org.junit.platform.engine.support.hierarchical.NodeTestTask.lambda$executeRecursively$8(NodeTestTask.java:127)
	at org.junit.platform.engine.support.hierarchical.ThrowableCollector.execute(ThrowableCollector.java:73)
	at org.junit.platform.engine.support.hierarchical.NodeTestTask.executeRecursively(NodeTestTask.java:126)
	at org.junit.platform.engine.support.hierarchical.NodeTestTask.execute(NodeTestTask.java:84)
	at org.junit.platform.engine.support.hierarchical.SameThreadHierarchicalTestExecutorService.submit(SameThreadHierarchicalTestExecutorService.java:32)
	at org.junit.platform.engine.support.hierarchical.NodeTestTask$DefaultDynamicTestExecutor.execute(NodeTestTask.java:212)
	at org.junit.platform.engine.support.hierarchical.NodeTestTask$DefaultDynamicTestExecutor.execute(NodeTestTask.java:192)
	at org.junit.jupiter.engine.descriptor.TestTemplateTestDescriptor.execute(TestTemplateTestDescriptor.java:139)
	at org.junit.jupiter.engine.descriptor.TestTemplateTestDescriptor.lambda$execute$2(TestTemplateTestDescriptor.java:107)
	at java.base/java.util.stream.ForEachOps$ForEachOp$OfRef.accept(ForEachOps.java:183)
	at java.base/java.util.stream.ReferencePipeline$3$1.accept(ReferencePipeline.java:197)
	at java.base/java.util.stream.ReferencePipeline$2$1.accept(ReferencePipeline.java:179)
	at java.base/java.util.stream.ReferencePipeline$3$1.accept(ReferencePipeline.java:197)
	at java.base/java.util.stream.ForEachOps$ForEachOp$OfRef.accept(ForEachOps.java:183)
	at java.base/java.util.stream.ReferencePipeline$15$1.accept(ReferencePipeline.java:541)
	at java.base/java.util.stream.ReferencePipeline$3$1.accept(ReferencePipeline.java:197)
	at java.base/java.util.stream.ReferencePipeline$3$1.accept(ReferencePipeline.java:197)
	at java.base/java.util.stream.ReferencePipeline$3$1.accept(ReferencePipeline.java:197)
	at java.base/java.util.stream.ForEachOps$ForEachOp$OfRef.accept(ForEachOps.java:183)
	at java.base/java.util.stream.ReferencePipeline$3$1.accept(ReferencePipeline.java:197)
	at java.base/java.util.stream.ForEachOps$ForEachOp$OfRef.accept(ForEachOps.java:183)
	at java.base/java.util.stream.SliceOps$1$1.accept(SliceOps.java:200)
	at java.base/java.util.stream.StreamSpliterators$InfiniteSupplyingSpliterator$OfRef.tryAdvance(StreamSpliterators.java:1358)
	at java.base/java.util.stream.ReferencePipeline.forEachWithCancel(ReferencePipeline.java:129)
	at java.base/java.util.stream.AbstractPipeline.copyIntoWithCancel(AbstractPipeline.java:527)
	at java.base/java.util.stream.AbstractPipeline.copyInto(AbstractPipeline.java:513)
	at java.base/java.util.stream.AbstractPipeline.wrapAndCopyInto(AbstractPipeline.java:499)
	at java.base/java.util.stream.ForEachOps$ForEachOp.evaluateSequential(ForEachOps.java:150)
	at java.base/java.util.stream.ForEachOps$ForEachOp$OfRef.evaluateSequential(ForEachOps.java:173)
	at java.base/java.util.stream.AbstractPipeline.evaluate(AbstractPipeline.java:234)
	at java.base/java.util.stream.ReferencePipeline.forEach(ReferencePipeline.java:596)
	at java.base/java.util.stream.ReferencePipeline$7$1.accept(ReferencePipeline.java:276)
	at java.base/java.util.stream.ReferencePipeline$3$1.accept(ReferencePipeline.java:197)
	at java.base/java.util.stream.ReferencePipeline$3$1.accept(ReferencePipeline.java:197)
	at java.base/java.util.Spliterators$ArraySpliterator.forEachRemaining(Spliterators.java:992)
	at java.base/java.util.stream.AbstractPipeline.copyInto(AbstractPipeline.java:509)
	at java.base/java.util.stream.AbstractPipeline.wrapAndCopyInto(AbstractPipeline.java:499)
	at java.base/java.util.stream.ForEachOps$ForEachOp.evaluateSequential(ForEachOps.java:150)
	at java.base/java.util.stream.ForEachOps$ForEachOp$OfRef.evaluateSequential(ForEachOps.java:173)
	at java.base/java.util.stream.AbstractPipeline.evaluate(AbstractPipeline.java:234)
	at java.base/java.util.stream.ReferencePipeline.forEach(ReferencePipeline.java:596)
	at java.base/java.util.stream.ReferencePipeline$7$1.accept(ReferencePipeline.java:276)
	at java.base/java.util.stream.ReferencePipeline$3$1.accept(ReferencePipeline.java:197)
	at java.base/java.util.stream.ReferencePipeline$3$1.accept(ReferencePipeline.java:197)
	at java.base/java.util.stream.ReferencePipeline$3$1.accept(ReferencePipeline.java:197)
	at java.base/java.util.ArrayList$ArrayListSpliterator.forEachRemaining(ArrayList.java:1625)
	at java.base/java.util.stream.AbstractPipeline.copyInto(AbstractPipeline.java:509)
	at java.base/java.util.stream.AbstractPipeline.wrapAndCopyInto(AbstractPipeline.java:499)
	at java.base/java.util.stream.ForEachOps$ForEachOp.evaluateSequential(ForEachOps.java:150)
	at java.base/java.util.stream.ForEachOps$ForEachOp$OfRef.evaluateSequential(ForEachOps.java:173)
	at java.base/java.util.stream.AbstractPipeline.evaluate(AbstractPipeline.java:234)
	at java.base/java.util.stream.ReferencePipeline.forEach(ReferencePipeline.java:596)
	at java.base/java.util.stream.ReferencePipeline$7$1.accept(ReferencePipeline.java:276)
	at java.base/java.util.ArrayList$ArrayListSpliterator.forEachRemaining(ArrayList.java:1625)
	at java.base/java.util.stream.AbstractPipeline.copyInto(AbstractPipeline.java:509)
	at java.base/java.util.stream.AbstractPipeline.wrapAndCopyInto(AbstractPipeline.java:499)
	at java.base/java.util.stream.ForEachOps$ForEachOp.evaluateSequential(ForEachOps.java:150)
	at java.base/java.util.stream.ForEachOps$ForEachOp$OfRef.evaluateSequential(ForEachOps.java:173)
	at java.base/java.util.stream.AbstractPipeline.evaluate(AbstractPipeline.java:234)
	at java.base/java.util.stream.ReferencePipeline.forEach(ReferencePipeline.java:596)
	at org.junit.jupiter.engine.descriptor.TestTemplateTestDescriptor.execute(TestTemplateTestDescriptor.java:107)
	at org.junit.jupiter.engine.descriptor.TestTemplateTestDescriptor.execute(TestTemplateTestDescriptor.java:42)
	at org.junit.platform.engine.support.hierarchical.NodeTestTask.lambda$executeRecursively$5(NodeTestTask.java:139)
	at org.junit.platform.engine.support.hierarchical.ThrowableCollector.execute(ThrowableCollector.java:73)
	at org.junit.platform.engine.support.hierarchical.NodeTestTask.lambda$executeRecursively$7(NodeTestTask.java:129)
	at org.junit.platform.engine.support.hierarchical.Node.around(Node.java:137)
	at org.junit.platform.engine.support.hierarchical.NodeTestTask.lambda$executeRecursively$8(NodeTestTask.java:127)
	at org.junit.platform.engine.support.hierarchical.ThrowableCollector.execute(ThrowableCollector.java:73)
	at org.junit.platform.engine.support.hierarchical.NodeTestTask.executeRecursively(NodeTestTask.java:126)
	at org.junit.platform.engine.support.hierarchical.NodeTestTask.execute(NodeTestTask.java:84)
	at java.base/java.util.ArrayList.forEach(ArrayList.java:1511)
	at org.junit.platform.engine.support.hierarchical.SameThreadHierarchicalTestExecutorService.invokeAll(SameThreadHierarchicalTestExecutorService.java:38)
	at org.junit.platform.engine.support.hierarchical.NodeTestTask.lambda$executeRecursively$5(NodeTestTask.java:143)
	at org.junit.platform.engine.support.hierarchical.ThrowableCollector.execute(ThrowableCollector.java:73)
	at org.junit.platform.engine.support.hierarchical.NodeTestTask.lambda$executeRecursively$7(NodeTestTask.java:129)
	at org.junit.platform.engine.support.hierarchical.Node.around(Node.java:137)
	at org.junit.platform.engine.support.hierarchical.NodeTestTask.lambda$executeRecursively$8(NodeTestTask.java:127)
	at org.junit.platform.engine.support.hierarchical.ThrowableCollector.execute(ThrowableCollector.java:73)
	at org.junit.platform.engine.support.hierarchical.NodeTestTask.executeRecursively(NodeTestTask.java:126)
	at org.junit.platform.engine.support.hierarchical.NodeTestTask.execute(NodeTestTask.java:84)
	at java.base/java.util.ArrayList.forEach(ArrayList.java:1511)
	at org.junit.platform.engine.support.hierarchical.SameThreadHierarchicalTestExecutorService.invokeAll(SameThreadHierarchicalTestExecutorService.java:38)
	at org.junit.platform.engine.support.hierarchical.NodeTestTask.lambda$executeRecursively$5(NodeTestTask.java:143)
	at org.junit.platform.engine.support.hierarchical.ThrowableCollector.execute(ThrowableCollector.java:73)
	at org.junit.platform.engine.support.hierarchical.NodeTestTask.lambda$executeRecursively$7(NodeTestTask.java:129)
	at org.junit.platform.engine.support.hierarchical.Node.around(Node.java:137)
	at org.junit.platform.engine.support.hierarchical.NodeTestTask.lambda$executeRecursively$8(NodeTestTask.java:127)
	at org.junit.platform.engine.support.hierarchical.ThrowableCollector.execute(ThrowableCollector.java:73)
	at org.junit.platform.engine.support.hierarchical.NodeTestTask.executeRecursively(NodeTestTask.java:126)
	at org.junit.platform.engine.support.hierarchical.NodeTestTask.execute(NodeTestTask.java:84)
	at org.junit.platform.engine.support.hierarchical.SameThreadHierarchicalTestExecutorService.submit(SameThreadHierarchicalTestExecutorService.java:32)
	at org.junit.platform.engine.support.hierarchical.HierarchicalTestExecutor.execute(HierarchicalTestExecutor.java:57)
	at org.junit.platform.engine.support.hierarchical.HierarchicalTestEngine.execute(HierarchicalTestEngine.java:51)
	at org.junit.platform.launcher.core.EngineExecutionOrchestrator.execute(EngineExecutionOrchestrator.java:108)
	at org.junit.platform.launcher.core.EngineExecutionOrchestrator.execute(EngineExecutionOrchestrator.java:88)
	at org.junit.platform.launcher.core.EngineExecutionOrchestrator.lambda$execute$0(EngineExecutionOrchestrator.java:54)
	at org.junit.platform.launcher.core.EngineExecutionOrchestrator.withInterceptedStreams(EngineExecutionOrchestrator.java:67)
	at org.junit.platform.launcher.core.EngineExecutionOrchestrator.execute(EngineExecutionOrchestrator.java:52)
	at org.junit.platform.launcher.core.DefaultLauncher.execute(DefaultLauncher.java:96)
	at org.junit.platform.launcher.core.DefaultLauncher.execute(DefaultLauncher.java:75)
	at org.junit.platform.console.tasks.ConsoleTestExecutor.executeTests(ConsoleTestExecutor.java:66)
	at org.junit.platform.console.tasks.ConsoleTestExecutor.lambda$execute$0(ConsoleTestExecutor.java:58)
	at org.junit.platform.console.tasks.CustomContextClassLoaderExecutor.replaceThreadContextClassLoaderAndInvoke(CustomContextClassLoaderExecutor.java:41)
	at org.junit.platform.console.tasks.CustomContextClassLoaderExecutor.invoke(CustomContextClassLoaderExecutor.java:31)
	at org.junit.platform.console.tasks.ConsoleTestExecutor.execute(ConsoleTestExecutor.java:58)
	at org.junit.platform.console.ConsoleLauncher.executeTests(ConsoleLauncher.java:95)
	at org.junit.platform.console.ConsoleLauncher.execute(ConsoleLauncher.java:73)
	at org.junit.platform.console.ConsoleLauncher.execute(ConsoleLauncher.java:50)
	at org.junit.platform.console.ConsoleLauncher.execute(ConsoleLauncher.java:43)
	at org.junit.platform.console.ConsoleLauncher.main(ConsoleLauncher.java:37)
]]></skipped>
<system-out><![CDATA[
unique-id: [engine:junit-jupiter]/[class:minebayd1.test.TestUser]/[test-template:testbuy(minebayd1.User, minebayd1.User, minebayd1.ClassifiedAd)]/[test-template-invocation:#43]
display-name: [43] Rosa a 41 annonces ouvertes, 3 annonces fermées et 1 achats 
, Ismael a 60 annonces ouvertes, 0 annonces fermées et 1 achats 
, L'annonce correspond à Annonce n°122 from Ismael crée le 2024-11-04T21:00:34.621577202Z et correpoond à BOOKS et est à 82euros
]]></system-out>
</testcase>
<testcase name="testbuy(User, User, ClassifiedAd)[44]" classname="minebayd1.test.TestUser" time="0.001">
<system-out><![CDATA[
unique-id: [engine:junit-jupiter]/[class:minebayd1.test.TestUser]/[test-template:testbuy(minebayd1.User, minebayd1.User, minebayd1.ClassifiedAd)]/[test-template-invocation:#44]
display-name: [44] Mounir a 59 annonces ouvertes, 2 annonces fermées et 0 achats 
, Imam a 49 annonces ouvertes, 1 annonces fermées et 1 achats 
, L'annonce correspond à Annonce n°1333 from Imam crée le 2024-11-04T21:00:34.608075419Z et correpoond à SHOES et est à 87euros
]]></system-out>
</testcase>
<testcase name="testbuy(User, User, ClassifiedAd)[45]" classname="minebayd1.test.TestUser" time="0">
<system-out><![CDATA[
unique-id: [engine:junit-jupiter]/[class:minebayd1.test.TestUser]/[test-template:testbuy(minebayd1.User, minebayd1.User, minebayd1.ClassifiedAd)]/[test-template-invocation:#45]
display-name: [45] Chanez a 58 annonces ouvertes, 1 annonces fermées et 0 achats 
, Adam a 51 annonces ouvertes, 1 annonces fermées et 1 achats 
, L'annonce correspond à Annonce n°893 from Adam crée le 2024-11-04T21:00:34.612426983Z et correpoond à COMPUTERS et est à 72euros
]]></system-out>
</testcase>
<testcase name="testbuy(User, User, ClassifiedAd)[46]" classname="minebayd1.test.TestUser" time="0">
<system-out><![CDATA[
unique-id: [engine:junit-jupiter]/[class:minebayd1.test.TestUser]/[test-template:testbuy(minebayd1.User, minebayd1.User, minebayd1.ClassifiedAd)]/[test-template-invocation:#46]
display-name: [46] Issa a 72 annonces ouvertes, 1 annonces fermées et 1 achats 
, Idir a 61 annonces ouvertes, 2 annonces fermées et 3 achats 
, L'annonce correspond à À vendre crée le 2024-11-04T21:00:35.545290523Z et correpoond à BOOKS et est à 1euros
]]></system-out>
</testcase>
<testcase name="testbuy(User, User, ClassifiedAd)[47]" classname="minebayd1.test.TestUser" time="0">
<skipped><![CDATA[org.opentest4j.TestAbortedException: Assumption failed: assumption is not true
	at org.junit.jupiter.api.Assumptions.throwTestAbortedException(Assumptions.java:256)
	at org.junit.jupiter.api.Assumptions.assumeTrue(Assumptions.java:115)
	at org.junit.jupiter.api.Assumptions.assumeTrue(Assumptions.java:66)
	at minebayd1.test.TestUser.testbuy(TestUser.java:693)
	at jdk.internal.reflect.GeneratedMethodAccessor4.invoke(Unknown Source)
	at java.base/jdk.internal.reflect.DelegatingMethodAccessorImpl.invoke(DelegatingMethodAccessorImpl.java:43)
	at java.base/java.lang.reflect.Method.invoke(Method.java:569)
	at org.junit.platform.commons.util.ReflectionUtils.invokeMethod(ReflectionUtils.java:688)
	at org.junit.jupiter.engine.execution.MethodInvocation.proceed(MethodInvocation.java:60)
	at org.junit.jupiter.engine.execution.InvocationInterceptorChain$ValidatingInvocation.proceed(InvocationInterceptorChain.java:131)
	at org.junit.jupiter.engine.extension.TimeoutExtension.intercept(TimeoutExtension.java:149)
	at org.junit.jupiter.engine.extension.TimeoutExtension.interceptTestableMethod(TimeoutExtension.java:140)
	at org.junit.jupiter.engine.extension.TimeoutExtension.interceptTestTemplateMethod(TimeoutExtension.java:92)
	at org.junit.jupiter.engine.execution.ExecutableInvoker$ReflectiveInterceptorCall.lambda$ofVoidMethod$0(ExecutableInvoker.java:115)
	at org.junit.jupiter.engine.execution.ExecutableInvoker.lambda$invoke$0(ExecutableInvoker.java:105)
	at org.junit.jupiter.engine.execution.InvocationInterceptorChain$InterceptedInvocation.proceed(InvocationInterceptorChain.java:106)
	at org.junit.jupiter.engine.execution.InvocationInterceptorChain.proceed(InvocationInterceptorChain.java:64)
	at org.junit.jupiter.engine.execution.InvocationInterceptorChain.chainAndInvoke(InvocationInterceptorChain.java:45)
	at org.junit.jupiter.engine.execution.InvocationInterceptorChain.invoke(InvocationInterceptorChain.java:37)
	at org.junit.jupiter.engine.execution.ExecutableInvoker.invoke(ExecutableInvoker.java:104)
	at org.junit.jupiter.engine.execution.ExecutableInvoker.invoke(ExecutableInvoker.java:98)
	at org.junit.jupiter.engine.descriptor.TestMethodTestDescriptor.lambda$invokeTestMethod$6(TestMethodTestDescriptor.java:210)
	at org.junit.platform.engine.support.hierarchical.ThrowableCollector.execute(ThrowableCollector.java:73)
	at org.junit.jupiter.engine.descriptor.TestMethodTestDescriptor.invokeTestMethod(TestMethodTestDescriptor.java:206)
	at org.junit.jupiter.engine.descriptor.TestMethodTestDescriptor.execute(TestMethodTestDescriptor.java:131)
	at org.junit.jupiter.engine.descriptor.TestMethodTestDescriptor.execute(TestMethodTestDescriptor.java:65)
	at org.junit.platform.engine.support.hierarchical.NodeTestTask.lambda$executeRecursively$5(NodeTestTask.java:139)
	at org.junit.platform.engine.support.hierarchical.ThrowableCollector.execute(ThrowableCollector.java:73)
	at org.junit.platform.engine.support.hierarchical.NodeTestTask.lambda$executeRecursively$7(NodeTestTask.java:129)
	at org.junit.platform.engine.support.hierarchical.Node.around(Node.java:137)
	at org.junit.platform.engine.support.hierarchical.NodeTestTask.lambda$executeRecursively$8(NodeTestTask.java:127)
	at org.junit.platform.engine.support.hierarchical.ThrowableCollector.execute(ThrowableCollector.java:73)
	at org.junit.platform.engine.support.hierarchical.NodeTestTask.executeRecursively(NodeTestTask.java:126)
	at org.junit.platform.engine.support.hierarchical.NodeTestTask.execute(NodeTestTask.java:84)
	at org.junit.platform.engine.support.hierarchical.SameThreadHierarchicalTestExecutorService.submit(SameThreadHierarchicalTestExecutorService.java:32)
	at org.junit.platform.engine.support.hierarchical.NodeTestTask$DefaultDynamicTestExecutor.execute(NodeTestTask.java:212)
	at org.junit.platform.engine.support.hierarchical.NodeTestTask$DefaultDynamicTestExecutor.execute(NodeTestTask.java:192)
	at org.junit.jupiter.engine.descriptor.TestTemplateTestDescriptor.execute(TestTemplateTestDescriptor.java:139)
	at org.junit.jupiter.engine.descriptor.TestTemplateTestDescriptor.lambda$execute$2(TestTemplateTestDescriptor.java:107)
	at java.base/java.util.stream.ForEachOps$ForEachOp$OfRef.accept(ForEachOps.java:183)
	at java.base/java.util.stream.ReferencePipeline$3$1.accept(ReferencePipeline.java:197)
	at java.base/java.util.stream.ReferencePipeline$2$1.accept(ReferencePipeline.java:179)
	at java.base/java.util.stream.ReferencePipeline$3$1.accept(ReferencePipeline.java:197)
	at java.base/java.util.stream.ForEachOps$ForEachOp$OfRef.accept(ForEachOps.java:183)
	at java.base/java.util.stream.ReferencePipeline$15$1.accept(ReferencePipeline.java:541)
	at java.base/java.util.stream.ReferencePipeline$3$1.accept(ReferencePipeline.java:197)
	at java.base/java.util.stream.ReferencePipeline$3$1.accept(ReferencePipeline.java:197)
	at java.base/java.util.stream.ReferencePipeline$3$1.accept(ReferencePipeline.java:197)
	at java.base/java.util.stream.ForEachOps$ForEachOp$OfRef.accept(ForEachOps.java:183)
	at java.base/java.util.stream.ReferencePipeline$3$1.accept(ReferencePipeline.java:197)
	at java.base/java.util.stream.ForEachOps$ForEachOp$OfRef.accept(ForEachOps.java:183)
	at java.base/java.util.stream.SliceOps$1$1.accept(SliceOps.java:200)
	at java.base/java.util.stream.StreamSpliterators$InfiniteSupplyingSpliterator$OfRef.tryAdvance(StreamSpliterators.java:1358)
	at java.base/java.util.stream.ReferencePipeline.forEachWithCancel(ReferencePipeline.java:129)
	at java.base/java.util.stream.AbstractPipeline.copyIntoWithCancel(AbstractPipeline.java:527)
	at java.base/java.util.stream.AbstractPipeline.copyInto(AbstractPipeline.java:513)
	at java.base/java.util.stream.AbstractPipeline.wrapAndCopyInto(AbstractPipeline.java:499)
	at java.base/java.util.stream.ForEachOps$ForEachOp.evaluateSequential(ForEachOps.java:150)
	at java.base/java.util.stream.ForEachOps$ForEachOp$OfRef.evaluateSequential(ForEachOps.java:173)
	at java.base/java.util.stream.AbstractPipeline.evaluate(AbstractPipeline.java:234)
	at java.base/java.util.stream.ReferencePipeline.forEach(ReferencePipeline.java:596)
	at java.base/java.util.stream.ReferencePipeline$7$1.accept(ReferencePipeline.java:276)
	at java.base/java.util.stream.ReferencePipeline$3$1.accept(ReferencePipeline.java:197)
	at java.base/java.util.stream.ReferencePipeline$3$1.accept(ReferencePipeline.java:197)
	at java.base/java.util.Spliterators$ArraySpliterator.forEachRemaining(Spliterators.java:992)
	at java.base/java.util.stream.AbstractPipeline.copyInto(AbstractPipeline.java:509)
	at java.base/java.util.stream.AbstractPipeline.wrapAndCopyInto(AbstractPipeline.java:499)
	at java.base/java.util.stream.ForEachOps$ForEachOp.evaluateSequential(ForEachOps.java:150)
	at java.base/java.util.stream.ForEachOps$ForEachOp$OfRef.evaluateSequential(ForEachOps.java:173)
	at java.base/java.util.stream.AbstractPipeline.evaluate(AbstractPipeline.java:234)
	at java.base/java.util.stream.ReferencePipeline.forEach(ReferencePipeline.java:596)
	at java.base/java.util.stream.ReferencePipeline$7$1.accept(ReferencePipeline.java:276)
	at java.base/java.util.stream.ReferencePipeline$3$1.accept(ReferencePipeline.java:197)
	at java.base/java.util.stream.ReferencePipeline$3$1.accept(ReferencePipeline.java:197)
	at java.base/java.util.stream.ReferencePipeline$3$1.accept(ReferencePipeline.java:197)
	at java.base/java.util.ArrayList$ArrayListSpliterator.forEachRemaining(ArrayList.java:1625)
	at java.base/java.util.stream.AbstractPipeline.copyInto(AbstractPipeline.java:509)
	at java.base/java.util.stream.AbstractPipeline.wrapAndCopyInto(AbstractPipeline.java:499)
	at java.base/java.util.stream.ForEachOps$ForEachOp.evaluateSequential(ForEachOps.java:150)
	at java.base/java.util.stream.ForEachOps$ForEachOp$OfRef.evaluateSequential(ForEachOps.java:173)
	at java.base/java.util.stream.AbstractPipeline.evaluate(AbstractPipeline.java:234)
	at java.base/java.util.stream.ReferencePipeline.forEach(ReferencePipeline.java:596)
	at java.base/java.util.stream.ReferencePipeline$7$1.accept(ReferencePipeline.java:276)
	at java.base/java.util.ArrayList$ArrayListSpliterator.forEachRemaining(ArrayList.java:1625)
	at java.base/java.util.stream.AbstractPipeline.copyInto(AbstractPipeline.java:509)
	at java.base/java.util.stream.AbstractPipeline.wrapAndCopyInto(AbstractPipeline.java:499)
	at java.base/java.util.stream.ForEachOps$ForEachOp.evaluateSequential(ForEachOps.java:150)
	at java.base/java.util.stream.ForEachOps$ForEachOp$OfRef.evaluateSequential(ForEachOps.java:173)
	at java.base/java.util.stream.AbstractPipeline.evaluate(AbstractPipeline.java:234)
	at java.base/java.util.stream.ReferencePipeline.forEach(ReferencePipeline.java:596)
	at org.junit.jupiter.engine.descriptor.TestTemplateTestDescriptor.execute(TestTemplateTestDescriptor.java:107)
	at org.junit.jupiter.engine.descriptor.TestTemplateTestDescriptor.execute(TestTemplateTestDescriptor.java:42)
	at org.junit.platform.engine.support.hierarchical.NodeTestTask.lambda$executeRecursively$5(NodeTestTask.java:139)
	at org.junit.platform.engine.support.hierarchical.ThrowableCollector.execute(ThrowableCollector.java:73)
	at org.junit.platform.engine.support.hierarchical.NodeTestTask.lambda$executeRecursively$7(NodeTestTask.java:129)
	at org.junit.platform.engine.support.hierarchical.Node.around(Node.java:137)
	at org.junit.platform.engine.support.hierarchical.NodeTestTask.lambda$executeRecursively$8(NodeTestTask.java:127)
	at org.junit.platform.engine.support.hierarchical.ThrowableCollector.execute(ThrowableCollector.java:73)
	at org.junit.platform.engine.support.hierarchical.NodeTestTask.executeRecursively(NodeTestTask.java:126)
	at org.junit.platform.engine.support.hierarchical.NodeTestTask.execute(NodeTestTask.java:84)
	at java.base/java.util.ArrayList.forEach(ArrayList.java:1511)
	at org.junit.platform.engine.support.hierarchical.SameThreadHierarchicalTestExecutorService.invokeAll(SameThreadHierarchicalTestExecutorService.java:38)
	at org.junit.platform.engine.support.hierarchical.NodeTestTask.lambda$executeRecursively$5(NodeTestTask.java:143)
	at org.junit.platform.engine.support.hierarchical.ThrowableCollector.execute(ThrowableCollector.java:73)
	at org.junit.platform.engine.support.hierarchical.NodeTestTask.lambda$executeRecursively$7(NodeTestTask.java:129)
	at org.junit.platform.engine.support.hierarchical.Node.around(Node.java:137)
	at org.junit.platform.engine.support.hierarchical.NodeTestTask.lambda$executeRecursively$8(NodeTestTask.java:127)
	at org.junit.platform.engine.support.hierarchical.ThrowableCollector.execute(ThrowableCollector.java:73)
	at org.junit.platform.engine.support.hierarchical.NodeTestTask.executeRecursively(NodeTestTask.java:126)
	at org.junit.platform.engine.support.hierarchical.NodeTestTask.execute(NodeTestTask.java:84)
	at java.base/java.util.ArrayList.forEach(ArrayList.java:1511)
	at org.junit.platform.engine.support.hierarchical.SameThreadHierarchicalTestExecutorService.invokeAll(SameThreadHierarchicalTestExecutorService.java:38)
	at org.junit.platform.engine.support.hierarchical.NodeTestTask.lambda$executeRecursively$5(NodeTestTask.java:143)
	at org.junit.platform.engine.support.hierarchical.ThrowableCollector.execute(ThrowableCollector.java:73)
	at org.junit.platform.engine.support.hierarchical.NodeTestTask.lambda$executeRecursively$7(NodeTestTask.java:129)
	at org.junit.platform.engine.support.hierarchical.Node.around(Node.java:137)
	at org.junit.platform.engine.support.hierarchical.NodeTestTask.lambda$executeRecursively$8(NodeTestTask.java:127)
	at org.junit.platform.engine.support.hierarchical.ThrowableCollector.execute(ThrowableCollector.java:73)
	at org.junit.platform.engine.support.hierarchical.NodeTestTask.executeRecursively(NodeTestTask.java:126)
	at org.junit.platform.engine.support.hierarchical.NodeTestTask.execute(NodeTestTask.java:84)
	at org.junit.platform.engine.support.hierarchical.SameThreadHierarchicalTestExecutorService.submit(SameThreadHierarchicalTestExecutorService.java:32)
	at org.junit.platform.engine.support.hierarchical.HierarchicalTestExecutor.execute(HierarchicalTestExecutor.java:57)
	at org.junit.platform.engine.support.hierarchical.HierarchicalTestEngine.execute(HierarchicalTestEngine.java:51)
	at org.junit.platform.launcher.core.EngineExecutionOrchestrator.execute(EngineExecutionOrchestrator.java:108)
	at org.junit.platform.launcher.core.EngineExecutionOrchestrator.execute(EngineExecutionOrchestrator.java:88)
	at org.junit.platform.launcher.core.EngineExecutionOrchestrator.lambda$execute$0(EngineExecutionOrchestrator.java:54)
	at org.junit.platform.launcher.core.EngineExecutionOrchestrator.withInterceptedStreams(EngineExecutionOrchestrator.java:67)
	at org.junit.platform.launcher.core.EngineExecutionOrchestrator.execute(EngineExecutionOrchestrator.java:52)
	at org.junit.platform.launcher.core.DefaultLauncher.execute(DefaultLauncher.java:96)
	at org.junit.platform.launcher.core.DefaultLauncher.execute(DefaultLauncher.java:75)
	at org.junit.platform.console.tasks.ConsoleTestExecutor.executeTests(ConsoleTestExecutor.java:66)
	at org.junit.platform.console.tasks.ConsoleTestExecutor.lambda$execute$0(ConsoleTestExecutor.java:58)
	at org.junit.platform.console.tasks.CustomContextClassLoaderExecutor.replaceThreadContextClassLoaderAndInvoke(CustomContextClassLoaderExecutor.java:41)
	at org.junit.platform.console.tasks.CustomContextClassLoaderExecutor.invoke(CustomContextClassLoaderExecutor.java:31)
	at org.junit.platform.console.tasks.ConsoleTestExecutor.execute(ConsoleTestExecutor.java:58)
	at org.junit.platform.console.ConsoleLauncher.executeTests(ConsoleLauncher.java:95)
	at org.junit.platform.console.ConsoleLauncher.execute(ConsoleLauncher.java:73)
	at org.junit.platform.console.ConsoleLauncher.execute(ConsoleLauncher.java:50)
	at org.junit.platform.console.ConsoleLauncher.execute(ConsoleLauncher.java:43)
	at org.junit.platform.console.ConsoleLauncher.main(ConsoleLauncher.java:37)
]]></skipped>
<system-out><![CDATA[
unique-id: [engine:junit-jupiter]/[class:minebayd1.test.TestUser]/[test-template:testbuy(minebayd1.User, minebayd1.User, minebayd1.ClassifiedAd)]/[test-template-invocation:#47]
display-name: [47] Nima a 51 annonces ouvertes, 0 annonces fermées et 2 achats 
, Pierre a 44 annonces ouvertes, 2 annonces fermées et 0 achats 
, L'annonce correspond à Annonce n°1066 from Pierre crée le 2024-11-04T21:00:34.610135304Z et correpoond à COMPUTERS et est à 60euros
]]></system-out>
</testcase>
<testcase name="testbuy(User, User, ClassifiedAd)[48]" classname="minebayd1.test.TestUser" time="0">
<system-out><![CDATA[
unique-id: [engine:junit-jupiter]/[class:minebayd1.test.TestUser]/[test-template:testbuy(minebayd1.User, minebayd1.User, minebayd1.ClassifiedAd)]/[test-template-invocation:#48]
display-name: [48] Lisa a 46 annonces ouvertes, 3 annonces fermées et 0 achats 
, Lamia a 78 annonces ouvertes, 0 annonces fermées et 0 achats 
, L'annonce correspond à Annonce n°911 from Lamia crée le 2024-11-04T21:00:34.612046323Z et correpoond à SHOES et est à 5euros
]]></system-out>
</testcase>
<testcase name="testbuy(User, User, ClassifiedAd)[49]" classname="minebayd1.test.TestUser" time="0">
<system-out><![CDATA[
unique-id: [engine:junit-jupiter]/[class:minebayd1.test.TestUser]/[test-template:testbuy(minebayd1.User, minebayd1.User, minebayd1.ClassifiedAd)]/[test-template-invocation:#49]
display-name: [49] Mohamed a 47 annonces ouvertes, 0 annonces fermées et 1 achats 
, Ali a 60 annonces ouvertes, 3 annonces fermées et 0 achats 
, L'annonce correspond à Annonce n°730 from Ali crée le 2024-11-04T21:00:34.614955795Z et correpoond à CLOTHES et est à 5euros
]]></system-out>
</testcase>
<testcase name="testbuy(User, User, ClassifiedAd)[50]" classname="minebayd1.test.TestUser" time="0">
<system-out><![CDATA[
unique-id: [engine:junit-jupiter]/[class:minebayd1.test.TestUser]/[test-template:testbuy(minebayd1.User, minebayd1.User, minebayd1.ClassifiedAd)]/[test-template-invocation:#50]
display-name: [50] Lamia a 77 annonces ouvertes, 1 annonces fermées et 0 achats 
, Imam a 48 annonces ouvertes, 2 annonces fermées et 1 achats 
, L'annonce correspond à Annonce n°270 from Imam crée le 2024-11-04T21:00:34.620239236Z et correpoond à GAMES et est à 28euros
]]></system-out>
</testcase>
<testcase name="testbuy(User, User, ClassifiedAd)[51]" classname="minebayd1.test.TestUser" time="0">
<system-out><![CDATA[
unique-id: [engine:junit-jupiter]/[class:minebayd1.test.TestUser]/[test-template:testbuy(minebayd1.User, minebayd1.User, minebayd1.ClassifiedAd)]/[test-template-invocation:#51]
display-name: [51] Ali a 59 annonces ouvertes, 4 annonces fermées et 0 achats 
, Ziad a 50 annonces ouvertes, 2 annonces fermées et 2 achats 
, L'annonce correspond à Annonce n°1122 from Ziad crée le 2024-11-04T21:00:34.609753228Z et correpoond à BOOKS et est à 63euros
]]></system-out>
</testcase>
<testcase name="testbuy(User, User, ClassifiedAd)[52]" classname="minebayd1.test.TestUser" time="0">
<system-out><![CDATA[
unique-id: [engine:junit-jupiter]/[class:minebayd1.test.TestUser]/[test-template:testbuy(minebayd1.User, minebayd1.User, minebayd1.ClassifiedAd)]/[test-template-invocation:#52]
display-name: [52] Pierre a 44 annonces ouvertes, 2 annonces fermées et 0 achats 
, Sheraz a 51 annonces ouvertes, 1 annonces fermées et 3 achats 
, L'annonce correspond à Annonce n°315 from Sheraz crée le 2024-11-04T21:00:34.619761549Z et correpoond à BOOKS et est à 48euros
]]></system-out>
</testcase>
<testcase name="testbuy(User, User, ClassifiedAd)[53]" classname="minebayd1.test.TestUser" time="0">
<system-out><![CDATA[
unique-id: [engine:junit-jupiter]/[class:minebayd1.test.TestUser]/[test-template:testbuy(minebayd1.User, minebayd1.User, minebayd1.ClassifiedAd)]/[test-template-invocation:#53]
display-name: [53] Lyes a 66 annonces ouvertes, 0 annonces fermées et 0 achats 
, Rosa a 41 annonces ouvertes, 3 annonces fermées et 1 achats 
, L'annonce correspond à Annonce n°274 from Rosa crée le 2024-11-04T21:00:34.620198173Z et correpoond à COMPUTERS et est à 69euros
]]></system-out>
</testcase>
<testcase name="testbuy(User, User, ClassifiedAd)[54]" classname="minebayd1.test.TestUser" time="0">
<system-out><![CDATA[
unique-id: [engine:junit-jupiter]/[class:minebayd1.test.TestUser]/[test-template:testbuy(minebayd1.User, minebayd1.User, minebayd1.ClassifiedAd)]/[test-template-invocation:#54]
display-name: [54] Lisa a 46 annonces ouvertes, 3 annonces fermées et 1 achats 
, Ali a 59 annonces ouvertes, 4 annonces fermées et 1 achats 
, L'annonce correspond à Annonce n°1100 from Ali crée le 2024-11-04T21:00:34.609911594Z et correpoond à GAMES et est à 14euros
]]></system-out>
</testcase>
<testcase name="testbuy(User, User, ClassifiedAd)[55]" classname="minebayd1.test.TestUser" time="0">
<skipped><![CDATA[org.opentest4j.TestAbortedException: Assumption failed: assumption is not true
	at org.junit.jupiter.api.Assumptions.throwTestAbortedException(Assumptions.java:256)
	at org.junit.jupiter.api.Assumptions.assumeTrue(Assumptions.java:115)
	at org.junit.jupiter.api.Assumptions.assumeTrue(Assumptions.java:66)
	at minebayd1.test.TestUser.testbuy(TestUser.java:693)
	at jdk.internal.reflect.GeneratedMethodAccessor4.invoke(Unknown Source)
	at java.base/jdk.internal.reflect.DelegatingMethodAccessorImpl.invoke(DelegatingMethodAccessorImpl.java:43)
	at java.base/java.lang.reflect.Method.invoke(Method.java:569)
	at org.junit.platform.commons.util.ReflectionUtils.invokeMethod(ReflectionUtils.java:688)
	at org.junit.jupiter.engine.execution.MethodInvocation.proceed(MethodInvocation.java:60)
	at org.junit.jupiter.engine.execution.InvocationInterceptorChain$ValidatingInvocation.proceed(InvocationInterceptorChain.java:131)
	at org.junit.jupiter.engine.extension.TimeoutExtension.intercept(TimeoutExtension.java:149)
	at org.junit.jupiter.engine.extension.TimeoutExtension.interceptTestableMethod(TimeoutExtension.java:140)
	at org.junit.jupiter.engine.extension.TimeoutExtension.interceptTestTemplateMethod(TimeoutExtension.java:92)
	at org.junit.jupiter.engine.execution.ExecutableInvoker$ReflectiveInterceptorCall.lambda$ofVoidMethod$0(ExecutableInvoker.java:115)
	at org.junit.jupiter.engine.execution.ExecutableInvoker.lambda$invoke$0(ExecutableInvoker.java:105)
	at org.junit.jupiter.engine.execution.InvocationInterceptorChain$InterceptedInvocation.proceed(InvocationInterceptorChain.java:106)
	at org.junit.jupiter.engine.execution.InvocationInterceptorChain.proceed(InvocationInterceptorChain.java:64)
	at org.junit.jupiter.engine.execution.InvocationInterceptorChain.chainAndInvoke(InvocationInterceptorChain.java:45)
	at org.junit.jupiter.engine.execution.InvocationInterceptorChain.invoke(InvocationInterceptorChain.java:37)
	at org.junit.jupiter.engine.execution.ExecutableInvoker.invoke(ExecutableInvoker.java:104)
	at org.junit.jupiter.engine.execution.ExecutableInvoker.invoke(ExecutableInvoker.java:98)
	at org.junit.jupiter.engine.descriptor.TestMethodTestDescriptor.lambda$invokeTestMethod$6(TestMethodTestDescriptor.java:210)
	at org.junit.platform.engine.support.hierarchical.ThrowableCollector.execute(ThrowableCollector.java:73)
	at org.junit.jupiter.engine.descriptor.TestMethodTestDescriptor.invokeTestMethod(TestMethodTestDescriptor.java:206)
	at org.junit.jupiter.engine.descriptor.TestMethodTestDescriptor.execute(TestMethodTestDescriptor.java:131)
	at org.junit.jupiter.engine.descriptor.TestMethodTestDescriptor.execute(TestMethodTestDescriptor.java:65)
	at org.junit.platform.engine.support.hierarchical.NodeTestTask.lambda$executeRecursively$5(NodeTestTask.java:139)
	at org.junit.platform.engine.support.hierarchical.ThrowableCollector.execute(ThrowableCollector.java:73)
	at org.junit.platform.engine.support.hierarchical.NodeTestTask.lambda$executeRecursively$7(NodeTestTask.java:129)
	at org.junit.platform.engine.support.hierarchical.Node.around(Node.java:137)
	at org.junit.platform.engine.support.hierarchical.NodeTestTask.lambda$executeRecursively$8(NodeTestTask.java:127)
	at org.junit.platform.engine.support.hierarchical.ThrowableCollector.execute(ThrowableCollector.java:73)
	at org.junit.platform.engine.support.hierarchical.NodeTestTask.executeRecursively(NodeTestTask.java:126)
	at org.junit.platform.engine.support.hierarchical.NodeTestTask.execute(NodeTestTask.java:84)
	at org.junit.platform.engine.support.hierarchical.SameThreadHierarchicalTestExecutorService.submit(SameThreadHierarchicalTestExecutorService.java:32)
	at org.junit.platform.engine.support.hierarchical.NodeTestTask$DefaultDynamicTestExecutor.execute(NodeTestTask.java:212)
	at org.junit.platform.engine.support.hierarchical.NodeTestTask$DefaultDynamicTestExecutor.execute(NodeTestTask.java:192)
	at org.junit.jupiter.engine.descriptor.TestTemplateTestDescriptor.execute(TestTemplateTestDescriptor.java:139)
	at org.junit.jupiter.engine.descriptor.TestTemplateTestDescriptor.lambda$execute$2(TestTemplateTestDescriptor.java:107)
	at java.base/java.util.stream.ForEachOps$ForEachOp$OfRef.accept(ForEachOps.java:183)
	at java.base/java.util.stream.ReferencePipeline$3$1.accept(ReferencePipeline.java:197)
	at java.base/java.util.stream.ReferencePipeline$2$1.accept(ReferencePipeline.java:179)
	at java.base/java.util.stream.ReferencePipeline$3$1.accept(ReferencePipeline.java:197)
	at java.base/java.util.stream.ForEachOps$ForEachOp$OfRef.accept(ForEachOps.java:183)
	at java.base/java.util.stream.ReferencePipeline$15$1.accept(ReferencePipeline.java:541)
	at java.base/java.util.stream.ReferencePipeline$3$1.accept(ReferencePipeline.java:197)
	at java.base/java.util.stream.ReferencePipeline$3$1.accept(ReferencePipeline.java:197)
	at java.base/java.util.stream.ReferencePipeline$3$1.accept(ReferencePipeline.java:197)
	at java.base/java.util.stream.ForEachOps$ForEachOp$OfRef.accept(ForEachOps.java:183)
	at java.base/java.util.stream.ReferencePipeline$3$1.accept(ReferencePipeline.java:197)
	at java.base/java.util.stream.ForEachOps$ForEachOp$OfRef.accept(ForEachOps.java:183)
	at java.base/java.util.stream.SliceOps$1$1.accept(SliceOps.java:200)
	at java.base/java.util.stream.StreamSpliterators$InfiniteSupplyingSpliterator$OfRef.tryAdvance(StreamSpliterators.java:1358)
	at java.base/java.util.stream.ReferencePipeline.forEachWithCancel(ReferencePipeline.java:129)
	at java.base/java.util.stream.AbstractPipeline.copyIntoWithCancel(AbstractPipeline.java:527)
	at java.base/java.util.stream.AbstractPipeline.copyInto(AbstractPipeline.java:513)
	at java.base/java.util.stream.AbstractPipeline.wrapAndCopyInto(AbstractPipeline.java:499)
	at java.base/java.util.stream.ForEachOps$ForEachOp.evaluateSequential(ForEachOps.java:150)
	at java.base/java.util.stream.ForEachOps$ForEachOp$OfRef.evaluateSequential(ForEachOps.java:173)
	at java.base/java.util.stream.AbstractPipeline.evaluate(AbstractPipeline.java:234)
	at java.base/java.util.stream.ReferencePipeline.forEach(ReferencePipeline.java:596)
	at java.base/java.util.stream.ReferencePipeline$7$1.accept(ReferencePipeline.java:276)
	at java.base/java.util.stream.ReferencePipeline$3$1.accept(ReferencePipeline.java:197)
	at java.base/java.util.stream.ReferencePipeline$3$1.accept(ReferencePipeline.java:197)
	at java.base/java.util.Spliterators$ArraySpliterator.forEachRemaining(Spliterators.java:992)
	at java.base/java.util.stream.AbstractPipeline.copyInto(AbstractPipeline.java:509)
	at java.base/java.util.stream.AbstractPipeline.wrapAndCopyInto(AbstractPipeline.java:499)
	at java.base/java.util.stream.ForEachOps$ForEachOp.evaluateSequential(ForEachOps.java:150)
	at java.base/java.util.stream.ForEachOps$ForEachOp$OfRef.evaluateSequential(ForEachOps.java:173)
	at java.base/java.util.stream.AbstractPipeline.evaluate(AbstractPipeline.java:234)
	at java.base/java.util.stream.ReferencePipeline.forEach(ReferencePipeline.java:596)
	at java.base/java.util.stream.ReferencePipeline$7$1.accept(ReferencePipeline.java:276)
	at java.base/java.util.stream.ReferencePipeline$3$1.accept(ReferencePipeline.java:197)
	at java.base/java.util.stream.ReferencePipeline$3$1.accept(ReferencePipeline.java:197)
	at java.base/java.util.stream.ReferencePipeline$3$1.accept(ReferencePipeline.java:197)
	at java.base/java.util.ArrayList$ArrayListSpliterator.forEachRemaining(ArrayList.java:1625)
	at java.base/java.util.stream.AbstractPipeline.copyInto(AbstractPipeline.java:509)
	at java.base/java.util.stream.AbstractPipeline.wrapAndCopyInto(AbstractPipeline.java:499)
	at java.base/java.util.stream.ForEachOps$ForEachOp.evaluateSequential(ForEachOps.java:150)
	at java.base/java.util.stream.ForEachOps$ForEachOp$OfRef.evaluateSequential(ForEachOps.java:173)
	at java.base/java.util.stream.AbstractPipeline.evaluate(AbstractPipeline.java:234)
	at java.base/java.util.stream.ReferencePipeline.forEach(ReferencePipeline.java:596)
	at java.base/java.util.stream.ReferencePipeline$7$1.accept(ReferencePipeline.java:276)
	at java.base/java.util.ArrayList$ArrayListSpliterator.forEachRemaining(ArrayList.java:1625)
	at java.base/java.util.stream.AbstractPipeline.copyInto(AbstractPipeline.java:509)
	at java.base/java.util.stream.AbstractPipeline.wrapAndCopyInto(AbstractPipeline.java:499)
	at java.base/java.util.stream.ForEachOps$ForEachOp.evaluateSequential(ForEachOps.java:150)
	at java.base/java.util.stream.ForEachOps$ForEachOp$OfRef.evaluateSequential(ForEachOps.java:173)
	at java.base/java.util.stream.AbstractPipeline.evaluate(AbstractPipeline.java:234)
	at java.base/java.util.stream.ReferencePipeline.forEach(ReferencePipeline.java:596)
	at org.junit.jupiter.engine.descriptor.TestTemplateTestDescriptor.execute(TestTemplateTestDescriptor.java:107)
	at org.junit.jupiter.engine.descriptor.TestTemplateTestDescriptor.execute(TestTemplateTestDescriptor.java:42)
	at org.junit.platform.engine.support.hierarchical.NodeTestTask.lambda$executeRecursively$5(NodeTestTask.java:139)
	at org.junit.platform.engine.support.hierarchical.ThrowableCollector.execute(ThrowableCollector.java:73)
	at org.junit.platform.engine.support.hierarchical.NodeTestTask.lambda$executeRecursively$7(NodeTestTask.java:129)
	at org.junit.platform.engine.support.hierarchical.Node.around(Node.java:137)
	at org.junit.platform.engine.support.hierarchical.NodeTestTask.lambda$executeRecursively$8(NodeTestTask.java:127)
	at org.junit.platform.engine.support.hierarchical.ThrowableCollector.execute(ThrowableCollector.java:73)
	at org.junit.platform.engine.support.hierarchical.NodeTestTask.executeRecursively(NodeTestTask.java:126)
	at org.junit.platform.engine.support.hierarchical.NodeTestTask.execute(NodeTestTask.java:84)
	at java.base/java.util.ArrayList.forEach(ArrayList.java:1511)
	at org.junit.platform.engine.support.hierarchical.SameThreadHierarchicalTestExecutorService.invokeAll(SameThreadHierarchicalTestExecutorService.java:38)
	at org.junit.platform.engine.support.hierarchical.NodeTestTask.lambda$executeRecursively$5(NodeTestTask.java:143)
	at org.junit.platform.engine.support.hierarchical.ThrowableCollector.execute(ThrowableCollector.java:73)
	at org.junit.platform.engine.support.hierarchical.NodeTestTask.lambda$executeRecursively$7(NodeTestTask.java:129)
	at org.junit.platform.engine.support.hierarchical.Node.around(Node.java:137)
	at org.junit.platform.engine.support.hierarchical.NodeTestTask.lambda$executeRecursively$8(NodeTestTask.java:127)
	at org.junit.platform.engine.support.hierarchical.ThrowableCollector.execute(ThrowableCollector.java:73)
	at org.junit.platform.engine.support.hierarchical.NodeTestTask.executeRecursively(NodeTestTask.java:126)
	at org.junit.platform.engine.support.hierarchical.NodeTestTask.execute(NodeTestTask.java:84)
	at java.base/java.util.ArrayList.forEach(ArrayList.java:1511)
	at org.junit.platform.engine.support.hierarchical.SameThreadHierarchicalTestExecutorService.invokeAll(SameThreadHierarchicalTestExecutorService.java:38)
	at org.junit.platform.engine.support.hierarchical.NodeTestTask.lambda$executeRecursively$5(NodeTestTask.java:143)
	at org.junit.platform.engine.support.hierarchical.ThrowableCollector.execute(ThrowableCollector.java:73)
	at org.junit.platform.engine.support.hierarchical.NodeTestTask.lambda$executeRecursively$7(NodeTestTask.java:129)
	at org.junit.platform.engine.support.hierarchical.Node.around(Node.java:137)
	at org.junit.platform.engine.support.hierarchical.NodeTestTask.lambda$executeRecursively$8(NodeTestTask.java:127)
	at org.junit.platform.engine.support.hierarchical.ThrowableCollector.execute(ThrowableCollector.java:73)
	at org.junit.platform.engine.support.hierarchical.NodeTestTask.executeRecursively(NodeTestTask.java:126)
	at org.junit.platform.engine.support.hierarchical.NodeTestTask.execute(NodeTestTask.java:84)
	at org.junit.platform.engine.support.hierarchical.SameThreadHierarchicalTestExecutorService.submit(SameThreadHierarchicalTestExecutorService.java:32)
	at org.junit.platform.engine.support.hierarchical.HierarchicalTestExecutor.execute(HierarchicalTestExecutor.java:57)
	at org.junit.platform.engine.support.hierarchical.HierarchicalTestEngine.execute(HierarchicalTestEngine.java:51)
	at org.junit.platform.launcher.core.EngineExecutionOrchestrator.execute(EngineExecutionOrchestrator.java:108)
	at org.junit.platform.launcher.core.EngineExecutionOrchestrator.execute(EngineExecutionOrchestrator.java:88)
	at org.junit.platform.launcher.core.EngineExecutionOrchestrator.lambda$execute$0(EngineExecutionOrchestrator.java:54)
	at org.junit.platform.launcher.core.EngineExecutionOrchestrator.withInterceptedStreams(EngineExecutionOrchestrator.java:67)
	at org.junit.platform.launcher.core.EngineExecutionOrchestrator.execute(EngineExecutionOrchestrator.java:52)
	at org.junit.platform.launcher.core.DefaultLauncher.execute(DefaultLauncher.java:96)
	at org.junit.platform.launcher.core.DefaultLauncher.execute(DefaultLauncher.java:75)
	at org.junit.platform.console.tasks.ConsoleTestExecutor.executeTests(ConsoleTestExecutor.java:66)
	at org.junit.platform.console.tasks.ConsoleTestExecutor.lambda$execute$0(ConsoleTestExecutor.java:58)
	at org.junit.platform.console.tasks.CustomContextClassLoaderExecutor.replaceThreadContextClassLoaderAndInvoke(CustomContextClassLoaderExecutor.java:41)
	at org.junit.platform.console.tasks.CustomContextClassLoaderExecutor.invoke(CustomContextClassLoaderExecutor.java:31)
	at org.junit.platform.console.tasks.ConsoleTestExecutor.execute(ConsoleTestExecutor.java:58)
	at org.junit.platform.console.ConsoleLauncher.executeTests(ConsoleLauncher.java:95)
	at org.junit.platform.console.ConsoleLauncher.execute(ConsoleLauncher.java:73)
	at org.junit.platform.console.ConsoleLauncher.execute(ConsoleLauncher.java:50)
	at org.junit.platform.console.ConsoleLauncher.execute(ConsoleLauncher.java:43)
	at org.junit.platform.console.ConsoleLauncher.main(ConsoleLauncher.java:37)
]]></skipped>
<system-out><![CDATA[
unique-id: [engine:junit-jupiter]/[class:minebayd1.test.TestUser]/[test-template:testbuy(minebayd1.User, minebayd1.User, minebayd1.ClassifiedAd)]/[test-template-invocation:#55]
display-name: [55] Faycal a 53 annonces ouvertes, 1 annonces fermées et 2 achats 
, Idir a 60 annonces ouvertes, 3 annonces fermées et 3 achats 
, L'annonce correspond à Annonce n°1030 from Idir crée le 2024-11-04T21:00:34.610819167Z et correpoond à BOOKS et est à 38euros
]]></system-out>
</testcase>
<testcase name="testbuy(User, User, ClassifiedAd)[56]" classname="minebayd1.test.TestUser" time="0">
<skipped><![CDATA[org.opentest4j.TestAbortedException: Assumption failed: assumption is not true
	at org.junit.jupiter.api.Assumptions.throwTestAbortedException(Assumptions.java:256)
	at org.junit.jupiter.api.Assumptions.assumeTrue(Assumptions.java:115)
	at org.junit.jupiter.api.Assumptions.assumeTrue(Assumptions.java:66)
	at minebayd1.test.TestUser.testbuy(TestUser.java:693)
	at jdk.internal.reflect.GeneratedMethodAccessor4.invoke(Unknown Source)
	at java.base/jdk.internal.reflect.DelegatingMethodAccessorImpl.invoke(DelegatingMethodAccessorImpl.java:43)
	at java.base/java.lang.reflect.Method.invoke(Method.java:569)
	at org.junit.platform.commons.util.ReflectionUtils.invokeMethod(ReflectionUtils.java:688)
	at org.junit.jupiter.engine.execution.MethodInvocation.proceed(MethodInvocation.java:60)
	at org.junit.jupiter.engine.execution.InvocationInterceptorChain$ValidatingInvocation.proceed(InvocationInterceptorChain.java:131)
	at org.junit.jupiter.engine.extension.TimeoutExtension.intercept(TimeoutExtension.java:149)
	at org.junit.jupiter.engine.extension.TimeoutExtension.interceptTestableMethod(TimeoutExtension.java:140)
	at org.junit.jupiter.engine.extension.TimeoutExtension.interceptTestTemplateMethod(TimeoutExtension.java:92)
	at org.junit.jupiter.engine.execution.ExecutableInvoker$ReflectiveInterceptorCall.lambda$ofVoidMethod$0(ExecutableInvoker.java:115)
	at org.junit.jupiter.engine.execution.ExecutableInvoker.lambda$invoke$0(ExecutableInvoker.java:105)
	at org.junit.jupiter.engine.execution.InvocationInterceptorChain$InterceptedInvocation.proceed(InvocationInterceptorChain.java:106)
	at org.junit.jupiter.engine.execution.InvocationInterceptorChain.proceed(InvocationInterceptorChain.java:64)
	at org.junit.jupiter.engine.execution.InvocationInterceptorChain.chainAndInvoke(InvocationInterceptorChain.java:45)
	at org.junit.jupiter.engine.execution.InvocationInterceptorChain.invoke(InvocationInterceptorChain.java:37)
	at org.junit.jupiter.engine.execution.ExecutableInvoker.invoke(ExecutableInvoker.java:104)
	at org.junit.jupiter.engine.execution.ExecutableInvoker.invoke(ExecutableInvoker.java:98)
	at org.junit.jupiter.engine.descriptor.TestMethodTestDescriptor.lambda$invokeTestMethod$6(TestMethodTestDescriptor.java:210)
	at org.junit.platform.engine.support.hierarchical.ThrowableCollector.execute(ThrowableCollector.java:73)
	at org.junit.jupiter.engine.descriptor.TestMethodTestDescriptor.invokeTestMethod(TestMethodTestDescriptor.java:206)
	at org.junit.jupiter.engine.descriptor.TestMethodTestDescriptor.execute(TestMethodTestDescriptor.java:131)
	at org.junit.jupiter.engine.descriptor.TestMethodTestDescriptor.execute(TestMethodTestDescriptor.java:65)
	at org.junit.platform.engine.support.hierarchical.NodeTestTask.lambda$executeRecursively$5(NodeTestTask.java:139)
	at org.junit.platform.engine.support.hierarchical.ThrowableCollector.execute(ThrowableCollector.java:73)
	at org.junit.platform.engine.support.hierarchical.NodeTestTask.lambda$executeRecursively$7(NodeTestTask.java:129)
	at org.junit.platform.engine.support.hierarchical.Node.around(Node.java:137)
	at org.junit.platform.engine.support.hierarchical.NodeTestTask.lambda$executeRecursively$8(NodeTestTask.java:127)
	at org.junit.platform.engine.support.hierarchical.ThrowableCollector.execute(ThrowableCollector.java:73)
	at org.junit.platform.engine.support.hierarchical.NodeTestTask.executeRecursively(NodeTestTask.java:126)
	at org.junit.platform.engine.support.hierarchical.NodeTestTask.execute(NodeTestTask.java:84)
	at org.junit.platform.engine.support.hierarchical.SameThreadHierarchicalTestExecutorService.submit(SameThreadHierarchicalTestExecutorService.java:32)
	at org.junit.platform.engine.support.hierarchical.NodeTestTask$DefaultDynamicTestExecutor.execute(NodeTestTask.java:212)
	at org.junit.platform.engine.support.hierarchical.NodeTestTask$DefaultDynamicTestExecutor.execute(NodeTestTask.java:192)
	at org.junit.jupiter.engine.descriptor.TestTemplateTestDescriptor.execute(TestTemplateTestDescriptor.java:139)
	at org.junit.jupiter.engine.descriptor.TestTemplateTestDescriptor.lambda$execute$2(TestTemplateTestDescriptor.java:107)
	at java.base/java.util.stream.ForEachOps$ForEachOp$OfRef.accept(ForEachOps.java:183)
	at java.base/java.util.stream.ReferencePipeline$3$1.accept(ReferencePipeline.java:197)
	at java.base/java.util.stream.ReferencePipeline$2$1.accept(ReferencePipeline.java:179)
	at java.base/java.util.stream.ReferencePipeline$3$1.accept(ReferencePipeline.java:197)
	at java.base/java.util.stream.ForEachOps$ForEachOp$OfRef.accept(ForEachOps.java:183)
	at java.base/java.util.stream.ReferencePipeline$15$1.accept(ReferencePipeline.java:541)
	at java.base/java.util.stream.ReferencePipeline$3$1.accept(ReferencePipeline.java:197)
	at java.base/java.util.stream.ReferencePipeline$3$1.accept(ReferencePipeline.java:197)
	at java.base/java.util.stream.ReferencePipeline$3$1.accept(ReferencePipeline.java:197)
	at java.base/java.util.stream.ForEachOps$ForEachOp$OfRef.accept(ForEachOps.java:183)
	at java.base/java.util.stream.ReferencePipeline$3$1.accept(ReferencePipeline.java:197)
	at java.base/java.util.stream.ForEachOps$ForEachOp$OfRef.accept(ForEachOps.java:183)
	at java.base/java.util.stream.SliceOps$1$1.accept(SliceOps.java:200)
	at java.base/java.util.stream.StreamSpliterators$InfiniteSupplyingSpliterator$OfRef.tryAdvance(StreamSpliterators.java:1358)
	at java.base/java.util.stream.ReferencePipeline.forEachWithCancel(ReferencePipeline.java:129)
	at java.base/java.util.stream.AbstractPipeline.copyIntoWithCancel(AbstractPipeline.java:527)
	at java.base/java.util.stream.AbstractPipeline.copyInto(AbstractPipeline.java:513)
	at java.base/java.util.stream.AbstractPipeline.wrapAndCopyInto(AbstractPipeline.java:499)
	at java.base/java.util.stream.ForEachOps$ForEachOp.evaluateSequential(ForEachOps.java:150)
	at java.base/java.util.stream.ForEachOps$ForEachOp$OfRef.evaluateSequential(ForEachOps.java:173)
	at java.base/java.util.stream.AbstractPipeline.evaluate(AbstractPipeline.java:234)
	at java.base/java.util.stream.ReferencePipeline.forEach(ReferencePipeline.java:596)
	at java.base/java.util.stream.ReferencePipeline$7$1.accept(ReferencePipeline.java:276)
	at java.base/java.util.stream.ReferencePipeline$3$1.accept(ReferencePipeline.java:197)
	at java.base/java.util.stream.ReferencePipeline$3$1.accept(ReferencePipeline.java:197)
	at java.base/java.util.Spliterators$ArraySpliterator.forEachRemaining(Spliterators.java:992)
	at java.base/java.util.stream.AbstractPipeline.copyInto(AbstractPipeline.java:509)
	at java.base/java.util.stream.AbstractPipeline.wrapAndCopyInto(AbstractPipeline.java:499)
	at java.base/java.util.stream.ForEachOps$ForEachOp.evaluateSequential(ForEachOps.java:150)
	at java.base/java.util.stream.ForEachOps$ForEachOp$OfRef.evaluateSequential(ForEachOps.java:173)
	at java.base/java.util.stream.AbstractPipeline.evaluate(AbstractPipeline.java:234)
	at java.base/java.util.stream.ReferencePipeline.forEach(ReferencePipeline.java:596)
	at java.base/java.util.stream.ReferencePipeline$7$1.accept(ReferencePipeline.java:276)
	at java.base/java.util.stream.ReferencePipeline$3$1.accept(ReferencePipeline.java:197)
	at java.base/java.util.stream.ReferencePipeline$3$1.accept(ReferencePipeline.java:197)
	at java.base/java.util.stream.ReferencePipeline$3$1.accept(ReferencePipeline.java:197)
	at java.base/java.util.ArrayList$ArrayListSpliterator.forEachRemaining(ArrayList.java:1625)
	at java.base/java.util.stream.AbstractPipeline.copyInto(AbstractPipeline.java:509)
	at java.base/java.util.stream.AbstractPipeline.wrapAndCopyInto(AbstractPipeline.java:499)
	at java.base/java.util.stream.ForEachOps$ForEachOp.evaluateSequential(ForEachOps.java:150)
	at java.base/java.util.stream.ForEachOps$ForEachOp$OfRef.evaluateSequential(ForEachOps.java:173)
	at java.base/java.util.stream.AbstractPipeline.evaluate(AbstractPipeline.java:234)
	at java.base/java.util.stream.ReferencePipeline.forEach(ReferencePipeline.java:596)
	at java.base/java.util.stream.ReferencePipeline$7$1.accept(ReferencePipeline.java:276)
	at java.base/java.util.ArrayList$ArrayListSpliterator.forEachRemaining(ArrayList.java:1625)
	at java.base/java.util.stream.AbstractPipeline.copyInto(AbstractPipeline.java:509)
	at java.base/java.util.stream.AbstractPipeline.wrapAndCopyInto(AbstractPipeline.java:499)
	at java.base/java.util.stream.ForEachOps$ForEachOp.evaluateSequential(ForEachOps.java:150)
	at java.base/java.util.stream.ForEachOps$ForEachOp$OfRef.evaluateSequential(ForEachOps.java:173)
	at java.base/java.util.stream.AbstractPipeline.evaluate(AbstractPipeline.java:234)
	at java.base/java.util.stream.ReferencePipeline.forEach(ReferencePipeline.java:596)
	at org.junit.jupiter.engine.descriptor.TestTemplateTestDescriptor.execute(TestTemplateTestDescriptor.java:107)
	at org.junit.jupiter.engine.descriptor.TestTemplateTestDescriptor.execute(TestTemplateTestDescriptor.java:42)
	at org.junit.platform.engine.support.hierarchical.NodeTestTask.lambda$executeRecursively$5(NodeTestTask.java:139)
	at org.junit.platform.engine.support.hierarchical.ThrowableCollector.execute(ThrowableCollector.java:73)
	at org.junit.platform.engine.support.hierarchical.NodeTestTask.lambda$executeRecursively$7(NodeTestTask.java:129)
	at org.junit.platform.engine.support.hierarchical.Node.around(Node.java:137)
	at org.junit.platform.engine.support.hierarchical.NodeTestTask.lambda$executeRecursively$8(NodeTestTask.java:127)
	at org.junit.platform.engine.support.hierarchical.ThrowableCollector.execute(ThrowableCollector.java:73)
	at org.junit.platform.engine.support.hierarchical.NodeTestTask.executeRecursively(NodeTestTask.java:126)
	at org.junit.platform.engine.support.hierarchical.NodeTestTask.execute(NodeTestTask.java:84)
	at java.base/java.util.ArrayList.forEach(ArrayList.java:1511)
	at org.junit.platform.engine.support.hierarchical.SameThreadHierarchicalTestExecutorService.invokeAll(SameThreadHierarchicalTestExecutorService.java:38)
	at org.junit.platform.engine.support.hierarchical.NodeTestTask.lambda$executeRecursively$5(NodeTestTask.java:143)
	at org.junit.platform.engine.support.hierarchical.ThrowableCollector.execute(ThrowableCollector.java:73)
	at org.junit.platform.engine.support.hierarchical.NodeTestTask.lambda$executeRecursively$7(NodeTestTask.java:129)
	at org.junit.platform.engine.support.hierarchical.Node.around(Node.java:137)
	at org.junit.platform.engine.support.hierarchical.NodeTestTask.lambda$executeRecursively$8(NodeTestTask.java:127)
	at org.junit.platform.engine.support.hierarchical.ThrowableCollector.execute(ThrowableCollector.java:73)
	at org.junit.platform.engine.support.hierarchical.NodeTestTask.executeRecursively(NodeTestTask.java:126)
	at org.junit.platform.engine.support.hierarchical.NodeTestTask.execute(NodeTestTask.java:84)
	at java.base/java.util.ArrayList.forEach(ArrayList.java:1511)
	at org.junit.platform.engine.support.hierarchical.SameThreadHierarchicalTestExecutorService.invokeAll(SameThreadHierarchicalTestExecutorService.java:38)
	at org.junit.platform.engine.support.hierarchical.NodeTestTask.lambda$executeRecursively$5(NodeTestTask.java:143)
	at org.junit.platform.engine.support.hierarchical.ThrowableCollector.execute(ThrowableCollector.java:73)
	at org.junit.platform.engine.support.hierarchical.NodeTestTask.lambda$executeRecursively$7(NodeTestTask.java:129)
	at org.junit.platform.engine.support.hierarchical.Node.around(Node.java:137)
	at org.junit.platform.engine.support.hierarchical.NodeTestTask.lambda$executeRecursively$8(NodeTestTask.java:127)
	at org.junit.platform.engine.support.hierarchical.ThrowableCollector.execute(ThrowableCollector.java:73)
	at org.junit.platform.engine.support.hierarchical.NodeTestTask.executeRecursively(NodeTestTask.java:126)
	at org.junit.platform.engine.support.hierarchical.NodeTestTask.execute(NodeTestTask.java:84)
	at org.junit.platform.engine.support.hierarchical.SameThreadHierarchicalTestExecutorService.submit(SameThreadHierarchicalTestExecutorService.java:32)
	at org.junit.platform.engine.support.hierarchical.HierarchicalTestExecutor.execute(HierarchicalTestExecutor.java:57)
	at org.junit.platform.engine.support.hierarchical.HierarchicalTestEngine.execute(HierarchicalTestEngine.java:51)
	at org.junit.platform.launcher.core.EngineExecutionOrchestrator.execute(EngineExecutionOrchestrator.java:108)
	at org.junit.platform.launcher.core.EngineExecutionOrchestrator.execute(EngineExecutionOrchestrator.java:88)
	at org.junit.platform.launcher.core.EngineExecutionOrchestrator.lambda$execute$0(EngineExecutionOrchestrator.java:54)
	at org.junit.platform.launcher.core.EngineExecutionOrchestrator.withInterceptedStreams(EngineExecutionOrchestrator.java:67)
	at org.junit.platform.launcher.core.EngineExecutionOrchestrator.execute(EngineExecutionOrchestrator.java:52)
	at org.junit.platform.launcher.core.DefaultLauncher.execute(DefaultLauncher.java:96)
	at org.junit.platform.launcher.core.DefaultLauncher.execute(DefaultLauncher.java:75)
	at org.junit.platform.console.tasks.ConsoleTestExecutor.executeTests(ConsoleTestExecutor.java:66)
	at org.junit.platform.console.tasks.ConsoleTestExecutor.lambda$execute$0(ConsoleTestExecutor.java:58)
	at org.junit.platform.console.tasks.CustomContextClassLoaderExecutor.replaceThreadContextClassLoaderAndInvoke(CustomContextClassLoaderExecutor.java:41)
	at org.junit.platform.console.tasks.CustomContextClassLoaderExecutor.invoke(CustomContextClassLoaderExecutor.java:31)
	at org.junit.platform.console.tasks.ConsoleTestExecutor.execute(ConsoleTestExecutor.java:58)
	at org.junit.platform.console.ConsoleLauncher.executeTests(ConsoleLauncher.java:95)
	at org.junit.platform.console.ConsoleLauncher.execute(ConsoleLauncher.java:73)
	at org.junit.platform.console.ConsoleLauncher.execute(ConsoleLauncher.java:50)
	at org.junit.platform.console.ConsoleLauncher.execute(ConsoleLauncher.java:43)
	at org.junit.platform.console.ConsoleLauncher.main(ConsoleLauncher.java:37)
]]></skipped>
<system-out><![CDATA[
unique-id: [engine:junit-jupiter]/[class:minebayd1.test.TestUser]/[test-template:testbuy(minebayd1.User, minebayd1.User, minebayd1.ClassifiedAd)]/[test-template-invocation:#56]
display-name: [56] Nima a 51 annonces ouvertes, 0 annonces fermées et 2 achats 
, Aliou a 51 annonces ouvertes, 2 annonces fermées et 1 achats 
, L'annonce correspond à Annonce n°587 from Aliou crée le 2024-11-04T21:00:34.616802326Z et correpoond à BOOKS et est à 79euros
]]></system-out>
</testcase>
<testcase name="testbuy(User, User, ClassifiedAd)[57]" classname="minebayd1.test.TestUser" time="0">
<skipped><![CDATA[org.opentest4j.TestAbortedException: Assumption failed: assumption is not true
	at org.junit.jupiter.api.Assumptions.throwTestAbortedException(Assumptions.java:256)
	at org.junit.jupiter.api.Assumptions.assumeTrue(Assumptions.java:115)
	at org.junit.jupiter.api.Assumptions.assumeTrue(Assumptions.java:66)
	at minebayd1.test.TestUser.testbuy(TestUser.java:693)
	at jdk.internal.reflect.GeneratedMethodAccessor4.invoke(Unknown Source)
	at java.base/jdk.internal.reflect.DelegatingMethodAccessorImpl.invoke(DelegatingMethodAccessorImpl.java:43)
	at java.base/java.lang.reflect.Method.invoke(Method.java:569)
	at org.junit.platform.commons.util.ReflectionUtils.invokeMethod(ReflectionUtils.java:688)
	at org.junit.jupiter.engine.execution.MethodInvocation.proceed(MethodInvocation.java:60)
	at org.junit.jupiter.engine.execution.InvocationInterceptorChain$ValidatingInvocation.proceed(InvocationInterceptorChain.java:131)
	at org.junit.jupiter.engine.extension.TimeoutExtension.intercept(TimeoutExtension.java:149)
	at org.junit.jupiter.engine.extension.TimeoutExtension.interceptTestableMethod(TimeoutExtension.java:140)
	at org.junit.jupiter.engine.extension.TimeoutExtension.interceptTestTemplateMethod(TimeoutExtension.java:92)
	at org.junit.jupiter.engine.execution.ExecutableInvoker$ReflectiveInterceptorCall.lambda$ofVoidMethod$0(ExecutableInvoker.java:115)
	at org.junit.jupiter.engine.execution.ExecutableInvoker.lambda$invoke$0(ExecutableInvoker.java:105)
	at org.junit.jupiter.engine.execution.InvocationInterceptorChain$InterceptedInvocation.proceed(InvocationInterceptorChain.java:106)
	at org.junit.jupiter.engine.execution.InvocationInterceptorChain.proceed(InvocationInterceptorChain.java:64)
	at org.junit.jupiter.engine.execution.InvocationInterceptorChain.chainAndInvoke(InvocationInterceptorChain.java:45)
	at org.junit.jupiter.engine.execution.InvocationInterceptorChain.invoke(InvocationInterceptorChain.java:37)
	at org.junit.jupiter.engine.execution.ExecutableInvoker.invoke(ExecutableInvoker.java:104)
	at org.junit.jupiter.engine.execution.ExecutableInvoker.invoke(ExecutableInvoker.java:98)
	at org.junit.jupiter.engine.descriptor.TestMethodTestDescriptor.lambda$invokeTestMethod$6(TestMethodTestDescriptor.java:210)
	at org.junit.platform.engine.support.hierarchical.ThrowableCollector.execute(ThrowableCollector.java:73)
	at org.junit.jupiter.engine.descriptor.TestMethodTestDescriptor.invokeTestMethod(TestMethodTestDescriptor.java:206)
	at org.junit.jupiter.engine.descriptor.TestMethodTestDescriptor.execute(TestMethodTestDescriptor.java:131)
	at org.junit.jupiter.engine.descriptor.TestMethodTestDescriptor.execute(TestMethodTestDescriptor.java:65)
	at org.junit.platform.engine.support.hierarchical.NodeTestTask.lambda$executeRecursively$5(NodeTestTask.java:139)
	at org.junit.platform.engine.support.hierarchical.ThrowableCollector.execute(ThrowableCollector.java:73)
	at org.junit.platform.engine.support.hierarchical.NodeTestTask.lambda$executeRecursively$7(NodeTestTask.java:129)
	at org.junit.platform.engine.support.hierarchical.Node.around(Node.java:137)
	at org.junit.platform.engine.support.hierarchical.NodeTestTask.lambda$executeRecursively$8(NodeTestTask.java:127)
	at org.junit.platform.engine.support.hierarchical.ThrowableCollector.execute(ThrowableCollector.java:73)
	at org.junit.platform.engine.support.hierarchical.NodeTestTask.executeRecursively(NodeTestTask.java:126)
	at org.junit.platform.engine.support.hierarchical.NodeTestTask.execute(NodeTestTask.java:84)
	at org.junit.platform.engine.support.hierarchical.SameThreadHierarchicalTestExecutorService.submit(SameThreadHierarchicalTestExecutorService.java:32)
	at org.junit.platform.engine.support.hierarchical.NodeTestTask$DefaultDynamicTestExecutor.execute(NodeTestTask.java:212)
	at org.junit.platform.engine.support.hierarchical.NodeTestTask$DefaultDynamicTestExecutor.execute(NodeTestTask.java:192)
	at org.junit.jupiter.engine.descriptor.TestTemplateTestDescriptor.execute(TestTemplateTestDescriptor.java:139)
	at org.junit.jupiter.engine.descriptor.TestTemplateTestDescriptor.lambda$execute$2(TestTemplateTestDescriptor.java:107)
	at java.base/java.util.stream.ForEachOps$ForEachOp$OfRef.accept(ForEachOps.java:183)
	at java.base/java.util.stream.ReferencePipeline$3$1.accept(ReferencePipeline.java:197)
	at java.base/java.util.stream.ReferencePipeline$2$1.accept(ReferencePipeline.java:179)
	at java.base/java.util.stream.ReferencePipeline$3$1.accept(ReferencePipeline.java:197)
	at java.base/java.util.stream.ForEachOps$ForEachOp$OfRef.accept(ForEachOps.java:183)
	at java.base/java.util.stream.ReferencePipeline$15$1.accept(ReferencePipeline.java:541)
	at java.base/java.util.stream.ReferencePipeline$3$1.accept(ReferencePipeline.java:197)
	at java.base/java.util.stream.ReferencePipeline$3$1.accept(ReferencePipeline.java:197)
	at java.base/java.util.stream.ReferencePipeline$3$1.accept(ReferencePipeline.java:197)
	at java.base/java.util.stream.ForEachOps$ForEachOp$OfRef.accept(ForEachOps.java:183)
	at java.base/java.util.stream.ReferencePipeline$3$1.accept(ReferencePipeline.java:197)
	at java.base/java.util.stream.ForEachOps$ForEachOp$OfRef.accept(ForEachOps.java:183)
	at java.base/java.util.stream.SliceOps$1$1.accept(SliceOps.java:200)
	at java.base/java.util.stream.StreamSpliterators$InfiniteSupplyingSpliterator$OfRef.tryAdvance(StreamSpliterators.java:1358)
	at java.base/java.util.stream.ReferencePipeline.forEachWithCancel(ReferencePipeline.java:129)
	at java.base/java.util.stream.AbstractPipeline.copyIntoWithCancel(AbstractPipeline.java:527)
	at java.base/java.util.stream.AbstractPipeline.copyInto(AbstractPipeline.java:513)
	at java.base/java.util.stream.AbstractPipeline.wrapAndCopyInto(AbstractPipeline.java:499)
	at java.base/java.util.stream.ForEachOps$ForEachOp.evaluateSequential(ForEachOps.java:150)
	at java.base/java.util.stream.ForEachOps$ForEachOp$OfRef.evaluateSequential(ForEachOps.java:173)
	at java.base/java.util.stream.AbstractPipeline.evaluate(AbstractPipeline.java:234)
	at java.base/java.util.stream.ReferencePipeline.forEach(ReferencePipeline.java:596)
	at java.base/java.util.stream.ReferencePipeline$7$1.accept(ReferencePipeline.java:276)
	at java.base/java.util.stream.ReferencePipeline$3$1.accept(ReferencePipeline.java:197)
	at java.base/java.util.stream.ReferencePipeline$3$1.accept(ReferencePipeline.java:197)
	at java.base/java.util.Spliterators$ArraySpliterator.forEachRemaining(Spliterators.java:992)
	at java.base/java.util.stream.AbstractPipeline.copyInto(AbstractPipeline.java:509)
	at java.base/java.util.stream.AbstractPipeline.wrapAndCopyInto(AbstractPipeline.java:499)
	at java.base/java.util.stream.ForEachOps$ForEachOp.evaluateSequential(ForEachOps.java:150)
	at java.base/java.util.stream.ForEachOps$ForEachOp$OfRef.evaluateSequential(ForEachOps.java:173)
	at java.base/java.util.stream.AbstractPipeline.evaluate(AbstractPipeline.java:234)
	at java.base/java.util.stream.ReferencePipeline.forEach(ReferencePipeline.java:596)
	at java.base/java.util.stream.ReferencePipeline$7$1.accept(ReferencePipeline.java:276)
	at java.base/java.util.stream.ReferencePipeline$3$1.accept(ReferencePipeline.java:197)
	at java.base/java.util.stream.ReferencePipeline$3$1.accept(ReferencePipeline.java:197)
	at java.base/java.util.stream.ReferencePipeline$3$1.accept(ReferencePipeline.java:197)
	at java.base/java.util.ArrayList$ArrayListSpliterator.forEachRemaining(ArrayList.java:1625)
	at java.base/java.util.stream.AbstractPipeline.copyInto(AbstractPipeline.java:509)
	at java.base/java.util.stream.AbstractPipeline.wrapAndCopyInto(AbstractPipeline.java:499)
	at java.base/java.util.stream.ForEachOps$ForEachOp.evaluateSequential(ForEachOps.java:150)
	at java.base/java.util.stream.ForEachOps$ForEachOp$OfRef.evaluateSequential(ForEachOps.java:173)
	at java.base/java.util.stream.AbstractPipeline.evaluate(AbstractPipeline.java:234)
	at java.base/java.util.stream.ReferencePipeline.forEach(ReferencePipeline.java:596)
	at java.base/java.util.stream.ReferencePipeline$7$1.accept(ReferencePipeline.java:276)
	at java.base/java.util.ArrayList$ArrayListSpliterator.forEachRemaining(ArrayList.java:1625)
	at java.base/java.util.stream.AbstractPipeline.copyInto(AbstractPipeline.java:509)
	at java.base/java.util.stream.AbstractPipeline.wrapAndCopyInto(AbstractPipeline.java:499)
	at java.base/java.util.stream.ForEachOps$ForEachOp.evaluateSequential(ForEachOps.java:150)
	at java.base/java.util.stream.ForEachOps$ForEachOp$OfRef.evaluateSequential(ForEachOps.java:173)
	at java.base/java.util.stream.AbstractPipeline.evaluate(AbstractPipeline.java:234)
	at java.base/java.util.stream.ReferencePipeline.forEach(ReferencePipeline.java:596)
	at org.junit.jupiter.engine.descriptor.TestTemplateTestDescriptor.execute(TestTemplateTestDescriptor.java:107)
	at org.junit.jupiter.engine.descriptor.TestTemplateTestDescriptor.execute(TestTemplateTestDescriptor.java:42)
	at org.junit.platform.engine.support.hierarchical.NodeTestTask.lambda$executeRecursively$5(NodeTestTask.java:139)
	at org.junit.platform.engine.support.hierarchical.ThrowableCollector.execute(ThrowableCollector.java:73)
	at org.junit.platform.engine.support.hierarchical.NodeTestTask.lambda$executeRecursively$7(NodeTestTask.java:129)
	at org.junit.platform.engine.support.hierarchical.Node.around(Node.java:137)
	at org.junit.platform.engine.support.hierarchical.NodeTestTask.lambda$executeRecursively$8(NodeTestTask.java:127)
	at org.junit.platform.engine.support.hierarchical.ThrowableCollector.execute(ThrowableCollector.java:73)
	at org.junit.platform.engine.support.hierarchical.NodeTestTask.executeRecursively(NodeTestTask.java:126)
	at org.junit.platform.engine.support.hierarchical.NodeTestTask.execute(NodeTestTask.java:84)
	at java.base/java.util.ArrayList.forEach(ArrayList.java:1511)
	at org.junit.platform.engine.support.hierarchical.SameThreadHierarchicalTestExecutorService.invokeAll(SameThreadHierarchicalTestExecutorService.java:38)
	at org.junit.platform.engine.support.hierarchical.NodeTestTask.lambda$executeRecursively$5(NodeTestTask.java:143)
	at org.junit.platform.engine.support.hierarchical.ThrowableCollector.execute(ThrowableCollector.java:73)
	at org.junit.platform.engine.support.hierarchical.NodeTestTask.lambda$executeRecursively$7(NodeTestTask.java:129)
	at org.junit.platform.engine.support.hierarchical.Node.around(Node.java:137)
	at org.junit.platform.engine.support.hierarchical.NodeTestTask.lambda$executeRecursively$8(NodeTestTask.java:127)
	at org.junit.platform.engine.support.hierarchical.ThrowableCollector.execute(ThrowableCollector.java:73)
	at org.junit.platform.engine.support.hierarchical.NodeTestTask.executeRecursively(NodeTestTask.java:126)
	at org.junit.platform.engine.support.hierarchical.NodeTestTask.execute(NodeTestTask.java:84)
	at java.base/java.util.ArrayList.forEach(ArrayList.java:1511)
	at org.junit.platform.engine.support.hierarchical.SameThreadHierarchicalTestExecutorService.invokeAll(SameThreadHierarchicalTestExecutorService.java:38)
	at org.junit.platform.engine.support.hierarchical.NodeTestTask.lambda$executeRecursively$5(NodeTestTask.java:143)
	at org.junit.platform.engine.support.hierarchical.ThrowableCollector.execute(ThrowableCollector.java:73)
	at org.junit.platform.engine.support.hierarchical.NodeTestTask.lambda$executeRecursively$7(NodeTestTask.java:129)
	at org.junit.platform.engine.support.hierarchical.Node.around(Node.java:137)
	at org.junit.platform.engine.support.hierarchical.NodeTestTask.lambda$executeRecursively$8(NodeTestTask.java:127)
	at org.junit.platform.engine.support.hierarchical.ThrowableCollector.execute(ThrowableCollector.java:73)
	at org.junit.platform.engine.support.hierarchical.NodeTestTask.executeRecursively(NodeTestTask.java:126)
	at org.junit.platform.engine.support.hierarchical.NodeTestTask.execute(NodeTestTask.java:84)
	at org.junit.platform.engine.support.hierarchical.SameThreadHierarchicalTestExecutorService.submit(SameThreadHierarchicalTestExecutorService.java:32)
	at org.junit.platform.engine.support.hierarchical.HierarchicalTestExecutor.execute(HierarchicalTestExecutor.java:57)
	at org.junit.platform.engine.support.hierarchical.HierarchicalTestEngine.execute(HierarchicalTestEngine.java:51)
	at org.junit.platform.launcher.core.EngineExecutionOrchestrator.execute(EngineExecutionOrchestrator.java:108)
	at org.junit.platform.launcher.core.EngineExecutionOrchestrator.execute(EngineExecutionOrchestrator.java:88)
	at org.junit.platform.launcher.core.EngineExecutionOrchestrator.lambda$execute$0(EngineExecutionOrchestrator.java:54)
	at org.junit.platform.launcher.core.EngineExecutionOrchestrator.withInterceptedStreams(EngineExecutionOrchestrator.java:67)
	at org.junit.platform.launcher.core.EngineExecutionOrchestrator.execute(EngineExecutionOrchestrator.java:52)
	at org.junit.platform.launcher.core.DefaultLauncher.execute(DefaultLauncher.java:96)
	at org.junit.platform.launcher.core.DefaultLauncher.execute(DefaultLauncher.java:75)
	at org.junit.platform.console.tasks.ConsoleTestExecutor.executeTests(ConsoleTestExecutor.java:66)
	at org.junit.platform.console.tasks.ConsoleTestExecutor.lambda$execute$0(ConsoleTestExecutor.java:58)
	at org.junit.platform.console.tasks.CustomContextClassLoaderExecutor.replaceThreadContextClassLoaderAndInvoke(CustomContextClassLoaderExecutor.java:41)
	at org.junit.platform.console.tasks.CustomContextClassLoaderExecutor.invoke(CustomContextClassLoaderExecutor.java:31)
	at org.junit.platform.console.tasks.ConsoleTestExecutor.execute(ConsoleTestExecutor.java:58)
	at org.junit.platform.console.ConsoleLauncher.executeTests(ConsoleLauncher.java:95)
	at org.junit.platform.console.ConsoleLauncher.execute(ConsoleLauncher.java:73)
	at org.junit.platform.console.ConsoleLauncher.execute(ConsoleLauncher.java:50)
	at org.junit.platform.console.ConsoleLauncher.execute(ConsoleLauncher.java:43)
	at org.junit.platform.console.ConsoleLauncher.main(ConsoleLauncher.java:37)
]]></skipped>
<system-out><![CDATA[
unique-id: [engine:junit-jupiter]/[class:minebayd1.test.TestUser]/[test-template:testbuy(minebayd1.User, minebayd1.User, minebayd1.ClassifiedAd)]/[test-template-invocation:#57]
display-name: [57] Marc a 56 annonces ouvertes, 0 annonces fermées et 2 achats 
, Lyes a 66 annonces ouvertes, 0 annonces fermées et 1 achats 
, L'annonce correspond à Annonce n°1013 from Lyes crée le 2024-11-04T21:00:34.610995872Z et correpoond à COMPUTERS et est à 52euros
]]></system-out>
</testcase>
<testcase name="testbuy(User, User, ClassifiedAd)[58]" classname="minebayd1.test.TestUser" time="0">
<system-out><![CDATA[
unique-id: [engine:junit-jupiter]/[class:minebayd1.test.TestUser]/[test-template:testbuy(minebayd1.User, minebayd1.User, minebayd1.ClassifiedAd)]/[test-template-invocation:#58]
display-name: [58] Nima a 51 annonces ouvertes, 0 annonces fermées et 2 achats 
, Chanez a 58 annonces ouvertes, 1 annonces fermées et 1 achats 
, L'annonce correspond à Annonce n°408 from Chanez crée le 2024-11-04T21:00:34.618829343Z et correpoond à SHOES et est à 18euros
]]></system-out>
</testcase>
<testcase name="testbuy(User, User, ClassifiedAd)[59]" classname="minebayd1.test.TestUser" time="0.001">
<system-out><![CDATA[
unique-id: [engine:junit-jupiter]/[class:minebayd1.test.TestUser]/[test-template:testbuy(minebayd1.User, minebayd1.User, minebayd1.ClassifiedAd)]/[test-template-invocation:#59]
display-name: [59] Naila a 61 annonces ouvertes, 2 annonces fermées et 2 achats 
, Marcel a 66 annonces ouvertes, 1 annonces fermées et 3 achats 
, L'annonce correspond à Annonce n°392 from Marcel crée le 2024-11-04T21:00:34.618971389Z et correpoond à GAMES et est à 49euros
]]></system-out>
</testcase>
<testcase name="testbuy(User, User, ClassifiedAd)[60]" classname="minebayd1.test.TestUser" time="0">
<system-out><![CDATA[
unique-id: [engine:junit-jupiter]/[class:minebayd1.test.TestUser]/[test-template:testbuy(minebayd1.User, minebayd1.User, minebayd1.ClassifiedAd)]/[test-template-invocation:#60]
display-name: [60] Nima a 51 annonces ouvertes, 0 annonces fermées et 3 achats 
, Aliou a 51 annonces ouvertes, 2 annonces fermées et 1 achats 
, L'annonce correspond à Annonce n°1247 from Aliou crée le 2024-11-04T21:00:34.608766529Z et correpoond à COMPUTERS et est à 26euros
]]></system-out>
</testcase>
<testcase name="testbuy(User, User, ClassifiedAd)[61]" classname="minebayd1.test.TestUser" time="0">
<system-out><![CDATA[
unique-id: [engine:junit-jupiter]/[class:minebayd1.test.TestUser]/[test-template:testbuy(minebayd1.User, minebayd1.User, minebayd1.ClassifiedAd)]/[test-template-invocation:#61]
display-name: [61] Mounir a 59 annonces ouvertes, 2 annonces fermées et 1 achats 
, Yanis a 64 annonces ouvertes, 1 annonces fermées et 2 achats 
, L'annonce correspond à Annonce n°1444 from Yanis crée le 2024-11-04T21:00:34.606941799Z et correpoond à GAMES et est à 97euros
]]></system-out>
</testcase>
<testcase name="testbuy(User, User, ClassifiedAd)[62]" classname="minebayd1.test.TestUser" time="0">
<system-out><![CDATA[
unique-id: [engine:junit-jupiter]/[class:minebayd1.test.TestUser]/[test-template:testbuy(minebayd1.User, minebayd1.User, minebayd1.ClassifiedAd)]/[test-template-invocation:#62]
display-name: [62] Lamia a 77 annonces ouvertes, 1 annonces fermées et 1 achats 
, Mohamed a 47 annonces ouvertes, 0 annonces fermées et 2 achats 
, L'annonce correspond à Annonce n°1154 from Mohamed crée le 2024-11-04T21:00:34.609424876Z et correpoond à CLOTHES et est à 43euros
]]></system-out>
</testcase>
<testcase name="testbuy(User, User, ClassifiedAd)[63]" classname="minebayd1.test.TestUser" time="0">
<system-out><![CDATA[
unique-id: [engine:junit-jupiter]/[class:minebayd1.test.TestUser]/[test-template:testbuy(minebayd1.User, minebayd1.User, minebayd1.ClassifiedAd)]/[test-template-invocation:#63]
display-name: [63] Zahra a 42 annonces ouvertes, 0 annonces fermées et 1 achats 
, Ayman a 54 annonces ouvertes, 3 annonces fermées et 2 achats 
, L'annonce correspond à Annonce n°799 from Ayman crée le 2024-11-04T21:00:34.613810957Z et correpoond à SHOES et est à 63euros
]]></system-out>
</testcase>
<testcase name="testbuy(User, User, ClassifiedAd)[64]" classname="minebayd1.test.TestUser" time="0">
<system-out><![CDATA[
unique-id: [engine:junit-jupiter]/[class:minebayd1.test.TestUser]/[test-template:testbuy(minebayd1.User, minebayd1.User, minebayd1.ClassifiedAd)]/[test-template-invocation:#64]
display-name: [64] Mamadou a 60 annonces ouvertes, 1 annonces fermées et 0 achats 
, Lyes a 66 annonces ouvertes, 0 annonces fermées et 1 achats 
, L'annonce correspond à Annonce n°1225 from Lyes crée le 2024-11-04T21:00:34.608981261Z et correpoond à GAMES et est à 74euros
]]></system-out>
</testcase>
<testcase name="testbuy(User, User, ClassifiedAd)[65]" classname="minebayd1.test.TestUser" time="0">
<system-out><![CDATA[
unique-id: [engine:junit-jupiter]/[class:minebayd1.test.TestUser]/[test-template:testbuy(minebayd1.User, minebayd1.User, minebayd1.ClassifiedAd)]/[test-template-invocation:#65]
display-name: [65] Ayman a 53 annonces ouvertes, 4 annonces fermées et 2 achats 
, Ali a 58 annonces ouvertes, 5 annonces fermées et 1 achats 
, L'annonce correspond à À vendre crée le 2024-11-04T21:00:35.611941983Z et correpoond à CLOTHES et est à 46euros
]]></system-out>
</testcase>
<testcase name="testbuy(User, User, ClassifiedAd)[66]" classname="minebayd1.test.TestUser" time="0">
<system-out><![CDATA[
unique-id: [engine:junit-jupiter]/[class:minebayd1.test.TestUser]/[test-template:testbuy(minebayd1.User, minebayd1.User, minebayd1.ClassifiedAd)]/[test-template-invocation:#66]
display-name: [66] Sheraz a 50 annonces ouvertes, 2 annonces fermées et 3 achats 
, Idir a 60 annonces ouvertes, 3 annonces fermées et 3 achats 
, L'annonce correspond à Annonce n°347 from Idir crée le 2024-11-04T21:00:34.619449165Z et correpoond à CLOTHES et est à 77euros
]]></system-out>
</testcase>
<testcase name="testbuy(User, User, ClassifiedAd)[67]" classname="minebayd1.test.TestUser" time="0">
<system-out><![CDATA[
unique-id: [engine:junit-jupiter]/[class:minebayd1.test.TestUser]/[test-template:testbuy(minebayd1.User, minebayd1.User, minebayd1.ClassifiedAd)]/[test-template-invocation:#67]
display-name: [67] Imam a 47 annonces ouvertes, 3 annonces fermées et 1 achats 
, Ismael a 60 annonces ouvertes, 0 annonces fermées et 1 achats 
, L'annonce correspond à Annonce n°122 from Ismael crée le 2024-11-04T21:00:34.621577202Z et correpoond à BOOKS et est à 82euros
]]></system-out>
</testcase>
<testcase name="testbuy(User, User, ClassifiedAd)[68]" classname="minebayd1.test.TestUser" time="0">
<system-out><![CDATA[
unique-id: [engine:junit-jupiter]/[class:minebayd1.test.TestUser]/[test-template:testbuy(minebayd1.User, minebayd1.User, minebayd1.ClassifiedAd)]/[test-template-invocation:#68]
display-name: [68] Sheraz a 50 annonces ouvertes, 2 annonces fermées et 4 achats 
, Pierre a 44 annonces ouvertes, 2 annonces fermées et 1 achats 
, L'annonce correspond à À vendre crée le 2024-11-04T21:00:35.608153121Z et correpoond à SHOES et est à 18euros
]]></system-out>
</testcase>
<testcase name="testbuy(User, User, ClassifiedAd)[69]" classname="minebayd1.test.TestUser" time="0">
<skipped><![CDATA[org.opentest4j.TestAbortedException: Assumption failed: assumption is not true
	at org.junit.jupiter.api.Assumptions.throwTestAbortedException(Assumptions.java:256)
	at org.junit.jupiter.api.Assumptions.assumeTrue(Assumptions.java:115)
	at org.junit.jupiter.api.Assumptions.assumeTrue(Assumptions.java:66)
	at minebayd1.test.TestUser.testbuy(TestUser.java:693)
	at jdk.internal.reflect.GeneratedMethodAccessor4.invoke(Unknown Source)
	at java.base/jdk.internal.reflect.DelegatingMethodAccessorImpl.invoke(DelegatingMethodAccessorImpl.java:43)
	at java.base/java.lang.reflect.Method.invoke(Method.java:569)
	at org.junit.platform.commons.util.ReflectionUtils.invokeMethod(ReflectionUtils.java:688)
	at org.junit.jupiter.engine.execution.MethodInvocation.proceed(MethodInvocation.java:60)
	at org.junit.jupiter.engine.execution.InvocationInterceptorChain$ValidatingInvocation.proceed(InvocationInterceptorChain.java:131)
	at org.junit.jupiter.engine.extension.TimeoutExtension.intercept(TimeoutExtension.java:149)
	at org.junit.jupiter.engine.extension.TimeoutExtension.interceptTestableMethod(TimeoutExtension.java:140)
	at org.junit.jupiter.engine.extension.TimeoutExtension.interceptTestTemplateMethod(TimeoutExtension.java:92)
	at org.junit.jupiter.engine.execution.ExecutableInvoker$ReflectiveInterceptorCall.lambda$ofVoidMethod$0(ExecutableInvoker.java:115)
	at org.junit.jupiter.engine.execution.ExecutableInvoker.lambda$invoke$0(ExecutableInvoker.java:105)
	at org.junit.jupiter.engine.execution.InvocationInterceptorChain$InterceptedInvocation.proceed(InvocationInterceptorChain.java:106)
	at org.junit.jupiter.engine.execution.InvocationInterceptorChain.proceed(InvocationInterceptorChain.java:64)
	at org.junit.jupiter.engine.execution.InvocationInterceptorChain.chainAndInvoke(InvocationInterceptorChain.java:45)
	at org.junit.jupiter.engine.execution.InvocationInterceptorChain.invoke(InvocationInterceptorChain.java:37)
	at org.junit.jupiter.engine.execution.ExecutableInvoker.invoke(ExecutableInvoker.java:104)
	at org.junit.jupiter.engine.execution.ExecutableInvoker.invoke(ExecutableInvoker.java:98)
	at org.junit.jupiter.engine.descriptor.TestMethodTestDescriptor.lambda$invokeTestMethod$6(TestMethodTestDescriptor.java:210)
	at org.junit.platform.engine.support.hierarchical.ThrowableCollector.execute(ThrowableCollector.java:73)
	at org.junit.jupiter.engine.descriptor.TestMethodTestDescriptor.invokeTestMethod(TestMethodTestDescriptor.java:206)
	at org.junit.jupiter.engine.descriptor.TestMethodTestDescriptor.execute(TestMethodTestDescriptor.java:131)
	at org.junit.jupiter.engine.descriptor.TestMethodTestDescriptor.execute(TestMethodTestDescriptor.java:65)
	at org.junit.platform.engine.support.hierarchical.NodeTestTask.lambda$executeRecursively$5(NodeTestTask.java:139)
	at org.junit.platform.engine.support.hierarchical.ThrowableCollector.execute(ThrowableCollector.java:73)
	at org.junit.platform.engine.support.hierarchical.NodeTestTask.lambda$executeRecursively$7(NodeTestTask.java:129)
	at org.junit.platform.engine.support.hierarchical.Node.around(Node.java:137)
	at org.junit.platform.engine.support.hierarchical.NodeTestTask.lambda$executeRecursively$8(NodeTestTask.java:127)
	at org.junit.platform.engine.support.hierarchical.ThrowableCollector.execute(ThrowableCollector.java:73)
	at org.junit.platform.engine.support.hierarchical.NodeTestTask.executeRecursively(NodeTestTask.java:126)
	at org.junit.platform.engine.support.hierarchical.NodeTestTask.execute(NodeTestTask.java:84)
	at org.junit.platform.engine.support.hierarchical.SameThreadHierarchicalTestExecutorService.submit(SameThreadHierarchicalTestExecutorService.java:32)
	at org.junit.platform.engine.support.hierarchical.NodeTestTask$DefaultDynamicTestExecutor.execute(NodeTestTask.java:212)
	at org.junit.platform.engine.support.hierarchical.NodeTestTask$DefaultDynamicTestExecutor.execute(NodeTestTask.java:192)
	at org.junit.jupiter.engine.descriptor.TestTemplateTestDescriptor.execute(TestTemplateTestDescriptor.java:139)
	at org.junit.jupiter.engine.descriptor.TestTemplateTestDescriptor.lambda$execute$2(TestTemplateTestDescriptor.java:107)
	at java.base/java.util.stream.ForEachOps$ForEachOp$OfRef.accept(ForEachOps.java:183)
	at java.base/java.util.stream.ReferencePipeline$3$1.accept(ReferencePipeline.java:197)
	at java.base/java.util.stream.ReferencePipeline$2$1.accept(ReferencePipeline.java:179)
	at java.base/java.util.stream.ReferencePipeline$3$1.accept(ReferencePipeline.java:197)
	at java.base/java.util.stream.ForEachOps$ForEachOp$OfRef.accept(ForEachOps.java:183)
	at java.base/java.util.stream.ReferencePipeline$15$1.accept(ReferencePipeline.java:541)
	at java.base/java.util.stream.ReferencePipeline$3$1.accept(ReferencePipeline.java:197)
	at java.base/java.util.stream.ReferencePipeline$3$1.accept(ReferencePipeline.java:197)
	at java.base/java.util.stream.ReferencePipeline$3$1.accept(ReferencePipeline.java:197)
	at java.base/java.util.stream.ForEachOps$ForEachOp$OfRef.accept(ForEachOps.java:183)
	at java.base/java.util.stream.ReferencePipeline$3$1.accept(ReferencePipeline.java:197)
	at java.base/java.util.stream.ForEachOps$ForEachOp$OfRef.accept(ForEachOps.java:183)
	at java.base/java.util.stream.SliceOps$1$1.accept(SliceOps.java:200)
	at java.base/java.util.stream.StreamSpliterators$InfiniteSupplyingSpliterator$OfRef.tryAdvance(StreamSpliterators.java:1358)
	at java.base/java.util.stream.ReferencePipeline.forEachWithCancel(ReferencePipeline.java:129)
	at java.base/java.util.stream.AbstractPipeline.copyIntoWithCancel(AbstractPipeline.java:527)
	at java.base/java.util.stream.AbstractPipeline.copyInto(AbstractPipeline.java:513)
	at java.base/java.util.stream.AbstractPipeline.wrapAndCopyInto(AbstractPipeline.java:499)
	at java.base/java.util.stream.ForEachOps$ForEachOp.evaluateSequential(ForEachOps.java:150)
	at java.base/java.util.stream.ForEachOps$ForEachOp$OfRef.evaluateSequential(ForEachOps.java:173)
	at java.base/java.util.stream.AbstractPipeline.evaluate(AbstractPipeline.java:234)
	at java.base/java.util.stream.ReferencePipeline.forEach(ReferencePipeline.java:596)
	at java.base/java.util.stream.ReferencePipeline$7$1.accept(ReferencePipeline.java:276)
	at java.base/java.util.stream.ReferencePipeline$3$1.accept(ReferencePipeline.java:197)
	at java.base/java.util.stream.ReferencePipeline$3$1.accept(ReferencePipeline.java:197)
	at java.base/java.util.Spliterators$ArraySpliterator.forEachRemaining(Spliterators.java:992)
	at java.base/java.util.stream.AbstractPipeline.copyInto(AbstractPipeline.java:509)
	at java.base/java.util.stream.AbstractPipeline.wrapAndCopyInto(AbstractPipeline.java:499)
	at java.base/java.util.stream.ForEachOps$ForEachOp.evaluateSequential(ForEachOps.java:150)
	at java.base/java.util.stream.ForEachOps$ForEachOp$OfRef.evaluateSequential(ForEachOps.java:173)
	at java.base/java.util.stream.AbstractPipeline.evaluate(AbstractPipeline.java:234)
	at java.base/java.util.stream.ReferencePipeline.forEach(ReferencePipeline.java:596)
	at java.base/java.util.stream.ReferencePipeline$7$1.accept(ReferencePipeline.java:276)
	at java.base/java.util.stream.ReferencePipeline$3$1.accept(ReferencePipeline.java:197)
	at java.base/java.util.stream.ReferencePipeline$3$1.accept(ReferencePipeline.java:197)
	at java.base/java.util.stream.ReferencePipeline$3$1.accept(ReferencePipeline.java:197)
	at java.base/java.util.ArrayList$ArrayListSpliterator.forEachRemaining(ArrayList.java:1625)
	at java.base/java.util.stream.AbstractPipeline.copyInto(AbstractPipeline.java:509)
	at java.base/java.util.stream.AbstractPipeline.wrapAndCopyInto(AbstractPipeline.java:499)
	at java.base/java.util.stream.ForEachOps$ForEachOp.evaluateSequential(ForEachOps.java:150)
	at java.base/java.util.stream.ForEachOps$ForEachOp$OfRef.evaluateSequential(ForEachOps.java:173)
	at java.base/java.util.stream.AbstractPipeline.evaluate(AbstractPipeline.java:234)
	at java.base/java.util.stream.ReferencePipeline.forEach(ReferencePipeline.java:596)
	at java.base/java.util.stream.ReferencePipeline$7$1.accept(ReferencePipeline.java:276)
	at java.base/java.util.ArrayList$ArrayListSpliterator.forEachRemaining(ArrayList.java:1625)
	at java.base/java.util.stream.AbstractPipeline.copyInto(AbstractPipeline.java:509)
	at java.base/java.util.stream.AbstractPipeline.wrapAndCopyInto(AbstractPipeline.java:499)
	at java.base/java.util.stream.ForEachOps$ForEachOp.evaluateSequential(ForEachOps.java:150)
	at java.base/java.util.stream.ForEachOps$ForEachOp$OfRef.evaluateSequential(ForEachOps.java:173)
	at java.base/java.util.stream.AbstractPipeline.evaluate(AbstractPipeline.java:234)
	at java.base/java.util.stream.ReferencePipeline.forEach(ReferencePipeline.java:596)
	at org.junit.jupiter.engine.descriptor.TestTemplateTestDescriptor.execute(TestTemplateTestDescriptor.java:107)
	at org.junit.jupiter.engine.descriptor.TestTemplateTestDescriptor.execute(TestTemplateTestDescriptor.java:42)
	at org.junit.platform.engine.support.hierarchical.NodeTestTask.lambda$executeRecursively$5(NodeTestTask.java:139)
	at org.junit.platform.engine.support.hierarchical.ThrowableCollector.execute(ThrowableCollector.java:73)
	at org.junit.platform.engine.support.hierarchical.NodeTestTask.lambda$executeRecursively$7(NodeTestTask.java:129)
	at org.junit.platform.engine.support.hierarchical.Node.around(Node.java:137)
	at org.junit.platform.engine.support.hierarchical.NodeTestTask.lambda$executeRecursively$8(NodeTestTask.java:127)
	at org.junit.platform.engine.support.hierarchical.ThrowableCollector.execute(ThrowableCollector.java:73)
	at org.junit.platform.engine.support.hierarchical.NodeTestTask.executeRecursively(NodeTestTask.java:126)
	at org.junit.platform.engine.support.hierarchical.NodeTestTask.execute(NodeTestTask.java:84)
	at java.base/java.util.ArrayList.forEach(ArrayList.java:1511)
	at org.junit.platform.engine.support.hierarchical.SameThreadHierarchicalTestExecutorService.invokeAll(SameThreadHierarchicalTestExecutorService.java:38)
	at org.junit.platform.engine.support.hierarchical.NodeTestTask.lambda$executeRecursively$5(NodeTestTask.java:143)
	at org.junit.platform.engine.support.hierarchical.ThrowableCollector.execute(ThrowableCollector.java:73)
	at org.junit.platform.engine.support.hierarchical.NodeTestTask.lambda$executeRecursively$7(NodeTestTask.java:129)
	at org.junit.platform.engine.support.hierarchical.Node.around(Node.java:137)
	at org.junit.platform.engine.support.hierarchical.NodeTestTask.lambda$executeRecursively$8(NodeTestTask.java:127)
	at org.junit.platform.engine.support.hierarchical.ThrowableCollector.execute(ThrowableCollector.java:73)
	at org.junit.platform.engine.support.hierarchical.NodeTestTask.executeRecursively(NodeTestTask.java:126)
	at org.junit.platform.engine.support.hierarchical.NodeTestTask.execute(NodeTestTask.java:84)
	at java.base/java.util.ArrayList.forEach(ArrayList.java:1511)
	at org.junit.platform.engine.support.hierarchical.SameThreadHierarchicalTestExecutorService.invokeAll(SameThreadHierarchicalTestExecutorService.java:38)
	at org.junit.platform.engine.support.hierarchical.NodeTestTask.lambda$executeRecursively$5(NodeTestTask.java:143)
	at org.junit.platform.engine.support.hierarchical.ThrowableCollector.execute(ThrowableCollector.java:73)
	at org.junit.platform.engine.support.hierarchical.NodeTestTask.lambda$executeRecursively$7(NodeTestTask.java:129)
	at org.junit.platform.engine.support.hierarchical.Node.around(Node.java:137)
	at org.junit.platform.engine.support.hierarchical.NodeTestTask.lambda$executeRecursively$8(NodeTestTask.java:127)
	at org.junit.platform.engine.support.hierarchical.ThrowableCollector.execute(ThrowableCollector.java:73)
	at org.junit.platform.engine.support.hierarchical.NodeTestTask.executeRecursively(NodeTestTask.java:126)
	at org.junit.platform.engine.support.hierarchical.NodeTestTask.execute(NodeTestTask.java:84)
	at org.junit.platform.engine.support.hierarchical.SameThreadHierarchicalTestExecutorService.submit(SameThreadHierarchicalTestExecutorService.java:32)
	at org.junit.platform.engine.support.hierarchical.HierarchicalTestExecutor.execute(HierarchicalTestExecutor.java:57)
	at org.junit.platform.engine.support.hierarchical.HierarchicalTestEngine.execute(HierarchicalTestEngine.java:51)
	at org.junit.platform.launcher.core.EngineExecutionOrchestrator.execute(EngineExecutionOrchestrator.java:108)
	at org.junit.platform.launcher.core.EngineExecutionOrchestrator.execute(EngineExecutionOrchestrator.java:88)
	at org.junit.platform.launcher.core.EngineExecutionOrchestrator.lambda$execute$0(EngineExecutionOrchestrator.java:54)
	at org.junit.platform.launcher.core.EngineExecutionOrchestrator.withInterceptedStreams(EngineExecutionOrchestrator.java:67)
	at org.junit.platform.launcher.core.EngineExecutionOrchestrator.execute(EngineExecutionOrchestrator.java:52)
	at org.junit.platform.launcher.core.DefaultLauncher.execute(DefaultLauncher.java:96)
	at org.junit.platform.launcher.core.DefaultLauncher.execute(DefaultLauncher.java:75)
	at org.junit.platform.console.tasks.ConsoleTestExecutor.executeTests(ConsoleTestExecutor.java:66)
	at org.junit.platform.console.tasks.ConsoleTestExecutor.lambda$execute$0(ConsoleTestExecutor.java:58)
	at org.junit.platform.console.tasks.CustomContextClassLoaderExecutor.replaceThreadContextClassLoaderAndInvoke(CustomContextClassLoaderExecutor.java:41)
	at org.junit.platform.console.tasks.CustomContextClassLoaderExecutor.invoke(CustomContextClassLoaderExecutor.java:31)
	at org.junit.platform.console.tasks.ConsoleTestExecutor.execute(ConsoleTestExecutor.java:58)
	at org.junit.platform.console.ConsoleLauncher.executeTests(ConsoleLauncher.java:95)
	at org.junit.platform.console.ConsoleLauncher.execute(ConsoleLauncher.java:73)
	at org.junit.platform.console.ConsoleLauncher.execute(ConsoleLauncher.java:50)
	at org.junit.platform.console.ConsoleLauncher.execute(ConsoleLauncher.java:43)
	at org.junit.platform.console.ConsoleLauncher.main(ConsoleLauncher.java:37)
]]></skipped>
<system-out><![CDATA[
unique-id: [engine:junit-jupiter]/[class:minebayd1.test.TestUser]/[test-template:testbuy(minebayd1.User, minebayd1.User, minebayd1.ClassifiedAd)]/[test-template-invocation:#69]
display-name: [69] Zahra a 42 annonces ouvertes, 0 annonces fermées et 2 achats 
, Pierre a 43 annonces ouvertes, 3 annonces fermées et 1 achats 
, L'annonce correspond à Annonce n°1322 from Pierre crée le 2024-11-04T21:00:34.608153291Z et correpoond à BOOKS et est à 61euros
]]></system-out>
</testcase>
<testcase name="testbuy(User, User, ClassifiedAd)[70]" classname="minebayd1.test.TestUser" time="0">
<system-out><![CDATA[
unique-id: [engine:junit-jupiter]/[class:minebayd1.test.TestUser]/[test-template:testbuy(minebayd1.User, minebayd1.User, minebayd1.ClassifiedAd)]/[test-template-invocation:#70]
display-name: [70] Adam a 50 annonces ouvertes, 2 annonces fermées et 1 achats 
, Idir a 59 annonces ouvertes, 4 annonces fermées et 3 achats 
, L'annonce correspond à Annonce n°1091 from Idir crée le 2024-11-04T21:00:34.609962702Z et correpoond à COMPUTERS et est à 32euros
]]></system-out>
</testcase>
<testcase name="testbuy(User, User, ClassifiedAd)[71]" classname="minebayd1.test.TestUser" time="0">
<skipped><![CDATA[org.opentest4j.TestAbortedException: Assumption failed: assumption is not true
	at org.junit.jupiter.api.Assumptions.throwTestAbortedException(Assumptions.java:256)
	at org.junit.jupiter.api.Assumptions.assumeTrue(Assumptions.java:115)
	at org.junit.jupiter.api.Assumptions.assumeTrue(Assumptions.java:66)
	at minebayd1.test.TestUser.testbuy(TestUser.java:693)
	at jdk.internal.reflect.GeneratedMethodAccessor4.invoke(Unknown Source)
	at java.base/jdk.internal.reflect.DelegatingMethodAccessorImpl.invoke(DelegatingMethodAccessorImpl.java:43)
	at java.base/java.lang.reflect.Method.invoke(Method.java:569)
	at org.junit.platform.commons.util.ReflectionUtils.invokeMethod(ReflectionUtils.java:688)
	at org.junit.jupiter.engine.execution.MethodInvocation.proceed(MethodInvocation.java:60)
	at org.junit.jupiter.engine.execution.InvocationInterceptorChain$ValidatingInvocation.proceed(InvocationInterceptorChain.java:131)
	at org.junit.jupiter.engine.extension.TimeoutExtension.intercept(TimeoutExtension.java:149)
	at org.junit.jupiter.engine.extension.TimeoutExtension.interceptTestableMethod(TimeoutExtension.java:140)
	at org.junit.jupiter.engine.extension.TimeoutExtension.interceptTestTemplateMethod(TimeoutExtension.java:92)
	at org.junit.jupiter.engine.execution.ExecutableInvoker$ReflectiveInterceptorCall.lambda$ofVoidMethod$0(ExecutableInvoker.java:115)
	at org.junit.jupiter.engine.execution.ExecutableInvoker.lambda$invoke$0(ExecutableInvoker.java:105)
	at org.junit.jupiter.engine.execution.InvocationInterceptorChain$InterceptedInvocation.proceed(InvocationInterceptorChain.java:106)
	at org.junit.jupiter.engine.execution.InvocationInterceptorChain.proceed(InvocationInterceptorChain.java:64)
	at org.junit.jupiter.engine.execution.InvocationInterceptorChain.chainAndInvoke(InvocationInterceptorChain.java:45)
	at org.junit.jupiter.engine.execution.InvocationInterceptorChain.invoke(InvocationInterceptorChain.java:37)
	at org.junit.jupiter.engine.execution.ExecutableInvoker.invoke(ExecutableInvoker.java:104)
	at org.junit.jupiter.engine.execution.ExecutableInvoker.invoke(ExecutableInvoker.java:98)
	at org.junit.jupiter.engine.descriptor.TestMethodTestDescriptor.lambda$invokeTestMethod$6(TestMethodTestDescriptor.java:210)
	at org.junit.platform.engine.support.hierarchical.ThrowableCollector.execute(ThrowableCollector.java:73)
	at org.junit.jupiter.engine.descriptor.TestMethodTestDescriptor.invokeTestMethod(TestMethodTestDescriptor.java:206)
	at org.junit.jupiter.engine.descriptor.TestMethodTestDescriptor.execute(TestMethodTestDescriptor.java:131)
	at org.junit.jupiter.engine.descriptor.TestMethodTestDescriptor.execute(TestMethodTestDescriptor.java:65)
	at org.junit.platform.engine.support.hierarchical.NodeTestTask.lambda$executeRecursively$5(NodeTestTask.java:139)
	at org.junit.platform.engine.support.hierarchical.ThrowableCollector.execute(ThrowableCollector.java:73)
	at org.junit.platform.engine.support.hierarchical.NodeTestTask.lambda$executeRecursively$7(NodeTestTask.java:129)
	at org.junit.platform.engine.support.hierarchical.Node.around(Node.java:137)
	at org.junit.platform.engine.support.hierarchical.NodeTestTask.lambda$executeRecursively$8(NodeTestTask.java:127)
	at org.junit.platform.engine.support.hierarchical.ThrowableCollector.execute(ThrowableCollector.java:73)
	at org.junit.platform.engine.support.hierarchical.NodeTestTask.executeRecursively(NodeTestTask.java:126)
	at org.junit.platform.engine.support.hierarchical.NodeTestTask.execute(NodeTestTask.java:84)
	at org.junit.platform.engine.support.hierarchical.SameThreadHierarchicalTestExecutorService.submit(SameThreadHierarchicalTestExecutorService.java:32)
	at org.junit.platform.engine.support.hierarchical.NodeTestTask$DefaultDynamicTestExecutor.execute(NodeTestTask.java:212)
	at org.junit.platform.engine.support.hierarchical.NodeTestTask$DefaultDynamicTestExecutor.execute(NodeTestTask.java:192)
	at org.junit.jupiter.engine.descriptor.TestTemplateTestDescriptor.execute(TestTemplateTestDescriptor.java:139)
	at org.junit.jupiter.engine.descriptor.TestTemplateTestDescriptor.lambda$execute$2(TestTemplateTestDescriptor.java:107)
	at java.base/java.util.stream.ForEachOps$ForEachOp$OfRef.accept(ForEachOps.java:183)
	at java.base/java.util.stream.ReferencePipeline$3$1.accept(ReferencePipeline.java:197)
	at java.base/java.util.stream.ReferencePipeline$2$1.accept(ReferencePipeline.java:179)
	at java.base/java.util.stream.ReferencePipeline$3$1.accept(ReferencePipeline.java:197)
	at java.base/java.util.stream.ForEachOps$ForEachOp$OfRef.accept(ForEachOps.java:183)
	at java.base/java.util.stream.ReferencePipeline$15$1.accept(ReferencePipeline.java:541)
	at java.base/java.util.stream.ReferencePipeline$3$1.accept(ReferencePipeline.java:197)
	at java.base/java.util.stream.ReferencePipeline$3$1.accept(ReferencePipeline.java:197)
	at java.base/java.util.stream.ReferencePipeline$3$1.accept(ReferencePipeline.java:197)
	at java.base/java.util.stream.ForEachOps$ForEachOp$OfRef.accept(ForEachOps.java:183)
	at java.base/java.util.stream.ReferencePipeline$3$1.accept(ReferencePipeline.java:197)
	at java.base/java.util.stream.ForEachOps$ForEachOp$OfRef.accept(ForEachOps.java:183)
	at java.base/java.util.stream.SliceOps$1$1.accept(SliceOps.java:200)
	at java.base/java.util.stream.StreamSpliterators$InfiniteSupplyingSpliterator$OfRef.tryAdvance(StreamSpliterators.java:1358)
	at java.base/java.util.stream.ReferencePipeline.forEachWithCancel(ReferencePipeline.java:129)
	at java.base/java.util.stream.AbstractPipeline.copyIntoWithCancel(AbstractPipeline.java:527)
	at java.base/java.util.stream.AbstractPipeline.copyInto(AbstractPipeline.java:513)
	at java.base/java.util.stream.AbstractPipeline.wrapAndCopyInto(AbstractPipeline.java:499)
	at java.base/java.util.stream.ForEachOps$ForEachOp.evaluateSequential(ForEachOps.java:150)
	at java.base/java.util.stream.ForEachOps$ForEachOp$OfRef.evaluateSequential(ForEachOps.java:173)
	at java.base/java.util.stream.AbstractPipeline.evaluate(AbstractPipeline.java:234)
	at java.base/java.util.stream.ReferencePipeline.forEach(ReferencePipeline.java:596)
	at java.base/java.util.stream.ReferencePipeline$7$1.accept(ReferencePipeline.java:276)
	at java.base/java.util.stream.ReferencePipeline$3$1.accept(ReferencePipeline.java:197)
	at java.base/java.util.stream.ReferencePipeline$3$1.accept(ReferencePipeline.java:197)
	at java.base/java.util.Spliterators$ArraySpliterator.forEachRemaining(Spliterators.java:992)
	at java.base/java.util.stream.AbstractPipeline.copyInto(AbstractPipeline.java:509)
	at java.base/java.util.stream.AbstractPipeline.wrapAndCopyInto(AbstractPipeline.java:499)
	at java.base/java.util.stream.ForEachOps$ForEachOp.evaluateSequential(ForEachOps.java:150)
	at java.base/java.util.stream.ForEachOps$ForEachOp$OfRef.evaluateSequential(ForEachOps.java:173)
	at java.base/java.util.stream.AbstractPipeline.evaluate(AbstractPipeline.java:234)
	at java.base/java.util.stream.ReferencePipeline.forEach(ReferencePipeline.java:596)
	at java.base/java.util.stream.ReferencePipeline$7$1.accept(ReferencePipeline.java:276)
	at java.base/java.util.stream.ReferencePipeline$3$1.accept(ReferencePipeline.java:197)
	at java.base/java.util.stream.ReferencePipeline$3$1.accept(ReferencePipeline.java:197)
	at java.base/java.util.stream.ReferencePipeline$3$1.accept(ReferencePipeline.java:197)
	at java.base/java.util.ArrayList$ArrayListSpliterator.forEachRemaining(ArrayList.java:1625)
	at java.base/java.util.stream.AbstractPipeline.copyInto(AbstractPipeline.java:509)
	at java.base/java.util.stream.AbstractPipeline.wrapAndCopyInto(AbstractPipeline.java:499)
	at java.base/java.util.stream.ForEachOps$ForEachOp.evaluateSequential(ForEachOps.java:150)
	at java.base/java.util.stream.ForEachOps$ForEachOp$OfRef.evaluateSequential(ForEachOps.java:173)
	at java.base/java.util.stream.AbstractPipeline.evaluate(AbstractPipeline.java:234)
	at java.base/java.util.stream.ReferencePipeline.forEach(ReferencePipeline.java:596)
	at java.base/java.util.stream.ReferencePipeline$7$1.accept(ReferencePipeline.java:276)
	at java.base/java.util.ArrayList$ArrayListSpliterator.forEachRemaining(ArrayList.java:1625)
	at java.base/java.util.stream.AbstractPipeline.copyInto(AbstractPipeline.java:509)
	at java.base/java.util.stream.AbstractPipeline.wrapAndCopyInto(AbstractPipeline.java:499)
	at java.base/java.util.stream.ForEachOps$ForEachOp.evaluateSequential(ForEachOps.java:150)
	at java.base/java.util.stream.ForEachOps$ForEachOp$OfRef.evaluateSequential(ForEachOps.java:173)
	at java.base/java.util.stream.AbstractPipeline.evaluate(AbstractPipeline.java:234)
	at java.base/java.util.stream.ReferencePipeline.forEach(ReferencePipeline.java:596)
	at org.junit.jupiter.engine.descriptor.TestTemplateTestDescriptor.execute(TestTemplateTestDescriptor.java:107)
	at org.junit.jupiter.engine.descriptor.TestTemplateTestDescriptor.execute(TestTemplateTestDescriptor.java:42)
	at org.junit.platform.engine.support.hierarchical.NodeTestTask.lambda$executeRecursively$5(NodeTestTask.java:139)
	at org.junit.platform.engine.support.hierarchical.ThrowableCollector.execute(ThrowableCollector.java:73)
	at org.junit.platform.engine.support.hierarchical.NodeTestTask.lambda$executeRecursively$7(NodeTestTask.java:129)
	at org.junit.platform.engine.support.hierarchical.Node.around(Node.java:137)
	at org.junit.platform.engine.support.hierarchical.NodeTestTask.lambda$executeRecursively$8(NodeTestTask.java:127)
	at org.junit.platform.engine.support.hierarchical.ThrowableCollector.execute(ThrowableCollector.java:73)
	at org.junit.platform.engine.support.hierarchical.NodeTestTask.executeRecursively(NodeTestTask.java:126)
	at org.junit.platform.engine.support.hierarchical.NodeTestTask.execute(NodeTestTask.java:84)
	at java.base/java.util.ArrayList.forEach(ArrayList.java:1511)
	at org.junit.platform.engine.support.hierarchical.SameThreadHierarchicalTestExecutorService.invokeAll(SameThreadHierarchicalTestExecutorService.java:38)
	at org.junit.platform.engine.support.hierarchical.NodeTestTask.lambda$executeRecursively$5(NodeTestTask.java:143)
	at org.junit.platform.engine.support.hierarchical.ThrowableCollector.execute(ThrowableCollector.java:73)
	at org.junit.platform.engine.support.hierarchical.NodeTestTask.lambda$executeRecursively$7(NodeTestTask.java:129)
	at org.junit.platform.engine.support.hierarchical.Node.around(Node.java:137)
	at org.junit.platform.engine.support.hierarchical.NodeTestTask.lambda$executeRecursively$8(NodeTestTask.java:127)
	at org.junit.platform.engine.support.hierarchical.ThrowableCollector.execute(ThrowableCollector.java:73)
	at org.junit.platform.engine.support.hierarchical.NodeTestTask.executeRecursively(NodeTestTask.java:126)
	at org.junit.platform.engine.support.hierarchical.NodeTestTask.execute(NodeTestTask.java:84)
	at java.base/java.util.ArrayList.forEach(ArrayList.java:1511)
	at org.junit.platform.engine.support.hierarchical.SameThreadHierarchicalTestExecutorService.invokeAll(SameThreadHierarchicalTestExecutorService.java:38)
	at org.junit.platform.engine.support.hierarchical.NodeTestTask.lambda$executeRecursively$5(NodeTestTask.java:143)
	at org.junit.platform.engine.support.hierarchical.ThrowableCollector.execute(ThrowableCollector.java:73)
	at org.junit.platform.engine.support.hierarchical.NodeTestTask.lambda$executeRecursively$7(NodeTestTask.java:129)
	at org.junit.platform.engine.support.hierarchical.Node.around(Node.java:137)
	at org.junit.platform.engine.support.hierarchical.NodeTestTask.lambda$executeRecursively$8(NodeTestTask.java:127)
	at org.junit.platform.engine.support.hierarchical.ThrowableCollector.execute(ThrowableCollector.java:73)
	at org.junit.platform.engine.support.hierarchical.NodeTestTask.executeRecursively(NodeTestTask.java:126)
	at org.junit.platform.engine.support.hierarchical.NodeTestTask.execute(NodeTestTask.java:84)
	at org.junit.platform.engine.support.hierarchical.SameThreadHierarchicalTestExecutorService.submit(SameThreadHierarchicalTestExecutorService.java:32)
	at org.junit.platform.engine.support.hierarchical.HierarchicalTestExecutor.execute(HierarchicalTestExecutor.java:57)
	at org.junit.platform.engine.support.hierarchical.HierarchicalTestEngine.execute(HierarchicalTestEngine.java:51)
	at org.junit.platform.launcher.core.EngineExecutionOrchestrator.execute(EngineExecutionOrchestrator.java:108)
	at org.junit.platform.launcher.core.EngineExecutionOrchestrator.execute(EngineExecutionOrchestrator.java:88)
	at org.junit.platform.launcher.core.EngineExecutionOrchestrator.lambda$execute$0(EngineExecutionOrchestrator.java:54)
	at org.junit.platform.launcher.core.EngineExecutionOrchestrator.withInterceptedStreams(EngineExecutionOrchestrator.java:67)
	at org.junit.platform.launcher.core.EngineExecutionOrchestrator.execute(EngineExecutionOrchestrator.java:52)
	at org.junit.platform.launcher.core.DefaultLauncher.execute(DefaultLauncher.java:96)
	at org.junit.platform.launcher.core.DefaultLauncher.execute(DefaultLauncher.java:75)
	at org.junit.platform.console.tasks.ConsoleTestExecutor.executeTests(ConsoleTestExecutor.java:66)
	at org.junit.platform.console.tasks.ConsoleTestExecutor.lambda$execute$0(ConsoleTestExecutor.java:58)
	at org.junit.platform.console.tasks.CustomContextClassLoaderExecutor.replaceThreadContextClassLoaderAndInvoke(CustomContextClassLoaderExecutor.java:41)
	at org.junit.platform.console.tasks.CustomContextClassLoaderExecutor.invoke(CustomContextClassLoaderExecutor.java:31)
	at org.junit.platform.console.tasks.ConsoleTestExecutor.execute(ConsoleTestExecutor.java:58)
	at org.junit.platform.console.ConsoleLauncher.executeTests(ConsoleLauncher.java:95)
	at org.junit.platform.console.ConsoleLauncher.execute(ConsoleLauncher.java:73)
	at org.junit.platform.console.ConsoleLauncher.execute(ConsoleLauncher.java:50)
	at org.junit.platform.console.ConsoleLauncher.execute(ConsoleLauncher.java:43)
	at org.junit.platform.console.ConsoleLauncher.main(ConsoleLauncher.java:37)
]]></skipped>
<system-out><![CDATA[
unique-id: [engine:junit-jupiter]/[class:minebayd1.test.TestUser]/[test-template:testbuy(minebayd1.User, minebayd1.User, minebayd1.ClassifiedAd)]/[test-template-invocation:#71]
display-name: [71] Naila a 61 annonces ouvertes, 2 annonces fermées et 3 achats 
, Marcel a 65 annonces ouvertes, 2 annonces fermées et 3 achats 
, L'annonce correspond à Annonce n°836 from Marcel crée le 2024-11-04T21:00:34.613313815Z et correpoond à BOOKS et est à 79euros
]]></system-out>
</testcase>
<testcase name="testbuy(User, User, ClassifiedAd)[72]" classname="minebayd1.test.TestUser" time="0">
<system-out><![CDATA[
unique-id: [engine:junit-jupiter]/[class:minebayd1.test.TestUser]/[test-template:testbuy(minebayd1.User, minebayd1.User, minebayd1.ClassifiedAd)]/[test-template-invocation:#72]
display-name: [72] Pierre a 43 annonces ouvertes, 3 annonces fermées et 1 achats 
, Marc a 56 annonces ouvertes, 0 annonces fermées et 2 achats 
, L'annonce correspond à Annonce n°47 from Marc crée le 2024-11-04T21:00:34.621844212Z et correpoond à CLOTHES et est à 64euros
]]></system-out>
</testcase>
<testcase name="testbuy(User, User, ClassifiedAd)[73]" classname="minebayd1.test.TestUser" time="0">
<skipped><![CDATA[org.opentest4j.TestAbortedException: Assumption failed: assumption is not true
	at org.junit.jupiter.api.Assumptions.throwTestAbortedException(Assumptions.java:256)
	at org.junit.jupiter.api.Assumptions.assumeTrue(Assumptions.java:115)
	at org.junit.jupiter.api.Assumptions.assumeTrue(Assumptions.java:66)
	at minebayd1.test.TestUser.testbuy(TestUser.java:693)
	at jdk.internal.reflect.GeneratedMethodAccessor4.invoke(Unknown Source)
	at java.base/jdk.internal.reflect.DelegatingMethodAccessorImpl.invoke(DelegatingMethodAccessorImpl.java:43)
	at java.base/java.lang.reflect.Method.invoke(Method.java:569)
	at org.junit.platform.commons.util.ReflectionUtils.invokeMethod(ReflectionUtils.java:688)
	at org.junit.jupiter.engine.execution.MethodInvocation.proceed(MethodInvocation.java:60)
	at org.junit.jupiter.engine.execution.InvocationInterceptorChain$ValidatingInvocation.proceed(InvocationInterceptorChain.java:131)
	at org.junit.jupiter.engine.extension.TimeoutExtension.intercept(TimeoutExtension.java:149)
	at org.junit.jupiter.engine.extension.TimeoutExtension.interceptTestableMethod(TimeoutExtension.java:140)
	at org.junit.jupiter.engine.extension.TimeoutExtension.interceptTestTemplateMethod(TimeoutExtension.java:92)
	at org.junit.jupiter.engine.execution.ExecutableInvoker$ReflectiveInterceptorCall.lambda$ofVoidMethod$0(ExecutableInvoker.java:115)
	at org.junit.jupiter.engine.execution.ExecutableInvoker.lambda$invoke$0(ExecutableInvoker.java:105)
	at org.junit.jupiter.engine.execution.InvocationInterceptorChain$InterceptedInvocation.proceed(InvocationInterceptorChain.java:106)
	at org.junit.jupiter.engine.execution.InvocationInterceptorChain.proceed(InvocationInterceptorChain.java:64)
	at org.junit.jupiter.engine.execution.InvocationInterceptorChain.chainAndInvoke(InvocationInterceptorChain.java:45)
	at org.junit.jupiter.engine.execution.InvocationInterceptorChain.invoke(InvocationInterceptorChain.java:37)
	at org.junit.jupiter.engine.execution.ExecutableInvoker.invoke(ExecutableInvoker.java:104)
	at org.junit.jupiter.engine.execution.ExecutableInvoker.invoke(ExecutableInvoker.java:98)
	at org.junit.jupiter.engine.descriptor.TestMethodTestDescriptor.lambda$invokeTestMethod$6(TestMethodTestDescriptor.java:210)
	at org.junit.platform.engine.support.hierarchical.ThrowableCollector.execute(ThrowableCollector.java:73)
	at org.junit.jupiter.engine.descriptor.TestMethodTestDescriptor.invokeTestMethod(TestMethodTestDescriptor.java:206)
	at org.junit.jupiter.engine.descriptor.TestMethodTestDescriptor.execute(TestMethodTestDescriptor.java:131)
	at org.junit.jupiter.engine.descriptor.TestMethodTestDescriptor.execute(TestMethodTestDescriptor.java:65)
	at org.junit.platform.engine.support.hierarchical.NodeTestTask.lambda$executeRecursively$5(NodeTestTask.java:139)
	at org.junit.platform.engine.support.hierarchical.ThrowableCollector.execute(ThrowableCollector.java:73)
	at org.junit.platform.engine.support.hierarchical.NodeTestTask.lambda$executeRecursively$7(NodeTestTask.java:129)
	at org.junit.platform.engine.support.hierarchical.Node.around(Node.java:137)
	at org.junit.platform.engine.support.hierarchical.NodeTestTask.lambda$executeRecursively$8(NodeTestTask.java:127)
	at org.junit.platform.engine.support.hierarchical.ThrowableCollector.execute(ThrowableCollector.java:73)
	at org.junit.platform.engine.support.hierarchical.NodeTestTask.executeRecursively(NodeTestTask.java:126)
	at org.junit.platform.engine.support.hierarchical.NodeTestTask.execute(NodeTestTask.java:84)
	at org.junit.platform.engine.support.hierarchical.SameThreadHierarchicalTestExecutorService.submit(SameThreadHierarchicalTestExecutorService.java:32)
	at org.junit.platform.engine.support.hierarchical.NodeTestTask$DefaultDynamicTestExecutor.execute(NodeTestTask.java:212)
	at org.junit.platform.engine.support.hierarchical.NodeTestTask$DefaultDynamicTestExecutor.execute(NodeTestTask.java:192)
	at org.junit.jupiter.engine.descriptor.TestTemplateTestDescriptor.execute(TestTemplateTestDescriptor.java:139)
	at org.junit.jupiter.engine.descriptor.TestTemplateTestDescriptor.lambda$execute$2(TestTemplateTestDescriptor.java:107)
	at java.base/java.util.stream.ForEachOps$ForEachOp$OfRef.accept(ForEachOps.java:183)
	at java.base/java.util.stream.ReferencePipeline$3$1.accept(ReferencePipeline.java:197)
	at java.base/java.util.stream.ReferencePipeline$2$1.accept(ReferencePipeline.java:179)
	at java.base/java.util.stream.ReferencePipeline$3$1.accept(ReferencePipeline.java:197)
	at java.base/java.util.stream.ForEachOps$ForEachOp$OfRef.accept(ForEachOps.java:183)
	at java.base/java.util.stream.ReferencePipeline$15$1.accept(ReferencePipeline.java:541)
	at java.base/java.util.stream.ReferencePipeline$3$1.accept(ReferencePipeline.java:197)
	at java.base/java.util.stream.ReferencePipeline$3$1.accept(ReferencePipeline.java:197)
	at java.base/java.util.stream.ReferencePipeline$3$1.accept(ReferencePipeline.java:197)
	at java.base/java.util.stream.ForEachOps$ForEachOp$OfRef.accept(ForEachOps.java:183)
	at java.base/java.util.stream.ReferencePipeline$3$1.accept(ReferencePipeline.java:197)
	at java.base/java.util.stream.ForEachOps$ForEachOp$OfRef.accept(ForEachOps.java:183)
	at java.base/java.util.stream.SliceOps$1$1.accept(SliceOps.java:200)
	at java.base/java.util.stream.StreamSpliterators$InfiniteSupplyingSpliterator$OfRef.tryAdvance(StreamSpliterators.java:1358)
	at java.base/java.util.stream.ReferencePipeline.forEachWithCancel(ReferencePipeline.java:129)
	at java.base/java.util.stream.AbstractPipeline.copyIntoWithCancel(AbstractPipeline.java:527)
	at java.base/java.util.stream.AbstractPipeline.copyInto(AbstractPipeline.java:513)
	at java.base/java.util.stream.AbstractPipeline.wrapAndCopyInto(AbstractPipeline.java:499)
	at java.base/java.util.stream.ForEachOps$ForEachOp.evaluateSequential(ForEachOps.java:150)
	at java.base/java.util.stream.ForEachOps$ForEachOp$OfRef.evaluateSequential(ForEachOps.java:173)
	at java.base/java.util.stream.AbstractPipeline.evaluate(AbstractPipeline.java:234)
	at java.base/java.util.stream.ReferencePipeline.forEach(ReferencePipeline.java:596)
	at java.base/java.util.stream.ReferencePipeline$7$1.accept(ReferencePipeline.java:276)
	at java.base/java.util.stream.ReferencePipeline$3$1.accept(ReferencePipeline.java:197)
	at java.base/java.util.stream.ReferencePipeline$3$1.accept(ReferencePipeline.java:197)
	at java.base/java.util.Spliterators$ArraySpliterator.forEachRemaining(Spliterators.java:992)
	at java.base/java.util.stream.AbstractPipeline.copyInto(AbstractPipeline.java:509)
	at java.base/java.util.stream.AbstractPipeline.wrapAndCopyInto(AbstractPipeline.java:499)
	at java.base/java.util.stream.ForEachOps$ForEachOp.evaluateSequential(ForEachOps.java:150)
	at java.base/java.util.stream.ForEachOps$ForEachOp$OfRef.evaluateSequential(ForEachOps.java:173)
	at java.base/java.util.stream.AbstractPipeline.evaluate(AbstractPipeline.java:234)
	at java.base/java.util.stream.ReferencePipeline.forEach(ReferencePipeline.java:596)
	at java.base/java.util.stream.ReferencePipeline$7$1.accept(ReferencePipeline.java:276)
	at java.base/java.util.stream.ReferencePipeline$3$1.accept(ReferencePipeline.java:197)
	at java.base/java.util.stream.ReferencePipeline$3$1.accept(ReferencePipeline.java:197)
	at java.base/java.util.stream.ReferencePipeline$3$1.accept(ReferencePipeline.java:197)
	at java.base/java.util.ArrayList$ArrayListSpliterator.forEachRemaining(ArrayList.java:1625)
	at java.base/java.util.stream.AbstractPipeline.copyInto(AbstractPipeline.java:509)
	at java.base/java.util.stream.AbstractPipeline.wrapAndCopyInto(AbstractPipeline.java:499)
	at java.base/java.util.stream.ForEachOps$ForEachOp.evaluateSequential(ForEachOps.java:150)
	at java.base/java.util.stream.ForEachOps$ForEachOp$OfRef.evaluateSequential(ForEachOps.java:173)
	at java.base/java.util.stream.AbstractPipeline.evaluate(AbstractPipeline.java:234)
	at java.base/java.util.stream.ReferencePipeline.forEach(ReferencePipeline.java:596)
	at java.base/java.util.stream.ReferencePipeline$7$1.accept(ReferencePipeline.java:276)
	at java.base/java.util.ArrayList$ArrayListSpliterator.forEachRemaining(ArrayList.java:1625)
	at java.base/java.util.stream.AbstractPipeline.copyInto(AbstractPipeline.java:509)
	at java.base/java.util.stream.AbstractPipeline.wrapAndCopyInto(AbstractPipeline.java:499)
	at java.base/java.util.stream.ForEachOps$ForEachOp.evaluateSequential(ForEachOps.java:150)
	at java.base/java.util.stream.ForEachOps$ForEachOp$OfRef.evaluateSequential(ForEachOps.java:173)
	at java.base/java.util.stream.AbstractPipeline.evaluate(AbstractPipeline.java:234)
	at java.base/java.util.stream.ReferencePipeline.forEach(ReferencePipeline.java:596)
	at org.junit.jupiter.engine.descriptor.TestTemplateTestDescriptor.execute(TestTemplateTestDescriptor.java:107)
	at org.junit.jupiter.engine.descriptor.TestTemplateTestDescriptor.execute(TestTemplateTestDescriptor.java:42)
	at org.junit.platform.engine.support.hierarchical.NodeTestTask.lambda$executeRecursively$5(NodeTestTask.java:139)
	at org.junit.platform.engine.support.hierarchical.ThrowableCollector.execute(ThrowableCollector.java:73)
	at org.junit.platform.engine.support.hierarchical.NodeTestTask.lambda$executeRecursively$7(NodeTestTask.java:129)
	at org.junit.platform.engine.support.hierarchical.Node.around(Node.java:137)
	at org.junit.platform.engine.support.hierarchical.NodeTestTask.lambda$executeRecursively$8(NodeTestTask.java:127)
	at org.junit.platform.engine.support.hierarchical.ThrowableCollector.execute(ThrowableCollector.java:73)
	at org.junit.platform.engine.support.hierarchical.NodeTestTask.executeRecursively(NodeTestTask.java:126)
	at org.junit.platform.engine.support.hierarchical.NodeTestTask.execute(NodeTestTask.java:84)
	at java.base/java.util.ArrayList.forEach(ArrayList.java:1511)
	at org.junit.platform.engine.support.hierarchical.SameThreadHierarchicalTestExecutorService.invokeAll(SameThreadHierarchicalTestExecutorService.java:38)
	at org.junit.platform.engine.support.hierarchical.NodeTestTask.lambda$executeRecursively$5(NodeTestTask.java:143)
	at org.junit.platform.engine.support.hierarchical.ThrowableCollector.execute(ThrowableCollector.java:73)
	at org.junit.platform.engine.support.hierarchical.NodeTestTask.lambda$executeRecursively$7(NodeTestTask.java:129)
	at org.junit.platform.engine.support.hierarchical.Node.around(Node.java:137)
	at org.junit.platform.engine.support.hierarchical.NodeTestTask.lambda$executeRecursively$8(NodeTestTask.java:127)
	at org.junit.platform.engine.support.hierarchical.ThrowableCollector.execute(ThrowableCollector.java:73)
	at org.junit.platform.engine.support.hierarchical.NodeTestTask.executeRecursively(NodeTestTask.java:126)
	at org.junit.platform.engine.support.hierarchical.NodeTestTask.execute(NodeTestTask.java:84)
	at java.base/java.util.ArrayList.forEach(ArrayList.java:1511)
	at org.junit.platform.engine.support.hierarchical.SameThreadHierarchicalTestExecutorService.invokeAll(SameThreadHierarchicalTestExecutorService.java:38)
	at org.junit.platform.engine.support.hierarchical.NodeTestTask.lambda$executeRecursively$5(NodeTestTask.java:143)
	at org.junit.platform.engine.support.hierarchical.ThrowableCollector.execute(ThrowableCollector.java:73)
	at org.junit.platform.engine.support.hierarchical.NodeTestTask.lambda$executeRecursively$7(NodeTestTask.java:129)
	at org.junit.platform.engine.support.hierarchical.Node.around(Node.java:137)
	at org.junit.platform.engine.support.hierarchical.NodeTestTask.lambda$executeRecursively$8(NodeTestTask.java:127)
	at org.junit.platform.engine.support.hierarchical.ThrowableCollector.execute(ThrowableCollector.java:73)
	at org.junit.platform.engine.support.hierarchical.NodeTestTask.executeRecursively(NodeTestTask.java:126)
	at org.junit.platform.engine.support.hierarchical.NodeTestTask.execute(NodeTestTask.java:84)
	at org.junit.platform.engine.support.hierarchical.SameThreadHierarchicalTestExecutorService.submit(SameThreadHierarchicalTestExecutorService.java:32)
	at org.junit.platform.engine.support.hierarchical.HierarchicalTestExecutor.execute(HierarchicalTestExecutor.java:57)
	at org.junit.platform.engine.support.hierarchical.HierarchicalTestEngine.execute(HierarchicalTestEngine.java:51)
	at org.junit.platform.launcher.core.EngineExecutionOrchestrator.execute(EngineExecutionOrchestrator.java:108)
	at org.junit.platform.launcher.core.EngineExecutionOrchestrator.execute(EngineExecutionOrchestrator.java:88)
	at org.junit.platform.launcher.core.EngineExecutionOrchestrator.lambda$execute$0(EngineExecutionOrchestrator.java:54)
	at org.junit.platform.launcher.core.EngineExecutionOrchestrator.withInterceptedStreams(EngineExecutionOrchestrator.java:67)
	at org.junit.platform.launcher.core.EngineExecutionOrchestrator.execute(EngineExecutionOrchestrator.java:52)
	at org.junit.platform.launcher.core.DefaultLauncher.execute(DefaultLauncher.java:96)
	at org.junit.platform.launcher.core.DefaultLauncher.execute(DefaultLauncher.java:75)
	at org.junit.platform.console.tasks.ConsoleTestExecutor.executeTests(ConsoleTestExecutor.java:66)
	at org.junit.platform.console.tasks.ConsoleTestExecutor.lambda$execute$0(ConsoleTestExecutor.java:58)
	at org.junit.platform.console.tasks.CustomContextClassLoaderExecutor.replaceThreadContextClassLoaderAndInvoke(CustomContextClassLoaderExecutor.java:41)
	at org.junit.platform.console.tasks.CustomContextClassLoaderExecutor.invoke(CustomContextClassLoaderExecutor.java:31)
	at org.junit.platform.console.tasks.ConsoleTestExecutor.execute(ConsoleTestExecutor.java:58)
	at org.junit.platform.console.ConsoleLauncher.executeTests(ConsoleLauncher.java:95)
	at org.junit.platform.console.ConsoleLauncher.execute(ConsoleLauncher.java:73)
	at org.junit.platform.console.ConsoleLauncher.execute(ConsoleLauncher.java:50)
	at org.junit.platform.console.ConsoleLauncher.execute(ConsoleLauncher.java:43)
	at org.junit.platform.console.ConsoleLauncher.main(ConsoleLauncher.java:37)
]]></skipped>
<system-out><![CDATA[
unique-id: [engine:junit-jupiter]/[class:minebayd1.test.TestUser]/[test-template:testbuy(minebayd1.User, minebayd1.User, minebayd1.ClassifiedAd)]/[test-template-invocation:#73]
display-name: [73] Faycal a 53 annonces ouvertes, 1 annonces fermées et 2 achats 
, Mamadou a 60 annonces ouvertes, 1 annonces fermées et 1 achats 
, L'annonce correspond à Annonce n°489 from Mamadou crée le 2024-11-04T21:00:34.617871141Z et correpoond à GAMES et est à 56euros
]]></system-out>
</testcase>
<testcase name="testbuy(User, User, ClassifiedAd)[74]" classname="minebayd1.test.TestUser" time="0">
<system-out><![CDATA[
unique-id: [engine:junit-jupiter]/[class:minebayd1.test.TestUser]/[test-template:testbuy(minebayd1.User, minebayd1.User, minebayd1.ClassifiedAd)]/[test-template-invocation:#74]
display-name: [74] Boris a 64 annonces ouvertes, 1 annonces fermées et 2 achats 
, Marcel a 65 annonces ouvertes, 2 annonces fermées et 3 achats 
, L'annonce correspond à Annonce n°457 from Marcel crée le 2024-11-04T21:00:34.618167077Z et correpoond à GAMES et est à 2euros
]]></system-out>
</testcase>
<testcase name="testbuy(User, User, ClassifiedAd)[75]" classname="minebayd1.test.TestUser" time="0">
<system-out><![CDATA[
unique-id: [engine:junit-jupiter]/[class:minebayd1.test.TestUser]/[test-template:testbuy(minebayd1.User, minebayd1.User, minebayd1.ClassifiedAd)]/[test-template-invocation:#75]
display-name: [75] Mohamed a 46 annonces ouvertes, 1 annonces fermées et 2 achats 
, Pierre a 43 annonces ouvertes, 3 annonces fermées et 2 achats 
, L'annonce correspond à Annonce n°523 from Pierre crée le 2024-11-04T21:00:34.617568475Z et correpoond à COMPUTERS et est à 41euros
]]></system-out>
</testcase>
<testcase name="testbuy(User, User, ClassifiedAd)[76]" classname="minebayd1.test.TestUser" time="0">
<system-out><![CDATA[
unique-id: [engine:junit-jupiter]/[class:minebayd1.test.TestUser]/[test-template:testbuy(minebayd1.User, minebayd1.User, minebayd1.ClassifiedAd)]/[test-template-invocation:#76]
display-name: [76] Ali a 57 annonces ouvertes, 6 annonces fermées et 1 achats 
, Faycal a 53 annonces ouvertes, 1 annonces fermées et 2 achats 
, L'annonce correspond à Annonce n°131 from Faycal crée le 2024-11-04T21:00:34.621546109Z et correpoond à CLOTHES et est à 51euros
]]></system-out>
</testcase>
<testcase name="testbuy(User, User, ClassifiedAd)[77]" classname="minebayd1.test.TestUser" time="0">
<system-out><![CDATA[
unique-id: [engine:junit-jupiter]/[class:minebayd1.test.TestUser]/[test-template:testbuy(minebayd1.User, minebayd1.User, minebayd1.ClassifiedAd)]/[test-template-invocation:#77]
display-name: [77] Lisa a 46 annonces ouvertes, 3 annonces fermées et 2 achats 
, Ziad a 49 annonces ouvertes, 3 annonces fermées et 2 achats 
, L'annonce correspond à Annonce n°356 from Ziad crée le 2024-11-04T21:00:34.619349521Z et correpoond à GAMES et est à 89euros
]]></system-out>
</testcase>
<testcase name="testbuy(User, User, ClassifiedAd)[78]" classname="minebayd1.test.TestUser" time="0.001">
<system-out><![CDATA[
unique-id: [engine:junit-jupiter]/[class:minebayd1.test.TestUser]/[test-template:testbuy(minebayd1.User, minebayd1.User, minebayd1.ClassifiedAd)]/[test-template-invocation:#78]
display-name: [78] Imam a 47 annonces ouvertes, 3 annonces fermées et 2 achats 
, Adam a 50 annonces ouvertes, 2 annonces fermées et 2 achats 
, L'annonce correspond à Annonce n°1228 from Adam crée le 2024-11-04T21:00:34.608962652Z et correpoond à COMPUTERS et est à 87euros
]]></system-out>
</testcase>
<testcase name="testbuy(User, User, ClassifiedAd)[79]" classname="minebayd1.test.TestUser" time="0">
<system-out><![CDATA[
unique-id: [engine:junit-jupiter]/[class:minebayd1.test.TestUser]/[test-template:testbuy(minebayd1.User, minebayd1.User, minebayd1.ClassifiedAd)]/[test-template-invocation:#79]
display-name: [79] Faycal a 52 annonces ouvertes, 2 annonces fermées et 2 achats 
, Marcel a 64 annonces ouvertes, 3 annonces fermées et 3 achats 
, L'annonce correspond à À vendre crée le 2024-11-04T21:00:35.655043285Z et correpoond à SHOES et est à 31euros
]]></system-out>
</testcase>
<testcase name="testbuy(User, User, ClassifiedAd)[80]" classname="minebayd1.test.TestUser" time="0">
<skipped><![CDATA[org.opentest4j.TestAbortedException: Assumption failed: assumption is not true
	at org.junit.jupiter.api.Assumptions.throwTestAbortedException(Assumptions.java:256)
	at org.junit.jupiter.api.Assumptions.assumeTrue(Assumptions.java:115)
	at org.junit.jupiter.api.Assumptions.assumeTrue(Assumptions.java:66)
	at minebayd1.test.TestUser.testbuy(TestUser.java:693)
	at jdk.internal.reflect.GeneratedMethodAccessor4.invoke(Unknown Source)
	at java.base/jdk.internal.reflect.DelegatingMethodAccessorImpl.invoke(DelegatingMethodAccessorImpl.java:43)
	at java.base/java.lang.reflect.Method.invoke(Method.java:569)
	at org.junit.platform.commons.util.ReflectionUtils.invokeMethod(ReflectionUtils.java:688)
	at org.junit.jupiter.engine.execution.MethodInvocation.proceed(MethodInvocation.java:60)
	at org.junit.jupiter.engine.execution.InvocationInterceptorChain$ValidatingInvocation.proceed(InvocationInterceptorChain.java:131)
	at org.junit.jupiter.engine.extension.TimeoutExtension.intercept(TimeoutExtension.java:149)
	at org.junit.jupiter.engine.extension.TimeoutExtension.interceptTestableMethod(TimeoutExtension.java:140)
	at org.junit.jupiter.engine.extension.TimeoutExtension.interceptTestTemplateMethod(TimeoutExtension.java:92)
	at org.junit.jupiter.engine.execution.ExecutableInvoker$ReflectiveInterceptorCall.lambda$ofVoidMethod$0(ExecutableInvoker.java:115)
	at org.junit.jupiter.engine.execution.ExecutableInvoker.lambda$invoke$0(ExecutableInvoker.java:105)
	at org.junit.jupiter.engine.execution.InvocationInterceptorChain$InterceptedInvocation.proceed(InvocationInterceptorChain.java:106)
	at org.junit.jupiter.engine.execution.InvocationInterceptorChain.proceed(InvocationInterceptorChain.java:64)
	at org.junit.jupiter.engine.execution.InvocationInterceptorChain.chainAndInvoke(InvocationInterceptorChain.java:45)
	at org.junit.jupiter.engine.execution.InvocationInterceptorChain.invoke(InvocationInterceptorChain.java:37)
	at org.junit.jupiter.engine.execution.ExecutableInvoker.invoke(ExecutableInvoker.java:104)
	at org.junit.jupiter.engine.execution.ExecutableInvoker.invoke(ExecutableInvoker.java:98)
	at org.junit.jupiter.engine.descriptor.TestMethodTestDescriptor.lambda$invokeTestMethod$6(TestMethodTestDescriptor.java:210)
	at org.junit.platform.engine.support.hierarchical.ThrowableCollector.execute(ThrowableCollector.java:73)
	at org.junit.jupiter.engine.descriptor.TestMethodTestDescriptor.invokeTestMethod(TestMethodTestDescriptor.java:206)
	at org.junit.jupiter.engine.descriptor.TestMethodTestDescriptor.execute(TestMethodTestDescriptor.java:131)
	at org.junit.jupiter.engine.descriptor.TestMethodTestDescriptor.execute(TestMethodTestDescriptor.java:65)
	at org.junit.platform.engine.support.hierarchical.NodeTestTask.lambda$executeRecursively$5(NodeTestTask.java:139)
	at org.junit.platform.engine.support.hierarchical.ThrowableCollector.execute(ThrowableCollector.java:73)
	at org.junit.platform.engine.support.hierarchical.NodeTestTask.lambda$executeRecursively$7(NodeTestTask.java:129)
	at org.junit.platform.engine.support.hierarchical.Node.around(Node.java:137)
	at org.junit.platform.engine.support.hierarchical.NodeTestTask.lambda$executeRecursively$8(NodeTestTask.java:127)
	at org.junit.platform.engine.support.hierarchical.ThrowableCollector.execute(ThrowableCollector.java:73)
	at org.junit.platform.engine.support.hierarchical.NodeTestTask.executeRecursively(NodeTestTask.java:126)
	at org.junit.platform.engine.support.hierarchical.NodeTestTask.execute(NodeTestTask.java:84)
	at org.junit.platform.engine.support.hierarchical.SameThreadHierarchicalTestExecutorService.submit(SameThreadHierarchicalTestExecutorService.java:32)
	at org.junit.platform.engine.support.hierarchical.NodeTestTask$DefaultDynamicTestExecutor.execute(NodeTestTask.java:212)
	at org.junit.platform.engine.support.hierarchical.NodeTestTask$DefaultDynamicTestExecutor.execute(NodeTestTask.java:192)
	at org.junit.jupiter.engine.descriptor.TestTemplateTestDescriptor.execute(TestTemplateTestDescriptor.java:139)
	at org.junit.jupiter.engine.descriptor.TestTemplateTestDescriptor.lambda$execute$2(TestTemplateTestDescriptor.java:107)
	at java.base/java.util.stream.ForEachOps$ForEachOp$OfRef.accept(ForEachOps.java:183)
	at java.base/java.util.stream.ReferencePipeline$3$1.accept(ReferencePipeline.java:197)
	at java.base/java.util.stream.ReferencePipeline$2$1.accept(ReferencePipeline.java:179)
	at java.base/java.util.stream.ReferencePipeline$3$1.accept(ReferencePipeline.java:197)
	at java.base/java.util.stream.ForEachOps$ForEachOp$OfRef.accept(ForEachOps.java:183)
	at java.base/java.util.stream.ReferencePipeline$15$1.accept(ReferencePipeline.java:541)
	at java.base/java.util.stream.ReferencePipeline$3$1.accept(ReferencePipeline.java:197)
	at java.base/java.util.stream.ReferencePipeline$3$1.accept(ReferencePipeline.java:197)
	at java.base/java.util.stream.ReferencePipeline$3$1.accept(ReferencePipeline.java:197)
	at java.base/java.util.stream.ForEachOps$ForEachOp$OfRef.accept(ForEachOps.java:183)
	at java.base/java.util.stream.ReferencePipeline$3$1.accept(ReferencePipeline.java:197)
	at java.base/java.util.stream.ForEachOps$ForEachOp$OfRef.accept(ForEachOps.java:183)
	at java.base/java.util.stream.SliceOps$1$1.accept(SliceOps.java:200)
	at java.base/java.util.stream.StreamSpliterators$InfiniteSupplyingSpliterator$OfRef.tryAdvance(StreamSpliterators.java:1358)
	at java.base/java.util.stream.ReferencePipeline.forEachWithCancel(ReferencePipeline.java:129)
	at java.base/java.util.stream.AbstractPipeline.copyIntoWithCancel(AbstractPipeline.java:527)
	at java.base/java.util.stream.AbstractPipeline.copyInto(AbstractPipeline.java:513)
	at java.base/java.util.stream.AbstractPipeline.wrapAndCopyInto(AbstractPipeline.java:499)
	at java.base/java.util.stream.ForEachOps$ForEachOp.evaluateSequential(ForEachOps.java:150)
	at java.base/java.util.stream.ForEachOps$ForEachOp$OfRef.evaluateSequential(ForEachOps.java:173)
	at java.base/java.util.stream.AbstractPipeline.evaluate(AbstractPipeline.java:234)
	at java.base/java.util.stream.ReferencePipeline.forEach(ReferencePipeline.java:596)
	at java.base/java.util.stream.ReferencePipeline$7$1.accept(ReferencePipeline.java:276)
	at java.base/java.util.stream.ReferencePipeline$3$1.accept(ReferencePipeline.java:197)
	at java.base/java.util.stream.ReferencePipeline$3$1.accept(ReferencePipeline.java:197)
	at java.base/java.util.Spliterators$ArraySpliterator.forEachRemaining(Spliterators.java:992)
	at java.base/java.util.stream.AbstractPipeline.copyInto(AbstractPipeline.java:509)
	at java.base/java.util.stream.AbstractPipeline.wrapAndCopyInto(AbstractPipeline.java:499)
	at java.base/java.util.stream.ForEachOps$ForEachOp.evaluateSequential(ForEachOps.java:150)
	at java.base/java.util.stream.ForEachOps$ForEachOp$OfRef.evaluateSequential(ForEachOps.java:173)
	at java.base/java.util.stream.AbstractPipeline.evaluate(AbstractPipeline.java:234)
	at java.base/java.util.stream.ReferencePipeline.forEach(ReferencePipeline.java:596)
	at java.base/java.util.stream.ReferencePipeline$7$1.accept(ReferencePipeline.java:276)
	at java.base/java.util.stream.ReferencePipeline$3$1.accept(ReferencePipeline.java:197)
	at java.base/java.util.stream.ReferencePipeline$3$1.accept(ReferencePipeline.java:197)
	at java.base/java.util.stream.ReferencePipeline$3$1.accept(ReferencePipeline.java:197)
	at java.base/java.util.ArrayList$ArrayListSpliterator.forEachRemaining(ArrayList.java:1625)
	at java.base/java.util.stream.AbstractPipeline.copyInto(AbstractPipeline.java:509)
	at java.base/java.util.stream.AbstractPipeline.wrapAndCopyInto(AbstractPipeline.java:499)
	at java.base/java.util.stream.ForEachOps$ForEachOp.evaluateSequential(ForEachOps.java:150)
	at java.base/java.util.stream.ForEachOps$ForEachOp$OfRef.evaluateSequential(ForEachOps.java:173)
	at java.base/java.util.stream.AbstractPipeline.evaluate(AbstractPipeline.java:234)
	at java.base/java.util.stream.ReferencePipeline.forEach(ReferencePipeline.java:596)
	at java.base/java.util.stream.ReferencePipeline$7$1.accept(ReferencePipeline.java:276)
	at java.base/java.util.ArrayList$ArrayListSpliterator.forEachRemaining(ArrayList.java:1625)
	at java.base/java.util.stream.AbstractPipeline.copyInto(AbstractPipeline.java:509)
	at java.base/java.util.stream.AbstractPipeline.wrapAndCopyInto(AbstractPipeline.java:499)
	at java.base/java.util.stream.ForEachOps$ForEachOp.evaluateSequential(ForEachOps.java:150)
	at java.base/java.util.stream.ForEachOps$ForEachOp$OfRef.evaluateSequential(ForEachOps.java:173)
	at java.base/java.util.stream.AbstractPipeline.evaluate(AbstractPipeline.java:234)
	at java.base/java.util.stream.ReferencePipeline.forEach(ReferencePipeline.java:596)
	at org.junit.jupiter.engine.descriptor.TestTemplateTestDescriptor.execute(TestTemplateTestDescriptor.java:107)
	at org.junit.jupiter.engine.descriptor.TestTemplateTestDescriptor.execute(TestTemplateTestDescriptor.java:42)
	at org.junit.platform.engine.support.hierarchical.NodeTestTask.lambda$executeRecursively$5(NodeTestTask.java:139)
	at org.junit.platform.engine.support.hierarchical.ThrowableCollector.execute(ThrowableCollector.java:73)
	at org.junit.platform.engine.support.hierarchical.NodeTestTask.lambda$executeRecursively$7(NodeTestTask.java:129)
	at org.junit.platform.engine.support.hierarchical.Node.around(Node.java:137)
	at org.junit.platform.engine.support.hierarchical.NodeTestTask.lambda$executeRecursively$8(NodeTestTask.java:127)
	at org.junit.platform.engine.support.hierarchical.ThrowableCollector.execute(ThrowableCollector.java:73)
	at org.junit.platform.engine.support.hierarchical.NodeTestTask.executeRecursively(NodeTestTask.java:126)
	at org.junit.platform.engine.support.hierarchical.NodeTestTask.execute(NodeTestTask.java:84)
	at java.base/java.util.ArrayList.forEach(ArrayList.java:1511)
	at org.junit.platform.engine.support.hierarchical.SameThreadHierarchicalTestExecutorService.invokeAll(SameThreadHierarchicalTestExecutorService.java:38)
	at org.junit.platform.engine.support.hierarchical.NodeTestTask.lambda$executeRecursively$5(NodeTestTask.java:143)
	at org.junit.platform.engine.support.hierarchical.ThrowableCollector.execute(ThrowableCollector.java:73)
	at org.junit.platform.engine.support.hierarchical.NodeTestTask.lambda$executeRecursively$7(NodeTestTask.java:129)
	at org.junit.platform.engine.support.hierarchical.Node.around(Node.java:137)
	at org.junit.platform.engine.support.hierarchical.NodeTestTask.lambda$executeRecursively$8(NodeTestTask.java:127)
	at org.junit.platform.engine.support.hierarchical.ThrowableCollector.execute(ThrowableCollector.java:73)
	at org.junit.platform.engine.support.hierarchical.NodeTestTask.executeRecursively(NodeTestTask.java:126)
	at org.junit.platform.engine.support.hierarchical.NodeTestTask.execute(NodeTestTask.java:84)
	at java.base/java.util.ArrayList.forEach(ArrayList.java:1511)
	at org.junit.platform.engine.support.hierarchical.SameThreadHierarchicalTestExecutorService.invokeAll(SameThreadHierarchicalTestExecutorService.java:38)
	at org.junit.platform.engine.support.hierarchical.NodeTestTask.lambda$executeRecursively$5(NodeTestTask.java:143)
	at org.junit.platform.engine.support.hierarchical.ThrowableCollector.execute(ThrowableCollector.java:73)
	at org.junit.platform.engine.support.hierarchical.NodeTestTask.lambda$executeRecursively$7(NodeTestTask.java:129)
	at org.junit.platform.engine.support.hierarchical.Node.around(Node.java:137)
	at org.junit.platform.engine.support.hierarchical.NodeTestTask.lambda$executeRecursively$8(NodeTestTask.java:127)
	at org.junit.platform.engine.support.hierarchical.ThrowableCollector.execute(ThrowableCollector.java:73)
	at org.junit.platform.engine.support.hierarchical.NodeTestTask.executeRecursively(NodeTestTask.java:126)
	at org.junit.platform.engine.support.hierarchical.NodeTestTask.execute(NodeTestTask.java:84)
	at org.junit.platform.engine.support.hierarchical.SameThreadHierarchicalTestExecutorService.submit(SameThreadHierarchicalTestExecutorService.java:32)
	at org.junit.platform.engine.support.hierarchical.HierarchicalTestExecutor.execute(HierarchicalTestExecutor.java:57)
	at org.junit.platform.engine.support.hierarchical.HierarchicalTestEngine.execute(HierarchicalTestEngine.java:51)
	at org.junit.platform.launcher.core.EngineExecutionOrchestrator.execute(EngineExecutionOrchestrator.java:108)
	at org.junit.platform.launcher.core.EngineExecutionOrchestrator.execute(EngineExecutionOrchestrator.java:88)
	at org.junit.platform.launcher.core.EngineExecutionOrchestrator.lambda$execute$0(EngineExecutionOrchestrator.java:54)
	at org.junit.platform.launcher.core.EngineExecutionOrchestrator.withInterceptedStreams(EngineExecutionOrchestrator.java:67)
	at org.junit.platform.launcher.core.EngineExecutionOrchestrator.execute(EngineExecutionOrchestrator.java:52)
	at org.junit.platform.launcher.core.DefaultLauncher.execute(DefaultLauncher.java:96)
	at org.junit.platform.launcher.core.DefaultLauncher.execute(DefaultLauncher.java:75)
	at org.junit.platform.console.tasks.ConsoleTestExecutor.executeTests(ConsoleTestExecutor.java:66)
	at org.junit.platform.console.tasks.ConsoleTestExecutor.lambda$execute$0(ConsoleTestExecutor.java:58)
	at org.junit.platform.console.tasks.CustomContextClassLoaderExecutor.replaceThreadContextClassLoaderAndInvoke(CustomContextClassLoaderExecutor.java:41)
	at org.junit.platform.console.tasks.CustomContextClassLoaderExecutor.invoke(CustomContextClassLoaderExecutor.java:31)
	at org.junit.platform.console.tasks.ConsoleTestExecutor.execute(ConsoleTestExecutor.java:58)
	at org.junit.platform.console.ConsoleLauncher.executeTests(ConsoleLauncher.java:95)
	at org.junit.platform.console.ConsoleLauncher.execute(ConsoleLauncher.java:73)
	at org.junit.platform.console.ConsoleLauncher.execute(ConsoleLauncher.java:50)
	at org.junit.platform.console.ConsoleLauncher.execute(ConsoleLauncher.java:43)
	at org.junit.platform.console.ConsoleLauncher.main(ConsoleLauncher.java:37)
]]></skipped>
<system-out><![CDATA[
unique-id: [engine:junit-jupiter]/[class:minebayd1.test.TestUser]/[test-template:testbuy(minebayd1.User, minebayd1.User, minebayd1.ClassifiedAd)]/[test-template-invocation:#80]
display-name: [80] Zahra a 42 annonces ouvertes, 0 annonces fermées et 2 achats 
, Sonia a 48 annonces ouvertes, 1 annonces fermées et 2 achats 
, L'annonce correspond à Annonce n°879 from Sonia crée le 2024-11-04T21:00:34.612625170Z et correpoond à SHOES et est à 65euros
]]></system-out>
</testcase>
<testcase name="testbuy(User, User, ClassifiedAd)[81]" classname="minebayd1.test.TestUser" time="0.001">
<system-out><![CDATA[
unique-id: [engine:junit-jupiter]/[class:minebayd1.test.TestUser]/[test-template:testbuy(minebayd1.User, minebayd1.User, minebayd1.ClassifiedAd)]/[test-template-invocation:#81]
display-name: [81] Ayman a 53 annonces ouvertes, 4 annonces fermées et 3 achats 
, Pierre a 42 annonces ouvertes, 4 annonces fermées et 2 achats 
, L'annonce correspond à Annonce n°1066 from Pierre crée le 2024-11-04T21:00:34.610135304Z et correpoond à COMPUTERS et est à 60euros
]]></system-out>
</testcase>
<testcase name="testbuy(User, User, ClassifiedAd)[82]" classname="minebayd1.test.TestUser" time="0">
<system-out><![CDATA[
unique-id: [engine:junit-jupiter]/[class:minebayd1.test.TestUser]/[test-template:testbuy(minebayd1.User, minebayd1.User, minebayd1.ClassifiedAd)]/[test-template-invocation:#82]
display-name: [82] Yanis a 63 annonces ouvertes, 2 annonces fermées et 2 achats 
, Issa a 72 annonces ouvertes, 1 annonces fermées et 2 achats 
, L'annonce correspond à Annonce n°1450 from Issa crée le 2024-11-04T21:00:34.606889897Z et correpoond à BOOKS et est à 85euros
]]></system-out>
</testcase>
<testcase name="testbuy(User, User, ClassifiedAd)[83]" classname="minebayd1.test.TestUser" time="0">
<system-out><![CDATA[
unique-id: [engine:junit-jupiter]/[class:minebayd1.test.TestUser]/[test-template:testbuy(minebayd1.User, minebayd1.User, minebayd1.ClassifiedAd)]/[test-template-invocation:#83]
display-name: [83] Sheraz a 50 annonces ouvertes, 2 annonces fermées et 5 achats 
, Imam a 47 annonces ouvertes, 3 annonces fermées et 3 achats 
, L'annonce correspond à Annonce n°67 from Imam crée le 2024-11-04T21:00:34.621780979Z et correpoond à CLOTHES et est à 7euros
]]></system-out>
</testcase>
<testcase name="testbuy(User, User, ClassifiedAd)[84]" classname="minebayd1.test.TestUser" time="0">
<system-out><![CDATA[
unique-id: [engine:junit-jupiter]/[class:minebayd1.test.TestUser]/[test-template:testbuy(minebayd1.User, minebayd1.User, minebayd1.ClassifiedAd)]/[test-template-invocation:#84]
display-name: [84] Rosa a 40 annonces ouvertes, 4 annonces fermées et 1 achats 
, Yanis a 63 annonces ouvertes, 2 annonces fermées et 3 achats 
, L'annonce correspond à Annonce n°1249 from Yanis crée le 2024-11-04T21:00:34.608754155Z et correpoond à CLOTHES et est à 74euros
]]></system-out>
</testcase>
<testcase name="testbuy(User, User, ClassifiedAd)[85]" classname="minebayd1.test.TestUser" time="0">
<skipped><![CDATA[org.opentest4j.TestAbortedException: Assumption failed: assumption is not true
	at org.junit.jupiter.api.Assumptions.throwTestAbortedException(Assumptions.java:256)
	at org.junit.jupiter.api.Assumptions.assumeTrue(Assumptions.java:115)
	at org.junit.jupiter.api.Assumptions.assumeTrue(Assumptions.java:66)
	at minebayd1.test.TestUser.testbuy(TestUser.java:693)
	at jdk.internal.reflect.GeneratedMethodAccessor4.invoke(Unknown Source)
	at java.base/jdk.internal.reflect.DelegatingMethodAccessorImpl.invoke(DelegatingMethodAccessorImpl.java:43)
	at java.base/java.lang.reflect.Method.invoke(Method.java:569)
	at org.junit.platform.commons.util.ReflectionUtils.invokeMethod(ReflectionUtils.java:688)
	at org.junit.jupiter.engine.execution.MethodInvocation.proceed(MethodInvocation.java:60)
	at org.junit.jupiter.engine.execution.InvocationInterceptorChain$ValidatingInvocation.proceed(InvocationInterceptorChain.java:131)
	at org.junit.jupiter.engine.extension.TimeoutExtension.intercept(TimeoutExtension.java:149)
	at org.junit.jupiter.engine.extension.TimeoutExtension.interceptTestableMethod(TimeoutExtension.java:140)
	at org.junit.jupiter.engine.extension.TimeoutExtension.interceptTestTemplateMethod(TimeoutExtension.java:92)
	at org.junit.jupiter.engine.execution.ExecutableInvoker$ReflectiveInterceptorCall.lambda$ofVoidMethod$0(ExecutableInvoker.java:115)
	at org.junit.jupiter.engine.execution.ExecutableInvoker.lambda$invoke$0(ExecutableInvoker.java:105)
	at org.junit.jupiter.engine.execution.InvocationInterceptorChain$InterceptedInvocation.proceed(InvocationInterceptorChain.java:106)
	at org.junit.jupiter.engine.execution.InvocationInterceptorChain.proceed(InvocationInterceptorChain.java:64)
	at org.junit.jupiter.engine.execution.InvocationInterceptorChain.chainAndInvoke(InvocationInterceptorChain.java:45)
	at org.junit.jupiter.engine.execution.InvocationInterceptorChain.invoke(InvocationInterceptorChain.java:37)
	at org.junit.jupiter.engine.execution.ExecutableInvoker.invoke(ExecutableInvoker.java:104)
	at org.junit.jupiter.engine.execution.ExecutableInvoker.invoke(ExecutableInvoker.java:98)
	at org.junit.jupiter.engine.descriptor.TestMethodTestDescriptor.lambda$invokeTestMethod$6(TestMethodTestDescriptor.java:210)
	at org.junit.platform.engine.support.hierarchical.ThrowableCollector.execute(ThrowableCollector.java:73)
	at org.junit.jupiter.engine.descriptor.TestMethodTestDescriptor.invokeTestMethod(TestMethodTestDescriptor.java:206)
	at org.junit.jupiter.engine.descriptor.TestMethodTestDescriptor.execute(TestMethodTestDescriptor.java:131)
	at org.junit.jupiter.engine.descriptor.TestMethodTestDescriptor.execute(TestMethodTestDescriptor.java:65)
	at org.junit.platform.engine.support.hierarchical.NodeTestTask.lambda$executeRecursively$5(NodeTestTask.java:139)
	at org.junit.platform.engine.support.hierarchical.ThrowableCollector.execute(ThrowableCollector.java:73)
	at org.junit.platform.engine.support.hierarchical.NodeTestTask.lambda$executeRecursively$7(NodeTestTask.java:129)
	at org.junit.platform.engine.support.hierarchical.Node.around(Node.java:137)
	at org.junit.platform.engine.support.hierarchical.NodeTestTask.lambda$executeRecursively$8(NodeTestTask.java:127)
	at org.junit.platform.engine.support.hierarchical.ThrowableCollector.execute(ThrowableCollector.java:73)
	at org.junit.platform.engine.support.hierarchical.NodeTestTask.executeRecursively(NodeTestTask.java:126)
	at org.junit.platform.engine.support.hierarchical.NodeTestTask.execute(NodeTestTask.java:84)
	at org.junit.platform.engine.support.hierarchical.SameThreadHierarchicalTestExecutorService.submit(SameThreadHierarchicalTestExecutorService.java:32)
	at org.junit.platform.engine.support.hierarchical.NodeTestTask$DefaultDynamicTestExecutor.execute(NodeTestTask.java:212)
	at org.junit.platform.engine.support.hierarchical.NodeTestTask$DefaultDynamicTestExecutor.execute(NodeTestTask.java:192)
	at org.junit.jupiter.engine.descriptor.TestTemplateTestDescriptor.execute(TestTemplateTestDescriptor.java:139)
	at org.junit.jupiter.engine.descriptor.TestTemplateTestDescriptor.lambda$execute$2(TestTemplateTestDescriptor.java:107)
	at java.base/java.util.stream.ForEachOps$ForEachOp$OfRef.accept(ForEachOps.java:183)
	at java.base/java.util.stream.ReferencePipeline$3$1.accept(ReferencePipeline.java:197)
	at java.base/java.util.stream.ReferencePipeline$2$1.accept(ReferencePipeline.java:179)
	at java.base/java.util.stream.ReferencePipeline$3$1.accept(ReferencePipeline.java:197)
	at java.base/java.util.stream.ForEachOps$ForEachOp$OfRef.accept(ForEachOps.java:183)
	at java.base/java.util.stream.ReferencePipeline$15$1.accept(ReferencePipeline.java:541)
	at java.base/java.util.stream.ReferencePipeline$3$1.accept(ReferencePipeline.java:197)
	at java.base/java.util.stream.ReferencePipeline$3$1.accept(ReferencePipeline.java:197)
	at java.base/java.util.stream.ReferencePipeline$3$1.accept(ReferencePipeline.java:197)
	at java.base/java.util.stream.ForEachOps$ForEachOp$OfRef.accept(ForEachOps.java:183)
	at java.base/java.util.stream.ReferencePipeline$3$1.accept(ReferencePipeline.java:197)
	at java.base/java.util.stream.ForEachOps$ForEachOp$OfRef.accept(ForEachOps.java:183)
	at java.base/java.util.stream.SliceOps$1$1.accept(SliceOps.java:200)
	at java.base/java.util.stream.StreamSpliterators$InfiniteSupplyingSpliterator$OfRef.tryAdvance(StreamSpliterators.java:1358)
	at java.base/java.util.stream.ReferencePipeline.forEachWithCancel(ReferencePipeline.java:129)
	at java.base/java.util.stream.AbstractPipeline.copyIntoWithCancel(AbstractPipeline.java:527)
	at java.base/java.util.stream.AbstractPipeline.copyInto(AbstractPipeline.java:513)
	at java.base/java.util.stream.AbstractPipeline.wrapAndCopyInto(AbstractPipeline.java:499)
	at java.base/java.util.stream.ForEachOps$ForEachOp.evaluateSequential(ForEachOps.java:150)
	at java.base/java.util.stream.ForEachOps$ForEachOp$OfRef.evaluateSequential(ForEachOps.java:173)
	at java.base/java.util.stream.AbstractPipeline.evaluate(AbstractPipeline.java:234)
	at java.base/java.util.stream.ReferencePipeline.forEach(ReferencePipeline.java:596)
	at java.base/java.util.stream.ReferencePipeline$7$1.accept(ReferencePipeline.java:276)
	at java.base/java.util.stream.ReferencePipeline$3$1.accept(ReferencePipeline.java:197)
	at java.base/java.util.stream.ReferencePipeline$3$1.accept(ReferencePipeline.java:197)
	at java.base/java.util.Spliterators$ArraySpliterator.forEachRemaining(Spliterators.java:992)
	at java.base/java.util.stream.AbstractPipeline.copyInto(AbstractPipeline.java:509)
	at java.base/java.util.stream.AbstractPipeline.wrapAndCopyInto(AbstractPipeline.java:499)
	at java.base/java.util.stream.ForEachOps$ForEachOp.evaluateSequential(ForEachOps.java:150)
	at java.base/java.util.stream.ForEachOps$ForEachOp$OfRef.evaluateSequential(ForEachOps.java:173)
	at java.base/java.util.stream.AbstractPipeline.evaluate(AbstractPipeline.java:234)
	at java.base/java.util.stream.ReferencePipeline.forEach(ReferencePipeline.java:596)
	at java.base/java.util.stream.ReferencePipeline$7$1.accept(ReferencePipeline.java:276)
	at java.base/java.util.stream.ReferencePipeline$3$1.accept(ReferencePipeline.java:197)
	at java.base/java.util.stream.ReferencePipeline$3$1.accept(ReferencePipeline.java:197)
	at java.base/java.util.stream.ReferencePipeline$3$1.accept(ReferencePipeline.java:197)
	at java.base/java.util.ArrayList$ArrayListSpliterator.forEachRemaining(ArrayList.java:1625)
	at java.base/java.util.stream.AbstractPipeline.copyInto(AbstractPipeline.java:509)
	at java.base/java.util.stream.AbstractPipeline.wrapAndCopyInto(AbstractPipeline.java:499)
	at java.base/java.util.stream.ForEachOps$ForEachOp.evaluateSequential(ForEachOps.java:150)
	at java.base/java.util.stream.ForEachOps$ForEachOp$OfRef.evaluateSequential(ForEachOps.java:173)
	at java.base/java.util.stream.AbstractPipeline.evaluate(AbstractPipeline.java:234)
	at java.base/java.util.stream.ReferencePipeline.forEach(ReferencePipeline.java:596)
	at java.base/java.util.stream.ReferencePipeline$7$1.accept(ReferencePipeline.java:276)
	at java.base/java.util.ArrayList$ArrayListSpliterator.forEachRemaining(ArrayList.java:1625)
	at java.base/java.util.stream.AbstractPipeline.copyInto(AbstractPipeline.java:509)
	at java.base/java.util.stream.AbstractPipeline.wrapAndCopyInto(AbstractPipeline.java:499)
	at java.base/java.util.stream.ForEachOps$ForEachOp.evaluateSequential(ForEachOps.java:150)
	at java.base/java.util.stream.ForEachOps$ForEachOp$OfRef.evaluateSequential(ForEachOps.java:173)
	at java.base/java.util.stream.AbstractPipeline.evaluate(AbstractPipeline.java:234)
	at java.base/java.util.stream.ReferencePipeline.forEach(ReferencePipeline.java:596)
	at org.junit.jupiter.engine.descriptor.TestTemplateTestDescriptor.execute(TestTemplateTestDescriptor.java:107)
	at org.junit.jupiter.engine.descriptor.TestTemplateTestDescriptor.execute(TestTemplateTestDescriptor.java:42)
	at org.junit.platform.engine.support.hierarchical.NodeTestTask.lambda$executeRecursively$5(NodeTestTask.java:139)
	at org.junit.platform.engine.support.hierarchical.ThrowableCollector.execute(ThrowableCollector.java:73)
	at org.junit.platform.engine.support.hierarchical.NodeTestTask.lambda$executeRecursively$7(NodeTestTask.java:129)
	at org.junit.platform.engine.support.hierarchical.Node.around(Node.java:137)
	at org.junit.platform.engine.support.hierarchical.NodeTestTask.lambda$executeRecursively$8(NodeTestTask.java:127)
	at org.junit.platform.engine.support.hierarchical.ThrowableCollector.execute(ThrowableCollector.java:73)
	at org.junit.platform.engine.support.hierarchical.NodeTestTask.executeRecursively(NodeTestTask.java:126)
	at org.junit.platform.engine.support.hierarchical.NodeTestTask.execute(NodeTestTask.java:84)
	at java.base/java.util.ArrayList.forEach(ArrayList.java:1511)
	at org.junit.platform.engine.support.hierarchical.SameThreadHierarchicalTestExecutorService.invokeAll(SameThreadHierarchicalTestExecutorService.java:38)
	at org.junit.platform.engine.support.hierarchical.NodeTestTask.lambda$executeRecursively$5(NodeTestTask.java:143)
	at org.junit.platform.engine.support.hierarchical.ThrowableCollector.execute(ThrowableCollector.java:73)
	at org.junit.platform.engine.support.hierarchical.NodeTestTask.lambda$executeRecursively$7(NodeTestTask.java:129)
	at org.junit.platform.engine.support.hierarchical.Node.around(Node.java:137)
	at org.junit.platform.engine.support.hierarchical.NodeTestTask.lambda$executeRecursively$8(NodeTestTask.java:127)
	at org.junit.platform.engine.support.hierarchical.ThrowableCollector.execute(ThrowableCollector.java:73)
	at org.junit.platform.engine.support.hierarchical.NodeTestTask.executeRecursively(NodeTestTask.java:126)
	at org.junit.platform.engine.support.hierarchical.NodeTestTask.execute(NodeTestTask.java:84)
	at java.base/java.util.ArrayList.forEach(ArrayList.java:1511)
	at org.junit.platform.engine.support.hierarchical.SameThreadHierarchicalTestExecutorService.invokeAll(SameThreadHierarchicalTestExecutorService.java:38)
	at org.junit.platform.engine.support.hierarchical.NodeTestTask.lambda$executeRecursively$5(NodeTestTask.java:143)
	at org.junit.platform.engine.support.hierarchical.ThrowableCollector.execute(ThrowableCollector.java:73)
	at org.junit.platform.engine.support.hierarchical.NodeTestTask.lambda$executeRecursively$7(NodeTestTask.java:129)
	at org.junit.platform.engine.support.hierarchical.Node.around(Node.java:137)
	at org.junit.platform.engine.support.hierarchical.NodeTestTask.lambda$executeRecursively$8(NodeTestTask.java:127)
	at org.junit.platform.engine.support.hierarchical.ThrowableCollector.execute(ThrowableCollector.java:73)
	at org.junit.platform.engine.support.hierarchical.NodeTestTask.executeRecursively(NodeTestTask.java:126)
	at org.junit.platform.engine.support.hierarchical.NodeTestTask.execute(NodeTestTask.java:84)
	at org.junit.platform.engine.support.hierarchical.SameThreadHierarchicalTestExecutorService.submit(SameThreadHierarchicalTestExecutorService.java:32)
	at org.junit.platform.engine.support.hierarchical.HierarchicalTestExecutor.execute(HierarchicalTestExecutor.java:57)
	at org.junit.platform.engine.support.hierarchical.HierarchicalTestEngine.execute(HierarchicalTestEngine.java:51)
	at org.junit.platform.launcher.core.EngineExecutionOrchestrator.execute(EngineExecutionOrchestrator.java:108)
	at org.junit.platform.launcher.core.EngineExecutionOrchestrator.execute(EngineExecutionOrchestrator.java:88)
	at org.junit.platform.launcher.core.EngineExecutionOrchestrator.lambda$execute$0(EngineExecutionOrchestrator.java:54)
	at org.junit.platform.launcher.core.EngineExecutionOrchestrator.withInterceptedStreams(EngineExecutionOrchestrator.java:67)
	at org.junit.platform.launcher.core.EngineExecutionOrchestrator.execute(EngineExecutionOrchestrator.java:52)
	at org.junit.platform.launcher.core.DefaultLauncher.execute(DefaultLauncher.java:96)
	at org.junit.platform.launcher.core.DefaultLauncher.execute(DefaultLauncher.java:75)
	at org.junit.platform.console.tasks.ConsoleTestExecutor.executeTests(ConsoleTestExecutor.java:66)
	at org.junit.platform.console.tasks.ConsoleTestExecutor.lambda$execute$0(ConsoleTestExecutor.java:58)
	at org.junit.platform.console.tasks.CustomContextClassLoaderExecutor.replaceThreadContextClassLoaderAndInvoke(CustomContextClassLoaderExecutor.java:41)
	at org.junit.platform.console.tasks.CustomContextClassLoaderExecutor.invoke(CustomContextClassLoaderExecutor.java:31)
	at org.junit.platform.console.tasks.ConsoleTestExecutor.execute(ConsoleTestExecutor.java:58)
	at org.junit.platform.console.ConsoleLauncher.executeTests(ConsoleLauncher.java:95)
	at org.junit.platform.console.ConsoleLauncher.execute(ConsoleLauncher.java:73)
	at org.junit.platform.console.ConsoleLauncher.execute(ConsoleLauncher.java:50)
	at org.junit.platform.console.ConsoleLauncher.execute(ConsoleLauncher.java:43)
	at org.junit.platform.console.ConsoleLauncher.main(ConsoleLauncher.java:37)
]]></skipped>
<system-out><![CDATA[
unique-id: [engine:junit-jupiter]/[class:minebayd1.test.TestUser]/[test-template:testbuy(minebayd1.User, minebayd1.User, minebayd1.ClassifiedAd)]/[test-template-invocation:#85]
display-name: [85] Sheraz a 50 annonces ouvertes, 2 annonces fermées et 6 achats 
, Mohamed a 46 annonces ouvertes, 1 annonces fermées et 3 achats 
, L'annonce correspond à Annonce n°1493 from Mohamed crée le 2024-11-04T21:00:34.606434706Z et correpoond à CLOTHES et est à 36euros
]]></system-out>
</testcase>
<testcase name="testbuy(User, User, ClassifiedAd)[86]" classname="minebayd1.test.TestUser" time="0">
<system-out><![CDATA[
unique-id: [engine:junit-jupiter]/[class:minebayd1.test.TestUser]/[test-template:testbuy(minebayd1.User, minebayd1.User, minebayd1.ClassifiedAd)]/[test-template-invocation:#86]
display-name: [86] Aliou a 50 annonces ouvertes, 3 annonces fermées et 1 achats 
, Sheraz a 50 annonces ouvertes, 2 annonces fermées et 6 achats 
, L'annonce correspond à Annonce n°71 from Sheraz crée le 2024-11-04T21:00:34.621767293Z et correpoond à COMPUTERS et est à 18euros
]]></system-out>
</testcase>
<testcase name="testbuy(User, User, ClassifiedAd)[87]" classname="minebayd1.test.TestUser" time="0">
<system-out><![CDATA[
unique-id: [engine:junit-jupiter]/[class:minebayd1.test.TestUser]/[test-template:testbuy(minebayd1.User, minebayd1.User, minebayd1.ClassifiedAd)]/[test-template-invocation:#87]
display-name: [87] Marcel a 63 annonces ouvertes, 4 annonces fermées et 3 achats 
, Faycal a 52 annonces ouvertes, 2 annonces fermées et 3 achats 
, L'annonce correspond à Annonce n°1203 from Faycal crée le 2024-11-04T21:00:34.609112359Z et correpoond à SHOES et est à 72euros
]]></system-out>
</testcase>
<testcase name="testbuy(User, User, ClassifiedAd)[88]" classname="minebayd1.test.TestUser" time="0">
<system-out><![CDATA[
unique-id: [engine:junit-jupiter]/[class:minebayd1.test.TestUser]/[test-template:testbuy(minebayd1.User, minebayd1.User, minebayd1.ClassifiedAd)]/[test-template-invocation:#88]
display-name: [88] Naila a 61 annonces ouvertes, 2 annonces fermées et 3 achats 
, Nima a 51 annonces ouvertes, 0 annonces fermées et 4 achats 
, L'annonce correspond à Annonce n°886 from Nima crée le 2024-11-04T21:00:34.612516090Z et correpoond à GAMES et est à 38euros
]]></system-out>
</testcase>
<testcase name="testbuy(User, User, ClassifiedAd)[89]" classname="minebayd1.test.TestUser" time="0">
<system-out><![CDATA[
unique-id: [engine:junit-jupiter]/[class:minebayd1.test.TestUser]/[test-template:testbuy(minebayd1.User, minebayd1.User, minebayd1.ClassifiedAd)]/[test-template-invocation:#89]
display-name: [89] Adam a 49 annonces ouvertes, 3 annonces fermées et 2 achats 
, Yanis a 62 annonces ouvertes, 3 annonces fermées et 3 achats 
, L'annonce correspond à Annonce n°660 from Yanis crée le 2024-11-04T21:00:34.615701053Z et correpoond à SHOES et est à 26euros
]]></system-out>
</testcase>
<testcase name="testbuy(User, User, ClassifiedAd)[90]" classname="minebayd1.test.TestUser" time="0">
<system-out><![CDATA[
unique-id: [engine:junit-jupiter]/[class:minebayd1.test.TestUser]/[test-template:testbuy(minebayd1.User, minebayd1.User, minebayd1.ClassifiedAd)]/[test-template-invocation:#90]
display-name: [90] Ismael a 59 annonces ouvertes, 1 annonces fermées et 1 achats 
, Mohamed a 46 annonces ouvertes, 1 annonces fermées et 3 achats 
, L'annonce correspond à Annonce n°1108 from Mohamed crée le 2024-11-04T21:00:34.609874735Z et correpoond à BOOKS et est à 8euros
]]></system-out>
</testcase>
<testcase name="testbuy(User, User, ClassifiedAd)[91]" classname="minebayd1.test.TestUser" time="0">
<skipped><![CDATA[org.opentest4j.TestAbortedException: Assumption failed: assumption is not true
	at org.junit.jupiter.api.Assumptions.throwTestAbortedException(Assumptions.java:256)
	at org.junit.jupiter.api.Assumptions.assumeTrue(Assumptions.java:115)
	at org.junit.jupiter.api.Assumptions.assumeTrue(Assumptions.java:66)
	at minebayd1.test.TestUser.testbuy(TestUser.java:693)
	at jdk.internal.reflect.GeneratedMethodAccessor4.invoke(Unknown Source)
	at java.base/jdk.internal.reflect.DelegatingMethodAccessorImpl.invoke(DelegatingMethodAccessorImpl.java:43)
	at java.base/java.lang.reflect.Method.invoke(Method.java:569)
	at org.junit.platform.commons.util.ReflectionUtils.invokeMethod(ReflectionUtils.java:688)
	at org.junit.jupiter.engine.execution.MethodInvocation.proceed(MethodInvocation.java:60)
	at org.junit.jupiter.engine.execution.InvocationInterceptorChain$ValidatingInvocation.proceed(InvocationInterceptorChain.java:131)
	at org.junit.jupiter.engine.extension.TimeoutExtension.intercept(TimeoutExtension.java:149)
	at org.junit.jupiter.engine.extension.TimeoutExtension.interceptTestableMethod(TimeoutExtension.java:140)
	at org.junit.jupiter.engine.extension.TimeoutExtension.interceptTestTemplateMethod(TimeoutExtension.java:92)
	at org.junit.jupiter.engine.execution.ExecutableInvoker$ReflectiveInterceptorCall.lambda$ofVoidMethod$0(ExecutableInvoker.java:115)
	at org.junit.jupiter.engine.execution.ExecutableInvoker.lambda$invoke$0(ExecutableInvoker.java:105)
	at org.junit.jupiter.engine.execution.InvocationInterceptorChain$InterceptedInvocation.proceed(InvocationInterceptorChain.java:106)
	at org.junit.jupiter.engine.execution.InvocationInterceptorChain.proceed(InvocationInterceptorChain.java:64)
	at org.junit.jupiter.engine.execution.InvocationInterceptorChain.chainAndInvoke(InvocationInterceptorChain.java:45)
	at org.junit.jupiter.engine.execution.InvocationInterceptorChain.invoke(InvocationInterceptorChain.java:37)
	at org.junit.jupiter.engine.execution.ExecutableInvoker.invoke(ExecutableInvoker.java:104)
	at org.junit.jupiter.engine.execution.ExecutableInvoker.invoke(ExecutableInvoker.java:98)
	at org.junit.jupiter.engine.descriptor.TestMethodTestDescriptor.lambda$invokeTestMethod$6(TestMethodTestDescriptor.java:210)
	at org.junit.platform.engine.support.hierarchical.ThrowableCollector.execute(ThrowableCollector.java:73)
	at org.junit.jupiter.engine.descriptor.TestMethodTestDescriptor.invokeTestMethod(TestMethodTestDescriptor.java:206)
	at org.junit.jupiter.engine.descriptor.TestMethodTestDescriptor.execute(TestMethodTestDescriptor.java:131)
	at org.junit.jupiter.engine.descriptor.TestMethodTestDescriptor.execute(TestMethodTestDescriptor.java:65)
	at org.junit.platform.engine.support.hierarchical.NodeTestTask.lambda$executeRecursively$5(NodeTestTask.java:139)
	at org.junit.platform.engine.support.hierarchical.ThrowableCollector.execute(ThrowableCollector.java:73)
	at org.junit.platform.engine.support.hierarchical.NodeTestTask.lambda$executeRecursively$7(NodeTestTask.java:129)
	at org.junit.platform.engine.support.hierarchical.Node.around(Node.java:137)
	at org.junit.platform.engine.support.hierarchical.NodeTestTask.lambda$executeRecursively$8(NodeTestTask.java:127)
	at org.junit.platform.engine.support.hierarchical.ThrowableCollector.execute(ThrowableCollector.java:73)
	at org.junit.platform.engine.support.hierarchical.NodeTestTask.executeRecursively(NodeTestTask.java:126)
	at org.junit.platform.engine.support.hierarchical.NodeTestTask.execute(NodeTestTask.java:84)
	at org.junit.platform.engine.support.hierarchical.SameThreadHierarchicalTestExecutorService.submit(SameThreadHierarchicalTestExecutorService.java:32)
	at org.junit.platform.engine.support.hierarchical.NodeTestTask$DefaultDynamicTestExecutor.execute(NodeTestTask.java:212)
	at org.junit.platform.engine.support.hierarchical.NodeTestTask$DefaultDynamicTestExecutor.execute(NodeTestTask.java:192)
	at org.junit.jupiter.engine.descriptor.TestTemplateTestDescriptor.execute(TestTemplateTestDescriptor.java:139)
	at org.junit.jupiter.engine.descriptor.TestTemplateTestDescriptor.lambda$execute$2(TestTemplateTestDescriptor.java:107)
	at java.base/java.util.stream.ForEachOps$ForEachOp$OfRef.accept(ForEachOps.java:183)
	at java.base/java.util.stream.ReferencePipeline$3$1.accept(ReferencePipeline.java:197)
	at java.base/java.util.stream.ReferencePipeline$2$1.accept(ReferencePipeline.java:179)
	at java.base/java.util.stream.ReferencePipeline$3$1.accept(ReferencePipeline.java:197)
	at java.base/java.util.stream.ForEachOps$ForEachOp$OfRef.accept(ForEachOps.java:183)
	at java.base/java.util.stream.ReferencePipeline$15$1.accept(ReferencePipeline.java:541)
	at java.base/java.util.stream.ReferencePipeline$3$1.accept(ReferencePipeline.java:197)
	at java.base/java.util.stream.ReferencePipeline$3$1.accept(ReferencePipeline.java:197)
	at java.base/java.util.stream.ReferencePipeline$3$1.accept(ReferencePipeline.java:197)
	at java.base/java.util.stream.ForEachOps$ForEachOp$OfRef.accept(ForEachOps.java:183)
	at java.base/java.util.stream.ReferencePipeline$3$1.accept(ReferencePipeline.java:197)
	at java.base/java.util.stream.ForEachOps$ForEachOp$OfRef.accept(ForEachOps.java:183)
	at java.base/java.util.stream.SliceOps$1$1.accept(SliceOps.java:200)
	at java.base/java.util.stream.StreamSpliterators$InfiniteSupplyingSpliterator$OfRef.tryAdvance(StreamSpliterators.java:1358)
	at java.base/java.util.stream.ReferencePipeline.forEachWithCancel(ReferencePipeline.java:129)
	at java.base/java.util.stream.AbstractPipeline.copyIntoWithCancel(AbstractPipeline.java:527)
	at java.base/java.util.stream.AbstractPipeline.copyInto(AbstractPipeline.java:513)
	at java.base/java.util.stream.AbstractPipeline.wrapAndCopyInto(AbstractPipeline.java:499)
	at java.base/java.util.stream.ForEachOps$ForEachOp.evaluateSequential(ForEachOps.java:150)
	at java.base/java.util.stream.ForEachOps$ForEachOp$OfRef.evaluateSequential(ForEachOps.java:173)
	at java.base/java.util.stream.AbstractPipeline.evaluate(AbstractPipeline.java:234)
	at java.base/java.util.stream.ReferencePipeline.forEach(ReferencePipeline.java:596)
	at java.base/java.util.stream.ReferencePipeline$7$1.accept(ReferencePipeline.java:276)
	at java.base/java.util.stream.ReferencePipeline$3$1.accept(ReferencePipeline.java:197)
	at java.base/java.util.stream.ReferencePipeline$3$1.accept(ReferencePipeline.java:197)
	at java.base/java.util.Spliterators$ArraySpliterator.forEachRemaining(Spliterators.java:992)
	at java.base/java.util.stream.AbstractPipeline.copyInto(AbstractPipeline.java:509)
	at java.base/java.util.stream.AbstractPipeline.wrapAndCopyInto(AbstractPipeline.java:499)
	at java.base/java.util.stream.ForEachOps$ForEachOp.evaluateSequential(ForEachOps.java:150)
	at java.base/java.util.stream.ForEachOps$ForEachOp$OfRef.evaluateSequential(ForEachOps.java:173)
	at java.base/java.util.stream.AbstractPipeline.evaluate(AbstractPipeline.java:234)
	at java.base/java.util.stream.ReferencePipeline.forEach(ReferencePipeline.java:596)
	at java.base/java.util.stream.ReferencePipeline$7$1.accept(ReferencePipeline.java:276)
	at java.base/java.util.stream.ReferencePipeline$3$1.accept(ReferencePipeline.java:197)
	at java.base/java.util.stream.ReferencePipeline$3$1.accept(ReferencePipeline.java:197)
	at java.base/java.util.stream.ReferencePipeline$3$1.accept(ReferencePipeline.java:197)
	at java.base/java.util.ArrayList$ArrayListSpliterator.forEachRemaining(ArrayList.java:1625)
	at java.base/java.util.stream.AbstractPipeline.copyInto(AbstractPipeline.java:509)
	at java.base/java.util.stream.AbstractPipeline.wrapAndCopyInto(AbstractPipeline.java:499)
	at java.base/java.util.stream.ForEachOps$ForEachOp.evaluateSequential(ForEachOps.java:150)
	at java.base/java.util.stream.ForEachOps$ForEachOp$OfRef.evaluateSequential(ForEachOps.java:173)
	at java.base/java.util.stream.AbstractPipeline.evaluate(AbstractPipeline.java:234)
	at java.base/java.util.stream.ReferencePipeline.forEach(ReferencePipeline.java:596)
	at java.base/java.util.stream.ReferencePipeline$7$1.accept(ReferencePipeline.java:276)
	at java.base/java.util.ArrayList$ArrayListSpliterator.forEachRemaining(ArrayList.java:1625)
	at java.base/java.util.stream.AbstractPipeline.copyInto(AbstractPipeline.java:509)
	at java.base/java.util.stream.AbstractPipeline.wrapAndCopyInto(AbstractPipeline.java:499)
	at java.base/java.util.stream.ForEachOps$ForEachOp.evaluateSequential(ForEachOps.java:150)
	at java.base/java.util.stream.ForEachOps$ForEachOp$OfRef.evaluateSequential(ForEachOps.java:173)
	at java.base/java.util.stream.AbstractPipeline.evaluate(AbstractPipeline.java:234)
	at java.base/java.util.stream.ReferencePipeline.forEach(ReferencePipeline.java:596)
	at org.junit.jupiter.engine.descriptor.TestTemplateTestDescriptor.execute(TestTemplateTestDescriptor.java:107)
	at org.junit.jupiter.engine.descriptor.TestTemplateTestDescriptor.execute(TestTemplateTestDescriptor.java:42)
	at org.junit.platform.engine.support.hierarchical.NodeTestTask.lambda$executeRecursively$5(NodeTestTask.java:139)
	at org.junit.platform.engine.support.hierarchical.ThrowableCollector.execute(ThrowableCollector.java:73)
	at org.junit.platform.engine.support.hierarchical.NodeTestTask.lambda$executeRecursively$7(NodeTestTask.java:129)
	at org.junit.platform.engine.support.hierarchical.Node.around(Node.java:137)
	at org.junit.platform.engine.support.hierarchical.NodeTestTask.lambda$executeRecursively$8(NodeTestTask.java:127)
	at org.junit.platform.engine.support.hierarchical.ThrowableCollector.execute(ThrowableCollector.java:73)
	at org.junit.platform.engine.support.hierarchical.NodeTestTask.executeRecursively(NodeTestTask.java:126)
	at org.junit.platform.engine.support.hierarchical.NodeTestTask.execute(NodeTestTask.java:84)
	at java.base/java.util.ArrayList.forEach(ArrayList.java:1511)
	at org.junit.platform.engine.support.hierarchical.SameThreadHierarchicalTestExecutorService.invokeAll(SameThreadHierarchicalTestExecutorService.java:38)
	at org.junit.platform.engine.support.hierarchical.NodeTestTask.lambda$executeRecursively$5(NodeTestTask.java:143)
	at org.junit.platform.engine.support.hierarchical.ThrowableCollector.execute(ThrowableCollector.java:73)
	at org.junit.platform.engine.support.hierarchical.NodeTestTask.lambda$executeRecursively$7(NodeTestTask.java:129)
	at org.junit.platform.engine.support.hierarchical.Node.around(Node.java:137)
	at org.junit.platform.engine.support.hierarchical.NodeTestTask.lambda$executeRecursively$8(NodeTestTask.java:127)
	at org.junit.platform.engine.support.hierarchical.ThrowableCollector.execute(ThrowableCollector.java:73)
	at org.junit.platform.engine.support.hierarchical.NodeTestTask.executeRecursively(NodeTestTask.java:126)
	at org.junit.platform.engine.support.hierarchical.NodeTestTask.execute(NodeTestTask.java:84)
	at java.base/java.util.ArrayList.forEach(ArrayList.java:1511)
	at org.junit.platform.engine.support.hierarchical.SameThreadHierarchicalTestExecutorService.invokeAll(SameThreadHierarchicalTestExecutorService.java:38)
	at org.junit.platform.engine.support.hierarchical.NodeTestTask.lambda$executeRecursively$5(NodeTestTask.java:143)
	at org.junit.platform.engine.support.hierarchical.ThrowableCollector.execute(ThrowableCollector.java:73)
	at org.junit.platform.engine.support.hierarchical.NodeTestTask.lambda$executeRecursively$7(NodeTestTask.java:129)
	at org.junit.platform.engine.support.hierarchical.Node.around(Node.java:137)
	at org.junit.platform.engine.support.hierarchical.NodeTestTask.lambda$executeRecursively$8(NodeTestTask.java:127)
	at org.junit.platform.engine.support.hierarchical.ThrowableCollector.execute(ThrowableCollector.java:73)
	at org.junit.platform.engine.support.hierarchical.NodeTestTask.executeRecursively(NodeTestTask.java:126)
	at org.junit.platform.engine.support.hierarchical.NodeTestTask.execute(NodeTestTask.java:84)
	at org.junit.platform.engine.support.hierarchical.SameThreadHierarchicalTestExecutorService.submit(SameThreadHierarchicalTestExecutorService.java:32)
	at org.junit.platform.engine.support.hierarchical.HierarchicalTestExecutor.execute(HierarchicalTestExecutor.java:57)
	at org.junit.platform.engine.support.hierarchical.HierarchicalTestEngine.execute(HierarchicalTestEngine.java:51)
	at org.junit.platform.launcher.core.EngineExecutionOrchestrator.execute(EngineExecutionOrchestrator.java:108)
	at org.junit.platform.launcher.core.EngineExecutionOrchestrator.execute(EngineExecutionOrchestrator.java:88)
	at org.junit.platform.launcher.core.EngineExecutionOrchestrator.lambda$execute$0(EngineExecutionOrchestrator.java:54)
	at org.junit.platform.launcher.core.EngineExecutionOrchestrator.withInterceptedStreams(EngineExecutionOrchestrator.java:67)
	at org.junit.platform.launcher.core.EngineExecutionOrchestrator.execute(EngineExecutionOrchestrator.java:52)
	at org.junit.platform.launcher.core.DefaultLauncher.execute(DefaultLauncher.java:96)
	at org.junit.platform.launcher.core.DefaultLauncher.execute(DefaultLauncher.java:75)
	at org.junit.platform.console.tasks.ConsoleTestExecutor.executeTests(ConsoleTestExecutor.java:66)
	at org.junit.platform.console.tasks.ConsoleTestExecutor.lambda$execute$0(ConsoleTestExecutor.java:58)
	at org.junit.platform.console.tasks.CustomContextClassLoaderExecutor.replaceThreadContextClassLoaderAndInvoke(CustomContextClassLoaderExecutor.java:41)
	at org.junit.platform.console.tasks.CustomContextClassLoaderExecutor.invoke(CustomContextClassLoaderExecutor.java:31)
	at org.junit.platform.console.tasks.ConsoleTestExecutor.execute(ConsoleTestExecutor.java:58)
	at org.junit.platform.console.ConsoleLauncher.executeTests(ConsoleLauncher.java:95)
	at org.junit.platform.console.ConsoleLauncher.execute(ConsoleLauncher.java:73)
	at org.junit.platform.console.ConsoleLauncher.execute(ConsoleLauncher.java:50)
	at org.junit.platform.console.ConsoleLauncher.execute(ConsoleLauncher.java:43)
	at org.junit.platform.console.ConsoleLauncher.main(ConsoleLauncher.java:37)
]]></skipped>
<system-out><![CDATA[
unique-id: [engine:junit-jupiter]/[class:minebayd1.test.TestUser]/[test-template:testbuy(minebayd1.User, minebayd1.User, minebayd1.ClassifiedAd)]/[test-template-invocation:#91]
display-name: [91] Boris a 64 annonces ouvertes, 1 annonces fermées et 3 achats 
, Ayman a 53 annonces ouvertes, 4 annonces fermées et 4 achats 
, L'annonce correspond à Annonce n°580 from Ayman crée le 2024-11-04T21:00:34.616882967Z et correpoond à GAMES et est à 89euros
]]></system-out>
</testcase>
<testcase name="testbuy(User, User, ClassifiedAd)[92]" classname="minebayd1.test.TestUser" time="0.002">
<system-out><![CDATA[
unique-id: [engine:junit-jupiter]/[class:minebayd1.test.TestUser]/[test-template:testbuy(minebayd1.User, minebayd1.User, minebayd1.ClassifiedAd)]/[test-template-invocation:#92]
display-name: [92] Ismael a 59 annonces ouvertes, 1 annonces fermées et 2 achats 
, Imam a 46 annonces ouvertes, 4 annonces fermées et 3 achats 
, L'annonce correspond à Annonce n°292 from Imam crée le 2024-11-04T21:00:34.620003350Z et correpoond à SHOES et est à 39euros
]]></system-out>
</testcase>
<testcase name="testbuy(User, User, ClassifiedAd)[93]" classname="minebayd1.test.TestUser" time="0">
<system-out><![CDATA[
unique-id: [engine:junit-jupiter]/[class:minebayd1.test.TestUser]/[test-template:testbuy(minebayd1.User, minebayd1.User, minebayd1.ClassifiedAd)]/[test-template-invocation:#93]
display-name: [93] Lyes a 65 annonces ouvertes, 1 annonces fermées et 1 achats 
, Sonia a 48 annonces ouvertes, 1 annonces fermées et 2 achats 
, L'annonce correspond à Annonce n°786 from Sonia crée le 2024-11-04T21:00:34.613968210Z et correpoond à BOOKS et est à 9euros
]]></system-out>
</testcase>
<testcase name="testbuy(User, User, ClassifiedAd)[94]" classname="minebayd1.test.TestUser" time="0">
<skipped><![CDATA[org.opentest4j.TestAbortedException: Assumption failed: assumption is not true
	at org.junit.jupiter.api.Assumptions.throwTestAbortedException(Assumptions.java:256)
	at org.junit.jupiter.api.Assumptions.assumeTrue(Assumptions.java:115)
	at org.junit.jupiter.api.Assumptions.assumeTrue(Assumptions.java:66)
	at minebayd1.test.TestUser.testbuy(TestUser.java:693)
	at jdk.internal.reflect.GeneratedMethodAccessor4.invoke(Unknown Source)
	at java.base/jdk.internal.reflect.DelegatingMethodAccessorImpl.invoke(DelegatingMethodAccessorImpl.java:43)
	at java.base/java.lang.reflect.Method.invoke(Method.java:569)
	at org.junit.platform.commons.util.ReflectionUtils.invokeMethod(ReflectionUtils.java:688)
	at org.junit.jupiter.engine.execution.MethodInvocation.proceed(MethodInvocation.java:60)
	at org.junit.jupiter.engine.execution.InvocationInterceptorChain$ValidatingInvocation.proceed(InvocationInterceptorChain.java:131)
	at org.junit.jupiter.engine.extension.TimeoutExtension.intercept(TimeoutExtension.java:149)
	at org.junit.jupiter.engine.extension.TimeoutExtension.interceptTestableMethod(TimeoutExtension.java:140)
	at org.junit.jupiter.engine.extension.TimeoutExtension.interceptTestTemplateMethod(TimeoutExtension.java:92)
	at org.junit.jupiter.engine.execution.ExecutableInvoker$ReflectiveInterceptorCall.lambda$ofVoidMethod$0(ExecutableInvoker.java:115)
	at org.junit.jupiter.engine.execution.ExecutableInvoker.lambda$invoke$0(ExecutableInvoker.java:105)
	at org.junit.jupiter.engine.execution.InvocationInterceptorChain$InterceptedInvocation.proceed(InvocationInterceptorChain.java:106)
	at org.junit.jupiter.engine.execution.InvocationInterceptorChain.proceed(InvocationInterceptorChain.java:64)
	at org.junit.jupiter.engine.execution.InvocationInterceptorChain.chainAndInvoke(InvocationInterceptorChain.java:45)
	at org.junit.jupiter.engine.execution.InvocationInterceptorChain.invoke(InvocationInterceptorChain.java:37)
	at org.junit.jupiter.engine.execution.ExecutableInvoker.invoke(ExecutableInvoker.java:104)
	at org.junit.jupiter.engine.execution.ExecutableInvoker.invoke(ExecutableInvoker.java:98)
	at org.junit.jupiter.engine.descriptor.TestMethodTestDescriptor.lambda$invokeTestMethod$6(TestMethodTestDescriptor.java:210)
	at org.junit.platform.engine.support.hierarchical.ThrowableCollector.execute(ThrowableCollector.java:73)
	at org.junit.jupiter.engine.descriptor.TestMethodTestDescriptor.invokeTestMethod(TestMethodTestDescriptor.java:206)
	at org.junit.jupiter.engine.descriptor.TestMethodTestDescriptor.execute(TestMethodTestDescriptor.java:131)
	at org.junit.jupiter.engine.descriptor.TestMethodTestDescriptor.execute(TestMethodTestDescriptor.java:65)
	at org.junit.platform.engine.support.hierarchical.NodeTestTask.lambda$executeRecursively$5(NodeTestTask.java:139)
	at org.junit.platform.engine.support.hierarchical.ThrowableCollector.execute(ThrowableCollector.java:73)
	at org.junit.platform.engine.support.hierarchical.NodeTestTask.lambda$executeRecursively$7(NodeTestTask.java:129)
	at org.junit.platform.engine.support.hierarchical.Node.around(Node.java:137)
	at org.junit.platform.engine.support.hierarchical.NodeTestTask.lambda$executeRecursively$8(NodeTestTask.java:127)
	at org.junit.platform.engine.support.hierarchical.ThrowableCollector.execute(ThrowableCollector.java:73)
	at org.junit.platform.engine.support.hierarchical.NodeTestTask.executeRecursively(NodeTestTask.java:126)
	at org.junit.platform.engine.support.hierarchical.NodeTestTask.execute(NodeTestTask.java:84)
	at org.junit.platform.engine.support.hierarchical.SameThreadHierarchicalTestExecutorService.submit(SameThreadHierarchicalTestExecutorService.java:32)
	at org.junit.platform.engine.support.hierarchical.NodeTestTask$DefaultDynamicTestExecutor.execute(NodeTestTask.java:212)
	at org.junit.platform.engine.support.hierarchical.NodeTestTask$DefaultDynamicTestExecutor.execute(NodeTestTask.java:192)
	at org.junit.jupiter.engine.descriptor.TestTemplateTestDescriptor.execute(TestTemplateTestDescriptor.java:139)
	at org.junit.jupiter.engine.descriptor.TestTemplateTestDescriptor.lambda$execute$2(TestTemplateTestDescriptor.java:107)
	at java.base/java.util.stream.ForEachOps$ForEachOp$OfRef.accept(ForEachOps.java:183)
	at java.base/java.util.stream.ReferencePipeline$3$1.accept(ReferencePipeline.java:197)
	at java.base/java.util.stream.ReferencePipeline$2$1.accept(ReferencePipeline.java:179)
	at java.base/java.util.stream.ReferencePipeline$3$1.accept(ReferencePipeline.java:197)
	at java.base/java.util.stream.ForEachOps$ForEachOp$OfRef.accept(ForEachOps.java:183)
	at java.base/java.util.stream.ReferencePipeline$15$1.accept(ReferencePipeline.java:541)
	at java.base/java.util.stream.ReferencePipeline$3$1.accept(ReferencePipeline.java:197)
	at java.base/java.util.stream.ReferencePipeline$3$1.accept(ReferencePipeline.java:197)
	at java.base/java.util.stream.ReferencePipeline$3$1.accept(ReferencePipeline.java:197)
	at java.base/java.util.stream.ForEachOps$ForEachOp$OfRef.accept(ForEachOps.java:183)
	at java.base/java.util.stream.ReferencePipeline$3$1.accept(ReferencePipeline.java:197)
	at java.base/java.util.stream.ForEachOps$ForEachOp$OfRef.accept(ForEachOps.java:183)
	at java.base/java.util.stream.SliceOps$1$1.accept(SliceOps.java:200)
	at java.base/java.util.stream.StreamSpliterators$InfiniteSupplyingSpliterator$OfRef.tryAdvance(StreamSpliterators.java:1358)
	at java.base/java.util.stream.ReferencePipeline.forEachWithCancel(ReferencePipeline.java:129)
	at java.base/java.util.stream.AbstractPipeline.copyIntoWithCancel(AbstractPipeline.java:527)
	at java.base/java.util.stream.AbstractPipeline.copyInto(AbstractPipeline.java:513)
	at java.base/java.util.stream.AbstractPipeline.wrapAndCopyInto(AbstractPipeline.java:499)
	at java.base/java.util.stream.ForEachOps$ForEachOp.evaluateSequential(ForEachOps.java:150)
	at java.base/java.util.stream.ForEachOps$ForEachOp$OfRef.evaluateSequential(ForEachOps.java:173)
	at java.base/java.util.stream.AbstractPipeline.evaluate(AbstractPipeline.java:234)
	at java.base/java.util.stream.ReferencePipeline.forEach(ReferencePipeline.java:596)
	at java.base/java.util.stream.ReferencePipeline$7$1.accept(ReferencePipeline.java:276)
	at java.base/java.util.stream.ReferencePipeline$3$1.accept(ReferencePipeline.java:197)
	at java.base/java.util.stream.ReferencePipeline$3$1.accept(ReferencePipeline.java:197)
	at java.base/java.util.Spliterators$ArraySpliterator.forEachRemaining(Spliterators.java:992)
	at java.base/java.util.stream.AbstractPipeline.copyInto(AbstractPipeline.java:509)
	at java.base/java.util.stream.AbstractPipeline.wrapAndCopyInto(AbstractPipeline.java:499)
	at java.base/java.util.stream.ForEachOps$ForEachOp.evaluateSequential(ForEachOps.java:150)
	at java.base/java.util.stream.ForEachOps$ForEachOp$OfRef.evaluateSequential(ForEachOps.java:173)
	at java.base/java.util.stream.AbstractPipeline.evaluate(AbstractPipeline.java:234)
	at java.base/java.util.stream.ReferencePipeline.forEach(ReferencePipeline.java:596)
	at java.base/java.util.stream.ReferencePipeline$7$1.accept(ReferencePipeline.java:276)
	at java.base/java.util.stream.ReferencePipeline$3$1.accept(ReferencePipeline.java:197)
	at java.base/java.util.stream.ReferencePipeline$3$1.accept(ReferencePipeline.java:197)
	at java.base/java.util.stream.ReferencePipeline$3$1.accept(ReferencePipeline.java:197)
	at java.base/java.util.ArrayList$ArrayListSpliterator.forEachRemaining(ArrayList.java:1625)
	at java.base/java.util.stream.AbstractPipeline.copyInto(AbstractPipeline.java:509)
	at java.base/java.util.stream.AbstractPipeline.wrapAndCopyInto(AbstractPipeline.java:499)
	at java.base/java.util.stream.ForEachOps$ForEachOp.evaluateSequential(ForEachOps.java:150)
	at java.base/java.util.stream.ForEachOps$ForEachOp$OfRef.evaluateSequential(ForEachOps.java:173)
	at java.base/java.util.stream.AbstractPipeline.evaluate(AbstractPipeline.java:234)
	at java.base/java.util.stream.ReferencePipeline.forEach(ReferencePipeline.java:596)
	at java.base/java.util.stream.ReferencePipeline$7$1.accept(ReferencePipeline.java:276)
	at java.base/java.util.ArrayList$ArrayListSpliterator.forEachRemaining(ArrayList.java:1625)
	at java.base/java.util.stream.AbstractPipeline.copyInto(AbstractPipeline.java:509)
	at java.base/java.util.stream.AbstractPipeline.wrapAndCopyInto(AbstractPipeline.java:499)
	at java.base/java.util.stream.ForEachOps$ForEachOp.evaluateSequential(ForEachOps.java:150)
	at java.base/java.util.stream.ForEachOps$ForEachOp$OfRef.evaluateSequential(ForEachOps.java:173)
	at java.base/java.util.stream.AbstractPipeline.evaluate(AbstractPipeline.java:234)
	at java.base/java.util.stream.ReferencePipeline.forEach(ReferencePipeline.java:596)
	at org.junit.jupiter.engine.descriptor.TestTemplateTestDescriptor.execute(TestTemplateTestDescriptor.java:107)
	at org.junit.jupiter.engine.descriptor.TestTemplateTestDescriptor.execute(TestTemplateTestDescriptor.java:42)
	at org.junit.platform.engine.support.hierarchical.NodeTestTask.lambda$executeRecursively$5(NodeTestTask.java:139)
	at org.junit.platform.engine.support.hierarchical.ThrowableCollector.execute(ThrowableCollector.java:73)
	at org.junit.platform.engine.support.hierarchical.NodeTestTask.lambda$executeRecursively$7(NodeTestTask.java:129)
	at org.junit.platform.engine.support.hierarchical.Node.around(Node.java:137)
	at org.junit.platform.engine.support.hierarchical.NodeTestTask.lambda$executeRecursively$8(NodeTestTask.java:127)
	at org.junit.platform.engine.support.hierarchical.ThrowableCollector.execute(ThrowableCollector.java:73)
	at org.junit.platform.engine.support.hierarchical.NodeTestTask.executeRecursively(NodeTestTask.java:126)
	at org.junit.platform.engine.support.hierarchical.NodeTestTask.execute(NodeTestTask.java:84)
	at java.base/java.util.ArrayList.forEach(ArrayList.java:1511)
	at org.junit.platform.engine.support.hierarchical.SameThreadHierarchicalTestExecutorService.invokeAll(SameThreadHierarchicalTestExecutorService.java:38)
	at org.junit.platform.engine.support.hierarchical.NodeTestTask.lambda$executeRecursively$5(NodeTestTask.java:143)
	at org.junit.platform.engine.support.hierarchical.ThrowableCollector.execute(ThrowableCollector.java:73)
	at org.junit.platform.engine.support.hierarchical.NodeTestTask.lambda$executeRecursively$7(NodeTestTask.java:129)
	at org.junit.platform.engine.support.hierarchical.Node.around(Node.java:137)
	at org.junit.platform.engine.support.hierarchical.NodeTestTask.lambda$executeRecursively$8(NodeTestTask.java:127)
	at org.junit.platform.engine.support.hierarchical.ThrowableCollector.execute(ThrowableCollector.java:73)
	at org.junit.platform.engine.support.hierarchical.NodeTestTask.executeRecursively(NodeTestTask.java:126)
	at org.junit.platform.engine.support.hierarchical.NodeTestTask.execute(NodeTestTask.java:84)
	at java.base/java.util.ArrayList.forEach(ArrayList.java:1511)
	at org.junit.platform.engine.support.hierarchical.SameThreadHierarchicalTestExecutorService.invokeAll(SameThreadHierarchicalTestExecutorService.java:38)
	at org.junit.platform.engine.support.hierarchical.NodeTestTask.lambda$executeRecursively$5(NodeTestTask.java:143)
	at org.junit.platform.engine.support.hierarchical.ThrowableCollector.execute(ThrowableCollector.java:73)
	at org.junit.platform.engine.support.hierarchical.NodeTestTask.lambda$executeRecursively$7(NodeTestTask.java:129)
	at org.junit.platform.engine.support.hierarchical.Node.around(Node.java:137)
	at org.junit.platform.engine.support.hierarchical.NodeTestTask.lambda$executeRecursively$8(NodeTestTask.java:127)
	at org.junit.platform.engine.support.hierarchical.ThrowableCollector.execute(ThrowableCollector.java:73)
	at org.junit.platform.engine.support.hierarchical.NodeTestTask.executeRecursively(NodeTestTask.java:126)
	at org.junit.platform.engine.support.hierarchical.NodeTestTask.execute(NodeTestTask.java:84)
	at org.junit.platform.engine.support.hierarchical.SameThreadHierarchicalTestExecutorService.submit(SameThreadHierarchicalTestExecutorService.java:32)
	at org.junit.platform.engine.support.hierarchical.HierarchicalTestExecutor.execute(HierarchicalTestExecutor.java:57)
	at org.junit.platform.engine.support.hierarchical.HierarchicalTestEngine.execute(HierarchicalTestEngine.java:51)
	at org.junit.platform.launcher.core.EngineExecutionOrchestrator.execute(EngineExecutionOrchestrator.java:108)
	at org.junit.platform.launcher.core.EngineExecutionOrchestrator.execute(EngineExecutionOrchestrator.java:88)
	at org.junit.platform.launcher.core.EngineExecutionOrchestrator.lambda$execute$0(EngineExecutionOrchestrator.java:54)
	at org.junit.platform.launcher.core.EngineExecutionOrchestrator.withInterceptedStreams(EngineExecutionOrchestrator.java:67)
	at org.junit.platform.launcher.core.EngineExecutionOrchestrator.execute(EngineExecutionOrchestrator.java:52)
	at org.junit.platform.launcher.core.DefaultLauncher.execute(DefaultLauncher.java:96)
	at org.junit.platform.launcher.core.DefaultLauncher.execute(DefaultLauncher.java:75)
	at org.junit.platform.console.tasks.ConsoleTestExecutor.executeTests(ConsoleTestExecutor.java:66)
	at org.junit.platform.console.tasks.ConsoleTestExecutor.lambda$execute$0(ConsoleTestExecutor.java:58)
	at org.junit.platform.console.tasks.CustomContextClassLoaderExecutor.replaceThreadContextClassLoaderAndInvoke(CustomContextClassLoaderExecutor.java:41)
	at org.junit.platform.console.tasks.CustomContextClassLoaderExecutor.invoke(CustomContextClassLoaderExecutor.java:31)
	at org.junit.platform.console.tasks.ConsoleTestExecutor.execute(ConsoleTestExecutor.java:58)
	at org.junit.platform.console.ConsoleLauncher.executeTests(ConsoleLauncher.java:95)
	at org.junit.platform.console.ConsoleLauncher.execute(ConsoleLauncher.java:73)
	at org.junit.platform.console.ConsoleLauncher.execute(ConsoleLauncher.java:50)
	at org.junit.platform.console.ConsoleLauncher.execute(ConsoleLauncher.java:43)
	at org.junit.platform.console.ConsoleLauncher.main(ConsoleLauncher.java:37)
]]></skipped>
<system-out><![CDATA[
unique-id: [engine:junit-jupiter]/[class:minebayd1.test.TestUser]/[test-template:testbuy(minebayd1.User, minebayd1.User, minebayd1.ClassifiedAd)]/[test-template-invocation:#94]
display-name: [94] Marc a 55 annonces ouvertes, 1 annonces fermées et 2 achats 
, Rosa a 40 annonces ouvertes, 4 annonces fermées et 2 achats 
, L'annonce correspond à Annonce n°389 from Rosa crée le 2024-11-04T21:00:34.619001021Z et correpoond à GAMES et est à 88euros
]]></system-out>
</testcase>
<testcase name="testbuy(User, User, ClassifiedAd)[95]" classname="minebayd1.test.TestUser" time="0.001">
<skipped><![CDATA[org.opentest4j.TestAbortedException: Assumption failed: assumption is not true
	at org.junit.jupiter.api.Assumptions.throwTestAbortedException(Assumptions.java:256)
	at org.junit.jupiter.api.Assumptions.assumeTrue(Assumptions.java:115)
	at org.junit.jupiter.api.Assumptions.assumeTrue(Assumptions.java:66)
	at minebayd1.test.TestUser.testbuy(TestUser.java:693)
	at jdk.internal.reflect.GeneratedMethodAccessor4.invoke(Unknown Source)
	at java.base/jdk.internal.reflect.DelegatingMethodAccessorImpl.invoke(DelegatingMethodAccessorImpl.java:43)
	at java.base/java.lang.reflect.Method.invoke(Method.java:569)
	at org.junit.platform.commons.util.ReflectionUtils.invokeMethod(ReflectionUtils.java:688)
	at org.junit.jupiter.engine.execution.MethodInvocation.proceed(MethodInvocation.java:60)
	at org.junit.jupiter.engine.execution.InvocationInterceptorChain$ValidatingInvocation.proceed(InvocationInterceptorChain.java:131)
	at org.junit.jupiter.engine.extension.TimeoutExtension.intercept(TimeoutExtension.java:149)
	at org.junit.jupiter.engine.extension.TimeoutExtension.interceptTestableMethod(TimeoutExtension.java:140)
	at org.junit.jupiter.engine.extension.TimeoutExtension.interceptTestTemplateMethod(TimeoutExtension.java:92)
	at org.junit.jupiter.engine.execution.ExecutableInvoker$ReflectiveInterceptorCall.lambda$ofVoidMethod$0(ExecutableInvoker.java:115)
	at org.junit.jupiter.engine.execution.ExecutableInvoker.lambda$invoke$0(ExecutableInvoker.java:105)
	at org.junit.jupiter.engine.execution.InvocationInterceptorChain$InterceptedInvocation.proceed(InvocationInterceptorChain.java:106)
	at org.junit.jupiter.engine.execution.InvocationInterceptorChain.proceed(InvocationInterceptorChain.java:64)
	at org.junit.jupiter.engine.execution.InvocationInterceptorChain.chainAndInvoke(InvocationInterceptorChain.java:45)
	at org.junit.jupiter.engine.execution.InvocationInterceptorChain.invoke(InvocationInterceptorChain.java:37)
	at org.junit.jupiter.engine.execution.ExecutableInvoker.invoke(ExecutableInvoker.java:104)
	at org.junit.jupiter.engine.execution.ExecutableInvoker.invoke(ExecutableInvoker.java:98)
	at org.junit.jupiter.engine.descriptor.TestMethodTestDescriptor.lambda$invokeTestMethod$6(TestMethodTestDescriptor.java:210)
	at org.junit.platform.engine.support.hierarchical.ThrowableCollector.execute(ThrowableCollector.java:73)
	at org.junit.jupiter.engine.descriptor.TestMethodTestDescriptor.invokeTestMethod(TestMethodTestDescriptor.java:206)
	at org.junit.jupiter.engine.descriptor.TestMethodTestDescriptor.execute(TestMethodTestDescriptor.java:131)
	at org.junit.jupiter.engine.descriptor.TestMethodTestDescriptor.execute(TestMethodTestDescriptor.java:65)
	at org.junit.platform.engine.support.hierarchical.NodeTestTask.lambda$executeRecursively$5(NodeTestTask.java:139)
	at org.junit.platform.engine.support.hierarchical.ThrowableCollector.execute(ThrowableCollector.java:73)
	at org.junit.platform.engine.support.hierarchical.NodeTestTask.lambda$executeRecursively$7(NodeTestTask.java:129)
	at org.junit.platform.engine.support.hierarchical.Node.around(Node.java:137)
	at org.junit.platform.engine.support.hierarchical.NodeTestTask.lambda$executeRecursively$8(NodeTestTask.java:127)
	at org.junit.platform.engine.support.hierarchical.ThrowableCollector.execute(ThrowableCollector.java:73)
	at org.junit.platform.engine.support.hierarchical.NodeTestTask.executeRecursively(NodeTestTask.java:126)
	at org.junit.platform.engine.support.hierarchical.NodeTestTask.execute(NodeTestTask.java:84)
	at org.junit.platform.engine.support.hierarchical.SameThreadHierarchicalTestExecutorService.submit(SameThreadHierarchicalTestExecutorService.java:32)
	at org.junit.platform.engine.support.hierarchical.NodeTestTask$DefaultDynamicTestExecutor.execute(NodeTestTask.java:212)
	at org.junit.platform.engine.support.hierarchical.NodeTestTask$DefaultDynamicTestExecutor.execute(NodeTestTask.java:192)
	at org.junit.jupiter.engine.descriptor.TestTemplateTestDescriptor.execute(TestTemplateTestDescriptor.java:139)
	at org.junit.jupiter.engine.descriptor.TestTemplateTestDescriptor.lambda$execute$2(TestTemplateTestDescriptor.java:107)
	at java.base/java.util.stream.ForEachOps$ForEachOp$OfRef.accept(ForEachOps.java:183)
	at java.base/java.util.stream.ReferencePipeline$3$1.accept(ReferencePipeline.java:197)
	at java.base/java.util.stream.ReferencePipeline$2$1.accept(ReferencePipeline.java:179)
	at java.base/java.util.stream.ReferencePipeline$3$1.accept(ReferencePipeline.java:197)
	at java.base/java.util.stream.ForEachOps$ForEachOp$OfRef.accept(ForEachOps.java:183)
	at java.base/java.util.stream.ReferencePipeline$15$1.accept(ReferencePipeline.java:541)
	at java.base/java.util.stream.ReferencePipeline$3$1.accept(ReferencePipeline.java:197)
	at java.base/java.util.stream.ReferencePipeline$3$1.accept(ReferencePipeline.java:197)
	at java.base/java.util.stream.ReferencePipeline$3$1.accept(ReferencePipeline.java:197)
	at java.base/java.util.stream.ForEachOps$ForEachOp$OfRef.accept(ForEachOps.java:183)
	at java.base/java.util.stream.ReferencePipeline$3$1.accept(ReferencePipeline.java:197)
	at java.base/java.util.stream.ForEachOps$ForEachOp$OfRef.accept(ForEachOps.java:183)
	at java.base/java.util.stream.SliceOps$1$1.accept(SliceOps.java:200)
	at java.base/java.util.stream.StreamSpliterators$InfiniteSupplyingSpliterator$OfRef.tryAdvance(StreamSpliterators.java:1358)
	at java.base/java.util.stream.ReferencePipeline.forEachWithCancel(ReferencePipeline.java:129)
	at java.base/java.util.stream.AbstractPipeline.copyIntoWithCancel(AbstractPipeline.java:527)
	at java.base/java.util.stream.AbstractPipeline.copyInto(AbstractPipeline.java:513)
	at java.base/java.util.stream.AbstractPipeline.wrapAndCopyInto(AbstractPipeline.java:499)
	at java.base/java.util.stream.ForEachOps$ForEachOp.evaluateSequential(ForEachOps.java:150)
	at java.base/java.util.stream.ForEachOps$ForEachOp$OfRef.evaluateSequential(ForEachOps.java:173)
	at java.base/java.util.stream.AbstractPipeline.evaluate(AbstractPipeline.java:234)
	at java.base/java.util.stream.ReferencePipeline.forEach(ReferencePipeline.java:596)
	at java.base/java.util.stream.ReferencePipeline$7$1.accept(ReferencePipeline.java:276)
	at java.base/java.util.stream.ReferencePipeline$3$1.accept(ReferencePipeline.java:197)
	at java.base/java.util.stream.ReferencePipeline$3$1.accept(ReferencePipeline.java:197)
	at java.base/java.util.Spliterators$ArraySpliterator.forEachRemaining(Spliterators.java:992)
	at java.base/java.util.stream.AbstractPipeline.copyInto(AbstractPipeline.java:509)
	at java.base/java.util.stream.AbstractPipeline.wrapAndCopyInto(AbstractPipeline.java:499)
	at java.base/java.util.stream.ForEachOps$ForEachOp.evaluateSequential(ForEachOps.java:150)
	at java.base/java.util.stream.ForEachOps$ForEachOp$OfRef.evaluateSequential(ForEachOps.java:173)
	at java.base/java.util.stream.AbstractPipeline.evaluate(AbstractPipeline.java:234)
	at java.base/java.util.stream.ReferencePipeline.forEach(ReferencePipeline.java:596)
	at java.base/java.util.stream.ReferencePipeline$7$1.accept(ReferencePipeline.java:276)
	at java.base/java.util.stream.ReferencePipeline$3$1.accept(ReferencePipeline.java:197)
	at java.base/java.util.stream.ReferencePipeline$3$1.accept(ReferencePipeline.java:197)
	at java.base/java.util.stream.ReferencePipeline$3$1.accept(ReferencePipeline.java:197)
	at java.base/java.util.ArrayList$ArrayListSpliterator.forEachRemaining(ArrayList.java:1625)
	at java.base/java.util.stream.AbstractPipeline.copyInto(AbstractPipeline.java:509)
	at java.base/java.util.stream.AbstractPipeline.wrapAndCopyInto(AbstractPipeline.java:499)
	at java.base/java.util.stream.ForEachOps$ForEachOp.evaluateSequential(ForEachOps.java:150)
	at java.base/java.util.stream.ForEachOps$ForEachOp$OfRef.evaluateSequential(ForEachOps.java:173)
	at java.base/java.util.stream.AbstractPipeline.evaluate(AbstractPipeline.java:234)
	at java.base/java.util.stream.ReferencePipeline.forEach(ReferencePipeline.java:596)
	at java.base/java.util.stream.ReferencePipeline$7$1.accept(ReferencePipeline.java:276)
	at java.base/java.util.ArrayList$ArrayListSpliterator.forEachRemaining(ArrayList.java:1625)
	at java.base/java.util.stream.AbstractPipeline.copyInto(AbstractPipeline.java:509)
	at java.base/java.util.stream.AbstractPipeline.wrapAndCopyInto(AbstractPipeline.java:499)
	at java.base/java.util.stream.ForEachOps$ForEachOp.evaluateSequential(ForEachOps.java:150)
	at java.base/java.util.stream.ForEachOps$ForEachOp$OfRef.evaluateSequential(ForEachOps.java:173)
	at java.base/java.util.stream.AbstractPipeline.evaluate(AbstractPipeline.java:234)
	at java.base/java.util.stream.ReferencePipeline.forEach(ReferencePipeline.java:596)
	at org.junit.jupiter.engine.descriptor.TestTemplateTestDescriptor.execute(TestTemplateTestDescriptor.java:107)
	at org.junit.jupiter.engine.descriptor.TestTemplateTestDescriptor.execute(TestTemplateTestDescriptor.java:42)
	at org.junit.platform.engine.support.hierarchical.NodeTestTask.lambda$executeRecursively$5(NodeTestTask.java:139)
	at org.junit.platform.engine.support.hierarchical.ThrowableCollector.execute(ThrowableCollector.java:73)
	at org.junit.platform.engine.support.hierarchical.NodeTestTask.lambda$executeRecursively$7(NodeTestTask.java:129)
	at org.junit.platform.engine.support.hierarchical.Node.around(Node.java:137)
	at org.junit.platform.engine.support.hierarchical.NodeTestTask.lambda$executeRecursively$8(NodeTestTask.java:127)
	at org.junit.platform.engine.support.hierarchical.ThrowableCollector.execute(ThrowableCollector.java:73)
	at org.junit.platform.engine.support.hierarchical.NodeTestTask.executeRecursively(NodeTestTask.java:126)
	at org.junit.platform.engine.support.hierarchical.NodeTestTask.execute(NodeTestTask.java:84)
	at java.base/java.util.ArrayList.forEach(ArrayList.java:1511)
	at org.junit.platform.engine.support.hierarchical.SameThreadHierarchicalTestExecutorService.invokeAll(SameThreadHierarchicalTestExecutorService.java:38)
	at org.junit.platform.engine.support.hierarchical.NodeTestTask.lambda$executeRecursively$5(NodeTestTask.java:143)
	at org.junit.platform.engine.support.hierarchical.ThrowableCollector.execute(ThrowableCollector.java:73)
	at org.junit.platform.engine.support.hierarchical.NodeTestTask.lambda$executeRecursively$7(NodeTestTask.java:129)
	at org.junit.platform.engine.support.hierarchical.Node.around(Node.java:137)
	at org.junit.platform.engine.support.hierarchical.NodeTestTask.lambda$executeRecursively$8(NodeTestTask.java:127)
	at org.junit.platform.engine.support.hierarchical.ThrowableCollector.execute(ThrowableCollector.java:73)
	at org.junit.platform.engine.support.hierarchical.NodeTestTask.executeRecursively(NodeTestTask.java:126)
	at org.junit.platform.engine.support.hierarchical.NodeTestTask.execute(NodeTestTask.java:84)
	at java.base/java.util.ArrayList.forEach(ArrayList.java:1511)
	at org.junit.platform.engine.support.hierarchical.SameThreadHierarchicalTestExecutorService.invokeAll(SameThreadHierarchicalTestExecutorService.java:38)
	at org.junit.platform.engine.support.hierarchical.NodeTestTask.lambda$executeRecursively$5(NodeTestTask.java:143)
	at org.junit.platform.engine.support.hierarchical.ThrowableCollector.execute(ThrowableCollector.java:73)
	at org.junit.platform.engine.support.hierarchical.NodeTestTask.lambda$executeRecursively$7(NodeTestTask.java:129)
	at org.junit.platform.engine.support.hierarchical.Node.around(Node.java:137)
	at org.junit.platform.engine.support.hierarchical.NodeTestTask.lambda$executeRecursively$8(NodeTestTask.java:127)
	at org.junit.platform.engine.support.hierarchical.ThrowableCollector.execute(ThrowableCollector.java:73)
	at org.junit.platform.engine.support.hierarchical.NodeTestTask.executeRecursively(NodeTestTask.java:126)
	at org.junit.platform.engine.support.hierarchical.NodeTestTask.execute(NodeTestTask.java:84)
	at org.junit.platform.engine.support.hierarchical.SameThreadHierarchicalTestExecutorService.submit(SameThreadHierarchicalTestExecutorService.java:32)
	at org.junit.platform.engine.support.hierarchical.HierarchicalTestExecutor.execute(HierarchicalTestExecutor.java:57)
	at org.junit.platform.engine.support.hierarchical.HierarchicalTestEngine.execute(HierarchicalTestEngine.java:51)
	at org.junit.platform.launcher.core.EngineExecutionOrchestrator.execute(EngineExecutionOrchestrator.java:108)
	at org.junit.platform.launcher.core.EngineExecutionOrchestrator.execute(EngineExecutionOrchestrator.java:88)
	at org.junit.platform.launcher.core.EngineExecutionOrchestrator.lambda$execute$0(EngineExecutionOrchestrator.java:54)
	at org.junit.platform.launcher.core.EngineExecutionOrchestrator.withInterceptedStreams(EngineExecutionOrchestrator.java:67)
	at org.junit.platform.launcher.core.EngineExecutionOrchestrator.execute(EngineExecutionOrchestrator.java:52)
	at org.junit.platform.launcher.core.DefaultLauncher.execute(DefaultLauncher.java:96)
	at org.junit.platform.launcher.core.DefaultLauncher.execute(DefaultLauncher.java:75)
	at org.junit.platform.console.tasks.ConsoleTestExecutor.executeTests(ConsoleTestExecutor.java:66)
	at org.junit.platform.console.tasks.ConsoleTestExecutor.lambda$execute$0(ConsoleTestExecutor.java:58)
	at org.junit.platform.console.tasks.CustomContextClassLoaderExecutor.replaceThreadContextClassLoaderAndInvoke(CustomContextClassLoaderExecutor.java:41)
	at org.junit.platform.console.tasks.CustomContextClassLoaderExecutor.invoke(CustomContextClassLoaderExecutor.java:31)
	at org.junit.platform.console.tasks.ConsoleTestExecutor.execute(ConsoleTestExecutor.java:58)
	at org.junit.platform.console.ConsoleLauncher.executeTests(ConsoleLauncher.java:95)
	at org.junit.platform.console.ConsoleLauncher.execute(ConsoleLauncher.java:73)
	at org.junit.platform.console.ConsoleLauncher.execute(ConsoleLauncher.java:50)
	at org.junit.platform.console.ConsoleLauncher.execute(ConsoleLauncher.java:43)
	at org.junit.platform.console.ConsoleLauncher.main(ConsoleLauncher.java:37)
]]></skipped>
<system-out><![CDATA[
unique-id: [engine:junit-jupiter]/[class:minebayd1.test.TestUser]/[test-template:testbuy(minebayd1.User, minebayd1.User, minebayd1.ClassifiedAd)]/[test-template-invocation:#95]
display-name: [95] Mamadou a 60 annonces ouvertes, 1 annonces fermées et 1 achats 
, Adam a 49 annonces ouvertes, 3 annonces fermées et 3 achats 
, L'annonce correspond à Annonce n°1075 from Adam crée le 2024-11-04T21:00:34.610031706Z et correpoond à GAMES et est à 79euros
]]></system-out>
</testcase>
<testcase name="testbuy(User, User, ClassifiedAd)[96]" classname="minebayd1.test.TestUser" time="0.002">
<system-out><![CDATA[
unique-id: [engine:junit-jupiter]/[class:minebayd1.test.TestUser]/[test-template:testbuy(minebayd1.User, minebayd1.User, minebayd1.ClassifiedAd)]/[test-template-invocation:#96]
display-name: [96] Ali a 57 annonces ouvertes, 6 annonces fermées et 2 achats 
, Lisa a 46 annonces ouvertes, 3 annonces fermées et 3 achats 
, L'annonce correspond à Annonce n°21 from Lisa crée le 2024-11-04T21:00:34.621901421Z et correpoond à GAMES et est à 68euros
]]></system-out>
</testcase>
<testcase name="testbuy(User, User, ClassifiedAd)[97]" classname="minebayd1.test.TestUser" time="0">
<system-out><![CDATA[
unique-id: [engine:junit-jupiter]/[class:minebayd1.test.TestUser]/[test-template:testbuy(minebayd1.User, minebayd1.User, minebayd1.ClassifiedAd)]/[test-template-invocation:#97]
display-name: [97] Issa a 71 annonces ouvertes, 2 annonces fermées et 2 achats 
, Naila a 61 annonces ouvertes, 2 annonces fermées et 4 achats 
, L'annonce correspond à Annonce n°1329 from Naila crée le 2024-11-04T21:00:34.608105780Z et correpoond à BOOKS et est à 77euros
]]></system-out>
</testcase>
<testcase name="testbuy(User, User, ClassifiedAd)[98]" classname="minebayd1.test.TestUser" time="0">
<system-out><![CDATA[
unique-id: [engine:junit-jupiter]/[class:minebayd1.test.TestUser]/[test-template:testbuy(minebayd1.User, minebayd1.User, minebayd1.ClassifiedAd)]/[test-template-invocation:#98]
display-name: [98] Faycal a 51 annonces ouvertes, 3 annonces fermées et 3 achats 
, Issa a 71 annonces ouvertes, 2 annonces fermées et 3 achats 
, L'annonce correspond à Annonce n°956 from Issa crée le 2024-11-04T21:00:34.611655620Z et correpoond à BOOKS et est à 39euros
]]></system-out>
</testcase>
<testcase name="testbuy(User, User, ClassifiedAd)[99]" classname="minebayd1.test.TestUser" time="0">
<system-out><![CDATA[
unique-id: [engine:junit-jupiter]/[class:minebayd1.test.TestUser]/[test-template:testbuy(minebayd1.User, minebayd1.User, minebayd1.ClassifiedAd)]/[test-template-invocation:#99]
display-name: [99] Lyes a 65 annonces ouvertes, 1 annonces fermées et 2 achats 
, Mamadou a 60 annonces ouvertes, 1 annonces fermées et 1 achats 
, L'annonce correspond à Annonce n°642 from Mamadou crée le 2024-11-04T21:00:34.615887102Z et correpoond à COMPUTERS et est à 19euros
]]></system-out>
</testcase>
<testcase name="testbuy(User, User, ClassifiedAd)[100]" classname="minebayd1.test.TestUser" time="0.002">
<system-out><![CDATA[
unique-id: [engine:junit-jupiter]/[class:minebayd1.test.TestUser]/[test-template:testbuy(minebayd1.User, minebayd1.User, minebayd1.ClassifiedAd)]/[test-template-invocation:#100]
display-name: [100] Idir a 58 annonces ouvertes, 5 annonces fermées et 3 achats 
, Boris a 64 annonces ouvertes, 1 annonces fermées et 3 achats 
, L'annonce correspond à Annonce n°761 from Boris crée le 2024-11-04T21:00:34.614315385Z et correpoond à COMPUTERS et est à 89euros
]]></system-out>
</testcase>
<testcase name="testget(User, int)[1]" classname="minebayd1.test.TestUser" time="0.021">
<system-out><![CDATA[
unique-id: [engine:junit-jupiter]/[class:minebayd1.test.TestUser]/[test-template:testget(minebayd1.User, int)]/[test-template-invocation:#1]
display-name: [1] Imam a 45 annonces ouvertes, 5 annonces fermées et 3 achats 
, 26
]]></system-out>
</testcase>
<testcase name="testget(User, int)[2]" classname="minebayd1.test.TestUser" time="0.035">
<system-out><![CDATA[
unique-id: [engine:junit-jupiter]/[class:minebayd1.test.TestUser]/[test-template:testget(minebayd1.User, int)]/[test-template-invocation:#2]
display-name: [2] Pierre a 41 annonces ouvertes, 5 annonces fermées et 2 achats 
, 17
]]></system-out>
</testcase>
<testcase name="testget(User, int)[3]" classname="minebayd1.test.TestUser" time="0.06">
<system-out><![CDATA[
unique-id: [engine:junit-jupiter]/[class:minebayd1.test.TestUser]/[test-template:testget(minebayd1.User, int)]/[test-template-invocation:#3]
display-name: [3] Idir a 58 annonces ouvertes, 5 annonces fermées et 4 achats 
, 7
]]></system-out>
</testcase>
<testcase name="testget(User, int)[4]" classname="minebayd1.test.TestUser" time="0">
<skipped><![CDATA[org.opentest4j.TestAbortedException: Assumption failed: assumption is not true
	at org.junit.jupiter.api.Assumptions.throwTestAbortedException(Assumptions.java:256)
	at org.junit.jupiter.api.Assumptions.assumeTrue(Assumptions.java:115)
	at org.junit.jupiter.api.Assumptions.assumeTrue(Assumptions.java:66)
	at minebayd1.test.TestUser.testget(TestUser.java:918)
	at java.base/jdk.internal.reflect.NativeMethodAccessorImpl.invoke0(Native Method)
	at java.base/jdk.internal.reflect.NativeMethodAccessorImpl.invoke(NativeMethodAccessorImpl.java:77)
	at java.base/jdk.internal.reflect.DelegatingMethodAccessorImpl.invoke(DelegatingMethodAccessorImpl.java:43)
	at java.base/java.lang.reflect.Method.invoke(Method.java:569)
	at org.junit.platform.commons.util.ReflectionUtils.invokeMethod(ReflectionUtils.java:688)
	at org.junit.jupiter.engine.execution.MethodInvocation.proceed(MethodInvocation.java:60)
	at org.junit.jupiter.engine.execution.InvocationInterceptorChain$ValidatingInvocation.proceed(InvocationInterceptorChain.java:131)
	at org.junit.jupiter.engine.extension.TimeoutExtension.intercept(TimeoutExtension.java:149)
	at org.junit.jupiter.engine.extension.TimeoutExtension.interceptTestableMethod(TimeoutExtension.java:140)
	at org.junit.jupiter.engine.extension.TimeoutExtension.interceptTestTemplateMethod(TimeoutExtension.java:92)
	at org.junit.jupiter.engine.execution.ExecutableInvoker$ReflectiveInterceptorCall.lambda$ofVoidMethod$0(ExecutableInvoker.java:115)
	at org.junit.jupiter.engine.execution.ExecutableInvoker.lambda$invoke$0(ExecutableInvoker.java:105)
	at org.junit.jupiter.engine.execution.InvocationInterceptorChain$InterceptedInvocation.proceed(InvocationInterceptorChain.java:106)
	at org.junit.jupiter.engine.execution.InvocationInterceptorChain.proceed(InvocationInterceptorChain.java:64)
	at org.junit.jupiter.engine.execution.InvocationInterceptorChain.chainAndInvoke(InvocationInterceptorChain.java:45)
	at org.junit.jupiter.engine.execution.InvocationInterceptorChain.invoke(InvocationInterceptorChain.java:37)
	at org.junit.jupiter.engine.execution.ExecutableInvoker.invoke(ExecutableInvoker.java:104)
	at org.junit.jupiter.engine.execution.ExecutableInvoker.invoke(ExecutableInvoker.java:98)
	at org.junit.jupiter.engine.descriptor.TestMethodTestDescriptor.lambda$invokeTestMethod$6(TestMethodTestDescriptor.java:210)
	at org.junit.platform.engine.support.hierarchical.ThrowableCollector.execute(ThrowableCollector.java:73)
	at org.junit.jupiter.engine.descriptor.TestMethodTestDescriptor.invokeTestMethod(TestMethodTestDescriptor.java:206)
	at org.junit.jupiter.engine.descriptor.TestMethodTestDescriptor.execute(TestMethodTestDescriptor.java:131)
	at org.junit.jupiter.engine.descriptor.TestMethodTestDescriptor.execute(TestMethodTestDescriptor.java:65)
	at org.junit.platform.engine.support.hierarchical.NodeTestTask.lambda$executeRecursively$5(NodeTestTask.java:139)
	at org.junit.platform.engine.support.hierarchical.ThrowableCollector.execute(ThrowableCollector.java:73)
	at org.junit.platform.engine.support.hierarchical.NodeTestTask.lambda$executeRecursively$7(NodeTestTask.java:129)
	at org.junit.platform.engine.support.hierarchical.Node.around(Node.java:137)
	at org.junit.platform.engine.support.hierarchical.NodeTestTask.lambda$executeRecursively$8(NodeTestTask.java:127)
	at org.junit.platform.engine.support.hierarchical.ThrowableCollector.execute(ThrowableCollector.java:73)
	at org.junit.platform.engine.support.hierarchical.NodeTestTask.executeRecursively(NodeTestTask.java:126)
	at org.junit.platform.engine.support.hierarchical.NodeTestTask.execute(NodeTestTask.java:84)
	at org.junit.platform.engine.support.hierarchical.SameThreadHierarchicalTestExecutorService.submit(SameThreadHierarchicalTestExecutorService.java:32)
	at org.junit.platform.engine.support.hierarchical.NodeTestTask$DefaultDynamicTestExecutor.execute(NodeTestTask.java:212)
	at org.junit.platform.engine.support.hierarchical.NodeTestTask$DefaultDynamicTestExecutor.execute(NodeTestTask.java:192)
	at org.junit.jupiter.engine.descriptor.TestTemplateTestDescriptor.execute(TestTemplateTestDescriptor.java:139)
	at org.junit.jupiter.engine.descriptor.TestTemplateTestDescriptor.lambda$execute$2(TestTemplateTestDescriptor.java:107)
	at java.base/java.util.stream.ForEachOps$ForEachOp$OfRef.accept(ForEachOps.java:183)
	at java.base/java.util.stream.ReferencePipeline$3$1.accept(ReferencePipeline.java:197)
	at java.base/java.util.stream.ReferencePipeline$2$1.accept(ReferencePipeline.java:179)
	at java.base/java.util.stream.ReferencePipeline$3$1.accept(ReferencePipeline.java:197)
	at java.base/java.util.stream.ForEachOps$ForEachOp$OfRef.accept(ForEachOps.java:183)
	at java.base/java.util.stream.ReferencePipeline$15$1.accept(ReferencePipeline.java:541)
	at java.base/java.util.stream.ReferencePipeline$3$1.accept(ReferencePipeline.java:197)
	at java.base/java.util.stream.ReferencePipeline$3$1.accept(ReferencePipeline.java:197)
	at java.base/java.util.stream.ReferencePipeline$3$1.accept(ReferencePipeline.java:197)
	at java.base/java.util.stream.ForEachOps$ForEachOp$OfRef.accept(ForEachOps.java:183)
	at java.base/java.util.stream.ReferencePipeline$3$1.accept(ReferencePipeline.java:197)
	at java.base/java.util.stream.ForEachOps$ForEachOp$OfRef.accept(ForEachOps.java:183)
	at java.base/java.util.stream.SliceOps$1$1.accept(SliceOps.java:200)
	at java.base/java.util.stream.StreamSpliterators$InfiniteSupplyingSpliterator$OfRef.tryAdvance(StreamSpliterators.java:1358)
	at java.base/java.util.stream.ReferencePipeline.forEachWithCancel(ReferencePipeline.java:129)
	at java.base/java.util.stream.AbstractPipeline.copyIntoWithCancel(AbstractPipeline.java:527)
	at java.base/java.util.stream.AbstractPipeline.copyInto(AbstractPipeline.java:513)
	at java.base/java.util.stream.AbstractPipeline.wrapAndCopyInto(AbstractPipeline.java:499)
	at java.base/java.util.stream.ForEachOps$ForEachOp.evaluateSequential(ForEachOps.java:150)
	at java.base/java.util.stream.ForEachOps$ForEachOp$OfRef.evaluateSequential(ForEachOps.java:173)
	at java.base/java.util.stream.AbstractPipeline.evaluate(AbstractPipeline.java:234)
	at java.base/java.util.stream.ReferencePipeline.forEach(ReferencePipeline.java:596)
	at java.base/java.util.stream.ReferencePipeline$7$1.accept(ReferencePipeline.java:276)
	at java.base/java.util.stream.ReferencePipeline$3$1.accept(ReferencePipeline.java:197)
	at java.base/java.util.stream.ReferencePipeline$3$1.accept(ReferencePipeline.java:197)
	at java.base/java.util.Spliterators$ArraySpliterator.forEachRemaining(Spliterators.java:992)
	at java.base/java.util.stream.AbstractPipeline.copyInto(AbstractPipeline.java:509)
	at java.base/java.util.stream.AbstractPipeline.wrapAndCopyInto(AbstractPipeline.java:499)
	at java.base/java.util.stream.ForEachOps$ForEachOp.evaluateSequential(ForEachOps.java:150)
	at java.base/java.util.stream.ForEachOps$ForEachOp$OfRef.evaluateSequential(ForEachOps.java:173)
	at java.base/java.util.stream.AbstractPipeline.evaluate(AbstractPipeline.java:234)
	at java.base/java.util.stream.ReferencePipeline.forEach(ReferencePipeline.java:596)
	at java.base/java.util.stream.ReferencePipeline$7$1.accept(ReferencePipeline.java:276)
	at java.base/java.util.stream.ReferencePipeline$3$1.accept(ReferencePipeline.java:197)
	at java.base/java.util.stream.ReferencePipeline$3$1.accept(ReferencePipeline.java:197)
	at java.base/java.util.stream.ReferencePipeline$3$1.accept(ReferencePipeline.java:197)
	at java.base/java.util.ArrayList$ArrayListSpliterator.forEachRemaining(ArrayList.java:1625)
	at java.base/java.util.stream.AbstractPipeline.copyInto(AbstractPipeline.java:509)
	at java.base/java.util.stream.AbstractPipeline.wrapAndCopyInto(AbstractPipeline.java:499)
	at java.base/java.util.stream.ForEachOps$ForEachOp.evaluateSequential(ForEachOps.java:150)
	at java.base/java.util.stream.ForEachOps$ForEachOp$OfRef.evaluateSequential(ForEachOps.java:173)
	at java.base/java.util.stream.AbstractPipeline.evaluate(AbstractPipeline.java:234)
	at java.base/java.util.stream.ReferencePipeline.forEach(ReferencePipeline.java:596)
	at java.base/java.util.stream.ReferencePipeline$7$1.accept(ReferencePipeline.java:276)
	at java.base/java.util.ArrayList$ArrayListSpliterator.forEachRemaining(ArrayList.java:1625)
	at java.base/java.util.stream.AbstractPipeline.copyInto(AbstractPipeline.java:509)
	at java.base/java.util.stream.AbstractPipeline.wrapAndCopyInto(AbstractPipeline.java:499)
	at java.base/java.util.stream.ForEachOps$ForEachOp.evaluateSequential(ForEachOps.java:150)
	at java.base/java.util.stream.ForEachOps$ForEachOp$OfRef.evaluateSequential(ForEachOps.java:173)
	at java.base/java.util.stream.AbstractPipeline.evaluate(AbstractPipeline.java:234)
	at java.base/java.util.stream.ReferencePipeline.forEach(ReferencePipeline.java:596)
	at org.junit.jupiter.engine.descriptor.TestTemplateTestDescriptor.execute(TestTemplateTestDescriptor.java:107)
	at org.junit.jupiter.engine.descriptor.TestTemplateTestDescriptor.execute(TestTemplateTestDescriptor.java:42)
	at org.junit.platform.engine.support.hierarchical.NodeTestTask.lambda$executeRecursively$5(NodeTestTask.java:139)
	at org.junit.platform.engine.support.hierarchical.ThrowableCollector.execute(ThrowableCollector.java:73)
	at org.junit.platform.engine.support.hierarchical.NodeTestTask.lambda$executeRecursively$7(NodeTestTask.java:129)
	at org.junit.platform.engine.support.hierarchical.Node.around(Node.java:137)
	at org.junit.platform.engine.support.hierarchical.NodeTestTask.lambda$executeRecursively$8(NodeTestTask.java:127)
	at org.junit.platform.engine.support.hierarchical.ThrowableCollector.execute(ThrowableCollector.java:73)
	at org.junit.platform.engine.support.hierarchical.NodeTestTask.executeRecursively(NodeTestTask.java:126)
	at org.junit.platform.engine.support.hierarchical.NodeTestTask.execute(NodeTestTask.java:84)
	at java.base/java.util.ArrayList.forEach(ArrayList.java:1511)
	at org.junit.platform.engine.support.hierarchical.SameThreadHierarchicalTestExecutorService.invokeAll(SameThreadHierarchicalTestExecutorService.java:38)
	at org.junit.platform.engine.support.hierarchical.NodeTestTask.lambda$executeRecursively$5(NodeTestTask.java:143)
	at org.junit.platform.engine.support.hierarchical.ThrowableCollector.execute(ThrowableCollector.java:73)
	at org.junit.platform.engine.support.hierarchical.NodeTestTask.lambda$executeRecursively$7(NodeTestTask.java:129)
	at org.junit.platform.engine.support.hierarchical.Node.around(Node.java:137)
	at org.junit.platform.engine.support.hierarchical.NodeTestTask.lambda$executeRecursively$8(NodeTestTask.java:127)
	at org.junit.platform.engine.support.hierarchical.ThrowableCollector.execute(ThrowableCollector.java:73)
	at org.junit.platform.engine.support.hierarchical.NodeTestTask.executeRecursively(NodeTestTask.java:126)
	at org.junit.platform.engine.support.hierarchical.NodeTestTask.execute(NodeTestTask.java:84)
	at java.base/java.util.ArrayList.forEach(ArrayList.java:1511)
	at org.junit.platform.engine.support.hierarchical.SameThreadHierarchicalTestExecutorService.invokeAll(SameThreadHierarchicalTestExecutorService.java:38)
	at org.junit.platform.engine.support.hierarchical.NodeTestTask.lambda$executeRecursively$5(NodeTestTask.java:143)
	at org.junit.platform.engine.support.hierarchical.ThrowableCollector.execute(ThrowableCollector.java:73)
	at org.junit.platform.engine.support.hierarchical.NodeTestTask.lambda$executeRecursively$7(NodeTestTask.java:129)
	at org.junit.platform.engine.support.hierarchical.Node.around(Node.java:137)
	at org.junit.platform.engine.support.hierarchical.NodeTestTask.lambda$executeRecursively$8(NodeTestTask.java:127)
	at org.junit.platform.engine.support.hierarchical.ThrowableCollector.execute(ThrowableCollector.java:73)
	at org.junit.platform.engine.support.hierarchical.NodeTestTask.executeRecursively(NodeTestTask.java:126)
	at org.junit.platform.engine.support.hierarchical.NodeTestTask.execute(NodeTestTask.java:84)
	at org.junit.platform.engine.support.hierarchical.SameThreadHierarchicalTestExecutorService.submit(SameThreadHierarchicalTestExecutorService.java:32)
	at org.junit.platform.engine.support.hierarchical.HierarchicalTestExecutor.execute(HierarchicalTestExecutor.java:57)
	at org.junit.platform.engine.support.hierarchical.HierarchicalTestEngine.execute(HierarchicalTestEngine.java:51)
	at org.junit.platform.launcher.core.EngineExecutionOrchestrator.execute(EngineExecutionOrchestrator.java:108)
	at org.junit.platform.launcher.core.EngineExecutionOrchestrator.execute(EngineExecutionOrchestrator.java:88)
	at org.junit.platform.launcher.core.EngineExecutionOrchestrator.lambda$execute$0(EngineExecutionOrchestrator.java:54)
	at org.junit.platform.launcher.core.EngineExecutionOrchestrator.withInterceptedStreams(EngineExecutionOrchestrator.java:67)
	at org.junit.platform.launcher.core.EngineExecutionOrchestrator.execute(EngineExecutionOrchestrator.java:52)
	at org.junit.platform.launcher.core.DefaultLauncher.execute(DefaultLauncher.java:96)
	at org.junit.platform.launcher.core.DefaultLauncher.execute(DefaultLauncher.java:75)
	at org.junit.platform.console.tasks.ConsoleTestExecutor.executeTests(ConsoleTestExecutor.java:66)
	at org.junit.platform.console.tasks.ConsoleTestExecutor.lambda$execute$0(ConsoleTestExecutor.java:58)
	at org.junit.platform.console.tasks.CustomContextClassLoaderExecutor.replaceThreadContextClassLoaderAndInvoke(CustomContextClassLoaderExecutor.java:41)
	at org.junit.platform.console.tasks.CustomContextClassLoaderExecutor.invoke(CustomContextClassLoaderExecutor.java:31)
	at org.junit.platform.console.tasks.ConsoleTestExecutor.execute(ConsoleTestExecutor.java:58)
	at org.junit.platform.console.ConsoleLauncher.executeTests(ConsoleLauncher.java:95)
	at org.junit.platform.console.ConsoleLauncher.execute(ConsoleLauncher.java:73)
	at org.junit.platform.console.ConsoleLauncher.execute(ConsoleLauncher.java:50)
	at org.junit.platform.console.ConsoleLauncher.execute(ConsoleLauncher.java:43)
	at org.junit.platform.console.ConsoleLauncher.main(ConsoleLauncher.java:37)
]]></skipped>
<system-out><![CDATA[
unique-id: [engine:junit-jupiter]/[class:minebayd1.test.TestUser]/[test-template:testget(minebayd1.User, int)]/[test-template-invocation:#4]
display-name: [4] Faycal a 51 annonces ouvertes, 3 annonces fermées et 4 achats 
, 1
]]></system-out>
</testcase>
<testcase name="testget(User, int)[5]" classname="minebayd1.test.TestUser" time="0">
<skipped><![CDATA[org.opentest4j.TestAbortedException: Assumption failed: assumption is not true
	at org.junit.jupiter.api.Assumptions.throwTestAbortedException(Assumptions.java:256)
	at org.junit.jupiter.api.Assumptions.assumeTrue(Assumptions.java:115)
	at org.junit.jupiter.api.Assumptions.assumeTrue(Assumptions.java:66)
	at minebayd1.test.TestUser.testget(TestUser.java:918)
	at java.base/jdk.internal.reflect.NativeMethodAccessorImpl.invoke0(Native Method)
	at java.base/jdk.internal.reflect.NativeMethodAccessorImpl.invoke(NativeMethodAccessorImpl.java:77)
	at java.base/jdk.internal.reflect.DelegatingMethodAccessorImpl.invoke(DelegatingMethodAccessorImpl.java:43)
	at java.base/java.lang.reflect.Method.invoke(Method.java:569)
	at org.junit.platform.commons.util.ReflectionUtils.invokeMethod(ReflectionUtils.java:688)
	at org.junit.jupiter.engine.execution.MethodInvocation.proceed(MethodInvocation.java:60)
	at org.junit.jupiter.engine.execution.InvocationInterceptorChain$ValidatingInvocation.proceed(InvocationInterceptorChain.java:131)
	at org.junit.jupiter.engine.extension.TimeoutExtension.intercept(TimeoutExtension.java:149)
	at org.junit.jupiter.engine.extension.TimeoutExtension.interceptTestableMethod(TimeoutExtension.java:140)
	at org.junit.jupiter.engine.extension.TimeoutExtension.interceptTestTemplateMethod(TimeoutExtension.java:92)
	at org.junit.jupiter.engine.execution.ExecutableInvoker$ReflectiveInterceptorCall.lambda$ofVoidMethod$0(ExecutableInvoker.java:115)
	at org.junit.jupiter.engine.execution.ExecutableInvoker.lambda$invoke$0(ExecutableInvoker.java:105)
	at org.junit.jupiter.engine.execution.InvocationInterceptorChain$InterceptedInvocation.proceed(InvocationInterceptorChain.java:106)
	at org.junit.jupiter.engine.execution.InvocationInterceptorChain.proceed(InvocationInterceptorChain.java:64)
	at org.junit.jupiter.engine.execution.InvocationInterceptorChain.chainAndInvoke(InvocationInterceptorChain.java:45)
	at org.junit.jupiter.engine.execution.InvocationInterceptorChain.invoke(InvocationInterceptorChain.java:37)
	at org.junit.jupiter.engine.execution.ExecutableInvoker.invoke(ExecutableInvoker.java:104)
	at org.junit.jupiter.engine.execution.ExecutableInvoker.invoke(ExecutableInvoker.java:98)
	at org.junit.jupiter.engine.descriptor.TestMethodTestDescriptor.lambda$invokeTestMethod$6(TestMethodTestDescriptor.java:210)
	at org.junit.platform.engine.support.hierarchical.ThrowableCollector.execute(ThrowableCollector.java:73)
	at org.junit.jupiter.engine.descriptor.TestMethodTestDescriptor.invokeTestMethod(TestMethodTestDescriptor.java:206)
	at org.junit.jupiter.engine.descriptor.TestMethodTestDescriptor.execute(TestMethodTestDescriptor.java:131)
	at org.junit.jupiter.engine.descriptor.TestMethodTestDescriptor.execute(TestMethodTestDescriptor.java:65)
	at org.junit.platform.engine.support.hierarchical.NodeTestTask.lambda$executeRecursively$5(NodeTestTask.java:139)
	at org.junit.platform.engine.support.hierarchical.ThrowableCollector.execute(ThrowableCollector.java:73)
	at org.junit.platform.engine.support.hierarchical.NodeTestTask.lambda$executeRecursively$7(NodeTestTask.java:129)
	at org.junit.platform.engine.support.hierarchical.Node.around(Node.java:137)
	at org.junit.platform.engine.support.hierarchical.NodeTestTask.lambda$executeRecursively$8(NodeTestTask.java:127)
	at org.junit.platform.engine.support.hierarchical.ThrowableCollector.execute(ThrowableCollector.java:73)
	at org.junit.platform.engine.support.hierarchical.NodeTestTask.executeRecursively(NodeTestTask.java:126)
	at org.junit.platform.engine.support.hierarchical.NodeTestTask.execute(NodeTestTask.java:84)
	at org.junit.platform.engine.support.hierarchical.SameThreadHierarchicalTestExecutorService.submit(SameThreadHierarchicalTestExecutorService.java:32)
	at org.junit.platform.engine.support.hierarchical.NodeTestTask$DefaultDynamicTestExecutor.execute(NodeTestTask.java:212)
	at org.junit.platform.engine.support.hierarchical.NodeTestTask$DefaultDynamicTestExecutor.execute(NodeTestTask.java:192)
	at org.junit.jupiter.engine.descriptor.TestTemplateTestDescriptor.execute(TestTemplateTestDescriptor.java:139)
	at org.junit.jupiter.engine.descriptor.TestTemplateTestDescriptor.lambda$execute$2(TestTemplateTestDescriptor.java:107)
	at java.base/java.util.stream.ForEachOps$ForEachOp$OfRef.accept(ForEachOps.java:183)
	at java.base/java.util.stream.ReferencePipeline$3$1.accept(ReferencePipeline.java:197)
	at java.base/java.util.stream.ReferencePipeline$2$1.accept(ReferencePipeline.java:179)
	at java.base/java.util.stream.ReferencePipeline$3$1.accept(ReferencePipeline.java:197)
	at java.base/java.util.stream.ForEachOps$ForEachOp$OfRef.accept(ForEachOps.java:183)
	at java.base/java.util.stream.ReferencePipeline$15$1.accept(ReferencePipeline.java:541)
	at java.base/java.util.stream.ReferencePipeline$3$1.accept(ReferencePipeline.java:197)
	at java.base/java.util.stream.ReferencePipeline$3$1.accept(ReferencePipeline.java:197)
	at java.base/java.util.stream.ReferencePipeline$3$1.accept(ReferencePipeline.java:197)
	at java.base/java.util.stream.ForEachOps$ForEachOp$OfRef.accept(ForEachOps.java:183)
	at java.base/java.util.stream.ReferencePipeline$3$1.accept(ReferencePipeline.java:197)
	at java.base/java.util.stream.ForEachOps$ForEachOp$OfRef.accept(ForEachOps.java:183)
	at java.base/java.util.stream.SliceOps$1$1.accept(SliceOps.java:200)
	at java.base/java.util.stream.StreamSpliterators$InfiniteSupplyingSpliterator$OfRef.tryAdvance(StreamSpliterators.java:1358)
	at java.base/java.util.stream.ReferencePipeline.forEachWithCancel(ReferencePipeline.java:129)
	at java.base/java.util.stream.AbstractPipeline.copyIntoWithCancel(AbstractPipeline.java:527)
	at java.base/java.util.stream.AbstractPipeline.copyInto(AbstractPipeline.java:513)
	at java.base/java.util.stream.AbstractPipeline.wrapAndCopyInto(AbstractPipeline.java:499)
	at java.base/java.util.stream.ForEachOps$ForEachOp.evaluateSequential(ForEachOps.java:150)
	at java.base/java.util.stream.ForEachOps$ForEachOp$OfRef.evaluateSequential(ForEachOps.java:173)
	at java.base/java.util.stream.AbstractPipeline.evaluate(AbstractPipeline.java:234)
	at java.base/java.util.stream.ReferencePipeline.forEach(ReferencePipeline.java:596)
	at java.base/java.util.stream.ReferencePipeline$7$1.accept(ReferencePipeline.java:276)
	at java.base/java.util.stream.ReferencePipeline$3$1.accept(ReferencePipeline.java:197)
	at java.base/java.util.stream.ReferencePipeline$3$1.accept(ReferencePipeline.java:197)
	at java.base/java.util.Spliterators$ArraySpliterator.forEachRemaining(Spliterators.java:992)
	at java.base/java.util.stream.AbstractPipeline.copyInto(AbstractPipeline.java:509)
	at java.base/java.util.stream.AbstractPipeline.wrapAndCopyInto(AbstractPipeline.java:499)
	at java.base/java.util.stream.ForEachOps$ForEachOp.evaluateSequential(ForEachOps.java:150)
	at java.base/java.util.stream.ForEachOps$ForEachOp$OfRef.evaluateSequential(ForEachOps.java:173)
	at java.base/java.util.stream.AbstractPipeline.evaluate(AbstractPipeline.java:234)
	at java.base/java.util.stream.ReferencePipeline.forEach(ReferencePipeline.java:596)
	at java.base/java.util.stream.ReferencePipeline$7$1.accept(ReferencePipeline.java:276)
	at java.base/java.util.stream.ReferencePipeline$3$1.accept(ReferencePipeline.java:197)
	at java.base/java.util.stream.ReferencePipeline$3$1.accept(ReferencePipeline.java:197)
	at java.base/java.util.stream.ReferencePipeline$3$1.accept(ReferencePipeline.java:197)
	at java.base/java.util.ArrayList$ArrayListSpliterator.forEachRemaining(ArrayList.java:1625)
	at java.base/java.util.stream.AbstractPipeline.copyInto(AbstractPipeline.java:509)
	at java.base/java.util.stream.AbstractPipeline.wrapAndCopyInto(AbstractPipeline.java:499)
	at java.base/java.util.stream.ForEachOps$ForEachOp.evaluateSequential(ForEachOps.java:150)
	at java.base/java.util.stream.ForEachOps$ForEachOp$OfRef.evaluateSequential(ForEachOps.java:173)
	at java.base/java.util.stream.AbstractPipeline.evaluate(AbstractPipeline.java:234)
	at java.base/java.util.stream.ReferencePipeline.forEach(ReferencePipeline.java:596)
	at java.base/java.util.stream.ReferencePipeline$7$1.accept(ReferencePipeline.java:276)
	at java.base/java.util.ArrayList$ArrayListSpliterator.forEachRemaining(ArrayList.java:1625)
	at java.base/java.util.stream.AbstractPipeline.copyInto(AbstractPipeline.java:509)
	at java.base/java.util.stream.AbstractPipeline.wrapAndCopyInto(AbstractPipeline.java:499)
	at java.base/java.util.stream.ForEachOps$ForEachOp.evaluateSequential(ForEachOps.java:150)
	at java.base/java.util.stream.ForEachOps$ForEachOp$OfRef.evaluateSequential(ForEachOps.java:173)
	at java.base/java.util.stream.AbstractPipeline.evaluate(AbstractPipeline.java:234)
	at java.base/java.util.stream.ReferencePipeline.forEach(ReferencePipeline.java:596)
	at org.junit.jupiter.engine.descriptor.TestTemplateTestDescriptor.execute(TestTemplateTestDescriptor.java:107)
	at org.junit.jupiter.engine.descriptor.TestTemplateTestDescriptor.execute(TestTemplateTestDescriptor.java:42)
	at org.junit.platform.engine.support.hierarchical.NodeTestTask.lambda$executeRecursively$5(NodeTestTask.java:139)
	at org.junit.platform.engine.support.hierarchical.ThrowableCollector.execute(ThrowableCollector.java:73)
	at org.junit.platform.engine.support.hierarchical.NodeTestTask.lambda$executeRecursively$7(NodeTestTask.java:129)
	at org.junit.platform.engine.support.hierarchical.Node.around(Node.java:137)
	at org.junit.platform.engine.support.hierarchical.NodeTestTask.lambda$executeRecursively$8(NodeTestTask.java:127)
	at org.junit.platform.engine.support.hierarchical.ThrowableCollector.execute(ThrowableCollector.java:73)
	at org.junit.platform.engine.support.hierarchical.NodeTestTask.executeRecursively(NodeTestTask.java:126)
	at org.junit.platform.engine.support.hierarchical.NodeTestTask.execute(NodeTestTask.java:84)
	at java.base/java.util.ArrayList.forEach(ArrayList.java:1511)
	at org.junit.platform.engine.support.hierarchical.SameThreadHierarchicalTestExecutorService.invokeAll(SameThreadHierarchicalTestExecutorService.java:38)
	at org.junit.platform.engine.support.hierarchical.NodeTestTask.lambda$executeRecursively$5(NodeTestTask.java:143)
	at org.junit.platform.engine.support.hierarchical.ThrowableCollector.execute(ThrowableCollector.java:73)
	at org.junit.platform.engine.support.hierarchical.NodeTestTask.lambda$executeRecursively$7(NodeTestTask.java:129)
	at org.junit.platform.engine.support.hierarchical.Node.around(Node.java:137)
	at org.junit.platform.engine.support.hierarchical.NodeTestTask.lambda$executeRecursively$8(NodeTestTask.java:127)
	at org.junit.platform.engine.support.hierarchical.ThrowableCollector.execute(ThrowableCollector.java:73)
	at org.junit.platform.engine.support.hierarchical.NodeTestTask.executeRecursively(NodeTestTask.java:126)
	at org.junit.platform.engine.support.hierarchical.NodeTestTask.execute(NodeTestTask.java:84)
	at java.base/java.util.ArrayList.forEach(ArrayList.java:1511)
	at org.junit.platform.engine.support.hierarchical.SameThreadHierarchicalTestExecutorService.invokeAll(SameThreadHierarchicalTestExecutorService.java:38)
	at org.junit.platform.engine.support.hierarchical.NodeTestTask.lambda$executeRecursively$5(NodeTestTask.java:143)
	at org.junit.platform.engine.support.hierarchical.ThrowableCollector.execute(ThrowableCollector.java:73)
	at org.junit.platform.engine.support.hierarchical.NodeTestTask.lambda$executeRecursively$7(NodeTestTask.java:129)
	at org.junit.platform.engine.support.hierarchical.Node.around(Node.java:137)
	at org.junit.platform.engine.support.hierarchical.NodeTestTask.lambda$executeRecursively$8(NodeTestTask.java:127)
	at org.junit.platform.engine.support.hierarchical.ThrowableCollector.execute(ThrowableCollector.java:73)
	at org.junit.platform.engine.support.hierarchical.NodeTestTask.executeRecursively(NodeTestTask.java:126)
	at org.junit.platform.engine.support.hierarchical.NodeTestTask.execute(NodeTestTask.java:84)
	at org.junit.platform.engine.support.hierarchical.SameThreadHierarchicalTestExecutorService.submit(SameThreadHierarchicalTestExecutorService.java:32)
	at org.junit.platform.engine.support.hierarchical.HierarchicalTestExecutor.execute(HierarchicalTestExecutor.java:57)
	at org.junit.platform.engine.support.hierarchical.HierarchicalTestEngine.execute(HierarchicalTestEngine.java:51)
	at org.junit.platform.launcher.core.EngineExecutionOrchestrator.execute(EngineExecutionOrchestrator.java:108)
	at org.junit.platform.launcher.core.EngineExecutionOrchestrator.execute(EngineExecutionOrchestrator.java:88)
	at org.junit.platform.launcher.core.EngineExecutionOrchestrator.lambda$execute$0(EngineExecutionOrchestrator.java:54)
	at org.junit.platform.launcher.core.EngineExecutionOrchestrator.withInterceptedStreams(EngineExecutionOrchestrator.java:67)
	at org.junit.platform.launcher.core.EngineExecutionOrchestrator.execute(EngineExecutionOrchestrator.java:52)
	at org.junit.platform.launcher.core.DefaultLauncher.execute(DefaultLauncher.java:96)
	at org.junit.platform.launcher.core.DefaultLauncher.execute(DefaultLauncher.java:75)
	at org.junit.platform.console.tasks.ConsoleTestExecutor.executeTests(ConsoleTestExecutor.java:66)
	at org.junit.platform.console.tasks.ConsoleTestExecutor.lambda$execute$0(ConsoleTestExecutor.java:58)
	at org.junit.platform.console.tasks.CustomContextClassLoaderExecutor.replaceThreadContextClassLoaderAndInvoke(CustomContextClassLoaderExecutor.java:41)
	at org.junit.platform.console.tasks.CustomContextClassLoaderExecutor.invoke(CustomContextClassLoaderExecutor.java:31)
	at org.junit.platform.console.tasks.ConsoleTestExecutor.execute(ConsoleTestExecutor.java:58)
	at org.junit.platform.console.ConsoleLauncher.executeTests(ConsoleLauncher.java:95)
	at org.junit.platform.console.ConsoleLauncher.execute(ConsoleLauncher.java:73)
	at org.junit.platform.console.ConsoleLauncher.execute(ConsoleLauncher.java:50)
	at org.junit.platform.console.ConsoleLauncher.execute(ConsoleLauncher.java:43)
	at org.junit.platform.console.ConsoleLauncher.main(ConsoleLauncher.java:37)
]]></skipped>
<system-out><![CDATA[
unique-id: [engine:junit-jupiter]/[class:minebayd1.test.TestUser]/[test-template:testget(minebayd1.User, int)]/[test-template-invocation:#5]
display-name: [5] Marc a 55 annonces ouvertes, 1 annonces fermées et 2 achats 
, 0
]]></system-out>
</testcase>
<testcase name="testget(User, int)[6]" classname="minebayd1.test.TestUser" time="0.032">
<system-out><![CDATA[
unique-id: [engine:junit-jupiter]/[class:minebayd1.test.TestUser]/[test-template:testget(minebayd1.User, int)]/[test-template-invocation:#6]
display-name: [6] Mounir a 59 annonces ouvertes, 2 annonces fermées et 2 achats 
, 51
]]></system-out>
</testcase>
<testcase name="testget(User, int)[7]" classname="minebayd1.test.TestUser" time="0">
<skipped><![CDATA[org.opentest4j.TestAbortedException: Assumption failed: assumption is not true
	at org.junit.jupiter.api.Assumptions.throwTestAbortedException(Assumptions.java:256)
	at org.junit.jupiter.api.Assumptions.assumeTrue(Assumptions.java:115)
	at org.junit.jupiter.api.Assumptions.assumeTrue(Assumptions.java:66)
	at minebayd1.test.TestUser.testget(TestUser.java:918)
	at java.base/jdk.internal.reflect.NativeMethodAccessorImpl.invoke0(Native Method)
	at java.base/jdk.internal.reflect.NativeMethodAccessorImpl.invoke(NativeMethodAccessorImpl.java:77)
	at java.base/jdk.internal.reflect.DelegatingMethodAccessorImpl.invoke(DelegatingMethodAccessorImpl.java:43)
	at java.base/java.lang.reflect.Method.invoke(Method.java:569)
	at org.junit.platform.commons.util.ReflectionUtils.invokeMethod(ReflectionUtils.java:688)
	at org.junit.jupiter.engine.execution.MethodInvocation.proceed(MethodInvocation.java:60)
	at org.junit.jupiter.engine.execution.InvocationInterceptorChain$ValidatingInvocation.proceed(InvocationInterceptorChain.java:131)
	at org.junit.jupiter.engine.extension.TimeoutExtension.intercept(TimeoutExtension.java:149)
	at org.junit.jupiter.engine.extension.TimeoutExtension.interceptTestableMethod(TimeoutExtension.java:140)
	at org.junit.jupiter.engine.extension.TimeoutExtension.interceptTestTemplateMethod(TimeoutExtension.java:92)
	at org.junit.jupiter.engine.execution.ExecutableInvoker$ReflectiveInterceptorCall.lambda$ofVoidMethod$0(ExecutableInvoker.java:115)
	at org.junit.jupiter.engine.execution.ExecutableInvoker.lambda$invoke$0(ExecutableInvoker.java:105)
	at org.junit.jupiter.engine.execution.InvocationInterceptorChain$InterceptedInvocation.proceed(InvocationInterceptorChain.java:106)
	at org.junit.jupiter.engine.execution.InvocationInterceptorChain.proceed(InvocationInterceptorChain.java:64)
	at org.junit.jupiter.engine.execution.InvocationInterceptorChain.chainAndInvoke(InvocationInterceptorChain.java:45)
	at org.junit.jupiter.engine.execution.InvocationInterceptorChain.invoke(InvocationInterceptorChain.java:37)
	at org.junit.jupiter.engine.execution.ExecutableInvoker.invoke(ExecutableInvoker.java:104)
	at org.junit.jupiter.engine.execution.ExecutableInvoker.invoke(ExecutableInvoker.java:98)
	at org.junit.jupiter.engine.descriptor.TestMethodTestDescriptor.lambda$invokeTestMethod$6(TestMethodTestDescriptor.java:210)
	at org.junit.platform.engine.support.hierarchical.ThrowableCollector.execute(ThrowableCollector.java:73)
	at org.junit.jupiter.engine.descriptor.TestMethodTestDescriptor.invokeTestMethod(TestMethodTestDescriptor.java:206)
	at org.junit.jupiter.engine.descriptor.TestMethodTestDescriptor.execute(TestMethodTestDescriptor.java:131)
	at org.junit.jupiter.engine.descriptor.TestMethodTestDescriptor.execute(TestMethodTestDescriptor.java:65)
	at org.junit.platform.engine.support.hierarchical.NodeTestTask.lambda$executeRecursively$5(NodeTestTask.java:139)
	at org.junit.platform.engine.support.hierarchical.ThrowableCollector.execute(ThrowableCollector.java:73)
	at org.junit.platform.engine.support.hierarchical.NodeTestTask.lambda$executeRecursively$7(NodeTestTask.java:129)
	at org.junit.platform.engine.support.hierarchical.Node.around(Node.java:137)
	at org.junit.platform.engine.support.hierarchical.NodeTestTask.lambda$executeRecursively$8(NodeTestTask.java:127)
	at org.junit.platform.engine.support.hierarchical.ThrowableCollector.execute(ThrowableCollector.java:73)
	at org.junit.platform.engine.support.hierarchical.NodeTestTask.executeRecursively(NodeTestTask.java:126)
	at org.junit.platform.engine.support.hierarchical.NodeTestTask.execute(NodeTestTask.java:84)
	at org.junit.platform.engine.support.hierarchical.SameThreadHierarchicalTestExecutorService.submit(SameThreadHierarchicalTestExecutorService.java:32)
	at org.junit.platform.engine.support.hierarchical.NodeTestTask$DefaultDynamicTestExecutor.execute(NodeTestTask.java:212)
	at org.junit.platform.engine.support.hierarchical.NodeTestTask$DefaultDynamicTestExecutor.execute(NodeTestTask.java:192)
	at org.junit.jupiter.engine.descriptor.TestTemplateTestDescriptor.execute(TestTemplateTestDescriptor.java:139)
	at org.junit.jupiter.engine.descriptor.TestTemplateTestDescriptor.lambda$execute$2(TestTemplateTestDescriptor.java:107)
	at java.base/java.util.stream.ForEachOps$ForEachOp$OfRef.accept(ForEachOps.java:183)
	at java.base/java.util.stream.ReferencePipeline$3$1.accept(ReferencePipeline.java:197)
	at java.base/java.util.stream.ReferencePipeline$2$1.accept(ReferencePipeline.java:179)
	at java.base/java.util.stream.ReferencePipeline$3$1.accept(ReferencePipeline.java:197)
	at java.base/java.util.stream.ForEachOps$ForEachOp$OfRef.accept(ForEachOps.java:183)
	at java.base/java.util.stream.ReferencePipeline$15$1.accept(ReferencePipeline.java:541)
	at java.base/java.util.stream.ReferencePipeline$3$1.accept(ReferencePipeline.java:197)
	at java.base/java.util.stream.ReferencePipeline$3$1.accept(ReferencePipeline.java:197)
	at java.base/java.util.stream.ReferencePipeline$3$1.accept(ReferencePipeline.java:197)
	at java.base/java.util.stream.ForEachOps$ForEachOp$OfRef.accept(ForEachOps.java:183)
	at java.base/java.util.stream.ReferencePipeline$3$1.accept(ReferencePipeline.java:197)
	at java.base/java.util.stream.ForEachOps$ForEachOp$OfRef.accept(ForEachOps.java:183)
	at java.base/java.util.stream.SliceOps$1$1.accept(SliceOps.java:200)
	at java.base/java.util.stream.StreamSpliterators$InfiniteSupplyingSpliterator$OfRef.tryAdvance(StreamSpliterators.java:1358)
	at java.base/java.util.stream.ReferencePipeline.forEachWithCancel(ReferencePipeline.java:129)
	at java.base/java.util.stream.AbstractPipeline.copyIntoWithCancel(AbstractPipeline.java:527)
	at java.base/java.util.stream.AbstractPipeline.copyInto(AbstractPipeline.java:513)
	at java.base/java.util.stream.AbstractPipeline.wrapAndCopyInto(AbstractPipeline.java:499)
	at java.base/java.util.stream.ForEachOps$ForEachOp.evaluateSequential(ForEachOps.java:150)
	at java.base/java.util.stream.ForEachOps$ForEachOp$OfRef.evaluateSequential(ForEachOps.java:173)
	at java.base/java.util.stream.AbstractPipeline.evaluate(AbstractPipeline.java:234)
	at java.base/java.util.stream.ReferencePipeline.forEach(ReferencePipeline.java:596)
	at java.base/java.util.stream.ReferencePipeline$7$1.accept(ReferencePipeline.java:276)
	at java.base/java.util.stream.ReferencePipeline$3$1.accept(ReferencePipeline.java:197)
	at java.base/java.util.stream.ReferencePipeline$3$1.accept(ReferencePipeline.java:197)
	at java.base/java.util.Spliterators$ArraySpliterator.forEachRemaining(Spliterators.java:992)
	at java.base/java.util.stream.AbstractPipeline.copyInto(AbstractPipeline.java:509)
	at java.base/java.util.stream.AbstractPipeline.wrapAndCopyInto(AbstractPipeline.java:499)
	at java.base/java.util.stream.ForEachOps$ForEachOp.evaluateSequential(ForEachOps.java:150)
	at java.base/java.util.stream.ForEachOps$ForEachOp$OfRef.evaluateSequential(ForEachOps.java:173)
	at java.base/java.util.stream.AbstractPipeline.evaluate(AbstractPipeline.java:234)
	at java.base/java.util.stream.ReferencePipeline.forEach(ReferencePipeline.java:596)
	at java.base/java.util.stream.ReferencePipeline$7$1.accept(ReferencePipeline.java:276)
	at java.base/java.util.stream.ReferencePipeline$3$1.accept(ReferencePipeline.java:197)
	at java.base/java.util.stream.ReferencePipeline$3$1.accept(ReferencePipeline.java:197)
	at java.base/java.util.stream.ReferencePipeline$3$1.accept(ReferencePipeline.java:197)
	at java.base/java.util.ArrayList$ArrayListSpliterator.forEachRemaining(ArrayList.java:1625)
	at java.base/java.util.stream.AbstractPipeline.copyInto(AbstractPipeline.java:509)
	at java.base/java.util.stream.AbstractPipeline.wrapAndCopyInto(AbstractPipeline.java:499)
	at java.base/java.util.stream.ForEachOps$ForEachOp.evaluateSequential(ForEachOps.java:150)
	at java.base/java.util.stream.ForEachOps$ForEachOp$OfRef.evaluateSequential(ForEachOps.java:173)
	at java.base/java.util.stream.AbstractPipeline.evaluate(AbstractPipeline.java:234)
	at java.base/java.util.stream.ReferencePipeline.forEach(ReferencePipeline.java:596)
	at java.base/java.util.stream.ReferencePipeline$7$1.accept(ReferencePipeline.java:276)
	at java.base/java.util.ArrayList$ArrayListSpliterator.forEachRemaining(ArrayList.java:1625)
	at java.base/java.util.stream.AbstractPipeline.copyInto(AbstractPipeline.java:509)
	at java.base/java.util.stream.AbstractPipeline.wrapAndCopyInto(AbstractPipeline.java:499)
	at java.base/java.util.stream.ForEachOps$ForEachOp.evaluateSequential(ForEachOps.java:150)
	at java.base/java.util.stream.ForEachOps$ForEachOp$OfRef.evaluateSequential(ForEachOps.java:173)
	at java.base/java.util.stream.AbstractPipeline.evaluate(AbstractPipeline.java:234)
	at java.base/java.util.stream.ReferencePipeline.forEach(ReferencePipeline.java:596)
	at org.junit.jupiter.engine.descriptor.TestTemplateTestDescriptor.execute(TestTemplateTestDescriptor.java:107)
	at org.junit.jupiter.engine.descriptor.TestTemplateTestDescriptor.execute(TestTemplateTestDescriptor.java:42)
	at org.junit.platform.engine.support.hierarchical.NodeTestTask.lambda$executeRecursively$5(NodeTestTask.java:139)
	at org.junit.platform.engine.support.hierarchical.ThrowableCollector.execute(ThrowableCollector.java:73)
	at org.junit.platform.engine.support.hierarchical.NodeTestTask.lambda$executeRecursively$7(NodeTestTask.java:129)
	at org.junit.platform.engine.support.hierarchical.Node.around(Node.java:137)
	at org.junit.platform.engine.support.hierarchical.NodeTestTask.lambda$executeRecursively$8(NodeTestTask.java:127)
	at org.junit.platform.engine.support.hierarchical.ThrowableCollector.execute(ThrowableCollector.java:73)
	at org.junit.platform.engine.support.hierarchical.NodeTestTask.executeRecursively(NodeTestTask.java:126)
	at org.junit.platform.engine.support.hierarchical.NodeTestTask.execute(NodeTestTask.java:84)
	at java.base/java.util.ArrayList.forEach(ArrayList.java:1511)
	at org.junit.platform.engine.support.hierarchical.SameThreadHierarchicalTestExecutorService.invokeAll(SameThreadHierarchicalTestExecutorService.java:38)
	at org.junit.platform.engine.support.hierarchical.NodeTestTask.lambda$executeRecursively$5(NodeTestTask.java:143)
	at org.junit.platform.engine.support.hierarchical.ThrowableCollector.execute(ThrowableCollector.java:73)
	at org.junit.platform.engine.support.hierarchical.NodeTestTask.lambda$executeRecursively$7(NodeTestTask.java:129)
	at org.junit.platform.engine.support.hierarchical.Node.around(Node.java:137)
	at org.junit.platform.engine.support.hierarchical.NodeTestTask.lambda$executeRecursively$8(NodeTestTask.java:127)
	at org.junit.platform.engine.support.hierarchical.ThrowableCollector.execute(ThrowableCollector.java:73)
	at org.junit.platform.engine.support.hierarchical.NodeTestTask.executeRecursively(NodeTestTask.java:126)
	at org.junit.platform.engine.support.hierarchical.NodeTestTask.execute(NodeTestTask.java:84)
	at java.base/java.util.ArrayList.forEach(ArrayList.java:1511)
	at org.junit.platform.engine.support.hierarchical.SameThreadHierarchicalTestExecutorService.invokeAll(SameThreadHierarchicalTestExecutorService.java:38)
	at org.junit.platform.engine.support.hierarchical.NodeTestTask.lambda$executeRecursively$5(NodeTestTask.java:143)
	at org.junit.platform.engine.support.hierarchical.ThrowableCollector.execute(ThrowableCollector.java:73)
	at org.junit.platform.engine.support.hierarchical.NodeTestTask.lambda$executeRecursively$7(NodeTestTask.java:129)
	at org.junit.platform.engine.support.hierarchical.Node.around(Node.java:137)
	at org.junit.platform.engine.support.hierarchical.NodeTestTask.lambda$executeRecursively$8(NodeTestTask.java:127)
	at org.junit.platform.engine.support.hierarchical.ThrowableCollector.execute(ThrowableCollector.java:73)
	at org.junit.platform.engine.support.hierarchical.NodeTestTask.executeRecursively(NodeTestTask.java:126)
	at org.junit.platform.engine.support.hierarchical.NodeTestTask.execute(NodeTestTask.java:84)
	at org.junit.platform.engine.support.hierarchical.SameThreadHierarchicalTestExecutorService.submit(SameThreadHierarchicalTestExecutorService.java:32)
	at org.junit.platform.engine.support.hierarchical.HierarchicalTestExecutor.execute(HierarchicalTestExecutor.java:57)
	at org.junit.platform.engine.support.hierarchical.HierarchicalTestEngine.execute(HierarchicalTestEngine.java:51)
	at org.junit.platform.launcher.core.EngineExecutionOrchestrator.execute(EngineExecutionOrchestrator.java:108)
	at org.junit.platform.launcher.core.EngineExecutionOrchestrator.execute(EngineExecutionOrchestrator.java:88)
	at org.junit.platform.launcher.core.EngineExecutionOrchestrator.lambda$execute$0(EngineExecutionOrchestrator.java:54)
	at org.junit.platform.launcher.core.EngineExecutionOrchestrator.withInterceptedStreams(EngineExecutionOrchestrator.java:67)
	at org.junit.platform.launcher.core.EngineExecutionOrchestrator.execute(EngineExecutionOrchestrator.java:52)
	at org.junit.platform.launcher.core.DefaultLauncher.execute(DefaultLauncher.java:96)
	at org.junit.platform.launcher.core.DefaultLauncher.execute(DefaultLauncher.java:75)
	at org.junit.platform.console.tasks.ConsoleTestExecutor.executeTests(ConsoleTestExecutor.java:66)
	at org.junit.platform.console.tasks.ConsoleTestExecutor.lambda$execute$0(ConsoleTestExecutor.java:58)
	at org.junit.platform.console.tasks.CustomContextClassLoaderExecutor.replaceThreadContextClassLoaderAndInvoke(CustomContextClassLoaderExecutor.java:41)
	at org.junit.platform.console.tasks.CustomContextClassLoaderExecutor.invoke(CustomContextClassLoaderExecutor.java:31)
	at org.junit.platform.console.tasks.ConsoleTestExecutor.execute(ConsoleTestExecutor.java:58)
	at org.junit.platform.console.ConsoleLauncher.executeTests(ConsoleLauncher.java:95)
	at org.junit.platform.console.ConsoleLauncher.execute(ConsoleLauncher.java:73)
	at org.junit.platform.console.ConsoleLauncher.execute(ConsoleLauncher.java:50)
	at org.junit.platform.console.ConsoleLauncher.execute(ConsoleLauncher.java:43)
	at org.junit.platform.console.ConsoleLauncher.main(ConsoleLauncher.java:37)
]]></skipped>
<system-out><![CDATA[
unique-id: [engine:junit-jupiter]/[class:minebayd1.test.TestUser]/[test-template:testget(minebayd1.User, int)]/[test-template-invocation:#7]
display-name: [7] Lisa a 45 annonces ouvertes, 4 annonces fermées et 3 achats 
, 0
]]></system-out>
</testcase>
<testcase name="testget(User, int)[8]" classname="minebayd1.test.TestUser" time="0.007">
<system-out><![CDATA[
unique-id: [engine:junit-jupiter]/[class:minebayd1.test.TestUser]/[test-template:testget(minebayd1.User, int)]/[test-template-invocation:#8]
display-name: [8] Issa a 70 annonces ouvertes, 3 annonces fermées et 3 achats 
, 1
]]></system-out>
</testcase>
<testcase name="testget(User, int)[9]" classname="minebayd1.test.TestUser" time="0.004">
<system-out><![CDATA[
unique-id: [engine:junit-jupiter]/[class:minebayd1.test.TestUser]/[test-template:testget(minebayd1.User, int)]/[test-template-invocation:#9]
display-name: [9] Imam a 45 annonces ouvertes, 5 annonces fermées et 3 achats 
, 37
]]></system-out>
</testcase>
<testcase name="testget(User, int)[10]" classname="minebayd1.test.TestUser" time="0">
<skipped><![CDATA[org.opentest4j.TestAbortedException: Assumption failed: assumption is not true
	at org.junit.jupiter.api.Assumptions.throwTestAbortedException(Assumptions.java:256)
	at org.junit.jupiter.api.Assumptions.assumeTrue(Assumptions.java:115)
	at org.junit.jupiter.api.Assumptions.assumeTrue(Assumptions.java:66)
	at minebayd1.test.TestUser.testget(TestUser.java:918)
	at java.base/jdk.internal.reflect.NativeMethodAccessorImpl.invoke0(Native Method)
	at java.base/jdk.internal.reflect.NativeMethodAccessorImpl.invoke(NativeMethodAccessorImpl.java:77)
	at java.base/jdk.internal.reflect.DelegatingMethodAccessorImpl.invoke(DelegatingMethodAccessorImpl.java:43)
	at java.base/java.lang.reflect.Method.invoke(Method.java:569)
	at org.junit.platform.commons.util.ReflectionUtils.invokeMethod(ReflectionUtils.java:688)
	at org.junit.jupiter.engine.execution.MethodInvocation.proceed(MethodInvocation.java:60)
	at org.junit.jupiter.engine.execution.InvocationInterceptorChain$ValidatingInvocation.proceed(InvocationInterceptorChain.java:131)
	at org.junit.jupiter.engine.extension.TimeoutExtension.intercept(TimeoutExtension.java:149)
	at org.junit.jupiter.engine.extension.TimeoutExtension.interceptTestableMethod(TimeoutExtension.java:140)
	at org.junit.jupiter.engine.extension.TimeoutExtension.interceptTestTemplateMethod(TimeoutExtension.java:92)
	at org.junit.jupiter.engine.execution.ExecutableInvoker$ReflectiveInterceptorCall.lambda$ofVoidMethod$0(ExecutableInvoker.java:115)
	at org.junit.jupiter.engine.execution.ExecutableInvoker.lambda$invoke$0(ExecutableInvoker.java:105)
	at org.junit.jupiter.engine.execution.InvocationInterceptorChain$InterceptedInvocation.proceed(InvocationInterceptorChain.java:106)
	at org.junit.jupiter.engine.execution.InvocationInterceptorChain.proceed(InvocationInterceptorChain.java:64)
	at org.junit.jupiter.engine.execution.InvocationInterceptorChain.chainAndInvoke(InvocationInterceptorChain.java:45)
	at org.junit.jupiter.engine.execution.InvocationInterceptorChain.invoke(InvocationInterceptorChain.java:37)
	at org.junit.jupiter.engine.execution.ExecutableInvoker.invoke(ExecutableInvoker.java:104)
	at org.junit.jupiter.engine.execution.ExecutableInvoker.invoke(ExecutableInvoker.java:98)
	at org.junit.jupiter.engine.descriptor.TestMethodTestDescriptor.lambda$invokeTestMethod$6(TestMethodTestDescriptor.java:210)
	at org.junit.platform.engine.support.hierarchical.ThrowableCollector.execute(ThrowableCollector.java:73)
	at org.junit.jupiter.engine.descriptor.TestMethodTestDescriptor.invokeTestMethod(TestMethodTestDescriptor.java:206)
	at org.junit.jupiter.engine.descriptor.TestMethodTestDescriptor.execute(TestMethodTestDescriptor.java:131)
	at org.junit.jupiter.engine.descriptor.TestMethodTestDescriptor.execute(TestMethodTestDescriptor.java:65)
	at org.junit.platform.engine.support.hierarchical.NodeTestTask.lambda$executeRecursively$5(NodeTestTask.java:139)
	at org.junit.platform.engine.support.hierarchical.ThrowableCollector.execute(ThrowableCollector.java:73)
	at org.junit.platform.engine.support.hierarchical.NodeTestTask.lambda$executeRecursively$7(NodeTestTask.java:129)
	at org.junit.platform.engine.support.hierarchical.Node.around(Node.java:137)
	at org.junit.platform.engine.support.hierarchical.NodeTestTask.lambda$executeRecursively$8(NodeTestTask.java:127)
	at org.junit.platform.engine.support.hierarchical.ThrowableCollector.execute(ThrowableCollector.java:73)
	at org.junit.platform.engine.support.hierarchical.NodeTestTask.executeRecursively(NodeTestTask.java:126)
	at org.junit.platform.engine.support.hierarchical.NodeTestTask.execute(NodeTestTask.java:84)
	at org.junit.platform.engine.support.hierarchical.SameThreadHierarchicalTestExecutorService.submit(SameThreadHierarchicalTestExecutorService.java:32)
	at org.junit.platform.engine.support.hierarchical.NodeTestTask$DefaultDynamicTestExecutor.execute(NodeTestTask.java:212)
	at org.junit.platform.engine.support.hierarchical.NodeTestTask$DefaultDynamicTestExecutor.execute(NodeTestTask.java:192)
	at org.junit.jupiter.engine.descriptor.TestTemplateTestDescriptor.execute(TestTemplateTestDescriptor.java:139)
	at org.junit.jupiter.engine.descriptor.TestTemplateTestDescriptor.lambda$execute$2(TestTemplateTestDescriptor.java:107)
	at java.base/java.util.stream.ForEachOps$ForEachOp$OfRef.accept(ForEachOps.java:183)
	at java.base/java.util.stream.ReferencePipeline$3$1.accept(ReferencePipeline.java:197)
	at java.base/java.util.stream.ReferencePipeline$2$1.accept(ReferencePipeline.java:179)
	at java.base/java.util.stream.ReferencePipeline$3$1.accept(ReferencePipeline.java:197)
	at java.base/java.util.stream.ForEachOps$ForEachOp$OfRef.accept(ForEachOps.java:183)
	at java.base/java.util.stream.ReferencePipeline$15$1.accept(ReferencePipeline.java:541)
	at java.base/java.util.stream.ReferencePipeline$3$1.accept(ReferencePipeline.java:197)
	at java.base/java.util.stream.ReferencePipeline$3$1.accept(ReferencePipeline.java:197)
	at java.base/java.util.stream.ReferencePipeline$3$1.accept(ReferencePipeline.java:197)
	at java.base/java.util.stream.ForEachOps$ForEachOp$OfRef.accept(ForEachOps.java:183)
	at java.base/java.util.stream.ReferencePipeline$3$1.accept(ReferencePipeline.java:197)
	at java.base/java.util.stream.ForEachOps$ForEachOp$OfRef.accept(ForEachOps.java:183)
	at java.base/java.util.stream.SliceOps$1$1.accept(SliceOps.java:200)
	at java.base/java.util.stream.StreamSpliterators$InfiniteSupplyingSpliterator$OfRef.tryAdvance(StreamSpliterators.java:1358)
	at java.base/java.util.stream.ReferencePipeline.forEachWithCancel(ReferencePipeline.java:129)
	at java.base/java.util.stream.AbstractPipeline.copyIntoWithCancel(AbstractPipeline.java:527)
	at java.base/java.util.stream.AbstractPipeline.copyInto(AbstractPipeline.java:513)
	at java.base/java.util.stream.AbstractPipeline.wrapAndCopyInto(AbstractPipeline.java:499)
	at java.base/java.util.stream.ForEachOps$ForEachOp.evaluateSequential(ForEachOps.java:150)
	at java.base/java.util.stream.ForEachOps$ForEachOp$OfRef.evaluateSequential(ForEachOps.java:173)
	at java.base/java.util.stream.AbstractPipeline.evaluate(AbstractPipeline.java:234)
	at java.base/java.util.stream.ReferencePipeline.forEach(ReferencePipeline.java:596)
	at java.base/java.util.stream.ReferencePipeline$7$1.accept(ReferencePipeline.java:276)
	at java.base/java.util.stream.ReferencePipeline$3$1.accept(ReferencePipeline.java:197)
	at java.base/java.util.stream.ReferencePipeline$3$1.accept(ReferencePipeline.java:197)
	at java.base/java.util.Spliterators$ArraySpliterator.forEachRemaining(Spliterators.java:992)
	at java.base/java.util.stream.AbstractPipeline.copyInto(AbstractPipeline.java:509)
	at java.base/java.util.stream.AbstractPipeline.wrapAndCopyInto(AbstractPipeline.java:499)
	at java.base/java.util.stream.ForEachOps$ForEachOp.evaluateSequential(ForEachOps.java:150)
	at java.base/java.util.stream.ForEachOps$ForEachOp$OfRef.evaluateSequential(ForEachOps.java:173)
	at java.base/java.util.stream.AbstractPipeline.evaluate(AbstractPipeline.java:234)
	at java.base/java.util.stream.ReferencePipeline.forEach(ReferencePipeline.java:596)
	at java.base/java.util.stream.ReferencePipeline$7$1.accept(ReferencePipeline.java:276)
	at java.base/java.util.stream.ReferencePipeline$3$1.accept(ReferencePipeline.java:197)
	at java.base/java.util.stream.ReferencePipeline$3$1.accept(ReferencePipeline.java:197)
	at java.base/java.util.stream.ReferencePipeline$3$1.accept(ReferencePipeline.java:197)
	at java.base/java.util.ArrayList$ArrayListSpliterator.forEachRemaining(ArrayList.java:1625)
	at java.base/java.util.stream.AbstractPipeline.copyInto(AbstractPipeline.java:509)
	at java.base/java.util.stream.AbstractPipeline.wrapAndCopyInto(AbstractPipeline.java:499)
	at java.base/java.util.stream.ForEachOps$ForEachOp.evaluateSequential(ForEachOps.java:150)
	at java.base/java.util.stream.ForEachOps$ForEachOp$OfRef.evaluateSequential(ForEachOps.java:173)
	at java.base/java.util.stream.AbstractPipeline.evaluate(AbstractPipeline.java:234)
	at java.base/java.util.stream.ReferencePipeline.forEach(ReferencePipeline.java:596)
	at java.base/java.util.stream.ReferencePipeline$7$1.accept(ReferencePipeline.java:276)
	at java.base/java.util.ArrayList$ArrayListSpliterator.forEachRemaining(ArrayList.java:1625)
	at java.base/java.util.stream.AbstractPipeline.copyInto(AbstractPipeline.java:509)
	at java.base/java.util.stream.AbstractPipeline.wrapAndCopyInto(AbstractPipeline.java:499)
	at java.base/java.util.stream.ForEachOps$ForEachOp.evaluateSequential(ForEachOps.java:150)
	at java.base/java.util.stream.ForEachOps$ForEachOp$OfRef.evaluateSequential(ForEachOps.java:173)
	at java.base/java.util.stream.AbstractPipeline.evaluate(AbstractPipeline.java:234)
	at java.base/java.util.stream.ReferencePipeline.forEach(ReferencePipeline.java:596)
	at org.junit.jupiter.engine.descriptor.TestTemplateTestDescriptor.execute(TestTemplateTestDescriptor.java:107)
	at org.junit.jupiter.engine.descriptor.TestTemplateTestDescriptor.execute(TestTemplateTestDescriptor.java:42)
	at org.junit.platform.engine.support.hierarchical.NodeTestTask.lambda$executeRecursively$5(NodeTestTask.java:139)
	at org.junit.platform.engine.support.hierarchical.ThrowableCollector.execute(ThrowableCollector.java:73)
	at org.junit.platform.engine.support.hierarchical.NodeTestTask.lambda$executeRecursively$7(NodeTestTask.java:129)
	at org.junit.platform.engine.support.hierarchical.Node.around(Node.java:137)
	at org.junit.platform.engine.support.hierarchical.NodeTestTask.lambda$executeRecursively$8(NodeTestTask.java:127)
	at org.junit.platform.engine.support.hierarchical.ThrowableCollector.execute(ThrowableCollector.java:73)
	at org.junit.platform.engine.support.hierarchical.NodeTestTask.executeRecursively(NodeTestTask.java:126)
	at org.junit.platform.engine.support.hierarchical.NodeTestTask.execute(NodeTestTask.java:84)
	at java.base/java.util.ArrayList.forEach(ArrayList.java:1511)
	at org.junit.platform.engine.support.hierarchical.SameThreadHierarchicalTestExecutorService.invokeAll(SameThreadHierarchicalTestExecutorService.java:38)
	at org.junit.platform.engine.support.hierarchical.NodeTestTask.lambda$executeRecursively$5(NodeTestTask.java:143)
	at org.junit.platform.engine.support.hierarchical.ThrowableCollector.execute(ThrowableCollector.java:73)
	at org.junit.platform.engine.support.hierarchical.NodeTestTask.lambda$executeRecursively$7(NodeTestTask.java:129)
	at org.junit.platform.engine.support.hierarchical.Node.around(Node.java:137)
	at org.junit.platform.engine.support.hierarchical.NodeTestTask.lambda$executeRecursively$8(NodeTestTask.java:127)
	at org.junit.platform.engine.support.hierarchical.ThrowableCollector.execute(ThrowableCollector.java:73)
	at org.junit.platform.engine.support.hierarchical.NodeTestTask.executeRecursively(NodeTestTask.java:126)
	at org.junit.platform.engine.support.hierarchical.NodeTestTask.execute(NodeTestTask.java:84)
	at java.base/java.util.ArrayList.forEach(ArrayList.java:1511)
	at org.junit.platform.engine.support.hierarchical.SameThreadHierarchicalTestExecutorService.invokeAll(SameThreadHierarchicalTestExecutorService.java:38)
	at org.junit.platform.engine.support.hierarchical.NodeTestTask.lambda$executeRecursively$5(NodeTestTask.java:143)
	at org.junit.platform.engine.support.hierarchical.ThrowableCollector.execute(ThrowableCollector.java:73)
	at org.junit.platform.engine.support.hierarchical.NodeTestTask.lambda$executeRecursively$7(NodeTestTask.java:129)
	at org.junit.platform.engine.support.hierarchical.Node.around(Node.java:137)
	at org.junit.platform.engine.support.hierarchical.NodeTestTask.lambda$executeRecursively$8(NodeTestTask.java:127)
	at org.junit.platform.engine.support.hierarchical.ThrowableCollector.execute(ThrowableCollector.java:73)
	at org.junit.platform.engine.support.hierarchical.NodeTestTask.executeRecursively(NodeTestTask.java:126)
	at org.junit.platform.engine.support.hierarchical.NodeTestTask.execute(NodeTestTask.java:84)
	at org.junit.platform.engine.support.hierarchical.SameThreadHierarchicalTestExecutorService.submit(SameThreadHierarchicalTestExecutorService.java:32)
	at org.junit.platform.engine.support.hierarchical.HierarchicalTestExecutor.execute(HierarchicalTestExecutor.java:57)
	at org.junit.platform.engine.support.hierarchical.HierarchicalTestEngine.execute(HierarchicalTestEngine.java:51)
	at org.junit.platform.launcher.core.EngineExecutionOrchestrator.execute(EngineExecutionOrchestrator.java:108)
	at org.junit.platform.launcher.core.EngineExecutionOrchestrator.execute(EngineExecutionOrchestrator.java:88)
	at org.junit.platform.launcher.core.EngineExecutionOrchestrator.lambda$execute$0(EngineExecutionOrchestrator.java:54)
	at org.junit.platform.launcher.core.EngineExecutionOrchestrator.withInterceptedStreams(EngineExecutionOrchestrator.java:67)
	at org.junit.platform.launcher.core.EngineExecutionOrchestrator.execute(EngineExecutionOrchestrator.java:52)
	at org.junit.platform.launcher.core.DefaultLauncher.execute(DefaultLauncher.java:96)
	at org.junit.platform.launcher.core.DefaultLauncher.execute(DefaultLauncher.java:75)
	at org.junit.platform.console.tasks.ConsoleTestExecutor.executeTests(ConsoleTestExecutor.java:66)
	at org.junit.platform.console.tasks.ConsoleTestExecutor.lambda$execute$0(ConsoleTestExecutor.java:58)
	at org.junit.platform.console.tasks.CustomContextClassLoaderExecutor.replaceThreadContextClassLoaderAndInvoke(CustomContextClassLoaderExecutor.java:41)
	at org.junit.platform.console.tasks.CustomContextClassLoaderExecutor.invoke(CustomContextClassLoaderExecutor.java:31)
	at org.junit.platform.console.tasks.ConsoleTestExecutor.execute(ConsoleTestExecutor.java:58)
	at org.junit.platform.console.ConsoleLauncher.executeTests(ConsoleLauncher.java:95)
	at org.junit.platform.console.ConsoleLauncher.execute(ConsoleLauncher.java:73)
	at org.junit.platform.console.ConsoleLauncher.execute(ConsoleLauncher.java:50)
	at org.junit.platform.console.ConsoleLauncher.execute(ConsoleLauncher.java:43)
	at org.junit.platform.console.ConsoleLauncher.main(ConsoleLauncher.java:37)
]]></skipped>
<system-out><![CDATA[
unique-id: [engine:junit-jupiter]/[class:minebayd1.test.TestUser]/[test-template:testget(minebayd1.User, int)]/[test-template-invocation:#10]
display-name: [10] Chanez a 57 annonces ouvertes, 2 annonces fermées et 1 achats 
, 1
]]></system-out>
</testcase>
<testcase name="testget(User, int)[11]" classname="minebayd1.test.TestUser" time="0.005">
<system-out><![CDATA[
unique-id: [engine:junit-jupiter]/[class:minebayd1.test.TestUser]/[test-template:testget(minebayd1.User, int)]/[test-template-invocation:#11]
display-name: [11] Pierre a 41 annonces ouvertes, 5 annonces fermées et 2 achats 
, 33
]]></system-out>
</testcase>
<testcase name="testget(User, int)[12]" classname="minebayd1.test.TestUser" time="0.009">
<system-out><![CDATA[
unique-id: [engine:junit-jupiter]/[class:minebayd1.test.TestUser]/[test-template:testget(minebayd1.User, int)]/[test-template-invocation:#12]
display-name: [12] Marcel a 63 annonces ouvertes, 4 annonces fermées et 4 achats 
, 40
]]></system-out>
</testcase>
<testcase name="testget(User, int)[13]" classname="minebayd1.test.TestUser" time="0.004">
<system-out><![CDATA[
unique-id: [engine:junit-jupiter]/[class:minebayd1.test.TestUser]/[test-template:testget(minebayd1.User, int)]/[test-template-invocation:#13]
display-name: [13] Zahra a 42 annonces ouvertes, 0 annonces fermées et 2 achats 
, 4
]]></system-out>
</testcase>
<testcase name="testget(User, int)[14]" classname="minebayd1.test.TestUser" time="0">
<skipped><![CDATA[org.opentest4j.TestAbortedException: Assumption failed: assumption is not true
	at org.junit.jupiter.api.Assumptions.throwTestAbortedException(Assumptions.java:256)
	at org.junit.jupiter.api.Assumptions.assumeTrue(Assumptions.java:115)
	at org.junit.jupiter.api.Assumptions.assumeTrue(Assumptions.java:66)
	at minebayd1.test.TestUser.testget(TestUser.java:918)
	at java.base/jdk.internal.reflect.NativeMethodAccessorImpl.invoke0(Native Method)
	at java.base/jdk.internal.reflect.NativeMethodAccessorImpl.invoke(NativeMethodAccessorImpl.java:77)
	at java.base/jdk.internal.reflect.DelegatingMethodAccessorImpl.invoke(DelegatingMethodAccessorImpl.java:43)
	at java.base/java.lang.reflect.Method.invoke(Method.java:569)
	at org.junit.platform.commons.util.ReflectionUtils.invokeMethod(ReflectionUtils.java:688)
	at org.junit.jupiter.engine.execution.MethodInvocation.proceed(MethodInvocation.java:60)
	at org.junit.jupiter.engine.execution.InvocationInterceptorChain$ValidatingInvocation.proceed(InvocationInterceptorChain.java:131)
	at org.junit.jupiter.engine.extension.TimeoutExtension.intercept(TimeoutExtension.java:149)
	at org.junit.jupiter.engine.extension.TimeoutExtension.interceptTestableMethod(TimeoutExtension.java:140)
	at org.junit.jupiter.engine.extension.TimeoutExtension.interceptTestTemplateMethod(TimeoutExtension.java:92)
	at org.junit.jupiter.engine.execution.ExecutableInvoker$ReflectiveInterceptorCall.lambda$ofVoidMethod$0(ExecutableInvoker.java:115)
	at org.junit.jupiter.engine.execution.ExecutableInvoker.lambda$invoke$0(ExecutableInvoker.java:105)
	at org.junit.jupiter.engine.execution.InvocationInterceptorChain$InterceptedInvocation.proceed(InvocationInterceptorChain.java:106)
	at org.junit.jupiter.engine.execution.InvocationInterceptorChain.proceed(InvocationInterceptorChain.java:64)
	at org.junit.jupiter.engine.execution.InvocationInterceptorChain.chainAndInvoke(InvocationInterceptorChain.java:45)
	at org.junit.jupiter.engine.execution.InvocationInterceptorChain.invoke(InvocationInterceptorChain.java:37)
	at org.junit.jupiter.engine.execution.ExecutableInvoker.invoke(ExecutableInvoker.java:104)
	at org.junit.jupiter.engine.execution.ExecutableInvoker.invoke(ExecutableInvoker.java:98)
	at org.junit.jupiter.engine.descriptor.TestMethodTestDescriptor.lambda$invokeTestMethod$6(TestMethodTestDescriptor.java:210)
	at org.junit.platform.engine.support.hierarchical.ThrowableCollector.execute(ThrowableCollector.java:73)
	at org.junit.jupiter.engine.descriptor.TestMethodTestDescriptor.invokeTestMethod(TestMethodTestDescriptor.java:206)
	at org.junit.jupiter.engine.descriptor.TestMethodTestDescriptor.execute(TestMethodTestDescriptor.java:131)
	at org.junit.jupiter.engine.descriptor.TestMethodTestDescriptor.execute(TestMethodTestDescriptor.java:65)
	at org.junit.platform.engine.support.hierarchical.NodeTestTask.lambda$executeRecursively$5(NodeTestTask.java:139)
	at org.junit.platform.engine.support.hierarchical.ThrowableCollector.execute(ThrowableCollector.java:73)
	at org.junit.platform.engine.support.hierarchical.NodeTestTask.lambda$executeRecursively$7(NodeTestTask.java:129)
	at org.junit.platform.engine.support.hierarchical.Node.around(Node.java:137)
	at org.junit.platform.engine.support.hierarchical.NodeTestTask.lambda$executeRecursively$8(NodeTestTask.java:127)
	at org.junit.platform.engine.support.hierarchical.ThrowableCollector.execute(ThrowableCollector.java:73)
	at org.junit.platform.engine.support.hierarchical.NodeTestTask.executeRecursively(NodeTestTask.java:126)
	at org.junit.platform.engine.support.hierarchical.NodeTestTask.execute(NodeTestTask.java:84)
	at org.junit.platform.engine.support.hierarchical.SameThreadHierarchicalTestExecutorService.submit(SameThreadHierarchicalTestExecutorService.java:32)
	at org.junit.platform.engine.support.hierarchical.NodeTestTask$DefaultDynamicTestExecutor.execute(NodeTestTask.java:212)
	at org.junit.platform.engine.support.hierarchical.NodeTestTask$DefaultDynamicTestExecutor.execute(NodeTestTask.java:192)
	at org.junit.jupiter.engine.descriptor.TestTemplateTestDescriptor.execute(TestTemplateTestDescriptor.java:139)
	at org.junit.jupiter.engine.descriptor.TestTemplateTestDescriptor.lambda$execute$2(TestTemplateTestDescriptor.java:107)
	at java.base/java.util.stream.ForEachOps$ForEachOp$OfRef.accept(ForEachOps.java:183)
	at java.base/java.util.stream.ReferencePipeline$3$1.accept(ReferencePipeline.java:197)
	at java.base/java.util.stream.ReferencePipeline$2$1.accept(ReferencePipeline.java:179)
	at java.base/java.util.stream.ReferencePipeline$3$1.accept(ReferencePipeline.java:197)
	at java.base/java.util.stream.ForEachOps$ForEachOp$OfRef.accept(ForEachOps.java:183)
	at java.base/java.util.stream.ReferencePipeline$15$1.accept(ReferencePipeline.java:541)
	at java.base/java.util.stream.ReferencePipeline$3$1.accept(ReferencePipeline.java:197)
	at java.base/java.util.stream.ReferencePipeline$3$1.accept(ReferencePipeline.java:197)
	at java.base/java.util.stream.ReferencePipeline$3$1.accept(ReferencePipeline.java:197)
	at java.base/java.util.stream.ForEachOps$ForEachOp$OfRef.accept(ForEachOps.java:183)
	at java.base/java.util.stream.ReferencePipeline$3$1.accept(ReferencePipeline.java:197)
	at java.base/java.util.stream.ForEachOps$ForEachOp$OfRef.accept(ForEachOps.java:183)
	at java.base/java.util.stream.SliceOps$1$1.accept(SliceOps.java:200)
	at java.base/java.util.stream.StreamSpliterators$InfiniteSupplyingSpliterator$OfRef.tryAdvance(StreamSpliterators.java:1358)
	at java.base/java.util.stream.ReferencePipeline.forEachWithCancel(ReferencePipeline.java:129)
	at java.base/java.util.stream.AbstractPipeline.copyIntoWithCancel(AbstractPipeline.java:527)
	at java.base/java.util.stream.AbstractPipeline.copyInto(AbstractPipeline.java:513)
	at java.base/java.util.stream.AbstractPipeline.wrapAndCopyInto(AbstractPipeline.java:499)
	at java.base/java.util.stream.ForEachOps$ForEachOp.evaluateSequential(ForEachOps.java:150)
	at java.base/java.util.stream.ForEachOps$ForEachOp$OfRef.evaluateSequential(ForEachOps.java:173)
	at java.base/java.util.stream.AbstractPipeline.evaluate(AbstractPipeline.java:234)
	at java.base/java.util.stream.ReferencePipeline.forEach(ReferencePipeline.java:596)
	at java.base/java.util.stream.ReferencePipeline$7$1.accept(ReferencePipeline.java:276)
	at java.base/java.util.stream.ReferencePipeline$3$1.accept(ReferencePipeline.java:197)
	at java.base/java.util.stream.ReferencePipeline$3$1.accept(ReferencePipeline.java:197)
	at java.base/java.util.Spliterators$ArraySpliterator.forEachRemaining(Spliterators.java:992)
	at java.base/java.util.stream.AbstractPipeline.copyInto(AbstractPipeline.java:509)
	at java.base/java.util.stream.AbstractPipeline.wrapAndCopyInto(AbstractPipeline.java:499)
	at java.base/java.util.stream.ForEachOps$ForEachOp.evaluateSequential(ForEachOps.java:150)
	at java.base/java.util.stream.ForEachOps$ForEachOp$OfRef.evaluateSequential(ForEachOps.java:173)
	at java.base/java.util.stream.AbstractPipeline.evaluate(AbstractPipeline.java:234)
	at java.base/java.util.stream.ReferencePipeline.forEach(ReferencePipeline.java:596)
	at java.base/java.util.stream.ReferencePipeline$7$1.accept(ReferencePipeline.java:276)
	at java.base/java.util.stream.ReferencePipeline$3$1.accept(ReferencePipeline.java:197)
	at java.base/java.util.stream.ReferencePipeline$3$1.accept(ReferencePipeline.java:197)
	at java.base/java.util.stream.ReferencePipeline$3$1.accept(ReferencePipeline.java:197)
	at java.base/java.util.ArrayList$ArrayListSpliterator.forEachRemaining(ArrayList.java:1625)
	at java.base/java.util.stream.AbstractPipeline.copyInto(AbstractPipeline.java:509)
	at java.base/java.util.stream.AbstractPipeline.wrapAndCopyInto(AbstractPipeline.java:499)
	at java.base/java.util.stream.ForEachOps$ForEachOp.evaluateSequential(ForEachOps.java:150)
	at java.base/java.util.stream.ForEachOps$ForEachOp$OfRef.evaluateSequential(ForEachOps.java:173)
	at java.base/java.util.stream.AbstractPipeline.evaluate(AbstractPipeline.java:234)
	at java.base/java.util.stream.ReferencePipeline.forEach(ReferencePipeline.java:596)
	at java.base/java.util.stream.ReferencePipeline$7$1.accept(ReferencePipeline.java:276)
	at java.base/java.util.ArrayList$ArrayListSpliterator.forEachRemaining(ArrayList.java:1625)
	at java.base/java.util.stream.AbstractPipeline.copyInto(AbstractPipeline.java:509)
	at java.base/java.util.stream.AbstractPipeline.wrapAndCopyInto(AbstractPipeline.java:499)
	at java.base/java.util.stream.ForEachOps$ForEachOp.evaluateSequential(ForEachOps.java:150)
	at java.base/java.util.stream.ForEachOps$ForEachOp$OfRef.evaluateSequential(ForEachOps.java:173)
	at java.base/java.util.stream.AbstractPipeline.evaluate(AbstractPipeline.java:234)
	at java.base/java.util.stream.ReferencePipeline.forEach(ReferencePipeline.java:596)
	at org.junit.jupiter.engine.descriptor.TestTemplateTestDescriptor.execute(TestTemplateTestDescriptor.java:107)
	at org.junit.jupiter.engine.descriptor.TestTemplateTestDescriptor.execute(TestTemplateTestDescriptor.java:42)
	at org.junit.platform.engine.support.hierarchical.NodeTestTask.lambda$executeRecursively$5(NodeTestTask.java:139)
	at org.junit.platform.engine.support.hierarchical.ThrowableCollector.execute(ThrowableCollector.java:73)
	at org.junit.platform.engine.support.hierarchical.NodeTestTask.lambda$executeRecursively$7(NodeTestTask.java:129)
	at org.junit.platform.engine.support.hierarchical.Node.around(Node.java:137)
	at org.junit.platform.engine.support.hierarchical.NodeTestTask.lambda$executeRecursively$8(NodeTestTask.java:127)
	at org.junit.platform.engine.support.hierarchical.ThrowableCollector.execute(ThrowableCollector.java:73)
	at org.junit.platform.engine.support.hierarchical.NodeTestTask.executeRecursively(NodeTestTask.java:126)
	at org.junit.platform.engine.support.hierarchical.NodeTestTask.execute(NodeTestTask.java:84)
	at java.base/java.util.ArrayList.forEach(ArrayList.java:1511)
	at org.junit.platform.engine.support.hierarchical.SameThreadHierarchicalTestExecutorService.invokeAll(SameThreadHierarchicalTestExecutorService.java:38)
	at org.junit.platform.engine.support.hierarchical.NodeTestTask.lambda$executeRecursively$5(NodeTestTask.java:143)
	at org.junit.platform.engine.support.hierarchical.ThrowableCollector.execute(ThrowableCollector.java:73)
	at org.junit.platform.engine.support.hierarchical.NodeTestTask.lambda$executeRecursively$7(NodeTestTask.java:129)
	at org.junit.platform.engine.support.hierarchical.Node.around(Node.java:137)
	at org.junit.platform.engine.support.hierarchical.NodeTestTask.lambda$executeRecursively$8(NodeTestTask.java:127)
	at org.junit.platform.engine.support.hierarchical.ThrowableCollector.execute(ThrowableCollector.java:73)
	at org.junit.platform.engine.support.hierarchical.NodeTestTask.executeRecursively(NodeTestTask.java:126)
	at org.junit.platform.engine.support.hierarchical.NodeTestTask.execute(NodeTestTask.java:84)
	at java.base/java.util.ArrayList.forEach(ArrayList.java:1511)
	at org.junit.platform.engine.support.hierarchical.SameThreadHierarchicalTestExecutorService.invokeAll(SameThreadHierarchicalTestExecutorService.java:38)
	at org.junit.platform.engine.support.hierarchical.NodeTestTask.lambda$executeRecursively$5(NodeTestTask.java:143)
	at org.junit.platform.engine.support.hierarchical.ThrowableCollector.execute(ThrowableCollector.java:73)
	at org.junit.platform.engine.support.hierarchical.NodeTestTask.lambda$executeRecursively$7(NodeTestTask.java:129)
	at org.junit.platform.engine.support.hierarchical.Node.around(Node.java:137)
	at org.junit.platform.engine.support.hierarchical.NodeTestTask.lambda$executeRecursively$8(NodeTestTask.java:127)
	at org.junit.platform.engine.support.hierarchical.ThrowableCollector.execute(ThrowableCollector.java:73)
	at org.junit.platform.engine.support.hierarchical.NodeTestTask.executeRecursively(NodeTestTask.java:126)
	at org.junit.platform.engine.support.hierarchical.NodeTestTask.execute(NodeTestTask.java:84)
	at org.junit.platform.engine.support.hierarchical.SameThreadHierarchicalTestExecutorService.submit(SameThreadHierarchicalTestExecutorService.java:32)
	at org.junit.platform.engine.support.hierarchical.HierarchicalTestExecutor.execute(HierarchicalTestExecutor.java:57)
	at org.junit.platform.engine.support.hierarchical.HierarchicalTestEngine.execute(HierarchicalTestEngine.java:51)
	at org.junit.platform.launcher.core.EngineExecutionOrchestrator.execute(EngineExecutionOrchestrator.java:108)
	at org.junit.platform.launcher.core.EngineExecutionOrchestrator.execute(EngineExecutionOrchestrator.java:88)
	at org.junit.platform.launcher.core.EngineExecutionOrchestrator.lambda$execute$0(EngineExecutionOrchestrator.java:54)
	at org.junit.platform.launcher.core.EngineExecutionOrchestrator.withInterceptedStreams(EngineExecutionOrchestrator.java:67)
	at org.junit.platform.launcher.core.EngineExecutionOrchestrator.execute(EngineExecutionOrchestrator.java:52)
	at org.junit.platform.launcher.core.DefaultLauncher.execute(DefaultLauncher.java:96)
	at org.junit.platform.launcher.core.DefaultLauncher.execute(DefaultLauncher.java:75)
	at org.junit.platform.console.tasks.ConsoleTestExecutor.executeTests(ConsoleTestExecutor.java:66)
	at org.junit.platform.console.tasks.ConsoleTestExecutor.lambda$execute$0(ConsoleTestExecutor.java:58)
	at org.junit.platform.console.tasks.CustomContextClassLoaderExecutor.replaceThreadContextClassLoaderAndInvoke(CustomContextClassLoaderExecutor.java:41)
	at org.junit.platform.console.tasks.CustomContextClassLoaderExecutor.invoke(CustomContextClassLoaderExecutor.java:31)
	at org.junit.platform.console.tasks.ConsoleTestExecutor.execute(ConsoleTestExecutor.java:58)
	at org.junit.platform.console.ConsoleLauncher.executeTests(ConsoleLauncher.java:95)
	at org.junit.platform.console.ConsoleLauncher.execute(ConsoleLauncher.java:73)
	at org.junit.platform.console.ConsoleLauncher.execute(ConsoleLauncher.java:50)
	at org.junit.platform.console.ConsoleLauncher.execute(ConsoleLauncher.java:43)
	at org.junit.platform.console.ConsoleLauncher.main(ConsoleLauncher.java:37)
]]></skipped>
<system-out><![CDATA[
unique-id: [engine:junit-jupiter]/[class:minebayd1.test.TestUser]/[test-template:testget(minebayd1.User, int)]/[test-template-invocation:#14]
display-name: [14] Marc a 55 annonces ouvertes, 1 annonces fermées et 2 achats 
, 0
]]></system-out>
</testcase>
<testcase name="testget(User, int)[15]" classname="minebayd1.test.TestUser" time="0">
<skipped><![CDATA[org.opentest4j.TestAbortedException: Assumption failed: assumption is not true
	at org.junit.jupiter.api.Assumptions.throwTestAbortedException(Assumptions.java:256)
	at org.junit.jupiter.api.Assumptions.assumeTrue(Assumptions.java:115)
	at org.junit.jupiter.api.Assumptions.assumeTrue(Assumptions.java:66)
	at minebayd1.test.TestUser.testget(TestUser.java:918)
	at java.base/jdk.internal.reflect.NativeMethodAccessorImpl.invoke0(Native Method)
	at java.base/jdk.internal.reflect.NativeMethodAccessorImpl.invoke(NativeMethodAccessorImpl.java:77)
	at java.base/jdk.internal.reflect.DelegatingMethodAccessorImpl.invoke(DelegatingMethodAccessorImpl.java:43)
	at java.base/java.lang.reflect.Method.invoke(Method.java:569)
	at org.junit.platform.commons.util.ReflectionUtils.invokeMethod(ReflectionUtils.java:688)
	at org.junit.jupiter.engine.execution.MethodInvocation.proceed(MethodInvocation.java:60)
	at org.junit.jupiter.engine.execution.InvocationInterceptorChain$ValidatingInvocation.proceed(InvocationInterceptorChain.java:131)
	at org.junit.jupiter.engine.extension.TimeoutExtension.intercept(TimeoutExtension.java:149)
	at org.junit.jupiter.engine.extension.TimeoutExtension.interceptTestableMethod(TimeoutExtension.java:140)
	at org.junit.jupiter.engine.extension.TimeoutExtension.interceptTestTemplateMethod(TimeoutExtension.java:92)
	at org.junit.jupiter.engine.execution.ExecutableInvoker$ReflectiveInterceptorCall.lambda$ofVoidMethod$0(ExecutableInvoker.java:115)
	at org.junit.jupiter.engine.execution.ExecutableInvoker.lambda$invoke$0(ExecutableInvoker.java:105)
	at org.junit.jupiter.engine.execution.InvocationInterceptorChain$InterceptedInvocation.proceed(InvocationInterceptorChain.java:106)
	at org.junit.jupiter.engine.execution.InvocationInterceptorChain.proceed(InvocationInterceptorChain.java:64)
	at org.junit.jupiter.engine.execution.InvocationInterceptorChain.chainAndInvoke(InvocationInterceptorChain.java:45)
	at org.junit.jupiter.engine.execution.InvocationInterceptorChain.invoke(InvocationInterceptorChain.java:37)
	at org.junit.jupiter.engine.execution.ExecutableInvoker.invoke(ExecutableInvoker.java:104)
	at org.junit.jupiter.engine.execution.ExecutableInvoker.invoke(ExecutableInvoker.java:98)
	at org.junit.jupiter.engine.descriptor.TestMethodTestDescriptor.lambda$invokeTestMethod$6(TestMethodTestDescriptor.java:210)
	at org.junit.platform.engine.support.hierarchical.ThrowableCollector.execute(ThrowableCollector.java:73)
	at org.junit.jupiter.engine.descriptor.TestMethodTestDescriptor.invokeTestMethod(TestMethodTestDescriptor.java:206)
	at org.junit.jupiter.engine.descriptor.TestMethodTestDescriptor.execute(TestMethodTestDescriptor.java:131)
	at org.junit.jupiter.engine.descriptor.TestMethodTestDescriptor.execute(TestMethodTestDescriptor.java:65)
	at org.junit.platform.engine.support.hierarchical.NodeTestTask.lambda$executeRecursively$5(NodeTestTask.java:139)
	at org.junit.platform.engine.support.hierarchical.ThrowableCollector.execute(ThrowableCollector.java:73)
	at org.junit.platform.engine.support.hierarchical.NodeTestTask.lambda$executeRecursively$7(NodeTestTask.java:129)
	at org.junit.platform.engine.support.hierarchical.Node.around(Node.java:137)
	at org.junit.platform.engine.support.hierarchical.NodeTestTask.lambda$executeRecursively$8(NodeTestTask.java:127)
	at org.junit.platform.engine.support.hierarchical.ThrowableCollector.execute(ThrowableCollector.java:73)
	at org.junit.platform.engine.support.hierarchical.NodeTestTask.executeRecursively(NodeTestTask.java:126)
	at org.junit.platform.engine.support.hierarchical.NodeTestTask.execute(NodeTestTask.java:84)
	at org.junit.platform.engine.support.hierarchical.SameThreadHierarchicalTestExecutorService.submit(SameThreadHierarchicalTestExecutorService.java:32)
	at org.junit.platform.engine.support.hierarchical.NodeTestTask$DefaultDynamicTestExecutor.execute(NodeTestTask.java:212)
	at org.junit.platform.engine.support.hierarchical.NodeTestTask$DefaultDynamicTestExecutor.execute(NodeTestTask.java:192)
	at org.junit.jupiter.engine.descriptor.TestTemplateTestDescriptor.execute(TestTemplateTestDescriptor.java:139)
	at org.junit.jupiter.engine.descriptor.TestTemplateTestDescriptor.lambda$execute$2(TestTemplateTestDescriptor.java:107)
	at java.base/java.util.stream.ForEachOps$ForEachOp$OfRef.accept(ForEachOps.java:183)
	at java.base/java.util.stream.ReferencePipeline$3$1.accept(ReferencePipeline.java:197)
	at java.base/java.util.stream.ReferencePipeline$2$1.accept(ReferencePipeline.java:179)
	at java.base/java.util.stream.ReferencePipeline$3$1.accept(ReferencePipeline.java:197)
	at java.base/java.util.stream.ForEachOps$ForEachOp$OfRef.accept(ForEachOps.java:183)
	at java.base/java.util.stream.ReferencePipeline$15$1.accept(ReferencePipeline.java:541)
	at java.base/java.util.stream.ReferencePipeline$3$1.accept(ReferencePipeline.java:197)
	at java.base/java.util.stream.ReferencePipeline$3$1.accept(ReferencePipeline.java:197)
	at java.base/java.util.stream.ReferencePipeline$3$1.accept(ReferencePipeline.java:197)
	at java.base/java.util.stream.ForEachOps$ForEachOp$OfRef.accept(ForEachOps.java:183)
	at java.base/java.util.stream.ReferencePipeline$3$1.accept(ReferencePipeline.java:197)
	at java.base/java.util.stream.ForEachOps$ForEachOp$OfRef.accept(ForEachOps.java:183)
	at java.base/java.util.stream.SliceOps$1$1.accept(SliceOps.java:200)
	at java.base/java.util.stream.StreamSpliterators$InfiniteSupplyingSpliterator$OfRef.tryAdvance(StreamSpliterators.java:1358)
	at java.base/java.util.stream.ReferencePipeline.forEachWithCancel(ReferencePipeline.java:129)
	at java.base/java.util.stream.AbstractPipeline.copyIntoWithCancel(AbstractPipeline.java:527)
	at java.base/java.util.stream.AbstractPipeline.copyInto(AbstractPipeline.java:513)
	at java.base/java.util.stream.AbstractPipeline.wrapAndCopyInto(AbstractPipeline.java:499)
	at java.base/java.util.stream.ForEachOps$ForEachOp.evaluateSequential(ForEachOps.java:150)
	at java.base/java.util.stream.ForEachOps$ForEachOp$OfRef.evaluateSequential(ForEachOps.java:173)
	at java.base/java.util.stream.AbstractPipeline.evaluate(AbstractPipeline.java:234)
	at java.base/java.util.stream.ReferencePipeline.forEach(ReferencePipeline.java:596)
	at java.base/java.util.stream.ReferencePipeline$7$1.accept(ReferencePipeline.java:276)
	at java.base/java.util.stream.ReferencePipeline$3$1.accept(ReferencePipeline.java:197)
	at java.base/java.util.stream.ReferencePipeline$3$1.accept(ReferencePipeline.java:197)
	at java.base/java.util.Spliterators$ArraySpliterator.forEachRemaining(Spliterators.java:992)
	at java.base/java.util.stream.AbstractPipeline.copyInto(AbstractPipeline.java:509)
	at java.base/java.util.stream.AbstractPipeline.wrapAndCopyInto(AbstractPipeline.java:499)
	at java.base/java.util.stream.ForEachOps$ForEachOp.evaluateSequential(ForEachOps.java:150)
	at java.base/java.util.stream.ForEachOps$ForEachOp$OfRef.evaluateSequential(ForEachOps.java:173)
	at java.base/java.util.stream.AbstractPipeline.evaluate(AbstractPipeline.java:234)
	at java.base/java.util.stream.ReferencePipeline.forEach(ReferencePipeline.java:596)
	at java.base/java.util.stream.ReferencePipeline$7$1.accept(ReferencePipeline.java:276)
	at java.base/java.util.stream.ReferencePipeline$3$1.accept(ReferencePipeline.java:197)
	at java.base/java.util.stream.ReferencePipeline$3$1.accept(ReferencePipeline.java:197)
	at java.base/java.util.stream.ReferencePipeline$3$1.accept(ReferencePipeline.java:197)
	at java.base/java.util.ArrayList$ArrayListSpliterator.forEachRemaining(ArrayList.java:1625)
	at java.base/java.util.stream.AbstractPipeline.copyInto(AbstractPipeline.java:509)
	at java.base/java.util.stream.AbstractPipeline.wrapAndCopyInto(AbstractPipeline.java:499)
	at java.base/java.util.stream.ForEachOps$ForEachOp.evaluateSequential(ForEachOps.java:150)
	at java.base/java.util.stream.ForEachOps$ForEachOp$OfRef.evaluateSequential(ForEachOps.java:173)
	at java.base/java.util.stream.AbstractPipeline.evaluate(AbstractPipeline.java:234)
	at java.base/java.util.stream.ReferencePipeline.forEach(ReferencePipeline.java:596)
	at java.base/java.util.stream.ReferencePipeline$7$1.accept(ReferencePipeline.java:276)
	at java.base/java.util.ArrayList$ArrayListSpliterator.forEachRemaining(ArrayList.java:1625)
	at java.base/java.util.stream.AbstractPipeline.copyInto(AbstractPipeline.java:509)
	at java.base/java.util.stream.AbstractPipeline.wrapAndCopyInto(AbstractPipeline.java:499)
	at java.base/java.util.stream.ForEachOps$ForEachOp.evaluateSequential(ForEachOps.java:150)
	at java.base/java.util.stream.ForEachOps$ForEachOp$OfRef.evaluateSequential(ForEachOps.java:173)
	at java.base/java.util.stream.AbstractPipeline.evaluate(AbstractPipeline.java:234)
	at java.base/java.util.stream.ReferencePipeline.forEach(ReferencePipeline.java:596)
	at org.junit.jupiter.engine.descriptor.TestTemplateTestDescriptor.execute(TestTemplateTestDescriptor.java:107)
	at org.junit.jupiter.engine.descriptor.TestTemplateTestDescriptor.execute(TestTemplateTestDescriptor.java:42)
	at org.junit.platform.engine.support.hierarchical.NodeTestTask.lambda$executeRecursively$5(NodeTestTask.java:139)
	at org.junit.platform.engine.support.hierarchical.ThrowableCollector.execute(ThrowableCollector.java:73)
	at org.junit.platform.engine.support.hierarchical.NodeTestTask.lambda$executeRecursively$7(NodeTestTask.java:129)
	at org.junit.platform.engine.support.hierarchical.Node.around(Node.java:137)
	at org.junit.platform.engine.support.hierarchical.NodeTestTask.lambda$executeRecursively$8(NodeTestTask.java:127)
	at org.junit.platform.engine.support.hierarchical.ThrowableCollector.execute(ThrowableCollector.java:73)
	at org.junit.platform.engine.support.hierarchical.NodeTestTask.executeRecursively(NodeTestTask.java:126)
	at org.junit.platform.engine.support.hierarchical.NodeTestTask.execute(NodeTestTask.java:84)
	at java.base/java.util.ArrayList.forEach(ArrayList.java:1511)
	at org.junit.platform.engine.support.hierarchical.SameThreadHierarchicalTestExecutorService.invokeAll(SameThreadHierarchicalTestExecutorService.java:38)
	at org.junit.platform.engine.support.hierarchical.NodeTestTask.lambda$executeRecursively$5(NodeTestTask.java:143)
	at org.junit.platform.engine.support.hierarchical.ThrowableCollector.execute(ThrowableCollector.java:73)
	at org.junit.platform.engine.support.hierarchical.NodeTestTask.lambda$executeRecursively$7(NodeTestTask.java:129)
	at org.junit.platform.engine.support.hierarchical.Node.around(Node.java:137)
	at org.junit.platform.engine.support.hierarchical.NodeTestTask.lambda$executeRecursively$8(NodeTestTask.java:127)
	at org.junit.platform.engine.support.hierarchical.ThrowableCollector.execute(ThrowableCollector.java:73)
	at org.junit.platform.engine.support.hierarchical.NodeTestTask.executeRecursively(NodeTestTask.java:126)
	at org.junit.platform.engine.support.hierarchical.NodeTestTask.execute(NodeTestTask.java:84)
	at java.base/java.util.ArrayList.forEach(ArrayList.java:1511)
	at org.junit.platform.engine.support.hierarchical.SameThreadHierarchicalTestExecutorService.invokeAll(SameThreadHierarchicalTestExecutorService.java:38)
	at org.junit.platform.engine.support.hierarchical.NodeTestTask.lambda$executeRecursively$5(NodeTestTask.java:143)
	at org.junit.platform.engine.support.hierarchical.ThrowableCollector.execute(ThrowableCollector.java:73)
	at org.junit.platform.engine.support.hierarchical.NodeTestTask.lambda$executeRecursively$7(NodeTestTask.java:129)
	at org.junit.platform.engine.support.hierarchical.Node.around(Node.java:137)
	at org.junit.platform.engine.support.hierarchical.NodeTestTask.lambda$executeRecursively$8(NodeTestTask.java:127)
	at org.junit.platform.engine.support.hierarchical.ThrowableCollector.execute(ThrowableCollector.java:73)
	at org.junit.platform.engine.support.hierarchical.NodeTestTask.executeRecursively(NodeTestTask.java:126)
	at org.junit.platform.engine.support.hierarchical.NodeTestTask.execute(NodeTestTask.java:84)
	at org.junit.platform.engine.support.hierarchical.SameThreadHierarchicalTestExecutorService.submit(SameThreadHierarchicalTestExecutorService.java:32)
	at org.junit.platform.engine.support.hierarchical.HierarchicalTestExecutor.execute(HierarchicalTestExecutor.java:57)
	at org.junit.platform.engine.support.hierarchical.HierarchicalTestEngine.execute(HierarchicalTestEngine.java:51)
	at org.junit.platform.launcher.core.EngineExecutionOrchestrator.execute(EngineExecutionOrchestrator.java:108)
	at org.junit.platform.launcher.core.EngineExecutionOrchestrator.execute(EngineExecutionOrchestrator.java:88)
	at org.junit.platform.launcher.core.EngineExecutionOrchestrator.lambda$execute$0(EngineExecutionOrchestrator.java:54)
	at org.junit.platform.launcher.core.EngineExecutionOrchestrator.withInterceptedStreams(EngineExecutionOrchestrator.java:67)
	at org.junit.platform.launcher.core.EngineExecutionOrchestrator.execute(EngineExecutionOrchestrator.java:52)
	at org.junit.platform.launcher.core.DefaultLauncher.execute(DefaultLauncher.java:96)
	at org.junit.platform.launcher.core.DefaultLauncher.execute(DefaultLauncher.java:75)
	at org.junit.platform.console.tasks.ConsoleTestExecutor.executeTests(ConsoleTestExecutor.java:66)
	at org.junit.platform.console.tasks.ConsoleTestExecutor.lambda$execute$0(ConsoleTestExecutor.java:58)
	at org.junit.platform.console.tasks.CustomContextClassLoaderExecutor.replaceThreadContextClassLoaderAndInvoke(CustomContextClassLoaderExecutor.java:41)
	at org.junit.platform.console.tasks.CustomContextClassLoaderExecutor.invoke(CustomContextClassLoaderExecutor.java:31)
	at org.junit.platform.console.tasks.ConsoleTestExecutor.execute(ConsoleTestExecutor.java:58)
	at org.junit.platform.console.ConsoleLauncher.executeTests(ConsoleLauncher.java:95)
	at org.junit.platform.console.ConsoleLauncher.execute(ConsoleLauncher.java:73)
	at org.junit.platform.console.ConsoleLauncher.execute(ConsoleLauncher.java:50)
	at org.junit.platform.console.ConsoleLauncher.execute(ConsoleLauncher.java:43)
	at org.junit.platform.console.ConsoleLauncher.main(ConsoleLauncher.java:37)
]]></skipped>
<system-out><![CDATA[
unique-id: [engine:junit-jupiter]/[class:minebayd1.test.TestUser]/[test-template:testget(minebayd1.User, int)]/[test-template-invocation:#15]
display-name: [15] Mohamed a 45 annonces ouvertes, 2 annonces fermées et 3 achats 
, 0
]]></system-out>
</testcase>
<testcase name="testget(User, int)[16]" classname="minebayd1.test.TestUser" time="0.009">
<system-out><![CDATA[
unique-id: [engine:junit-jupiter]/[class:minebayd1.test.TestUser]/[test-template:testget(minebayd1.User, int)]/[test-template-invocation:#16]
display-name: [16] Imam a 45 annonces ouvertes, 5 annonces fermées et 3 achats 
, 38
]]></system-out>
</testcase>
<testcase name="testget(User, int)[17]" classname="minebayd1.test.TestUser" time="0.006">
<system-out><![CDATA[
unique-id: [engine:junit-jupiter]/[class:minebayd1.test.TestUser]/[test-template:testget(minebayd1.User, int)]/[test-template-invocation:#17]
display-name: [17] Pierre a 41 annonces ouvertes, 5 annonces fermées et 2 achats 
, 20
]]></system-out>
</testcase>
<testcase name="testget(User, int)[18]" classname="minebayd1.test.TestUser" time="0.006">
<system-out><![CDATA[
unique-id: [engine:junit-jupiter]/[class:minebayd1.test.TestUser]/[test-template:testget(minebayd1.User, int)]/[test-template-invocation:#18]
display-name: [18] Ziad a 48 annonces ouvertes, 4 annonces fermées et 2 achats 
, 7
]]></system-out>
</testcase>
<testcase name="testget(User, int)[19]" classname="minebayd1.test.TestUser" time="0.003">
<system-out><![CDATA[
unique-id: [engine:junit-jupiter]/[class:minebayd1.test.TestUser]/[test-template:testget(minebayd1.User, int)]/[test-template-invocation:#19]
display-name: [19] Faycal a 51 annonces ouvertes, 3 annonces fermées et 4 achats 
, 0
]]></system-out>
</testcase>
<testcase name="testget(User, int)[20]" classname="minebayd1.test.TestUser" time="0.004">
<system-out><![CDATA[
unique-id: [engine:junit-jupiter]/[class:minebayd1.test.TestUser]/[test-template:testget(minebayd1.User, int)]/[test-template-invocation:#20]
display-name: [20] Imam a 45 annonces ouvertes, 5 annonces fermées et 3 achats 
, 42
]]></system-out>
</testcase>
<testcase name="testget(User, int)[21]" classname="minebayd1.test.TestUser" time="0.012">
<system-out><![CDATA[
unique-id: [engine:junit-jupiter]/[class:minebayd1.test.TestUser]/[test-template:testget(minebayd1.User, int)]/[test-template-invocation:#21]
display-name: [21] Mamadou a 59 annonces ouvertes, 2 annonces fermées et 1 achats 
, 1
]]></system-out>
</testcase>
<testcase name="testget(User, int)[22]" classname="minebayd1.test.TestUser" time="0.012">
<system-out><![CDATA[
unique-id: [engine:junit-jupiter]/[class:minebayd1.test.TestUser]/[test-template:testget(minebayd1.User, int)]/[test-template-invocation:#22]
display-name: [22] Boris a 63 annonces ouvertes, 2 annonces fermées et 3 achats 
, 4
]]></system-out>
</testcase>
<testcase name="testget(User, int)[23]" classname="minebayd1.test.TestUser" time="0.006">
<system-out><![CDATA[
unique-id: [engine:junit-jupiter]/[class:minebayd1.test.TestUser]/[test-template:testget(minebayd1.User, int)]/[test-template-invocation:#23]
display-name: [23] Issa a 70 annonces ouvertes, 3 annonces fermées et 3 achats 
, 1
]]></system-out>
</testcase>
<testcase name="testget(User, int)[24]" classname="minebayd1.test.TestUser" time="0.007">
<system-out><![CDATA[
unique-id: [engine:junit-jupiter]/[class:minebayd1.test.TestUser]/[test-template:testget(minebayd1.User, int)]/[test-template-invocation:#24]
display-name: [24] Ayman a 53 annonces ouvertes, 4 annonces fermées et 4 achats 
, 44
]]></system-out>
</testcase>
<testcase name="testget(User, int)[25]" classname="minebayd1.test.TestUser" time="0.007">
<system-out><![CDATA[
unique-id: [engine:junit-jupiter]/[class:minebayd1.test.TestUser]/[test-template:testget(minebayd1.User, int)]/[test-template-invocation:#25]
display-name: [25] Ayman a 53 annonces ouvertes, 4 annonces fermées et 4 achats 
, 6
]]></system-out>
</testcase>
<testcase name="testget(User, int)[26]" classname="minebayd1.test.TestUser" time="0">
<skipped><![CDATA[org.opentest4j.TestAbortedException: Assumption failed: assumption is not true
	at org.junit.jupiter.api.Assumptions.throwTestAbortedException(Assumptions.java:256)
	at org.junit.jupiter.api.Assumptions.assumeTrue(Assumptions.java:115)
	at org.junit.jupiter.api.Assumptions.assumeTrue(Assumptions.java:66)
	at minebayd1.test.TestUser.testget(TestUser.java:918)
	at jdk.internal.reflect.GeneratedMethodAccessor5.invoke(Unknown Source)
	at java.base/jdk.internal.reflect.DelegatingMethodAccessorImpl.invoke(DelegatingMethodAccessorImpl.java:43)
	at java.base/java.lang.reflect.Method.invoke(Method.java:569)
	at org.junit.platform.commons.util.ReflectionUtils.invokeMethod(ReflectionUtils.java:688)
	at org.junit.jupiter.engine.execution.MethodInvocation.proceed(MethodInvocation.java:60)
	at org.junit.jupiter.engine.execution.InvocationInterceptorChain$ValidatingInvocation.proceed(InvocationInterceptorChain.java:131)
	at org.junit.jupiter.engine.extension.TimeoutExtension.intercept(TimeoutExtension.java:149)
	at org.junit.jupiter.engine.extension.TimeoutExtension.interceptTestableMethod(TimeoutExtension.java:140)
	at org.junit.jupiter.engine.extension.TimeoutExtension.interceptTestTemplateMethod(TimeoutExtension.java:92)
	at org.junit.jupiter.engine.execution.ExecutableInvoker$ReflectiveInterceptorCall.lambda$ofVoidMethod$0(ExecutableInvoker.java:115)
	at org.junit.jupiter.engine.execution.ExecutableInvoker.lambda$invoke$0(ExecutableInvoker.java:105)
	at org.junit.jupiter.engine.execution.InvocationInterceptorChain$InterceptedInvocation.proceed(InvocationInterceptorChain.java:106)
	at org.junit.jupiter.engine.execution.InvocationInterceptorChain.proceed(InvocationInterceptorChain.java:64)
	at org.junit.jupiter.engine.execution.InvocationInterceptorChain.chainAndInvoke(InvocationInterceptorChain.java:45)
	at org.junit.jupiter.engine.execution.InvocationInterceptorChain.invoke(InvocationInterceptorChain.java:37)
	at org.junit.jupiter.engine.execution.ExecutableInvoker.invoke(ExecutableInvoker.java:104)
	at org.junit.jupiter.engine.execution.ExecutableInvoker.invoke(ExecutableInvoker.java:98)
	at org.junit.jupiter.engine.descriptor.TestMethodTestDescriptor.lambda$invokeTestMethod$6(TestMethodTestDescriptor.java:210)
	at org.junit.platform.engine.support.hierarchical.ThrowableCollector.execute(ThrowableCollector.java:73)
	at org.junit.jupiter.engine.descriptor.TestMethodTestDescriptor.invokeTestMethod(TestMethodTestDescriptor.java:206)
	at org.junit.jupiter.engine.descriptor.TestMethodTestDescriptor.execute(TestMethodTestDescriptor.java:131)
	at org.junit.jupiter.engine.descriptor.TestMethodTestDescriptor.execute(TestMethodTestDescriptor.java:65)
	at org.junit.platform.engine.support.hierarchical.NodeTestTask.lambda$executeRecursively$5(NodeTestTask.java:139)
	at org.junit.platform.engine.support.hierarchical.ThrowableCollector.execute(ThrowableCollector.java:73)
	at org.junit.platform.engine.support.hierarchical.NodeTestTask.lambda$executeRecursively$7(NodeTestTask.java:129)
	at org.junit.platform.engine.support.hierarchical.Node.around(Node.java:137)
	at org.junit.platform.engine.support.hierarchical.NodeTestTask.lambda$executeRecursively$8(NodeTestTask.java:127)
	at org.junit.platform.engine.support.hierarchical.ThrowableCollector.execute(ThrowableCollector.java:73)
	at org.junit.platform.engine.support.hierarchical.NodeTestTask.executeRecursively(NodeTestTask.java:126)
	at org.junit.platform.engine.support.hierarchical.NodeTestTask.execute(NodeTestTask.java:84)
	at org.junit.platform.engine.support.hierarchical.SameThreadHierarchicalTestExecutorService.submit(SameThreadHierarchicalTestExecutorService.java:32)
	at org.junit.platform.engine.support.hierarchical.NodeTestTask$DefaultDynamicTestExecutor.execute(NodeTestTask.java:212)
	at org.junit.platform.engine.support.hierarchical.NodeTestTask$DefaultDynamicTestExecutor.execute(NodeTestTask.java:192)
	at org.junit.jupiter.engine.descriptor.TestTemplateTestDescriptor.execute(TestTemplateTestDescriptor.java:139)
	at org.junit.jupiter.engine.descriptor.TestTemplateTestDescriptor.lambda$execute$2(TestTemplateTestDescriptor.java:107)
	at java.base/java.util.stream.ForEachOps$ForEachOp$OfRef.accept(ForEachOps.java:183)
	at java.base/java.util.stream.ReferencePipeline$3$1.accept(ReferencePipeline.java:197)
	at java.base/java.util.stream.ReferencePipeline$2$1.accept(ReferencePipeline.java:179)
	at java.base/java.util.stream.ReferencePipeline$3$1.accept(ReferencePipeline.java:197)
	at java.base/java.util.stream.ForEachOps$ForEachOp$OfRef.accept(ForEachOps.java:183)
	at java.base/java.util.stream.ReferencePipeline$15$1.accept(ReferencePipeline.java:541)
	at java.base/java.util.stream.ReferencePipeline$3$1.accept(ReferencePipeline.java:197)
	at java.base/java.util.stream.ReferencePipeline$3$1.accept(ReferencePipeline.java:197)
	at java.base/java.util.stream.ReferencePipeline$3$1.accept(ReferencePipeline.java:197)
	at java.base/java.util.stream.ForEachOps$ForEachOp$OfRef.accept(ForEachOps.java:183)
	at java.base/java.util.stream.ReferencePipeline$3$1.accept(ReferencePipeline.java:197)
	at java.base/java.util.stream.ForEachOps$ForEachOp$OfRef.accept(ForEachOps.java:183)
	at java.base/java.util.stream.SliceOps$1$1.accept(SliceOps.java:200)
	at java.base/java.util.stream.StreamSpliterators$InfiniteSupplyingSpliterator$OfRef.tryAdvance(StreamSpliterators.java:1358)
	at java.base/java.util.stream.ReferencePipeline.forEachWithCancel(ReferencePipeline.java:129)
	at java.base/java.util.stream.AbstractPipeline.copyIntoWithCancel(AbstractPipeline.java:527)
	at java.base/java.util.stream.AbstractPipeline.copyInto(AbstractPipeline.java:513)
	at java.base/java.util.stream.AbstractPipeline.wrapAndCopyInto(AbstractPipeline.java:499)
	at java.base/java.util.stream.ForEachOps$ForEachOp.evaluateSequential(ForEachOps.java:150)
	at java.base/java.util.stream.ForEachOps$ForEachOp$OfRef.evaluateSequential(ForEachOps.java:173)
	at java.base/java.util.stream.AbstractPipeline.evaluate(AbstractPipeline.java:234)
	at java.base/java.util.stream.ReferencePipeline.forEach(ReferencePipeline.java:596)
	at java.base/java.util.stream.ReferencePipeline$7$1.accept(ReferencePipeline.java:276)
	at java.base/java.util.stream.ReferencePipeline$3$1.accept(ReferencePipeline.java:197)
	at java.base/java.util.stream.ReferencePipeline$3$1.accept(ReferencePipeline.java:197)
	at java.base/java.util.Spliterators$ArraySpliterator.forEachRemaining(Spliterators.java:992)
	at java.base/java.util.stream.AbstractPipeline.copyInto(AbstractPipeline.java:509)
	at java.base/java.util.stream.AbstractPipeline.wrapAndCopyInto(AbstractPipeline.java:499)
	at java.base/java.util.stream.ForEachOps$ForEachOp.evaluateSequential(ForEachOps.java:150)
	at java.base/java.util.stream.ForEachOps$ForEachOp$OfRef.evaluateSequential(ForEachOps.java:173)
	at java.base/java.util.stream.AbstractPipeline.evaluate(AbstractPipeline.java:234)
	at java.base/java.util.stream.ReferencePipeline.forEach(ReferencePipeline.java:596)
	at java.base/java.util.stream.ReferencePipeline$7$1.accept(ReferencePipeline.java:276)
	at java.base/java.util.stream.ReferencePipeline$3$1.accept(ReferencePipeline.java:197)
	at java.base/java.util.stream.ReferencePipeline$3$1.accept(ReferencePipeline.java:197)
	at java.base/java.util.stream.ReferencePipeline$3$1.accept(ReferencePipeline.java:197)
	at java.base/java.util.ArrayList$ArrayListSpliterator.forEachRemaining(ArrayList.java:1625)
	at java.base/java.util.stream.AbstractPipeline.copyInto(AbstractPipeline.java:509)
	at java.base/java.util.stream.AbstractPipeline.wrapAndCopyInto(AbstractPipeline.java:499)
	at java.base/java.util.stream.ForEachOps$ForEachOp.evaluateSequential(ForEachOps.java:150)
	at java.base/java.util.stream.ForEachOps$ForEachOp$OfRef.evaluateSequential(ForEachOps.java:173)
	at java.base/java.util.stream.AbstractPipeline.evaluate(AbstractPipeline.java:234)
	at java.base/java.util.stream.ReferencePipeline.forEach(ReferencePipeline.java:596)
	at java.base/java.util.stream.ReferencePipeline$7$1.accept(ReferencePipeline.java:276)
	at java.base/java.util.ArrayList$ArrayListSpliterator.forEachRemaining(ArrayList.java:1625)
	at java.base/java.util.stream.AbstractPipeline.copyInto(AbstractPipeline.java:509)
	at java.base/java.util.stream.AbstractPipeline.wrapAndCopyInto(AbstractPipeline.java:499)
	at java.base/java.util.stream.ForEachOps$ForEachOp.evaluateSequential(ForEachOps.java:150)
	at java.base/java.util.stream.ForEachOps$ForEachOp$OfRef.evaluateSequential(ForEachOps.java:173)
	at java.base/java.util.stream.AbstractPipeline.evaluate(AbstractPipeline.java:234)
	at java.base/java.util.stream.ReferencePipeline.forEach(ReferencePipeline.java:596)
	at org.junit.jupiter.engine.descriptor.TestTemplateTestDescriptor.execute(TestTemplateTestDescriptor.java:107)
	at org.junit.jupiter.engine.descriptor.TestTemplateTestDescriptor.execute(TestTemplateTestDescriptor.java:42)
	at org.junit.platform.engine.support.hierarchical.NodeTestTask.lambda$executeRecursively$5(NodeTestTask.java:139)
	at org.junit.platform.engine.support.hierarchical.ThrowableCollector.execute(ThrowableCollector.java:73)
	at org.junit.platform.engine.support.hierarchical.NodeTestTask.lambda$executeRecursively$7(NodeTestTask.java:129)
	at org.junit.platform.engine.support.hierarchical.Node.around(Node.java:137)
	at org.junit.platform.engine.support.hierarchical.NodeTestTask.lambda$executeRecursively$8(NodeTestTask.java:127)
	at org.junit.platform.engine.support.hierarchical.ThrowableCollector.execute(ThrowableCollector.java:73)
	at org.junit.platform.engine.support.hierarchical.NodeTestTask.executeRecursively(NodeTestTask.java:126)
	at org.junit.platform.engine.support.hierarchical.NodeTestTask.execute(NodeTestTask.java:84)
	at java.base/java.util.ArrayList.forEach(ArrayList.java:1511)
	at org.junit.platform.engine.support.hierarchical.SameThreadHierarchicalTestExecutorService.invokeAll(SameThreadHierarchicalTestExecutorService.java:38)
	at org.junit.platform.engine.support.hierarchical.NodeTestTask.lambda$executeRecursively$5(NodeTestTask.java:143)
	at org.junit.platform.engine.support.hierarchical.ThrowableCollector.execute(ThrowableCollector.java:73)
	at org.junit.platform.engine.support.hierarchical.NodeTestTask.lambda$executeRecursively$7(NodeTestTask.java:129)
	at org.junit.platform.engine.support.hierarchical.Node.around(Node.java:137)
	at org.junit.platform.engine.support.hierarchical.NodeTestTask.lambda$executeRecursively$8(NodeTestTask.java:127)
	at org.junit.platform.engine.support.hierarchical.ThrowableCollector.execute(ThrowableCollector.java:73)
	at org.junit.platform.engine.support.hierarchical.NodeTestTask.executeRecursively(NodeTestTask.java:126)
	at org.junit.platform.engine.support.hierarchical.NodeTestTask.execute(NodeTestTask.java:84)
	at java.base/java.util.ArrayList.forEach(ArrayList.java:1511)
	at org.junit.platform.engine.support.hierarchical.SameThreadHierarchicalTestExecutorService.invokeAll(SameThreadHierarchicalTestExecutorService.java:38)
	at org.junit.platform.engine.support.hierarchical.NodeTestTask.lambda$executeRecursively$5(NodeTestTask.java:143)
	at org.junit.platform.engine.support.hierarchical.ThrowableCollector.execute(ThrowableCollector.java:73)
	at org.junit.platform.engine.support.hierarchical.NodeTestTask.lambda$executeRecursively$7(NodeTestTask.java:129)
	at org.junit.platform.engine.support.hierarchical.Node.around(Node.java:137)
	at org.junit.platform.engine.support.hierarchical.NodeTestTask.lambda$executeRecursively$8(NodeTestTask.java:127)
	at org.junit.platform.engine.support.hierarchical.ThrowableCollector.execute(ThrowableCollector.java:73)
	at org.junit.platform.engine.support.hierarchical.NodeTestTask.executeRecursively(NodeTestTask.java:126)
	at org.junit.platform.engine.support.hierarchical.NodeTestTask.execute(NodeTestTask.java:84)
	at org.junit.platform.engine.support.hierarchical.SameThreadHierarchicalTestExecutorService.submit(SameThreadHierarchicalTestExecutorService.java:32)
	at org.junit.platform.engine.support.hierarchical.HierarchicalTestExecutor.execute(HierarchicalTestExecutor.java:57)
	at org.junit.platform.engine.support.hierarchical.HierarchicalTestEngine.execute(HierarchicalTestEngine.java:51)
	at org.junit.platform.launcher.core.EngineExecutionOrchestrator.execute(EngineExecutionOrchestrator.java:108)
	at org.junit.platform.launcher.core.EngineExecutionOrchestrator.execute(EngineExecutionOrchestrator.java:88)
	at org.junit.platform.launcher.core.EngineExecutionOrchestrator.lambda$execute$0(EngineExecutionOrchestrator.java:54)
	at org.junit.platform.launcher.core.EngineExecutionOrchestrator.withInterceptedStreams(EngineExecutionOrchestrator.java:67)
	at org.junit.platform.launcher.core.EngineExecutionOrchestrator.execute(EngineExecutionOrchestrator.java:52)
	at org.junit.platform.launcher.core.DefaultLauncher.execute(DefaultLauncher.java:96)
	at org.junit.platform.launcher.core.DefaultLauncher.execute(DefaultLauncher.java:75)
	at org.junit.platform.console.tasks.ConsoleTestExecutor.executeTests(ConsoleTestExecutor.java:66)
	at org.junit.platform.console.tasks.ConsoleTestExecutor.lambda$execute$0(ConsoleTestExecutor.java:58)
	at org.junit.platform.console.tasks.CustomContextClassLoaderExecutor.replaceThreadContextClassLoaderAndInvoke(CustomContextClassLoaderExecutor.java:41)
	at org.junit.platform.console.tasks.CustomContextClassLoaderExecutor.invoke(CustomContextClassLoaderExecutor.java:31)
	at org.junit.platform.console.tasks.ConsoleTestExecutor.execute(ConsoleTestExecutor.java:58)
	at org.junit.platform.console.ConsoleLauncher.executeTests(ConsoleLauncher.java:95)
	at org.junit.platform.console.ConsoleLauncher.execute(ConsoleLauncher.java:73)
	at org.junit.platform.console.ConsoleLauncher.execute(ConsoleLauncher.java:50)
	at org.junit.platform.console.ConsoleLauncher.execute(ConsoleLauncher.java:43)
	at org.junit.platform.console.ConsoleLauncher.main(ConsoleLauncher.java:37)
]]></skipped>
<system-out><![CDATA[
unique-id: [engine:junit-jupiter]/[class:minebayd1.test.TestUser]/[test-template:testget(minebayd1.User, int)]/[test-template-invocation:#26]
display-name: [26] Sonia a 47 annonces ouvertes, 2 annonces fermées et 2 achats 
, 0
]]></system-out>
</testcase>
<testcase name="testget(User, int)[27]" classname="minebayd1.test.TestUser" time="0">
<skipped><![CDATA[org.opentest4j.TestAbortedException: Assumption failed: assumption is not true
	at org.junit.jupiter.api.Assumptions.throwTestAbortedException(Assumptions.java:256)
	at org.junit.jupiter.api.Assumptions.assumeTrue(Assumptions.java:115)
	at org.junit.jupiter.api.Assumptions.assumeTrue(Assumptions.java:66)
	at minebayd1.test.TestUser.testget(TestUser.java:918)
	at jdk.internal.reflect.GeneratedMethodAccessor5.invoke(Unknown Source)
	at java.base/jdk.internal.reflect.DelegatingMethodAccessorImpl.invoke(DelegatingMethodAccessorImpl.java:43)
	at java.base/java.lang.reflect.Method.invoke(Method.java:569)
	at org.junit.platform.commons.util.ReflectionUtils.invokeMethod(ReflectionUtils.java:688)
	at org.junit.jupiter.engine.execution.MethodInvocation.proceed(MethodInvocation.java:60)
	at org.junit.jupiter.engine.execution.InvocationInterceptorChain$ValidatingInvocation.proceed(InvocationInterceptorChain.java:131)
	at org.junit.jupiter.engine.extension.TimeoutExtension.intercept(TimeoutExtension.java:149)
	at org.junit.jupiter.engine.extension.TimeoutExtension.interceptTestableMethod(TimeoutExtension.java:140)
	at org.junit.jupiter.engine.extension.TimeoutExtension.interceptTestTemplateMethod(TimeoutExtension.java:92)
	at org.junit.jupiter.engine.execution.ExecutableInvoker$ReflectiveInterceptorCall.lambda$ofVoidMethod$0(ExecutableInvoker.java:115)
	at org.junit.jupiter.engine.execution.ExecutableInvoker.lambda$invoke$0(ExecutableInvoker.java:105)
	at org.junit.jupiter.engine.execution.InvocationInterceptorChain$InterceptedInvocation.proceed(InvocationInterceptorChain.java:106)
	at org.junit.jupiter.engine.execution.InvocationInterceptorChain.proceed(InvocationInterceptorChain.java:64)
	at org.junit.jupiter.engine.execution.InvocationInterceptorChain.chainAndInvoke(InvocationInterceptorChain.java:45)
	at org.junit.jupiter.engine.execution.InvocationInterceptorChain.invoke(InvocationInterceptorChain.java:37)
	at org.junit.jupiter.engine.execution.ExecutableInvoker.invoke(ExecutableInvoker.java:104)
	at org.junit.jupiter.engine.execution.ExecutableInvoker.invoke(ExecutableInvoker.java:98)
	at org.junit.jupiter.engine.descriptor.TestMethodTestDescriptor.lambda$invokeTestMethod$6(TestMethodTestDescriptor.java:210)
	at org.junit.platform.engine.support.hierarchical.ThrowableCollector.execute(ThrowableCollector.java:73)
	at org.junit.jupiter.engine.descriptor.TestMethodTestDescriptor.invokeTestMethod(TestMethodTestDescriptor.java:206)
	at org.junit.jupiter.engine.descriptor.TestMethodTestDescriptor.execute(TestMethodTestDescriptor.java:131)
	at org.junit.jupiter.engine.descriptor.TestMethodTestDescriptor.execute(TestMethodTestDescriptor.java:65)
	at org.junit.platform.engine.support.hierarchical.NodeTestTask.lambda$executeRecursively$5(NodeTestTask.java:139)
	at org.junit.platform.engine.support.hierarchical.ThrowableCollector.execute(ThrowableCollector.java:73)
	at org.junit.platform.engine.support.hierarchical.NodeTestTask.lambda$executeRecursively$7(NodeTestTask.java:129)
	at org.junit.platform.engine.support.hierarchical.Node.around(Node.java:137)
	at org.junit.platform.engine.support.hierarchical.NodeTestTask.lambda$executeRecursively$8(NodeTestTask.java:127)
	at org.junit.platform.engine.support.hierarchical.ThrowableCollector.execute(ThrowableCollector.java:73)
	at org.junit.platform.engine.support.hierarchical.NodeTestTask.executeRecursively(NodeTestTask.java:126)
	at org.junit.platform.engine.support.hierarchical.NodeTestTask.execute(NodeTestTask.java:84)
	at org.junit.platform.engine.support.hierarchical.SameThreadHierarchicalTestExecutorService.submit(SameThreadHierarchicalTestExecutorService.java:32)
	at org.junit.platform.engine.support.hierarchical.NodeTestTask$DefaultDynamicTestExecutor.execute(NodeTestTask.java:212)
	at org.junit.platform.engine.support.hierarchical.NodeTestTask$DefaultDynamicTestExecutor.execute(NodeTestTask.java:192)
	at org.junit.jupiter.engine.descriptor.TestTemplateTestDescriptor.execute(TestTemplateTestDescriptor.java:139)
	at org.junit.jupiter.engine.descriptor.TestTemplateTestDescriptor.lambda$execute$2(TestTemplateTestDescriptor.java:107)
	at java.base/java.util.stream.ForEachOps$ForEachOp$OfRef.accept(ForEachOps.java:183)
	at java.base/java.util.stream.ReferencePipeline$3$1.accept(ReferencePipeline.java:197)
	at java.base/java.util.stream.ReferencePipeline$2$1.accept(ReferencePipeline.java:179)
	at java.base/java.util.stream.ReferencePipeline$3$1.accept(ReferencePipeline.java:197)
	at java.base/java.util.stream.ForEachOps$ForEachOp$OfRef.accept(ForEachOps.java:183)
	at java.base/java.util.stream.ReferencePipeline$15$1.accept(ReferencePipeline.java:541)
	at java.base/java.util.stream.ReferencePipeline$3$1.accept(ReferencePipeline.java:197)
	at java.base/java.util.stream.ReferencePipeline$3$1.accept(ReferencePipeline.java:197)
	at java.base/java.util.stream.ReferencePipeline$3$1.accept(ReferencePipeline.java:197)
	at java.base/java.util.stream.ForEachOps$ForEachOp$OfRef.accept(ForEachOps.java:183)
	at java.base/java.util.stream.ReferencePipeline$3$1.accept(ReferencePipeline.java:197)
	at java.base/java.util.stream.ForEachOps$ForEachOp$OfRef.accept(ForEachOps.java:183)
	at java.base/java.util.stream.SliceOps$1$1.accept(SliceOps.java:200)
	at java.base/java.util.stream.StreamSpliterators$InfiniteSupplyingSpliterator$OfRef.tryAdvance(StreamSpliterators.java:1358)
	at java.base/java.util.stream.ReferencePipeline.forEachWithCancel(ReferencePipeline.java:129)
	at java.base/java.util.stream.AbstractPipeline.copyIntoWithCancel(AbstractPipeline.java:527)
	at java.base/java.util.stream.AbstractPipeline.copyInto(AbstractPipeline.java:513)
	at java.base/java.util.stream.AbstractPipeline.wrapAndCopyInto(AbstractPipeline.java:499)
	at java.base/java.util.stream.ForEachOps$ForEachOp.evaluateSequential(ForEachOps.java:150)
	at java.base/java.util.stream.ForEachOps$ForEachOp$OfRef.evaluateSequential(ForEachOps.java:173)
	at java.base/java.util.stream.AbstractPipeline.evaluate(AbstractPipeline.java:234)
	at java.base/java.util.stream.ReferencePipeline.forEach(ReferencePipeline.java:596)
	at java.base/java.util.stream.ReferencePipeline$7$1.accept(ReferencePipeline.java:276)
	at java.base/java.util.stream.ReferencePipeline$3$1.accept(ReferencePipeline.java:197)
	at java.base/java.util.stream.ReferencePipeline$3$1.accept(ReferencePipeline.java:197)
	at java.base/java.util.Spliterators$ArraySpliterator.forEachRemaining(Spliterators.java:992)
	at java.base/java.util.stream.AbstractPipeline.copyInto(AbstractPipeline.java:509)
	at java.base/java.util.stream.AbstractPipeline.wrapAndCopyInto(AbstractPipeline.java:499)
	at java.base/java.util.stream.ForEachOps$ForEachOp.evaluateSequential(ForEachOps.java:150)
	at java.base/java.util.stream.ForEachOps$ForEachOp$OfRef.evaluateSequential(ForEachOps.java:173)
	at java.base/java.util.stream.AbstractPipeline.evaluate(AbstractPipeline.java:234)
	at java.base/java.util.stream.ReferencePipeline.forEach(ReferencePipeline.java:596)
	at java.base/java.util.stream.ReferencePipeline$7$1.accept(ReferencePipeline.java:276)
	at java.base/java.util.stream.ReferencePipeline$3$1.accept(ReferencePipeline.java:197)
	at java.base/java.util.stream.ReferencePipeline$3$1.accept(ReferencePipeline.java:197)
	at java.base/java.util.stream.ReferencePipeline$3$1.accept(ReferencePipeline.java:197)
	at java.base/java.util.ArrayList$ArrayListSpliterator.forEachRemaining(ArrayList.java:1625)
	at java.base/java.util.stream.AbstractPipeline.copyInto(AbstractPipeline.java:509)
	at java.base/java.util.stream.AbstractPipeline.wrapAndCopyInto(AbstractPipeline.java:499)
	at java.base/java.util.stream.ForEachOps$ForEachOp.evaluateSequential(ForEachOps.java:150)
	at java.base/java.util.stream.ForEachOps$ForEachOp$OfRef.evaluateSequential(ForEachOps.java:173)
	at java.base/java.util.stream.AbstractPipeline.evaluate(AbstractPipeline.java:234)
	at java.base/java.util.stream.ReferencePipeline.forEach(ReferencePipeline.java:596)
	at java.base/java.util.stream.ReferencePipeline$7$1.accept(ReferencePipeline.java:276)
	at java.base/java.util.ArrayList$ArrayListSpliterator.forEachRemaining(ArrayList.java:1625)
	at java.base/java.util.stream.AbstractPipeline.copyInto(AbstractPipeline.java:509)
	at java.base/java.util.stream.AbstractPipeline.wrapAndCopyInto(AbstractPipeline.java:499)
	at java.base/java.util.stream.ForEachOps$ForEachOp.evaluateSequential(ForEachOps.java:150)
	at java.base/java.util.stream.ForEachOps$ForEachOp$OfRef.evaluateSequential(ForEachOps.java:173)
	at java.base/java.util.stream.AbstractPipeline.evaluate(AbstractPipeline.java:234)
	at java.base/java.util.stream.ReferencePipeline.forEach(ReferencePipeline.java:596)
	at org.junit.jupiter.engine.descriptor.TestTemplateTestDescriptor.execute(TestTemplateTestDescriptor.java:107)
	at org.junit.jupiter.engine.descriptor.TestTemplateTestDescriptor.execute(TestTemplateTestDescriptor.java:42)
	at org.junit.platform.engine.support.hierarchical.NodeTestTask.lambda$executeRecursively$5(NodeTestTask.java:139)
	at org.junit.platform.engine.support.hierarchical.ThrowableCollector.execute(ThrowableCollector.java:73)
	at org.junit.platform.engine.support.hierarchical.NodeTestTask.lambda$executeRecursively$7(NodeTestTask.java:129)
	at org.junit.platform.engine.support.hierarchical.Node.around(Node.java:137)
	at org.junit.platform.engine.support.hierarchical.NodeTestTask.lambda$executeRecursively$8(NodeTestTask.java:127)
	at org.junit.platform.engine.support.hierarchical.ThrowableCollector.execute(ThrowableCollector.java:73)
	at org.junit.platform.engine.support.hierarchical.NodeTestTask.executeRecursively(NodeTestTask.java:126)
	at org.junit.platform.engine.support.hierarchical.NodeTestTask.execute(NodeTestTask.java:84)
	at java.base/java.util.ArrayList.forEach(ArrayList.java:1511)
	at org.junit.platform.engine.support.hierarchical.SameThreadHierarchicalTestExecutorService.invokeAll(SameThreadHierarchicalTestExecutorService.java:38)
	at org.junit.platform.engine.support.hierarchical.NodeTestTask.lambda$executeRecursively$5(NodeTestTask.java:143)
	at org.junit.platform.engine.support.hierarchical.ThrowableCollector.execute(ThrowableCollector.java:73)
	at org.junit.platform.engine.support.hierarchical.NodeTestTask.lambda$executeRecursively$7(NodeTestTask.java:129)
	at org.junit.platform.engine.support.hierarchical.Node.around(Node.java:137)
	at org.junit.platform.engine.support.hierarchical.NodeTestTask.lambda$executeRecursively$8(NodeTestTask.java:127)
	at org.junit.platform.engine.support.hierarchical.ThrowableCollector.execute(ThrowableCollector.java:73)
	at org.junit.platform.engine.support.hierarchical.NodeTestTask.executeRecursively(NodeTestTask.java:126)
	at org.junit.platform.engine.support.hierarchical.NodeTestTask.execute(NodeTestTask.java:84)
	at java.base/java.util.ArrayList.forEach(ArrayList.java:1511)
	at org.junit.platform.engine.support.hierarchical.SameThreadHierarchicalTestExecutorService.invokeAll(SameThreadHierarchicalTestExecutorService.java:38)
	at org.junit.platform.engine.support.hierarchical.NodeTestTask.lambda$executeRecursively$5(NodeTestTask.java:143)
	at org.junit.platform.engine.support.hierarchical.ThrowableCollector.execute(ThrowableCollector.java:73)
	at org.junit.platform.engine.support.hierarchical.NodeTestTask.lambda$executeRecursively$7(NodeTestTask.java:129)
	at org.junit.platform.engine.support.hierarchical.Node.around(Node.java:137)
	at org.junit.platform.engine.support.hierarchical.NodeTestTask.lambda$executeRecursively$8(NodeTestTask.java:127)
	at org.junit.platform.engine.support.hierarchical.ThrowableCollector.execute(ThrowableCollector.java:73)
	at org.junit.platform.engine.support.hierarchical.NodeTestTask.executeRecursively(NodeTestTask.java:126)
	at org.junit.platform.engine.support.hierarchical.NodeTestTask.execute(NodeTestTask.java:84)
	at org.junit.platform.engine.support.hierarchical.SameThreadHierarchicalTestExecutorService.submit(SameThreadHierarchicalTestExecutorService.java:32)
	at org.junit.platform.engine.support.hierarchical.HierarchicalTestExecutor.execute(HierarchicalTestExecutor.java:57)
	at org.junit.platform.engine.support.hierarchical.HierarchicalTestEngine.execute(HierarchicalTestEngine.java:51)
	at org.junit.platform.launcher.core.EngineExecutionOrchestrator.execute(EngineExecutionOrchestrator.java:108)
	at org.junit.platform.launcher.core.EngineExecutionOrchestrator.execute(EngineExecutionOrchestrator.java:88)
	at org.junit.platform.launcher.core.EngineExecutionOrchestrator.lambda$execute$0(EngineExecutionOrchestrator.java:54)
	at org.junit.platform.launcher.core.EngineExecutionOrchestrator.withInterceptedStreams(EngineExecutionOrchestrator.java:67)
	at org.junit.platform.launcher.core.EngineExecutionOrchestrator.execute(EngineExecutionOrchestrator.java:52)
	at org.junit.platform.launcher.core.DefaultLauncher.execute(DefaultLauncher.java:96)
	at org.junit.platform.launcher.core.DefaultLauncher.execute(DefaultLauncher.java:75)
	at org.junit.platform.console.tasks.ConsoleTestExecutor.executeTests(ConsoleTestExecutor.java:66)
	at org.junit.platform.console.tasks.ConsoleTestExecutor.lambda$execute$0(ConsoleTestExecutor.java:58)
	at org.junit.platform.console.tasks.CustomContextClassLoaderExecutor.replaceThreadContextClassLoaderAndInvoke(CustomContextClassLoaderExecutor.java:41)
	at org.junit.platform.console.tasks.CustomContextClassLoaderExecutor.invoke(CustomContextClassLoaderExecutor.java:31)
	at org.junit.platform.console.tasks.ConsoleTestExecutor.execute(ConsoleTestExecutor.java:58)
	at org.junit.platform.console.ConsoleLauncher.executeTests(ConsoleLauncher.java:95)
	at org.junit.platform.console.ConsoleLauncher.execute(ConsoleLauncher.java:73)
	at org.junit.platform.console.ConsoleLauncher.execute(ConsoleLauncher.java:50)
	at org.junit.platform.console.ConsoleLauncher.execute(ConsoleLauncher.java:43)
	at org.junit.platform.console.ConsoleLauncher.main(ConsoleLauncher.java:37)
]]></skipped>
<system-out><![CDATA[
unique-id: [engine:junit-jupiter]/[class:minebayd1.test.TestUser]/[test-template:testget(minebayd1.User, int)]/[test-template-invocation:#27]
display-name: [27] Yanis a 61 annonces ouvertes, 4 annonces fermées et 3 achats 
, 1
]]></system-out>
</testcase>
<testcase name="testget(User, int)[28]" classname="minebayd1.test.TestUser" time="0.006">
<system-out><![CDATA[
unique-id: [engine:junit-jupiter]/[class:minebayd1.test.TestUser]/[test-template:testget(minebayd1.User, int)]/[test-template-invocation:#28]
display-name: [28] Nima a 50 annonces ouvertes, 1 annonces fermées et 4 achats 
, 39
]]></system-out>
</testcase>
<testcase name="testget(User, int)[29]" classname="minebayd1.test.TestUser" time="0.009">
<system-out><![CDATA[
unique-id: [engine:junit-jupiter]/[class:minebayd1.test.TestUser]/[test-template:testget(minebayd1.User, int)]/[test-template-invocation:#29]
display-name: [29] Mamadou a 59 annonces ouvertes, 2 annonces fermées et 1 achats 
, 39
]]></system-out>
</testcase>
<testcase name="testget(User, int)[30]" classname="minebayd1.test.TestUser" time="0.009">
<system-out><![CDATA[
unique-id: [engine:junit-jupiter]/[class:minebayd1.test.TestUser]/[test-template:testget(minebayd1.User, int)]/[test-template-invocation:#30]
display-name: [30] Naila a 60 annonces ouvertes, 3 annonces fermées et 4 achats 
, 22
]]></system-out>
</testcase>
<testcase name="testget(User, int)[31]" classname="minebayd1.test.TestUser" time="0">
<skipped><![CDATA[org.opentest4j.TestAbortedException: Assumption failed: assumption is not true
	at org.junit.jupiter.api.Assumptions.throwTestAbortedException(Assumptions.java:256)
	at org.junit.jupiter.api.Assumptions.assumeTrue(Assumptions.java:115)
	at org.junit.jupiter.api.Assumptions.assumeTrue(Assumptions.java:66)
	at minebayd1.test.TestUser.testget(TestUser.java:918)
	at jdk.internal.reflect.GeneratedMethodAccessor5.invoke(Unknown Source)
	at java.base/jdk.internal.reflect.DelegatingMethodAccessorImpl.invoke(DelegatingMethodAccessorImpl.java:43)
	at java.base/java.lang.reflect.Method.invoke(Method.java:569)
	at org.junit.platform.commons.util.ReflectionUtils.invokeMethod(ReflectionUtils.java:688)
	at org.junit.jupiter.engine.execution.MethodInvocation.proceed(MethodInvocation.java:60)
	at org.junit.jupiter.engine.execution.InvocationInterceptorChain$ValidatingInvocation.proceed(InvocationInterceptorChain.java:131)
	at org.junit.jupiter.engine.extension.TimeoutExtension.intercept(TimeoutExtension.java:149)
	at org.junit.jupiter.engine.extension.TimeoutExtension.interceptTestableMethod(TimeoutExtension.java:140)
	at org.junit.jupiter.engine.extension.TimeoutExtension.interceptTestTemplateMethod(TimeoutExtension.java:92)
	at org.junit.jupiter.engine.execution.ExecutableInvoker$ReflectiveInterceptorCall.lambda$ofVoidMethod$0(ExecutableInvoker.java:115)
	at org.junit.jupiter.engine.execution.ExecutableInvoker.lambda$invoke$0(ExecutableInvoker.java:105)
	at org.junit.jupiter.engine.execution.InvocationInterceptorChain$InterceptedInvocation.proceed(InvocationInterceptorChain.java:106)
	at org.junit.jupiter.engine.execution.InvocationInterceptorChain.proceed(InvocationInterceptorChain.java:64)
	at org.junit.jupiter.engine.execution.InvocationInterceptorChain.chainAndInvoke(InvocationInterceptorChain.java:45)
	at org.junit.jupiter.engine.execution.InvocationInterceptorChain.invoke(InvocationInterceptorChain.java:37)
	at org.junit.jupiter.engine.execution.ExecutableInvoker.invoke(ExecutableInvoker.java:104)
	at org.junit.jupiter.engine.execution.ExecutableInvoker.invoke(ExecutableInvoker.java:98)
	at org.junit.jupiter.engine.descriptor.TestMethodTestDescriptor.lambda$invokeTestMethod$6(TestMethodTestDescriptor.java:210)
	at org.junit.platform.engine.support.hierarchical.ThrowableCollector.execute(ThrowableCollector.java:73)
	at org.junit.jupiter.engine.descriptor.TestMethodTestDescriptor.invokeTestMethod(TestMethodTestDescriptor.java:206)
	at org.junit.jupiter.engine.descriptor.TestMethodTestDescriptor.execute(TestMethodTestDescriptor.java:131)
	at org.junit.jupiter.engine.descriptor.TestMethodTestDescriptor.execute(TestMethodTestDescriptor.java:65)
	at org.junit.platform.engine.support.hierarchical.NodeTestTask.lambda$executeRecursively$5(NodeTestTask.java:139)
	at org.junit.platform.engine.support.hierarchical.ThrowableCollector.execute(ThrowableCollector.java:73)
	at org.junit.platform.engine.support.hierarchical.NodeTestTask.lambda$executeRecursively$7(NodeTestTask.java:129)
	at org.junit.platform.engine.support.hierarchical.Node.around(Node.java:137)
	at org.junit.platform.engine.support.hierarchical.NodeTestTask.lambda$executeRecursively$8(NodeTestTask.java:127)
	at org.junit.platform.engine.support.hierarchical.ThrowableCollector.execute(ThrowableCollector.java:73)
	at org.junit.platform.engine.support.hierarchical.NodeTestTask.executeRecursively(NodeTestTask.java:126)
	at org.junit.platform.engine.support.hierarchical.NodeTestTask.execute(NodeTestTask.java:84)
	at org.junit.platform.engine.support.hierarchical.SameThreadHierarchicalTestExecutorService.submit(SameThreadHierarchicalTestExecutorService.java:32)
	at org.junit.platform.engine.support.hierarchical.NodeTestTask$DefaultDynamicTestExecutor.execute(NodeTestTask.java:212)
	at org.junit.platform.engine.support.hierarchical.NodeTestTask$DefaultDynamicTestExecutor.execute(NodeTestTask.java:192)
	at org.junit.jupiter.engine.descriptor.TestTemplateTestDescriptor.execute(TestTemplateTestDescriptor.java:139)
	at org.junit.jupiter.engine.descriptor.TestTemplateTestDescriptor.lambda$execute$2(TestTemplateTestDescriptor.java:107)
	at java.base/java.util.stream.ForEachOps$ForEachOp$OfRef.accept(ForEachOps.java:183)
	at java.base/java.util.stream.ReferencePipeline$3$1.accept(ReferencePipeline.java:197)
	at java.base/java.util.stream.ReferencePipeline$2$1.accept(ReferencePipeline.java:179)
	at java.base/java.util.stream.ReferencePipeline$3$1.accept(ReferencePipeline.java:197)
	at java.base/java.util.stream.ForEachOps$ForEachOp$OfRef.accept(ForEachOps.java:183)
	at java.base/java.util.stream.ReferencePipeline$15$1.accept(ReferencePipeline.java:541)
	at java.base/java.util.stream.ReferencePipeline$3$1.accept(ReferencePipeline.java:197)
	at java.base/java.util.stream.ReferencePipeline$3$1.accept(ReferencePipeline.java:197)
	at java.base/java.util.stream.ReferencePipeline$3$1.accept(ReferencePipeline.java:197)
	at java.base/java.util.stream.ForEachOps$ForEachOp$OfRef.accept(ForEachOps.java:183)
	at java.base/java.util.stream.ReferencePipeline$3$1.accept(ReferencePipeline.java:197)
	at java.base/java.util.stream.ForEachOps$ForEachOp$OfRef.accept(ForEachOps.java:183)
	at java.base/java.util.stream.SliceOps$1$1.accept(SliceOps.java:200)
	at java.base/java.util.stream.StreamSpliterators$InfiniteSupplyingSpliterator$OfRef.tryAdvance(StreamSpliterators.java:1358)
	at java.base/java.util.stream.ReferencePipeline.forEachWithCancel(ReferencePipeline.java:129)
	at java.base/java.util.stream.AbstractPipeline.copyIntoWithCancel(AbstractPipeline.java:527)
	at java.base/java.util.stream.AbstractPipeline.copyInto(AbstractPipeline.java:513)
	at java.base/java.util.stream.AbstractPipeline.wrapAndCopyInto(AbstractPipeline.java:499)
	at java.base/java.util.stream.ForEachOps$ForEachOp.evaluateSequential(ForEachOps.java:150)
	at java.base/java.util.stream.ForEachOps$ForEachOp$OfRef.evaluateSequential(ForEachOps.java:173)
	at java.base/java.util.stream.AbstractPipeline.evaluate(AbstractPipeline.java:234)
	at java.base/java.util.stream.ReferencePipeline.forEach(ReferencePipeline.java:596)
	at java.base/java.util.stream.ReferencePipeline$7$1.accept(ReferencePipeline.java:276)
	at java.base/java.util.stream.ReferencePipeline$3$1.accept(ReferencePipeline.java:197)
	at java.base/java.util.stream.ReferencePipeline$3$1.accept(ReferencePipeline.java:197)
	at java.base/java.util.Spliterators$ArraySpliterator.forEachRemaining(Spliterators.java:992)
	at java.base/java.util.stream.AbstractPipeline.copyInto(AbstractPipeline.java:509)
	at java.base/java.util.stream.AbstractPipeline.wrapAndCopyInto(AbstractPipeline.java:499)
	at java.base/java.util.stream.ForEachOps$ForEachOp.evaluateSequential(ForEachOps.java:150)
	at java.base/java.util.stream.ForEachOps$ForEachOp$OfRef.evaluateSequential(ForEachOps.java:173)
	at java.base/java.util.stream.AbstractPipeline.evaluate(AbstractPipeline.java:234)
	at java.base/java.util.stream.ReferencePipeline.forEach(ReferencePipeline.java:596)
	at java.base/java.util.stream.ReferencePipeline$7$1.accept(ReferencePipeline.java:276)
	at java.base/java.util.stream.ReferencePipeline$3$1.accept(ReferencePipeline.java:197)
	at java.base/java.util.stream.ReferencePipeline$3$1.accept(ReferencePipeline.java:197)
	at java.base/java.util.stream.ReferencePipeline$3$1.accept(ReferencePipeline.java:197)
	at java.base/java.util.ArrayList$ArrayListSpliterator.forEachRemaining(ArrayList.java:1625)
	at java.base/java.util.stream.AbstractPipeline.copyInto(AbstractPipeline.java:509)
	at java.base/java.util.stream.AbstractPipeline.wrapAndCopyInto(AbstractPipeline.java:499)
	at java.base/java.util.stream.ForEachOps$ForEachOp.evaluateSequential(ForEachOps.java:150)
	at java.base/java.util.stream.ForEachOps$ForEachOp$OfRef.evaluateSequential(ForEachOps.java:173)
	at java.base/java.util.stream.AbstractPipeline.evaluate(AbstractPipeline.java:234)
	at java.base/java.util.stream.ReferencePipeline.forEach(ReferencePipeline.java:596)
	at java.base/java.util.stream.ReferencePipeline$7$1.accept(ReferencePipeline.java:276)
	at java.base/java.util.ArrayList$ArrayListSpliterator.forEachRemaining(ArrayList.java:1625)
	at java.base/java.util.stream.AbstractPipeline.copyInto(AbstractPipeline.java:509)
	at java.base/java.util.stream.AbstractPipeline.wrapAndCopyInto(AbstractPipeline.java:499)
	at java.base/java.util.stream.ForEachOps$ForEachOp.evaluateSequential(ForEachOps.java:150)
	at java.base/java.util.stream.ForEachOps$ForEachOp$OfRef.evaluateSequential(ForEachOps.java:173)
	at java.base/java.util.stream.AbstractPipeline.evaluate(AbstractPipeline.java:234)
	at java.base/java.util.stream.ReferencePipeline.forEach(ReferencePipeline.java:596)
	at org.junit.jupiter.engine.descriptor.TestTemplateTestDescriptor.execute(TestTemplateTestDescriptor.java:107)
	at org.junit.jupiter.engine.descriptor.TestTemplateTestDescriptor.execute(TestTemplateTestDescriptor.java:42)
	at org.junit.platform.engine.support.hierarchical.NodeTestTask.lambda$executeRecursively$5(NodeTestTask.java:139)
	at org.junit.platform.engine.support.hierarchical.ThrowableCollector.execute(ThrowableCollector.java:73)
	at org.junit.platform.engine.support.hierarchical.NodeTestTask.lambda$executeRecursively$7(NodeTestTask.java:129)
	at org.junit.platform.engine.support.hierarchical.Node.around(Node.java:137)
	at org.junit.platform.engine.support.hierarchical.NodeTestTask.lambda$executeRecursively$8(NodeTestTask.java:127)
	at org.junit.platform.engine.support.hierarchical.ThrowableCollector.execute(ThrowableCollector.java:73)
	at org.junit.platform.engine.support.hierarchical.NodeTestTask.executeRecursively(NodeTestTask.java:126)
	at org.junit.platform.engine.support.hierarchical.NodeTestTask.execute(NodeTestTask.java:84)
	at java.base/java.util.ArrayList.forEach(ArrayList.java:1511)
	at org.junit.platform.engine.support.hierarchical.SameThreadHierarchicalTestExecutorService.invokeAll(SameThreadHierarchicalTestExecutorService.java:38)
	at org.junit.platform.engine.support.hierarchical.NodeTestTask.lambda$executeRecursively$5(NodeTestTask.java:143)
	at org.junit.platform.engine.support.hierarchical.ThrowableCollector.execute(ThrowableCollector.java:73)
	at org.junit.platform.engine.support.hierarchical.NodeTestTask.lambda$executeRecursively$7(NodeTestTask.java:129)
	at org.junit.platform.engine.support.hierarchical.Node.around(Node.java:137)
	at org.junit.platform.engine.support.hierarchical.NodeTestTask.lambda$executeRecursively$8(NodeTestTask.java:127)
	at org.junit.platform.engine.support.hierarchical.ThrowableCollector.execute(ThrowableCollector.java:73)
	at org.junit.platform.engine.support.hierarchical.NodeTestTask.executeRecursively(NodeTestTask.java:126)
	at org.junit.platform.engine.support.hierarchical.NodeTestTask.execute(NodeTestTask.java:84)
	at java.base/java.util.ArrayList.forEach(ArrayList.java:1511)
	at org.junit.platform.engine.support.hierarchical.SameThreadHierarchicalTestExecutorService.invokeAll(SameThreadHierarchicalTestExecutorService.java:38)
	at org.junit.platform.engine.support.hierarchical.NodeTestTask.lambda$executeRecursively$5(NodeTestTask.java:143)
	at org.junit.platform.engine.support.hierarchical.ThrowableCollector.execute(ThrowableCollector.java:73)
	at org.junit.platform.engine.support.hierarchical.NodeTestTask.lambda$executeRecursively$7(NodeTestTask.java:129)
	at org.junit.platform.engine.support.hierarchical.Node.around(Node.java:137)
	at org.junit.platform.engine.support.hierarchical.NodeTestTask.lambda$executeRecursively$8(NodeTestTask.java:127)
	at org.junit.platform.engine.support.hierarchical.ThrowableCollector.execute(ThrowableCollector.java:73)
	at org.junit.platform.engine.support.hierarchical.NodeTestTask.executeRecursively(NodeTestTask.java:126)
	at org.junit.platform.engine.support.hierarchical.NodeTestTask.execute(NodeTestTask.java:84)
	at org.junit.platform.engine.support.hierarchical.SameThreadHierarchicalTestExecutorService.submit(SameThreadHierarchicalTestExecutorService.java:32)
	at org.junit.platform.engine.support.hierarchical.HierarchicalTestExecutor.execute(HierarchicalTestExecutor.java:57)
	at org.junit.platform.engine.support.hierarchical.HierarchicalTestEngine.execute(HierarchicalTestEngine.java:51)
	at org.junit.platform.launcher.core.EngineExecutionOrchestrator.execute(EngineExecutionOrchestrator.java:108)
	at org.junit.platform.launcher.core.EngineExecutionOrchestrator.execute(EngineExecutionOrchestrator.java:88)
	at org.junit.platform.launcher.core.EngineExecutionOrchestrator.lambda$execute$0(EngineExecutionOrchestrator.java:54)
	at org.junit.platform.launcher.core.EngineExecutionOrchestrator.withInterceptedStreams(EngineExecutionOrchestrator.java:67)
	at org.junit.platform.launcher.core.EngineExecutionOrchestrator.execute(EngineExecutionOrchestrator.java:52)
	at org.junit.platform.launcher.core.DefaultLauncher.execute(DefaultLauncher.java:96)
	at org.junit.platform.launcher.core.DefaultLauncher.execute(DefaultLauncher.java:75)
	at org.junit.platform.console.tasks.ConsoleTestExecutor.executeTests(ConsoleTestExecutor.java:66)
	at org.junit.platform.console.tasks.ConsoleTestExecutor.lambda$execute$0(ConsoleTestExecutor.java:58)
	at org.junit.platform.console.tasks.CustomContextClassLoaderExecutor.replaceThreadContextClassLoaderAndInvoke(CustomContextClassLoaderExecutor.java:41)
	at org.junit.platform.console.tasks.CustomContextClassLoaderExecutor.invoke(CustomContextClassLoaderExecutor.java:31)
	at org.junit.platform.console.tasks.ConsoleTestExecutor.execute(ConsoleTestExecutor.java:58)
	at org.junit.platform.console.ConsoleLauncher.executeTests(ConsoleLauncher.java:95)
	at org.junit.platform.console.ConsoleLauncher.execute(ConsoleLauncher.java:73)
	at org.junit.platform.console.ConsoleLauncher.execute(ConsoleLauncher.java:50)
	at org.junit.platform.console.ConsoleLauncher.execute(ConsoleLauncher.java:43)
	at org.junit.platform.console.ConsoleLauncher.main(ConsoleLauncher.java:37)
]]></skipped>
<system-out><![CDATA[
unique-id: [engine:junit-jupiter]/[class:minebayd1.test.TestUser]/[test-template:testget(minebayd1.User, int)]/[test-template-invocation:#31]
display-name: [31] Faycal a 51 annonces ouvertes, 3 annonces fermées et 4 achats 
, 1
]]></system-out>
</testcase>
<testcase name="testget(User, int)[32]" classname="minebayd1.test.TestUser" time="0.001">
<system-out><![CDATA[
unique-id: [engine:junit-jupiter]/[class:minebayd1.test.TestUser]/[test-template:testget(minebayd1.User, int)]/[test-template-invocation:#32]
display-name: [32] Mamadou a 59 annonces ouvertes, 2 annonces fermées et 1 achats 
, 18
]]></system-out>
</testcase>
<testcase name="testget(User, int)[33]" classname="minebayd1.test.TestUser" time="0">
<system-out><![CDATA[
unique-id: [engine:junit-jupiter]/[class:minebayd1.test.TestUser]/[test-template:testget(minebayd1.User, int)]/[test-template-invocation:#33]
display-name: [33] Pierre a 41 annonces ouvertes, 5 annonces fermées et 2 achats 
, 36
]]></system-out>
</testcase>
<testcase name="testget(User, int)[34]" classname="minebayd1.test.TestUser" time="0">
<skipped><![CDATA[org.opentest4j.TestAbortedException: Assumption failed: assumption is not true
	at org.junit.jupiter.api.Assumptions.throwTestAbortedException(Assumptions.java:256)
	at org.junit.jupiter.api.Assumptions.assumeTrue(Assumptions.java:115)
	at org.junit.jupiter.api.Assumptions.assumeTrue(Assumptions.java:66)
	at minebayd1.test.TestUser.testget(TestUser.java:918)
	at jdk.internal.reflect.GeneratedMethodAccessor5.invoke(Unknown Source)
	at java.base/jdk.internal.reflect.DelegatingMethodAccessorImpl.invoke(DelegatingMethodAccessorImpl.java:43)
	at java.base/java.lang.reflect.Method.invoke(Method.java:569)
	at org.junit.platform.commons.util.ReflectionUtils.invokeMethod(ReflectionUtils.java:688)
	at org.junit.jupiter.engine.execution.MethodInvocation.proceed(MethodInvocation.java:60)
	at org.junit.jupiter.engine.execution.InvocationInterceptorChain$ValidatingInvocation.proceed(InvocationInterceptorChain.java:131)
	at org.junit.jupiter.engine.extension.TimeoutExtension.intercept(TimeoutExtension.java:149)
	at org.junit.jupiter.engine.extension.TimeoutExtension.interceptTestableMethod(TimeoutExtension.java:140)
	at org.junit.jupiter.engine.extension.TimeoutExtension.interceptTestTemplateMethod(TimeoutExtension.java:92)
	at org.junit.jupiter.engine.execution.ExecutableInvoker$ReflectiveInterceptorCall.lambda$ofVoidMethod$0(ExecutableInvoker.java:115)
	at org.junit.jupiter.engine.execution.ExecutableInvoker.lambda$invoke$0(ExecutableInvoker.java:105)
	at org.junit.jupiter.engine.execution.InvocationInterceptorChain$InterceptedInvocation.proceed(InvocationInterceptorChain.java:106)
	at org.junit.jupiter.engine.execution.InvocationInterceptorChain.proceed(InvocationInterceptorChain.java:64)
	at org.junit.jupiter.engine.execution.InvocationInterceptorChain.chainAndInvoke(InvocationInterceptorChain.java:45)
	at org.junit.jupiter.engine.execution.InvocationInterceptorChain.invoke(InvocationInterceptorChain.java:37)
	at org.junit.jupiter.engine.execution.ExecutableInvoker.invoke(ExecutableInvoker.java:104)
	at org.junit.jupiter.engine.execution.ExecutableInvoker.invoke(ExecutableInvoker.java:98)
	at org.junit.jupiter.engine.descriptor.TestMethodTestDescriptor.lambda$invokeTestMethod$6(TestMethodTestDescriptor.java:210)
	at org.junit.platform.engine.support.hierarchical.ThrowableCollector.execute(ThrowableCollector.java:73)
	at org.junit.jupiter.engine.descriptor.TestMethodTestDescriptor.invokeTestMethod(TestMethodTestDescriptor.java:206)
	at org.junit.jupiter.engine.descriptor.TestMethodTestDescriptor.execute(TestMethodTestDescriptor.java:131)
	at org.junit.jupiter.engine.descriptor.TestMethodTestDescriptor.execute(TestMethodTestDescriptor.java:65)
	at org.junit.platform.engine.support.hierarchical.NodeTestTask.lambda$executeRecursively$5(NodeTestTask.java:139)
	at org.junit.platform.engine.support.hierarchical.ThrowableCollector.execute(ThrowableCollector.java:73)
	at org.junit.platform.engine.support.hierarchical.NodeTestTask.lambda$executeRecursively$7(NodeTestTask.java:129)
	at org.junit.platform.engine.support.hierarchical.Node.around(Node.java:137)
	at org.junit.platform.engine.support.hierarchical.NodeTestTask.lambda$executeRecursively$8(NodeTestTask.java:127)
	at org.junit.platform.engine.support.hierarchical.ThrowableCollector.execute(ThrowableCollector.java:73)
	at org.junit.platform.engine.support.hierarchical.NodeTestTask.executeRecursively(NodeTestTask.java:126)
	at org.junit.platform.engine.support.hierarchical.NodeTestTask.execute(NodeTestTask.java:84)
	at org.junit.platform.engine.support.hierarchical.SameThreadHierarchicalTestExecutorService.submit(SameThreadHierarchicalTestExecutorService.java:32)
	at org.junit.platform.engine.support.hierarchical.NodeTestTask$DefaultDynamicTestExecutor.execute(NodeTestTask.java:212)
	at org.junit.platform.engine.support.hierarchical.NodeTestTask$DefaultDynamicTestExecutor.execute(NodeTestTask.java:192)
	at org.junit.jupiter.engine.descriptor.TestTemplateTestDescriptor.execute(TestTemplateTestDescriptor.java:139)
	at org.junit.jupiter.engine.descriptor.TestTemplateTestDescriptor.lambda$execute$2(TestTemplateTestDescriptor.java:107)
	at java.base/java.util.stream.ForEachOps$ForEachOp$OfRef.accept(ForEachOps.java:183)
	at java.base/java.util.stream.ReferencePipeline$3$1.accept(ReferencePipeline.java:197)
	at java.base/java.util.stream.ReferencePipeline$2$1.accept(ReferencePipeline.java:179)
	at java.base/java.util.stream.ReferencePipeline$3$1.accept(ReferencePipeline.java:197)
	at java.base/java.util.stream.ForEachOps$ForEachOp$OfRef.accept(ForEachOps.java:183)
	at java.base/java.util.stream.ReferencePipeline$15$1.accept(ReferencePipeline.java:541)
	at java.base/java.util.stream.ReferencePipeline$3$1.accept(ReferencePipeline.java:197)
	at java.base/java.util.stream.ReferencePipeline$3$1.accept(ReferencePipeline.java:197)
	at java.base/java.util.stream.ReferencePipeline$3$1.accept(ReferencePipeline.java:197)
	at java.base/java.util.stream.ForEachOps$ForEachOp$OfRef.accept(ForEachOps.java:183)
	at java.base/java.util.stream.ReferencePipeline$3$1.accept(ReferencePipeline.java:197)
	at java.base/java.util.stream.ForEachOps$ForEachOp$OfRef.accept(ForEachOps.java:183)
	at java.base/java.util.stream.SliceOps$1$1.accept(SliceOps.java:200)
	at java.base/java.util.stream.StreamSpliterators$InfiniteSupplyingSpliterator$OfRef.tryAdvance(StreamSpliterators.java:1358)
	at java.base/java.util.stream.ReferencePipeline.forEachWithCancel(ReferencePipeline.java:129)
	at java.base/java.util.stream.AbstractPipeline.copyIntoWithCancel(AbstractPipeline.java:527)
	at java.base/java.util.stream.AbstractPipeline.copyInto(AbstractPipeline.java:513)
	at java.base/java.util.stream.AbstractPipeline.wrapAndCopyInto(AbstractPipeline.java:499)
	at java.base/java.util.stream.ForEachOps$ForEachOp.evaluateSequential(ForEachOps.java:150)
	at java.base/java.util.stream.ForEachOps$ForEachOp$OfRef.evaluateSequential(ForEachOps.java:173)
	at java.base/java.util.stream.AbstractPipeline.evaluate(AbstractPipeline.java:234)
	at java.base/java.util.stream.ReferencePipeline.forEach(ReferencePipeline.java:596)
	at java.base/java.util.stream.ReferencePipeline$7$1.accept(ReferencePipeline.java:276)
	at java.base/java.util.stream.ReferencePipeline$3$1.accept(ReferencePipeline.java:197)
	at java.base/java.util.stream.ReferencePipeline$3$1.accept(ReferencePipeline.java:197)
	at java.base/java.util.Spliterators$ArraySpliterator.forEachRemaining(Spliterators.java:992)
	at java.base/java.util.stream.AbstractPipeline.copyInto(AbstractPipeline.java:509)
	at java.base/java.util.stream.AbstractPipeline.wrapAndCopyInto(AbstractPipeline.java:499)
	at java.base/java.util.stream.ForEachOps$ForEachOp.evaluateSequential(ForEachOps.java:150)
	at java.base/java.util.stream.ForEachOps$ForEachOp$OfRef.evaluateSequential(ForEachOps.java:173)
	at java.base/java.util.stream.AbstractPipeline.evaluate(AbstractPipeline.java:234)
	at java.base/java.util.stream.ReferencePipeline.forEach(ReferencePipeline.java:596)
	at java.base/java.util.stream.ReferencePipeline$7$1.accept(ReferencePipeline.java:276)
	at java.base/java.util.stream.ReferencePipeline$3$1.accept(ReferencePipeline.java:197)
	at java.base/java.util.stream.ReferencePipeline$3$1.accept(ReferencePipeline.java:197)
	at java.base/java.util.stream.ReferencePipeline$3$1.accept(ReferencePipeline.java:197)
	at java.base/java.util.ArrayList$ArrayListSpliterator.forEachRemaining(ArrayList.java:1625)
	at java.base/java.util.stream.AbstractPipeline.copyInto(AbstractPipeline.java:509)
	at java.base/java.util.stream.AbstractPipeline.wrapAndCopyInto(AbstractPipeline.java:499)
	at java.base/java.util.stream.ForEachOps$ForEachOp.evaluateSequential(ForEachOps.java:150)
	at java.base/java.util.stream.ForEachOps$ForEachOp$OfRef.evaluateSequential(ForEachOps.java:173)
	at java.base/java.util.stream.AbstractPipeline.evaluate(AbstractPipeline.java:234)
	at java.base/java.util.stream.ReferencePipeline.forEach(ReferencePipeline.java:596)
	at java.base/java.util.stream.ReferencePipeline$7$1.accept(ReferencePipeline.java:276)
	at java.base/java.util.ArrayList$ArrayListSpliterator.forEachRemaining(ArrayList.java:1625)
	at java.base/java.util.stream.AbstractPipeline.copyInto(AbstractPipeline.java:509)
	at java.base/java.util.stream.AbstractPipeline.wrapAndCopyInto(AbstractPipeline.java:499)
	at java.base/java.util.stream.ForEachOps$ForEachOp.evaluateSequential(ForEachOps.java:150)
	at java.base/java.util.stream.ForEachOps$ForEachOp$OfRef.evaluateSequential(ForEachOps.java:173)
	at java.base/java.util.stream.AbstractPipeline.evaluate(AbstractPipeline.java:234)
	at java.base/java.util.stream.ReferencePipeline.forEach(ReferencePipeline.java:596)
	at org.junit.jupiter.engine.descriptor.TestTemplateTestDescriptor.execute(TestTemplateTestDescriptor.java:107)
	at org.junit.jupiter.engine.descriptor.TestTemplateTestDescriptor.execute(TestTemplateTestDescriptor.java:42)
	at org.junit.platform.engine.support.hierarchical.NodeTestTask.lambda$executeRecursively$5(NodeTestTask.java:139)
	at org.junit.platform.engine.support.hierarchical.ThrowableCollector.execute(ThrowableCollector.java:73)
	at org.junit.platform.engine.support.hierarchical.NodeTestTask.lambda$executeRecursively$7(NodeTestTask.java:129)
	at org.junit.platform.engine.support.hierarchical.Node.around(Node.java:137)
	at org.junit.platform.engine.support.hierarchical.NodeTestTask.lambda$executeRecursively$8(NodeTestTask.java:127)
	at org.junit.platform.engine.support.hierarchical.ThrowableCollector.execute(ThrowableCollector.java:73)
	at org.junit.platform.engine.support.hierarchical.NodeTestTask.executeRecursively(NodeTestTask.java:126)
	at org.junit.platform.engine.support.hierarchical.NodeTestTask.execute(NodeTestTask.java:84)
	at java.base/java.util.ArrayList.forEach(ArrayList.java:1511)
	at org.junit.platform.engine.support.hierarchical.SameThreadHierarchicalTestExecutorService.invokeAll(SameThreadHierarchicalTestExecutorService.java:38)
	at org.junit.platform.engine.support.hierarchical.NodeTestTask.lambda$executeRecursively$5(NodeTestTask.java:143)
	at org.junit.platform.engine.support.hierarchical.ThrowableCollector.execute(ThrowableCollector.java:73)
	at org.junit.platform.engine.support.hierarchical.NodeTestTask.lambda$executeRecursively$7(NodeTestTask.java:129)
	at org.junit.platform.engine.support.hierarchical.Node.around(Node.java:137)
	at org.junit.platform.engine.support.hierarchical.NodeTestTask.lambda$executeRecursively$8(NodeTestTask.java:127)
	at org.junit.platform.engine.support.hierarchical.ThrowableCollector.execute(ThrowableCollector.java:73)
	at org.junit.platform.engine.support.hierarchical.NodeTestTask.executeRecursively(NodeTestTask.java:126)
	at org.junit.platform.engine.support.hierarchical.NodeTestTask.execute(NodeTestTask.java:84)
	at java.base/java.util.ArrayList.forEach(ArrayList.java:1511)
	at org.junit.platform.engine.support.hierarchical.SameThreadHierarchicalTestExecutorService.invokeAll(SameThreadHierarchicalTestExecutorService.java:38)
	at org.junit.platform.engine.support.hierarchical.NodeTestTask.lambda$executeRecursively$5(NodeTestTask.java:143)
	at org.junit.platform.engine.support.hierarchical.ThrowableCollector.execute(ThrowableCollector.java:73)
	at org.junit.platform.engine.support.hierarchical.NodeTestTask.lambda$executeRecursively$7(NodeTestTask.java:129)
	at org.junit.platform.engine.support.hierarchical.Node.around(Node.java:137)
	at org.junit.platform.engine.support.hierarchical.NodeTestTask.lambda$executeRecursively$8(NodeTestTask.java:127)
	at org.junit.platform.engine.support.hierarchical.ThrowableCollector.execute(ThrowableCollector.java:73)
	at org.junit.platform.engine.support.hierarchical.NodeTestTask.executeRecursively(NodeTestTask.java:126)
	at org.junit.platform.engine.support.hierarchical.NodeTestTask.execute(NodeTestTask.java:84)
	at org.junit.platform.engine.support.hierarchical.SameThreadHierarchicalTestExecutorService.submit(SameThreadHierarchicalTestExecutorService.java:32)
	at org.junit.platform.engine.support.hierarchical.HierarchicalTestExecutor.execute(HierarchicalTestExecutor.java:57)
	at org.junit.platform.engine.support.hierarchical.HierarchicalTestEngine.execute(HierarchicalTestEngine.java:51)
	at org.junit.platform.launcher.core.EngineExecutionOrchestrator.execute(EngineExecutionOrchestrator.java:108)
	at org.junit.platform.launcher.core.EngineExecutionOrchestrator.execute(EngineExecutionOrchestrator.java:88)
	at org.junit.platform.launcher.core.EngineExecutionOrchestrator.lambda$execute$0(EngineExecutionOrchestrator.java:54)
	at org.junit.platform.launcher.core.EngineExecutionOrchestrator.withInterceptedStreams(EngineExecutionOrchestrator.java:67)
	at org.junit.platform.launcher.core.EngineExecutionOrchestrator.execute(EngineExecutionOrchestrator.java:52)
	at org.junit.platform.launcher.core.DefaultLauncher.execute(DefaultLauncher.java:96)
	at org.junit.platform.launcher.core.DefaultLauncher.execute(DefaultLauncher.java:75)
	at org.junit.platform.console.tasks.ConsoleTestExecutor.executeTests(ConsoleTestExecutor.java:66)
	at org.junit.platform.console.tasks.ConsoleTestExecutor.lambda$execute$0(ConsoleTestExecutor.java:58)
	at org.junit.platform.console.tasks.CustomContextClassLoaderExecutor.replaceThreadContextClassLoaderAndInvoke(CustomContextClassLoaderExecutor.java:41)
	at org.junit.platform.console.tasks.CustomContextClassLoaderExecutor.invoke(CustomContextClassLoaderExecutor.java:31)
	at org.junit.platform.console.tasks.ConsoleTestExecutor.execute(ConsoleTestExecutor.java:58)
	at org.junit.platform.console.ConsoleLauncher.executeTests(ConsoleLauncher.java:95)
	at org.junit.platform.console.ConsoleLauncher.execute(ConsoleLauncher.java:73)
	at org.junit.platform.console.ConsoleLauncher.execute(ConsoleLauncher.java:50)
	at org.junit.platform.console.ConsoleLauncher.execute(ConsoleLauncher.java:43)
	at org.junit.platform.console.ConsoleLauncher.main(ConsoleLauncher.java:37)
]]></skipped>
<system-out><![CDATA[
unique-id: [engine:junit-jupiter]/[class:minebayd1.test.TestUser]/[test-template:testget(minebayd1.User, int)]/[test-template-invocation:#34]
display-name: [34] Mohamed a 45 annonces ouvertes, 2 annonces fermées et 3 achats 
, 0
]]></system-out>
</testcase>
<testcase name="testget(User, int)[35]" classname="minebayd1.test.TestUser" time="0">
<system-out><![CDATA[
unique-id: [engine:junit-jupiter]/[class:minebayd1.test.TestUser]/[test-template:testget(minebayd1.User, int)]/[test-template-invocation:#35]
display-name: [35] Ayman a 53 annonces ouvertes, 4 annonces fermées et 4 achats 
, 50
]]></system-out>
</testcase>
<testcase name="testget(User, int)[36]" classname="minebayd1.test.TestUser" time="0">
<system-out><![CDATA[
unique-id: [engine:junit-jupiter]/[class:minebayd1.test.TestUser]/[test-template:testget(minebayd1.User, int)]/[test-template-invocation:#36]
display-name: [36] Adam a 49 annonces ouvertes, 3 annonces fermées et 3 achats 
, 32
]]></system-out>
</testcase>
<testcase name="testget(User, int)[37]" classname="minebayd1.test.TestUser" time="0">
<system-out><![CDATA[
unique-id: [engine:junit-jupiter]/[class:minebayd1.test.TestUser]/[test-template:testget(minebayd1.User, int)]/[test-template-invocation:#37]
display-name: [37] Ayman a 53 annonces ouvertes, 4 annonces fermées et 4 achats 
, 13
]]></system-out>
</testcase>
<testcase name="testget(User, int)[38]" classname="minebayd1.test.TestUser" time="0">
<system-out><![CDATA[
unique-id: [engine:junit-jupiter]/[class:minebayd1.test.TestUser]/[test-template:testget(minebayd1.User, int)]/[test-template-invocation:#38]
display-name: [38] Adam a 49 annonces ouvertes, 3 annonces fermées et 3 achats 
, 11
]]></system-out>
</testcase>
<testcase name="testget(User, int)[39]" classname="minebayd1.test.TestUser" time="0.011">
<system-out><![CDATA[
unique-id: [engine:junit-jupiter]/[class:minebayd1.test.TestUser]/[test-template:testget(minebayd1.User, int)]/[test-template-invocation:#39]
display-name: [39] Aliou a 50 annonces ouvertes, 3 annonces fermées et 2 achats 
, 48
]]></system-out>
</testcase>
<testcase name="testget(User, int)[40]" classname="minebayd1.test.TestUser" time="0.012">
<system-out><![CDATA[
unique-id: [engine:junit-jupiter]/[class:minebayd1.test.TestUser]/[test-template:testget(minebayd1.User, int)]/[test-template-invocation:#40]
display-name: [40] Boris a 63 annonces ouvertes, 2 annonces fermées et 3 achats 
, 2
]]></system-out>
</testcase>
<testcase name="testget(User, int)[41]" classname="minebayd1.test.TestUser" time="0">
<skipped><![CDATA[org.opentest4j.TestAbortedException: Assumption failed: assumption is not true
	at org.junit.jupiter.api.Assumptions.throwTestAbortedException(Assumptions.java:256)
	at org.junit.jupiter.api.Assumptions.assumeTrue(Assumptions.java:115)
	at org.junit.jupiter.api.Assumptions.assumeTrue(Assumptions.java:66)
	at minebayd1.test.TestUser.testget(TestUser.java:918)
	at jdk.internal.reflect.GeneratedMethodAccessor5.invoke(Unknown Source)
	at java.base/jdk.internal.reflect.DelegatingMethodAccessorImpl.invoke(DelegatingMethodAccessorImpl.java:43)
	at java.base/java.lang.reflect.Method.invoke(Method.java:569)
	at org.junit.platform.commons.util.ReflectionUtils.invokeMethod(ReflectionUtils.java:688)
	at org.junit.jupiter.engine.execution.MethodInvocation.proceed(MethodInvocation.java:60)
	at org.junit.jupiter.engine.execution.InvocationInterceptorChain$ValidatingInvocation.proceed(InvocationInterceptorChain.java:131)
	at org.junit.jupiter.engine.extension.TimeoutExtension.intercept(TimeoutExtension.java:149)
	at org.junit.jupiter.engine.extension.TimeoutExtension.interceptTestableMethod(TimeoutExtension.java:140)
	at org.junit.jupiter.engine.extension.TimeoutExtension.interceptTestTemplateMethod(TimeoutExtension.java:92)
	at org.junit.jupiter.engine.execution.ExecutableInvoker$ReflectiveInterceptorCall.lambda$ofVoidMethod$0(ExecutableInvoker.java:115)
	at org.junit.jupiter.engine.execution.ExecutableInvoker.lambda$invoke$0(ExecutableInvoker.java:105)
	at org.junit.jupiter.engine.execution.InvocationInterceptorChain$InterceptedInvocation.proceed(InvocationInterceptorChain.java:106)
	at org.junit.jupiter.engine.execution.InvocationInterceptorChain.proceed(InvocationInterceptorChain.java:64)
	at org.junit.jupiter.engine.execution.InvocationInterceptorChain.chainAndInvoke(InvocationInterceptorChain.java:45)
	at org.junit.jupiter.engine.execution.InvocationInterceptorChain.invoke(InvocationInterceptorChain.java:37)
	at org.junit.jupiter.engine.execution.ExecutableInvoker.invoke(ExecutableInvoker.java:104)
	at org.junit.jupiter.engine.execution.ExecutableInvoker.invoke(ExecutableInvoker.java:98)
	at org.junit.jupiter.engine.descriptor.TestMethodTestDescriptor.lambda$invokeTestMethod$6(TestMethodTestDescriptor.java:210)
	at org.junit.platform.engine.support.hierarchical.ThrowableCollector.execute(ThrowableCollector.java:73)
	at org.junit.jupiter.engine.descriptor.TestMethodTestDescriptor.invokeTestMethod(TestMethodTestDescriptor.java:206)
	at org.junit.jupiter.engine.descriptor.TestMethodTestDescriptor.execute(TestMethodTestDescriptor.java:131)
	at org.junit.jupiter.engine.descriptor.TestMethodTestDescriptor.execute(TestMethodTestDescriptor.java:65)
	at org.junit.platform.engine.support.hierarchical.NodeTestTask.lambda$executeRecursively$5(NodeTestTask.java:139)
	at org.junit.platform.engine.support.hierarchical.ThrowableCollector.execute(ThrowableCollector.java:73)
	at org.junit.platform.engine.support.hierarchical.NodeTestTask.lambda$executeRecursively$7(NodeTestTask.java:129)
	at org.junit.platform.engine.support.hierarchical.Node.around(Node.java:137)
	at org.junit.platform.engine.support.hierarchical.NodeTestTask.lambda$executeRecursively$8(NodeTestTask.java:127)
	at org.junit.platform.engine.support.hierarchical.ThrowableCollector.execute(ThrowableCollector.java:73)
	at org.junit.platform.engine.support.hierarchical.NodeTestTask.executeRecursively(NodeTestTask.java:126)
	at org.junit.platform.engine.support.hierarchical.NodeTestTask.execute(NodeTestTask.java:84)
	at org.junit.platform.engine.support.hierarchical.SameThreadHierarchicalTestExecutorService.submit(SameThreadHierarchicalTestExecutorService.java:32)
	at org.junit.platform.engine.support.hierarchical.NodeTestTask$DefaultDynamicTestExecutor.execute(NodeTestTask.java:212)
	at org.junit.platform.engine.support.hierarchical.NodeTestTask$DefaultDynamicTestExecutor.execute(NodeTestTask.java:192)
	at org.junit.jupiter.engine.descriptor.TestTemplateTestDescriptor.execute(TestTemplateTestDescriptor.java:139)
	at org.junit.jupiter.engine.descriptor.TestTemplateTestDescriptor.lambda$execute$2(TestTemplateTestDescriptor.java:107)
	at java.base/java.util.stream.ForEachOps$ForEachOp$OfRef.accept(ForEachOps.java:183)
	at java.base/java.util.stream.ReferencePipeline$3$1.accept(ReferencePipeline.java:197)
	at java.base/java.util.stream.ReferencePipeline$2$1.accept(ReferencePipeline.java:179)
	at java.base/java.util.stream.ReferencePipeline$3$1.accept(ReferencePipeline.java:197)
	at java.base/java.util.stream.ForEachOps$ForEachOp$OfRef.accept(ForEachOps.java:183)
	at java.base/java.util.stream.ReferencePipeline$15$1.accept(ReferencePipeline.java:541)
	at java.base/java.util.stream.ReferencePipeline$3$1.accept(ReferencePipeline.java:197)
	at java.base/java.util.stream.ReferencePipeline$3$1.accept(ReferencePipeline.java:197)
	at java.base/java.util.stream.ReferencePipeline$3$1.accept(ReferencePipeline.java:197)
	at java.base/java.util.stream.ForEachOps$ForEachOp$OfRef.accept(ForEachOps.java:183)
	at java.base/java.util.stream.ReferencePipeline$3$1.accept(ReferencePipeline.java:197)
	at java.base/java.util.stream.ForEachOps$ForEachOp$OfRef.accept(ForEachOps.java:183)
	at java.base/java.util.stream.SliceOps$1$1.accept(SliceOps.java:200)
	at java.base/java.util.stream.StreamSpliterators$InfiniteSupplyingSpliterator$OfRef.tryAdvance(StreamSpliterators.java:1358)
	at java.base/java.util.stream.ReferencePipeline.forEachWithCancel(ReferencePipeline.java:129)
	at java.base/java.util.stream.AbstractPipeline.copyIntoWithCancel(AbstractPipeline.java:527)
	at java.base/java.util.stream.AbstractPipeline.copyInto(AbstractPipeline.java:513)
	at java.base/java.util.stream.AbstractPipeline.wrapAndCopyInto(AbstractPipeline.java:499)
	at java.base/java.util.stream.ForEachOps$ForEachOp.evaluateSequential(ForEachOps.java:150)
	at java.base/java.util.stream.ForEachOps$ForEachOp$OfRef.evaluateSequential(ForEachOps.java:173)
	at java.base/java.util.stream.AbstractPipeline.evaluate(AbstractPipeline.java:234)
	at java.base/java.util.stream.ReferencePipeline.forEach(ReferencePipeline.java:596)
	at java.base/java.util.stream.ReferencePipeline$7$1.accept(ReferencePipeline.java:276)
	at java.base/java.util.stream.ReferencePipeline$3$1.accept(ReferencePipeline.java:197)
	at java.base/java.util.stream.ReferencePipeline$3$1.accept(ReferencePipeline.java:197)
	at java.base/java.util.Spliterators$ArraySpliterator.forEachRemaining(Spliterators.java:992)
	at java.base/java.util.stream.AbstractPipeline.copyInto(AbstractPipeline.java:509)
	at java.base/java.util.stream.AbstractPipeline.wrapAndCopyInto(AbstractPipeline.java:499)
	at java.base/java.util.stream.ForEachOps$ForEachOp.evaluateSequential(ForEachOps.java:150)
	at java.base/java.util.stream.ForEachOps$ForEachOp$OfRef.evaluateSequential(ForEachOps.java:173)
	at java.base/java.util.stream.AbstractPipeline.evaluate(AbstractPipeline.java:234)
	at java.base/java.util.stream.ReferencePipeline.forEach(ReferencePipeline.java:596)
	at java.base/java.util.stream.ReferencePipeline$7$1.accept(ReferencePipeline.java:276)
	at java.base/java.util.stream.ReferencePipeline$3$1.accept(ReferencePipeline.java:197)
	at java.base/java.util.stream.ReferencePipeline$3$1.accept(ReferencePipeline.java:197)
	at java.base/java.util.stream.ReferencePipeline$3$1.accept(ReferencePipeline.java:197)
	at java.base/java.util.ArrayList$ArrayListSpliterator.forEachRemaining(ArrayList.java:1625)
	at java.base/java.util.stream.AbstractPipeline.copyInto(AbstractPipeline.java:509)
	at java.base/java.util.stream.AbstractPipeline.wrapAndCopyInto(AbstractPipeline.java:499)
	at java.base/java.util.stream.ForEachOps$ForEachOp.evaluateSequential(ForEachOps.java:150)
	at java.base/java.util.stream.ForEachOps$ForEachOp$OfRef.evaluateSequential(ForEachOps.java:173)
	at java.base/java.util.stream.AbstractPipeline.evaluate(AbstractPipeline.java:234)
	at java.base/java.util.stream.ReferencePipeline.forEach(ReferencePipeline.java:596)
	at java.base/java.util.stream.ReferencePipeline$7$1.accept(ReferencePipeline.java:276)
	at java.base/java.util.ArrayList$ArrayListSpliterator.forEachRemaining(ArrayList.java:1625)
	at java.base/java.util.stream.AbstractPipeline.copyInto(AbstractPipeline.java:509)
	at java.base/java.util.stream.AbstractPipeline.wrapAndCopyInto(AbstractPipeline.java:499)
	at java.base/java.util.stream.ForEachOps$ForEachOp.evaluateSequential(ForEachOps.java:150)
	at java.base/java.util.stream.ForEachOps$ForEachOp$OfRef.evaluateSequential(ForEachOps.java:173)
	at java.base/java.util.stream.AbstractPipeline.evaluate(AbstractPipeline.java:234)
	at java.base/java.util.stream.ReferencePipeline.forEach(ReferencePipeline.java:596)
	at org.junit.jupiter.engine.descriptor.TestTemplateTestDescriptor.execute(TestTemplateTestDescriptor.java:107)
	at org.junit.jupiter.engine.descriptor.TestTemplateTestDescriptor.execute(TestTemplateTestDescriptor.java:42)
	at org.junit.platform.engine.support.hierarchical.NodeTestTask.lambda$executeRecursively$5(NodeTestTask.java:139)
	at org.junit.platform.engine.support.hierarchical.ThrowableCollector.execute(ThrowableCollector.java:73)
	at org.junit.platform.engine.support.hierarchical.NodeTestTask.lambda$executeRecursively$7(NodeTestTask.java:129)
	at org.junit.platform.engine.support.hierarchical.Node.around(Node.java:137)
	at org.junit.platform.engine.support.hierarchical.NodeTestTask.lambda$executeRecursively$8(NodeTestTask.java:127)
	at org.junit.platform.engine.support.hierarchical.ThrowableCollector.execute(ThrowableCollector.java:73)
	at org.junit.platform.engine.support.hierarchical.NodeTestTask.executeRecursively(NodeTestTask.java:126)
	at org.junit.platform.engine.support.hierarchical.NodeTestTask.execute(NodeTestTask.java:84)
	at java.base/java.util.ArrayList.forEach(ArrayList.java:1511)
	at org.junit.platform.engine.support.hierarchical.SameThreadHierarchicalTestExecutorService.invokeAll(SameThreadHierarchicalTestExecutorService.java:38)
	at org.junit.platform.engine.support.hierarchical.NodeTestTask.lambda$executeRecursively$5(NodeTestTask.java:143)
	at org.junit.platform.engine.support.hierarchical.ThrowableCollector.execute(ThrowableCollector.java:73)
	at org.junit.platform.engine.support.hierarchical.NodeTestTask.lambda$executeRecursively$7(NodeTestTask.java:129)
	at org.junit.platform.engine.support.hierarchical.Node.around(Node.java:137)
	at org.junit.platform.engine.support.hierarchical.NodeTestTask.lambda$executeRecursively$8(NodeTestTask.java:127)
	at org.junit.platform.engine.support.hierarchical.ThrowableCollector.execute(ThrowableCollector.java:73)
	at org.junit.platform.engine.support.hierarchical.NodeTestTask.executeRecursively(NodeTestTask.java:126)
	at org.junit.platform.engine.support.hierarchical.NodeTestTask.execute(NodeTestTask.java:84)
	at java.base/java.util.ArrayList.forEach(ArrayList.java:1511)
	at org.junit.platform.engine.support.hierarchical.SameThreadHierarchicalTestExecutorService.invokeAll(SameThreadHierarchicalTestExecutorService.java:38)
	at org.junit.platform.engine.support.hierarchical.NodeTestTask.lambda$executeRecursively$5(NodeTestTask.java:143)
	at org.junit.platform.engine.support.hierarchical.ThrowableCollector.execute(ThrowableCollector.java:73)
	at org.junit.platform.engine.support.hierarchical.NodeTestTask.lambda$executeRecursively$7(NodeTestTask.java:129)
	at org.junit.platform.engine.support.hierarchical.Node.around(Node.java:137)
	at org.junit.platform.engine.support.hierarchical.NodeTestTask.lambda$executeRecursively$8(NodeTestTask.java:127)
	at org.junit.platform.engine.support.hierarchical.ThrowableCollector.execute(ThrowableCollector.java:73)
	at org.junit.platform.engine.support.hierarchical.NodeTestTask.executeRecursively(NodeTestTask.java:126)
	at org.junit.platform.engine.support.hierarchical.NodeTestTask.execute(NodeTestTask.java:84)
	at org.junit.platform.engine.support.hierarchical.SameThreadHierarchicalTestExecutorService.submit(SameThreadHierarchicalTestExecutorService.java:32)
	at org.junit.platform.engine.support.hierarchical.HierarchicalTestExecutor.execute(HierarchicalTestExecutor.java:57)
	at org.junit.platform.engine.support.hierarchical.HierarchicalTestEngine.execute(HierarchicalTestEngine.java:51)
	at org.junit.platform.launcher.core.EngineExecutionOrchestrator.execute(EngineExecutionOrchestrator.java:108)
	at org.junit.platform.launcher.core.EngineExecutionOrchestrator.execute(EngineExecutionOrchestrator.java:88)
	at org.junit.platform.launcher.core.EngineExecutionOrchestrator.lambda$execute$0(EngineExecutionOrchestrator.java:54)
	at org.junit.platform.launcher.core.EngineExecutionOrchestrator.withInterceptedStreams(EngineExecutionOrchestrator.java:67)
	at org.junit.platform.launcher.core.EngineExecutionOrchestrator.execute(EngineExecutionOrchestrator.java:52)
	at org.junit.platform.launcher.core.DefaultLauncher.execute(DefaultLauncher.java:96)
	at org.junit.platform.launcher.core.DefaultLauncher.execute(DefaultLauncher.java:75)
	at org.junit.platform.console.tasks.ConsoleTestExecutor.executeTests(ConsoleTestExecutor.java:66)
	at org.junit.platform.console.tasks.ConsoleTestExecutor.lambda$execute$0(ConsoleTestExecutor.java:58)
	at org.junit.platform.console.tasks.CustomContextClassLoaderExecutor.replaceThreadContextClassLoaderAndInvoke(CustomContextClassLoaderExecutor.java:41)
	at org.junit.platform.console.tasks.CustomContextClassLoaderExecutor.invoke(CustomContextClassLoaderExecutor.java:31)
	at org.junit.platform.console.tasks.ConsoleTestExecutor.execute(ConsoleTestExecutor.java:58)
	at org.junit.platform.console.ConsoleLauncher.executeTests(ConsoleLauncher.java:95)
	at org.junit.platform.console.ConsoleLauncher.execute(ConsoleLauncher.java:73)
	at org.junit.platform.console.ConsoleLauncher.execute(ConsoleLauncher.java:50)
	at org.junit.platform.console.ConsoleLauncher.execute(ConsoleLauncher.java:43)
	at org.junit.platform.console.ConsoleLauncher.main(ConsoleLauncher.java:37)
]]></skipped>
<system-out><![CDATA[
unique-id: [engine:junit-jupiter]/[class:minebayd1.test.TestUser]/[test-template:testget(minebayd1.User, int)]/[test-template-invocation:#41]
display-name: [41] Issa a 70 annonces ouvertes, 3 annonces fermées et 3 achats 
, 2
]]></system-out>
</testcase>
<testcase name="testget(User, int)[42]" classname="minebayd1.test.TestUser" time="0">
<skipped><![CDATA[org.opentest4j.TestAbortedException: Assumption failed: assumption is not true
	at org.junit.jupiter.api.Assumptions.throwTestAbortedException(Assumptions.java:256)
	at org.junit.jupiter.api.Assumptions.assumeTrue(Assumptions.java:115)
	at org.junit.jupiter.api.Assumptions.assumeTrue(Assumptions.java:66)
	at minebayd1.test.TestUser.testget(TestUser.java:918)
	at jdk.internal.reflect.GeneratedMethodAccessor5.invoke(Unknown Source)
	at java.base/jdk.internal.reflect.DelegatingMethodAccessorImpl.invoke(DelegatingMethodAccessorImpl.java:43)
	at java.base/java.lang.reflect.Method.invoke(Method.java:569)
	at org.junit.platform.commons.util.ReflectionUtils.invokeMethod(ReflectionUtils.java:688)
	at org.junit.jupiter.engine.execution.MethodInvocation.proceed(MethodInvocation.java:60)
	at org.junit.jupiter.engine.execution.InvocationInterceptorChain$ValidatingInvocation.proceed(InvocationInterceptorChain.java:131)
	at org.junit.jupiter.engine.extension.TimeoutExtension.intercept(TimeoutExtension.java:149)
	at org.junit.jupiter.engine.extension.TimeoutExtension.interceptTestableMethod(TimeoutExtension.java:140)
	at org.junit.jupiter.engine.extension.TimeoutExtension.interceptTestTemplateMethod(TimeoutExtension.java:92)
	at org.junit.jupiter.engine.execution.ExecutableInvoker$ReflectiveInterceptorCall.lambda$ofVoidMethod$0(ExecutableInvoker.java:115)
	at org.junit.jupiter.engine.execution.ExecutableInvoker.lambda$invoke$0(ExecutableInvoker.java:105)
	at org.junit.jupiter.engine.execution.InvocationInterceptorChain$InterceptedInvocation.proceed(InvocationInterceptorChain.java:106)
	at org.junit.jupiter.engine.execution.InvocationInterceptorChain.proceed(InvocationInterceptorChain.java:64)
	at org.junit.jupiter.engine.execution.InvocationInterceptorChain.chainAndInvoke(InvocationInterceptorChain.java:45)
	at org.junit.jupiter.engine.execution.InvocationInterceptorChain.invoke(InvocationInterceptorChain.java:37)
	at org.junit.jupiter.engine.execution.ExecutableInvoker.invoke(ExecutableInvoker.java:104)
	at org.junit.jupiter.engine.execution.ExecutableInvoker.invoke(ExecutableInvoker.java:98)
	at org.junit.jupiter.engine.descriptor.TestMethodTestDescriptor.lambda$invokeTestMethod$6(TestMethodTestDescriptor.java:210)
	at org.junit.platform.engine.support.hierarchical.ThrowableCollector.execute(ThrowableCollector.java:73)
	at org.junit.jupiter.engine.descriptor.TestMethodTestDescriptor.invokeTestMethod(TestMethodTestDescriptor.java:206)
	at org.junit.jupiter.engine.descriptor.TestMethodTestDescriptor.execute(TestMethodTestDescriptor.java:131)
	at org.junit.jupiter.engine.descriptor.TestMethodTestDescriptor.execute(TestMethodTestDescriptor.java:65)
	at org.junit.platform.engine.support.hierarchical.NodeTestTask.lambda$executeRecursively$5(NodeTestTask.java:139)
	at org.junit.platform.engine.support.hierarchical.ThrowableCollector.execute(ThrowableCollector.java:73)
	at org.junit.platform.engine.support.hierarchical.NodeTestTask.lambda$executeRecursively$7(NodeTestTask.java:129)
	at org.junit.platform.engine.support.hierarchical.Node.around(Node.java:137)
	at org.junit.platform.engine.support.hierarchical.NodeTestTask.lambda$executeRecursively$8(NodeTestTask.java:127)
	at org.junit.platform.engine.support.hierarchical.ThrowableCollector.execute(ThrowableCollector.java:73)
	at org.junit.platform.engine.support.hierarchical.NodeTestTask.executeRecursively(NodeTestTask.java:126)
	at org.junit.platform.engine.support.hierarchical.NodeTestTask.execute(NodeTestTask.java:84)
	at org.junit.platform.engine.support.hierarchical.SameThreadHierarchicalTestExecutorService.submit(SameThreadHierarchicalTestExecutorService.java:32)
	at org.junit.platform.engine.support.hierarchical.NodeTestTask$DefaultDynamicTestExecutor.execute(NodeTestTask.java:212)
	at org.junit.platform.engine.support.hierarchical.NodeTestTask$DefaultDynamicTestExecutor.execute(NodeTestTask.java:192)
	at org.junit.jupiter.engine.descriptor.TestTemplateTestDescriptor.execute(TestTemplateTestDescriptor.java:139)
	at org.junit.jupiter.engine.descriptor.TestTemplateTestDescriptor.lambda$execute$2(TestTemplateTestDescriptor.java:107)
	at java.base/java.util.stream.ForEachOps$ForEachOp$OfRef.accept(ForEachOps.java:183)
	at java.base/java.util.stream.ReferencePipeline$3$1.accept(ReferencePipeline.java:197)
	at java.base/java.util.stream.ReferencePipeline$2$1.accept(ReferencePipeline.java:179)
	at java.base/java.util.stream.ReferencePipeline$3$1.accept(ReferencePipeline.java:197)
	at java.base/java.util.stream.ForEachOps$ForEachOp$OfRef.accept(ForEachOps.java:183)
	at java.base/java.util.stream.ReferencePipeline$15$1.accept(ReferencePipeline.java:541)
	at java.base/java.util.stream.ReferencePipeline$3$1.accept(ReferencePipeline.java:197)
	at java.base/java.util.stream.ReferencePipeline$3$1.accept(ReferencePipeline.java:197)
	at java.base/java.util.stream.ReferencePipeline$3$1.accept(ReferencePipeline.java:197)
	at java.base/java.util.stream.ForEachOps$ForEachOp$OfRef.accept(ForEachOps.java:183)
	at java.base/java.util.stream.ReferencePipeline$3$1.accept(ReferencePipeline.java:197)
	at java.base/java.util.stream.ForEachOps$ForEachOp$OfRef.accept(ForEachOps.java:183)
	at java.base/java.util.stream.SliceOps$1$1.accept(SliceOps.java:200)
	at java.base/java.util.stream.StreamSpliterators$InfiniteSupplyingSpliterator$OfRef.tryAdvance(StreamSpliterators.java:1358)
	at java.base/java.util.stream.ReferencePipeline.forEachWithCancel(ReferencePipeline.java:129)
	at java.base/java.util.stream.AbstractPipeline.copyIntoWithCancel(AbstractPipeline.java:527)
	at java.base/java.util.stream.AbstractPipeline.copyInto(AbstractPipeline.java:513)
	at java.base/java.util.stream.AbstractPipeline.wrapAndCopyInto(AbstractPipeline.java:499)
	at java.base/java.util.stream.ForEachOps$ForEachOp.evaluateSequential(ForEachOps.java:150)
	at java.base/java.util.stream.ForEachOps$ForEachOp$OfRef.evaluateSequential(ForEachOps.java:173)
	at java.base/java.util.stream.AbstractPipeline.evaluate(AbstractPipeline.java:234)
	at java.base/java.util.stream.ReferencePipeline.forEach(ReferencePipeline.java:596)
	at java.base/java.util.stream.ReferencePipeline$7$1.accept(ReferencePipeline.java:276)
	at java.base/java.util.stream.ReferencePipeline$3$1.accept(ReferencePipeline.java:197)
	at java.base/java.util.stream.ReferencePipeline$3$1.accept(ReferencePipeline.java:197)
	at java.base/java.util.Spliterators$ArraySpliterator.forEachRemaining(Spliterators.java:992)
	at java.base/java.util.stream.AbstractPipeline.copyInto(AbstractPipeline.java:509)
	at java.base/java.util.stream.AbstractPipeline.wrapAndCopyInto(AbstractPipeline.java:499)
	at java.base/java.util.stream.ForEachOps$ForEachOp.evaluateSequential(ForEachOps.java:150)
	at java.base/java.util.stream.ForEachOps$ForEachOp$OfRef.evaluateSequential(ForEachOps.java:173)
	at java.base/java.util.stream.AbstractPipeline.evaluate(AbstractPipeline.java:234)
	at java.base/java.util.stream.ReferencePipeline.forEach(ReferencePipeline.java:596)
	at java.base/java.util.stream.ReferencePipeline$7$1.accept(ReferencePipeline.java:276)
	at java.base/java.util.stream.ReferencePipeline$3$1.accept(ReferencePipeline.java:197)
	at java.base/java.util.stream.ReferencePipeline$3$1.accept(ReferencePipeline.java:197)
	at java.base/java.util.stream.ReferencePipeline$3$1.accept(ReferencePipeline.java:197)
	at java.base/java.util.ArrayList$ArrayListSpliterator.forEachRemaining(ArrayList.java:1625)
	at java.base/java.util.stream.AbstractPipeline.copyInto(AbstractPipeline.java:509)
	at java.base/java.util.stream.AbstractPipeline.wrapAndCopyInto(AbstractPipeline.java:499)
	at java.base/java.util.stream.ForEachOps$ForEachOp.evaluateSequential(ForEachOps.java:150)
	at java.base/java.util.stream.ForEachOps$ForEachOp$OfRef.evaluateSequential(ForEachOps.java:173)
	at java.base/java.util.stream.AbstractPipeline.evaluate(AbstractPipeline.java:234)
	at java.base/java.util.stream.ReferencePipeline.forEach(ReferencePipeline.java:596)
	at java.base/java.util.stream.ReferencePipeline$7$1.accept(ReferencePipeline.java:276)
	at java.base/java.util.ArrayList$ArrayListSpliterator.forEachRemaining(ArrayList.java:1625)
	at java.base/java.util.stream.AbstractPipeline.copyInto(AbstractPipeline.java:509)
	at java.base/java.util.stream.AbstractPipeline.wrapAndCopyInto(AbstractPipeline.java:499)
	at java.base/java.util.stream.ForEachOps$ForEachOp.evaluateSequential(ForEachOps.java:150)
	at java.base/java.util.stream.ForEachOps$ForEachOp$OfRef.evaluateSequential(ForEachOps.java:173)
	at java.base/java.util.stream.AbstractPipeline.evaluate(AbstractPipeline.java:234)
	at java.base/java.util.stream.ReferencePipeline.forEach(ReferencePipeline.java:596)
	at org.junit.jupiter.engine.descriptor.TestTemplateTestDescriptor.execute(TestTemplateTestDescriptor.java:107)
	at org.junit.jupiter.engine.descriptor.TestTemplateTestDescriptor.execute(TestTemplateTestDescriptor.java:42)
	at org.junit.platform.engine.support.hierarchical.NodeTestTask.lambda$executeRecursively$5(NodeTestTask.java:139)
	at org.junit.platform.engine.support.hierarchical.ThrowableCollector.execute(ThrowableCollector.java:73)
	at org.junit.platform.engine.support.hierarchical.NodeTestTask.lambda$executeRecursively$7(NodeTestTask.java:129)
	at org.junit.platform.engine.support.hierarchical.Node.around(Node.java:137)
	at org.junit.platform.engine.support.hierarchical.NodeTestTask.lambda$executeRecursively$8(NodeTestTask.java:127)
	at org.junit.platform.engine.support.hierarchical.ThrowableCollector.execute(ThrowableCollector.java:73)
	at org.junit.platform.engine.support.hierarchical.NodeTestTask.executeRecursively(NodeTestTask.java:126)
	at org.junit.platform.engine.support.hierarchical.NodeTestTask.execute(NodeTestTask.java:84)
	at java.base/java.util.ArrayList.forEach(ArrayList.java:1511)
	at org.junit.platform.engine.support.hierarchical.SameThreadHierarchicalTestExecutorService.invokeAll(SameThreadHierarchicalTestExecutorService.java:38)
	at org.junit.platform.engine.support.hierarchical.NodeTestTask.lambda$executeRecursively$5(NodeTestTask.java:143)
	at org.junit.platform.engine.support.hierarchical.ThrowableCollector.execute(ThrowableCollector.java:73)
	at org.junit.platform.engine.support.hierarchical.NodeTestTask.lambda$executeRecursively$7(NodeTestTask.java:129)
	at org.junit.platform.engine.support.hierarchical.Node.around(Node.java:137)
	at org.junit.platform.engine.support.hierarchical.NodeTestTask.lambda$executeRecursively$8(NodeTestTask.java:127)
	at org.junit.platform.engine.support.hierarchical.ThrowableCollector.execute(ThrowableCollector.java:73)
	at org.junit.platform.engine.support.hierarchical.NodeTestTask.executeRecursively(NodeTestTask.java:126)
	at org.junit.platform.engine.support.hierarchical.NodeTestTask.execute(NodeTestTask.java:84)
	at java.base/java.util.ArrayList.forEach(ArrayList.java:1511)
	at org.junit.platform.engine.support.hierarchical.SameThreadHierarchicalTestExecutorService.invokeAll(SameThreadHierarchicalTestExecutorService.java:38)
	at org.junit.platform.engine.support.hierarchical.NodeTestTask.lambda$executeRecursively$5(NodeTestTask.java:143)
	at org.junit.platform.engine.support.hierarchical.ThrowableCollector.execute(ThrowableCollector.java:73)
	at org.junit.platform.engine.support.hierarchical.NodeTestTask.lambda$executeRecursively$7(NodeTestTask.java:129)
	at org.junit.platform.engine.support.hierarchical.Node.around(Node.java:137)
	at org.junit.platform.engine.support.hierarchical.NodeTestTask.lambda$executeRecursively$8(NodeTestTask.java:127)
	at org.junit.platform.engine.support.hierarchical.ThrowableCollector.execute(ThrowableCollector.java:73)
	at org.junit.platform.engine.support.hierarchical.NodeTestTask.executeRecursively(NodeTestTask.java:126)
	at org.junit.platform.engine.support.hierarchical.NodeTestTask.execute(NodeTestTask.java:84)
	at org.junit.platform.engine.support.hierarchical.SameThreadHierarchicalTestExecutorService.submit(SameThreadHierarchicalTestExecutorService.java:32)
	at org.junit.platform.engine.support.hierarchical.HierarchicalTestExecutor.execute(HierarchicalTestExecutor.java:57)
	at org.junit.platform.engine.support.hierarchical.HierarchicalTestEngine.execute(HierarchicalTestEngine.java:51)
	at org.junit.platform.launcher.core.EngineExecutionOrchestrator.execute(EngineExecutionOrchestrator.java:108)
	at org.junit.platform.launcher.core.EngineExecutionOrchestrator.execute(EngineExecutionOrchestrator.java:88)
	at org.junit.platform.launcher.core.EngineExecutionOrchestrator.lambda$execute$0(EngineExecutionOrchestrator.java:54)
	at org.junit.platform.launcher.core.EngineExecutionOrchestrator.withInterceptedStreams(EngineExecutionOrchestrator.java:67)
	at org.junit.platform.launcher.core.EngineExecutionOrchestrator.execute(EngineExecutionOrchestrator.java:52)
	at org.junit.platform.launcher.core.DefaultLauncher.execute(DefaultLauncher.java:96)
	at org.junit.platform.launcher.core.DefaultLauncher.execute(DefaultLauncher.java:75)
	at org.junit.platform.console.tasks.ConsoleTestExecutor.executeTests(ConsoleTestExecutor.java:66)
	at org.junit.platform.console.tasks.ConsoleTestExecutor.lambda$execute$0(ConsoleTestExecutor.java:58)
	at org.junit.platform.console.tasks.CustomContextClassLoaderExecutor.replaceThreadContextClassLoaderAndInvoke(CustomContextClassLoaderExecutor.java:41)
	at org.junit.platform.console.tasks.CustomContextClassLoaderExecutor.invoke(CustomContextClassLoaderExecutor.java:31)
	at org.junit.platform.console.tasks.ConsoleTestExecutor.execute(ConsoleTestExecutor.java:58)
	at org.junit.platform.console.ConsoleLauncher.executeTests(ConsoleLauncher.java:95)
	at org.junit.platform.console.ConsoleLauncher.execute(ConsoleLauncher.java:73)
	at org.junit.platform.console.ConsoleLauncher.execute(ConsoleLauncher.java:50)
	at org.junit.platform.console.ConsoleLauncher.execute(ConsoleLauncher.java:43)
	at org.junit.platform.console.ConsoleLauncher.main(ConsoleLauncher.java:37)
]]></skipped>
<system-out><![CDATA[
unique-id: [engine:junit-jupiter]/[class:minebayd1.test.TestUser]/[test-template:testget(minebayd1.User, int)]/[test-template-invocation:#42]
display-name: [42] Sonia a 47 annonces ouvertes, 2 annonces fermées et 2 achats 
, 0
]]></system-out>
</testcase>
<testcase name="testget(User, int)[43]" classname="minebayd1.test.TestUser" time="0">
<skipped><![CDATA[org.opentest4j.TestAbortedException: Assumption failed: assumption is not true
	at org.junit.jupiter.api.Assumptions.throwTestAbortedException(Assumptions.java:256)
	at org.junit.jupiter.api.Assumptions.assumeTrue(Assumptions.java:115)
	at org.junit.jupiter.api.Assumptions.assumeTrue(Assumptions.java:66)
	at minebayd1.test.TestUser.testget(TestUser.java:918)
	at jdk.internal.reflect.GeneratedMethodAccessor5.invoke(Unknown Source)
	at java.base/jdk.internal.reflect.DelegatingMethodAccessorImpl.invoke(DelegatingMethodAccessorImpl.java:43)
	at java.base/java.lang.reflect.Method.invoke(Method.java:569)
	at org.junit.platform.commons.util.ReflectionUtils.invokeMethod(ReflectionUtils.java:688)
	at org.junit.jupiter.engine.execution.MethodInvocation.proceed(MethodInvocation.java:60)
	at org.junit.jupiter.engine.execution.InvocationInterceptorChain$ValidatingInvocation.proceed(InvocationInterceptorChain.java:131)
	at org.junit.jupiter.engine.extension.TimeoutExtension.intercept(TimeoutExtension.java:149)
	at org.junit.jupiter.engine.extension.TimeoutExtension.interceptTestableMethod(TimeoutExtension.java:140)
	at org.junit.jupiter.engine.extension.TimeoutExtension.interceptTestTemplateMethod(TimeoutExtension.java:92)
	at org.junit.jupiter.engine.execution.ExecutableInvoker$ReflectiveInterceptorCall.lambda$ofVoidMethod$0(ExecutableInvoker.java:115)
	at org.junit.jupiter.engine.execution.ExecutableInvoker.lambda$invoke$0(ExecutableInvoker.java:105)
	at org.junit.jupiter.engine.execution.InvocationInterceptorChain$InterceptedInvocation.proceed(InvocationInterceptorChain.java:106)
	at org.junit.jupiter.engine.execution.InvocationInterceptorChain.proceed(InvocationInterceptorChain.java:64)
	at org.junit.jupiter.engine.execution.InvocationInterceptorChain.chainAndInvoke(InvocationInterceptorChain.java:45)
	at org.junit.jupiter.engine.execution.InvocationInterceptorChain.invoke(InvocationInterceptorChain.java:37)
	at org.junit.jupiter.engine.execution.ExecutableInvoker.invoke(ExecutableInvoker.java:104)
	at org.junit.jupiter.engine.execution.ExecutableInvoker.invoke(ExecutableInvoker.java:98)
	at org.junit.jupiter.engine.descriptor.TestMethodTestDescriptor.lambda$invokeTestMethod$6(TestMethodTestDescriptor.java:210)
	at org.junit.platform.engine.support.hierarchical.ThrowableCollector.execute(ThrowableCollector.java:73)
	at org.junit.jupiter.engine.descriptor.TestMethodTestDescriptor.invokeTestMethod(TestMethodTestDescriptor.java:206)
	at org.junit.jupiter.engine.descriptor.TestMethodTestDescriptor.execute(TestMethodTestDescriptor.java:131)
	at org.junit.jupiter.engine.descriptor.TestMethodTestDescriptor.execute(TestMethodTestDescriptor.java:65)
	at org.junit.platform.engine.support.hierarchical.NodeTestTask.lambda$executeRecursively$5(NodeTestTask.java:139)
	at org.junit.platform.engine.support.hierarchical.ThrowableCollector.execute(ThrowableCollector.java:73)
	at org.junit.platform.engine.support.hierarchical.NodeTestTask.lambda$executeRecursively$7(NodeTestTask.java:129)
	at org.junit.platform.engine.support.hierarchical.Node.around(Node.java:137)
	at org.junit.platform.engine.support.hierarchical.NodeTestTask.lambda$executeRecursively$8(NodeTestTask.java:127)
	at org.junit.platform.engine.support.hierarchical.ThrowableCollector.execute(ThrowableCollector.java:73)
	at org.junit.platform.engine.support.hierarchical.NodeTestTask.executeRecursively(NodeTestTask.java:126)
	at org.junit.platform.engine.support.hierarchical.NodeTestTask.execute(NodeTestTask.java:84)
	at org.junit.platform.engine.support.hierarchical.SameThreadHierarchicalTestExecutorService.submit(SameThreadHierarchicalTestExecutorService.java:32)
	at org.junit.platform.engine.support.hierarchical.NodeTestTask$DefaultDynamicTestExecutor.execute(NodeTestTask.java:212)
	at org.junit.platform.engine.support.hierarchical.NodeTestTask$DefaultDynamicTestExecutor.execute(NodeTestTask.java:192)
	at org.junit.jupiter.engine.descriptor.TestTemplateTestDescriptor.execute(TestTemplateTestDescriptor.java:139)
	at org.junit.jupiter.engine.descriptor.TestTemplateTestDescriptor.lambda$execute$2(TestTemplateTestDescriptor.java:107)
	at java.base/java.util.stream.ForEachOps$ForEachOp$OfRef.accept(ForEachOps.java:183)
	at java.base/java.util.stream.ReferencePipeline$3$1.accept(ReferencePipeline.java:197)
	at java.base/java.util.stream.ReferencePipeline$2$1.accept(ReferencePipeline.java:179)
	at java.base/java.util.stream.ReferencePipeline$3$1.accept(ReferencePipeline.java:197)
	at java.base/java.util.stream.ForEachOps$ForEachOp$OfRef.accept(ForEachOps.java:183)
	at java.base/java.util.stream.ReferencePipeline$15$1.accept(ReferencePipeline.java:541)
	at java.base/java.util.stream.ReferencePipeline$3$1.accept(ReferencePipeline.java:197)
	at java.base/java.util.stream.ReferencePipeline$3$1.accept(ReferencePipeline.java:197)
	at java.base/java.util.stream.ReferencePipeline$3$1.accept(ReferencePipeline.java:197)
	at java.base/java.util.stream.ForEachOps$ForEachOp$OfRef.accept(ForEachOps.java:183)
	at java.base/java.util.stream.ReferencePipeline$3$1.accept(ReferencePipeline.java:197)
	at java.base/java.util.stream.ForEachOps$ForEachOp$OfRef.accept(ForEachOps.java:183)
	at java.base/java.util.stream.SliceOps$1$1.accept(SliceOps.java:200)
	at java.base/java.util.stream.StreamSpliterators$InfiniteSupplyingSpliterator$OfRef.tryAdvance(StreamSpliterators.java:1358)
	at java.base/java.util.stream.ReferencePipeline.forEachWithCancel(ReferencePipeline.java:129)
	at java.base/java.util.stream.AbstractPipeline.copyIntoWithCancel(AbstractPipeline.java:527)
	at java.base/java.util.stream.AbstractPipeline.copyInto(AbstractPipeline.java:513)
	at java.base/java.util.stream.AbstractPipeline.wrapAndCopyInto(AbstractPipeline.java:499)
	at java.base/java.util.stream.ForEachOps$ForEachOp.evaluateSequential(ForEachOps.java:150)
	at java.base/java.util.stream.ForEachOps$ForEachOp$OfRef.evaluateSequential(ForEachOps.java:173)
	at java.base/java.util.stream.AbstractPipeline.evaluate(AbstractPipeline.java:234)
	at java.base/java.util.stream.ReferencePipeline.forEach(ReferencePipeline.java:596)
	at java.base/java.util.stream.ReferencePipeline$7$1.accept(ReferencePipeline.java:276)
	at java.base/java.util.stream.ReferencePipeline$3$1.accept(ReferencePipeline.java:197)
	at java.base/java.util.stream.ReferencePipeline$3$1.accept(ReferencePipeline.java:197)
	at java.base/java.util.Spliterators$ArraySpliterator.forEachRemaining(Spliterators.java:992)
	at java.base/java.util.stream.AbstractPipeline.copyInto(AbstractPipeline.java:509)
	at java.base/java.util.stream.AbstractPipeline.wrapAndCopyInto(AbstractPipeline.java:499)
	at java.base/java.util.stream.ForEachOps$ForEachOp.evaluateSequential(ForEachOps.java:150)
	at java.base/java.util.stream.ForEachOps$ForEachOp$OfRef.evaluateSequential(ForEachOps.java:173)
	at java.base/java.util.stream.AbstractPipeline.evaluate(AbstractPipeline.java:234)
	at java.base/java.util.stream.ReferencePipeline.forEach(ReferencePipeline.java:596)
	at java.base/java.util.stream.ReferencePipeline$7$1.accept(ReferencePipeline.java:276)
	at java.base/java.util.stream.ReferencePipeline$3$1.accept(ReferencePipeline.java:197)
	at java.base/java.util.stream.ReferencePipeline$3$1.accept(ReferencePipeline.java:197)
	at java.base/java.util.stream.ReferencePipeline$3$1.accept(ReferencePipeline.java:197)
	at java.base/java.util.ArrayList$ArrayListSpliterator.forEachRemaining(ArrayList.java:1625)
	at java.base/java.util.stream.AbstractPipeline.copyInto(AbstractPipeline.java:509)
	at java.base/java.util.stream.AbstractPipeline.wrapAndCopyInto(AbstractPipeline.java:499)
	at java.base/java.util.stream.ForEachOps$ForEachOp.evaluateSequential(ForEachOps.java:150)
	at java.base/java.util.stream.ForEachOps$ForEachOp$OfRef.evaluateSequential(ForEachOps.java:173)
	at java.base/java.util.stream.AbstractPipeline.evaluate(AbstractPipeline.java:234)
	at java.base/java.util.stream.ReferencePipeline.forEach(ReferencePipeline.java:596)
	at java.base/java.util.stream.ReferencePipeline$7$1.accept(ReferencePipeline.java:276)
	at java.base/java.util.ArrayList$ArrayListSpliterator.forEachRemaining(ArrayList.java:1625)
	at java.base/java.util.stream.AbstractPipeline.copyInto(AbstractPipeline.java:509)
	at java.base/java.util.stream.AbstractPipeline.wrapAndCopyInto(AbstractPipeline.java:499)
	at java.base/java.util.stream.ForEachOps$ForEachOp.evaluateSequential(ForEachOps.java:150)
	at java.base/java.util.stream.ForEachOps$ForEachOp$OfRef.evaluateSequential(ForEachOps.java:173)
	at java.base/java.util.stream.AbstractPipeline.evaluate(AbstractPipeline.java:234)
	at java.base/java.util.stream.ReferencePipeline.forEach(ReferencePipeline.java:596)
	at org.junit.jupiter.engine.descriptor.TestTemplateTestDescriptor.execute(TestTemplateTestDescriptor.java:107)
	at org.junit.jupiter.engine.descriptor.TestTemplateTestDescriptor.execute(TestTemplateTestDescriptor.java:42)
	at org.junit.platform.engine.support.hierarchical.NodeTestTask.lambda$executeRecursively$5(NodeTestTask.java:139)
	at org.junit.platform.engine.support.hierarchical.ThrowableCollector.execute(ThrowableCollector.java:73)
	at org.junit.platform.engine.support.hierarchical.NodeTestTask.lambda$executeRecursively$7(NodeTestTask.java:129)
	at org.junit.platform.engine.support.hierarchical.Node.around(Node.java:137)
	at org.junit.platform.engine.support.hierarchical.NodeTestTask.lambda$executeRecursively$8(NodeTestTask.java:127)
	at org.junit.platform.engine.support.hierarchical.ThrowableCollector.execute(ThrowableCollector.java:73)
	at org.junit.platform.engine.support.hierarchical.NodeTestTask.executeRecursively(NodeTestTask.java:126)
	at org.junit.platform.engine.support.hierarchical.NodeTestTask.execute(NodeTestTask.java:84)
	at java.base/java.util.ArrayList.forEach(ArrayList.java:1511)
	at org.junit.platform.engine.support.hierarchical.SameThreadHierarchicalTestExecutorService.invokeAll(SameThreadHierarchicalTestExecutorService.java:38)
	at org.junit.platform.engine.support.hierarchical.NodeTestTask.lambda$executeRecursively$5(NodeTestTask.java:143)
	at org.junit.platform.engine.support.hierarchical.ThrowableCollector.execute(ThrowableCollector.java:73)
	at org.junit.platform.engine.support.hierarchical.NodeTestTask.lambda$executeRecursively$7(NodeTestTask.java:129)
	at org.junit.platform.engine.support.hierarchical.Node.around(Node.java:137)
	at org.junit.platform.engine.support.hierarchical.NodeTestTask.lambda$executeRecursively$8(NodeTestTask.java:127)
	at org.junit.platform.engine.support.hierarchical.ThrowableCollector.execute(ThrowableCollector.java:73)
	at org.junit.platform.engine.support.hierarchical.NodeTestTask.executeRecursively(NodeTestTask.java:126)
	at org.junit.platform.engine.support.hierarchical.NodeTestTask.execute(NodeTestTask.java:84)
	at java.base/java.util.ArrayList.forEach(ArrayList.java:1511)
	at org.junit.platform.engine.support.hierarchical.SameThreadHierarchicalTestExecutorService.invokeAll(SameThreadHierarchicalTestExecutorService.java:38)
	at org.junit.platform.engine.support.hierarchical.NodeTestTask.lambda$executeRecursively$5(NodeTestTask.java:143)
	at org.junit.platform.engine.support.hierarchical.ThrowableCollector.execute(ThrowableCollector.java:73)
	at org.junit.platform.engine.support.hierarchical.NodeTestTask.lambda$executeRecursively$7(NodeTestTask.java:129)
	at org.junit.platform.engine.support.hierarchical.Node.around(Node.java:137)
	at org.junit.platform.engine.support.hierarchical.NodeTestTask.lambda$executeRecursively$8(NodeTestTask.java:127)
	at org.junit.platform.engine.support.hierarchical.ThrowableCollector.execute(ThrowableCollector.java:73)
	at org.junit.platform.engine.support.hierarchical.NodeTestTask.executeRecursively(NodeTestTask.java:126)
	at org.junit.platform.engine.support.hierarchical.NodeTestTask.execute(NodeTestTask.java:84)
	at org.junit.platform.engine.support.hierarchical.SameThreadHierarchicalTestExecutorService.submit(SameThreadHierarchicalTestExecutorService.java:32)
	at org.junit.platform.engine.support.hierarchical.HierarchicalTestExecutor.execute(HierarchicalTestExecutor.java:57)
	at org.junit.platform.engine.support.hierarchical.HierarchicalTestEngine.execute(HierarchicalTestEngine.java:51)
	at org.junit.platform.launcher.core.EngineExecutionOrchestrator.execute(EngineExecutionOrchestrator.java:108)
	at org.junit.platform.launcher.core.EngineExecutionOrchestrator.execute(EngineExecutionOrchestrator.java:88)
	at org.junit.platform.launcher.core.EngineExecutionOrchestrator.lambda$execute$0(EngineExecutionOrchestrator.java:54)
	at org.junit.platform.launcher.core.EngineExecutionOrchestrator.withInterceptedStreams(EngineExecutionOrchestrator.java:67)
	at org.junit.platform.launcher.core.EngineExecutionOrchestrator.execute(EngineExecutionOrchestrator.java:52)
	at org.junit.platform.launcher.core.DefaultLauncher.execute(DefaultLauncher.java:96)
	at org.junit.platform.launcher.core.DefaultLauncher.execute(DefaultLauncher.java:75)
	at org.junit.platform.console.tasks.ConsoleTestExecutor.executeTests(ConsoleTestExecutor.java:66)
	at org.junit.platform.console.tasks.ConsoleTestExecutor.lambda$execute$0(ConsoleTestExecutor.java:58)
	at org.junit.platform.console.tasks.CustomContextClassLoaderExecutor.replaceThreadContextClassLoaderAndInvoke(CustomContextClassLoaderExecutor.java:41)
	at org.junit.platform.console.tasks.CustomContextClassLoaderExecutor.invoke(CustomContextClassLoaderExecutor.java:31)
	at org.junit.platform.console.tasks.ConsoleTestExecutor.execute(ConsoleTestExecutor.java:58)
	at org.junit.platform.console.ConsoleLauncher.executeTests(ConsoleLauncher.java:95)
	at org.junit.platform.console.ConsoleLauncher.execute(ConsoleLauncher.java:73)
	at org.junit.platform.console.ConsoleLauncher.execute(ConsoleLauncher.java:50)
	at org.junit.platform.console.ConsoleLauncher.execute(ConsoleLauncher.java:43)
	at org.junit.platform.console.ConsoleLauncher.main(ConsoleLauncher.java:37)
]]></skipped>
<system-out><![CDATA[
unique-id: [engine:junit-jupiter]/[class:minebayd1.test.TestUser]/[test-template:testget(minebayd1.User, int)]/[test-template-invocation:#43]
display-name: [43] Lyes a 65 annonces ouvertes, 1 annonces fermées et 3 achats 
, 0
]]></system-out>
</testcase>
<testcase name="testget(User, int)[44]" classname="minebayd1.test.TestUser" time="0">
<skipped><![CDATA[org.opentest4j.TestAbortedException: Assumption failed: assumption is not true
	at org.junit.jupiter.api.Assumptions.throwTestAbortedException(Assumptions.java:256)
	at org.junit.jupiter.api.Assumptions.assumeTrue(Assumptions.java:115)
	at org.junit.jupiter.api.Assumptions.assumeTrue(Assumptions.java:66)
	at minebayd1.test.TestUser.testget(TestUser.java:918)
	at jdk.internal.reflect.GeneratedMethodAccessor5.invoke(Unknown Source)
	at java.base/jdk.internal.reflect.DelegatingMethodAccessorImpl.invoke(DelegatingMethodAccessorImpl.java:43)
	at java.base/java.lang.reflect.Method.invoke(Method.java:569)
	at org.junit.platform.commons.util.ReflectionUtils.invokeMethod(ReflectionUtils.java:688)
	at org.junit.jupiter.engine.execution.MethodInvocation.proceed(MethodInvocation.java:60)
	at org.junit.jupiter.engine.execution.InvocationInterceptorChain$ValidatingInvocation.proceed(InvocationInterceptorChain.java:131)
	at org.junit.jupiter.engine.extension.TimeoutExtension.intercept(TimeoutExtension.java:149)
	at org.junit.jupiter.engine.extension.TimeoutExtension.interceptTestableMethod(TimeoutExtension.java:140)
	at org.junit.jupiter.engine.extension.TimeoutExtension.interceptTestTemplateMethod(TimeoutExtension.java:92)
	at org.junit.jupiter.engine.execution.ExecutableInvoker$ReflectiveInterceptorCall.lambda$ofVoidMethod$0(ExecutableInvoker.java:115)
	at org.junit.jupiter.engine.execution.ExecutableInvoker.lambda$invoke$0(ExecutableInvoker.java:105)
	at org.junit.jupiter.engine.execution.InvocationInterceptorChain$InterceptedInvocation.proceed(InvocationInterceptorChain.java:106)
	at org.junit.jupiter.engine.execution.InvocationInterceptorChain.proceed(InvocationInterceptorChain.java:64)
	at org.junit.jupiter.engine.execution.InvocationInterceptorChain.chainAndInvoke(InvocationInterceptorChain.java:45)
	at org.junit.jupiter.engine.execution.InvocationInterceptorChain.invoke(InvocationInterceptorChain.java:37)
	at org.junit.jupiter.engine.execution.ExecutableInvoker.invoke(ExecutableInvoker.java:104)
	at org.junit.jupiter.engine.execution.ExecutableInvoker.invoke(ExecutableInvoker.java:98)
	at org.junit.jupiter.engine.descriptor.TestMethodTestDescriptor.lambda$invokeTestMethod$6(TestMethodTestDescriptor.java:210)
	at org.junit.platform.engine.support.hierarchical.ThrowableCollector.execute(ThrowableCollector.java:73)
	at org.junit.jupiter.engine.descriptor.TestMethodTestDescriptor.invokeTestMethod(TestMethodTestDescriptor.java:206)
	at org.junit.jupiter.engine.descriptor.TestMethodTestDescriptor.execute(TestMethodTestDescriptor.java:131)
	at org.junit.jupiter.engine.descriptor.TestMethodTestDescriptor.execute(TestMethodTestDescriptor.java:65)
	at org.junit.platform.engine.support.hierarchical.NodeTestTask.lambda$executeRecursively$5(NodeTestTask.java:139)
	at org.junit.platform.engine.support.hierarchical.ThrowableCollector.execute(ThrowableCollector.java:73)
	at org.junit.platform.engine.support.hierarchical.NodeTestTask.lambda$executeRecursively$7(NodeTestTask.java:129)
	at org.junit.platform.engine.support.hierarchical.Node.around(Node.java:137)
	at org.junit.platform.engine.support.hierarchical.NodeTestTask.lambda$executeRecursively$8(NodeTestTask.java:127)
	at org.junit.platform.engine.support.hierarchical.ThrowableCollector.execute(ThrowableCollector.java:73)
	at org.junit.platform.engine.support.hierarchical.NodeTestTask.executeRecursively(NodeTestTask.java:126)
	at org.junit.platform.engine.support.hierarchical.NodeTestTask.execute(NodeTestTask.java:84)
	at org.junit.platform.engine.support.hierarchical.SameThreadHierarchicalTestExecutorService.submit(SameThreadHierarchicalTestExecutorService.java:32)
	at org.junit.platform.engine.support.hierarchical.NodeTestTask$DefaultDynamicTestExecutor.execute(NodeTestTask.java:212)
	at org.junit.platform.engine.support.hierarchical.NodeTestTask$DefaultDynamicTestExecutor.execute(NodeTestTask.java:192)
	at org.junit.jupiter.engine.descriptor.TestTemplateTestDescriptor.execute(TestTemplateTestDescriptor.java:139)
	at org.junit.jupiter.engine.descriptor.TestTemplateTestDescriptor.lambda$execute$2(TestTemplateTestDescriptor.java:107)
	at java.base/java.util.stream.ForEachOps$ForEachOp$OfRef.accept(ForEachOps.java:183)
	at java.base/java.util.stream.ReferencePipeline$3$1.accept(ReferencePipeline.java:197)
	at java.base/java.util.stream.ReferencePipeline$2$1.accept(ReferencePipeline.java:179)
	at java.base/java.util.stream.ReferencePipeline$3$1.accept(ReferencePipeline.java:197)
	at java.base/java.util.stream.ForEachOps$ForEachOp$OfRef.accept(ForEachOps.java:183)
	at java.base/java.util.stream.ReferencePipeline$15$1.accept(ReferencePipeline.java:541)
	at java.base/java.util.stream.ReferencePipeline$3$1.accept(ReferencePipeline.java:197)
	at java.base/java.util.stream.ReferencePipeline$3$1.accept(ReferencePipeline.java:197)
	at java.base/java.util.stream.ReferencePipeline$3$1.accept(ReferencePipeline.java:197)
	at java.base/java.util.stream.ForEachOps$ForEachOp$OfRef.accept(ForEachOps.java:183)
	at java.base/java.util.stream.ReferencePipeline$3$1.accept(ReferencePipeline.java:197)
	at java.base/java.util.stream.ForEachOps$ForEachOp$OfRef.accept(ForEachOps.java:183)
	at java.base/java.util.stream.SliceOps$1$1.accept(SliceOps.java:200)
	at java.base/java.util.stream.StreamSpliterators$InfiniteSupplyingSpliterator$OfRef.tryAdvance(StreamSpliterators.java:1358)
	at java.base/java.util.stream.ReferencePipeline.forEachWithCancel(ReferencePipeline.java:129)
	at java.base/java.util.stream.AbstractPipeline.copyIntoWithCancel(AbstractPipeline.java:527)
	at java.base/java.util.stream.AbstractPipeline.copyInto(AbstractPipeline.java:513)
	at java.base/java.util.stream.AbstractPipeline.wrapAndCopyInto(AbstractPipeline.java:499)
	at java.base/java.util.stream.ForEachOps$ForEachOp.evaluateSequential(ForEachOps.java:150)
	at java.base/java.util.stream.ForEachOps$ForEachOp$OfRef.evaluateSequential(ForEachOps.java:173)
	at java.base/java.util.stream.AbstractPipeline.evaluate(AbstractPipeline.java:234)
	at java.base/java.util.stream.ReferencePipeline.forEach(ReferencePipeline.java:596)
	at java.base/java.util.stream.ReferencePipeline$7$1.accept(ReferencePipeline.java:276)
	at java.base/java.util.stream.ReferencePipeline$3$1.accept(ReferencePipeline.java:197)
	at java.base/java.util.stream.ReferencePipeline$3$1.accept(ReferencePipeline.java:197)
	at java.base/java.util.Spliterators$ArraySpliterator.forEachRemaining(Spliterators.java:992)
	at java.base/java.util.stream.AbstractPipeline.copyInto(AbstractPipeline.java:509)
	at java.base/java.util.stream.AbstractPipeline.wrapAndCopyInto(AbstractPipeline.java:499)
	at java.base/java.util.stream.ForEachOps$ForEachOp.evaluateSequential(ForEachOps.java:150)
	at java.base/java.util.stream.ForEachOps$ForEachOp$OfRef.evaluateSequential(ForEachOps.java:173)
	at java.base/java.util.stream.AbstractPipeline.evaluate(AbstractPipeline.java:234)
	at java.base/java.util.stream.ReferencePipeline.forEach(ReferencePipeline.java:596)
	at java.base/java.util.stream.ReferencePipeline$7$1.accept(ReferencePipeline.java:276)
	at java.base/java.util.stream.ReferencePipeline$3$1.accept(ReferencePipeline.java:197)
	at java.base/java.util.stream.ReferencePipeline$3$1.accept(ReferencePipeline.java:197)
	at java.base/java.util.stream.ReferencePipeline$3$1.accept(ReferencePipeline.java:197)
	at java.base/java.util.ArrayList$ArrayListSpliterator.forEachRemaining(ArrayList.java:1625)
	at java.base/java.util.stream.AbstractPipeline.copyInto(AbstractPipeline.java:509)
	at java.base/java.util.stream.AbstractPipeline.wrapAndCopyInto(AbstractPipeline.java:499)
	at java.base/java.util.stream.ForEachOps$ForEachOp.evaluateSequential(ForEachOps.java:150)
	at java.base/java.util.stream.ForEachOps$ForEachOp$OfRef.evaluateSequential(ForEachOps.java:173)
	at java.base/java.util.stream.AbstractPipeline.evaluate(AbstractPipeline.java:234)
	at java.base/java.util.stream.ReferencePipeline.forEach(ReferencePipeline.java:596)
	at java.base/java.util.stream.ReferencePipeline$7$1.accept(ReferencePipeline.java:276)
	at java.base/java.util.ArrayList$ArrayListSpliterator.forEachRemaining(ArrayList.java:1625)
	at java.base/java.util.stream.AbstractPipeline.copyInto(AbstractPipeline.java:509)
	at java.base/java.util.stream.AbstractPipeline.wrapAndCopyInto(AbstractPipeline.java:499)
	at java.base/java.util.stream.ForEachOps$ForEachOp.evaluateSequential(ForEachOps.java:150)
	at java.base/java.util.stream.ForEachOps$ForEachOp$OfRef.evaluateSequential(ForEachOps.java:173)
	at java.base/java.util.stream.AbstractPipeline.evaluate(AbstractPipeline.java:234)
	at java.base/java.util.stream.ReferencePipeline.forEach(ReferencePipeline.java:596)
	at org.junit.jupiter.engine.descriptor.TestTemplateTestDescriptor.execute(TestTemplateTestDescriptor.java:107)
	at org.junit.jupiter.engine.descriptor.TestTemplateTestDescriptor.execute(TestTemplateTestDescriptor.java:42)
	at org.junit.platform.engine.support.hierarchical.NodeTestTask.lambda$executeRecursively$5(NodeTestTask.java:139)
	at org.junit.platform.engine.support.hierarchical.ThrowableCollector.execute(ThrowableCollector.java:73)
	at org.junit.platform.engine.support.hierarchical.NodeTestTask.lambda$executeRecursively$7(NodeTestTask.java:129)
	at org.junit.platform.engine.support.hierarchical.Node.around(Node.java:137)
	at org.junit.platform.engine.support.hierarchical.NodeTestTask.lambda$executeRecursively$8(NodeTestTask.java:127)
	at org.junit.platform.engine.support.hierarchical.ThrowableCollector.execute(ThrowableCollector.java:73)
	at org.junit.platform.engine.support.hierarchical.NodeTestTask.executeRecursively(NodeTestTask.java:126)
	at org.junit.platform.engine.support.hierarchical.NodeTestTask.execute(NodeTestTask.java:84)
	at java.base/java.util.ArrayList.forEach(ArrayList.java:1511)
	at org.junit.platform.engine.support.hierarchical.SameThreadHierarchicalTestExecutorService.invokeAll(SameThreadHierarchicalTestExecutorService.java:38)
	at org.junit.platform.engine.support.hierarchical.NodeTestTask.lambda$executeRecursively$5(NodeTestTask.java:143)
	at org.junit.platform.engine.support.hierarchical.ThrowableCollector.execute(ThrowableCollector.java:73)
	at org.junit.platform.engine.support.hierarchical.NodeTestTask.lambda$executeRecursively$7(NodeTestTask.java:129)
	at org.junit.platform.engine.support.hierarchical.Node.around(Node.java:137)
	at org.junit.platform.engine.support.hierarchical.NodeTestTask.lambda$executeRecursively$8(NodeTestTask.java:127)
	at org.junit.platform.engine.support.hierarchical.ThrowableCollector.execute(ThrowableCollector.java:73)
	at org.junit.platform.engine.support.hierarchical.NodeTestTask.executeRecursively(NodeTestTask.java:126)
	at org.junit.platform.engine.support.hierarchical.NodeTestTask.execute(NodeTestTask.java:84)
	at java.base/java.util.ArrayList.forEach(ArrayList.java:1511)
	at org.junit.platform.engine.support.hierarchical.SameThreadHierarchicalTestExecutorService.invokeAll(SameThreadHierarchicalTestExecutorService.java:38)
	at org.junit.platform.engine.support.hierarchical.NodeTestTask.lambda$executeRecursively$5(NodeTestTask.java:143)
	at org.junit.platform.engine.support.hierarchical.ThrowableCollector.execute(ThrowableCollector.java:73)
	at org.junit.platform.engine.support.hierarchical.NodeTestTask.lambda$executeRecursively$7(NodeTestTask.java:129)
	at org.junit.platform.engine.support.hierarchical.Node.around(Node.java:137)
	at org.junit.platform.engine.support.hierarchical.NodeTestTask.lambda$executeRecursively$8(NodeTestTask.java:127)
	at org.junit.platform.engine.support.hierarchical.ThrowableCollector.execute(ThrowableCollector.java:73)
	at org.junit.platform.engine.support.hierarchical.NodeTestTask.executeRecursively(NodeTestTask.java:126)
	at org.junit.platform.engine.support.hierarchical.NodeTestTask.execute(NodeTestTask.java:84)
	at org.junit.platform.engine.support.hierarchical.SameThreadHierarchicalTestExecutorService.submit(SameThreadHierarchicalTestExecutorService.java:32)
	at org.junit.platform.engine.support.hierarchical.HierarchicalTestExecutor.execute(HierarchicalTestExecutor.java:57)
	at org.junit.platform.engine.support.hierarchical.HierarchicalTestEngine.execute(HierarchicalTestEngine.java:51)
	at org.junit.platform.launcher.core.EngineExecutionOrchestrator.execute(EngineExecutionOrchestrator.java:108)
	at org.junit.platform.launcher.core.EngineExecutionOrchestrator.execute(EngineExecutionOrchestrator.java:88)
	at org.junit.platform.launcher.core.EngineExecutionOrchestrator.lambda$execute$0(EngineExecutionOrchestrator.java:54)
	at org.junit.platform.launcher.core.EngineExecutionOrchestrator.withInterceptedStreams(EngineExecutionOrchestrator.java:67)
	at org.junit.platform.launcher.core.EngineExecutionOrchestrator.execute(EngineExecutionOrchestrator.java:52)
	at org.junit.platform.launcher.core.DefaultLauncher.execute(DefaultLauncher.java:96)
	at org.junit.platform.launcher.core.DefaultLauncher.execute(DefaultLauncher.java:75)
	at org.junit.platform.console.tasks.ConsoleTestExecutor.executeTests(ConsoleTestExecutor.java:66)
	at org.junit.platform.console.tasks.ConsoleTestExecutor.lambda$execute$0(ConsoleTestExecutor.java:58)
	at org.junit.platform.console.tasks.CustomContextClassLoaderExecutor.replaceThreadContextClassLoaderAndInvoke(CustomContextClassLoaderExecutor.java:41)
	at org.junit.platform.console.tasks.CustomContextClassLoaderExecutor.invoke(CustomContextClassLoaderExecutor.java:31)
	at org.junit.platform.console.tasks.ConsoleTestExecutor.execute(ConsoleTestExecutor.java:58)
	at org.junit.platform.console.ConsoleLauncher.executeTests(ConsoleLauncher.java:95)
	at org.junit.platform.console.ConsoleLauncher.execute(ConsoleLauncher.java:73)
	at org.junit.platform.console.ConsoleLauncher.execute(ConsoleLauncher.java:50)
	at org.junit.platform.console.ConsoleLauncher.execute(ConsoleLauncher.java:43)
	at org.junit.platform.console.ConsoleLauncher.main(ConsoleLauncher.java:37)
]]></skipped>
<system-out><![CDATA[
unique-id: [engine:junit-jupiter]/[class:minebayd1.test.TestUser]/[test-template:testget(minebayd1.User, int)]/[test-template-invocation:#44]
display-name: [44] Lamia a 77 annonces ouvertes, 1 annonces fermées et 2 achats 
, 0
]]></system-out>
</testcase>
<testcase name="testget(User, int)[45]" classname="minebayd1.test.TestUser" time="0.006">
<system-out><![CDATA[
unique-id: [engine:junit-jupiter]/[class:minebayd1.test.TestUser]/[test-template:testget(minebayd1.User, int)]/[test-template-invocation:#45]
display-name: [45] Yanis a 61 annonces ouvertes, 4 annonces fermées et 3 achats 
, 0
]]></system-out>
</testcase>
<testcase name="testget(User, int)[46]" classname="minebayd1.test.TestUser" time="0.007">
<system-out><![CDATA[
unique-id: [engine:junit-jupiter]/[class:minebayd1.test.TestUser]/[test-template:testget(minebayd1.User, int)]/[test-template-invocation:#46]
display-name: [46] Nima a 50 annonces ouvertes, 1 annonces fermées et 4 achats 
, 10
]]></system-out>
</testcase>
<testcase name="testget(User, int)[47]" classname="minebayd1.test.TestUser" time="0.031">
<system-out><![CDATA[
unique-id: [engine:junit-jupiter]/[class:minebayd1.test.TestUser]/[test-template:testget(minebayd1.User, int)]/[test-template-invocation:#47]
display-name: [47] Ismael a 59 annonces ouvertes, 1 annonces fermées et 3 achats 
, 51
]]></system-out>
</testcase>
<testcase name="testget(User, int)[48]" classname="minebayd1.test.TestUser" time="0.021">
<system-out><![CDATA[
unique-id: [engine:junit-jupiter]/[class:minebayd1.test.TestUser]/[test-template:testget(minebayd1.User, int)]/[test-template-invocation:#48]
display-name: [48] Ismael a 59 annonces ouvertes, 1 annonces fermées et 3 achats 
, 55
]]></system-out>
</testcase>
<testcase name="testget(User, int)[49]" classname="minebayd1.test.TestUser" time="0.001">
<skipped><![CDATA[org.opentest4j.TestAbortedException: Assumption failed: assumption is not true
	at org.junit.jupiter.api.Assumptions.throwTestAbortedException(Assumptions.java:256)
	at org.junit.jupiter.api.Assumptions.assumeTrue(Assumptions.java:115)
	at org.junit.jupiter.api.Assumptions.assumeTrue(Assumptions.java:66)
	at minebayd1.test.TestUser.testget(TestUser.java:918)
	at jdk.internal.reflect.GeneratedMethodAccessor5.invoke(Unknown Source)
	at java.base/jdk.internal.reflect.DelegatingMethodAccessorImpl.invoke(DelegatingMethodAccessorImpl.java:43)
	at java.base/java.lang.reflect.Method.invoke(Method.java:569)
	at org.junit.platform.commons.util.ReflectionUtils.invokeMethod(ReflectionUtils.java:688)
	at org.junit.jupiter.engine.execution.MethodInvocation.proceed(MethodInvocation.java:60)
	at org.junit.jupiter.engine.execution.InvocationInterceptorChain$ValidatingInvocation.proceed(InvocationInterceptorChain.java:131)
	at org.junit.jupiter.engine.extension.TimeoutExtension.intercept(TimeoutExtension.java:149)
	at org.junit.jupiter.engine.extension.TimeoutExtension.interceptTestableMethod(TimeoutExtension.java:140)
	at org.junit.jupiter.engine.extension.TimeoutExtension.interceptTestTemplateMethod(TimeoutExtension.java:92)
	at org.junit.jupiter.engine.execution.ExecutableInvoker$ReflectiveInterceptorCall.lambda$ofVoidMethod$0(ExecutableInvoker.java:115)
	at org.junit.jupiter.engine.execution.ExecutableInvoker.lambda$invoke$0(ExecutableInvoker.java:105)
	at org.junit.jupiter.engine.execution.InvocationInterceptorChain$InterceptedInvocation.proceed(InvocationInterceptorChain.java:106)
	at org.junit.jupiter.engine.execution.InvocationInterceptorChain.proceed(InvocationInterceptorChain.java:64)
	at org.junit.jupiter.engine.execution.InvocationInterceptorChain.chainAndInvoke(InvocationInterceptorChain.java:45)
	at org.junit.jupiter.engine.execution.InvocationInterceptorChain.invoke(InvocationInterceptorChain.java:37)
	at org.junit.jupiter.engine.execution.ExecutableInvoker.invoke(ExecutableInvoker.java:104)
	at org.junit.jupiter.engine.execution.ExecutableInvoker.invoke(ExecutableInvoker.java:98)
	at org.junit.jupiter.engine.descriptor.TestMethodTestDescriptor.lambda$invokeTestMethod$6(TestMethodTestDescriptor.java:210)
	at org.junit.platform.engine.support.hierarchical.ThrowableCollector.execute(ThrowableCollector.java:73)
	at org.junit.jupiter.engine.descriptor.TestMethodTestDescriptor.invokeTestMethod(TestMethodTestDescriptor.java:206)
	at org.junit.jupiter.engine.descriptor.TestMethodTestDescriptor.execute(TestMethodTestDescriptor.java:131)
	at org.junit.jupiter.engine.descriptor.TestMethodTestDescriptor.execute(TestMethodTestDescriptor.java:65)
	at org.junit.platform.engine.support.hierarchical.NodeTestTask.lambda$executeRecursively$5(NodeTestTask.java:139)
	at org.junit.platform.engine.support.hierarchical.ThrowableCollector.execute(ThrowableCollector.java:73)
	at org.junit.platform.engine.support.hierarchical.NodeTestTask.lambda$executeRecursively$7(NodeTestTask.java:129)
	at org.junit.platform.engine.support.hierarchical.Node.around(Node.java:137)
	at org.junit.platform.engine.support.hierarchical.NodeTestTask.lambda$executeRecursively$8(NodeTestTask.java:127)
	at org.junit.platform.engine.support.hierarchical.ThrowableCollector.execute(ThrowableCollector.java:73)
	at org.junit.platform.engine.support.hierarchical.NodeTestTask.executeRecursively(NodeTestTask.java:126)
	at org.junit.platform.engine.support.hierarchical.NodeTestTask.execute(NodeTestTask.java:84)
	at org.junit.platform.engine.support.hierarchical.SameThreadHierarchicalTestExecutorService.submit(SameThreadHierarchicalTestExecutorService.java:32)
	at org.junit.platform.engine.support.hierarchical.NodeTestTask$DefaultDynamicTestExecutor.execute(NodeTestTask.java:212)
	at org.junit.platform.engine.support.hierarchical.NodeTestTask$DefaultDynamicTestExecutor.execute(NodeTestTask.java:192)
	at org.junit.jupiter.engine.descriptor.TestTemplateTestDescriptor.execute(TestTemplateTestDescriptor.java:139)
	at org.junit.jupiter.engine.descriptor.TestTemplateTestDescriptor.lambda$execute$2(TestTemplateTestDescriptor.java:107)
	at java.base/java.util.stream.ForEachOps$ForEachOp$OfRef.accept(ForEachOps.java:183)
	at java.base/java.util.stream.ReferencePipeline$3$1.accept(ReferencePipeline.java:197)
	at java.base/java.util.stream.ReferencePipeline$2$1.accept(ReferencePipeline.java:179)
	at java.base/java.util.stream.ReferencePipeline$3$1.accept(ReferencePipeline.java:197)
	at java.base/java.util.stream.ForEachOps$ForEachOp$OfRef.accept(ForEachOps.java:183)
	at java.base/java.util.stream.ReferencePipeline$15$1.accept(ReferencePipeline.java:541)
	at java.base/java.util.stream.ReferencePipeline$3$1.accept(ReferencePipeline.java:197)
	at java.base/java.util.stream.ReferencePipeline$3$1.accept(ReferencePipeline.java:197)
	at java.base/java.util.stream.ReferencePipeline$3$1.accept(ReferencePipeline.java:197)
	at java.base/java.util.stream.ForEachOps$ForEachOp$OfRef.accept(ForEachOps.java:183)
	at java.base/java.util.stream.ReferencePipeline$3$1.accept(ReferencePipeline.java:197)
	at java.base/java.util.stream.ForEachOps$ForEachOp$OfRef.accept(ForEachOps.java:183)
	at java.base/java.util.stream.SliceOps$1$1.accept(SliceOps.java:200)
	at java.base/java.util.stream.StreamSpliterators$InfiniteSupplyingSpliterator$OfRef.tryAdvance(StreamSpliterators.java:1358)
	at java.base/java.util.stream.ReferencePipeline.forEachWithCancel(ReferencePipeline.java:129)
	at java.base/java.util.stream.AbstractPipeline.copyIntoWithCancel(AbstractPipeline.java:527)
	at java.base/java.util.stream.AbstractPipeline.copyInto(AbstractPipeline.java:513)
	at java.base/java.util.stream.AbstractPipeline.wrapAndCopyInto(AbstractPipeline.java:499)
	at java.base/java.util.stream.ForEachOps$ForEachOp.evaluateSequential(ForEachOps.java:150)
	at java.base/java.util.stream.ForEachOps$ForEachOp$OfRef.evaluateSequential(ForEachOps.java:173)
	at java.base/java.util.stream.AbstractPipeline.evaluate(AbstractPipeline.java:234)
	at java.base/java.util.stream.ReferencePipeline.forEach(ReferencePipeline.java:596)
	at java.base/java.util.stream.ReferencePipeline$7$1.accept(ReferencePipeline.java:276)
	at java.base/java.util.stream.ReferencePipeline$3$1.accept(ReferencePipeline.java:197)
	at java.base/java.util.stream.ReferencePipeline$3$1.accept(ReferencePipeline.java:197)
	at java.base/java.util.Spliterators$ArraySpliterator.forEachRemaining(Spliterators.java:992)
	at java.base/java.util.stream.AbstractPipeline.copyInto(AbstractPipeline.java:509)
	at java.base/java.util.stream.AbstractPipeline.wrapAndCopyInto(AbstractPipeline.java:499)
	at java.base/java.util.stream.ForEachOps$ForEachOp.evaluateSequential(ForEachOps.java:150)
	at java.base/java.util.stream.ForEachOps$ForEachOp$OfRef.evaluateSequential(ForEachOps.java:173)
	at java.base/java.util.stream.AbstractPipeline.evaluate(AbstractPipeline.java:234)
	at java.base/java.util.stream.ReferencePipeline.forEach(ReferencePipeline.java:596)
	at java.base/java.util.stream.ReferencePipeline$7$1.accept(ReferencePipeline.java:276)
	at java.base/java.util.stream.ReferencePipeline$3$1.accept(ReferencePipeline.java:197)
	at java.base/java.util.stream.ReferencePipeline$3$1.accept(ReferencePipeline.java:197)
	at java.base/java.util.stream.ReferencePipeline$3$1.accept(ReferencePipeline.java:197)
	at java.base/java.util.ArrayList$ArrayListSpliterator.forEachRemaining(ArrayList.java:1625)
	at java.base/java.util.stream.AbstractPipeline.copyInto(AbstractPipeline.java:509)
	at java.base/java.util.stream.AbstractPipeline.wrapAndCopyInto(AbstractPipeline.java:499)
	at java.base/java.util.stream.ForEachOps$ForEachOp.evaluateSequential(ForEachOps.java:150)
	at java.base/java.util.stream.ForEachOps$ForEachOp$OfRef.evaluateSequential(ForEachOps.java:173)
	at java.base/java.util.stream.AbstractPipeline.evaluate(AbstractPipeline.java:234)
	at java.base/java.util.stream.ReferencePipeline.forEach(ReferencePipeline.java:596)
	at java.base/java.util.stream.ReferencePipeline$7$1.accept(ReferencePipeline.java:276)
	at java.base/java.util.ArrayList$ArrayListSpliterator.forEachRemaining(ArrayList.java:1625)
	at java.base/java.util.stream.AbstractPipeline.copyInto(AbstractPipeline.java:509)
	at java.base/java.util.stream.AbstractPipeline.wrapAndCopyInto(AbstractPipeline.java:499)
	at java.base/java.util.stream.ForEachOps$ForEachOp.evaluateSequential(ForEachOps.java:150)
	at java.base/java.util.stream.ForEachOps$ForEachOp$OfRef.evaluateSequential(ForEachOps.java:173)
	at java.base/java.util.stream.AbstractPipeline.evaluate(AbstractPipeline.java:234)
	at java.base/java.util.stream.ReferencePipeline.forEach(ReferencePipeline.java:596)
	at org.junit.jupiter.engine.descriptor.TestTemplateTestDescriptor.execute(TestTemplateTestDescriptor.java:107)
	at org.junit.jupiter.engine.descriptor.TestTemplateTestDescriptor.execute(TestTemplateTestDescriptor.java:42)
	at org.junit.platform.engine.support.hierarchical.NodeTestTask.lambda$executeRecursively$5(NodeTestTask.java:139)
	at org.junit.platform.engine.support.hierarchical.ThrowableCollector.execute(ThrowableCollector.java:73)
	at org.junit.platform.engine.support.hierarchical.NodeTestTask.lambda$executeRecursively$7(NodeTestTask.java:129)
	at org.junit.platform.engine.support.hierarchical.Node.around(Node.java:137)
	at org.junit.platform.engine.support.hierarchical.NodeTestTask.lambda$executeRecursively$8(NodeTestTask.java:127)
	at org.junit.platform.engine.support.hierarchical.ThrowableCollector.execute(ThrowableCollector.java:73)
	at org.junit.platform.engine.support.hierarchical.NodeTestTask.executeRecursively(NodeTestTask.java:126)
	at org.junit.platform.engine.support.hierarchical.NodeTestTask.execute(NodeTestTask.java:84)
	at java.base/java.util.ArrayList.forEach(ArrayList.java:1511)
	at org.junit.platform.engine.support.hierarchical.SameThreadHierarchicalTestExecutorService.invokeAll(SameThreadHierarchicalTestExecutorService.java:38)
	at org.junit.platform.engine.support.hierarchical.NodeTestTask.lambda$executeRecursively$5(NodeTestTask.java:143)
	at org.junit.platform.engine.support.hierarchical.ThrowableCollector.execute(ThrowableCollector.java:73)
	at org.junit.platform.engine.support.hierarchical.NodeTestTask.lambda$executeRecursively$7(NodeTestTask.java:129)
	at org.junit.platform.engine.support.hierarchical.Node.around(Node.java:137)
	at org.junit.platform.engine.support.hierarchical.NodeTestTask.lambda$executeRecursively$8(NodeTestTask.java:127)
	at org.junit.platform.engine.support.hierarchical.ThrowableCollector.execute(ThrowableCollector.java:73)
	at org.junit.platform.engine.support.hierarchical.NodeTestTask.executeRecursively(NodeTestTask.java:126)
	at org.junit.platform.engine.support.hierarchical.NodeTestTask.execute(NodeTestTask.java:84)
	at java.base/java.util.ArrayList.forEach(ArrayList.java:1511)
	at org.junit.platform.engine.support.hierarchical.SameThreadHierarchicalTestExecutorService.invokeAll(SameThreadHierarchicalTestExecutorService.java:38)
	at org.junit.platform.engine.support.hierarchical.NodeTestTask.lambda$executeRecursively$5(NodeTestTask.java:143)
	at org.junit.platform.engine.support.hierarchical.ThrowableCollector.execute(ThrowableCollector.java:73)
	at org.junit.platform.engine.support.hierarchical.NodeTestTask.lambda$executeRecursively$7(NodeTestTask.java:129)
	at org.junit.platform.engine.support.hierarchical.Node.around(Node.java:137)
	at org.junit.platform.engine.support.hierarchical.NodeTestTask.lambda$executeRecursively$8(NodeTestTask.java:127)
	at org.junit.platform.engine.support.hierarchical.ThrowableCollector.execute(ThrowableCollector.java:73)
	at org.junit.platform.engine.support.hierarchical.NodeTestTask.executeRecursively(NodeTestTask.java:126)
	at org.junit.platform.engine.support.hierarchical.NodeTestTask.execute(NodeTestTask.java:84)
	at org.junit.platform.engine.support.hierarchical.SameThreadHierarchicalTestExecutorService.submit(SameThreadHierarchicalTestExecutorService.java:32)
	at org.junit.platform.engine.support.hierarchical.HierarchicalTestExecutor.execute(HierarchicalTestExecutor.java:57)
	at org.junit.platform.engine.support.hierarchical.HierarchicalTestEngine.execute(HierarchicalTestEngine.java:51)
	at org.junit.platform.launcher.core.EngineExecutionOrchestrator.execute(EngineExecutionOrchestrator.java:108)
	at org.junit.platform.launcher.core.EngineExecutionOrchestrator.execute(EngineExecutionOrchestrator.java:88)
	at org.junit.platform.launcher.core.EngineExecutionOrchestrator.lambda$execute$0(EngineExecutionOrchestrator.java:54)
	at org.junit.platform.launcher.core.EngineExecutionOrchestrator.withInterceptedStreams(EngineExecutionOrchestrator.java:67)
	at org.junit.platform.launcher.core.EngineExecutionOrchestrator.execute(EngineExecutionOrchestrator.java:52)
	at org.junit.platform.launcher.core.DefaultLauncher.execute(DefaultLauncher.java:96)
	at org.junit.platform.launcher.core.DefaultLauncher.execute(DefaultLauncher.java:75)
	at org.junit.platform.console.tasks.ConsoleTestExecutor.executeTests(ConsoleTestExecutor.java:66)
	at org.junit.platform.console.tasks.ConsoleTestExecutor.lambda$execute$0(ConsoleTestExecutor.java:58)
	at org.junit.platform.console.tasks.CustomContextClassLoaderExecutor.replaceThreadContextClassLoaderAndInvoke(CustomContextClassLoaderExecutor.java:41)
	at org.junit.platform.console.tasks.CustomContextClassLoaderExecutor.invoke(CustomContextClassLoaderExecutor.java:31)
	at org.junit.platform.console.tasks.ConsoleTestExecutor.execute(ConsoleTestExecutor.java:58)
	at org.junit.platform.console.ConsoleLauncher.executeTests(ConsoleLauncher.java:95)
	at org.junit.platform.console.ConsoleLauncher.execute(ConsoleLauncher.java:73)
	at org.junit.platform.console.ConsoleLauncher.execute(ConsoleLauncher.java:50)
	at org.junit.platform.console.ConsoleLauncher.execute(ConsoleLauncher.java:43)
	at org.junit.platform.console.ConsoleLauncher.main(ConsoleLauncher.java:37)
]]></skipped>
<system-out><![CDATA[
unique-id: [engine:junit-jupiter]/[class:minebayd1.test.TestUser]/[test-template:testget(minebayd1.User, int)]/[test-template-invocation:#49]
display-name: [49] Mohamed a 45 annonces ouvertes, 2 annonces fermées et 3 achats 
, 0
]]></system-out>
</testcase>
<testcase name="testget(User, int)[50]" classname="minebayd1.test.TestUser" time="0">
<skipped><![CDATA[org.opentest4j.TestAbortedException: Assumption failed: assumption is not true
	at org.junit.jupiter.api.Assumptions.throwTestAbortedException(Assumptions.java:256)
	at org.junit.jupiter.api.Assumptions.assumeTrue(Assumptions.java:115)
	at org.junit.jupiter.api.Assumptions.assumeTrue(Assumptions.java:66)
	at minebayd1.test.TestUser.testget(TestUser.java:918)
	at jdk.internal.reflect.GeneratedMethodAccessor5.invoke(Unknown Source)
	at java.base/jdk.internal.reflect.DelegatingMethodAccessorImpl.invoke(DelegatingMethodAccessorImpl.java:43)
	at java.base/java.lang.reflect.Method.invoke(Method.java:569)
	at org.junit.platform.commons.util.ReflectionUtils.invokeMethod(ReflectionUtils.java:688)
	at org.junit.jupiter.engine.execution.MethodInvocation.proceed(MethodInvocation.java:60)
	at org.junit.jupiter.engine.execution.InvocationInterceptorChain$ValidatingInvocation.proceed(InvocationInterceptorChain.java:131)
	at org.junit.jupiter.engine.extension.TimeoutExtension.intercept(TimeoutExtension.java:149)
	at org.junit.jupiter.engine.extension.TimeoutExtension.interceptTestableMethod(TimeoutExtension.java:140)
	at org.junit.jupiter.engine.extension.TimeoutExtension.interceptTestTemplateMethod(TimeoutExtension.java:92)
	at org.junit.jupiter.engine.execution.ExecutableInvoker$ReflectiveInterceptorCall.lambda$ofVoidMethod$0(ExecutableInvoker.java:115)
	at org.junit.jupiter.engine.execution.ExecutableInvoker.lambda$invoke$0(ExecutableInvoker.java:105)
	at org.junit.jupiter.engine.execution.InvocationInterceptorChain$InterceptedInvocation.proceed(InvocationInterceptorChain.java:106)
	at org.junit.jupiter.engine.execution.InvocationInterceptorChain.proceed(InvocationInterceptorChain.java:64)
	at org.junit.jupiter.engine.execution.InvocationInterceptorChain.chainAndInvoke(InvocationInterceptorChain.java:45)
	at org.junit.jupiter.engine.execution.InvocationInterceptorChain.invoke(InvocationInterceptorChain.java:37)
	at org.junit.jupiter.engine.execution.ExecutableInvoker.invoke(ExecutableInvoker.java:104)
	at org.junit.jupiter.engine.execution.ExecutableInvoker.invoke(ExecutableInvoker.java:98)
	at org.junit.jupiter.engine.descriptor.TestMethodTestDescriptor.lambda$invokeTestMethod$6(TestMethodTestDescriptor.java:210)
	at org.junit.platform.engine.support.hierarchical.ThrowableCollector.execute(ThrowableCollector.java:73)
	at org.junit.jupiter.engine.descriptor.TestMethodTestDescriptor.invokeTestMethod(TestMethodTestDescriptor.java:206)
	at org.junit.jupiter.engine.descriptor.TestMethodTestDescriptor.execute(TestMethodTestDescriptor.java:131)
	at org.junit.jupiter.engine.descriptor.TestMethodTestDescriptor.execute(TestMethodTestDescriptor.java:65)
	at org.junit.platform.engine.support.hierarchical.NodeTestTask.lambda$executeRecursively$5(NodeTestTask.java:139)
	at org.junit.platform.engine.support.hierarchical.ThrowableCollector.execute(ThrowableCollector.java:73)
	at org.junit.platform.engine.support.hierarchical.NodeTestTask.lambda$executeRecursively$7(NodeTestTask.java:129)
	at org.junit.platform.engine.support.hierarchical.Node.around(Node.java:137)
	at org.junit.platform.engine.support.hierarchical.NodeTestTask.lambda$executeRecursively$8(NodeTestTask.java:127)
	at org.junit.platform.engine.support.hierarchical.ThrowableCollector.execute(ThrowableCollector.java:73)
	at org.junit.platform.engine.support.hierarchical.NodeTestTask.executeRecursively(NodeTestTask.java:126)
	at org.junit.platform.engine.support.hierarchical.NodeTestTask.execute(NodeTestTask.java:84)
	at org.junit.platform.engine.support.hierarchical.SameThreadHierarchicalTestExecutorService.submit(SameThreadHierarchicalTestExecutorService.java:32)
	at org.junit.platform.engine.support.hierarchical.NodeTestTask$DefaultDynamicTestExecutor.execute(NodeTestTask.java:212)
	at org.junit.platform.engine.support.hierarchical.NodeTestTask$DefaultDynamicTestExecutor.execute(NodeTestTask.java:192)
	at org.junit.jupiter.engine.descriptor.TestTemplateTestDescriptor.execute(TestTemplateTestDescriptor.java:139)
	at org.junit.jupiter.engine.descriptor.TestTemplateTestDescriptor.lambda$execute$2(TestTemplateTestDescriptor.java:107)
	at java.base/java.util.stream.ForEachOps$ForEachOp$OfRef.accept(ForEachOps.java:183)
	at java.base/java.util.stream.ReferencePipeline$3$1.accept(ReferencePipeline.java:197)
	at java.base/java.util.stream.ReferencePipeline$2$1.accept(ReferencePipeline.java:179)
	at java.base/java.util.stream.ReferencePipeline$3$1.accept(ReferencePipeline.java:197)
	at java.base/java.util.stream.ForEachOps$ForEachOp$OfRef.accept(ForEachOps.java:183)
	at java.base/java.util.stream.ReferencePipeline$15$1.accept(ReferencePipeline.java:541)
	at java.base/java.util.stream.ReferencePipeline$3$1.accept(ReferencePipeline.java:197)
	at java.base/java.util.stream.ReferencePipeline$3$1.accept(ReferencePipeline.java:197)
	at java.base/java.util.stream.ReferencePipeline$3$1.accept(ReferencePipeline.java:197)
	at java.base/java.util.stream.ForEachOps$ForEachOp$OfRef.accept(ForEachOps.java:183)
	at java.base/java.util.stream.ReferencePipeline$3$1.accept(ReferencePipeline.java:197)
	at java.base/java.util.stream.ForEachOps$ForEachOp$OfRef.accept(ForEachOps.java:183)
	at java.base/java.util.stream.SliceOps$1$1.accept(SliceOps.java:200)
	at java.base/java.util.stream.StreamSpliterators$InfiniteSupplyingSpliterator$OfRef.tryAdvance(StreamSpliterators.java:1358)
	at java.base/java.util.stream.ReferencePipeline.forEachWithCancel(ReferencePipeline.java:129)
	at java.base/java.util.stream.AbstractPipeline.copyIntoWithCancel(AbstractPipeline.java:527)
	at java.base/java.util.stream.AbstractPipeline.copyInto(AbstractPipeline.java:513)
	at java.base/java.util.stream.AbstractPipeline.wrapAndCopyInto(AbstractPipeline.java:499)
	at java.base/java.util.stream.ForEachOps$ForEachOp.evaluateSequential(ForEachOps.java:150)
	at java.base/java.util.stream.ForEachOps$ForEachOp$OfRef.evaluateSequential(ForEachOps.java:173)
	at java.base/java.util.stream.AbstractPipeline.evaluate(AbstractPipeline.java:234)
	at java.base/java.util.stream.ReferencePipeline.forEach(ReferencePipeline.java:596)
	at java.base/java.util.stream.ReferencePipeline$7$1.accept(ReferencePipeline.java:276)
	at java.base/java.util.stream.ReferencePipeline$3$1.accept(ReferencePipeline.java:197)
	at java.base/java.util.stream.ReferencePipeline$3$1.accept(ReferencePipeline.java:197)
	at java.base/java.util.Spliterators$ArraySpliterator.forEachRemaining(Spliterators.java:992)
	at java.base/java.util.stream.AbstractPipeline.copyInto(AbstractPipeline.java:509)
	at java.base/java.util.stream.AbstractPipeline.wrapAndCopyInto(AbstractPipeline.java:499)
	at java.base/java.util.stream.ForEachOps$ForEachOp.evaluateSequential(ForEachOps.java:150)
	at java.base/java.util.stream.ForEachOps$ForEachOp$OfRef.evaluateSequential(ForEachOps.java:173)
	at java.base/java.util.stream.AbstractPipeline.evaluate(AbstractPipeline.java:234)
	at java.base/java.util.stream.ReferencePipeline.forEach(ReferencePipeline.java:596)
	at java.base/java.util.stream.ReferencePipeline$7$1.accept(ReferencePipeline.java:276)
	at java.base/java.util.stream.ReferencePipeline$3$1.accept(ReferencePipeline.java:197)
	at java.base/java.util.stream.ReferencePipeline$3$1.accept(ReferencePipeline.java:197)
	at java.base/java.util.stream.ReferencePipeline$3$1.accept(ReferencePipeline.java:197)
	at java.base/java.util.ArrayList$ArrayListSpliterator.forEachRemaining(ArrayList.java:1625)
	at java.base/java.util.stream.AbstractPipeline.copyInto(AbstractPipeline.java:509)
	at java.base/java.util.stream.AbstractPipeline.wrapAndCopyInto(AbstractPipeline.java:499)
	at java.base/java.util.stream.ForEachOps$ForEachOp.evaluateSequential(ForEachOps.java:150)
	at java.base/java.util.stream.ForEachOps$ForEachOp$OfRef.evaluateSequential(ForEachOps.java:173)
	at java.base/java.util.stream.AbstractPipeline.evaluate(AbstractPipeline.java:234)
	at java.base/java.util.stream.ReferencePipeline.forEach(ReferencePipeline.java:596)
	at java.base/java.util.stream.ReferencePipeline$7$1.accept(ReferencePipeline.java:276)
	at java.base/java.util.ArrayList$ArrayListSpliterator.forEachRemaining(ArrayList.java:1625)
	at java.base/java.util.stream.AbstractPipeline.copyInto(AbstractPipeline.java:509)
	at java.base/java.util.stream.AbstractPipeline.wrapAndCopyInto(AbstractPipeline.java:499)
	at java.base/java.util.stream.ForEachOps$ForEachOp.evaluateSequential(ForEachOps.java:150)
	at java.base/java.util.stream.ForEachOps$ForEachOp$OfRef.evaluateSequential(ForEachOps.java:173)
	at java.base/java.util.stream.AbstractPipeline.evaluate(AbstractPipeline.java:234)
	at java.base/java.util.stream.ReferencePipeline.forEach(ReferencePipeline.java:596)
	at org.junit.jupiter.engine.descriptor.TestTemplateTestDescriptor.execute(TestTemplateTestDescriptor.java:107)
	at org.junit.jupiter.engine.descriptor.TestTemplateTestDescriptor.execute(TestTemplateTestDescriptor.java:42)
	at org.junit.platform.engine.support.hierarchical.NodeTestTask.lambda$executeRecursively$5(NodeTestTask.java:139)
	at org.junit.platform.engine.support.hierarchical.ThrowableCollector.execute(ThrowableCollector.java:73)
	at org.junit.platform.engine.support.hierarchical.NodeTestTask.lambda$executeRecursively$7(NodeTestTask.java:129)
	at org.junit.platform.engine.support.hierarchical.Node.around(Node.java:137)
	at org.junit.platform.engine.support.hierarchical.NodeTestTask.lambda$executeRecursively$8(NodeTestTask.java:127)
	at org.junit.platform.engine.support.hierarchical.ThrowableCollector.execute(ThrowableCollector.java:73)
	at org.junit.platform.engine.support.hierarchical.NodeTestTask.executeRecursively(NodeTestTask.java:126)
	at org.junit.platform.engine.support.hierarchical.NodeTestTask.execute(NodeTestTask.java:84)
	at java.base/java.util.ArrayList.forEach(ArrayList.java:1511)
	at org.junit.platform.engine.support.hierarchical.SameThreadHierarchicalTestExecutorService.invokeAll(SameThreadHierarchicalTestExecutorService.java:38)
	at org.junit.platform.engine.support.hierarchical.NodeTestTask.lambda$executeRecursively$5(NodeTestTask.java:143)
	at org.junit.platform.engine.support.hierarchical.ThrowableCollector.execute(ThrowableCollector.java:73)
	at org.junit.platform.engine.support.hierarchical.NodeTestTask.lambda$executeRecursively$7(NodeTestTask.java:129)
	at org.junit.platform.engine.support.hierarchical.Node.around(Node.java:137)
	at org.junit.platform.engine.support.hierarchical.NodeTestTask.lambda$executeRecursively$8(NodeTestTask.java:127)
	at org.junit.platform.engine.support.hierarchical.ThrowableCollector.execute(ThrowableCollector.java:73)
	at org.junit.platform.engine.support.hierarchical.NodeTestTask.executeRecursively(NodeTestTask.java:126)
	at org.junit.platform.engine.support.hierarchical.NodeTestTask.execute(NodeTestTask.java:84)
	at java.base/java.util.ArrayList.forEach(ArrayList.java:1511)
	at org.junit.platform.engine.support.hierarchical.SameThreadHierarchicalTestExecutorService.invokeAll(SameThreadHierarchicalTestExecutorService.java:38)
	at org.junit.platform.engine.support.hierarchical.NodeTestTask.lambda$executeRecursively$5(NodeTestTask.java:143)
	at org.junit.platform.engine.support.hierarchical.ThrowableCollector.execute(ThrowableCollector.java:73)
	at org.junit.platform.engine.support.hierarchical.NodeTestTask.lambda$executeRecursively$7(NodeTestTask.java:129)
	at org.junit.platform.engine.support.hierarchical.Node.around(Node.java:137)
	at org.junit.platform.engine.support.hierarchical.NodeTestTask.lambda$executeRecursively$8(NodeTestTask.java:127)
	at org.junit.platform.engine.support.hierarchical.ThrowableCollector.execute(ThrowableCollector.java:73)
	at org.junit.platform.engine.support.hierarchical.NodeTestTask.executeRecursively(NodeTestTask.java:126)
	at org.junit.platform.engine.support.hierarchical.NodeTestTask.execute(NodeTestTask.java:84)
	at org.junit.platform.engine.support.hierarchical.SameThreadHierarchicalTestExecutorService.submit(SameThreadHierarchicalTestExecutorService.java:32)
	at org.junit.platform.engine.support.hierarchical.HierarchicalTestExecutor.execute(HierarchicalTestExecutor.java:57)
	at org.junit.platform.engine.support.hierarchical.HierarchicalTestEngine.execute(HierarchicalTestEngine.java:51)
	at org.junit.platform.launcher.core.EngineExecutionOrchestrator.execute(EngineExecutionOrchestrator.java:108)
	at org.junit.platform.launcher.core.EngineExecutionOrchestrator.execute(EngineExecutionOrchestrator.java:88)
	at org.junit.platform.launcher.core.EngineExecutionOrchestrator.lambda$execute$0(EngineExecutionOrchestrator.java:54)
	at org.junit.platform.launcher.core.EngineExecutionOrchestrator.withInterceptedStreams(EngineExecutionOrchestrator.java:67)
	at org.junit.platform.launcher.core.EngineExecutionOrchestrator.execute(EngineExecutionOrchestrator.java:52)
	at org.junit.platform.launcher.core.DefaultLauncher.execute(DefaultLauncher.java:96)
	at org.junit.platform.launcher.core.DefaultLauncher.execute(DefaultLauncher.java:75)
	at org.junit.platform.console.tasks.ConsoleTestExecutor.executeTests(ConsoleTestExecutor.java:66)
	at org.junit.platform.console.tasks.ConsoleTestExecutor.lambda$execute$0(ConsoleTestExecutor.java:58)
	at org.junit.platform.console.tasks.CustomContextClassLoaderExecutor.replaceThreadContextClassLoaderAndInvoke(CustomContextClassLoaderExecutor.java:41)
	at org.junit.platform.console.tasks.CustomContextClassLoaderExecutor.invoke(CustomContextClassLoaderExecutor.java:31)
	at org.junit.platform.console.tasks.ConsoleTestExecutor.execute(ConsoleTestExecutor.java:58)
	at org.junit.platform.console.ConsoleLauncher.executeTests(ConsoleLauncher.java:95)
	at org.junit.platform.console.ConsoleLauncher.execute(ConsoleLauncher.java:73)
	at org.junit.platform.console.ConsoleLauncher.execute(ConsoleLauncher.java:50)
	at org.junit.platform.console.ConsoleLauncher.execute(ConsoleLauncher.java:43)
	at org.junit.platform.console.ConsoleLauncher.main(ConsoleLauncher.java:37)
]]></skipped>
<system-out><![CDATA[
unique-id: [engine:junit-jupiter]/[class:minebayd1.test.TestUser]/[test-template:testget(minebayd1.User, int)]/[test-template-invocation:#50]
display-name: [50] Lamia a 77 annonces ouvertes, 1 annonces fermées et 2 achats 
, 0
]]></system-out>
</testcase>
<testcase name="testget(User, int)[51]" classname="minebayd1.test.TestUser" time="0">
<skipped><![CDATA[org.opentest4j.TestAbortedException: Assumption failed: assumption is not true
	at org.junit.jupiter.api.Assumptions.throwTestAbortedException(Assumptions.java:256)
	at org.junit.jupiter.api.Assumptions.assumeTrue(Assumptions.java:115)
	at org.junit.jupiter.api.Assumptions.assumeTrue(Assumptions.java:66)
	at minebayd1.test.TestUser.testget(TestUser.java:918)
	at jdk.internal.reflect.GeneratedMethodAccessor5.invoke(Unknown Source)
	at java.base/jdk.internal.reflect.DelegatingMethodAccessorImpl.invoke(DelegatingMethodAccessorImpl.java:43)
	at java.base/java.lang.reflect.Method.invoke(Method.java:569)
	at org.junit.platform.commons.util.ReflectionUtils.invokeMethod(ReflectionUtils.java:688)
	at org.junit.jupiter.engine.execution.MethodInvocation.proceed(MethodInvocation.java:60)
	at org.junit.jupiter.engine.execution.InvocationInterceptorChain$ValidatingInvocation.proceed(InvocationInterceptorChain.java:131)
	at org.junit.jupiter.engine.extension.TimeoutExtension.intercept(TimeoutExtension.java:149)
	at org.junit.jupiter.engine.extension.TimeoutExtension.interceptTestableMethod(TimeoutExtension.java:140)
	at org.junit.jupiter.engine.extension.TimeoutExtension.interceptTestTemplateMethod(TimeoutExtension.java:92)
	at org.junit.jupiter.engine.execution.ExecutableInvoker$ReflectiveInterceptorCall.lambda$ofVoidMethod$0(ExecutableInvoker.java:115)
	at org.junit.jupiter.engine.execution.ExecutableInvoker.lambda$invoke$0(ExecutableInvoker.java:105)
	at org.junit.jupiter.engine.execution.InvocationInterceptorChain$InterceptedInvocation.proceed(InvocationInterceptorChain.java:106)
	at org.junit.jupiter.engine.execution.InvocationInterceptorChain.proceed(InvocationInterceptorChain.java:64)
	at org.junit.jupiter.engine.execution.InvocationInterceptorChain.chainAndInvoke(InvocationInterceptorChain.java:45)
	at org.junit.jupiter.engine.execution.InvocationInterceptorChain.invoke(InvocationInterceptorChain.java:37)
	at org.junit.jupiter.engine.execution.ExecutableInvoker.invoke(ExecutableInvoker.java:104)
	at org.junit.jupiter.engine.execution.ExecutableInvoker.invoke(ExecutableInvoker.java:98)
	at org.junit.jupiter.engine.descriptor.TestMethodTestDescriptor.lambda$invokeTestMethod$6(TestMethodTestDescriptor.java:210)
	at org.junit.platform.engine.support.hierarchical.ThrowableCollector.execute(ThrowableCollector.java:73)
	at org.junit.jupiter.engine.descriptor.TestMethodTestDescriptor.invokeTestMethod(TestMethodTestDescriptor.java:206)
	at org.junit.jupiter.engine.descriptor.TestMethodTestDescriptor.execute(TestMethodTestDescriptor.java:131)
	at org.junit.jupiter.engine.descriptor.TestMethodTestDescriptor.execute(TestMethodTestDescriptor.java:65)
	at org.junit.platform.engine.support.hierarchical.NodeTestTask.lambda$executeRecursively$5(NodeTestTask.java:139)
	at org.junit.platform.engine.support.hierarchical.ThrowableCollector.execute(ThrowableCollector.java:73)
	at org.junit.platform.engine.support.hierarchical.NodeTestTask.lambda$executeRecursively$7(NodeTestTask.java:129)
	at org.junit.platform.engine.support.hierarchical.Node.around(Node.java:137)
	at org.junit.platform.engine.support.hierarchical.NodeTestTask.lambda$executeRecursively$8(NodeTestTask.java:127)
	at org.junit.platform.engine.support.hierarchical.ThrowableCollector.execute(ThrowableCollector.java:73)
	at org.junit.platform.engine.support.hierarchical.NodeTestTask.executeRecursively(NodeTestTask.java:126)
	at org.junit.platform.engine.support.hierarchical.NodeTestTask.execute(NodeTestTask.java:84)
	at org.junit.platform.engine.support.hierarchical.SameThreadHierarchicalTestExecutorService.submit(SameThreadHierarchicalTestExecutorService.java:32)
	at org.junit.platform.engine.support.hierarchical.NodeTestTask$DefaultDynamicTestExecutor.execute(NodeTestTask.java:212)
	at org.junit.platform.engine.support.hierarchical.NodeTestTask$DefaultDynamicTestExecutor.execute(NodeTestTask.java:192)
	at org.junit.jupiter.engine.descriptor.TestTemplateTestDescriptor.execute(TestTemplateTestDescriptor.java:139)
	at org.junit.jupiter.engine.descriptor.TestTemplateTestDescriptor.lambda$execute$2(TestTemplateTestDescriptor.java:107)
	at java.base/java.util.stream.ForEachOps$ForEachOp$OfRef.accept(ForEachOps.java:183)
	at java.base/java.util.stream.ReferencePipeline$3$1.accept(ReferencePipeline.java:197)
	at java.base/java.util.stream.ReferencePipeline$2$1.accept(ReferencePipeline.java:179)
	at java.base/java.util.stream.ReferencePipeline$3$1.accept(ReferencePipeline.java:197)
	at java.base/java.util.stream.ForEachOps$ForEachOp$OfRef.accept(ForEachOps.java:183)
	at java.base/java.util.stream.ReferencePipeline$15$1.accept(ReferencePipeline.java:541)
	at java.base/java.util.stream.ReferencePipeline$3$1.accept(ReferencePipeline.java:197)
	at java.base/java.util.stream.ReferencePipeline$3$1.accept(ReferencePipeline.java:197)
	at java.base/java.util.stream.ReferencePipeline$3$1.accept(ReferencePipeline.java:197)
	at java.base/java.util.stream.ForEachOps$ForEachOp$OfRef.accept(ForEachOps.java:183)
	at java.base/java.util.stream.ReferencePipeline$3$1.accept(ReferencePipeline.java:197)
	at java.base/java.util.stream.ForEachOps$ForEachOp$OfRef.accept(ForEachOps.java:183)
	at java.base/java.util.stream.SliceOps$1$1.accept(SliceOps.java:200)
	at java.base/java.util.stream.StreamSpliterators$InfiniteSupplyingSpliterator$OfRef.tryAdvance(StreamSpliterators.java:1358)
	at java.base/java.util.stream.ReferencePipeline.forEachWithCancel(ReferencePipeline.java:129)
	at java.base/java.util.stream.AbstractPipeline.copyIntoWithCancel(AbstractPipeline.java:527)
	at java.base/java.util.stream.AbstractPipeline.copyInto(AbstractPipeline.java:513)
	at java.base/java.util.stream.AbstractPipeline.wrapAndCopyInto(AbstractPipeline.java:499)
	at java.base/java.util.stream.ForEachOps$ForEachOp.evaluateSequential(ForEachOps.java:150)
	at java.base/java.util.stream.ForEachOps$ForEachOp$OfRef.evaluateSequential(ForEachOps.java:173)
	at java.base/java.util.stream.AbstractPipeline.evaluate(AbstractPipeline.java:234)
	at java.base/java.util.stream.ReferencePipeline.forEach(ReferencePipeline.java:596)
	at java.base/java.util.stream.ReferencePipeline$7$1.accept(ReferencePipeline.java:276)
	at java.base/java.util.stream.ReferencePipeline$3$1.accept(ReferencePipeline.java:197)
	at java.base/java.util.stream.ReferencePipeline$3$1.accept(ReferencePipeline.java:197)
	at java.base/java.util.Spliterators$ArraySpliterator.forEachRemaining(Spliterators.java:992)
	at java.base/java.util.stream.AbstractPipeline.copyInto(AbstractPipeline.java:509)
	at java.base/java.util.stream.AbstractPipeline.wrapAndCopyInto(AbstractPipeline.java:499)
	at java.base/java.util.stream.ForEachOps$ForEachOp.evaluateSequential(ForEachOps.java:150)
	at java.base/java.util.stream.ForEachOps$ForEachOp$OfRef.evaluateSequential(ForEachOps.java:173)
	at java.base/java.util.stream.AbstractPipeline.evaluate(AbstractPipeline.java:234)
	at java.base/java.util.stream.ReferencePipeline.forEach(ReferencePipeline.java:596)
	at java.base/java.util.stream.ReferencePipeline$7$1.accept(ReferencePipeline.java:276)
	at java.base/java.util.stream.ReferencePipeline$3$1.accept(ReferencePipeline.java:197)
	at java.base/java.util.stream.ReferencePipeline$3$1.accept(ReferencePipeline.java:197)
	at java.base/java.util.stream.ReferencePipeline$3$1.accept(ReferencePipeline.java:197)
	at java.base/java.util.ArrayList$ArrayListSpliterator.forEachRemaining(ArrayList.java:1625)
	at java.base/java.util.stream.AbstractPipeline.copyInto(AbstractPipeline.java:509)
	at java.base/java.util.stream.AbstractPipeline.wrapAndCopyInto(AbstractPipeline.java:499)
	at java.base/java.util.stream.ForEachOps$ForEachOp.evaluateSequential(ForEachOps.java:150)
	at java.base/java.util.stream.ForEachOps$ForEachOp$OfRef.evaluateSequential(ForEachOps.java:173)
	at java.base/java.util.stream.AbstractPipeline.evaluate(AbstractPipeline.java:234)
	at java.base/java.util.stream.ReferencePipeline.forEach(ReferencePipeline.java:596)
	at java.base/java.util.stream.ReferencePipeline$7$1.accept(ReferencePipeline.java:276)
	at java.base/java.util.ArrayList$ArrayListSpliterator.forEachRemaining(ArrayList.java:1625)
	at java.base/java.util.stream.AbstractPipeline.copyInto(AbstractPipeline.java:509)
	at java.base/java.util.stream.AbstractPipeline.wrapAndCopyInto(AbstractPipeline.java:499)
	at java.base/java.util.stream.ForEachOps$ForEachOp.evaluateSequential(ForEachOps.java:150)
	at java.base/java.util.stream.ForEachOps$ForEachOp$OfRef.evaluateSequential(ForEachOps.java:173)
	at java.base/java.util.stream.AbstractPipeline.evaluate(AbstractPipeline.java:234)
	at java.base/java.util.stream.ReferencePipeline.forEach(ReferencePipeline.java:596)
	at org.junit.jupiter.engine.descriptor.TestTemplateTestDescriptor.execute(TestTemplateTestDescriptor.java:107)
	at org.junit.jupiter.engine.descriptor.TestTemplateTestDescriptor.execute(TestTemplateTestDescriptor.java:42)
	at org.junit.platform.engine.support.hierarchical.NodeTestTask.lambda$executeRecursively$5(NodeTestTask.java:139)
	at org.junit.platform.engine.support.hierarchical.ThrowableCollector.execute(ThrowableCollector.java:73)
	at org.junit.platform.engine.support.hierarchical.NodeTestTask.lambda$executeRecursively$7(NodeTestTask.java:129)
	at org.junit.platform.engine.support.hierarchical.Node.around(Node.java:137)
	at org.junit.platform.engine.support.hierarchical.NodeTestTask.lambda$executeRecursively$8(NodeTestTask.java:127)
	at org.junit.platform.engine.support.hierarchical.ThrowableCollector.execute(ThrowableCollector.java:73)
	at org.junit.platform.engine.support.hierarchical.NodeTestTask.executeRecursively(NodeTestTask.java:126)
	at org.junit.platform.engine.support.hierarchical.NodeTestTask.execute(NodeTestTask.java:84)
	at java.base/java.util.ArrayList.forEach(ArrayList.java:1511)
	at org.junit.platform.engine.support.hierarchical.SameThreadHierarchicalTestExecutorService.invokeAll(SameThreadHierarchicalTestExecutorService.java:38)
	at org.junit.platform.engine.support.hierarchical.NodeTestTask.lambda$executeRecursively$5(NodeTestTask.java:143)
	at org.junit.platform.engine.support.hierarchical.ThrowableCollector.execute(ThrowableCollector.java:73)
	at org.junit.platform.engine.support.hierarchical.NodeTestTask.lambda$executeRecursively$7(NodeTestTask.java:129)
	at org.junit.platform.engine.support.hierarchical.Node.around(Node.java:137)
	at org.junit.platform.engine.support.hierarchical.NodeTestTask.lambda$executeRecursively$8(NodeTestTask.java:127)
	at org.junit.platform.engine.support.hierarchical.ThrowableCollector.execute(ThrowableCollector.java:73)
	at org.junit.platform.engine.support.hierarchical.NodeTestTask.executeRecursively(NodeTestTask.java:126)
	at org.junit.platform.engine.support.hierarchical.NodeTestTask.execute(NodeTestTask.java:84)
	at java.base/java.util.ArrayList.forEach(ArrayList.java:1511)
	at org.junit.platform.engine.support.hierarchical.SameThreadHierarchicalTestExecutorService.invokeAll(SameThreadHierarchicalTestExecutorService.java:38)
	at org.junit.platform.engine.support.hierarchical.NodeTestTask.lambda$executeRecursively$5(NodeTestTask.java:143)
	at org.junit.platform.engine.support.hierarchical.ThrowableCollector.execute(ThrowableCollector.java:73)
	at org.junit.platform.engine.support.hierarchical.NodeTestTask.lambda$executeRecursively$7(NodeTestTask.java:129)
	at org.junit.platform.engine.support.hierarchical.Node.around(Node.java:137)
	at org.junit.platform.engine.support.hierarchical.NodeTestTask.lambda$executeRecursively$8(NodeTestTask.java:127)
	at org.junit.platform.engine.support.hierarchical.ThrowableCollector.execute(ThrowableCollector.java:73)
	at org.junit.platform.engine.support.hierarchical.NodeTestTask.executeRecursively(NodeTestTask.java:126)
	at org.junit.platform.engine.support.hierarchical.NodeTestTask.execute(NodeTestTask.java:84)
	at org.junit.platform.engine.support.hierarchical.SameThreadHierarchicalTestExecutorService.submit(SameThreadHierarchicalTestExecutorService.java:32)
	at org.junit.platform.engine.support.hierarchical.HierarchicalTestExecutor.execute(HierarchicalTestExecutor.java:57)
	at org.junit.platform.engine.support.hierarchical.HierarchicalTestEngine.execute(HierarchicalTestEngine.java:51)
	at org.junit.platform.launcher.core.EngineExecutionOrchestrator.execute(EngineExecutionOrchestrator.java:108)
	at org.junit.platform.launcher.core.EngineExecutionOrchestrator.execute(EngineExecutionOrchestrator.java:88)
	at org.junit.platform.launcher.core.EngineExecutionOrchestrator.lambda$execute$0(EngineExecutionOrchestrator.java:54)
	at org.junit.platform.launcher.core.EngineExecutionOrchestrator.withInterceptedStreams(EngineExecutionOrchestrator.java:67)
	at org.junit.platform.launcher.core.EngineExecutionOrchestrator.execute(EngineExecutionOrchestrator.java:52)
	at org.junit.platform.launcher.core.DefaultLauncher.execute(DefaultLauncher.java:96)
	at org.junit.platform.launcher.core.DefaultLauncher.execute(DefaultLauncher.java:75)
	at org.junit.platform.console.tasks.ConsoleTestExecutor.executeTests(ConsoleTestExecutor.java:66)
	at org.junit.platform.console.tasks.ConsoleTestExecutor.lambda$execute$0(ConsoleTestExecutor.java:58)
	at org.junit.platform.console.tasks.CustomContextClassLoaderExecutor.replaceThreadContextClassLoaderAndInvoke(CustomContextClassLoaderExecutor.java:41)
	at org.junit.platform.console.tasks.CustomContextClassLoaderExecutor.invoke(CustomContextClassLoaderExecutor.java:31)
	at org.junit.platform.console.tasks.ConsoleTestExecutor.execute(ConsoleTestExecutor.java:58)
	at org.junit.platform.console.ConsoleLauncher.executeTests(ConsoleLauncher.java:95)
	at org.junit.platform.console.ConsoleLauncher.execute(ConsoleLauncher.java:73)
	at org.junit.platform.console.ConsoleLauncher.execute(ConsoleLauncher.java:50)
	at org.junit.platform.console.ConsoleLauncher.execute(ConsoleLauncher.java:43)
	at org.junit.platform.console.ConsoleLauncher.main(ConsoleLauncher.java:37)
]]></skipped>
<system-out><![CDATA[
unique-id: [engine:junit-jupiter]/[class:minebayd1.test.TestUser]/[test-template:testget(minebayd1.User, int)]/[test-template-invocation:#51]
display-name: [51] Lisa a 45 annonces ouvertes, 4 annonces fermées et 3 achats 
, 0
]]></system-out>
</testcase>
<testcase name="testget(User, int)[52]" classname="minebayd1.test.TestUser" time="0.002">
<system-out><![CDATA[
unique-id: [engine:junit-jupiter]/[class:minebayd1.test.TestUser]/[test-template:testget(minebayd1.User, int)]/[test-template-invocation:#52]
display-name: [52] Yanis a 61 annonces ouvertes, 4 annonces fermées et 3 achats 
, 0
]]></system-out>
</testcase>
<testcase name="testget(User, int)[53]" classname="minebayd1.test.TestUser" time="0.004">
<system-out><![CDATA[
unique-id: [engine:junit-jupiter]/[class:minebayd1.test.TestUser]/[test-template:testget(minebayd1.User, int)]/[test-template-invocation:#53]
display-name: [53] Mounir a 59 annonces ouvertes, 2 annonces fermées et 2 achats 
, 16
]]></system-out>
</testcase>
<testcase name="testget(User, int)[54]" classname="minebayd1.test.TestUser" time="0.002">
<system-out><![CDATA[
unique-id: [engine:junit-jupiter]/[class:minebayd1.test.TestUser]/[test-template:testget(minebayd1.User, int)]/[test-template-invocation:#54]
display-name: [54] Ziad a 48 annonces ouvertes, 4 annonces fermées et 2 achats 
, 21
]]></system-out>
</testcase>
<testcase name="testget(User, int)[55]" classname="minebayd1.test.TestUser" time="0.002">
<system-out><![CDATA[
unique-id: [engine:junit-jupiter]/[class:minebayd1.test.TestUser]/[test-template:testget(minebayd1.User, int)]/[test-template-invocation:#55]
display-name: [55] Naila a 60 annonces ouvertes, 3 annonces fermées et 4 achats 
, 16
]]></system-out>
</testcase>
<testcase name="testget(User, int)[56]" classname="minebayd1.test.TestUser" time="0.001">
<system-out><![CDATA[
unique-id: [engine:junit-jupiter]/[class:minebayd1.test.TestUser]/[test-template:testget(minebayd1.User, int)]/[test-template-invocation:#56]
display-name: [56] Adam a 49 annonces ouvertes, 3 annonces fermées et 3 achats 
, 41
]]></system-out>
</testcase>
<testcase name="testget(User, int)[57]" classname="minebayd1.test.TestUser" time="0.001">
<system-out><![CDATA[
unique-id: [engine:junit-jupiter]/[class:minebayd1.test.TestUser]/[test-template:testget(minebayd1.User, int)]/[test-template-invocation:#57]
display-name: [57] Issa a 70 annonces ouvertes, 3 annonces fermées et 3 achats 
, 0
]]></system-out>
</testcase>
<testcase name="testget(User, int)[58]" classname="minebayd1.test.TestUser" time="0">
<skipped><![CDATA[org.opentest4j.TestAbortedException: Assumption failed: assumption is not true
	at org.junit.jupiter.api.Assumptions.throwTestAbortedException(Assumptions.java:256)
	at org.junit.jupiter.api.Assumptions.assumeTrue(Assumptions.java:115)
	at org.junit.jupiter.api.Assumptions.assumeTrue(Assumptions.java:66)
	at minebayd1.test.TestUser.testget(TestUser.java:918)
	at jdk.internal.reflect.GeneratedMethodAccessor5.invoke(Unknown Source)
	at java.base/jdk.internal.reflect.DelegatingMethodAccessorImpl.invoke(DelegatingMethodAccessorImpl.java:43)
	at java.base/java.lang.reflect.Method.invoke(Method.java:569)
	at org.junit.platform.commons.util.ReflectionUtils.invokeMethod(ReflectionUtils.java:688)
	at org.junit.jupiter.engine.execution.MethodInvocation.proceed(MethodInvocation.java:60)
	at org.junit.jupiter.engine.execution.InvocationInterceptorChain$ValidatingInvocation.proceed(InvocationInterceptorChain.java:131)
	at org.junit.jupiter.engine.extension.TimeoutExtension.intercept(TimeoutExtension.java:149)
	at org.junit.jupiter.engine.extension.TimeoutExtension.interceptTestableMethod(TimeoutExtension.java:140)
	at org.junit.jupiter.engine.extension.TimeoutExtension.interceptTestTemplateMethod(TimeoutExtension.java:92)
	at org.junit.jupiter.engine.execution.ExecutableInvoker$ReflectiveInterceptorCall.lambda$ofVoidMethod$0(ExecutableInvoker.java:115)
	at org.junit.jupiter.engine.execution.ExecutableInvoker.lambda$invoke$0(ExecutableInvoker.java:105)
	at org.junit.jupiter.engine.execution.InvocationInterceptorChain$InterceptedInvocation.proceed(InvocationInterceptorChain.java:106)
	at org.junit.jupiter.engine.execution.InvocationInterceptorChain.proceed(InvocationInterceptorChain.java:64)
	at org.junit.jupiter.engine.execution.InvocationInterceptorChain.chainAndInvoke(InvocationInterceptorChain.java:45)
	at org.junit.jupiter.engine.execution.InvocationInterceptorChain.invoke(InvocationInterceptorChain.java:37)
	at org.junit.jupiter.engine.execution.ExecutableInvoker.invoke(ExecutableInvoker.java:104)
	at org.junit.jupiter.engine.execution.ExecutableInvoker.invoke(ExecutableInvoker.java:98)
	at org.junit.jupiter.engine.descriptor.TestMethodTestDescriptor.lambda$invokeTestMethod$6(TestMethodTestDescriptor.java:210)
	at org.junit.platform.engine.support.hierarchical.ThrowableCollector.execute(ThrowableCollector.java:73)
	at org.junit.jupiter.engine.descriptor.TestMethodTestDescriptor.invokeTestMethod(TestMethodTestDescriptor.java:206)
	at org.junit.jupiter.engine.descriptor.TestMethodTestDescriptor.execute(TestMethodTestDescriptor.java:131)
	at org.junit.jupiter.engine.descriptor.TestMethodTestDescriptor.execute(TestMethodTestDescriptor.java:65)
	at org.junit.platform.engine.support.hierarchical.NodeTestTask.lambda$executeRecursively$5(NodeTestTask.java:139)
	at org.junit.platform.engine.support.hierarchical.ThrowableCollector.execute(ThrowableCollector.java:73)
	at org.junit.platform.engine.support.hierarchical.NodeTestTask.lambda$executeRecursively$7(NodeTestTask.java:129)
	at org.junit.platform.engine.support.hierarchical.Node.around(Node.java:137)
	at org.junit.platform.engine.support.hierarchical.NodeTestTask.lambda$executeRecursively$8(NodeTestTask.java:127)
	at org.junit.platform.engine.support.hierarchical.ThrowableCollector.execute(ThrowableCollector.java:73)
	at org.junit.platform.engine.support.hierarchical.NodeTestTask.executeRecursively(NodeTestTask.java:126)
	at org.junit.platform.engine.support.hierarchical.NodeTestTask.execute(NodeTestTask.java:84)
	at org.junit.platform.engine.support.hierarchical.SameThreadHierarchicalTestExecutorService.submit(SameThreadHierarchicalTestExecutorService.java:32)
	at org.junit.platform.engine.support.hierarchical.NodeTestTask$DefaultDynamicTestExecutor.execute(NodeTestTask.java:212)
	at org.junit.platform.engine.support.hierarchical.NodeTestTask$DefaultDynamicTestExecutor.execute(NodeTestTask.java:192)
	at org.junit.jupiter.engine.descriptor.TestTemplateTestDescriptor.execute(TestTemplateTestDescriptor.java:139)
	at org.junit.jupiter.engine.descriptor.TestTemplateTestDescriptor.lambda$execute$2(TestTemplateTestDescriptor.java:107)
	at java.base/java.util.stream.ForEachOps$ForEachOp$OfRef.accept(ForEachOps.java:183)
	at java.base/java.util.stream.ReferencePipeline$3$1.accept(ReferencePipeline.java:197)
	at java.base/java.util.stream.ReferencePipeline$2$1.accept(ReferencePipeline.java:179)
	at java.base/java.util.stream.ReferencePipeline$3$1.accept(ReferencePipeline.java:197)
	at java.base/java.util.stream.ForEachOps$ForEachOp$OfRef.accept(ForEachOps.java:183)
	at java.base/java.util.stream.ReferencePipeline$15$1.accept(ReferencePipeline.java:541)
	at java.base/java.util.stream.ReferencePipeline$3$1.accept(ReferencePipeline.java:197)
	at java.base/java.util.stream.ReferencePipeline$3$1.accept(ReferencePipeline.java:197)
	at java.base/java.util.stream.ReferencePipeline$3$1.accept(ReferencePipeline.java:197)
	at java.base/java.util.stream.ForEachOps$ForEachOp$OfRef.accept(ForEachOps.java:183)
	at java.base/java.util.stream.ReferencePipeline$3$1.accept(ReferencePipeline.java:197)
	at java.base/java.util.stream.ForEachOps$ForEachOp$OfRef.accept(ForEachOps.java:183)
	at java.base/java.util.stream.SliceOps$1$1.accept(SliceOps.java:200)
	at java.base/java.util.stream.StreamSpliterators$InfiniteSupplyingSpliterator$OfRef.tryAdvance(StreamSpliterators.java:1358)
	at java.base/java.util.stream.ReferencePipeline.forEachWithCancel(ReferencePipeline.java:129)
	at java.base/java.util.stream.AbstractPipeline.copyIntoWithCancel(AbstractPipeline.java:527)
	at java.base/java.util.stream.AbstractPipeline.copyInto(AbstractPipeline.java:513)
	at java.base/java.util.stream.AbstractPipeline.wrapAndCopyInto(AbstractPipeline.java:499)
	at java.base/java.util.stream.ForEachOps$ForEachOp.evaluateSequential(ForEachOps.java:150)
	at java.base/java.util.stream.ForEachOps$ForEachOp$OfRef.evaluateSequential(ForEachOps.java:173)
	at java.base/java.util.stream.AbstractPipeline.evaluate(AbstractPipeline.java:234)
	at java.base/java.util.stream.ReferencePipeline.forEach(ReferencePipeline.java:596)
	at java.base/java.util.stream.ReferencePipeline$7$1.accept(ReferencePipeline.java:276)
	at java.base/java.util.stream.ReferencePipeline$3$1.accept(ReferencePipeline.java:197)
	at java.base/java.util.stream.ReferencePipeline$3$1.accept(ReferencePipeline.java:197)
	at java.base/java.util.Spliterators$ArraySpliterator.forEachRemaining(Spliterators.java:992)
	at java.base/java.util.stream.AbstractPipeline.copyInto(AbstractPipeline.java:509)
	at java.base/java.util.stream.AbstractPipeline.wrapAndCopyInto(AbstractPipeline.java:499)
	at java.base/java.util.stream.ForEachOps$ForEachOp.evaluateSequential(ForEachOps.java:150)
	at java.base/java.util.stream.ForEachOps$ForEachOp$OfRef.evaluateSequential(ForEachOps.java:173)
	at java.base/java.util.stream.AbstractPipeline.evaluate(AbstractPipeline.java:234)
	at java.base/java.util.stream.ReferencePipeline.forEach(ReferencePipeline.java:596)
	at java.base/java.util.stream.ReferencePipeline$7$1.accept(ReferencePipeline.java:276)
	at java.base/java.util.stream.ReferencePipeline$3$1.accept(ReferencePipeline.java:197)
	at java.base/java.util.stream.ReferencePipeline$3$1.accept(ReferencePipeline.java:197)
	at java.base/java.util.stream.ReferencePipeline$3$1.accept(ReferencePipeline.java:197)
	at java.base/java.util.ArrayList$ArrayListSpliterator.forEachRemaining(ArrayList.java:1625)
	at java.base/java.util.stream.AbstractPipeline.copyInto(AbstractPipeline.java:509)
	at java.base/java.util.stream.AbstractPipeline.wrapAndCopyInto(AbstractPipeline.java:499)
	at java.base/java.util.stream.ForEachOps$ForEachOp.evaluateSequential(ForEachOps.java:150)
	at java.base/java.util.stream.ForEachOps$ForEachOp$OfRef.evaluateSequential(ForEachOps.java:173)
	at java.base/java.util.stream.AbstractPipeline.evaluate(AbstractPipeline.java:234)
	at java.base/java.util.stream.ReferencePipeline.forEach(ReferencePipeline.java:596)
	at java.base/java.util.stream.ReferencePipeline$7$1.accept(ReferencePipeline.java:276)
	at java.base/java.util.ArrayList$ArrayListSpliterator.forEachRemaining(ArrayList.java:1625)
	at java.base/java.util.stream.AbstractPipeline.copyInto(AbstractPipeline.java:509)
	at java.base/java.util.stream.AbstractPipeline.wrapAndCopyInto(AbstractPipeline.java:499)
	at java.base/java.util.stream.ForEachOps$ForEachOp.evaluateSequential(ForEachOps.java:150)
	at java.base/java.util.stream.ForEachOps$ForEachOp$OfRef.evaluateSequential(ForEachOps.java:173)
	at java.base/java.util.stream.AbstractPipeline.evaluate(AbstractPipeline.java:234)
	at java.base/java.util.stream.ReferencePipeline.forEach(ReferencePipeline.java:596)
	at org.junit.jupiter.engine.descriptor.TestTemplateTestDescriptor.execute(TestTemplateTestDescriptor.java:107)
	at org.junit.jupiter.engine.descriptor.TestTemplateTestDescriptor.execute(TestTemplateTestDescriptor.java:42)
	at org.junit.platform.engine.support.hierarchical.NodeTestTask.lambda$executeRecursively$5(NodeTestTask.java:139)
	at org.junit.platform.engine.support.hierarchical.ThrowableCollector.execute(ThrowableCollector.java:73)
	at org.junit.platform.engine.support.hierarchical.NodeTestTask.lambda$executeRecursively$7(NodeTestTask.java:129)
	at org.junit.platform.engine.support.hierarchical.Node.around(Node.java:137)
	at org.junit.platform.engine.support.hierarchical.NodeTestTask.lambda$executeRecursively$8(NodeTestTask.java:127)
	at org.junit.platform.engine.support.hierarchical.ThrowableCollector.execute(ThrowableCollector.java:73)
	at org.junit.platform.engine.support.hierarchical.NodeTestTask.executeRecursively(NodeTestTask.java:126)
	at org.junit.platform.engine.support.hierarchical.NodeTestTask.execute(NodeTestTask.java:84)
	at java.base/java.util.ArrayList.forEach(ArrayList.java:1511)
	at org.junit.platform.engine.support.hierarchical.SameThreadHierarchicalTestExecutorService.invokeAll(SameThreadHierarchicalTestExecutorService.java:38)
	at org.junit.platform.engine.support.hierarchical.NodeTestTask.lambda$executeRecursively$5(NodeTestTask.java:143)
	at org.junit.platform.engine.support.hierarchical.ThrowableCollector.execute(ThrowableCollector.java:73)
	at org.junit.platform.engine.support.hierarchical.NodeTestTask.lambda$executeRecursively$7(NodeTestTask.java:129)
	at org.junit.platform.engine.support.hierarchical.Node.around(Node.java:137)
	at org.junit.platform.engine.support.hierarchical.NodeTestTask.lambda$executeRecursively$8(NodeTestTask.java:127)
	at org.junit.platform.engine.support.hierarchical.ThrowableCollector.execute(ThrowableCollector.java:73)
	at org.junit.platform.engine.support.hierarchical.NodeTestTask.executeRecursively(NodeTestTask.java:126)
	at org.junit.platform.engine.support.hierarchical.NodeTestTask.execute(NodeTestTask.java:84)
	at java.base/java.util.ArrayList.forEach(ArrayList.java:1511)
	at org.junit.platform.engine.support.hierarchical.SameThreadHierarchicalTestExecutorService.invokeAll(SameThreadHierarchicalTestExecutorService.java:38)
	at org.junit.platform.engine.support.hierarchical.NodeTestTask.lambda$executeRecursively$5(NodeTestTask.java:143)
	at org.junit.platform.engine.support.hierarchical.ThrowableCollector.execute(ThrowableCollector.java:73)
	at org.junit.platform.engine.support.hierarchical.NodeTestTask.lambda$executeRecursively$7(NodeTestTask.java:129)
	at org.junit.platform.engine.support.hierarchical.Node.around(Node.java:137)
	at org.junit.platform.engine.support.hierarchical.NodeTestTask.lambda$executeRecursively$8(NodeTestTask.java:127)
	at org.junit.platform.engine.support.hierarchical.ThrowableCollector.execute(ThrowableCollector.java:73)
	at org.junit.platform.engine.support.hierarchical.NodeTestTask.executeRecursively(NodeTestTask.java:126)
	at org.junit.platform.engine.support.hierarchical.NodeTestTask.execute(NodeTestTask.java:84)
	at org.junit.platform.engine.support.hierarchical.SameThreadHierarchicalTestExecutorService.submit(SameThreadHierarchicalTestExecutorService.java:32)
	at org.junit.platform.engine.support.hierarchical.HierarchicalTestExecutor.execute(HierarchicalTestExecutor.java:57)
	at org.junit.platform.engine.support.hierarchical.HierarchicalTestEngine.execute(HierarchicalTestEngine.java:51)
	at org.junit.platform.launcher.core.EngineExecutionOrchestrator.execute(EngineExecutionOrchestrator.java:108)
	at org.junit.platform.launcher.core.EngineExecutionOrchestrator.execute(EngineExecutionOrchestrator.java:88)
	at org.junit.platform.launcher.core.EngineExecutionOrchestrator.lambda$execute$0(EngineExecutionOrchestrator.java:54)
	at org.junit.platform.launcher.core.EngineExecutionOrchestrator.withInterceptedStreams(EngineExecutionOrchestrator.java:67)
	at org.junit.platform.launcher.core.EngineExecutionOrchestrator.execute(EngineExecutionOrchestrator.java:52)
	at org.junit.platform.launcher.core.DefaultLauncher.execute(DefaultLauncher.java:96)
	at org.junit.platform.launcher.core.DefaultLauncher.execute(DefaultLauncher.java:75)
	at org.junit.platform.console.tasks.ConsoleTestExecutor.executeTests(ConsoleTestExecutor.java:66)
	at org.junit.platform.console.tasks.ConsoleTestExecutor.lambda$execute$0(ConsoleTestExecutor.java:58)
	at org.junit.platform.console.tasks.CustomContextClassLoaderExecutor.replaceThreadContextClassLoaderAndInvoke(CustomContextClassLoaderExecutor.java:41)
	at org.junit.platform.console.tasks.CustomContextClassLoaderExecutor.invoke(CustomContextClassLoaderExecutor.java:31)
	at org.junit.platform.console.tasks.ConsoleTestExecutor.execute(ConsoleTestExecutor.java:58)
	at org.junit.platform.console.ConsoleLauncher.executeTests(ConsoleLauncher.java:95)
	at org.junit.platform.console.ConsoleLauncher.execute(ConsoleLauncher.java:73)
	at org.junit.platform.console.ConsoleLauncher.execute(ConsoleLauncher.java:50)
	at org.junit.platform.console.ConsoleLauncher.execute(ConsoleLauncher.java:43)
	at org.junit.platform.console.ConsoleLauncher.main(ConsoleLauncher.java:37)
]]></skipped>
<system-out><![CDATA[
unique-id: [engine:junit-jupiter]/[class:minebayd1.test.TestUser]/[test-template:testget(minebayd1.User, int)]/[test-template-invocation:#58]
display-name: [58] Marc a 55 annonces ouvertes, 1 annonces fermées et 2 achats 
, 0
]]></system-out>
</testcase>
<testcase name="testget(User, int)[59]" classname="minebayd1.test.TestUser" time="0">
<system-out><![CDATA[
unique-id: [engine:junit-jupiter]/[class:minebayd1.test.TestUser]/[test-template:testget(minebayd1.User, int)]/[test-template-invocation:#59]
display-name: [59] Zahra a 42 annonces ouvertes, 0 annonces fermées et 2 achats 
, 17
]]></system-out>
</testcase>
<testcase name="testget(User, int)[60]" classname="minebayd1.test.TestUser" time="0.002">
<system-out><![CDATA[
unique-id: [engine:junit-jupiter]/[class:minebayd1.test.TestUser]/[test-template:testget(minebayd1.User, int)]/[test-template-invocation:#60]
display-name: [60] Mounir a 59 annonces ouvertes, 2 annonces fermées et 2 achats 
, 26
]]></system-out>
</testcase>
<testcase name="testget(User, int)[61]" classname="minebayd1.test.TestUser" time="0.002">
<system-out><![CDATA[
unique-id: [engine:junit-jupiter]/[class:minebayd1.test.TestUser]/[test-template:testget(minebayd1.User, int)]/[test-template-invocation:#61]
display-name: [61] Mamadou a 59 annonces ouvertes, 2 annonces fermées et 1 achats 
, 54
]]></system-out>
</testcase>
<testcase name="testget(User, int)[62]" classname="minebayd1.test.TestUser" time="0">
<skipped><![CDATA[org.opentest4j.TestAbortedException: Assumption failed: assumption is not true
	at org.junit.jupiter.api.Assumptions.throwTestAbortedException(Assumptions.java:256)
	at org.junit.jupiter.api.Assumptions.assumeTrue(Assumptions.java:115)
	at org.junit.jupiter.api.Assumptions.assumeTrue(Assumptions.java:66)
	at minebayd1.test.TestUser.testget(TestUser.java:918)
	at jdk.internal.reflect.GeneratedMethodAccessor5.invoke(Unknown Source)
	at java.base/jdk.internal.reflect.DelegatingMethodAccessorImpl.invoke(DelegatingMethodAccessorImpl.java:43)
	at java.base/java.lang.reflect.Method.invoke(Method.java:569)
	at org.junit.platform.commons.util.ReflectionUtils.invokeMethod(ReflectionUtils.java:688)
	at org.junit.jupiter.engine.execution.MethodInvocation.proceed(MethodInvocation.java:60)
	at org.junit.jupiter.engine.execution.InvocationInterceptorChain$ValidatingInvocation.proceed(InvocationInterceptorChain.java:131)
	at org.junit.jupiter.engine.extension.TimeoutExtension.intercept(TimeoutExtension.java:149)
	at org.junit.jupiter.engine.extension.TimeoutExtension.interceptTestableMethod(TimeoutExtension.java:140)
	at org.junit.jupiter.engine.extension.TimeoutExtension.interceptTestTemplateMethod(TimeoutExtension.java:92)
	at org.junit.jupiter.engine.execution.ExecutableInvoker$ReflectiveInterceptorCall.lambda$ofVoidMethod$0(ExecutableInvoker.java:115)
	at org.junit.jupiter.engine.execution.ExecutableInvoker.lambda$invoke$0(ExecutableInvoker.java:105)
	at org.junit.jupiter.engine.execution.InvocationInterceptorChain$InterceptedInvocation.proceed(InvocationInterceptorChain.java:106)
	at org.junit.jupiter.engine.execution.InvocationInterceptorChain.proceed(InvocationInterceptorChain.java:64)
	at org.junit.jupiter.engine.execution.InvocationInterceptorChain.chainAndInvoke(InvocationInterceptorChain.java:45)
	at org.junit.jupiter.engine.execution.InvocationInterceptorChain.invoke(InvocationInterceptorChain.java:37)
	at org.junit.jupiter.engine.execution.ExecutableInvoker.invoke(ExecutableInvoker.java:104)
	at org.junit.jupiter.engine.execution.ExecutableInvoker.invoke(ExecutableInvoker.java:98)
	at org.junit.jupiter.engine.descriptor.TestMethodTestDescriptor.lambda$invokeTestMethod$6(TestMethodTestDescriptor.java:210)
	at org.junit.platform.engine.support.hierarchical.ThrowableCollector.execute(ThrowableCollector.java:73)
	at org.junit.jupiter.engine.descriptor.TestMethodTestDescriptor.invokeTestMethod(TestMethodTestDescriptor.java:206)
	at org.junit.jupiter.engine.descriptor.TestMethodTestDescriptor.execute(TestMethodTestDescriptor.java:131)
	at org.junit.jupiter.engine.descriptor.TestMethodTestDescriptor.execute(TestMethodTestDescriptor.java:65)
	at org.junit.platform.engine.support.hierarchical.NodeTestTask.lambda$executeRecursively$5(NodeTestTask.java:139)
	at org.junit.platform.engine.support.hierarchical.ThrowableCollector.execute(ThrowableCollector.java:73)
	at org.junit.platform.engine.support.hierarchical.NodeTestTask.lambda$executeRecursively$7(NodeTestTask.java:129)
	at org.junit.platform.engine.support.hierarchical.Node.around(Node.java:137)
	at org.junit.platform.engine.support.hierarchical.NodeTestTask.lambda$executeRecursively$8(NodeTestTask.java:127)
	at org.junit.platform.engine.support.hierarchical.ThrowableCollector.execute(ThrowableCollector.java:73)
	at org.junit.platform.engine.support.hierarchical.NodeTestTask.executeRecursively(NodeTestTask.java:126)
	at org.junit.platform.engine.support.hierarchical.NodeTestTask.execute(NodeTestTask.java:84)
	at org.junit.platform.engine.support.hierarchical.SameThreadHierarchicalTestExecutorService.submit(SameThreadHierarchicalTestExecutorService.java:32)
	at org.junit.platform.engine.support.hierarchical.NodeTestTask$DefaultDynamicTestExecutor.execute(NodeTestTask.java:212)
	at org.junit.platform.engine.support.hierarchical.NodeTestTask$DefaultDynamicTestExecutor.execute(NodeTestTask.java:192)
	at org.junit.jupiter.engine.descriptor.TestTemplateTestDescriptor.execute(TestTemplateTestDescriptor.java:139)
	at org.junit.jupiter.engine.descriptor.TestTemplateTestDescriptor.lambda$execute$2(TestTemplateTestDescriptor.java:107)
	at java.base/java.util.stream.ForEachOps$ForEachOp$OfRef.accept(ForEachOps.java:183)
	at java.base/java.util.stream.ReferencePipeline$3$1.accept(ReferencePipeline.java:197)
	at java.base/java.util.stream.ReferencePipeline$2$1.accept(ReferencePipeline.java:179)
	at java.base/java.util.stream.ReferencePipeline$3$1.accept(ReferencePipeline.java:197)
	at java.base/java.util.stream.ForEachOps$ForEachOp$OfRef.accept(ForEachOps.java:183)
	at java.base/java.util.stream.ReferencePipeline$15$1.accept(ReferencePipeline.java:541)
	at java.base/java.util.stream.ReferencePipeline$3$1.accept(ReferencePipeline.java:197)
	at java.base/java.util.stream.ReferencePipeline$3$1.accept(ReferencePipeline.java:197)
	at java.base/java.util.stream.ReferencePipeline$3$1.accept(ReferencePipeline.java:197)
	at java.base/java.util.stream.ForEachOps$ForEachOp$OfRef.accept(ForEachOps.java:183)
	at java.base/java.util.stream.ReferencePipeline$3$1.accept(ReferencePipeline.java:197)
	at java.base/java.util.stream.ForEachOps$ForEachOp$OfRef.accept(ForEachOps.java:183)
	at java.base/java.util.stream.SliceOps$1$1.accept(SliceOps.java:200)
	at java.base/java.util.stream.StreamSpliterators$InfiniteSupplyingSpliterator$OfRef.tryAdvance(StreamSpliterators.java:1358)
	at java.base/java.util.stream.ReferencePipeline.forEachWithCancel(ReferencePipeline.java:129)
	at java.base/java.util.stream.AbstractPipeline.copyIntoWithCancel(AbstractPipeline.java:527)
	at java.base/java.util.stream.AbstractPipeline.copyInto(AbstractPipeline.java:513)
	at java.base/java.util.stream.AbstractPipeline.wrapAndCopyInto(AbstractPipeline.java:499)
	at java.base/java.util.stream.ForEachOps$ForEachOp.evaluateSequential(ForEachOps.java:150)
	at java.base/java.util.stream.ForEachOps$ForEachOp$OfRef.evaluateSequential(ForEachOps.java:173)
	at java.base/java.util.stream.AbstractPipeline.evaluate(AbstractPipeline.java:234)
	at java.base/java.util.stream.ReferencePipeline.forEach(ReferencePipeline.java:596)
	at java.base/java.util.stream.ReferencePipeline$7$1.accept(ReferencePipeline.java:276)
	at java.base/java.util.stream.ReferencePipeline$3$1.accept(ReferencePipeline.java:197)
	at java.base/java.util.stream.ReferencePipeline$3$1.accept(ReferencePipeline.java:197)
	at java.base/java.util.Spliterators$ArraySpliterator.forEachRemaining(Spliterators.java:992)
	at java.base/java.util.stream.AbstractPipeline.copyInto(AbstractPipeline.java:509)
	at java.base/java.util.stream.AbstractPipeline.wrapAndCopyInto(AbstractPipeline.java:499)
	at java.base/java.util.stream.ForEachOps$ForEachOp.evaluateSequential(ForEachOps.java:150)
	at java.base/java.util.stream.ForEachOps$ForEachOp$OfRef.evaluateSequential(ForEachOps.java:173)
	at java.base/java.util.stream.AbstractPipeline.evaluate(AbstractPipeline.java:234)
	at java.base/java.util.stream.ReferencePipeline.forEach(ReferencePipeline.java:596)
	at java.base/java.util.stream.ReferencePipeline$7$1.accept(ReferencePipeline.java:276)
	at java.base/java.util.stream.ReferencePipeline$3$1.accept(ReferencePipeline.java:197)
	at java.base/java.util.stream.ReferencePipeline$3$1.accept(ReferencePipeline.java:197)
	at java.base/java.util.stream.ReferencePipeline$3$1.accept(ReferencePipeline.java:197)
	at java.base/java.util.ArrayList$ArrayListSpliterator.forEachRemaining(ArrayList.java:1625)
	at java.base/java.util.stream.AbstractPipeline.copyInto(AbstractPipeline.java:509)
	at java.base/java.util.stream.AbstractPipeline.wrapAndCopyInto(AbstractPipeline.java:499)
	at java.base/java.util.stream.ForEachOps$ForEachOp.evaluateSequential(ForEachOps.java:150)
	at java.base/java.util.stream.ForEachOps$ForEachOp$OfRef.evaluateSequential(ForEachOps.java:173)
	at java.base/java.util.stream.AbstractPipeline.evaluate(AbstractPipeline.java:234)
	at java.base/java.util.stream.ReferencePipeline.forEach(ReferencePipeline.java:596)
	at java.base/java.util.stream.ReferencePipeline$7$1.accept(ReferencePipeline.java:276)
	at java.base/java.util.ArrayList$ArrayListSpliterator.forEachRemaining(ArrayList.java:1625)
	at java.base/java.util.stream.AbstractPipeline.copyInto(AbstractPipeline.java:509)
	at java.base/java.util.stream.AbstractPipeline.wrapAndCopyInto(AbstractPipeline.java:499)
	at java.base/java.util.stream.ForEachOps$ForEachOp.evaluateSequential(ForEachOps.java:150)
	at java.base/java.util.stream.ForEachOps$ForEachOp$OfRef.evaluateSequential(ForEachOps.java:173)
	at java.base/java.util.stream.AbstractPipeline.evaluate(AbstractPipeline.java:234)
	at java.base/java.util.stream.ReferencePipeline.forEach(ReferencePipeline.java:596)
	at org.junit.jupiter.engine.descriptor.TestTemplateTestDescriptor.execute(TestTemplateTestDescriptor.java:107)
	at org.junit.jupiter.engine.descriptor.TestTemplateTestDescriptor.execute(TestTemplateTestDescriptor.java:42)
	at org.junit.platform.engine.support.hierarchical.NodeTestTask.lambda$executeRecursively$5(NodeTestTask.java:139)
	at org.junit.platform.engine.support.hierarchical.ThrowableCollector.execute(ThrowableCollector.java:73)
	at org.junit.platform.engine.support.hierarchical.NodeTestTask.lambda$executeRecursively$7(NodeTestTask.java:129)
	at org.junit.platform.engine.support.hierarchical.Node.around(Node.java:137)
	at org.junit.platform.engine.support.hierarchical.NodeTestTask.lambda$executeRecursively$8(NodeTestTask.java:127)
	at org.junit.platform.engine.support.hierarchical.ThrowableCollector.execute(ThrowableCollector.java:73)
	at org.junit.platform.engine.support.hierarchical.NodeTestTask.executeRecursively(NodeTestTask.java:126)
	at org.junit.platform.engine.support.hierarchical.NodeTestTask.execute(NodeTestTask.java:84)
	at java.base/java.util.ArrayList.forEach(ArrayList.java:1511)
	at org.junit.platform.engine.support.hierarchical.SameThreadHierarchicalTestExecutorService.invokeAll(SameThreadHierarchicalTestExecutorService.java:38)
	at org.junit.platform.engine.support.hierarchical.NodeTestTask.lambda$executeRecursively$5(NodeTestTask.java:143)
	at org.junit.platform.engine.support.hierarchical.ThrowableCollector.execute(ThrowableCollector.java:73)
	at org.junit.platform.engine.support.hierarchical.NodeTestTask.lambda$executeRecursively$7(NodeTestTask.java:129)
	at org.junit.platform.engine.support.hierarchical.Node.around(Node.java:137)
	at org.junit.platform.engine.support.hierarchical.NodeTestTask.lambda$executeRecursively$8(NodeTestTask.java:127)
	at org.junit.platform.engine.support.hierarchical.ThrowableCollector.execute(ThrowableCollector.java:73)
	at org.junit.platform.engine.support.hierarchical.NodeTestTask.executeRecursively(NodeTestTask.java:126)
	at org.junit.platform.engine.support.hierarchical.NodeTestTask.execute(NodeTestTask.java:84)
	at java.base/java.util.ArrayList.forEach(ArrayList.java:1511)
	at org.junit.platform.engine.support.hierarchical.SameThreadHierarchicalTestExecutorService.invokeAll(SameThreadHierarchicalTestExecutorService.java:38)
	at org.junit.platform.engine.support.hierarchical.NodeTestTask.lambda$executeRecursively$5(NodeTestTask.java:143)
	at org.junit.platform.engine.support.hierarchical.ThrowableCollector.execute(ThrowableCollector.java:73)
	at org.junit.platform.engine.support.hierarchical.NodeTestTask.lambda$executeRecursively$7(NodeTestTask.java:129)
	at org.junit.platform.engine.support.hierarchical.Node.around(Node.java:137)
	at org.junit.platform.engine.support.hierarchical.NodeTestTask.lambda$executeRecursively$8(NodeTestTask.java:127)
	at org.junit.platform.engine.support.hierarchical.ThrowableCollector.execute(ThrowableCollector.java:73)
	at org.junit.platform.engine.support.hierarchical.NodeTestTask.executeRecursively(NodeTestTask.java:126)
	at org.junit.platform.engine.support.hierarchical.NodeTestTask.execute(NodeTestTask.java:84)
	at org.junit.platform.engine.support.hierarchical.SameThreadHierarchicalTestExecutorService.submit(SameThreadHierarchicalTestExecutorService.java:32)
	at org.junit.platform.engine.support.hierarchical.HierarchicalTestExecutor.execute(HierarchicalTestExecutor.java:57)
	at org.junit.platform.engine.support.hierarchical.HierarchicalTestEngine.execute(HierarchicalTestEngine.java:51)
	at org.junit.platform.launcher.core.EngineExecutionOrchestrator.execute(EngineExecutionOrchestrator.java:108)
	at org.junit.platform.launcher.core.EngineExecutionOrchestrator.execute(EngineExecutionOrchestrator.java:88)
	at org.junit.platform.launcher.core.EngineExecutionOrchestrator.lambda$execute$0(EngineExecutionOrchestrator.java:54)
	at org.junit.platform.launcher.core.EngineExecutionOrchestrator.withInterceptedStreams(EngineExecutionOrchestrator.java:67)
	at org.junit.platform.launcher.core.EngineExecutionOrchestrator.execute(EngineExecutionOrchestrator.java:52)
	at org.junit.platform.launcher.core.DefaultLauncher.execute(DefaultLauncher.java:96)
	at org.junit.platform.launcher.core.DefaultLauncher.execute(DefaultLauncher.java:75)
	at org.junit.platform.console.tasks.ConsoleTestExecutor.executeTests(ConsoleTestExecutor.java:66)
	at org.junit.platform.console.tasks.ConsoleTestExecutor.lambda$execute$0(ConsoleTestExecutor.java:58)
	at org.junit.platform.console.tasks.CustomContextClassLoaderExecutor.replaceThreadContextClassLoaderAndInvoke(CustomContextClassLoaderExecutor.java:41)
	at org.junit.platform.console.tasks.CustomContextClassLoaderExecutor.invoke(CustomContextClassLoaderExecutor.java:31)
	at org.junit.platform.console.tasks.ConsoleTestExecutor.execute(ConsoleTestExecutor.java:58)
	at org.junit.platform.console.ConsoleLauncher.executeTests(ConsoleLauncher.java:95)
	at org.junit.platform.console.ConsoleLauncher.execute(ConsoleLauncher.java:73)
	at org.junit.platform.console.ConsoleLauncher.execute(ConsoleLauncher.java:50)
	at org.junit.platform.console.ConsoleLauncher.execute(ConsoleLauncher.java:43)
	at org.junit.platform.console.ConsoleLauncher.main(ConsoleLauncher.java:37)
]]></skipped>
<system-out><![CDATA[
unique-id: [engine:junit-jupiter]/[class:minebayd1.test.TestUser]/[test-template:testget(minebayd1.User, int)]/[test-template-invocation:#62]
display-name: [62] Mohamed a 45 annonces ouvertes, 2 annonces fermées et 3 achats 
, 0
]]></system-out>
</testcase>
<testcase name="testget(User, int)[63]" classname="minebayd1.test.TestUser" time="0.002">
<system-out><![CDATA[
unique-id: [engine:junit-jupiter]/[class:minebayd1.test.TestUser]/[test-template:testget(minebayd1.User, int)]/[test-template-invocation:#63]
display-name: [63] Imam a 45 annonces ouvertes, 5 annonces fermées et 3 achats 
, 32
]]></system-out>
</testcase>
<testcase name="testget(User, int)[64]" classname="minebayd1.test.TestUser" time="0">
<skipped><![CDATA[org.opentest4j.TestAbortedException: Assumption failed: assumption is not true
	at org.junit.jupiter.api.Assumptions.throwTestAbortedException(Assumptions.java:256)
	at org.junit.jupiter.api.Assumptions.assumeTrue(Assumptions.java:115)
	at org.junit.jupiter.api.Assumptions.assumeTrue(Assumptions.java:66)
	at minebayd1.test.TestUser.testget(TestUser.java:918)
	at jdk.internal.reflect.GeneratedMethodAccessor5.invoke(Unknown Source)
	at java.base/jdk.internal.reflect.DelegatingMethodAccessorImpl.invoke(DelegatingMethodAccessorImpl.java:43)
	at java.base/java.lang.reflect.Method.invoke(Method.java:569)
	at org.junit.platform.commons.util.ReflectionUtils.invokeMethod(ReflectionUtils.java:688)
	at org.junit.jupiter.engine.execution.MethodInvocation.proceed(MethodInvocation.java:60)
	at org.junit.jupiter.engine.execution.InvocationInterceptorChain$ValidatingInvocation.proceed(InvocationInterceptorChain.java:131)
	at org.junit.jupiter.engine.extension.TimeoutExtension.intercept(TimeoutExtension.java:149)
	at org.junit.jupiter.engine.extension.TimeoutExtension.interceptTestableMethod(TimeoutExtension.java:140)
	at org.junit.jupiter.engine.extension.TimeoutExtension.interceptTestTemplateMethod(TimeoutExtension.java:92)
	at org.junit.jupiter.engine.execution.ExecutableInvoker$ReflectiveInterceptorCall.lambda$ofVoidMethod$0(ExecutableInvoker.java:115)
	at org.junit.jupiter.engine.execution.ExecutableInvoker.lambda$invoke$0(ExecutableInvoker.java:105)
	at org.junit.jupiter.engine.execution.InvocationInterceptorChain$InterceptedInvocation.proceed(InvocationInterceptorChain.java:106)
	at org.junit.jupiter.engine.execution.InvocationInterceptorChain.proceed(InvocationInterceptorChain.java:64)
	at org.junit.jupiter.engine.execution.InvocationInterceptorChain.chainAndInvoke(InvocationInterceptorChain.java:45)
	at org.junit.jupiter.engine.execution.InvocationInterceptorChain.invoke(InvocationInterceptorChain.java:37)
	at org.junit.jupiter.engine.execution.ExecutableInvoker.invoke(ExecutableInvoker.java:104)
	at org.junit.jupiter.engine.execution.ExecutableInvoker.invoke(ExecutableInvoker.java:98)
	at org.junit.jupiter.engine.descriptor.TestMethodTestDescriptor.lambda$invokeTestMethod$6(TestMethodTestDescriptor.java:210)
	at org.junit.platform.engine.support.hierarchical.ThrowableCollector.execute(ThrowableCollector.java:73)
	at org.junit.jupiter.engine.descriptor.TestMethodTestDescriptor.invokeTestMethod(TestMethodTestDescriptor.java:206)
	at org.junit.jupiter.engine.descriptor.TestMethodTestDescriptor.execute(TestMethodTestDescriptor.java:131)
	at org.junit.jupiter.engine.descriptor.TestMethodTestDescriptor.execute(TestMethodTestDescriptor.java:65)
	at org.junit.platform.engine.support.hierarchical.NodeTestTask.lambda$executeRecursively$5(NodeTestTask.java:139)
	at org.junit.platform.engine.support.hierarchical.ThrowableCollector.execute(ThrowableCollector.java:73)
	at org.junit.platform.engine.support.hierarchical.NodeTestTask.lambda$executeRecursively$7(NodeTestTask.java:129)
	at org.junit.platform.engine.support.hierarchical.Node.around(Node.java:137)
	at org.junit.platform.engine.support.hierarchical.NodeTestTask.lambda$executeRecursively$8(NodeTestTask.java:127)
	at org.junit.platform.engine.support.hierarchical.ThrowableCollector.execute(ThrowableCollector.java:73)
	at org.junit.platform.engine.support.hierarchical.NodeTestTask.executeRecursively(NodeTestTask.java:126)
	at org.junit.platform.engine.support.hierarchical.NodeTestTask.execute(NodeTestTask.java:84)
	at org.junit.platform.engine.support.hierarchical.SameThreadHierarchicalTestExecutorService.submit(SameThreadHierarchicalTestExecutorService.java:32)
	at org.junit.platform.engine.support.hierarchical.NodeTestTask$DefaultDynamicTestExecutor.execute(NodeTestTask.java:212)
	at org.junit.platform.engine.support.hierarchical.NodeTestTask$DefaultDynamicTestExecutor.execute(NodeTestTask.java:192)
	at org.junit.jupiter.engine.descriptor.TestTemplateTestDescriptor.execute(TestTemplateTestDescriptor.java:139)
	at org.junit.jupiter.engine.descriptor.TestTemplateTestDescriptor.lambda$execute$2(TestTemplateTestDescriptor.java:107)
	at java.base/java.util.stream.ForEachOps$ForEachOp$OfRef.accept(ForEachOps.java:183)
	at java.base/java.util.stream.ReferencePipeline$3$1.accept(ReferencePipeline.java:197)
	at java.base/java.util.stream.ReferencePipeline$2$1.accept(ReferencePipeline.java:179)
	at java.base/java.util.stream.ReferencePipeline$3$1.accept(ReferencePipeline.java:197)
	at java.base/java.util.stream.ForEachOps$ForEachOp$OfRef.accept(ForEachOps.java:183)
	at java.base/java.util.stream.ReferencePipeline$15$1.accept(ReferencePipeline.java:541)
	at java.base/java.util.stream.ReferencePipeline$3$1.accept(ReferencePipeline.java:197)
	at java.base/java.util.stream.ReferencePipeline$3$1.accept(ReferencePipeline.java:197)
	at java.base/java.util.stream.ReferencePipeline$3$1.accept(ReferencePipeline.java:197)
	at java.base/java.util.stream.ForEachOps$ForEachOp$OfRef.accept(ForEachOps.java:183)
	at java.base/java.util.stream.ReferencePipeline$3$1.accept(ReferencePipeline.java:197)
	at java.base/java.util.stream.ForEachOps$ForEachOp$OfRef.accept(ForEachOps.java:183)
	at java.base/java.util.stream.SliceOps$1$1.accept(SliceOps.java:200)
	at java.base/java.util.stream.StreamSpliterators$InfiniteSupplyingSpliterator$OfRef.tryAdvance(StreamSpliterators.java:1358)
	at java.base/java.util.stream.ReferencePipeline.forEachWithCancel(ReferencePipeline.java:129)
	at java.base/java.util.stream.AbstractPipeline.copyIntoWithCancel(AbstractPipeline.java:527)
	at java.base/java.util.stream.AbstractPipeline.copyInto(AbstractPipeline.java:513)
	at java.base/java.util.stream.AbstractPipeline.wrapAndCopyInto(AbstractPipeline.java:499)
	at java.base/java.util.stream.ForEachOps$ForEachOp.evaluateSequential(ForEachOps.java:150)
	at java.base/java.util.stream.ForEachOps$ForEachOp$OfRef.evaluateSequential(ForEachOps.java:173)
	at java.base/java.util.stream.AbstractPipeline.evaluate(AbstractPipeline.java:234)
	at java.base/java.util.stream.ReferencePipeline.forEach(ReferencePipeline.java:596)
	at java.base/java.util.stream.ReferencePipeline$7$1.accept(ReferencePipeline.java:276)
	at java.base/java.util.stream.ReferencePipeline$3$1.accept(ReferencePipeline.java:197)
	at java.base/java.util.stream.ReferencePipeline$3$1.accept(ReferencePipeline.java:197)
	at java.base/java.util.Spliterators$ArraySpliterator.forEachRemaining(Spliterators.java:992)
	at java.base/java.util.stream.AbstractPipeline.copyInto(AbstractPipeline.java:509)
	at java.base/java.util.stream.AbstractPipeline.wrapAndCopyInto(AbstractPipeline.java:499)
	at java.base/java.util.stream.ForEachOps$ForEachOp.evaluateSequential(ForEachOps.java:150)
	at java.base/java.util.stream.ForEachOps$ForEachOp$OfRef.evaluateSequential(ForEachOps.java:173)
	at java.base/java.util.stream.AbstractPipeline.evaluate(AbstractPipeline.java:234)
	at java.base/java.util.stream.ReferencePipeline.forEach(ReferencePipeline.java:596)
	at java.base/java.util.stream.ReferencePipeline$7$1.accept(ReferencePipeline.java:276)
	at java.base/java.util.stream.ReferencePipeline$3$1.accept(ReferencePipeline.java:197)
	at java.base/java.util.stream.ReferencePipeline$3$1.accept(ReferencePipeline.java:197)
	at java.base/java.util.stream.ReferencePipeline$3$1.accept(ReferencePipeline.java:197)
	at java.base/java.util.ArrayList$ArrayListSpliterator.forEachRemaining(ArrayList.java:1625)
	at java.base/java.util.stream.AbstractPipeline.copyInto(AbstractPipeline.java:509)
	at java.base/java.util.stream.AbstractPipeline.wrapAndCopyInto(AbstractPipeline.java:499)
	at java.base/java.util.stream.ForEachOps$ForEachOp.evaluateSequential(ForEachOps.java:150)
	at java.base/java.util.stream.ForEachOps$ForEachOp$OfRef.evaluateSequential(ForEachOps.java:173)
	at java.base/java.util.stream.AbstractPipeline.evaluate(AbstractPipeline.java:234)
	at java.base/java.util.stream.ReferencePipeline.forEach(ReferencePipeline.java:596)
	at java.base/java.util.stream.ReferencePipeline$7$1.accept(ReferencePipeline.java:276)
	at java.base/java.util.ArrayList$ArrayListSpliterator.forEachRemaining(ArrayList.java:1625)
	at java.base/java.util.stream.AbstractPipeline.copyInto(AbstractPipeline.java:509)
	at java.base/java.util.stream.AbstractPipeline.wrapAndCopyInto(AbstractPipeline.java:499)
	at java.base/java.util.stream.ForEachOps$ForEachOp.evaluateSequential(ForEachOps.java:150)
	at java.base/java.util.stream.ForEachOps$ForEachOp$OfRef.evaluateSequential(ForEachOps.java:173)
	at java.base/java.util.stream.AbstractPipeline.evaluate(AbstractPipeline.java:234)
	at java.base/java.util.stream.ReferencePipeline.forEach(ReferencePipeline.java:596)
	at org.junit.jupiter.engine.descriptor.TestTemplateTestDescriptor.execute(TestTemplateTestDescriptor.java:107)
	at org.junit.jupiter.engine.descriptor.TestTemplateTestDescriptor.execute(TestTemplateTestDescriptor.java:42)
	at org.junit.platform.engine.support.hierarchical.NodeTestTask.lambda$executeRecursively$5(NodeTestTask.java:139)
	at org.junit.platform.engine.support.hierarchical.ThrowableCollector.execute(ThrowableCollector.java:73)
	at org.junit.platform.engine.support.hierarchical.NodeTestTask.lambda$executeRecursively$7(NodeTestTask.java:129)
	at org.junit.platform.engine.support.hierarchical.Node.around(Node.java:137)
	at org.junit.platform.engine.support.hierarchical.NodeTestTask.lambda$executeRecursively$8(NodeTestTask.java:127)
	at org.junit.platform.engine.support.hierarchical.ThrowableCollector.execute(ThrowableCollector.java:73)
	at org.junit.platform.engine.support.hierarchical.NodeTestTask.executeRecursively(NodeTestTask.java:126)
	at org.junit.platform.engine.support.hierarchical.NodeTestTask.execute(NodeTestTask.java:84)
	at java.base/java.util.ArrayList.forEach(ArrayList.java:1511)
	at org.junit.platform.engine.support.hierarchical.SameThreadHierarchicalTestExecutorService.invokeAll(SameThreadHierarchicalTestExecutorService.java:38)
	at org.junit.platform.engine.support.hierarchical.NodeTestTask.lambda$executeRecursively$5(NodeTestTask.java:143)
	at org.junit.platform.engine.support.hierarchical.ThrowableCollector.execute(ThrowableCollector.java:73)
	at org.junit.platform.engine.support.hierarchical.NodeTestTask.lambda$executeRecursively$7(NodeTestTask.java:129)
	at org.junit.platform.engine.support.hierarchical.Node.around(Node.java:137)
	at org.junit.platform.engine.support.hierarchical.NodeTestTask.lambda$executeRecursively$8(NodeTestTask.java:127)
	at org.junit.platform.engine.support.hierarchical.ThrowableCollector.execute(ThrowableCollector.java:73)
	at org.junit.platform.engine.support.hierarchical.NodeTestTask.executeRecursively(NodeTestTask.java:126)
	at org.junit.platform.engine.support.hierarchical.NodeTestTask.execute(NodeTestTask.java:84)
	at java.base/java.util.ArrayList.forEach(ArrayList.java:1511)
	at org.junit.platform.engine.support.hierarchical.SameThreadHierarchicalTestExecutorService.invokeAll(SameThreadHierarchicalTestExecutorService.java:38)
	at org.junit.platform.engine.support.hierarchical.NodeTestTask.lambda$executeRecursively$5(NodeTestTask.java:143)
	at org.junit.platform.engine.support.hierarchical.ThrowableCollector.execute(ThrowableCollector.java:73)
	at org.junit.platform.engine.support.hierarchical.NodeTestTask.lambda$executeRecursively$7(NodeTestTask.java:129)
	at org.junit.platform.engine.support.hierarchical.Node.around(Node.java:137)
	at org.junit.platform.engine.support.hierarchical.NodeTestTask.lambda$executeRecursively$8(NodeTestTask.java:127)
	at org.junit.platform.engine.support.hierarchical.ThrowableCollector.execute(ThrowableCollector.java:73)
	at org.junit.platform.engine.support.hierarchical.NodeTestTask.executeRecursively(NodeTestTask.java:126)
	at org.junit.platform.engine.support.hierarchical.NodeTestTask.execute(NodeTestTask.java:84)
	at org.junit.platform.engine.support.hierarchical.SameThreadHierarchicalTestExecutorService.submit(SameThreadHierarchicalTestExecutorService.java:32)
	at org.junit.platform.engine.support.hierarchical.HierarchicalTestExecutor.execute(HierarchicalTestExecutor.java:57)
	at org.junit.platform.engine.support.hierarchical.HierarchicalTestEngine.execute(HierarchicalTestEngine.java:51)
	at org.junit.platform.launcher.core.EngineExecutionOrchestrator.execute(EngineExecutionOrchestrator.java:108)
	at org.junit.platform.launcher.core.EngineExecutionOrchestrator.execute(EngineExecutionOrchestrator.java:88)
	at org.junit.platform.launcher.core.EngineExecutionOrchestrator.lambda$execute$0(EngineExecutionOrchestrator.java:54)
	at org.junit.platform.launcher.core.EngineExecutionOrchestrator.withInterceptedStreams(EngineExecutionOrchestrator.java:67)
	at org.junit.platform.launcher.core.EngineExecutionOrchestrator.execute(EngineExecutionOrchestrator.java:52)
	at org.junit.platform.launcher.core.DefaultLauncher.execute(DefaultLauncher.java:96)
	at org.junit.platform.launcher.core.DefaultLauncher.execute(DefaultLauncher.java:75)
	at org.junit.platform.console.tasks.ConsoleTestExecutor.executeTests(ConsoleTestExecutor.java:66)
	at org.junit.platform.console.tasks.ConsoleTestExecutor.lambda$execute$0(ConsoleTestExecutor.java:58)
	at org.junit.platform.console.tasks.CustomContextClassLoaderExecutor.replaceThreadContextClassLoaderAndInvoke(CustomContextClassLoaderExecutor.java:41)
	at org.junit.platform.console.tasks.CustomContextClassLoaderExecutor.invoke(CustomContextClassLoaderExecutor.java:31)
	at org.junit.platform.console.tasks.ConsoleTestExecutor.execute(ConsoleTestExecutor.java:58)
	at org.junit.platform.console.ConsoleLauncher.executeTests(ConsoleLauncher.java:95)
	at org.junit.platform.console.ConsoleLauncher.execute(ConsoleLauncher.java:73)
	at org.junit.platform.console.ConsoleLauncher.execute(ConsoleLauncher.java:50)
	at org.junit.platform.console.ConsoleLauncher.execute(ConsoleLauncher.java:43)
	at org.junit.platform.console.ConsoleLauncher.main(ConsoleLauncher.java:37)
]]></skipped>
<system-out><![CDATA[
unique-id: [engine:junit-jupiter]/[class:minebayd1.test.TestUser]/[test-template:testget(minebayd1.User, int)]/[test-template-invocation:#64]
display-name: [64] Marc a 55 annonces ouvertes, 1 annonces fermées et 2 achats 
, 0
]]></system-out>
</testcase>
<testcase name="testget(User, int)[65]" classname="minebayd1.test.TestUser" time="0.002">
<system-out><![CDATA[
unique-id: [engine:junit-jupiter]/[class:minebayd1.test.TestUser]/[test-template:testget(minebayd1.User, int)]/[test-template-invocation:#65]
display-name: [65] Idir a 58 annonces ouvertes, 5 annonces fermées et 4 achats 
, 20
]]></system-out>
</testcase>
<testcase name="testget(User, int)[66]" classname="minebayd1.test.TestUser" time="0.001">
<system-out><![CDATA[
unique-id: [engine:junit-jupiter]/[class:minebayd1.test.TestUser]/[test-template:testget(minebayd1.User, int)]/[test-template-invocation:#66]
display-name: [66] Ismael a 59 annonces ouvertes, 1 annonces fermées et 3 achats 
, 7
]]></system-out>
</testcase>
<testcase name="testget(User, int)[67]" classname="minebayd1.test.TestUser" time="0.001">
<system-out><![CDATA[
unique-id: [engine:junit-jupiter]/[class:minebayd1.test.TestUser]/[test-template:testget(minebayd1.User, int)]/[test-template-invocation:#67]
display-name: [67] Ziad a 48 annonces ouvertes, 4 annonces fermées et 2 achats 
, 2
]]></system-out>
</testcase>
<testcase name="testget(User, int)[68]" classname="minebayd1.test.TestUser" time="0.001">
<system-out><![CDATA[
unique-id: [engine:junit-jupiter]/[class:minebayd1.test.TestUser]/[test-template:testget(minebayd1.User, int)]/[test-template-invocation:#68]
display-name: [68] Ayman a 53 annonces ouvertes, 4 annonces fermées et 4 achats 
, 8
]]></system-out>
</testcase>
<testcase name="testget(User, int)[69]" classname="minebayd1.test.TestUser" time="0.002">
<system-out><![CDATA[
unique-id: [engine:junit-jupiter]/[class:minebayd1.test.TestUser]/[test-template:testget(minebayd1.User, int)]/[test-template-invocation:#69]
display-name: [69] Sheraz a 49 annonces ouvertes, 3 annonces fermées et 6 achats 
, 15
]]></system-out>
</testcase>
<testcase name="testget(User, int)[70]" classname="minebayd1.test.TestUser" time="0.005">
<system-out><![CDATA[
unique-id: [engine:junit-jupiter]/[class:minebayd1.test.TestUser]/[test-template:testget(minebayd1.User, int)]/[test-template-invocation:#70]
display-name: [70] Ismael a 59 annonces ouvertes, 1 annonces fermées et 3 achats 
, 32
]]></system-out>
</testcase>
<testcase name="testget(User, int)[71]" classname="minebayd1.test.TestUser" time="0.002">
<system-out><![CDATA[
unique-id: [engine:junit-jupiter]/[class:minebayd1.test.TestUser]/[test-template:testget(minebayd1.User, int)]/[test-template-invocation:#71]
display-name: [71] Zahra a 42 annonces ouvertes, 0 annonces fermées et 2 achats 
, 33
]]></system-out>
</testcase>
<testcase name="testget(User, int)[72]" classname="minebayd1.test.TestUser" time="0.003">
<system-out><![CDATA[
unique-id: [engine:junit-jupiter]/[class:minebayd1.test.TestUser]/[test-template:testget(minebayd1.User, int)]/[test-template-invocation:#72]
display-name: [72] Ayman a 53 annonces ouvertes, 4 annonces fermées et 4 achats 
, 25
]]></system-out>
</testcase>
<testcase name="testget(User, int)[73]" classname="minebayd1.test.TestUser" time="0.002">
<system-out><![CDATA[
unique-id: [engine:junit-jupiter]/[class:minebayd1.test.TestUser]/[test-template:testget(minebayd1.User, int)]/[test-template-invocation:#73]
display-name: [73] Aliou a 50 annonces ouvertes, 3 annonces fermées et 2 achats 
, 21
]]></system-out>
</testcase>
<testcase name="testget(User, int)[74]" classname="minebayd1.test.TestUser" time="0.002">
<system-out><![CDATA[
unique-id: [engine:junit-jupiter]/[class:minebayd1.test.TestUser]/[test-template:testget(minebayd1.User, int)]/[test-template-invocation:#74]
display-name: [74] Ismael a 59 annonces ouvertes, 1 annonces fermées et 3 achats 
, 30
]]></system-out>
</testcase>
<testcase name="testget(User, int)[75]" classname="minebayd1.test.TestUser" time="0.003">
<system-out><![CDATA[
unique-id: [engine:junit-jupiter]/[class:minebayd1.test.TestUser]/[test-template:testget(minebayd1.User, int)]/[test-template-invocation:#75]
display-name: [75] Naila a 60 annonces ouvertes, 3 annonces fermées et 4 achats 
, 40
]]></system-out>
</testcase>
<testcase name="testget(User, int)[76]" classname="minebayd1.test.TestUser" time="0.001">
<system-out><![CDATA[
unique-id: [engine:junit-jupiter]/[class:minebayd1.test.TestUser]/[test-template:testget(minebayd1.User, int)]/[test-template-invocation:#76]
display-name: [76] Ziad a 48 annonces ouvertes, 4 annonces fermées et 2 achats 
, 5
]]></system-out>
</testcase>
<testcase name="testget(User, int)[77]" classname="minebayd1.test.TestUser" time="0.001">
<system-out><![CDATA[
unique-id: [engine:junit-jupiter]/[class:minebayd1.test.TestUser]/[test-template:testget(minebayd1.User, int)]/[test-template-invocation:#77]
display-name: [77] Mounir a 59 annonces ouvertes, 2 annonces fermées et 2 achats 
, 45
]]></system-out>
</testcase>
<testcase name="testget(User, int)[78]" classname="minebayd1.test.TestUser" time="0.001">
<system-out><![CDATA[
unique-id: [engine:junit-jupiter]/[class:minebayd1.test.TestUser]/[test-template:testget(minebayd1.User, int)]/[test-template-invocation:#78]
display-name: [78] Boris a 63 annonces ouvertes, 2 annonces fermées et 3 achats 
, 18
]]></system-out>
</testcase>
<testcase name="testget(User, int)[79]" classname="minebayd1.test.TestUser" time="0.001">
<system-out><![CDATA[
unique-id: [engine:junit-jupiter]/[class:minebayd1.test.TestUser]/[test-template:testget(minebayd1.User, int)]/[test-template-invocation:#79]
display-name: [79] Ziad a 48 annonces ouvertes, 4 annonces fermées et 2 achats 
, 23
]]></system-out>
</testcase>
<testcase name="testget(User, int)[80]" classname="minebayd1.test.TestUser" time="0">
<system-out><![CDATA[
unique-id: [engine:junit-jupiter]/[class:minebayd1.test.TestUser]/[test-template:testget(minebayd1.User, int)]/[test-template-invocation:#80]
display-name: [80] Faycal a 51 annonces ouvertes, 3 annonces fermées et 4 achats 
, 0
]]></system-out>
</testcase>
<testcase name="testget(User, int)[81]" classname="minebayd1.test.TestUser" time="0.001">
<system-out><![CDATA[
unique-id: [engine:junit-jupiter]/[class:minebayd1.test.TestUser]/[test-template:testget(minebayd1.User, int)]/[test-template-invocation:#81]
display-name: [81] Aliou a 50 annonces ouvertes, 3 annonces fermées et 2 achats 
, 40
]]></system-out>
</testcase>
<testcase name="testget(User, int)[82]" classname="minebayd1.test.TestUser" time="0.001">
<system-out><![CDATA[
unique-id: [engine:junit-jupiter]/[class:minebayd1.test.TestUser]/[test-template:testget(minebayd1.User, int)]/[test-template-invocation:#82]
display-name: [82] Mounir a 59 annonces ouvertes, 2 annonces fermées et 2 achats 
, 44
]]></system-out>
</testcase>
<testcase name="testget(User, int)[83]" classname="minebayd1.test.TestUser" time="0">
<system-out><![CDATA[
unique-id: [engine:junit-jupiter]/[class:minebayd1.test.TestUser]/[test-template:testget(minebayd1.User, int)]/[test-template-invocation:#83]
display-name: [83] Zahra a 42 annonces ouvertes, 0 annonces fermées et 2 achats 
, 3
]]></system-out>
</testcase>
<testcase name="testget(User, int)[84]" classname="minebayd1.test.TestUser" time="0">
<skipped><![CDATA[org.opentest4j.TestAbortedException: Assumption failed: assumption is not true
	at org.junit.jupiter.api.Assumptions.throwTestAbortedException(Assumptions.java:256)
	at org.junit.jupiter.api.Assumptions.assumeTrue(Assumptions.java:115)
	at org.junit.jupiter.api.Assumptions.assumeTrue(Assumptions.java:66)
	at minebayd1.test.TestUser.testget(TestUser.java:918)
	at jdk.internal.reflect.GeneratedMethodAccessor5.invoke(Unknown Source)
	at java.base/jdk.internal.reflect.DelegatingMethodAccessorImpl.invoke(DelegatingMethodAccessorImpl.java:43)
	at java.base/java.lang.reflect.Method.invoke(Method.java:569)
	at org.junit.platform.commons.util.ReflectionUtils.invokeMethod(ReflectionUtils.java:688)
	at org.junit.jupiter.engine.execution.MethodInvocation.proceed(MethodInvocation.java:60)
	at org.junit.jupiter.engine.execution.InvocationInterceptorChain$ValidatingInvocation.proceed(InvocationInterceptorChain.java:131)
	at org.junit.jupiter.engine.extension.TimeoutExtension.intercept(TimeoutExtension.java:149)
	at org.junit.jupiter.engine.extension.TimeoutExtension.interceptTestableMethod(TimeoutExtension.java:140)
	at org.junit.jupiter.engine.extension.TimeoutExtension.interceptTestTemplateMethod(TimeoutExtension.java:92)
	at org.junit.jupiter.engine.execution.ExecutableInvoker$ReflectiveInterceptorCall.lambda$ofVoidMethod$0(ExecutableInvoker.java:115)
	at org.junit.jupiter.engine.execution.ExecutableInvoker.lambda$invoke$0(ExecutableInvoker.java:105)
	at org.junit.jupiter.engine.execution.InvocationInterceptorChain$InterceptedInvocation.proceed(InvocationInterceptorChain.java:106)
	at org.junit.jupiter.engine.execution.InvocationInterceptorChain.proceed(InvocationInterceptorChain.java:64)
	at org.junit.jupiter.engine.execution.InvocationInterceptorChain.chainAndInvoke(InvocationInterceptorChain.java:45)
	at org.junit.jupiter.engine.execution.InvocationInterceptorChain.invoke(InvocationInterceptorChain.java:37)
	at org.junit.jupiter.engine.execution.ExecutableInvoker.invoke(ExecutableInvoker.java:104)
	at org.junit.jupiter.engine.execution.ExecutableInvoker.invoke(ExecutableInvoker.java:98)
	at org.junit.jupiter.engine.descriptor.TestMethodTestDescriptor.lambda$invokeTestMethod$6(TestMethodTestDescriptor.java:210)
	at org.junit.platform.engine.support.hierarchical.ThrowableCollector.execute(ThrowableCollector.java:73)
	at org.junit.jupiter.engine.descriptor.TestMethodTestDescriptor.invokeTestMethod(TestMethodTestDescriptor.java:206)
	at org.junit.jupiter.engine.descriptor.TestMethodTestDescriptor.execute(TestMethodTestDescriptor.java:131)
	at org.junit.jupiter.engine.descriptor.TestMethodTestDescriptor.execute(TestMethodTestDescriptor.java:65)
	at org.junit.platform.engine.support.hierarchical.NodeTestTask.lambda$executeRecursively$5(NodeTestTask.java:139)
	at org.junit.platform.engine.support.hierarchical.ThrowableCollector.execute(ThrowableCollector.java:73)
	at org.junit.platform.engine.support.hierarchical.NodeTestTask.lambda$executeRecursively$7(NodeTestTask.java:129)
	at org.junit.platform.engine.support.hierarchical.Node.around(Node.java:137)
	at org.junit.platform.engine.support.hierarchical.NodeTestTask.lambda$executeRecursively$8(NodeTestTask.java:127)
	at org.junit.platform.engine.support.hierarchical.ThrowableCollector.execute(ThrowableCollector.java:73)
	at org.junit.platform.engine.support.hierarchical.NodeTestTask.executeRecursively(NodeTestTask.java:126)
	at org.junit.platform.engine.support.hierarchical.NodeTestTask.execute(NodeTestTask.java:84)
	at org.junit.platform.engine.support.hierarchical.SameThreadHierarchicalTestExecutorService.submit(SameThreadHierarchicalTestExecutorService.java:32)
	at org.junit.platform.engine.support.hierarchical.NodeTestTask$DefaultDynamicTestExecutor.execute(NodeTestTask.java:212)
	at org.junit.platform.engine.support.hierarchical.NodeTestTask$DefaultDynamicTestExecutor.execute(NodeTestTask.java:192)
	at org.junit.jupiter.engine.descriptor.TestTemplateTestDescriptor.execute(TestTemplateTestDescriptor.java:139)
	at org.junit.jupiter.engine.descriptor.TestTemplateTestDescriptor.lambda$execute$2(TestTemplateTestDescriptor.java:107)
	at java.base/java.util.stream.ForEachOps$ForEachOp$OfRef.accept(ForEachOps.java:183)
	at java.base/java.util.stream.ReferencePipeline$3$1.accept(ReferencePipeline.java:197)
	at java.base/java.util.stream.ReferencePipeline$2$1.accept(ReferencePipeline.java:179)
	at java.base/java.util.stream.ReferencePipeline$3$1.accept(ReferencePipeline.java:197)
	at java.base/java.util.stream.ForEachOps$ForEachOp$OfRef.accept(ForEachOps.java:183)
	at java.base/java.util.stream.ReferencePipeline$15$1.accept(ReferencePipeline.java:541)
	at java.base/java.util.stream.ReferencePipeline$3$1.accept(ReferencePipeline.java:197)
	at java.base/java.util.stream.ReferencePipeline$3$1.accept(ReferencePipeline.java:197)
	at java.base/java.util.stream.ReferencePipeline$3$1.accept(ReferencePipeline.java:197)
	at java.base/java.util.stream.ForEachOps$ForEachOp$OfRef.accept(ForEachOps.java:183)
	at java.base/java.util.stream.ReferencePipeline$3$1.accept(ReferencePipeline.java:197)
	at java.base/java.util.stream.ForEachOps$ForEachOp$OfRef.accept(ForEachOps.java:183)
	at java.base/java.util.stream.SliceOps$1$1.accept(SliceOps.java:200)
	at java.base/java.util.stream.StreamSpliterators$InfiniteSupplyingSpliterator$OfRef.tryAdvance(StreamSpliterators.java:1358)
	at java.base/java.util.stream.ReferencePipeline.forEachWithCancel(ReferencePipeline.java:129)
	at java.base/java.util.stream.AbstractPipeline.copyIntoWithCancel(AbstractPipeline.java:527)
	at java.base/java.util.stream.AbstractPipeline.copyInto(AbstractPipeline.java:513)
	at java.base/java.util.stream.AbstractPipeline.wrapAndCopyInto(AbstractPipeline.java:499)
	at java.base/java.util.stream.ForEachOps$ForEachOp.evaluateSequential(ForEachOps.java:150)
	at java.base/java.util.stream.ForEachOps$ForEachOp$OfRef.evaluateSequential(ForEachOps.java:173)
	at java.base/java.util.stream.AbstractPipeline.evaluate(AbstractPipeline.java:234)
	at java.base/java.util.stream.ReferencePipeline.forEach(ReferencePipeline.java:596)
	at java.base/java.util.stream.ReferencePipeline$7$1.accept(ReferencePipeline.java:276)
	at java.base/java.util.stream.ReferencePipeline$3$1.accept(ReferencePipeline.java:197)
	at java.base/java.util.stream.ReferencePipeline$3$1.accept(ReferencePipeline.java:197)
	at java.base/java.util.Spliterators$ArraySpliterator.forEachRemaining(Spliterators.java:992)
	at java.base/java.util.stream.AbstractPipeline.copyInto(AbstractPipeline.java:509)
	at java.base/java.util.stream.AbstractPipeline.wrapAndCopyInto(AbstractPipeline.java:499)
	at java.base/java.util.stream.ForEachOps$ForEachOp.evaluateSequential(ForEachOps.java:150)
	at java.base/java.util.stream.ForEachOps$ForEachOp$OfRef.evaluateSequential(ForEachOps.java:173)
	at java.base/java.util.stream.AbstractPipeline.evaluate(AbstractPipeline.java:234)
	at java.base/java.util.stream.ReferencePipeline.forEach(ReferencePipeline.java:596)
	at java.base/java.util.stream.ReferencePipeline$7$1.accept(ReferencePipeline.java:276)
	at java.base/java.util.stream.ReferencePipeline$3$1.accept(ReferencePipeline.java:197)
	at java.base/java.util.stream.ReferencePipeline$3$1.accept(ReferencePipeline.java:197)
	at java.base/java.util.stream.ReferencePipeline$3$1.accept(ReferencePipeline.java:197)
	at java.base/java.util.ArrayList$ArrayListSpliterator.forEachRemaining(ArrayList.java:1625)
	at java.base/java.util.stream.AbstractPipeline.copyInto(AbstractPipeline.java:509)
	at java.base/java.util.stream.AbstractPipeline.wrapAndCopyInto(AbstractPipeline.java:499)
	at java.base/java.util.stream.ForEachOps$ForEachOp.evaluateSequential(ForEachOps.java:150)
	at java.base/java.util.stream.ForEachOps$ForEachOp$OfRef.evaluateSequential(ForEachOps.java:173)
	at java.base/java.util.stream.AbstractPipeline.evaluate(AbstractPipeline.java:234)
	at java.base/java.util.stream.ReferencePipeline.forEach(ReferencePipeline.java:596)
	at java.base/java.util.stream.ReferencePipeline$7$1.accept(ReferencePipeline.java:276)
	at java.base/java.util.ArrayList$ArrayListSpliterator.forEachRemaining(ArrayList.java:1625)
	at java.base/java.util.stream.AbstractPipeline.copyInto(AbstractPipeline.java:509)
	at java.base/java.util.stream.AbstractPipeline.wrapAndCopyInto(AbstractPipeline.java:499)
	at java.base/java.util.stream.ForEachOps$ForEachOp.evaluateSequential(ForEachOps.java:150)
	at java.base/java.util.stream.ForEachOps$ForEachOp$OfRef.evaluateSequential(ForEachOps.java:173)
	at java.base/java.util.stream.AbstractPipeline.evaluate(AbstractPipeline.java:234)
	at java.base/java.util.stream.ReferencePipeline.forEach(ReferencePipeline.java:596)
	at org.junit.jupiter.engine.descriptor.TestTemplateTestDescriptor.execute(TestTemplateTestDescriptor.java:107)
	at org.junit.jupiter.engine.descriptor.TestTemplateTestDescriptor.execute(TestTemplateTestDescriptor.java:42)
	at org.junit.platform.engine.support.hierarchical.NodeTestTask.lambda$executeRecursively$5(NodeTestTask.java:139)
	at org.junit.platform.engine.support.hierarchical.ThrowableCollector.execute(ThrowableCollector.java:73)
	at org.junit.platform.engine.support.hierarchical.NodeTestTask.lambda$executeRecursively$7(NodeTestTask.java:129)
	at org.junit.platform.engine.support.hierarchical.Node.around(Node.java:137)
	at org.junit.platform.engine.support.hierarchical.NodeTestTask.lambda$executeRecursively$8(NodeTestTask.java:127)
	at org.junit.platform.engine.support.hierarchical.ThrowableCollector.execute(ThrowableCollector.java:73)
	at org.junit.platform.engine.support.hierarchical.NodeTestTask.executeRecursively(NodeTestTask.java:126)
	at org.junit.platform.engine.support.hierarchical.NodeTestTask.execute(NodeTestTask.java:84)
	at java.base/java.util.ArrayList.forEach(ArrayList.java:1511)
	at org.junit.platform.engine.support.hierarchical.SameThreadHierarchicalTestExecutorService.invokeAll(SameThreadHierarchicalTestExecutorService.java:38)
	at org.junit.platform.engine.support.hierarchical.NodeTestTask.lambda$executeRecursively$5(NodeTestTask.java:143)
	at org.junit.platform.engine.support.hierarchical.ThrowableCollector.execute(ThrowableCollector.java:73)
	at org.junit.platform.engine.support.hierarchical.NodeTestTask.lambda$executeRecursively$7(NodeTestTask.java:129)
	at org.junit.platform.engine.support.hierarchical.Node.around(Node.java:137)
	at org.junit.platform.engine.support.hierarchical.NodeTestTask.lambda$executeRecursively$8(NodeTestTask.java:127)
	at org.junit.platform.engine.support.hierarchical.ThrowableCollector.execute(ThrowableCollector.java:73)
	at org.junit.platform.engine.support.hierarchical.NodeTestTask.executeRecursively(NodeTestTask.java:126)
	at org.junit.platform.engine.support.hierarchical.NodeTestTask.execute(NodeTestTask.java:84)
	at java.base/java.util.ArrayList.forEach(ArrayList.java:1511)
	at org.junit.platform.engine.support.hierarchical.SameThreadHierarchicalTestExecutorService.invokeAll(SameThreadHierarchicalTestExecutorService.java:38)
	at org.junit.platform.engine.support.hierarchical.NodeTestTask.lambda$executeRecursively$5(NodeTestTask.java:143)
	at org.junit.platform.engine.support.hierarchical.ThrowableCollector.execute(ThrowableCollector.java:73)
	at org.junit.platform.engine.support.hierarchical.NodeTestTask.lambda$executeRecursively$7(NodeTestTask.java:129)
	at org.junit.platform.engine.support.hierarchical.Node.around(Node.java:137)
	at org.junit.platform.engine.support.hierarchical.NodeTestTask.lambda$executeRecursively$8(NodeTestTask.java:127)
	at org.junit.platform.engine.support.hierarchical.ThrowableCollector.execute(ThrowableCollector.java:73)
	at org.junit.platform.engine.support.hierarchical.NodeTestTask.executeRecursively(NodeTestTask.java:126)
	at org.junit.platform.engine.support.hierarchical.NodeTestTask.execute(NodeTestTask.java:84)
	at org.junit.platform.engine.support.hierarchical.SameThreadHierarchicalTestExecutorService.submit(SameThreadHierarchicalTestExecutorService.java:32)
	at org.junit.platform.engine.support.hierarchical.HierarchicalTestExecutor.execute(HierarchicalTestExecutor.java:57)
	at org.junit.platform.engine.support.hierarchical.HierarchicalTestEngine.execute(HierarchicalTestEngine.java:51)
	at org.junit.platform.launcher.core.EngineExecutionOrchestrator.execute(EngineExecutionOrchestrator.java:108)
	at org.junit.platform.launcher.core.EngineExecutionOrchestrator.execute(EngineExecutionOrchestrator.java:88)
	at org.junit.platform.launcher.core.EngineExecutionOrchestrator.lambda$execute$0(EngineExecutionOrchestrator.java:54)
	at org.junit.platform.launcher.core.EngineExecutionOrchestrator.withInterceptedStreams(EngineExecutionOrchestrator.java:67)
	at org.junit.platform.launcher.core.EngineExecutionOrchestrator.execute(EngineExecutionOrchestrator.java:52)
	at org.junit.platform.launcher.core.DefaultLauncher.execute(DefaultLauncher.java:96)
	at org.junit.platform.launcher.core.DefaultLauncher.execute(DefaultLauncher.java:75)
	at org.junit.platform.console.tasks.ConsoleTestExecutor.executeTests(ConsoleTestExecutor.java:66)
	at org.junit.platform.console.tasks.ConsoleTestExecutor.lambda$execute$0(ConsoleTestExecutor.java:58)
	at org.junit.platform.console.tasks.CustomContextClassLoaderExecutor.replaceThreadContextClassLoaderAndInvoke(CustomContextClassLoaderExecutor.java:41)
	at org.junit.platform.console.tasks.CustomContextClassLoaderExecutor.invoke(CustomContextClassLoaderExecutor.java:31)
	at org.junit.platform.console.tasks.ConsoleTestExecutor.execute(ConsoleTestExecutor.java:58)
	at org.junit.platform.console.ConsoleLauncher.executeTests(ConsoleLauncher.java:95)
	at org.junit.platform.console.ConsoleLauncher.execute(ConsoleLauncher.java:73)
	at org.junit.platform.console.ConsoleLauncher.execute(ConsoleLauncher.java:50)
	at org.junit.platform.console.ConsoleLauncher.execute(ConsoleLauncher.java:43)
	at org.junit.platform.console.ConsoleLauncher.main(ConsoleLauncher.java:37)
]]></skipped>
<system-out><![CDATA[
unique-id: [engine:junit-jupiter]/[class:minebayd1.test.TestUser]/[test-template:testget(minebayd1.User, int)]/[test-template-invocation:#84]
display-name: [84] Rosa a 40 annonces ouvertes, 4 annonces fermées et 2 achats 
, 1
]]></system-out>
</testcase>
<testcase name="testget(User, int)[85]" classname="minebayd1.test.TestUser" time="0">
<system-out><![CDATA[
unique-id: [engine:junit-jupiter]/[class:minebayd1.test.TestUser]/[test-template:testget(minebayd1.User, int)]/[test-template-invocation:#85]
display-name: [85] Chanez a 57 annonces ouvertes, 2 annonces fermées et 1 achats 
, 0
]]></system-out>
</testcase>
<testcase name="testget(User, int)[86]" classname="minebayd1.test.TestUser" time="0">
<skipped><![CDATA[org.opentest4j.TestAbortedException: Assumption failed: assumption is not true
	at org.junit.jupiter.api.Assumptions.throwTestAbortedException(Assumptions.java:256)
	at org.junit.jupiter.api.Assumptions.assumeTrue(Assumptions.java:115)
	at org.junit.jupiter.api.Assumptions.assumeTrue(Assumptions.java:66)
	at minebayd1.test.TestUser.testget(TestUser.java:918)
	at jdk.internal.reflect.GeneratedMethodAccessor5.invoke(Unknown Source)
	at java.base/jdk.internal.reflect.DelegatingMethodAccessorImpl.invoke(DelegatingMethodAccessorImpl.java:43)
	at java.base/java.lang.reflect.Method.invoke(Method.java:569)
	at org.junit.platform.commons.util.ReflectionUtils.invokeMethod(ReflectionUtils.java:688)
	at org.junit.jupiter.engine.execution.MethodInvocation.proceed(MethodInvocation.java:60)
	at org.junit.jupiter.engine.execution.InvocationInterceptorChain$ValidatingInvocation.proceed(InvocationInterceptorChain.java:131)
	at org.junit.jupiter.engine.extension.TimeoutExtension.intercept(TimeoutExtension.java:149)
	at org.junit.jupiter.engine.extension.TimeoutExtension.interceptTestableMethod(TimeoutExtension.java:140)
	at org.junit.jupiter.engine.extension.TimeoutExtension.interceptTestTemplateMethod(TimeoutExtension.java:92)
	at org.junit.jupiter.engine.execution.ExecutableInvoker$ReflectiveInterceptorCall.lambda$ofVoidMethod$0(ExecutableInvoker.java:115)
	at org.junit.jupiter.engine.execution.ExecutableInvoker.lambda$invoke$0(ExecutableInvoker.java:105)
	at org.junit.jupiter.engine.execution.InvocationInterceptorChain$InterceptedInvocation.proceed(InvocationInterceptorChain.java:106)
	at org.junit.jupiter.engine.execution.InvocationInterceptorChain.proceed(InvocationInterceptorChain.java:64)
	at org.junit.jupiter.engine.execution.InvocationInterceptorChain.chainAndInvoke(InvocationInterceptorChain.java:45)
	at org.junit.jupiter.engine.execution.InvocationInterceptorChain.invoke(InvocationInterceptorChain.java:37)
	at org.junit.jupiter.engine.execution.ExecutableInvoker.invoke(ExecutableInvoker.java:104)
	at org.junit.jupiter.engine.execution.ExecutableInvoker.invoke(ExecutableInvoker.java:98)
	at org.junit.jupiter.engine.descriptor.TestMethodTestDescriptor.lambda$invokeTestMethod$6(TestMethodTestDescriptor.java:210)
	at org.junit.platform.engine.support.hierarchical.ThrowableCollector.execute(ThrowableCollector.java:73)
	at org.junit.jupiter.engine.descriptor.TestMethodTestDescriptor.invokeTestMethod(TestMethodTestDescriptor.java:206)
	at org.junit.jupiter.engine.descriptor.TestMethodTestDescriptor.execute(TestMethodTestDescriptor.java:131)
	at org.junit.jupiter.engine.descriptor.TestMethodTestDescriptor.execute(TestMethodTestDescriptor.java:65)
	at org.junit.platform.engine.support.hierarchical.NodeTestTask.lambda$executeRecursively$5(NodeTestTask.java:139)
	at org.junit.platform.engine.support.hierarchical.ThrowableCollector.execute(ThrowableCollector.java:73)
	at org.junit.platform.engine.support.hierarchical.NodeTestTask.lambda$executeRecursively$7(NodeTestTask.java:129)
	at org.junit.platform.engine.support.hierarchical.Node.around(Node.java:137)
	at org.junit.platform.engine.support.hierarchical.NodeTestTask.lambda$executeRecursively$8(NodeTestTask.java:127)
	at org.junit.platform.engine.support.hierarchical.ThrowableCollector.execute(ThrowableCollector.java:73)
	at org.junit.platform.engine.support.hierarchical.NodeTestTask.executeRecursively(NodeTestTask.java:126)
	at org.junit.platform.engine.support.hierarchical.NodeTestTask.execute(NodeTestTask.java:84)
	at org.junit.platform.engine.support.hierarchical.SameThreadHierarchicalTestExecutorService.submit(SameThreadHierarchicalTestExecutorService.java:32)
	at org.junit.platform.engine.support.hierarchical.NodeTestTask$DefaultDynamicTestExecutor.execute(NodeTestTask.java:212)
	at org.junit.platform.engine.support.hierarchical.NodeTestTask$DefaultDynamicTestExecutor.execute(NodeTestTask.java:192)
	at org.junit.jupiter.engine.descriptor.TestTemplateTestDescriptor.execute(TestTemplateTestDescriptor.java:139)
	at org.junit.jupiter.engine.descriptor.TestTemplateTestDescriptor.lambda$execute$2(TestTemplateTestDescriptor.java:107)
	at java.base/java.util.stream.ForEachOps$ForEachOp$OfRef.accept(ForEachOps.java:183)
	at java.base/java.util.stream.ReferencePipeline$3$1.accept(ReferencePipeline.java:197)
	at java.base/java.util.stream.ReferencePipeline$2$1.accept(ReferencePipeline.java:179)
	at java.base/java.util.stream.ReferencePipeline$3$1.accept(ReferencePipeline.java:197)
	at java.base/java.util.stream.ForEachOps$ForEachOp$OfRef.accept(ForEachOps.java:183)
	at java.base/java.util.stream.ReferencePipeline$15$1.accept(ReferencePipeline.java:541)
	at java.base/java.util.stream.ReferencePipeline$3$1.accept(ReferencePipeline.java:197)
	at java.base/java.util.stream.ReferencePipeline$3$1.accept(ReferencePipeline.java:197)
	at java.base/java.util.stream.ReferencePipeline$3$1.accept(ReferencePipeline.java:197)
	at java.base/java.util.stream.ForEachOps$ForEachOp$OfRef.accept(ForEachOps.java:183)
	at java.base/java.util.stream.ReferencePipeline$3$1.accept(ReferencePipeline.java:197)
	at java.base/java.util.stream.ForEachOps$ForEachOp$OfRef.accept(ForEachOps.java:183)
	at java.base/java.util.stream.SliceOps$1$1.accept(SliceOps.java:200)
	at java.base/java.util.stream.StreamSpliterators$InfiniteSupplyingSpliterator$OfRef.tryAdvance(StreamSpliterators.java:1358)
	at java.base/java.util.stream.ReferencePipeline.forEachWithCancel(ReferencePipeline.java:129)
	at java.base/java.util.stream.AbstractPipeline.copyIntoWithCancel(AbstractPipeline.java:527)
	at java.base/java.util.stream.AbstractPipeline.copyInto(AbstractPipeline.java:513)
	at java.base/java.util.stream.AbstractPipeline.wrapAndCopyInto(AbstractPipeline.java:499)
	at java.base/java.util.stream.ForEachOps$ForEachOp.evaluateSequential(ForEachOps.java:150)
	at java.base/java.util.stream.ForEachOps$ForEachOp$OfRef.evaluateSequential(ForEachOps.java:173)
	at java.base/java.util.stream.AbstractPipeline.evaluate(AbstractPipeline.java:234)
	at java.base/java.util.stream.ReferencePipeline.forEach(ReferencePipeline.java:596)
	at java.base/java.util.stream.ReferencePipeline$7$1.accept(ReferencePipeline.java:276)
	at java.base/java.util.stream.ReferencePipeline$3$1.accept(ReferencePipeline.java:197)
	at java.base/java.util.stream.ReferencePipeline$3$1.accept(ReferencePipeline.java:197)
	at java.base/java.util.Spliterators$ArraySpliterator.forEachRemaining(Spliterators.java:992)
	at java.base/java.util.stream.AbstractPipeline.copyInto(AbstractPipeline.java:509)
	at java.base/java.util.stream.AbstractPipeline.wrapAndCopyInto(AbstractPipeline.java:499)
	at java.base/java.util.stream.ForEachOps$ForEachOp.evaluateSequential(ForEachOps.java:150)
	at java.base/java.util.stream.ForEachOps$ForEachOp$OfRef.evaluateSequential(ForEachOps.java:173)
	at java.base/java.util.stream.AbstractPipeline.evaluate(AbstractPipeline.java:234)
	at java.base/java.util.stream.ReferencePipeline.forEach(ReferencePipeline.java:596)
	at java.base/java.util.stream.ReferencePipeline$7$1.accept(ReferencePipeline.java:276)
	at java.base/java.util.stream.ReferencePipeline$3$1.accept(ReferencePipeline.java:197)
	at java.base/java.util.stream.ReferencePipeline$3$1.accept(ReferencePipeline.java:197)
	at java.base/java.util.stream.ReferencePipeline$3$1.accept(ReferencePipeline.java:197)
	at java.base/java.util.ArrayList$ArrayListSpliterator.forEachRemaining(ArrayList.java:1625)
	at java.base/java.util.stream.AbstractPipeline.copyInto(AbstractPipeline.java:509)
	at java.base/java.util.stream.AbstractPipeline.wrapAndCopyInto(AbstractPipeline.java:499)
	at java.base/java.util.stream.ForEachOps$ForEachOp.evaluateSequential(ForEachOps.java:150)
	at java.base/java.util.stream.ForEachOps$ForEachOp$OfRef.evaluateSequential(ForEachOps.java:173)
	at java.base/java.util.stream.AbstractPipeline.evaluate(AbstractPipeline.java:234)
	at java.base/java.util.stream.ReferencePipeline.forEach(ReferencePipeline.java:596)
	at java.base/java.util.stream.ReferencePipeline$7$1.accept(ReferencePipeline.java:276)
	at java.base/java.util.ArrayList$ArrayListSpliterator.forEachRemaining(ArrayList.java:1625)
	at java.base/java.util.stream.AbstractPipeline.copyInto(AbstractPipeline.java:509)
	at java.base/java.util.stream.AbstractPipeline.wrapAndCopyInto(AbstractPipeline.java:499)
	at java.base/java.util.stream.ForEachOps$ForEachOp.evaluateSequential(ForEachOps.java:150)
	at java.base/java.util.stream.ForEachOps$ForEachOp$OfRef.evaluateSequential(ForEachOps.java:173)
	at java.base/java.util.stream.AbstractPipeline.evaluate(AbstractPipeline.java:234)
	at java.base/java.util.stream.ReferencePipeline.forEach(ReferencePipeline.java:596)
	at org.junit.jupiter.engine.descriptor.TestTemplateTestDescriptor.execute(TestTemplateTestDescriptor.java:107)
	at org.junit.jupiter.engine.descriptor.TestTemplateTestDescriptor.execute(TestTemplateTestDescriptor.java:42)
	at org.junit.platform.engine.support.hierarchical.NodeTestTask.lambda$executeRecursively$5(NodeTestTask.java:139)
	at org.junit.platform.engine.support.hierarchical.ThrowableCollector.execute(ThrowableCollector.java:73)
	at org.junit.platform.engine.support.hierarchical.NodeTestTask.lambda$executeRecursively$7(NodeTestTask.java:129)
	at org.junit.platform.engine.support.hierarchical.Node.around(Node.java:137)
	at org.junit.platform.engine.support.hierarchical.NodeTestTask.lambda$executeRecursively$8(NodeTestTask.java:127)
	at org.junit.platform.engine.support.hierarchical.ThrowableCollector.execute(ThrowableCollector.java:73)
	at org.junit.platform.engine.support.hierarchical.NodeTestTask.executeRecursively(NodeTestTask.java:126)
	at org.junit.platform.engine.support.hierarchical.NodeTestTask.execute(NodeTestTask.java:84)
	at java.base/java.util.ArrayList.forEach(ArrayList.java:1511)
	at org.junit.platform.engine.support.hierarchical.SameThreadHierarchicalTestExecutorService.invokeAll(SameThreadHierarchicalTestExecutorService.java:38)
	at org.junit.platform.engine.support.hierarchical.NodeTestTask.lambda$executeRecursively$5(NodeTestTask.java:143)
	at org.junit.platform.engine.support.hierarchical.ThrowableCollector.execute(ThrowableCollector.java:73)
	at org.junit.platform.engine.support.hierarchical.NodeTestTask.lambda$executeRecursively$7(NodeTestTask.java:129)
	at org.junit.platform.engine.support.hierarchical.Node.around(Node.java:137)
	at org.junit.platform.engine.support.hierarchical.NodeTestTask.lambda$executeRecursively$8(NodeTestTask.java:127)
	at org.junit.platform.engine.support.hierarchical.ThrowableCollector.execute(ThrowableCollector.java:73)
	at org.junit.platform.engine.support.hierarchical.NodeTestTask.executeRecursively(NodeTestTask.java:126)
	at org.junit.platform.engine.support.hierarchical.NodeTestTask.execute(NodeTestTask.java:84)
	at java.base/java.util.ArrayList.forEach(ArrayList.java:1511)
	at org.junit.platform.engine.support.hierarchical.SameThreadHierarchicalTestExecutorService.invokeAll(SameThreadHierarchicalTestExecutorService.java:38)
	at org.junit.platform.engine.support.hierarchical.NodeTestTask.lambda$executeRecursively$5(NodeTestTask.java:143)
	at org.junit.platform.engine.support.hierarchical.ThrowableCollector.execute(ThrowableCollector.java:73)
	at org.junit.platform.engine.support.hierarchical.NodeTestTask.lambda$executeRecursively$7(NodeTestTask.java:129)
	at org.junit.platform.engine.support.hierarchical.Node.around(Node.java:137)
	at org.junit.platform.engine.support.hierarchical.NodeTestTask.lambda$executeRecursively$8(NodeTestTask.java:127)
	at org.junit.platform.engine.support.hierarchical.ThrowableCollector.execute(ThrowableCollector.java:73)
	at org.junit.platform.engine.support.hierarchical.NodeTestTask.executeRecursively(NodeTestTask.java:126)
	at org.junit.platform.engine.support.hierarchical.NodeTestTask.execute(NodeTestTask.java:84)
	at org.junit.platform.engine.support.hierarchical.SameThreadHierarchicalTestExecutorService.submit(SameThreadHierarchicalTestExecutorService.java:32)
	at org.junit.platform.engine.support.hierarchical.HierarchicalTestExecutor.execute(HierarchicalTestExecutor.java:57)
	at org.junit.platform.engine.support.hierarchical.HierarchicalTestEngine.execute(HierarchicalTestEngine.java:51)
	at org.junit.platform.launcher.core.EngineExecutionOrchestrator.execute(EngineExecutionOrchestrator.java:108)
	at org.junit.platform.launcher.core.EngineExecutionOrchestrator.execute(EngineExecutionOrchestrator.java:88)
	at org.junit.platform.launcher.core.EngineExecutionOrchestrator.lambda$execute$0(EngineExecutionOrchestrator.java:54)
	at org.junit.platform.launcher.core.EngineExecutionOrchestrator.withInterceptedStreams(EngineExecutionOrchestrator.java:67)
	at org.junit.platform.launcher.core.EngineExecutionOrchestrator.execute(EngineExecutionOrchestrator.java:52)
	at org.junit.platform.launcher.core.DefaultLauncher.execute(DefaultLauncher.java:96)
	at org.junit.platform.launcher.core.DefaultLauncher.execute(DefaultLauncher.java:75)
	at org.junit.platform.console.tasks.ConsoleTestExecutor.executeTests(ConsoleTestExecutor.java:66)
	at org.junit.platform.console.tasks.ConsoleTestExecutor.lambda$execute$0(ConsoleTestExecutor.java:58)
	at org.junit.platform.console.tasks.CustomContextClassLoaderExecutor.replaceThreadContextClassLoaderAndInvoke(CustomContextClassLoaderExecutor.java:41)
	at org.junit.platform.console.tasks.CustomContextClassLoaderExecutor.invoke(CustomContextClassLoaderExecutor.java:31)
	at org.junit.platform.console.tasks.ConsoleTestExecutor.execute(ConsoleTestExecutor.java:58)
	at org.junit.platform.console.ConsoleLauncher.executeTests(ConsoleLauncher.java:95)
	at org.junit.platform.console.ConsoleLauncher.execute(ConsoleLauncher.java:73)
	at org.junit.platform.console.ConsoleLauncher.execute(ConsoleLauncher.java:50)
	at org.junit.platform.console.ConsoleLauncher.execute(ConsoleLauncher.java:43)
	at org.junit.platform.console.ConsoleLauncher.main(ConsoleLauncher.java:37)
]]></skipped>
<system-out><![CDATA[
unique-id: [engine:junit-jupiter]/[class:minebayd1.test.TestUser]/[test-template:testget(minebayd1.User, int)]/[test-template-invocation:#86]
display-name: [86] Lyes a 65 annonces ouvertes, 1 annonces fermées et 3 achats 
, 0
]]></system-out>
</testcase>
<testcase name="testget(User, int)[87]" classname="minebayd1.test.TestUser" time="0.001">
<system-out><![CDATA[
unique-id: [engine:junit-jupiter]/[class:minebayd1.test.TestUser]/[test-template:testget(minebayd1.User, int)]/[test-template-invocation:#87]
display-name: [87] Marcel a 63 annonces ouvertes, 4 annonces fermées et 4 achats 
, 32
]]></system-out>
</testcase>
<testcase name="testget(User, int)[88]" classname="minebayd1.test.TestUser" time="0">
<skipped><![CDATA[org.opentest4j.TestAbortedException: Assumption failed: assumption is not true
	at org.junit.jupiter.api.Assumptions.throwTestAbortedException(Assumptions.java:256)
	at org.junit.jupiter.api.Assumptions.assumeTrue(Assumptions.java:115)
	at org.junit.jupiter.api.Assumptions.assumeTrue(Assumptions.java:66)
	at minebayd1.test.TestUser.testget(TestUser.java:918)
	at jdk.internal.reflect.GeneratedMethodAccessor5.invoke(Unknown Source)
	at java.base/jdk.internal.reflect.DelegatingMethodAccessorImpl.invoke(DelegatingMethodAccessorImpl.java:43)
	at java.base/java.lang.reflect.Method.invoke(Method.java:569)
	at org.junit.platform.commons.util.ReflectionUtils.invokeMethod(ReflectionUtils.java:688)
	at org.junit.jupiter.engine.execution.MethodInvocation.proceed(MethodInvocation.java:60)
	at org.junit.jupiter.engine.execution.InvocationInterceptorChain$ValidatingInvocation.proceed(InvocationInterceptorChain.java:131)
	at org.junit.jupiter.engine.extension.TimeoutExtension.intercept(TimeoutExtension.java:149)
	at org.junit.jupiter.engine.extension.TimeoutExtension.interceptTestableMethod(TimeoutExtension.java:140)
	at org.junit.jupiter.engine.extension.TimeoutExtension.interceptTestTemplateMethod(TimeoutExtension.java:92)
	at org.junit.jupiter.engine.execution.ExecutableInvoker$ReflectiveInterceptorCall.lambda$ofVoidMethod$0(ExecutableInvoker.java:115)
	at org.junit.jupiter.engine.execution.ExecutableInvoker.lambda$invoke$0(ExecutableInvoker.java:105)
	at org.junit.jupiter.engine.execution.InvocationInterceptorChain$InterceptedInvocation.proceed(InvocationInterceptorChain.java:106)
	at org.junit.jupiter.engine.execution.InvocationInterceptorChain.proceed(InvocationInterceptorChain.java:64)
	at org.junit.jupiter.engine.execution.InvocationInterceptorChain.chainAndInvoke(InvocationInterceptorChain.java:45)
	at org.junit.jupiter.engine.execution.InvocationInterceptorChain.invoke(InvocationInterceptorChain.java:37)
	at org.junit.jupiter.engine.execution.ExecutableInvoker.invoke(ExecutableInvoker.java:104)
	at org.junit.jupiter.engine.execution.ExecutableInvoker.invoke(ExecutableInvoker.java:98)
	at org.junit.jupiter.engine.descriptor.TestMethodTestDescriptor.lambda$invokeTestMethod$6(TestMethodTestDescriptor.java:210)
	at org.junit.platform.engine.support.hierarchical.ThrowableCollector.execute(ThrowableCollector.java:73)
	at org.junit.jupiter.engine.descriptor.TestMethodTestDescriptor.invokeTestMethod(TestMethodTestDescriptor.java:206)
	at org.junit.jupiter.engine.descriptor.TestMethodTestDescriptor.execute(TestMethodTestDescriptor.java:131)
	at org.junit.jupiter.engine.descriptor.TestMethodTestDescriptor.execute(TestMethodTestDescriptor.java:65)
	at org.junit.platform.engine.support.hierarchical.NodeTestTask.lambda$executeRecursively$5(NodeTestTask.java:139)
	at org.junit.platform.engine.support.hierarchical.ThrowableCollector.execute(ThrowableCollector.java:73)
	at org.junit.platform.engine.support.hierarchical.NodeTestTask.lambda$executeRecursively$7(NodeTestTask.java:129)
	at org.junit.platform.engine.support.hierarchical.Node.around(Node.java:137)
	at org.junit.platform.engine.support.hierarchical.NodeTestTask.lambda$executeRecursively$8(NodeTestTask.java:127)
	at org.junit.platform.engine.support.hierarchical.ThrowableCollector.execute(ThrowableCollector.java:73)
	at org.junit.platform.engine.support.hierarchical.NodeTestTask.executeRecursively(NodeTestTask.java:126)
	at org.junit.platform.engine.support.hierarchical.NodeTestTask.execute(NodeTestTask.java:84)
	at org.junit.platform.engine.support.hierarchical.SameThreadHierarchicalTestExecutorService.submit(SameThreadHierarchicalTestExecutorService.java:32)
	at org.junit.platform.engine.support.hierarchical.NodeTestTask$DefaultDynamicTestExecutor.execute(NodeTestTask.java:212)
	at org.junit.platform.engine.support.hierarchical.NodeTestTask$DefaultDynamicTestExecutor.execute(NodeTestTask.java:192)
	at org.junit.jupiter.engine.descriptor.TestTemplateTestDescriptor.execute(TestTemplateTestDescriptor.java:139)
	at org.junit.jupiter.engine.descriptor.TestTemplateTestDescriptor.lambda$execute$2(TestTemplateTestDescriptor.java:107)
	at java.base/java.util.stream.ForEachOps$ForEachOp$OfRef.accept(ForEachOps.java:183)
	at java.base/java.util.stream.ReferencePipeline$3$1.accept(ReferencePipeline.java:197)
	at java.base/java.util.stream.ReferencePipeline$2$1.accept(ReferencePipeline.java:179)
	at java.base/java.util.stream.ReferencePipeline$3$1.accept(ReferencePipeline.java:197)
	at java.base/java.util.stream.ForEachOps$ForEachOp$OfRef.accept(ForEachOps.java:183)
	at java.base/java.util.stream.ReferencePipeline$15$1.accept(ReferencePipeline.java:541)
	at java.base/java.util.stream.ReferencePipeline$3$1.accept(ReferencePipeline.java:197)
	at java.base/java.util.stream.ReferencePipeline$3$1.accept(ReferencePipeline.java:197)
	at java.base/java.util.stream.ReferencePipeline$3$1.accept(ReferencePipeline.java:197)
	at java.base/java.util.stream.ForEachOps$ForEachOp$OfRef.accept(ForEachOps.java:183)
	at java.base/java.util.stream.ReferencePipeline$3$1.accept(ReferencePipeline.java:197)
	at java.base/java.util.stream.ForEachOps$ForEachOp$OfRef.accept(ForEachOps.java:183)
	at java.base/java.util.stream.SliceOps$1$1.accept(SliceOps.java:200)
	at java.base/java.util.stream.StreamSpliterators$InfiniteSupplyingSpliterator$OfRef.tryAdvance(StreamSpliterators.java:1358)
	at java.base/java.util.stream.ReferencePipeline.forEachWithCancel(ReferencePipeline.java:129)
	at java.base/java.util.stream.AbstractPipeline.copyIntoWithCancel(AbstractPipeline.java:527)
	at java.base/java.util.stream.AbstractPipeline.copyInto(AbstractPipeline.java:513)
	at java.base/java.util.stream.AbstractPipeline.wrapAndCopyInto(AbstractPipeline.java:499)
	at java.base/java.util.stream.ForEachOps$ForEachOp.evaluateSequential(ForEachOps.java:150)
	at java.base/java.util.stream.ForEachOps$ForEachOp$OfRef.evaluateSequential(ForEachOps.java:173)
	at java.base/java.util.stream.AbstractPipeline.evaluate(AbstractPipeline.java:234)
	at java.base/java.util.stream.ReferencePipeline.forEach(ReferencePipeline.java:596)
	at java.base/java.util.stream.ReferencePipeline$7$1.accept(ReferencePipeline.java:276)
	at java.base/java.util.stream.ReferencePipeline$3$1.accept(ReferencePipeline.java:197)
	at java.base/java.util.stream.ReferencePipeline$3$1.accept(ReferencePipeline.java:197)
	at java.base/java.util.Spliterators$ArraySpliterator.forEachRemaining(Spliterators.java:992)
	at java.base/java.util.stream.AbstractPipeline.copyInto(AbstractPipeline.java:509)
	at java.base/java.util.stream.AbstractPipeline.wrapAndCopyInto(AbstractPipeline.java:499)
	at java.base/java.util.stream.ForEachOps$ForEachOp.evaluateSequential(ForEachOps.java:150)
	at java.base/java.util.stream.ForEachOps$ForEachOp$OfRef.evaluateSequential(ForEachOps.java:173)
	at java.base/java.util.stream.AbstractPipeline.evaluate(AbstractPipeline.java:234)
	at java.base/java.util.stream.ReferencePipeline.forEach(ReferencePipeline.java:596)
	at java.base/java.util.stream.ReferencePipeline$7$1.accept(ReferencePipeline.java:276)
	at java.base/java.util.stream.ReferencePipeline$3$1.accept(ReferencePipeline.java:197)
	at java.base/java.util.stream.ReferencePipeline$3$1.accept(ReferencePipeline.java:197)
	at java.base/java.util.stream.ReferencePipeline$3$1.accept(ReferencePipeline.java:197)
	at java.base/java.util.ArrayList$ArrayListSpliterator.forEachRemaining(ArrayList.java:1625)
	at java.base/java.util.stream.AbstractPipeline.copyInto(AbstractPipeline.java:509)
	at java.base/java.util.stream.AbstractPipeline.wrapAndCopyInto(AbstractPipeline.java:499)
	at java.base/java.util.stream.ForEachOps$ForEachOp.evaluateSequential(ForEachOps.java:150)
	at java.base/java.util.stream.ForEachOps$ForEachOp$OfRef.evaluateSequential(ForEachOps.java:173)
	at java.base/java.util.stream.AbstractPipeline.evaluate(AbstractPipeline.java:234)
	at java.base/java.util.stream.ReferencePipeline.forEach(ReferencePipeline.java:596)
	at java.base/java.util.stream.ReferencePipeline$7$1.accept(ReferencePipeline.java:276)
	at java.base/java.util.ArrayList$ArrayListSpliterator.forEachRemaining(ArrayList.java:1625)
	at java.base/java.util.stream.AbstractPipeline.copyInto(AbstractPipeline.java:509)
	at java.base/java.util.stream.AbstractPipeline.wrapAndCopyInto(AbstractPipeline.java:499)
	at java.base/java.util.stream.ForEachOps$ForEachOp.evaluateSequential(ForEachOps.java:150)
	at java.base/java.util.stream.ForEachOps$ForEachOp$OfRef.evaluateSequential(ForEachOps.java:173)
	at java.base/java.util.stream.AbstractPipeline.evaluate(AbstractPipeline.java:234)
	at java.base/java.util.stream.ReferencePipeline.forEach(ReferencePipeline.java:596)
	at org.junit.jupiter.engine.descriptor.TestTemplateTestDescriptor.execute(TestTemplateTestDescriptor.java:107)
	at org.junit.jupiter.engine.descriptor.TestTemplateTestDescriptor.execute(TestTemplateTestDescriptor.java:42)
	at org.junit.platform.engine.support.hierarchical.NodeTestTask.lambda$executeRecursively$5(NodeTestTask.java:139)
	at org.junit.platform.engine.support.hierarchical.ThrowableCollector.execute(ThrowableCollector.java:73)
	at org.junit.platform.engine.support.hierarchical.NodeTestTask.lambda$executeRecursively$7(NodeTestTask.java:129)
	at org.junit.platform.engine.support.hierarchical.Node.around(Node.java:137)
	at org.junit.platform.engine.support.hierarchical.NodeTestTask.lambda$executeRecursively$8(NodeTestTask.java:127)
	at org.junit.platform.engine.support.hierarchical.ThrowableCollector.execute(ThrowableCollector.java:73)
	at org.junit.platform.engine.support.hierarchical.NodeTestTask.executeRecursively(NodeTestTask.java:126)
	at org.junit.platform.engine.support.hierarchical.NodeTestTask.execute(NodeTestTask.java:84)
	at java.base/java.util.ArrayList.forEach(ArrayList.java:1511)
	at org.junit.platform.engine.support.hierarchical.SameThreadHierarchicalTestExecutorService.invokeAll(SameThreadHierarchicalTestExecutorService.java:38)
	at org.junit.platform.engine.support.hierarchical.NodeTestTask.lambda$executeRecursively$5(NodeTestTask.java:143)
	at org.junit.platform.engine.support.hierarchical.ThrowableCollector.execute(ThrowableCollector.java:73)
	at org.junit.platform.engine.support.hierarchical.NodeTestTask.lambda$executeRecursively$7(NodeTestTask.java:129)
	at org.junit.platform.engine.support.hierarchical.Node.around(Node.java:137)
	at org.junit.platform.engine.support.hierarchical.NodeTestTask.lambda$executeRecursively$8(NodeTestTask.java:127)
	at org.junit.platform.engine.support.hierarchical.ThrowableCollector.execute(ThrowableCollector.java:73)
	at org.junit.platform.engine.support.hierarchical.NodeTestTask.executeRecursively(NodeTestTask.java:126)
	at org.junit.platform.engine.support.hierarchical.NodeTestTask.execute(NodeTestTask.java:84)
	at java.base/java.util.ArrayList.forEach(ArrayList.java:1511)
	at org.junit.platform.engine.support.hierarchical.SameThreadHierarchicalTestExecutorService.invokeAll(SameThreadHierarchicalTestExecutorService.java:38)
	at org.junit.platform.engine.support.hierarchical.NodeTestTask.lambda$executeRecursively$5(NodeTestTask.java:143)
	at org.junit.platform.engine.support.hierarchical.ThrowableCollector.execute(ThrowableCollector.java:73)
	at org.junit.platform.engine.support.hierarchical.NodeTestTask.lambda$executeRecursively$7(NodeTestTask.java:129)
	at org.junit.platform.engine.support.hierarchical.Node.around(Node.java:137)
	at org.junit.platform.engine.support.hierarchical.NodeTestTask.lambda$executeRecursively$8(NodeTestTask.java:127)
	at org.junit.platform.engine.support.hierarchical.ThrowableCollector.execute(ThrowableCollector.java:73)
	at org.junit.platform.engine.support.hierarchical.NodeTestTask.executeRecursively(NodeTestTask.java:126)
	at org.junit.platform.engine.support.hierarchical.NodeTestTask.execute(NodeTestTask.java:84)
	at org.junit.platform.engine.support.hierarchical.SameThreadHierarchicalTestExecutorService.submit(SameThreadHierarchicalTestExecutorService.java:32)
	at org.junit.platform.engine.support.hierarchical.HierarchicalTestExecutor.execute(HierarchicalTestExecutor.java:57)
	at org.junit.platform.engine.support.hierarchical.HierarchicalTestEngine.execute(HierarchicalTestEngine.java:51)
	at org.junit.platform.launcher.core.EngineExecutionOrchestrator.execute(EngineExecutionOrchestrator.java:108)
	at org.junit.platform.launcher.core.EngineExecutionOrchestrator.execute(EngineExecutionOrchestrator.java:88)
	at org.junit.platform.launcher.core.EngineExecutionOrchestrator.lambda$execute$0(EngineExecutionOrchestrator.java:54)
	at org.junit.platform.launcher.core.EngineExecutionOrchestrator.withInterceptedStreams(EngineExecutionOrchestrator.java:67)
	at org.junit.platform.launcher.core.EngineExecutionOrchestrator.execute(EngineExecutionOrchestrator.java:52)
	at org.junit.platform.launcher.core.DefaultLauncher.execute(DefaultLauncher.java:96)
	at org.junit.platform.launcher.core.DefaultLauncher.execute(DefaultLauncher.java:75)
	at org.junit.platform.console.tasks.ConsoleTestExecutor.executeTests(ConsoleTestExecutor.java:66)
	at org.junit.platform.console.tasks.ConsoleTestExecutor.lambda$execute$0(ConsoleTestExecutor.java:58)
	at org.junit.platform.console.tasks.CustomContextClassLoaderExecutor.replaceThreadContextClassLoaderAndInvoke(CustomContextClassLoaderExecutor.java:41)
	at org.junit.platform.console.tasks.CustomContextClassLoaderExecutor.invoke(CustomContextClassLoaderExecutor.java:31)
	at org.junit.platform.console.tasks.ConsoleTestExecutor.execute(ConsoleTestExecutor.java:58)
	at org.junit.platform.console.ConsoleLauncher.executeTests(ConsoleLauncher.java:95)
	at org.junit.platform.console.ConsoleLauncher.execute(ConsoleLauncher.java:73)
	at org.junit.platform.console.ConsoleLauncher.execute(ConsoleLauncher.java:50)
	at org.junit.platform.console.ConsoleLauncher.execute(ConsoleLauncher.java:43)
	at org.junit.platform.console.ConsoleLauncher.main(ConsoleLauncher.java:37)
]]></skipped>
<system-out><![CDATA[
unique-id: [engine:junit-jupiter]/[class:minebayd1.test.TestUser]/[test-template:testget(minebayd1.User, int)]/[test-template-invocation:#88]
display-name: [88] Yanis a 61 annonces ouvertes, 4 annonces fermées et 3 achats 
, 1
]]></system-out>
</testcase>
<testcase name="testget(User, int)[89]" classname="minebayd1.test.TestUser" time="0">
<system-out><![CDATA[
unique-id: [engine:junit-jupiter]/[class:minebayd1.test.TestUser]/[test-template:testget(minebayd1.User, int)]/[test-template-invocation:#89]
display-name: [89] Faycal a 51 annonces ouvertes, 3 annonces fermées et 4 achats 
, 0
]]></system-out>
</testcase>
<testcase name="testget(User, int)[90]" classname="minebayd1.test.TestUser" time="0">
<skipped><![CDATA[org.opentest4j.TestAbortedException: Assumption failed: assumption is not true
	at org.junit.jupiter.api.Assumptions.throwTestAbortedException(Assumptions.java:256)
	at org.junit.jupiter.api.Assumptions.assumeTrue(Assumptions.java:115)
	at org.junit.jupiter.api.Assumptions.assumeTrue(Assumptions.java:66)
	at minebayd1.test.TestUser.testget(TestUser.java:918)
	at jdk.internal.reflect.GeneratedMethodAccessor5.invoke(Unknown Source)
	at java.base/jdk.internal.reflect.DelegatingMethodAccessorImpl.invoke(DelegatingMethodAccessorImpl.java:43)
	at java.base/java.lang.reflect.Method.invoke(Method.java:569)
	at org.junit.platform.commons.util.ReflectionUtils.invokeMethod(ReflectionUtils.java:688)
	at org.junit.jupiter.engine.execution.MethodInvocation.proceed(MethodInvocation.java:60)
	at org.junit.jupiter.engine.execution.InvocationInterceptorChain$ValidatingInvocation.proceed(InvocationInterceptorChain.java:131)
	at org.junit.jupiter.engine.extension.TimeoutExtension.intercept(TimeoutExtension.java:149)
	at org.junit.jupiter.engine.extension.TimeoutExtension.interceptTestableMethod(TimeoutExtension.java:140)
	at org.junit.jupiter.engine.extension.TimeoutExtension.interceptTestTemplateMethod(TimeoutExtension.java:92)
	at org.junit.jupiter.engine.execution.ExecutableInvoker$ReflectiveInterceptorCall.lambda$ofVoidMethod$0(ExecutableInvoker.java:115)
	at org.junit.jupiter.engine.execution.ExecutableInvoker.lambda$invoke$0(ExecutableInvoker.java:105)
	at org.junit.jupiter.engine.execution.InvocationInterceptorChain$InterceptedInvocation.proceed(InvocationInterceptorChain.java:106)
	at org.junit.jupiter.engine.execution.InvocationInterceptorChain.proceed(InvocationInterceptorChain.java:64)
	at org.junit.jupiter.engine.execution.InvocationInterceptorChain.chainAndInvoke(InvocationInterceptorChain.java:45)
	at org.junit.jupiter.engine.execution.InvocationInterceptorChain.invoke(InvocationInterceptorChain.java:37)
	at org.junit.jupiter.engine.execution.ExecutableInvoker.invoke(ExecutableInvoker.java:104)
	at org.junit.jupiter.engine.execution.ExecutableInvoker.invoke(ExecutableInvoker.java:98)
	at org.junit.jupiter.engine.descriptor.TestMethodTestDescriptor.lambda$invokeTestMethod$6(TestMethodTestDescriptor.java:210)
	at org.junit.platform.engine.support.hierarchical.ThrowableCollector.execute(ThrowableCollector.java:73)
	at org.junit.jupiter.engine.descriptor.TestMethodTestDescriptor.invokeTestMethod(TestMethodTestDescriptor.java:206)
	at org.junit.jupiter.engine.descriptor.TestMethodTestDescriptor.execute(TestMethodTestDescriptor.java:131)
	at org.junit.jupiter.engine.descriptor.TestMethodTestDescriptor.execute(TestMethodTestDescriptor.java:65)
	at org.junit.platform.engine.support.hierarchical.NodeTestTask.lambda$executeRecursively$5(NodeTestTask.java:139)
	at org.junit.platform.engine.support.hierarchical.ThrowableCollector.execute(ThrowableCollector.java:73)
	at org.junit.platform.engine.support.hierarchical.NodeTestTask.lambda$executeRecursively$7(NodeTestTask.java:129)
	at org.junit.platform.engine.support.hierarchical.Node.around(Node.java:137)
	at org.junit.platform.engine.support.hierarchical.NodeTestTask.lambda$executeRecursively$8(NodeTestTask.java:127)
	at org.junit.platform.engine.support.hierarchical.ThrowableCollector.execute(ThrowableCollector.java:73)
	at org.junit.platform.engine.support.hierarchical.NodeTestTask.executeRecursively(NodeTestTask.java:126)
	at org.junit.platform.engine.support.hierarchical.NodeTestTask.execute(NodeTestTask.java:84)
	at org.junit.platform.engine.support.hierarchical.SameThreadHierarchicalTestExecutorService.submit(SameThreadHierarchicalTestExecutorService.java:32)
	at org.junit.platform.engine.support.hierarchical.NodeTestTask$DefaultDynamicTestExecutor.execute(NodeTestTask.java:212)
	at org.junit.platform.engine.support.hierarchical.NodeTestTask$DefaultDynamicTestExecutor.execute(NodeTestTask.java:192)
	at org.junit.jupiter.engine.descriptor.TestTemplateTestDescriptor.execute(TestTemplateTestDescriptor.java:139)
	at org.junit.jupiter.engine.descriptor.TestTemplateTestDescriptor.lambda$execute$2(TestTemplateTestDescriptor.java:107)
	at java.base/java.util.stream.ForEachOps$ForEachOp$OfRef.accept(ForEachOps.java:183)
	at java.base/java.util.stream.ReferencePipeline$3$1.accept(ReferencePipeline.java:197)
	at java.base/java.util.stream.ReferencePipeline$2$1.accept(ReferencePipeline.java:179)
	at java.base/java.util.stream.ReferencePipeline$3$1.accept(ReferencePipeline.java:197)
	at java.base/java.util.stream.ForEachOps$ForEachOp$OfRef.accept(ForEachOps.java:183)
	at java.base/java.util.stream.ReferencePipeline$15$1.accept(ReferencePipeline.java:541)
	at java.base/java.util.stream.ReferencePipeline$3$1.accept(ReferencePipeline.java:197)
	at java.base/java.util.stream.ReferencePipeline$3$1.accept(ReferencePipeline.java:197)
	at java.base/java.util.stream.ReferencePipeline$3$1.accept(ReferencePipeline.java:197)
	at java.base/java.util.stream.ForEachOps$ForEachOp$OfRef.accept(ForEachOps.java:183)
	at java.base/java.util.stream.ReferencePipeline$3$1.accept(ReferencePipeline.java:197)
	at java.base/java.util.stream.ForEachOps$ForEachOp$OfRef.accept(ForEachOps.java:183)
	at java.base/java.util.stream.SliceOps$1$1.accept(SliceOps.java:200)
	at java.base/java.util.stream.StreamSpliterators$InfiniteSupplyingSpliterator$OfRef.tryAdvance(StreamSpliterators.java:1358)
	at java.base/java.util.stream.ReferencePipeline.forEachWithCancel(ReferencePipeline.java:129)
	at java.base/java.util.stream.AbstractPipeline.copyIntoWithCancel(AbstractPipeline.java:527)
	at java.base/java.util.stream.AbstractPipeline.copyInto(AbstractPipeline.java:513)
	at java.base/java.util.stream.AbstractPipeline.wrapAndCopyInto(AbstractPipeline.java:499)
	at java.base/java.util.stream.ForEachOps$ForEachOp.evaluateSequential(ForEachOps.java:150)
	at java.base/java.util.stream.ForEachOps$ForEachOp$OfRef.evaluateSequential(ForEachOps.java:173)
	at java.base/java.util.stream.AbstractPipeline.evaluate(AbstractPipeline.java:234)
	at java.base/java.util.stream.ReferencePipeline.forEach(ReferencePipeline.java:596)
	at java.base/java.util.stream.ReferencePipeline$7$1.accept(ReferencePipeline.java:276)
	at java.base/java.util.stream.ReferencePipeline$3$1.accept(ReferencePipeline.java:197)
	at java.base/java.util.stream.ReferencePipeline$3$1.accept(ReferencePipeline.java:197)
	at java.base/java.util.Spliterators$ArraySpliterator.forEachRemaining(Spliterators.java:992)
	at java.base/java.util.stream.AbstractPipeline.copyInto(AbstractPipeline.java:509)
	at java.base/java.util.stream.AbstractPipeline.wrapAndCopyInto(AbstractPipeline.java:499)
	at java.base/java.util.stream.ForEachOps$ForEachOp.evaluateSequential(ForEachOps.java:150)
	at java.base/java.util.stream.ForEachOps$ForEachOp$OfRef.evaluateSequential(ForEachOps.java:173)
	at java.base/java.util.stream.AbstractPipeline.evaluate(AbstractPipeline.java:234)
	at java.base/java.util.stream.ReferencePipeline.forEach(ReferencePipeline.java:596)
	at java.base/java.util.stream.ReferencePipeline$7$1.accept(ReferencePipeline.java:276)
	at java.base/java.util.stream.ReferencePipeline$3$1.accept(ReferencePipeline.java:197)
	at java.base/java.util.stream.ReferencePipeline$3$1.accept(ReferencePipeline.java:197)
	at java.base/java.util.stream.ReferencePipeline$3$1.accept(ReferencePipeline.java:197)
	at java.base/java.util.ArrayList$ArrayListSpliterator.forEachRemaining(ArrayList.java:1625)
	at java.base/java.util.stream.AbstractPipeline.copyInto(AbstractPipeline.java:509)
	at java.base/java.util.stream.AbstractPipeline.wrapAndCopyInto(AbstractPipeline.java:499)
	at java.base/java.util.stream.ForEachOps$ForEachOp.evaluateSequential(ForEachOps.java:150)
	at java.base/java.util.stream.ForEachOps$ForEachOp$OfRef.evaluateSequential(ForEachOps.java:173)
	at java.base/java.util.stream.AbstractPipeline.evaluate(AbstractPipeline.java:234)
	at java.base/java.util.stream.ReferencePipeline.forEach(ReferencePipeline.java:596)
	at java.base/java.util.stream.ReferencePipeline$7$1.accept(ReferencePipeline.java:276)
	at java.base/java.util.ArrayList$ArrayListSpliterator.forEachRemaining(ArrayList.java:1625)
	at java.base/java.util.stream.AbstractPipeline.copyInto(AbstractPipeline.java:509)
	at java.base/java.util.stream.AbstractPipeline.wrapAndCopyInto(AbstractPipeline.java:499)
	at java.base/java.util.stream.ForEachOps$ForEachOp.evaluateSequential(ForEachOps.java:150)
	at java.base/java.util.stream.ForEachOps$ForEachOp$OfRef.evaluateSequential(ForEachOps.java:173)
	at java.base/java.util.stream.AbstractPipeline.evaluate(AbstractPipeline.java:234)
	at java.base/java.util.stream.ReferencePipeline.forEach(ReferencePipeline.java:596)
	at org.junit.jupiter.engine.descriptor.TestTemplateTestDescriptor.execute(TestTemplateTestDescriptor.java:107)
	at org.junit.jupiter.engine.descriptor.TestTemplateTestDescriptor.execute(TestTemplateTestDescriptor.java:42)
	at org.junit.platform.engine.support.hierarchical.NodeTestTask.lambda$executeRecursively$5(NodeTestTask.java:139)
	at org.junit.platform.engine.support.hierarchical.ThrowableCollector.execute(ThrowableCollector.java:73)
	at org.junit.platform.engine.support.hierarchical.NodeTestTask.lambda$executeRecursively$7(NodeTestTask.java:129)
	at org.junit.platform.engine.support.hierarchical.Node.around(Node.java:137)
	at org.junit.platform.engine.support.hierarchical.NodeTestTask.lambda$executeRecursively$8(NodeTestTask.java:127)
	at org.junit.platform.engine.support.hierarchical.ThrowableCollector.execute(ThrowableCollector.java:73)
	at org.junit.platform.engine.support.hierarchical.NodeTestTask.executeRecursively(NodeTestTask.java:126)
	at org.junit.platform.engine.support.hierarchical.NodeTestTask.execute(NodeTestTask.java:84)
	at java.base/java.util.ArrayList.forEach(ArrayList.java:1511)
	at org.junit.platform.engine.support.hierarchical.SameThreadHierarchicalTestExecutorService.invokeAll(SameThreadHierarchicalTestExecutorService.java:38)
	at org.junit.platform.engine.support.hierarchical.NodeTestTask.lambda$executeRecursively$5(NodeTestTask.java:143)
	at org.junit.platform.engine.support.hierarchical.ThrowableCollector.execute(ThrowableCollector.java:73)
	at org.junit.platform.engine.support.hierarchical.NodeTestTask.lambda$executeRecursively$7(NodeTestTask.java:129)
	at org.junit.platform.engine.support.hierarchical.Node.around(Node.java:137)
	at org.junit.platform.engine.support.hierarchical.NodeTestTask.lambda$executeRecursively$8(NodeTestTask.java:127)
	at org.junit.platform.engine.support.hierarchical.ThrowableCollector.execute(ThrowableCollector.java:73)
	at org.junit.platform.engine.support.hierarchical.NodeTestTask.executeRecursively(NodeTestTask.java:126)
	at org.junit.platform.engine.support.hierarchical.NodeTestTask.execute(NodeTestTask.java:84)
	at java.base/java.util.ArrayList.forEach(ArrayList.java:1511)
	at org.junit.platform.engine.support.hierarchical.SameThreadHierarchicalTestExecutorService.invokeAll(SameThreadHierarchicalTestExecutorService.java:38)
	at org.junit.platform.engine.support.hierarchical.NodeTestTask.lambda$executeRecursively$5(NodeTestTask.java:143)
	at org.junit.platform.engine.support.hierarchical.ThrowableCollector.execute(ThrowableCollector.java:73)
	at org.junit.platform.engine.support.hierarchical.NodeTestTask.lambda$executeRecursively$7(NodeTestTask.java:129)
	at org.junit.platform.engine.support.hierarchical.Node.around(Node.java:137)
	at org.junit.platform.engine.support.hierarchical.NodeTestTask.lambda$executeRecursively$8(NodeTestTask.java:127)
	at org.junit.platform.engine.support.hierarchical.ThrowableCollector.execute(ThrowableCollector.java:73)
	at org.junit.platform.engine.support.hierarchical.NodeTestTask.executeRecursively(NodeTestTask.java:126)
	at org.junit.platform.engine.support.hierarchical.NodeTestTask.execute(NodeTestTask.java:84)
	at org.junit.platform.engine.support.hierarchical.SameThreadHierarchicalTestExecutorService.submit(SameThreadHierarchicalTestExecutorService.java:32)
	at org.junit.platform.engine.support.hierarchical.HierarchicalTestExecutor.execute(HierarchicalTestExecutor.java:57)
	at org.junit.platform.engine.support.hierarchical.HierarchicalTestEngine.execute(HierarchicalTestEngine.java:51)
	at org.junit.platform.launcher.core.EngineExecutionOrchestrator.execute(EngineExecutionOrchestrator.java:108)
	at org.junit.platform.launcher.core.EngineExecutionOrchestrator.execute(EngineExecutionOrchestrator.java:88)
	at org.junit.platform.launcher.core.EngineExecutionOrchestrator.lambda$execute$0(EngineExecutionOrchestrator.java:54)
	at org.junit.platform.launcher.core.EngineExecutionOrchestrator.withInterceptedStreams(EngineExecutionOrchestrator.java:67)
	at org.junit.platform.launcher.core.EngineExecutionOrchestrator.execute(EngineExecutionOrchestrator.java:52)
	at org.junit.platform.launcher.core.DefaultLauncher.execute(DefaultLauncher.java:96)
	at org.junit.platform.launcher.core.DefaultLauncher.execute(DefaultLauncher.java:75)
	at org.junit.platform.console.tasks.ConsoleTestExecutor.executeTests(ConsoleTestExecutor.java:66)
	at org.junit.platform.console.tasks.ConsoleTestExecutor.lambda$execute$0(ConsoleTestExecutor.java:58)
	at org.junit.platform.console.tasks.CustomContextClassLoaderExecutor.replaceThreadContextClassLoaderAndInvoke(CustomContextClassLoaderExecutor.java:41)
	at org.junit.platform.console.tasks.CustomContextClassLoaderExecutor.invoke(CustomContextClassLoaderExecutor.java:31)
	at org.junit.platform.console.tasks.ConsoleTestExecutor.execute(ConsoleTestExecutor.java:58)
	at org.junit.platform.console.ConsoleLauncher.executeTests(ConsoleLauncher.java:95)
	at org.junit.platform.console.ConsoleLauncher.execute(ConsoleLauncher.java:73)
	at org.junit.platform.console.ConsoleLauncher.execute(ConsoleLauncher.java:50)
	at org.junit.platform.console.ConsoleLauncher.execute(ConsoleLauncher.java:43)
	at org.junit.platform.console.ConsoleLauncher.main(ConsoleLauncher.java:37)
]]></skipped>
<system-out><![CDATA[
unique-id: [engine:junit-jupiter]/[class:minebayd1.test.TestUser]/[test-template:testget(minebayd1.User, int)]/[test-template-invocation:#90]
display-name: [90] Chanez a 57 annonces ouvertes, 2 annonces fermées et 1 achats 
, 1
]]></system-out>
</testcase>
<testcase name="testget(User, int)[91]" classname="minebayd1.test.TestUser" time="0.001">
<system-out><![CDATA[
unique-id: [engine:junit-jupiter]/[class:minebayd1.test.TestUser]/[test-template:testget(minebayd1.User, int)]/[test-template-invocation:#91]
display-name: [91] Boris a 63 annonces ouvertes, 2 annonces fermées et 3 achats 
, 26
]]></system-out>
</testcase>
<testcase name="testget(User, int)[92]" classname="minebayd1.test.TestUser" time="0">
<system-out><![CDATA[
unique-id: [engine:junit-jupiter]/[class:minebayd1.test.TestUser]/[test-template:testget(minebayd1.User, int)]/[test-template-invocation:#92]
display-name: [92] Nima a 50 annonces ouvertes, 1 annonces fermées et 4 achats 
, 40
]]></system-out>
</testcase>
<testcase name="testget(User, int)[93]" classname="minebayd1.test.TestUser" time="0">
<skipped><![CDATA[org.opentest4j.TestAbortedException: Assumption failed: assumption is not true
	at org.junit.jupiter.api.Assumptions.throwTestAbortedException(Assumptions.java:256)
	at org.junit.jupiter.api.Assumptions.assumeTrue(Assumptions.java:115)
	at org.junit.jupiter.api.Assumptions.assumeTrue(Assumptions.java:66)
	at minebayd1.test.TestUser.testget(TestUser.java:918)
	at jdk.internal.reflect.GeneratedMethodAccessor5.invoke(Unknown Source)
	at java.base/jdk.internal.reflect.DelegatingMethodAccessorImpl.invoke(DelegatingMethodAccessorImpl.java:43)
	at java.base/java.lang.reflect.Method.invoke(Method.java:569)
	at org.junit.platform.commons.util.ReflectionUtils.invokeMethod(ReflectionUtils.java:688)
	at org.junit.jupiter.engine.execution.MethodInvocation.proceed(MethodInvocation.java:60)
	at org.junit.jupiter.engine.execution.InvocationInterceptorChain$ValidatingInvocation.proceed(InvocationInterceptorChain.java:131)
	at org.junit.jupiter.engine.extension.TimeoutExtension.intercept(TimeoutExtension.java:149)
	at org.junit.jupiter.engine.extension.TimeoutExtension.interceptTestableMethod(TimeoutExtension.java:140)
	at org.junit.jupiter.engine.extension.TimeoutExtension.interceptTestTemplateMethod(TimeoutExtension.java:92)
	at org.junit.jupiter.engine.execution.ExecutableInvoker$ReflectiveInterceptorCall.lambda$ofVoidMethod$0(ExecutableInvoker.java:115)
	at org.junit.jupiter.engine.execution.ExecutableInvoker.lambda$invoke$0(ExecutableInvoker.java:105)
	at org.junit.jupiter.engine.execution.InvocationInterceptorChain$InterceptedInvocation.proceed(InvocationInterceptorChain.java:106)
	at org.junit.jupiter.engine.execution.InvocationInterceptorChain.proceed(InvocationInterceptorChain.java:64)
	at org.junit.jupiter.engine.execution.InvocationInterceptorChain.chainAndInvoke(InvocationInterceptorChain.java:45)
	at org.junit.jupiter.engine.execution.InvocationInterceptorChain.invoke(InvocationInterceptorChain.java:37)
	at org.junit.jupiter.engine.execution.ExecutableInvoker.invoke(ExecutableInvoker.java:104)
	at org.junit.jupiter.engine.execution.ExecutableInvoker.invoke(ExecutableInvoker.java:98)
	at org.junit.jupiter.engine.descriptor.TestMethodTestDescriptor.lambda$invokeTestMethod$6(TestMethodTestDescriptor.java:210)
	at org.junit.platform.engine.support.hierarchical.ThrowableCollector.execute(ThrowableCollector.java:73)
	at org.junit.jupiter.engine.descriptor.TestMethodTestDescriptor.invokeTestMethod(TestMethodTestDescriptor.java:206)
	at org.junit.jupiter.engine.descriptor.TestMethodTestDescriptor.execute(TestMethodTestDescriptor.java:131)
	at org.junit.jupiter.engine.descriptor.TestMethodTestDescriptor.execute(TestMethodTestDescriptor.java:65)
	at org.junit.platform.engine.support.hierarchical.NodeTestTask.lambda$executeRecursively$5(NodeTestTask.java:139)
	at org.junit.platform.engine.support.hierarchical.ThrowableCollector.execute(ThrowableCollector.java:73)
	at org.junit.platform.engine.support.hierarchical.NodeTestTask.lambda$executeRecursively$7(NodeTestTask.java:129)
	at org.junit.platform.engine.support.hierarchical.Node.around(Node.java:137)
	at org.junit.platform.engine.support.hierarchical.NodeTestTask.lambda$executeRecursively$8(NodeTestTask.java:127)
	at org.junit.platform.engine.support.hierarchical.ThrowableCollector.execute(ThrowableCollector.java:73)
	at org.junit.platform.engine.support.hierarchical.NodeTestTask.executeRecursively(NodeTestTask.java:126)
	at org.junit.platform.engine.support.hierarchical.NodeTestTask.execute(NodeTestTask.java:84)
	at org.junit.platform.engine.support.hierarchical.SameThreadHierarchicalTestExecutorService.submit(SameThreadHierarchicalTestExecutorService.java:32)
	at org.junit.platform.engine.support.hierarchical.NodeTestTask$DefaultDynamicTestExecutor.execute(NodeTestTask.java:212)
	at org.junit.platform.engine.support.hierarchical.NodeTestTask$DefaultDynamicTestExecutor.execute(NodeTestTask.java:192)
	at org.junit.jupiter.engine.descriptor.TestTemplateTestDescriptor.execute(TestTemplateTestDescriptor.java:139)
	at org.junit.jupiter.engine.descriptor.TestTemplateTestDescriptor.lambda$execute$2(TestTemplateTestDescriptor.java:107)
	at java.base/java.util.stream.ForEachOps$ForEachOp$OfRef.accept(ForEachOps.java:183)
	at java.base/java.util.stream.ReferencePipeline$3$1.accept(ReferencePipeline.java:197)
	at java.base/java.util.stream.ReferencePipeline$2$1.accept(ReferencePipeline.java:179)
	at java.base/java.util.stream.ReferencePipeline$3$1.accept(ReferencePipeline.java:197)
	at java.base/java.util.stream.ForEachOps$ForEachOp$OfRef.accept(ForEachOps.java:183)
	at java.base/java.util.stream.ReferencePipeline$15$1.accept(ReferencePipeline.java:541)
	at java.base/java.util.stream.ReferencePipeline$3$1.accept(ReferencePipeline.java:197)
	at java.base/java.util.stream.ReferencePipeline$3$1.accept(ReferencePipeline.java:197)
	at java.base/java.util.stream.ReferencePipeline$3$1.accept(ReferencePipeline.java:197)
	at java.base/java.util.stream.ForEachOps$ForEachOp$OfRef.accept(ForEachOps.java:183)
	at java.base/java.util.stream.ReferencePipeline$3$1.accept(ReferencePipeline.java:197)
	at java.base/java.util.stream.ForEachOps$ForEachOp$OfRef.accept(ForEachOps.java:183)
	at java.base/java.util.stream.SliceOps$1$1.accept(SliceOps.java:200)
	at java.base/java.util.stream.StreamSpliterators$InfiniteSupplyingSpliterator$OfRef.tryAdvance(StreamSpliterators.java:1358)
	at java.base/java.util.stream.ReferencePipeline.forEachWithCancel(ReferencePipeline.java:129)
	at java.base/java.util.stream.AbstractPipeline.copyIntoWithCancel(AbstractPipeline.java:527)
	at java.base/java.util.stream.AbstractPipeline.copyInto(AbstractPipeline.java:513)
	at java.base/java.util.stream.AbstractPipeline.wrapAndCopyInto(AbstractPipeline.java:499)
	at java.base/java.util.stream.ForEachOps$ForEachOp.evaluateSequential(ForEachOps.java:150)
	at java.base/java.util.stream.ForEachOps$ForEachOp$OfRef.evaluateSequential(ForEachOps.java:173)
	at java.base/java.util.stream.AbstractPipeline.evaluate(AbstractPipeline.java:234)
	at java.base/java.util.stream.ReferencePipeline.forEach(ReferencePipeline.java:596)
	at java.base/java.util.stream.ReferencePipeline$7$1.accept(ReferencePipeline.java:276)
	at java.base/java.util.stream.ReferencePipeline$3$1.accept(ReferencePipeline.java:197)
	at java.base/java.util.stream.ReferencePipeline$3$1.accept(ReferencePipeline.java:197)
	at java.base/java.util.Spliterators$ArraySpliterator.forEachRemaining(Spliterators.java:992)
	at java.base/java.util.stream.AbstractPipeline.copyInto(AbstractPipeline.java:509)
	at java.base/java.util.stream.AbstractPipeline.wrapAndCopyInto(AbstractPipeline.java:499)
	at java.base/java.util.stream.ForEachOps$ForEachOp.evaluateSequential(ForEachOps.java:150)
	at java.base/java.util.stream.ForEachOps$ForEachOp$OfRef.evaluateSequential(ForEachOps.java:173)
	at java.base/java.util.stream.AbstractPipeline.evaluate(AbstractPipeline.java:234)
	at java.base/java.util.stream.ReferencePipeline.forEach(ReferencePipeline.java:596)
	at java.base/java.util.stream.ReferencePipeline$7$1.accept(ReferencePipeline.java:276)
	at java.base/java.util.stream.ReferencePipeline$3$1.accept(ReferencePipeline.java:197)
	at java.base/java.util.stream.ReferencePipeline$3$1.accept(ReferencePipeline.java:197)
	at java.base/java.util.stream.ReferencePipeline$3$1.accept(ReferencePipeline.java:197)
	at java.base/java.util.ArrayList$ArrayListSpliterator.forEachRemaining(ArrayList.java:1625)
	at java.base/java.util.stream.AbstractPipeline.copyInto(AbstractPipeline.java:509)
	at java.base/java.util.stream.AbstractPipeline.wrapAndCopyInto(AbstractPipeline.java:499)
	at java.base/java.util.stream.ForEachOps$ForEachOp.evaluateSequential(ForEachOps.java:150)
	at java.base/java.util.stream.ForEachOps$ForEachOp$OfRef.evaluateSequential(ForEachOps.java:173)
	at java.base/java.util.stream.AbstractPipeline.evaluate(AbstractPipeline.java:234)
	at java.base/java.util.stream.ReferencePipeline.forEach(ReferencePipeline.java:596)
	at java.base/java.util.stream.ReferencePipeline$7$1.accept(ReferencePipeline.java:276)
	at java.base/java.util.ArrayList$ArrayListSpliterator.forEachRemaining(ArrayList.java:1625)
	at java.base/java.util.stream.AbstractPipeline.copyInto(AbstractPipeline.java:509)
	at java.base/java.util.stream.AbstractPipeline.wrapAndCopyInto(AbstractPipeline.java:499)
	at java.base/java.util.stream.ForEachOps$ForEachOp.evaluateSequential(ForEachOps.java:150)
	at java.base/java.util.stream.ForEachOps$ForEachOp$OfRef.evaluateSequential(ForEachOps.java:173)
	at java.base/java.util.stream.AbstractPipeline.evaluate(AbstractPipeline.java:234)
	at java.base/java.util.stream.ReferencePipeline.forEach(ReferencePipeline.java:596)
	at org.junit.jupiter.engine.descriptor.TestTemplateTestDescriptor.execute(TestTemplateTestDescriptor.java:107)
	at org.junit.jupiter.engine.descriptor.TestTemplateTestDescriptor.execute(TestTemplateTestDescriptor.java:42)
	at org.junit.platform.engine.support.hierarchical.NodeTestTask.lambda$executeRecursively$5(NodeTestTask.java:139)
	at org.junit.platform.engine.support.hierarchical.ThrowableCollector.execute(ThrowableCollector.java:73)
	at org.junit.platform.engine.support.hierarchical.NodeTestTask.lambda$executeRecursively$7(NodeTestTask.java:129)
	at org.junit.platform.engine.support.hierarchical.Node.around(Node.java:137)
	at org.junit.platform.engine.support.hierarchical.NodeTestTask.lambda$executeRecursively$8(NodeTestTask.java:127)
	at org.junit.platform.engine.support.hierarchical.ThrowableCollector.execute(ThrowableCollector.java:73)
	at org.junit.platform.engine.support.hierarchical.NodeTestTask.executeRecursively(NodeTestTask.java:126)
	at org.junit.platform.engine.support.hierarchical.NodeTestTask.execute(NodeTestTask.java:84)
	at java.base/java.util.ArrayList.forEach(ArrayList.java:1511)
	at org.junit.platform.engine.support.hierarchical.SameThreadHierarchicalTestExecutorService.invokeAll(SameThreadHierarchicalTestExecutorService.java:38)
	at org.junit.platform.engine.support.hierarchical.NodeTestTask.lambda$executeRecursively$5(NodeTestTask.java:143)
	at org.junit.platform.engine.support.hierarchical.ThrowableCollector.execute(ThrowableCollector.java:73)
	at org.junit.platform.engine.support.hierarchical.NodeTestTask.lambda$executeRecursively$7(NodeTestTask.java:129)
	at org.junit.platform.engine.support.hierarchical.Node.around(Node.java:137)
	at org.junit.platform.engine.support.hierarchical.NodeTestTask.lambda$executeRecursively$8(NodeTestTask.java:127)
	at org.junit.platform.engine.support.hierarchical.ThrowableCollector.execute(ThrowableCollector.java:73)
	at org.junit.platform.engine.support.hierarchical.NodeTestTask.executeRecursively(NodeTestTask.java:126)
	at org.junit.platform.engine.support.hierarchical.NodeTestTask.execute(NodeTestTask.java:84)
	at java.base/java.util.ArrayList.forEach(ArrayList.java:1511)
	at org.junit.platform.engine.support.hierarchical.SameThreadHierarchicalTestExecutorService.invokeAll(SameThreadHierarchicalTestExecutorService.java:38)
	at org.junit.platform.engine.support.hierarchical.NodeTestTask.lambda$executeRecursively$5(NodeTestTask.java:143)
	at org.junit.platform.engine.support.hierarchical.ThrowableCollector.execute(ThrowableCollector.java:73)
	at org.junit.platform.engine.support.hierarchical.NodeTestTask.lambda$executeRecursively$7(NodeTestTask.java:129)
	at org.junit.platform.engine.support.hierarchical.Node.around(Node.java:137)
	at org.junit.platform.engine.support.hierarchical.NodeTestTask.lambda$executeRecursively$8(NodeTestTask.java:127)
	at org.junit.platform.engine.support.hierarchical.ThrowableCollector.execute(ThrowableCollector.java:73)
	at org.junit.platform.engine.support.hierarchical.NodeTestTask.executeRecursively(NodeTestTask.java:126)
	at org.junit.platform.engine.support.hierarchical.NodeTestTask.execute(NodeTestTask.java:84)
	at org.junit.platform.engine.support.hierarchical.SameThreadHierarchicalTestExecutorService.submit(SameThreadHierarchicalTestExecutorService.java:32)
	at org.junit.platform.engine.support.hierarchical.HierarchicalTestExecutor.execute(HierarchicalTestExecutor.java:57)
	at org.junit.platform.engine.support.hierarchical.HierarchicalTestEngine.execute(HierarchicalTestEngine.java:51)
	at org.junit.platform.launcher.core.EngineExecutionOrchestrator.execute(EngineExecutionOrchestrator.java:108)
	at org.junit.platform.launcher.core.EngineExecutionOrchestrator.execute(EngineExecutionOrchestrator.java:88)
	at org.junit.platform.launcher.core.EngineExecutionOrchestrator.lambda$execute$0(EngineExecutionOrchestrator.java:54)
	at org.junit.platform.launcher.core.EngineExecutionOrchestrator.withInterceptedStreams(EngineExecutionOrchestrator.java:67)
	at org.junit.platform.launcher.core.EngineExecutionOrchestrator.execute(EngineExecutionOrchestrator.java:52)
	at org.junit.platform.launcher.core.DefaultLauncher.execute(DefaultLauncher.java:96)
	at org.junit.platform.launcher.core.DefaultLauncher.execute(DefaultLauncher.java:75)
	at org.junit.platform.console.tasks.ConsoleTestExecutor.executeTests(ConsoleTestExecutor.java:66)
	at org.junit.platform.console.tasks.ConsoleTestExecutor.lambda$execute$0(ConsoleTestExecutor.java:58)
	at org.junit.platform.console.tasks.CustomContextClassLoaderExecutor.replaceThreadContextClassLoaderAndInvoke(CustomContextClassLoaderExecutor.java:41)
	at org.junit.platform.console.tasks.CustomContextClassLoaderExecutor.invoke(CustomContextClassLoaderExecutor.java:31)
	at org.junit.platform.console.tasks.ConsoleTestExecutor.execute(ConsoleTestExecutor.java:58)
	at org.junit.platform.console.ConsoleLauncher.executeTests(ConsoleLauncher.java:95)
	at org.junit.platform.console.ConsoleLauncher.execute(ConsoleLauncher.java:73)
	at org.junit.platform.console.ConsoleLauncher.execute(ConsoleLauncher.java:50)
	at org.junit.platform.console.ConsoleLauncher.execute(ConsoleLauncher.java:43)
	at org.junit.platform.console.ConsoleLauncher.main(ConsoleLauncher.java:37)
]]></skipped>
<system-out><![CDATA[
unique-id: [engine:junit-jupiter]/[class:minebayd1.test.TestUser]/[test-template:testget(minebayd1.User, int)]/[test-template-invocation:#93]
display-name: [93] Lyes a 65 annonces ouvertes, 1 annonces fermées et 3 achats 
, 0
]]></system-out>
</testcase>
<testcase name="testget(User, int)[94]" classname="minebayd1.test.TestUser" time="0.002">
<system-out><![CDATA[
unique-id: [engine:junit-jupiter]/[class:minebayd1.test.TestUser]/[test-template:testget(minebayd1.User, int)]/[test-template-invocation:#94]
display-name: [94] Marcel a 63 annonces ouvertes, 4 annonces fermées et 4 achats 
, 49
]]></system-out>
</testcase>
<testcase name="testget(User, int)[95]" classname="minebayd1.test.TestUser" time="0">
<skipped><![CDATA[org.opentest4j.TestAbortedException: Assumption failed: assumption is not true
	at org.junit.jupiter.api.Assumptions.throwTestAbortedException(Assumptions.java:256)
	at org.junit.jupiter.api.Assumptions.assumeTrue(Assumptions.java:115)
	at org.junit.jupiter.api.Assumptions.assumeTrue(Assumptions.java:66)
	at minebayd1.test.TestUser.testget(TestUser.java:918)
	at jdk.internal.reflect.GeneratedMethodAccessor5.invoke(Unknown Source)
	at java.base/jdk.internal.reflect.DelegatingMethodAccessorImpl.invoke(DelegatingMethodAccessorImpl.java:43)
	at java.base/java.lang.reflect.Method.invoke(Method.java:569)
	at org.junit.platform.commons.util.ReflectionUtils.invokeMethod(ReflectionUtils.java:688)
	at org.junit.jupiter.engine.execution.MethodInvocation.proceed(MethodInvocation.java:60)
	at org.junit.jupiter.engine.execution.InvocationInterceptorChain$ValidatingInvocation.proceed(InvocationInterceptorChain.java:131)
	at org.junit.jupiter.engine.extension.TimeoutExtension.intercept(TimeoutExtension.java:149)
	at org.junit.jupiter.engine.extension.TimeoutExtension.interceptTestableMethod(TimeoutExtension.java:140)
	at org.junit.jupiter.engine.extension.TimeoutExtension.interceptTestTemplateMethod(TimeoutExtension.java:92)
	at org.junit.jupiter.engine.execution.ExecutableInvoker$ReflectiveInterceptorCall.lambda$ofVoidMethod$0(ExecutableInvoker.java:115)
	at org.junit.jupiter.engine.execution.ExecutableInvoker.lambda$invoke$0(ExecutableInvoker.java:105)
	at org.junit.jupiter.engine.execution.InvocationInterceptorChain$InterceptedInvocation.proceed(InvocationInterceptorChain.java:106)
	at org.junit.jupiter.engine.execution.InvocationInterceptorChain.proceed(InvocationInterceptorChain.java:64)
	at org.junit.jupiter.engine.execution.InvocationInterceptorChain.chainAndInvoke(InvocationInterceptorChain.java:45)
	at org.junit.jupiter.engine.execution.InvocationInterceptorChain.invoke(InvocationInterceptorChain.java:37)
	at org.junit.jupiter.engine.execution.ExecutableInvoker.invoke(ExecutableInvoker.java:104)
	at org.junit.jupiter.engine.execution.ExecutableInvoker.invoke(ExecutableInvoker.java:98)
	at org.junit.jupiter.engine.descriptor.TestMethodTestDescriptor.lambda$invokeTestMethod$6(TestMethodTestDescriptor.java:210)
	at org.junit.platform.engine.support.hierarchical.ThrowableCollector.execute(ThrowableCollector.java:73)
	at org.junit.jupiter.engine.descriptor.TestMethodTestDescriptor.invokeTestMethod(TestMethodTestDescriptor.java:206)
	at org.junit.jupiter.engine.descriptor.TestMethodTestDescriptor.execute(TestMethodTestDescriptor.java:131)
	at org.junit.jupiter.engine.descriptor.TestMethodTestDescriptor.execute(TestMethodTestDescriptor.java:65)
	at org.junit.platform.engine.support.hierarchical.NodeTestTask.lambda$executeRecursively$5(NodeTestTask.java:139)
	at org.junit.platform.engine.support.hierarchical.ThrowableCollector.execute(ThrowableCollector.java:73)
	at org.junit.platform.engine.support.hierarchical.NodeTestTask.lambda$executeRecursively$7(NodeTestTask.java:129)
	at org.junit.platform.engine.support.hierarchical.Node.around(Node.java:137)
	at org.junit.platform.engine.support.hierarchical.NodeTestTask.lambda$executeRecursively$8(NodeTestTask.java:127)
	at org.junit.platform.engine.support.hierarchical.ThrowableCollector.execute(ThrowableCollector.java:73)
	at org.junit.platform.engine.support.hierarchical.NodeTestTask.executeRecursively(NodeTestTask.java:126)
	at org.junit.platform.engine.support.hierarchical.NodeTestTask.execute(NodeTestTask.java:84)
	at org.junit.platform.engine.support.hierarchical.SameThreadHierarchicalTestExecutorService.submit(SameThreadHierarchicalTestExecutorService.java:32)
	at org.junit.platform.engine.support.hierarchical.NodeTestTask$DefaultDynamicTestExecutor.execute(NodeTestTask.java:212)
	at org.junit.platform.engine.support.hierarchical.NodeTestTask$DefaultDynamicTestExecutor.execute(NodeTestTask.java:192)
	at org.junit.jupiter.engine.descriptor.TestTemplateTestDescriptor.execute(TestTemplateTestDescriptor.java:139)
	at org.junit.jupiter.engine.descriptor.TestTemplateTestDescriptor.lambda$execute$2(TestTemplateTestDescriptor.java:107)
	at java.base/java.util.stream.ForEachOps$ForEachOp$OfRef.accept(ForEachOps.java:183)
	at java.base/java.util.stream.ReferencePipeline$3$1.accept(ReferencePipeline.java:197)
	at java.base/java.util.stream.ReferencePipeline$2$1.accept(ReferencePipeline.java:179)
	at java.base/java.util.stream.ReferencePipeline$3$1.accept(ReferencePipeline.java:197)
	at java.base/java.util.stream.ForEachOps$ForEachOp$OfRef.accept(ForEachOps.java:183)
	at java.base/java.util.stream.ReferencePipeline$15$1.accept(ReferencePipeline.java:541)
	at java.base/java.util.stream.ReferencePipeline$3$1.accept(ReferencePipeline.java:197)
	at java.base/java.util.stream.ReferencePipeline$3$1.accept(ReferencePipeline.java:197)
	at java.base/java.util.stream.ReferencePipeline$3$1.accept(ReferencePipeline.java:197)
	at java.base/java.util.stream.ForEachOps$ForEachOp$OfRef.accept(ForEachOps.java:183)
	at java.base/java.util.stream.ReferencePipeline$3$1.accept(ReferencePipeline.java:197)
	at java.base/java.util.stream.ForEachOps$ForEachOp$OfRef.accept(ForEachOps.java:183)
	at java.base/java.util.stream.SliceOps$1$1.accept(SliceOps.java:200)
	at java.base/java.util.stream.StreamSpliterators$InfiniteSupplyingSpliterator$OfRef.tryAdvance(StreamSpliterators.java:1358)
	at java.base/java.util.stream.ReferencePipeline.forEachWithCancel(ReferencePipeline.java:129)
	at java.base/java.util.stream.AbstractPipeline.copyIntoWithCancel(AbstractPipeline.java:527)
	at java.base/java.util.stream.AbstractPipeline.copyInto(AbstractPipeline.java:513)
	at java.base/java.util.stream.AbstractPipeline.wrapAndCopyInto(AbstractPipeline.java:499)
	at java.base/java.util.stream.ForEachOps$ForEachOp.evaluateSequential(ForEachOps.java:150)
	at java.base/java.util.stream.ForEachOps$ForEachOp$OfRef.evaluateSequential(ForEachOps.java:173)
	at java.base/java.util.stream.AbstractPipeline.evaluate(AbstractPipeline.java:234)
	at java.base/java.util.stream.ReferencePipeline.forEach(ReferencePipeline.java:596)
	at java.base/java.util.stream.ReferencePipeline$7$1.accept(ReferencePipeline.java:276)
	at java.base/java.util.stream.ReferencePipeline$3$1.accept(ReferencePipeline.java:197)
	at java.base/java.util.stream.ReferencePipeline$3$1.accept(ReferencePipeline.java:197)
	at java.base/java.util.Spliterators$ArraySpliterator.forEachRemaining(Spliterators.java:992)
	at java.base/java.util.stream.AbstractPipeline.copyInto(AbstractPipeline.java:509)
	at java.base/java.util.stream.AbstractPipeline.wrapAndCopyInto(AbstractPipeline.java:499)
	at java.base/java.util.stream.ForEachOps$ForEachOp.evaluateSequential(ForEachOps.java:150)
	at java.base/java.util.stream.ForEachOps$ForEachOp$OfRef.evaluateSequential(ForEachOps.java:173)
	at java.base/java.util.stream.AbstractPipeline.evaluate(AbstractPipeline.java:234)
	at java.base/java.util.stream.ReferencePipeline.forEach(ReferencePipeline.java:596)
	at java.base/java.util.stream.ReferencePipeline$7$1.accept(ReferencePipeline.java:276)
	at java.base/java.util.stream.ReferencePipeline$3$1.accept(ReferencePipeline.java:197)
	at java.base/java.util.stream.ReferencePipeline$3$1.accept(ReferencePipeline.java:197)
	at java.base/java.util.stream.ReferencePipeline$3$1.accept(ReferencePipeline.java:197)
	at java.base/java.util.ArrayList$ArrayListSpliterator.forEachRemaining(ArrayList.java:1625)
	at java.base/java.util.stream.AbstractPipeline.copyInto(AbstractPipeline.java:509)
	at java.base/java.util.stream.AbstractPipeline.wrapAndCopyInto(AbstractPipeline.java:499)
	at java.base/java.util.stream.ForEachOps$ForEachOp.evaluateSequential(ForEachOps.java:150)
	at java.base/java.util.stream.ForEachOps$ForEachOp$OfRef.evaluateSequential(ForEachOps.java:173)
	at java.base/java.util.stream.AbstractPipeline.evaluate(AbstractPipeline.java:234)
	at java.base/java.util.stream.ReferencePipeline.forEach(ReferencePipeline.java:596)
	at java.base/java.util.stream.ReferencePipeline$7$1.accept(ReferencePipeline.java:276)
	at java.base/java.util.ArrayList$ArrayListSpliterator.forEachRemaining(ArrayList.java:1625)
	at java.base/java.util.stream.AbstractPipeline.copyInto(AbstractPipeline.java:509)
	at java.base/java.util.stream.AbstractPipeline.wrapAndCopyInto(AbstractPipeline.java:499)
	at java.base/java.util.stream.ForEachOps$ForEachOp.evaluateSequential(ForEachOps.java:150)
	at java.base/java.util.stream.ForEachOps$ForEachOp$OfRef.evaluateSequential(ForEachOps.java:173)
	at java.base/java.util.stream.AbstractPipeline.evaluate(AbstractPipeline.java:234)
	at java.base/java.util.stream.ReferencePipeline.forEach(ReferencePipeline.java:596)
	at org.junit.jupiter.engine.descriptor.TestTemplateTestDescriptor.execute(TestTemplateTestDescriptor.java:107)
	at org.junit.jupiter.engine.descriptor.TestTemplateTestDescriptor.execute(TestTemplateTestDescriptor.java:42)
	at org.junit.platform.engine.support.hierarchical.NodeTestTask.lambda$executeRecursively$5(NodeTestTask.java:139)
	at org.junit.platform.engine.support.hierarchical.ThrowableCollector.execute(ThrowableCollector.java:73)
	at org.junit.platform.engine.support.hierarchical.NodeTestTask.lambda$executeRecursively$7(NodeTestTask.java:129)
	at org.junit.platform.engine.support.hierarchical.Node.around(Node.java:137)
	at org.junit.platform.engine.support.hierarchical.NodeTestTask.lambda$executeRecursively$8(NodeTestTask.java:127)
	at org.junit.platform.engine.support.hierarchical.ThrowableCollector.execute(ThrowableCollector.java:73)
	at org.junit.platform.engine.support.hierarchical.NodeTestTask.executeRecursively(NodeTestTask.java:126)
	at org.junit.platform.engine.support.hierarchical.NodeTestTask.execute(NodeTestTask.java:84)
	at java.base/java.util.ArrayList.forEach(ArrayList.java:1511)
	at org.junit.platform.engine.support.hierarchical.SameThreadHierarchicalTestExecutorService.invokeAll(SameThreadHierarchicalTestExecutorService.java:38)
	at org.junit.platform.engine.support.hierarchical.NodeTestTask.lambda$executeRecursively$5(NodeTestTask.java:143)
	at org.junit.platform.engine.support.hierarchical.ThrowableCollector.execute(ThrowableCollector.java:73)
	at org.junit.platform.engine.support.hierarchical.NodeTestTask.lambda$executeRecursively$7(NodeTestTask.java:129)
	at org.junit.platform.engine.support.hierarchical.Node.around(Node.java:137)
	at org.junit.platform.engine.support.hierarchical.NodeTestTask.lambda$executeRecursively$8(NodeTestTask.java:127)
	at org.junit.platform.engine.support.hierarchical.ThrowableCollector.execute(ThrowableCollector.java:73)
	at org.junit.platform.engine.support.hierarchical.NodeTestTask.executeRecursively(NodeTestTask.java:126)
	at org.junit.platform.engine.support.hierarchical.NodeTestTask.execute(NodeTestTask.java:84)
	at java.base/java.util.ArrayList.forEach(ArrayList.java:1511)
	at org.junit.platform.engine.support.hierarchical.SameThreadHierarchicalTestExecutorService.invokeAll(SameThreadHierarchicalTestExecutorService.java:38)
	at org.junit.platform.engine.support.hierarchical.NodeTestTask.lambda$executeRecursively$5(NodeTestTask.java:143)
	at org.junit.platform.engine.support.hierarchical.ThrowableCollector.execute(ThrowableCollector.java:73)
	at org.junit.platform.engine.support.hierarchical.NodeTestTask.lambda$executeRecursively$7(NodeTestTask.java:129)
	at org.junit.platform.engine.support.hierarchical.Node.around(Node.java:137)
	at org.junit.platform.engine.support.hierarchical.NodeTestTask.lambda$executeRecursively$8(NodeTestTask.java:127)
	at org.junit.platform.engine.support.hierarchical.ThrowableCollector.execute(ThrowableCollector.java:73)
	at org.junit.platform.engine.support.hierarchical.NodeTestTask.executeRecursively(NodeTestTask.java:126)
	at org.junit.platform.engine.support.hierarchical.NodeTestTask.execute(NodeTestTask.java:84)
	at org.junit.platform.engine.support.hierarchical.SameThreadHierarchicalTestExecutorService.submit(SameThreadHierarchicalTestExecutorService.java:32)
	at org.junit.platform.engine.support.hierarchical.HierarchicalTestExecutor.execute(HierarchicalTestExecutor.java:57)
	at org.junit.platform.engine.support.hierarchical.HierarchicalTestEngine.execute(HierarchicalTestEngine.java:51)
	at org.junit.platform.launcher.core.EngineExecutionOrchestrator.execute(EngineExecutionOrchestrator.java:108)
	at org.junit.platform.launcher.core.EngineExecutionOrchestrator.execute(EngineExecutionOrchestrator.java:88)
	at org.junit.platform.launcher.core.EngineExecutionOrchestrator.lambda$execute$0(EngineExecutionOrchestrator.java:54)
	at org.junit.platform.launcher.core.EngineExecutionOrchestrator.withInterceptedStreams(EngineExecutionOrchestrator.java:67)
	at org.junit.platform.launcher.core.EngineExecutionOrchestrator.execute(EngineExecutionOrchestrator.java:52)
	at org.junit.platform.launcher.core.DefaultLauncher.execute(DefaultLauncher.java:96)
	at org.junit.platform.launcher.core.DefaultLauncher.execute(DefaultLauncher.java:75)
	at org.junit.platform.console.tasks.ConsoleTestExecutor.executeTests(ConsoleTestExecutor.java:66)
	at org.junit.platform.console.tasks.ConsoleTestExecutor.lambda$execute$0(ConsoleTestExecutor.java:58)
	at org.junit.platform.console.tasks.CustomContextClassLoaderExecutor.replaceThreadContextClassLoaderAndInvoke(CustomContextClassLoaderExecutor.java:41)
	at org.junit.platform.console.tasks.CustomContextClassLoaderExecutor.invoke(CustomContextClassLoaderExecutor.java:31)
	at org.junit.platform.console.tasks.ConsoleTestExecutor.execute(ConsoleTestExecutor.java:58)
	at org.junit.platform.console.ConsoleLauncher.executeTests(ConsoleLauncher.java:95)
	at org.junit.platform.console.ConsoleLauncher.execute(ConsoleLauncher.java:73)
	at org.junit.platform.console.ConsoleLauncher.execute(ConsoleLauncher.java:50)
	at org.junit.platform.console.ConsoleLauncher.execute(ConsoleLauncher.java:43)
	at org.junit.platform.console.ConsoleLauncher.main(ConsoleLauncher.java:37)
]]></skipped>
<system-out><![CDATA[
unique-id: [engine:junit-jupiter]/[class:minebayd1.test.TestUser]/[test-template:testget(minebayd1.User, int)]/[test-template-invocation:#95]
display-name: [95] Sonia a 47 annonces ouvertes, 2 annonces fermées et 2 achats 
, 0
]]></system-out>
</testcase>
<testcase name="testget(User, int)[96]" classname="minebayd1.test.TestUser" time="0">
<skipped><![CDATA[org.opentest4j.TestAbortedException: Assumption failed: assumption is not true
	at org.junit.jupiter.api.Assumptions.throwTestAbortedException(Assumptions.java:256)
	at org.junit.jupiter.api.Assumptions.assumeTrue(Assumptions.java:115)
	at org.junit.jupiter.api.Assumptions.assumeTrue(Assumptions.java:66)
	at minebayd1.test.TestUser.testget(TestUser.java:918)
	at jdk.internal.reflect.GeneratedMethodAccessor5.invoke(Unknown Source)
	at java.base/jdk.internal.reflect.DelegatingMethodAccessorImpl.invoke(DelegatingMethodAccessorImpl.java:43)
	at java.base/java.lang.reflect.Method.invoke(Method.java:569)
	at org.junit.platform.commons.util.ReflectionUtils.invokeMethod(ReflectionUtils.java:688)
	at org.junit.jupiter.engine.execution.MethodInvocation.proceed(MethodInvocation.java:60)
	at org.junit.jupiter.engine.execution.InvocationInterceptorChain$ValidatingInvocation.proceed(InvocationInterceptorChain.java:131)
	at org.junit.jupiter.engine.extension.TimeoutExtension.intercept(TimeoutExtension.java:149)
	at org.junit.jupiter.engine.extension.TimeoutExtension.interceptTestableMethod(TimeoutExtension.java:140)
	at org.junit.jupiter.engine.extension.TimeoutExtension.interceptTestTemplateMethod(TimeoutExtension.java:92)
	at org.junit.jupiter.engine.execution.ExecutableInvoker$ReflectiveInterceptorCall.lambda$ofVoidMethod$0(ExecutableInvoker.java:115)
	at org.junit.jupiter.engine.execution.ExecutableInvoker.lambda$invoke$0(ExecutableInvoker.java:105)
	at org.junit.jupiter.engine.execution.InvocationInterceptorChain$InterceptedInvocation.proceed(InvocationInterceptorChain.java:106)
	at org.junit.jupiter.engine.execution.InvocationInterceptorChain.proceed(InvocationInterceptorChain.java:64)
	at org.junit.jupiter.engine.execution.InvocationInterceptorChain.chainAndInvoke(InvocationInterceptorChain.java:45)
	at org.junit.jupiter.engine.execution.InvocationInterceptorChain.invoke(InvocationInterceptorChain.java:37)
	at org.junit.jupiter.engine.execution.ExecutableInvoker.invoke(ExecutableInvoker.java:104)
	at org.junit.jupiter.engine.execution.ExecutableInvoker.invoke(ExecutableInvoker.java:98)
	at org.junit.jupiter.engine.descriptor.TestMethodTestDescriptor.lambda$invokeTestMethod$6(TestMethodTestDescriptor.java:210)
	at org.junit.platform.engine.support.hierarchical.ThrowableCollector.execute(ThrowableCollector.java:73)
	at org.junit.jupiter.engine.descriptor.TestMethodTestDescriptor.invokeTestMethod(TestMethodTestDescriptor.java:206)
	at org.junit.jupiter.engine.descriptor.TestMethodTestDescriptor.execute(TestMethodTestDescriptor.java:131)
	at org.junit.jupiter.engine.descriptor.TestMethodTestDescriptor.execute(TestMethodTestDescriptor.java:65)
	at org.junit.platform.engine.support.hierarchical.NodeTestTask.lambda$executeRecursively$5(NodeTestTask.java:139)
	at org.junit.platform.engine.support.hierarchical.ThrowableCollector.execute(ThrowableCollector.java:73)
	at org.junit.platform.engine.support.hierarchical.NodeTestTask.lambda$executeRecursively$7(NodeTestTask.java:129)
	at org.junit.platform.engine.support.hierarchical.Node.around(Node.java:137)
	at org.junit.platform.engine.support.hierarchical.NodeTestTask.lambda$executeRecursively$8(NodeTestTask.java:127)
	at org.junit.platform.engine.support.hierarchical.ThrowableCollector.execute(ThrowableCollector.java:73)
	at org.junit.platform.engine.support.hierarchical.NodeTestTask.executeRecursively(NodeTestTask.java:126)
	at org.junit.platform.engine.support.hierarchical.NodeTestTask.execute(NodeTestTask.java:84)
	at org.junit.platform.engine.support.hierarchical.SameThreadHierarchicalTestExecutorService.submit(SameThreadHierarchicalTestExecutorService.java:32)
	at org.junit.platform.engine.support.hierarchical.NodeTestTask$DefaultDynamicTestExecutor.execute(NodeTestTask.java:212)
	at org.junit.platform.engine.support.hierarchical.NodeTestTask$DefaultDynamicTestExecutor.execute(NodeTestTask.java:192)
	at org.junit.jupiter.engine.descriptor.TestTemplateTestDescriptor.execute(TestTemplateTestDescriptor.java:139)
	at org.junit.jupiter.engine.descriptor.TestTemplateTestDescriptor.lambda$execute$2(TestTemplateTestDescriptor.java:107)
	at java.base/java.util.stream.ForEachOps$ForEachOp$OfRef.accept(ForEachOps.java:183)
	at java.base/java.util.stream.ReferencePipeline$3$1.accept(ReferencePipeline.java:197)
	at java.base/java.util.stream.ReferencePipeline$2$1.accept(ReferencePipeline.java:179)
	at java.base/java.util.stream.ReferencePipeline$3$1.accept(ReferencePipeline.java:197)
	at java.base/java.util.stream.ForEachOps$ForEachOp$OfRef.accept(ForEachOps.java:183)
	at java.base/java.util.stream.ReferencePipeline$15$1.accept(ReferencePipeline.java:541)
	at java.base/java.util.stream.ReferencePipeline$3$1.accept(ReferencePipeline.java:197)
	at java.base/java.util.stream.ReferencePipeline$3$1.accept(ReferencePipeline.java:197)
	at java.base/java.util.stream.ReferencePipeline$3$1.accept(ReferencePipeline.java:197)
	at java.base/java.util.stream.ForEachOps$ForEachOp$OfRef.accept(ForEachOps.java:183)
	at java.base/java.util.stream.ReferencePipeline$3$1.accept(ReferencePipeline.java:197)
	at java.base/java.util.stream.ForEachOps$ForEachOp$OfRef.accept(ForEachOps.java:183)
	at java.base/java.util.stream.SliceOps$1$1.accept(SliceOps.java:200)
	at java.base/java.util.stream.StreamSpliterators$InfiniteSupplyingSpliterator$OfRef.tryAdvance(StreamSpliterators.java:1358)
	at java.base/java.util.stream.ReferencePipeline.forEachWithCancel(ReferencePipeline.java:129)
	at java.base/java.util.stream.AbstractPipeline.copyIntoWithCancel(AbstractPipeline.java:527)
	at java.base/java.util.stream.AbstractPipeline.copyInto(AbstractPipeline.java:513)
	at java.base/java.util.stream.AbstractPipeline.wrapAndCopyInto(AbstractPipeline.java:499)
	at java.base/java.util.stream.ForEachOps$ForEachOp.evaluateSequential(ForEachOps.java:150)
	at java.base/java.util.stream.ForEachOps$ForEachOp$OfRef.evaluateSequential(ForEachOps.java:173)
	at java.base/java.util.stream.AbstractPipeline.evaluate(AbstractPipeline.java:234)
	at java.base/java.util.stream.ReferencePipeline.forEach(ReferencePipeline.java:596)
	at java.base/java.util.stream.ReferencePipeline$7$1.accept(ReferencePipeline.java:276)
	at java.base/java.util.stream.ReferencePipeline$3$1.accept(ReferencePipeline.java:197)
	at java.base/java.util.stream.ReferencePipeline$3$1.accept(ReferencePipeline.java:197)
	at java.base/java.util.Spliterators$ArraySpliterator.forEachRemaining(Spliterators.java:992)
	at java.base/java.util.stream.AbstractPipeline.copyInto(AbstractPipeline.java:509)
	at java.base/java.util.stream.AbstractPipeline.wrapAndCopyInto(AbstractPipeline.java:499)
	at java.base/java.util.stream.ForEachOps$ForEachOp.evaluateSequential(ForEachOps.java:150)
	at java.base/java.util.stream.ForEachOps$ForEachOp$OfRef.evaluateSequential(ForEachOps.java:173)
	at java.base/java.util.stream.AbstractPipeline.evaluate(AbstractPipeline.java:234)
	at java.base/java.util.stream.ReferencePipeline.forEach(ReferencePipeline.java:596)
	at java.base/java.util.stream.ReferencePipeline$7$1.accept(ReferencePipeline.java:276)
	at java.base/java.util.stream.ReferencePipeline$3$1.accept(ReferencePipeline.java:197)
	at java.base/java.util.stream.ReferencePipeline$3$1.accept(ReferencePipeline.java:197)
	at java.base/java.util.stream.ReferencePipeline$3$1.accept(ReferencePipeline.java:197)
	at java.base/java.util.ArrayList$ArrayListSpliterator.forEachRemaining(ArrayList.java:1625)
	at java.base/java.util.stream.AbstractPipeline.copyInto(AbstractPipeline.java:509)
	at java.base/java.util.stream.AbstractPipeline.wrapAndCopyInto(AbstractPipeline.java:499)
	at java.base/java.util.stream.ForEachOps$ForEachOp.evaluateSequential(ForEachOps.java:150)
	at java.base/java.util.stream.ForEachOps$ForEachOp$OfRef.evaluateSequential(ForEachOps.java:173)
	at java.base/java.util.stream.AbstractPipeline.evaluate(AbstractPipeline.java:234)
	at java.base/java.util.stream.ReferencePipeline.forEach(ReferencePipeline.java:596)
	at java.base/java.util.stream.ReferencePipeline$7$1.accept(ReferencePipeline.java:276)
	at java.base/java.util.ArrayList$ArrayListSpliterator.forEachRemaining(ArrayList.java:1625)
	at java.base/java.util.stream.AbstractPipeline.copyInto(AbstractPipeline.java:509)
	at java.base/java.util.stream.AbstractPipeline.wrapAndCopyInto(AbstractPipeline.java:499)
	at java.base/java.util.stream.ForEachOps$ForEachOp.evaluateSequential(ForEachOps.java:150)
	at java.base/java.util.stream.ForEachOps$ForEachOp$OfRef.evaluateSequential(ForEachOps.java:173)
	at java.base/java.util.stream.AbstractPipeline.evaluate(AbstractPipeline.java:234)
	at java.base/java.util.stream.ReferencePipeline.forEach(ReferencePipeline.java:596)
	at org.junit.jupiter.engine.descriptor.TestTemplateTestDescriptor.execute(TestTemplateTestDescriptor.java:107)
	at org.junit.jupiter.engine.descriptor.TestTemplateTestDescriptor.execute(TestTemplateTestDescriptor.java:42)
	at org.junit.platform.engine.support.hierarchical.NodeTestTask.lambda$executeRecursively$5(NodeTestTask.java:139)
	at org.junit.platform.engine.support.hierarchical.ThrowableCollector.execute(ThrowableCollector.java:73)
	at org.junit.platform.engine.support.hierarchical.NodeTestTask.lambda$executeRecursively$7(NodeTestTask.java:129)
	at org.junit.platform.engine.support.hierarchical.Node.around(Node.java:137)
	at org.junit.platform.engine.support.hierarchical.NodeTestTask.lambda$executeRecursively$8(NodeTestTask.java:127)
	at org.junit.platform.engine.support.hierarchical.ThrowableCollector.execute(ThrowableCollector.java:73)
	at org.junit.platform.engine.support.hierarchical.NodeTestTask.executeRecursively(NodeTestTask.java:126)
	at org.junit.platform.engine.support.hierarchical.NodeTestTask.execute(NodeTestTask.java:84)
	at java.base/java.util.ArrayList.forEach(ArrayList.java:1511)
	at org.junit.platform.engine.support.hierarchical.SameThreadHierarchicalTestExecutorService.invokeAll(SameThreadHierarchicalTestExecutorService.java:38)
	at org.junit.platform.engine.support.hierarchical.NodeTestTask.lambda$executeRecursively$5(NodeTestTask.java:143)
	at org.junit.platform.engine.support.hierarchical.ThrowableCollector.execute(ThrowableCollector.java:73)
	at org.junit.platform.engine.support.hierarchical.NodeTestTask.lambda$executeRecursively$7(NodeTestTask.java:129)
	at org.junit.platform.engine.support.hierarchical.Node.around(Node.java:137)
	at org.junit.platform.engine.support.hierarchical.NodeTestTask.lambda$executeRecursively$8(NodeTestTask.java:127)
	at org.junit.platform.engine.support.hierarchical.ThrowableCollector.execute(ThrowableCollector.java:73)
	at org.junit.platform.engine.support.hierarchical.NodeTestTask.executeRecursively(NodeTestTask.java:126)
	at org.junit.platform.engine.support.hierarchical.NodeTestTask.execute(NodeTestTask.java:84)
	at java.base/java.util.ArrayList.forEach(ArrayList.java:1511)
	at org.junit.platform.engine.support.hierarchical.SameThreadHierarchicalTestExecutorService.invokeAll(SameThreadHierarchicalTestExecutorService.java:38)
	at org.junit.platform.engine.support.hierarchical.NodeTestTask.lambda$executeRecursively$5(NodeTestTask.java:143)
	at org.junit.platform.engine.support.hierarchical.ThrowableCollector.execute(ThrowableCollector.java:73)
	at org.junit.platform.engine.support.hierarchical.NodeTestTask.lambda$executeRecursively$7(NodeTestTask.java:129)
	at org.junit.platform.engine.support.hierarchical.Node.around(Node.java:137)
	at org.junit.platform.engine.support.hierarchical.NodeTestTask.lambda$executeRecursively$8(NodeTestTask.java:127)
	at org.junit.platform.engine.support.hierarchical.ThrowableCollector.execute(ThrowableCollector.java:73)
	at org.junit.platform.engine.support.hierarchical.NodeTestTask.executeRecursively(NodeTestTask.java:126)
	at org.junit.platform.engine.support.hierarchical.NodeTestTask.execute(NodeTestTask.java:84)
	at org.junit.platform.engine.support.hierarchical.SameThreadHierarchicalTestExecutorService.submit(SameThreadHierarchicalTestExecutorService.java:32)
	at org.junit.platform.engine.support.hierarchical.HierarchicalTestExecutor.execute(HierarchicalTestExecutor.java:57)
	at org.junit.platform.engine.support.hierarchical.HierarchicalTestEngine.execute(HierarchicalTestEngine.java:51)
	at org.junit.platform.launcher.core.EngineExecutionOrchestrator.execute(EngineExecutionOrchestrator.java:108)
	at org.junit.platform.launcher.core.EngineExecutionOrchestrator.execute(EngineExecutionOrchestrator.java:88)
	at org.junit.platform.launcher.core.EngineExecutionOrchestrator.lambda$execute$0(EngineExecutionOrchestrator.java:54)
	at org.junit.platform.launcher.core.EngineExecutionOrchestrator.withInterceptedStreams(EngineExecutionOrchestrator.java:67)
	at org.junit.platform.launcher.core.EngineExecutionOrchestrator.execute(EngineExecutionOrchestrator.java:52)
	at org.junit.platform.launcher.core.DefaultLauncher.execute(DefaultLauncher.java:96)
	at org.junit.platform.launcher.core.DefaultLauncher.execute(DefaultLauncher.java:75)
	at org.junit.platform.console.tasks.ConsoleTestExecutor.executeTests(ConsoleTestExecutor.java:66)
	at org.junit.platform.console.tasks.ConsoleTestExecutor.lambda$execute$0(ConsoleTestExecutor.java:58)
	at org.junit.platform.console.tasks.CustomContextClassLoaderExecutor.replaceThreadContextClassLoaderAndInvoke(CustomContextClassLoaderExecutor.java:41)
	at org.junit.platform.console.tasks.CustomContextClassLoaderExecutor.invoke(CustomContextClassLoaderExecutor.java:31)
	at org.junit.platform.console.tasks.ConsoleTestExecutor.execute(ConsoleTestExecutor.java:58)
	at org.junit.platform.console.ConsoleLauncher.executeTests(ConsoleLauncher.java:95)
	at org.junit.platform.console.ConsoleLauncher.execute(ConsoleLauncher.java:73)
	at org.junit.platform.console.ConsoleLauncher.execute(ConsoleLauncher.java:50)
	at org.junit.platform.console.ConsoleLauncher.execute(ConsoleLauncher.java:43)
	at org.junit.platform.console.ConsoleLauncher.main(ConsoleLauncher.java:37)
]]></skipped>
<system-out><![CDATA[
unique-id: [engine:junit-jupiter]/[class:minebayd1.test.TestUser]/[test-template:testget(minebayd1.User, int)]/[test-template-invocation:#96]
display-name: [96] Sonia a 47 annonces ouvertes, 2 annonces fermées et 2 achats 
, 0
]]></system-out>
</testcase>
<testcase name="testget(User, int)[97]" classname="minebayd1.test.TestUser" time="0">
<skipped><![CDATA[org.opentest4j.TestAbortedException: Assumption failed: assumption is not true
	at org.junit.jupiter.api.Assumptions.throwTestAbortedException(Assumptions.java:256)
	at org.junit.jupiter.api.Assumptions.assumeTrue(Assumptions.java:115)
	at org.junit.jupiter.api.Assumptions.assumeTrue(Assumptions.java:66)
	at minebayd1.test.TestUser.testget(TestUser.java:918)
	at jdk.internal.reflect.GeneratedMethodAccessor5.invoke(Unknown Source)
	at java.base/jdk.internal.reflect.DelegatingMethodAccessorImpl.invoke(DelegatingMethodAccessorImpl.java:43)
	at java.base/java.lang.reflect.Method.invoke(Method.java:569)
	at org.junit.platform.commons.util.ReflectionUtils.invokeMethod(ReflectionUtils.java:688)
	at org.junit.jupiter.engine.execution.MethodInvocation.proceed(MethodInvocation.java:60)
	at org.junit.jupiter.engine.execution.InvocationInterceptorChain$ValidatingInvocation.proceed(InvocationInterceptorChain.java:131)
	at org.junit.jupiter.engine.extension.TimeoutExtension.intercept(TimeoutExtension.java:149)
	at org.junit.jupiter.engine.extension.TimeoutExtension.interceptTestableMethod(TimeoutExtension.java:140)
	at org.junit.jupiter.engine.extension.TimeoutExtension.interceptTestTemplateMethod(TimeoutExtension.java:92)
	at org.junit.jupiter.engine.execution.ExecutableInvoker$ReflectiveInterceptorCall.lambda$ofVoidMethod$0(ExecutableInvoker.java:115)
	at org.junit.jupiter.engine.execution.ExecutableInvoker.lambda$invoke$0(ExecutableInvoker.java:105)
	at org.junit.jupiter.engine.execution.InvocationInterceptorChain$InterceptedInvocation.proceed(InvocationInterceptorChain.java:106)
	at org.junit.jupiter.engine.execution.InvocationInterceptorChain.proceed(InvocationInterceptorChain.java:64)
	at org.junit.jupiter.engine.execution.InvocationInterceptorChain.chainAndInvoke(InvocationInterceptorChain.java:45)
	at org.junit.jupiter.engine.execution.InvocationInterceptorChain.invoke(InvocationInterceptorChain.java:37)
	at org.junit.jupiter.engine.execution.ExecutableInvoker.invoke(ExecutableInvoker.java:104)
	at org.junit.jupiter.engine.execution.ExecutableInvoker.invoke(ExecutableInvoker.java:98)
	at org.junit.jupiter.engine.descriptor.TestMethodTestDescriptor.lambda$invokeTestMethod$6(TestMethodTestDescriptor.java:210)
	at org.junit.platform.engine.support.hierarchical.ThrowableCollector.execute(ThrowableCollector.java:73)
	at org.junit.jupiter.engine.descriptor.TestMethodTestDescriptor.invokeTestMethod(TestMethodTestDescriptor.java:206)
	at org.junit.jupiter.engine.descriptor.TestMethodTestDescriptor.execute(TestMethodTestDescriptor.java:131)
	at org.junit.jupiter.engine.descriptor.TestMethodTestDescriptor.execute(TestMethodTestDescriptor.java:65)
	at org.junit.platform.engine.support.hierarchical.NodeTestTask.lambda$executeRecursively$5(NodeTestTask.java:139)
	at org.junit.platform.engine.support.hierarchical.ThrowableCollector.execute(ThrowableCollector.java:73)
	at org.junit.platform.engine.support.hierarchical.NodeTestTask.lambda$executeRecursively$7(NodeTestTask.java:129)
	at org.junit.platform.engine.support.hierarchical.Node.around(Node.java:137)
	at org.junit.platform.engine.support.hierarchical.NodeTestTask.lambda$executeRecursively$8(NodeTestTask.java:127)
	at org.junit.platform.engine.support.hierarchical.ThrowableCollector.execute(ThrowableCollector.java:73)
	at org.junit.platform.engine.support.hierarchical.NodeTestTask.executeRecursively(NodeTestTask.java:126)
	at org.junit.platform.engine.support.hierarchical.NodeTestTask.execute(NodeTestTask.java:84)
	at org.junit.platform.engine.support.hierarchical.SameThreadHierarchicalTestExecutorService.submit(SameThreadHierarchicalTestExecutorService.java:32)
	at org.junit.platform.engine.support.hierarchical.NodeTestTask$DefaultDynamicTestExecutor.execute(NodeTestTask.java:212)
	at org.junit.platform.engine.support.hierarchical.NodeTestTask$DefaultDynamicTestExecutor.execute(NodeTestTask.java:192)
	at org.junit.jupiter.engine.descriptor.TestTemplateTestDescriptor.execute(TestTemplateTestDescriptor.java:139)
	at org.junit.jupiter.engine.descriptor.TestTemplateTestDescriptor.lambda$execute$2(TestTemplateTestDescriptor.java:107)
	at java.base/java.util.stream.ForEachOps$ForEachOp$OfRef.accept(ForEachOps.java:183)
	at java.base/java.util.stream.ReferencePipeline$3$1.accept(ReferencePipeline.java:197)
	at java.base/java.util.stream.ReferencePipeline$2$1.accept(ReferencePipeline.java:179)
	at java.base/java.util.stream.ReferencePipeline$3$1.accept(ReferencePipeline.java:197)
	at java.base/java.util.stream.ForEachOps$ForEachOp$OfRef.accept(ForEachOps.java:183)
	at java.base/java.util.stream.ReferencePipeline$15$1.accept(ReferencePipeline.java:541)
	at java.base/java.util.stream.ReferencePipeline$3$1.accept(ReferencePipeline.java:197)
	at java.base/java.util.stream.ReferencePipeline$3$1.accept(ReferencePipeline.java:197)
	at java.base/java.util.stream.ReferencePipeline$3$1.accept(ReferencePipeline.java:197)
	at java.base/java.util.stream.ForEachOps$ForEachOp$OfRef.accept(ForEachOps.java:183)
	at java.base/java.util.stream.ReferencePipeline$3$1.accept(ReferencePipeline.java:197)
	at java.base/java.util.stream.ForEachOps$ForEachOp$OfRef.accept(ForEachOps.java:183)
	at java.base/java.util.stream.SliceOps$1$1.accept(SliceOps.java:200)
	at java.base/java.util.stream.StreamSpliterators$InfiniteSupplyingSpliterator$OfRef.tryAdvance(StreamSpliterators.java:1358)
	at java.base/java.util.stream.ReferencePipeline.forEachWithCancel(ReferencePipeline.java:129)
	at java.base/java.util.stream.AbstractPipeline.copyIntoWithCancel(AbstractPipeline.java:527)
	at java.base/java.util.stream.AbstractPipeline.copyInto(AbstractPipeline.java:513)
	at java.base/java.util.stream.AbstractPipeline.wrapAndCopyInto(AbstractPipeline.java:499)
	at java.base/java.util.stream.ForEachOps$ForEachOp.evaluateSequential(ForEachOps.java:150)
	at java.base/java.util.stream.ForEachOps$ForEachOp$OfRef.evaluateSequential(ForEachOps.java:173)
	at java.base/java.util.stream.AbstractPipeline.evaluate(AbstractPipeline.java:234)
	at java.base/java.util.stream.ReferencePipeline.forEach(ReferencePipeline.java:596)
	at java.base/java.util.stream.ReferencePipeline$7$1.accept(ReferencePipeline.java:276)
	at java.base/java.util.stream.ReferencePipeline$3$1.accept(ReferencePipeline.java:197)
	at java.base/java.util.stream.ReferencePipeline$3$1.accept(ReferencePipeline.java:197)
	at java.base/java.util.Spliterators$ArraySpliterator.forEachRemaining(Spliterators.java:992)
	at java.base/java.util.stream.AbstractPipeline.copyInto(AbstractPipeline.java:509)
	at java.base/java.util.stream.AbstractPipeline.wrapAndCopyInto(AbstractPipeline.java:499)
	at java.base/java.util.stream.ForEachOps$ForEachOp.evaluateSequential(ForEachOps.java:150)
	at java.base/java.util.stream.ForEachOps$ForEachOp$OfRef.evaluateSequential(ForEachOps.java:173)
	at java.base/java.util.stream.AbstractPipeline.evaluate(AbstractPipeline.java:234)
	at java.base/java.util.stream.ReferencePipeline.forEach(ReferencePipeline.java:596)
	at java.base/java.util.stream.ReferencePipeline$7$1.accept(ReferencePipeline.java:276)
	at java.base/java.util.stream.ReferencePipeline$3$1.accept(ReferencePipeline.java:197)
	at java.base/java.util.stream.ReferencePipeline$3$1.accept(ReferencePipeline.java:197)
	at java.base/java.util.stream.ReferencePipeline$3$1.accept(ReferencePipeline.java:197)
	at java.base/java.util.ArrayList$ArrayListSpliterator.forEachRemaining(ArrayList.java:1625)
	at java.base/java.util.stream.AbstractPipeline.copyInto(AbstractPipeline.java:509)
	at java.base/java.util.stream.AbstractPipeline.wrapAndCopyInto(AbstractPipeline.java:499)
	at java.base/java.util.stream.ForEachOps$ForEachOp.evaluateSequential(ForEachOps.java:150)
	at java.base/java.util.stream.ForEachOps$ForEachOp$OfRef.evaluateSequential(ForEachOps.java:173)
	at java.base/java.util.stream.AbstractPipeline.evaluate(AbstractPipeline.java:234)
	at java.base/java.util.stream.ReferencePipeline.forEach(ReferencePipeline.java:596)
	at java.base/java.util.stream.ReferencePipeline$7$1.accept(ReferencePipeline.java:276)
	at java.base/java.util.ArrayList$ArrayListSpliterator.forEachRemaining(ArrayList.java:1625)
	at java.base/java.util.stream.AbstractPipeline.copyInto(AbstractPipeline.java:509)
	at java.base/java.util.stream.AbstractPipeline.wrapAndCopyInto(AbstractPipeline.java:499)
	at java.base/java.util.stream.ForEachOps$ForEachOp.evaluateSequential(ForEachOps.java:150)
	at java.base/java.util.stream.ForEachOps$ForEachOp$OfRef.evaluateSequential(ForEachOps.java:173)
	at java.base/java.util.stream.AbstractPipeline.evaluate(AbstractPipeline.java:234)
	at java.base/java.util.stream.ReferencePipeline.forEach(ReferencePipeline.java:596)
	at org.junit.jupiter.engine.descriptor.TestTemplateTestDescriptor.execute(TestTemplateTestDescriptor.java:107)
	at org.junit.jupiter.engine.descriptor.TestTemplateTestDescriptor.execute(TestTemplateTestDescriptor.java:42)
	at org.junit.platform.engine.support.hierarchical.NodeTestTask.lambda$executeRecursively$5(NodeTestTask.java:139)
	at org.junit.platform.engine.support.hierarchical.ThrowableCollector.execute(ThrowableCollector.java:73)
	at org.junit.platform.engine.support.hierarchical.NodeTestTask.lambda$executeRecursively$7(NodeTestTask.java:129)
	at org.junit.platform.engine.support.hierarchical.Node.around(Node.java:137)
	at org.junit.platform.engine.support.hierarchical.NodeTestTask.lambda$executeRecursively$8(NodeTestTask.java:127)
	at org.junit.platform.engine.support.hierarchical.ThrowableCollector.execute(ThrowableCollector.java:73)
	at org.junit.platform.engine.support.hierarchical.NodeTestTask.executeRecursively(NodeTestTask.java:126)
	at org.junit.platform.engine.support.hierarchical.NodeTestTask.execute(NodeTestTask.java:84)
	at java.base/java.util.ArrayList.forEach(ArrayList.java:1511)
	at org.junit.platform.engine.support.hierarchical.SameThreadHierarchicalTestExecutorService.invokeAll(SameThreadHierarchicalTestExecutorService.java:38)
	at org.junit.platform.engine.support.hierarchical.NodeTestTask.lambda$executeRecursively$5(NodeTestTask.java:143)
	at org.junit.platform.engine.support.hierarchical.ThrowableCollector.execute(ThrowableCollector.java:73)
	at org.junit.platform.engine.support.hierarchical.NodeTestTask.lambda$executeRecursively$7(NodeTestTask.java:129)
	at org.junit.platform.engine.support.hierarchical.Node.around(Node.java:137)
	at org.junit.platform.engine.support.hierarchical.NodeTestTask.lambda$executeRecursively$8(NodeTestTask.java:127)
	at org.junit.platform.engine.support.hierarchical.ThrowableCollector.execute(ThrowableCollector.java:73)
	at org.junit.platform.engine.support.hierarchical.NodeTestTask.executeRecursively(NodeTestTask.java:126)
	at org.junit.platform.engine.support.hierarchical.NodeTestTask.execute(NodeTestTask.java:84)
	at java.base/java.util.ArrayList.forEach(ArrayList.java:1511)
	at org.junit.platform.engine.support.hierarchical.SameThreadHierarchicalTestExecutorService.invokeAll(SameThreadHierarchicalTestExecutorService.java:38)
	at org.junit.platform.engine.support.hierarchical.NodeTestTask.lambda$executeRecursively$5(NodeTestTask.java:143)
	at org.junit.platform.engine.support.hierarchical.ThrowableCollector.execute(ThrowableCollector.java:73)
	at org.junit.platform.engine.support.hierarchical.NodeTestTask.lambda$executeRecursively$7(NodeTestTask.java:129)
	at org.junit.platform.engine.support.hierarchical.Node.around(Node.java:137)
	at org.junit.platform.engine.support.hierarchical.NodeTestTask.lambda$executeRecursively$8(NodeTestTask.java:127)
	at org.junit.platform.engine.support.hierarchical.ThrowableCollector.execute(ThrowableCollector.java:73)
	at org.junit.platform.engine.support.hierarchical.NodeTestTask.executeRecursively(NodeTestTask.java:126)
	at org.junit.platform.engine.support.hierarchical.NodeTestTask.execute(NodeTestTask.java:84)
	at org.junit.platform.engine.support.hierarchical.SameThreadHierarchicalTestExecutorService.submit(SameThreadHierarchicalTestExecutorService.java:32)
	at org.junit.platform.engine.support.hierarchical.HierarchicalTestExecutor.execute(HierarchicalTestExecutor.java:57)
	at org.junit.platform.engine.support.hierarchical.HierarchicalTestEngine.execute(HierarchicalTestEngine.java:51)
	at org.junit.platform.launcher.core.EngineExecutionOrchestrator.execute(EngineExecutionOrchestrator.java:108)
	at org.junit.platform.launcher.core.EngineExecutionOrchestrator.execute(EngineExecutionOrchestrator.java:88)
	at org.junit.platform.launcher.core.EngineExecutionOrchestrator.lambda$execute$0(EngineExecutionOrchestrator.java:54)
	at org.junit.platform.launcher.core.EngineExecutionOrchestrator.withInterceptedStreams(EngineExecutionOrchestrator.java:67)
	at org.junit.platform.launcher.core.EngineExecutionOrchestrator.execute(EngineExecutionOrchestrator.java:52)
	at org.junit.platform.launcher.core.DefaultLauncher.execute(DefaultLauncher.java:96)
	at org.junit.platform.launcher.core.DefaultLauncher.execute(DefaultLauncher.java:75)
	at org.junit.platform.console.tasks.ConsoleTestExecutor.executeTests(ConsoleTestExecutor.java:66)
	at org.junit.platform.console.tasks.ConsoleTestExecutor.lambda$execute$0(ConsoleTestExecutor.java:58)
	at org.junit.platform.console.tasks.CustomContextClassLoaderExecutor.replaceThreadContextClassLoaderAndInvoke(CustomContextClassLoaderExecutor.java:41)
	at org.junit.platform.console.tasks.CustomContextClassLoaderExecutor.invoke(CustomContextClassLoaderExecutor.java:31)
	at org.junit.platform.console.tasks.ConsoleTestExecutor.execute(ConsoleTestExecutor.java:58)
	at org.junit.platform.console.ConsoleLauncher.executeTests(ConsoleLauncher.java:95)
	at org.junit.platform.console.ConsoleLauncher.execute(ConsoleLauncher.java:73)
	at org.junit.platform.console.ConsoleLauncher.execute(ConsoleLauncher.java:50)
	at org.junit.platform.console.ConsoleLauncher.execute(ConsoleLauncher.java:43)
	at org.junit.platform.console.ConsoleLauncher.main(ConsoleLauncher.java:37)
]]></skipped>
<system-out><![CDATA[
unique-id: [engine:junit-jupiter]/[class:minebayd1.test.TestUser]/[test-template:testget(minebayd1.User, int)]/[test-template-invocation:#97]
display-name: [97] Sonia a 47 annonces ouvertes, 2 annonces fermées et 2 achats 
, 0
]]></system-out>
</testcase>
<testcase name="testget(User, int)[98]" classname="minebayd1.test.TestUser" time="0.002">
<system-out><![CDATA[
unique-id: [engine:junit-jupiter]/[class:minebayd1.test.TestUser]/[test-template:testget(minebayd1.User, int)]/[test-template-invocation:#98]
display-name: [98] Mamadou a 59 annonces ouvertes, 2 annonces fermées et 1 achats 
, 58
]]></system-out>
</testcase>
<testcase name="testget(User, int)[99]" classname="minebayd1.test.TestUser" time="0">
<skipped><![CDATA[org.opentest4j.TestAbortedException: Assumption failed: assumption is not true
	at org.junit.jupiter.api.Assumptions.throwTestAbortedException(Assumptions.java:256)
	at org.junit.jupiter.api.Assumptions.assumeTrue(Assumptions.java:115)
	at org.junit.jupiter.api.Assumptions.assumeTrue(Assumptions.java:66)
	at minebayd1.test.TestUser.testget(TestUser.java:918)
	at jdk.internal.reflect.GeneratedMethodAccessor5.invoke(Unknown Source)
	at java.base/jdk.internal.reflect.DelegatingMethodAccessorImpl.invoke(DelegatingMethodAccessorImpl.java:43)
	at java.base/java.lang.reflect.Method.invoke(Method.java:569)
	at org.junit.platform.commons.util.ReflectionUtils.invokeMethod(ReflectionUtils.java:688)
	at org.junit.jupiter.engine.execution.MethodInvocation.proceed(MethodInvocation.java:60)
	at org.junit.jupiter.engine.execution.InvocationInterceptorChain$ValidatingInvocation.proceed(InvocationInterceptorChain.java:131)
	at org.junit.jupiter.engine.extension.TimeoutExtension.intercept(TimeoutExtension.java:149)
	at org.junit.jupiter.engine.extension.TimeoutExtension.interceptTestableMethod(TimeoutExtension.java:140)
	at org.junit.jupiter.engine.extension.TimeoutExtension.interceptTestTemplateMethod(TimeoutExtension.java:92)
	at org.junit.jupiter.engine.execution.ExecutableInvoker$ReflectiveInterceptorCall.lambda$ofVoidMethod$0(ExecutableInvoker.java:115)
	at org.junit.jupiter.engine.execution.ExecutableInvoker.lambda$invoke$0(ExecutableInvoker.java:105)
	at org.junit.jupiter.engine.execution.InvocationInterceptorChain$InterceptedInvocation.proceed(InvocationInterceptorChain.java:106)
	at org.junit.jupiter.engine.execution.InvocationInterceptorChain.proceed(InvocationInterceptorChain.java:64)
	at org.junit.jupiter.engine.execution.InvocationInterceptorChain.chainAndInvoke(InvocationInterceptorChain.java:45)
	at org.junit.jupiter.engine.execution.InvocationInterceptorChain.invoke(InvocationInterceptorChain.java:37)
	at org.junit.jupiter.engine.execution.ExecutableInvoker.invoke(ExecutableInvoker.java:104)
	at org.junit.jupiter.engine.execution.ExecutableInvoker.invoke(ExecutableInvoker.java:98)
	at org.junit.jupiter.engine.descriptor.TestMethodTestDescriptor.lambda$invokeTestMethod$6(TestMethodTestDescriptor.java:210)
	at org.junit.platform.engine.support.hierarchical.ThrowableCollector.execute(ThrowableCollector.java:73)
	at org.junit.jupiter.engine.descriptor.TestMethodTestDescriptor.invokeTestMethod(TestMethodTestDescriptor.java:206)
	at org.junit.jupiter.engine.descriptor.TestMethodTestDescriptor.execute(TestMethodTestDescriptor.java:131)
	at org.junit.jupiter.engine.descriptor.TestMethodTestDescriptor.execute(TestMethodTestDescriptor.java:65)
	at org.junit.platform.engine.support.hierarchical.NodeTestTask.lambda$executeRecursively$5(NodeTestTask.java:139)
	at org.junit.platform.engine.support.hierarchical.ThrowableCollector.execute(ThrowableCollector.java:73)
	at org.junit.platform.engine.support.hierarchical.NodeTestTask.lambda$executeRecursively$7(NodeTestTask.java:129)
	at org.junit.platform.engine.support.hierarchical.Node.around(Node.java:137)
	at org.junit.platform.engine.support.hierarchical.NodeTestTask.lambda$executeRecursively$8(NodeTestTask.java:127)
	at org.junit.platform.engine.support.hierarchical.ThrowableCollector.execute(ThrowableCollector.java:73)
	at org.junit.platform.engine.support.hierarchical.NodeTestTask.executeRecursively(NodeTestTask.java:126)
	at org.junit.platform.engine.support.hierarchical.NodeTestTask.execute(NodeTestTask.java:84)
	at org.junit.platform.engine.support.hierarchical.SameThreadHierarchicalTestExecutorService.submit(SameThreadHierarchicalTestExecutorService.java:32)
	at org.junit.platform.engine.support.hierarchical.NodeTestTask$DefaultDynamicTestExecutor.execute(NodeTestTask.java:212)
	at org.junit.platform.engine.support.hierarchical.NodeTestTask$DefaultDynamicTestExecutor.execute(NodeTestTask.java:192)
	at org.junit.jupiter.engine.descriptor.TestTemplateTestDescriptor.execute(TestTemplateTestDescriptor.java:139)
	at org.junit.jupiter.engine.descriptor.TestTemplateTestDescriptor.lambda$execute$2(TestTemplateTestDescriptor.java:107)
	at java.base/java.util.stream.ForEachOps$ForEachOp$OfRef.accept(ForEachOps.java:183)
	at java.base/java.util.stream.ReferencePipeline$3$1.accept(ReferencePipeline.java:197)
	at java.base/java.util.stream.ReferencePipeline$2$1.accept(ReferencePipeline.java:179)
	at java.base/java.util.stream.ReferencePipeline$3$1.accept(ReferencePipeline.java:197)
	at java.base/java.util.stream.ForEachOps$ForEachOp$OfRef.accept(ForEachOps.java:183)
	at java.base/java.util.stream.ReferencePipeline$15$1.accept(ReferencePipeline.java:541)
	at java.base/java.util.stream.ReferencePipeline$3$1.accept(ReferencePipeline.java:197)
	at java.base/java.util.stream.ReferencePipeline$3$1.accept(ReferencePipeline.java:197)
	at java.base/java.util.stream.ReferencePipeline$3$1.accept(ReferencePipeline.java:197)
	at java.base/java.util.stream.ForEachOps$ForEachOp$OfRef.accept(ForEachOps.java:183)
	at java.base/java.util.stream.ReferencePipeline$3$1.accept(ReferencePipeline.java:197)
	at java.base/java.util.stream.ForEachOps$ForEachOp$OfRef.accept(ForEachOps.java:183)
	at java.base/java.util.stream.SliceOps$1$1.accept(SliceOps.java:200)
	at java.base/java.util.stream.StreamSpliterators$InfiniteSupplyingSpliterator$OfRef.tryAdvance(StreamSpliterators.java:1358)
	at java.base/java.util.stream.ReferencePipeline.forEachWithCancel(ReferencePipeline.java:129)
	at java.base/java.util.stream.AbstractPipeline.copyIntoWithCancel(AbstractPipeline.java:527)
	at java.base/java.util.stream.AbstractPipeline.copyInto(AbstractPipeline.java:513)
	at java.base/java.util.stream.AbstractPipeline.wrapAndCopyInto(AbstractPipeline.java:499)
	at java.base/java.util.stream.ForEachOps$ForEachOp.evaluateSequential(ForEachOps.java:150)
	at java.base/java.util.stream.ForEachOps$ForEachOp$OfRef.evaluateSequential(ForEachOps.java:173)
	at java.base/java.util.stream.AbstractPipeline.evaluate(AbstractPipeline.java:234)
	at java.base/java.util.stream.ReferencePipeline.forEach(ReferencePipeline.java:596)
	at java.base/java.util.stream.ReferencePipeline$7$1.accept(ReferencePipeline.java:276)
	at java.base/java.util.stream.ReferencePipeline$3$1.accept(ReferencePipeline.java:197)
	at java.base/java.util.stream.ReferencePipeline$3$1.accept(ReferencePipeline.java:197)
	at java.base/java.util.Spliterators$ArraySpliterator.forEachRemaining(Spliterators.java:992)
	at java.base/java.util.stream.AbstractPipeline.copyInto(AbstractPipeline.java:509)
	at java.base/java.util.stream.AbstractPipeline.wrapAndCopyInto(AbstractPipeline.java:499)
	at java.base/java.util.stream.ForEachOps$ForEachOp.evaluateSequential(ForEachOps.java:150)
	at java.base/java.util.stream.ForEachOps$ForEachOp$OfRef.evaluateSequential(ForEachOps.java:173)
	at java.base/java.util.stream.AbstractPipeline.evaluate(AbstractPipeline.java:234)
	at java.base/java.util.stream.ReferencePipeline.forEach(ReferencePipeline.java:596)
	at java.base/java.util.stream.ReferencePipeline$7$1.accept(ReferencePipeline.java:276)
	at java.base/java.util.stream.ReferencePipeline$3$1.accept(ReferencePipeline.java:197)
	at java.base/java.util.stream.ReferencePipeline$3$1.accept(ReferencePipeline.java:197)
	at java.base/java.util.stream.ReferencePipeline$3$1.accept(ReferencePipeline.java:197)
	at java.base/java.util.ArrayList$ArrayListSpliterator.forEachRemaining(ArrayList.java:1625)
	at java.base/java.util.stream.AbstractPipeline.copyInto(AbstractPipeline.java:509)
	at java.base/java.util.stream.AbstractPipeline.wrapAndCopyInto(AbstractPipeline.java:499)
	at java.base/java.util.stream.ForEachOps$ForEachOp.evaluateSequential(ForEachOps.java:150)
	at java.base/java.util.stream.ForEachOps$ForEachOp$OfRef.evaluateSequential(ForEachOps.java:173)
	at java.base/java.util.stream.AbstractPipeline.evaluate(AbstractPipeline.java:234)
	at java.base/java.util.stream.ReferencePipeline.forEach(ReferencePipeline.java:596)
	at java.base/java.util.stream.ReferencePipeline$7$1.accept(ReferencePipeline.java:276)
	at java.base/java.util.ArrayList$ArrayListSpliterator.forEachRemaining(ArrayList.java:1625)
	at java.base/java.util.stream.AbstractPipeline.copyInto(AbstractPipeline.java:509)
	at java.base/java.util.stream.AbstractPipeline.wrapAndCopyInto(AbstractPipeline.java:499)
	at java.base/java.util.stream.ForEachOps$ForEachOp.evaluateSequential(ForEachOps.java:150)
	at java.base/java.util.stream.ForEachOps$ForEachOp$OfRef.evaluateSequential(ForEachOps.java:173)
	at java.base/java.util.stream.AbstractPipeline.evaluate(AbstractPipeline.java:234)
	at java.base/java.util.stream.ReferencePipeline.forEach(ReferencePipeline.java:596)
	at org.junit.jupiter.engine.descriptor.TestTemplateTestDescriptor.execute(TestTemplateTestDescriptor.java:107)
	at org.junit.jupiter.engine.descriptor.TestTemplateTestDescriptor.execute(TestTemplateTestDescriptor.java:42)
	at org.junit.platform.engine.support.hierarchical.NodeTestTask.lambda$executeRecursively$5(NodeTestTask.java:139)
	at org.junit.platform.engine.support.hierarchical.ThrowableCollector.execute(ThrowableCollector.java:73)
	at org.junit.platform.engine.support.hierarchical.NodeTestTask.lambda$executeRecursively$7(NodeTestTask.java:129)
	at org.junit.platform.engine.support.hierarchical.Node.around(Node.java:137)
	at org.junit.platform.engine.support.hierarchical.NodeTestTask.lambda$executeRecursively$8(NodeTestTask.java:127)
	at org.junit.platform.engine.support.hierarchical.ThrowableCollector.execute(ThrowableCollector.java:73)
	at org.junit.platform.engine.support.hierarchical.NodeTestTask.executeRecursively(NodeTestTask.java:126)
	at org.junit.platform.engine.support.hierarchical.NodeTestTask.execute(NodeTestTask.java:84)
	at java.base/java.util.ArrayList.forEach(ArrayList.java:1511)
	at org.junit.platform.engine.support.hierarchical.SameThreadHierarchicalTestExecutorService.invokeAll(SameThreadHierarchicalTestExecutorService.java:38)
	at org.junit.platform.engine.support.hierarchical.NodeTestTask.lambda$executeRecursively$5(NodeTestTask.java:143)
	at org.junit.platform.engine.support.hierarchical.ThrowableCollector.execute(ThrowableCollector.java:73)
	at org.junit.platform.engine.support.hierarchical.NodeTestTask.lambda$executeRecursively$7(NodeTestTask.java:129)
	at org.junit.platform.engine.support.hierarchical.Node.around(Node.java:137)
	at org.junit.platform.engine.support.hierarchical.NodeTestTask.lambda$executeRecursively$8(NodeTestTask.java:127)
	at org.junit.platform.engine.support.hierarchical.ThrowableCollector.execute(ThrowableCollector.java:73)
	at org.junit.platform.engine.support.hierarchical.NodeTestTask.executeRecursively(NodeTestTask.java:126)
	at org.junit.platform.engine.support.hierarchical.NodeTestTask.execute(NodeTestTask.java:84)
	at java.base/java.util.ArrayList.forEach(ArrayList.java:1511)
	at org.junit.platform.engine.support.hierarchical.SameThreadHierarchicalTestExecutorService.invokeAll(SameThreadHierarchicalTestExecutorService.java:38)
	at org.junit.platform.engine.support.hierarchical.NodeTestTask.lambda$executeRecursively$5(NodeTestTask.java:143)
	at org.junit.platform.engine.support.hierarchical.ThrowableCollector.execute(ThrowableCollector.java:73)
	at org.junit.platform.engine.support.hierarchical.NodeTestTask.lambda$executeRecursively$7(NodeTestTask.java:129)
	at org.junit.platform.engine.support.hierarchical.Node.around(Node.java:137)
	at org.junit.platform.engine.support.hierarchical.NodeTestTask.lambda$executeRecursively$8(NodeTestTask.java:127)
	at org.junit.platform.engine.support.hierarchical.ThrowableCollector.execute(ThrowableCollector.java:73)
	at org.junit.platform.engine.support.hierarchical.NodeTestTask.executeRecursively(NodeTestTask.java:126)
	at org.junit.platform.engine.support.hierarchical.NodeTestTask.execute(NodeTestTask.java:84)
	at org.junit.platform.engine.support.hierarchical.SameThreadHierarchicalTestExecutorService.submit(SameThreadHierarchicalTestExecutorService.java:32)
	at org.junit.platform.engine.support.hierarchical.HierarchicalTestExecutor.execute(HierarchicalTestExecutor.java:57)
	at org.junit.platform.engine.support.hierarchical.HierarchicalTestEngine.execute(HierarchicalTestEngine.java:51)
	at org.junit.platform.launcher.core.EngineExecutionOrchestrator.execute(EngineExecutionOrchestrator.java:108)
	at org.junit.platform.launcher.core.EngineExecutionOrchestrator.execute(EngineExecutionOrchestrator.java:88)
	at org.junit.platform.launcher.core.EngineExecutionOrchestrator.lambda$execute$0(EngineExecutionOrchestrator.java:54)
	at org.junit.platform.launcher.core.EngineExecutionOrchestrator.withInterceptedStreams(EngineExecutionOrchestrator.java:67)
	at org.junit.platform.launcher.core.EngineExecutionOrchestrator.execute(EngineExecutionOrchestrator.java:52)
	at org.junit.platform.launcher.core.DefaultLauncher.execute(DefaultLauncher.java:96)
	at org.junit.platform.launcher.core.DefaultLauncher.execute(DefaultLauncher.java:75)
	at org.junit.platform.console.tasks.ConsoleTestExecutor.executeTests(ConsoleTestExecutor.java:66)
	at org.junit.platform.console.tasks.ConsoleTestExecutor.lambda$execute$0(ConsoleTestExecutor.java:58)
	at org.junit.platform.console.tasks.CustomContextClassLoaderExecutor.replaceThreadContextClassLoaderAndInvoke(CustomContextClassLoaderExecutor.java:41)
	at org.junit.platform.console.tasks.CustomContextClassLoaderExecutor.invoke(CustomContextClassLoaderExecutor.java:31)
	at org.junit.platform.console.tasks.ConsoleTestExecutor.execute(ConsoleTestExecutor.java:58)
	at org.junit.platform.console.ConsoleLauncher.executeTests(ConsoleLauncher.java:95)
	at org.junit.platform.console.ConsoleLauncher.execute(ConsoleLauncher.java:73)
	at org.junit.platform.console.ConsoleLauncher.execute(ConsoleLauncher.java:50)
	at org.junit.platform.console.ConsoleLauncher.execute(ConsoleLauncher.java:43)
	at org.junit.platform.console.ConsoleLauncher.main(ConsoleLauncher.java:37)
]]></skipped>
<system-out><![CDATA[
unique-id: [engine:junit-jupiter]/[class:minebayd1.test.TestUser]/[test-template:testget(minebayd1.User, int)]/[test-template-invocation:#99]
display-name: [99] Issa a 70 annonces ouvertes, 3 annonces fermées et 3 achats 
, 2
]]></system-out>
</testcase>
<testcase name="testget(User, int)[100]" classname="minebayd1.test.TestUser" time="0.001">
<system-out><![CDATA[
unique-id: [engine:junit-jupiter]/[class:minebayd1.test.TestUser]/[test-template:testget(minebayd1.User, int)]/[test-template-invocation:#100]
display-name: [100] Yanis a 61 annonces ouvertes, 4 annonces fermées et 3 achats 
, 0
]]></system-out>
</testcase>
<testcase name="testget(User, AdState, Optional, int)[1]" classname="minebayd1.test.TestUser" time="0.001">
<system-out><![CDATA[
unique-id: [engine:junit-jupiter]/[class:minebayd1.test.TestUser]/[test-template:testget(minebayd1.User, minebayd1.AdState, java.util.Optional, int)]/[test-template-invocation:#1]
display-name: [1] Issa a 70 annonces ouvertes, 3 annonces fermées et 3 achats 
, OPEN, Optional[BOOKS], 12
]]></system-out>
</testcase>
<testcase name="testget(User, AdState, Optional, int)[2]" classname="minebayd1.test.TestUser" time="0">
<skipped><![CDATA[org.opentest4j.TestAbortedException: Assumption failed: assumption is not true
	at org.junit.jupiter.api.Assumptions.throwTestAbortedException(Assumptions.java:256)
	at org.junit.jupiter.api.Assumptions.assumeTrue(Assumptions.java:115)
	at org.junit.jupiter.api.Assumptions.assumeTrue(Assumptions.java:66)
	at minebayd1.test.TestUser.testget(TestUser.java:961)
	at java.base/jdk.internal.reflect.NativeMethodAccessorImpl.invoke0(Native Method)
	at java.base/jdk.internal.reflect.NativeMethodAccessorImpl.invoke(NativeMethodAccessorImpl.java:77)
	at java.base/jdk.internal.reflect.DelegatingMethodAccessorImpl.invoke(DelegatingMethodAccessorImpl.java:43)
	at java.base/java.lang.reflect.Method.invoke(Method.java:569)
	at org.junit.platform.commons.util.ReflectionUtils.invokeMethod(ReflectionUtils.java:688)
	at org.junit.jupiter.engine.execution.MethodInvocation.proceed(MethodInvocation.java:60)
	at org.junit.jupiter.engine.execution.InvocationInterceptorChain$ValidatingInvocation.proceed(InvocationInterceptorChain.java:131)
	at org.junit.jupiter.engine.extension.TimeoutExtension.intercept(TimeoutExtension.java:149)
	at org.junit.jupiter.engine.extension.TimeoutExtension.interceptTestableMethod(TimeoutExtension.java:140)
	at org.junit.jupiter.engine.extension.TimeoutExtension.interceptTestTemplateMethod(TimeoutExtension.java:92)
	at org.junit.jupiter.engine.execution.ExecutableInvoker$ReflectiveInterceptorCall.lambda$ofVoidMethod$0(ExecutableInvoker.java:115)
	at org.junit.jupiter.engine.execution.ExecutableInvoker.lambda$invoke$0(ExecutableInvoker.java:105)
	at org.junit.jupiter.engine.execution.InvocationInterceptorChain$InterceptedInvocation.proceed(InvocationInterceptorChain.java:106)
	at org.junit.jupiter.engine.execution.InvocationInterceptorChain.proceed(InvocationInterceptorChain.java:64)
	at org.junit.jupiter.engine.execution.InvocationInterceptorChain.chainAndInvoke(InvocationInterceptorChain.java:45)
	at org.junit.jupiter.engine.execution.InvocationInterceptorChain.invoke(InvocationInterceptorChain.java:37)
	at org.junit.jupiter.engine.execution.ExecutableInvoker.invoke(ExecutableInvoker.java:104)
	at org.junit.jupiter.engine.execution.ExecutableInvoker.invoke(ExecutableInvoker.java:98)
	at org.junit.jupiter.engine.descriptor.TestMethodTestDescriptor.lambda$invokeTestMethod$6(TestMethodTestDescriptor.java:210)
	at org.junit.platform.engine.support.hierarchical.ThrowableCollector.execute(ThrowableCollector.java:73)
	at org.junit.jupiter.engine.descriptor.TestMethodTestDescriptor.invokeTestMethod(TestMethodTestDescriptor.java:206)
	at org.junit.jupiter.engine.descriptor.TestMethodTestDescriptor.execute(TestMethodTestDescriptor.java:131)
	at org.junit.jupiter.engine.descriptor.TestMethodTestDescriptor.execute(TestMethodTestDescriptor.java:65)
	at org.junit.platform.engine.support.hierarchical.NodeTestTask.lambda$executeRecursively$5(NodeTestTask.java:139)
	at org.junit.platform.engine.support.hierarchical.ThrowableCollector.execute(ThrowableCollector.java:73)
	at org.junit.platform.engine.support.hierarchical.NodeTestTask.lambda$executeRecursively$7(NodeTestTask.java:129)
	at org.junit.platform.engine.support.hierarchical.Node.around(Node.java:137)
	at org.junit.platform.engine.support.hierarchical.NodeTestTask.lambda$executeRecursively$8(NodeTestTask.java:127)
	at org.junit.platform.engine.support.hierarchical.ThrowableCollector.execute(ThrowableCollector.java:73)
	at org.junit.platform.engine.support.hierarchical.NodeTestTask.executeRecursively(NodeTestTask.java:126)
	at org.junit.platform.engine.support.hierarchical.NodeTestTask.execute(NodeTestTask.java:84)
	at org.junit.platform.engine.support.hierarchical.SameThreadHierarchicalTestExecutorService.submit(SameThreadHierarchicalTestExecutorService.java:32)
	at org.junit.platform.engine.support.hierarchical.NodeTestTask$DefaultDynamicTestExecutor.execute(NodeTestTask.java:212)
	at org.junit.platform.engine.support.hierarchical.NodeTestTask$DefaultDynamicTestExecutor.execute(NodeTestTask.java:192)
	at org.junit.jupiter.engine.descriptor.TestTemplateTestDescriptor.execute(TestTemplateTestDescriptor.java:139)
	at org.junit.jupiter.engine.descriptor.TestTemplateTestDescriptor.lambda$execute$2(TestTemplateTestDescriptor.java:107)
	at java.base/java.util.stream.ForEachOps$ForEachOp$OfRef.accept(ForEachOps.java:183)
	at java.base/java.util.stream.ReferencePipeline$3$1.accept(ReferencePipeline.java:197)
	at java.base/java.util.stream.ReferencePipeline$2$1.accept(ReferencePipeline.java:179)
	at java.base/java.util.stream.ReferencePipeline$3$1.accept(ReferencePipeline.java:197)
	at java.base/java.util.stream.ForEachOps$ForEachOp$OfRef.accept(ForEachOps.java:183)
	at java.base/java.util.stream.ReferencePipeline$15$1.accept(ReferencePipeline.java:541)
	at java.base/java.util.stream.ReferencePipeline$3$1.accept(ReferencePipeline.java:197)
	at java.base/java.util.stream.ReferencePipeline$3$1.accept(ReferencePipeline.java:197)
	at java.base/java.util.stream.ReferencePipeline$3$1.accept(ReferencePipeline.java:197)
	at java.base/java.util.stream.ForEachOps$ForEachOp$OfRef.accept(ForEachOps.java:183)
	at java.base/java.util.stream.ReferencePipeline$3$1.accept(ReferencePipeline.java:197)
	at java.base/java.util.stream.ForEachOps$ForEachOp$OfRef.accept(ForEachOps.java:183)
	at java.base/java.util.stream.SliceOps$1$1.accept(SliceOps.java:200)
	at java.base/java.util.stream.StreamSpliterators$InfiniteSupplyingSpliterator$OfRef.tryAdvance(StreamSpliterators.java:1358)
	at java.base/java.util.stream.ReferencePipeline.forEachWithCancel(ReferencePipeline.java:129)
	at java.base/java.util.stream.AbstractPipeline.copyIntoWithCancel(AbstractPipeline.java:527)
	at java.base/java.util.stream.AbstractPipeline.copyInto(AbstractPipeline.java:513)
	at java.base/java.util.stream.AbstractPipeline.wrapAndCopyInto(AbstractPipeline.java:499)
	at java.base/java.util.stream.ForEachOps$ForEachOp.evaluateSequential(ForEachOps.java:150)
	at java.base/java.util.stream.ForEachOps$ForEachOp$OfRef.evaluateSequential(ForEachOps.java:173)
	at java.base/java.util.stream.AbstractPipeline.evaluate(AbstractPipeline.java:234)
	at java.base/java.util.stream.ReferencePipeline.forEach(ReferencePipeline.java:596)
	at java.base/java.util.stream.ReferencePipeline$7$1.accept(ReferencePipeline.java:276)
	at java.base/java.util.stream.ReferencePipeline$3$1.accept(ReferencePipeline.java:197)
	at java.base/java.util.stream.ReferencePipeline$3$1.accept(ReferencePipeline.java:197)
	at java.base/java.util.Spliterators$ArraySpliterator.forEachRemaining(Spliterators.java:992)
	at java.base/java.util.stream.AbstractPipeline.copyInto(AbstractPipeline.java:509)
	at java.base/java.util.stream.AbstractPipeline.wrapAndCopyInto(AbstractPipeline.java:499)
	at java.base/java.util.stream.ForEachOps$ForEachOp.evaluateSequential(ForEachOps.java:150)
	at java.base/java.util.stream.ForEachOps$ForEachOp$OfRef.evaluateSequential(ForEachOps.java:173)
	at java.base/java.util.stream.AbstractPipeline.evaluate(AbstractPipeline.java:234)
	at java.base/java.util.stream.ReferencePipeline.forEach(ReferencePipeline.java:596)
	at java.base/java.util.stream.ReferencePipeline$7$1.accept(ReferencePipeline.java:276)
	at java.base/java.util.stream.ReferencePipeline$3$1.accept(ReferencePipeline.java:197)
	at java.base/java.util.stream.ReferencePipeline$3$1.accept(ReferencePipeline.java:197)
	at java.base/java.util.stream.ReferencePipeline$3$1.accept(ReferencePipeline.java:197)
	at java.base/java.util.ArrayList$ArrayListSpliterator.forEachRemaining(ArrayList.java:1625)
	at java.base/java.util.stream.AbstractPipeline.copyInto(AbstractPipeline.java:509)
	at java.base/java.util.stream.AbstractPipeline.wrapAndCopyInto(AbstractPipeline.java:499)
	at java.base/java.util.stream.ForEachOps$ForEachOp.evaluateSequential(ForEachOps.java:150)
	at java.base/java.util.stream.ForEachOps$ForEachOp$OfRef.evaluateSequential(ForEachOps.java:173)
	at java.base/java.util.stream.AbstractPipeline.evaluate(AbstractPipeline.java:234)
	at java.base/java.util.stream.ReferencePipeline.forEach(ReferencePipeline.java:596)
	at java.base/java.util.stream.ReferencePipeline$7$1.accept(ReferencePipeline.java:276)
	at java.base/java.util.ArrayList$ArrayListSpliterator.forEachRemaining(ArrayList.java:1625)
	at java.base/java.util.stream.AbstractPipeline.copyInto(AbstractPipeline.java:509)
	at java.base/java.util.stream.AbstractPipeline.wrapAndCopyInto(AbstractPipeline.java:499)
	at java.base/java.util.stream.ForEachOps$ForEachOp.evaluateSequential(ForEachOps.java:150)
	at java.base/java.util.stream.ForEachOps$ForEachOp$OfRef.evaluateSequential(ForEachOps.java:173)
	at java.base/java.util.stream.AbstractPipeline.evaluate(AbstractPipeline.java:234)
	at java.base/java.util.stream.ReferencePipeline.forEach(ReferencePipeline.java:596)
	at org.junit.jupiter.engine.descriptor.TestTemplateTestDescriptor.execute(TestTemplateTestDescriptor.java:107)
	at org.junit.jupiter.engine.descriptor.TestTemplateTestDescriptor.execute(TestTemplateTestDescriptor.java:42)
	at org.junit.platform.engine.support.hierarchical.NodeTestTask.lambda$executeRecursively$5(NodeTestTask.java:139)
	at org.junit.platform.engine.support.hierarchical.ThrowableCollector.execute(ThrowableCollector.java:73)
	at org.junit.platform.engine.support.hierarchical.NodeTestTask.lambda$executeRecursively$7(NodeTestTask.java:129)
	at org.junit.platform.engine.support.hierarchical.Node.around(Node.java:137)
	at org.junit.platform.engine.support.hierarchical.NodeTestTask.lambda$executeRecursively$8(NodeTestTask.java:127)
	at org.junit.platform.engine.support.hierarchical.ThrowableCollector.execute(ThrowableCollector.java:73)
	at org.junit.platform.engine.support.hierarchical.NodeTestTask.executeRecursively(NodeTestTask.java:126)
	at org.junit.platform.engine.support.hierarchical.NodeTestTask.execute(NodeTestTask.java:84)
	at java.base/java.util.ArrayList.forEach(ArrayList.java:1511)
	at org.junit.platform.engine.support.hierarchical.SameThreadHierarchicalTestExecutorService.invokeAll(SameThreadHierarchicalTestExecutorService.java:38)
	at org.junit.platform.engine.support.hierarchical.NodeTestTask.lambda$executeRecursively$5(NodeTestTask.java:143)
	at org.junit.platform.engine.support.hierarchical.ThrowableCollector.execute(ThrowableCollector.java:73)
	at org.junit.platform.engine.support.hierarchical.NodeTestTask.lambda$executeRecursively$7(NodeTestTask.java:129)
	at org.junit.platform.engine.support.hierarchical.Node.around(Node.java:137)
	at org.junit.platform.engine.support.hierarchical.NodeTestTask.lambda$executeRecursively$8(NodeTestTask.java:127)
	at org.junit.platform.engine.support.hierarchical.ThrowableCollector.execute(ThrowableCollector.java:73)
	at org.junit.platform.engine.support.hierarchical.NodeTestTask.executeRecursively(NodeTestTask.java:126)
	at org.junit.platform.engine.support.hierarchical.NodeTestTask.execute(NodeTestTask.java:84)
	at java.base/java.util.ArrayList.forEach(ArrayList.java:1511)
	at org.junit.platform.engine.support.hierarchical.SameThreadHierarchicalTestExecutorService.invokeAll(SameThreadHierarchicalTestExecutorService.java:38)
	at org.junit.platform.engine.support.hierarchical.NodeTestTask.lambda$executeRecursively$5(NodeTestTask.java:143)
	at org.junit.platform.engine.support.hierarchical.ThrowableCollector.execute(ThrowableCollector.java:73)
	at org.junit.platform.engine.support.hierarchical.NodeTestTask.lambda$executeRecursively$7(NodeTestTask.java:129)
	at org.junit.platform.engine.support.hierarchical.Node.around(Node.java:137)
	at org.junit.platform.engine.support.hierarchical.NodeTestTask.lambda$executeRecursively$8(NodeTestTask.java:127)
	at org.junit.platform.engine.support.hierarchical.ThrowableCollector.execute(ThrowableCollector.java:73)
	at org.junit.platform.engine.support.hierarchical.NodeTestTask.executeRecursively(NodeTestTask.java:126)
	at org.junit.platform.engine.support.hierarchical.NodeTestTask.execute(NodeTestTask.java:84)
	at org.junit.platform.engine.support.hierarchical.SameThreadHierarchicalTestExecutorService.submit(SameThreadHierarchicalTestExecutorService.java:32)
	at org.junit.platform.engine.support.hierarchical.HierarchicalTestExecutor.execute(HierarchicalTestExecutor.java:57)
	at org.junit.platform.engine.support.hierarchical.HierarchicalTestEngine.execute(HierarchicalTestEngine.java:51)
	at org.junit.platform.launcher.core.EngineExecutionOrchestrator.execute(EngineExecutionOrchestrator.java:108)
	at org.junit.platform.launcher.core.EngineExecutionOrchestrator.execute(EngineExecutionOrchestrator.java:88)
	at org.junit.platform.launcher.core.EngineExecutionOrchestrator.lambda$execute$0(EngineExecutionOrchestrator.java:54)
	at org.junit.platform.launcher.core.EngineExecutionOrchestrator.withInterceptedStreams(EngineExecutionOrchestrator.java:67)
	at org.junit.platform.launcher.core.EngineExecutionOrchestrator.execute(EngineExecutionOrchestrator.java:52)
	at org.junit.platform.launcher.core.DefaultLauncher.execute(DefaultLauncher.java:96)
	at org.junit.platform.launcher.core.DefaultLauncher.execute(DefaultLauncher.java:75)
	at org.junit.platform.console.tasks.ConsoleTestExecutor.executeTests(ConsoleTestExecutor.java:66)
	at org.junit.platform.console.tasks.ConsoleTestExecutor.lambda$execute$0(ConsoleTestExecutor.java:58)
	at org.junit.platform.console.tasks.CustomContextClassLoaderExecutor.replaceThreadContextClassLoaderAndInvoke(CustomContextClassLoaderExecutor.java:41)
	at org.junit.platform.console.tasks.CustomContextClassLoaderExecutor.invoke(CustomContextClassLoaderExecutor.java:31)
	at org.junit.platform.console.tasks.ConsoleTestExecutor.execute(ConsoleTestExecutor.java:58)
	at org.junit.platform.console.ConsoleLauncher.executeTests(ConsoleLauncher.java:95)
	at org.junit.platform.console.ConsoleLauncher.execute(ConsoleLauncher.java:73)
	at org.junit.platform.console.ConsoleLauncher.execute(ConsoleLauncher.java:50)
	at org.junit.platform.console.ConsoleLauncher.execute(ConsoleLauncher.java:43)
	at org.junit.platform.console.ConsoleLauncher.main(ConsoleLauncher.java:37)
]]></skipped>
<system-out><![CDATA[
unique-id: [engine:junit-jupiter]/[class:minebayd1.test.TestUser]/[test-template:testget(minebayd1.User, minebayd1.AdState, java.util.Optional, int)]/[test-template-invocation:#2]
display-name: [2] Zahra a 42 annonces ouvertes, 0 annonces fermées et 2 achats 
, PURCHASE, Optional[CLOTHES], 0
]]></system-out>
</testcase>
<testcase name="testget(User, AdState, Optional, int)[3]" classname="minebayd1.test.TestUser" time="0">
<skipped><![CDATA[org.opentest4j.TestAbortedException: Assumption failed: assumption is not true
	at org.junit.jupiter.api.Assumptions.throwTestAbortedException(Assumptions.java:256)
	at org.junit.jupiter.api.Assumptions.assumeTrue(Assumptions.java:115)
	at org.junit.jupiter.api.Assumptions.assumeTrue(Assumptions.java:66)
	at minebayd1.test.TestUser.testget(TestUser.java:961)
	at java.base/jdk.internal.reflect.NativeMethodAccessorImpl.invoke0(Native Method)
	at java.base/jdk.internal.reflect.NativeMethodAccessorImpl.invoke(NativeMethodAccessorImpl.java:77)
	at java.base/jdk.internal.reflect.DelegatingMethodAccessorImpl.invoke(DelegatingMethodAccessorImpl.java:43)
	at java.base/java.lang.reflect.Method.invoke(Method.java:569)
	at org.junit.platform.commons.util.ReflectionUtils.invokeMethod(ReflectionUtils.java:688)
	at org.junit.jupiter.engine.execution.MethodInvocation.proceed(MethodInvocation.java:60)
	at org.junit.jupiter.engine.execution.InvocationInterceptorChain$ValidatingInvocation.proceed(InvocationInterceptorChain.java:131)
	at org.junit.jupiter.engine.extension.TimeoutExtension.intercept(TimeoutExtension.java:149)
	at org.junit.jupiter.engine.extension.TimeoutExtension.interceptTestableMethod(TimeoutExtension.java:140)
	at org.junit.jupiter.engine.extension.TimeoutExtension.interceptTestTemplateMethod(TimeoutExtension.java:92)
	at org.junit.jupiter.engine.execution.ExecutableInvoker$ReflectiveInterceptorCall.lambda$ofVoidMethod$0(ExecutableInvoker.java:115)
	at org.junit.jupiter.engine.execution.ExecutableInvoker.lambda$invoke$0(ExecutableInvoker.java:105)
	at org.junit.jupiter.engine.execution.InvocationInterceptorChain$InterceptedInvocation.proceed(InvocationInterceptorChain.java:106)
	at org.junit.jupiter.engine.execution.InvocationInterceptorChain.proceed(InvocationInterceptorChain.java:64)
	at org.junit.jupiter.engine.execution.InvocationInterceptorChain.chainAndInvoke(InvocationInterceptorChain.java:45)
	at org.junit.jupiter.engine.execution.InvocationInterceptorChain.invoke(InvocationInterceptorChain.java:37)
	at org.junit.jupiter.engine.execution.ExecutableInvoker.invoke(ExecutableInvoker.java:104)
	at org.junit.jupiter.engine.execution.ExecutableInvoker.invoke(ExecutableInvoker.java:98)
	at org.junit.jupiter.engine.descriptor.TestMethodTestDescriptor.lambda$invokeTestMethod$6(TestMethodTestDescriptor.java:210)
	at org.junit.platform.engine.support.hierarchical.ThrowableCollector.execute(ThrowableCollector.java:73)
	at org.junit.jupiter.engine.descriptor.TestMethodTestDescriptor.invokeTestMethod(TestMethodTestDescriptor.java:206)
	at org.junit.jupiter.engine.descriptor.TestMethodTestDescriptor.execute(TestMethodTestDescriptor.java:131)
	at org.junit.jupiter.engine.descriptor.TestMethodTestDescriptor.execute(TestMethodTestDescriptor.java:65)
	at org.junit.platform.engine.support.hierarchical.NodeTestTask.lambda$executeRecursively$5(NodeTestTask.java:139)
	at org.junit.platform.engine.support.hierarchical.ThrowableCollector.execute(ThrowableCollector.java:73)
	at org.junit.platform.engine.support.hierarchical.NodeTestTask.lambda$executeRecursively$7(NodeTestTask.java:129)
	at org.junit.platform.engine.support.hierarchical.Node.around(Node.java:137)
	at org.junit.platform.engine.support.hierarchical.NodeTestTask.lambda$executeRecursively$8(NodeTestTask.java:127)
	at org.junit.platform.engine.support.hierarchical.ThrowableCollector.execute(ThrowableCollector.java:73)
	at org.junit.platform.engine.support.hierarchical.NodeTestTask.executeRecursively(NodeTestTask.java:126)
	at org.junit.platform.engine.support.hierarchical.NodeTestTask.execute(NodeTestTask.java:84)
	at org.junit.platform.engine.support.hierarchical.SameThreadHierarchicalTestExecutorService.submit(SameThreadHierarchicalTestExecutorService.java:32)
	at org.junit.platform.engine.support.hierarchical.NodeTestTask$DefaultDynamicTestExecutor.execute(NodeTestTask.java:212)
	at org.junit.platform.engine.support.hierarchical.NodeTestTask$DefaultDynamicTestExecutor.execute(NodeTestTask.java:192)
	at org.junit.jupiter.engine.descriptor.TestTemplateTestDescriptor.execute(TestTemplateTestDescriptor.java:139)
	at org.junit.jupiter.engine.descriptor.TestTemplateTestDescriptor.lambda$execute$2(TestTemplateTestDescriptor.java:107)
	at java.base/java.util.stream.ForEachOps$ForEachOp$OfRef.accept(ForEachOps.java:183)
	at java.base/java.util.stream.ReferencePipeline$3$1.accept(ReferencePipeline.java:197)
	at java.base/java.util.stream.ReferencePipeline$2$1.accept(ReferencePipeline.java:179)
	at java.base/java.util.stream.ReferencePipeline$3$1.accept(ReferencePipeline.java:197)
	at java.base/java.util.stream.ForEachOps$ForEachOp$OfRef.accept(ForEachOps.java:183)
	at java.base/java.util.stream.ReferencePipeline$15$1.accept(ReferencePipeline.java:541)
	at java.base/java.util.stream.ReferencePipeline$3$1.accept(ReferencePipeline.java:197)
	at java.base/java.util.stream.ReferencePipeline$3$1.accept(ReferencePipeline.java:197)
	at java.base/java.util.stream.ReferencePipeline$3$1.accept(ReferencePipeline.java:197)
	at java.base/java.util.stream.ForEachOps$ForEachOp$OfRef.accept(ForEachOps.java:183)
	at java.base/java.util.stream.ReferencePipeline$3$1.accept(ReferencePipeline.java:197)
	at java.base/java.util.stream.ForEachOps$ForEachOp$OfRef.accept(ForEachOps.java:183)
	at java.base/java.util.stream.SliceOps$1$1.accept(SliceOps.java:200)
	at java.base/java.util.stream.StreamSpliterators$InfiniteSupplyingSpliterator$OfRef.tryAdvance(StreamSpliterators.java:1358)
	at java.base/java.util.stream.ReferencePipeline.forEachWithCancel(ReferencePipeline.java:129)
	at java.base/java.util.stream.AbstractPipeline.copyIntoWithCancel(AbstractPipeline.java:527)
	at java.base/java.util.stream.AbstractPipeline.copyInto(AbstractPipeline.java:513)
	at java.base/java.util.stream.AbstractPipeline.wrapAndCopyInto(AbstractPipeline.java:499)
	at java.base/java.util.stream.ForEachOps$ForEachOp.evaluateSequential(ForEachOps.java:150)
	at java.base/java.util.stream.ForEachOps$ForEachOp$OfRef.evaluateSequential(ForEachOps.java:173)
	at java.base/java.util.stream.AbstractPipeline.evaluate(AbstractPipeline.java:234)
	at java.base/java.util.stream.ReferencePipeline.forEach(ReferencePipeline.java:596)
	at java.base/java.util.stream.ReferencePipeline$7$1.accept(ReferencePipeline.java:276)
	at java.base/java.util.stream.ReferencePipeline$3$1.accept(ReferencePipeline.java:197)
	at java.base/java.util.stream.ReferencePipeline$3$1.accept(ReferencePipeline.java:197)
	at java.base/java.util.Spliterators$ArraySpliterator.forEachRemaining(Spliterators.java:992)
	at java.base/java.util.stream.AbstractPipeline.copyInto(AbstractPipeline.java:509)
	at java.base/java.util.stream.AbstractPipeline.wrapAndCopyInto(AbstractPipeline.java:499)
	at java.base/java.util.stream.ForEachOps$ForEachOp.evaluateSequential(ForEachOps.java:150)
	at java.base/java.util.stream.ForEachOps$ForEachOp$OfRef.evaluateSequential(ForEachOps.java:173)
	at java.base/java.util.stream.AbstractPipeline.evaluate(AbstractPipeline.java:234)
	at java.base/java.util.stream.ReferencePipeline.forEach(ReferencePipeline.java:596)
	at java.base/java.util.stream.ReferencePipeline$7$1.accept(ReferencePipeline.java:276)
	at java.base/java.util.stream.ReferencePipeline$3$1.accept(ReferencePipeline.java:197)
	at java.base/java.util.stream.ReferencePipeline$3$1.accept(ReferencePipeline.java:197)
	at java.base/java.util.stream.ReferencePipeline$3$1.accept(ReferencePipeline.java:197)
	at java.base/java.util.ArrayList$ArrayListSpliterator.forEachRemaining(ArrayList.java:1625)
	at java.base/java.util.stream.AbstractPipeline.copyInto(AbstractPipeline.java:509)
	at java.base/java.util.stream.AbstractPipeline.wrapAndCopyInto(AbstractPipeline.java:499)
	at java.base/java.util.stream.ForEachOps$ForEachOp.evaluateSequential(ForEachOps.java:150)
	at java.base/java.util.stream.ForEachOps$ForEachOp$OfRef.evaluateSequential(ForEachOps.java:173)
	at java.base/java.util.stream.AbstractPipeline.evaluate(AbstractPipeline.java:234)
	at java.base/java.util.stream.ReferencePipeline.forEach(ReferencePipeline.java:596)
	at java.base/java.util.stream.ReferencePipeline$7$1.accept(ReferencePipeline.java:276)
	at java.base/java.util.ArrayList$ArrayListSpliterator.forEachRemaining(ArrayList.java:1625)
	at java.base/java.util.stream.AbstractPipeline.copyInto(AbstractPipeline.java:509)
	at java.base/java.util.stream.AbstractPipeline.wrapAndCopyInto(AbstractPipeline.java:499)
	at java.base/java.util.stream.ForEachOps$ForEachOp.evaluateSequential(ForEachOps.java:150)
	at java.base/java.util.stream.ForEachOps$ForEachOp$OfRef.evaluateSequential(ForEachOps.java:173)
	at java.base/java.util.stream.AbstractPipeline.evaluate(AbstractPipeline.java:234)
	at java.base/java.util.stream.ReferencePipeline.forEach(ReferencePipeline.java:596)
	at org.junit.jupiter.engine.descriptor.TestTemplateTestDescriptor.execute(TestTemplateTestDescriptor.java:107)
	at org.junit.jupiter.engine.descriptor.TestTemplateTestDescriptor.execute(TestTemplateTestDescriptor.java:42)
	at org.junit.platform.engine.support.hierarchical.NodeTestTask.lambda$executeRecursively$5(NodeTestTask.java:139)
	at org.junit.platform.engine.support.hierarchical.ThrowableCollector.execute(ThrowableCollector.java:73)
	at org.junit.platform.engine.support.hierarchical.NodeTestTask.lambda$executeRecursively$7(NodeTestTask.java:129)
	at org.junit.platform.engine.support.hierarchical.Node.around(Node.java:137)
	at org.junit.platform.engine.support.hierarchical.NodeTestTask.lambda$executeRecursively$8(NodeTestTask.java:127)
	at org.junit.platform.engine.support.hierarchical.ThrowableCollector.execute(ThrowableCollector.java:73)
	at org.junit.platform.engine.support.hierarchical.NodeTestTask.executeRecursively(NodeTestTask.java:126)
	at org.junit.platform.engine.support.hierarchical.NodeTestTask.execute(NodeTestTask.java:84)
	at java.base/java.util.ArrayList.forEach(ArrayList.java:1511)
	at org.junit.platform.engine.support.hierarchical.SameThreadHierarchicalTestExecutorService.invokeAll(SameThreadHierarchicalTestExecutorService.java:38)
	at org.junit.platform.engine.support.hierarchical.NodeTestTask.lambda$executeRecursively$5(NodeTestTask.java:143)
	at org.junit.platform.engine.support.hierarchical.ThrowableCollector.execute(ThrowableCollector.java:73)
	at org.junit.platform.engine.support.hierarchical.NodeTestTask.lambda$executeRecursively$7(NodeTestTask.java:129)
	at org.junit.platform.engine.support.hierarchical.Node.around(Node.java:137)
	at org.junit.platform.engine.support.hierarchical.NodeTestTask.lambda$executeRecursively$8(NodeTestTask.java:127)
	at org.junit.platform.engine.support.hierarchical.ThrowableCollector.execute(ThrowableCollector.java:73)
	at org.junit.platform.engine.support.hierarchical.NodeTestTask.executeRecursively(NodeTestTask.java:126)
	at org.junit.platform.engine.support.hierarchical.NodeTestTask.execute(NodeTestTask.java:84)
	at java.base/java.util.ArrayList.forEach(ArrayList.java:1511)
	at org.junit.platform.engine.support.hierarchical.SameThreadHierarchicalTestExecutorService.invokeAll(SameThreadHierarchicalTestExecutorService.java:38)
	at org.junit.platform.engine.support.hierarchical.NodeTestTask.lambda$executeRecursively$5(NodeTestTask.java:143)
	at org.junit.platform.engine.support.hierarchical.ThrowableCollector.execute(ThrowableCollector.java:73)
	at org.junit.platform.engine.support.hierarchical.NodeTestTask.lambda$executeRecursively$7(NodeTestTask.java:129)
	at org.junit.platform.engine.support.hierarchical.Node.around(Node.java:137)
	at org.junit.platform.engine.support.hierarchical.NodeTestTask.lambda$executeRecursively$8(NodeTestTask.java:127)
	at org.junit.platform.engine.support.hierarchical.ThrowableCollector.execute(ThrowableCollector.java:73)
	at org.junit.platform.engine.support.hierarchical.NodeTestTask.executeRecursively(NodeTestTask.java:126)
	at org.junit.platform.engine.support.hierarchical.NodeTestTask.execute(NodeTestTask.java:84)
	at org.junit.platform.engine.support.hierarchical.SameThreadHierarchicalTestExecutorService.submit(SameThreadHierarchicalTestExecutorService.java:32)
	at org.junit.platform.engine.support.hierarchical.HierarchicalTestExecutor.execute(HierarchicalTestExecutor.java:57)
	at org.junit.platform.engine.support.hierarchical.HierarchicalTestEngine.execute(HierarchicalTestEngine.java:51)
	at org.junit.platform.launcher.core.EngineExecutionOrchestrator.execute(EngineExecutionOrchestrator.java:108)
	at org.junit.platform.launcher.core.EngineExecutionOrchestrator.execute(EngineExecutionOrchestrator.java:88)
	at org.junit.platform.launcher.core.EngineExecutionOrchestrator.lambda$execute$0(EngineExecutionOrchestrator.java:54)
	at org.junit.platform.launcher.core.EngineExecutionOrchestrator.withInterceptedStreams(EngineExecutionOrchestrator.java:67)
	at org.junit.platform.launcher.core.EngineExecutionOrchestrator.execute(EngineExecutionOrchestrator.java:52)
	at org.junit.platform.launcher.core.DefaultLauncher.execute(DefaultLauncher.java:96)
	at org.junit.platform.launcher.core.DefaultLauncher.execute(DefaultLauncher.java:75)
	at org.junit.platform.console.tasks.ConsoleTestExecutor.executeTests(ConsoleTestExecutor.java:66)
	at org.junit.platform.console.tasks.ConsoleTestExecutor.lambda$execute$0(ConsoleTestExecutor.java:58)
	at org.junit.platform.console.tasks.CustomContextClassLoaderExecutor.replaceThreadContextClassLoaderAndInvoke(CustomContextClassLoaderExecutor.java:41)
	at org.junit.platform.console.tasks.CustomContextClassLoaderExecutor.invoke(CustomContextClassLoaderExecutor.java:31)
	at org.junit.platform.console.tasks.ConsoleTestExecutor.execute(ConsoleTestExecutor.java:58)
	at org.junit.platform.console.ConsoleLauncher.executeTests(ConsoleLauncher.java:95)
	at org.junit.platform.console.ConsoleLauncher.execute(ConsoleLauncher.java:73)
	at org.junit.platform.console.ConsoleLauncher.execute(ConsoleLauncher.java:50)
	at org.junit.platform.console.ConsoleLauncher.execute(ConsoleLauncher.java:43)
	at org.junit.platform.console.ConsoleLauncher.main(ConsoleLauncher.java:37)
]]></skipped>
<system-out><![CDATA[
unique-id: [engine:junit-jupiter]/[class:minebayd1.test.TestUser]/[test-template:testget(minebayd1.User, minebayd1.AdState, java.util.Optional, int)]/[test-template-invocation:#3]
display-name: [3] Lisa a 45 annonces ouvertes, 4 annonces fermées et 3 achats 
, OPEN, Optional[CLOTHES], 10
]]></system-out>
</testcase>
<testcase name="testget(User, AdState, Optional, int)[4]" classname="minebayd1.test.TestUser" time="0">
<skipped><![CDATA[org.opentest4j.TestAbortedException: Assumption failed: assumption is not true
	at org.junit.jupiter.api.Assumptions.throwTestAbortedException(Assumptions.java:256)
	at org.junit.jupiter.api.Assumptions.assumeTrue(Assumptions.java:115)
	at org.junit.jupiter.api.Assumptions.assumeTrue(Assumptions.java:66)
	at minebayd1.test.TestUser.testget(TestUser.java:961)
	at java.base/jdk.internal.reflect.NativeMethodAccessorImpl.invoke0(Native Method)
	at java.base/jdk.internal.reflect.NativeMethodAccessorImpl.invoke(NativeMethodAccessorImpl.java:77)
	at java.base/jdk.internal.reflect.DelegatingMethodAccessorImpl.invoke(DelegatingMethodAccessorImpl.java:43)
	at java.base/java.lang.reflect.Method.invoke(Method.java:569)
	at org.junit.platform.commons.util.ReflectionUtils.invokeMethod(ReflectionUtils.java:688)
	at org.junit.jupiter.engine.execution.MethodInvocation.proceed(MethodInvocation.java:60)
	at org.junit.jupiter.engine.execution.InvocationInterceptorChain$ValidatingInvocation.proceed(InvocationInterceptorChain.java:131)
	at org.junit.jupiter.engine.extension.TimeoutExtension.intercept(TimeoutExtension.java:149)
	at org.junit.jupiter.engine.extension.TimeoutExtension.interceptTestableMethod(TimeoutExtension.java:140)
	at org.junit.jupiter.engine.extension.TimeoutExtension.interceptTestTemplateMethod(TimeoutExtension.java:92)
	at org.junit.jupiter.engine.execution.ExecutableInvoker$ReflectiveInterceptorCall.lambda$ofVoidMethod$0(ExecutableInvoker.java:115)
	at org.junit.jupiter.engine.execution.ExecutableInvoker.lambda$invoke$0(ExecutableInvoker.java:105)
	at org.junit.jupiter.engine.execution.InvocationInterceptorChain$InterceptedInvocation.proceed(InvocationInterceptorChain.java:106)
	at org.junit.jupiter.engine.execution.InvocationInterceptorChain.proceed(InvocationInterceptorChain.java:64)
	at org.junit.jupiter.engine.execution.InvocationInterceptorChain.chainAndInvoke(InvocationInterceptorChain.java:45)
	at org.junit.jupiter.engine.execution.InvocationInterceptorChain.invoke(InvocationInterceptorChain.java:37)
	at org.junit.jupiter.engine.execution.ExecutableInvoker.invoke(ExecutableInvoker.java:104)
	at org.junit.jupiter.engine.execution.ExecutableInvoker.invoke(ExecutableInvoker.java:98)
	at org.junit.jupiter.engine.descriptor.TestMethodTestDescriptor.lambda$invokeTestMethod$6(TestMethodTestDescriptor.java:210)
	at org.junit.platform.engine.support.hierarchical.ThrowableCollector.execute(ThrowableCollector.java:73)
	at org.junit.jupiter.engine.descriptor.TestMethodTestDescriptor.invokeTestMethod(TestMethodTestDescriptor.java:206)
	at org.junit.jupiter.engine.descriptor.TestMethodTestDescriptor.execute(TestMethodTestDescriptor.java:131)
	at org.junit.jupiter.engine.descriptor.TestMethodTestDescriptor.execute(TestMethodTestDescriptor.java:65)
	at org.junit.platform.engine.support.hierarchical.NodeTestTask.lambda$executeRecursively$5(NodeTestTask.java:139)
	at org.junit.platform.engine.support.hierarchical.ThrowableCollector.execute(ThrowableCollector.java:73)
	at org.junit.platform.engine.support.hierarchical.NodeTestTask.lambda$executeRecursively$7(NodeTestTask.java:129)
	at org.junit.platform.engine.support.hierarchical.Node.around(Node.java:137)
	at org.junit.platform.engine.support.hierarchical.NodeTestTask.lambda$executeRecursively$8(NodeTestTask.java:127)
	at org.junit.platform.engine.support.hierarchical.ThrowableCollector.execute(ThrowableCollector.java:73)
	at org.junit.platform.engine.support.hierarchical.NodeTestTask.executeRecursively(NodeTestTask.java:126)
	at org.junit.platform.engine.support.hierarchical.NodeTestTask.execute(NodeTestTask.java:84)
	at org.junit.platform.engine.support.hierarchical.SameThreadHierarchicalTestExecutorService.submit(SameThreadHierarchicalTestExecutorService.java:32)
	at org.junit.platform.engine.support.hierarchical.NodeTestTask$DefaultDynamicTestExecutor.execute(NodeTestTask.java:212)
	at org.junit.platform.engine.support.hierarchical.NodeTestTask$DefaultDynamicTestExecutor.execute(NodeTestTask.java:192)
	at org.junit.jupiter.engine.descriptor.TestTemplateTestDescriptor.execute(TestTemplateTestDescriptor.java:139)
	at org.junit.jupiter.engine.descriptor.TestTemplateTestDescriptor.lambda$execute$2(TestTemplateTestDescriptor.java:107)
	at java.base/java.util.stream.ForEachOps$ForEachOp$OfRef.accept(ForEachOps.java:183)
	at java.base/java.util.stream.ReferencePipeline$3$1.accept(ReferencePipeline.java:197)
	at java.base/java.util.stream.ReferencePipeline$2$1.accept(ReferencePipeline.java:179)
	at java.base/java.util.stream.ReferencePipeline$3$1.accept(ReferencePipeline.java:197)
	at java.base/java.util.stream.ForEachOps$ForEachOp$OfRef.accept(ForEachOps.java:183)
	at java.base/java.util.stream.ReferencePipeline$15$1.accept(ReferencePipeline.java:541)
	at java.base/java.util.stream.ReferencePipeline$3$1.accept(ReferencePipeline.java:197)
	at java.base/java.util.stream.ReferencePipeline$3$1.accept(ReferencePipeline.java:197)
	at java.base/java.util.stream.ReferencePipeline$3$1.accept(ReferencePipeline.java:197)
	at java.base/java.util.stream.ForEachOps$ForEachOp$OfRef.accept(ForEachOps.java:183)
	at java.base/java.util.stream.ReferencePipeline$3$1.accept(ReferencePipeline.java:197)
	at java.base/java.util.stream.ForEachOps$ForEachOp$OfRef.accept(ForEachOps.java:183)
	at java.base/java.util.stream.SliceOps$1$1.accept(SliceOps.java:200)
	at java.base/java.util.stream.StreamSpliterators$InfiniteSupplyingSpliterator$OfRef.tryAdvance(StreamSpliterators.java:1358)
	at java.base/java.util.stream.ReferencePipeline.forEachWithCancel(ReferencePipeline.java:129)
	at java.base/java.util.stream.AbstractPipeline.copyIntoWithCancel(AbstractPipeline.java:527)
	at java.base/java.util.stream.AbstractPipeline.copyInto(AbstractPipeline.java:513)
	at java.base/java.util.stream.AbstractPipeline.wrapAndCopyInto(AbstractPipeline.java:499)
	at java.base/java.util.stream.ForEachOps$ForEachOp.evaluateSequential(ForEachOps.java:150)
	at java.base/java.util.stream.ForEachOps$ForEachOp$OfRef.evaluateSequential(ForEachOps.java:173)
	at java.base/java.util.stream.AbstractPipeline.evaluate(AbstractPipeline.java:234)
	at java.base/java.util.stream.ReferencePipeline.forEach(ReferencePipeline.java:596)
	at java.base/java.util.stream.ReferencePipeline$7$1.accept(ReferencePipeline.java:276)
	at java.base/java.util.stream.ReferencePipeline$3$1.accept(ReferencePipeline.java:197)
	at java.base/java.util.stream.ReferencePipeline$3$1.accept(ReferencePipeline.java:197)
	at java.base/java.util.Spliterators$ArraySpliterator.forEachRemaining(Spliterators.java:992)
	at java.base/java.util.stream.AbstractPipeline.copyInto(AbstractPipeline.java:509)
	at java.base/java.util.stream.AbstractPipeline.wrapAndCopyInto(AbstractPipeline.java:499)
	at java.base/java.util.stream.ForEachOps$ForEachOp.evaluateSequential(ForEachOps.java:150)
	at java.base/java.util.stream.ForEachOps$ForEachOp$OfRef.evaluateSequential(ForEachOps.java:173)
	at java.base/java.util.stream.AbstractPipeline.evaluate(AbstractPipeline.java:234)
	at java.base/java.util.stream.ReferencePipeline.forEach(ReferencePipeline.java:596)
	at java.base/java.util.stream.ReferencePipeline$7$1.accept(ReferencePipeline.java:276)
	at java.base/java.util.stream.ReferencePipeline$3$1.accept(ReferencePipeline.java:197)
	at java.base/java.util.stream.ReferencePipeline$3$1.accept(ReferencePipeline.java:197)
	at java.base/java.util.stream.ReferencePipeline$3$1.accept(ReferencePipeline.java:197)
	at java.base/java.util.ArrayList$ArrayListSpliterator.forEachRemaining(ArrayList.java:1625)
	at java.base/java.util.stream.AbstractPipeline.copyInto(AbstractPipeline.java:509)
	at java.base/java.util.stream.AbstractPipeline.wrapAndCopyInto(AbstractPipeline.java:499)
	at java.base/java.util.stream.ForEachOps$ForEachOp.evaluateSequential(ForEachOps.java:150)
	at java.base/java.util.stream.ForEachOps$ForEachOp$OfRef.evaluateSequential(ForEachOps.java:173)
	at java.base/java.util.stream.AbstractPipeline.evaluate(AbstractPipeline.java:234)
	at java.base/java.util.stream.ReferencePipeline.forEach(ReferencePipeline.java:596)
	at java.base/java.util.stream.ReferencePipeline$7$1.accept(ReferencePipeline.java:276)
	at java.base/java.util.ArrayList$ArrayListSpliterator.forEachRemaining(ArrayList.java:1625)
	at java.base/java.util.stream.AbstractPipeline.copyInto(AbstractPipeline.java:509)
	at java.base/java.util.stream.AbstractPipeline.wrapAndCopyInto(AbstractPipeline.java:499)
	at java.base/java.util.stream.ForEachOps$ForEachOp.evaluateSequential(ForEachOps.java:150)
	at java.base/java.util.stream.ForEachOps$ForEachOp$OfRef.evaluateSequential(ForEachOps.java:173)
	at java.base/java.util.stream.AbstractPipeline.evaluate(AbstractPipeline.java:234)
	at java.base/java.util.stream.ReferencePipeline.forEach(ReferencePipeline.java:596)
	at org.junit.jupiter.engine.descriptor.TestTemplateTestDescriptor.execute(TestTemplateTestDescriptor.java:107)
	at org.junit.jupiter.engine.descriptor.TestTemplateTestDescriptor.execute(TestTemplateTestDescriptor.java:42)
	at org.junit.platform.engine.support.hierarchical.NodeTestTask.lambda$executeRecursively$5(NodeTestTask.java:139)
	at org.junit.platform.engine.support.hierarchical.ThrowableCollector.execute(ThrowableCollector.java:73)
	at org.junit.platform.engine.support.hierarchical.NodeTestTask.lambda$executeRecursively$7(NodeTestTask.java:129)
	at org.junit.platform.engine.support.hierarchical.Node.around(Node.java:137)
	at org.junit.platform.engine.support.hierarchical.NodeTestTask.lambda$executeRecursively$8(NodeTestTask.java:127)
	at org.junit.platform.engine.support.hierarchical.ThrowableCollector.execute(ThrowableCollector.java:73)
	at org.junit.platform.engine.support.hierarchical.NodeTestTask.executeRecursively(NodeTestTask.java:126)
	at org.junit.platform.engine.support.hierarchical.NodeTestTask.execute(NodeTestTask.java:84)
	at java.base/java.util.ArrayList.forEach(ArrayList.java:1511)
	at org.junit.platform.engine.support.hierarchical.SameThreadHierarchicalTestExecutorService.invokeAll(SameThreadHierarchicalTestExecutorService.java:38)
	at org.junit.platform.engine.support.hierarchical.NodeTestTask.lambda$executeRecursively$5(NodeTestTask.java:143)
	at org.junit.platform.engine.support.hierarchical.ThrowableCollector.execute(ThrowableCollector.java:73)
	at org.junit.platform.engine.support.hierarchical.NodeTestTask.lambda$executeRecursively$7(NodeTestTask.java:129)
	at org.junit.platform.engine.support.hierarchical.Node.around(Node.java:137)
	at org.junit.platform.engine.support.hierarchical.NodeTestTask.lambda$executeRecursively$8(NodeTestTask.java:127)
	at org.junit.platform.engine.support.hierarchical.ThrowableCollector.execute(ThrowableCollector.java:73)
	at org.junit.platform.engine.support.hierarchical.NodeTestTask.executeRecursively(NodeTestTask.java:126)
	at org.junit.platform.engine.support.hierarchical.NodeTestTask.execute(NodeTestTask.java:84)
	at java.base/java.util.ArrayList.forEach(ArrayList.java:1511)
	at org.junit.platform.engine.support.hierarchical.SameThreadHierarchicalTestExecutorService.invokeAll(SameThreadHierarchicalTestExecutorService.java:38)
	at org.junit.platform.engine.support.hierarchical.NodeTestTask.lambda$executeRecursively$5(NodeTestTask.java:143)
	at org.junit.platform.engine.support.hierarchical.ThrowableCollector.execute(ThrowableCollector.java:73)
	at org.junit.platform.engine.support.hierarchical.NodeTestTask.lambda$executeRecursively$7(NodeTestTask.java:129)
	at org.junit.platform.engine.support.hierarchical.Node.around(Node.java:137)
	at org.junit.platform.engine.support.hierarchical.NodeTestTask.lambda$executeRecursively$8(NodeTestTask.java:127)
	at org.junit.platform.engine.support.hierarchical.ThrowableCollector.execute(ThrowableCollector.java:73)
	at org.junit.platform.engine.support.hierarchical.NodeTestTask.executeRecursively(NodeTestTask.java:126)
	at org.junit.platform.engine.support.hierarchical.NodeTestTask.execute(NodeTestTask.java:84)
	at org.junit.platform.engine.support.hierarchical.SameThreadHierarchicalTestExecutorService.submit(SameThreadHierarchicalTestExecutorService.java:32)
	at org.junit.platform.engine.support.hierarchical.HierarchicalTestExecutor.execute(HierarchicalTestExecutor.java:57)
	at org.junit.platform.engine.support.hierarchical.HierarchicalTestEngine.execute(HierarchicalTestEngine.java:51)
	at org.junit.platform.launcher.core.EngineExecutionOrchestrator.execute(EngineExecutionOrchestrator.java:108)
	at org.junit.platform.launcher.core.EngineExecutionOrchestrator.execute(EngineExecutionOrchestrator.java:88)
	at org.junit.platform.launcher.core.EngineExecutionOrchestrator.lambda$execute$0(EngineExecutionOrchestrator.java:54)
	at org.junit.platform.launcher.core.EngineExecutionOrchestrator.withInterceptedStreams(EngineExecutionOrchestrator.java:67)
	at org.junit.platform.launcher.core.EngineExecutionOrchestrator.execute(EngineExecutionOrchestrator.java:52)
	at org.junit.platform.launcher.core.DefaultLauncher.execute(DefaultLauncher.java:96)
	at org.junit.platform.launcher.core.DefaultLauncher.execute(DefaultLauncher.java:75)
	at org.junit.platform.console.tasks.ConsoleTestExecutor.executeTests(ConsoleTestExecutor.java:66)
	at org.junit.platform.console.tasks.ConsoleTestExecutor.lambda$execute$0(ConsoleTestExecutor.java:58)
	at org.junit.platform.console.tasks.CustomContextClassLoaderExecutor.replaceThreadContextClassLoaderAndInvoke(CustomContextClassLoaderExecutor.java:41)
	at org.junit.platform.console.tasks.CustomContextClassLoaderExecutor.invoke(CustomContextClassLoaderExecutor.java:31)
	at org.junit.platform.console.tasks.ConsoleTestExecutor.execute(ConsoleTestExecutor.java:58)
	at org.junit.platform.console.ConsoleLauncher.executeTests(ConsoleLauncher.java:95)
	at org.junit.platform.console.ConsoleLauncher.execute(ConsoleLauncher.java:73)
	at org.junit.platform.console.ConsoleLauncher.execute(ConsoleLauncher.java:50)
	at org.junit.platform.console.ConsoleLauncher.execute(ConsoleLauncher.java:43)
	at org.junit.platform.console.ConsoleLauncher.main(ConsoleLauncher.java:37)
]]></skipped>
<system-out><![CDATA[
unique-id: [engine:junit-jupiter]/[class:minebayd1.test.TestUser]/[test-template:testget(minebayd1.User, minebayd1.AdState, java.util.Optional, int)]/[test-template-invocation:#4]
display-name: [4] Ismael a 59 annonces ouvertes, 1 annonces fermées et 3 achats 
, PURCHASE, Optional[GAMES], 0
]]></system-out>
</testcase>
<testcase name="testget(User, AdState, Optional, int)[5]" classname="minebayd1.test.TestUser" time="0">
<system-out><![CDATA[
unique-id: [engine:junit-jupiter]/[class:minebayd1.test.TestUser]/[test-template:testget(minebayd1.User, minebayd1.AdState, java.util.Optional, int)]/[test-template-invocation:#5]
display-name: [5] Lisa a 45 annonces ouvertes, 4 annonces fermées et 3 achats 
, PURCHASE, Optional[GAMES], 1
]]></system-out>
</testcase>
<testcase name="testget(User, AdState, Optional, int)[6]" classname="minebayd1.test.TestUser" time="0">
<skipped><![CDATA[org.opentest4j.TestAbortedException: Assumption failed: assumption is not true
	at org.junit.jupiter.api.Assumptions.throwTestAbortedException(Assumptions.java:256)
	at org.junit.jupiter.api.Assumptions.assumeTrue(Assumptions.java:115)
	at org.junit.jupiter.api.Assumptions.assumeTrue(Assumptions.java:66)
	at minebayd1.test.TestUser.testget(TestUser.java:961)
	at java.base/jdk.internal.reflect.NativeMethodAccessorImpl.invoke0(Native Method)
	at java.base/jdk.internal.reflect.NativeMethodAccessorImpl.invoke(NativeMethodAccessorImpl.java:77)
	at java.base/jdk.internal.reflect.DelegatingMethodAccessorImpl.invoke(DelegatingMethodAccessorImpl.java:43)
	at java.base/java.lang.reflect.Method.invoke(Method.java:569)
	at org.junit.platform.commons.util.ReflectionUtils.invokeMethod(ReflectionUtils.java:688)
	at org.junit.jupiter.engine.execution.MethodInvocation.proceed(MethodInvocation.java:60)
	at org.junit.jupiter.engine.execution.InvocationInterceptorChain$ValidatingInvocation.proceed(InvocationInterceptorChain.java:131)
	at org.junit.jupiter.engine.extension.TimeoutExtension.intercept(TimeoutExtension.java:149)
	at org.junit.jupiter.engine.extension.TimeoutExtension.interceptTestableMethod(TimeoutExtension.java:140)
	at org.junit.jupiter.engine.extension.TimeoutExtension.interceptTestTemplateMethod(TimeoutExtension.java:92)
	at org.junit.jupiter.engine.execution.ExecutableInvoker$ReflectiveInterceptorCall.lambda$ofVoidMethod$0(ExecutableInvoker.java:115)
	at org.junit.jupiter.engine.execution.ExecutableInvoker.lambda$invoke$0(ExecutableInvoker.java:105)
	at org.junit.jupiter.engine.execution.InvocationInterceptorChain$InterceptedInvocation.proceed(InvocationInterceptorChain.java:106)
	at org.junit.jupiter.engine.execution.InvocationInterceptorChain.proceed(InvocationInterceptorChain.java:64)
	at org.junit.jupiter.engine.execution.InvocationInterceptorChain.chainAndInvoke(InvocationInterceptorChain.java:45)
	at org.junit.jupiter.engine.execution.InvocationInterceptorChain.invoke(InvocationInterceptorChain.java:37)
	at org.junit.jupiter.engine.execution.ExecutableInvoker.invoke(ExecutableInvoker.java:104)
	at org.junit.jupiter.engine.execution.ExecutableInvoker.invoke(ExecutableInvoker.java:98)
	at org.junit.jupiter.engine.descriptor.TestMethodTestDescriptor.lambda$invokeTestMethod$6(TestMethodTestDescriptor.java:210)
	at org.junit.platform.engine.support.hierarchical.ThrowableCollector.execute(ThrowableCollector.java:73)
	at org.junit.jupiter.engine.descriptor.TestMethodTestDescriptor.invokeTestMethod(TestMethodTestDescriptor.java:206)
	at org.junit.jupiter.engine.descriptor.TestMethodTestDescriptor.execute(TestMethodTestDescriptor.java:131)
	at org.junit.jupiter.engine.descriptor.TestMethodTestDescriptor.execute(TestMethodTestDescriptor.java:65)
	at org.junit.platform.engine.support.hierarchical.NodeTestTask.lambda$executeRecursively$5(NodeTestTask.java:139)
	at org.junit.platform.engine.support.hierarchical.ThrowableCollector.execute(ThrowableCollector.java:73)
	at org.junit.platform.engine.support.hierarchical.NodeTestTask.lambda$executeRecursively$7(NodeTestTask.java:129)
	at org.junit.platform.engine.support.hierarchical.Node.around(Node.java:137)
	at org.junit.platform.engine.support.hierarchical.NodeTestTask.lambda$executeRecursively$8(NodeTestTask.java:127)
	at org.junit.platform.engine.support.hierarchical.ThrowableCollector.execute(ThrowableCollector.java:73)
	at org.junit.platform.engine.support.hierarchical.NodeTestTask.executeRecursively(NodeTestTask.java:126)
	at org.junit.platform.engine.support.hierarchical.NodeTestTask.execute(NodeTestTask.java:84)
	at org.junit.platform.engine.support.hierarchical.SameThreadHierarchicalTestExecutorService.submit(SameThreadHierarchicalTestExecutorService.java:32)
	at org.junit.platform.engine.support.hierarchical.NodeTestTask$DefaultDynamicTestExecutor.execute(NodeTestTask.java:212)
	at org.junit.platform.engine.support.hierarchical.NodeTestTask$DefaultDynamicTestExecutor.execute(NodeTestTask.java:192)
	at org.junit.jupiter.engine.descriptor.TestTemplateTestDescriptor.execute(TestTemplateTestDescriptor.java:139)
	at org.junit.jupiter.engine.descriptor.TestTemplateTestDescriptor.lambda$execute$2(TestTemplateTestDescriptor.java:107)
	at java.base/java.util.stream.ForEachOps$ForEachOp$OfRef.accept(ForEachOps.java:183)
	at java.base/java.util.stream.ReferencePipeline$3$1.accept(ReferencePipeline.java:197)
	at java.base/java.util.stream.ReferencePipeline$2$1.accept(ReferencePipeline.java:179)
	at java.base/java.util.stream.ReferencePipeline$3$1.accept(ReferencePipeline.java:197)
	at java.base/java.util.stream.ForEachOps$ForEachOp$OfRef.accept(ForEachOps.java:183)
	at java.base/java.util.stream.ReferencePipeline$15$1.accept(ReferencePipeline.java:541)
	at java.base/java.util.stream.ReferencePipeline$3$1.accept(ReferencePipeline.java:197)
	at java.base/java.util.stream.ReferencePipeline$3$1.accept(ReferencePipeline.java:197)
	at java.base/java.util.stream.ReferencePipeline$3$1.accept(ReferencePipeline.java:197)
	at java.base/java.util.stream.ForEachOps$ForEachOp$OfRef.accept(ForEachOps.java:183)
	at java.base/java.util.stream.ReferencePipeline$3$1.accept(ReferencePipeline.java:197)
	at java.base/java.util.stream.ForEachOps$ForEachOp$OfRef.accept(ForEachOps.java:183)
	at java.base/java.util.stream.SliceOps$1$1.accept(SliceOps.java:200)
	at java.base/java.util.stream.StreamSpliterators$InfiniteSupplyingSpliterator$OfRef.tryAdvance(StreamSpliterators.java:1358)
	at java.base/java.util.stream.ReferencePipeline.forEachWithCancel(ReferencePipeline.java:129)
	at java.base/java.util.stream.AbstractPipeline.copyIntoWithCancel(AbstractPipeline.java:527)
	at java.base/java.util.stream.AbstractPipeline.copyInto(AbstractPipeline.java:513)
	at java.base/java.util.stream.AbstractPipeline.wrapAndCopyInto(AbstractPipeline.java:499)
	at java.base/java.util.stream.ForEachOps$ForEachOp.evaluateSequential(ForEachOps.java:150)
	at java.base/java.util.stream.ForEachOps$ForEachOp$OfRef.evaluateSequential(ForEachOps.java:173)
	at java.base/java.util.stream.AbstractPipeline.evaluate(AbstractPipeline.java:234)
	at java.base/java.util.stream.ReferencePipeline.forEach(ReferencePipeline.java:596)
	at java.base/java.util.stream.ReferencePipeline$7$1.accept(ReferencePipeline.java:276)
	at java.base/java.util.stream.ReferencePipeline$3$1.accept(ReferencePipeline.java:197)
	at java.base/java.util.stream.ReferencePipeline$3$1.accept(ReferencePipeline.java:197)
	at java.base/java.util.Spliterators$ArraySpliterator.forEachRemaining(Spliterators.java:992)
	at java.base/java.util.stream.AbstractPipeline.copyInto(AbstractPipeline.java:509)
	at java.base/java.util.stream.AbstractPipeline.wrapAndCopyInto(AbstractPipeline.java:499)
	at java.base/java.util.stream.ForEachOps$ForEachOp.evaluateSequential(ForEachOps.java:150)
	at java.base/java.util.stream.ForEachOps$ForEachOp$OfRef.evaluateSequential(ForEachOps.java:173)
	at java.base/java.util.stream.AbstractPipeline.evaluate(AbstractPipeline.java:234)
	at java.base/java.util.stream.ReferencePipeline.forEach(ReferencePipeline.java:596)
	at java.base/java.util.stream.ReferencePipeline$7$1.accept(ReferencePipeline.java:276)
	at java.base/java.util.stream.ReferencePipeline$3$1.accept(ReferencePipeline.java:197)
	at java.base/java.util.stream.ReferencePipeline$3$1.accept(ReferencePipeline.java:197)
	at java.base/java.util.stream.ReferencePipeline$3$1.accept(ReferencePipeline.java:197)
	at java.base/java.util.ArrayList$ArrayListSpliterator.forEachRemaining(ArrayList.java:1625)
	at java.base/java.util.stream.AbstractPipeline.copyInto(AbstractPipeline.java:509)
	at java.base/java.util.stream.AbstractPipeline.wrapAndCopyInto(AbstractPipeline.java:499)
	at java.base/java.util.stream.ForEachOps$ForEachOp.evaluateSequential(ForEachOps.java:150)
	at java.base/java.util.stream.ForEachOps$ForEachOp$OfRef.evaluateSequential(ForEachOps.java:173)
	at java.base/java.util.stream.AbstractPipeline.evaluate(AbstractPipeline.java:234)
	at java.base/java.util.stream.ReferencePipeline.forEach(ReferencePipeline.java:596)
	at java.base/java.util.stream.ReferencePipeline$7$1.accept(ReferencePipeline.java:276)
	at java.base/java.util.ArrayList$ArrayListSpliterator.forEachRemaining(ArrayList.java:1625)
	at java.base/java.util.stream.AbstractPipeline.copyInto(AbstractPipeline.java:509)
	at java.base/java.util.stream.AbstractPipeline.wrapAndCopyInto(AbstractPipeline.java:499)
	at java.base/java.util.stream.ForEachOps$ForEachOp.evaluateSequential(ForEachOps.java:150)
	at java.base/java.util.stream.ForEachOps$ForEachOp$OfRef.evaluateSequential(ForEachOps.java:173)
	at java.base/java.util.stream.AbstractPipeline.evaluate(AbstractPipeline.java:234)
	at java.base/java.util.stream.ReferencePipeline.forEach(ReferencePipeline.java:596)
	at org.junit.jupiter.engine.descriptor.TestTemplateTestDescriptor.execute(TestTemplateTestDescriptor.java:107)
	at org.junit.jupiter.engine.descriptor.TestTemplateTestDescriptor.execute(TestTemplateTestDescriptor.java:42)
	at org.junit.platform.engine.support.hierarchical.NodeTestTask.lambda$executeRecursively$5(NodeTestTask.java:139)
	at org.junit.platform.engine.support.hierarchical.ThrowableCollector.execute(ThrowableCollector.java:73)
	at org.junit.platform.engine.support.hierarchical.NodeTestTask.lambda$executeRecursively$7(NodeTestTask.java:129)
	at org.junit.platform.engine.support.hierarchical.Node.around(Node.java:137)
	at org.junit.platform.engine.support.hierarchical.NodeTestTask.lambda$executeRecursively$8(NodeTestTask.java:127)
	at org.junit.platform.engine.support.hierarchical.ThrowableCollector.execute(ThrowableCollector.java:73)
	at org.junit.platform.engine.support.hierarchical.NodeTestTask.executeRecursively(NodeTestTask.java:126)
	at org.junit.platform.engine.support.hierarchical.NodeTestTask.execute(NodeTestTask.java:84)
	at java.base/java.util.ArrayList.forEach(ArrayList.java:1511)
	at org.junit.platform.engine.support.hierarchical.SameThreadHierarchicalTestExecutorService.invokeAll(SameThreadHierarchicalTestExecutorService.java:38)
	at org.junit.platform.engine.support.hierarchical.NodeTestTask.lambda$executeRecursively$5(NodeTestTask.java:143)
	at org.junit.platform.engine.support.hierarchical.ThrowableCollector.execute(ThrowableCollector.java:73)
	at org.junit.platform.engine.support.hierarchical.NodeTestTask.lambda$executeRecursively$7(NodeTestTask.java:129)
	at org.junit.platform.engine.support.hierarchical.Node.around(Node.java:137)
	at org.junit.platform.engine.support.hierarchical.NodeTestTask.lambda$executeRecursively$8(NodeTestTask.java:127)
	at org.junit.platform.engine.support.hierarchical.ThrowableCollector.execute(ThrowableCollector.java:73)
	at org.junit.platform.engine.support.hierarchical.NodeTestTask.executeRecursively(NodeTestTask.java:126)
	at org.junit.platform.engine.support.hierarchical.NodeTestTask.execute(NodeTestTask.java:84)
	at java.base/java.util.ArrayList.forEach(ArrayList.java:1511)
	at org.junit.platform.engine.support.hierarchical.SameThreadHierarchicalTestExecutorService.invokeAll(SameThreadHierarchicalTestExecutorService.java:38)
	at org.junit.platform.engine.support.hierarchical.NodeTestTask.lambda$executeRecursively$5(NodeTestTask.java:143)
	at org.junit.platform.engine.support.hierarchical.ThrowableCollector.execute(ThrowableCollector.java:73)
	at org.junit.platform.engine.support.hierarchical.NodeTestTask.lambda$executeRecursively$7(NodeTestTask.java:129)
	at org.junit.platform.engine.support.hierarchical.Node.around(Node.java:137)
	at org.junit.platform.engine.support.hierarchical.NodeTestTask.lambda$executeRecursively$8(NodeTestTask.java:127)
	at org.junit.platform.engine.support.hierarchical.ThrowableCollector.execute(ThrowableCollector.java:73)
	at org.junit.platform.engine.support.hierarchical.NodeTestTask.executeRecursively(NodeTestTask.java:126)
	at org.junit.platform.engine.support.hierarchical.NodeTestTask.execute(NodeTestTask.java:84)
	at org.junit.platform.engine.support.hierarchical.SameThreadHierarchicalTestExecutorService.submit(SameThreadHierarchicalTestExecutorService.java:32)
	at org.junit.platform.engine.support.hierarchical.HierarchicalTestExecutor.execute(HierarchicalTestExecutor.java:57)
	at org.junit.platform.engine.support.hierarchical.HierarchicalTestEngine.execute(HierarchicalTestEngine.java:51)
	at org.junit.platform.launcher.core.EngineExecutionOrchestrator.execute(EngineExecutionOrchestrator.java:108)
	at org.junit.platform.launcher.core.EngineExecutionOrchestrator.execute(EngineExecutionOrchestrator.java:88)
	at org.junit.platform.launcher.core.EngineExecutionOrchestrator.lambda$execute$0(EngineExecutionOrchestrator.java:54)
	at org.junit.platform.launcher.core.EngineExecutionOrchestrator.withInterceptedStreams(EngineExecutionOrchestrator.java:67)
	at org.junit.platform.launcher.core.EngineExecutionOrchestrator.execute(EngineExecutionOrchestrator.java:52)
	at org.junit.platform.launcher.core.DefaultLauncher.execute(DefaultLauncher.java:96)
	at org.junit.platform.launcher.core.DefaultLauncher.execute(DefaultLauncher.java:75)
	at org.junit.platform.console.tasks.ConsoleTestExecutor.executeTests(ConsoleTestExecutor.java:66)
	at org.junit.platform.console.tasks.ConsoleTestExecutor.lambda$execute$0(ConsoleTestExecutor.java:58)
	at org.junit.platform.console.tasks.CustomContextClassLoaderExecutor.replaceThreadContextClassLoaderAndInvoke(CustomContextClassLoaderExecutor.java:41)
	at org.junit.platform.console.tasks.CustomContextClassLoaderExecutor.invoke(CustomContextClassLoaderExecutor.java:31)
	at org.junit.platform.console.tasks.ConsoleTestExecutor.execute(ConsoleTestExecutor.java:58)
	at org.junit.platform.console.ConsoleLauncher.executeTests(ConsoleLauncher.java:95)
	at org.junit.platform.console.ConsoleLauncher.execute(ConsoleLauncher.java:73)
	at org.junit.platform.console.ConsoleLauncher.execute(ConsoleLauncher.java:50)
	at org.junit.platform.console.ConsoleLauncher.execute(ConsoleLauncher.java:43)
	at org.junit.platform.console.ConsoleLauncher.main(ConsoleLauncher.java:37)
]]></skipped>
<system-out><![CDATA[
unique-id: [engine:junit-jupiter]/[class:minebayd1.test.TestUser]/[test-template:testget(minebayd1.User, minebayd1.AdState, java.util.Optional, int)]/[test-template-invocation:#6]
display-name: [6] Mounir a 59 annonces ouvertes, 2 annonces fermées et 2 achats 
, PURCHASE, Optional[SHOES], 1
]]></system-out>
</testcase>
<testcase name="testget(User, AdState, Optional, int)[7]" classname="minebayd1.test.TestUser" time="0">
<skipped><![CDATA[org.opentest4j.TestAbortedException: Assumption failed: assumption is not true
	at org.junit.jupiter.api.Assumptions.throwTestAbortedException(Assumptions.java:256)
	at org.junit.jupiter.api.Assumptions.assumeTrue(Assumptions.java:115)
	at org.junit.jupiter.api.Assumptions.assumeTrue(Assumptions.java:66)
	at minebayd1.test.TestUser.testget(TestUser.java:961)
	at java.base/jdk.internal.reflect.NativeMethodAccessorImpl.invoke0(Native Method)
	at java.base/jdk.internal.reflect.NativeMethodAccessorImpl.invoke(NativeMethodAccessorImpl.java:77)
	at java.base/jdk.internal.reflect.DelegatingMethodAccessorImpl.invoke(DelegatingMethodAccessorImpl.java:43)
	at java.base/java.lang.reflect.Method.invoke(Method.java:569)
	at org.junit.platform.commons.util.ReflectionUtils.invokeMethod(ReflectionUtils.java:688)
	at org.junit.jupiter.engine.execution.MethodInvocation.proceed(MethodInvocation.java:60)
	at org.junit.jupiter.engine.execution.InvocationInterceptorChain$ValidatingInvocation.proceed(InvocationInterceptorChain.java:131)
	at org.junit.jupiter.engine.extension.TimeoutExtension.intercept(TimeoutExtension.java:149)
	at org.junit.jupiter.engine.extension.TimeoutExtension.interceptTestableMethod(TimeoutExtension.java:140)
	at org.junit.jupiter.engine.extension.TimeoutExtension.interceptTestTemplateMethod(TimeoutExtension.java:92)
	at org.junit.jupiter.engine.execution.ExecutableInvoker$ReflectiveInterceptorCall.lambda$ofVoidMethod$0(ExecutableInvoker.java:115)
	at org.junit.jupiter.engine.execution.ExecutableInvoker.lambda$invoke$0(ExecutableInvoker.java:105)
	at org.junit.jupiter.engine.execution.InvocationInterceptorChain$InterceptedInvocation.proceed(InvocationInterceptorChain.java:106)
	at org.junit.jupiter.engine.execution.InvocationInterceptorChain.proceed(InvocationInterceptorChain.java:64)
	at org.junit.jupiter.engine.execution.InvocationInterceptorChain.chainAndInvoke(InvocationInterceptorChain.java:45)
	at org.junit.jupiter.engine.execution.InvocationInterceptorChain.invoke(InvocationInterceptorChain.java:37)
	at org.junit.jupiter.engine.execution.ExecutableInvoker.invoke(ExecutableInvoker.java:104)
	at org.junit.jupiter.engine.execution.ExecutableInvoker.invoke(ExecutableInvoker.java:98)
	at org.junit.jupiter.engine.descriptor.TestMethodTestDescriptor.lambda$invokeTestMethod$6(TestMethodTestDescriptor.java:210)
	at org.junit.platform.engine.support.hierarchical.ThrowableCollector.execute(ThrowableCollector.java:73)
	at org.junit.jupiter.engine.descriptor.TestMethodTestDescriptor.invokeTestMethod(TestMethodTestDescriptor.java:206)
	at org.junit.jupiter.engine.descriptor.TestMethodTestDescriptor.execute(TestMethodTestDescriptor.java:131)
	at org.junit.jupiter.engine.descriptor.TestMethodTestDescriptor.execute(TestMethodTestDescriptor.java:65)
	at org.junit.platform.engine.support.hierarchical.NodeTestTask.lambda$executeRecursively$5(NodeTestTask.java:139)
	at org.junit.platform.engine.support.hierarchical.ThrowableCollector.execute(ThrowableCollector.java:73)
	at org.junit.platform.engine.support.hierarchical.NodeTestTask.lambda$executeRecursively$7(NodeTestTask.java:129)
	at org.junit.platform.engine.support.hierarchical.Node.around(Node.java:137)
	at org.junit.platform.engine.support.hierarchical.NodeTestTask.lambda$executeRecursively$8(NodeTestTask.java:127)
	at org.junit.platform.engine.support.hierarchical.ThrowableCollector.execute(ThrowableCollector.java:73)
	at org.junit.platform.engine.support.hierarchical.NodeTestTask.executeRecursively(NodeTestTask.java:126)
	at org.junit.platform.engine.support.hierarchical.NodeTestTask.execute(NodeTestTask.java:84)
	at org.junit.platform.engine.support.hierarchical.SameThreadHierarchicalTestExecutorService.submit(SameThreadHierarchicalTestExecutorService.java:32)
	at org.junit.platform.engine.support.hierarchical.NodeTestTask$DefaultDynamicTestExecutor.execute(NodeTestTask.java:212)
	at org.junit.platform.engine.support.hierarchical.NodeTestTask$DefaultDynamicTestExecutor.execute(NodeTestTask.java:192)
	at org.junit.jupiter.engine.descriptor.TestTemplateTestDescriptor.execute(TestTemplateTestDescriptor.java:139)
	at org.junit.jupiter.engine.descriptor.TestTemplateTestDescriptor.lambda$execute$2(TestTemplateTestDescriptor.java:107)
	at java.base/java.util.stream.ForEachOps$ForEachOp$OfRef.accept(ForEachOps.java:183)
	at java.base/java.util.stream.ReferencePipeline$3$1.accept(ReferencePipeline.java:197)
	at java.base/java.util.stream.ReferencePipeline$2$1.accept(ReferencePipeline.java:179)
	at java.base/java.util.stream.ReferencePipeline$3$1.accept(ReferencePipeline.java:197)
	at java.base/java.util.stream.ForEachOps$ForEachOp$OfRef.accept(ForEachOps.java:183)
	at java.base/java.util.stream.ReferencePipeline$15$1.accept(ReferencePipeline.java:541)
	at java.base/java.util.stream.ReferencePipeline$3$1.accept(ReferencePipeline.java:197)
	at java.base/java.util.stream.ReferencePipeline$3$1.accept(ReferencePipeline.java:197)
	at java.base/java.util.stream.ReferencePipeline$3$1.accept(ReferencePipeline.java:197)
	at java.base/java.util.stream.ForEachOps$ForEachOp$OfRef.accept(ForEachOps.java:183)
	at java.base/java.util.stream.ReferencePipeline$3$1.accept(ReferencePipeline.java:197)
	at java.base/java.util.stream.ForEachOps$ForEachOp$OfRef.accept(ForEachOps.java:183)
	at java.base/java.util.stream.SliceOps$1$1.accept(SliceOps.java:200)
	at java.base/java.util.stream.StreamSpliterators$InfiniteSupplyingSpliterator$OfRef.tryAdvance(StreamSpliterators.java:1358)
	at java.base/java.util.stream.ReferencePipeline.forEachWithCancel(ReferencePipeline.java:129)
	at java.base/java.util.stream.AbstractPipeline.copyIntoWithCancel(AbstractPipeline.java:527)
	at java.base/java.util.stream.AbstractPipeline.copyInto(AbstractPipeline.java:513)
	at java.base/java.util.stream.AbstractPipeline.wrapAndCopyInto(AbstractPipeline.java:499)
	at java.base/java.util.stream.ForEachOps$ForEachOp.evaluateSequential(ForEachOps.java:150)
	at java.base/java.util.stream.ForEachOps$ForEachOp$OfRef.evaluateSequential(ForEachOps.java:173)
	at java.base/java.util.stream.AbstractPipeline.evaluate(AbstractPipeline.java:234)
	at java.base/java.util.stream.ReferencePipeline.forEach(ReferencePipeline.java:596)
	at java.base/java.util.stream.ReferencePipeline$7$1.accept(ReferencePipeline.java:276)
	at java.base/java.util.stream.ReferencePipeline$3$1.accept(ReferencePipeline.java:197)
	at java.base/java.util.stream.ReferencePipeline$3$1.accept(ReferencePipeline.java:197)
	at java.base/java.util.Spliterators$ArraySpliterator.forEachRemaining(Spliterators.java:992)
	at java.base/java.util.stream.AbstractPipeline.copyInto(AbstractPipeline.java:509)
	at java.base/java.util.stream.AbstractPipeline.wrapAndCopyInto(AbstractPipeline.java:499)
	at java.base/java.util.stream.ForEachOps$ForEachOp.evaluateSequential(ForEachOps.java:150)
	at java.base/java.util.stream.ForEachOps$ForEachOp$OfRef.evaluateSequential(ForEachOps.java:173)
	at java.base/java.util.stream.AbstractPipeline.evaluate(AbstractPipeline.java:234)
	at java.base/java.util.stream.ReferencePipeline.forEach(ReferencePipeline.java:596)
	at java.base/java.util.stream.ReferencePipeline$7$1.accept(ReferencePipeline.java:276)
	at java.base/java.util.stream.ReferencePipeline$3$1.accept(ReferencePipeline.java:197)
	at java.base/java.util.stream.ReferencePipeline$3$1.accept(ReferencePipeline.java:197)
	at java.base/java.util.stream.ReferencePipeline$3$1.accept(ReferencePipeline.java:197)
	at java.base/java.util.ArrayList$ArrayListSpliterator.forEachRemaining(ArrayList.java:1625)
	at java.base/java.util.stream.AbstractPipeline.copyInto(AbstractPipeline.java:509)
	at java.base/java.util.stream.AbstractPipeline.wrapAndCopyInto(AbstractPipeline.java:499)
	at java.base/java.util.stream.ForEachOps$ForEachOp.evaluateSequential(ForEachOps.java:150)
	at java.base/java.util.stream.ForEachOps$ForEachOp$OfRef.evaluateSequential(ForEachOps.java:173)
	at java.base/java.util.stream.AbstractPipeline.evaluate(AbstractPipeline.java:234)
	at java.base/java.util.stream.ReferencePipeline.forEach(ReferencePipeline.java:596)
	at java.base/java.util.stream.ReferencePipeline$7$1.accept(ReferencePipeline.java:276)
	at java.base/java.util.ArrayList$ArrayListSpliterator.forEachRemaining(ArrayList.java:1625)
	at java.base/java.util.stream.AbstractPipeline.copyInto(AbstractPipeline.java:509)
	at java.base/java.util.stream.AbstractPipeline.wrapAndCopyInto(AbstractPipeline.java:499)
	at java.base/java.util.stream.ForEachOps$ForEachOp.evaluateSequential(ForEachOps.java:150)
	at java.base/java.util.stream.ForEachOps$ForEachOp$OfRef.evaluateSequential(ForEachOps.java:173)
	at java.base/java.util.stream.AbstractPipeline.evaluate(AbstractPipeline.java:234)
	at java.base/java.util.stream.ReferencePipeline.forEach(ReferencePipeline.java:596)
	at org.junit.jupiter.engine.descriptor.TestTemplateTestDescriptor.execute(TestTemplateTestDescriptor.java:107)
	at org.junit.jupiter.engine.descriptor.TestTemplateTestDescriptor.execute(TestTemplateTestDescriptor.java:42)
	at org.junit.platform.engine.support.hierarchical.NodeTestTask.lambda$executeRecursively$5(NodeTestTask.java:139)
	at org.junit.platform.engine.support.hierarchical.ThrowableCollector.execute(ThrowableCollector.java:73)
	at org.junit.platform.engine.support.hierarchical.NodeTestTask.lambda$executeRecursively$7(NodeTestTask.java:129)
	at org.junit.platform.engine.support.hierarchical.Node.around(Node.java:137)
	at org.junit.platform.engine.support.hierarchical.NodeTestTask.lambda$executeRecursively$8(NodeTestTask.java:127)
	at org.junit.platform.engine.support.hierarchical.ThrowableCollector.execute(ThrowableCollector.java:73)
	at org.junit.platform.engine.support.hierarchical.NodeTestTask.executeRecursively(NodeTestTask.java:126)
	at org.junit.platform.engine.support.hierarchical.NodeTestTask.execute(NodeTestTask.java:84)
	at java.base/java.util.ArrayList.forEach(ArrayList.java:1511)
	at org.junit.platform.engine.support.hierarchical.SameThreadHierarchicalTestExecutorService.invokeAll(SameThreadHierarchicalTestExecutorService.java:38)
	at org.junit.platform.engine.support.hierarchical.NodeTestTask.lambda$executeRecursively$5(NodeTestTask.java:143)
	at org.junit.platform.engine.support.hierarchical.ThrowableCollector.execute(ThrowableCollector.java:73)
	at org.junit.platform.engine.support.hierarchical.NodeTestTask.lambda$executeRecursively$7(NodeTestTask.java:129)
	at org.junit.platform.engine.support.hierarchical.Node.around(Node.java:137)
	at org.junit.platform.engine.support.hierarchical.NodeTestTask.lambda$executeRecursively$8(NodeTestTask.java:127)
	at org.junit.platform.engine.support.hierarchical.ThrowableCollector.execute(ThrowableCollector.java:73)
	at org.junit.platform.engine.support.hierarchical.NodeTestTask.executeRecursively(NodeTestTask.java:126)
	at org.junit.platform.engine.support.hierarchical.NodeTestTask.execute(NodeTestTask.java:84)
	at java.base/java.util.ArrayList.forEach(ArrayList.java:1511)
	at org.junit.platform.engine.support.hierarchical.SameThreadHierarchicalTestExecutorService.invokeAll(SameThreadHierarchicalTestExecutorService.java:38)
	at org.junit.platform.engine.support.hierarchical.NodeTestTask.lambda$executeRecursively$5(NodeTestTask.java:143)
	at org.junit.platform.engine.support.hierarchical.ThrowableCollector.execute(ThrowableCollector.java:73)
	at org.junit.platform.engine.support.hierarchical.NodeTestTask.lambda$executeRecursively$7(NodeTestTask.java:129)
	at org.junit.platform.engine.support.hierarchical.Node.around(Node.java:137)
	at org.junit.platform.engine.support.hierarchical.NodeTestTask.lambda$executeRecursively$8(NodeTestTask.java:127)
	at org.junit.platform.engine.support.hierarchical.ThrowableCollector.execute(ThrowableCollector.java:73)
	at org.junit.platform.engine.support.hierarchical.NodeTestTask.executeRecursively(NodeTestTask.java:126)
	at org.junit.platform.engine.support.hierarchical.NodeTestTask.execute(NodeTestTask.java:84)
	at org.junit.platform.engine.support.hierarchical.SameThreadHierarchicalTestExecutorService.submit(SameThreadHierarchicalTestExecutorService.java:32)
	at org.junit.platform.engine.support.hierarchical.HierarchicalTestExecutor.execute(HierarchicalTestExecutor.java:57)
	at org.junit.platform.engine.support.hierarchical.HierarchicalTestEngine.execute(HierarchicalTestEngine.java:51)
	at org.junit.platform.launcher.core.EngineExecutionOrchestrator.execute(EngineExecutionOrchestrator.java:108)
	at org.junit.platform.launcher.core.EngineExecutionOrchestrator.execute(EngineExecutionOrchestrator.java:88)
	at org.junit.platform.launcher.core.EngineExecutionOrchestrator.lambda$execute$0(EngineExecutionOrchestrator.java:54)
	at org.junit.platform.launcher.core.EngineExecutionOrchestrator.withInterceptedStreams(EngineExecutionOrchestrator.java:67)
	at org.junit.platform.launcher.core.EngineExecutionOrchestrator.execute(EngineExecutionOrchestrator.java:52)
	at org.junit.platform.launcher.core.DefaultLauncher.execute(DefaultLauncher.java:96)
	at org.junit.platform.launcher.core.DefaultLauncher.execute(DefaultLauncher.java:75)
	at org.junit.platform.console.tasks.ConsoleTestExecutor.executeTests(ConsoleTestExecutor.java:66)
	at org.junit.platform.console.tasks.ConsoleTestExecutor.lambda$execute$0(ConsoleTestExecutor.java:58)
	at org.junit.platform.console.tasks.CustomContextClassLoaderExecutor.replaceThreadContextClassLoaderAndInvoke(CustomContextClassLoaderExecutor.java:41)
	at org.junit.platform.console.tasks.CustomContextClassLoaderExecutor.invoke(CustomContextClassLoaderExecutor.java:31)
	at org.junit.platform.console.tasks.ConsoleTestExecutor.execute(ConsoleTestExecutor.java:58)
	at org.junit.platform.console.ConsoleLauncher.executeTests(ConsoleLauncher.java:95)
	at org.junit.platform.console.ConsoleLauncher.execute(ConsoleLauncher.java:73)
	at org.junit.platform.console.ConsoleLauncher.execute(ConsoleLauncher.java:50)
	at org.junit.platform.console.ConsoleLauncher.execute(ConsoleLauncher.java:43)
	at org.junit.platform.console.ConsoleLauncher.main(ConsoleLauncher.java:37)
]]></skipped>
<system-out><![CDATA[
unique-id: [engine:junit-jupiter]/[class:minebayd1.test.TestUser]/[test-template:testget(minebayd1.User, minebayd1.AdState, java.util.Optional, int)]/[test-template-invocation:#7]
display-name: [7] Ayman a 53 annonces ouvertes, 4 annonces fermées et 4 achats 
, CLOSED, Optional[BOOKS], 2
]]></system-out>
</testcase>
<testcase name="testget(User, AdState, Optional, int)[8]" classname="minebayd1.test.TestUser" time="0.001">
<system-out><![CDATA[
unique-id: [engine:junit-jupiter]/[class:minebayd1.test.TestUser]/[test-template:testget(minebayd1.User, minebayd1.AdState, java.util.Optional, int)]/[test-template-invocation:#8]
display-name: [8] Adam a 49 annonces ouvertes, 3 annonces fermées et 3 achats 
, OPEN, Optional[COMPUTERS], 0
]]></system-out>
</testcase>
<testcase name="testget(User, AdState, Optional, int)[9]" classname="minebayd1.test.TestUser" time="0">
<skipped><![CDATA[org.opentest4j.TestAbortedException: Assumption failed: assumption is not true
	at org.junit.jupiter.api.Assumptions.throwTestAbortedException(Assumptions.java:256)
	at org.junit.jupiter.api.Assumptions.assumeTrue(Assumptions.java:115)
	at org.junit.jupiter.api.Assumptions.assumeTrue(Assumptions.java:66)
	at minebayd1.test.TestUser.testget(TestUser.java:961)
	at java.base/jdk.internal.reflect.NativeMethodAccessorImpl.invoke0(Native Method)
	at java.base/jdk.internal.reflect.NativeMethodAccessorImpl.invoke(NativeMethodAccessorImpl.java:77)
	at java.base/jdk.internal.reflect.DelegatingMethodAccessorImpl.invoke(DelegatingMethodAccessorImpl.java:43)
	at java.base/java.lang.reflect.Method.invoke(Method.java:569)
	at org.junit.platform.commons.util.ReflectionUtils.invokeMethod(ReflectionUtils.java:688)
	at org.junit.jupiter.engine.execution.MethodInvocation.proceed(MethodInvocation.java:60)
	at org.junit.jupiter.engine.execution.InvocationInterceptorChain$ValidatingInvocation.proceed(InvocationInterceptorChain.java:131)
	at org.junit.jupiter.engine.extension.TimeoutExtension.intercept(TimeoutExtension.java:149)
	at org.junit.jupiter.engine.extension.TimeoutExtension.interceptTestableMethod(TimeoutExtension.java:140)
	at org.junit.jupiter.engine.extension.TimeoutExtension.interceptTestTemplateMethod(TimeoutExtension.java:92)
	at org.junit.jupiter.engine.execution.ExecutableInvoker$ReflectiveInterceptorCall.lambda$ofVoidMethod$0(ExecutableInvoker.java:115)
	at org.junit.jupiter.engine.execution.ExecutableInvoker.lambda$invoke$0(ExecutableInvoker.java:105)
	at org.junit.jupiter.engine.execution.InvocationInterceptorChain$InterceptedInvocation.proceed(InvocationInterceptorChain.java:106)
	at org.junit.jupiter.engine.execution.InvocationInterceptorChain.proceed(InvocationInterceptorChain.java:64)
	at org.junit.jupiter.engine.execution.InvocationInterceptorChain.chainAndInvoke(InvocationInterceptorChain.java:45)
	at org.junit.jupiter.engine.execution.InvocationInterceptorChain.invoke(InvocationInterceptorChain.java:37)
	at org.junit.jupiter.engine.execution.ExecutableInvoker.invoke(ExecutableInvoker.java:104)
	at org.junit.jupiter.engine.execution.ExecutableInvoker.invoke(ExecutableInvoker.java:98)
	at org.junit.jupiter.engine.descriptor.TestMethodTestDescriptor.lambda$invokeTestMethod$6(TestMethodTestDescriptor.java:210)
	at org.junit.platform.engine.support.hierarchical.ThrowableCollector.execute(ThrowableCollector.java:73)
	at org.junit.jupiter.engine.descriptor.TestMethodTestDescriptor.invokeTestMethod(TestMethodTestDescriptor.java:206)
	at org.junit.jupiter.engine.descriptor.TestMethodTestDescriptor.execute(TestMethodTestDescriptor.java:131)
	at org.junit.jupiter.engine.descriptor.TestMethodTestDescriptor.execute(TestMethodTestDescriptor.java:65)
	at org.junit.platform.engine.support.hierarchical.NodeTestTask.lambda$executeRecursively$5(NodeTestTask.java:139)
	at org.junit.platform.engine.support.hierarchical.ThrowableCollector.execute(ThrowableCollector.java:73)
	at org.junit.platform.engine.support.hierarchical.NodeTestTask.lambda$executeRecursively$7(NodeTestTask.java:129)
	at org.junit.platform.engine.support.hierarchical.Node.around(Node.java:137)
	at org.junit.platform.engine.support.hierarchical.NodeTestTask.lambda$executeRecursively$8(NodeTestTask.java:127)
	at org.junit.platform.engine.support.hierarchical.ThrowableCollector.execute(ThrowableCollector.java:73)
	at org.junit.platform.engine.support.hierarchical.NodeTestTask.executeRecursively(NodeTestTask.java:126)
	at org.junit.platform.engine.support.hierarchical.NodeTestTask.execute(NodeTestTask.java:84)
	at org.junit.platform.engine.support.hierarchical.SameThreadHierarchicalTestExecutorService.submit(SameThreadHierarchicalTestExecutorService.java:32)
	at org.junit.platform.engine.support.hierarchical.NodeTestTask$DefaultDynamicTestExecutor.execute(NodeTestTask.java:212)
	at org.junit.platform.engine.support.hierarchical.NodeTestTask$DefaultDynamicTestExecutor.execute(NodeTestTask.java:192)
	at org.junit.jupiter.engine.descriptor.TestTemplateTestDescriptor.execute(TestTemplateTestDescriptor.java:139)
	at org.junit.jupiter.engine.descriptor.TestTemplateTestDescriptor.lambda$execute$2(TestTemplateTestDescriptor.java:107)
	at java.base/java.util.stream.ForEachOps$ForEachOp$OfRef.accept(ForEachOps.java:183)
	at java.base/java.util.stream.ReferencePipeline$3$1.accept(ReferencePipeline.java:197)
	at java.base/java.util.stream.ReferencePipeline$2$1.accept(ReferencePipeline.java:179)
	at java.base/java.util.stream.ReferencePipeline$3$1.accept(ReferencePipeline.java:197)
	at java.base/java.util.stream.ForEachOps$ForEachOp$OfRef.accept(ForEachOps.java:183)
	at java.base/java.util.stream.ReferencePipeline$15$1.accept(ReferencePipeline.java:541)
	at java.base/java.util.stream.ReferencePipeline$3$1.accept(ReferencePipeline.java:197)
	at java.base/java.util.stream.ReferencePipeline$3$1.accept(ReferencePipeline.java:197)
	at java.base/java.util.stream.ReferencePipeline$3$1.accept(ReferencePipeline.java:197)
	at java.base/java.util.stream.ForEachOps$ForEachOp$OfRef.accept(ForEachOps.java:183)
	at java.base/java.util.stream.ReferencePipeline$3$1.accept(ReferencePipeline.java:197)
	at java.base/java.util.stream.ForEachOps$ForEachOp$OfRef.accept(ForEachOps.java:183)
	at java.base/java.util.stream.SliceOps$1$1.accept(SliceOps.java:200)
	at java.base/java.util.stream.StreamSpliterators$InfiniteSupplyingSpliterator$OfRef.tryAdvance(StreamSpliterators.java:1358)
	at java.base/java.util.stream.ReferencePipeline.forEachWithCancel(ReferencePipeline.java:129)
	at java.base/java.util.stream.AbstractPipeline.copyIntoWithCancel(AbstractPipeline.java:527)
	at java.base/java.util.stream.AbstractPipeline.copyInto(AbstractPipeline.java:513)
	at java.base/java.util.stream.AbstractPipeline.wrapAndCopyInto(AbstractPipeline.java:499)
	at java.base/java.util.stream.ForEachOps$ForEachOp.evaluateSequential(ForEachOps.java:150)
	at java.base/java.util.stream.ForEachOps$ForEachOp$OfRef.evaluateSequential(ForEachOps.java:173)
	at java.base/java.util.stream.AbstractPipeline.evaluate(AbstractPipeline.java:234)
	at java.base/java.util.stream.ReferencePipeline.forEach(ReferencePipeline.java:596)
	at java.base/java.util.stream.ReferencePipeline$7$1.accept(ReferencePipeline.java:276)
	at java.base/java.util.stream.ReferencePipeline$3$1.accept(ReferencePipeline.java:197)
	at java.base/java.util.stream.ReferencePipeline$3$1.accept(ReferencePipeline.java:197)
	at java.base/java.util.Spliterators$ArraySpliterator.forEachRemaining(Spliterators.java:992)
	at java.base/java.util.stream.AbstractPipeline.copyInto(AbstractPipeline.java:509)
	at java.base/java.util.stream.AbstractPipeline.wrapAndCopyInto(AbstractPipeline.java:499)
	at java.base/java.util.stream.ForEachOps$ForEachOp.evaluateSequential(ForEachOps.java:150)
	at java.base/java.util.stream.ForEachOps$ForEachOp$OfRef.evaluateSequential(ForEachOps.java:173)
	at java.base/java.util.stream.AbstractPipeline.evaluate(AbstractPipeline.java:234)
	at java.base/java.util.stream.ReferencePipeline.forEach(ReferencePipeline.java:596)
	at java.base/java.util.stream.ReferencePipeline$7$1.accept(ReferencePipeline.java:276)
	at java.base/java.util.stream.ReferencePipeline$3$1.accept(ReferencePipeline.java:197)
	at java.base/java.util.stream.ReferencePipeline$3$1.accept(ReferencePipeline.java:197)
	at java.base/java.util.stream.ReferencePipeline$3$1.accept(ReferencePipeline.java:197)
	at java.base/java.util.ArrayList$ArrayListSpliterator.forEachRemaining(ArrayList.java:1625)
	at java.base/java.util.stream.AbstractPipeline.copyInto(AbstractPipeline.java:509)
	at java.base/java.util.stream.AbstractPipeline.wrapAndCopyInto(AbstractPipeline.java:499)
	at java.base/java.util.stream.ForEachOps$ForEachOp.evaluateSequential(ForEachOps.java:150)
	at java.base/java.util.stream.ForEachOps$ForEachOp$OfRef.evaluateSequential(ForEachOps.java:173)
	at java.base/java.util.stream.AbstractPipeline.evaluate(AbstractPipeline.java:234)
	at java.base/java.util.stream.ReferencePipeline.forEach(ReferencePipeline.java:596)
	at java.base/java.util.stream.ReferencePipeline$7$1.accept(ReferencePipeline.java:276)
	at java.base/java.util.ArrayList$ArrayListSpliterator.forEachRemaining(ArrayList.java:1625)
	at java.base/java.util.stream.AbstractPipeline.copyInto(AbstractPipeline.java:509)
	at java.base/java.util.stream.AbstractPipeline.wrapAndCopyInto(AbstractPipeline.java:499)
	at java.base/java.util.stream.ForEachOps$ForEachOp.evaluateSequential(ForEachOps.java:150)
	at java.base/java.util.stream.ForEachOps$ForEachOp$OfRef.evaluateSequential(ForEachOps.java:173)
	at java.base/java.util.stream.AbstractPipeline.evaluate(AbstractPipeline.java:234)
	at java.base/java.util.stream.ReferencePipeline.forEach(ReferencePipeline.java:596)
	at org.junit.jupiter.engine.descriptor.TestTemplateTestDescriptor.execute(TestTemplateTestDescriptor.java:107)
	at org.junit.jupiter.engine.descriptor.TestTemplateTestDescriptor.execute(TestTemplateTestDescriptor.java:42)
	at org.junit.platform.engine.support.hierarchical.NodeTestTask.lambda$executeRecursively$5(NodeTestTask.java:139)
	at org.junit.platform.engine.support.hierarchical.ThrowableCollector.execute(ThrowableCollector.java:73)
	at org.junit.platform.engine.support.hierarchical.NodeTestTask.lambda$executeRecursively$7(NodeTestTask.java:129)
	at org.junit.platform.engine.support.hierarchical.Node.around(Node.java:137)
	at org.junit.platform.engine.support.hierarchical.NodeTestTask.lambda$executeRecursively$8(NodeTestTask.java:127)
	at org.junit.platform.engine.support.hierarchical.ThrowableCollector.execute(ThrowableCollector.java:73)
	at org.junit.platform.engine.support.hierarchical.NodeTestTask.executeRecursively(NodeTestTask.java:126)
	at org.junit.platform.engine.support.hierarchical.NodeTestTask.execute(NodeTestTask.java:84)
	at java.base/java.util.ArrayList.forEach(ArrayList.java:1511)
	at org.junit.platform.engine.support.hierarchical.SameThreadHierarchicalTestExecutorService.invokeAll(SameThreadHierarchicalTestExecutorService.java:38)
	at org.junit.platform.engine.support.hierarchical.NodeTestTask.lambda$executeRecursively$5(NodeTestTask.java:143)
	at org.junit.platform.engine.support.hierarchical.ThrowableCollector.execute(ThrowableCollector.java:73)
	at org.junit.platform.engine.support.hierarchical.NodeTestTask.lambda$executeRecursively$7(NodeTestTask.java:129)
	at org.junit.platform.engine.support.hierarchical.Node.around(Node.java:137)
	at org.junit.platform.engine.support.hierarchical.NodeTestTask.lambda$executeRecursively$8(NodeTestTask.java:127)
	at org.junit.platform.engine.support.hierarchical.ThrowableCollector.execute(ThrowableCollector.java:73)
	at org.junit.platform.engine.support.hierarchical.NodeTestTask.executeRecursively(NodeTestTask.java:126)
	at org.junit.platform.engine.support.hierarchical.NodeTestTask.execute(NodeTestTask.java:84)
	at java.base/java.util.ArrayList.forEach(ArrayList.java:1511)
	at org.junit.platform.engine.support.hierarchical.SameThreadHierarchicalTestExecutorService.invokeAll(SameThreadHierarchicalTestExecutorService.java:38)
	at org.junit.platform.engine.support.hierarchical.NodeTestTask.lambda$executeRecursively$5(NodeTestTask.java:143)
	at org.junit.platform.engine.support.hierarchical.ThrowableCollector.execute(ThrowableCollector.java:73)
	at org.junit.platform.engine.support.hierarchical.NodeTestTask.lambda$executeRecursively$7(NodeTestTask.java:129)
	at org.junit.platform.engine.support.hierarchical.Node.around(Node.java:137)
	at org.junit.platform.engine.support.hierarchical.NodeTestTask.lambda$executeRecursively$8(NodeTestTask.java:127)
	at org.junit.platform.engine.support.hierarchical.ThrowableCollector.execute(ThrowableCollector.java:73)
	at org.junit.platform.engine.support.hierarchical.NodeTestTask.executeRecursively(NodeTestTask.java:126)
	at org.junit.platform.engine.support.hierarchical.NodeTestTask.execute(NodeTestTask.java:84)
	at org.junit.platform.engine.support.hierarchical.SameThreadHierarchicalTestExecutorService.submit(SameThreadHierarchicalTestExecutorService.java:32)
	at org.junit.platform.engine.support.hierarchical.HierarchicalTestExecutor.execute(HierarchicalTestExecutor.java:57)
	at org.junit.platform.engine.support.hierarchical.HierarchicalTestEngine.execute(HierarchicalTestEngine.java:51)
	at org.junit.platform.launcher.core.EngineExecutionOrchestrator.execute(EngineExecutionOrchestrator.java:108)
	at org.junit.platform.launcher.core.EngineExecutionOrchestrator.execute(EngineExecutionOrchestrator.java:88)
	at org.junit.platform.launcher.core.EngineExecutionOrchestrator.lambda$execute$0(EngineExecutionOrchestrator.java:54)
	at org.junit.platform.launcher.core.EngineExecutionOrchestrator.withInterceptedStreams(EngineExecutionOrchestrator.java:67)
	at org.junit.platform.launcher.core.EngineExecutionOrchestrator.execute(EngineExecutionOrchestrator.java:52)
	at org.junit.platform.launcher.core.DefaultLauncher.execute(DefaultLauncher.java:96)
	at org.junit.platform.launcher.core.DefaultLauncher.execute(DefaultLauncher.java:75)
	at org.junit.platform.console.tasks.ConsoleTestExecutor.executeTests(ConsoleTestExecutor.java:66)
	at org.junit.platform.console.tasks.ConsoleTestExecutor.lambda$execute$0(ConsoleTestExecutor.java:58)
	at org.junit.platform.console.tasks.CustomContextClassLoaderExecutor.replaceThreadContextClassLoaderAndInvoke(CustomContextClassLoaderExecutor.java:41)
	at org.junit.platform.console.tasks.CustomContextClassLoaderExecutor.invoke(CustomContextClassLoaderExecutor.java:31)
	at org.junit.platform.console.tasks.ConsoleTestExecutor.execute(ConsoleTestExecutor.java:58)
	at org.junit.platform.console.ConsoleLauncher.executeTests(ConsoleLauncher.java:95)
	at org.junit.platform.console.ConsoleLauncher.execute(ConsoleLauncher.java:73)
	at org.junit.platform.console.ConsoleLauncher.execute(ConsoleLauncher.java:50)
	at org.junit.platform.console.ConsoleLauncher.execute(ConsoleLauncher.java:43)
	at org.junit.platform.console.ConsoleLauncher.main(ConsoleLauncher.java:37)
]]></skipped>
<system-out><![CDATA[
unique-id: [engine:junit-jupiter]/[class:minebayd1.test.TestUser]/[test-template:testget(minebayd1.User, minebayd1.AdState, java.util.Optional, int)]/[test-template-invocation:#9]
display-name: [9] Ayman a 53 annonces ouvertes, 4 annonces fermées et 4 achats 
, PURCHASE, Optional[CLOTHES], 1
]]></system-out>
</testcase>
<testcase name="testget(User, AdState, Optional, int)[10]" classname="minebayd1.test.TestUser" time="0.001">
<system-out><![CDATA[
unique-id: [engine:junit-jupiter]/[class:minebayd1.test.TestUser]/[test-template:testget(minebayd1.User, minebayd1.AdState, java.util.Optional, int)]/[test-template-invocation:#10]
display-name: [10] Marc a 55 annonces ouvertes, 1 annonces fermées et 2 achats 
, OPEN, Optional[CLOTHES], 3
]]></system-out>
</testcase>
<testcase name="testget(User, AdState, Optional, int)[11]" classname="minebayd1.test.TestUser" time="0.002">
<system-out><![CDATA[
unique-id: [engine:junit-jupiter]/[class:minebayd1.test.TestUser]/[test-template:testget(minebayd1.User, minebayd1.AdState, java.util.Optional, int)]/[test-template-invocation:#11]
display-name: [11] Idir a 58 annonces ouvertes, 5 annonces fermées et 4 achats 
, OPEN, Optional[CLOTHES], 2
]]></system-out>
</testcase>
<testcase name="testget(User, AdState, Optional, int)[12]" classname="minebayd1.test.TestUser" time="0.001">
<skipped><![CDATA[org.opentest4j.TestAbortedException: Assumption failed: assumption is not true
	at org.junit.jupiter.api.Assumptions.throwTestAbortedException(Assumptions.java:256)
	at org.junit.jupiter.api.Assumptions.assumeTrue(Assumptions.java:115)
	at org.junit.jupiter.api.Assumptions.assumeTrue(Assumptions.java:66)
	at minebayd1.test.TestUser.testget(TestUser.java:961)
	at java.base/jdk.internal.reflect.NativeMethodAccessorImpl.invoke0(Native Method)
	at java.base/jdk.internal.reflect.NativeMethodAccessorImpl.invoke(NativeMethodAccessorImpl.java:77)
	at java.base/jdk.internal.reflect.DelegatingMethodAccessorImpl.invoke(DelegatingMethodAccessorImpl.java:43)
	at java.base/java.lang.reflect.Method.invoke(Method.java:569)
	at org.junit.platform.commons.util.ReflectionUtils.invokeMethod(ReflectionUtils.java:688)
	at org.junit.jupiter.engine.execution.MethodInvocation.proceed(MethodInvocation.java:60)
	at org.junit.jupiter.engine.execution.InvocationInterceptorChain$ValidatingInvocation.proceed(InvocationInterceptorChain.java:131)
	at org.junit.jupiter.engine.extension.TimeoutExtension.intercept(TimeoutExtension.java:149)
	at org.junit.jupiter.engine.extension.TimeoutExtension.interceptTestableMethod(TimeoutExtension.java:140)
	at org.junit.jupiter.engine.extension.TimeoutExtension.interceptTestTemplateMethod(TimeoutExtension.java:92)
	at org.junit.jupiter.engine.execution.ExecutableInvoker$ReflectiveInterceptorCall.lambda$ofVoidMethod$0(ExecutableInvoker.java:115)
	at org.junit.jupiter.engine.execution.ExecutableInvoker.lambda$invoke$0(ExecutableInvoker.java:105)
	at org.junit.jupiter.engine.execution.InvocationInterceptorChain$InterceptedInvocation.proceed(InvocationInterceptorChain.java:106)
	at org.junit.jupiter.engine.execution.InvocationInterceptorChain.proceed(InvocationInterceptorChain.java:64)
	at org.junit.jupiter.engine.execution.InvocationInterceptorChain.chainAndInvoke(InvocationInterceptorChain.java:45)
	at org.junit.jupiter.engine.execution.InvocationInterceptorChain.invoke(InvocationInterceptorChain.java:37)
	at org.junit.jupiter.engine.execution.ExecutableInvoker.invoke(ExecutableInvoker.java:104)
	at org.junit.jupiter.engine.execution.ExecutableInvoker.invoke(ExecutableInvoker.java:98)
	at org.junit.jupiter.engine.descriptor.TestMethodTestDescriptor.lambda$invokeTestMethod$6(TestMethodTestDescriptor.java:210)
	at org.junit.platform.engine.support.hierarchical.ThrowableCollector.execute(ThrowableCollector.java:73)
	at org.junit.jupiter.engine.descriptor.TestMethodTestDescriptor.invokeTestMethod(TestMethodTestDescriptor.java:206)
	at org.junit.jupiter.engine.descriptor.TestMethodTestDescriptor.execute(TestMethodTestDescriptor.java:131)
	at org.junit.jupiter.engine.descriptor.TestMethodTestDescriptor.execute(TestMethodTestDescriptor.java:65)
	at org.junit.platform.engine.support.hierarchical.NodeTestTask.lambda$executeRecursively$5(NodeTestTask.java:139)
	at org.junit.platform.engine.support.hierarchical.ThrowableCollector.execute(ThrowableCollector.java:73)
	at org.junit.platform.engine.support.hierarchical.NodeTestTask.lambda$executeRecursively$7(NodeTestTask.java:129)
	at org.junit.platform.engine.support.hierarchical.Node.around(Node.java:137)
	at org.junit.platform.engine.support.hierarchical.NodeTestTask.lambda$executeRecursively$8(NodeTestTask.java:127)
	at org.junit.platform.engine.support.hierarchical.ThrowableCollector.execute(ThrowableCollector.java:73)
	at org.junit.platform.engine.support.hierarchical.NodeTestTask.executeRecursively(NodeTestTask.java:126)
	at org.junit.platform.engine.support.hierarchical.NodeTestTask.execute(NodeTestTask.java:84)
	at org.junit.platform.engine.support.hierarchical.SameThreadHierarchicalTestExecutorService.submit(SameThreadHierarchicalTestExecutorService.java:32)
	at org.junit.platform.engine.support.hierarchical.NodeTestTask$DefaultDynamicTestExecutor.execute(NodeTestTask.java:212)
	at org.junit.platform.engine.support.hierarchical.NodeTestTask$DefaultDynamicTestExecutor.execute(NodeTestTask.java:192)
	at org.junit.jupiter.engine.descriptor.TestTemplateTestDescriptor.execute(TestTemplateTestDescriptor.java:139)
	at org.junit.jupiter.engine.descriptor.TestTemplateTestDescriptor.lambda$execute$2(TestTemplateTestDescriptor.java:107)
	at java.base/java.util.stream.ForEachOps$ForEachOp$OfRef.accept(ForEachOps.java:183)
	at java.base/java.util.stream.ReferencePipeline$3$1.accept(ReferencePipeline.java:197)
	at java.base/java.util.stream.ReferencePipeline$2$1.accept(ReferencePipeline.java:179)
	at java.base/java.util.stream.ReferencePipeline$3$1.accept(ReferencePipeline.java:197)
	at java.base/java.util.stream.ForEachOps$ForEachOp$OfRef.accept(ForEachOps.java:183)
	at java.base/java.util.stream.ReferencePipeline$15$1.accept(ReferencePipeline.java:541)
	at java.base/java.util.stream.ReferencePipeline$3$1.accept(ReferencePipeline.java:197)
	at java.base/java.util.stream.ReferencePipeline$3$1.accept(ReferencePipeline.java:197)
	at java.base/java.util.stream.ReferencePipeline$3$1.accept(ReferencePipeline.java:197)
	at java.base/java.util.stream.ForEachOps$ForEachOp$OfRef.accept(ForEachOps.java:183)
	at java.base/java.util.stream.ReferencePipeline$3$1.accept(ReferencePipeline.java:197)
	at java.base/java.util.stream.ForEachOps$ForEachOp$OfRef.accept(ForEachOps.java:183)
	at java.base/java.util.stream.SliceOps$1$1.accept(SliceOps.java:200)
	at java.base/java.util.stream.StreamSpliterators$InfiniteSupplyingSpliterator$OfRef.tryAdvance(StreamSpliterators.java:1358)
	at java.base/java.util.stream.ReferencePipeline.forEachWithCancel(ReferencePipeline.java:129)
	at java.base/java.util.stream.AbstractPipeline.copyIntoWithCancel(AbstractPipeline.java:527)
	at java.base/java.util.stream.AbstractPipeline.copyInto(AbstractPipeline.java:513)
	at java.base/java.util.stream.AbstractPipeline.wrapAndCopyInto(AbstractPipeline.java:499)
	at java.base/java.util.stream.ForEachOps$ForEachOp.evaluateSequential(ForEachOps.java:150)
	at java.base/java.util.stream.ForEachOps$ForEachOp$OfRef.evaluateSequential(ForEachOps.java:173)
	at java.base/java.util.stream.AbstractPipeline.evaluate(AbstractPipeline.java:234)
	at java.base/java.util.stream.ReferencePipeline.forEach(ReferencePipeline.java:596)
	at java.base/java.util.stream.ReferencePipeline$7$1.accept(ReferencePipeline.java:276)
	at java.base/java.util.stream.ReferencePipeline$3$1.accept(ReferencePipeline.java:197)
	at java.base/java.util.stream.ReferencePipeline$3$1.accept(ReferencePipeline.java:197)
	at java.base/java.util.Spliterators$ArraySpliterator.forEachRemaining(Spliterators.java:992)
	at java.base/java.util.stream.AbstractPipeline.copyInto(AbstractPipeline.java:509)
	at java.base/java.util.stream.AbstractPipeline.wrapAndCopyInto(AbstractPipeline.java:499)
	at java.base/java.util.stream.ForEachOps$ForEachOp.evaluateSequential(ForEachOps.java:150)
	at java.base/java.util.stream.ForEachOps$ForEachOp$OfRef.evaluateSequential(ForEachOps.java:173)
	at java.base/java.util.stream.AbstractPipeline.evaluate(AbstractPipeline.java:234)
	at java.base/java.util.stream.ReferencePipeline.forEach(ReferencePipeline.java:596)
	at java.base/java.util.stream.ReferencePipeline$7$1.accept(ReferencePipeline.java:276)
	at java.base/java.util.stream.ReferencePipeline$3$1.accept(ReferencePipeline.java:197)
	at java.base/java.util.stream.ReferencePipeline$3$1.accept(ReferencePipeline.java:197)
	at java.base/java.util.stream.ReferencePipeline$3$1.accept(ReferencePipeline.java:197)
	at java.base/java.util.ArrayList$ArrayListSpliterator.forEachRemaining(ArrayList.java:1625)
	at java.base/java.util.stream.AbstractPipeline.copyInto(AbstractPipeline.java:509)
	at java.base/java.util.stream.AbstractPipeline.wrapAndCopyInto(AbstractPipeline.java:499)
	at java.base/java.util.stream.ForEachOps$ForEachOp.evaluateSequential(ForEachOps.java:150)
	at java.base/java.util.stream.ForEachOps$ForEachOp$OfRef.evaluateSequential(ForEachOps.java:173)
	at java.base/java.util.stream.AbstractPipeline.evaluate(AbstractPipeline.java:234)
	at java.base/java.util.stream.ReferencePipeline.forEach(ReferencePipeline.java:596)
	at java.base/java.util.stream.ReferencePipeline$7$1.accept(ReferencePipeline.java:276)
	at java.base/java.util.ArrayList$ArrayListSpliterator.forEachRemaining(ArrayList.java:1625)
	at java.base/java.util.stream.AbstractPipeline.copyInto(AbstractPipeline.java:509)
	at java.base/java.util.stream.AbstractPipeline.wrapAndCopyInto(AbstractPipeline.java:499)
	at java.base/java.util.stream.ForEachOps$ForEachOp.evaluateSequential(ForEachOps.java:150)
	at java.base/java.util.stream.ForEachOps$ForEachOp$OfRef.evaluateSequential(ForEachOps.java:173)
	at java.base/java.util.stream.AbstractPipeline.evaluate(AbstractPipeline.java:234)
	at java.base/java.util.stream.ReferencePipeline.forEach(ReferencePipeline.java:596)
	at org.junit.jupiter.engine.descriptor.TestTemplateTestDescriptor.execute(TestTemplateTestDescriptor.java:107)
	at org.junit.jupiter.engine.descriptor.TestTemplateTestDescriptor.execute(TestTemplateTestDescriptor.java:42)
	at org.junit.platform.engine.support.hierarchical.NodeTestTask.lambda$executeRecursively$5(NodeTestTask.java:139)
	at org.junit.platform.engine.support.hierarchical.ThrowableCollector.execute(ThrowableCollector.java:73)
	at org.junit.platform.engine.support.hierarchical.NodeTestTask.lambda$executeRecursively$7(NodeTestTask.java:129)
	at org.junit.platform.engine.support.hierarchical.Node.around(Node.java:137)
	at org.junit.platform.engine.support.hierarchical.NodeTestTask.lambda$executeRecursively$8(NodeTestTask.java:127)
	at org.junit.platform.engine.support.hierarchical.ThrowableCollector.execute(ThrowableCollector.java:73)
	at org.junit.platform.engine.support.hierarchical.NodeTestTask.executeRecursively(NodeTestTask.java:126)
	at org.junit.platform.engine.support.hierarchical.NodeTestTask.execute(NodeTestTask.java:84)
	at java.base/java.util.ArrayList.forEach(ArrayList.java:1511)
	at org.junit.platform.engine.support.hierarchical.SameThreadHierarchicalTestExecutorService.invokeAll(SameThreadHierarchicalTestExecutorService.java:38)
	at org.junit.platform.engine.support.hierarchical.NodeTestTask.lambda$executeRecursively$5(NodeTestTask.java:143)
	at org.junit.platform.engine.support.hierarchical.ThrowableCollector.execute(ThrowableCollector.java:73)
	at org.junit.platform.engine.support.hierarchical.NodeTestTask.lambda$executeRecursively$7(NodeTestTask.java:129)
	at org.junit.platform.engine.support.hierarchical.Node.around(Node.java:137)
	at org.junit.platform.engine.support.hierarchical.NodeTestTask.lambda$executeRecursively$8(NodeTestTask.java:127)
	at org.junit.platform.engine.support.hierarchical.ThrowableCollector.execute(ThrowableCollector.java:73)
	at org.junit.platform.engine.support.hierarchical.NodeTestTask.executeRecursively(NodeTestTask.java:126)
	at org.junit.platform.engine.support.hierarchical.NodeTestTask.execute(NodeTestTask.java:84)
	at java.base/java.util.ArrayList.forEach(ArrayList.java:1511)
	at org.junit.platform.engine.support.hierarchical.SameThreadHierarchicalTestExecutorService.invokeAll(SameThreadHierarchicalTestExecutorService.java:38)
	at org.junit.platform.engine.support.hierarchical.NodeTestTask.lambda$executeRecursively$5(NodeTestTask.java:143)
	at org.junit.platform.engine.support.hierarchical.ThrowableCollector.execute(ThrowableCollector.java:73)
	at org.junit.platform.engine.support.hierarchical.NodeTestTask.lambda$executeRecursively$7(NodeTestTask.java:129)
	at org.junit.platform.engine.support.hierarchical.Node.around(Node.java:137)
	at org.junit.platform.engine.support.hierarchical.NodeTestTask.lambda$executeRecursively$8(NodeTestTask.java:127)
	at org.junit.platform.engine.support.hierarchical.ThrowableCollector.execute(ThrowableCollector.java:73)
	at org.junit.platform.engine.support.hierarchical.NodeTestTask.executeRecursively(NodeTestTask.java:126)
	at org.junit.platform.engine.support.hierarchical.NodeTestTask.execute(NodeTestTask.java:84)
	at org.junit.platform.engine.support.hierarchical.SameThreadHierarchicalTestExecutorService.submit(SameThreadHierarchicalTestExecutorService.java:32)
	at org.junit.platform.engine.support.hierarchical.HierarchicalTestExecutor.execute(HierarchicalTestExecutor.java:57)
	at org.junit.platform.engine.support.hierarchical.HierarchicalTestEngine.execute(HierarchicalTestEngine.java:51)
	at org.junit.platform.launcher.core.EngineExecutionOrchestrator.execute(EngineExecutionOrchestrator.java:108)
	at org.junit.platform.launcher.core.EngineExecutionOrchestrator.execute(EngineExecutionOrchestrator.java:88)
	at org.junit.platform.launcher.core.EngineExecutionOrchestrator.lambda$execute$0(EngineExecutionOrchestrator.java:54)
	at org.junit.platform.launcher.core.EngineExecutionOrchestrator.withInterceptedStreams(EngineExecutionOrchestrator.java:67)
	at org.junit.platform.launcher.core.EngineExecutionOrchestrator.execute(EngineExecutionOrchestrator.java:52)
	at org.junit.platform.launcher.core.DefaultLauncher.execute(DefaultLauncher.java:96)
	at org.junit.platform.launcher.core.DefaultLauncher.execute(DefaultLauncher.java:75)
	at org.junit.platform.console.tasks.ConsoleTestExecutor.executeTests(ConsoleTestExecutor.java:66)
	at org.junit.platform.console.tasks.ConsoleTestExecutor.lambda$execute$0(ConsoleTestExecutor.java:58)
	at org.junit.platform.console.tasks.CustomContextClassLoaderExecutor.replaceThreadContextClassLoaderAndInvoke(CustomContextClassLoaderExecutor.java:41)
	at org.junit.platform.console.tasks.CustomContextClassLoaderExecutor.invoke(CustomContextClassLoaderExecutor.java:31)
	at org.junit.platform.console.tasks.ConsoleTestExecutor.execute(ConsoleTestExecutor.java:58)
	at org.junit.platform.console.ConsoleLauncher.executeTests(ConsoleLauncher.java:95)
	at org.junit.platform.console.ConsoleLauncher.execute(ConsoleLauncher.java:73)
	at org.junit.platform.console.ConsoleLauncher.execute(ConsoleLauncher.java:50)
	at org.junit.platform.console.ConsoleLauncher.execute(ConsoleLauncher.java:43)
	at org.junit.platform.console.ConsoleLauncher.main(ConsoleLauncher.java:37)
]]></skipped>
<system-out><![CDATA[
unique-id: [engine:junit-jupiter]/[class:minebayd1.test.TestUser]/[test-template:testget(minebayd1.User, minebayd1.AdState, java.util.Optional, int)]/[test-template-invocation:#12]
display-name: [12] Mounir a 59 annonces ouvertes, 2 annonces fermées et 2 achats 
, CLOSED, Optional[COMPUTERS], 0
]]></system-out>
</testcase>
<testcase name="testget(User, AdState, Optional, int)[13]" classname="minebayd1.test.TestUser" time="0">
<skipped><![CDATA[org.opentest4j.TestAbortedException: Assumption failed: assumption is not true
	at org.junit.jupiter.api.Assumptions.throwTestAbortedException(Assumptions.java:256)
	at org.junit.jupiter.api.Assumptions.assumeTrue(Assumptions.java:115)
	at org.junit.jupiter.api.Assumptions.assumeTrue(Assumptions.java:66)
	at minebayd1.test.TestUser.testget(TestUser.java:961)
	at java.base/jdk.internal.reflect.NativeMethodAccessorImpl.invoke0(Native Method)
	at java.base/jdk.internal.reflect.NativeMethodAccessorImpl.invoke(NativeMethodAccessorImpl.java:77)
	at java.base/jdk.internal.reflect.DelegatingMethodAccessorImpl.invoke(DelegatingMethodAccessorImpl.java:43)
	at java.base/java.lang.reflect.Method.invoke(Method.java:569)
	at org.junit.platform.commons.util.ReflectionUtils.invokeMethod(ReflectionUtils.java:688)
	at org.junit.jupiter.engine.execution.MethodInvocation.proceed(MethodInvocation.java:60)
	at org.junit.jupiter.engine.execution.InvocationInterceptorChain$ValidatingInvocation.proceed(InvocationInterceptorChain.java:131)
	at org.junit.jupiter.engine.extension.TimeoutExtension.intercept(TimeoutExtension.java:149)
	at org.junit.jupiter.engine.extension.TimeoutExtension.interceptTestableMethod(TimeoutExtension.java:140)
	at org.junit.jupiter.engine.extension.TimeoutExtension.interceptTestTemplateMethod(TimeoutExtension.java:92)
	at org.junit.jupiter.engine.execution.ExecutableInvoker$ReflectiveInterceptorCall.lambda$ofVoidMethod$0(ExecutableInvoker.java:115)
	at org.junit.jupiter.engine.execution.ExecutableInvoker.lambda$invoke$0(ExecutableInvoker.java:105)
	at org.junit.jupiter.engine.execution.InvocationInterceptorChain$InterceptedInvocation.proceed(InvocationInterceptorChain.java:106)
	at org.junit.jupiter.engine.execution.InvocationInterceptorChain.proceed(InvocationInterceptorChain.java:64)
	at org.junit.jupiter.engine.execution.InvocationInterceptorChain.chainAndInvoke(InvocationInterceptorChain.java:45)
	at org.junit.jupiter.engine.execution.InvocationInterceptorChain.invoke(InvocationInterceptorChain.java:37)
	at org.junit.jupiter.engine.execution.ExecutableInvoker.invoke(ExecutableInvoker.java:104)
	at org.junit.jupiter.engine.execution.ExecutableInvoker.invoke(ExecutableInvoker.java:98)
	at org.junit.jupiter.engine.descriptor.TestMethodTestDescriptor.lambda$invokeTestMethod$6(TestMethodTestDescriptor.java:210)
	at org.junit.platform.engine.support.hierarchical.ThrowableCollector.execute(ThrowableCollector.java:73)
	at org.junit.jupiter.engine.descriptor.TestMethodTestDescriptor.invokeTestMethod(TestMethodTestDescriptor.java:206)
	at org.junit.jupiter.engine.descriptor.TestMethodTestDescriptor.execute(TestMethodTestDescriptor.java:131)
	at org.junit.jupiter.engine.descriptor.TestMethodTestDescriptor.execute(TestMethodTestDescriptor.java:65)
	at org.junit.platform.engine.support.hierarchical.NodeTestTask.lambda$executeRecursively$5(NodeTestTask.java:139)
	at org.junit.platform.engine.support.hierarchical.ThrowableCollector.execute(ThrowableCollector.java:73)
	at org.junit.platform.engine.support.hierarchical.NodeTestTask.lambda$executeRecursively$7(NodeTestTask.java:129)
	at org.junit.platform.engine.support.hierarchical.Node.around(Node.java:137)
	at org.junit.platform.engine.support.hierarchical.NodeTestTask.lambda$executeRecursively$8(NodeTestTask.java:127)
	at org.junit.platform.engine.support.hierarchical.ThrowableCollector.execute(ThrowableCollector.java:73)
	at org.junit.platform.engine.support.hierarchical.NodeTestTask.executeRecursively(NodeTestTask.java:126)
	at org.junit.platform.engine.support.hierarchical.NodeTestTask.execute(NodeTestTask.java:84)
	at org.junit.platform.engine.support.hierarchical.SameThreadHierarchicalTestExecutorService.submit(SameThreadHierarchicalTestExecutorService.java:32)
	at org.junit.platform.engine.support.hierarchical.NodeTestTask$DefaultDynamicTestExecutor.execute(NodeTestTask.java:212)
	at org.junit.platform.engine.support.hierarchical.NodeTestTask$DefaultDynamicTestExecutor.execute(NodeTestTask.java:192)
	at org.junit.jupiter.engine.descriptor.TestTemplateTestDescriptor.execute(TestTemplateTestDescriptor.java:139)
	at org.junit.jupiter.engine.descriptor.TestTemplateTestDescriptor.lambda$execute$2(TestTemplateTestDescriptor.java:107)
	at java.base/java.util.stream.ForEachOps$ForEachOp$OfRef.accept(ForEachOps.java:183)
	at java.base/java.util.stream.ReferencePipeline$3$1.accept(ReferencePipeline.java:197)
	at java.base/java.util.stream.ReferencePipeline$2$1.accept(ReferencePipeline.java:179)
	at java.base/java.util.stream.ReferencePipeline$3$1.accept(ReferencePipeline.java:197)
	at java.base/java.util.stream.ForEachOps$ForEachOp$OfRef.accept(ForEachOps.java:183)
	at java.base/java.util.stream.ReferencePipeline$15$1.accept(ReferencePipeline.java:541)
	at java.base/java.util.stream.ReferencePipeline$3$1.accept(ReferencePipeline.java:197)
	at java.base/java.util.stream.ReferencePipeline$3$1.accept(ReferencePipeline.java:197)
	at java.base/java.util.stream.ReferencePipeline$3$1.accept(ReferencePipeline.java:197)
	at java.base/java.util.stream.ForEachOps$ForEachOp$OfRef.accept(ForEachOps.java:183)
	at java.base/java.util.stream.ReferencePipeline$3$1.accept(ReferencePipeline.java:197)
	at java.base/java.util.stream.ForEachOps$ForEachOp$OfRef.accept(ForEachOps.java:183)
	at java.base/java.util.stream.SliceOps$1$1.accept(SliceOps.java:200)
	at java.base/java.util.stream.StreamSpliterators$InfiniteSupplyingSpliterator$OfRef.tryAdvance(StreamSpliterators.java:1358)
	at java.base/java.util.stream.ReferencePipeline.forEachWithCancel(ReferencePipeline.java:129)
	at java.base/java.util.stream.AbstractPipeline.copyIntoWithCancel(AbstractPipeline.java:527)
	at java.base/java.util.stream.AbstractPipeline.copyInto(AbstractPipeline.java:513)
	at java.base/java.util.stream.AbstractPipeline.wrapAndCopyInto(AbstractPipeline.java:499)
	at java.base/java.util.stream.ForEachOps$ForEachOp.evaluateSequential(ForEachOps.java:150)
	at java.base/java.util.stream.ForEachOps$ForEachOp$OfRef.evaluateSequential(ForEachOps.java:173)
	at java.base/java.util.stream.AbstractPipeline.evaluate(AbstractPipeline.java:234)
	at java.base/java.util.stream.ReferencePipeline.forEach(ReferencePipeline.java:596)
	at java.base/java.util.stream.ReferencePipeline$7$1.accept(ReferencePipeline.java:276)
	at java.base/java.util.stream.ReferencePipeline$3$1.accept(ReferencePipeline.java:197)
	at java.base/java.util.stream.ReferencePipeline$3$1.accept(ReferencePipeline.java:197)
	at java.base/java.util.Spliterators$ArraySpliterator.forEachRemaining(Spliterators.java:992)
	at java.base/java.util.stream.AbstractPipeline.copyInto(AbstractPipeline.java:509)
	at java.base/java.util.stream.AbstractPipeline.wrapAndCopyInto(AbstractPipeline.java:499)
	at java.base/java.util.stream.ForEachOps$ForEachOp.evaluateSequential(ForEachOps.java:150)
	at java.base/java.util.stream.ForEachOps$ForEachOp$OfRef.evaluateSequential(ForEachOps.java:173)
	at java.base/java.util.stream.AbstractPipeline.evaluate(AbstractPipeline.java:234)
	at java.base/java.util.stream.ReferencePipeline.forEach(ReferencePipeline.java:596)
	at java.base/java.util.stream.ReferencePipeline$7$1.accept(ReferencePipeline.java:276)
	at java.base/java.util.stream.ReferencePipeline$3$1.accept(ReferencePipeline.java:197)
	at java.base/java.util.stream.ReferencePipeline$3$1.accept(ReferencePipeline.java:197)
	at java.base/java.util.stream.ReferencePipeline$3$1.accept(ReferencePipeline.java:197)
	at java.base/java.util.ArrayList$ArrayListSpliterator.forEachRemaining(ArrayList.java:1625)
	at java.base/java.util.stream.AbstractPipeline.copyInto(AbstractPipeline.java:509)
	at java.base/java.util.stream.AbstractPipeline.wrapAndCopyInto(AbstractPipeline.java:499)
	at java.base/java.util.stream.ForEachOps$ForEachOp.evaluateSequential(ForEachOps.java:150)
	at java.base/java.util.stream.ForEachOps$ForEachOp$OfRef.evaluateSequential(ForEachOps.java:173)
	at java.base/java.util.stream.AbstractPipeline.evaluate(AbstractPipeline.java:234)
	at java.base/java.util.stream.ReferencePipeline.forEach(ReferencePipeline.java:596)
	at java.base/java.util.stream.ReferencePipeline$7$1.accept(ReferencePipeline.java:276)
	at java.base/java.util.ArrayList$ArrayListSpliterator.forEachRemaining(ArrayList.java:1625)
	at java.base/java.util.stream.AbstractPipeline.copyInto(AbstractPipeline.java:509)
	at java.base/java.util.stream.AbstractPipeline.wrapAndCopyInto(AbstractPipeline.java:499)
	at java.base/java.util.stream.ForEachOps$ForEachOp.evaluateSequential(ForEachOps.java:150)
	at java.base/java.util.stream.ForEachOps$ForEachOp$OfRef.evaluateSequential(ForEachOps.java:173)
	at java.base/java.util.stream.AbstractPipeline.evaluate(AbstractPipeline.java:234)
	at java.base/java.util.stream.ReferencePipeline.forEach(ReferencePipeline.java:596)
	at org.junit.jupiter.engine.descriptor.TestTemplateTestDescriptor.execute(TestTemplateTestDescriptor.java:107)
	at org.junit.jupiter.engine.descriptor.TestTemplateTestDescriptor.execute(TestTemplateTestDescriptor.java:42)
	at org.junit.platform.engine.support.hierarchical.NodeTestTask.lambda$executeRecursively$5(NodeTestTask.java:139)
	at org.junit.platform.engine.support.hierarchical.ThrowableCollector.execute(ThrowableCollector.java:73)
	at org.junit.platform.engine.support.hierarchical.NodeTestTask.lambda$executeRecursively$7(NodeTestTask.java:129)
	at org.junit.platform.engine.support.hierarchical.Node.around(Node.java:137)
	at org.junit.platform.engine.support.hierarchical.NodeTestTask.lambda$executeRecursively$8(NodeTestTask.java:127)
	at org.junit.platform.engine.support.hierarchical.ThrowableCollector.execute(ThrowableCollector.java:73)
	at org.junit.platform.engine.support.hierarchical.NodeTestTask.executeRecursively(NodeTestTask.java:126)
	at org.junit.platform.engine.support.hierarchical.NodeTestTask.execute(NodeTestTask.java:84)
	at java.base/java.util.ArrayList.forEach(ArrayList.java:1511)
	at org.junit.platform.engine.support.hierarchical.SameThreadHierarchicalTestExecutorService.invokeAll(SameThreadHierarchicalTestExecutorService.java:38)
	at org.junit.platform.engine.support.hierarchical.NodeTestTask.lambda$executeRecursively$5(NodeTestTask.java:143)
	at org.junit.platform.engine.support.hierarchical.ThrowableCollector.execute(ThrowableCollector.java:73)
	at org.junit.platform.engine.support.hierarchical.NodeTestTask.lambda$executeRecursively$7(NodeTestTask.java:129)
	at org.junit.platform.engine.support.hierarchical.Node.around(Node.java:137)
	at org.junit.platform.engine.support.hierarchical.NodeTestTask.lambda$executeRecursively$8(NodeTestTask.java:127)
	at org.junit.platform.engine.support.hierarchical.ThrowableCollector.execute(ThrowableCollector.java:73)
	at org.junit.platform.engine.support.hierarchical.NodeTestTask.executeRecursively(NodeTestTask.java:126)
	at org.junit.platform.engine.support.hierarchical.NodeTestTask.execute(NodeTestTask.java:84)
	at java.base/java.util.ArrayList.forEach(ArrayList.java:1511)
	at org.junit.platform.engine.support.hierarchical.SameThreadHierarchicalTestExecutorService.invokeAll(SameThreadHierarchicalTestExecutorService.java:38)
	at org.junit.platform.engine.support.hierarchical.NodeTestTask.lambda$executeRecursively$5(NodeTestTask.java:143)
	at org.junit.platform.engine.support.hierarchical.ThrowableCollector.execute(ThrowableCollector.java:73)
	at org.junit.platform.engine.support.hierarchical.NodeTestTask.lambda$executeRecursively$7(NodeTestTask.java:129)
	at org.junit.platform.engine.support.hierarchical.Node.around(Node.java:137)
	at org.junit.platform.engine.support.hierarchical.NodeTestTask.lambda$executeRecursively$8(NodeTestTask.java:127)
	at org.junit.platform.engine.support.hierarchical.ThrowableCollector.execute(ThrowableCollector.java:73)
	at org.junit.platform.engine.support.hierarchical.NodeTestTask.executeRecursively(NodeTestTask.java:126)
	at org.junit.platform.engine.support.hierarchical.NodeTestTask.execute(NodeTestTask.java:84)
	at org.junit.platform.engine.support.hierarchical.SameThreadHierarchicalTestExecutorService.submit(SameThreadHierarchicalTestExecutorService.java:32)
	at org.junit.platform.engine.support.hierarchical.HierarchicalTestExecutor.execute(HierarchicalTestExecutor.java:57)
	at org.junit.platform.engine.support.hierarchical.HierarchicalTestEngine.execute(HierarchicalTestEngine.java:51)
	at org.junit.platform.launcher.core.EngineExecutionOrchestrator.execute(EngineExecutionOrchestrator.java:108)
	at org.junit.platform.launcher.core.EngineExecutionOrchestrator.execute(EngineExecutionOrchestrator.java:88)
	at org.junit.platform.launcher.core.EngineExecutionOrchestrator.lambda$execute$0(EngineExecutionOrchestrator.java:54)
	at org.junit.platform.launcher.core.EngineExecutionOrchestrator.withInterceptedStreams(EngineExecutionOrchestrator.java:67)
	at org.junit.platform.launcher.core.EngineExecutionOrchestrator.execute(EngineExecutionOrchestrator.java:52)
	at org.junit.platform.launcher.core.DefaultLauncher.execute(DefaultLauncher.java:96)
	at org.junit.platform.launcher.core.DefaultLauncher.execute(DefaultLauncher.java:75)
	at org.junit.platform.console.tasks.ConsoleTestExecutor.executeTests(ConsoleTestExecutor.java:66)
	at org.junit.platform.console.tasks.ConsoleTestExecutor.lambda$execute$0(ConsoleTestExecutor.java:58)
	at org.junit.platform.console.tasks.CustomContextClassLoaderExecutor.replaceThreadContextClassLoaderAndInvoke(CustomContextClassLoaderExecutor.java:41)
	at org.junit.platform.console.tasks.CustomContextClassLoaderExecutor.invoke(CustomContextClassLoaderExecutor.java:31)
	at org.junit.platform.console.tasks.ConsoleTestExecutor.execute(ConsoleTestExecutor.java:58)
	at org.junit.platform.console.ConsoleLauncher.executeTests(ConsoleLauncher.java:95)
	at org.junit.platform.console.ConsoleLauncher.execute(ConsoleLauncher.java:73)
	at org.junit.platform.console.ConsoleLauncher.execute(ConsoleLauncher.java:50)
	at org.junit.platform.console.ConsoleLauncher.execute(ConsoleLauncher.java:43)
	at org.junit.platform.console.ConsoleLauncher.main(ConsoleLauncher.java:37)
]]></skipped>
<system-out><![CDATA[
unique-id: [engine:junit-jupiter]/[class:minebayd1.test.TestUser]/[test-template:testget(minebayd1.User, minebayd1.AdState, java.util.Optional, int)]/[test-template-invocation:#13]
display-name: [13] Ismael a 59 annonces ouvertes, 1 annonces fermées et 3 achats 
, CLOSED, Optional[SHOES], 0
]]></system-out>
</testcase>
<testcase name="testget(User, AdState, Optional, int)[14]" classname="minebayd1.test.TestUser" time="0.001">
<system-out><![CDATA[
unique-id: [engine:junit-jupiter]/[class:minebayd1.test.TestUser]/[test-template:testget(minebayd1.User, minebayd1.AdState, java.util.Optional, int)]/[test-template-invocation:#14]
display-name: [14] Lyes a 65 annonces ouvertes, 1 annonces fermées et 3 achats 
, OPEN, Optional[CLOTHES], 6
]]></system-out>
</testcase>
<testcase name="testget(User, AdState, Optional, int)[15]" classname="minebayd1.test.TestUser" time="0">
<skipped><![CDATA[org.opentest4j.TestAbortedException: Assumption failed: assumption is not true
	at org.junit.jupiter.api.Assumptions.throwTestAbortedException(Assumptions.java:256)
	at org.junit.jupiter.api.Assumptions.assumeTrue(Assumptions.java:115)
	at org.junit.jupiter.api.Assumptions.assumeTrue(Assumptions.java:66)
	at minebayd1.test.TestUser.testget(TestUser.java:961)
	at java.base/jdk.internal.reflect.NativeMethodAccessorImpl.invoke0(Native Method)
	at java.base/jdk.internal.reflect.NativeMethodAccessorImpl.invoke(NativeMethodAccessorImpl.java:77)
	at java.base/jdk.internal.reflect.DelegatingMethodAccessorImpl.invoke(DelegatingMethodAccessorImpl.java:43)
	at java.base/java.lang.reflect.Method.invoke(Method.java:569)
	at org.junit.platform.commons.util.ReflectionUtils.invokeMethod(ReflectionUtils.java:688)
	at org.junit.jupiter.engine.execution.MethodInvocation.proceed(MethodInvocation.java:60)
	at org.junit.jupiter.engine.execution.InvocationInterceptorChain$ValidatingInvocation.proceed(InvocationInterceptorChain.java:131)
	at org.junit.jupiter.engine.extension.TimeoutExtension.intercept(TimeoutExtension.java:149)
	at org.junit.jupiter.engine.extension.TimeoutExtension.interceptTestableMethod(TimeoutExtension.java:140)
	at org.junit.jupiter.engine.extension.TimeoutExtension.interceptTestTemplateMethod(TimeoutExtension.java:92)
	at org.junit.jupiter.engine.execution.ExecutableInvoker$ReflectiveInterceptorCall.lambda$ofVoidMethod$0(ExecutableInvoker.java:115)
	at org.junit.jupiter.engine.execution.ExecutableInvoker.lambda$invoke$0(ExecutableInvoker.java:105)
	at org.junit.jupiter.engine.execution.InvocationInterceptorChain$InterceptedInvocation.proceed(InvocationInterceptorChain.java:106)
	at org.junit.jupiter.engine.execution.InvocationInterceptorChain.proceed(InvocationInterceptorChain.java:64)
	at org.junit.jupiter.engine.execution.InvocationInterceptorChain.chainAndInvoke(InvocationInterceptorChain.java:45)
	at org.junit.jupiter.engine.execution.InvocationInterceptorChain.invoke(InvocationInterceptorChain.java:37)
	at org.junit.jupiter.engine.execution.ExecutableInvoker.invoke(ExecutableInvoker.java:104)
	at org.junit.jupiter.engine.execution.ExecutableInvoker.invoke(ExecutableInvoker.java:98)
	at org.junit.jupiter.engine.descriptor.TestMethodTestDescriptor.lambda$invokeTestMethod$6(TestMethodTestDescriptor.java:210)
	at org.junit.platform.engine.support.hierarchical.ThrowableCollector.execute(ThrowableCollector.java:73)
	at org.junit.jupiter.engine.descriptor.TestMethodTestDescriptor.invokeTestMethod(TestMethodTestDescriptor.java:206)
	at org.junit.jupiter.engine.descriptor.TestMethodTestDescriptor.execute(TestMethodTestDescriptor.java:131)
	at org.junit.jupiter.engine.descriptor.TestMethodTestDescriptor.execute(TestMethodTestDescriptor.java:65)
	at org.junit.platform.engine.support.hierarchical.NodeTestTask.lambda$executeRecursively$5(NodeTestTask.java:139)
	at org.junit.platform.engine.support.hierarchical.ThrowableCollector.execute(ThrowableCollector.java:73)
	at org.junit.platform.engine.support.hierarchical.NodeTestTask.lambda$executeRecursively$7(NodeTestTask.java:129)
	at org.junit.platform.engine.support.hierarchical.Node.around(Node.java:137)
	at org.junit.platform.engine.support.hierarchical.NodeTestTask.lambda$executeRecursively$8(NodeTestTask.java:127)
	at org.junit.platform.engine.support.hierarchical.ThrowableCollector.execute(ThrowableCollector.java:73)
	at org.junit.platform.engine.support.hierarchical.NodeTestTask.executeRecursively(NodeTestTask.java:126)
	at org.junit.platform.engine.support.hierarchical.NodeTestTask.execute(NodeTestTask.java:84)
	at org.junit.platform.engine.support.hierarchical.SameThreadHierarchicalTestExecutorService.submit(SameThreadHierarchicalTestExecutorService.java:32)
	at org.junit.platform.engine.support.hierarchical.NodeTestTask$DefaultDynamicTestExecutor.execute(NodeTestTask.java:212)
	at org.junit.platform.engine.support.hierarchical.NodeTestTask$DefaultDynamicTestExecutor.execute(NodeTestTask.java:192)
	at org.junit.jupiter.engine.descriptor.TestTemplateTestDescriptor.execute(TestTemplateTestDescriptor.java:139)
	at org.junit.jupiter.engine.descriptor.TestTemplateTestDescriptor.lambda$execute$2(TestTemplateTestDescriptor.java:107)
	at java.base/java.util.stream.ForEachOps$ForEachOp$OfRef.accept(ForEachOps.java:183)
	at java.base/java.util.stream.ReferencePipeline$3$1.accept(ReferencePipeline.java:197)
	at java.base/java.util.stream.ReferencePipeline$2$1.accept(ReferencePipeline.java:179)
	at java.base/java.util.stream.ReferencePipeline$3$1.accept(ReferencePipeline.java:197)
	at java.base/java.util.stream.ForEachOps$ForEachOp$OfRef.accept(ForEachOps.java:183)
	at java.base/java.util.stream.ReferencePipeline$15$1.accept(ReferencePipeline.java:541)
	at java.base/java.util.stream.ReferencePipeline$3$1.accept(ReferencePipeline.java:197)
	at java.base/java.util.stream.ReferencePipeline$3$1.accept(ReferencePipeline.java:197)
	at java.base/java.util.stream.ReferencePipeline$3$1.accept(ReferencePipeline.java:197)
	at java.base/java.util.stream.ForEachOps$ForEachOp$OfRef.accept(ForEachOps.java:183)
	at java.base/java.util.stream.ReferencePipeline$3$1.accept(ReferencePipeline.java:197)
	at java.base/java.util.stream.ForEachOps$ForEachOp$OfRef.accept(ForEachOps.java:183)
	at java.base/java.util.stream.SliceOps$1$1.accept(SliceOps.java:200)
	at java.base/java.util.stream.StreamSpliterators$InfiniteSupplyingSpliterator$OfRef.tryAdvance(StreamSpliterators.java:1358)
	at java.base/java.util.stream.ReferencePipeline.forEachWithCancel(ReferencePipeline.java:129)
	at java.base/java.util.stream.AbstractPipeline.copyIntoWithCancel(AbstractPipeline.java:527)
	at java.base/java.util.stream.AbstractPipeline.copyInto(AbstractPipeline.java:513)
	at java.base/java.util.stream.AbstractPipeline.wrapAndCopyInto(AbstractPipeline.java:499)
	at java.base/java.util.stream.ForEachOps$ForEachOp.evaluateSequential(ForEachOps.java:150)
	at java.base/java.util.stream.ForEachOps$ForEachOp$OfRef.evaluateSequential(ForEachOps.java:173)
	at java.base/java.util.stream.AbstractPipeline.evaluate(AbstractPipeline.java:234)
	at java.base/java.util.stream.ReferencePipeline.forEach(ReferencePipeline.java:596)
	at java.base/java.util.stream.ReferencePipeline$7$1.accept(ReferencePipeline.java:276)
	at java.base/java.util.stream.ReferencePipeline$3$1.accept(ReferencePipeline.java:197)
	at java.base/java.util.stream.ReferencePipeline$3$1.accept(ReferencePipeline.java:197)
	at java.base/java.util.Spliterators$ArraySpliterator.forEachRemaining(Spliterators.java:992)
	at java.base/java.util.stream.AbstractPipeline.copyInto(AbstractPipeline.java:509)
	at java.base/java.util.stream.AbstractPipeline.wrapAndCopyInto(AbstractPipeline.java:499)
	at java.base/java.util.stream.ForEachOps$ForEachOp.evaluateSequential(ForEachOps.java:150)
	at java.base/java.util.stream.ForEachOps$ForEachOp$OfRef.evaluateSequential(ForEachOps.java:173)
	at java.base/java.util.stream.AbstractPipeline.evaluate(AbstractPipeline.java:234)
	at java.base/java.util.stream.ReferencePipeline.forEach(ReferencePipeline.java:596)
	at java.base/java.util.stream.ReferencePipeline$7$1.accept(ReferencePipeline.java:276)
	at java.base/java.util.stream.ReferencePipeline$3$1.accept(ReferencePipeline.java:197)
	at java.base/java.util.stream.ReferencePipeline$3$1.accept(ReferencePipeline.java:197)
	at java.base/java.util.stream.ReferencePipeline$3$1.accept(ReferencePipeline.java:197)
	at java.base/java.util.ArrayList$ArrayListSpliterator.forEachRemaining(ArrayList.java:1625)
	at java.base/java.util.stream.AbstractPipeline.copyInto(AbstractPipeline.java:509)
	at java.base/java.util.stream.AbstractPipeline.wrapAndCopyInto(AbstractPipeline.java:499)
	at java.base/java.util.stream.ForEachOps$ForEachOp.evaluateSequential(ForEachOps.java:150)
	at java.base/java.util.stream.ForEachOps$ForEachOp$OfRef.evaluateSequential(ForEachOps.java:173)
	at java.base/java.util.stream.AbstractPipeline.evaluate(AbstractPipeline.java:234)
	at java.base/java.util.stream.ReferencePipeline.forEach(ReferencePipeline.java:596)
	at java.base/java.util.stream.ReferencePipeline$7$1.accept(ReferencePipeline.java:276)
	at java.base/java.util.ArrayList$ArrayListSpliterator.forEachRemaining(ArrayList.java:1625)
	at java.base/java.util.stream.AbstractPipeline.copyInto(AbstractPipeline.java:509)
	at java.base/java.util.stream.AbstractPipeline.wrapAndCopyInto(AbstractPipeline.java:499)
	at java.base/java.util.stream.ForEachOps$ForEachOp.evaluateSequential(ForEachOps.java:150)
	at java.base/java.util.stream.ForEachOps$ForEachOp$OfRef.evaluateSequential(ForEachOps.java:173)
	at java.base/java.util.stream.AbstractPipeline.evaluate(AbstractPipeline.java:234)
	at java.base/java.util.stream.ReferencePipeline.forEach(ReferencePipeline.java:596)
	at org.junit.jupiter.engine.descriptor.TestTemplateTestDescriptor.execute(TestTemplateTestDescriptor.java:107)
	at org.junit.jupiter.engine.descriptor.TestTemplateTestDescriptor.execute(TestTemplateTestDescriptor.java:42)
	at org.junit.platform.engine.support.hierarchical.NodeTestTask.lambda$executeRecursively$5(NodeTestTask.java:139)
	at org.junit.platform.engine.support.hierarchical.ThrowableCollector.execute(ThrowableCollector.java:73)
	at org.junit.platform.engine.support.hierarchical.NodeTestTask.lambda$executeRecursively$7(NodeTestTask.java:129)
	at org.junit.platform.engine.support.hierarchical.Node.around(Node.java:137)
	at org.junit.platform.engine.support.hierarchical.NodeTestTask.lambda$executeRecursively$8(NodeTestTask.java:127)
	at org.junit.platform.engine.support.hierarchical.ThrowableCollector.execute(ThrowableCollector.java:73)
	at org.junit.platform.engine.support.hierarchical.NodeTestTask.executeRecursively(NodeTestTask.java:126)
	at org.junit.platform.engine.support.hierarchical.NodeTestTask.execute(NodeTestTask.java:84)
	at java.base/java.util.ArrayList.forEach(ArrayList.java:1511)
	at org.junit.platform.engine.support.hierarchical.SameThreadHierarchicalTestExecutorService.invokeAll(SameThreadHierarchicalTestExecutorService.java:38)
	at org.junit.platform.engine.support.hierarchical.NodeTestTask.lambda$executeRecursively$5(NodeTestTask.java:143)
	at org.junit.platform.engine.support.hierarchical.ThrowableCollector.execute(ThrowableCollector.java:73)
	at org.junit.platform.engine.support.hierarchical.NodeTestTask.lambda$executeRecursively$7(NodeTestTask.java:129)
	at org.junit.platform.engine.support.hierarchical.Node.around(Node.java:137)
	at org.junit.platform.engine.support.hierarchical.NodeTestTask.lambda$executeRecursively$8(NodeTestTask.java:127)
	at org.junit.platform.engine.support.hierarchical.ThrowableCollector.execute(ThrowableCollector.java:73)
	at org.junit.platform.engine.support.hierarchical.NodeTestTask.executeRecursively(NodeTestTask.java:126)
	at org.junit.platform.engine.support.hierarchical.NodeTestTask.execute(NodeTestTask.java:84)
	at java.base/java.util.ArrayList.forEach(ArrayList.java:1511)
	at org.junit.platform.engine.support.hierarchical.SameThreadHierarchicalTestExecutorService.invokeAll(SameThreadHierarchicalTestExecutorService.java:38)
	at org.junit.platform.engine.support.hierarchical.NodeTestTask.lambda$executeRecursively$5(NodeTestTask.java:143)
	at org.junit.platform.engine.support.hierarchical.ThrowableCollector.execute(ThrowableCollector.java:73)
	at org.junit.platform.engine.support.hierarchical.NodeTestTask.lambda$executeRecursively$7(NodeTestTask.java:129)
	at org.junit.platform.engine.support.hierarchical.Node.around(Node.java:137)
	at org.junit.platform.engine.support.hierarchical.NodeTestTask.lambda$executeRecursively$8(NodeTestTask.java:127)
	at org.junit.platform.engine.support.hierarchical.ThrowableCollector.execute(ThrowableCollector.java:73)
	at org.junit.platform.engine.support.hierarchical.NodeTestTask.executeRecursively(NodeTestTask.java:126)
	at org.junit.platform.engine.support.hierarchical.NodeTestTask.execute(NodeTestTask.java:84)
	at org.junit.platform.engine.support.hierarchical.SameThreadHierarchicalTestExecutorService.submit(SameThreadHierarchicalTestExecutorService.java:32)
	at org.junit.platform.engine.support.hierarchical.HierarchicalTestExecutor.execute(HierarchicalTestExecutor.java:57)
	at org.junit.platform.engine.support.hierarchical.HierarchicalTestEngine.execute(HierarchicalTestEngine.java:51)
	at org.junit.platform.launcher.core.EngineExecutionOrchestrator.execute(EngineExecutionOrchestrator.java:108)
	at org.junit.platform.launcher.core.EngineExecutionOrchestrator.execute(EngineExecutionOrchestrator.java:88)
	at org.junit.platform.launcher.core.EngineExecutionOrchestrator.lambda$execute$0(EngineExecutionOrchestrator.java:54)
	at org.junit.platform.launcher.core.EngineExecutionOrchestrator.withInterceptedStreams(EngineExecutionOrchestrator.java:67)
	at org.junit.platform.launcher.core.EngineExecutionOrchestrator.execute(EngineExecutionOrchestrator.java:52)
	at org.junit.platform.launcher.core.DefaultLauncher.execute(DefaultLauncher.java:96)
	at org.junit.platform.launcher.core.DefaultLauncher.execute(DefaultLauncher.java:75)
	at org.junit.platform.console.tasks.ConsoleTestExecutor.executeTests(ConsoleTestExecutor.java:66)
	at org.junit.platform.console.tasks.ConsoleTestExecutor.lambda$execute$0(ConsoleTestExecutor.java:58)
	at org.junit.platform.console.tasks.CustomContextClassLoaderExecutor.replaceThreadContextClassLoaderAndInvoke(CustomContextClassLoaderExecutor.java:41)
	at org.junit.platform.console.tasks.CustomContextClassLoaderExecutor.invoke(CustomContextClassLoaderExecutor.java:31)
	at org.junit.platform.console.tasks.ConsoleTestExecutor.execute(ConsoleTestExecutor.java:58)
	at org.junit.platform.console.ConsoleLauncher.executeTests(ConsoleLauncher.java:95)
	at org.junit.platform.console.ConsoleLauncher.execute(ConsoleLauncher.java:73)
	at org.junit.platform.console.ConsoleLauncher.execute(ConsoleLauncher.java:50)
	at org.junit.platform.console.ConsoleLauncher.execute(ConsoleLauncher.java:43)
	at org.junit.platform.console.ConsoleLauncher.main(ConsoleLauncher.java:37)
]]></skipped>
<system-out><![CDATA[
unique-id: [engine:junit-jupiter]/[class:minebayd1.test.TestUser]/[test-template:testget(minebayd1.User, minebayd1.AdState, java.util.Optional, int)]/[test-template-invocation:#15]
display-name: [15] Ali a 57 annonces ouvertes, 6 annonces fermées et 3 achats 
, OPEN, Optional[BOOKS], 9
]]></system-out>
</testcase>
<testcase name="testget(User, AdState, Optional, int)[16]" classname="minebayd1.test.TestUser" time="0.001">
<skipped><![CDATA[org.opentest4j.TestAbortedException: Assumption failed: assumption is not true
	at org.junit.jupiter.api.Assumptions.throwTestAbortedException(Assumptions.java:256)
	at org.junit.jupiter.api.Assumptions.assumeTrue(Assumptions.java:115)
	at org.junit.jupiter.api.Assumptions.assumeTrue(Assumptions.java:66)
	at minebayd1.test.TestUser.testget(TestUser.java:961)
	at java.base/jdk.internal.reflect.NativeMethodAccessorImpl.invoke0(Native Method)
	at java.base/jdk.internal.reflect.NativeMethodAccessorImpl.invoke(NativeMethodAccessorImpl.java:77)
	at java.base/jdk.internal.reflect.DelegatingMethodAccessorImpl.invoke(DelegatingMethodAccessorImpl.java:43)
	at java.base/java.lang.reflect.Method.invoke(Method.java:569)
	at org.junit.platform.commons.util.ReflectionUtils.invokeMethod(ReflectionUtils.java:688)
	at org.junit.jupiter.engine.execution.MethodInvocation.proceed(MethodInvocation.java:60)
	at org.junit.jupiter.engine.execution.InvocationInterceptorChain$ValidatingInvocation.proceed(InvocationInterceptorChain.java:131)
	at org.junit.jupiter.engine.extension.TimeoutExtension.intercept(TimeoutExtension.java:149)
	at org.junit.jupiter.engine.extension.TimeoutExtension.interceptTestableMethod(TimeoutExtension.java:140)
	at org.junit.jupiter.engine.extension.TimeoutExtension.interceptTestTemplateMethod(TimeoutExtension.java:92)
	at org.junit.jupiter.engine.execution.ExecutableInvoker$ReflectiveInterceptorCall.lambda$ofVoidMethod$0(ExecutableInvoker.java:115)
	at org.junit.jupiter.engine.execution.ExecutableInvoker.lambda$invoke$0(ExecutableInvoker.java:105)
	at org.junit.jupiter.engine.execution.InvocationInterceptorChain$InterceptedInvocation.proceed(InvocationInterceptorChain.java:106)
	at org.junit.jupiter.engine.execution.InvocationInterceptorChain.proceed(InvocationInterceptorChain.java:64)
	at org.junit.jupiter.engine.execution.InvocationInterceptorChain.chainAndInvoke(InvocationInterceptorChain.java:45)
	at org.junit.jupiter.engine.execution.InvocationInterceptorChain.invoke(InvocationInterceptorChain.java:37)
	at org.junit.jupiter.engine.execution.ExecutableInvoker.invoke(ExecutableInvoker.java:104)
	at org.junit.jupiter.engine.execution.ExecutableInvoker.invoke(ExecutableInvoker.java:98)
	at org.junit.jupiter.engine.descriptor.TestMethodTestDescriptor.lambda$invokeTestMethod$6(TestMethodTestDescriptor.java:210)
	at org.junit.platform.engine.support.hierarchical.ThrowableCollector.execute(ThrowableCollector.java:73)
	at org.junit.jupiter.engine.descriptor.TestMethodTestDescriptor.invokeTestMethod(TestMethodTestDescriptor.java:206)
	at org.junit.jupiter.engine.descriptor.TestMethodTestDescriptor.execute(TestMethodTestDescriptor.java:131)
	at org.junit.jupiter.engine.descriptor.TestMethodTestDescriptor.execute(TestMethodTestDescriptor.java:65)
	at org.junit.platform.engine.support.hierarchical.NodeTestTask.lambda$executeRecursively$5(NodeTestTask.java:139)
	at org.junit.platform.engine.support.hierarchical.ThrowableCollector.execute(ThrowableCollector.java:73)
	at org.junit.platform.engine.support.hierarchical.NodeTestTask.lambda$executeRecursively$7(NodeTestTask.java:129)
	at org.junit.platform.engine.support.hierarchical.Node.around(Node.java:137)
	at org.junit.platform.engine.support.hierarchical.NodeTestTask.lambda$executeRecursively$8(NodeTestTask.java:127)
	at org.junit.platform.engine.support.hierarchical.ThrowableCollector.execute(ThrowableCollector.java:73)
	at org.junit.platform.engine.support.hierarchical.NodeTestTask.executeRecursively(NodeTestTask.java:126)
	at org.junit.platform.engine.support.hierarchical.NodeTestTask.execute(NodeTestTask.java:84)
	at org.junit.platform.engine.support.hierarchical.SameThreadHierarchicalTestExecutorService.submit(SameThreadHierarchicalTestExecutorService.java:32)
	at org.junit.platform.engine.support.hierarchical.NodeTestTask$DefaultDynamicTestExecutor.execute(NodeTestTask.java:212)
	at org.junit.platform.engine.support.hierarchical.NodeTestTask$DefaultDynamicTestExecutor.execute(NodeTestTask.java:192)
	at org.junit.jupiter.engine.descriptor.TestTemplateTestDescriptor.execute(TestTemplateTestDescriptor.java:139)
	at org.junit.jupiter.engine.descriptor.TestTemplateTestDescriptor.lambda$execute$2(TestTemplateTestDescriptor.java:107)
	at java.base/java.util.stream.ForEachOps$ForEachOp$OfRef.accept(ForEachOps.java:183)
	at java.base/java.util.stream.ReferencePipeline$3$1.accept(ReferencePipeline.java:197)
	at java.base/java.util.stream.ReferencePipeline$2$1.accept(ReferencePipeline.java:179)
	at java.base/java.util.stream.ReferencePipeline$3$1.accept(ReferencePipeline.java:197)
	at java.base/java.util.stream.ForEachOps$ForEachOp$OfRef.accept(ForEachOps.java:183)
	at java.base/java.util.stream.ReferencePipeline$15$1.accept(ReferencePipeline.java:541)
	at java.base/java.util.stream.ReferencePipeline$3$1.accept(ReferencePipeline.java:197)
	at java.base/java.util.stream.ReferencePipeline$3$1.accept(ReferencePipeline.java:197)
	at java.base/java.util.stream.ReferencePipeline$3$1.accept(ReferencePipeline.java:197)
	at java.base/java.util.stream.ForEachOps$ForEachOp$OfRef.accept(ForEachOps.java:183)
	at java.base/java.util.stream.ReferencePipeline$3$1.accept(ReferencePipeline.java:197)
	at java.base/java.util.stream.ForEachOps$ForEachOp$OfRef.accept(ForEachOps.java:183)
	at java.base/java.util.stream.SliceOps$1$1.accept(SliceOps.java:200)
	at java.base/java.util.stream.StreamSpliterators$InfiniteSupplyingSpliterator$OfRef.tryAdvance(StreamSpliterators.java:1358)
	at java.base/java.util.stream.ReferencePipeline.forEachWithCancel(ReferencePipeline.java:129)
	at java.base/java.util.stream.AbstractPipeline.copyIntoWithCancel(AbstractPipeline.java:527)
	at java.base/java.util.stream.AbstractPipeline.copyInto(AbstractPipeline.java:513)
	at java.base/java.util.stream.AbstractPipeline.wrapAndCopyInto(AbstractPipeline.java:499)
	at java.base/java.util.stream.ForEachOps$ForEachOp.evaluateSequential(ForEachOps.java:150)
	at java.base/java.util.stream.ForEachOps$ForEachOp$OfRef.evaluateSequential(ForEachOps.java:173)
	at java.base/java.util.stream.AbstractPipeline.evaluate(AbstractPipeline.java:234)
	at java.base/java.util.stream.ReferencePipeline.forEach(ReferencePipeline.java:596)
	at java.base/java.util.stream.ReferencePipeline$7$1.accept(ReferencePipeline.java:276)
	at java.base/java.util.stream.ReferencePipeline$3$1.accept(ReferencePipeline.java:197)
	at java.base/java.util.stream.ReferencePipeline$3$1.accept(ReferencePipeline.java:197)
	at java.base/java.util.Spliterators$ArraySpliterator.forEachRemaining(Spliterators.java:992)
	at java.base/java.util.stream.AbstractPipeline.copyInto(AbstractPipeline.java:509)
	at java.base/java.util.stream.AbstractPipeline.wrapAndCopyInto(AbstractPipeline.java:499)
	at java.base/java.util.stream.ForEachOps$ForEachOp.evaluateSequential(ForEachOps.java:150)
	at java.base/java.util.stream.ForEachOps$ForEachOp$OfRef.evaluateSequential(ForEachOps.java:173)
	at java.base/java.util.stream.AbstractPipeline.evaluate(AbstractPipeline.java:234)
	at java.base/java.util.stream.ReferencePipeline.forEach(ReferencePipeline.java:596)
	at java.base/java.util.stream.ReferencePipeline$7$1.accept(ReferencePipeline.java:276)
	at java.base/java.util.stream.ReferencePipeline$3$1.accept(ReferencePipeline.java:197)
	at java.base/java.util.stream.ReferencePipeline$3$1.accept(ReferencePipeline.java:197)
	at java.base/java.util.stream.ReferencePipeline$3$1.accept(ReferencePipeline.java:197)
	at java.base/java.util.ArrayList$ArrayListSpliterator.forEachRemaining(ArrayList.java:1625)
	at java.base/java.util.stream.AbstractPipeline.copyInto(AbstractPipeline.java:509)
	at java.base/java.util.stream.AbstractPipeline.wrapAndCopyInto(AbstractPipeline.java:499)
	at java.base/java.util.stream.ForEachOps$ForEachOp.evaluateSequential(ForEachOps.java:150)
	at java.base/java.util.stream.ForEachOps$ForEachOp$OfRef.evaluateSequential(ForEachOps.java:173)
	at java.base/java.util.stream.AbstractPipeline.evaluate(AbstractPipeline.java:234)
	at java.base/java.util.stream.ReferencePipeline.forEach(ReferencePipeline.java:596)
	at java.base/java.util.stream.ReferencePipeline$7$1.accept(ReferencePipeline.java:276)
	at java.base/java.util.ArrayList$ArrayListSpliterator.forEachRemaining(ArrayList.java:1625)
	at java.base/java.util.stream.AbstractPipeline.copyInto(AbstractPipeline.java:509)
	at java.base/java.util.stream.AbstractPipeline.wrapAndCopyInto(AbstractPipeline.java:499)
	at java.base/java.util.stream.ForEachOps$ForEachOp.evaluateSequential(ForEachOps.java:150)
	at java.base/java.util.stream.ForEachOps$ForEachOp$OfRef.evaluateSequential(ForEachOps.java:173)
	at java.base/java.util.stream.AbstractPipeline.evaluate(AbstractPipeline.java:234)
	at java.base/java.util.stream.ReferencePipeline.forEach(ReferencePipeline.java:596)
	at org.junit.jupiter.engine.descriptor.TestTemplateTestDescriptor.execute(TestTemplateTestDescriptor.java:107)
	at org.junit.jupiter.engine.descriptor.TestTemplateTestDescriptor.execute(TestTemplateTestDescriptor.java:42)
	at org.junit.platform.engine.support.hierarchical.NodeTestTask.lambda$executeRecursively$5(NodeTestTask.java:139)
	at org.junit.platform.engine.support.hierarchical.ThrowableCollector.execute(ThrowableCollector.java:73)
	at org.junit.platform.engine.support.hierarchical.NodeTestTask.lambda$executeRecursively$7(NodeTestTask.java:129)
	at org.junit.platform.engine.support.hierarchical.Node.around(Node.java:137)
	at org.junit.platform.engine.support.hierarchical.NodeTestTask.lambda$executeRecursively$8(NodeTestTask.java:127)
	at org.junit.platform.engine.support.hierarchical.ThrowableCollector.execute(ThrowableCollector.java:73)
	at org.junit.platform.engine.support.hierarchical.NodeTestTask.executeRecursively(NodeTestTask.java:126)
	at org.junit.platform.engine.support.hierarchical.NodeTestTask.execute(NodeTestTask.java:84)
	at java.base/java.util.ArrayList.forEach(ArrayList.java:1511)
	at org.junit.platform.engine.support.hierarchical.SameThreadHierarchicalTestExecutorService.invokeAll(SameThreadHierarchicalTestExecutorService.java:38)
	at org.junit.platform.engine.support.hierarchical.NodeTestTask.lambda$executeRecursively$5(NodeTestTask.java:143)
	at org.junit.platform.engine.support.hierarchical.ThrowableCollector.execute(ThrowableCollector.java:73)
	at org.junit.platform.engine.support.hierarchical.NodeTestTask.lambda$executeRecursively$7(NodeTestTask.java:129)
	at org.junit.platform.engine.support.hierarchical.Node.around(Node.java:137)
	at org.junit.platform.engine.support.hierarchical.NodeTestTask.lambda$executeRecursively$8(NodeTestTask.java:127)
	at org.junit.platform.engine.support.hierarchical.ThrowableCollector.execute(ThrowableCollector.java:73)
	at org.junit.platform.engine.support.hierarchical.NodeTestTask.executeRecursively(NodeTestTask.java:126)
	at org.junit.platform.engine.support.hierarchical.NodeTestTask.execute(NodeTestTask.java:84)
	at java.base/java.util.ArrayList.forEach(ArrayList.java:1511)
	at org.junit.platform.engine.support.hierarchical.SameThreadHierarchicalTestExecutorService.invokeAll(SameThreadHierarchicalTestExecutorService.java:38)
	at org.junit.platform.engine.support.hierarchical.NodeTestTask.lambda$executeRecursively$5(NodeTestTask.java:143)
	at org.junit.platform.engine.support.hierarchical.ThrowableCollector.execute(ThrowableCollector.java:73)
	at org.junit.platform.engine.support.hierarchical.NodeTestTask.lambda$executeRecursively$7(NodeTestTask.java:129)
	at org.junit.platform.engine.support.hierarchical.Node.around(Node.java:137)
	at org.junit.platform.engine.support.hierarchical.NodeTestTask.lambda$executeRecursively$8(NodeTestTask.java:127)
	at org.junit.platform.engine.support.hierarchical.ThrowableCollector.execute(ThrowableCollector.java:73)
	at org.junit.platform.engine.support.hierarchical.NodeTestTask.executeRecursively(NodeTestTask.java:126)
	at org.junit.platform.engine.support.hierarchical.NodeTestTask.execute(NodeTestTask.java:84)
	at org.junit.platform.engine.support.hierarchical.SameThreadHierarchicalTestExecutorService.submit(SameThreadHierarchicalTestExecutorService.java:32)
	at org.junit.platform.engine.support.hierarchical.HierarchicalTestExecutor.execute(HierarchicalTestExecutor.java:57)
	at org.junit.platform.engine.support.hierarchical.HierarchicalTestEngine.execute(HierarchicalTestEngine.java:51)
	at org.junit.platform.launcher.core.EngineExecutionOrchestrator.execute(EngineExecutionOrchestrator.java:108)
	at org.junit.platform.launcher.core.EngineExecutionOrchestrator.execute(EngineExecutionOrchestrator.java:88)
	at org.junit.platform.launcher.core.EngineExecutionOrchestrator.lambda$execute$0(EngineExecutionOrchestrator.java:54)
	at org.junit.platform.launcher.core.EngineExecutionOrchestrator.withInterceptedStreams(EngineExecutionOrchestrator.java:67)
	at org.junit.platform.launcher.core.EngineExecutionOrchestrator.execute(EngineExecutionOrchestrator.java:52)
	at org.junit.platform.launcher.core.DefaultLauncher.execute(DefaultLauncher.java:96)
	at org.junit.platform.launcher.core.DefaultLauncher.execute(DefaultLauncher.java:75)
	at org.junit.platform.console.tasks.ConsoleTestExecutor.executeTests(ConsoleTestExecutor.java:66)
	at org.junit.platform.console.tasks.ConsoleTestExecutor.lambda$execute$0(ConsoleTestExecutor.java:58)
	at org.junit.platform.console.tasks.CustomContextClassLoaderExecutor.replaceThreadContextClassLoaderAndInvoke(CustomContextClassLoaderExecutor.java:41)
	at org.junit.platform.console.tasks.CustomContextClassLoaderExecutor.invoke(CustomContextClassLoaderExecutor.java:31)
	at org.junit.platform.console.tasks.ConsoleTestExecutor.execute(ConsoleTestExecutor.java:58)
	at org.junit.platform.console.ConsoleLauncher.executeTests(ConsoleLauncher.java:95)
	at org.junit.platform.console.ConsoleLauncher.execute(ConsoleLauncher.java:73)
	at org.junit.platform.console.ConsoleLauncher.execute(ConsoleLauncher.java:50)
	at org.junit.platform.console.ConsoleLauncher.execute(ConsoleLauncher.java:43)
	at org.junit.platform.console.ConsoleLauncher.main(ConsoleLauncher.java:37)
]]></skipped>
<system-out><![CDATA[
unique-id: [engine:junit-jupiter]/[class:minebayd1.test.TestUser]/[test-template:testget(minebayd1.User, minebayd1.AdState, java.util.Optional, int)]/[test-template-invocation:#16]
display-name: [16] Boris a 63 annonces ouvertes, 2 annonces fermées et 3 achats 
, CLOSED, Optional[COMPUTERS], 1
]]></system-out>
</testcase>
<testcase name="testget(User, AdState, Optional, int)[17]" classname="minebayd1.test.TestUser" time="0">
<skipped><![CDATA[org.opentest4j.TestAbortedException: Assumption failed: assumption is not true
	at org.junit.jupiter.api.Assumptions.throwTestAbortedException(Assumptions.java:256)
	at org.junit.jupiter.api.Assumptions.assumeTrue(Assumptions.java:115)
	at org.junit.jupiter.api.Assumptions.assumeTrue(Assumptions.java:66)
	at minebayd1.test.TestUser.testget(TestUser.java:961)
	at jdk.internal.reflect.GeneratedMethodAccessor6.invoke(Unknown Source)
	at java.base/jdk.internal.reflect.DelegatingMethodAccessorImpl.invoke(DelegatingMethodAccessorImpl.java:43)
	at java.base/java.lang.reflect.Method.invoke(Method.java:569)
	at org.junit.platform.commons.util.ReflectionUtils.invokeMethod(ReflectionUtils.java:688)
	at org.junit.jupiter.engine.execution.MethodInvocation.proceed(MethodInvocation.java:60)
	at org.junit.jupiter.engine.execution.InvocationInterceptorChain$ValidatingInvocation.proceed(InvocationInterceptorChain.java:131)
	at org.junit.jupiter.engine.extension.TimeoutExtension.intercept(TimeoutExtension.java:149)
	at org.junit.jupiter.engine.extension.TimeoutExtension.interceptTestableMethod(TimeoutExtension.java:140)
	at org.junit.jupiter.engine.extension.TimeoutExtension.interceptTestTemplateMethod(TimeoutExtension.java:92)
	at org.junit.jupiter.engine.execution.ExecutableInvoker$ReflectiveInterceptorCall.lambda$ofVoidMethod$0(ExecutableInvoker.java:115)
	at org.junit.jupiter.engine.execution.ExecutableInvoker.lambda$invoke$0(ExecutableInvoker.java:105)
	at org.junit.jupiter.engine.execution.InvocationInterceptorChain$InterceptedInvocation.proceed(InvocationInterceptorChain.java:106)
	at org.junit.jupiter.engine.execution.InvocationInterceptorChain.proceed(InvocationInterceptorChain.java:64)
	at org.junit.jupiter.engine.execution.InvocationInterceptorChain.chainAndInvoke(InvocationInterceptorChain.java:45)
	at org.junit.jupiter.engine.execution.InvocationInterceptorChain.invoke(InvocationInterceptorChain.java:37)
	at org.junit.jupiter.engine.execution.ExecutableInvoker.invoke(ExecutableInvoker.java:104)
	at org.junit.jupiter.engine.execution.ExecutableInvoker.invoke(ExecutableInvoker.java:98)
	at org.junit.jupiter.engine.descriptor.TestMethodTestDescriptor.lambda$invokeTestMethod$6(TestMethodTestDescriptor.java:210)
	at org.junit.platform.engine.support.hierarchical.ThrowableCollector.execute(ThrowableCollector.java:73)
	at org.junit.jupiter.engine.descriptor.TestMethodTestDescriptor.invokeTestMethod(TestMethodTestDescriptor.java:206)
	at org.junit.jupiter.engine.descriptor.TestMethodTestDescriptor.execute(TestMethodTestDescriptor.java:131)
	at org.junit.jupiter.engine.descriptor.TestMethodTestDescriptor.execute(TestMethodTestDescriptor.java:65)
	at org.junit.platform.engine.support.hierarchical.NodeTestTask.lambda$executeRecursively$5(NodeTestTask.java:139)
	at org.junit.platform.engine.support.hierarchical.ThrowableCollector.execute(ThrowableCollector.java:73)
	at org.junit.platform.engine.support.hierarchical.NodeTestTask.lambda$executeRecursively$7(NodeTestTask.java:129)
	at org.junit.platform.engine.support.hierarchical.Node.around(Node.java:137)
	at org.junit.platform.engine.support.hierarchical.NodeTestTask.lambda$executeRecursively$8(NodeTestTask.java:127)
	at org.junit.platform.engine.support.hierarchical.ThrowableCollector.execute(ThrowableCollector.java:73)
	at org.junit.platform.engine.support.hierarchical.NodeTestTask.executeRecursively(NodeTestTask.java:126)
	at org.junit.platform.engine.support.hierarchical.NodeTestTask.execute(NodeTestTask.java:84)
	at org.junit.platform.engine.support.hierarchical.SameThreadHierarchicalTestExecutorService.submit(SameThreadHierarchicalTestExecutorService.java:32)
	at org.junit.platform.engine.support.hierarchical.NodeTestTask$DefaultDynamicTestExecutor.execute(NodeTestTask.java:212)
	at org.junit.platform.engine.support.hierarchical.NodeTestTask$DefaultDynamicTestExecutor.execute(NodeTestTask.java:192)
	at org.junit.jupiter.engine.descriptor.TestTemplateTestDescriptor.execute(TestTemplateTestDescriptor.java:139)
	at org.junit.jupiter.engine.descriptor.TestTemplateTestDescriptor.lambda$execute$2(TestTemplateTestDescriptor.java:107)
	at java.base/java.util.stream.ForEachOps$ForEachOp$OfRef.accept(ForEachOps.java:183)
	at java.base/java.util.stream.ReferencePipeline$3$1.accept(ReferencePipeline.java:197)
	at java.base/java.util.stream.ReferencePipeline$2$1.accept(ReferencePipeline.java:179)
	at java.base/java.util.stream.ReferencePipeline$3$1.accept(ReferencePipeline.java:197)
	at java.base/java.util.stream.ForEachOps$ForEachOp$OfRef.accept(ForEachOps.java:183)
	at java.base/java.util.stream.ReferencePipeline$15$1.accept(ReferencePipeline.java:541)
	at java.base/java.util.stream.ReferencePipeline$3$1.accept(ReferencePipeline.java:197)
	at java.base/java.util.stream.ReferencePipeline$3$1.accept(ReferencePipeline.java:197)
	at java.base/java.util.stream.ReferencePipeline$3$1.accept(ReferencePipeline.java:197)
	at java.base/java.util.stream.ForEachOps$ForEachOp$OfRef.accept(ForEachOps.java:183)
	at java.base/java.util.stream.ReferencePipeline$3$1.accept(ReferencePipeline.java:197)
	at java.base/java.util.stream.ForEachOps$ForEachOp$OfRef.accept(ForEachOps.java:183)
	at java.base/java.util.stream.SliceOps$1$1.accept(SliceOps.java:200)
	at java.base/java.util.stream.StreamSpliterators$InfiniteSupplyingSpliterator$OfRef.tryAdvance(StreamSpliterators.java:1358)
	at java.base/java.util.stream.ReferencePipeline.forEachWithCancel(ReferencePipeline.java:129)
	at java.base/java.util.stream.AbstractPipeline.copyIntoWithCancel(AbstractPipeline.java:527)
	at java.base/java.util.stream.AbstractPipeline.copyInto(AbstractPipeline.java:513)
	at java.base/java.util.stream.AbstractPipeline.wrapAndCopyInto(AbstractPipeline.java:499)
	at java.base/java.util.stream.ForEachOps$ForEachOp.evaluateSequential(ForEachOps.java:150)
	at java.base/java.util.stream.ForEachOps$ForEachOp$OfRef.evaluateSequential(ForEachOps.java:173)
	at java.base/java.util.stream.AbstractPipeline.evaluate(AbstractPipeline.java:234)
	at java.base/java.util.stream.ReferencePipeline.forEach(ReferencePipeline.java:596)
	at java.base/java.util.stream.ReferencePipeline$7$1.accept(ReferencePipeline.java:276)
	at java.base/java.util.stream.ReferencePipeline$3$1.accept(ReferencePipeline.java:197)
	at java.base/java.util.stream.ReferencePipeline$3$1.accept(ReferencePipeline.java:197)
	at java.base/java.util.Spliterators$ArraySpliterator.forEachRemaining(Spliterators.java:992)
	at java.base/java.util.stream.AbstractPipeline.copyInto(AbstractPipeline.java:509)
	at java.base/java.util.stream.AbstractPipeline.wrapAndCopyInto(AbstractPipeline.java:499)
	at java.base/java.util.stream.ForEachOps$ForEachOp.evaluateSequential(ForEachOps.java:150)
	at java.base/java.util.stream.ForEachOps$ForEachOp$OfRef.evaluateSequential(ForEachOps.java:173)
	at java.base/java.util.stream.AbstractPipeline.evaluate(AbstractPipeline.java:234)
	at java.base/java.util.stream.ReferencePipeline.forEach(ReferencePipeline.java:596)
	at java.base/java.util.stream.ReferencePipeline$7$1.accept(ReferencePipeline.java:276)
	at java.base/java.util.stream.ReferencePipeline$3$1.accept(ReferencePipeline.java:197)
	at java.base/java.util.stream.ReferencePipeline$3$1.accept(ReferencePipeline.java:197)
	at java.base/java.util.stream.ReferencePipeline$3$1.accept(ReferencePipeline.java:197)
	at java.base/java.util.ArrayList$ArrayListSpliterator.forEachRemaining(ArrayList.java:1625)
	at java.base/java.util.stream.AbstractPipeline.copyInto(AbstractPipeline.java:509)
	at java.base/java.util.stream.AbstractPipeline.wrapAndCopyInto(AbstractPipeline.java:499)
	at java.base/java.util.stream.ForEachOps$ForEachOp.evaluateSequential(ForEachOps.java:150)
	at java.base/java.util.stream.ForEachOps$ForEachOp$OfRef.evaluateSequential(ForEachOps.java:173)
	at java.base/java.util.stream.AbstractPipeline.evaluate(AbstractPipeline.java:234)
	at java.base/java.util.stream.ReferencePipeline.forEach(ReferencePipeline.java:596)
	at java.base/java.util.stream.ReferencePipeline$7$1.accept(ReferencePipeline.java:276)
	at java.base/java.util.ArrayList$ArrayListSpliterator.forEachRemaining(ArrayList.java:1625)
	at java.base/java.util.stream.AbstractPipeline.copyInto(AbstractPipeline.java:509)
	at java.base/java.util.stream.AbstractPipeline.wrapAndCopyInto(AbstractPipeline.java:499)
	at java.base/java.util.stream.ForEachOps$ForEachOp.evaluateSequential(ForEachOps.java:150)
	at java.base/java.util.stream.ForEachOps$ForEachOp$OfRef.evaluateSequential(ForEachOps.java:173)
	at java.base/java.util.stream.AbstractPipeline.evaluate(AbstractPipeline.java:234)
	at java.base/java.util.stream.ReferencePipeline.forEach(ReferencePipeline.java:596)
	at org.junit.jupiter.engine.descriptor.TestTemplateTestDescriptor.execute(TestTemplateTestDescriptor.java:107)
	at org.junit.jupiter.engine.descriptor.TestTemplateTestDescriptor.execute(TestTemplateTestDescriptor.java:42)
	at org.junit.platform.engine.support.hierarchical.NodeTestTask.lambda$executeRecursively$5(NodeTestTask.java:139)
	at org.junit.platform.engine.support.hierarchical.ThrowableCollector.execute(ThrowableCollector.java:73)
	at org.junit.platform.engine.support.hierarchical.NodeTestTask.lambda$executeRecursively$7(NodeTestTask.java:129)
	at org.junit.platform.engine.support.hierarchical.Node.around(Node.java:137)
	at org.junit.platform.engine.support.hierarchical.NodeTestTask.lambda$executeRecursively$8(NodeTestTask.java:127)
	at org.junit.platform.engine.support.hierarchical.ThrowableCollector.execute(ThrowableCollector.java:73)
	at org.junit.platform.engine.support.hierarchical.NodeTestTask.executeRecursively(NodeTestTask.java:126)
	at org.junit.platform.engine.support.hierarchical.NodeTestTask.execute(NodeTestTask.java:84)
	at java.base/java.util.ArrayList.forEach(ArrayList.java:1511)
	at org.junit.platform.engine.support.hierarchical.SameThreadHierarchicalTestExecutorService.invokeAll(SameThreadHierarchicalTestExecutorService.java:38)
	at org.junit.platform.engine.support.hierarchical.NodeTestTask.lambda$executeRecursively$5(NodeTestTask.java:143)
	at org.junit.platform.engine.support.hierarchical.ThrowableCollector.execute(ThrowableCollector.java:73)
	at org.junit.platform.engine.support.hierarchical.NodeTestTask.lambda$executeRecursively$7(NodeTestTask.java:129)
	at org.junit.platform.engine.support.hierarchical.Node.around(Node.java:137)
	at org.junit.platform.engine.support.hierarchical.NodeTestTask.lambda$executeRecursively$8(NodeTestTask.java:127)
	at org.junit.platform.engine.support.hierarchical.ThrowableCollector.execute(ThrowableCollector.java:73)
	at org.junit.platform.engine.support.hierarchical.NodeTestTask.executeRecursively(NodeTestTask.java:126)
	at org.junit.platform.engine.support.hierarchical.NodeTestTask.execute(NodeTestTask.java:84)
	at java.base/java.util.ArrayList.forEach(ArrayList.java:1511)
	at org.junit.platform.engine.support.hierarchical.SameThreadHierarchicalTestExecutorService.invokeAll(SameThreadHierarchicalTestExecutorService.java:38)
	at org.junit.platform.engine.support.hierarchical.NodeTestTask.lambda$executeRecursively$5(NodeTestTask.java:143)
	at org.junit.platform.engine.support.hierarchical.ThrowableCollector.execute(ThrowableCollector.java:73)
	at org.junit.platform.engine.support.hierarchical.NodeTestTask.lambda$executeRecursively$7(NodeTestTask.java:129)
	at org.junit.platform.engine.support.hierarchical.Node.around(Node.java:137)
	at org.junit.platform.engine.support.hierarchical.NodeTestTask.lambda$executeRecursively$8(NodeTestTask.java:127)
	at org.junit.platform.engine.support.hierarchical.ThrowableCollector.execute(ThrowableCollector.java:73)
	at org.junit.platform.engine.support.hierarchical.NodeTestTask.executeRecursively(NodeTestTask.java:126)
	at org.junit.platform.engine.support.hierarchical.NodeTestTask.execute(NodeTestTask.java:84)
	at org.junit.platform.engine.support.hierarchical.SameThreadHierarchicalTestExecutorService.submit(SameThreadHierarchicalTestExecutorService.java:32)
	at org.junit.platform.engine.support.hierarchical.HierarchicalTestExecutor.execute(HierarchicalTestExecutor.java:57)
	at org.junit.platform.engine.support.hierarchical.HierarchicalTestEngine.execute(HierarchicalTestEngine.java:51)
	at org.junit.platform.launcher.core.EngineExecutionOrchestrator.execute(EngineExecutionOrchestrator.java:108)
	at org.junit.platform.launcher.core.EngineExecutionOrchestrator.execute(EngineExecutionOrchestrator.java:88)
	at org.junit.platform.launcher.core.EngineExecutionOrchestrator.lambda$execute$0(EngineExecutionOrchestrator.java:54)
	at org.junit.platform.launcher.core.EngineExecutionOrchestrator.withInterceptedStreams(EngineExecutionOrchestrator.java:67)
	at org.junit.platform.launcher.core.EngineExecutionOrchestrator.execute(EngineExecutionOrchestrator.java:52)
	at org.junit.platform.launcher.core.DefaultLauncher.execute(DefaultLauncher.java:96)
	at org.junit.platform.launcher.core.DefaultLauncher.execute(DefaultLauncher.java:75)
	at org.junit.platform.console.tasks.ConsoleTestExecutor.executeTests(ConsoleTestExecutor.java:66)
	at org.junit.platform.console.tasks.ConsoleTestExecutor.lambda$execute$0(ConsoleTestExecutor.java:58)
	at org.junit.platform.console.tasks.CustomContextClassLoaderExecutor.replaceThreadContextClassLoaderAndInvoke(CustomContextClassLoaderExecutor.java:41)
	at org.junit.platform.console.tasks.CustomContextClassLoaderExecutor.invoke(CustomContextClassLoaderExecutor.java:31)
	at org.junit.platform.console.tasks.ConsoleTestExecutor.execute(ConsoleTestExecutor.java:58)
	at org.junit.platform.console.ConsoleLauncher.executeTests(ConsoleLauncher.java:95)
	at org.junit.platform.console.ConsoleLauncher.execute(ConsoleLauncher.java:73)
	at org.junit.platform.console.ConsoleLauncher.execute(ConsoleLauncher.java:50)
	at org.junit.platform.console.ConsoleLauncher.execute(ConsoleLauncher.java:43)
	at org.junit.platform.console.ConsoleLauncher.main(ConsoleLauncher.java:37)
]]></skipped>
<system-out><![CDATA[
unique-id: [engine:junit-jupiter]/[class:minebayd1.test.TestUser]/[test-template:testget(minebayd1.User, minebayd1.AdState, java.util.Optional, int)]/[test-template-invocation:#17]
display-name: [17] Ziad a 48 annonces ouvertes, 4 annonces fermées et 2 achats 
, CLOSED, Optional[SHOES], 1
]]></system-out>
</testcase>
<testcase name="testget(User, AdState, Optional, int)[18]" classname="minebayd1.test.TestUser" time="0.001">
<system-out><![CDATA[
unique-id: [engine:junit-jupiter]/[class:minebayd1.test.TestUser]/[test-template:testget(minebayd1.User, minebayd1.AdState, java.util.Optional, int)]/[test-template-invocation:#18]
display-name: [18] Ziad a 48 annonces ouvertes, 4 annonces fermées et 2 achats 
, PURCHASE, Optional[COMPUTERS], 0
]]></system-out>
</testcase>
<testcase name="testget(User, AdState, Optional, int)[19]" classname="minebayd1.test.TestUser" time="0">
<skipped><![CDATA[org.opentest4j.TestAbortedException: Assumption failed: assumption is not true
	at org.junit.jupiter.api.Assumptions.throwTestAbortedException(Assumptions.java:256)
	at org.junit.jupiter.api.Assumptions.assumeTrue(Assumptions.java:115)
	at org.junit.jupiter.api.Assumptions.assumeTrue(Assumptions.java:66)
	at minebayd1.test.TestUser.testget(TestUser.java:961)
	at jdk.internal.reflect.GeneratedMethodAccessor6.invoke(Unknown Source)
	at java.base/jdk.internal.reflect.DelegatingMethodAccessorImpl.invoke(DelegatingMethodAccessorImpl.java:43)
	at java.base/java.lang.reflect.Method.invoke(Method.java:569)
	at org.junit.platform.commons.util.ReflectionUtils.invokeMethod(ReflectionUtils.java:688)
	at org.junit.jupiter.engine.execution.MethodInvocation.proceed(MethodInvocation.java:60)
	at org.junit.jupiter.engine.execution.InvocationInterceptorChain$ValidatingInvocation.proceed(InvocationInterceptorChain.java:131)
	at org.junit.jupiter.engine.extension.TimeoutExtension.intercept(TimeoutExtension.java:149)
	at org.junit.jupiter.engine.extension.TimeoutExtension.interceptTestableMethod(TimeoutExtension.java:140)
	at org.junit.jupiter.engine.extension.TimeoutExtension.interceptTestTemplateMethod(TimeoutExtension.java:92)
	at org.junit.jupiter.engine.execution.ExecutableInvoker$ReflectiveInterceptorCall.lambda$ofVoidMethod$0(ExecutableInvoker.java:115)
	at org.junit.jupiter.engine.execution.ExecutableInvoker.lambda$invoke$0(ExecutableInvoker.java:105)
	at org.junit.jupiter.engine.execution.InvocationInterceptorChain$InterceptedInvocation.proceed(InvocationInterceptorChain.java:106)
	at org.junit.jupiter.engine.execution.InvocationInterceptorChain.proceed(InvocationInterceptorChain.java:64)
	at org.junit.jupiter.engine.execution.InvocationInterceptorChain.chainAndInvoke(InvocationInterceptorChain.java:45)
	at org.junit.jupiter.engine.execution.InvocationInterceptorChain.invoke(InvocationInterceptorChain.java:37)
	at org.junit.jupiter.engine.execution.ExecutableInvoker.invoke(ExecutableInvoker.java:104)
	at org.junit.jupiter.engine.execution.ExecutableInvoker.invoke(ExecutableInvoker.java:98)
	at org.junit.jupiter.engine.descriptor.TestMethodTestDescriptor.lambda$invokeTestMethod$6(TestMethodTestDescriptor.java:210)
	at org.junit.platform.engine.support.hierarchical.ThrowableCollector.execute(ThrowableCollector.java:73)
	at org.junit.jupiter.engine.descriptor.TestMethodTestDescriptor.invokeTestMethod(TestMethodTestDescriptor.java:206)
	at org.junit.jupiter.engine.descriptor.TestMethodTestDescriptor.execute(TestMethodTestDescriptor.java:131)
	at org.junit.jupiter.engine.descriptor.TestMethodTestDescriptor.execute(TestMethodTestDescriptor.java:65)
	at org.junit.platform.engine.support.hierarchical.NodeTestTask.lambda$executeRecursively$5(NodeTestTask.java:139)
	at org.junit.platform.engine.support.hierarchical.ThrowableCollector.execute(ThrowableCollector.java:73)
	at org.junit.platform.engine.support.hierarchical.NodeTestTask.lambda$executeRecursively$7(NodeTestTask.java:129)
	at org.junit.platform.engine.support.hierarchical.Node.around(Node.java:137)
	at org.junit.platform.engine.support.hierarchical.NodeTestTask.lambda$executeRecursively$8(NodeTestTask.java:127)
	at org.junit.platform.engine.support.hierarchical.ThrowableCollector.execute(ThrowableCollector.java:73)
	at org.junit.platform.engine.support.hierarchical.NodeTestTask.executeRecursively(NodeTestTask.java:126)
	at org.junit.platform.engine.support.hierarchical.NodeTestTask.execute(NodeTestTask.java:84)
	at org.junit.platform.engine.support.hierarchical.SameThreadHierarchicalTestExecutorService.submit(SameThreadHierarchicalTestExecutorService.java:32)
	at org.junit.platform.engine.support.hierarchical.NodeTestTask$DefaultDynamicTestExecutor.execute(NodeTestTask.java:212)
	at org.junit.platform.engine.support.hierarchical.NodeTestTask$DefaultDynamicTestExecutor.execute(NodeTestTask.java:192)
	at org.junit.jupiter.engine.descriptor.TestTemplateTestDescriptor.execute(TestTemplateTestDescriptor.java:139)
	at org.junit.jupiter.engine.descriptor.TestTemplateTestDescriptor.lambda$execute$2(TestTemplateTestDescriptor.java:107)
	at java.base/java.util.stream.ForEachOps$ForEachOp$OfRef.accept(ForEachOps.java:183)
	at java.base/java.util.stream.ReferencePipeline$3$1.accept(ReferencePipeline.java:197)
	at java.base/java.util.stream.ReferencePipeline$2$1.accept(ReferencePipeline.java:179)
	at java.base/java.util.stream.ReferencePipeline$3$1.accept(ReferencePipeline.java:197)
	at java.base/java.util.stream.ForEachOps$ForEachOp$OfRef.accept(ForEachOps.java:183)
	at java.base/java.util.stream.ReferencePipeline$15$1.accept(ReferencePipeline.java:541)
	at java.base/java.util.stream.ReferencePipeline$3$1.accept(ReferencePipeline.java:197)
	at java.base/java.util.stream.ReferencePipeline$3$1.accept(ReferencePipeline.java:197)
	at java.base/java.util.stream.ReferencePipeline$3$1.accept(ReferencePipeline.java:197)
	at java.base/java.util.stream.ForEachOps$ForEachOp$OfRef.accept(ForEachOps.java:183)
	at java.base/java.util.stream.ReferencePipeline$3$1.accept(ReferencePipeline.java:197)
	at java.base/java.util.stream.ForEachOps$ForEachOp$OfRef.accept(ForEachOps.java:183)
	at java.base/java.util.stream.SliceOps$1$1.accept(SliceOps.java:200)
	at java.base/java.util.stream.StreamSpliterators$InfiniteSupplyingSpliterator$OfRef.tryAdvance(StreamSpliterators.java:1358)
	at java.base/java.util.stream.ReferencePipeline.forEachWithCancel(ReferencePipeline.java:129)
	at java.base/java.util.stream.AbstractPipeline.copyIntoWithCancel(AbstractPipeline.java:527)
	at java.base/java.util.stream.AbstractPipeline.copyInto(AbstractPipeline.java:513)
	at java.base/java.util.stream.AbstractPipeline.wrapAndCopyInto(AbstractPipeline.java:499)
	at java.base/java.util.stream.ForEachOps$ForEachOp.evaluateSequential(ForEachOps.java:150)
	at java.base/java.util.stream.ForEachOps$ForEachOp$OfRef.evaluateSequential(ForEachOps.java:173)
	at java.base/java.util.stream.AbstractPipeline.evaluate(AbstractPipeline.java:234)
	at java.base/java.util.stream.ReferencePipeline.forEach(ReferencePipeline.java:596)
	at java.base/java.util.stream.ReferencePipeline$7$1.accept(ReferencePipeline.java:276)
	at java.base/java.util.stream.ReferencePipeline$3$1.accept(ReferencePipeline.java:197)
	at java.base/java.util.stream.ReferencePipeline$3$1.accept(ReferencePipeline.java:197)
	at java.base/java.util.Spliterators$ArraySpliterator.forEachRemaining(Spliterators.java:992)
	at java.base/java.util.stream.AbstractPipeline.copyInto(AbstractPipeline.java:509)
	at java.base/java.util.stream.AbstractPipeline.wrapAndCopyInto(AbstractPipeline.java:499)
	at java.base/java.util.stream.ForEachOps$ForEachOp.evaluateSequential(ForEachOps.java:150)
	at java.base/java.util.stream.ForEachOps$ForEachOp$OfRef.evaluateSequential(ForEachOps.java:173)
	at java.base/java.util.stream.AbstractPipeline.evaluate(AbstractPipeline.java:234)
	at java.base/java.util.stream.ReferencePipeline.forEach(ReferencePipeline.java:596)
	at java.base/java.util.stream.ReferencePipeline$7$1.accept(ReferencePipeline.java:276)
	at java.base/java.util.stream.ReferencePipeline$3$1.accept(ReferencePipeline.java:197)
	at java.base/java.util.stream.ReferencePipeline$3$1.accept(ReferencePipeline.java:197)
	at java.base/java.util.stream.ReferencePipeline$3$1.accept(ReferencePipeline.java:197)
	at java.base/java.util.ArrayList$ArrayListSpliterator.forEachRemaining(ArrayList.java:1625)
	at java.base/java.util.stream.AbstractPipeline.copyInto(AbstractPipeline.java:509)
	at java.base/java.util.stream.AbstractPipeline.wrapAndCopyInto(AbstractPipeline.java:499)
	at java.base/java.util.stream.ForEachOps$ForEachOp.evaluateSequential(ForEachOps.java:150)
	at java.base/java.util.stream.ForEachOps$ForEachOp$OfRef.evaluateSequential(ForEachOps.java:173)
	at java.base/java.util.stream.AbstractPipeline.evaluate(AbstractPipeline.java:234)
	at java.base/java.util.stream.ReferencePipeline.forEach(ReferencePipeline.java:596)
	at java.base/java.util.stream.ReferencePipeline$7$1.accept(ReferencePipeline.java:276)
	at java.base/java.util.ArrayList$ArrayListSpliterator.forEachRemaining(ArrayList.java:1625)
	at java.base/java.util.stream.AbstractPipeline.copyInto(AbstractPipeline.java:509)
	at java.base/java.util.stream.AbstractPipeline.wrapAndCopyInto(AbstractPipeline.java:499)
	at java.base/java.util.stream.ForEachOps$ForEachOp.evaluateSequential(ForEachOps.java:150)
	at java.base/java.util.stream.ForEachOps$ForEachOp$OfRef.evaluateSequential(ForEachOps.java:173)
	at java.base/java.util.stream.AbstractPipeline.evaluate(AbstractPipeline.java:234)
	at java.base/java.util.stream.ReferencePipeline.forEach(ReferencePipeline.java:596)
	at org.junit.jupiter.engine.descriptor.TestTemplateTestDescriptor.execute(TestTemplateTestDescriptor.java:107)
	at org.junit.jupiter.engine.descriptor.TestTemplateTestDescriptor.execute(TestTemplateTestDescriptor.java:42)
	at org.junit.platform.engine.support.hierarchical.NodeTestTask.lambda$executeRecursively$5(NodeTestTask.java:139)
	at org.junit.platform.engine.support.hierarchical.ThrowableCollector.execute(ThrowableCollector.java:73)
	at org.junit.platform.engine.support.hierarchical.NodeTestTask.lambda$executeRecursively$7(NodeTestTask.java:129)
	at org.junit.platform.engine.support.hierarchical.Node.around(Node.java:137)
	at org.junit.platform.engine.support.hierarchical.NodeTestTask.lambda$executeRecursively$8(NodeTestTask.java:127)
	at org.junit.platform.engine.support.hierarchical.ThrowableCollector.execute(ThrowableCollector.java:73)
	at org.junit.platform.engine.support.hierarchical.NodeTestTask.executeRecursively(NodeTestTask.java:126)
	at org.junit.platform.engine.support.hierarchical.NodeTestTask.execute(NodeTestTask.java:84)
	at java.base/java.util.ArrayList.forEach(ArrayList.java:1511)
	at org.junit.platform.engine.support.hierarchical.SameThreadHierarchicalTestExecutorService.invokeAll(SameThreadHierarchicalTestExecutorService.java:38)
	at org.junit.platform.engine.support.hierarchical.NodeTestTask.lambda$executeRecursively$5(NodeTestTask.java:143)
	at org.junit.platform.engine.support.hierarchical.ThrowableCollector.execute(ThrowableCollector.java:73)
	at org.junit.platform.engine.support.hierarchical.NodeTestTask.lambda$executeRecursively$7(NodeTestTask.java:129)
	at org.junit.platform.engine.support.hierarchical.Node.around(Node.java:137)
	at org.junit.platform.engine.support.hierarchical.NodeTestTask.lambda$executeRecursively$8(NodeTestTask.java:127)
	at org.junit.platform.engine.support.hierarchical.ThrowableCollector.execute(ThrowableCollector.java:73)
	at org.junit.platform.engine.support.hierarchical.NodeTestTask.executeRecursively(NodeTestTask.java:126)
	at org.junit.platform.engine.support.hierarchical.NodeTestTask.execute(NodeTestTask.java:84)
	at java.base/java.util.ArrayList.forEach(ArrayList.java:1511)
	at org.junit.platform.engine.support.hierarchical.SameThreadHierarchicalTestExecutorService.invokeAll(SameThreadHierarchicalTestExecutorService.java:38)
	at org.junit.platform.engine.support.hierarchical.NodeTestTask.lambda$executeRecursively$5(NodeTestTask.java:143)
	at org.junit.platform.engine.support.hierarchical.ThrowableCollector.execute(ThrowableCollector.java:73)
	at org.junit.platform.engine.support.hierarchical.NodeTestTask.lambda$executeRecursively$7(NodeTestTask.java:129)
	at org.junit.platform.engine.support.hierarchical.Node.around(Node.java:137)
	at org.junit.platform.engine.support.hierarchical.NodeTestTask.lambda$executeRecursively$8(NodeTestTask.java:127)
	at org.junit.platform.engine.support.hierarchical.ThrowableCollector.execute(ThrowableCollector.java:73)
	at org.junit.platform.engine.support.hierarchical.NodeTestTask.executeRecursively(NodeTestTask.java:126)
	at org.junit.platform.engine.support.hierarchical.NodeTestTask.execute(NodeTestTask.java:84)
	at org.junit.platform.engine.support.hierarchical.SameThreadHierarchicalTestExecutorService.submit(SameThreadHierarchicalTestExecutorService.java:32)
	at org.junit.platform.engine.support.hierarchical.HierarchicalTestExecutor.execute(HierarchicalTestExecutor.java:57)
	at org.junit.platform.engine.support.hierarchical.HierarchicalTestEngine.execute(HierarchicalTestEngine.java:51)
	at org.junit.platform.launcher.core.EngineExecutionOrchestrator.execute(EngineExecutionOrchestrator.java:108)
	at org.junit.platform.launcher.core.EngineExecutionOrchestrator.execute(EngineExecutionOrchestrator.java:88)
	at org.junit.platform.launcher.core.EngineExecutionOrchestrator.lambda$execute$0(EngineExecutionOrchestrator.java:54)
	at org.junit.platform.launcher.core.EngineExecutionOrchestrator.withInterceptedStreams(EngineExecutionOrchestrator.java:67)
	at org.junit.platform.launcher.core.EngineExecutionOrchestrator.execute(EngineExecutionOrchestrator.java:52)
	at org.junit.platform.launcher.core.DefaultLauncher.execute(DefaultLauncher.java:96)
	at org.junit.platform.launcher.core.DefaultLauncher.execute(DefaultLauncher.java:75)
	at org.junit.platform.console.tasks.ConsoleTestExecutor.executeTests(ConsoleTestExecutor.java:66)
	at org.junit.platform.console.tasks.ConsoleTestExecutor.lambda$execute$0(ConsoleTestExecutor.java:58)
	at org.junit.platform.console.tasks.CustomContextClassLoaderExecutor.replaceThreadContextClassLoaderAndInvoke(CustomContextClassLoaderExecutor.java:41)
	at org.junit.platform.console.tasks.CustomContextClassLoaderExecutor.invoke(CustomContextClassLoaderExecutor.java:31)
	at org.junit.platform.console.tasks.ConsoleTestExecutor.execute(ConsoleTestExecutor.java:58)
	at org.junit.platform.console.ConsoleLauncher.executeTests(ConsoleLauncher.java:95)
	at org.junit.platform.console.ConsoleLauncher.execute(ConsoleLauncher.java:73)
	at org.junit.platform.console.ConsoleLauncher.execute(ConsoleLauncher.java:50)
	at org.junit.platform.console.ConsoleLauncher.execute(ConsoleLauncher.java:43)
	at org.junit.platform.console.ConsoleLauncher.main(ConsoleLauncher.java:37)
]]></skipped>
<system-out><![CDATA[
unique-id: [engine:junit-jupiter]/[class:minebayd1.test.TestUser]/[test-template:testget(minebayd1.User, minebayd1.AdState, java.util.Optional, int)]/[test-template-invocation:#19]
display-name: [19] Boris a 63 annonces ouvertes, 2 annonces fermées et 3 achats 
, PURCHASE, Optional[CLOTHES], 0
]]></system-out>
</testcase>
<testcase name="testget(User, AdState, Optional, int)[20]" classname="minebayd1.test.TestUser" time="0">
<skipped><![CDATA[org.opentest4j.TestAbortedException: Assumption failed: assumption is not true
	at org.junit.jupiter.api.Assumptions.throwTestAbortedException(Assumptions.java:256)
	at org.junit.jupiter.api.Assumptions.assumeTrue(Assumptions.java:115)
	at org.junit.jupiter.api.Assumptions.assumeTrue(Assumptions.java:66)
	at minebayd1.test.TestUser.testget(TestUser.java:961)
	at jdk.internal.reflect.GeneratedMethodAccessor6.invoke(Unknown Source)
	at java.base/jdk.internal.reflect.DelegatingMethodAccessorImpl.invoke(DelegatingMethodAccessorImpl.java:43)
	at java.base/java.lang.reflect.Method.invoke(Method.java:569)
	at org.junit.platform.commons.util.ReflectionUtils.invokeMethod(ReflectionUtils.java:688)
	at org.junit.jupiter.engine.execution.MethodInvocation.proceed(MethodInvocation.java:60)
	at org.junit.jupiter.engine.execution.InvocationInterceptorChain$ValidatingInvocation.proceed(InvocationInterceptorChain.java:131)
	at org.junit.jupiter.engine.extension.TimeoutExtension.intercept(TimeoutExtension.java:149)
	at org.junit.jupiter.engine.extension.TimeoutExtension.interceptTestableMethod(TimeoutExtension.java:140)
	at org.junit.jupiter.engine.extension.TimeoutExtension.interceptTestTemplateMethod(TimeoutExtension.java:92)
	at org.junit.jupiter.engine.execution.ExecutableInvoker$ReflectiveInterceptorCall.lambda$ofVoidMethod$0(ExecutableInvoker.java:115)
	at org.junit.jupiter.engine.execution.ExecutableInvoker.lambda$invoke$0(ExecutableInvoker.java:105)
	at org.junit.jupiter.engine.execution.InvocationInterceptorChain$InterceptedInvocation.proceed(InvocationInterceptorChain.java:106)
	at org.junit.jupiter.engine.execution.InvocationInterceptorChain.proceed(InvocationInterceptorChain.java:64)
	at org.junit.jupiter.engine.execution.InvocationInterceptorChain.chainAndInvoke(InvocationInterceptorChain.java:45)
	at org.junit.jupiter.engine.execution.InvocationInterceptorChain.invoke(InvocationInterceptorChain.java:37)
	at org.junit.jupiter.engine.execution.ExecutableInvoker.invoke(ExecutableInvoker.java:104)
	at org.junit.jupiter.engine.execution.ExecutableInvoker.invoke(ExecutableInvoker.java:98)
	at org.junit.jupiter.engine.descriptor.TestMethodTestDescriptor.lambda$invokeTestMethod$6(TestMethodTestDescriptor.java:210)
	at org.junit.platform.engine.support.hierarchical.ThrowableCollector.execute(ThrowableCollector.java:73)
	at org.junit.jupiter.engine.descriptor.TestMethodTestDescriptor.invokeTestMethod(TestMethodTestDescriptor.java:206)
	at org.junit.jupiter.engine.descriptor.TestMethodTestDescriptor.execute(TestMethodTestDescriptor.java:131)
	at org.junit.jupiter.engine.descriptor.TestMethodTestDescriptor.execute(TestMethodTestDescriptor.java:65)
	at org.junit.platform.engine.support.hierarchical.NodeTestTask.lambda$executeRecursively$5(NodeTestTask.java:139)
	at org.junit.platform.engine.support.hierarchical.ThrowableCollector.execute(ThrowableCollector.java:73)
	at org.junit.platform.engine.support.hierarchical.NodeTestTask.lambda$executeRecursively$7(NodeTestTask.java:129)
	at org.junit.platform.engine.support.hierarchical.Node.around(Node.java:137)
	at org.junit.platform.engine.support.hierarchical.NodeTestTask.lambda$executeRecursively$8(NodeTestTask.java:127)
	at org.junit.platform.engine.support.hierarchical.ThrowableCollector.execute(ThrowableCollector.java:73)
	at org.junit.platform.engine.support.hierarchical.NodeTestTask.executeRecursively(NodeTestTask.java:126)
	at org.junit.platform.engine.support.hierarchical.NodeTestTask.execute(NodeTestTask.java:84)
	at org.junit.platform.engine.support.hierarchical.SameThreadHierarchicalTestExecutorService.submit(SameThreadHierarchicalTestExecutorService.java:32)
	at org.junit.platform.engine.support.hierarchical.NodeTestTask$DefaultDynamicTestExecutor.execute(NodeTestTask.java:212)
	at org.junit.platform.engine.support.hierarchical.NodeTestTask$DefaultDynamicTestExecutor.execute(NodeTestTask.java:192)
	at org.junit.jupiter.engine.descriptor.TestTemplateTestDescriptor.execute(TestTemplateTestDescriptor.java:139)
	at org.junit.jupiter.engine.descriptor.TestTemplateTestDescriptor.lambda$execute$2(TestTemplateTestDescriptor.java:107)
	at java.base/java.util.stream.ForEachOps$ForEachOp$OfRef.accept(ForEachOps.java:183)
	at java.base/java.util.stream.ReferencePipeline$3$1.accept(ReferencePipeline.java:197)
	at java.base/java.util.stream.ReferencePipeline$2$1.accept(ReferencePipeline.java:179)
	at java.base/java.util.stream.ReferencePipeline$3$1.accept(ReferencePipeline.java:197)
	at java.base/java.util.stream.ForEachOps$ForEachOp$OfRef.accept(ForEachOps.java:183)
	at java.base/java.util.stream.ReferencePipeline$15$1.accept(ReferencePipeline.java:541)
	at java.base/java.util.stream.ReferencePipeline$3$1.accept(ReferencePipeline.java:197)
	at java.base/java.util.stream.ReferencePipeline$3$1.accept(ReferencePipeline.java:197)
	at java.base/java.util.stream.ReferencePipeline$3$1.accept(ReferencePipeline.java:197)
	at java.base/java.util.stream.ForEachOps$ForEachOp$OfRef.accept(ForEachOps.java:183)
	at java.base/java.util.stream.ReferencePipeline$3$1.accept(ReferencePipeline.java:197)
	at java.base/java.util.stream.ForEachOps$ForEachOp$OfRef.accept(ForEachOps.java:183)
	at java.base/java.util.stream.SliceOps$1$1.accept(SliceOps.java:200)
	at java.base/java.util.stream.StreamSpliterators$InfiniteSupplyingSpliterator$OfRef.tryAdvance(StreamSpliterators.java:1358)
	at java.base/java.util.stream.ReferencePipeline.forEachWithCancel(ReferencePipeline.java:129)
	at java.base/java.util.stream.AbstractPipeline.copyIntoWithCancel(AbstractPipeline.java:527)
	at java.base/java.util.stream.AbstractPipeline.copyInto(AbstractPipeline.java:513)
	at java.base/java.util.stream.AbstractPipeline.wrapAndCopyInto(AbstractPipeline.java:499)
	at java.base/java.util.stream.ForEachOps$ForEachOp.evaluateSequential(ForEachOps.java:150)
	at java.base/java.util.stream.ForEachOps$ForEachOp$OfRef.evaluateSequential(ForEachOps.java:173)
	at java.base/java.util.stream.AbstractPipeline.evaluate(AbstractPipeline.java:234)
	at java.base/java.util.stream.ReferencePipeline.forEach(ReferencePipeline.java:596)
	at java.base/java.util.stream.ReferencePipeline$7$1.accept(ReferencePipeline.java:276)
	at java.base/java.util.stream.ReferencePipeline$3$1.accept(ReferencePipeline.java:197)
	at java.base/java.util.stream.ReferencePipeline$3$1.accept(ReferencePipeline.java:197)
	at java.base/java.util.Spliterators$ArraySpliterator.forEachRemaining(Spliterators.java:992)
	at java.base/java.util.stream.AbstractPipeline.copyInto(AbstractPipeline.java:509)
	at java.base/java.util.stream.AbstractPipeline.wrapAndCopyInto(AbstractPipeline.java:499)
	at java.base/java.util.stream.ForEachOps$ForEachOp.evaluateSequential(ForEachOps.java:150)
	at java.base/java.util.stream.ForEachOps$ForEachOp$OfRef.evaluateSequential(ForEachOps.java:173)
	at java.base/java.util.stream.AbstractPipeline.evaluate(AbstractPipeline.java:234)
	at java.base/java.util.stream.ReferencePipeline.forEach(ReferencePipeline.java:596)
	at java.base/java.util.stream.ReferencePipeline$7$1.accept(ReferencePipeline.java:276)
	at java.base/java.util.stream.ReferencePipeline$3$1.accept(ReferencePipeline.java:197)
	at java.base/java.util.stream.ReferencePipeline$3$1.accept(ReferencePipeline.java:197)
	at java.base/java.util.stream.ReferencePipeline$3$1.accept(ReferencePipeline.java:197)
	at java.base/java.util.ArrayList$ArrayListSpliterator.forEachRemaining(ArrayList.java:1625)
	at java.base/java.util.stream.AbstractPipeline.copyInto(AbstractPipeline.java:509)
	at java.base/java.util.stream.AbstractPipeline.wrapAndCopyInto(AbstractPipeline.java:499)
	at java.base/java.util.stream.ForEachOps$ForEachOp.evaluateSequential(ForEachOps.java:150)
	at java.base/java.util.stream.ForEachOps$ForEachOp$OfRef.evaluateSequential(ForEachOps.java:173)
	at java.base/java.util.stream.AbstractPipeline.evaluate(AbstractPipeline.java:234)
	at java.base/java.util.stream.ReferencePipeline.forEach(ReferencePipeline.java:596)
	at java.base/java.util.stream.ReferencePipeline$7$1.accept(ReferencePipeline.java:276)
	at java.base/java.util.ArrayList$ArrayListSpliterator.forEachRemaining(ArrayList.java:1625)
	at java.base/java.util.stream.AbstractPipeline.copyInto(AbstractPipeline.java:509)
	at java.base/java.util.stream.AbstractPipeline.wrapAndCopyInto(AbstractPipeline.java:499)
	at java.base/java.util.stream.ForEachOps$ForEachOp.evaluateSequential(ForEachOps.java:150)
	at java.base/java.util.stream.ForEachOps$ForEachOp$OfRef.evaluateSequential(ForEachOps.java:173)
	at java.base/java.util.stream.AbstractPipeline.evaluate(AbstractPipeline.java:234)
	at java.base/java.util.stream.ReferencePipeline.forEach(ReferencePipeline.java:596)
	at org.junit.jupiter.engine.descriptor.TestTemplateTestDescriptor.execute(TestTemplateTestDescriptor.java:107)
	at org.junit.jupiter.engine.descriptor.TestTemplateTestDescriptor.execute(TestTemplateTestDescriptor.java:42)
	at org.junit.platform.engine.support.hierarchical.NodeTestTask.lambda$executeRecursively$5(NodeTestTask.java:139)
	at org.junit.platform.engine.support.hierarchical.ThrowableCollector.execute(ThrowableCollector.java:73)
	at org.junit.platform.engine.support.hierarchical.NodeTestTask.lambda$executeRecursively$7(NodeTestTask.java:129)
	at org.junit.platform.engine.support.hierarchical.Node.around(Node.java:137)
	at org.junit.platform.engine.support.hierarchical.NodeTestTask.lambda$executeRecursively$8(NodeTestTask.java:127)
	at org.junit.platform.engine.support.hierarchical.ThrowableCollector.execute(ThrowableCollector.java:73)
	at org.junit.platform.engine.support.hierarchical.NodeTestTask.executeRecursively(NodeTestTask.java:126)
	at org.junit.platform.engine.support.hierarchical.NodeTestTask.execute(NodeTestTask.java:84)
	at java.base/java.util.ArrayList.forEach(ArrayList.java:1511)
	at org.junit.platform.engine.support.hierarchical.SameThreadHierarchicalTestExecutorService.invokeAll(SameThreadHierarchicalTestExecutorService.java:38)
	at org.junit.platform.engine.support.hierarchical.NodeTestTask.lambda$executeRecursively$5(NodeTestTask.java:143)
	at org.junit.platform.engine.support.hierarchical.ThrowableCollector.execute(ThrowableCollector.java:73)
	at org.junit.platform.engine.support.hierarchical.NodeTestTask.lambda$executeRecursively$7(NodeTestTask.java:129)
	at org.junit.platform.engine.support.hierarchical.Node.around(Node.java:137)
	at org.junit.platform.engine.support.hierarchical.NodeTestTask.lambda$executeRecursively$8(NodeTestTask.java:127)
	at org.junit.platform.engine.support.hierarchical.ThrowableCollector.execute(ThrowableCollector.java:73)
	at org.junit.platform.engine.support.hierarchical.NodeTestTask.executeRecursively(NodeTestTask.java:126)
	at org.junit.platform.engine.support.hierarchical.NodeTestTask.execute(NodeTestTask.java:84)
	at java.base/java.util.ArrayList.forEach(ArrayList.java:1511)
	at org.junit.platform.engine.support.hierarchical.SameThreadHierarchicalTestExecutorService.invokeAll(SameThreadHierarchicalTestExecutorService.java:38)
	at org.junit.platform.engine.support.hierarchical.NodeTestTask.lambda$executeRecursively$5(NodeTestTask.java:143)
	at org.junit.platform.engine.support.hierarchical.ThrowableCollector.execute(ThrowableCollector.java:73)
	at org.junit.platform.engine.support.hierarchical.NodeTestTask.lambda$executeRecursively$7(NodeTestTask.java:129)
	at org.junit.platform.engine.support.hierarchical.Node.around(Node.java:137)
	at org.junit.platform.engine.support.hierarchical.NodeTestTask.lambda$executeRecursively$8(NodeTestTask.java:127)
	at org.junit.platform.engine.support.hierarchical.ThrowableCollector.execute(ThrowableCollector.java:73)
	at org.junit.platform.engine.support.hierarchical.NodeTestTask.executeRecursively(NodeTestTask.java:126)
	at org.junit.platform.engine.support.hierarchical.NodeTestTask.execute(NodeTestTask.java:84)
	at org.junit.platform.engine.support.hierarchical.SameThreadHierarchicalTestExecutorService.submit(SameThreadHierarchicalTestExecutorService.java:32)
	at org.junit.platform.engine.support.hierarchical.HierarchicalTestExecutor.execute(HierarchicalTestExecutor.java:57)
	at org.junit.platform.engine.support.hierarchical.HierarchicalTestEngine.execute(HierarchicalTestEngine.java:51)
	at org.junit.platform.launcher.core.EngineExecutionOrchestrator.execute(EngineExecutionOrchestrator.java:108)
	at org.junit.platform.launcher.core.EngineExecutionOrchestrator.execute(EngineExecutionOrchestrator.java:88)
	at org.junit.platform.launcher.core.EngineExecutionOrchestrator.lambda$execute$0(EngineExecutionOrchestrator.java:54)
	at org.junit.platform.launcher.core.EngineExecutionOrchestrator.withInterceptedStreams(EngineExecutionOrchestrator.java:67)
	at org.junit.platform.launcher.core.EngineExecutionOrchestrator.execute(EngineExecutionOrchestrator.java:52)
	at org.junit.platform.launcher.core.DefaultLauncher.execute(DefaultLauncher.java:96)
	at org.junit.platform.launcher.core.DefaultLauncher.execute(DefaultLauncher.java:75)
	at org.junit.platform.console.tasks.ConsoleTestExecutor.executeTests(ConsoleTestExecutor.java:66)
	at org.junit.platform.console.tasks.ConsoleTestExecutor.lambda$execute$0(ConsoleTestExecutor.java:58)
	at org.junit.platform.console.tasks.CustomContextClassLoaderExecutor.replaceThreadContextClassLoaderAndInvoke(CustomContextClassLoaderExecutor.java:41)
	at org.junit.platform.console.tasks.CustomContextClassLoaderExecutor.invoke(CustomContextClassLoaderExecutor.java:31)
	at org.junit.platform.console.tasks.ConsoleTestExecutor.execute(ConsoleTestExecutor.java:58)
	at org.junit.platform.console.ConsoleLauncher.executeTests(ConsoleLauncher.java:95)
	at org.junit.platform.console.ConsoleLauncher.execute(ConsoleLauncher.java:73)
	at org.junit.platform.console.ConsoleLauncher.execute(ConsoleLauncher.java:50)
	at org.junit.platform.console.ConsoleLauncher.execute(ConsoleLauncher.java:43)
	at org.junit.platform.console.ConsoleLauncher.main(ConsoleLauncher.java:37)
]]></skipped>
<system-out><![CDATA[
unique-id: [engine:junit-jupiter]/[class:minebayd1.test.TestUser]/[test-template:testget(minebayd1.User, minebayd1.AdState, java.util.Optional, int)]/[test-template-invocation:#20]
display-name: [20] Chanez a 57 annonces ouvertes, 2 annonces fermées et 1 achats 
, OPEN, Optional[COMPUTERS], 19
]]></system-out>
</testcase>
<testcase name="testget(User, AdState, Optional, int)[21]" classname="minebayd1.test.TestUser" time="0">
<skipped><![CDATA[org.opentest4j.TestAbortedException: Assumption failed: assumption is not true
	at org.junit.jupiter.api.Assumptions.throwTestAbortedException(Assumptions.java:256)
	at org.junit.jupiter.api.Assumptions.assumeTrue(Assumptions.java:115)
	at org.junit.jupiter.api.Assumptions.assumeTrue(Assumptions.java:66)
	at minebayd1.test.TestUser.testget(TestUser.java:961)
	at jdk.internal.reflect.GeneratedMethodAccessor6.invoke(Unknown Source)
	at java.base/jdk.internal.reflect.DelegatingMethodAccessorImpl.invoke(DelegatingMethodAccessorImpl.java:43)
	at java.base/java.lang.reflect.Method.invoke(Method.java:569)
	at org.junit.platform.commons.util.ReflectionUtils.invokeMethod(ReflectionUtils.java:688)
	at org.junit.jupiter.engine.execution.MethodInvocation.proceed(MethodInvocation.java:60)
	at org.junit.jupiter.engine.execution.InvocationInterceptorChain$ValidatingInvocation.proceed(InvocationInterceptorChain.java:131)
	at org.junit.jupiter.engine.extension.TimeoutExtension.intercept(TimeoutExtension.java:149)
	at org.junit.jupiter.engine.extension.TimeoutExtension.interceptTestableMethod(TimeoutExtension.java:140)
	at org.junit.jupiter.engine.extension.TimeoutExtension.interceptTestTemplateMethod(TimeoutExtension.java:92)
	at org.junit.jupiter.engine.execution.ExecutableInvoker$ReflectiveInterceptorCall.lambda$ofVoidMethod$0(ExecutableInvoker.java:115)
	at org.junit.jupiter.engine.execution.ExecutableInvoker.lambda$invoke$0(ExecutableInvoker.java:105)
	at org.junit.jupiter.engine.execution.InvocationInterceptorChain$InterceptedInvocation.proceed(InvocationInterceptorChain.java:106)
	at org.junit.jupiter.engine.execution.InvocationInterceptorChain.proceed(InvocationInterceptorChain.java:64)
	at org.junit.jupiter.engine.execution.InvocationInterceptorChain.chainAndInvoke(InvocationInterceptorChain.java:45)
	at org.junit.jupiter.engine.execution.InvocationInterceptorChain.invoke(InvocationInterceptorChain.java:37)
	at org.junit.jupiter.engine.execution.ExecutableInvoker.invoke(ExecutableInvoker.java:104)
	at org.junit.jupiter.engine.execution.ExecutableInvoker.invoke(ExecutableInvoker.java:98)
	at org.junit.jupiter.engine.descriptor.TestMethodTestDescriptor.lambda$invokeTestMethod$6(TestMethodTestDescriptor.java:210)
	at org.junit.platform.engine.support.hierarchical.ThrowableCollector.execute(ThrowableCollector.java:73)
	at org.junit.jupiter.engine.descriptor.TestMethodTestDescriptor.invokeTestMethod(TestMethodTestDescriptor.java:206)
	at org.junit.jupiter.engine.descriptor.TestMethodTestDescriptor.execute(TestMethodTestDescriptor.java:131)
	at org.junit.jupiter.engine.descriptor.TestMethodTestDescriptor.execute(TestMethodTestDescriptor.java:65)
	at org.junit.platform.engine.support.hierarchical.NodeTestTask.lambda$executeRecursively$5(NodeTestTask.java:139)
	at org.junit.platform.engine.support.hierarchical.ThrowableCollector.execute(ThrowableCollector.java:73)
	at org.junit.platform.engine.support.hierarchical.NodeTestTask.lambda$executeRecursively$7(NodeTestTask.java:129)
	at org.junit.platform.engine.support.hierarchical.Node.around(Node.java:137)
	at org.junit.platform.engine.support.hierarchical.NodeTestTask.lambda$executeRecursively$8(NodeTestTask.java:127)
	at org.junit.platform.engine.support.hierarchical.ThrowableCollector.execute(ThrowableCollector.java:73)
	at org.junit.platform.engine.support.hierarchical.NodeTestTask.executeRecursively(NodeTestTask.java:126)
	at org.junit.platform.engine.support.hierarchical.NodeTestTask.execute(NodeTestTask.java:84)
	at org.junit.platform.engine.support.hierarchical.SameThreadHierarchicalTestExecutorService.submit(SameThreadHierarchicalTestExecutorService.java:32)
	at org.junit.platform.engine.support.hierarchical.NodeTestTask$DefaultDynamicTestExecutor.execute(NodeTestTask.java:212)
	at org.junit.platform.engine.support.hierarchical.NodeTestTask$DefaultDynamicTestExecutor.execute(NodeTestTask.java:192)
	at org.junit.jupiter.engine.descriptor.TestTemplateTestDescriptor.execute(TestTemplateTestDescriptor.java:139)
	at org.junit.jupiter.engine.descriptor.TestTemplateTestDescriptor.lambda$execute$2(TestTemplateTestDescriptor.java:107)
	at java.base/java.util.stream.ForEachOps$ForEachOp$OfRef.accept(ForEachOps.java:183)
	at java.base/java.util.stream.ReferencePipeline$3$1.accept(ReferencePipeline.java:197)
	at java.base/java.util.stream.ReferencePipeline$2$1.accept(ReferencePipeline.java:179)
	at java.base/java.util.stream.ReferencePipeline$3$1.accept(ReferencePipeline.java:197)
	at java.base/java.util.stream.ForEachOps$ForEachOp$OfRef.accept(ForEachOps.java:183)
	at java.base/java.util.stream.ReferencePipeline$15$1.accept(ReferencePipeline.java:541)
	at java.base/java.util.stream.ReferencePipeline$3$1.accept(ReferencePipeline.java:197)
	at java.base/java.util.stream.ReferencePipeline$3$1.accept(ReferencePipeline.java:197)
	at java.base/java.util.stream.ReferencePipeline$3$1.accept(ReferencePipeline.java:197)
	at java.base/java.util.stream.ForEachOps$ForEachOp$OfRef.accept(ForEachOps.java:183)
	at java.base/java.util.stream.ReferencePipeline$3$1.accept(ReferencePipeline.java:197)
	at java.base/java.util.stream.ForEachOps$ForEachOp$OfRef.accept(ForEachOps.java:183)
	at java.base/java.util.stream.SliceOps$1$1.accept(SliceOps.java:200)
	at java.base/java.util.stream.StreamSpliterators$InfiniteSupplyingSpliterator$OfRef.tryAdvance(StreamSpliterators.java:1358)
	at java.base/java.util.stream.ReferencePipeline.forEachWithCancel(ReferencePipeline.java:129)
	at java.base/java.util.stream.AbstractPipeline.copyIntoWithCancel(AbstractPipeline.java:527)
	at java.base/java.util.stream.AbstractPipeline.copyInto(AbstractPipeline.java:513)
	at java.base/java.util.stream.AbstractPipeline.wrapAndCopyInto(AbstractPipeline.java:499)
	at java.base/java.util.stream.ForEachOps$ForEachOp.evaluateSequential(ForEachOps.java:150)
	at java.base/java.util.stream.ForEachOps$ForEachOp$OfRef.evaluateSequential(ForEachOps.java:173)
	at java.base/java.util.stream.AbstractPipeline.evaluate(AbstractPipeline.java:234)
	at java.base/java.util.stream.ReferencePipeline.forEach(ReferencePipeline.java:596)
	at java.base/java.util.stream.ReferencePipeline$7$1.accept(ReferencePipeline.java:276)
	at java.base/java.util.stream.ReferencePipeline$3$1.accept(ReferencePipeline.java:197)
	at java.base/java.util.stream.ReferencePipeline$3$1.accept(ReferencePipeline.java:197)
	at java.base/java.util.Spliterators$ArraySpliterator.forEachRemaining(Spliterators.java:992)
	at java.base/java.util.stream.AbstractPipeline.copyInto(AbstractPipeline.java:509)
	at java.base/java.util.stream.AbstractPipeline.wrapAndCopyInto(AbstractPipeline.java:499)
	at java.base/java.util.stream.ForEachOps$ForEachOp.evaluateSequential(ForEachOps.java:150)
	at java.base/java.util.stream.ForEachOps$ForEachOp$OfRef.evaluateSequential(ForEachOps.java:173)
	at java.base/java.util.stream.AbstractPipeline.evaluate(AbstractPipeline.java:234)
	at java.base/java.util.stream.ReferencePipeline.forEach(ReferencePipeline.java:596)
	at java.base/java.util.stream.ReferencePipeline$7$1.accept(ReferencePipeline.java:276)
	at java.base/java.util.stream.ReferencePipeline$3$1.accept(ReferencePipeline.java:197)
	at java.base/java.util.stream.ReferencePipeline$3$1.accept(ReferencePipeline.java:197)
	at java.base/java.util.stream.ReferencePipeline$3$1.accept(ReferencePipeline.java:197)
	at java.base/java.util.ArrayList$ArrayListSpliterator.forEachRemaining(ArrayList.java:1625)
	at java.base/java.util.stream.AbstractPipeline.copyInto(AbstractPipeline.java:509)
	at java.base/java.util.stream.AbstractPipeline.wrapAndCopyInto(AbstractPipeline.java:499)
	at java.base/java.util.stream.ForEachOps$ForEachOp.evaluateSequential(ForEachOps.java:150)
	at java.base/java.util.stream.ForEachOps$ForEachOp$OfRef.evaluateSequential(ForEachOps.java:173)
	at java.base/java.util.stream.AbstractPipeline.evaluate(AbstractPipeline.java:234)
	at java.base/java.util.stream.ReferencePipeline.forEach(ReferencePipeline.java:596)
	at java.base/java.util.stream.ReferencePipeline$7$1.accept(ReferencePipeline.java:276)
	at java.base/java.util.ArrayList$ArrayListSpliterator.forEachRemaining(ArrayList.java:1625)
	at java.base/java.util.stream.AbstractPipeline.copyInto(AbstractPipeline.java:509)
	at java.base/java.util.stream.AbstractPipeline.wrapAndCopyInto(AbstractPipeline.java:499)
	at java.base/java.util.stream.ForEachOps$ForEachOp.evaluateSequential(ForEachOps.java:150)
	at java.base/java.util.stream.ForEachOps$ForEachOp$OfRef.evaluateSequential(ForEachOps.java:173)
	at java.base/java.util.stream.AbstractPipeline.evaluate(AbstractPipeline.java:234)
	at java.base/java.util.stream.ReferencePipeline.forEach(ReferencePipeline.java:596)
	at org.junit.jupiter.engine.descriptor.TestTemplateTestDescriptor.execute(TestTemplateTestDescriptor.java:107)
	at org.junit.jupiter.engine.descriptor.TestTemplateTestDescriptor.execute(TestTemplateTestDescriptor.java:42)
	at org.junit.platform.engine.support.hierarchical.NodeTestTask.lambda$executeRecursively$5(NodeTestTask.java:139)
	at org.junit.platform.engine.support.hierarchical.ThrowableCollector.execute(ThrowableCollector.java:73)
	at org.junit.platform.engine.support.hierarchical.NodeTestTask.lambda$executeRecursively$7(NodeTestTask.java:129)
	at org.junit.platform.engine.support.hierarchical.Node.around(Node.java:137)
	at org.junit.platform.engine.support.hierarchical.NodeTestTask.lambda$executeRecursively$8(NodeTestTask.java:127)
	at org.junit.platform.engine.support.hierarchical.ThrowableCollector.execute(ThrowableCollector.java:73)
	at org.junit.platform.engine.support.hierarchical.NodeTestTask.executeRecursively(NodeTestTask.java:126)
	at org.junit.platform.engine.support.hierarchical.NodeTestTask.execute(NodeTestTask.java:84)
	at java.base/java.util.ArrayList.forEach(ArrayList.java:1511)
	at org.junit.platform.engine.support.hierarchical.SameThreadHierarchicalTestExecutorService.invokeAll(SameThreadHierarchicalTestExecutorService.java:38)
	at org.junit.platform.engine.support.hierarchical.NodeTestTask.lambda$executeRecursively$5(NodeTestTask.java:143)
	at org.junit.platform.engine.support.hierarchical.ThrowableCollector.execute(ThrowableCollector.java:73)
	at org.junit.platform.engine.support.hierarchical.NodeTestTask.lambda$executeRecursively$7(NodeTestTask.java:129)
	at org.junit.platform.engine.support.hierarchical.Node.around(Node.java:137)
	at org.junit.platform.engine.support.hierarchical.NodeTestTask.lambda$executeRecursively$8(NodeTestTask.java:127)
	at org.junit.platform.engine.support.hierarchical.ThrowableCollector.execute(ThrowableCollector.java:73)
	at org.junit.platform.engine.support.hierarchical.NodeTestTask.executeRecursively(NodeTestTask.java:126)
	at org.junit.platform.engine.support.hierarchical.NodeTestTask.execute(NodeTestTask.java:84)
	at java.base/java.util.ArrayList.forEach(ArrayList.java:1511)
	at org.junit.platform.engine.support.hierarchical.SameThreadHierarchicalTestExecutorService.invokeAll(SameThreadHierarchicalTestExecutorService.java:38)
	at org.junit.platform.engine.support.hierarchical.NodeTestTask.lambda$executeRecursively$5(NodeTestTask.java:143)
	at org.junit.platform.engine.support.hierarchical.ThrowableCollector.execute(ThrowableCollector.java:73)
	at org.junit.platform.engine.support.hierarchical.NodeTestTask.lambda$executeRecursively$7(NodeTestTask.java:129)
	at org.junit.platform.engine.support.hierarchical.Node.around(Node.java:137)
	at org.junit.platform.engine.support.hierarchical.NodeTestTask.lambda$executeRecursively$8(NodeTestTask.java:127)
	at org.junit.platform.engine.support.hierarchical.ThrowableCollector.execute(ThrowableCollector.java:73)
	at org.junit.platform.engine.support.hierarchical.NodeTestTask.executeRecursively(NodeTestTask.java:126)
	at org.junit.platform.engine.support.hierarchical.NodeTestTask.execute(NodeTestTask.java:84)
	at org.junit.platform.engine.support.hierarchical.SameThreadHierarchicalTestExecutorService.submit(SameThreadHierarchicalTestExecutorService.java:32)
	at org.junit.platform.engine.support.hierarchical.HierarchicalTestExecutor.execute(HierarchicalTestExecutor.java:57)
	at org.junit.platform.engine.support.hierarchical.HierarchicalTestEngine.execute(HierarchicalTestEngine.java:51)
	at org.junit.platform.launcher.core.EngineExecutionOrchestrator.execute(EngineExecutionOrchestrator.java:108)
	at org.junit.platform.launcher.core.EngineExecutionOrchestrator.execute(EngineExecutionOrchestrator.java:88)
	at org.junit.platform.launcher.core.EngineExecutionOrchestrator.lambda$execute$0(EngineExecutionOrchestrator.java:54)
	at org.junit.platform.launcher.core.EngineExecutionOrchestrator.withInterceptedStreams(EngineExecutionOrchestrator.java:67)
	at org.junit.platform.launcher.core.EngineExecutionOrchestrator.execute(EngineExecutionOrchestrator.java:52)
	at org.junit.platform.launcher.core.DefaultLauncher.execute(DefaultLauncher.java:96)
	at org.junit.platform.launcher.core.DefaultLauncher.execute(DefaultLauncher.java:75)
	at org.junit.platform.console.tasks.ConsoleTestExecutor.executeTests(ConsoleTestExecutor.java:66)
	at org.junit.platform.console.tasks.ConsoleTestExecutor.lambda$execute$0(ConsoleTestExecutor.java:58)
	at org.junit.platform.console.tasks.CustomContextClassLoaderExecutor.replaceThreadContextClassLoaderAndInvoke(CustomContextClassLoaderExecutor.java:41)
	at org.junit.platform.console.tasks.CustomContextClassLoaderExecutor.invoke(CustomContextClassLoaderExecutor.java:31)
	at org.junit.platform.console.tasks.ConsoleTestExecutor.execute(ConsoleTestExecutor.java:58)
	at org.junit.platform.console.ConsoleLauncher.executeTests(ConsoleLauncher.java:95)
	at org.junit.platform.console.ConsoleLauncher.execute(ConsoleLauncher.java:73)
	at org.junit.platform.console.ConsoleLauncher.execute(ConsoleLauncher.java:50)
	at org.junit.platform.console.ConsoleLauncher.execute(ConsoleLauncher.java:43)
	at org.junit.platform.console.ConsoleLauncher.main(ConsoleLauncher.java:37)
]]></skipped>
<system-out><![CDATA[
unique-id: [engine:junit-jupiter]/[class:minebayd1.test.TestUser]/[test-template:testget(minebayd1.User, minebayd1.AdState, java.util.Optional, int)]/[test-template-invocation:#21]
display-name: [21] Ali a 57 annonces ouvertes, 6 annonces fermées et 3 achats 
, CLOSED, Optional[SHOES], 0
]]></system-out>
</testcase>
<testcase name="testget(User, AdState, Optional, int)[22]" classname="minebayd1.test.TestUser" time="0">
<skipped><![CDATA[org.opentest4j.TestAbortedException: Assumption failed: assumption is not true
	at org.junit.jupiter.api.Assumptions.throwTestAbortedException(Assumptions.java:256)
	at org.junit.jupiter.api.Assumptions.assumeTrue(Assumptions.java:115)
	at org.junit.jupiter.api.Assumptions.assumeTrue(Assumptions.java:66)
	at minebayd1.test.TestUser.testget(TestUser.java:961)
	at jdk.internal.reflect.GeneratedMethodAccessor6.invoke(Unknown Source)
	at java.base/jdk.internal.reflect.DelegatingMethodAccessorImpl.invoke(DelegatingMethodAccessorImpl.java:43)
	at java.base/java.lang.reflect.Method.invoke(Method.java:569)
	at org.junit.platform.commons.util.ReflectionUtils.invokeMethod(ReflectionUtils.java:688)
	at org.junit.jupiter.engine.execution.MethodInvocation.proceed(MethodInvocation.java:60)
	at org.junit.jupiter.engine.execution.InvocationInterceptorChain$ValidatingInvocation.proceed(InvocationInterceptorChain.java:131)
	at org.junit.jupiter.engine.extension.TimeoutExtension.intercept(TimeoutExtension.java:149)
	at org.junit.jupiter.engine.extension.TimeoutExtension.interceptTestableMethod(TimeoutExtension.java:140)
	at org.junit.jupiter.engine.extension.TimeoutExtension.interceptTestTemplateMethod(TimeoutExtension.java:92)
	at org.junit.jupiter.engine.execution.ExecutableInvoker$ReflectiveInterceptorCall.lambda$ofVoidMethod$0(ExecutableInvoker.java:115)
	at org.junit.jupiter.engine.execution.ExecutableInvoker.lambda$invoke$0(ExecutableInvoker.java:105)
	at org.junit.jupiter.engine.execution.InvocationInterceptorChain$InterceptedInvocation.proceed(InvocationInterceptorChain.java:106)
	at org.junit.jupiter.engine.execution.InvocationInterceptorChain.proceed(InvocationInterceptorChain.java:64)
	at org.junit.jupiter.engine.execution.InvocationInterceptorChain.chainAndInvoke(InvocationInterceptorChain.java:45)
	at org.junit.jupiter.engine.execution.InvocationInterceptorChain.invoke(InvocationInterceptorChain.java:37)
	at org.junit.jupiter.engine.execution.ExecutableInvoker.invoke(ExecutableInvoker.java:104)
	at org.junit.jupiter.engine.execution.ExecutableInvoker.invoke(ExecutableInvoker.java:98)
	at org.junit.jupiter.engine.descriptor.TestMethodTestDescriptor.lambda$invokeTestMethod$6(TestMethodTestDescriptor.java:210)
	at org.junit.platform.engine.support.hierarchical.ThrowableCollector.execute(ThrowableCollector.java:73)
	at org.junit.jupiter.engine.descriptor.TestMethodTestDescriptor.invokeTestMethod(TestMethodTestDescriptor.java:206)
	at org.junit.jupiter.engine.descriptor.TestMethodTestDescriptor.execute(TestMethodTestDescriptor.java:131)
	at org.junit.jupiter.engine.descriptor.TestMethodTestDescriptor.execute(TestMethodTestDescriptor.java:65)
	at org.junit.platform.engine.support.hierarchical.NodeTestTask.lambda$executeRecursively$5(NodeTestTask.java:139)
	at org.junit.platform.engine.support.hierarchical.ThrowableCollector.execute(ThrowableCollector.java:73)
	at org.junit.platform.engine.support.hierarchical.NodeTestTask.lambda$executeRecursively$7(NodeTestTask.java:129)
	at org.junit.platform.engine.support.hierarchical.Node.around(Node.java:137)
	at org.junit.platform.engine.support.hierarchical.NodeTestTask.lambda$executeRecursively$8(NodeTestTask.java:127)
	at org.junit.platform.engine.support.hierarchical.ThrowableCollector.execute(ThrowableCollector.java:73)
	at org.junit.platform.engine.support.hierarchical.NodeTestTask.executeRecursively(NodeTestTask.java:126)
	at org.junit.platform.engine.support.hierarchical.NodeTestTask.execute(NodeTestTask.java:84)
	at org.junit.platform.engine.support.hierarchical.SameThreadHierarchicalTestExecutorService.submit(SameThreadHierarchicalTestExecutorService.java:32)
	at org.junit.platform.engine.support.hierarchical.NodeTestTask$DefaultDynamicTestExecutor.execute(NodeTestTask.java:212)
	at org.junit.platform.engine.support.hierarchical.NodeTestTask$DefaultDynamicTestExecutor.execute(NodeTestTask.java:192)
	at org.junit.jupiter.engine.descriptor.TestTemplateTestDescriptor.execute(TestTemplateTestDescriptor.java:139)
	at org.junit.jupiter.engine.descriptor.TestTemplateTestDescriptor.lambda$execute$2(TestTemplateTestDescriptor.java:107)
	at java.base/java.util.stream.ForEachOps$ForEachOp$OfRef.accept(ForEachOps.java:183)
	at java.base/java.util.stream.ReferencePipeline$3$1.accept(ReferencePipeline.java:197)
	at java.base/java.util.stream.ReferencePipeline$2$1.accept(ReferencePipeline.java:179)
	at java.base/java.util.stream.ReferencePipeline$3$1.accept(ReferencePipeline.java:197)
	at java.base/java.util.stream.ForEachOps$ForEachOp$OfRef.accept(ForEachOps.java:183)
	at java.base/java.util.stream.ReferencePipeline$15$1.accept(ReferencePipeline.java:541)
	at java.base/java.util.stream.ReferencePipeline$3$1.accept(ReferencePipeline.java:197)
	at java.base/java.util.stream.ReferencePipeline$3$1.accept(ReferencePipeline.java:197)
	at java.base/java.util.stream.ReferencePipeline$3$1.accept(ReferencePipeline.java:197)
	at java.base/java.util.stream.ForEachOps$ForEachOp$OfRef.accept(ForEachOps.java:183)
	at java.base/java.util.stream.ReferencePipeline$3$1.accept(ReferencePipeline.java:197)
	at java.base/java.util.stream.ForEachOps$ForEachOp$OfRef.accept(ForEachOps.java:183)
	at java.base/java.util.stream.SliceOps$1$1.accept(SliceOps.java:200)
	at java.base/java.util.stream.StreamSpliterators$InfiniteSupplyingSpliterator$OfRef.tryAdvance(StreamSpliterators.java:1358)
	at java.base/java.util.stream.ReferencePipeline.forEachWithCancel(ReferencePipeline.java:129)
	at java.base/java.util.stream.AbstractPipeline.copyIntoWithCancel(AbstractPipeline.java:527)
	at java.base/java.util.stream.AbstractPipeline.copyInto(AbstractPipeline.java:513)
	at java.base/java.util.stream.AbstractPipeline.wrapAndCopyInto(AbstractPipeline.java:499)
	at java.base/java.util.stream.ForEachOps$ForEachOp.evaluateSequential(ForEachOps.java:150)
	at java.base/java.util.stream.ForEachOps$ForEachOp$OfRef.evaluateSequential(ForEachOps.java:173)
	at java.base/java.util.stream.AbstractPipeline.evaluate(AbstractPipeline.java:234)
	at java.base/java.util.stream.ReferencePipeline.forEach(ReferencePipeline.java:596)
	at java.base/java.util.stream.ReferencePipeline$7$1.accept(ReferencePipeline.java:276)
	at java.base/java.util.stream.ReferencePipeline$3$1.accept(ReferencePipeline.java:197)
	at java.base/java.util.stream.ReferencePipeline$3$1.accept(ReferencePipeline.java:197)
	at java.base/java.util.Spliterators$ArraySpliterator.forEachRemaining(Spliterators.java:992)
	at java.base/java.util.stream.AbstractPipeline.copyInto(AbstractPipeline.java:509)
	at java.base/java.util.stream.AbstractPipeline.wrapAndCopyInto(AbstractPipeline.java:499)
	at java.base/java.util.stream.ForEachOps$ForEachOp.evaluateSequential(ForEachOps.java:150)
	at java.base/java.util.stream.ForEachOps$ForEachOp$OfRef.evaluateSequential(ForEachOps.java:173)
	at java.base/java.util.stream.AbstractPipeline.evaluate(AbstractPipeline.java:234)
	at java.base/java.util.stream.ReferencePipeline.forEach(ReferencePipeline.java:596)
	at java.base/java.util.stream.ReferencePipeline$7$1.accept(ReferencePipeline.java:276)
	at java.base/java.util.stream.ReferencePipeline$3$1.accept(ReferencePipeline.java:197)
	at java.base/java.util.stream.ReferencePipeline$3$1.accept(ReferencePipeline.java:197)
	at java.base/java.util.stream.ReferencePipeline$3$1.accept(ReferencePipeline.java:197)
	at java.base/java.util.ArrayList$ArrayListSpliterator.forEachRemaining(ArrayList.java:1625)
	at java.base/java.util.stream.AbstractPipeline.copyInto(AbstractPipeline.java:509)
	at java.base/java.util.stream.AbstractPipeline.wrapAndCopyInto(AbstractPipeline.java:499)
	at java.base/java.util.stream.ForEachOps$ForEachOp.evaluateSequential(ForEachOps.java:150)
	at java.base/java.util.stream.ForEachOps$ForEachOp$OfRef.evaluateSequential(ForEachOps.java:173)
	at java.base/java.util.stream.AbstractPipeline.evaluate(AbstractPipeline.java:234)
	at java.base/java.util.stream.ReferencePipeline.forEach(ReferencePipeline.java:596)
	at java.base/java.util.stream.ReferencePipeline$7$1.accept(ReferencePipeline.java:276)
	at java.base/java.util.ArrayList$ArrayListSpliterator.forEachRemaining(ArrayList.java:1625)
	at java.base/java.util.stream.AbstractPipeline.copyInto(AbstractPipeline.java:509)
	at java.base/java.util.stream.AbstractPipeline.wrapAndCopyInto(AbstractPipeline.java:499)
	at java.base/java.util.stream.ForEachOps$ForEachOp.evaluateSequential(ForEachOps.java:150)
	at java.base/java.util.stream.ForEachOps$ForEachOp$OfRef.evaluateSequential(ForEachOps.java:173)
	at java.base/java.util.stream.AbstractPipeline.evaluate(AbstractPipeline.java:234)
	at java.base/java.util.stream.ReferencePipeline.forEach(ReferencePipeline.java:596)
	at org.junit.jupiter.engine.descriptor.TestTemplateTestDescriptor.execute(TestTemplateTestDescriptor.java:107)
	at org.junit.jupiter.engine.descriptor.TestTemplateTestDescriptor.execute(TestTemplateTestDescriptor.java:42)
	at org.junit.platform.engine.support.hierarchical.NodeTestTask.lambda$executeRecursively$5(NodeTestTask.java:139)
	at org.junit.platform.engine.support.hierarchical.ThrowableCollector.execute(ThrowableCollector.java:73)
	at org.junit.platform.engine.support.hierarchical.NodeTestTask.lambda$executeRecursively$7(NodeTestTask.java:129)
	at org.junit.platform.engine.support.hierarchical.Node.around(Node.java:137)
	at org.junit.platform.engine.support.hierarchical.NodeTestTask.lambda$executeRecursively$8(NodeTestTask.java:127)
	at org.junit.platform.engine.support.hierarchical.ThrowableCollector.execute(ThrowableCollector.java:73)
	at org.junit.platform.engine.support.hierarchical.NodeTestTask.executeRecursively(NodeTestTask.java:126)
	at org.junit.platform.engine.support.hierarchical.NodeTestTask.execute(NodeTestTask.java:84)
	at java.base/java.util.ArrayList.forEach(ArrayList.java:1511)
	at org.junit.platform.engine.support.hierarchical.SameThreadHierarchicalTestExecutorService.invokeAll(SameThreadHierarchicalTestExecutorService.java:38)
	at org.junit.platform.engine.support.hierarchical.NodeTestTask.lambda$executeRecursively$5(NodeTestTask.java:143)
	at org.junit.platform.engine.support.hierarchical.ThrowableCollector.execute(ThrowableCollector.java:73)
	at org.junit.platform.engine.support.hierarchical.NodeTestTask.lambda$executeRecursively$7(NodeTestTask.java:129)
	at org.junit.platform.engine.support.hierarchical.Node.around(Node.java:137)
	at org.junit.platform.engine.support.hierarchical.NodeTestTask.lambda$executeRecursively$8(NodeTestTask.java:127)
	at org.junit.platform.engine.support.hierarchical.ThrowableCollector.execute(ThrowableCollector.java:73)
	at org.junit.platform.engine.support.hierarchical.NodeTestTask.executeRecursively(NodeTestTask.java:126)
	at org.junit.platform.engine.support.hierarchical.NodeTestTask.execute(NodeTestTask.java:84)
	at java.base/java.util.ArrayList.forEach(ArrayList.java:1511)
	at org.junit.platform.engine.support.hierarchical.SameThreadHierarchicalTestExecutorService.invokeAll(SameThreadHierarchicalTestExecutorService.java:38)
	at org.junit.platform.engine.support.hierarchical.NodeTestTask.lambda$executeRecursively$5(NodeTestTask.java:143)
	at org.junit.platform.engine.support.hierarchical.ThrowableCollector.execute(ThrowableCollector.java:73)
	at org.junit.platform.engine.support.hierarchical.NodeTestTask.lambda$executeRecursively$7(NodeTestTask.java:129)
	at org.junit.platform.engine.support.hierarchical.Node.around(Node.java:137)
	at org.junit.platform.engine.support.hierarchical.NodeTestTask.lambda$executeRecursively$8(NodeTestTask.java:127)
	at org.junit.platform.engine.support.hierarchical.ThrowableCollector.execute(ThrowableCollector.java:73)
	at org.junit.platform.engine.support.hierarchical.NodeTestTask.executeRecursively(NodeTestTask.java:126)
	at org.junit.platform.engine.support.hierarchical.NodeTestTask.execute(NodeTestTask.java:84)
	at org.junit.platform.engine.support.hierarchical.SameThreadHierarchicalTestExecutorService.submit(SameThreadHierarchicalTestExecutorService.java:32)
	at org.junit.platform.engine.support.hierarchical.HierarchicalTestExecutor.execute(HierarchicalTestExecutor.java:57)
	at org.junit.platform.engine.support.hierarchical.HierarchicalTestEngine.execute(HierarchicalTestEngine.java:51)
	at org.junit.platform.launcher.core.EngineExecutionOrchestrator.execute(EngineExecutionOrchestrator.java:108)
	at org.junit.platform.launcher.core.EngineExecutionOrchestrator.execute(EngineExecutionOrchestrator.java:88)
	at org.junit.platform.launcher.core.EngineExecutionOrchestrator.lambda$execute$0(EngineExecutionOrchestrator.java:54)
	at org.junit.platform.launcher.core.EngineExecutionOrchestrator.withInterceptedStreams(EngineExecutionOrchestrator.java:67)
	at org.junit.platform.launcher.core.EngineExecutionOrchestrator.execute(EngineExecutionOrchestrator.java:52)
	at org.junit.platform.launcher.core.DefaultLauncher.execute(DefaultLauncher.java:96)
	at org.junit.platform.launcher.core.DefaultLauncher.execute(DefaultLauncher.java:75)
	at org.junit.platform.console.tasks.ConsoleTestExecutor.executeTests(ConsoleTestExecutor.java:66)
	at org.junit.platform.console.tasks.ConsoleTestExecutor.lambda$execute$0(ConsoleTestExecutor.java:58)
	at org.junit.platform.console.tasks.CustomContextClassLoaderExecutor.replaceThreadContextClassLoaderAndInvoke(CustomContextClassLoaderExecutor.java:41)
	at org.junit.platform.console.tasks.CustomContextClassLoaderExecutor.invoke(CustomContextClassLoaderExecutor.java:31)
	at org.junit.platform.console.tasks.ConsoleTestExecutor.execute(ConsoleTestExecutor.java:58)
	at org.junit.platform.console.ConsoleLauncher.executeTests(ConsoleLauncher.java:95)
	at org.junit.platform.console.ConsoleLauncher.execute(ConsoleLauncher.java:73)
	at org.junit.platform.console.ConsoleLauncher.execute(ConsoleLauncher.java:50)
	at org.junit.platform.console.ConsoleLauncher.execute(ConsoleLauncher.java:43)
	at org.junit.platform.console.ConsoleLauncher.main(ConsoleLauncher.java:37)
]]></skipped>
<system-out><![CDATA[
unique-id: [engine:junit-jupiter]/[class:minebayd1.test.TestUser]/[test-template:testget(minebayd1.User, minebayd1.AdState, java.util.Optional, int)]/[test-template-invocation:#22]
display-name: [22] Sonia a 47 annonces ouvertes, 2 annonces fermées et 2 achats 
, CLOSED, Optional[SHOES], 0
]]></system-out>
</testcase>
<testcase name="testget(User, AdState, Optional, int)[23]" classname="minebayd1.test.TestUser" time="0">
<skipped><![CDATA[org.opentest4j.TestAbortedException: Assumption failed: assumption is not true
	at org.junit.jupiter.api.Assumptions.throwTestAbortedException(Assumptions.java:256)
	at org.junit.jupiter.api.Assumptions.assumeTrue(Assumptions.java:115)
	at org.junit.jupiter.api.Assumptions.assumeTrue(Assumptions.java:66)
	at minebayd1.test.TestUser.testget(TestUser.java:961)
	at jdk.internal.reflect.GeneratedMethodAccessor6.invoke(Unknown Source)
	at java.base/jdk.internal.reflect.DelegatingMethodAccessorImpl.invoke(DelegatingMethodAccessorImpl.java:43)
	at java.base/java.lang.reflect.Method.invoke(Method.java:569)
	at org.junit.platform.commons.util.ReflectionUtils.invokeMethod(ReflectionUtils.java:688)
	at org.junit.jupiter.engine.execution.MethodInvocation.proceed(MethodInvocation.java:60)
	at org.junit.jupiter.engine.execution.InvocationInterceptorChain$ValidatingInvocation.proceed(InvocationInterceptorChain.java:131)
	at org.junit.jupiter.engine.extension.TimeoutExtension.intercept(TimeoutExtension.java:149)
	at org.junit.jupiter.engine.extension.TimeoutExtension.interceptTestableMethod(TimeoutExtension.java:140)
	at org.junit.jupiter.engine.extension.TimeoutExtension.interceptTestTemplateMethod(TimeoutExtension.java:92)
	at org.junit.jupiter.engine.execution.ExecutableInvoker$ReflectiveInterceptorCall.lambda$ofVoidMethod$0(ExecutableInvoker.java:115)
	at org.junit.jupiter.engine.execution.ExecutableInvoker.lambda$invoke$0(ExecutableInvoker.java:105)
	at org.junit.jupiter.engine.execution.InvocationInterceptorChain$InterceptedInvocation.proceed(InvocationInterceptorChain.java:106)
	at org.junit.jupiter.engine.execution.InvocationInterceptorChain.proceed(InvocationInterceptorChain.java:64)
	at org.junit.jupiter.engine.execution.InvocationInterceptorChain.chainAndInvoke(InvocationInterceptorChain.java:45)
	at org.junit.jupiter.engine.execution.InvocationInterceptorChain.invoke(InvocationInterceptorChain.java:37)
	at org.junit.jupiter.engine.execution.ExecutableInvoker.invoke(ExecutableInvoker.java:104)
	at org.junit.jupiter.engine.execution.ExecutableInvoker.invoke(ExecutableInvoker.java:98)
	at org.junit.jupiter.engine.descriptor.TestMethodTestDescriptor.lambda$invokeTestMethod$6(TestMethodTestDescriptor.java:210)
	at org.junit.platform.engine.support.hierarchical.ThrowableCollector.execute(ThrowableCollector.java:73)
	at org.junit.jupiter.engine.descriptor.TestMethodTestDescriptor.invokeTestMethod(TestMethodTestDescriptor.java:206)
	at org.junit.jupiter.engine.descriptor.TestMethodTestDescriptor.execute(TestMethodTestDescriptor.java:131)
	at org.junit.jupiter.engine.descriptor.TestMethodTestDescriptor.execute(TestMethodTestDescriptor.java:65)
	at org.junit.platform.engine.support.hierarchical.NodeTestTask.lambda$executeRecursively$5(NodeTestTask.java:139)
	at org.junit.platform.engine.support.hierarchical.ThrowableCollector.execute(ThrowableCollector.java:73)
	at org.junit.platform.engine.support.hierarchical.NodeTestTask.lambda$executeRecursively$7(NodeTestTask.java:129)
	at org.junit.platform.engine.support.hierarchical.Node.around(Node.java:137)
	at org.junit.platform.engine.support.hierarchical.NodeTestTask.lambda$executeRecursively$8(NodeTestTask.java:127)
	at org.junit.platform.engine.support.hierarchical.ThrowableCollector.execute(ThrowableCollector.java:73)
	at org.junit.platform.engine.support.hierarchical.NodeTestTask.executeRecursively(NodeTestTask.java:126)
	at org.junit.platform.engine.support.hierarchical.NodeTestTask.execute(NodeTestTask.java:84)
	at org.junit.platform.engine.support.hierarchical.SameThreadHierarchicalTestExecutorService.submit(SameThreadHierarchicalTestExecutorService.java:32)
	at org.junit.platform.engine.support.hierarchical.NodeTestTask$DefaultDynamicTestExecutor.execute(NodeTestTask.java:212)
	at org.junit.platform.engine.support.hierarchical.NodeTestTask$DefaultDynamicTestExecutor.execute(NodeTestTask.java:192)
	at org.junit.jupiter.engine.descriptor.TestTemplateTestDescriptor.execute(TestTemplateTestDescriptor.java:139)
	at org.junit.jupiter.engine.descriptor.TestTemplateTestDescriptor.lambda$execute$2(TestTemplateTestDescriptor.java:107)
	at java.base/java.util.stream.ForEachOps$ForEachOp$OfRef.accept(ForEachOps.java:183)
	at java.base/java.util.stream.ReferencePipeline$3$1.accept(ReferencePipeline.java:197)
	at java.base/java.util.stream.ReferencePipeline$2$1.accept(ReferencePipeline.java:179)
	at java.base/java.util.stream.ReferencePipeline$3$1.accept(ReferencePipeline.java:197)
	at java.base/java.util.stream.ForEachOps$ForEachOp$OfRef.accept(ForEachOps.java:183)
	at java.base/java.util.stream.ReferencePipeline$15$1.accept(ReferencePipeline.java:541)
	at java.base/java.util.stream.ReferencePipeline$3$1.accept(ReferencePipeline.java:197)
	at java.base/java.util.stream.ReferencePipeline$3$1.accept(ReferencePipeline.java:197)
	at java.base/java.util.stream.ReferencePipeline$3$1.accept(ReferencePipeline.java:197)
	at java.base/java.util.stream.ForEachOps$ForEachOp$OfRef.accept(ForEachOps.java:183)
	at java.base/java.util.stream.ReferencePipeline$3$1.accept(ReferencePipeline.java:197)
	at java.base/java.util.stream.ForEachOps$ForEachOp$OfRef.accept(ForEachOps.java:183)
	at java.base/java.util.stream.SliceOps$1$1.accept(SliceOps.java:200)
	at java.base/java.util.stream.StreamSpliterators$InfiniteSupplyingSpliterator$OfRef.tryAdvance(StreamSpliterators.java:1358)
	at java.base/java.util.stream.ReferencePipeline.forEachWithCancel(ReferencePipeline.java:129)
	at java.base/java.util.stream.AbstractPipeline.copyIntoWithCancel(AbstractPipeline.java:527)
	at java.base/java.util.stream.AbstractPipeline.copyInto(AbstractPipeline.java:513)
	at java.base/java.util.stream.AbstractPipeline.wrapAndCopyInto(AbstractPipeline.java:499)
	at java.base/java.util.stream.ForEachOps$ForEachOp.evaluateSequential(ForEachOps.java:150)
	at java.base/java.util.stream.ForEachOps$ForEachOp$OfRef.evaluateSequential(ForEachOps.java:173)
	at java.base/java.util.stream.AbstractPipeline.evaluate(AbstractPipeline.java:234)
	at java.base/java.util.stream.ReferencePipeline.forEach(ReferencePipeline.java:596)
	at java.base/java.util.stream.ReferencePipeline$7$1.accept(ReferencePipeline.java:276)
	at java.base/java.util.stream.ReferencePipeline$3$1.accept(ReferencePipeline.java:197)
	at java.base/java.util.stream.ReferencePipeline$3$1.accept(ReferencePipeline.java:197)
	at java.base/java.util.Spliterators$ArraySpliterator.forEachRemaining(Spliterators.java:992)
	at java.base/java.util.stream.AbstractPipeline.copyInto(AbstractPipeline.java:509)
	at java.base/java.util.stream.AbstractPipeline.wrapAndCopyInto(AbstractPipeline.java:499)
	at java.base/java.util.stream.ForEachOps$ForEachOp.evaluateSequential(ForEachOps.java:150)
	at java.base/java.util.stream.ForEachOps$ForEachOp$OfRef.evaluateSequential(ForEachOps.java:173)
	at java.base/java.util.stream.AbstractPipeline.evaluate(AbstractPipeline.java:234)
	at java.base/java.util.stream.ReferencePipeline.forEach(ReferencePipeline.java:596)
	at java.base/java.util.stream.ReferencePipeline$7$1.accept(ReferencePipeline.java:276)
	at java.base/java.util.stream.ReferencePipeline$3$1.accept(ReferencePipeline.java:197)
	at java.base/java.util.stream.ReferencePipeline$3$1.accept(ReferencePipeline.java:197)
	at java.base/java.util.stream.ReferencePipeline$3$1.accept(ReferencePipeline.java:197)
	at java.base/java.util.ArrayList$ArrayListSpliterator.forEachRemaining(ArrayList.java:1625)
	at java.base/java.util.stream.AbstractPipeline.copyInto(AbstractPipeline.java:509)
	at java.base/java.util.stream.AbstractPipeline.wrapAndCopyInto(AbstractPipeline.java:499)
	at java.base/java.util.stream.ForEachOps$ForEachOp.evaluateSequential(ForEachOps.java:150)
	at java.base/java.util.stream.ForEachOps$ForEachOp$OfRef.evaluateSequential(ForEachOps.java:173)
	at java.base/java.util.stream.AbstractPipeline.evaluate(AbstractPipeline.java:234)
	at java.base/java.util.stream.ReferencePipeline.forEach(ReferencePipeline.java:596)
	at java.base/java.util.stream.ReferencePipeline$7$1.accept(ReferencePipeline.java:276)
	at java.base/java.util.ArrayList$ArrayListSpliterator.forEachRemaining(ArrayList.java:1625)
	at java.base/java.util.stream.AbstractPipeline.copyInto(AbstractPipeline.java:509)
	at java.base/java.util.stream.AbstractPipeline.wrapAndCopyInto(AbstractPipeline.java:499)
	at java.base/java.util.stream.ForEachOps$ForEachOp.evaluateSequential(ForEachOps.java:150)
	at java.base/java.util.stream.ForEachOps$ForEachOp$OfRef.evaluateSequential(ForEachOps.java:173)
	at java.base/java.util.stream.AbstractPipeline.evaluate(AbstractPipeline.java:234)
	at java.base/java.util.stream.ReferencePipeline.forEach(ReferencePipeline.java:596)
	at org.junit.jupiter.engine.descriptor.TestTemplateTestDescriptor.execute(TestTemplateTestDescriptor.java:107)
	at org.junit.jupiter.engine.descriptor.TestTemplateTestDescriptor.execute(TestTemplateTestDescriptor.java:42)
	at org.junit.platform.engine.support.hierarchical.NodeTestTask.lambda$executeRecursively$5(NodeTestTask.java:139)
	at org.junit.platform.engine.support.hierarchical.ThrowableCollector.execute(ThrowableCollector.java:73)
	at org.junit.platform.engine.support.hierarchical.NodeTestTask.lambda$executeRecursively$7(NodeTestTask.java:129)
	at org.junit.platform.engine.support.hierarchical.Node.around(Node.java:137)
	at org.junit.platform.engine.support.hierarchical.NodeTestTask.lambda$executeRecursively$8(NodeTestTask.java:127)
	at org.junit.platform.engine.support.hierarchical.ThrowableCollector.execute(ThrowableCollector.java:73)
	at org.junit.platform.engine.support.hierarchical.NodeTestTask.executeRecursively(NodeTestTask.java:126)
	at org.junit.platform.engine.support.hierarchical.NodeTestTask.execute(NodeTestTask.java:84)
	at java.base/java.util.ArrayList.forEach(ArrayList.java:1511)
	at org.junit.platform.engine.support.hierarchical.SameThreadHierarchicalTestExecutorService.invokeAll(SameThreadHierarchicalTestExecutorService.java:38)
	at org.junit.platform.engine.support.hierarchical.NodeTestTask.lambda$executeRecursively$5(NodeTestTask.java:143)
	at org.junit.platform.engine.support.hierarchical.ThrowableCollector.execute(ThrowableCollector.java:73)
	at org.junit.platform.engine.support.hierarchical.NodeTestTask.lambda$executeRecursively$7(NodeTestTask.java:129)
	at org.junit.platform.engine.support.hierarchical.Node.around(Node.java:137)
	at org.junit.platform.engine.support.hierarchical.NodeTestTask.lambda$executeRecursively$8(NodeTestTask.java:127)
	at org.junit.platform.engine.support.hierarchical.ThrowableCollector.execute(ThrowableCollector.java:73)
	at org.junit.platform.engine.support.hierarchical.NodeTestTask.executeRecursively(NodeTestTask.java:126)
	at org.junit.platform.engine.support.hierarchical.NodeTestTask.execute(NodeTestTask.java:84)
	at java.base/java.util.ArrayList.forEach(ArrayList.java:1511)
	at org.junit.platform.engine.support.hierarchical.SameThreadHierarchicalTestExecutorService.invokeAll(SameThreadHierarchicalTestExecutorService.java:38)
	at org.junit.platform.engine.support.hierarchical.NodeTestTask.lambda$executeRecursively$5(NodeTestTask.java:143)
	at org.junit.platform.engine.support.hierarchical.ThrowableCollector.execute(ThrowableCollector.java:73)
	at org.junit.platform.engine.support.hierarchical.NodeTestTask.lambda$executeRecursively$7(NodeTestTask.java:129)
	at org.junit.platform.engine.support.hierarchical.Node.around(Node.java:137)
	at org.junit.platform.engine.support.hierarchical.NodeTestTask.lambda$executeRecursively$8(NodeTestTask.java:127)
	at org.junit.platform.engine.support.hierarchical.ThrowableCollector.execute(ThrowableCollector.java:73)
	at org.junit.platform.engine.support.hierarchical.NodeTestTask.executeRecursively(NodeTestTask.java:126)
	at org.junit.platform.engine.support.hierarchical.NodeTestTask.execute(NodeTestTask.java:84)
	at org.junit.platform.engine.support.hierarchical.SameThreadHierarchicalTestExecutorService.submit(SameThreadHierarchicalTestExecutorService.java:32)
	at org.junit.platform.engine.support.hierarchical.HierarchicalTestExecutor.execute(HierarchicalTestExecutor.java:57)
	at org.junit.platform.engine.support.hierarchical.HierarchicalTestEngine.execute(HierarchicalTestEngine.java:51)
	at org.junit.platform.launcher.core.EngineExecutionOrchestrator.execute(EngineExecutionOrchestrator.java:108)
	at org.junit.platform.launcher.core.EngineExecutionOrchestrator.execute(EngineExecutionOrchestrator.java:88)
	at org.junit.platform.launcher.core.EngineExecutionOrchestrator.lambda$execute$0(EngineExecutionOrchestrator.java:54)
	at org.junit.platform.launcher.core.EngineExecutionOrchestrator.withInterceptedStreams(EngineExecutionOrchestrator.java:67)
	at org.junit.platform.launcher.core.EngineExecutionOrchestrator.execute(EngineExecutionOrchestrator.java:52)
	at org.junit.platform.launcher.core.DefaultLauncher.execute(DefaultLauncher.java:96)
	at org.junit.platform.launcher.core.DefaultLauncher.execute(DefaultLauncher.java:75)
	at org.junit.platform.console.tasks.ConsoleTestExecutor.executeTests(ConsoleTestExecutor.java:66)
	at org.junit.platform.console.tasks.ConsoleTestExecutor.lambda$execute$0(ConsoleTestExecutor.java:58)
	at org.junit.platform.console.tasks.CustomContextClassLoaderExecutor.replaceThreadContextClassLoaderAndInvoke(CustomContextClassLoaderExecutor.java:41)
	at org.junit.platform.console.tasks.CustomContextClassLoaderExecutor.invoke(CustomContextClassLoaderExecutor.java:31)
	at org.junit.platform.console.tasks.ConsoleTestExecutor.execute(ConsoleTestExecutor.java:58)
	at org.junit.platform.console.ConsoleLauncher.executeTests(ConsoleLauncher.java:95)
	at org.junit.platform.console.ConsoleLauncher.execute(ConsoleLauncher.java:73)
	at org.junit.platform.console.ConsoleLauncher.execute(ConsoleLauncher.java:50)
	at org.junit.platform.console.ConsoleLauncher.execute(ConsoleLauncher.java:43)
	at org.junit.platform.console.ConsoleLauncher.main(ConsoleLauncher.java:37)
]]></skipped>
<system-out><![CDATA[
unique-id: [engine:junit-jupiter]/[class:minebayd1.test.TestUser]/[test-template:testget(minebayd1.User, minebayd1.AdState, java.util.Optional, int)]/[test-template-invocation:#23]
display-name: [23] Lyes a 65 annonces ouvertes, 1 annonces fermées et 3 achats 
, PURCHASE, Optional[CLOTHES], 0
]]></system-out>
</testcase>
<testcase name="testget(User, AdState, Optional, int)[24]" classname="minebayd1.test.TestUser" time="0">
<skipped><![CDATA[org.opentest4j.TestAbortedException: Assumption failed: assumption is not true
	at org.junit.jupiter.api.Assumptions.throwTestAbortedException(Assumptions.java:256)
	at org.junit.jupiter.api.Assumptions.assumeTrue(Assumptions.java:115)
	at org.junit.jupiter.api.Assumptions.assumeTrue(Assumptions.java:66)
	at minebayd1.test.TestUser.testget(TestUser.java:961)
	at jdk.internal.reflect.GeneratedMethodAccessor6.invoke(Unknown Source)
	at java.base/jdk.internal.reflect.DelegatingMethodAccessorImpl.invoke(DelegatingMethodAccessorImpl.java:43)
	at java.base/java.lang.reflect.Method.invoke(Method.java:569)
	at org.junit.platform.commons.util.ReflectionUtils.invokeMethod(ReflectionUtils.java:688)
	at org.junit.jupiter.engine.execution.MethodInvocation.proceed(MethodInvocation.java:60)
	at org.junit.jupiter.engine.execution.InvocationInterceptorChain$ValidatingInvocation.proceed(InvocationInterceptorChain.java:131)
	at org.junit.jupiter.engine.extension.TimeoutExtension.intercept(TimeoutExtension.java:149)
	at org.junit.jupiter.engine.extension.TimeoutExtension.interceptTestableMethod(TimeoutExtension.java:140)
	at org.junit.jupiter.engine.extension.TimeoutExtension.interceptTestTemplateMethod(TimeoutExtension.java:92)
	at org.junit.jupiter.engine.execution.ExecutableInvoker$ReflectiveInterceptorCall.lambda$ofVoidMethod$0(ExecutableInvoker.java:115)
	at org.junit.jupiter.engine.execution.ExecutableInvoker.lambda$invoke$0(ExecutableInvoker.java:105)
	at org.junit.jupiter.engine.execution.InvocationInterceptorChain$InterceptedInvocation.proceed(InvocationInterceptorChain.java:106)
	at org.junit.jupiter.engine.execution.InvocationInterceptorChain.proceed(InvocationInterceptorChain.java:64)
	at org.junit.jupiter.engine.execution.InvocationInterceptorChain.chainAndInvoke(InvocationInterceptorChain.java:45)
	at org.junit.jupiter.engine.execution.InvocationInterceptorChain.invoke(InvocationInterceptorChain.java:37)
	at org.junit.jupiter.engine.execution.ExecutableInvoker.invoke(ExecutableInvoker.java:104)
	at org.junit.jupiter.engine.execution.ExecutableInvoker.invoke(ExecutableInvoker.java:98)
	at org.junit.jupiter.engine.descriptor.TestMethodTestDescriptor.lambda$invokeTestMethod$6(TestMethodTestDescriptor.java:210)
	at org.junit.platform.engine.support.hierarchical.ThrowableCollector.execute(ThrowableCollector.java:73)
	at org.junit.jupiter.engine.descriptor.TestMethodTestDescriptor.invokeTestMethod(TestMethodTestDescriptor.java:206)
	at org.junit.jupiter.engine.descriptor.TestMethodTestDescriptor.execute(TestMethodTestDescriptor.java:131)
	at org.junit.jupiter.engine.descriptor.TestMethodTestDescriptor.execute(TestMethodTestDescriptor.java:65)
	at org.junit.platform.engine.support.hierarchical.NodeTestTask.lambda$executeRecursively$5(NodeTestTask.java:139)
	at org.junit.platform.engine.support.hierarchical.ThrowableCollector.execute(ThrowableCollector.java:73)
	at org.junit.platform.engine.support.hierarchical.NodeTestTask.lambda$executeRecursively$7(NodeTestTask.java:129)
	at org.junit.platform.engine.support.hierarchical.Node.around(Node.java:137)
	at org.junit.platform.engine.support.hierarchical.NodeTestTask.lambda$executeRecursively$8(NodeTestTask.java:127)
	at org.junit.platform.engine.support.hierarchical.ThrowableCollector.execute(ThrowableCollector.java:73)
	at org.junit.platform.engine.support.hierarchical.NodeTestTask.executeRecursively(NodeTestTask.java:126)
	at org.junit.platform.engine.support.hierarchical.NodeTestTask.execute(NodeTestTask.java:84)
	at org.junit.platform.engine.support.hierarchical.SameThreadHierarchicalTestExecutorService.submit(SameThreadHierarchicalTestExecutorService.java:32)
	at org.junit.platform.engine.support.hierarchical.NodeTestTask$DefaultDynamicTestExecutor.execute(NodeTestTask.java:212)
	at org.junit.platform.engine.support.hierarchical.NodeTestTask$DefaultDynamicTestExecutor.execute(NodeTestTask.java:192)
	at org.junit.jupiter.engine.descriptor.TestTemplateTestDescriptor.execute(TestTemplateTestDescriptor.java:139)
	at org.junit.jupiter.engine.descriptor.TestTemplateTestDescriptor.lambda$execute$2(TestTemplateTestDescriptor.java:107)
	at java.base/java.util.stream.ForEachOps$ForEachOp$OfRef.accept(ForEachOps.java:183)
	at java.base/java.util.stream.ReferencePipeline$3$1.accept(ReferencePipeline.java:197)
	at java.base/java.util.stream.ReferencePipeline$2$1.accept(ReferencePipeline.java:179)
	at java.base/java.util.stream.ReferencePipeline$3$1.accept(ReferencePipeline.java:197)
	at java.base/java.util.stream.ForEachOps$ForEachOp$OfRef.accept(ForEachOps.java:183)
	at java.base/java.util.stream.ReferencePipeline$15$1.accept(ReferencePipeline.java:541)
	at java.base/java.util.stream.ReferencePipeline$3$1.accept(ReferencePipeline.java:197)
	at java.base/java.util.stream.ReferencePipeline$3$1.accept(ReferencePipeline.java:197)
	at java.base/java.util.stream.ReferencePipeline$3$1.accept(ReferencePipeline.java:197)
	at java.base/java.util.stream.ForEachOps$ForEachOp$OfRef.accept(ForEachOps.java:183)
	at java.base/java.util.stream.ReferencePipeline$3$1.accept(ReferencePipeline.java:197)
	at java.base/java.util.stream.ForEachOps$ForEachOp$OfRef.accept(ForEachOps.java:183)
	at java.base/java.util.stream.SliceOps$1$1.accept(SliceOps.java:200)
	at java.base/java.util.stream.StreamSpliterators$InfiniteSupplyingSpliterator$OfRef.tryAdvance(StreamSpliterators.java:1358)
	at java.base/java.util.stream.ReferencePipeline.forEachWithCancel(ReferencePipeline.java:129)
	at java.base/java.util.stream.AbstractPipeline.copyIntoWithCancel(AbstractPipeline.java:527)
	at java.base/java.util.stream.AbstractPipeline.copyInto(AbstractPipeline.java:513)
	at java.base/java.util.stream.AbstractPipeline.wrapAndCopyInto(AbstractPipeline.java:499)
	at java.base/java.util.stream.ForEachOps$ForEachOp.evaluateSequential(ForEachOps.java:150)
	at java.base/java.util.stream.ForEachOps$ForEachOp$OfRef.evaluateSequential(ForEachOps.java:173)
	at java.base/java.util.stream.AbstractPipeline.evaluate(AbstractPipeline.java:234)
	at java.base/java.util.stream.ReferencePipeline.forEach(ReferencePipeline.java:596)
	at java.base/java.util.stream.ReferencePipeline$7$1.accept(ReferencePipeline.java:276)
	at java.base/java.util.stream.ReferencePipeline$3$1.accept(ReferencePipeline.java:197)
	at java.base/java.util.stream.ReferencePipeline$3$1.accept(ReferencePipeline.java:197)
	at java.base/java.util.Spliterators$ArraySpliterator.forEachRemaining(Spliterators.java:992)
	at java.base/java.util.stream.AbstractPipeline.copyInto(AbstractPipeline.java:509)
	at java.base/java.util.stream.AbstractPipeline.wrapAndCopyInto(AbstractPipeline.java:499)
	at java.base/java.util.stream.ForEachOps$ForEachOp.evaluateSequential(ForEachOps.java:150)
	at java.base/java.util.stream.ForEachOps$ForEachOp$OfRef.evaluateSequential(ForEachOps.java:173)
	at java.base/java.util.stream.AbstractPipeline.evaluate(AbstractPipeline.java:234)
	at java.base/java.util.stream.ReferencePipeline.forEach(ReferencePipeline.java:596)
	at java.base/java.util.stream.ReferencePipeline$7$1.accept(ReferencePipeline.java:276)
	at java.base/java.util.stream.ReferencePipeline$3$1.accept(ReferencePipeline.java:197)
	at java.base/java.util.stream.ReferencePipeline$3$1.accept(ReferencePipeline.java:197)
	at java.base/java.util.stream.ReferencePipeline$3$1.accept(ReferencePipeline.java:197)
	at java.base/java.util.ArrayList$ArrayListSpliterator.forEachRemaining(ArrayList.java:1625)
	at java.base/java.util.stream.AbstractPipeline.copyInto(AbstractPipeline.java:509)
	at java.base/java.util.stream.AbstractPipeline.wrapAndCopyInto(AbstractPipeline.java:499)
	at java.base/java.util.stream.ForEachOps$ForEachOp.evaluateSequential(ForEachOps.java:150)
	at java.base/java.util.stream.ForEachOps$ForEachOp$OfRef.evaluateSequential(ForEachOps.java:173)
	at java.base/java.util.stream.AbstractPipeline.evaluate(AbstractPipeline.java:234)
	at java.base/java.util.stream.ReferencePipeline.forEach(ReferencePipeline.java:596)
	at java.base/java.util.stream.ReferencePipeline$7$1.accept(ReferencePipeline.java:276)
	at java.base/java.util.ArrayList$ArrayListSpliterator.forEachRemaining(ArrayList.java:1625)
	at java.base/java.util.stream.AbstractPipeline.copyInto(AbstractPipeline.java:509)
	at java.base/java.util.stream.AbstractPipeline.wrapAndCopyInto(AbstractPipeline.java:499)
	at java.base/java.util.stream.ForEachOps$ForEachOp.evaluateSequential(ForEachOps.java:150)
	at java.base/java.util.stream.ForEachOps$ForEachOp$OfRef.evaluateSequential(ForEachOps.java:173)
	at java.base/java.util.stream.AbstractPipeline.evaluate(AbstractPipeline.java:234)
	at java.base/java.util.stream.ReferencePipeline.forEach(ReferencePipeline.java:596)
	at org.junit.jupiter.engine.descriptor.TestTemplateTestDescriptor.execute(TestTemplateTestDescriptor.java:107)
	at org.junit.jupiter.engine.descriptor.TestTemplateTestDescriptor.execute(TestTemplateTestDescriptor.java:42)
	at org.junit.platform.engine.support.hierarchical.NodeTestTask.lambda$executeRecursively$5(NodeTestTask.java:139)
	at org.junit.platform.engine.support.hierarchical.ThrowableCollector.execute(ThrowableCollector.java:73)
	at org.junit.platform.engine.support.hierarchical.NodeTestTask.lambda$executeRecursively$7(NodeTestTask.java:129)
	at org.junit.platform.engine.support.hierarchical.Node.around(Node.java:137)
	at org.junit.platform.engine.support.hierarchical.NodeTestTask.lambda$executeRecursively$8(NodeTestTask.java:127)
	at org.junit.platform.engine.support.hierarchical.ThrowableCollector.execute(ThrowableCollector.java:73)
	at org.junit.platform.engine.support.hierarchical.NodeTestTask.executeRecursively(NodeTestTask.java:126)
	at org.junit.platform.engine.support.hierarchical.NodeTestTask.execute(NodeTestTask.java:84)
	at java.base/java.util.ArrayList.forEach(ArrayList.java:1511)
	at org.junit.platform.engine.support.hierarchical.SameThreadHierarchicalTestExecutorService.invokeAll(SameThreadHierarchicalTestExecutorService.java:38)
	at org.junit.platform.engine.support.hierarchical.NodeTestTask.lambda$executeRecursively$5(NodeTestTask.java:143)
	at org.junit.platform.engine.support.hierarchical.ThrowableCollector.execute(ThrowableCollector.java:73)
	at org.junit.platform.engine.support.hierarchical.NodeTestTask.lambda$executeRecursively$7(NodeTestTask.java:129)
	at org.junit.platform.engine.support.hierarchical.Node.around(Node.java:137)
	at org.junit.platform.engine.support.hierarchical.NodeTestTask.lambda$executeRecursively$8(NodeTestTask.java:127)
	at org.junit.platform.engine.support.hierarchical.ThrowableCollector.execute(ThrowableCollector.java:73)
	at org.junit.platform.engine.support.hierarchical.NodeTestTask.executeRecursively(NodeTestTask.java:126)
	at org.junit.platform.engine.support.hierarchical.NodeTestTask.execute(NodeTestTask.java:84)
	at java.base/java.util.ArrayList.forEach(ArrayList.java:1511)
	at org.junit.platform.engine.support.hierarchical.SameThreadHierarchicalTestExecutorService.invokeAll(SameThreadHierarchicalTestExecutorService.java:38)
	at org.junit.platform.engine.support.hierarchical.NodeTestTask.lambda$executeRecursively$5(NodeTestTask.java:143)
	at org.junit.platform.engine.support.hierarchical.ThrowableCollector.execute(ThrowableCollector.java:73)
	at org.junit.platform.engine.support.hierarchical.NodeTestTask.lambda$executeRecursively$7(NodeTestTask.java:129)
	at org.junit.platform.engine.support.hierarchical.Node.around(Node.java:137)
	at org.junit.platform.engine.support.hierarchical.NodeTestTask.lambda$executeRecursively$8(NodeTestTask.java:127)
	at org.junit.platform.engine.support.hierarchical.ThrowableCollector.execute(ThrowableCollector.java:73)
	at org.junit.platform.engine.support.hierarchical.NodeTestTask.executeRecursively(NodeTestTask.java:126)
	at org.junit.platform.engine.support.hierarchical.NodeTestTask.execute(NodeTestTask.java:84)
	at org.junit.platform.engine.support.hierarchical.SameThreadHierarchicalTestExecutorService.submit(SameThreadHierarchicalTestExecutorService.java:32)
	at org.junit.platform.engine.support.hierarchical.HierarchicalTestExecutor.execute(HierarchicalTestExecutor.java:57)
	at org.junit.platform.engine.support.hierarchical.HierarchicalTestEngine.execute(HierarchicalTestEngine.java:51)
	at org.junit.platform.launcher.core.EngineExecutionOrchestrator.execute(EngineExecutionOrchestrator.java:108)
	at org.junit.platform.launcher.core.EngineExecutionOrchestrator.execute(EngineExecutionOrchestrator.java:88)
	at org.junit.platform.launcher.core.EngineExecutionOrchestrator.lambda$execute$0(EngineExecutionOrchestrator.java:54)
	at org.junit.platform.launcher.core.EngineExecutionOrchestrator.withInterceptedStreams(EngineExecutionOrchestrator.java:67)
	at org.junit.platform.launcher.core.EngineExecutionOrchestrator.execute(EngineExecutionOrchestrator.java:52)
	at org.junit.platform.launcher.core.DefaultLauncher.execute(DefaultLauncher.java:96)
	at org.junit.platform.launcher.core.DefaultLauncher.execute(DefaultLauncher.java:75)
	at org.junit.platform.console.tasks.ConsoleTestExecutor.executeTests(ConsoleTestExecutor.java:66)
	at org.junit.platform.console.tasks.ConsoleTestExecutor.lambda$execute$0(ConsoleTestExecutor.java:58)
	at org.junit.platform.console.tasks.CustomContextClassLoaderExecutor.replaceThreadContextClassLoaderAndInvoke(CustomContextClassLoaderExecutor.java:41)
	at org.junit.platform.console.tasks.CustomContextClassLoaderExecutor.invoke(CustomContextClassLoaderExecutor.java:31)
	at org.junit.platform.console.tasks.ConsoleTestExecutor.execute(ConsoleTestExecutor.java:58)
	at org.junit.platform.console.ConsoleLauncher.executeTests(ConsoleLauncher.java:95)
	at org.junit.platform.console.ConsoleLauncher.execute(ConsoleLauncher.java:73)
	at org.junit.platform.console.ConsoleLauncher.execute(ConsoleLauncher.java:50)
	at org.junit.platform.console.ConsoleLauncher.execute(ConsoleLauncher.java:43)
	at org.junit.platform.console.ConsoleLauncher.main(ConsoleLauncher.java:37)
]]></skipped>
<system-out><![CDATA[
unique-id: [engine:junit-jupiter]/[class:minebayd1.test.TestUser]/[test-template:testget(minebayd1.User, minebayd1.AdState, java.util.Optional, int)]/[test-template-invocation:#24]
display-name: [24] Rosa a 40 annonces ouvertes, 4 annonces fermées et 2 achats 
, PURCHASE, Optional[COMPUTERS], 0
]]></system-out>
</testcase>
<testcase name="testget(User, AdState, Optional, int)[25]" classname="minebayd1.test.TestUser" time="0.001">
<system-out><![CDATA[
unique-id: [engine:junit-jupiter]/[class:minebayd1.test.TestUser]/[test-template:testget(minebayd1.User, minebayd1.AdState, java.util.Optional, int)]/[test-template-invocation:#25]
display-name: [25] Nima a 50 annonces ouvertes, 1 annonces fermées et 4 achats 
, OPEN, Optional[CLOTHES], 13
]]></system-out>
</testcase>
<testcase name="testget(User, AdState, Optional, int)[26]" classname="minebayd1.test.TestUser" time="0.001">
<system-out><![CDATA[
unique-id: [engine:junit-jupiter]/[class:minebayd1.test.TestUser]/[test-template:testget(minebayd1.User, minebayd1.AdState, java.util.Optional, int)]/[test-template-invocation:#26]
display-name: [26] Ziad a 48 annonces ouvertes, 4 annonces fermées et 2 achats 
, OPEN, Optional[BOOKS], 3
]]></system-out>
</testcase>
<testcase name="testget(User, AdState, Optional, int)[27]" classname="minebayd1.test.TestUser" time="0">
<skipped><![CDATA[org.opentest4j.TestAbortedException: Assumption failed: assumption is not true
	at org.junit.jupiter.api.Assumptions.throwTestAbortedException(Assumptions.java:256)
	at org.junit.jupiter.api.Assumptions.assumeTrue(Assumptions.java:115)
	at org.junit.jupiter.api.Assumptions.assumeTrue(Assumptions.java:66)
	at minebayd1.test.TestUser.testget(TestUser.java:961)
	at jdk.internal.reflect.GeneratedMethodAccessor6.invoke(Unknown Source)
	at java.base/jdk.internal.reflect.DelegatingMethodAccessorImpl.invoke(DelegatingMethodAccessorImpl.java:43)
	at java.base/java.lang.reflect.Method.invoke(Method.java:569)
	at org.junit.platform.commons.util.ReflectionUtils.invokeMethod(ReflectionUtils.java:688)
	at org.junit.jupiter.engine.execution.MethodInvocation.proceed(MethodInvocation.java:60)
	at org.junit.jupiter.engine.execution.InvocationInterceptorChain$ValidatingInvocation.proceed(InvocationInterceptorChain.java:131)
	at org.junit.jupiter.engine.extension.TimeoutExtension.intercept(TimeoutExtension.java:149)
	at org.junit.jupiter.engine.extension.TimeoutExtension.interceptTestableMethod(TimeoutExtension.java:140)
	at org.junit.jupiter.engine.extension.TimeoutExtension.interceptTestTemplateMethod(TimeoutExtension.java:92)
	at org.junit.jupiter.engine.execution.ExecutableInvoker$ReflectiveInterceptorCall.lambda$ofVoidMethod$0(ExecutableInvoker.java:115)
	at org.junit.jupiter.engine.execution.ExecutableInvoker.lambda$invoke$0(ExecutableInvoker.java:105)
	at org.junit.jupiter.engine.execution.InvocationInterceptorChain$InterceptedInvocation.proceed(InvocationInterceptorChain.java:106)
	at org.junit.jupiter.engine.execution.InvocationInterceptorChain.proceed(InvocationInterceptorChain.java:64)
	at org.junit.jupiter.engine.execution.InvocationInterceptorChain.chainAndInvoke(InvocationInterceptorChain.java:45)
	at org.junit.jupiter.engine.execution.InvocationInterceptorChain.invoke(InvocationInterceptorChain.java:37)
	at org.junit.jupiter.engine.execution.ExecutableInvoker.invoke(ExecutableInvoker.java:104)
	at org.junit.jupiter.engine.execution.ExecutableInvoker.invoke(ExecutableInvoker.java:98)
	at org.junit.jupiter.engine.descriptor.TestMethodTestDescriptor.lambda$invokeTestMethod$6(TestMethodTestDescriptor.java:210)
	at org.junit.platform.engine.support.hierarchical.ThrowableCollector.execute(ThrowableCollector.java:73)
	at org.junit.jupiter.engine.descriptor.TestMethodTestDescriptor.invokeTestMethod(TestMethodTestDescriptor.java:206)
	at org.junit.jupiter.engine.descriptor.TestMethodTestDescriptor.execute(TestMethodTestDescriptor.java:131)
	at org.junit.jupiter.engine.descriptor.TestMethodTestDescriptor.execute(TestMethodTestDescriptor.java:65)
	at org.junit.platform.engine.support.hierarchical.NodeTestTask.lambda$executeRecursively$5(NodeTestTask.java:139)
	at org.junit.platform.engine.support.hierarchical.ThrowableCollector.execute(ThrowableCollector.java:73)
	at org.junit.platform.engine.support.hierarchical.NodeTestTask.lambda$executeRecursively$7(NodeTestTask.java:129)
	at org.junit.platform.engine.support.hierarchical.Node.around(Node.java:137)
	at org.junit.platform.engine.support.hierarchical.NodeTestTask.lambda$executeRecursively$8(NodeTestTask.java:127)
	at org.junit.platform.engine.support.hierarchical.ThrowableCollector.execute(ThrowableCollector.java:73)
	at org.junit.platform.engine.support.hierarchical.NodeTestTask.executeRecursively(NodeTestTask.java:126)
	at org.junit.platform.engine.support.hierarchical.NodeTestTask.execute(NodeTestTask.java:84)
	at org.junit.platform.engine.support.hierarchical.SameThreadHierarchicalTestExecutorService.submit(SameThreadHierarchicalTestExecutorService.java:32)
	at org.junit.platform.engine.support.hierarchical.NodeTestTask$DefaultDynamicTestExecutor.execute(NodeTestTask.java:212)
	at org.junit.platform.engine.support.hierarchical.NodeTestTask$DefaultDynamicTestExecutor.execute(NodeTestTask.java:192)
	at org.junit.jupiter.engine.descriptor.TestTemplateTestDescriptor.execute(TestTemplateTestDescriptor.java:139)
	at org.junit.jupiter.engine.descriptor.TestTemplateTestDescriptor.lambda$execute$2(TestTemplateTestDescriptor.java:107)
	at java.base/java.util.stream.ForEachOps$ForEachOp$OfRef.accept(ForEachOps.java:183)
	at java.base/java.util.stream.ReferencePipeline$3$1.accept(ReferencePipeline.java:197)
	at java.base/java.util.stream.ReferencePipeline$2$1.accept(ReferencePipeline.java:179)
	at java.base/java.util.stream.ReferencePipeline$3$1.accept(ReferencePipeline.java:197)
	at java.base/java.util.stream.ForEachOps$ForEachOp$OfRef.accept(ForEachOps.java:183)
	at java.base/java.util.stream.ReferencePipeline$15$1.accept(ReferencePipeline.java:541)
	at java.base/java.util.stream.ReferencePipeline$3$1.accept(ReferencePipeline.java:197)
	at java.base/java.util.stream.ReferencePipeline$3$1.accept(ReferencePipeline.java:197)
	at java.base/java.util.stream.ReferencePipeline$3$1.accept(ReferencePipeline.java:197)
	at java.base/java.util.stream.ForEachOps$ForEachOp$OfRef.accept(ForEachOps.java:183)
	at java.base/java.util.stream.ReferencePipeline$3$1.accept(ReferencePipeline.java:197)
	at java.base/java.util.stream.ForEachOps$ForEachOp$OfRef.accept(ForEachOps.java:183)
	at java.base/java.util.stream.SliceOps$1$1.accept(SliceOps.java:200)
	at java.base/java.util.stream.StreamSpliterators$InfiniteSupplyingSpliterator$OfRef.tryAdvance(StreamSpliterators.java:1358)
	at java.base/java.util.stream.ReferencePipeline.forEachWithCancel(ReferencePipeline.java:129)
	at java.base/java.util.stream.AbstractPipeline.copyIntoWithCancel(AbstractPipeline.java:527)
	at java.base/java.util.stream.AbstractPipeline.copyInto(AbstractPipeline.java:513)
	at java.base/java.util.stream.AbstractPipeline.wrapAndCopyInto(AbstractPipeline.java:499)
	at java.base/java.util.stream.ForEachOps$ForEachOp.evaluateSequential(ForEachOps.java:150)
	at java.base/java.util.stream.ForEachOps$ForEachOp$OfRef.evaluateSequential(ForEachOps.java:173)
	at java.base/java.util.stream.AbstractPipeline.evaluate(AbstractPipeline.java:234)
	at java.base/java.util.stream.ReferencePipeline.forEach(ReferencePipeline.java:596)
	at java.base/java.util.stream.ReferencePipeline$7$1.accept(ReferencePipeline.java:276)
	at java.base/java.util.stream.ReferencePipeline$3$1.accept(ReferencePipeline.java:197)
	at java.base/java.util.stream.ReferencePipeline$3$1.accept(ReferencePipeline.java:197)
	at java.base/java.util.Spliterators$ArraySpliterator.forEachRemaining(Spliterators.java:992)
	at java.base/java.util.stream.AbstractPipeline.copyInto(AbstractPipeline.java:509)
	at java.base/java.util.stream.AbstractPipeline.wrapAndCopyInto(AbstractPipeline.java:499)
	at java.base/java.util.stream.ForEachOps$ForEachOp.evaluateSequential(ForEachOps.java:150)
	at java.base/java.util.stream.ForEachOps$ForEachOp$OfRef.evaluateSequential(ForEachOps.java:173)
	at java.base/java.util.stream.AbstractPipeline.evaluate(AbstractPipeline.java:234)
	at java.base/java.util.stream.ReferencePipeline.forEach(ReferencePipeline.java:596)
	at java.base/java.util.stream.ReferencePipeline$7$1.accept(ReferencePipeline.java:276)
	at java.base/java.util.stream.ReferencePipeline$3$1.accept(ReferencePipeline.java:197)
	at java.base/java.util.stream.ReferencePipeline$3$1.accept(ReferencePipeline.java:197)
	at java.base/java.util.stream.ReferencePipeline$3$1.accept(ReferencePipeline.java:197)
	at java.base/java.util.ArrayList$ArrayListSpliterator.forEachRemaining(ArrayList.java:1625)
	at java.base/java.util.stream.AbstractPipeline.copyInto(AbstractPipeline.java:509)
	at java.base/java.util.stream.AbstractPipeline.wrapAndCopyInto(AbstractPipeline.java:499)
	at java.base/java.util.stream.ForEachOps$ForEachOp.evaluateSequential(ForEachOps.java:150)
	at java.base/java.util.stream.ForEachOps$ForEachOp$OfRef.evaluateSequential(ForEachOps.java:173)
	at java.base/java.util.stream.AbstractPipeline.evaluate(AbstractPipeline.java:234)
	at java.base/java.util.stream.ReferencePipeline.forEach(ReferencePipeline.java:596)
	at java.base/java.util.stream.ReferencePipeline$7$1.accept(ReferencePipeline.java:276)
	at java.base/java.util.ArrayList$ArrayListSpliterator.forEachRemaining(ArrayList.java:1625)
	at java.base/java.util.stream.AbstractPipeline.copyInto(AbstractPipeline.java:509)
	at java.base/java.util.stream.AbstractPipeline.wrapAndCopyInto(AbstractPipeline.java:499)
	at java.base/java.util.stream.ForEachOps$ForEachOp.evaluateSequential(ForEachOps.java:150)
	at java.base/java.util.stream.ForEachOps$ForEachOp$OfRef.evaluateSequential(ForEachOps.java:173)
	at java.base/java.util.stream.AbstractPipeline.evaluate(AbstractPipeline.java:234)
	at java.base/java.util.stream.ReferencePipeline.forEach(ReferencePipeline.java:596)
	at org.junit.jupiter.engine.descriptor.TestTemplateTestDescriptor.execute(TestTemplateTestDescriptor.java:107)
	at org.junit.jupiter.engine.descriptor.TestTemplateTestDescriptor.execute(TestTemplateTestDescriptor.java:42)
	at org.junit.platform.engine.support.hierarchical.NodeTestTask.lambda$executeRecursively$5(NodeTestTask.java:139)
	at org.junit.platform.engine.support.hierarchical.ThrowableCollector.execute(ThrowableCollector.java:73)
	at org.junit.platform.engine.support.hierarchical.NodeTestTask.lambda$executeRecursively$7(NodeTestTask.java:129)
	at org.junit.platform.engine.support.hierarchical.Node.around(Node.java:137)
	at org.junit.platform.engine.support.hierarchical.NodeTestTask.lambda$executeRecursively$8(NodeTestTask.java:127)
	at org.junit.platform.engine.support.hierarchical.ThrowableCollector.execute(ThrowableCollector.java:73)
	at org.junit.platform.engine.support.hierarchical.NodeTestTask.executeRecursively(NodeTestTask.java:126)
	at org.junit.platform.engine.support.hierarchical.NodeTestTask.execute(NodeTestTask.java:84)
	at java.base/java.util.ArrayList.forEach(ArrayList.java:1511)
	at org.junit.platform.engine.support.hierarchical.SameThreadHierarchicalTestExecutorService.invokeAll(SameThreadHierarchicalTestExecutorService.java:38)
	at org.junit.platform.engine.support.hierarchical.NodeTestTask.lambda$executeRecursively$5(NodeTestTask.java:143)
	at org.junit.platform.engine.support.hierarchical.ThrowableCollector.execute(ThrowableCollector.java:73)
	at org.junit.platform.engine.support.hierarchical.NodeTestTask.lambda$executeRecursively$7(NodeTestTask.java:129)
	at org.junit.platform.engine.support.hierarchical.Node.around(Node.java:137)
	at org.junit.platform.engine.support.hierarchical.NodeTestTask.lambda$executeRecursively$8(NodeTestTask.java:127)
	at org.junit.platform.engine.support.hierarchical.ThrowableCollector.execute(ThrowableCollector.java:73)
	at org.junit.platform.engine.support.hierarchical.NodeTestTask.executeRecursively(NodeTestTask.java:126)
	at org.junit.platform.engine.support.hierarchical.NodeTestTask.execute(NodeTestTask.java:84)
	at java.base/java.util.ArrayList.forEach(ArrayList.java:1511)
	at org.junit.platform.engine.support.hierarchical.SameThreadHierarchicalTestExecutorService.invokeAll(SameThreadHierarchicalTestExecutorService.java:38)
	at org.junit.platform.engine.support.hierarchical.NodeTestTask.lambda$executeRecursively$5(NodeTestTask.java:143)
	at org.junit.platform.engine.support.hierarchical.ThrowableCollector.execute(ThrowableCollector.java:73)
	at org.junit.platform.engine.support.hierarchical.NodeTestTask.lambda$executeRecursively$7(NodeTestTask.java:129)
	at org.junit.platform.engine.support.hierarchical.Node.around(Node.java:137)
	at org.junit.platform.engine.support.hierarchical.NodeTestTask.lambda$executeRecursively$8(NodeTestTask.java:127)
	at org.junit.platform.engine.support.hierarchical.ThrowableCollector.execute(ThrowableCollector.java:73)
	at org.junit.platform.engine.support.hierarchical.NodeTestTask.executeRecursively(NodeTestTask.java:126)
	at org.junit.platform.engine.support.hierarchical.NodeTestTask.execute(NodeTestTask.java:84)
	at org.junit.platform.engine.support.hierarchical.SameThreadHierarchicalTestExecutorService.submit(SameThreadHierarchicalTestExecutorService.java:32)
	at org.junit.platform.engine.support.hierarchical.HierarchicalTestExecutor.execute(HierarchicalTestExecutor.java:57)
	at org.junit.platform.engine.support.hierarchical.HierarchicalTestEngine.execute(HierarchicalTestEngine.java:51)
	at org.junit.platform.launcher.core.EngineExecutionOrchestrator.execute(EngineExecutionOrchestrator.java:108)
	at org.junit.platform.launcher.core.EngineExecutionOrchestrator.execute(EngineExecutionOrchestrator.java:88)
	at org.junit.platform.launcher.core.EngineExecutionOrchestrator.lambda$execute$0(EngineExecutionOrchestrator.java:54)
	at org.junit.platform.launcher.core.EngineExecutionOrchestrator.withInterceptedStreams(EngineExecutionOrchestrator.java:67)
	at org.junit.platform.launcher.core.EngineExecutionOrchestrator.execute(EngineExecutionOrchestrator.java:52)
	at org.junit.platform.launcher.core.DefaultLauncher.execute(DefaultLauncher.java:96)
	at org.junit.platform.launcher.core.DefaultLauncher.execute(DefaultLauncher.java:75)
	at org.junit.platform.console.tasks.ConsoleTestExecutor.executeTests(ConsoleTestExecutor.java:66)
	at org.junit.platform.console.tasks.ConsoleTestExecutor.lambda$execute$0(ConsoleTestExecutor.java:58)
	at org.junit.platform.console.tasks.CustomContextClassLoaderExecutor.replaceThreadContextClassLoaderAndInvoke(CustomContextClassLoaderExecutor.java:41)
	at org.junit.platform.console.tasks.CustomContextClassLoaderExecutor.invoke(CustomContextClassLoaderExecutor.java:31)
	at org.junit.platform.console.tasks.ConsoleTestExecutor.execute(ConsoleTestExecutor.java:58)
	at org.junit.platform.console.ConsoleLauncher.executeTests(ConsoleLauncher.java:95)
	at org.junit.platform.console.ConsoleLauncher.execute(ConsoleLauncher.java:73)
	at org.junit.platform.console.ConsoleLauncher.execute(ConsoleLauncher.java:50)
	at org.junit.platform.console.ConsoleLauncher.execute(ConsoleLauncher.java:43)
	at org.junit.platform.console.ConsoleLauncher.main(ConsoleLauncher.java:37)
]]></skipped>
<system-out><![CDATA[
unique-id: [engine:junit-jupiter]/[class:minebayd1.test.TestUser]/[test-template:testget(minebayd1.User, minebayd1.AdState, java.util.Optional, int)]/[test-template-invocation:#27]
display-name: [27] Lamia a 77 annonces ouvertes, 1 annonces fermées et 2 achats 
, CLOSED, Optional[BOOKS], 0
]]></system-out>
</testcase>
<testcase name="testget(User, AdState, Optional, int)[28]" classname="minebayd1.test.TestUser" time="0">
<skipped><![CDATA[org.opentest4j.TestAbortedException: Assumption failed: assumption is not true
	at org.junit.jupiter.api.Assumptions.throwTestAbortedException(Assumptions.java:256)
	at org.junit.jupiter.api.Assumptions.assumeTrue(Assumptions.java:115)
	at org.junit.jupiter.api.Assumptions.assumeTrue(Assumptions.java:66)
	at minebayd1.test.TestUser.testget(TestUser.java:961)
	at jdk.internal.reflect.GeneratedMethodAccessor6.invoke(Unknown Source)
	at java.base/jdk.internal.reflect.DelegatingMethodAccessorImpl.invoke(DelegatingMethodAccessorImpl.java:43)
	at java.base/java.lang.reflect.Method.invoke(Method.java:569)
	at org.junit.platform.commons.util.ReflectionUtils.invokeMethod(ReflectionUtils.java:688)
	at org.junit.jupiter.engine.execution.MethodInvocation.proceed(MethodInvocation.java:60)
	at org.junit.jupiter.engine.execution.InvocationInterceptorChain$ValidatingInvocation.proceed(InvocationInterceptorChain.java:131)
	at org.junit.jupiter.engine.extension.TimeoutExtension.intercept(TimeoutExtension.java:149)
	at org.junit.jupiter.engine.extension.TimeoutExtension.interceptTestableMethod(TimeoutExtension.java:140)
	at org.junit.jupiter.engine.extension.TimeoutExtension.interceptTestTemplateMethod(TimeoutExtension.java:92)
	at org.junit.jupiter.engine.execution.ExecutableInvoker$ReflectiveInterceptorCall.lambda$ofVoidMethod$0(ExecutableInvoker.java:115)
	at org.junit.jupiter.engine.execution.ExecutableInvoker.lambda$invoke$0(ExecutableInvoker.java:105)
	at org.junit.jupiter.engine.execution.InvocationInterceptorChain$InterceptedInvocation.proceed(InvocationInterceptorChain.java:106)
	at org.junit.jupiter.engine.execution.InvocationInterceptorChain.proceed(InvocationInterceptorChain.java:64)
	at org.junit.jupiter.engine.execution.InvocationInterceptorChain.chainAndInvoke(InvocationInterceptorChain.java:45)
	at org.junit.jupiter.engine.execution.InvocationInterceptorChain.invoke(InvocationInterceptorChain.java:37)
	at org.junit.jupiter.engine.execution.ExecutableInvoker.invoke(ExecutableInvoker.java:104)
	at org.junit.jupiter.engine.execution.ExecutableInvoker.invoke(ExecutableInvoker.java:98)
	at org.junit.jupiter.engine.descriptor.TestMethodTestDescriptor.lambda$invokeTestMethod$6(TestMethodTestDescriptor.java:210)
	at org.junit.platform.engine.support.hierarchical.ThrowableCollector.execute(ThrowableCollector.java:73)
	at org.junit.jupiter.engine.descriptor.TestMethodTestDescriptor.invokeTestMethod(TestMethodTestDescriptor.java:206)
	at org.junit.jupiter.engine.descriptor.TestMethodTestDescriptor.execute(TestMethodTestDescriptor.java:131)
	at org.junit.jupiter.engine.descriptor.TestMethodTestDescriptor.execute(TestMethodTestDescriptor.java:65)
	at org.junit.platform.engine.support.hierarchical.NodeTestTask.lambda$executeRecursively$5(NodeTestTask.java:139)
	at org.junit.platform.engine.support.hierarchical.ThrowableCollector.execute(ThrowableCollector.java:73)
	at org.junit.platform.engine.support.hierarchical.NodeTestTask.lambda$executeRecursively$7(NodeTestTask.java:129)
	at org.junit.platform.engine.support.hierarchical.Node.around(Node.java:137)
	at org.junit.platform.engine.support.hierarchical.NodeTestTask.lambda$executeRecursively$8(NodeTestTask.java:127)
	at org.junit.platform.engine.support.hierarchical.ThrowableCollector.execute(ThrowableCollector.java:73)
	at org.junit.platform.engine.support.hierarchical.NodeTestTask.executeRecursively(NodeTestTask.java:126)
	at org.junit.platform.engine.support.hierarchical.NodeTestTask.execute(NodeTestTask.java:84)
	at org.junit.platform.engine.support.hierarchical.SameThreadHierarchicalTestExecutorService.submit(SameThreadHierarchicalTestExecutorService.java:32)
	at org.junit.platform.engine.support.hierarchical.NodeTestTask$DefaultDynamicTestExecutor.execute(NodeTestTask.java:212)
	at org.junit.platform.engine.support.hierarchical.NodeTestTask$DefaultDynamicTestExecutor.execute(NodeTestTask.java:192)
	at org.junit.jupiter.engine.descriptor.TestTemplateTestDescriptor.execute(TestTemplateTestDescriptor.java:139)
	at org.junit.jupiter.engine.descriptor.TestTemplateTestDescriptor.lambda$execute$2(TestTemplateTestDescriptor.java:107)
	at java.base/java.util.stream.ForEachOps$ForEachOp$OfRef.accept(ForEachOps.java:183)
	at java.base/java.util.stream.ReferencePipeline$3$1.accept(ReferencePipeline.java:197)
	at java.base/java.util.stream.ReferencePipeline$2$1.accept(ReferencePipeline.java:179)
	at java.base/java.util.stream.ReferencePipeline$3$1.accept(ReferencePipeline.java:197)
	at java.base/java.util.stream.ForEachOps$ForEachOp$OfRef.accept(ForEachOps.java:183)
	at java.base/java.util.stream.ReferencePipeline$15$1.accept(ReferencePipeline.java:541)
	at java.base/java.util.stream.ReferencePipeline$3$1.accept(ReferencePipeline.java:197)
	at java.base/java.util.stream.ReferencePipeline$3$1.accept(ReferencePipeline.java:197)
	at java.base/java.util.stream.ReferencePipeline$3$1.accept(ReferencePipeline.java:197)
	at java.base/java.util.stream.ForEachOps$ForEachOp$OfRef.accept(ForEachOps.java:183)
	at java.base/java.util.stream.ReferencePipeline$3$1.accept(ReferencePipeline.java:197)
	at java.base/java.util.stream.ForEachOps$ForEachOp$OfRef.accept(ForEachOps.java:183)
	at java.base/java.util.stream.SliceOps$1$1.accept(SliceOps.java:200)
	at java.base/java.util.stream.StreamSpliterators$InfiniteSupplyingSpliterator$OfRef.tryAdvance(StreamSpliterators.java:1358)
	at java.base/java.util.stream.ReferencePipeline.forEachWithCancel(ReferencePipeline.java:129)
	at java.base/java.util.stream.AbstractPipeline.copyIntoWithCancel(AbstractPipeline.java:527)
	at java.base/java.util.stream.AbstractPipeline.copyInto(AbstractPipeline.java:513)
	at java.base/java.util.stream.AbstractPipeline.wrapAndCopyInto(AbstractPipeline.java:499)
	at java.base/java.util.stream.ForEachOps$ForEachOp.evaluateSequential(ForEachOps.java:150)
	at java.base/java.util.stream.ForEachOps$ForEachOp$OfRef.evaluateSequential(ForEachOps.java:173)
	at java.base/java.util.stream.AbstractPipeline.evaluate(AbstractPipeline.java:234)
	at java.base/java.util.stream.ReferencePipeline.forEach(ReferencePipeline.java:596)
	at java.base/java.util.stream.ReferencePipeline$7$1.accept(ReferencePipeline.java:276)
	at java.base/java.util.stream.ReferencePipeline$3$1.accept(ReferencePipeline.java:197)
	at java.base/java.util.stream.ReferencePipeline$3$1.accept(ReferencePipeline.java:197)
	at java.base/java.util.Spliterators$ArraySpliterator.forEachRemaining(Spliterators.java:992)
	at java.base/java.util.stream.AbstractPipeline.copyInto(AbstractPipeline.java:509)
	at java.base/java.util.stream.AbstractPipeline.wrapAndCopyInto(AbstractPipeline.java:499)
	at java.base/java.util.stream.ForEachOps$ForEachOp.evaluateSequential(ForEachOps.java:150)
	at java.base/java.util.stream.ForEachOps$ForEachOp$OfRef.evaluateSequential(ForEachOps.java:173)
	at java.base/java.util.stream.AbstractPipeline.evaluate(AbstractPipeline.java:234)
	at java.base/java.util.stream.ReferencePipeline.forEach(ReferencePipeline.java:596)
	at java.base/java.util.stream.ReferencePipeline$7$1.accept(ReferencePipeline.java:276)
	at java.base/java.util.stream.ReferencePipeline$3$1.accept(ReferencePipeline.java:197)
	at java.base/java.util.stream.ReferencePipeline$3$1.accept(ReferencePipeline.java:197)
	at java.base/java.util.stream.ReferencePipeline$3$1.accept(ReferencePipeline.java:197)
	at java.base/java.util.ArrayList$ArrayListSpliterator.forEachRemaining(ArrayList.java:1625)
	at java.base/java.util.stream.AbstractPipeline.copyInto(AbstractPipeline.java:509)
	at java.base/java.util.stream.AbstractPipeline.wrapAndCopyInto(AbstractPipeline.java:499)
	at java.base/java.util.stream.ForEachOps$ForEachOp.evaluateSequential(ForEachOps.java:150)
	at java.base/java.util.stream.ForEachOps$ForEachOp$OfRef.evaluateSequential(ForEachOps.java:173)
	at java.base/java.util.stream.AbstractPipeline.evaluate(AbstractPipeline.java:234)
	at java.base/java.util.stream.ReferencePipeline.forEach(ReferencePipeline.java:596)
	at java.base/java.util.stream.ReferencePipeline$7$1.accept(ReferencePipeline.java:276)
	at java.base/java.util.ArrayList$ArrayListSpliterator.forEachRemaining(ArrayList.java:1625)
	at java.base/java.util.stream.AbstractPipeline.copyInto(AbstractPipeline.java:509)
	at java.base/java.util.stream.AbstractPipeline.wrapAndCopyInto(AbstractPipeline.java:499)
	at java.base/java.util.stream.ForEachOps$ForEachOp.evaluateSequential(ForEachOps.java:150)
	at java.base/java.util.stream.ForEachOps$ForEachOp$OfRef.evaluateSequential(ForEachOps.java:173)
	at java.base/java.util.stream.AbstractPipeline.evaluate(AbstractPipeline.java:234)
	at java.base/java.util.stream.ReferencePipeline.forEach(ReferencePipeline.java:596)
	at org.junit.jupiter.engine.descriptor.TestTemplateTestDescriptor.execute(TestTemplateTestDescriptor.java:107)
	at org.junit.jupiter.engine.descriptor.TestTemplateTestDescriptor.execute(TestTemplateTestDescriptor.java:42)
	at org.junit.platform.engine.support.hierarchical.NodeTestTask.lambda$executeRecursively$5(NodeTestTask.java:139)
	at org.junit.platform.engine.support.hierarchical.ThrowableCollector.execute(ThrowableCollector.java:73)
	at org.junit.platform.engine.support.hierarchical.NodeTestTask.lambda$executeRecursively$7(NodeTestTask.java:129)
	at org.junit.platform.engine.support.hierarchical.Node.around(Node.java:137)
	at org.junit.platform.engine.support.hierarchical.NodeTestTask.lambda$executeRecursively$8(NodeTestTask.java:127)
	at org.junit.platform.engine.support.hierarchical.ThrowableCollector.execute(ThrowableCollector.java:73)
	at org.junit.platform.engine.support.hierarchical.NodeTestTask.executeRecursively(NodeTestTask.java:126)
	at org.junit.platform.engine.support.hierarchical.NodeTestTask.execute(NodeTestTask.java:84)
	at java.base/java.util.ArrayList.forEach(ArrayList.java:1511)
	at org.junit.platform.engine.support.hierarchical.SameThreadHierarchicalTestExecutorService.invokeAll(SameThreadHierarchicalTestExecutorService.java:38)
	at org.junit.platform.engine.support.hierarchical.NodeTestTask.lambda$executeRecursively$5(NodeTestTask.java:143)
	at org.junit.platform.engine.support.hierarchical.ThrowableCollector.execute(ThrowableCollector.java:73)
	at org.junit.platform.engine.support.hierarchical.NodeTestTask.lambda$executeRecursively$7(NodeTestTask.java:129)
	at org.junit.platform.engine.support.hierarchical.Node.around(Node.java:137)
	at org.junit.platform.engine.support.hierarchical.NodeTestTask.lambda$executeRecursively$8(NodeTestTask.java:127)
	at org.junit.platform.engine.support.hierarchical.ThrowableCollector.execute(ThrowableCollector.java:73)
	at org.junit.platform.engine.support.hierarchical.NodeTestTask.executeRecursively(NodeTestTask.java:126)
	at org.junit.platform.engine.support.hierarchical.NodeTestTask.execute(NodeTestTask.java:84)
	at java.base/java.util.ArrayList.forEach(ArrayList.java:1511)
	at org.junit.platform.engine.support.hierarchical.SameThreadHierarchicalTestExecutorService.invokeAll(SameThreadHierarchicalTestExecutorService.java:38)
	at org.junit.platform.engine.support.hierarchical.NodeTestTask.lambda$executeRecursively$5(NodeTestTask.java:143)
	at org.junit.platform.engine.support.hierarchical.ThrowableCollector.execute(ThrowableCollector.java:73)
	at org.junit.platform.engine.support.hierarchical.NodeTestTask.lambda$executeRecursively$7(NodeTestTask.java:129)
	at org.junit.platform.engine.support.hierarchical.Node.around(Node.java:137)
	at org.junit.platform.engine.support.hierarchical.NodeTestTask.lambda$executeRecursively$8(NodeTestTask.java:127)
	at org.junit.platform.engine.support.hierarchical.ThrowableCollector.execute(ThrowableCollector.java:73)
	at org.junit.platform.engine.support.hierarchical.NodeTestTask.executeRecursively(NodeTestTask.java:126)
	at org.junit.platform.engine.support.hierarchical.NodeTestTask.execute(NodeTestTask.java:84)
	at org.junit.platform.engine.support.hierarchical.SameThreadHierarchicalTestExecutorService.submit(SameThreadHierarchicalTestExecutorService.java:32)
	at org.junit.platform.engine.support.hierarchical.HierarchicalTestExecutor.execute(HierarchicalTestExecutor.java:57)
	at org.junit.platform.engine.support.hierarchical.HierarchicalTestEngine.execute(HierarchicalTestEngine.java:51)
	at org.junit.platform.launcher.core.EngineExecutionOrchestrator.execute(EngineExecutionOrchestrator.java:108)
	at org.junit.platform.launcher.core.EngineExecutionOrchestrator.execute(EngineExecutionOrchestrator.java:88)
	at org.junit.platform.launcher.core.EngineExecutionOrchestrator.lambda$execute$0(EngineExecutionOrchestrator.java:54)
	at org.junit.platform.launcher.core.EngineExecutionOrchestrator.withInterceptedStreams(EngineExecutionOrchestrator.java:67)
	at org.junit.platform.launcher.core.EngineExecutionOrchestrator.execute(EngineExecutionOrchestrator.java:52)
	at org.junit.platform.launcher.core.DefaultLauncher.execute(DefaultLauncher.java:96)
	at org.junit.platform.launcher.core.DefaultLauncher.execute(DefaultLauncher.java:75)
	at org.junit.platform.console.tasks.ConsoleTestExecutor.executeTests(ConsoleTestExecutor.java:66)
	at org.junit.platform.console.tasks.ConsoleTestExecutor.lambda$execute$0(ConsoleTestExecutor.java:58)
	at org.junit.platform.console.tasks.CustomContextClassLoaderExecutor.replaceThreadContextClassLoaderAndInvoke(CustomContextClassLoaderExecutor.java:41)
	at org.junit.platform.console.tasks.CustomContextClassLoaderExecutor.invoke(CustomContextClassLoaderExecutor.java:31)
	at org.junit.platform.console.tasks.ConsoleTestExecutor.execute(ConsoleTestExecutor.java:58)
	at org.junit.platform.console.ConsoleLauncher.executeTests(ConsoleLauncher.java:95)
	at org.junit.platform.console.ConsoleLauncher.execute(ConsoleLauncher.java:73)
	at org.junit.platform.console.ConsoleLauncher.execute(ConsoleLauncher.java:50)
	at org.junit.platform.console.ConsoleLauncher.execute(ConsoleLauncher.java:43)
	at org.junit.platform.console.ConsoleLauncher.main(ConsoleLauncher.java:37)
]]></skipped>
<system-out><![CDATA[
unique-id: [engine:junit-jupiter]/[class:minebayd1.test.TestUser]/[test-template:testget(minebayd1.User, minebayd1.AdState, java.util.Optional, int)]/[test-template-invocation:#28]
display-name: [28] Faycal a 51 annonces ouvertes, 3 annonces fermées et 4 achats 
, CLOSED, Optional[CLOTHES], 2
]]></system-out>
</testcase>
<testcase name="testget(User, AdState, Optional, int)[29]" classname="minebayd1.test.TestUser" time="0.001">
<system-out><![CDATA[
unique-id: [engine:junit-jupiter]/[class:minebayd1.test.TestUser]/[test-template:testget(minebayd1.User, minebayd1.AdState, java.util.Optional, int)]/[test-template-invocation:#29]
display-name: [29] Mounir a 59 annonces ouvertes, 2 annonces fermées et 2 achats 
, OPEN, Optional[CLOTHES], 5
]]></system-out>
</testcase>
<testcase name="testget(User, AdState, Optional, int)[30]" classname="minebayd1.test.TestUser" time="0.002">
<system-out><![CDATA[
unique-id: [engine:junit-jupiter]/[class:minebayd1.test.TestUser]/[test-template:testget(minebayd1.User, minebayd1.AdState, java.util.Optional, int)]/[test-template-invocation:#30]
display-name: [30] Ali a 57 annonces ouvertes, 6 annonces fermées et 3 achats 
, CLOSED, Optional[CLOTHES], 2
]]></system-out>
</testcase>
<testcase name="testget(User, AdState, Optional, int)[31]" classname="minebayd1.test.TestUser" time="0">
<skipped><![CDATA[org.opentest4j.TestAbortedException: Assumption failed: assumption is not true
	at org.junit.jupiter.api.Assumptions.throwTestAbortedException(Assumptions.java:256)
	at org.junit.jupiter.api.Assumptions.assumeTrue(Assumptions.java:115)
	at org.junit.jupiter.api.Assumptions.assumeTrue(Assumptions.java:66)
	at minebayd1.test.TestUser.testget(TestUser.java:961)
	at jdk.internal.reflect.GeneratedMethodAccessor6.invoke(Unknown Source)
	at java.base/jdk.internal.reflect.DelegatingMethodAccessorImpl.invoke(DelegatingMethodAccessorImpl.java:43)
	at java.base/java.lang.reflect.Method.invoke(Method.java:569)
	at org.junit.platform.commons.util.ReflectionUtils.invokeMethod(ReflectionUtils.java:688)
	at org.junit.jupiter.engine.execution.MethodInvocation.proceed(MethodInvocation.java:60)
	at org.junit.jupiter.engine.execution.InvocationInterceptorChain$ValidatingInvocation.proceed(InvocationInterceptorChain.java:131)
	at org.junit.jupiter.engine.extension.TimeoutExtension.intercept(TimeoutExtension.java:149)
	at org.junit.jupiter.engine.extension.TimeoutExtension.interceptTestableMethod(TimeoutExtension.java:140)
	at org.junit.jupiter.engine.extension.TimeoutExtension.interceptTestTemplateMethod(TimeoutExtension.java:92)
	at org.junit.jupiter.engine.execution.ExecutableInvoker$ReflectiveInterceptorCall.lambda$ofVoidMethod$0(ExecutableInvoker.java:115)
	at org.junit.jupiter.engine.execution.ExecutableInvoker.lambda$invoke$0(ExecutableInvoker.java:105)
	at org.junit.jupiter.engine.execution.InvocationInterceptorChain$InterceptedInvocation.proceed(InvocationInterceptorChain.java:106)
	at org.junit.jupiter.engine.execution.InvocationInterceptorChain.proceed(InvocationInterceptorChain.java:64)
	at org.junit.jupiter.engine.execution.InvocationInterceptorChain.chainAndInvoke(InvocationInterceptorChain.java:45)
	at org.junit.jupiter.engine.execution.InvocationInterceptorChain.invoke(InvocationInterceptorChain.java:37)
	at org.junit.jupiter.engine.execution.ExecutableInvoker.invoke(ExecutableInvoker.java:104)
	at org.junit.jupiter.engine.execution.ExecutableInvoker.invoke(ExecutableInvoker.java:98)
	at org.junit.jupiter.engine.descriptor.TestMethodTestDescriptor.lambda$invokeTestMethod$6(TestMethodTestDescriptor.java:210)
	at org.junit.platform.engine.support.hierarchical.ThrowableCollector.execute(ThrowableCollector.java:73)
	at org.junit.jupiter.engine.descriptor.TestMethodTestDescriptor.invokeTestMethod(TestMethodTestDescriptor.java:206)
	at org.junit.jupiter.engine.descriptor.TestMethodTestDescriptor.execute(TestMethodTestDescriptor.java:131)
	at org.junit.jupiter.engine.descriptor.TestMethodTestDescriptor.execute(TestMethodTestDescriptor.java:65)
	at org.junit.platform.engine.support.hierarchical.NodeTestTask.lambda$executeRecursively$5(NodeTestTask.java:139)
	at org.junit.platform.engine.support.hierarchical.ThrowableCollector.execute(ThrowableCollector.java:73)
	at org.junit.platform.engine.support.hierarchical.NodeTestTask.lambda$executeRecursively$7(NodeTestTask.java:129)
	at org.junit.platform.engine.support.hierarchical.Node.around(Node.java:137)
	at org.junit.platform.engine.support.hierarchical.NodeTestTask.lambda$executeRecursively$8(NodeTestTask.java:127)
	at org.junit.platform.engine.support.hierarchical.ThrowableCollector.execute(ThrowableCollector.java:73)
	at org.junit.platform.engine.support.hierarchical.NodeTestTask.executeRecursively(NodeTestTask.java:126)
	at org.junit.platform.engine.support.hierarchical.NodeTestTask.execute(NodeTestTask.java:84)
	at org.junit.platform.engine.support.hierarchical.SameThreadHierarchicalTestExecutorService.submit(SameThreadHierarchicalTestExecutorService.java:32)
	at org.junit.platform.engine.support.hierarchical.NodeTestTask$DefaultDynamicTestExecutor.execute(NodeTestTask.java:212)
	at org.junit.platform.engine.support.hierarchical.NodeTestTask$DefaultDynamicTestExecutor.execute(NodeTestTask.java:192)
	at org.junit.jupiter.engine.descriptor.TestTemplateTestDescriptor.execute(TestTemplateTestDescriptor.java:139)
	at org.junit.jupiter.engine.descriptor.TestTemplateTestDescriptor.lambda$execute$2(TestTemplateTestDescriptor.java:107)
	at java.base/java.util.stream.ForEachOps$ForEachOp$OfRef.accept(ForEachOps.java:183)
	at java.base/java.util.stream.ReferencePipeline$3$1.accept(ReferencePipeline.java:197)
	at java.base/java.util.stream.ReferencePipeline$2$1.accept(ReferencePipeline.java:179)
	at java.base/java.util.stream.ReferencePipeline$3$1.accept(ReferencePipeline.java:197)
	at java.base/java.util.stream.ForEachOps$ForEachOp$OfRef.accept(ForEachOps.java:183)
	at java.base/java.util.stream.ReferencePipeline$15$1.accept(ReferencePipeline.java:541)
	at java.base/java.util.stream.ReferencePipeline$3$1.accept(ReferencePipeline.java:197)
	at java.base/java.util.stream.ReferencePipeline$3$1.accept(ReferencePipeline.java:197)
	at java.base/java.util.stream.ReferencePipeline$3$1.accept(ReferencePipeline.java:197)
	at java.base/java.util.stream.ForEachOps$ForEachOp$OfRef.accept(ForEachOps.java:183)
	at java.base/java.util.stream.ReferencePipeline$3$1.accept(ReferencePipeline.java:197)
	at java.base/java.util.stream.ForEachOps$ForEachOp$OfRef.accept(ForEachOps.java:183)
	at java.base/java.util.stream.SliceOps$1$1.accept(SliceOps.java:200)
	at java.base/java.util.stream.StreamSpliterators$InfiniteSupplyingSpliterator$OfRef.tryAdvance(StreamSpliterators.java:1358)
	at java.base/java.util.stream.ReferencePipeline.forEachWithCancel(ReferencePipeline.java:129)
	at java.base/java.util.stream.AbstractPipeline.copyIntoWithCancel(AbstractPipeline.java:527)
	at java.base/java.util.stream.AbstractPipeline.copyInto(AbstractPipeline.java:513)
	at java.base/java.util.stream.AbstractPipeline.wrapAndCopyInto(AbstractPipeline.java:499)
	at java.base/java.util.stream.ForEachOps$ForEachOp.evaluateSequential(ForEachOps.java:150)
	at java.base/java.util.stream.ForEachOps$ForEachOp$OfRef.evaluateSequential(ForEachOps.java:173)
	at java.base/java.util.stream.AbstractPipeline.evaluate(AbstractPipeline.java:234)
	at java.base/java.util.stream.ReferencePipeline.forEach(ReferencePipeline.java:596)
	at java.base/java.util.stream.ReferencePipeline$7$1.accept(ReferencePipeline.java:276)
	at java.base/java.util.stream.ReferencePipeline$3$1.accept(ReferencePipeline.java:197)
	at java.base/java.util.stream.ReferencePipeline$3$1.accept(ReferencePipeline.java:197)
	at java.base/java.util.Spliterators$ArraySpliterator.forEachRemaining(Spliterators.java:992)
	at java.base/java.util.stream.AbstractPipeline.copyInto(AbstractPipeline.java:509)
	at java.base/java.util.stream.AbstractPipeline.wrapAndCopyInto(AbstractPipeline.java:499)
	at java.base/java.util.stream.ForEachOps$ForEachOp.evaluateSequential(ForEachOps.java:150)
	at java.base/java.util.stream.ForEachOps$ForEachOp$OfRef.evaluateSequential(ForEachOps.java:173)
	at java.base/java.util.stream.AbstractPipeline.evaluate(AbstractPipeline.java:234)
	at java.base/java.util.stream.ReferencePipeline.forEach(ReferencePipeline.java:596)
	at java.base/java.util.stream.ReferencePipeline$7$1.accept(ReferencePipeline.java:276)
	at java.base/java.util.stream.ReferencePipeline$3$1.accept(ReferencePipeline.java:197)
	at java.base/java.util.stream.ReferencePipeline$3$1.accept(ReferencePipeline.java:197)
	at java.base/java.util.stream.ReferencePipeline$3$1.accept(ReferencePipeline.java:197)
	at java.base/java.util.ArrayList$ArrayListSpliterator.forEachRemaining(ArrayList.java:1625)
	at java.base/java.util.stream.AbstractPipeline.copyInto(AbstractPipeline.java:509)
	at java.base/java.util.stream.AbstractPipeline.wrapAndCopyInto(AbstractPipeline.java:499)
	at java.base/java.util.stream.ForEachOps$ForEachOp.evaluateSequential(ForEachOps.java:150)
	at java.base/java.util.stream.ForEachOps$ForEachOp$OfRef.evaluateSequential(ForEachOps.java:173)
	at java.base/java.util.stream.AbstractPipeline.evaluate(AbstractPipeline.java:234)
	at java.base/java.util.stream.ReferencePipeline.forEach(ReferencePipeline.java:596)
	at java.base/java.util.stream.ReferencePipeline$7$1.accept(ReferencePipeline.java:276)
	at java.base/java.util.ArrayList$ArrayListSpliterator.forEachRemaining(ArrayList.java:1625)
	at java.base/java.util.stream.AbstractPipeline.copyInto(AbstractPipeline.java:509)
	at java.base/java.util.stream.AbstractPipeline.wrapAndCopyInto(AbstractPipeline.java:499)
	at java.base/java.util.stream.ForEachOps$ForEachOp.evaluateSequential(ForEachOps.java:150)
	at java.base/java.util.stream.ForEachOps$ForEachOp$OfRef.evaluateSequential(ForEachOps.java:173)
	at java.base/java.util.stream.AbstractPipeline.evaluate(AbstractPipeline.java:234)
	at java.base/java.util.stream.ReferencePipeline.forEach(ReferencePipeline.java:596)
	at org.junit.jupiter.engine.descriptor.TestTemplateTestDescriptor.execute(TestTemplateTestDescriptor.java:107)
	at org.junit.jupiter.engine.descriptor.TestTemplateTestDescriptor.execute(TestTemplateTestDescriptor.java:42)
	at org.junit.platform.engine.support.hierarchical.NodeTestTask.lambda$executeRecursively$5(NodeTestTask.java:139)
	at org.junit.platform.engine.support.hierarchical.ThrowableCollector.execute(ThrowableCollector.java:73)
	at org.junit.platform.engine.support.hierarchical.NodeTestTask.lambda$executeRecursively$7(NodeTestTask.java:129)
	at org.junit.platform.engine.support.hierarchical.Node.around(Node.java:137)
	at org.junit.platform.engine.support.hierarchical.NodeTestTask.lambda$executeRecursively$8(NodeTestTask.java:127)
	at org.junit.platform.engine.support.hierarchical.ThrowableCollector.execute(ThrowableCollector.java:73)
	at org.junit.platform.engine.support.hierarchical.NodeTestTask.executeRecursively(NodeTestTask.java:126)
	at org.junit.platform.engine.support.hierarchical.NodeTestTask.execute(NodeTestTask.java:84)
	at java.base/java.util.ArrayList.forEach(ArrayList.java:1511)
	at org.junit.platform.engine.support.hierarchical.SameThreadHierarchicalTestExecutorService.invokeAll(SameThreadHierarchicalTestExecutorService.java:38)
	at org.junit.platform.engine.support.hierarchical.NodeTestTask.lambda$executeRecursively$5(NodeTestTask.java:143)
	at org.junit.platform.engine.support.hierarchical.ThrowableCollector.execute(ThrowableCollector.java:73)
	at org.junit.platform.engine.support.hierarchical.NodeTestTask.lambda$executeRecursively$7(NodeTestTask.java:129)
	at org.junit.platform.engine.support.hierarchical.Node.around(Node.java:137)
	at org.junit.platform.engine.support.hierarchical.NodeTestTask.lambda$executeRecursively$8(NodeTestTask.java:127)
	at org.junit.platform.engine.support.hierarchical.ThrowableCollector.execute(ThrowableCollector.java:73)
	at org.junit.platform.engine.support.hierarchical.NodeTestTask.executeRecursively(NodeTestTask.java:126)
	at org.junit.platform.engine.support.hierarchical.NodeTestTask.execute(NodeTestTask.java:84)
	at java.base/java.util.ArrayList.forEach(ArrayList.java:1511)
	at org.junit.platform.engine.support.hierarchical.SameThreadHierarchicalTestExecutorService.invokeAll(SameThreadHierarchicalTestExecutorService.java:38)
	at org.junit.platform.engine.support.hierarchical.NodeTestTask.lambda$executeRecursively$5(NodeTestTask.java:143)
	at org.junit.platform.engine.support.hierarchical.ThrowableCollector.execute(ThrowableCollector.java:73)
	at org.junit.platform.engine.support.hierarchical.NodeTestTask.lambda$executeRecursively$7(NodeTestTask.java:129)
	at org.junit.platform.engine.support.hierarchical.Node.around(Node.java:137)
	at org.junit.platform.engine.support.hierarchical.NodeTestTask.lambda$executeRecursively$8(NodeTestTask.java:127)
	at org.junit.platform.engine.support.hierarchical.ThrowableCollector.execute(ThrowableCollector.java:73)
	at org.junit.platform.engine.support.hierarchical.NodeTestTask.executeRecursively(NodeTestTask.java:126)
	at org.junit.platform.engine.support.hierarchical.NodeTestTask.execute(NodeTestTask.java:84)
	at org.junit.platform.engine.support.hierarchical.SameThreadHierarchicalTestExecutorService.submit(SameThreadHierarchicalTestExecutorService.java:32)
	at org.junit.platform.engine.support.hierarchical.HierarchicalTestExecutor.execute(HierarchicalTestExecutor.java:57)
	at org.junit.platform.engine.support.hierarchical.HierarchicalTestEngine.execute(HierarchicalTestEngine.java:51)
	at org.junit.platform.launcher.core.EngineExecutionOrchestrator.execute(EngineExecutionOrchestrator.java:108)
	at org.junit.platform.launcher.core.EngineExecutionOrchestrator.execute(EngineExecutionOrchestrator.java:88)
	at org.junit.platform.launcher.core.EngineExecutionOrchestrator.lambda$execute$0(EngineExecutionOrchestrator.java:54)
	at org.junit.platform.launcher.core.EngineExecutionOrchestrator.withInterceptedStreams(EngineExecutionOrchestrator.java:67)
	at org.junit.platform.launcher.core.EngineExecutionOrchestrator.execute(EngineExecutionOrchestrator.java:52)
	at org.junit.platform.launcher.core.DefaultLauncher.execute(DefaultLauncher.java:96)
	at org.junit.platform.launcher.core.DefaultLauncher.execute(DefaultLauncher.java:75)
	at org.junit.platform.console.tasks.ConsoleTestExecutor.executeTests(ConsoleTestExecutor.java:66)
	at org.junit.platform.console.tasks.ConsoleTestExecutor.lambda$execute$0(ConsoleTestExecutor.java:58)
	at org.junit.platform.console.tasks.CustomContextClassLoaderExecutor.replaceThreadContextClassLoaderAndInvoke(CustomContextClassLoaderExecutor.java:41)
	at org.junit.platform.console.tasks.CustomContextClassLoaderExecutor.invoke(CustomContextClassLoaderExecutor.java:31)
	at org.junit.platform.console.tasks.ConsoleTestExecutor.execute(ConsoleTestExecutor.java:58)
	at org.junit.platform.console.ConsoleLauncher.executeTests(ConsoleLauncher.java:95)
	at org.junit.platform.console.ConsoleLauncher.execute(ConsoleLauncher.java:73)
	at org.junit.platform.console.ConsoleLauncher.execute(ConsoleLauncher.java:50)
	at org.junit.platform.console.ConsoleLauncher.execute(ConsoleLauncher.java:43)
	at org.junit.platform.console.ConsoleLauncher.main(ConsoleLauncher.java:37)
]]></skipped>
<system-out><![CDATA[
unique-id: [engine:junit-jupiter]/[class:minebayd1.test.TestUser]/[test-template:testget(minebayd1.User, minebayd1.AdState, java.util.Optional, int)]/[test-template-invocation:#31]
display-name: [31] Lamia a 77 annonces ouvertes, 1 annonces fermées et 2 achats 
, CLOSED, Optional[GAMES], 0
]]></system-out>
</testcase>
<testcase name="testget(User, AdState, Optional, int)[32]" classname="minebayd1.test.TestUser" time="0.001">
<system-out><![CDATA[
unique-id: [engine:junit-jupiter]/[class:minebayd1.test.TestUser]/[test-template:testget(minebayd1.User, minebayd1.AdState, java.util.Optional, int)]/[test-template-invocation:#32]
display-name: [32] Mamadou a 59 annonces ouvertes, 2 annonces fermées et 1 achats 
, OPEN, Optional[BOOKS], 0
]]></system-out>
</testcase>
<testcase name="testget(User, AdState, Optional, int)[33]" classname="minebayd1.test.TestUser" time="0">
<skipped><![CDATA[org.opentest4j.TestAbortedException: Assumption failed: assumption is not true
	at org.junit.jupiter.api.Assumptions.throwTestAbortedException(Assumptions.java:256)
	at org.junit.jupiter.api.Assumptions.assumeTrue(Assumptions.java:115)
	at org.junit.jupiter.api.Assumptions.assumeTrue(Assumptions.java:66)
	at minebayd1.test.TestUser.testget(TestUser.java:961)
	at jdk.internal.reflect.GeneratedMethodAccessor6.invoke(Unknown Source)
	at java.base/jdk.internal.reflect.DelegatingMethodAccessorImpl.invoke(DelegatingMethodAccessorImpl.java:43)
	at java.base/java.lang.reflect.Method.invoke(Method.java:569)
	at org.junit.platform.commons.util.ReflectionUtils.invokeMethod(ReflectionUtils.java:688)
	at org.junit.jupiter.engine.execution.MethodInvocation.proceed(MethodInvocation.java:60)
	at org.junit.jupiter.engine.execution.InvocationInterceptorChain$ValidatingInvocation.proceed(InvocationInterceptorChain.java:131)
	at org.junit.jupiter.engine.extension.TimeoutExtension.intercept(TimeoutExtension.java:149)
	at org.junit.jupiter.engine.extension.TimeoutExtension.interceptTestableMethod(TimeoutExtension.java:140)
	at org.junit.jupiter.engine.extension.TimeoutExtension.interceptTestTemplateMethod(TimeoutExtension.java:92)
	at org.junit.jupiter.engine.execution.ExecutableInvoker$ReflectiveInterceptorCall.lambda$ofVoidMethod$0(ExecutableInvoker.java:115)
	at org.junit.jupiter.engine.execution.ExecutableInvoker.lambda$invoke$0(ExecutableInvoker.java:105)
	at org.junit.jupiter.engine.execution.InvocationInterceptorChain$InterceptedInvocation.proceed(InvocationInterceptorChain.java:106)
	at org.junit.jupiter.engine.execution.InvocationInterceptorChain.proceed(InvocationInterceptorChain.java:64)
	at org.junit.jupiter.engine.execution.InvocationInterceptorChain.chainAndInvoke(InvocationInterceptorChain.java:45)
	at org.junit.jupiter.engine.execution.InvocationInterceptorChain.invoke(InvocationInterceptorChain.java:37)
	at org.junit.jupiter.engine.execution.ExecutableInvoker.invoke(ExecutableInvoker.java:104)
	at org.junit.jupiter.engine.execution.ExecutableInvoker.invoke(ExecutableInvoker.java:98)
	at org.junit.jupiter.engine.descriptor.TestMethodTestDescriptor.lambda$invokeTestMethod$6(TestMethodTestDescriptor.java:210)
	at org.junit.platform.engine.support.hierarchical.ThrowableCollector.execute(ThrowableCollector.java:73)
	at org.junit.jupiter.engine.descriptor.TestMethodTestDescriptor.invokeTestMethod(TestMethodTestDescriptor.java:206)
	at org.junit.jupiter.engine.descriptor.TestMethodTestDescriptor.execute(TestMethodTestDescriptor.java:131)
	at org.junit.jupiter.engine.descriptor.TestMethodTestDescriptor.execute(TestMethodTestDescriptor.java:65)
	at org.junit.platform.engine.support.hierarchical.NodeTestTask.lambda$executeRecursively$5(NodeTestTask.java:139)
	at org.junit.platform.engine.support.hierarchical.ThrowableCollector.execute(ThrowableCollector.java:73)
	at org.junit.platform.engine.support.hierarchical.NodeTestTask.lambda$executeRecursively$7(NodeTestTask.java:129)
	at org.junit.platform.engine.support.hierarchical.Node.around(Node.java:137)
	at org.junit.platform.engine.support.hierarchical.NodeTestTask.lambda$executeRecursively$8(NodeTestTask.java:127)
	at org.junit.platform.engine.support.hierarchical.ThrowableCollector.execute(ThrowableCollector.java:73)
	at org.junit.platform.engine.support.hierarchical.NodeTestTask.executeRecursively(NodeTestTask.java:126)
	at org.junit.platform.engine.support.hierarchical.NodeTestTask.execute(NodeTestTask.java:84)
	at org.junit.platform.engine.support.hierarchical.SameThreadHierarchicalTestExecutorService.submit(SameThreadHierarchicalTestExecutorService.java:32)
	at org.junit.platform.engine.support.hierarchical.NodeTestTask$DefaultDynamicTestExecutor.execute(NodeTestTask.java:212)
	at org.junit.platform.engine.support.hierarchical.NodeTestTask$DefaultDynamicTestExecutor.execute(NodeTestTask.java:192)
	at org.junit.jupiter.engine.descriptor.TestTemplateTestDescriptor.execute(TestTemplateTestDescriptor.java:139)
	at org.junit.jupiter.engine.descriptor.TestTemplateTestDescriptor.lambda$execute$2(TestTemplateTestDescriptor.java:107)
	at java.base/java.util.stream.ForEachOps$ForEachOp$OfRef.accept(ForEachOps.java:183)
	at java.base/java.util.stream.ReferencePipeline$3$1.accept(ReferencePipeline.java:197)
	at java.base/java.util.stream.ReferencePipeline$2$1.accept(ReferencePipeline.java:179)
	at java.base/java.util.stream.ReferencePipeline$3$1.accept(ReferencePipeline.java:197)
	at java.base/java.util.stream.ForEachOps$ForEachOp$OfRef.accept(ForEachOps.java:183)
	at java.base/java.util.stream.ReferencePipeline$15$1.accept(ReferencePipeline.java:541)
	at java.base/java.util.stream.ReferencePipeline$3$1.accept(ReferencePipeline.java:197)
	at java.base/java.util.stream.ReferencePipeline$3$1.accept(ReferencePipeline.java:197)
	at java.base/java.util.stream.ReferencePipeline$3$1.accept(ReferencePipeline.java:197)
	at java.base/java.util.stream.ForEachOps$ForEachOp$OfRef.accept(ForEachOps.java:183)
	at java.base/java.util.stream.ReferencePipeline$3$1.accept(ReferencePipeline.java:197)
	at java.base/java.util.stream.ForEachOps$ForEachOp$OfRef.accept(ForEachOps.java:183)
	at java.base/java.util.stream.SliceOps$1$1.accept(SliceOps.java:200)
	at java.base/java.util.stream.StreamSpliterators$InfiniteSupplyingSpliterator$OfRef.tryAdvance(StreamSpliterators.java:1358)
	at java.base/java.util.stream.ReferencePipeline.forEachWithCancel(ReferencePipeline.java:129)
	at java.base/java.util.stream.AbstractPipeline.copyIntoWithCancel(AbstractPipeline.java:527)
	at java.base/java.util.stream.AbstractPipeline.copyInto(AbstractPipeline.java:513)
	at java.base/java.util.stream.AbstractPipeline.wrapAndCopyInto(AbstractPipeline.java:499)
	at java.base/java.util.stream.ForEachOps$ForEachOp.evaluateSequential(ForEachOps.java:150)
	at java.base/java.util.stream.ForEachOps$ForEachOp$OfRef.evaluateSequential(ForEachOps.java:173)
	at java.base/java.util.stream.AbstractPipeline.evaluate(AbstractPipeline.java:234)
	at java.base/java.util.stream.ReferencePipeline.forEach(ReferencePipeline.java:596)
	at java.base/java.util.stream.ReferencePipeline$7$1.accept(ReferencePipeline.java:276)
	at java.base/java.util.stream.ReferencePipeline$3$1.accept(ReferencePipeline.java:197)
	at java.base/java.util.stream.ReferencePipeline$3$1.accept(ReferencePipeline.java:197)
	at java.base/java.util.Spliterators$ArraySpliterator.forEachRemaining(Spliterators.java:992)
	at java.base/java.util.stream.AbstractPipeline.copyInto(AbstractPipeline.java:509)
	at java.base/java.util.stream.AbstractPipeline.wrapAndCopyInto(AbstractPipeline.java:499)
	at java.base/java.util.stream.ForEachOps$ForEachOp.evaluateSequential(ForEachOps.java:150)
	at java.base/java.util.stream.ForEachOps$ForEachOp$OfRef.evaluateSequential(ForEachOps.java:173)
	at java.base/java.util.stream.AbstractPipeline.evaluate(AbstractPipeline.java:234)
	at java.base/java.util.stream.ReferencePipeline.forEach(ReferencePipeline.java:596)
	at java.base/java.util.stream.ReferencePipeline$7$1.accept(ReferencePipeline.java:276)
	at java.base/java.util.stream.ReferencePipeline$3$1.accept(ReferencePipeline.java:197)
	at java.base/java.util.stream.ReferencePipeline$3$1.accept(ReferencePipeline.java:197)
	at java.base/java.util.stream.ReferencePipeline$3$1.accept(ReferencePipeline.java:197)
	at java.base/java.util.ArrayList$ArrayListSpliterator.forEachRemaining(ArrayList.java:1625)
	at java.base/java.util.stream.AbstractPipeline.copyInto(AbstractPipeline.java:509)
	at java.base/java.util.stream.AbstractPipeline.wrapAndCopyInto(AbstractPipeline.java:499)
	at java.base/java.util.stream.ForEachOps$ForEachOp.evaluateSequential(ForEachOps.java:150)
	at java.base/java.util.stream.ForEachOps$ForEachOp$OfRef.evaluateSequential(ForEachOps.java:173)
	at java.base/java.util.stream.AbstractPipeline.evaluate(AbstractPipeline.java:234)
	at java.base/java.util.stream.ReferencePipeline.forEach(ReferencePipeline.java:596)
	at java.base/java.util.stream.ReferencePipeline$7$1.accept(ReferencePipeline.java:276)
	at java.base/java.util.ArrayList$ArrayListSpliterator.forEachRemaining(ArrayList.java:1625)
	at java.base/java.util.stream.AbstractPipeline.copyInto(AbstractPipeline.java:509)
	at java.base/java.util.stream.AbstractPipeline.wrapAndCopyInto(AbstractPipeline.java:499)
	at java.base/java.util.stream.ForEachOps$ForEachOp.evaluateSequential(ForEachOps.java:150)
	at java.base/java.util.stream.ForEachOps$ForEachOp$OfRef.evaluateSequential(ForEachOps.java:173)
	at java.base/java.util.stream.AbstractPipeline.evaluate(AbstractPipeline.java:234)
	at java.base/java.util.stream.ReferencePipeline.forEach(ReferencePipeline.java:596)
	at org.junit.jupiter.engine.descriptor.TestTemplateTestDescriptor.execute(TestTemplateTestDescriptor.java:107)
	at org.junit.jupiter.engine.descriptor.TestTemplateTestDescriptor.execute(TestTemplateTestDescriptor.java:42)
	at org.junit.platform.engine.support.hierarchical.NodeTestTask.lambda$executeRecursively$5(NodeTestTask.java:139)
	at org.junit.platform.engine.support.hierarchical.ThrowableCollector.execute(ThrowableCollector.java:73)
	at org.junit.platform.engine.support.hierarchical.NodeTestTask.lambda$executeRecursively$7(NodeTestTask.java:129)
	at org.junit.platform.engine.support.hierarchical.Node.around(Node.java:137)
	at org.junit.platform.engine.support.hierarchical.NodeTestTask.lambda$executeRecursively$8(NodeTestTask.java:127)
	at org.junit.platform.engine.support.hierarchical.ThrowableCollector.execute(ThrowableCollector.java:73)
	at org.junit.platform.engine.support.hierarchical.NodeTestTask.executeRecursively(NodeTestTask.java:126)
	at org.junit.platform.engine.support.hierarchical.NodeTestTask.execute(NodeTestTask.java:84)
	at java.base/java.util.ArrayList.forEach(ArrayList.java:1511)
	at org.junit.platform.engine.support.hierarchical.SameThreadHierarchicalTestExecutorService.invokeAll(SameThreadHierarchicalTestExecutorService.java:38)
	at org.junit.platform.engine.support.hierarchical.NodeTestTask.lambda$executeRecursively$5(NodeTestTask.java:143)
	at org.junit.platform.engine.support.hierarchical.ThrowableCollector.execute(ThrowableCollector.java:73)
	at org.junit.platform.engine.support.hierarchical.NodeTestTask.lambda$executeRecursively$7(NodeTestTask.java:129)
	at org.junit.platform.engine.support.hierarchical.Node.around(Node.java:137)
	at org.junit.platform.engine.support.hierarchical.NodeTestTask.lambda$executeRecursively$8(NodeTestTask.java:127)
	at org.junit.platform.engine.support.hierarchical.ThrowableCollector.execute(ThrowableCollector.java:73)
	at org.junit.platform.engine.support.hierarchical.NodeTestTask.executeRecursively(NodeTestTask.java:126)
	at org.junit.platform.engine.support.hierarchical.NodeTestTask.execute(NodeTestTask.java:84)
	at java.base/java.util.ArrayList.forEach(ArrayList.java:1511)
	at org.junit.platform.engine.support.hierarchical.SameThreadHierarchicalTestExecutorService.invokeAll(SameThreadHierarchicalTestExecutorService.java:38)
	at org.junit.platform.engine.support.hierarchical.NodeTestTask.lambda$executeRecursively$5(NodeTestTask.java:143)
	at org.junit.platform.engine.support.hierarchical.ThrowableCollector.execute(ThrowableCollector.java:73)
	at org.junit.platform.engine.support.hierarchical.NodeTestTask.lambda$executeRecursively$7(NodeTestTask.java:129)
	at org.junit.platform.engine.support.hierarchical.Node.around(Node.java:137)
	at org.junit.platform.engine.support.hierarchical.NodeTestTask.lambda$executeRecursively$8(NodeTestTask.java:127)
	at org.junit.platform.engine.support.hierarchical.ThrowableCollector.execute(ThrowableCollector.java:73)
	at org.junit.platform.engine.support.hierarchical.NodeTestTask.executeRecursively(NodeTestTask.java:126)
	at org.junit.platform.engine.support.hierarchical.NodeTestTask.execute(NodeTestTask.java:84)
	at org.junit.platform.engine.support.hierarchical.SameThreadHierarchicalTestExecutorService.submit(SameThreadHierarchicalTestExecutorService.java:32)
	at org.junit.platform.engine.support.hierarchical.HierarchicalTestExecutor.execute(HierarchicalTestExecutor.java:57)
	at org.junit.platform.engine.support.hierarchical.HierarchicalTestEngine.execute(HierarchicalTestEngine.java:51)
	at org.junit.platform.launcher.core.EngineExecutionOrchestrator.execute(EngineExecutionOrchestrator.java:108)
	at org.junit.platform.launcher.core.EngineExecutionOrchestrator.execute(EngineExecutionOrchestrator.java:88)
	at org.junit.platform.launcher.core.EngineExecutionOrchestrator.lambda$execute$0(EngineExecutionOrchestrator.java:54)
	at org.junit.platform.launcher.core.EngineExecutionOrchestrator.withInterceptedStreams(EngineExecutionOrchestrator.java:67)
	at org.junit.platform.launcher.core.EngineExecutionOrchestrator.execute(EngineExecutionOrchestrator.java:52)
	at org.junit.platform.launcher.core.DefaultLauncher.execute(DefaultLauncher.java:96)
	at org.junit.platform.launcher.core.DefaultLauncher.execute(DefaultLauncher.java:75)
	at org.junit.platform.console.tasks.ConsoleTestExecutor.executeTests(ConsoleTestExecutor.java:66)
	at org.junit.platform.console.tasks.ConsoleTestExecutor.lambda$execute$0(ConsoleTestExecutor.java:58)
	at org.junit.platform.console.tasks.CustomContextClassLoaderExecutor.replaceThreadContextClassLoaderAndInvoke(CustomContextClassLoaderExecutor.java:41)
	at org.junit.platform.console.tasks.CustomContextClassLoaderExecutor.invoke(CustomContextClassLoaderExecutor.java:31)
	at org.junit.platform.console.tasks.ConsoleTestExecutor.execute(ConsoleTestExecutor.java:58)
	at org.junit.platform.console.ConsoleLauncher.executeTests(ConsoleLauncher.java:95)
	at org.junit.platform.console.ConsoleLauncher.execute(ConsoleLauncher.java:73)
	at org.junit.platform.console.ConsoleLauncher.execute(ConsoleLauncher.java:50)
	at org.junit.platform.console.ConsoleLauncher.execute(ConsoleLauncher.java:43)
	at org.junit.platform.console.ConsoleLauncher.main(ConsoleLauncher.java:37)
]]></skipped>
<system-out><![CDATA[
unique-id: [engine:junit-jupiter]/[class:minebayd1.test.TestUser]/[test-template:testget(minebayd1.User, minebayd1.AdState, java.util.Optional, int)]/[test-template-invocation:#33]
display-name: [33] Sonia a 47 annonces ouvertes, 2 annonces fermées et 2 achats 
, PURCHASE, Optional[GAMES], 0
]]></system-out>
</testcase>
<testcase name="testget(User, AdState, Optional, int)[34]" classname="minebayd1.test.TestUser" time="0.001">
<system-out><![CDATA[
unique-id: [engine:junit-jupiter]/[class:minebayd1.test.TestUser]/[test-template:testget(minebayd1.User, minebayd1.AdState, java.util.Optional, int)]/[test-template-invocation:#34]
display-name: [34] Mamadou a 59 annonces ouvertes, 2 annonces fermées et 1 achats 
, CLOSED, Optional[CLOTHES], 0
]]></system-out>
</testcase>
<testcase name="testget(User, AdState, Optional, int)[35]" classname="minebayd1.test.TestUser" time="0">
<skipped><![CDATA[org.opentest4j.TestAbortedException: Assumption failed: assumption is not true
	at org.junit.jupiter.api.Assumptions.throwTestAbortedException(Assumptions.java:256)
	at org.junit.jupiter.api.Assumptions.assumeTrue(Assumptions.java:115)
	at org.junit.jupiter.api.Assumptions.assumeTrue(Assumptions.java:66)
	at minebayd1.test.TestUser.testget(TestUser.java:961)
	at jdk.internal.reflect.GeneratedMethodAccessor6.invoke(Unknown Source)
	at java.base/jdk.internal.reflect.DelegatingMethodAccessorImpl.invoke(DelegatingMethodAccessorImpl.java:43)
	at java.base/java.lang.reflect.Method.invoke(Method.java:569)
	at org.junit.platform.commons.util.ReflectionUtils.invokeMethod(ReflectionUtils.java:688)
	at org.junit.jupiter.engine.execution.MethodInvocation.proceed(MethodInvocation.java:60)
	at org.junit.jupiter.engine.execution.InvocationInterceptorChain$ValidatingInvocation.proceed(InvocationInterceptorChain.java:131)
	at org.junit.jupiter.engine.extension.TimeoutExtension.intercept(TimeoutExtension.java:149)
	at org.junit.jupiter.engine.extension.TimeoutExtension.interceptTestableMethod(TimeoutExtension.java:140)
	at org.junit.jupiter.engine.extension.TimeoutExtension.interceptTestTemplateMethod(TimeoutExtension.java:92)
	at org.junit.jupiter.engine.execution.ExecutableInvoker$ReflectiveInterceptorCall.lambda$ofVoidMethod$0(ExecutableInvoker.java:115)
	at org.junit.jupiter.engine.execution.ExecutableInvoker.lambda$invoke$0(ExecutableInvoker.java:105)
	at org.junit.jupiter.engine.execution.InvocationInterceptorChain$InterceptedInvocation.proceed(InvocationInterceptorChain.java:106)
	at org.junit.jupiter.engine.execution.InvocationInterceptorChain.proceed(InvocationInterceptorChain.java:64)
	at org.junit.jupiter.engine.execution.InvocationInterceptorChain.chainAndInvoke(InvocationInterceptorChain.java:45)
	at org.junit.jupiter.engine.execution.InvocationInterceptorChain.invoke(InvocationInterceptorChain.java:37)
	at org.junit.jupiter.engine.execution.ExecutableInvoker.invoke(ExecutableInvoker.java:104)
	at org.junit.jupiter.engine.execution.ExecutableInvoker.invoke(ExecutableInvoker.java:98)
	at org.junit.jupiter.engine.descriptor.TestMethodTestDescriptor.lambda$invokeTestMethod$6(TestMethodTestDescriptor.java:210)
	at org.junit.platform.engine.support.hierarchical.ThrowableCollector.execute(ThrowableCollector.java:73)
	at org.junit.jupiter.engine.descriptor.TestMethodTestDescriptor.invokeTestMethod(TestMethodTestDescriptor.java:206)
	at org.junit.jupiter.engine.descriptor.TestMethodTestDescriptor.execute(TestMethodTestDescriptor.java:131)
	at org.junit.jupiter.engine.descriptor.TestMethodTestDescriptor.execute(TestMethodTestDescriptor.java:65)
	at org.junit.platform.engine.support.hierarchical.NodeTestTask.lambda$executeRecursively$5(NodeTestTask.java:139)
	at org.junit.platform.engine.support.hierarchical.ThrowableCollector.execute(ThrowableCollector.java:73)
	at org.junit.platform.engine.support.hierarchical.NodeTestTask.lambda$executeRecursively$7(NodeTestTask.java:129)
	at org.junit.platform.engine.support.hierarchical.Node.around(Node.java:137)
	at org.junit.platform.engine.support.hierarchical.NodeTestTask.lambda$executeRecursively$8(NodeTestTask.java:127)
	at org.junit.platform.engine.support.hierarchical.ThrowableCollector.execute(ThrowableCollector.java:73)
	at org.junit.platform.engine.support.hierarchical.NodeTestTask.executeRecursively(NodeTestTask.java:126)
	at org.junit.platform.engine.support.hierarchical.NodeTestTask.execute(NodeTestTask.java:84)
	at org.junit.platform.engine.support.hierarchical.SameThreadHierarchicalTestExecutorService.submit(SameThreadHierarchicalTestExecutorService.java:32)
	at org.junit.platform.engine.support.hierarchical.NodeTestTask$DefaultDynamicTestExecutor.execute(NodeTestTask.java:212)
	at org.junit.platform.engine.support.hierarchical.NodeTestTask$DefaultDynamicTestExecutor.execute(NodeTestTask.java:192)
	at org.junit.jupiter.engine.descriptor.TestTemplateTestDescriptor.execute(TestTemplateTestDescriptor.java:139)
	at org.junit.jupiter.engine.descriptor.TestTemplateTestDescriptor.lambda$execute$2(TestTemplateTestDescriptor.java:107)
	at java.base/java.util.stream.ForEachOps$ForEachOp$OfRef.accept(ForEachOps.java:183)
	at java.base/java.util.stream.ReferencePipeline$3$1.accept(ReferencePipeline.java:197)
	at java.base/java.util.stream.ReferencePipeline$2$1.accept(ReferencePipeline.java:179)
	at java.base/java.util.stream.ReferencePipeline$3$1.accept(ReferencePipeline.java:197)
	at java.base/java.util.stream.ForEachOps$ForEachOp$OfRef.accept(ForEachOps.java:183)
	at java.base/java.util.stream.ReferencePipeline$15$1.accept(ReferencePipeline.java:541)
	at java.base/java.util.stream.ReferencePipeline$3$1.accept(ReferencePipeline.java:197)
	at java.base/java.util.stream.ReferencePipeline$3$1.accept(ReferencePipeline.java:197)
	at java.base/java.util.stream.ReferencePipeline$3$1.accept(ReferencePipeline.java:197)
	at java.base/java.util.stream.ForEachOps$ForEachOp$OfRef.accept(ForEachOps.java:183)
	at java.base/java.util.stream.ReferencePipeline$3$1.accept(ReferencePipeline.java:197)
	at java.base/java.util.stream.ForEachOps$ForEachOp$OfRef.accept(ForEachOps.java:183)
	at java.base/java.util.stream.SliceOps$1$1.accept(SliceOps.java:200)
	at java.base/java.util.stream.StreamSpliterators$InfiniteSupplyingSpliterator$OfRef.tryAdvance(StreamSpliterators.java:1358)
	at java.base/java.util.stream.ReferencePipeline.forEachWithCancel(ReferencePipeline.java:129)
	at java.base/java.util.stream.AbstractPipeline.copyIntoWithCancel(AbstractPipeline.java:527)
	at java.base/java.util.stream.AbstractPipeline.copyInto(AbstractPipeline.java:513)
	at java.base/java.util.stream.AbstractPipeline.wrapAndCopyInto(AbstractPipeline.java:499)
	at java.base/java.util.stream.ForEachOps$ForEachOp.evaluateSequential(ForEachOps.java:150)
	at java.base/java.util.stream.ForEachOps$ForEachOp$OfRef.evaluateSequential(ForEachOps.java:173)
	at java.base/java.util.stream.AbstractPipeline.evaluate(AbstractPipeline.java:234)
	at java.base/java.util.stream.ReferencePipeline.forEach(ReferencePipeline.java:596)
	at java.base/java.util.stream.ReferencePipeline$7$1.accept(ReferencePipeline.java:276)
	at java.base/java.util.stream.ReferencePipeline$3$1.accept(ReferencePipeline.java:197)
	at java.base/java.util.stream.ReferencePipeline$3$1.accept(ReferencePipeline.java:197)
	at java.base/java.util.Spliterators$ArraySpliterator.forEachRemaining(Spliterators.java:992)
	at java.base/java.util.stream.AbstractPipeline.copyInto(AbstractPipeline.java:509)
	at java.base/java.util.stream.AbstractPipeline.wrapAndCopyInto(AbstractPipeline.java:499)
	at java.base/java.util.stream.ForEachOps$ForEachOp.evaluateSequential(ForEachOps.java:150)
	at java.base/java.util.stream.ForEachOps$ForEachOp$OfRef.evaluateSequential(ForEachOps.java:173)
	at java.base/java.util.stream.AbstractPipeline.evaluate(AbstractPipeline.java:234)
	at java.base/java.util.stream.ReferencePipeline.forEach(ReferencePipeline.java:596)
	at java.base/java.util.stream.ReferencePipeline$7$1.accept(ReferencePipeline.java:276)
	at java.base/java.util.stream.ReferencePipeline$3$1.accept(ReferencePipeline.java:197)
	at java.base/java.util.stream.ReferencePipeline$3$1.accept(ReferencePipeline.java:197)
	at java.base/java.util.stream.ReferencePipeline$3$1.accept(ReferencePipeline.java:197)
	at java.base/java.util.ArrayList$ArrayListSpliterator.forEachRemaining(ArrayList.java:1625)
	at java.base/java.util.stream.AbstractPipeline.copyInto(AbstractPipeline.java:509)
	at java.base/java.util.stream.AbstractPipeline.wrapAndCopyInto(AbstractPipeline.java:499)
	at java.base/java.util.stream.ForEachOps$ForEachOp.evaluateSequential(ForEachOps.java:150)
	at java.base/java.util.stream.ForEachOps$ForEachOp$OfRef.evaluateSequential(ForEachOps.java:173)
	at java.base/java.util.stream.AbstractPipeline.evaluate(AbstractPipeline.java:234)
	at java.base/java.util.stream.ReferencePipeline.forEach(ReferencePipeline.java:596)
	at java.base/java.util.stream.ReferencePipeline$7$1.accept(ReferencePipeline.java:276)
	at java.base/java.util.ArrayList$ArrayListSpliterator.forEachRemaining(ArrayList.java:1625)
	at java.base/java.util.stream.AbstractPipeline.copyInto(AbstractPipeline.java:509)
	at java.base/java.util.stream.AbstractPipeline.wrapAndCopyInto(AbstractPipeline.java:499)
	at java.base/java.util.stream.ForEachOps$ForEachOp.evaluateSequential(ForEachOps.java:150)
	at java.base/java.util.stream.ForEachOps$ForEachOp$OfRef.evaluateSequential(ForEachOps.java:173)
	at java.base/java.util.stream.AbstractPipeline.evaluate(AbstractPipeline.java:234)
	at java.base/java.util.stream.ReferencePipeline.forEach(ReferencePipeline.java:596)
	at org.junit.jupiter.engine.descriptor.TestTemplateTestDescriptor.execute(TestTemplateTestDescriptor.java:107)
	at org.junit.jupiter.engine.descriptor.TestTemplateTestDescriptor.execute(TestTemplateTestDescriptor.java:42)
	at org.junit.platform.engine.support.hierarchical.NodeTestTask.lambda$executeRecursively$5(NodeTestTask.java:139)
	at org.junit.platform.engine.support.hierarchical.ThrowableCollector.execute(ThrowableCollector.java:73)
	at org.junit.platform.engine.support.hierarchical.NodeTestTask.lambda$executeRecursively$7(NodeTestTask.java:129)
	at org.junit.platform.engine.support.hierarchical.Node.around(Node.java:137)
	at org.junit.platform.engine.support.hierarchical.NodeTestTask.lambda$executeRecursively$8(NodeTestTask.java:127)
	at org.junit.platform.engine.support.hierarchical.ThrowableCollector.execute(ThrowableCollector.java:73)
	at org.junit.platform.engine.support.hierarchical.NodeTestTask.executeRecursively(NodeTestTask.java:126)
	at org.junit.platform.engine.support.hierarchical.NodeTestTask.execute(NodeTestTask.java:84)
	at java.base/java.util.ArrayList.forEach(ArrayList.java:1511)
	at org.junit.platform.engine.support.hierarchical.SameThreadHierarchicalTestExecutorService.invokeAll(SameThreadHierarchicalTestExecutorService.java:38)
	at org.junit.platform.engine.support.hierarchical.NodeTestTask.lambda$executeRecursively$5(NodeTestTask.java:143)
	at org.junit.platform.engine.support.hierarchical.ThrowableCollector.execute(ThrowableCollector.java:73)
	at org.junit.platform.engine.support.hierarchical.NodeTestTask.lambda$executeRecursively$7(NodeTestTask.java:129)
	at org.junit.platform.engine.support.hierarchical.Node.around(Node.java:137)
	at org.junit.platform.engine.support.hierarchical.NodeTestTask.lambda$executeRecursively$8(NodeTestTask.java:127)
	at org.junit.platform.engine.support.hierarchical.ThrowableCollector.execute(ThrowableCollector.java:73)
	at org.junit.platform.engine.support.hierarchical.NodeTestTask.executeRecursively(NodeTestTask.java:126)
	at org.junit.platform.engine.support.hierarchical.NodeTestTask.execute(NodeTestTask.java:84)
	at java.base/java.util.ArrayList.forEach(ArrayList.java:1511)
	at org.junit.platform.engine.support.hierarchical.SameThreadHierarchicalTestExecutorService.invokeAll(SameThreadHierarchicalTestExecutorService.java:38)
	at org.junit.platform.engine.support.hierarchical.NodeTestTask.lambda$executeRecursively$5(NodeTestTask.java:143)
	at org.junit.platform.engine.support.hierarchical.ThrowableCollector.execute(ThrowableCollector.java:73)
	at org.junit.platform.engine.support.hierarchical.NodeTestTask.lambda$executeRecursively$7(NodeTestTask.java:129)
	at org.junit.platform.engine.support.hierarchical.Node.around(Node.java:137)
	at org.junit.platform.engine.support.hierarchical.NodeTestTask.lambda$executeRecursively$8(NodeTestTask.java:127)
	at org.junit.platform.engine.support.hierarchical.ThrowableCollector.execute(ThrowableCollector.java:73)
	at org.junit.platform.engine.support.hierarchical.NodeTestTask.executeRecursively(NodeTestTask.java:126)
	at org.junit.platform.engine.support.hierarchical.NodeTestTask.execute(NodeTestTask.java:84)
	at org.junit.platform.engine.support.hierarchical.SameThreadHierarchicalTestExecutorService.submit(SameThreadHierarchicalTestExecutorService.java:32)
	at org.junit.platform.engine.support.hierarchical.HierarchicalTestExecutor.execute(HierarchicalTestExecutor.java:57)
	at org.junit.platform.engine.support.hierarchical.HierarchicalTestEngine.execute(HierarchicalTestEngine.java:51)
	at org.junit.platform.launcher.core.EngineExecutionOrchestrator.execute(EngineExecutionOrchestrator.java:108)
	at org.junit.platform.launcher.core.EngineExecutionOrchestrator.execute(EngineExecutionOrchestrator.java:88)
	at org.junit.platform.launcher.core.EngineExecutionOrchestrator.lambda$execute$0(EngineExecutionOrchestrator.java:54)
	at org.junit.platform.launcher.core.EngineExecutionOrchestrator.withInterceptedStreams(EngineExecutionOrchestrator.java:67)
	at org.junit.platform.launcher.core.EngineExecutionOrchestrator.execute(EngineExecutionOrchestrator.java:52)
	at org.junit.platform.launcher.core.DefaultLauncher.execute(DefaultLauncher.java:96)
	at org.junit.platform.launcher.core.DefaultLauncher.execute(DefaultLauncher.java:75)
	at org.junit.platform.console.tasks.ConsoleTestExecutor.executeTests(ConsoleTestExecutor.java:66)
	at org.junit.platform.console.tasks.ConsoleTestExecutor.lambda$execute$0(ConsoleTestExecutor.java:58)
	at org.junit.platform.console.tasks.CustomContextClassLoaderExecutor.replaceThreadContextClassLoaderAndInvoke(CustomContextClassLoaderExecutor.java:41)
	at org.junit.platform.console.tasks.CustomContextClassLoaderExecutor.invoke(CustomContextClassLoaderExecutor.java:31)
	at org.junit.platform.console.tasks.ConsoleTestExecutor.execute(ConsoleTestExecutor.java:58)
	at org.junit.platform.console.ConsoleLauncher.executeTests(ConsoleLauncher.java:95)
	at org.junit.platform.console.ConsoleLauncher.execute(ConsoleLauncher.java:73)
	at org.junit.platform.console.ConsoleLauncher.execute(ConsoleLauncher.java:50)
	at org.junit.platform.console.ConsoleLauncher.execute(ConsoleLauncher.java:43)
	at org.junit.platform.console.ConsoleLauncher.main(ConsoleLauncher.java:37)
]]></skipped>
<system-out><![CDATA[
unique-id: [engine:junit-jupiter]/[class:minebayd1.test.TestUser]/[test-template:testget(minebayd1.User, minebayd1.AdState, java.util.Optional, int)]/[test-template-invocation:#35]
display-name: [35] Adam a 49 annonces ouvertes, 3 annonces fermées et 3 achats 
, PURCHASE, Optional[BOOKS], 0
]]></system-out>
</testcase>
<testcase name="testget(User, AdState, Optional, int)[36]" classname="minebayd1.test.TestUser" time="0">
<skipped><![CDATA[org.opentest4j.TestAbortedException: Assumption failed: assumption is not true
	at org.junit.jupiter.api.Assumptions.throwTestAbortedException(Assumptions.java:256)
	at org.junit.jupiter.api.Assumptions.assumeTrue(Assumptions.java:115)
	at org.junit.jupiter.api.Assumptions.assumeTrue(Assumptions.java:66)
	at minebayd1.test.TestUser.testget(TestUser.java:961)
	at jdk.internal.reflect.GeneratedMethodAccessor6.invoke(Unknown Source)
	at java.base/jdk.internal.reflect.DelegatingMethodAccessorImpl.invoke(DelegatingMethodAccessorImpl.java:43)
	at java.base/java.lang.reflect.Method.invoke(Method.java:569)
	at org.junit.platform.commons.util.ReflectionUtils.invokeMethod(ReflectionUtils.java:688)
	at org.junit.jupiter.engine.execution.MethodInvocation.proceed(MethodInvocation.java:60)
	at org.junit.jupiter.engine.execution.InvocationInterceptorChain$ValidatingInvocation.proceed(InvocationInterceptorChain.java:131)
	at org.junit.jupiter.engine.extension.TimeoutExtension.intercept(TimeoutExtension.java:149)
	at org.junit.jupiter.engine.extension.TimeoutExtension.interceptTestableMethod(TimeoutExtension.java:140)
	at org.junit.jupiter.engine.extension.TimeoutExtension.interceptTestTemplateMethod(TimeoutExtension.java:92)
	at org.junit.jupiter.engine.execution.ExecutableInvoker$ReflectiveInterceptorCall.lambda$ofVoidMethod$0(ExecutableInvoker.java:115)
	at org.junit.jupiter.engine.execution.ExecutableInvoker.lambda$invoke$0(ExecutableInvoker.java:105)
	at org.junit.jupiter.engine.execution.InvocationInterceptorChain$InterceptedInvocation.proceed(InvocationInterceptorChain.java:106)
	at org.junit.jupiter.engine.execution.InvocationInterceptorChain.proceed(InvocationInterceptorChain.java:64)
	at org.junit.jupiter.engine.execution.InvocationInterceptorChain.chainAndInvoke(InvocationInterceptorChain.java:45)
	at org.junit.jupiter.engine.execution.InvocationInterceptorChain.invoke(InvocationInterceptorChain.java:37)
	at org.junit.jupiter.engine.execution.ExecutableInvoker.invoke(ExecutableInvoker.java:104)
	at org.junit.jupiter.engine.execution.ExecutableInvoker.invoke(ExecutableInvoker.java:98)
	at org.junit.jupiter.engine.descriptor.TestMethodTestDescriptor.lambda$invokeTestMethod$6(TestMethodTestDescriptor.java:210)
	at org.junit.platform.engine.support.hierarchical.ThrowableCollector.execute(ThrowableCollector.java:73)
	at org.junit.jupiter.engine.descriptor.TestMethodTestDescriptor.invokeTestMethod(TestMethodTestDescriptor.java:206)
	at org.junit.jupiter.engine.descriptor.TestMethodTestDescriptor.execute(TestMethodTestDescriptor.java:131)
	at org.junit.jupiter.engine.descriptor.TestMethodTestDescriptor.execute(TestMethodTestDescriptor.java:65)
	at org.junit.platform.engine.support.hierarchical.NodeTestTask.lambda$executeRecursively$5(NodeTestTask.java:139)
	at org.junit.platform.engine.support.hierarchical.ThrowableCollector.execute(ThrowableCollector.java:73)
	at org.junit.platform.engine.support.hierarchical.NodeTestTask.lambda$executeRecursively$7(NodeTestTask.java:129)
	at org.junit.platform.engine.support.hierarchical.Node.around(Node.java:137)
	at org.junit.platform.engine.support.hierarchical.NodeTestTask.lambda$executeRecursively$8(NodeTestTask.java:127)
	at org.junit.platform.engine.support.hierarchical.ThrowableCollector.execute(ThrowableCollector.java:73)
	at org.junit.platform.engine.support.hierarchical.NodeTestTask.executeRecursively(NodeTestTask.java:126)
	at org.junit.platform.engine.support.hierarchical.NodeTestTask.execute(NodeTestTask.java:84)
	at org.junit.platform.engine.support.hierarchical.SameThreadHierarchicalTestExecutorService.submit(SameThreadHierarchicalTestExecutorService.java:32)
	at org.junit.platform.engine.support.hierarchical.NodeTestTask$DefaultDynamicTestExecutor.execute(NodeTestTask.java:212)
	at org.junit.platform.engine.support.hierarchical.NodeTestTask$DefaultDynamicTestExecutor.execute(NodeTestTask.java:192)
	at org.junit.jupiter.engine.descriptor.TestTemplateTestDescriptor.execute(TestTemplateTestDescriptor.java:139)
	at org.junit.jupiter.engine.descriptor.TestTemplateTestDescriptor.lambda$execute$2(TestTemplateTestDescriptor.java:107)
	at java.base/java.util.stream.ForEachOps$ForEachOp$OfRef.accept(ForEachOps.java:183)
	at java.base/java.util.stream.ReferencePipeline$3$1.accept(ReferencePipeline.java:197)
	at java.base/java.util.stream.ReferencePipeline$2$1.accept(ReferencePipeline.java:179)
	at java.base/java.util.stream.ReferencePipeline$3$1.accept(ReferencePipeline.java:197)
	at java.base/java.util.stream.ForEachOps$ForEachOp$OfRef.accept(ForEachOps.java:183)
	at java.base/java.util.stream.ReferencePipeline$15$1.accept(ReferencePipeline.java:541)
	at java.base/java.util.stream.ReferencePipeline$3$1.accept(ReferencePipeline.java:197)
	at java.base/java.util.stream.ReferencePipeline$3$1.accept(ReferencePipeline.java:197)
	at java.base/java.util.stream.ReferencePipeline$3$1.accept(ReferencePipeline.java:197)
	at java.base/java.util.stream.ForEachOps$ForEachOp$OfRef.accept(ForEachOps.java:183)
	at java.base/java.util.stream.ReferencePipeline$3$1.accept(ReferencePipeline.java:197)
	at java.base/java.util.stream.ForEachOps$ForEachOp$OfRef.accept(ForEachOps.java:183)
	at java.base/java.util.stream.SliceOps$1$1.accept(SliceOps.java:200)
	at java.base/java.util.stream.StreamSpliterators$InfiniteSupplyingSpliterator$OfRef.tryAdvance(StreamSpliterators.java:1358)
	at java.base/java.util.stream.ReferencePipeline.forEachWithCancel(ReferencePipeline.java:129)
	at java.base/java.util.stream.AbstractPipeline.copyIntoWithCancel(AbstractPipeline.java:527)
	at java.base/java.util.stream.AbstractPipeline.copyInto(AbstractPipeline.java:513)
	at java.base/java.util.stream.AbstractPipeline.wrapAndCopyInto(AbstractPipeline.java:499)
	at java.base/java.util.stream.ForEachOps$ForEachOp.evaluateSequential(ForEachOps.java:150)
	at java.base/java.util.stream.ForEachOps$ForEachOp$OfRef.evaluateSequential(ForEachOps.java:173)
	at java.base/java.util.stream.AbstractPipeline.evaluate(AbstractPipeline.java:234)
	at java.base/java.util.stream.ReferencePipeline.forEach(ReferencePipeline.java:596)
	at java.base/java.util.stream.ReferencePipeline$7$1.accept(ReferencePipeline.java:276)
	at java.base/java.util.stream.ReferencePipeline$3$1.accept(ReferencePipeline.java:197)
	at java.base/java.util.stream.ReferencePipeline$3$1.accept(ReferencePipeline.java:197)
	at java.base/java.util.Spliterators$ArraySpliterator.forEachRemaining(Spliterators.java:992)
	at java.base/java.util.stream.AbstractPipeline.copyInto(AbstractPipeline.java:509)
	at java.base/java.util.stream.AbstractPipeline.wrapAndCopyInto(AbstractPipeline.java:499)
	at java.base/java.util.stream.ForEachOps$ForEachOp.evaluateSequential(ForEachOps.java:150)
	at java.base/java.util.stream.ForEachOps$ForEachOp$OfRef.evaluateSequential(ForEachOps.java:173)
	at java.base/java.util.stream.AbstractPipeline.evaluate(AbstractPipeline.java:234)
	at java.base/java.util.stream.ReferencePipeline.forEach(ReferencePipeline.java:596)
	at java.base/java.util.stream.ReferencePipeline$7$1.accept(ReferencePipeline.java:276)
	at java.base/java.util.stream.ReferencePipeline$3$1.accept(ReferencePipeline.java:197)
	at java.base/java.util.stream.ReferencePipeline$3$1.accept(ReferencePipeline.java:197)
	at java.base/java.util.stream.ReferencePipeline$3$1.accept(ReferencePipeline.java:197)
	at java.base/java.util.ArrayList$ArrayListSpliterator.forEachRemaining(ArrayList.java:1625)
	at java.base/java.util.stream.AbstractPipeline.copyInto(AbstractPipeline.java:509)
	at java.base/java.util.stream.AbstractPipeline.wrapAndCopyInto(AbstractPipeline.java:499)
	at java.base/java.util.stream.ForEachOps$ForEachOp.evaluateSequential(ForEachOps.java:150)
	at java.base/java.util.stream.ForEachOps$ForEachOp$OfRef.evaluateSequential(ForEachOps.java:173)
	at java.base/java.util.stream.AbstractPipeline.evaluate(AbstractPipeline.java:234)
	at java.base/java.util.stream.ReferencePipeline.forEach(ReferencePipeline.java:596)
	at java.base/java.util.stream.ReferencePipeline$7$1.accept(ReferencePipeline.java:276)
	at java.base/java.util.ArrayList$ArrayListSpliterator.forEachRemaining(ArrayList.java:1625)
	at java.base/java.util.stream.AbstractPipeline.copyInto(AbstractPipeline.java:509)
	at java.base/java.util.stream.AbstractPipeline.wrapAndCopyInto(AbstractPipeline.java:499)
	at java.base/java.util.stream.ForEachOps$ForEachOp.evaluateSequential(ForEachOps.java:150)
	at java.base/java.util.stream.ForEachOps$ForEachOp$OfRef.evaluateSequential(ForEachOps.java:173)
	at java.base/java.util.stream.AbstractPipeline.evaluate(AbstractPipeline.java:234)
	at java.base/java.util.stream.ReferencePipeline.forEach(ReferencePipeline.java:596)
	at org.junit.jupiter.engine.descriptor.TestTemplateTestDescriptor.execute(TestTemplateTestDescriptor.java:107)
	at org.junit.jupiter.engine.descriptor.TestTemplateTestDescriptor.execute(TestTemplateTestDescriptor.java:42)
	at org.junit.platform.engine.support.hierarchical.NodeTestTask.lambda$executeRecursively$5(NodeTestTask.java:139)
	at org.junit.platform.engine.support.hierarchical.ThrowableCollector.execute(ThrowableCollector.java:73)
	at org.junit.platform.engine.support.hierarchical.NodeTestTask.lambda$executeRecursively$7(NodeTestTask.java:129)
	at org.junit.platform.engine.support.hierarchical.Node.around(Node.java:137)
	at org.junit.platform.engine.support.hierarchical.NodeTestTask.lambda$executeRecursively$8(NodeTestTask.java:127)
	at org.junit.platform.engine.support.hierarchical.ThrowableCollector.execute(ThrowableCollector.java:73)
	at org.junit.platform.engine.support.hierarchical.NodeTestTask.executeRecursively(NodeTestTask.java:126)
	at org.junit.platform.engine.support.hierarchical.NodeTestTask.execute(NodeTestTask.java:84)
	at java.base/java.util.ArrayList.forEach(ArrayList.java:1511)
	at org.junit.platform.engine.support.hierarchical.SameThreadHierarchicalTestExecutorService.invokeAll(SameThreadHierarchicalTestExecutorService.java:38)
	at org.junit.platform.engine.support.hierarchical.NodeTestTask.lambda$executeRecursively$5(NodeTestTask.java:143)
	at org.junit.platform.engine.support.hierarchical.ThrowableCollector.execute(ThrowableCollector.java:73)
	at org.junit.platform.engine.support.hierarchical.NodeTestTask.lambda$executeRecursively$7(NodeTestTask.java:129)
	at org.junit.platform.engine.support.hierarchical.Node.around(Node.java:137)
	at org.junit.platform.engine.support.hierarchical.NodeTestTask.lambda$executeRecursively$8(NodeTestTask.java:127)
	at org.junit.platform.engine.support.hierarchical.ThrowableCollector.execute(ThrowableCollector.java:73)
	at org.junit.platform.engine.support.hierarchical.NodeTestTask.executeRecursively(NodeTestTask.java:126)
	at org.junit.platform.engine.support.hierarchical.NodeTestTask.execute(NodeTestTask.java:84)
	at java.base/java.util.ArrayList.forEach(ArrayList.java:1511)
	at org.junit.platform.engine.support.hierarchical.SameThreadHierarchicalTestExecutorService.invokeAll(SameThreadHierarchicalTestExecutorService.java:38)
	at org.junit.platform.engine.support.hierarchical.NodeTestTask.lambda$executeRecursively$5(NodeTestTask.java:143)
	at org.junit.platform.engine.support.hierarchical.ThrowableCollector.execute(ThrowableCollector.java:73)
	at org.junit.platform.engine.support.hierarchical.NodeTestTask.lambda$executeRecursively$7(NodeTestTask.java:129)
	at org.junit.platform.engine.support.hierarchical.Node.around(Node.java:137)
	at org.junit.platform.engine.support.hierarchical.NodeTestTask.lambda$executeRecursively$8(NodeTestTask.java:127)
	at org.junit.platform.engine.support.hierarchical.ThrowableCollector.execute(ThrowableCollector.java:73)
	at org.junit.platform.engine.support.hierarchical.NodeTestTask.executeRecursively(NodeTestTask.java:126)
	at org.junit.platform.engine.support.hierarchical.NodeTestTask.execute(NodeTestTask.java:84)
	at org.junit.platform.engine.support.hierarchical.SameThreadHierarchicalTestExecutorService.submit(SameThreadHierarchicalTestExecutorService.java:32)
	at org.junit.platform.engine.support.hierarchical.HierarchicalTestExecutor.execute(HierarchicalTestExecutor.java:57)
	at org.junit.platform.engine.support.hierarchical.HierarchicalTestEngine.execute(HierarchicalTestEngine.java:51)
	at org.junit.platform.launcher.core.EngineExecutionOrchestrator.execute(EngineExecutionOrchestrator.java:108)
	at org.junit.platform.launcher.core.EngineExecutionOrchestrator.execute(EngineExecutionOrchestrator.java:88)
	at org.junit.platform.launcher.core.EngineExecutionOrchestrator.lambda$execute$0(EngineExecutionOrchestrator.java:54)
	at org.junit.platform.launcher.core.EngineExecutionOrchestrator.withInterceptedStreams(EngineExecutionOrchestrator.java:67)
	at org.junit.platform.launcher.core.EngineExecutionOrchestrator.execute(EngineExecutionOrchestrator.java:52)
	at org.junit.platform.launcher.core.DefaultLauncher.execute(DefaultLauncher.java:96)
	at org.junit.platform.launcher.core.DefaultLauncher.execute(DefaultLauncher.java:75)
	at org.junit.platform.console.tasks.ConsoleTestExecutor.executeTests(ConsoleTestExecutor.java:66)
	at org.junit.platform.console.tasks.ConsoleTestExecutor.lambda$execute$0(ConsoleTestExecutor.java:58)
	at org.junit.platform.console.tasks.CustomContextClassLoaderExecutor.replaceThreadContextClassLoaderAndInvoke(CustomContextClassLoaderExecutor.java:41)
	at org.junit.platform.console.tasks.CustomContextClassLoaderExecutor.invoke(CustomContextClassLoaderExecutor.java:31)
	at org.junit.platform.console.tasks.ConsoleTestExecutor.execute(ConsoleTestExecutor.java:58)
	at org.junit.platform.console.ConsoleLauncher.executeTests(ConsoleLauncher.java:95)
	at org.junit.platform.console.ConsoleLauncher.execute(ConsoleLauncher.java:73)
	at org.junit.platform.console.ConsoleLauncher.execute(ConsoleLauncher.java:50)
	at org.junit.platform.console.ConsoleLauncher.execute(ConsoleLauncher.java:43)
	at org.junit.platform.console.ConsoleLauncher.main(ConsoleLauncher.java:37)
]]></skipped>
<system-out><![CDATA[
unique-id: [engine:junit-jupiter]/[class:minebayd1.test.TestUser]/[test-template:testget(minebayd1.User, minebayd1.AdState, java.util.Optional, int)]/[test-template-invocation:#36]
display-name: [36] Sonia a 47 annonces ouvertes, 2 annonces fermées et 2 achats 
, PURCHASE, Optional[CLOTHES], 1
]]></system-out>
</testcase>
<testcase name="testget(User, AdState, Optional, int)[37]" classname="minebayd1.test.TestUser" time="0">
<skipped><![CDATA[org.opentest4j.TestAbortedException: Assumption failed: assumption is not true
	at org.junit.jupiter.api.Assumptions.throwTestAbortedException(Assumptions.java:256)
	at org.junit.jupiter.api.Assumptions.assumeTrue(Assumptions.java:115)
	at org.junit.jupiter.api.Assumptions.assumeTrue(Assumptions.java:66)
	at minebayd1.test.TestUser.testget(TestUser.java:961)
	at jdk.internal.reflect.GeneratedMethodAccessor6.invoke(Unknown Source)
	at java.base/jdk.internal.reflect.DelegatingMethodAccessorImpl.invoke(DelegatingMethodAccessorImpl.java:43)
	at java.base/java.lang.reflect.Method.invoke(Method.java:569)
	at org.junit.platform.commons.util.ReflectionUtils.invokeMethod(ReflectionUtils.java:688)
	at org.junit.jupiter.engine.execution.MethodInvocation.proceed(MethodInvocation.java:60)
	at org.junit.jupiter.engine.execution.InvocationInterceptorChain$ValidatingInvocation.proceed(InvocationInterceptorChain.java:131)
	at org.junit.jupiter.engine.extension.TimeoutExtension.intercept(TimeoutExtension.java:149)
	at org.junit.jupiter.engine.extension.TimeoutExtension.interceptTestableMethod(TimeoutExtension.java:140)
	at org.junit.jupiter.engine.extension.TimeoutExtension.interceptTestTemplateMethod(TimeoutExtension.java:92)
	at org.junit.jupiter.engine.execution.ExecutableInvoker$ReflectiveInterceptorCall.lambda$ofVoidMethod$0(ExecutableInvoker.java:115)
	at org.junit.jupiter.engine.execution.ExecutableInvoker.lambda$invoke$0(ExecutableInvoker.java:105)
	at org.junit.jupiter.engine.execution.InvocationInterceptorChain$InterceptedInvocation.proceed(InvocationInterceptorChain.java:106)
	at org.junit.jupiter.engine.execution.InvocationInterceptorChain.proceed(InvocationInterceptorChain.java:64)
	at org.junit.jupiter.engine.execution.InvocationInterceptorChain.chainAndInvoke(InvocationInterceptorChain.java:45)
	at org.junit.jupiter.engine.execution.InvocationInterceptorChain.invoke(InvocationInterceptorChain.java:37)
	at org.junit.jupiter.engine.execution.ExecutableInvoker.invoke(ExecutableInvoker.java:104)
	at org.junit.jupiter.engine.execution.ExecutableInvoker.invoke(ExecutableInvoker.java:98)
	at org.junit.jupiter.engine.descriptor.TestMethodTestDescriptor.lambda$invokeTestMethod$6(TestMethodTestDescriptor.java:210)
	at org.junit.platform.engine.support.hierarchical.ThrowableCollector.execute(ThrowableCollector.java:73)
	at org.junit.jupiter.engine.descriptor.TestMethodTestDescriptor.invokeTestMethod(TestMethodTestDescriptor.java:206)
	at org.junit.jupiter.engine.descriptor.TestMethodTestDescriptor.execute(TestMethodTestDescriptor.java:131)
	at org.junit.jupiter.engine.descriptor.TestMethodTestDescriptor.execute(TestMethodTestDescriptor.java:65)
	at org.junit.platform.engine.support.hierarchical.NodeTestTask.lambda$executeRecursively$5(NodeTestTask.java:139)
	at org.junit.platform.engine.support.hierarchical.ThrowableCollector.execute(ThrowableCollector.java:73)
	at org.junit.platform.engine.support.hierarchical.NodeTestTask.lambda$executeRecursively$7(NodeTestTask.java:129)
	at org.junit.platform.engine.support.hierarchical.Node.around(Node.java:137)
	at org.junit.platform.engine.support.hierarchical.NodeTestTask.lambda$executeRecursively$8(NodeTestTask.java:127)
	at org.junit.platform.engine.support.hierarchical.ThrowableCollector.execute(ThrowableCollector.java:73)
	at org.junit.platform.engine.support.hierarchical.NodeTestTask.executeRecursively(NodeTestTask.java:126)
	at org.junit.platform.engine.support.hierarchical.NodeTestTask.execute(NodeTestTask.java:84)
	at org.junit.platform.engine.support.hierarchical.SameThreadHierarchicalTestExecutorService.submit(SameThreadHierarchicalTestExecutorService.java:32)
	at org.junit.platform.engine.support.hierarchical.NodeTestTask$DefaultDynamicTestExecutor.execute(NodeTestTask.java:212)
	at org.junit.platform.engine.support.hierarchical.NodeTestTask$DefaultDynamicTestExecutor.execute(NodeTestTask.java:192)
	at org.junit.jupiter.engine.descriptor.TestTemplateTestDescriptor.execute(TestTemplateTestDescriptor.java:139)
	at org.junit.jupiter.engine.descriptor.TestTemplateTestDescriptor.lambda$execute$2(TestTemplateTestDescriptor.java:107)
	at java.base/java.util.stream.ForEachOps$ForEachOp$OfRef.accept(ForEachOps.java:183)
	at java.base/java.util.stream.ReferencePipeline$3$1.accept(ReferencePipeline.java:197)
	at java.base/java.util.stream.ReferencePipeline$2$1.accept(ReferencePipeline.java:179)
	at java.base/java.util.stream.ReferencePipeline$3$1.accept(ReferencePipeline.java:197)
	at java.base/java.util.stream.ForEachOps$ForEachOp$OfRef.accept(ForEachOps.java:183)
	at java.base/java.util.stream.ReferencePipeline$15$1.accept(ReferencePipeline.java:541)
	at java.base/java.util.stream.ReferencePipeline$3$1.accept(ReferencePipeline.java:197)
	at java.base/java.util.stream.ReferencePipeline$3$1.accept(ReferencePipeline.java:197)
	at java.base/java.util.stream.ReferencePipeline$3$1.accept(ReferencePipeline.java:197)
	at java.base/java.util.stream.ForEachOps$ForEachOp$OfRef.accept(ForEachOps.java:183)
	at java.base/java.util.stream.ReferencePipeline$3$1.accept(ReferencePipeline.java:197)
	at java.base/java.util.stream.ForEachOps$ForEachOp$OfRef.accept(ForEachOps.java:183)
	at java.base/java.util.stream.SliceOps$1$1.accept(SliceOps.java:200)
	at java.base/java.util.stream.StreamSpliterators$InfiniteSupplyingSpliterator$OfRef.tryAdvance(StreamSpliterators.java:1358)
	at java.base/java.util.stream.ReferencePipeline.forEachWithCancel(ReferencePipeline.java:129)
	at java.base/java.util.stream.AbstractPipeline.copyIntoWithCancel(AbstractPipeline.java:527)
	at java.base/java.util.stream.AbstractPipeline.copyInto(AbstractPipeline.java:513)
	at java.base/java.util.stream.AbstractPipeline.wrapAndCopyInto(AbstractPipeline.java:499)
	at java.base/java.util.stream.ForEachOps$ForEachOp.evaluateSequential(ForEachOps.java:150)
	at java.base/java.util.stream.ForEachOps$ForEachOp$OfRef.evaluateSequential(ForEachOps.java:173)
	at java.base/java.util.stream.AbstractPipeline.evaluate(AbstractPipeline.java:234)
	at java.base/java.util.stream.ReferencePipeline.forEach(ReferencePipeline.java:596)
	at java.base/java.util.stream.ReferencePipeline$7$1.accept(ReferencePipeline.java:276)
	at java.base/java.util.stream.ReferencePipeline$3$1.accept(ReferencePipeline.java:197)
	at java.base/java.util.stream.ReferencePipeline$3$1.accept(ReferencePipeline.java:197)
	at java.base/java.util.Spliterators$ArraySpliterator.forEachRemaining(Spliterators.java:992)
	at java.base/java.util.stream.AbstractPipeline.copyInto(AbstractPipeline.java:509)
	at java.base/java.util.stream.AbstractPipeline.wrapAndCopyInto(AbstractPipeline.java:499)
	at java.base/java.util.stream.ForEachOps$ForEachOp.evaluateSequential(ForEachOps.java:150)
	at java.base/java.util.stream.ForEachOps$ForEachOp$OfRef.evaluateSequential(ForEachOps.java:173)
	at java.base/java.util.stream.AbstractPipeline.evaluate(AbstractPipeline.java:234)
	at java.base/java.util.stream.ReferencePipeline.forEach(ReferencePipeline.java:596)
	at java.base/java.util.stream.ReferencePipeline$7$1.accept(ReferencePipeline.java:276)
	at java.base/java.util.stream.ReferencePipeline$3$1.accept(ReferencePipeline.java:197)
	at java.base/java.util.stream.ReferencePipeline$3$1.accept(ReferencePipeline.java:197)
	at java.base/java.util.stream.ReferencePipeline$3$1.accept(ReferencePipeline.java:197)
	at java.base/java.util.ArrayList$ArrayListSpliterator.forEachRemaining(ArrayList.java:1625)
	at java.base/java.util.stream.AbstractPipeline.copyInto(AbstractPipeline.java:509)
	at java.base/java.util.stream.AbstractPipeline.wrapAndCopyInto(AbstractPipeline.java:499)
	at java.base/java.util.stream.ForEachOps$ForEachOp.evaluateSequential(ForEachOps.java:150)
	at java.base/java.util.stream.ForEachOps$ForEachOp$OfRef.evaluateSequential(ForEachOps.java:173)
	at java.base/java.util.stream.AbstractPipeline.evaluate(AbstractPipeline.java:234)
	at java.base/java.util.stream.ReferencePipeline.forEach(ReferencePipeline.java:596)
	at java.base/java.util.stream.ReferencePipeline$7$1.accept(ReferencePipeline.java:276)
	at java.base/java.util.ArrayList$ArrayListSpliterator.forEachRemaining(ArrayList.java:1625)
	at java.base/java.util.stream.AbstractPipeline.copyInto(AbstractPipeline.java:509)
	at java.base/java.util.stream.AbstractPipeline.wrapAndCopyInto(AbstractPipeline.java:499)
	at java.base/java.util.stream.ForEachOps$ForEachOp.evaluateSequential(ForEachOps.java:150)
	at java.base/java.util.stream.ForEachOps$ForEachOp$OfRef.evaluateSequential(ForEachOps.java:173)
	at java.base/java.util.stream.AbstractPipeline.evaluate(AbstractPipeline.java:234)
	at java.base/java.util.stream.ReferencePipeline.forEach(ReferencePipeline.java:596)
	at org.junit.jupiter.engine.descriptor.TestTemplateTestDescriptor.execute(TestTemplateTestDescriptor.java:107)
	at org.junit.jupiter.engine.descriptor.TestTemplateTestDescriptor.execute(TestTemplateTestDescriptor.java:42)
	at org.junit.platform.engine.support.hierarchical.NodeTestTask.lambda$executeRecursively$5(NodeTestTask.java:139)
	at org.junit.platform.engine.support.hierarchical.ThrowableCollector.execute(ThrowableCollector.java:73)
	at org.junit.platform.engine.support.hierarchical.NodeTestTask.lambda$executeRecursively$7(NodeTestTask.java:129)
	at org.junit.platform.engine.support.hierarchical.Node.around(Node.java:137)
	at org.junit.platform.engine.support.hierarchical.NodeTestTask.lambda$executeRecursively$8(NodeTestTask.java:127)
	at org.junit.platform.engine.support.hierarchical.ThrowableCollector.execute(ThrowableCollector.java:73)
	at org.junit.platform.engine.support.hierarchical.NodeTestTask.executeRecursively(NodeTestTask.java:126)
	at org.junit.platform.engine.support.hierarchical.NodeTestTask.execute(NodeTestTask.java:84)
	at java.base/java.util.ArrayList.forEach(ArrayList.java:1511)
	at org.junit.platform.engine.support.hierarchical.SameThreadHierarchicalTestExecutorService.invokeAll(SameThreadHierarchicalTestExecutorService.java:38)
	at org.junit.platform.engine.support.hierarchical.NodeTestTask.lambda$executeRecursively$5(NodeTestTask.java:143)
	at org.junit.platform.engine.support.hierarchical.ThrowableCollector.execute(ThrowableCollector.java:73)
	at org.junit.platform.engine.support.hierarchical.NodeTestTask.lambda$executeRecursively$7(NodeTestTask.java:129)
	at org.junit.platform.engine.support.hierarchical.Node.around(Node.java:137)
	at org.junit.platform.engine.support.hierarchical.NodeTestTask.lambda$executeRecursively$8(NodeTestTask.java:127)
	at org.junit.platform.engine.support.hierarchical.ThrowableCollector.execute(ThrowableCollector.java:73)
	at org.junit.platform.engine.support.hierarchical.NodeTestTask.executeRecursively(NodeTestTask.java:126)
	at org.junit.platform.engine.support.hierarchical.NodeTestTask.execute(NodeTestTask.java:84)
	at java.base/java.util.ArrayList.forEach(ArrayList.java:1511)
	at org.junit.platform.engine.support.hierarchical.SameThreadHierarchicalTestExecutorService.invokeAll(SameThreadHierarchicalTestExecutorService.java:38)
	at org.junit.platform.engine.support.hierarchical.NodeTestTask.lambda$executeRecursively$5(NodeTestTask.java:143)
	at org.junit.platform.engine.support.hierarchical.ThrowableCollector.execute(ThrowableCollector.java:73)
	at org.junit.platform.engine.support.hierarchical.NodeTestTask.lambda$executeRecursively$7(NodeTestTask.java:129)
	at org.junit.platform.engine.support.hierarchical.Node.around(Node.java:137)
	at org.junit.platform.engine.support.hierarchical.NodeTestTask.lambda$executeRecursively$8(NodeTestTask.java:127)
	at org.junit.platform.engine.support.hierarchical.ThrowableCollector.execute(ThrowableCollector.java:73)
	at org.junit.platform.engine.support.hierarchical.NodeTestTask.executeRecursively(NodeTestTask.java:126)
	at org.junit.platform.engine.support.hierarchical.NodeTestTask.execute(NodeTestTask.java:84)
	at org.junit.platform.engine.support.hierarchical.SameThreadHierarchicalTestExecutorService.submit(SameThreadHierarchicalTestExecutorService.java:32)
	at org.junit.platform.engine.support.hierarchical.HierarchicalTestExecutor.execute(HierarchicalTestExecutor.java:57)
	at org.junit.platform.engine.support.hierarchical.HierarchicalTestEngine.execute(HierarchicalTestEngine.java:51)
	at org.junit.platform.launcher.core.EngineExecutionOrchestrator.execute(EngineExecutionOrchestrator.java:108)
	at org.junit.platform.launcher.core.EngineExecutionOrchestrator.execute(EngineExecutionOrchestrator.java:88)
	at org.junit.platform.launcher.core.EngineExecutionOrchestrator.lambda$execute$0(EngineExecutionOrchestrator.java:54)
	at org.junit.platform.launcher.core.EngineExecutionOrchestrator.withInterceptedStreams(EngineExecutionOrchestrator.java:67)
	at org.junit.platform.launcher.core.EngineExecutionOrchestrator.execute(EngineExecutionOrchestrator.java:52)
	at org.junit.platform.launcher.core.DefaultLauncher.execute(DefaultLauncher.java:96)
	at org.junit.platform.launcher.core.DefaultLauncher.execute(DefaultLauncher.java:75)
	at org.junit.platform.console.tasks.ConsoleTestExecutor.executeTests(ConsoleTestExecutor.java:66)
	at org.junit.platform.console.tasks.ConsoleTestExecutor.lambda$execute$0(ConsoleTestExecutor.java:58)
	at org.junit.platform.console.tasks.CustomContextClassLoaderExecutor.replaceThreadContextClassLoaderAndInvoke(CustomContextClassLoaderExecutor.java:41)
	at org.junit.platform.console.tasks.CustomContextClassLoaderExecutor.invoke(CustomContextClassLoaderExecutor.java:31)
	at org.junit.platform.console.tasks.ConsoleTestExecutor.execute(ConsoleTestExecutor.java:58)
	at org.junit.platform.console.ConsoleLauncher.executeTests(ConsoleLauncher.java:95)
	at org.junit.platform.console.ConsoleLauncher.execute(ConsoleLauncher.java:73)
	at org.junit.platform.console.ConsoleLauncher.execute(ConsoleLauncher.java:50)
	at org.junit.platform.console.ConsoleLauncher.execute(ConsoleLauncher.java:43)
	at org.junit.platform.console.ConsoleLauncher.main(ConsoleLauncher.java:37)
]]></skipped>
<system-out><![CDATA[
unique-id: [engine:junit-jupiter]/[class:minebayd1.test.TestUser]/[test-template:testget(minebayd1.User, minebayd1.AdState, java.util.Optional, int)]/[test-template-invocation:#37]
display-name: [37] Lamia a 77 annonces ouvertes, 1 annonces fermées et 2 achats 
, CLOSED, Optional[GAMES], 0
]]></system-out>
</testcase>
<testcase name="testget(User, AdState, Optional, int)[38]" classname="minebayd1.test.TestUser" time="0.001">
<system-out><![CDATA[
unique-id: [engine:junit-jupiter]/[class:minebayd1.test.TestUser]/[test-template:testget(minebayd1.User, minebayd1.AdState, java.util.Optional, int)]/[test-template-invocation:#38]
display-name: [38] Naila a 60 annonces ouvertes, 3 annonces fermées et 4 achats 
, OPEN, Optional[SHOES], 2
]]></system-out>
</testcase>
<testcase name="testget(User, AdState, Optional, int)[39]" classname="minebayd1.test.TestUser" time="0">
<skipped><![CDATA[org.opentest4j.TestAbortedException: Assumption failed: assumption is not true
	at org.junit.jupiter.api.Assumptions.throwTestAbortedException(Assumptions.java:256)
	at org.junit.jupiter.api.Assumptions.assumeTrue(Assumptions.java:115)
	at org.junit.jupiter.api.Assumptions.assumeTrue(Assumptions.java:66)
	at minebayd1.test.TestUser.testget(TestUser.java:961)
	at jdk.internal.reflect.GeneratedMethodAccessor6.invoke(Unknown Source)
	at java.base/jdk.internal.reflect.DelegatingMethodAccessorImpl.invoke(DelegatingMethodAccessorImpl.java:43)
	at java.base/java.lang.reflect.Method.invoke(Method.java:569)
	at org.junit.platform.commons.util.ReflectionUtils.invokeMethod(ReflectionUtils.java:688)
	at org.junit.jupiter.engine.execution.MethodInvocation.proceed(MethodInvocation.java:60)
	at org.junit.jupiter.engine.execution.InvocationInterceptorChain$ValidatingInvocation.proceed(InvocationInterceptorChain.java:131)
	at org.junit.jupiter.engine.extension.TimeoutExtension.intercept(TimeoutExtension.java:149)
	at org.junit.jupiter.engine.extension.TimeoutExtension.interceptTestableMethod(TimeoutExtension.java:140)
	at org.junit.jupiter.engine.extension.TimeoutExtension.interceptTestTemplateMethod(TimeoutExtension.java:92)
	at org.junit.jupiter.engine.execution.ExecutableInvoker$ReflectiveInterceptorCall.lambda$ofVoidMethod$0(ExecutableInvoker.java:115)
	at org.junit.jupiter.engine.execution.ExecutableInvoker.lambda$invoke$0(ExecutableInvoker.java:105)
	at org.junit.jupiter.engine.execution.InvocationInterceptorChain$InterceptedInvocation.proceed(InvocationInterceptorChain.java:106)
	at org.junit.jupiter.engine.execution.InvocationInterceptorChain.proceed(InvocationInterceptorChain.java:64)
	at org.junit.jupiter.engine.execution.InvocationInterceptorChain.chainAndInvoke(InvocationInterceptorChain.java:45)
	at org.junit.jupiter.engine.execution.InvocationInterceptorChain.invoke(InvocationInterceptorChain.java:37)
	at org.junit.jupiter.engine.execution.ExecutableInvoker.invoke(ExecutableInvoker.java:104)
	at org.junit.jupiter.engine.execution.ExecutableInvoker.invoke(ExecutableInvoker.java:98)
	at org.junit.jupiter.engine.descriptor.TestMethodTestDescriptor.lambda$invokeTestMethod$6(TestMethodTestDescriptor.java:210)
	at org.junit.platform.engine.support.hierarchical.ThrowableCollector.execute(ThrowableCollector.java:73)
	at org.junit.jupiter.engine.descriptor.TestMethodTestDescriptor.invokeTestMethod(TestMethodTestDescriptor.java:206)
	at org.junit.jupiter.engine.descriptor.TestMethodTestDescriptor.execute(TestMethodTestDescriptor.java:131)
	at org.junit.jupiter.engine.descriptor.TestMethodTestDescriptor.execute(TestMethodTestDescriptor.java:65)
	at org.junit.platform.engine.support.hierarchical.NodeTestTask.lambda$executeRecursively$5(NodeTestTask.java:139)
	at org.junit.platform.engine.support.hierarchical.ThrowableCollector.execute(ThrowableCollector.java:73)
	at org.junit.platform.engine.support.hierarchical.NodeTestTask.lambda$executeRecursively$7(NodeTestTask.java:129)
	at org.junit.platform.engine.support.hierarchical.Node.around(Node.java:137)
	at org.junit.platform.engine.support.hierarchical.NodeTestTask.lambda$executeRecursively$8(NodeTestTask.java:127)
	at org.junit.platform.engine.support.hierarchical.ThrowableCollector.execute(ThrowableCollector.java:73)
	at org.junit.platform.engine.support.hierarchical.NodeTestTask.executeRecursively(NodeTestTask.java:126)
	at org.junit.platform.engine.support.hierarchical.NodeTestTask.execute(NodeTestTask.java:84)
	at org.junit.platform.engine.support.hierarchical.SameThreadHierarchicalTestExecutorService.submit(SameThreadHierarchicalTestExecutorService.java:32)
	at org.junit.platform.engine.support.hierarchical.NodeTestTask$DefaultDynamicTestExecutor.execute(NodeTestTask.java:212)
	at org.junit.platform.engine.support.hierarchical.NodeTestTask$DefaultDynamicTestExecutor.execute(NodeTestTask.java:192)
	at org.junit.jupiter.engine.descriptor.TestTemplateTestDescriptor.execute(TestTemplateTestDescriptor.java:139)
	at org.junit.jupiter.engine.descriptor.TestTemplateTestDescriptor.lambda$execute$2(TestTemplateTestDescriptor.java:107)
	at java.base/java.util.stream.ForEachOps$ForEachOp$OfRef.accept(ForEachOps.java:183)
	at java.base/java.util.stream.ReferencePipeline$3$1.accept(ReferencePipeline.java:197)
	at java.base/java.util.stream.ReferencePipeline$2$1.accept(ReferencePipeline.java:179)
	at java.base/java.util.stream.ReferencePipeline$3$1.accept(ReferencePipeline.java:197)
	at java.base/java.util.stream.ForEachOps$ForEachOp$OfRef.accept(ForEachOps.java:183)
	at java.base/java.util.stream.ReferencePipeline$15$1.accept(ReferencePipeline.java:541)
	at java.base/java.util.stream.ReferencePipeline$3$1.accept(ReferencePipeline.java:197)
	at java.base/java.util.stream.ReferencePipeline$3$1.accept(ReferencePipeline.java:197)
	at java.base/java.util.stream.ReferencePipeline$3$1.accept(ReferencePipeline.java:197)
	at java.base/java.util.stream.ForEachOps$ForEachOp$OfRef.accept(ForEachOps.java:183)
	at java.base/java.util.stream.ReferencePipeline$3$1.accept(ReferencePipeline.java:197)
	at java.base/java.util.stream.ForEachOps$ForEachOp$OfRef.accept(ForEachOps.java:183)
	at java.base/java.util.stream.SliceOps$1$1.accept(SliceOps.java:200)
	at java.base/java.util.stream.StreamSpliterators$InfiniteSupplyingSpliterator$OfRef.tryAdvance(StreamSpliterators.java:1358)
	at java.base/java.util.stream.ReferencePipeline.forEachWithCancel(ReferencePipeline.java:129)
	at java.base/java.util.stream.AbstractPipeline.copyIntoWithCancel(AbstractPipeline.java:527)
	at java.base/java.util.stream.AbstractPipeline.copyInto(AbstractPipeline.java:513)
	at java.base/java.util.stream.AbstractPipeline.wrapAndCopyInto(AbstractPipeline.java:499)
	at java.base/java.util.stream.ForEachOps$ForEachOp.evaluateSequential(ForEachOps.java:150)
	at java.base/java.util.stream.ForEachOps$ForEachOp$OfRef.evaluateSequential(ForEachOps.java:173)
	at java.base/java.util.stream.AbstractPipeline.evaluate(AbstractPipeline.java:234)
	at java.base/java.util.stream.ReferencePipeline.forEach(ReferencePipeline.java:596)
	at java.base/java.util.stream.ReferencePipeline$7$1.accept(ReferencePipeline.java:276)
	at java.base/java.util.stream.ReferencePipeline$3$1.accept(ReferencePipeline.java:197)
	at java.base/java.util.stream.ReferencePipeline$3$1.accept(ReferencePipeline.java:197)
	at java.base/java.util.Spliterators$ArraySpliterator.forEachRemaining(Spliterators.java:992)
	at java.base/java.util.stream.AbstractPipeline.copyInto(AbstractPipeline.java:509)
	at java.base/java.util.stream.AbstractPipeline.wrapAndCopyInto(AbstractPipeline.java:499)
	at java.base/java.util.stream.ForEachOps$ForEachOp.evaluateSequential(ForEachOps.java:150)
	at java.base/java.util.stream.ForEachOps$ForEachOp$OfRef.evaluateSequential(ForEachOps.java:173)
	at java.base/java.util.stream.AbstractPipeline.evaluate(AbstractPipeline.java:234)
	at java.base/java.util.stream.ReferencePipeline.forEach(ReferencePipeline.java:596)
	at java.base/java.util.stream.ReferencePipeline$7$1.accept(ReferencePipeline.java:276)
	at java.base/java.util.stream.ReferencePipeline$3$1.accept(ReferencePipeline.java:197)
	at java.base/java.util.stream.ReferencePipeline$3$1.accept(ReferencePipeline.java:197)
	at java.base/java.util.stream.ReferencePipeline$3$1.accept(ReferencePipeline.java:197)
	at java.base/java.util.ArrayList$ArrayListSpliterator.forEachRemaining(ArrayList.java:1625)
	at java.base/java.util.stream.AbstractPipeline.copyInto(AbstractPipeline.java:509)
	at java.base/java.util.stream.AbstractPipeline.wrapAndCopyInto(AbstractPipeline.java:499)
	at java.base/java.util.stream.ForEachOps$ForEachOp.evaluateSequential(ForEachOps.java:150)
	at java.base/java.util.stream.ForEachOps$ForEachOp$OfRef.evaluateSequential(ForEachOps.java:173)
	at java.base/java.util.stream.AbstractPipeline.evaluate(AbstractPipeline.java:234)
	at java.base/java.util.stream.ReferencePipeline.forEach(ReferencePipeline.java:596)
	at java.base/java.util.stream.ReferencePipeline$7$1.accept(ReferencePipeline.java:276)
	at java.base/java.util.ArrayList$ArrayListSpliterator.forEachRemaining(ArrayList.java:1625)
	at java.base/java.util.stream.AbstractPipeline.copyInto(AbstractPipeline.java:509)
	at java.base/java.util.stream.AbstractPipeline.wrapAndCopyInto(AbstractPipeline.java:499)
	at java.base/java.util.stream.ForEachOps$ForEachOp.evaluateSequential(ForEachOps.java:150)
	at java.base/java.util.stream.ForEachOps$ForEachOp$OfRef.evaluateSequential(ForEachOps.java:173)
	at java.base/java.util.stream.AbstractPipeline.evaluate(AbstractPipeline.java:234)
	at java.base/java.util.stream.ReferencePipeline.forEach(ReferencePipeline.java:596)
	at org.junit.jupiter.engine.descriptor.TestTemplateTestDescriptor.execute(TestTemplateTestDescriptor.java:107)
	at org.junit.jupiter.engine.descriptor.TestTemplateTestDescriptor.execute(TestTemplateTestDescriptor.java:42)
	at org.junit.platform.engine.support.hierarchical.NodeTestTask.lambda$executeRecursively$5(NodeTestTask.java:139)
	at org.junit.platform.engine.support.hierarchical.ThrowableCollector.execute(ThrowableCollector.java:73)
	at org.junit.platform.engine.support.hierarchical.NodeTestTask.lambda$executeRecursively$7(NodeTestTask.java:129)
	at org.junit.platform.engine.support.hierarchical.Node.around(Node.java:137)
	at org.junit.platform.engine.support.hierarchical.NodeTestTask.lambda$executeRecursively$8(NodeTestTask.java:127)
	at org.junit.platform.engine.support.hierarchical.ThrowableCollector.execute(ThrowableCollector.java:73)
	at org.junit.platform.engine.support.hierarchical.NodeTestTask.executeRecursively(NodeTestTask.java:126)
	at org.junit.platform.engine.support.hierarchical.NodeTestTask.execute(NodeTestTask.java:84)
	at java.base/java.util.ArrayList.forEach(ArrayList.java:1511)
	at org.junit.platform.engine.support.hierarchical.SameThreadHierarchicalTestExecutorService.invokeAll(SameThreadHierarchicalTestExecutorService.java:38)
	at org.junit.platform.engine.support.hierarchical.NodeTestTask.lambda$executeRecursively$5(NodeTestTask.java:143)
	at org.junit.platform.engine.support.hierarchical.ThrowableCollector.execute(ThrowableCollector.java:73)
	at org.junit.platform.engine.support.hierarchical.NodeTestTask.lambda$executeRecursively$7(NodeTestTask.java:129)
	at org.junit.platform.engine.support.hierarchical.Node.around(Node.java:137)
	at org.junit.platform.engine.support.hierarchical.NodeTestTask.lambda$executeRecursively$8(NodeTestTask.java:127)
	at org.junit.platform.engine.support.hierarchical.ThrowableCollector.execute(ThrowableCollector.java:73)
	at org.junit.platform.engine.support.hierarchical.NodeTestTask.executeRecursively(NodeTestTask.java:126)
	at org.junit.platform.engine.support.hierarchical.NodeTestTask.execute(NodeTestTask.java:84)
	at java.base/java.util.ArrayList.forEach(ArrayList.java:1511)
	at org.junit.platform.engine.support.hierarchical.SameThreadHierarchicalTestExecutorService.invokeAll(SameThreadHierarchicalTestExecutorService.java:38)
	at org.junit.platform.engine.support.hierarchical.NodeTestTask.lambda$executeRecursively$5(NodeTestTask.java:143)
	at org.junit.platform.engine.support.hierarchical.ThrowableCollector.execute(ThrowableCollector.java:73)
	at org.junit.platform.engine.support.hierarchical.NodeTestTask.lambda$executeRecursively$7(NodeTestTask.java:129)
	at org.junit.platform.engine.support.hierarchical.Node.around(Node.java:137)
	at org.junit.platform.engine.support.hierarchical.NodeTestTask.lambda$executeRecursively$8(NodeTestTask.java:127)
	at org.junit.platform.engine.support.hierarchical.ThrowableCollector.execute(ThrowableCollector.java:73)
	at org.junit.platform.engine.support.hierarchical.NodeTestTask.executeRecursively(NodeTestTask.java:126)
	at org.junit.platform.engine.support.hierarchical.NodeTestTask.execute(NodeTestTask.java:84)
	at org.junit.platform.engine.support.hierarchical.SameThreadHierarchicalTestExecutorService.submit(SameThreadHierarchicalTestExecutorService.java:32)
	at org.junit.platform.engine.support.hierarchical.HierarchicalTestExecutor.execute(HierarchicalTestExecutor.java:57)
	at org.junit.platform.engine.support.hierarchical.HierarchicalTestEngine.execute(HierarchicalTestEngine.java:51)
	at org.junit.platform.launcher.core.EngineExecutionOrchestrator.execute(EngineExecutionOrchestrator.java:108)
	at org.junit.platform.launcher.core.EngineExecutionOrchestrator.execute(EngineExecutionOrchestrator.java:88)
	at org.junit.platform.launcher.core.EngineExecutionOrchestrator.lambda$execute$0(EngineExecutionOrchestrator.java:54)
	at org.junit.platform.launcher.core.EngineExecutionOrchestrator.withInterceptedStreams(EngineExecutionOrchestrator.java:67)
	at org.junit.platform.launcher.core.EngineExecutionOrchestrator.execute(EngineExecutionOrchestrator.java:52)
	at org.junit.platform.launcher.core.DefaultLauncher.execute(DefaultLauncher.java:96)
	at org.junit.platform.launcher.core.DefaultLauncher.execute(DefaultLauncher.java:75)
	at org.junit.platform.console.tasks.ConsoleTestExecutor.executeTests(ConsoleTestExecutor.java:66)
	at org.junit.platform.console.tasks.ConsoleTestExecutor.lambda$execute$0(ConsoleTestExecutor.java:58)
	at org.junit.platform.console.tasks.CustomContextClassLoaderExecutor.replaceThreadContextClassLoaderAndInvoke(CustomContextClassLoaderExecutor.java:41)
	at org.junit.platform.console.tasks.CustomContextClassLoaderExecutor.invoke(CustomContextClassLoaderExecutor.java:31)
	at org.junit.platform.console.tasks.ConsoleTestExecutor.execute(ConsoleTestExecutor.java:58)
	at org.junit.platform.console.ConsoleLauncher.executeTests(ConsoleLauncher.java:95)
	at org.junit.platform.console.ConsoleLauncher.execute(ConsoleLauncher.java:73)
	at org.junit.platform.console.ConsoleLauncher.execute(ConsoleLauncher.java:50)
	at org.junit.platform.console.ConsoleLauncher.execute(ConsoleLauncher.java:43)
	at org.junit.platform.console.ConsoleLauncher.main(ConsoleLauncher.java:37)
]]></skipped>
<system-out><![CDATA[
unique-id: [engine:junit-jupiter]/[class:minebayd1.test.TestUser]/[test-template:testget(minebayd1.User, minebayd1.AdState, java.util.Optional, int)]/[test-template-invocation:#39]
display-name: [39] Ali a 57 annonces ouvertes, 6 annonces fermées et 3 achats 
, CLOSED, Optional[BOOKS], 0
]]></system-out>
</testcase>
<testcase name="testget(User, AdState, Optional, int)[40]" classname="minebayd1.test.TestUser" time="0">
<system-out><![CDATA[
unique-id: [engine:junit-jupiter]/[class:minebayd1.test.TestUser]/[test-template:testget(minebayd1.User, minebayd1.AdState, java.util.Optional, int)]/[test-template-invocation:#40]
display-name: [40] Sonia a 47 annonces ouvertes, 2 annonces fermées et 2 achats 
, OPEN, Optional[SHOES], 9
]]></system-out>
</testcase>
<testcase name="testget(User, AdState, Optional, int)[41]" classname="minebayd1.test.TestUser" time="0">
<skipped><![CDATA[org.opentest4j.TestAbortedException: Assumption failed: assumption is not true
	at org.junit.jupiter.api.Assumptions.throwTestAbortedException(Assumptions.java:256)
	at org.junit.jupiter.api.Assumptions.assumeTrue(Assumptions.java:115)
	at org.junit.jupiter.api.Assumptions.assumeTrue(Assumptions.java:66)
	at minebayd1.test.TestUser.testget(TestUser.java:961)
	at jdk.internal.reflect.GeneratedMethodAccessor6.invoke(Unknown Source)
	at java.base/jdk.internal.reflect.DelegatingMethodAccessorImpl.invoke(DelegatingMethodAccessorImpl.java:43)
	at java.base/java.lang.reflect.Method.invoke(Method.java:569)
	at org.junit.platform.commons.util.ReflectionUtils.invokeMethod(ReflectionUtils.java:688)
	at org.junit.jupiter.engine.execution.MethodInvocation.proceed(MethodInvocation.java:60)
	at org.junit.jupiter.engine.execution.InvocationInterceptorChain$ValidatingInvocation.proceed(InvocationInterceptorChain.java:131)
	at org.junit.jupiter.engine.extension.TimeoutExtension.intercept(TimeoutExtension.java:149)
	at org.junit.jupiter.engine.extension.TimeoutExtension.interceptTestableMethod(TimeoutExtension.java:140)
	at org.junit.jupiter.engine.extension.TimeoutExtension.interceptTestTemplateMethod(TimeoutExtension.java:92)
	at org.junit.jupiter.engine.execution.ExecutableInvoker$ReflectiveInterceptorCall.lambda$ofVoidMethod$0(ExecutableInvoker.java:115)
	at org.junit.jupiter.engine.execution.ExecutableInvoker.lambda$invoke$0(ExecutableInvoker.java:105)
	at org.junit.jupiter.engine.execution.InvocationInterceptorChain$InterceptedInvocation.proceed(InvocationInterceptorChain.java:106)
	at org.junit.jupiter.engine.execution.InvocationInterceptorChain.proceed(InvocationInterceptorChain.java:64)
	at org.junit.jupiter.engine.execution.InvocationInterceptorChain.chainAndInvoke(InvocationInterceptorChain.java:45)
	at org.junit.jupiter.engine.execution.InvocationInterceptorChain.invoke(InvocationInterceptorChain.java:37)
	at org.junit.jupiter.engine.execution.ExecutableInvoker.invoke(ExecutableInvoker.java:104)
	at org.junit.jupiter.engine.execution.ExecutableInvoker.invoke(ExecutableInvoker.java:98)
	at org.junit.jupiter.engine.descriptor.TestMethodTestDescriptor.lambda$invokeTestMethod$6(TestMethodTestDescriptor.java:210)
	at org.junit.platform.engine.support.hierarchical.ThrowableCollector.execute(ThrowableCollector.java:73)
	at org.junit.jupiter.engine.descriptor.TestMethodTestDescriptor.invokeTestMethod(TestMethodTestDescriptor.java:206)
	at org.junit.jupiter.engine.descriptor.TestMethodTestDescriptor.execute(TestMethodTestDescriptor.java:131)
	at org.junit.jupiter.engine.descriptor.TestMethodTestDescriptor.execute(TestMethodTestDescriptor.java:65)
	at org.junit.platform.engine.support.hierarchical.NodeTestTask.lambda$executeRecursively$5(NodeTestTask.java:139)
	at org.junit.platform.engine.support.hierarchical.ThrowableCollector.execute(ThrowableCollector.java:73)
	at org.junit.platform.engine.support.hierarchical.NodeTestTask.lambda$executeRecursively$7(NodeTestTask.java:129)
	at org.junit.platform.engine.support.hierarchical.Node.around(Node.java:137)
	at org.junit.platform.engine.support.hierarchical.NodeTestTask.lambda$executeRecursively$8(NodeTestTask.java:127)
	at org.junit.platform.engine.support.hierarchical.ThrowableCollector.execute(ThrowableCollector.java:73)
	at org.junit.platform.engine.support.hierarchical.NodeTestTask.executeRecursively(NodeTestTask.java:126)
	at org.junit.platform.engine.support.hierarchical.NodeTestTask.execute(NodeTestTask.java:84)
	at org.junit.platform.engine.support.hierarchical.SameThreadHierarchicalTestExecutorService.submit(SameThreadHierarchicalTestExecutorService.java:32)
	at org.junit.platform.engine.support.hierarchical.NodeTestTask$DefaultDynamicTestExecutor.execute(NodeTestTask.java:212)
	at org.junit.platform.engine.support.hierarchical.NodeTestTask$DefaultDynamicTestExecutor.execute(NodeTestTask.java:192)
	at org.junit.jupiter.engine.descriptor.TestTemplateTestDescriptor.execute(TestTemplateTestDescriptor.java:139)
	at org.junit.jupiter.engine.descriptor.TestTemplateTestDescriptor.lambda$execute$2(TestTemplateTestDescriptor.java:107)
	at java.base/java.util.stream.ForEachOps$ForEachOp$OfRef.accept(ForEachOps.java:183)
	at java.base/java.util.stream.ReferencePipeline$3$1.accept(ReferencePipeline.java:197)
	at java.base/java.util.stream.ReferencePipeline$2$1.accept(ReferencePipeline.java:179)
	at java.base/java.util.stream.ReferencePipeline$3$1.accept(ReferencePipeline.java:197)
	at java.base/java.util.stream.ForEachOps$ForEachOp$OfRef.accept(ForEachOps.java:183)
	at java.base/java.util.stream.ReferencePipeline$15$1.accept(ReferencePipeline.java:541)
	at java.base/java.util.stream.ReferencePipeline$3$1.accept(ReferencePipeline.java:197)
	at java.base/java.util.stream.ReferencePipeline$3$1.accept(ReferencePipeline.java:197)
	at java.base/java.util.stream.ReferencePipeline$3$1.accept(ReferencePipeline.java:197)
	at java.base/java.util.stream.ForEachOps$ForEachOp$OfRef.accept(ForEachOps.java:183)
	at java.base/java.util.stream.ReferencePipeline$3$1.accept(ReferencePipeline.java:197)
	at java.base/java.util.stream.ForEachOps$ForEachOp$OfRef.accept(ForEachOps.java:183)
	at java.base/java.util.stream.SliceOps$1$1.accept(SliceOps.java:200)
	at java.base/java.util.stream.StreamSpliterators$InfiniteSupplyingSpliterator$OfRef.tryAdvance(StreamSpliterators.java:1358)
	at java.base/java.util.stream.ReferencePipeline.forEachWithCancel(ReferencePipeline.java:129)
	at java.base/java.util.stream.AbstractPipeline.copyIntoWithCancel(AbstractPipeline.java:527)
	at java.base/java.util.stream.AbstractPipeline.copyInto(AbstractPipeline.java:513)
	at java.base/java.util.stream.AbstractPipeline.wrapAndCopyInto(AbstractPipeline.java:499)
	at java.base/java.util.stream.ForEachOps$ForEachOp.evaluateSequential(ForEachOps.java:150)
	at java.base/java.util.stream.ForEachOps$ForEachOp$OfRef.evaluateSequential(ForEachOps.java:173)
	at java.base/java.util.stream.AbstractPipeline.evaluate(AbstractPipeline.java:234)
	at java.base/java.util.stream.ReferencePipeline.forEach(ReferencePipeline.java:596)
	at java.base/java.util.stream.ReferencePipeline$7$1.accept(ReferencePipeline.java:276)
	at java.base/java.util.stream.ReferencePipeline$3$1.accept(ReferencePipeline.java:197)
	at java.base/java.util.stream.ReferencePipeline$3$1.accept(ReferencePipeline.java:197)
	at java.base/java.util.Spliterators$ArraySpliterator.forEachRemaining(Spliterators.java:992)
	at java.base/java.util.stream.AbstractPipeline.copyInto(AbstractPipeline.java:509)
	at java.base/java.util.stream.AbstractPipeline.wrapAndCopyInto(AbstractPipeline.java:499)
	at java.base/java.util.stream.ForEachOps$ForEachOp.evaluateSequential(ForEachOps.java:150)
	at java.base/java.util.stream.ForEachOps$ForEachOp$OfRef.evaluateSequential(ForEachOps.java:173)
	at java.base/java.util.stream.AbstractPipeline.evaluate(AbstractPipeline.java:234)
	at java.base/java.util.stream.ReferencePipeline.forEach(ReferencePipeline.java:596)
	at java.base/java.util.stream.ReferencePipeline$7$1.accept(ReferencePipeline.java:276)
	at java.base/java.util.stream.ReferencePipeline$3$1.accept(ReferencePipeline.java:197)
	at java.base/java.util.stream.ReferencePipeline$3$1.accept(ReferencePipeline.java:197)
	at java.base/java.util.stream.ReferencePipeline$3$1.accept(ReferencePipeline.java:197)
	at java.base/java.util.ArrayList$ArrayListSpliterator.forEachRemaining(ArrayList.java:1625)
	at java.base/java.util.stream.AbstractPipeline.copyInto(AbstractPipeline.java:509)
	at java.base/java.util.stream.AbstractPipeline.wrapAndCopyInto(AbstractPipeline.java:499)
	at java.base/java.util.stream.ForEachOps$ForEachOp.evaluateSequential(ForEachOps.java:150)
	at java.base/java.util.stream.ForEachOps$ForEachOp$OfRef.evaluateSequential(ForEachOps.java:173)
	at java.base/java.util.stream.AbstractPipeline.evaluate(AbstractPipeline.java:234)
	at java.base/java.util.stream.ReferencePipeline.forEach(ReferencePipeline.java:596)
	at java.base/java.util.stream.ReferencePipeline$7$1.accept(ReferencePipeline.java:276)
	at java.base/java.util.ArrayList$ArrayListSpliterator.forEachRemaining(ArrayList.java:1625)
	at java.base/java.util.stream.AbstractPipeline.copyInto(AbstractPipeline.java:509)
	at java.base/java.util.stream.AbstractPipeline.wrapAndCopyInto(AbstractPipeline.java:499)
	at java.base/java.util.stream.ForEachOps$ForEachOp.evaluateSequential(ForEachOps.java:150)
	at java.base/java.util.stream.ForEachOps$ForEachOp$OfRef.evaluateSequential(ForEachOps.java:173)
	at java.base/java.util.stream.AbstractPipeline.evaluate(AbstractPipeline.java:234)
	at java.base/java.util.stream.ReferencePipeline.forEach(ReferencePipeline.java:596)
	at org.junit.jupiter.engine.descriptor.TestTemplateTestDescriptor.execute(TestTemplateTestDescriptor.java:107)
	at org.junit.jupiter.engine.descriptor.TestTemplateTestDescriptor.execute(TestTemplateTestDescriptor.java:42)
	at org.junit.platform.engine.support.hierarchical.NodeTestTask.lambda$executeRecursively$5(NodeTestTask.java:139)
	at org.junit.platform.engine.support.hierarchical.ThrowableCollector.execute(ThrowableCollector.java:73)
	at org.junit.platform.engine.support.hierarchical.NodeTestTask.lambda$executeRecursively$7(NodeTestTask.java:129)
	at org.junit.platform.engine.support.hierarchical.Node.around(Node.java:137)
	at org.junit.platform.engine.support.hierarchical.NodeTestTask.lambda$executeRecursively$8(NodeTestTask.java:127)
	at org.junit.platform.engine.support.hierarchical.ThrowableCollector.execute(ThrowableCollector.java:73)
	at org.junit.platform.engine.support.hierarchical.NodeTestTask.executeRecursively(NodeTestTask.java:126)
	at org.junit.platform.engine.support.hierarchical.NodeTestTask.execute(NodeTestTask.java:84)
	at java.base/java.util.ArrayList.forEach(ArrayList.java:1511)
	at org.junit.platform.engine.support.hierarchical.SameThreadHierarchicalTestExecutorService.invokeAll(SameThreadHierarchicalTestExecutorService.java:38)
	at org.junit.platform.engine.support.hierarchical.NodeTestTask.lambda$executeRecursively$5(NodeTestTask.java:143)
	at org.junit.platform.engine.support.hierarchical.ThrowableCollector.execute(ThrowableCollector.java:73)
	at org.junit.platform.engine.support.hierarchical.NodeTestTask.lambda$executeRecursively$7(NodeTestTask.java:129)
	at org.junit.platform.engine.support.hierarchical.Node.around(Node.java:137)
	at org.junit.platform.engine.support.hierarchical.NodeTestTask.lambda$executeRecursively$8(NodeTestTask.java:127)
	at org.junit.platform.engine.support.hierarchical.ThrowableCollector.execute(ThrowableCollector.java:73)
	at org.junit.platform.engine.support.hierarchical.NodeTestTask.executeRecursively(NodeTestTask.java:126)
	at org.junit.platform.engine.support.hierarchical.NodeTestTask.execute(NodeTestTask.java:84)
	at java.base/java.util.ArrayList.forEach(ArrayList.java:1511)
	at org.junit.platform.engine.support.hierarchical.SameThreadHierarchicalTestExecutorService.invokeAll(SameThreadHierarchicalTestExecutorService.java:38)
	at org.junit.platform.engine.support.hierarchical.NodeTestTask.lambda$executeRecursively$5(NodeTestTask.java:143)
	at org.junit.platform.engine.support.hierarchical.ThrowableCollector.execute(ThrowableCollector.java:73)
	at org.junit.platform.engine.support.hierarchical.NodeTestTask.lambda$executeRecursively$7(NodeTestTask.java:129)
	at org.junit.platform.engine.support.hierarchical.Node.around(Node.java:137)
	at org.junit.platform.engine.support.hierarchical.NodeTestTask.lambda$executeRecursively$8(NodeTestTask.java:127)
	at org.junit.platform.engine.support.hierarchical.ThrowableCollector.execute(ThrowableCollector.java:73)
	at org.junit.platform.engine.support.hierarchical.NodeTestTask.executeRecursively(NodeTestTask.java:126)
	at org.junit.platform.engine.support.hierarchical.NodeTestTask.execute(NodeTestTask.java:84)
	at org.junit.platform.engine.support.hierarchical.SameThreadHierarchicalTestExecutorService.submit(SameThreadHierarchicalTestExecutorService.java:32)
	at org.junit.platform.engine.support.hierarchical.HierarchicalTestExecutor.execute(HierarchicalTestExecutor.java:57)
	at org.junit.platform.engine.support.hierarchical.HierarchicalTestEngine.execute(HierarchicalTestEngine.java:51)
	at org.junit.platform.launcher.core.EngineExecutionOrchestrator.execute(EngineExecutionOrchestrator.java:108)
	at org.junit.platform.launcher.core.EngineExecutionOrchestrator.execute(EngineExecutionOrchestrator.java:88)
	at org.junit.platform.launcher.core.EngineExecutionOrchestrator.lambda$execute$0(EngineExecutionOrchestrator.java:54)
	at org.junit.platform.launcher.core.EngineExecutionOrchestrator.withInterceptedStreams(EngineExecutionOrchestrator.java:67)
	at org.junit.platform.launcher.core.EngineExecutionOrchestrator.execute(EngineExecutionOrchestrator.java:52)
	at org.junit.platform.launcher.core.DefaultLauncher.execute(DefaultLauncher.java:96)
	at org.junit.platform.launcher.core.DefaultLauncher.execute(DefaultLauncher.java:75)
	at org.junit.platform.console.tasks.ConsoleTestExecutor.executeTests(ConsoleTestExecutor.java:66)
	at org.junit.platform.console.tasks.ConsoleTestExecutor.lambda$execute$0(ConsoleTestExecutor.java:58)
	at org.junit.platform.console.tasks.CustomContextClassLoaderExecutor.replaceThreadContextClassLoaderAndInvoke(CustomContextClassLoaderExecutor.java:41)
	at org.junit.platform.console.tasks.CustomContextClassLoaderExecutor.invoke(CustomContextClassLoaderExecutor.java:31)
	at org.junit.platform.console.tasks.ConsoleTestExecutor.execute(ConsoleTestExecutor.java:58)
	at org.junit.platform.console.ConsoleLauncher.executeTests(ConsoleLauncher.java:95)
	at org.junit.platform.console.ConsoleLauncher.execute(ConsoleLauncher.java:73)
	at org.junit.platform.console.ConsoleLauncher.execute(ConsoleLauncher.java:50)
	at org.junit.platform.console.ConsoleLauncher.execute(ConsoleLauncher.java:43)
	at org.junit.platform.console.ConsoleLauncher.main(ConsoleLauncher.java:37)
]]></skipped>
<system-out><![CDATA[
unique-id: [engine:junit-jupiter]/[class:minebayd1.test.TestUser]/[test-template:testget(minebayd1.User, minebayd1.AdState, java.util.Optional, int)]/[test-template-invocation:#41]
display-name: [41] Rosa a 40 annonces ouvertes, 4 annonces fermées et 2 achats 
, CLOSED, Optional[CLOTHES], 0
]]></system-out>
</testcase>
<testcase name="testget(User, AdState, Optional, int)[42]" classname="minebayd1.test.TestUser" time="0.001">
<system-out><![CDATA[
unique-id: [engine:junit-jupiter]/[class:minebayd1.test.TestUser]/[test-template:testget(minebayd1.User, minebayd1.AdState, java.util.Optional, int)]/[test-template-invocation:#42]
display-name: [42] Ayman a 53 annonces ouvertes, 4 annonces fermées et 4 achats 
, OPEN, Optional[CLOTHES], 9
]]></system-out>
</testcase>
<testcase name="testget(User, AdState, Optional, int)[43]" classname="minebayd1.test.TestUser" time="0">
<skipped><![CDATA[org.opentest4j.TestAbortedException: Assumption failed: assumption is not true
	at org.junit.jupiter.api.Assumptions.throwTestAbortedException(Assumptions.java:256)
	at org.junit.jupiter.api.Assumptions.assumeTrue(Assumptions.java:115)
	at org.junit.jupiter.api.Assumptions.assumeTrue(Assumptions.java:66)
	at minebayd1.test.TestUser.testget(TestUser.java:961)
	at jdk.internal.reflect.GeneratedMethodAccessor6.invoke(Unknown Source)
	at java.base/jdk.internal.reflect.DelegatingMethodAccessorImpl.invoke(DelegatingMethodAccessorImpl.java:43)
	at java.base/java.lang.reflect.Method.invoke(Method.java:569)
	at org.junit.platform.commons.util.ReflectionUtils.invokeMethod(ReflectionUtils.java:688)
	at org.junit.jupiter.engine.execution.MethodInvocation.proceed(MethodInvocation.java:60)
	at org.junit.jupiter.engine.execution.InvocationInterceptorChain$ValidatingInvocation.proceed(InvocationInterceptorChain.java:131)
	at org.junit.jupiter.engine.extension.TimeoutExtension.intercept(TimeoutExtension.java:149)
	at org.junit.jupiter.engine.extension.TimeoutExtension.interceptTestableMethod(TimeoutExtension.java:140)
	at org.junit.jupiter.engine.extension.TimeoutExtension.interceptTestTemplateMethod(TimeoutExtension.java:92)
	at org.junit.jupiter.engine.execution.ExecutableInvoker$ReflectiveInterceptorCall.lambda$ofVoidMethod$0(ExecutableInvoker.java:115)
	at org.junit.jupiter.engine.execution.ExecutableInvoker.lambda$invoke$0(ExecutableInvoker.java:105)
	at org.junit.jupiter.engine.execution.InvocationInterceptorChain$InterceptedInvocation.proceed(InvocationInterceptorChain.java:106)
	at org.junit.jupiter.engine.execution.InvocationInterceptorChain.proceed(InvocationInterceptorChain.java:64)
	at org.junit.jupiter.engine.execution.InvocationInterceptorChain.chainAndInvoke(InvocationInterceptorChain.java:45)
	at org.junit.jupiter.engine.execution.InvocationInterceptorChain.invoke(InvocationInterceptorChain.java:37)
	at org.junit.jupiter.engine.execution.ExecutableInvoker.invoke(ExecutableInvoker.java:104)
	at org.junit.jupiter.engine.execution.ExecutableInvoker.invoke(ExecutableInvoker.java:98)
	at org.junit.jupiter.engine.descriptor.TestMethodTestDescriptor.lambda$invokeTestMethod$6(TestMethodTestDescriptor.java:210)
	at org.junit.platform.engine.support.hierarchical.ThrowableCollector.execute(ThrowableCollector.java:73)
	at org.junit.jupiter.engine.descriptor.TestMethodTestDescriptor.invokeTestMethod(TestMethodTestDescriptor.java:206)
	at org.junit.jupiter.engine.descriptor.TestMethodTestDescriptor.execute(TestMethodTestDescriptor.java:131)
	at org.junit.jupiter.engine.descriptor.TestMethodTestDescriptor.execute(TestMethodTestDescriptor.java:65)
	at org.junit.platform.engine.support.hierarchical.NodeTestTask.lambda$executeRecursively$5(NodeTestTask.java:139)
	at org.junit.platform.engine.support.hierarchical.ThrowableCollector.execute(ThrowableCollector.java:73)
	at org.junit.platform.engine.support.hierarchical.NodeTestTask.lambda$executeRecursively$7(NodeTestTask.java:129)
	at org.junit.platform.engine.support.hierarchical.Node.around(Node.java:137)
	at org.junit.platform.engine.support.hierarchical.NodeTestTask.lambda$executeRecursively$8(NodeTestTask.java:127)
	at org.junit.platform.engine.support.hierarchical.ThrowableCollector.execute(ThrowableCollector.java:73)
	at org.junit.platform.engine.support.hierarchical.NodeTestTask.executeRecursively(NodeTestTask.java:126)
	at org.junit.platform.engine.support.hierarchical.NodeTestTask.execute(NodeTestTask.java:84)
	at org.junit.platform.engine.support.hierarchical.SameThreadHierarchicalTestExecutorService.submit(SameThreadHierarchicalTestExecutorService.java:32)
	at org.junit.platform.engine.support.hierarchical.NodeTestTask$DefaultDynamicTestExecutor.execute(NodeTestTask.java:212)
	at org.junit.platform.engine.support.hierarchical.NodeTestTask$DefaultDynamicTestExecutor.execute(NodeTestTask.java:192)
	at org.junit.jupiter.engine.descriptor.TestTemplateTestDescriptor.execute(TestTemplateTestDescriptor.java:139)
	at org.junit.jupiter.engine.descriptor.TestTemplateTestDescriptor.lambda$execute$2(TestTemplateTestDescriptor.java:107)
	at java.base/java.util.stream.ForEachOps$ForEachOp$OfRef.accept(ForEachOps.java:183)
	at java.base/java.util.stream.ReferencePipeline$3$1.accept(ReferencePipeline.java:197)
	at java.base/java.util.stream.ReferencePipeline$2$1.accept(ReferencePipeline.java:179)
	at java.base/java.util.stream.ReferencePipeline$3$1.accept(ReferencePipeline.java:197)
	at java.base/java.util.stream.ForEachOps$ForEachOp$OfRef.accept(ForEachOps.java:183)
	at java.base/java.util.stream.ReferencePipeline$15$1.accept(ReferencePipeline.java:541)
	at java.base/java.util.stream.ReferencePipeline$3$1.accept(ReferencePipeline.java:197)
	at java.base/java.util.stream.ReferencePipeline$3$1.accept(ReferencePipeline.java:197)
	at java.base/java.util.stream.ReferencePipeline$3$1.accept(ReferencePipeline.java:197)
	at java.base/java.util.stream.ForEachOps$ForEachOp$OfRef.accept(ForEachOps.java:183)
	at java.base/java.util.stream.ReferencePipeline$3$1.accept(ReferencePipeline.java:197)
	at java.base/java.util.stream.ForEachOps$ForEachOp$OfRef.accept(ForEachOps.java:183)
	at java.base/java.util.stream.SliceOps$1$1.accept(SliceOps.java:200)
	at java.base/java.util.stream.StreamSpliterators$InfiniteSupplyingSpliterator$OfRef.tryAdvance(StreamSpliterators.java:1358)
	at java.base/java.util.stream.ReferencePipeline.forEachWithCancel(ReferencePipeline.java:129)
	at java.base/java.util.stream.AbstractPipeline.copyIntoWithCancel(AbstractPipeline.java:527)
	at java.base/java.util.stream.AbstractPipeline.copyInto(AbstractPipeline.java:513)
	at java.base/java.util.stream.AbstractPipeline.wrapAndCopyInto(AbstractPipeline.java:499)
	at java.base/java.util.stream.ForEachOps$ForEachOp.evaluateSequential(ForEachOps.java:150)
	at java.base/java.util.stream.ForEachOps$ForEachOp$OfRef.evaluateSequential(ForEachOps.java:173)
	at java.base/java.util.stream.AbstractPipeline.evaluate(AbstractPipeline.java:234)
	at java.base/java.util.stream.ReferencePipeline.forEach(ReferencePipeline.java:596)
	at java.base/java.util.stream.ReferencePipeline$7$1.accept(ReferencePipeline.java:276)
	at java.base/java.util.stream.ReferencePipeline$3$1.accept(ReferencePipeline.java:197)
	at java.base/java.util.stream.ReferencePipeline$3$1.accept(ReferencePipeline.java:197)
	at java.base/java.util.Spliterators$ArraySpliterator.forEachRemaining(Spliterators.java:992)
	at java.base/java.util.stream.AbstractPipeline.copyInto(AbstractPipeline.java:509)
	at java.base/java.util.stream.AbstractPipeline.wrapAndCopyInto(AbstractPipeline.java:499)
	at java.base/java.util.stream.ForEachOps$ForEachOp.evaluateSequential(ForEachOps.java:150)
	at java.base/java.util.stream.ForEachOps$ForEachOp$OfRef.evaluateSequential(ForEachOps.java:173)
	at java.base/java.util.stream.AbstractPipeline.evaluate(AbstractPipeline.java:234)
	at java.base/java.util.stream.ReferencePipeline.forEach(ReferencePipeline.java:596)
	at java.base/java.util.stream.ReferencePipeline$7$1.accept(ReferencePipeline.java:276)
	at java.base/java.util.stream.ReferencePipeline$3$1.accept(ReferencePipeline.java:197)
	at java.base/java.util.stream.ReferencePipeline$3$1.accept(ReferencePipeline.java:197)
	at java.base/java.util.stream.ReferencePipeline$3$1.accept(ReferencePipeline.java:197)
	at java.base/java.util.ArrayList$ArrayListSpliterator.forEachRemaining(ArrayList.java:1625)
	at java.base/java.util.stream.AbstractPipeline.copyInto(AbstractPipeline.java:509)
	at java.base/java.util.stream.AbstractPipeline.wrapAndCopyInto(AbstractPipeline.java:499)
	at java.base/java.util.stream.ForEachOps$ForEachOp.evaluateSequential(ForEachOps.java:150)
	at java.base/java.util.stream.ForEachOps$ForEachOp$OfRef.evaluateSequential(ForEachOps.java:173)
	at java.base/java.util.stream.AbstractPipeline.evaluate(AbstractPipeline.java:234)
	at java.base/java.util.stream.ReferencePipeline.forEach(ReferencePipeline.java:596)
	at java.base/java.util.stream.ReferencePipeline$7$1.accept(ReferencePipeline.java:276)
	at java.base/java.util.ArrayList$ArrayListSpliterator.forEachRemaining(ArrayList.java:1625)
	at java.base/java.util.stream.AbstractPipeline.copyInto(AbstractPipeline.java:509)
	at java.base/java.util.stream.AbstractPipeline.wrapAndCopyInto(AbstractPipeline.java:499)
	at java.base/java.util.stream.ForEachOps$ForEachOp.evaluateSequential(ForEachOps.java:150)
	at java.base/java.util.stream.ForEachOps$ForEachOp$OfRef.evaluateSequential(ForEachOps.java:173)
	at java.base/java.util.stream.AbstractPipeline.evaluate(AbstractPipeline.java:234)
	at java.base/java.util.stream.ReferencePipeline.forEach(ReferencePipeline.java:596)
	at org.junit.jupiter.engine.descriptor.TestTemplateTestDescriptor.execute(TestTemplateTestDescriptor.java:107)
	at org.junit.jupiter.engine.descriptor.TestTemplateTestDescriptor.execute(TestTemplateTestDescriptor.java:42)
	at org.junit.platform.engine.support.hierarchical.NodeTestTask.lambda$executeRecursively$5(NodeTestTask.java:139)
	at org.junit.platform.engine.support.hierarchical.ThrowableCollector.execute(ThrowableCollector.java:73)
	at org.junit.platform.engine.support.hierarchical.NodeTestTask.lambda$executeRecursively$7(NodeTestTask.java:129)
	at org.junit.platform.engine.support.hierarchical.Node.around(Node.java:137)
	at org.junit.platform.engine.support.hierarchical.NodeTestTask.lambda$executeRecursively$8(NodeTestTask.java:127)
	at org.junit.platform.engine.support.hierarchical.ThrowableCollector.execute(ThrowableCollector.java:73)
	at org.junit.platform.engine.support.hierarchical.NodeTestTask.executeRecursively(NodeTestTask.java:126)
	at org.junit.platform.engine.support.hierarchical.NodeTestTask.execute(NodeTestTask.java:84)
	at java.base/java.util.ArrayList.forEach(ArrayList.java:1511)
	at org.junit.platform.engine.support.hierarchical.SameThreadHierarchicalTestExecutorService.invokeAll(SameThreadHierarchicalTestExecutorService.java:38)
	at org.junit.platform.engine.support.hierarchical.NodeTestTask.lambda$executeRecursively$5(NodeTestTask.java:143)
	at org.junit.platform.engine.support.hierarchical.ThrowableCollector.execute(ThrowableCollector.java:73)
	at org.junit.platform.engine.support.hierarchical.NodeTestTask.lambda$executeRecursively$7(NodeTestTask.java:129)
	at org.junit.platform.engine.support.hierarchical.Node.around(Node.java:137)
	at org.junit.platform.engine.support.hierarchical.NodeTestTask.lambda$executeRecursively$8(NodeTestTask.java:127)
	at org.junit.platform.engine.support.hierarchical.ThrowableCollector.execute(ThrowableCollector.java:73)
	at org.junit.platform.engine.support.hierarchical.NodeTestTask.executeRecursively(NodeTestTask.java:126)
	at org.junit.platform.engine.support.hierarchical.NodeTestTask.execute(NodeTestTask.java:84)
	at java.base/java.util.ArrayList.forEach(ArrayList.java:1511)
	at org.junit.platform.engine.support.hierarchical.SameThreadHierarchicalTestExecutorService.invokeAll(SameThreadHierarchicalTestExecutorService.java:38)
	at org.junit.platform.engine.support.hierarchical.NodeTestTask.lambda$executeRecursively$5(NodeTestTask.java:143)
	at org.junit.platform.engine.support.hierarchical.ThrowableCollector.execute(ThrowableCollector.java:73)
	at org.junit.platform.engine.support.hierarchical.NodeTestTask.lambda$executeRecursively$7(NodeTestTask.java:129)
	at org.junit.platform.engine.support.hierarchical.Node.around(Node.java:137)
	at org.junit.platform.engine.support.hierarchical.NodeTestTask.lambda$executeRecursively$8(NodeTestTask.java:127)
	at org.junit.platform.engine.support.hierarchical.ThrowableCollector.execute(ThrowableCollector.java:73)
	at org.junit.platform.engine.support.hierarchical.NodeTestTask.executeRecursively(NodeTestTask.java:126)
	at org.junit.platform.engine.support.hierarchical.NodeTestTask.execute(NodeTestTask.java:84)
	at org.junit.platform.engine.support.hierarchical.SameThreadHierarchicalTestExecutorService.submit(SameThreadHierarchicalTestExecutorService.java:32)
	at org.junit.platform.engine.support.hierarchical.HierarchicalTestExecutor.execute(HierarchicalTestExecutor.java:57)
	at org.junit.platform.engine.support.hierarchical.HierarchicalTestEngine.execute(HierarchicalTestEngine.java:51)
	at org.junit.platform.launcher.core.EngineExecutionOrchestrator.execute(EngineExecutionOrchestrator.java:108)
	at org.junit.platform.launcher.core.EngineExecutionOrchestrator.execute(EngineExecutionOrchestrator.java:88)
	at org.junit.platform.launcher.core.EngineExecutionOrchestrator.lambda$execute$0(EngineExecutionOrchestrator.java:54)
	at org.junit.platform.launcher.core.EngineExecutionOrchestrator.withInterceptedStreams(EngineExecutionOrchestrator.java:67)
	at org.junit.platform.launcher.core.EngineExecutionOrchestrator.execute(EngineExecutionOrchestrator.java:52)
	at org.junit.platform.launcher.core.DefaultLauncher.execute(DefaultLauncher.java:96)
	at org.junit.platform.launcher.core.DefaultLauncher.execute(DefaultLauncher.java:75)
	at org.junit.platform.console.tasks.ConsoleTestExecutor.executeTests(ConsoleTestExecutor.java:66)
	at org.junit.platform.console.tasks.ConsoleTestExecutor.lambda$execute$0(ConsoleTestExecutor.java:58)
	at org.junit.platform.console.tasks.CustomContextClassLoaderExecutor.replaceThreadContextClassLoaderAndInvoke(CustomContextClassLoaderExecutor.java:41)
	at org.junit.platform.console.tasks.CustomContextClassLoaderExecutor.invoke(CustomContextClassLoaderExecutor.java:31)
	at org.junit.platform.console.tasks.ConsoleTestExecutor.execute(ConsoleTestExecutor.java:58)
	at org.junit.platform.console.ConsoleLauncher.executeTests(ConsoleLauncher.java:95)
	at org.junit.platform.console.ConsoleLauncher.execute(ConsoleLauncher.java:73)
	at org.junit.platform.console.ConsoleLauncher.execute(ConsoleLauncher.java:50)
	at org.junit.platform.console.ConsoleLauncher.execute(ConsoleLauncher.java:43)
	at org.junit.platform.console.ConsoleLauncher.main(ConsoleLauncher.java:37)
]]></skipped>
<system-out><![CDATA[
unique-id: [engine:junit-jupiter]/[class:minebayd1.test.TestUser]/[test-template:testget(minebayd1.User, minebayd1.AdState, java.util.Optional, int)]/[test-template-invocation:#43]
display-name: [43] Lisa a 45 annonces ouvertes, 4 annonces fermées et 3 achats 
, CLOSED, Optional[SHOES], 0
]]></system-out>
</testcase>
<testcase name="testget(User, AdState, Optional, int)[44]" classname="minebayd1.test.TestUser" time="0">
<skipped><![CDATA[org.opentest4j.TestAbortedException: Assumption failed: assumption is not true
	at org.junit.jupiter.api.Assumptions.throwTestAbortedException(Assumptions.java:256)
	at org.junit.jupiter.api.Assumptions.assumeTrue(Assumptions.java:115)
	at org.junit.jupiter.api.Assumptions.assumeTrue(Assumptions.java:66)
	at minebayd1.test.TestUser.testget(TestUser.java:961)
	at jdk.internal.reflect.GeneratedMethodAccessor6.invoke(Unknown Source)
	at java.base/jdk.internal.reflect.DelegatingMethodAccessorImpl.invoke(DelegatingMethodAccessorImpl.java:43)
	at java.base/java.lang.reflect.Method.invoke(Method.java:569)
	at org.junit.platform.commons.util.ReflectionUtils.invokeMethod(ReflectionUtils.java:688)
	at org.junit.jupiter.engine.execution.MethodInvocation.proceed(MethodInvocation.java:60)
	at org.junit.jupiter.engine.execution.InvocationInterceptorChain$ValidatingInvocation.proceed(InvocationInterceptorChain.java:131)
	at org.junit.jupiter.engine.extension.TimeoutExtension.intercept(TimeoutExtension.java:149)
	at org.junit.jupiter.engine.extension.TimeoutExtension.interceptTestableMethod(TimeoutExtension.java:140)
	at org.junit.jupiter.engine.extension.TimeoutExtension.interceptTestTemplateMethod(TimeoutExtension.java:92)
	at org.junit.jupiter.engine.execution.ExecutableInvoker$ReflectiveInterceptorCall.lambda$ofVoidMethod$0(ExecutableInvoker.java:115)
	at org.junit.jupiter.engine.execution.ExecutableInvoker.lambda$invoke$0(ExecutableInvoker.java:105)
	at org.junit.jupiter.engine.execution.InvocationInterceptorChain$InterceptedInvocation.proceed(InvocationInterceptorChain.java:106)
	at org.junit.jupiter.engine.execution.InvocationInterceptorChain.proceed(InvocationInterceptorChain.java:64)
	at org.junit.jupiter.engine.execution.InvocationInterceptorChain.chainAndInvoke(InvocationInterceptorChain.java:45)
	at org.junit.jupiter.engine.execution.InvocationInterceptorChain.invoke(InvocationInterceptorChain.java:37)
	at org.junit.jupiter.engine.execution.ExecutableInvoker.invoke(ExecutableInvoker.java:104)
	at org.junit.jupiter.engine.execution.ExecutableInvoker.invoke(ExecutableInvoker.java:98)
	at org.junit.jupiter.engine.descriptor.TestMethodTestDescriptor.lambda$invokeTestMethod$6(TestMethodTestDescriptor.java:210)
	at org.junit.platform.engine.support.hierarchical.ThrowableCollector.execute(ThrowableCollector.java:73)
	at org.junit.jupiter.engine.descriptor.TestMethodTestDescriptor.invokeTestMethod(TestMethodTestDescriptor.java:206)
	at org.junit.jupiter.engine.descriptor.TestMethodTestDescriptor.execute(TestMethodTestDescriptor.java:131)
	at org.junit.jupiter.engine.descriptor.TestMethodTestDescriptor.execute(TestMethodTestDescriptor.java:65)
	at org.junit.platform.engine.support.hierarchical.NodeTestTask.lambda$executeRecursively$5(NodeTestTask.java:139)
	at org.junit.platform.engine.support.hierarchical.ThrowableCollector.execute(ThrowableCollector.java:73)
	at org.junit.platform.engine.support.hierarchical.NodeTestTask.lambda$executeRecursively$7(NodeTestTask.java:129)
	at org.junit.platform.engine.support.hierarchical.Node.around(Node.java:137)
	at org.junit.platform.engine.support.hierarchical.NodeTestTask.lambda$executeRecursively$8(NodeTestTask.java:127)
	at org.junit.platform.engine.support.hierarchical.ThrowableCollector.execute(ThrowableCollector.java:73)
	at org.junit.platform.engine.support.hierarchical.NodeTestTask.executeRecursively(NodeTestTask.java:126)
	at org.junit.platform.engine.support.hierarchical.NodeTestTask.execute(NodeTestTask.java:84)
	at org.junit.platform.engine.support.hierarchical.SameThreadHierarchicalTestExecutorService.submit(SameThreadHierarchicalTestExecutorService.java:32)
	at org.junit.platform.engine.support.hierarchical.NodeTestTask$DefaultDynamicTestExecutor.execute(NodeTestTask.java:212)
	at org.junit.platform.engine.support.hierarchical.NodeTestTask$DefaultDynamicTestExecutor.execute(NodeTestTask.java:192)
	at org.junit.jupiter.engine.descriptor.TestTemplateTestDescriptor.execute(TestTemplateTestDescriptor.java:139)
	at org.junit.jupiter.engine.descriptor.TestTemplateTestDescriptor.lambda$execute$2(TestTemplateTestDescriptor.java:107)
	at java.base/java.util.stream.ForEachOps$ForEachOp$OfRef.accept(ForEachOps.java:183)
	at java.base/java.util.stream.ReferencePipeline$3$1.accept(ReferencePipeline.java:197)
	at java.base/java.util.stream.ReferencePipeline$2$1.accept(ReferencePipeline.java:179)
	at java.base/java.util.stream.ReferencePipeline$3$1.accept(ReferencePipeline.java:197)
	at java.base/java.util.stream.ForEachOps$ForEachOp$OfRef.accept(ForEachOps.java:183)
	at java.base/java.util.stream.ReferencePipeline$15$1.accept(ReferencePipeline.java:541)
	at java.base/java.util.stream.ReferencePipeline$3$1.accept(ReferencePipeline.java:197)
	at java.base/java.util.stream.ReferencePipeline$3$1.accept(ReferencePipeline.java:197)
	at java.base/java.util.stream.ReferencePipeline$3$1.accept(ReferencePipeline.java:197)
	at java.base/java.util.stream.ForEachOps$ForEachOp$OfRef.accept(ForEachOps.java:183)
	at java.base/java.util.stream.ReferencePipeline$3$1.accept(ReferencePipeline.java:197)
	at java.base/java.util.stream.ForEachOps$ForEachOp$OfRef.accept(ForEachOps.java:183)
	at java.base/java.util.stream.SliceOps$1$1.accept(SliceOps.java:200)
	at java.base/java.util.stream.StreamSpliterators$InfiniteSupplyingSpliterator$OfRef.tryAdvance(StreamSpliterators.java:1358)
	at java.base/java.util.stream.ReferencePipeline.forEachWithCancel(ReferencePipeline.java:129)
	at java.base/java.util.stream.AbstractPipeline.copyIntoWithCancel(AbstractPipeline.java:527)
	at java.base/java.util.stream.AbstractPipeline.copyInto(AbstractPipeline.java:513)
	at java.base/java.util.stream.AbstractPipeline.wrapAndCopyInto(AbstractPipeline.java:499)
	at java.base/java.util.stream.ForEachOps$ForEachOp.evaluateSequential(ForEachOps.java:150)
	at java.base/java.util.stream.ForEachOps$ForEachOp$OfRef.evaluateSequential(ForEachOps.java:173)
	at java.base/java.util.stream.AbstractPipeline.evaluate(AbstractPipeline.java:234)
	at java.base/java.util.stream.ReferencePipeline.forEach(ReferencePipeline.java:596)
	at java.base/java.util.stream.ReferencePipeline$7$1.accept(ReferencePipeline.java:276)
	at java.base/java.util.stream.ReferencePipeline$3$1.accept(ReferencePipeline.java:197)
	at java.base/java.util.stream.ReferencePipeline$3$1.accept(ReferencePipeline.java:197)
	at java.base/java.util.Spliterators$ArraySpliterator.forEachRemaining(Spliterators.java:992)
	at java.base/java.util.stream.AbstractPipeline.copyInto(AbstractPipeline.java:509)
	at java.base/java.util.stream.AbstractPipeline.wrapAndCopyInto(AbstractPipeline.java:499)
	at java.base/java.util.stream.ForEachOps$ForEachOp.evaluateSequential(ForEachOps.java:150)
	at java.base/java.util.stream.ForEachOps$ForEachOp$OfRef.evaluateSequential(ForEachOps.java:173)
	at java.base/java.util.stream.AbstractPipeline.evaluate(AbstractPipeline.java:234)
	at java.base/java.util.stream.ReferencePipeline.forEach(ReferencePipeline.java:596)
	at java.base/java.util.stream.ReferencePipeline$7$1.accept(ReferencePipeline.java:276)
	at java.base/java.util.stream.ReferencePipeline$3$1.accept(ReferencePipeline.java:197)
	at java.base/java.util.stream.ReferencePipeline$3$1.accept(ReferencePipeline.java:197)
	at java.base/java.util.stream.ReferencePipeline$3$1.accept(ReferencePipeline.java:197)
	at java.base/java.util.ArrayList$ArrayListSpliterator.forEachRemaining(ArrayList.java:1625)
	at java.base/java.util.stream.AbstractPipeline.copyInto(AbstractPipeline.java:509)
	at java.base/java.util.stream.AbstractPipeline.wrapAndCopyInto(AbstractPipeline.java:499)
	at java.base/java.util.stream.ForEachOps$ForEachOp.evaluateSequential(ForEachOps.java:150)
	at java.base/java.util.stream.ForEachOps$ForEachOp$OfRef.evaluateSequential(ForEachOps.java:173)
	at java.base/java.util.stream.AbstractPipeline.evaluate(AbstractPipeline.java:234)
	at java.base/java.util.stream.ReferencePipeline.forEach(ReferencePipeline.java:596)
	at java.base/java.util.stream.ReferencePipeline$7$1.accept(ReferencePipeline.java:276)
	at java.base/java.util.ArrayList$ArrayListSpliterator.forEachRemaining(ArrayList.java:1625)
	at java.base/java.util.stream.AbstractPipeline.copyInto(AbstractPipeline.java:509)
	at java.base/java.util.stream.AbstractPipeline.wrapAndCopyInto(AbstractPipeline.java:499)
	at java.base/java.util.stream.ForEachOps$ForEachOp.evaluateSequential(ForEachOps.java:150)
	at java.base/java.util.stream.ForEachOps$ForEachOp$OfRef.evaluateSequential(ForEachOps.java:173)
	at java.base/java.util.stream.AbstractPipeline.evaluate(AbstractPipeline.java:234)
	at java.base/java.util.stream.ReferencePipeline.forEach(ReferencePipeline.java:596)
	at org.junit.jupiter.engine.descriptor.TestTemplateTestDescriptor.execute(TestTemplateTestDescriptor.java:107)
	at org.junit.jupiter.engine.descriptor.TestTemplateTestDescriptor.execute(TestTemplateTestDescriptor.java:42)
	at org.junit.platform.engine.support.hierarchical.NodeTestTask.lambda$executeRecursively$5(NodeTestTask.java:139)
	at org.junit.platform.engine.support.hierarchical.ThrowableCollector.execute(ThrowableCollector.java:73)
	at org.junit.platform.engine.support.hierarchical.NodeTestTask.lambda$executeRecursively$7(NodeTestTask.java:129)
	at org.junit.platform.engine.support.hierarchical.Node.around(Node.java:137)
	at org.junit.platform.engine.support.hierarchical.NodeTestTask.lambda$executeRecursively$8(NodeTestTask.java:127)
	at org.junit.platform.engine.support.hierarchical.ThrowableCollector.execute(ThrowableCollector.java:73)
	at org.junit.platform.engine.support.hierarchical.NodeTestTask.executeRecursively(NodeTestTask.java:126)
	at org.junit.platform.engine.support.hierarchical.NodeTestTask.execute(NodeTestTask.java:84)
	at java.base/java.util.ArrayList.forEach(ArrayList.java:1511)
	at org.junit.platform.engine.support.hierarchical.SameThreadHierarchicalTestExecutorService.invokeAll(SameThreadHierarchicalTestExecutorService.java:38)
	at org.junit.platform.engine.support.hierarchical.NodeTestTask.lambda$executeRecursively$5(NodeTestTask.java:143)
	at org.junit.platform.engine.support.hierarchical.ThrowableCollector.execute(ThrowableCollector.java:73)
	at org.junit.platform.engine.support.hierarchical.NodeTestTask.lambda$executeRecursively$7(NodeTestTask.java:129)
	at org.junit.platform.engine.support.hierarchical.Node.around(Node.java:137)
	at org.junit.platform.engine.support.hierarchical.NodeTestTask.lambda$executeRecursively$8(NodeTestTask.java:127)
	at org.junit.platform.engine.support.hierarchical.ThrowableCollector.execute(ThrowableCollector.java:73)
	at org.junit.platform.engine.support.hierarchical.NodeTestTask.executeRecursively(NodeTestTask.java:126)
	at org.junit.platform.engine.support.hierarchical.NodeTestTask.execute(NodeTestTask.java:84)
	at java.base/java.util.ArrayList.forEach(ArrayList.java:1511)
	at org.junit.platform.engine.support.hierarchical.SameThreadHierarchicalTestExecutorService.invokeAll(SameThreadHierarchicalTestExecutorService.java:38)
	at org.junit.platform.engine.support.hierarchical.NodeTestTask.lambda$executeRecursively$5(NodeTestTask.java:143)
	at org.junit.platform.engine.support.hierarchical.ThrowableCollector.execute(ThrowableCollector.java:73)
	at org.junit.platform.engine.support.hierarchical.NodeTestTask.lambda$executeRecursively$7(NodeTestTask.java:129)
	at org.junit.platform.engine.support.hierarchical.Node.around(Node.java:137)
	at org.junit.platform.engine.support.hierarchical.NodeTestTask.lambda$executeRecursively$8(NodeTestTask.java:127)
	at org.junit.platform.engine.support.hierarchical.ThrowableCollector.execute(ThrowableCollector.java:73)
	at org.junit.platform.engine.support.hierarchical.NodeTestTask.executeRecursively(NodeTestTask.java:126)
	at org.junit.platform.engine.support.hierarchical.NodeTestTask.execute(NodeTestTask.java:84)
	at org.junit.platform.engine.support.hierarchical.SameThreadHierarchicalTestExecutorService.submit(SameThreadHierarchicalTestExecutorService.java:32)
	at org.junit.platform.engine.support.hierarchical.HierarchicalTestExecutor.execute(HierarchicalTestExecutor.java:57)
	at org.junit.platform.engine.support.hierarchical.HierarchicalTestEngine.execute(HierarchicalTestEngine.java:51)
	at org.junit.platform.launcher.core.EngineExecutionOrchestrator.execute(EngineExecutionOrchestrator.java:108)
	at org.junit.platform.launcher.core.EngineExecutionOrchestrator.execute(EngineExecutionOrchestrator.java:88)
	at org.junit.platform.launcher.core.EngineExecutionOrchestrator.lambda$execute$0(EngineExecutionOrchestrator.java:54)
	at org.junit.platform.launcher.core.EngineExecutionOrchestrator.withInterceptedStreams(EngineExecutionOrchestrator.java:67)
	at org.junit.platform.launcher.core.EngineExecutionOrchestrator.execute(EngineExecutionOrchestrator.java:52)
	at org.junit.platform.launcher.core.DefaultLauncher.execute(DefaultLauncher.java:96)
	at org.junit.platform.launcher.core.DefaultLauncher.execute(DefaultLauncher.java:75)
	at org.junit.platform.console.tasks.ConsoleTestExecutor.executeTests(ConsoleTestExecutor.java:66)
	at org.junit.platform.console.tasks.ConsoleTestExecutor.lambda$execute$0(ConsoleTestExecutor.java:58)
	at org.junit.platform.console.tasks.CustomContextClassLoaderExecutor.replaceThreadContextClassLoaderAndInvoke(CustomContextClassLoaderExecutor.java:41)
	at org.junit.platform.console.tasks.CustomContextClassLoaderExecutor.invoke(CustomContextClassLoaderExecutor.java:31)
	at org.junit.platform.console.tasks.ConsoleTestExecutor.execute(ConsoleTestExecutor.java:58)
	at org.junit.platform.console.ConsoleLauncher.executeTests(ConsoleLauncher.java:95)
	at org.junit.platform.console.ConsoleLauncher.execute(ConsoleLauncher.java:73)
	at org.junit.platform.console.ConsoleLauncher.execute(ConsoleLauncher.java:50)
	at org.junit.platform.console.ConsoleLauncher.execute(ConsoleLauncher.java:43)
	at org.junit.platform.console.ConsoleLauncher.main(ConsoleLauncher.java:37)
]]></skipped>
<system-out><![CDATA[
unique-id: [engine:junit-jupiter]/[class:minebayd1.test.TestUser]/[test-template:testget(minebayd1.User, minebayd1.AdState, java.util.Optional, int)]/[test-template-invocation:#44]
display-name: [44] Issa a 70 annonces ouvertes, 3 annonces fermées et 3 achats 
, PURCHASE, Optional[GAMES], 0
]]></system-out>
</testcase>
<testcase name="testget(User, AdState, Optional, int)[45]" classname="minebayd1.test.TestUser" time="0">
<skipped><![CDATA[org.opentest4j.TestAbortedException: Assumption failed: assumption is not true
	at org.junit.jupiter.api.Assumptions.throwTestAbortedException(Assumptions.java:256)
	at org.junit.jupiter.api.Assumptions.assumeTrue(Assumptions.java:115)
	at org.junit.jupiter.api.Assumptions.assumeTrue(Assumptions.java:66)
	at minebayd1.test.TestUser.testget(TestUser.java:961)
	at jdk.internal.reflect.GeneratedMethodAccessor6.invoke(Unknown Source)
	at java.base/jdk.internal.reflect.DelegatingMethodAccessorImpl.invoke(DelegatingMethodAccessorImpl.java:43)
	at java.base/java.lang.reflect.Method.invoke(Method.java:569)
	at org.junit.platform.commons.util.ReflectionUtils.invokeMethod(ReflectionUtils.java:688)
	at org.junit.jupiter.engine.execution.MethodInvocation.proceed(MethodInvocation.java:60)
	at org.junit.jupiter.engine.execution.InvocationInterceptorChain$ValidatingInvocation.proceed(InvocationInterceptorChain.java:131)
	at org.junit.jupiter.engine.extension.TimeoutExtension.intercept(TimeoutExtension.java:149)
	at org.junit.jupiter.engine.extension.TimeoutExtension.interceptTestableMethod(TimeoutExtension.java:140)
	at org.junit.jupiter.engine.extension.TimeoutExtension.interceptTestTemplateMethod(TimeoutExtension.java:92)
	at org.junit.jupiter.engine.execution.ExecutableInvoker$ReflectiveInterceptorCall.lambda$ofVoidMethod$0(ExecutableInvoker.java:115)
	at org.junit.jupiter.engine.execution.ExecutableInvoker.lambda$invoke$0(ExecutableInvoker.java:105)
	at org.junit.jupiter.engine.execution.InvocationInterceptorChain$InterceptedInvocation.proceed(InvocationInterceptorChain.java:106)
	at org.junit.jupiter.engine.execution.InvocationInterceptorChain.proceed(InvocationInterceptorChain.java:64)
	at org.junit.jupiter.engine.execution.InvocationInterceptorChain.chainAndInvoke(InvocationInterceptorChain.java:45)
	at org.junit.jupiter.engine.execution.InvocationInterceptorChain.invoke(InvocationInterceptorChain.java:37)
	at org.junit.jupiter.engine.execution.ExecutableInvoker.invoke(ExecutableInvoker.java:104)
	at org.junit.jupiter.engine.execution.ExecutableInvoker.invoke(ExecutableInvoker.java:98)
	at org.junit.jupiter.engine.descriptor.TestMethodTestDescriptor.lambda$invokeTestMethod$6(TestMethodTestDescriptor.java:210)
	at org.junit.platform.engine.support.hierarchical.ThrowableCollector.execute(ThrowableCollector.java:73)
	at org.junit.jupiter.engine.descriptor.TestMethodTestDescriptor.invokeTestMethod(TestMethodTestDescriptor.java:206)
	at org.junit.jupiter.engine.descriptor.TestMethodTestDescriptor.execute(TestMethodTestDescriptor.java:131)
	at org.junit.jupiter.engine.descriptor.TestMethodTestDescriptor.execute(TestMethodTestDescriptor.java:65)
	at org.junit.platform.engine.support.hierarchical.NodeTestTask.lambda$executeRecursively$5(NodeTestTask.java:139)
	at org.junit.platform.engine.support.hierarchical.ThrowableCollector.execute(ThrowableCollector.java:73)
	at org.junit.platform.engine.support.hierarchical.NodeTestTask.lambda$executeRecursively$7(NodeTestTask.java:129)
	at org.junit.platform.engine.support.hierarchical.Node.around(Node.java:137)
	at org.junit.platform.engine.support.hierarchical.NodeTestTask.lambda$executeRecursively$8(NodeTestTask.java:127)
	at org.junit.platform.engine.support.hierarchical.ThrowableCollector.execute(ThrowableCollector.java:73)
	at org.junit.platform.engine.support.hierarchical.NodeTestTask.executeRecursively(NodeTestTask.java:126)
	at org.junit.platform.engine.support.hierarchical.NodeTestTask.execute(NodeTestTask.java:84)
	at org.junit.platform.engine.support.hierarchical.SameThreadHierarchicalTestExecutorService.submit(SameThreadHierarchicalTestExecutorService.java:32)
	at org.junit.platform.engine.support.hierarchical.NodeTestTask$DefaultDynamicTestExecutor.execute(NodeTestTask.java:212)
	at org.junit.platform.engine.support.hierarchical.NodeTestTask$DefaultDynamicTestExecutor.execute(NodeTestTask.java:192)
	at org.junit.jupiter.engine.descriptor.TestTemplateTestDescriptor.execute(TestTemplateTestDescriptor.java:139)
	at org.junit.jupiter.engine.descriptor.TestTemplateTestDescriptor.lambda$execute$2(TestTemplateTestDescriptor.java:107)
	at java.base/java.util.stream.ForEachOps$ForEachOp$OfRef.accept(ForEachOps.java:183)
	at java.base/java.util.stream.ReferencePipeline$3$1.accept(ReferencePipeline.java:197)
	at java.base/java.util.stream.ReferencePipeline$2$1.accept(ReferencePipeline.java:179)
	at java.base/java.util.stream.ReferencePipeline$3$1.accept(ReferencePipeline.java:197)
	at java.base/java.util.stream.ForEachOps$ForEachOp$OfRef.accept(ForEachOps.java:183)
	at java.base/java.util.stream.ReferencePipeline$15$1.accept(ReferencePipeline.java:541)
	at java.base/java.util.stream.ReferencePipeline$3$1.accept(ReferencePipeline.java:197)
	at java.base/java.util.stream.ReferencePipeline$3$1.accept(ReferencePipeline.java:197)
	at java.base/java.util.stream.ReferencePipeline$3$1.accept(ReferencePipeline.java:197)
	at java.base/java.util.stream.ForEachOps$ForEachOp$OfRef.accept(ForEachOps.java:183)
	at java.base/java.util.stream.ReferencePipeline$3$1.accept(ReferencePipeline.java:197)
	at java.base/java.util.stream.ForEachOps$ForEachOp$OfRef.accept(ForEachOps.java:183)
	at java.base/java.util.stream.SliceOps$1$1.accept(SliceOps.java:200)
	at java.base/java.util.stream.StreamSpliterators$InfiniteSupplyingSpliterator$OfRef.tryAdvance(StreamSpliterators.java:1358)
	at java.base/java.util.stream.ReferencePipeline.forEachWithCancel(ReferencePipeline.java:129)
	at java.base/java.util.stream.AbstractPipeline.copyIntoWithCancel(AbstractPipeline.java:527)
	at java.base/java.util.stream.AbstractPipeline.copyInto(AbstractPipeline.java:513)
	at java.base/java.util.stream.AbstractPipeline.wrapAndCopyInto(AbstractPipeline.java:499)
	at java.base/java.util.stream.ForEachOps$ForEachOp.evaluateSequential(ForEachOps.java:150)
	at java.base/java.util.stream.ForEachOps$ForEachOp$OfRef.evaluateSequential(ForEachOps.java:173)
	at java.base/java.util.stream.AbstractPipeline.evaluate(AbstractPipeline.java:234)
	at java.base/java.util.stream.ReferencePipeline.forEach(ReferencePipeline.java:596)
	at java.base/java.util.stream.ReferencePipeline$7$1.accept(ReferencePipeline.java:276)
	at java.base/java.util.stream.ReferencePipeline$3$1.accept(ReferencePipeline.java:197)
	at java.base/java.util.stream.ReferencePipeline$3$1.accept(ReferencePipeline.java:197)
	at java.base/java.util.Spliterators$ArraySpliterator.forEachRemaining(Spliterators.java:992)
	at java.base/java.util.stream.AbstractPipeline.copyInto(AbstractPipeline.java:509)
	at java.base/java.util.stream.AbstractPipeline.wrapAndCopyInto(AbstractPipeline.java:499)
	at java.base/java.util.stream.ForEachOps$ForEachOp.evaluateSequential(ForEachOps.java:150)
	at java.base/java.util.stream.ForEachOps$ForEachOp$OfRef.evaluateSequential(ForEachOps.java:173)
	at java.base/java.util.stream.AbstractPipeline.evaluate(AbstractPipeline.java:234)
	at java.base/java.util.stream.ReferencePipeline.forEach(ReferencePipeline.java:596)
	at java.base/java.util.stream.ReferencePipeline$7$1.accept(ReferencePipeline.java:276)
	at java.base/java.util.stream.ReferencePipeline$3$1.accept(ReferencePipeline.java:197)
	at java.base/java.util.stream.ReferencePipeline$3$1.accept(ReferencePipeline.java:197)
	at java.base/java.util.stream.ReferencePipeline$3$1.accept(ReferencePipeline.java:197)
	at java.base/java.util.ArrayList$ArrayListSpliterator.forEachRemaining(ArrayList.java:1625)
	at java.base/java.util.stream.AbstractPipeline.copyInto(AbstractPipeline.java:509)
	at java.base/java.util.stream.AbstractPipeline.wrapAndCopyInto(AbstractPipeline.java:499)
	at java.base/java.util.stream.ForEachOps$ForEachOp.evaluateSequential(ForEachOps.java:150)
	at java.base/java.util.stream.ForEachOps$ForEachOp$OfRef.evaluateSequential(ForEachOps.java:173)
	at java.base/java.util.stream.AbstractPipeline.evaluate(AbstractPipeline.java:234)
	at java.base/java.util.stream.ReferencePipeline.forEach(ReferencePipeline.java:596)
	at java.base/java.util.stream.ReferencePipeline$7$1.accept(ReferencePipeline.java:276)
	at java.base/java.util.ArrayList$ArrayListSpliterator.forEachRemaining(ArrayList.java:1625)
	at java.base/java.util.stream.AbstractPipeline.copyInto(AbstractPipeline.java:509)
	at java.base/java.util.stream.AbstractPipeline.wrapAndCopyInto(AbstractPipeline.java:499)
	at java.base/java.util.stream.ForEachOps$ForEachOp.evaluateSequential(ForEachOps.java:150)
	at java.base/java.util.stream.ForEachOps$ForEachOp$OfRef.evaluateSequential(ForEachOps.java:173)
	at java.base/java.util.stream.AbstractPipeline.evaluate(AbstractPipeline.java:234)
	at java.base/java.util.stream.ReferencePipeline.forEach(ReferencePipeline.java:596)
	at org.junit.jupiter.engine.descriptor.TestTemplateTestDescriptor.execute(TestTemplateTestDescriptor.java:107)
	at org.junit.jupiter.engine.descriptor.TestTemplateTestDescriptor.execute(TestTemplateTestDescriptor.java:42)
	at org.junit.platform.engine.support.hierarchical.NodeTestTask.lambda$executeRecursively$5(NodeTestTask.java:139)
	at org.junit.platform.engine.support.hierarchical.ThrowableCollector.execute(ThrowableCollector.java:73)
	at org.junit.platform.engine.support.hierarchical.NodeTestTask.lambda$executeRecursively$7(NodeTestTask.java:129)
	at org.junit.platform.engine.support.hierarchical.Node.around(Node.java:137)
	at org.junit.platform.engine.support.hierarchical.NodeTestTask.lambda$executeRecursively$8(NodeTestTask.java:127)
	at org.junit.platform.engine.support.hierarchical.ThrowableCollector.execute(ThrowableCollector.java:73)
	at org.junit.platform.engine.support.hierarchical.NodeTestTask.executeRecursively(NodeTestTask.java:126)
	at org.junit.platform.engine.support.hierarchical.NodeTestTask.execute(NodeTestTask.java:84)
	at java.base/java.util.ArrayList.forEach(ArrayList.java:1511)
	at org.junit.platform.engine.support.hierarchical.SameThreadHierarchicalTestExecutorService.invokeAll(SameThreadHierarchicalTestExecutorService.java:38)
	at org.junit.platform.engine.support.hierarchical.NodeTestTask.lambda$executeRecursively$5(NodeTestTask.java:143)
	at org.junit.platform.engine.support.hierarchical.ThrowableCollector.execute(ThrowableCollector.java:73)
	at org.junit.platform.engine.support.hierarchical.NodeTestTask.lambda$executeRecursively$7(NodeTestTask.java:129)
	at org.junit.platform.engine.support.hierarchical.Node.around(Node.java:137)
	at org.junit.platform.engine.support.hierarchical.NodeTestTask.lambda$executeRecursively$8(NodeTestTask.java:127)
	at org.junit.platform.engine.support.hierarchical.ThrowableCollector.execute(ThrowableCollector.java:73)
	at org.junit.platform.engine.support.hierarchical.NodeTestTask.executeRecursively(NodeTestTask.java:126)
	at org.junit.platform.engine.support.hierarchical.NodeTestTask.execute(NodeTestTask.java:84)
	at java.base/java.util.ArrayList.forEach(ArrayList.java:1511)
	at org.junit.platform.engine.support.hierarchical.SameThreadHierarchicalTestExecutorService.invokeAll(SameThreadHierarchicalTestExecutorService.java:38)
	at org.junit.platform.engine.support.hierarchical.NodeTestTask.lambda$executeRecursively$5(NodeTestTask.java:143)
	at org.junit.platform.engine.support.hierarchical.ThrowableCollector.execute(ThrowableCollector.java:73)
	at org.junit.platform.engine.support.hierarchical.NodeTestTask.lambda$executeRecursively$7(NodeTestTask.java:129)
	at org.junit.platform.engine.support.hierarchical.Node.around(Node.java:137)
	at org.junit.platform.engine.support.hierarchical.NodeTestTask.lambda$executeRecursively$8(NodeTestTask.java:127)
	at org.junit.platform.engine.support.hierarchical.ThrowableCollector.execute(ThrowableCollector.java:73)
	at org.junit.platform.engine.support.hierarchical.NodeTestTask.executeRecursively(NodeTestTask.java:126)
	at org.junit.platform.engine.support.hierarchical.NodeTestTask.execute(NodeTestTask.java:84)
	at org.junit.platform.engine.support.hierarchical.SameThreadHierarchicalTestExecutorService.submit(SameThreadHierarchicalTestExecutorService.java:32)
	at org.junit.platform.engine.support.hierarchical.HierarchicalTestExecutor.execute(HierarchicalTestExecutor.java:57)
	at org.junit.platform.engine.support.hierarchical.HierarchicalTestEngine.execute(HierarchicalTestEngine.java:51)
	at org.junit.platform.launcher.core.EngineExecutionOrchestrator.execute(EngineExecutionOrchestrator.java:108)
	at org.junit.platform.launcher.core.EngineExecutionOrchestrator.execute(EngineExecutionOrchestrator.java:88)
	at org.junit.platform.launcher.core.EngineExecutionOrchestrator.lambda$execute$0(EngineExecutionOrchestrator.java:54)
	at org.junit.platform.launcher.core.EngineExecutionOrchestrator.withInterceptedStreams(EngineExecutionOrchestrator.java:67)
	at org.junit.platform.launcher.core.EngineExecutionOrchestrator.execute(EngineExecutionOrchestrator.java:52)
	at org.junit.platform.launcher.core.DefaultLauncher.execute(DefaultLauncher.java:96)
	at org.junit.platform.launcher.core.DefaultLauncher.execute(DefaultLauncher.java:75)
	at org.junit.platform.console.tasks.ConsoleTestExecutor.executeTests(ConsoleTestExecutor.java:66)
	at org.junit.platform.console.tasks.ConsoleTestExecutor.lambda$execute$0(ConsoleTestExecutor.java:58)
	at org.junit.platform.console.tasks.CustomContextClassLoaderExecutor.replaceThreadContextClassLoaderAndInvoke(CustomContextClassLoaderExecutor.java:41)
	at org.junit.platform.console.tasks.CustomContextClassLoaderExecutor.invoke(CustomContextClassLoaderExecutor.java:31)
	at org.junit.platform.console.tasks.ConsoleTestExecutor.execute(ConsoleTestExecutor.java:58)
	at org.junit.platform.console.ConsoleLauncher.executeTests(ConsoleLauncher.java:95)
	at org.junit.platform.console.ConsoleLauncher.execute(ConsoleLauncher.java:73)
	at org.junit.platform.console.ConsoleLauncher.execute(ConsoleLauncher.java:50)
	at org.junit.platform.console.ConsoleLauncher.execute(ConsoleLauncher.java:43)
	at org.junit.platform.console.ConsoleLauncher.main(ConsoleLauncher.java:37)
]]></skipped>
<system-out><![CDATA[
unique-id: [engine:junit-jupiter]/[class:minebayd1.test.TestUser]/[test-template:testget(minebayd1.User, minebayd1.AdState, java.util.Optional, int)]/[test-template-invocation:#45]
display-name: [45] Yanis a 61 annonces ouvertes, 4 annonces fermées et 3 achats 
, PURCHASE, Optional[BOOKS], 1
]]></system-out>
</testcase>
<testcase name="testget(User, AdState, Optional, int)[46]" classname="minebayd1.test.TestUser" time="0.001">
<system-out><![CDATA[
unique-id: [engine:junit-jupiter]/[class:minebayd1.test.TestUser]/[test-template:testget(minebayd1.User, minebayd1.AdState, java.util.Optional, int)]/[test-template-invocation:#46]
display-name: [46] Idir a 58 annonces ouvertes, 5 annonces fermées et 4 achats 
, PURCHASE, Optional[COMPUTERS], 0
]]></system-out>
</testcase>
<testcase name="testget(User, AdState, Optional, int)[47]" classname="minebayd1.test.TestUser" time="0.001">
<system-out><![CDATA[
unique-id: [engine:junit-jupiter]/[class:minebayd1.test.TestUser]/[test-template:testget(minebayd1.User, minebayd1.AdState, java.util.Optional, int)]/[test-template-invocation:#47]
display-name: [47] Adam a 49 annonces ouvertes, 3 annonces fermées et 3 achats 
, CLOSED, Optional[GAMES], 0
]]></system-out>
</testcase>
<testcase name="testget(User, AdState, Optional, int)[48]" classname="minebayd1.test.TestUser" time="0.001">
<system-out><![CDATA[
unique-id: [engine:junit-jupiter]/[class:minebayd1.test.TestUser]/[test-template:testget(minebayd1.User, minebayd1.AdState, java.util.Optional, int)]/[test-template-invocation:#48]
display-name: [48] Lamia a 77 annonces ouvertes, 1 annonces fermées et 2 achats 
, PURCHASE, Optional[CLOTHES], 0
]]></system-out>
</testcase>
<testcase name="testget(User, AdState, Optional, int)[49]" classname="minebayd1.test.TestUser" time="0">
<skipped><![CDATA[org.opentest4j.TestAbortedException: Assumption failed: assumption is not true
	at org.junit.jupiter.api.Assumptions.throwTestAbortedException(Assumptions.java:256)
	at org.junit.jupiter.api.Assumptions.assumeTrue(Assumptions.java:115)
	at org.junit.jupiter.api.Assumptions.assumeTrue(Assumptions.java:66)
	at minebayd1.test.TestUser.testget(TestUser.java:961)
	at jdk.internal.reflect.GeneratedMethodAccessor6.invoke(Unknown Source)
	at java.base/jdk.internal.reflect.DelegatingMethodAccessorImpl.invoke(DelegatingMethodAccessorImpl.java:43)
	at java.base/java.lang.reflect.Method.invoke(Method.java:569)
	at org.junit.platform.commons.util.ReflectionUtils.invokeMethod(ReflectionUtils.java:688)
	at org.junit.jupiter.engine.execution.MethodInvocation.proceed(MethodInvocation.java:60)
	at org.junit.jupiter.engine.execution.InvocationInterceptorChain$ValidatingInvocation.proceed(InvocationInterceptorChain.java:131)
	at org.junit.jupiter.engine.extension.TimeoutExtension.intercept(TimeoutExtension.java:149)
	at org.junit.jupiter.engine.extension.TimeoutExtension.interceptTestableMethod(TimeoutExtension.java:140)
	at org.junit.jupiter.engine.extension.TimeoutExtension.interceptTestTemplateMethod(TimeoutExtension.java:92)
	at org.junit.jupiter.engine.execution.ExecutableInvoker$ReflectiveInterceptorCall.lambda$ofVoidMethod$0(ExecutableInvoker.java:115)
	at org.junit.jupiter.engine.execution.ExecutableInvoker.lambda$invoke$0(ExecutableInvoker.java:105)
	at org.junit.jupiter.engine.execution.InvocationInterceptorChain$InterceptedInvocation.proceed(InvocationInterceptorChain.java:106)
	at org.junit.jupiter.engine.execution.InvocationInterceptorChain.proceed(InvocationInterceptorChain.java:64)
	at org.junit.jupiter.engine.execution.InvocationInterceptorChain.chainAndInvoke(InvocationInterceptorChain.java:45)
	at org.junit.jupiter.engine.execution.InvocationInterceptorChain.invoke(InvocationInterceptorChain.java:37)
	at org.junit.jupiter.engine.execution.ExecutableInvoker.invoke(ExecutableInvoker.java:104)
	at org.junit.jupiter.engine.execution.ExecutableInvoker.invoke(ExecutableInvoker.java:98)
	at org.junit.jupiter.engine.descriptor.TestMethodTestDescriptor.lambda$invokeTestMethod$6(TestMethodTestDescriptor.java:210)
	at org.junit.platform.engine.support.hierarchical.ThrowableCollector.execute(ThrowableCollector.java:73)
	at org.junit.jupiter.engine.descriptor.TestMethodTestDescriptor.invokeTestMethod(TestMethodTestDescriptor.java:206)
	at org.junit.jupiter.engine.descriptor.TestMethodTestDescriptor.execute(TestMethodTestDescriptor.java:131)
	at org.junit.jupiter.engine.descriptor.TestMethodTestDescriptor.execute(TestMethodTestDescriptor.java:65)
	at org.junit.platform.engine.support.hierarchical.NodeTestTask.lambda$executeRecursively$5(NodeTestTask.java:139)
	at org.junit.platform.engine.support.hierarchical.ThrowableCollector.execute(ThrowableCollector.java:73)
	at org.junit.platform.engine.support.hierarchical.NodeTestTask.lambda$executeRecursively$7(NodeTestTask.java:129)
	at org.junit.platform.engine.support.hierarchical.Node.around(Node.java:137)
	at org.junit.platform.engine.support.hierarchical.NodeTestTask.lambda$executeRecursively$8(NodeTestTask.java:127)
	at org.junit.platform.engine.support.hierarchical.ThrowableCollector.execute(ThrowableCollector.java:73)
	at org.junit.platform.engine.support.hierarchical.NodeTestTask.executeRecursively(NodeTestTask.java:126)
	at org.junit.platform.engine.support.hierarchical.NodeTestTask.execute(NodeTestTask.java:84)
	at org.junit.platform.engine.support.hierarchical.SameThreadHierarchicalTestExecutorService.submit(SameThreadHierarchicalTestExecutorService.java:32)
	at org.junit.platform.engine.support.hierarchical.NodeTestTask$DefaultDynamicTestExecutor.execute(NodeTestTask.java:212)
	at org.junit.platform.engine.support.hierarchical.NodeTestTask$DefaultDynamicTestExecutor.execute(NodeTestTask.java:192)
	at org.junit.jupiter.engine.descriptor.TestTemplateTestDescriptor.execute(TestTemplateTestDescriptor.java:139)
	at org.junit.jupiter.engine.descriptor.TestTemplateTestDescriptor.lambda$execute$2(TestTemplateTestDescriptor.java:107)
	at java.base/java.util.stream.ForEachOps$ForEachOp$OfRef.accept(ForEachOps.java:183)
	at java.base/java.util.stream.ReferencePipeline$3$1.accept(ReferencePipeline.java:197)
	at java.base/java.util.stream.ReferencePipeline$2$1.accept(ReferencePipeline.java:179)
	at java.base/java.util.stream.ReferencePipeline$3$1.accept(ReferencePipeline.java:197)
	at java.base/java.util.stream.ForEachOps$ForEachOp$OfRef.accept(ForEachOps.java:183)
	at java.base/java.util.stream.ReferencePipeline$15$1.accept(ReferencePipeline.java:541)
	at java.base/java.util.stream.ReferencePipeline$3$1.accept(ReferencePipeline.java:197)
	at java.base/java.util.stream.ReferencePipeline$3$1.accept(ReferencePipeline.java:197)
	at java.base/java.util.stream.ReferencePipeline$3$1.accept(ReferencePipeline.java:197)
	at java.base/java.util.stream.ForEachOps$ForEachOp$OfRef.accept(ForEachOps.java:183)
	at java.base/java.util.stream.ReferencePipeline$3$1.accept(ReferencePipeline.java:197)
	at java.base/java.util.stream.ForEachOps$ForEachOp$OfRef.accept(ForEachOps.java:183)
	at java.base/java.util.stream.SliceOps$1$1.accept(SliceOps.java:200)
	at java.base/java.util.stream.StreamSpliterators$InfiniteSupplyingSpliterator$OfRef.tryAdvance(StreamSpliterators.java:1358)
	at java.base/java.util.stream.ReferencePipeline.forEachWithCancel(ReferencePipeline.java:129)
	at java.base/java.util.stream.AbstractPipeline.copyIntoWithCancel(AbstractPipeline.java:527)
	at java.base/java.util.stream.AbstractPipeline.copyInto(AbstractPipeline.java:513)
	at java.base/java.util.stream.AbstractPipeline.wrapAndCopyInto(AbstractPipeline.java:499)
	at java.base/java.util.stream.ForEachOps$ForEachOp.evaluateSequential(ForEachOps.java:150)
	at java.base/java.util.stream.ForEachOps$ForEachOp$OfRef.evaluateSequential(ForEachOps.java:173)
	at java.base/java.util.stream.AbstractPipeline.evaluate(AbstractPipeline.java:234)
	at java.base/java.util.stream.ReferencePipeline.forEach(ReferencePipeline.java:596)
	at java.base/java.util.stream.ReferencePipeline$7$1.accept(ReferencePipeline.java:276)
	at java.base/java.util.stream.ReferencePipeline$3$1.accept(ReferencePipeline.java:197)
	at java.base/java.util.stream.ReferencePipeline$3$1.accept(ReferencePipeline.java:197)
	at java.base/java.util.Spliterators$ArraySpliterator.forEachRemaining(Spliterators.java:992)
	at java.base/java.util.stream.AbstractPipeline.copyInto(AbstractPipeline.java:509)
	at java.base/java.util.stream.AbstractPipeline.wrapAndCopyInto(AbstractPipeline.java:499)
	at java.base/java.util.stream.ForEachOps$ForEachOp.evaluateSequential(ForEachOps.java:150)
	at java.base/java.util.stream.ForEachOps$ForEachOp$OfRef.evaluateSequential(ForEachOps.java:173)
	at java.base/java.util.stream.AbstractPipeline.evaluate(AbstractPipeline.java:234)
	at java.base/java.util.stream.ReferencePipeline.forEach(ReferencePipeline.java:596)
	at java.base/java.util.stream.ReferencePipeline$7$1.accept(ReferencePipeline.java:276)
	at java.base/java.util.stream.ReferencePipeline$3$1.accept(ReferencePipeline.java:197)
	at java.base/java.util.stream.ReferencePipeline$3$1.accept(ReferencePipeline.java:197)
	at java.base/java.util.stream.ReferencePipeline$3$1.accept(ReferencePipeline.java:197)
	at java.base/java.util.ArrayList$ArrayListSpliterator.forEachRemaining(ArrayList.java:1625)
	at java.base/java.util.stream.AbstractPipeline.copyInto(AbstractPipeline.java:509)
	at java.base/java.util.stream.AbstractPipeline.wrapAndCopyInto(AbstractPipeline.java:499)
	at java.base/java.util.stream.ForEachOps$ForEachOp.evaluateSequential(ForEachOps.java:150)
	at java.base/java.util.stream.ForEachOps$ForEachOp$OfRef.evaluateSequential(ForEachOps.java:173)
	at java.base/java.util.stream.AbstractPipeline.evaluate(AbstractPipeline.java:234)
	at java.base/java.util.stream.ReferencePipeline.forEach(ReferencePipeline.java:596)
	at java.base/java.util.stream.ReferencePipeline$7$1.accept(ReferencePipeline.java:276)
	at java.base/java.util.ArrayList$ArrayListSpliterator.forEachRemaining(ArrayList.java:1625)
	at java.base/java.util.stream.AbstractPipeline.copyInto(AbstractPipeline.java:509)
	at java.base/java.util.stream.AbstractPipeline.wrapAndCopyInto(AbstractPipeline.java:499)
	at java.base/java.util.stream.ForEachOps$ForEachOp.evaluateSequential(ForEachOps.java:150)
	at java.base/java.util.stream.ForEachOps$ForEachOp$OfRef.evaluateSequential(ForEachOps.java:173)
	at java.base/java.util.stream.AbstractPipeline.evaluate(AbstractPipeline.java:234)
	at java.base/java.util.stream.ReferencePipeline.forEach(ReferencePipeline.java:596)
	at org.junit.jupiter.engine.descriptor.TestTemplateTestDescriptor.execute(TestTemplateTestDescriptor.java:107)
	at org.junit.jupiter.engine.descriptor.TestTemplateTestDescriptor.execute(TestTemplateTestDescriptor.java:42)
	at org.junit.platform.engine.support.hierarchical.NodeTestTask.lambda$executeRecursively$5(NodeTestTask.java:139)
	at org.junit.platform.engine.support.hierarchical.ThrowableCollector.execute(ThrowableCollector.java:73)
	at org.junit.platform.engine.support.hierarchical.NodeTestTask.lambda$executeRecursively$7(NodeTestTask.java:129)
	at org.junit.platform.engine.support.hierarchical.Node.around(Node.java:137)
	at org.junit.platform.engine.support.hierarchical.NodeTestTask.lambda$executeRecursively$8(NodeTestTask.java:127)
	at org.junit.platform.engine.support.hierarchical.ThrowableCollector.execute(ThrowableCollector.java:73)
	at org.junit.platform.engine.support.hierarchical.NodeTestTask.executeRecursively(NodeTestTask.java:126)
	at org.junit.platform.engine.support.hierarchical.NodeTestTask.execute(NodeTestTask.java:84)
	at java.base/java.util.ArrayList.forEach(ArrayList.java:1511)
	at org.junit.platform.engine.support.hierarchical.SameThreadHierarchicalTestExecutorService.invokeAll(SameThreadHierarchicalTestExecutorService.java:38)
	at org.junit.platform.engine.support.hierarchical.NodeTestTask.lambda$executeRecursively$5(NodeTestTask.java:143)
	at org.junit.platform.engine.support.hierarchical.ThrowableCollector.execute(ThrowableCollector.java:73)
	at org.junit.platform.engine.support.hierarchical.NodeTestTask.lambda$executeRecursively$7(NodeTestTask.java:129)
	at org.junit.platform.engine.support.hierarchical.Node.around(Node.java:137)
	at org.junit.platform.engine.support.hierarchical.NodeTestTask.lambda$executeRecursively$8(NodeTestTask.java:127)
	at org.junit.platform.engine.support.hierarchical.ThrowableCollector.execute(ThrowableCollector.java:73)
	at org.junit.platform.engine.support.hierarchical.NodeTestTask.executeRecursively(NodeTestTask.java:126)
	at org.junit.platform.engine.support.hierarchical.NodeTestTask.execute(NodeTestTask.java:84)
	at java.base/java.util.ArrayList.forEach(ArrayList.java:1511)
	at org.junit.platform.engine.support.hierarchical.SameThreadHierarchicalTestExecutorService.invokeAll(SameThreadHierarchicalTestExecutorService.java:38)
	at org.junit.platform.engine.support.hierarchical.NodeTestTask.lambda$executeRecursively$5(NodeTestTask.java:143)
	at org.junit.platform.engine.support.hierarchical.ThrowableCollector.execute(ThrowableCollector.java:73)
	at org.junit.platform.engine.support.hierarchical.NodeTestTask.lambda$executeRecursively$7(NodeTestTask.java:129)
	at org.junit.platform.engine.support.hierarchical.Node.around(Node.java:137)
	at org.junit.platform.engine.support.hierarchical.NodeTestTask.lambda$executeRecursively$8(NodeTestTask.java:127)
	at org.junit.platform.engine.support.hierarchical.ThrowableCollector.execute(ThrowableCollector.java:73)
	at org.junit.platform.engine.support.hierarchical.NodeTestTask.executeRecursively(NodeTestTask.java:126)
	at org.junit.platform.engine.support.hierarchical.NodeTestTask.execute(NodeTestTask.java:84)
	at org.junit.platform.engine.support.hierarchical.SameThreadHierarchicalTestExecutorService.submit(SameThreadHierarchicalTestExecutorService.java:32)
	at org.junit.platform.engine.support.hierarchical.HierarchicalTestExecutor.execute(HierarchicalTestExecutor.java:57)
	at org.junit.platform.engine.support.hierarchical.HierarchicalTestEngine.execute(HierarchicalTestEngine.java:51)
	at org.junit.platform.launcher.core.EngineExecutionOrchestrator.execute(EngineExecutionOrchestrator.java:108)
	at org.junit.platform.launcher.core.EngineExecutionOrchestrator.execute(EngineExecutionOrchestrator.java:88)
	at org.junit.platform.launcher.core.EngineExecutionOrchestrator.lambda$execute$0(EngineExecutionOrchestrator.java:54)
	at org.junit.platform.launcher.core.EngineExecutionOrchestrator.withInterceptedStreams(EngineExecutionOrchestrator.java:67)
	at org.junit.platform.launcher.core.EngineExecutionOrchestrator.execute(EngineExecutionOrchestrator.java:52)
	at org.junit.platform.launcher.core.DefaultLauncher.execute(DefaultLauncher.java:96)
	at org.junit.platform.launcher.core.DefaultLauncher.execute(DefaultLauncher.java:75)
	at org.junit.platform.console.tasks.ConsoleTestExecutor.executeTests(ConsoleTestExecutor.java:66)
	at org.junit.platform.console.tasks.ConsoleTestExecutor.lambda$execute$0(ConsoleTestExecutor.java:58)
	at org.junit.platform.console.tasks.CustomContextClassLoaderExecutor.replaceThreadContextClassLoaderAndInvoke(CustomContextClassLoaderExecutor.java:41)
	at org.junit.platform.console.tasks.CustomContextClassLoaderExecutor.invoke(CustomContextClassLoaderExecutor.java:31)
	at org.junit.platform.console.tasks.ConsoleTestExecutor.execute(ConsoleTestExecutor.java:58)
	at org.junit.platform.console.ConsoleLauncher.executeTests(ConsoleLauncher.java:95)
	at org.junit.platform.console.ConsoleLauncher.execute(ConsoleLauncher.java:73)
	at org.junit.platform.console.ConsoleLauncher.execute(ConsoleLauncher.java:50)
	at org.junit.platform.console.ConsoleLauncher.execute(ConsoleLauncher.java:43)
	at org.junit.platform.console.ConsoleLauncher.main(ConsoleLauncher.java:37)
]]></skipped>
<system-out><![CDATA[
unique-id: [engine:junit-jupiter]/[class:minebayd1.test.TestUser]/[test-template:testget(minebayd1.User, minebayd1.AdState, java.util.Optional, int)]/[test-template-invocation:#49]
display-name: [49] Lyes a 65 annonces ouvertes, 1 annonces fermées et 3 achats 
, CLOSED, Optional[GAMES], 1
]]></system-out>
</testcase>
<testcase name="testget(User, AdState, Optional, int)[50]" classname="minebayd1.test.TestUser" time="0">
<skipped><![CDATA[org.opentest4j.TestAbortedException: Assumption failed: assumption is not true
	at org.junit.jupiter.api.Assumptions.throwTestAbortedException(Assumptions.java:256)
	at org.junit.jupiter.api.Assumptions.assumeTrue(Assumptions.java:115)
	at org.junit.jupiter.api.Assumptions.assumeTrue(Assumptions.java:66)
	at minebayd1.test.TestUser.testget(TestUser.java:961)
	at jdk.internal.reflect.GeneratedMethodAccessor6.invoke(Unknown Source)
	at java.base/jdk.internal.reflect.DelegatingMethodAccessorImpl.invoke(DelegatingMethodAccessorImpl.java:43)
	at java.base/java.lang.reflect.Method.invoke(Method.java:569)
	at org.junit.platform.commons.util.ReflectionUtils.invokeMethod(ReflectionUtils.java:688)
	at org.junit.jupiter.engine.execution.MethodInvocation.proceed(MethodInvocation.java:60)
	at org.junit.jupiter.engine.execution.InvocationInterceptorChain$ValidatingInvocation.proceed(InvocationInterceptorChain.java:131)
	at org.junit.jupiter.engine.extension.TimeoutExtension.intercept(TimeoutExtension.java:149)
	at org.junit.jupiter.engine.extension.TimeoutExtension.interceptTestableMethod(TimeoutExtension.java:140)
	at org.junit.jupiter.engine.extension.TimeoutExtension.interceptTestTemplateMethod(TimeoutExtension.java:92)
	at org.junit.jupiter.engine.execution.ExecutableInvoker$ReflectiveInterceptorCall.lambda$ofVoidMethod$0(ExecutableInvoker.java:115)
	at org.junit.jupiter.engine.execution.ExecutableInvoker.lambda$invoke$0(ExecutableInvoker.java:105)
	at org.junit.jupiter.engine.execution.InvocationInterceptorChain$InterceptedInvocation.proceed(InvocationInterceptorChain.java:106)
	at org.junit.jupiter.engine.execution.InvocationInterceptorChain.proceed(InvocationInterceptorChain.java:64)
	at org.junit.jupiter.engine.execution.InvocationInterceptorChain.chainAndInvoke(InvocationInterceptorChain.java:45)
	at org.junit.jupiter.engine.execution.InvocationInterceptorChain.invoke(InvocationInterceptorChain.java:37)
	at org.junit.jupiter.engine.execution.ExecutableInvoker.invoke(ExecutableInvoker.java:104)
	at org.junit.jupiter.engine.execution.ExecutableInvoker.invoke(ExecutableInvoker.java:98)
	at org.junit.jupiter.engine.descriptor.TestMethodTestDescriptor.lambda$invokeTestMethod$6(TestMethodTestDescriptor.java:210)
	at org.junit.platform.engine.support.hierarchical.ThrowableCollector.execute(ThrowableCollector.java:73)
	at org.junit.jupiter.engine.descriptor.TestMethodTestDescriptor.invokeTestMethod(TestMethodTestDescriptor.java:206)
	at org.junit.jupiter.engine.descriptor.TestMethodTestDescriptor.execute(TestMethodTestDescriptor.java:131)
	at org.junit.jupiter.engine.descriptor.TestMethodTestDescriptor.execute(TestMethodTestDescriptor.java:65)
	at org.junit.platform.engine.support.hierarchical.NodeTestTask.lambda$executeRecursively$5(NodeTestTask.java:139)
	at org.junit.platform.engine.support.hierarchical.ThrowableCollector.execute(ThrowableCollector.java:73)
	at org.junit.platform.engine.support.hierarchical.NodeTestTask.lambda$executeRecursively$7(NodeTestTask.java:129)
	at org.junit.platform.engine.support.hierarchical.Node.around(Node.java:137)
	at org.junit.platform.engine.support.hierarchical.NodeTestTask.lambda$executeRecursively$8(NodeTestTask.java:127)
	at org.junit.platform.engine.support.hierarchical.ThrowableCollector.execute(ThrowableCollector.java:73)
	at org.junit.platform.engine.support.hierarchical.NodeTestTask.executeRecursively(NodeTestTask.java:126)
	at org.junit.platform.engine.support.hierarchical.NodeTestTask.execute(NodeTestTask.java:84)
	at org.junit.platform.engine.support.hierarchical.SameThreadHierarchicalTestExecutorService.submit(SameThreadHierarchicalTestExecutorService.java:32)
	at org.junit.platform.engine.support.hierarchical.NodeTestTask$DefaultDynamicTestExecutor.execute(NodeTestTask.java:212)
	at org.junit.platform.engine.support.hierarchical.NodeTestTask$DefaultDynamicTestExecutor.execute(NodeTestTask.java:192)
	at org.junit.jupiter.engine.descriptor.TestTemplateTestDescriptor.execute(TestTemplateTestDescriptor.java:139)
	at org.junit.jupiter.engine.descriptor.TestTemplateTestDescriptor.lambda$execute$2(TestTemplateTestDescriptor.java:107)
	at java.base/java.util.stream.ForEachOps$ForEachOp$OfRef.accept(ForEachOps.java:183)
	at java.base/java.util.stream.ReferencePipeline$3$1.accept(ReferencePipeline.java:197)
	at java.base/java.util.stream.ReferencePipeline$2$1.accept(ReferencePipeline.java:179)
	at java.base/java.util.stream.ReferencePipeline$3$1.accept(ReferencePipeline.java:197)
	at java.base/java.util.stream.ForEachOps$ForEachOp$OfRef.accept(ForEachOps.java:183)
	at java.base/java.util.stream.ReferencePipeline$15$1.accept(ReferencePipeline.java:541)
	at java.base/java.util.stream.ReferencePipeline$3$1.accept(ReferencePipeline.java:197)
	at java.base/java.util.stream.ReferencePipeline$3$1.accept(ReferencePipeline.java:197)
	at java.base/java.util.stream.ReferencePipeline$3$1.accept(ReferencePipeline.java:197)
	at java.base/java.util.stream.ForEachOps$ForEachOp$OfRef.accept(ForEachOps.java:183)
	at java.base/java.util.stream.ReferencePipeline$3$1.accept(ReferencePipeline.java:197)
	at java.base/java.util.stream.ForEachOps$ForEachOp$OfRef.accept(ForEachOps.java:183)
	at java.base/java.util.stream.SliceOps$1$1.accept(SliceOps.java:200)
	at java.base/java.util.stream.StreamSpliterators$InfiniteSupplyingSpliterator$OfRef.tryAdvance(StreamSpliterators.java:1358)
	at java.base/java.util.stream.ReferencePipeline.forEachWithCancel(ReferencePipeline.java:129)
	at java.base/java.util.stream.AbstractPipeline.copyIntoWithCancel(AbstractPipeline.java:527)
	at java.base/java.util.stream.AbstractPipeline.copyInto(AbstractPipeline.java:513)
	at java.base/java.util.stream.AbstractPipeline.wrapAndCopyInto(AbstractPipeline.java:499)
	at java.base/java.util.stream.ForEachOps$ForEachOp.evaluateSequential(ForEachOps.java:150)
	at java.base/java.util.stream.ForEachOps$ForEachOp$OfRef.evaluateSequential(ForEachOps.java:173)
	at java.base/java.util.stream.AbstractPipeline.evaluate(AbstractPipeline.java:234)
	at java.base/java.util.stream.ReferencePipeline.forEach(ReferencePipeline.java:596)
	at java.base/java.util.stream.ReferencePipeline$7$1.accept(ReferencePipeline.java:276)
	at java.base/java.util.stream.ReferencePipeline$3$1.accept(ReferencePipeline.java:197)
	at java.base/java.util.stream.ReferencePipeline$3$1.accept(ReferencePipeline.java:197)
	at java.base/java.util.Spliterators$ArraySpliterator.forEachRemaining(Spliterators.java:992)
	at java.base/java.util.stream.AbstractPipeline.copyInto(AbstractPipeline.java:509)
	at java.base/java.util.stream.AbstractPipeline.wrapAndCopyInto(AbstractPipeline.java:499)
	at java.base/java.util.stream.ForEachOps$ForEachOp.evaluateSequential(ForEachOps.java:150)
	at java.base/java.util.stream.ForEachOps$ForEachOp$OfRef.evaluateSequential(ForEachOps.java:173)
	at java.base/java.util.stream.AbstractPipeline.evaluate(AbstractPipeline.java:234)
	at java.base/java.util.stream.ReferencePipeline.forEach(ReferencePipeline.java:596)
	at java.base/java.util.stream.ReferencePipeline$7$1.accept(ReferencePipeline.java:276)
	at java.base/java.util.stream.ReferencePipeline$3$1.accept(ReferencePipeline.java:197)
	at java.base/java.util.stream.ReferencePipeline$3$1.accept(ReferencePipeline.java:197)
	at java.base/java.util.stream.ReferencePipeline$3$1.accept(ReferencePipeline.java:197)
	at java.base/java.util.ArrayList$ArrayListSpliterator.forEachRemaining(ArrayList.java:1625)
	at java.base/java.util.stream.AbstractPipeline.copyInto(AbstractPipeline.java:509)
	at java.base/java.util.stream.AbstractPipeline.wrapAndCopyInto(AbstractPipeline.java:499)
	at java.base/java.util.stream.ForEachOps$ForEachOp.evaluateSequential(ForEachOps.java:150)
	at java.base/java.util.stream.ForEachOps$ForEachOp$OfRef.evaluateSequential(ForEachOps.java:173)
	at java.base/java.util.stream.AbstractPipeline.evaluate(AbstractPipeline.java:234)
	at java.base/java.util.stream.ReferencePipeline.forEach(ReferencePipeline.java:596)
	at java.base/java.util.stream.ReferencePipeline$7$1.accept(ReferencePipeline.java:276)
	at java.base/java.util.ArrayList$ArrayListSpliterator.forEachRemaining(ArrayList.java:1625)
	at java.base/java.util.stream.AbstractPipeline.copyInto(AbstractPipeline.java:509)
	at java.base/java.util.stream.AbstractPipeline.wrapAndCopyInto(AbstractPipeline.java:499)
	at java.base/java.util.stream.ForEachOps$ForEachOp.evaluateSequential(ForEachOps.java:150)
	at java.base/java.util.stream.ForEachOps$ForEachOp$OfRef.evaluateSequential(ForEachOps.java:173)
	at java.base/java.util.stream.AbstractPipeline.evaluate(AbstractPipeline.java:234)
	at java.base/java.util.stream.ReferencePipeline.forEach(ReferencePipeline.java:596)
	at org.junit.jupiter.engine.descriptor.TestTemplateTestDescriptor.execute(TestTemplateTestDescriptor.java:107)
	at org.junit.jupiter.engine.descriptor.TestTemplateTestDescriptor.execute(TestTemplateTestDescriptor.java:42)
	at org.junit.platform.engine.support.hierarchical.NodeTestTask.lambda$executeRecursively$5(NodeTestTask.java:139)
	at org.junit.platform.engine.support.hierarchical.ThrowableCollector.execute(ThrowableCollector.java:73)
	at org.junit.platform.engine.support.hierarchical.NodeTestTask.lambda$executeRecursively$7(NodeTestTask.java:129)
	at org.junit.platform.engine.support.hierarchical.Node.around(Node.java:137)
	at org.junit.platform.engine.support.hierarchical.NodeTestTask.lambda$executeRecursively$8(NodeTestTask.java:127)
	at org.junit.platform.engine.support.hierarchical.ThrowableCollector.execute(ThrowableCollector.java:73)
	at org.junit.platform.engine.support.hierarchical.NodeTestTask.executeRecursively(NodeTestTask.java:126)
	at org.junit.platform.engine.support.hierarchical.NodeTestTask.execute(NodeTestTask.java:84)
	at java.base/java.util.ArrayList.forEach(ArrayList.java:1511)
	at org.junit.platform.engine.support.hierarchical.SameThreadHierarchicalTestExecutorService.invokeAll(SameThreadHierarchicalTestExecutorService.java:38)
	at org.junit.platform.engine.support.hierarchical.NodeTestTask.lambda$executeRecursively$5(NodeTestTask.java:143)
	at org.junit.platform.engine.support.hierarchical.ThrowableCollector.execute(ThrowableCollector.java:73)
	at org.junit.platform.engine.support.hierarchical.NodeTestTask.lambda$executeRecursively$7(NodeTestTask.java:129)
	at org.junit.platform.engine.support.hierarchical.Node.around(Node.java:137)
	at org.junit.platform.engine.support.hierarchical.NodeTestTask.lambda$executeRecursively$8(NodeTestTask.java:127)
	at org.junit.platform.engine.support.hierarchical.ThrowableCollector.execute(ThrowableCollector.java:73)
	at org.junit.platform.engine.support.hierarchical.NodeTestTask.executeRecursively(NodeTestTask.java:126)
	at org.junit.platform.engine.support.hierarchical.NodeTestTask.execute(NodeTestTask.java:84)
	at java.base/java.util.ArrayList.forEach(ArrayList.java:1511)
	at org.junit.platform.engine.support.hierarchical.SameThreadHierarchicalTestExecutorService.invokeAll(SameThreadHierarchicalTestExecutorService.java:38)
	at org.junit.platform.engine.support.hierarchical.NodeTestTask.lambda$executeRecursively$5(NodeTestTask.java:143)
	at org.junit.platform.engine.support.hierarchical.ThrowableCollector.execute(ThrowableCollector.java:73)
	at org.junit.platform.engine.support.hierarchical.NodeTestTask.lambda$executeRecursively$7(NodeTestTask.java:129)
	at org.junit.platform.engine.support.hierarchical.Node.around(Node.java:137)
	at org.junit.platform.engine.support.hierarchical.NodeTestTask.lambda$executeRecursively$8(NodeTestTask.java:127)
	at org.junit.platform.engine.support.hierarchical.ThrowableCollector.execute(ThrowableCollector.java:73)
	at org.junit.platform.engine.support.hierarchical.NodeTestTask.executeRecursively(NodeTestTask.java:126)
	at org.junit.platform.engine.support.hierarchical.NodeTestTask.execute(NodeTestTask.java:84)
	at org.junit.platform.engine.support.hierarchical.SameThreadHierarchicalTestExecutorService.submit(SameThreadHierarchicalTestExecutorService.java:32)
	at org.junit.platform.engine.support.hierarchical.HierarchicalTestExecutor.execute(HierarchicalTestExecutor.java:57)
	at org.junit.platform.engine.support.hierarchical.HierarchicalTestEngine.execute(HierarchicalTestEngine.java:51)
	at org.junit.platform.launcher.core.EngineExecutionOrchestrator.execute(EngineExecutionOrchestrator.java:108)
	at org.junit.platform.launcher.core.EngineExecutionOrchestrator.execute(EngineExecutionOrchestrator.java:88)
	at org.junit.platform.launcher.core.EngineExecutionOrchestrator.lambda$execute$0(EngineExecutionOrchestrator.java:54)
	at org.junit.platform.launcher.core.EngineExecutionOrchestrator.withInterceptedStreams(EngineExecutionOrchestrator.java:67)
	at org.junit.platform.launcher.core.EngineExecutionOrchestrator.execute(EngineExecutionOrchestrator.java:52)
	at org.junit.platform.launcher.core.DefaultLauncher.execute(DefaultLauncher.java:96)
	at org.junit.platform.launcher.core.DefaultLauncher.execute(DefaultLauncher.java:75)
	at org.junit.platform.console.tasks.ConsoleTestExecutor.executeTests(ConsoleTestExecutor.java:66)
	at org.junit.platform.console.tasks.ConsoleTestExecutor.lambda$execute$0(ConsoleTestExecutor.java:58)
	at org.junit.platform.console.tasks.CustomContextClassLoaderExecutor.replaceThreadContextClassLoaderAndInvoke(CustomContextClassLoaderExecutor.java:41)
	at org.junit.platform.console.tasks.CustomContextClassLoaderExecutor.invoke(CustomContextClassLoaderExecutor.java:31)
	at org.junit.platform.console.tasks.ConsoleTestExecutor.execute(ConsoleTestExecutor.java:58)
	at org.junit.platform.console.ConsoleLauncher.executeTests(ConsoleLauncher.java:95)
	at org.junit.platform.console.ConsoleLauncher.execute(ConsoleLauncher.java:73)
	at org.junit.platform.console.ConsoleLauncher.execute(ConsoleLauncher.java:50)
	at org.junit.platform.console.ConsoleLauncher.execute(ConsoleLauncher.java:43)
	at org.junit.platform.console.ConsoleLauncher.main(ConsoleLauncher.java:37)
]]></skipped>
<system-out><![CDATA[
unique-id: [engine:junit-jupiter]/[class:minebayd1.test.TestUser]/[test-template:testget(minebayd1.User, minebayd1.AdState, java.util.Optional, int)]/[test-template-invocation:#50]
display-name: [50] Naila a 60 annonces ouvertes, 3 annonces fermées et 4 achats 
, PURCHASE, Optional[COMPUTERS], 0
]]></system-out>
</testcase>
<testcase name="testget(User, AdState, Optional, int)[51]" classname="minebayd1.test.TestUser" time="0.001">
<system-out><![CDATA[
unique-id: [engine:junit-jupiter]/[class:minebayd1.test.TestUser]/[test-template:testget(minebayd1.User, minebayd1.AdState, java.util.Optional, int)]/[test-template-invocation:#51]
display-name: [51] Aliou a 50 annonces ouvertes, 3 annonces fermées et 2 achats 
, PURCHASE, Optional[COMPUTERS], 1
]]></system-out>
</testcase>
<testcase name="testget(User, AdState, Optional, int)[52]" classname="minebayd1.test.TestUser" time="0">
<skipped><![CDATA[org.opentest4j.TestAbortedException: Assumption failed: assumption is not true
	at org.junit.jupiter.api.Assumptions.throwTestAbortedException(Assumptions.java:256)
	at org.junit.jupiter.api.Assumptions.assumeTrue(Assumptions.java:115)
	at org.junit.jupiter.api.Assumptions.assumeTrue(Assumptions.java:66)
	at minebayd1.test.TestUser.testget(TestUser.java:961)
	at jdk.internal.reflect.GeneratedMethodAccessor6.invoke(Unknown Source)
	at java.base/jdk.internal.reflect.DelegatingMethodAccessorImpl.invoke(DelegatingMethodAccessorImpl.java:43)
	at java.base/java.lang.reflect.Method.invoke(Method.java:569)
	at org.junit.platform.commons.util.ReflectionUtils.invokeMethod(ReflectionUtils.java:688)
	at org.junit.jupiter.engine.execution.MethodInvocation.proceed(MethodInvocation.java:60)
	at org.junit.jupiter.engine.execution.InvocationInterceptorChain$ValidatingInvocation.proceed(InvocationInterceptorChain.java:131)
	at org.junit.jupiter.engine.extension.TimeoutExtension.intercept(TimeoutExtension.java:149)
	at org.junit.jupiter.engine.extension.TimeoutExtension.interceptTestableMethod(TimeoutExtension.java:140)
	at org.junit.jupiter.engine.extension.TimeoutExtension.interceptTestTemplateMethod(TimeoutExtension.java:92)
	at org.junit.jupiter.engine.execution.ExecutableInvoker$ReflectiveInterceptorCall.lambda$ofVoidMethod$0(ExecutableInvoker.java:115)
	at org.junit.jupiter.engine.execution.ExecutableInvoker.lambda$invoke$0(ExecutableInvoker.java:105)
	at org.junit.jupiter.engine.execution.InvocationInterceptorChain$InterceptedInvocation.proceed(InvocationInterceptorChain.java:106)
	at org.junit.jupiter.engine.execution.InvocationInterceptorChain.proceed(InvocationInterceptorChain.java:64)
	at org.junit.jupiter.engine.execution.InvocationInterceptorChain.chainAndInvoke(InvocationInterceptorChain.java:45)
	at org.junit.jupiter.engine.execution.InvocationInterceptorChain.invoke(InvocationInterceptorChain.java:37)
	at org.junit.jupiter.engine.execution.ExecutableInvoker.invoke(ExecutableInvoker.java:104)
	at org.junit.jupiter.engine.execution.ExecutableInvoker.invoke(ExecutableInvoker.java:98)
	at org.junit.jupiter.engine.descriptor.TestMethodTestDescriptor.lambda$invokeTestMethod$6(TestMethodTestDescriptor.java:210)
	at org.junit.platform.engine.support.hierarchical.ThrowableCollector.execute(ThrowableCollector.java:73)
	at org.junit.jupiter.engine.descriptor.TestMethodTestDescriptor.invokeTestMethod(TestMethodTestDescriptor.java:206)
	at org.junit.jupiter.engine.descriptor.TestMethodTestDescriptor.execute(TestMethodTestDescriptor.java:131)
	at org.junit.jupiter.engine.descriptor.TestMethodTestDescriptor.execute(TestMethodTestDescriptor.java:65)
	at org.junit.platform.engine.support.hierarchical.NodeTestTask.lambda$executeRecursively$5(NodeTestTask.java:139)
	at org.junit.platform.engine.support.hierarchical.ThrowableCollector.execute(ThrowableCollector.java:73)
	at org.junit.platform.engine.support.hierarchical.NodeTestTask.lambda$executeRecursively$7(NodeTestTask.java:129)
	at org.junit.platform.engine.support.hierarchical.Node.around(Node.java:137)
	at org.junit.platform.engine.support.hierarchical.NodeTestTask.lambda$executeRecursively$8(NodeTestTask.java:127)
	at org.junit.platform.engine.support.hierarchical.ThrowableCollector.execute(ThrowableCollector.java:73)
	at org.junit.platform.engine.support.hierarchical.NodeTestTask.executeRecursively(NodeTestTask.java:126)
	at org.junit.platform.engine.support.hierarchical.NodeTestTask.execute(NodeTestTask.java:84)
	at org.junit.platform.engine.support.hierarchical.SameThreadHierarchicalTestExecutorService.submit(SameThreadHierarchicalTestExecutorService.java:32)
	at org.junit.platform.engine.support.hierarchical.NodeTestTask$DefaultDynamicTestExecutor.execute(NodeTestTask.java:212)
	at org.junit.platform.engine.support.hierarchical.NodeTestTask$DefaultDynamicTestExecutor.execute(NodeTestTask.java:192)
	at org.junit.jupiter.engine.descriptor.TestTemplateTestDescriptor.execute(TestTemplateTestDescriptor.java:139)
	at org.junit.jupiter.engine.descriptor.TestTemplateTestDescriptor.lambda$execute$2(TestTemplateTestDescriptor.java:107)
	at java.base/java.util.stream.ForEachOps$ForEachOp$OfRef.accept(ForEachOps.java:183)
	at java.base/java.util.stream.ReferencePipeline$3$1.accept(ReferencePipeline.java:197)
	at java.base/java.util.stream.ReferencePipeline$2$1.accept(ReferencePipeline.java:179)
	at java.base/java.util.stream.ReferencePipeline$3$1.accept(ReferencePipeline.java:197)
	at java.base/java.util.stream.ForEachOps$ForEachOp$OfRef.accept(ForEachOps.java:183)
	at java.base/java.util.stream.ReferencePipeline$15$1.accept(ReferencePipeline.java:541)
	at java.base/java.util.stream.ReferencePipeline$3$1.accept(ReferencePipeline.java:197)
	at java.base/java.util.stream.ReferencePipeline$3$1.accept(ReferencePipeline.java:197)
	at java.base/java.util.stream.ReferencePipeline$3$1.accept(ReferencePipeline.java:197)
	at java.base/java.util.stream.ForEachOps$ForEachOp$OfRef.accept(ForEachOps.java:183)
	at java.base/java.util.stream.ReferencePipeline$3$1.accept(ReferencePipeline.java:197)
	at java.base/java.util.stream.ForEachOps$ForEachOp$OfRef.accept(ForEachOps.java:183)
	at java.base/java.util.stream.SliceOps$1$1.accept(SliceOps.java:200)
	at java.base/java.util.stream.StreamSpliterators$InfiniteSupplyingSpliterator$OfRef.tryAdvance(StreamSpliterators.java:1358)
	at java.base/java.util.stream.ReferencePipeline.forEachWithCancel(ReferencePipeline.java:129)
	at java.base/java.util.stream.AbstractPipeline.copyIntoWithCancel(AbstractPipeline.java:527)
	at java.base/java.util.stream.AbstractPipeline.copyInto(AbstractPipeline.java:513)
	at java.base/java.util.stream.AbstractPipeline.wrapAndCopyInto(AbstractPipeline.java:499)
	at java.base/java.util.stream.ForEachOps$ForEachOp.evaluateSequential(ForEachOps.java:150)
	at java.base/java.util.stream.ForEachOps$ForEachOp$OfRef.evaluateSequential(ForEachOps.java:173)
	at java.base/java.util.stream.AbstractPipeline.evaluate(AbstractPipeline.java:234)
	at java.base/java.util.stream.ReferencePipeline.forEach(ReferencePipeline.java:596)
	at java.base/java.util.stream.ReferencePipeline$7$1.accept(ReferencePipeline.java:276)
	at java.base/java.util.stream.ReferencePipeline$3$1.accept(ReferencePipeline.java:197)
	at java.base/java.util.stream.ReferencePipeline$3$1.accept(ReferencePipeline.java:197)
	at java.base/java.util.Spliterators$ArraySpliterator.forEachRemaining(Spliterators.java:992)
	at java.base/java.util.stream.AbstractPipeline.copyInto(AbstractPipeline.java:509)
	at java.base/java.util.stream.AbstractPipeline.wrapAndCopyInto(AbstractPipeline.java:499)
	at java.base/java.util.stream.ForEachOps$ForEachOp.evaluateSequential(ForEachOps.java:150)
	at java.base/java.util.stream.ForEachOps$ForEachOp$OfRef.evaluateSequential(ForEachOps.java:173)
	at java.base/java.util.stream.AbstractPipeline.evaluate(AbstractPipeline.java:234)
	at java.base/java.util.stream.ReferencePipeline.forEach(ReferencePipeline.java:596)
	at java.base/java.util.stream.ReferencePipeline$7$1.accept(ReferencePipeline.java:276)
	at java.base/java.util.stream.ReferencePipeline$3$1.accept(ReferencePipeline.java:197)
	at java.base/java.util.stream.ReferencePipeline$3$1.accept(ReferencePipeline.java:197)
	at java.base/java.util.stream.ReferencePipeline$3$1.accept(ReferencePipeline.java:197)
	at java.base/java.util.ArrayList$ArrayListSpliterator.forEachRemaining(ArrayList.java:1625)
	at java.base/java.util.stream.AbstractPipeline.copyInto(AbstractPipeline.java:509)
	at java.base/java.util.stream.AbstractPipeline.wrapAndCopyInto(AbstractPipeline.java:499)
	at java.base/java.util.stream.ForEachOps$ForEachOp.evaluateSequential(ForEachOps.java:150)
	at java.base/java.util.stream.ForEachOps$ForEachOp$OfRef.evaluateSequential(ForEachOps.java:173)
	at java.base/java.util.stream.AbstractPipeline.evaluate(AbstractPipeline.java:234)
	at java.base/java.util.stream.ReferencePipeline.forEach(ReferencePipeline.java:596)
	at java.base/java.util.stream.ReferencePipeline$7$1.accept(ReferencePipeline.java:276)
	at java.base/java.util.ArrayList$ArrayListSpliterator.forEachRemaining(ArrayList.java:1625)
	at java.base/java.util.stream.AbstractPipeline.copyInto(AbstractPipeline.java:509)
	at java.base/java.util.stream.AbstractPipeline.wrapAndCopyInto(AbstractPipeline.java:499)
	at java.base/java.util.stream.ForEachOps$ForEachOp.evaluateSequential(ForEachOps.java:150)
	at java.base/java.util.stream.ForEachOps$ForEachOp$OfRef.evaluateSequential(ForEachOps.java:173)
	at java.base/java.util.stream.AbstractPipeline.evaluate(AbstractPipeline.java:234)
	at java.base/java.util.stream.ReferencePipeline.forEach(ReferencePipeline.java:596)
	at org.junit.jupiter.engine.descriptor.TestTemplateTestDescriptor.execute(TestTemplateTestDescriptor.java:107)
	at org.junit.jupiter.engine.descriptor.TestTemplateTestDescriptor.execute(TestTemplateTestDescriptor.java:42)
	at org.junit.platform.engine.support.hierarchical.NodeTestTask.lambda$executeRecursively$5(NodeTestTask.java:139)
	at org.junit.platform.engine.support.hierarchical.ThrowableCollector.execute(ThrowableCollector.java:73)
	at org.junit.platform.engine.support.hierarchical.NodeTestTask.lambda$executeRecursively$7(NodeTestTask.java:129)
	at org.junit.platform.engine.support.hierarchical.Node.around(Node.java:137)
	at org.junit.platform.engine.support.hierarchical.NodeTestTask.lambda$executeRecursively$8(NodeTestTask.java:127)
	at org.junit.platform.engine.support.hierarchical.ThrowableCollector.execute(ThrowableCollector.java:73)
	at org.junit.platform.engine.support.hierarchical.NodeTestTask.executeRecursively(NodeTestTask.java:126)
	at org.junit.platform.engine.support.hierarchical.NodeTestTask.execute(NodeTestTask.java:84)
	at java.base/java.util.ArrayList.forEach(ArrayList.java:1511)
	at org.junit.platform.engine.support.hierarchical.SameThreadHierarchicalTestExecutorService.invokeAll(SameThreadHierarchicalTestExecutorService.java:38)
	at org.junit.platform.engine.support.hierarchical.NodeTestTask.lambda$executeRecursively$5(NodeTestTask.java:143)
	at org.junit.platform.engine.support.hierarchical.ThrowableCollector.execute(ThrowableCollector.java:73)
	at org.junit.platform.engine.support.hierarchical.NodeTestTask.lambda$executeRecursively$7(NodeTestTask.java:129)
	at org.junit.platform.engine.support.hierarchical.Node.around(Node.java:137)
	at org.junit.platform.engine.support.hierarchical.NodeTestTask.lambda$executeRecursively$8(NodeTestTask.java:127)
	at org.junit.platform.engine.support.hierarchical.ThrowableCollector.execute(ThrowableCollector.java:73)
	at org.junit.platform.engine.support.hierarchical.NodeTestTask.executeRecursively(NodeTestTask.java:126)
	at org.junit.platform.engine.support.hierarchical.NodeTestTask.execute(NodeTestTask.java:84)
	at java.base/java.util.ArrayList.forEach(ArrayList.java:1511)
	at org.junit.platform.engine.support.hierarchical.SameThreadHierarchicalTestExecutorService.invokeAll(SameThreadHierarchicalTestExecutorService.java:38)
	at org.junit.platform.engine.support.hierarchical.NodeTestTask.lambda$executeRecursively$5(NodeTestTask.java:143)
	at org.junit.platform.engine.support.hierarchical.ThrowableCollector.execute(ThrowableCollector.java:73)
	at org.junit.platform.engine.support.hierarchical.NodeTestTask.lambda$executeRecursively$7(NodeTestTask.java:129)
	at org.junit.platform.engine.support.hierarchical.Node.around(Node.java:137)
	at org.junit.platform.engine.support.hierarchical.NodeTestTask.lambda$executeRecursively$8(NodeTestTask.java:127)
	at org.junit.platform.engine.support.hierarchical.ThrowableCollector.execute(ThrowableCollector.java:73)
	at org.junit.platform.engine.support.hierarchical.NodeTestTask.executeRecursively(NodeTestTask.java:126)
	at org.junit.platform.engine.support.hierarchical.NodeTestTask.execute(NodeTestTask.java:84)
	at org.junit.platform.engine.support.hierarchical.SameThreadHierarchicalTestExecutorService.submit(SameThreadHierarchicalTestExecutorService.java:32)
	at org.junit.platform.engine.support.hierarchical.HierarchicalTestExecutor.execute(HierarchicalTestExecutor.java:57)
	at org.junit.platform.engine.support.hierarchical.HierarchicalTestEngine.execute(HierarchicalTestEngine.java:51)
	at org.junit.platform.launcher.core.EngineExecutionOrchestrator.execute(EngineExecutionOrchestrator.java:108)
	at org.junit.platform.launcher.core.EngineExecutionOrchestrator.execute(EngineExecutionOrchestrator.java:88)
	at org.junit.platform.launcher.core.EngineExecutionOrchestrator.lambda$execute$0(EngineExecutionOrchestrator.java:54)
	at org.junit.platform.launcher.core.EngineExecutionOrchestrator.withInterceptedStreams(EngineExecutionOrchestrator.java:67)
	at org.junit.platform.launcher.core.EngineExecutionOrchestrator.execute(EngineExecutionOrchestrator.java:52)
	at org.junit.platform.launcher.core.DefaultLauncher.execute(DefaultLauncher.java:96)
	at org.junit.platform.launcher.core.DefaultLauncher.execute(DefaultLauncher.java:75)
	at org.junit.platform.console.tasks.ConsoleTestExecutor.executeTests(ConsoleTestExecutor.java:66)
	at org.junit.platform.console.tasks.ConsoleTestExecutor.lambda$execute$0(ConsoleTestExecutor.java:58)
	at org.junit.platform.console.tasks.CustomContextClassLoaderExecutor.replaceThreadContextClassLoaderAndInvoke(CustomContextClassLoaderExecutor.java:41)
	at org.junit.platform.console.tasks.CustomContextClassLoaderExecutor.invoke(CustomContextClassLoaderExecutor.java:31)
	at org.junit.platform.console.tasks.ConsoleTestExecutor.execute(ConsoleTestExecutor.java:58)
	at org.junit.platform.console.ConsoleLauncher.executeTests(ConsoleLauncher.java:95)
	at org.junit.platform.console.ConsoleLauncher.execute(ConsoleLauncher.java:73)
	at org.junit.platform.console.ConsoleLauncher.execute(ConsoleLauncher.java:50)
	at org.junit.platform.console.ConsoleLauncher.execute(ConsoleLauncher.java:43)
	at org.junit.platform.console.ConsoleLauncher.main(ConsoleLauncher.java:37)
]]></skipped>
<system-out><![CDATA[
unique-id: [engine:junit-jupiter]/[class:minebayd1.test.TestUser]/[test-template:testget(minebayd1.User, minebayd1.AdState, java.util.Optional, int)]/[test-template-invocation:#52]
display-name: [52] Ziad a 48 annonces ouvertes, 4 annonces fermées et 2 achats 
, CLOSED, Optional[SHOES], 1
]]></system-out>
</testcase>
<testcase name="testget(User, AdState, Optional, int)[53]" classname="minebayd1.test.TestUser" time="0.002">
<skipped><![CDATA[org.opentest4j.TestAbortedException: Assumption failed: assumption is not true
	at org.junit.jupiter.api.Assumptions.throwTestAbortedException(Assumptions.java:256)
	at org.junit.jupiter.api.Assumptions.assumeTrue(Assumptions.java:115)
	at org.junit.jupiter.api.Assumptions.assumeTrue(Assumptions.java:66)
	at minebayd1.test.TestUser.testget(TestUser.java:961)
	at jdk.internal.reflect.GeneratedMethodAccessor6.invoke(Unknown Source)
	at java.base/jdk.internal.reflect.DelegatingMethodAccessorImpl.invoke(DelegatingMethodAccessorImpl.java:43)
	at java.base/java.lang.reflect.Method.invoke(Method.java:569)
	at org.junit.platform.commons.util.ReflectionUtils.invokeMethod(ReflectionUtils.java:688)
	at org.junit.jupiter.engine.execution.MethodInvocation.proceed(MethodInvocation.java:60)
	at org.junit.jupiter.engine.execution.InvocationInterceptorChain$ValidatingInvocation.proceed(InvocationInterceptorChain.java:131)
	at org.junit.jupiter.engine.extension.TimeoutExtension.intercept(TimeoutExtension.java:149)
	at org.junit.jupiter.engine.extension.TimeoutExtension.interceptTestableMethod(TimeoutExtension.java:140)
	at org.junit.jupiter.engine.extension.TimeoutExtension.interceptTestTemplateMethod(TimeoutExtension.java:92)
	at org.junit.jupiter.engine.execution.ExecutableInvoker$ReflectiveInterceptorCall.lambda$ofVoidMethod$0(ExecutableInvoker.java:115)
	at org.junit.jupiter.engine.execution.ExecutableInvoker.lambda$invoke$0(ExecutableInvoker.java:105)
	at org.junit.jupiter.engine.execution.InvocationInterceptorChain$InterceptedInvocation.proceed(InvocationInterceptorChain.java:106)
	at org.junit.jupiter.engine.execution.InvocationInterceptorChain.proceed(InvocationInterceptorChain.java:64)
	at org.junit.jupiter.engine.execution.InvocationInterceptorChain.chainAndInvoke(InvocationInterceptorChain.java:45)
	at org.junit.jupiter.engine.execution.InvocationInterceptorChain.invoke(InvocationInterceptorChain.java:37)
	at org.junit.jupiter.engine.execution.ExecutableInvoker.invoke(ExecutableInvoker.java:104)
	at org.junit.jupiter.engine.execution.ExecutableInvoker.invoke(ExecutableInvoker.java:98)
	at org.junit.jupiter.engine.descriptor.TestMethodTestDescriptor.lambda$invokeTestMethod$6(TestMethodTestDescriptor.java:210)
	at org.junit.platform.engine.support.hierarchical.ThrowableCollector.execute(ThrowableCollector.java:73)
	at org.junit.jupiter.engine.descriptor.TestMethodTestDescriptor.invokeTestMethod(TestMethodTestDescriptor.java:206)
	at org.junit.jupiter.engine.descriptor.TestMethodTestDescriptor.execute(TestMethodTestDescriptor.java:131)
	at org.junit.jupiter.engine.descriptor.TestMethodTestDescriptor.execute(TestMethodTestDescriptor.java:65)
	at org.junit.platform.engine.support.hierarchical.NodeTestTask.lambda$executeRecursively$5(NodeTestTask.java:139)
	at org.junit.platform.engine.support.hierarchical.ThrowableCollector.execute(ThrowableCollector.java:73)
	at org.junit.platform.engine.support.hierarchical.NodeTestTask.lambda$executeRecursively$7(NodeTestTask.java:129)
	at org.junit.platform.engine.support.hierarchical.Node.around(Node.java:137)
	at org.junit.platform.engine.support.hierarchical.NodeTestTask.lambda$executeRecursively$8(NodeTestTask.java:127)
	at org.junit.platform.engine.support.hierarchical.ThrowableCollector.execute(ThrowableCollector.java:73)
	at org.junit.platform.engine.support.hierarchical.NodeTestTask.executeRecursively(NodeTestTask.java:126)
	at org.junit.platform.engine.support.hierarchical.NodeTestTask.execute(NodeTestTask.java:84)
	at org.junit.platform.engine.support.hierarchical.SameThreadHierarchicalTestExecutorService.submit(SameThreadHierarchicalTestExecutorService.java:32)
	at org.junit.platform.engine.support.hierarchical.NodeTestTask$DefaultDynamicTestExecutor.execute(NodeTestTask.java:212)
	at org.junit.platform.engine.support.hierarchical.NodeTestTask$DefaultDynamicTestExecutor.execute(NodeTestTask.java:192)
	at org.junit.jupiter.engine.descriptor.TestTemplateTestDescriptor.execute(TestTemplateTestDescriptor.java:139)
	at org.junit.jupiter.engine.descriptor.TestTemplateTestDescriptor.lambda$execute$2(TestTemplateTestDescriptor.java:107)
	at java.base/java.util.stream.ForEachOps$ForEachOp$OfRef.accept(ForEachOps.java:183)
	at java.base/java.util.stream.ReferencePipeline$3$1.accept(ReferencePipeline.java:197)
	at java.base/java.util.stream.ReferencePipeline$2$1.accept(ReferencePipeline.java:179)
	at java.base/java.util.stream.ReferencePipeline$3$1.accept(ReferencePipeline.java:197)
	at java.base/java.util.stream.ForEachOps$ForEachOp$OfRef.accept(ForEachOps.java:183)
	at java.base/java.util.stream.ReferencePipeline$15$1.accept(ReferencePipeline.java:541)
	at java.base/java.util.stream.ReferencePipeline$3$1.accept(ReferencePipeline.java:197)
	at java.base/java.util.stream.ReferencePipeline$3$1.accept(ReferencePipeline.java:197)
	at java.base/java.util.stream.ReferencePipeline$3$1.accept(ReferencePipeline.java:197)
	at java.base/java.util.stream.ForEachOps$ForEachOp$OfRef.accept(ForEachOps.java:183)
	at java.base/java.util.stream.ReferencePipeline$3$1.accept(ReferencePipeline.java:197)
	at java.base/java.util.stream.ForEachOps$ForEachOp$OfRef.accept(ForEachOps.java:183)
	at java.base/java.util.stream.SliceOps$1$1.accept(SliceOps.java:200)
	at java.base/java.util.stream.StreamSpliterators$InfiniteSupplyingSpliterator$OfRef.tryAdvance(StreamSpliterators.java:1358)
	at java.base/java.util.stream.ReferencePipeline.forEachWithCancel(ReferencePipeline.java:129)
	at java.base/java.util.stream.AbstractPipeline.copyIntoWithCancel(AbstractPipeline.java:527)
	at java.base/java.util.stream.AbstractPipeline.copyInto(AbstractPipeline.java:513)
	at java.base/java.util.stream.AbstractPipeline.wrapAndCopyInto(AbstractPipeline.java:499)
	at java.base/java.util.stream.ForEachOps$ForEachOp.evaluateSequential(ForEachOps.java:150)
	at java.base/java.util.stream.ForEachOps$ForEachOp$OfRef.evaluateSequential(ForEachOps.java:173)
	at java.base/java.util.stream.AbstractPipeline.evaluate(AbstractPipeline.java:234)
	at java.base/java.util.stream.ReferencePipeline.forEach(ReferencePipeline.java:596)
	at java.base/java.util.stream.ReferencePipeline$7$1.accept(ReferencePipeline.java:276)
	at java.base/java.util.stream.ReferencePipeline$3$1.accept(ReferencePipeline.java:197)
	at java.base/java.util.stream.ReferencePipeline$3$1.accept(ReferencePipeline.java:197)
	at java.base/java.util.Spliterators$ArraySpliterator.forEachRemaining(Spliterators.java:992)
	at java.base/java.util.stream.AbstractPipeline.copyInto(AbstractPipeline.java:509)
	at java.base/java.util.stream.AbstractPipeline.wrapAndCopyInto(AbstractPipeline.java:499)
	at java.base/java.util.stream.ForEachOps$ForEachOp.evaluateSequential(ForEachOps.java:150)
	at java.base/java.util.stream.ForEachOps$ForEachOp$OfRef.evaluateSequential(ForEachOps.java:173)
	at java.base/java.util.stream.AbstractPipeline.evaluate(AbstractPipeline.java:234)
	at java.base/java.util.stream.ReferencePipeline.forEach(ReferencePipeline.java:596)
	at java.base/java.util.stream.ReferencePipeline$7$1.accept(ReferencePipeline.java:276)
	at java.base/java.util.stream.ReferencePipeline$3$1.accept(ReferencePipeline.java:197)
	at java.base/java.util.stream.ReferencePipeline$3$1.accept(ReferencePipeline.java:197)
	at java.base/java.util.stream.ReferencePipeline$3$1.accept(ReferencePipeline.java:197)
	at java.base/java.util.ArrayList$ArrayListSpliterator.forEachRemaining(ArrayList.java:1625)
	at java.base/java.util.stream.AbstractPipeline.copyInto(AbstractPipeline.java:509)
	at java.base/java.util.stream.AbstractPipeline.wrapAndCopyInto(AbstractPipeline.java:499)
	at java.base/java.util.stream.ForEachOps$ForEachOp.evaluateSequential(ForEachOps.java:150)
	at java.base/java.util.stream.ForEachOps$ForEachOp$OfRef.evaluateSequential(ForEachOps.java:173)
	at java.base/java.util.stream.AbstractPipeline.evaluate(AbstractPipeline.java:234)
	at java.base/java.util.stream.ReferencePipeline.forEach(ReferencePipeline.java:596)
	at java.base/java.util.stream.ReferencePipeline$7$1.accept(ReferencePipeline.java:276)
	at java.base/java.util.ArrayList$ArrayListSpliterator.forEachRemaining(ArrayList.java:1625)
	at java.base/java.util.stream.AbstractPipeline.copyInto(AbstractPipeline.java:509)
	at java.base/java.util.stream.AbstractPipeline.wrapAndCopyInto(AbstractPipeline.java:499)
	at java.base/java.util.stream.ForEachOps$ForEachOp.evaluateSequential(ForEachOps.java:150)
	at java.base/java.util.stream.ForEachOps$ForEachOp$OfRef.evaluateSequential(ForEachOps.java:173)
	at java.base/java.util.stream.AbstractPipeline.evaluate(AbstractPipeline.java:234)
	at java.base/java.util.stream.ReferencePipeline.forEach(ReferencePipeline.java:596)
	at org.junit.jupiter.engine.descriptor.TestTemplateTestDescriptor.execute(TestTemplateTestDescriptor.java:107)
	at org.junit.jupiter.engine.descriptor.TestTemplateTestDescriptor.execute(TestTemplateTestDescriptor.java:42)
	at org.junit.platform.engine.support.hierarchical.NodeTestTask.lambda$executeRecursively$5(NodeTestTask.java:139)
	at org.junit.platform.engine.support.hierarchical.ThrowableCollector.execute(ThrowableCollector.java:73)
	at org.junit.platform.engine.support.hierarchical.NodeTestTask.lambda$executeRecursively$7(NodeTestTask.java:129)
	at org.junit.platform.engine.support.hierarchical.Node.around(Node.java:137)
	at org.junit.platform.engine.support.hierarchical.NodeTestTask.lambda$executeRecursively$8(NodeTestTask.java:127)
	at org.junit.platform.engine.support.hierarchical.ThrowableCollector.execute(ThrowableCollector.java:73)
	at org.junit.platform.engine.support.hierarchical.NodeTestTask.executeRecursively(NodeTestTask.java:126)
	at org.junit.platform.engine.support.hierarchical.NodeTestTask.execute(NodeTestTask.java:84)
	at java.base/java.util.ArrayList.forEach(ArrayList.java:1511)
	at org.junit.platform.engine.support.hierarchical.SameThreadHierarchicalTestExecutorService.invokeAll(SameThreadHierarchicalTestExecutorService.java:38)
	at org.junit.platform.engine.support.hierarchical.NodeTestTask.lambda$executeRecursively$5(NodeTestTask.java:143)
	at org.junit.platform.engine.support.hierarchical.ThrowableCollector.execute(ThrowableCollector.java:73)
	at org.junit.platform.engine.support.hierarchical.NodeTestTask.lambda$executeRecursively$7(NodeTestTask.java:129)
	at org.junit.platform.engine.support.hierarchical.Node.around(Node.java:137)
	at org.junit.platform.engine.support.hierarchical.NodeTestTask.lambda$executeRecursively$8(NodeTestTask.java:127)
	at org.junit.platform.engine.support.hierarchical.ThrowableCollector.execute(ThrowableCollector.java:73)
	at org.junit.platform.engine.support.hierarchical.NodeTestTask.executeRecursively(NodeTestTask.java:126)
	at org.junit.platform.engine.support.hierarchical.NodeTestTask.execute(NodeTestTask.java:84)
	at java.base/java.util.ArrayList.forEach(ArrayList.java:1511)
	at org.junit.platform.engine.support.hierarchical.SameThreadHierarchicalTestExecutorService.invokeAll(SameThreadHierarchicalTestExecutorService.java:38)
	at org.junit.platform.engine.support.hierarchical.NodeTestTask.lambda$executeRecursively$5(NodeTestTask.java:143)
	at org.junit.platform.engine.support.hierarchical.ThrowableCollector.execute(ThrowableCollector.java:73)
	at org.junit.platform.engine.support.hierarchical.NodeTestTask.lambda$executeRecursively$7(NodeTestTask.java:129)
	at org.junit.platform.engine.support.hierarchical.Node.around(Node.java:137)
	at org.junit.platform.engine.support.hierarchical.NodeTestTask.lambda$executeRecursively$8(NodeTestTask.java:127)
	at org.junit.platform.engine.support.hierarchical.ThrowableCollector.execute(ThrowableCollector.java:73)
	at org.junit.platform.engine.support.hierarchical.NodeTestTask.executeRecursively(NodeTestTask.java:126)
	at org.junit.platform.engine.support.hierarchical.NodeTestTask.execute(NodeTestTask.java:84)
	at org.junit.platform.engine.support.hierarchical.SameThreadHierarchicalTestExecutorService.submit(SameThreadHierarchicalTestExecutorService.java:32)
	at org.junit.platform.engine.support.hierarchical.HierarchicalTestExecutor.execute(HierarchicalTestExecutor.java:57)
	at org.junit.platform.engine.support.hierarchical.HierarchicalTestEngine.execute(HierarchicalTestEngine.java:51)
	at org.junit.platform.launcher.core.EngineExecutionOrchestrator.execute(EngineExecutionOrchestrator.java:108)
	at org.junit.platform.launcher.core.EngineExecutionOrchestrator.execute(EngineExecutionOrchestrator.java:88)
	at org.junit.platform.launcher.core.EngineExecutionOrchestrator.lambda$execute$0(EngineExecutionOrchestrator.java:54)
	at org.junit.platform.launcher.core.EngineExecutionOrchestrator.withInterceptedStreams(EngineExecutionOrchestrator.java:67)
	at org.junit.platform.launcher.core.EngineExecutionOrchestrator.execute(EngineExecutionOrchestrator.java:52)
	at org.junit.platform.launcher.core.DefaultLauncher.execute(DefaultLauncher.java:96)
	at org.junit.platform.launcher.core.DefaultLauncher.execute(DefaultLauncher.java:75)
	at org.junit.platform.console.tasks.ConsoleTestExecutor.executeTests(ConsoleTestExecutor.java:66)
	at org.junit.platform.console.tasks.ConsoleTestExecutor.lambda$execute$0(ConsoleTestExecutor.java:58)
	at org.junit.platform.console.tasks.CustomContextClassLoaderExecutor.replaceThreadContextClassLoaderAndInvoke(CustomContextClassLoaderExecutor.java:41)
	at org.junit.platform.console.tasks.CustomContextClassLoaderExecutor.invoke(CustomContextClassLoaderExecutor.java:31)
	at org.junit.platform.console.tasks.ConsoleTestExecutor.execute(ConsoleTestExecutor.java:58)
	at org.junit.platform.console.ConsoleLauncher.executeTests(ConsoleLauncher.java:95)
	at org.junit.platform.console.ConsoleLauncher.execute(ConsoleLauncher.java:73)
	at org.junit.platform.console.ConsoleLauncher.execute(ConsoleLauncher.java:50)
	at org.junit.platform.console.ConsoleLauncher.execute(ConsoleLauncher.java:43)
	at org.junit.platform.console.ConsoleLauncher.main(ConsoleLauncher.java:37)
]]></skipped>
<system-out><![CDATA[
unique-id: [engine:junit-jupiter]/[class:minebayd1.test.TestUser]/[test-template:testget(minebayd1.User, minebayd1.AdState, java.util.Optional, int)]/[test-template-invocation:#53]
display-name: [53] Ismael a 59 annonces ouvertes, 1 annonces fermées et 3 achats 
, PURCHASE, Optional[SHOES], 1
]]></system-out>
</testcase>
<testcase name="testget(User, AdState, Optional, int)[54]" classname="minebayd1.test.TestUser" time="0">
<system-out><![CDATA[
unique-id: [engine:junit-jupiter]/[class:minebayd1.test.TestUser]/[test-template:testget(minebayd1.User, minebayd1.AdState, java.util.Optional, int)]/[test-template-invocation:#54]
display-name: [54] Sonia a 47 annonces ouvertes, 2 annonces fermées et 2 achats 
, OPEN, Optional[GAMES], 1
]]></system-out>
</testcase>
<testcase name="testget(User, AdState, Optional, int)[55]" classname="minebayd1.test.TestUser" time="0.001">
<system-out><![CDATA[
unique-id: [engine:junit-jupiter]/[class:minebayd1.test.TestUser]/[test-template:testget(minebayd1.User, minebayd1.AdState, java.util.Optional, int)]/[test-template-invocation:#55]
display-name: [55] Ali a 57 annonces ouvertes, 6 annonces fermées et 3 achats 
, CLOSED, Optional[GAMES], 0
]]></system-out>
</testcase>
<testcase name="testget(User, AdState, Optional, int)[56]" classname="minebayd1.test.TestUser" time="0.001">
<system-out><![CDATA[
unique-id: [engine:junit-jupiter]/[class:minebayd1.test.TestUser]/[test-template:testget(minebayd1.User, minebayd1.AdState, java.util.Optional, int)]/[test-template-invocation:#56]
display-name: [56] Adam a 49 annonces ouvertes, 3 annonces fermées et 3 achats 
, PURCHASE, Optional[SHOES], 1
]]></system-out>
</testcase>
<testcase name="testget(User, AdState, Optional, int)[57]" classname="minebayd1.test.TestUser" time="0">
<skipped><![CDATA[org.opentest4j.TestAbortedException: Assumption failed: assumption is not true
	at org.junit.jupiter.api.Assumptions.throwTestAbortedException(Assumptions.java:256)
	at org.junit.jupiter.api.Assumptions.assumeTrue(Assumptions.java:115)
	at org.junit.jupiter.api.Assumptions.assumeTrue(Assumptions.java:66)
	at minebayd1.test.TestUser.testget(TestUser.java:961)
	at jdk.internal.reflect.GeneratedMethodAccessor6.invoke(Unknown Source)
	at java.base/jdk.internal.reflect.DelegatingMethodAccessorImpl.invoke(DelegatingMethodAccessorImpl.java:43)
	at java.base/java.lang.reflect.Method.invoke(Method.java:569)
	at org.junit.platform.commons.util.ReflectionUtils.invokeMethod(ReflectionUtils.java:688)
	at org.junit.jupiter.engine.execution.MethodInvocation.proceed(MethodInvocation.java:60)
	at org.junit.jupiter.engine.execution.InvocationInterceptorChain$ValidatingInvocation.proceed(InvocationInterceptorChain.java:131)
	at org.junit.jupiter.engine.extension.TimeoutExtension.intercept(TimeoutExtension.java:149)
	at org.junit.jupiter.engine.extension.TimeoutExtension.interceptTestableMethod(TimeoutExtension.java:140)
	at org.junit.jupiter.engine.extension.TimeoutExtension.interceptTestTemplateMethod(TimeoutExtension.java:92)
	at org.junit.jupiter.engine.execution.ExecutableInvoker$ReflectiveInterceptorCall.lambda$ofVoidMethod$0(ExecutableInvoker.java:115)
	at org.junit.jupiter.engine.execution.ExecutableInvoker.lambda$invoke$0(ExecutableInvoker.java:105)
	at org.junit.jupiter.engine.execution.InvocationInterceptorChain$InterceptedInvocation.proceed(InvocationInterceptorChain.java:106)
	at org.junit.jupiter.engine.execution.InvocationInterceptorChain.proceed(InvocationInterceptorChain.java:64)
	at org.junit.jupiter.engine.execution.InvocationInterceptorChain.chainAndInvoke(InvocationInterceptorChain.java:45)
	at org.junit.jupiter.engine.execution.InvocationInterceptorChain.invoke(InvocationInterceptorChain.java:37)
	at org.junit.jupiter.engine.execution.ExecutableInvoker.invoke(ExecutableInvoker.java:104)
	at org.junit.jupiter.engine.execution.ExecutableInvoker.invoke(ExecutableInvoker.java:98)
	at org.junit.jupiter.engine.descriptor.TestMethodTestDescriptor.lambda$invokeTestMethod$6(TestMethodTestDescriptor.java:210)
	at org.junit.platform.engine.support.hierarchical.ThrowableCollector.execute(ThrowableCollector.java:73)
	at org.junit.jupiter.engine.descriptor.TestMethodTestDescriptor.invokeTestMethod(TestMethodTestDescriptor.java:206)
	at org.junit.jupiter.engine.descriptor.TestMethodTestDescriptor.execute(TestMethodTestDescriptor.java:131)
	at org.junit.jupiter.engine.descriptor.TestMethodTestDescriptor.execute(TestMethodTestDescriptor.java:65)
	at org.junit.platform.engine.support.hierarchical.NodeTestTask.lambda$executeRecursively$5(NodeTestTask.java:139)
	at org.junit.platform.engine.support.hierarchical.ThrowableCollector.execute(ThrowableCollector.java:73)
	at org.junit.platform.engine.support.hierarchical.NodeTestTask.lambda$executeRecursively$7(NodeTestTask.java:129)
	at org.junit.platform.engine.support.hierarchical.Node.around(Node.java:137)
	at org.junit.platform.engine.support.hierarchical.NodeTestTask.lambda$executeRecursively$8(NodeTestTask.java:127)
	at org.junit.platform.engine.support.hierarchical.ThrowableCollector.execute(ThrowableCollector.java:73)
	at org.junit.platform.engine.support.hierarchical.NodeTestTask.executeRecursively(NodeTestTask.java:126)
	at org.junit.platform.engine.support.hierarchical.NodeTestTask.execute(NodeTestTask.java:84)
	at org.junit.platform.engine.support.hierarchical.SameThreadHierarchicalTestExecutorService.submit(SameThreadHierarchicalTestExecutorService.java:32)
	at org.junit.platform.engine.support.hierarchical.NodeTestTask$DefaultDynamicTestExecutor.execute(NodeTestTask.java:212)
	at org.junit.platform.engine.support.hierarchical.NodeTestTask$DefaultDynamicTestExecutor.execute(NodeTestTask.java:192)
	at org.junit.jupiter.engine.descriptor.TestTemplateTestDescriptor.execute(TestTemplateTestDescriptor.java:139)
	at org.junit.jupiter.engine.descriptor.TestTemplateTestDescriptor.lambda$execute$2(TestTemplateTestDescriptor.java:107)
	at java.base/java.util.stream.ForEachOps$ForEachOp$OfRef.accept(ForEachOps.java:183)
	at java.base/java.util.stream.ReferencePipeline$3$1.accept(ReferencePipeline.java:197)
	at java.base/java.util.stream.ReferencePipeline$2$1.accept(ReferencePipeline.java:179)
	at java.base/java.util.stream.ReferencePipeline$3$1.accept(ReferencePipeline.java:197)
	at java.base/java.util.stream.ForEachOps$ForEachOp$OfRef.accept(ForEachOps.java:183)
	at java.base/java.util.stream.ReferencePipeline$15$1.accept(ReferencePipeline.java:541)
	at java.base/java.util.stream.ReferencePipeline$3$1.accept(ReferencePipeline.java:197)
	at java.base/java.util.stream.ReferencePipeline$3$1.accept(ReferencePipeline.java:197)
	at java.base/java.util.stream.ReferencePipeline$3$1.accept(ReferencePipeline.java:197)
	at java.base/java.util.stream.ForEachOps$ForEachOp$OfRef.accept(ForEachOps.java:183)
	at java.base/java.util.stream.ReferencePipeline$3$1.accept(ReferencePipeline.java:197)
	at java.base/java.util.stream.ForEachOps$ForEachOp$OfRef.accept(ForEachOps.java:183)
	at java.base/java.util.stream.SliceOps$1$1.accept(SliceOps.java:200)
	at java.base/java.util.stream.StreamSpliterators$InfiniteSupplyingSpliterator$OfRef.tryAdvance(StreamSpliterators.java:1358)
	at java.base/java.util.stream.ReferencePipeline.forEachWithCancel(ReferencePipeline.java:129)
	at java.base/java.util.stream.AbstractPipeline.copyIntoWithCancel(AbstractPipeline.java:527)
	at java.base/java.util.stream.AbstractPipeline.copyInto(AbstractPipeline.java:513)
	at java.base/java.util.stream.AbstractPipeline.wrapAndCopyInto(AbstractPipeline.java:499)
	at java.base/java.util.stream.ForEachOps$ForEachOp.evaluateSequential(ForEachOps.java:150)
	at java.base/java.util.stream.ForEachOps$ForEachOp$OfRef.evaluateSequential(ForEachOps.java:173)
	at java.base/java.util.stream.AbstractPipeline.evaluate(AbstractPipeline.java:234)
	at java.base/java.util.stream.ReferencePipeline.forEach(ReferencePipeline.java:596)
	at java.base/java.util.stream.ReferencePipeline$7$1.accept(ReferencePipeline.java:276)
	at java.base/java.util.stream.ReferencePipeline$3$1.accept(ReferencePipeline.java:197)
	at java.base/java.util.stream.ReferencePipeline$3$1.accept(ReferencePipeline.java:197)
	at java.base/java.util.Spliterators$ArraySpliterator.forEachRemaining(Spliterators.java:992)
	at java.base/java.util.stream.AbstractPipeline.copyInto(AbstractPipeline.java:509)
	at java.base/java.util.stream.AbstractPipeline.wrapAndCopyInto(AbstractPipeline.java:499)
	at java.base/java.util.stream.ForEachOps$ForEachOp.evaluateSequential(ForEachOps.java:150)
	at java.base/java.util.stream.ForEachOps$ForEachOp$OfRef.evaluateSequential(ForEachOps.java:173)
	at java.base/java.util.stream.AbstractPipeline.evaluate(AbstractPipeline.java:234)
	at java.base/java.util.stream.ReferencePipeline.forEach(ReferencePipeline.java:596)
	at java.base/java.util.stream.ReferencePipeline$7$1.accept(ReferencePipeline.java:276)
	at java.base/java.util.stream.ReferencePipeline$3$1.accept(ReferencePipeline.java:197)
	at java.base/java.util.stream.ReferencePipeline$3$1.accept(ReferencePipeline.java:197)
	at java.base/java.util.stream.ReferencePipeline$3$1.accept(ReferencePipeline.java:197)
	at java.base/java.util.ArrayList$ArrayListSpliterator.forEachRemaining(ArrayList.java:1625)
	at java.base/java.util.stream.AbstractPipeline.copyInto(AbstractPipeline.java:509)
	at java.base/java.util.stream.AbstractPipeline.wrapAndCopyInto(AbstractPipeline.java:499)
	at java.base/java.util.stream.ForEachOps$ForEachOp.evaluateSequential(ForEachOps.java:150)
	at java.base/java.util.stream.ForEachOps$ForEachOp$OfRef.evaluateSequential(ForEachOps.java:173)
	at java.base/java.util.stream.AbstractPipeline.evaluate(AbstractPipeline.java:234)
	at java.base/java.util.stream.ReferencePipeline.forEach(ReferencePipeline.java:596)
	at java.base/java.util.stream.ReferencePipeline$7$1.accept(ReferencePipeline.java:276)
	at java.base/java.util.ArrayList$ArrayListSpliterator.forEachRemaining(ArrayList.java:1625)
	at java.base/java.util.stream.AbstractPipeline.copyInto(AbstractPipeline.java:509)
	at java.base/java.util.stream.AbstractPipeline.wrapAndCopyInto(AbstractPipeline.java:499)
	at java.base/java.util.stream.ForEachOps$ForEachOp.evaluateSequential(ForEachOps.java:150)
	at java.base/java.util.stream.ForEachOps$ForEachOp$OfRef.evaluateSequential(ForEachOps.java:173)
	at java.base/java.util.stream.AbstractPipeline.evaluate(AbstractPipeline.java:234)
	at java.base/java.util.stream.ReferencePipeline.forEach(ReferencePipeline.java:596)
	at org.junit.jupiter.engine.descriptor.TestTemplateTestDescriptor.execute(TestTemplateTestDescriptor.java:107)
	at org.junit.jupiter.engine.descriptor.TestTemplateTestDescriptor.execute(TestTemplateTestDescriptor.java:42)
	at org.junit.platform.engine.support.hierarchical.NodeTestTask.lambda$executeRecursively$5(NodeTestTask.java:139)
	at org.junit.platform.engine.support.hierarchical.ThrowableCollector.execute(ThrowableCollector.java:73)
	at org.junit.platform.engine.support.hierarchical.NodeTestTask.lambda$executeRecursively$7(NodeTestTask.java:129)
	at org.junit.platform.engine.support.hierarchical.Node.around(Node.java:137)
	at org.junit.platform.engine.support.hierarchical.NodeTestTask.lambda$executeRecursively$8(NodeTestTask.java:127)
	at org.junit.platform.engine.support.hierarchical.ThrowableCollector.execute(ThrowableCollector.java:73)
	at org.junit.platform.engine.support.hierarchical.NodeTestTask.executeRecursively(NodeTestTask.java:126)
	at org.junit.platform.engine.support.hierarchical.NodeTestTask.execute(NodeTestTask.java:84)
	at java.base/java.util.ArrayList.forEach(ArrayList.java:1511)
	at org.junit.platform.engine.support.hierarchical.SameThreadHierarchicalTestExecutorService.invokeAll(SameThreadHierarchicalTestExecutorService.java:38)
	at org.junit.platform.engine.support.hierarchical.NodeTestTask.lambda$executeRecursively$5(NodeTestTask.java:143)
	at org.junit.platform.engine.support.hierarchical.ThrowableCollector.execute(ThrowableCollector.java:73)
	at org.junit.platform.engine.support.hierarchical.NodeTestTask.lambda$executeRecursively$7(NodeTestTask.java:129)
	at org.junit.platform.engine.support.hierarchical.Node.around(Node.java:137)
	at org.junit.platform.engine.support.hierarchical.NodeTestTask.lambda$executeRecursively$8(NodeTestTask.java:127)
	at org.junit.platform.engine.support.hierarchical.ThrowableCollector.execute(ThrowableCollector.java:73)
	at org.junit.platform.engine.support.hierarchical.NodeTestTask.executeRecursively(NodeTestTask.java:126)
	at org.junit.platform.engine.support.hierarchical.NodeTestTask.execute(NodeTestTask.java:84)
	at java.base/java.util.ArrayList.forEach(ArrayList.java:1511)
	at org.junit.platform.engine.support.hierarchical.SameThreadHierarchicalTestExecutorService.invokeAll(SameThreadHierarchicalTestExecutorService.java:38)
	at org.junit.platform.engine.support.hierarchical.NodeTestTask.lambda$executeRecursively$5(NodeTestTask.java:143)
	at org.junit.platform.engine.support.hierarchical.ThrowableCollector.execute(ThrowableCollector.java:73)
	at org.junit.platform.engine.support.hierarchical.NodeTestTask.lambda$executeRecursively$7(NodeTestTask.java:129)
	at org.junit.platform.engine.support.hierarchical.Node.around(Node.java:137)
	at org.junit.platform.engine.support.hierarchical.NodeTestTask.lambda$executeRecursively$8(NodeTestTask.java:127)
	at org.junit.platform.engine.support.hierarchical.ThrowableCollector.execute(ThrowableCollector.java:73)
	at org.junit.platform.engine.support.hierarchical.NodeTestTask.executeRecursively(NodeTestTask.java:126)
	at org.junit.platform.engine.support.hierarchical.NodeTestTask.execute(NodeTestTask.java:84)
	at org.junit.platform.engine.support.hierarchical.SameThreadHierarchicalTestExecutorService.submit(SameThreadHierarchicalTestExecutorService.java:32)
	at org.junit.platform.engine.support.hierarchical.HierarchicalTestExecutor.execute(HierarchicalTestExecutor.java:57)
	at org.junit.platform.engine.support.hierarchical.HierarchicalTestEngine.execute(HierarchicalTestEngine.java:51)
	at org.junit.platform.launcher.core.EngineExecutionOrchestrator.execute(EngineExecutionOrchestrator.java:108)
	at org.junit.platform.launcher.core.EngineExecutionOrchestrator.execute(EngineExecutionOrchestrator.java:88)
	at org.junit.platform.launcher.core.EngineExecutionOrchestrator.lambda$execute$0(EngineExecutionOrchestrator.java:54)
	at org.junit.platform.launcher.core.EngineExecutionOrchestrator.withInterceptedStreams(EngineExecutionOrchestrator.java:67)
	at org.junit.platform.launcher.core.EngineExecutionOrchestrator.execute(EngineExecutionOrchestrator.java:52)
	at org.junit.platform.launcher.core.DefaultLauncher.execute(DefaultLauncher.java:96)
	at org.junit.platform.launcher.core.DefaultLauncher.execute(DefaultLauncher.java:75)
	at org.junit.platform.console.tasks.ConsoleTestExecutor.executeTests(ConsoleTestExecutor.java:66)
	at org.junit.platform.console.tasks.ConsoleTestExecutor.lambda$execute$0(ConsoleTestExecutor.java:58)
	at org.junit.platform.console.tasks.CustomContextClassLoaderExecutor.replaceThreadContextClassLoaderAndInvoke(CustomContextClassLoaderExecutor.java:41)
	at org.junit.platform.console.tasks.CustomContextClassLoaderExecutor.invoke(CustomContextClassLoaderExecutor.java:31)
	at org.junit.platform.console.tasks.ConsoleTestExecutor.execute(ConsoleTestExecutor.java:58)
	at org.junit.platform.console.ConsoleLauncher.executeTests(ConsoleLauncher.java:95)
	at org.junit.platform.console.ConsoleLauncher.execute(ConsoleLauncher.java:73)
	at org.junit.platform.console.ConsoleLauncher.execute(ConsoleLauncher.java:50)
	at org.junit.platform.console.ConsoleLauncher.execute(ConsoleLauncher.java:43)
	at org.junit.platform.console.ConsoleLauncher.main(ConsoleLauncher.java:37)
]]></skipped>
<system-out><![CDATA[
unique-id: [engine:junit-jupiter]/[class:minebayd1.test.TestUser]/[test-template:testget(minebayd1.User, minebayd1.AdState, java.util.Optional, int)]/[test-template-invocation:#57]
display-name: [57] Mounir a 59 annonces ouvertes, 2 annonces fermées et 2 achats 
, CLOSED, Optional[BOOKS], 0
]]></system-out>
</testcase>
<testcase name="testget(User, AdState, Optional, int)[58]" classname="minebayd1.test.TestUser" time="0">
<skipped><![CDATA[org.opentest4j.TestAbortedException: Assumption failed: assumption is not true
	at org.junit.jupiter.api.Assumptions.throwTestAbortedException(Assumptions.java:256)
	at org.junit.jupiter.api.Assumptions.assumeTrue(Assumptions.java:115)
	at org.junit.jupiter.api.Assumptions.assumeTrue(Assumptions.java:66)
	at minebayd1.test.TestUser.testget(TestUser.java:961)
	at jdk.internal.reflect.GeneratedMethodAccessor6.invoke(Unknown Source)
	at java.base/jdk.internal.reflect.DelegatingMethodAccessorImpl.invoke(DelegatingMethodAccessorImpl.java:43)
	at java.base/java.lang.reflect.Method.invoke(Method.java:569)
	at org.junit.platform.commons.util.ReflectionUtils.invokeMethod(ReflectionUtils.java:688)
	at org.junit.jupiter.engine.execution.MethodInvocation.proceed(MethodInvocation.java:60)
	at org.junit.jupiter.engine.execution.InvocationInterceptorChain$ValidatingInvocation.proceed(InvocationInterceptorChain.java:131)
	at org.junit.jupiter.engine.extension.TimeoutExtension.intercept(TimeoutExtension.java:149)
	at org.junit.jupiter.engine.extension.TimeoutExtension.interceptTestableMethod(TimeoutExtension.java:140)
	at org.junit.jupiter.engine.extension.TimeoutExtension.interceptTestTemplateMethod(TimeoutExtension.java:92)
	at org.junit.jupiter.engine.execution.ExecutableInvoker$ReflectiveInterceptorCall.lambda$ofVoidMethod$0(ExecutableInvoker.java:115)
	at org.junit.jupiter.engine.execution.ExecutableInvoker.lambda$invoke$0(ExecutableInvoker.java:105)
	at org.junit.jupiter.engine.execution.InvocationInterceptorChain$InterceptedInvocation.proceed(InvocationInterceptorChain.java:106)
	at org.junit.jupiter.engine.execution.InvocationInterceptorChain.proceed(InvocationInterceptorChain.java:64)
	at org.junit.jupiter.engine.execution.InvocationInterceptorChain.chainAndInvoke(InvocationInterceptorChain.java:45)
	at org.junit.jupiter.engine.execution.InvocationInterceptorChain.invoke(InvocationInterceptorChain.java:37)
	at org.junit.jupiter.engine.execution.ExecutableInvoker.invoke(ExecutableInvoker.java:104)
	at org.junit.jupiter.engine.execution.ExecutableInvoker.invoke(ExecutableInvoker.java:98)
	at org.junit.jupiter.engine.descriptor.TestMethodTestDescriptor.lambda$invokeTestMethod$6(TestMethodTestDescriptor.java:210)
	at org.junit.platform.engine.support.hierarchical.ThrowableCollector.execute(ThrowableCollector.java:73)
	at org.junit.jupiter.engine.descriptor.TestMethodTestDescriptor.invokeTestMethod(TestMethodTestDescriptor.java:206)
	at org.junit.jupiter.engine.descriptor.TestMethodTestDescriptor.execute(TestMethodTestDescriptor.java:131)
	at org.junit.jupiter.engine.descriptor.TestMethodTestDescriptor.execute(TestMethodTestDescriptor.java:65)
	at org.junit.platform.engine.support.hierarchical.NodeTestTask.lambda$executeRecursively$5(NodeTestTask.java:139)
	at org.junit.platform.engine.support.hierarchical.ThrowableCollector.execute(ThrowableCollector.java:73)
	at org.junit.platform.engine.support.hierarchical.NodeTestTask.lambda$executeRecursively$7(NodeTestTask.java:129)
	at org.junit.platform.engine.support.hierarchical.Node.around(Node.java:137)
	at org.junit.platform.engine.support.hierarchical.NodeTestTask.lambda$executeRecursively$8(NodeTestTask.java:127)
	at org.junit.platform.engine.support.hierarchical.ThrowableCollector.execute(ThrowableCollector.java:73)
	at org.junit.platform.engine.support.hierarchical.NodeTestTask.executeRecursively(NodeTestTask.java:126)
	at org.junit.platform.engine.support.hierarchical.NodeTestTask.execute(NodeTestTask.java:84)
	at org.junit.platform.engine.support.hierarchical.SameThreadHierarchicalTestExecutorService.submit(SameThreadHierarchicalTestExecutorService.java:32)
	at org.junit.platform.engine.support.hierarchical.NodeTestTask$DefaultDynamicTestExecutor.execute(NodeTestTask.java:212)
	at org.junit.platform.engine.support.hierarchical.NodeTestTask$DefaultDynamicTestExecutor.execute(NodeTestTask.java:192)
	at org.junit.jupiter.engine.descriptor.TestTemplateTestDescriptor.execute(TestTemplateTestDescriptor.java:139)
	at org.junit.jupiter.engine.descriptor.TestTemplateTestDescriptor.lambda$execute$2(TestTemplateTestDescriptor.java:107)
	at java.base/java.util.stream.ForEachOps$ForEachOp$OfRef.accept(ForEachOps.java:183)
	at java.base/java.util.stream.ReferencePipeline$3$1.accept(ReferencePipeline.java:197)
	at java.base/java.util.stream.ReferencePipeline$2$1.accept(ReferencePipeline.java:179)
	at java.base/java.util.stream.ReferencePipeline$3$1.accept(ReferencePipeline.java:197)
	at java.base/java.util.stream.ForEachOps$ForEachOp$OfRef.accept(ForEachOps.java:183)
	at java.base/java.util.stream.ReferencePipeline$15$1.accept(ReferencePipeline.java:541)
	at java.base/java.util.stream.ReferencePipeline$3$1.accept(ReferencePipeline.java:197)
	at java.base/java.util.stream.ReferencePipeline$3$1.accept(ReferencePipeline.java:197)
	at java.base/java.util.stream.ReferencePipeline$3$1.accept(ReferencePipeline.java:197)
	at java.base/java.util.stream.ForEachOps$ForEachOp$OfRef.accept(ForEachOps.java:183)
	at java.base/java.util.stream.ReferencePipeline$3$1.accept(ReferencePipeline.java:197)
	at java.base/java.util.stream.ForEachOps$ForEachOp$OfRef.accept(ForEachOps.java:183)
	at java.base/java.util.stream.SliceOps$1$1.accept(SliceOps.java:200)
	at java.base/java.util.stream.StreamSpliterators$InfiniteSupplyingSpliterator$OfRef.tryAdvance(StreamSpliterators.java:1358)
	at java.base/java.util.stream.ReferencePipeline.forEachWithCancel(ReferencePipeline.java:129)
	at java.base/java.util.stream.AbstractPipeline.copyIntoWithCancel(AbstractPipeline.java:527)
	at java.base/java.util.stream.AbstractPipeline.copyInto(AbstractPipeline.java:513)
	at java.base/java.util.stream.AbstractPipeline.wrapAndCopyInto(AbstractPipeline.java:499)
	at java.base/java.util.stream.ForEachOps$ForEachOp.evaluateSequential(ForEachOps.java:150)
	at java.base/java.util.stream.ForEachOps$ForEachOp$OfRef.evaluateSequential(ForEachOps.java:173)
	at java.base/java.util.stream.AbstractPipeline.evaluate(AbstractPipeline.java:234)
	at java.base/java.util.stream.ReferencePipeline.forEach(ReferencePipeline.java:596)
	at java.base/java.util.stream.ReferencePipeline$7$1.accept(ReferencePipeline.java:276)
	at java.base/java.util.stream.ReferencePipeline$3$1.accept(ReferencePipeline.java:197)
	at java.base/java.util.stream.ReferencePipeline$3$1.accept(ReferencePipeline.java:197)
	at java.base/java.util.Spliterators$ArraySpliterator.forEachRemaining(Spliterators.java:992)
	at java.base/java.util.stream.AbstractPipeline.copyInto(AbstractPipeline.java:509)
	at java.base/java.util.stream.AbstractPipeline.wrapAndCopyInto(AbstractPipeline.java:499)
	at java.base/java.util.stream.ForEachOps$ForEachOp.evaluateSequential(ForEachOps.java:150)
	at java.base/java.util.stream.ForEachOps$ForEachOp$OfRef.evaluateSequential(ForEachOps.java:173)
	at java.base/java.util.stream.AbstractPipeline.evaluate(AbstractPipeline.java:234)
	at java.base/java.util.stream.ReferencePipeline.forEach(ReferencePipeline.java:596)
	at java.base/java.util.stream.ReferencePipeline$7$1.accept(ReferencePipeline.java:276)
	at java.base/java.util.stream.ReferencePipeline$3$1.accept(ReferencePipeline.java:197)
	at java.base/java.util.stream.ReferencePipeline$3$1.accept(ReferencePipeline.java:197)
	at java.base/java.util.stream.ReferencePipeline$3$1.accept(ReferencePipeline.java:197)
	at java.base/java.util.ArrayList$ArrayListSpliterator.forEachRemaining(ArrayList.java:1625)
	at java.base/java.util.stream.AbstractPipeline.copyInto(AbstractPipeline.java:509)
	at java.base/java.util.stream.AbstractPipeline.wrapAndCopyInto(AbstractPipeline.java:499)
	at java.base/java.util.stream.ForEachOps$ForEachOp.evaluateSequential(ForEachOps.java:150)
	at java.base/java.util.stream.ForEachOps$ForEachOp$OfRef.evaluateSequential(ForEachOps.java:173)
	at java.base/java.util.stream.AbstractPipeline.evaluate(AbstractPipeline.java:234)
	at java.base/java.util.stream.ReferencePipeline.forEach(ReferencePipeline.java:596)
	at java.base/java.util.stream.ReferencePipeline$7$1.accept(ReferencePipeline.java:276)
	at java.base/java.util.ArrayList$ArrayListSpliterator.forEachRemaining(ArrayList.java:1625)
	at java.base/java.util.stream.AbstractPipeline.copyInto(AbstractPipeline.java:509)
	at java.base/java.util.stream.AbstractPipeline.wrapAndCopyInto(AbstractPipeline.java:499)
	at java.base/java.util.stream.ForEachOps$ForEachOp.evaluateSequential(ForEachOps.java:150)
	at java.base/java.util.stream.ForEachOps$ForEachOp$OfRef.evaluateSequential(ForEachOps.java:173)
	at java.base/java.util.stream.AbstractPipeline.evaluate(AbstractPipeline.java:234)
	at java.base/java.util.stream.ReferencePipeline.forEach(ReferencePipeline.java:596)
	at org.junit.jupiter.engine.descriptor.TestTemplateTestDescriptor.execute(TestTemplateTestDescriptor.java:107)
	at org.junit.jupiter.engine.descriptor.TestTemplateTestDescriptor.execute(TestTemplateTestDescriptor.java:42)
	at org.junit.platform.engine.support.hierarchical.NodeTestTask.lambda$executeRecursively$5(NodeTestTask.java:139)
	at org.junit.platform.engine.support.hierarchical.ThrowableCollector.execute(ThrowableCollector.java:73)
	at org.junit.platform.engine.support.hierarchical.NodeTestTask.lambda$executeRecursively$7(NodeTestTask.java:129)
	at org.junit.platform.engine.support.hierarchical.Node.around(Node.java:137)
	at org.junit.platform.engine.support.hierarchical.NodeTestTask.lambda$executeRecursively$8(NodeTestTask.java:127)
	at org.junit.platform.engine.support.hierarchical.ThrowableCollector.execute(ThrowableCollector.java:73)
	at org.junit.platform.engine.support.hierarchical.NodeTestTask.executeRecursively(NodeTestTask.java:126)
	at org.junit.platform.engine.support.hierarchical.NodeTestTask.execute(NodeTestTask.java:84)
	at java.base/java.util.ArrayList.forEach(ArrayList.java:1511)
	at org.junit.platform.engine.support.hierarchical.SameThreadHierarchicalTestExecutorService.invokeAll(SameThreadHierarchicalTestExecutorService.java:38)
	at org.junit.platform.engine.support.hierarchical.NodeTestTask.lambda$executeRecursively$5(NodeTestTask.java:143)
	at org.junit.platform.engine.support.hierarchical.ThrowableCollector.execute(ThrowableCollector.java:73)
	at org.junit.platform.engine.support.hierarchical.NodeTestTask.lambda$executeRecursively$7(NodeTestTask.java:129)
	at org.junit.platform.engine.support.hierarchical.Node.around(Node.java:137)
	at org.junit.platform.engine.support.hierarchical.NodeTestTask.lambda$executeRecursively$8(NodeTestTask.java:127)
	at org.junit.platform.engine.support.hierarchical.ThrowableCollector.execute(ThrowableCollector.java:73)
	at org.junit.platform.engine.support.hierarchical.NodeTestTask.executeRecursively(NodeTestTask.java:126)
	at org.junit.platform.engine.support.hierarchical.NodeTestTask.execute(NodeTestTask.java:84)
	at java.base/java.util.ArrayList.forEach(ArrayList.java:1511)
	at org.junit.platform.engine.support.hierarchical.SameThreadHierarchicalTestExecutorService.invokeAll(SameThreadHierarchicalTestExecutorService.java:38)
	at org.junit.platform.engine.support.hierarchical.NodeTestTask.lambda$executeRecursively$5(NodeTestTask.java:143)
	at org.junit.platform.engine.support.hierarchical.ThrowableCollector.execute(ThrowableCollector.java:73)
	at org.junit.platform.engine.support.hierarchical.NodeTestTask.lambda$executeRecursively$7(NodeTestTask.java:129)
	at org.junit.platform.engine.support.hierarchical.Node.around(Node.java:137)
	at org.junit.platform.engine.support.hierarchical.NodeTestTask.lambda$executeRecursively$8(NodeTestTask.java:127)
	at org.junit.platform.engine.support.hierarchical.ThrowableCollector.execute(ThrowableCollector.java:73)
	at org.junit.platform.engine.support.hierarchical.NodeTestTask.executeRecursively(NodeTestTask.java:126)
	at org.junit.platform.engine.support.hierarchical.NodeTestTask.execute(NodeTestTask.java:84)
	at org.junit.platform.engine.support.hierarchical.SameThreadHierarchicalTestExecutorService.submit(SameThreadHierarchicalTestExecutorService.java:32)
	at org.junit.platform.engine.support.hierarchical.HierarchicalTestExecutor.execute(HierarchicalTestExecutor.java:57)
	at org.junit.platform.engine.support.hierarchical.HierarchicalTestEngine.execute(HierarchicalTestEngine.java:51)
	at org.junit.platform.launcher.core.EngineExecutionOrchestrator.execute(EngineExecutionOrchestrator.java:108)
	at org.junit.platform.launcher.core.EngineExecutionOrchestrator.execute(EngineExecutionOrchestrator.java:88)
	at org.junit.platform.launcher.core.EngineExecutionOrchestrator.lambda$execute$0(EngineExecutionOrchestrator.java:54)
	at org.junit.platform.launcher.core.EngineExecutionOrchestrator.withInterceptedStreams(EngineExecutionOrchestrator.java:67)
	at org.junit.platform.launcher.core.EngineExecutionOrchestrator.execute(EngineExecutionOrchestrator.java:52)
	at org.junit.platform.launcher.core.DefaultLauncher.execute(DefaultLauncher.java:96)
	at org.junit.platform.launcher.core.DefaultLauncher.execute(DefaultLauncher.java:75)
	at org.junit.platform.console.tasks.ConsoleTestExecutor.executeTests(ConsoleTestExecutor.java:66)
	at org.junit.platform.console.tasks.ConsoleTestExecutor.lambda$execute$0(ConsoleTestExecutor.java:58)
	at org.junit.platform.console.tasks.CustomContextClassLoaderExecutor.replaceThreadContextClassLoaderAndInvoke(CustomContextClassLoaderExecutor.java:41)
	at org.junit.platform.console.tasks.CustomContextClassLoaderExecutor.invoke(CustomContextClassLoaderExecutor.java:31)
	at org.junit.platform.console.tasks.ConsoleTestExecutor.execute(ConsoleTestExecutor.java:58)
	at org.junit.platform.console.ConsoleLauncher.executeTests(ConsoleLauncher.java:95)
	at org.junit.platform.console.ConsoleLauncher.execute(ConsoleLauncher.java:73)
	at org.junit.platform.console.ConsoleLauncher.execute(ConsoleLauncher.java:50)
	at org.junit.platform.console.ConsoleLauncher.execute(ConsoleLauncher.java:43)
	at org.junit.platform.console.ConsoleLauncher.main(ConsoleLauncher.java:37)
]]></skipped>
<system-out><![CDATA[
unique-id: [engine:junit-jupiter]/[class:minebayd1.test.TestUser]/[test-template:testget(minebayd1.User, minebayd1.AdState, java.util.Optional, int)]/[test-template-invocation:#58]
display-name: [58] Faycal a 51 annonces ouvertes, 3 annonces fermées et 4 achats 
, CLOSED, Optional[BOOKS], 0
]]></system-out>
</testcase>
<testcase name="testget(User, AdState, Optional, int)[59]" classname="minebayd1.test.TestUser" time="0.001">
<system-out><![CDATA[
unique-id: [engine:junit-jupiter]/[class:minebayd1.test.TestUser]/[test-template:testget(minebayd1.User, minebayd1.AdState, java.util.Optional, int)]/[test-template-invocation:#59]
display-name: [59] Idir a 58 annonces ouvertes, 5 annonces fermées et 4 achats 
, PURCHASE, Optional[GAMES], 0
]]></system-out>
</testcase>
<testcase name="testget(User, AdState, Optional, int)[60]" classname="minebayd1.test.TestUser" time="0.001">
<system-out><![CDATA[
unique-id: [engine:junit-jupiter]/[class:minebayd1.test.TestUser]/[test-template:testget(minebayd1.User, minebayd1.AdState, java.util.Optional, int)]/[test-template-invocation:#60]
display-name: [60] Mamadou a 59 annonces ouvertes, 2 annonces fermées et 1 achats 
, OPEN, Optional[BOOKS], 1
]]></system-out>
</testcase>
<testcase name="testget(User, AdState, Optional, int)[61]" classname="minebayd1.test.TestUser" time="0">
<skipped><![CDATA[org.opentest4j.TestAbortedException: Assumption failed: assumption is not true
	at org.junit.jupiter.api.Assumptions.throwTestAbortedException(Assumptions.java:256)
	at org.junit.jupiter.api.Assumptions.assumeTrue(Assumptions.java:115)
	at org.junit.jupiter.api.Assumptions.assumeTrue(Assumptions.java:66)
	at minebayd1.test.TestUser.testget(TestUser.java:961)
	at jdk.internal.reflect.GeneratedMethodAccessor6.invoke(Unknown Source)
	at java.base/jdk.internal.reflect.DelegatingMethodAccessorImpl.invoke(DelegatingMethodAccessorImpl.java:43)
	at java.base/java.lang.reflect.Method.invoke(Method.java:569)
	at org.junit.platform.commons.util.ReflectionUtils.invokeMethod(ReflectionUtils.java:688)
	at org.junit.jupiter.engine.execution.MethodInvocation.proceed(MethodInvocation.java:60)
	at org.junit.jupiter.engine.execution.InvocationInterceptorChain$ValidatingInvocation.proceed(InvocationInterceptorChain.java:131)
	at org.junit.jupiter.engine.extension.TimeoutExtension.intercept(TimeoutExtension.java:149)
	at org.junit.jupiter.engine.extension.TimeoutExtension.interceptTestableMethod(TimeoutExtension.java:140)
	at org.junit.jupiter.engine.extension.TimeoutExtension.interceptTestTemplateMethod(TimeoutExtension.java:92)
	at org.junit.jupiter.engine.execution.ExecutableInvoker$ReflectiveInterceptorCall.lambda$ofVoidMethod$0(ExecutableInvoker.java:115)
	at org.junit.jupiter.engine.execution.ExecutableInvoker.lambda$invoke$0(ExecutableInvoker.java:105)
	at org.junit.jupiter.engine.execution.InvocationInterceptorChain$InterceptedInvocation.proceed(InvocationInterceptorChain.java:106)
	at org.junit.jupiter.engine.execution.InvocationInterceptorChain.proceed(InvocationInterceptorChain.java:64)
	at org.junit.jupiter.engine.execution.InvocationInterceptorChain.chainAndInvoke(InvocationInterceptorChain.java:45)
	at org.junit.jupiter.engine.execution.InvocationInterceptorChain.invoke(InvocationInterceptorChain.java:37)
	at org.junit.jupiter.engine.execution.ExecutableInvoker.invoke(ExecutableInvoker.java:104)
	at org.junit.jupiter.engine.execution.ExecutableInvoker.invoke(ExecutableInvoker.java:98)
	at org.junit.jupiter.engine.descriptor.TestMethodTestDescriptor.lambda$invokeTestMethod$6(TestMethodTestDescriptor.java:210)
	at org.junit.platform.engine.support.hierarchical.ThrowableCollector.execute(ThrowableCollector.java:73)
	at org.junit.jupiter.engine.descriptor.TestMethodTestDescriptor.invokeTestMethod(TestMethodTestDescriptor.java:206)
	at org.junit.jupiter.engine.descriptor.TestMethodTestDescriptor.execute(TestMethodTestDescriptor.java:131)
	at org.junit.jupiter.engine.descriptor.TestMethodTestDescriptor.execute(TestMethodTestDescriptor.java:65)
	at org.junit.platform.engine.support.hierarchical.NodeTestTask.lambda$executeRecursively$5(NodeTestTask.java:139)
	at org.junit.platform.engine.support.hierarchical.ThrowableCollector.execute(ThrowableCollector.java:73)
	at org.junit.platform.engine.support.hierarchical.NodeTestTask.lambda$executeRecursively$7(NodeTestTask.java:129)
	at org.junit.platform.engine.support.hierarchical.Node.around(Node.java:137)
	at org.junit.platform.engine.support.hierarchical.NodeTestTask.lambda$executeRecursively$8(NodeTestTask.java:127)
	at org.junit.platform.engine.support.hierarchical.ThrowableCollector.execute(ThrowableCollector.java:73)
	at org.junit.platform.engine.support.hierarchical.NodeTestTask.executeRecursively(NodeTestTask.java:126)
	at org.junit.platform.engine.support.hierarchical.NodeTestTask.execute(NodeTestTask.java:84)
	at org.junit.platform.engine.support.hierarchical.SameThreadHierarchicalTestExecutorService.submit(SameThreadHierarchicalTestExecutorService.java:32)
	at org.junit.platform.engine.support.hierarchical.NodeTestTask$DefaultDynamicTestExecutor.execute(NodeTestTask.java:212)
	at org.junit.platform.engine.support.hierarchical.NodeTestTask$DefaultDynamicTestExecutor.execute(NodeTestTask.java:192)
	at org.junit.jupiter.engine.descriptor.TestTemplateTestDescriptor.execute(TestTemplateTestDescriptor.java:139)
	at org.junit.jupiter.engine.descriptor.TestTemplateTestDescriptor.lambda$execute$2(TestTemplateTestDescriptor.java:107)
	at java.base/java.util.stream.ForEachOps$ForEachOp$OfRef.accept(ForEachOps.java:183)
	at java.base/java.util.stream.ReferencePipeline$3$1.accept(ReferencePipeline.java:197)
	at java.base/java.util.stream.ReferencePipeline$2$1.accept(ReferencePipeline.java:179)
	at java.base/java.util.stream.ReferencePipeline$3$1.accept(ReferencePipeline.java:197)
	at java.base/java.util.stream.ForEachOps$ForEachOp$OfRef.accept(ForEachOps.java:183)
	at java.base/java.util.stream.ReferencePipeline$15$1.accept(ReferencePipeline.java:541)
	at java.base/java.util.stream.ReferencePipeline$3$1.accept(ReferencePipeline.java:197)
	at java.base/java.util.stream.ReferencePipeline$3$1.accept(ReferencePipeline.java:197)
	at java.base/java.util.stream.ReferencePipeline$3$1.accept(ReferencePipeline.java:197)
	at java.base/java.util.stream.ForEachOps$ForEachOp$OfRef.accept(ForEachOps.java:183)
	at java.base/java.util.stream.ReferencePipeline$3$1.accept(ReferencePipeline.java:197)
	at java.base/java.util.stream.ForEachOps$ForEachOp$OfRef.accept(ForEachOps.java:183)
	at java.base/java.util.stream.SliceOps$1$1.accept(SliceOps.java:200)
	at java.base/java.util.stream.StreamSpliterators$InfiniteSupplyingSpliterator$OfRef.tryAdvance(StreamSpliterators.java:1358)
	at java.base/java.util.stream.ReferencePipeline.forEachWithCancel(ReferencePipeline.java:129)
	at java.base/java.util.stream.AbstractPipeline.copyIntoWithCancel(AbstractPipeline.java:527)
	at java.base/java.util.stream.AbstractPipeline.copyInto(AbstractPipeline.java:513)
	at java.base/java.util.stream.AbstractPipeline.wrapAndCopyInto(AbstractPipeline.java:499)
	at java.base/java.util.stream.ForEachOps$ForEachOp.evaluateSequential(ForEachOps.java:150)
	at java.base/java.util.stream.ForEachOps$ForEachOp$OfRef.evaluateSequential(ForEachOps.java:173)
	at java.base/java.util.stream.AbstractPipeline.evaluate(AbstractPipeline.java:234)
	at java.base/java.util.stream.ReferencePipeline.forEach(ReferencePipeline.java:596)
	at java.base/java.util.stream.ReferencePipeline$7$1.accept(ReferencePipeline.java:276)
	at java.base/java.util.stream.ReferencePipeline$3$1.accept(ReferencePipeline.java:197)
	at java.base/java.util.stream.ReferencePipeline$3$1.accept(ReferencePipeline.java:197)
	at java.base/java.util.Spliterators$ArraySpliterator.forEachRemaining(Spliterators.java:992)
	at java.base/java.util.stream.AbstractPipeline.copyInto(AbstractPipeline.java:509)
	at java.base/java.util.stream.AbstractPipeline.wrapAndCopyInto(AbstractPipeline.java:499)
	at java.base/java.util.stream.ForEachOps$ForEachOp.evaluateSequential(ForEachOps.java:150)
	at java.base/java.util.stream.ForEachOps$ForEachOp$OfRef.evaluateSequential(ForEachOps.java:173)
	at java.base/java.util.stream.AbstractPipeline.evaluate(AbstractPipeline.java:234)
	at java.base/java.util.stream.ReferencePipeline.forEach(ReferencePipeline.java:596)
	at java.base/java.util.stream.ReferencePipeline$7$1.accept(ReferencePipeline.java:276)
	at java.base/java.util.stream.ReferencePipeline$3$1.accept(ReferencePipeline.java:197)
	at java.base/java.util.stream.ReferencePipeline$3$1.accept(ReferencePipeline.java:197)
	at java.base/java.util.stream.ReferencePipeline$3$1.accept(ReferencePipeline.java:197)
	at java.base/java.util.ArrayList$ArrayListSpliterator.forEachRemaining(ArrayList.java:1625)
	at java.base/java.util.stream.AbstractPipeline.copyInto(AbstractPipeline.java:509)
	at java.base/java.util.stream.AbstractPipeline.wrapAndCopyInto(AbstractPipeline.java:499)
	at java.base/java.util.stream.ForEachOps$ForEachOp.evaluateSequential(ForEachOps.java:150)
	at java.base/java.util.stream.ForEachOps$ForEachOp$OfRef.evaluateSequential(ForEachOps.java:173)
	at java.base/java.util.stream.AbstractPipeline.evaluate(AbstractPipeline.java:234)
	at java.base/java.util.stream.ReferencePipeline.forEach(ReferencePipeline.java:596)
	at java.base/java.util.stream.ReferencePipeline$7$1.accept(ReferencePipeline.java:276)
	at java.base/java.util.ArrayList$ArrayListSpliterator.forEachRemaining(ArrayList.java:1625)
	at java.base/java.util.stream.AbstractPipeline.copyInto(AbstractPipeline.java:509)
	at java.base/java.util.stream.AbstractPipeline.wrapAndCopyInto(AbstractPipeline.java:499)
	at java.base/java.util.stream.ForEachOps$ForEachOp.evaluateSequential(ForEachOps.java:150)
	at java.base/java.util.stream.ForEachOps$ForEachOp$OfRef.evaluateSequential(ForEachOps.java:173)
	at java.base/java.util.stream.AbstractPipeline.evaluate(AbstractPipeline.java:234)
	at java.base/java.util.stream.ReferencePipeline.forEach(ReferencePipeline.java:596)
	at org.junit.jupiter.engine.descriptor.TestTemplateTestDescriptor.execute(TestTemplateTestDescriptor.java:107)
	at org.junit.jupiter.engine.descriptor.TestTemplateTestDescriptor.execute(TestTemplateTestDescriptor.java:42)
	at org.junit.platform.engine.support.hierarchical.NodeTestTask.lambda$executeRecursively$5(NodeTestTask.java:139)
	at org.junit.platform.engine.support.hierarchical.ThrowableCollector.execute(ThrowableCollector.java:73)
	at org.junit.platform.engine.support.hierarchical.NodeTestTask.lambda$executeRecursively$7(NodeTestTask.java:129)
	at org.junit.platform.engine.support.hierarchical.Node.around(Node.java:137)
	at org.junit.platform.engine.support.hierarchical.NodeTestTask.lambda$executeRecursively$8(NodeTestTask.java:127)
	at org.junit.platform.engine.support.hierarchical.ThrowableCollector.execute(ThrowableCollector.java:73)
	at org.junit.platform.engine.support.hierarchical.NodeTestTask.executeRecursively(NodeTestTask.java:126)
	at org.junit.platform.engine.support.hierarchical.NodeTestTask.execute(NodeTestTask.java:84)
	at java.base/java.util.ArrayList.forEach(ArrayList.java:1511)
	at org.junit.platform.engine.support.hierarchical.SameThreadHierarchicalTestExecutorService.invokeAll(SameThreadHierarchicalTestExecutorService.java:38)
	at org.junit.platform.engine.support.hierarchical.NodeTestTask.lambda$executeRecursively$5(NodeTestTask.java:143)
	at org.junit.platform.engine.support.hierarchical.ThrowableCollector.execute(ThrowableCollector.java:73)
	at org.junit.platform.engine.support.hierarchical.NodeTestTask.lambda$executeRecursively$7(NodeTestTask.java:129)
	at org.junit.platform.engine.support.hierarchical.Node.around(Node.java:137)
	at org.junit.platform.engine.support.hierarchical.NodeTestTask.lambda$executeRecursively$8(NodeTestTask.java:127)
	at org.junit.platform.engine.support.hierarchical.ThrowableCollector.execute(ThrowableCollector.java:73)
	at org.junit.platform.engine.support.hierarchical.NodeTestTask.executeRecursively(NodeTestTask.java:126)
	at org.junit.platform.engine.support.hierarchical.NodeTestTask.execute(NodeTestTask.java:84)
	at java.base/java.util.ArrayList.forEach(ArrayList.java:1511)
	at org.junit.platform.engine.support.hierarchical.SameThreadHierarchicalTestExecutorService.invokeAll(SameThreadHierarchicalTestExecutorService.java:38)
	at org.junit.platform.engine.support.hierarchical.NodeTestTask.lambda$executeRecursively$5(NodeTestTask.java:143)
	at org.junit.platform.engine.support.hierarchical.ThrowableCollector.execute(ThrowableCollector.java:73)
	at org.junit.platform.engine.support.hierarchical.NodeTestTask.lambda$executeRecursively$7(NodeTestTask.java:129)
	at org.junit.platform.engine.support.hierarchical.Node.around(Node.java:137)
	at org.junit.platform.engine.support.hierarchical.NodeTestTask.lambda$executeRecursively$8(NodeTestTask.java:127)
	at org.junit.platform.engine.support.hierarchical.ThrowableCollector.execute(ThrowableCollector.java:73)
	at org.junit.platform.engine.support.hierarchical.NodeTestTask.executeRecursively(NodeTestTask.java:126)
	at org.junit.platform.engine.support.hierarchical.NodeTestTask.execute(NodeTestTask.java:84)
	at org.junit.platform.engine.support.hierarchical.SameThreadHierarchicalTestExecutorService.submit(SameThreadHierarchicalTestExecutorService.java:32)
	at org.junit.platform.engine.support.hierarchical.HierarchicalTestExecutor.execute(HierarchicalTestExecutor.java:57)
	at org.junit.platform.engine.support.hierarchical.HierarchicalTestEngine.execute(HierarchicalTestEngine.java:51)
	at org.junit.platform.launcher.core.EngineExecutionOrchestrator.execute(EngineExecutionOrchestrator.java:108)
	at org.junit.platform.launcher.core.EngineExecutionOrchestrator.execute(EngineExecutionOrchestrator.java:88)
	at org.junit.platform.launcher.core.EngineExecutionOrchestrator.lambda$execute$0(EngineExecutionOrchestrator.java:54)
	at org.junit.platform.launcher.core.EngineExecutionOrchestrator.withInterceptedStreams(EngineExecutionOrchestrator.java:67)
	at org.junit.platform.launcher.core.EngineExecutionOrchestrator.execute(EngineExecutionOrchestrator.java:52)
	at org.junit.platform.launcher.core.DefaultLauncher.execute(DefaultLauncher.java:96)
	at org.junit.platform.launcher.core.DefaultLauncher.execute(DefaultLauncher.java:75)
	at org.junit.platform.console.tasks.ConsoleTestExecutor.executeTests(ConsoleTestExecutor.java:66)
	at org.junit.platform.console.tasks.ConsoleTestExecutor.lambda$execute$0(ConsoleTestExecutor.java:58)
	at org.junit.platform.console.tasks.CustomContextClassLoaderExecutor.replaceThreadContextClassLoaderAndInvoke(CustomContextClassLoaderExecutor.java:41)
	at org.junit.platform.console.tasks.CustomContextClassLoaderExecutor.invoke(CustomContextClassLoaderExecutor.java:31)
	at org.junit.platform.console.tasks.ConsoleTestExecutor.execute(ConsoleTestExecutor.java:58)
	at org.junit.platform.console.ConsoleLauncher.executeTests(ConsoleLauncher.java:95)
	at org.junit.platform.console.ConsoleLauncher.execute(ConsoleLauncher.java:73)
	at org.junit.platform.console.ConsoleLauncher.execute(ConsoleLauncher.java:50)
	at org.junit.platform.console.ConsoleLauncher.execute(ConsoleLauncher.java:43)
	at org.junit.platform.console.ConsoleLauncher.main(ConsoleLauncher.java:37)
]]></skipped>
<system-out><![CDATA[
unique-id: [engine:junit-jupiter]/[class:minebayd1.test.TestUser]/[test-template:testget(minebayd1.User, minebayd1.AdState, java.util.Optional, int)]/[test-template-invocation:#61]
display-name: [61] Lyes a 65 annonces ouvertes, 1 annonces fermées et 3 achats 
, PURCHASE, Optional[SHOES], 0
]]></system-out>
</testcase>
<testcase name="testget(User, AdState, Optional, int)[62]" classname="minebayd1.test.TestUser" time="0">
<skipped><![CDATA[org.opentest4j.TestAbortedException: Assumption failed: assumption is not true
	at org.junit.jupiter.api.Assumptions.throwTestAbortedException(Assumptions.java:256)
	at org.junit.jupiter.api.Assumptions.assumeTrue(Assumptions.java:115)
	at org.junit.jupiter.api.Assumptions.assumeTrue(Assumptions.java:66)
	at minebayd1.test.TestUser.testget(TestUser.java:961)
	at jdk.internal.reflect.GeneratedMethodAccessor6.invoke(Unknown Source)
	at java.base/jdk.internal.reflect.DelegatingMethodAccessorImpl.invoke(DelegatingMethodAccessorImpl.java:43)
	at java.base/java.lang.reflect.Method.invoke(Method.java:569)
	at org.junit.platform.commons.util.ReflectionUtils.invokeMethod(ReflectionUtils.java:688)
	at org.junit.jupiter.engine.execution.MethodInvocation.proceed(MethodInvocation.java:60)
	at org.junit.jupiter.engine.execution.InvocationInterceptorChain$ValidatingInvocation.proceed(InvocationInterceptorChain.java:131)
	at org.junit.jupiter.engine.extension.TimeoutExtension.intercept(TimeoutExtension.java:149)
	at org.junit.jupiter.engine.extension.TimeoutExtension.interceptTestableMethod(TimeoutExtension.java:140)
	at org.junit.jupiter.engine.extension.TimeoutExtension.interceptTestTemplateMethod(TimeoutExtension.java:92)
	at org.junit.jupiter.engine.execution.ExecutableInvoker$ReflectiveInterceptorCall.lambda$ofVoidMethod$0(ExecutableInvoker.java:115)
	at org.junit.jupiter.engine.execution.ExecutableInvoker.lambda$invoke$0(ExecutableInvoker.java:105)
	at org.junit.jupiter.engine.execution.InvocationInterceptorChain$InterceptedInvocation.proceed(InvocationInterceptorChain.java:106)
	at org.junit.jupiter.engine.execution.InvocationInterceptorChain.proceed(InvocationInterceptorChain.java:64)
	at org.junit.jupiter.engine.execution.InvocationInterceptorChain.chainAndInvoke(InvocationInterceptorChain.java:45)
	at org.junit.jupiter.engine.execution.InvocationInterceptorChain.invoke(InvocationInterceptorChain.java:37)
	at org.junit.jupiter.engine.execution.ExecutableInvoker.invoke(ExecutableInvoker.java:104)
	at org.junit.jupiter.engine.execution.ExecutableInvoker.invoke(ExecutableInvoker.java:98)
	at org.junit.jupiter.engine.descriptor.TestMethodTestDescriptor.lambda$invokeTestMethod$6(TestMethodTestDescriptor.java:210)
	at org.junit.platform.engine.support.hierarchical.ThrowableCollector.execute(ThrowableCollector.java:73)
	at org.junit.jupiter.engine.descriptor.TestMethodTestDescriptor.invokeTestMethod(TestMethodTestDescriptor.java:206)
	at org.junit.jupiter.engine.descriptor.TestMethodTestDescriptor.execute(TestMethodTestDescriptor.java:131)
	at org.junit.jupiter.engine.descriptor.TestMethodTestDescriptor.execute(TestMethodTestDescriptor.java:65)
	at org.junit.platform.engine.support.hierarchical.NodeTestTask.lambda$executeRecursively$5(NodeTestTask.java:139)
	at org.junit.platform.engine.support.hierarchical.ThrowableCollector.execute(ThrowableCollector.java:73)
	at org.junit.platform.engine.support.hierarchical.NodeTestTask.lambda$executeRecursively$7(NodeTestTask.java:129)
	at org.junit.platform.engine.support.hierarchical.Node.around(Node.java:137)
	at org.junit.platform.engine.support.hierarchical.NodeTestTask.lambda$executeRecursively$8(NodeTestTask.java:127)
	at org.junit.platform.engine.support.hierarchical.ThrowableCollector.execute(ThrowableCollector.java:73)
	at org.junit.platform.engine.support.hierarchical.NodeTestTask.executeRecursively(NodeTestTask.java:126)
	at org.junit.platform.engine.support.hierarchical.NodeTestTask.execute(NodeTestTask.java:84)
	at org.junit.platform.engine.support.hierarchical.SameThreadHierarchicalTestExecutorService.submit(SameThreadHierarchicalTestExecutorService.java:32)
	at org.junit.platform.engine.support.hierarchical.NodeTestTask$DefaultDynamicTestExecutor.execute(NodeTestTask.java:212)
	at org.junit.platform.engine.support.hierarchical.NodeTestTask$DefaultDynamicTestExecutor.execute(NodeTestTask.java:192)
	at org.junit.jupiter.engine.descriptor.TestTemplateTestDescriptor.execute(TestTemplateTestDescriptor.java:139)
	at org.junit.jupiter.engine.descriptor.TestTemplateTestDescriptor.lambda$execute$2(TestTemplateTestDescriptor.java:107)
	at java.base/java.util.stream.ForEachOps$ForEachOp$OfRef.accept(ForEachOps.java:183)
	at java.base/java.util.stream.ReferencePipeline$3$1.accept(ReferencePipeline.java:197)
	at java.base/java.util.stream.ReferencePipeline$2$1.accept(ReferencePipeline.java:179)
	at java.base/java.util.stream.ReferencePipeline$3$1.accept(ReferencePipeline.java:197)
	at java.base/java.util.stream.ForEachOps$ForEachOp$OfRef.accept(ForEachOps.java:183)
	at java.base/java.util.stream.ReferencePipeline$15$1.accept(ReferencePipeline.java:541)
	at java.base/java.util.stream.ReferencePipeline$3$1.accept(ReferencePipeline.java:197)
	at java.base/java.util.stream.ReferencePipeline$3$1.accept(ReferencePipeline.java:197)
	at java.base/java.util.stream.ReferencePipeline$3$1.accept(ReferencePipeline.java:197)
	at java.base/java.util.stream.ForEachOps$ForEachOp$OfRef.accept(ForEachOps.java:183)
	at java.base/java.util.stream.ReferencePipeline$3$1.accept(ReferencePipeline.java:197)
	at java.base/java.util.stream.ForEachOps$ForEachOp$OfRef.accept(ForEachOps.java:183)
	at java.base/java.util.stream.SliceOps$1$1.accept(SliceOps.java:200)
	at java.base/java.util.stream.StreamSpliterators$InfiniteSupplyingSpliterator$OfRef.tryAdvance(StreamSpliterators.java:1358)
	at java.base/java.util.stream.ReferencePipeline.forEachWithCancel(ReferencePipeline.java:129)
	at java.base/java.util.stream.AbstractPipeline.copyIntoWithCancel(AbstractPipeline.java:527)
	at java.base/java.util.stream.AbstractPipeline.copyInto(AbstractPipeline.java:513)
	at java.base/java.util.stream.AbstractPipeline.wrapAndCopyInto(AbstractPipeline.java:499)
	at java.base/java.util.stream.ForEachOps$ForEachOp.evaluateSequential(ForEachOps.java:150)
	at java.base/java.util.stream.ForEachOps$ForEachOp$OfRef.evaluateSequential(ForEachOps.java:173)
	at java.base/java.util.stream.AbstractPipeline.evaluate(AbstractPipeline.java:234)
	at java.base/java.util.stream.ReferencePipeline.forEach(ReferencePipeline.java:596)
	at java.base/java.util.stream.ReferencePipeline$7$1.accept(ReferencePipeline.java:276)
	at java.base/java.util.stream.ReferencePipeline$3$1.accept(ReferencePipeline.java:197)
	at java.base/java.util.stream.ReferencePipeline$3$1.accept(ReferencePipeline.java:197)
	at java.base/java.util.Spliterators$ArraySpliterator.forEachRemaining(Spliterators.java:992)
	at java.base/java.util.stream.AbstractPipeline.copyInto(AbstractPipeline.java:509)
	at java.base/java.util.stream.AbstractPipeline.wrapAndCopyInto(AbstractPipeline.java:499)
	at java.base/java.util.stream.ForEachOps$ForEachOp.evaluateSequential(ForEachOps.java:150)
	at java.base/java.util.stream.ForEachOps$ForEachOp$OfRef.evaluateSequential(ForEachOps.java:173)
	at java.base/java.util.stream.AbstractPipeline.evaluate(AbstractPipeline.java:234)
	at java.base/java.util.stream.ReferencePipeline.forEach(ReferencePipeline.java:596)
	at java.base/java.util.stream.ReferencePipeline$7$1.accept(ReferencePipeline.java:276)
	at java.base/java.util.stream.ReferencePipeline$3$1.accept(ReferencePipeline.java:197)
	at java.base/java.util.stream.ReferencePipeline$3$1.accept(ReferencePipeline.java:197)
	at java.base/java.util.stream.ReferencePipeline$3$1.accept(ReferencePipeline.java:197)
	at java.base/java.util.ArrayList$ArrayListSpliterator.forEachRemaining(ArrayList.java:1625)
	at java.base/java.util.stream.AbstractPipeline.copyInto(AbstractPipeline.java:509)
	at java.base/java.util.stream.AbstractPipeline.wrapAndCopyInto(AbstractPipeline.java:499)
	at java.base/java.util.stream.ForEachOps$ForEachOp.evaluateSequential(ForEachOps.java:150)
	at java.base/java.util.stream.ForEachOps$ForEachOp$OfRef.evaluateSequential(ForEachOps.java:173)
	at java.base/java.util.stream.AbstractPipeline.evaluate(AbstractPipeline.java:234)
	at java.base/java.util.stream.ReferencePipeline.forEach(ReferencePipeline.java:596)
	at java.base/java.util.stream.ReferencePipeline$7$1.accept(ReferencePipeline.java:276)
	at java.base/java.util.ArrayList$ArrayListSpliterator.forEachRemaining(ArrayList.java:1625)
	at java.base/java.util.stream.AbstractPipeline.copyInto(AbstractPipeline.java:509)
	at java.base/java.util.stream.AbstractPipeline.wrapAndCopyInto(AbstractPipeline.java:499)
	at java.base/java.util.stream.ForEachOps$ForEachOp.evaluateSequential(ForEachOps.java:150)
	at java.base/java.util.stream.ForEachOps$ForEachOp$OfRef.evaluateSequential(ForEachOps.java:173)
	at java.base/java.util.stream.AbstractPipeline.evaluate(AbstractPipeline.java:234)
	at java.base/java.util.stream.ReferencePipeline.forEach(ReferencePipeline.java:596)
	at org.junit.jupiter.engine.descriptor.TestTemplateTestDescriptor.execute(TestTemplateTestDescriptor.java:107)
	at org.junit.jupiter.engine.descriptor.TestTemplateTestDescriptor.execute(TestTemplateTestDescriptor.java:42)
	at org.junit.platform.engine.support.hierarchical.NodeTestTask.lambda$executeRecursively$5(NodeTestTask.java:139)
	at org.junit.platform.engine.support.hierarchical.ThrowableCollector.execute(ThrowableCollector.java:73)
	at org.junit.platform.engine.support.hierarchical.NodeTestTask.lambda$executeRecursively$7(NodeTestTask.java:129)
	at org.junit.platform.engine.support.hierarchical.Node.around(Node.java:137)
	at org.junit.platform.engine.support.hierarchical.NodeTestTask.lambda$executeRecursively$8(NodeTestTask.java:127)
	at org.junit.platform.engine.support.hierarchical.ThrowableCollector.execute(ThrowableCollector.java:73)
	at org.junit.platform.engine.support.hierarchical.NodeTestTask.executeRecursively(NodeTestTask.java:126)
	at org.junit.platform.engine.support.hierarchical.NodeTestTask.execute(NodeTestTask.java:84)
	at java.base/java.util.ArrayList.forEach(ArrayList.java:1511)
	at org.junit.platform.engine.support.hierarchical.SameThreadHierarchicalTestExecutorService.invokeAll(SameThreadHierarchicalTestExecutorService.java:38)
	at org.junit.platform.engine.support.hierarchical.NodeTestTask.lambda$executeRecursively$5(NodeTestTask.java:143)
	at org.junit.platform.engine.support.hierarchical.ThrowableCollector.execute(ThrowableCollector.java:73)
	at org.junit.platform.engine.support.hierarchical.NodeTestTask.lambda$executeRecursively$7(NodeTestTask.java:129)
	at org.junit.platform.engine.support.hierarchical.Node.around(Node.java:137)
	at org.junit.platform.engine.support.hierarchical.NodeTestTask.lambda$executeRecursively$8(NodeTestTask.java:127)
	at org.junit.platform.engine.support.hierarchical.ThrowableCollector.execute(ThrowableCollector.java:73)
	at org.junit.platform.engine.support.hierarchical.NodeTestTask.executeRecursively(NodeTestTask.java:126)
	at org.junit.platform.engine.support.hierarchical.NodeTestTask.execute(NodeTestTask.java:84)
	at java.base/java.util.ArrayList.forEach(ArrayList.java:1511)
	at org.junit.platform.engine.support.hierarchical.SameThreadHierarchicalTestExecutorService.invokeAll(SameThreadHierarchicalTestExecutorService.java:38)
	at org.junit.platform.engine.support.hierarchical.NodeTestTask.lambda$executeRecursively$5(NodeTestTask.java:143)
	at org.junit.platform.engine.support.hierarchical.ThrowableCollector.execute(ThrowableCollector.java:73)
	at org.junit.platform.engine.support.hierarchical.NodeTestTask.lambda$executeRecursively$7(NodeTestTask.java:129)
	at org.junit.platform.engine.support.hierarchical.Node.around(Node.java:137)
	at org.junit.platform.engine.support.hierarchical.NodeTestTask.lambda$executeRecursively$8(NodeTestTask.java:127)
	at org.junit.platform.engine.support.hierarchical.ThrowableCollector.execute(ThrowableCollector.java:73)
	at org.junit.platform.engine.support.hierarchical.NodeTestTask.executeRecursively(NodeTestTask.java:126)
	at org.junit.platform.engine.support.hierarchical.NodeTestTask.execute(NodeTestTask.java:84)
	at org.junit.platform.engine.support.hierarchical.SameThreadHierarchicalTestExecutorService.submit(SameThreadHierarchicalTestExecutorService.java:32)
	at org.junit.platform.engine.support.hierarchical.HierarchicalTestExecutor.execute(HierarchicalTestExecutor.java:57)
	at org.junit.platform.engine.support.hierarchical.HierarchicalTestEngine.execute(HierarchicalTestEngine.java:51)
	at org.junit.platform.launcher.core.EngineExecutionOrchestrator.execute(EngineExecutionOrchestrator.java:108)
	at org.junit.platform.launcher.core.EngineExecutionOrchestrator.execute(EngineExecutionOrchestrator.java:88)
	at org.junit.platform.launcher.core.EngineExecutionOrchestrator.lambda$execute$0(EngineExecutionOrchestrator.java:54)
	at org.junit.platform.launcher.core.EngineExecutionOrchestrator.withInterceptedStreams(EngineExecutionOrchestrator.java:67)
	at org.junit.platform.launcher.core.EngineExecutionOrchestrator.execute(EngineExecutionOrchestrator.java:52)
	at org.junit.platform.launcher.core.DefaultLauncher.execute(DefaultLauncher.java:96)
	at org.junit.platform.launcher.core.DefaultLauncher.execute(DefaultLauncher.java:75)
	at org.junit.platform.console.tasks.ConsoleTestExecutor.executeTests(ConsoleTestExecutor.java:66)
	at org.junit.platform.console.tasks.ConsoleTestExecutor.lambda$execute$0(ConsoleTestExecutor.java:58)
	at org.junit.platform.console.tasks.CustomContextClassLoaderExecutor.replaceThreadContextClassLoaderAndInvoke(CustomContextClassLoaderExecutor.java:41)
	at org.junit.platform.console.tasks.CustomContextClassLoaderExecutor.invoke(CustomContextClassLoaderExecutor.java:31)
	at org.junit.platform.console.tasks.ConsoleTestExecutor.execute(ConsoleTestExecutor.java:58)
	at org.junit.platform.console.ConsoleLauncher.executeTests(ConsoleLauncher.java:95)
	at org.junit.platform.console.ConsoleLauncher.execute(ConsoleLauncher.java:73)
	at org.junit.platform.console.ConsoleLauncher.execute(ConsoleLauncher.java:50)
	at org.junit.platform.console.ConsoleLauncher.execute(ConsoleLauncher.java:43)
	at org.junit.platform.console.ConsoleLauncher.main(ConsoleLauncher.java:37)
]]></skipped>
<system-out><![CDATA[
unique-id: [engine:junit-jupiter]/[class:minebayd1.test.TestUser]/[test-template:testget(minebayd1.User, minebayd1.AdState, java.util.Optional, int)]/[test-template-invocation:#62]
display-name: [62] Lamia a 77 annonces ouvertes, 1 annonces fermées et 2 achats 
, CLOSED, Optional[CLOTHES], 0
]]></system-out>
</testcase>
<testcase name="testget(User, AdState, Optional, int)[63]" classname="minebayd1.test.TestUser" time="0">
<system-out><![CDATA[
unique-id: [engine:junit-jupiter]/[class:minebayd1.test.TestUser]/[test-template:testget(minebayd1.User, minebayd1.AdState, java.util.Optional, int)]/[test-template-invocation:#63]
display-name: [63] Mohamed a 45 annonces ouvertes, 2 annonces fermées et 3 achats 
, OPEN, Optional[SHOES], 0
]]></system-out>
</testcase>
<testcase name="testget(User, AdState, Optional, int)[64]" classname="minebayd1.test.TestUser" time="0.001">
<system-out><![CDATA[
unique-id: [engine:junit-jupiter]/[class:minebayd1.test.TestUser]/[test-template:testget(minebayd1.User, minebayd1.AdState, java.util.Optional, int)]/[test-template-invocation:#64]
display-name: [64] Marcel a 63 annonces ouvertes, 4 annonces fermées et 4 achats 
, OPEN, Optional[GAMES], 6
]]></system-out>
</testcase>
<testcase name="testget(User, AdState, Optional, int)[65]" classname="minebayd1.test.TestUser" time="0.001">
<system-out><![CDATA[
unique-id: [engine:junit-jupiter]/[class:minebayd1.test.TestUser]/[test-template:testget(minebayd1.User, minebayd1.AdState, java.util.Optional, int)]/[test-template-invocation:#65]
display-name: [65] Lyes a 65 annonces ouvertes, 1 annonces fermées et 3 achats 
, OPEN, Optional[GAMES], 3
]]></system-out>
</testcase>
<testcase name="testget(User, AdState, Optional, int)[66]" classname="minebayd1.test.TestUser" time="0">
<skipped><![CDATA[org.opentest4j.TestAbortedException: Assumption failed: assumption is not true
	at org.junit.jupiter.api.Assumptions.throwTestAbortedException(Assumptions.java:256)
	at org.junit.jupiter.api.Assumptions.assumeTrue(Assumptions.java:115)
	at org.junit.jupiter.api.Assumptions.assumeTrue(Assumptions.java:66)
	at minebayd1.test.TestUser.testget(TestUser.java:961)
	at jdk.internal.reflect.GeneratedMethodAccessor6.invoke(Unknown Source)
	at java.base/jdk.internal.reflect.DelegatingMethodAccessorImpl.invoke(DelegatingMethodAccessorImpl.java:43)
	at java.base/java.lang.reflect.Method.invoke(Method.java:569)
	at org.junit.platform.commons.util.ReflectionUtils.invokeMethod(ReflectionUtils.java:688)
	at org.junit.jupiter.engine.execution.MethodInvocation.proceed(MethodInvocation.java:60)
	at org.junit.jupiter.engine.execution.InvocationInterceptorChain$ValidatingInvocation.proceed(InvocationInterceptorChain.java:131)
	at org.junit.jupiter.engine.extension.TimeoutExtension.intercept(TimeoutExtension.java:149)
	at org.junit.jupiter.engine.extension.TimeoutExtension.interceptTestableMethod(TimeoutExtension.java:140)
	at org.junit.jupiter.engine.extension.TimeoutExtension.interceptTestTemplateMethod(TimeoutExtension.java:92)
	at org.junit.jupiter.engine.execution.ExecutableInvoker$ReflectiveInterceptorCall.lambda$ofVoidMethod$0(ExecutableInvoker.java:115)
	at org.junit.jupiter.engine.execution.ExecutableInvoker.lambda$invoke$0(ExecutableInvoker.java:105)
	at org.junit.jupiter.engine.execution.InvocationInterceptorChain$InterceptedInvocation.proceed(InvocationInterceptorChain.java:106)
	at org.junit.jupiter.engine.execution.InvocationInterceptorChain.proceed(InvocationInterceptorChain.java:64)
	at org.junit.jupiter.engine.execution.InvocationInterceptorChain.chainAndInvoke(InvocationInterceptorChain.java:45)
	at org.junit.jupiter.engine.execution.InvocationInterceptorChain.invoke(InvocationInterceptorChain.java:37)
	at org.junit.jupiter.engine.execution.ExecutableInvoker.invoke(ExecutableInvoker.java:104)
	at org.junit.jupiter.engine.execution.ExecutableInvoker.invoke(ExecutableInvoker.java:98)
	at org.junit.jupiter.engine.descriptor.TestMethodTestDescriptor.lambda$invokeTestMethod$6(TestMethodTestDescriptor.java:210)
	at org.junit.platform.engine.support.hierarchical.ThrowableCollector.execute(ThrowableCollector.java:73)
	at org.junit.jupiter.engine.descriptor.TestMethodTestDescriptor.invokeTestMethod(TestMethodTestDescriptor.java:206)
	at org.junit.jupiter.engine.descriptor.TestMethodTestDescriptor.execute(TestMethodTestDescriptor.java:131)
	at org.junit.jupiter.engine.descriptor.TestMethodTestDescriptor.execute(TestMethodTestDescriptor.java:65)
	at org.junit.platform.engine.support.hierarchical.NodeTestTask.lambda$executeRecursively$5(NodeTestTask.java:139)
	at org.junit.platform.engine.support.hierarchical.ThrowableCollector.execute(ThrowableCollector.java:73)
	at org.junit.platform.engine.support.hierarchical.NodeTestTask.lambda$executeRecursively$7(NodeTestTask.java:129)
	at org.junit.platform.engine.support.hierarchical.Node.around(Node.java:137)
	at org.junit.platform.engine.support.hierarchical.NodeTestTask.lambda$executeRecursively$8(NodeTestTask.java:127)
	at org.junit.platform.engine.support.hierarchical.ThrowableCollector.execute(ThrowableCollector.java:73)
	at org.junit.platform.engine.support.hierarchical.NodeTestTask.executeRecursively(NodeTestTask.java:126)
	at org.junit.platform.engine.support.hierarchical.NodeTestTask.execute(NodeTestTask.java:84)
	at org.junit.platform.engine.support.hierarchical.SameThreadHierarchicalTestExecutorService.submit(SameThreadHierarchicalTestExecutorService.java:32)
	at org.junit.platform.engine.support.hierarchical.NodeTestTask$DefaultDynamicTestExecutor.execute(NodeTestTask.java:212)
	at org.junit.platform.engine.support.hierarchical.NodeTestTask$DefaultDynamicTestExecutor.execute(NodeTestTask.java:192)
	at org.junit.jupiter.engine.descriptor.TestTemplateTestDescriptor.execute(TestTemplateTestDescriptor.java:139)
	at org.junit.jupiter.engine.descriptor.TestTemplateTestDescriptor.lambda$execute$2(TestTemplateTestDescriptor.java:107)
	at java.base/java.util.stream.ForEachOps$ForEachOp$OfRef.accept(ForEachOps.java:183)
	at java.base/java.util.stream.ReferencePipeline$3$1.accept(ReferencePipeline.java:197)
	at java.base/java.util.stream.ReferencePipeline$2$1.accept(ReferencePipeline.java:179)
	at java.base/java.util.stream.ReferencePipeline$3$1.accept(ReferencePipeline.java:197)
	at java.base/java.util.stream.ForEachOps$ForEachOp$OfRef.accept(ForEachOps.java:183)
	at java.base/java.util.stream.ReferencePipeline$15$1.accept(ReferencePipeline.java:541)
	at java.base/java.util.stream.ReferencePipeline$3$1.accept(ReferencePipeline.java:197)
	at java.base/java.util.stream.ReferencePipeline$3$1.accept(ReferencePipeline.java:197)
	at java.base/java.util.stream.ReferencePipeline$3$1.accept(ReferencePipeline.java:197)
	at java.base/java.util.stream.ForEachOps$ForEachOp$OfRef.accept(ForEachOps.java:183)
	at java.base/java.util.stream.ReferencePipeline$3$1.accept(ReferencePipeline.java:197)
	at java.base/java.util.stream.ForEachOps$ForEachOp$OfRef.accept(ForEachOps.java:183)
	at java.base/java.util.stream.SliceOps$1$1.accept(SliceOps.java:200)
	at java.base/java.util.stream.StreamSpliterators$InfiniteSupplyingSpliterator$OfRef.tryAdvance(StreamSpliterators.java:1358)
	at java.base/java.util.stream.ReferencePipeline.forEachWithCancel(ReferencePipeline.java:129)
	at java.base/java.util.stream.AbstractPipeline.copyIntoWithCancel(AbstractPipeline.java:527)
	at java.base/java.util.stream.AbstractPipeline.copyInto(AbstractPipeline.java:513)
	at java.base/java.util.stream.AbstractPipeline.wrapAndCopyInto(AbstractPipeline.java:499)
	at java.base/java.util.stream.ForEachOps$ForEachOp.evaluateSequential(ForEachOps.java:150)
	at java.base/java.util.stream.ForEachOps$ForEachOp$OfRef.evaluateSequential(ForEachOps.java:173)
	at java.base/java.util.stream.AbstractPipeline.evaluate(AbstractPipeline.java:234)
	at java.base/java.util.stream.ReferencePipeline.forEach(ReferencePipeline.java:596)
	at java.base/java.util.stream.ReferencePipeline$7$1.accept(ReferencePipeline.java:276)
	at java.base/java.util.stream.ReferencePipeline$3$1.accept(ReferencePipeline.java:197)
	at java.base/java.util.stream.ReferencePipeline$3$1.accept(ReferencePipeline.java:197)
	at java.base/java.util.Spliterators$ArraySpliterator.forEachRemaining(Spliterators.java:992)
	at java.base/java.util.stream.AbstractPipeline.copyInto(AbstractPipeline.java:509)
	at java.base/java.util.stream.AbstractPipeline.wrapAndCopyInto(AbstractPipeline.java:499)
	at java.base/java.util.stream.ForEachOps$ForEachOp.evaluateSequential(ForEachOps.java:150)
	at java.base/java.util.stream.ForEachOps$ForEachOp$OfRef.evaluateSequential(ForEachOps.java:173)
	at java.base/java.util.stream.AbstractPipeline.evaluate(AbstractPipeline.java:234)
	at java.base/java.util.stream.ReferencePipeline.forEach(ReferencePipeline.java:596)
	at java.base/java.util.stream.ReferencePipeline$7$1.accept(ReferencePipeline.java:276)
	at java.base/java.util.stream.ReferencePipeline$3$1.accept(ReferencePipeline.java:197)
	at java.base/java.util.stream.ReferencePipeline$3$1.accept(ReferencePipeline.java:197)
	at java.base/java.util.stream.ReferencePipeline$3$1.accept(ReferencePipeline.java:197)
	at java.base/java.util.ArrayList$ArrayListSpliterator.forEachRemaining(ArrayList.java:1625)
	at java.base/java.util.stream.AbstractPipeline.copyInto(AbstractPipeline.java:509)
	at java.base/java.util.stream.AbstractPipeline.wrapAndCopyInto(AbstractPipeline.java:499)
	at java.base/java.util.stream.ForEachOps$ForEachOp.evaluateSequential(ForEachOps.java:150)
	at java.base/java.util.stream.ForEachOps$ForEachOp$OfRef.evaluateSequential(ForEachOps.java:173)
	at java.base/java.util.stream.AbstractPipeline.evaluate(AbstractPipeline.java:234)
	at java.base/java.util.stream.ReferencePipeline.forEach(ReferencePipeline.java:596)
	at java.base/java.util.stream.ReferencePipeline$7$1.accept(ReferencePipeline.java:276)
	at java.base/java.util.ArrayList$ArrayListSpliterator.forEachRemaining(ArrayList.java:1625)
	at java.base/java.util.stream.AbstractPipeline.copyInto(AbstractPipeline.java:509)
	at java.base/java.util.stream.AbstractPipeline.wrapAndCopyInto(AbstractPipeline.java:499)
	at java.base/java.util.stream.ForEachOps$ForEachOp.evaluateSequential(ForEachOps.java:150)
	at java.base/java.util.stream.ForEachOps$ForEachOp$OfRef.evaluateSequential(ForEachOps.java:173)
	at java.base/java.util.stream.AbstractPipeline.evaluate(AbstractPipeline.java:234)
	at java.base/java.util.stream.ReferencePipeline.forEach(ReferencePipeline.java:596)
	at org.junit.jupiter.engine.descriptor.TestTemplateTestDescriptor.execute(TestTemplateTestDescriptor.java:107)
	at org.junit.jupiter.engine.descriptor.TestTemplateTestDescriptor.execute(TestTemplateTestDescriptor.java:42)
	at org.junit.platform.engine.support.hierarchical.NodeTestTask.lambda$executeRecursively$5(NodeTestTask.java:139)
	at org.junit.platform.engine.support.hierarchical.ThrowableCollector.execute(ThrowableCollector.java:73)
	at org.junit.platform.engine.support.hierarchical.NodeTestTask.lambda$executeRecursively$7(NodeTestTask.java:129)
	at org.junit.platform.engine.support.hierarchical.Node.around(Node.java:137)
	at org.junit.platform.engine.support.hierarchical.NodeTestTask.lambda$executeRecursively$8(NodeTestTask.java:127)
	at org.junit.platform.engine.support.hierarchical.ThrowableCollector.execute(ThrowableCollector.java:73)
	at org.junit.platform.engine.support.hierarchical.NodeTestTask.executeRecursively(NodeTestTask.java:126)
	at org.junit.platform.engine.support.hierarchical.NodeTestTask.execute(NodeTestTask.java:84)
	at java.base/java.util.ArrayList.forEach(ArrayList.java:1511)
	at org.junit.platform.engine.support.hierarchical.SameThreadHierarchicalTestExecutorService.invokeAll(SameThreadHierarchicalTestExecutorService.java:38)
	at org.junit.platform.engine.support.hierarchical.NodeTestTask.lambda$executeRecursively$5(NodeTestTask.java:143)
	at org.junit.platform.engine.support.hierarchical.ThrowableCollector.execute(ThrowableCollector.java:73)
	at org.junit.platform.engine.support.hierarchical.NodeTestTask.lambda$executeRecursively$7(NodeTestTask.java:129)
	at org.junit.platform.engine.support.hierarchical.Node.around(Node.java:137)
	at org.junit.platform.engine.support.hierarchical.NodeTestTask.lambda$executeRecursively$8(NodeTestTask.java:127)
	at org.junit.platform.engine.support.hierarchical.ThrowableCollector.execute(ThrowableCollector.java:73)
	at org.junit.platform.engine.support.hierarchical.NodeTestTask.executeRecursively(NodeTestTask.java:126)
	at org.junit.platform.engine.support.hierarchical.NodeTestTask.execute(NodeTestTask.java:84)
	at java.base/java.util.ArrayList.forEach(ArrayList.java:1511)
	at org.junit.platform.engine.support.hierarchical.SameThreadHierarchicalTestExecutorService.invokeAll(SameThreadHierarchicalTestExecutorService.java:38)
	at org.junit.platform.engine.support.hierarchical.NodeTestTask.lambda$executeRecursively$5(NodeTestTask.java:143)
	at org.junit.platform.engine.support.hierarchical.ThrowableCollector.execute(ThrowableCollector.java:73)
	at org.junit.platform.engine.support.hierarchical.NodeTestTask.lambda$executeRecursively$7(NodeTestTask.java:129)
	at org.junit.platform.engine.support.hierarchical.Node.around(Node.java:137)
	at org.junit.platform.engine.support.hierarchical.NodeTestTask.lambda$executeRecursively$8(NodeTestTask.java:127)
	at org.junit.platform.engine.support.hierarchical.ThrowableCollector.execute(ThrowableCollector.java:73)
	at org.junit.platform.engine.support.hierarchical.NodeTestTask.executeRecursively(NodeTestTask.java:126)
	at org.junit.platform.engine.support.hierarchical.NodeTestTask.execute(NodeTestTask.java:84)
	at org.junit.platform.engine.support.hierarchical.SameThreadHierarchicalTestExecutorService.submit(SameThreadHierarchicalTestExecutorService.java:32)
	at org.junit.platform.engine.support.hierarchical.HierarchicalTestExecutor.execute(HierarchicalTestExecutor.java:57)
	at org.junit.platform.engine.support.hierarchical.HierarchicalTestEngine.execute(HierarchicalTestEngine.java:51)
	at org.junit.platform.launcher.core.EngineExecutionOrchestrator.execute(EngineExecutionOrchestrator.java:108)
	at org.junit.platform.launcher.core.EngineExecutionOrchestrator.execute(EngineExecutionOrchestrator.java:88)
	at org.junit.platform.launcher.core.EngineExecutionOrchestrator.lambda$execute$0(EngineExecutionOrchestrator.java:54)
	at org.junit.platform.launcher.core.EngineExecutionOrchestrator.withInterceptedStreams(EngineExecutionOrchestrator.java:67)
	at org.junit.platform.launcher.core.EngineExecutionOrchestrator.execute(EngineExecutionOrchestrator.java:52)
	at org.junit.platform.launcher.core.DefaultLauncher.execute(DefaultLauncher.java:96)
	at org.junit.platform.launcher.core.DefaultLauncher.execute(DefaultLauncher.java:75)
	at org.junit.platform.console.tasks.ConsoleTestExecutor.executeTests(ConsoleTestExecutor.java:66)
	at org.junit.platform.console.tasks.ConsoleTestExecutor.lambda$execute$0(ConsoleTestExecutor.java:58)
	at org.junit.platform.console.tasks.CustomContextClassLoaderExecutor.replaceThreadContextClassLoaderAndInvoke(CustomContextClassLoaderExecutor.java:41)
	at org.junit.platform.console.tasks.CustomContextClassLoaderExecutor.invoke(CustomContextClassLoaderExecutor.java:31)
	at org.junit.platform.console.tasks.ConsoleTestExecutor.execute(ConsoleTestExecutor.java:58)
	at org.junit.platform.console.ConsoleLauncher.executeTests(ConsoleLauncher.java:95)
	at org.junit.platform.console.ConsoleLauncher.execute(ConsoleLauncher.java:73)
	at org.junit.platform.console.ConsoleLauncher.execute(ConsoleLauncher.java:50)
	at org.junit.platform.console.ConsoleLauncher.execute(ConsoleLauncher.java:43)
	at org.junit.platform.console.ConsoleLauncher.main(ConsoleLauncher.java:37)
]]></skipped>
<system-out><![CDATA[
unique-id: [engine:junit-jupiter]/[class:minebayd1.test.TestUser]/[test-template:testget(minebayd1.User, minebayd1.AdState, java.util.Optional, int)]/[test-template-invocation:#66]
display-name: [66] Sonia a 47 annonces ouvertes, 2 annonces fermées et 2 achats 
, PURCHASE, Optional[SHOES], 0
]]></system-out>
</testcase>
<testcase name="testget(User, AdState, Optional, int)[67]" classname="minebayd1.test.TestUser" time="0">
<skipped><![CDATA[org.opentest4j.TestAbortedException: Assumption failed: assumption is not true
	at org.junit.jupiter.api.Assumptions.throwTestAbortedException(Assumptions.java:256)
	at org.junit.jupiter.api.Assumptions.assumeTrue(Assumptions.java:115)
	at org.junit.jupiter.api.Assumptions.assumeTrue(Assumptions.java:66)
	at minebayd1.test.TestUser.testget(TestUser.java:961)
	at jdk.internal.reflect.GeneratedMethodAccessor6.invoke(Unknown Source)
	at java.base/jdk.internal.reflect.DelegatingMethodAccessorImpl.invoke(DelegatingMethodAccessorImpl.java:43)
	at java.base/java.lang.reflect.Method.invoke(Method.java:569)
	at org.junit.platform.commons.util.ReflectionUtils.invokeMethod(ReflectionUtils.java:688)
	at org.junit.jupiter.engine.execution.MethodInvocation.proceed(MethodInvocation.java:60)
	at org.junit.jupiter.engine.execution.InvocationInterceptorChain$ValidatingInvocation.proceed(InvocationInterceptorChain.java:131)
	at org.junit.jupiter.engine.extension.TimeoutExtension.intercept(TimeoutExtension.java:149)
	at org.junit.jupiter.engine.extension.TimeoutExtension.interceptTestableMethod(TimeoutExtension.java:140)
	at org.junit.jupiter.engine.extension.TimeoutExtension.interceptTestTemplateMethod(TimeoutExtension.java:92)
	at org.junit.jupiter.engine.execution.ExecutableInvoker$ReflectiveInterceptorCall.lambda$ofVoidMethod$0(ExecutableInvoker.java:115)
	at org.junit.jupiter.engine.execution.ExecutableInvoker.lambda$invoke$0(ExecutableInvoker.java:105)
	at org.junit.jupiter.engine.execution.InvocationInterceptorChain$InterceptedInvocation.proceed(InvocationInterceptorChain.java:106)
	at org.junit.jupiter.engine.execution.InvocationInterceptorChain.proceed(InvocationInterceptorChain.java:64)
	at org.junit.jupiter.engine.execution.InvocationInterceptorChain.chainAndInvoke(InvocationInterceptorChain.java:45)
	at org.junit.jupiter.engine.execution.InvocationInterceptorChain.invoke(InvocationInterceptorChain.java:37)
	at org.junit.jupiter.engine.execution.ExecutableInvoker.invoke(ExecutableInvoker.java:104)
	at org.junit.jupiter.engine.execution.ExecutableInvoker.invoke(ExecutableInvoker.java:98)
	at org.junit.jupiter.engine.descriptor.TestMethodTestDescriptor.lambda$invokeTestMethod$6(TestMethodTestDescriptor.java:210)
	at org.junit.platform.engine.support.hierarchical.ThrowableCollector.execute(ThrowableCollector.java:73)
	at org.junit.jupiter.engine.descriptor.TestMethodTestDescriptor.invokeTestMethod(TestMethodTestDescriptor.java:206)
	at org.junit.jupiter.engine.descriptor.TestMethodTestDescriptor.execute(TestMethodTestDescriptor.java:131)
	at org.junit.jupiter.engine.descriptor.TestMethodTestDescriptor.execute(TestMethodTestDescriptor.java:65)
	at org.junit.platform.engine.support.hierarchical.NodeTestTask.lambda$executeRecursively$5(NodeTestTask.java:139)
	at org.junit.platform.engine.support.hierarchical.ThrowableCollector.execute(ThrowableCollector.java:73)
	at org.junit.platform.engine.support.hierarchical.NodeTestTask.lambda$executeRecursively$7(NodeTestTask.java:129)
	at org.junit.platform.engine.support.hierarchical.Node.around(Node.java:137)
	at org.junit.platform.engine.support.hierarchical.NodeTestTask.lambda$executeRecursively$8(NodeTestTask.java:127)
	at org.junit.platform.engine.support.hierarchical.ThrowableCollector.execute(ThrowableCollector.java:73)
	at org.junit.platform.engine.support.hierarchical.NodeTestTask.executeRecursively(NodeTestTask.java:126)
	at org.junit.platform.engine.support.hierarchical.NodeTestTask.execute(NodeTestTask.java:84)
	at org.junit.platform.engine.support.hierarchical.SameThreadHierarchicalTestExecutorService.submit(SameThreadHierarchicalTestExecutorService.java:32)
	at org.junit.platform.engine.support.hierarchical.NodeTestTask$DefaultDynamicTestExecutor.execute(NodeTestTask.java:212)
	at org.junit.platform.engine.support.hierarchical.NodeTestTask$DefaultDynamicTestExecutor.execute(NodeTestTask.java:192)
	at org.junit.jupiter.engine.descriptor.TestTemplateTestDescriptor.execute(TestTemplateTestDescriptor.java:139)
	at org.junit.jupiter.engine.descriptor.TestTemplateTestDescriptor.lambda$execute$2(TestTemplateTestDescriptor.java:107)
	at java.base/java.util.stream.ForEachOps$ForEachOp$OfRef.accept(ForEachOps.java:183)
	at java.base/java.util.stream.ReferencePipeline$3$1.accept(ReferencePipeline.java:197)
	at java.base/java.util.stream.ReferencePipeline$2$1.accept(ReferencePipeline.java:179)
	at java.base/java.util.stream.ReferencePipeline$3$1.accept(ReferencePipeline.java:197)
	at java.base/java.util.stream.ForEachOps$ForEachOp$OfRef.accept(ForEachOps.java:183)
	at java.base/java.util.stream.ReferencePipeline$15$1.accept(ReferencePipeline.java:541)
	at java.base/java.util.stream.ReferencePipeline$3$1.accept(ReferencePipeline.java:197)
	at java.base/java.util.stream.ReferencePipeline$3$1.accept(ReferencePipeline.java:197)
	at java.base/java.util.stream.ReferencePipeline$3$1.accept(ReferencePipeline.java:197)
	at java.base/java.util.stream.ForEachOps$ForEachOp$OfRef.accept(ForEachOps.java:183)
	at java.base/java.util.stream.ReferencePipeline$3$1.accept(ReferencePipeline.java:197)
	at java.base/java.util.stream.ForEachOps$ForEachOp$OfRef.accept(ForEachOps.java:183)
	at java.base/java.util.stream.SliceOps$1$1.accept(SliceOps.java:200)
	at java.base/java.util.stream.StreamSpliterators$InfiniteSupplyingSpliterator$OfRef.tryAdvance(StreamSpliterators.java:1358)
	at java.base/java.util.stream.ReferencePipeline.forEachWithCancel(ReferencePipeline.java:129)
	at java.base/java.util.stream.AbstractPipeline.copyIntoWithCancel(AbstractPipeline.java:527)
	at java.base/java.util.stream.AbstractPipeline.copyInto(AbstractPipeline.java:513)
	at java.base/java.util.stream.AbstractPipeline.wrapAndCopyInto(AbstractPipeline.java:499)
	at java.base/java.util.stream.ForEachOps$ForEachOp.evaluateSequential(ForEachOps.java:150)
	at java.base/java.util.stream.ForEachOps$ForEachOp$OfRef.evaluateSequential(ForEachOps.java:173)
	at java.base/java.util.stream.AbstractPipeline.evaluate(AbstractPipeline.java:234)
	at java.base/java.util.stream.ReferencePipeline.forEach(ReferencePipeline.java:596)
	at java.base/java.util.stream.ReferencePipeline$7$1.accept(ReferencePipeline.java:276)
	at java.base/java.util.stream.ReferencePipeline$3$1.accept(ReferencePipeline.java:197)
	at java.base/java.util.stream.ReferencePipeline$3$1.accept(ReferencePipeline.java:197)
	at java.base/java.util.Spliterators$ArraySpliterator.forEachRemaining(Spliterators.java:992)
	at java.base/java.util.stream.AbstractPipeline.copyInto(AbstractPipeline.java:509)
	at java.base/java.util.stream.AbstractPipeline.wrapAndCopyInto(AbstractPipeline.java:499)
	at java.base/java.util.stream.ForEachOps$ForEachOp.evaluateSequential(ForEachOps.java:150)
	at java.base/java.util.stream.ForEachOps$ForEachOp$OfRef.evaluateSequential(ForEachOps.java:173)
	at java.base/java.util.stream.AbstractPipeline.evaluate(AbstractPipeline.java:234)
	at java.base/java.util.stream.ReferencePipeline.forEach(ReferencePipeline.java:596)
	at java.base/java.util.stream.ReferencePipeline$7$1.accept(ReferencePipeline.java:276)
	at java.base/java.util.stream.ReferencePipeline$3$1.accept(ReferencePipeline.java:197)
	at java.base/java.util.stream.ReferencePipeline$3$1.accept(ReferencePipeline.java:197)
	at java.base/java.util.stream.ReferencePipeline$3$1.accept(ReferencePipeline.java:197)
	at java.base/java.util.ArrayList$ArrayListSpliterator.forEachRemaining(ArrayList.java:1625)
	at java.base/java.util.stream.AbstractPipeline.copyInto(AbstractPipeline.java:509)
	at java.base/java.util.stream.AbstractPipeline.wrapAndCopyInto(AbstractPipeline.java:499)
	at java.base/java.util.stream.ForEachOps$ForEachOp.evaluateSequential(ForEachOps.java:150)
	at java.base/java.util.stream.ForEachOps$ForEachOp$OfRef.evaluateSequential(ForEachOps.java:173)
	at java.base/java.util.stream.AbstractPipeline.evaluate(AbstractPipeline.java:234)
	at java.base/java.util.stream.ReferencePipeline.forEach(ReferencePipeline.java:596)
	at java.base/java.util.stream.ReferencePipeline$7$1.accept(ReferencePipeline.java:276)
	at java.base/java.util.ArrayList$ArrayListSpliterator.forEachRemaining(ArrayList.java:1625)
	at java.base/java.util.stream.AbstractPipeline.copyInto(AbstractPipeline.java:509)
	at java.base/java.util.stream.AbstractPipeline.wrapAndCopyInto(AbstractPipeline.java:499)
	at java.base/java.util.stream.ForEachOps$ForEachOp.evaluateSequential(ForEachOps.java:150)
	at java.base/java.util.stream.ForEachOps$ForEachOp$OfRef.evaluateSequential(ForEachOps.java:173)
	at java.base/java.util.stream.AbstractPipeline.evaluate(AbstractPipeline.java:234)
	at java.base/java.util.stream.ReferencePipeline.forEach(ReferencePipeline.java:596)
	at org.junit.jupiter.engine.descriptor.TestTemplateTestDescriptor.execute(TestTemplateTestDescriptor.java:107)
	at org.junit.jupiter.engine.descriptor.TestTemplateTestDescriptor.execute(TestTemplateTestDescriptor.java:42)
	at org.junit.platform.engine.support.hierarchical.NodeTestTask.lambda$executeRecursively$5(NodeTestTask.java:139)
	at org.junit.platform.engine.support.hierarchical.ThrowableCollector.execute(ThrowableCollector.java:73)
	at org.junit.platform.engine.support.hierarchical.NodeTestTask.lambda$executeRecursively$7(NodeTestTask.java:129)
	at org.junit.platform.engine.support.hierarchical.Node.around(Node.java:137)
	at org.junit.platform.engine.support.hierarchical.NodeTestTask.lambda$executeRecursively$8(NodeTestTask.java:127)
	at org.junit.platform.engine.support.hierarchical.ThrowableCollector.execute(ThrowableCollector.java:73)
	at org.junit.platform.engine.support.hierarchical.NodeTestTask.executeRecursively(NodeTestTask.java:126)
	at org.junit.platform.engine.support.hierarchical.NodeTestTask.execute(NodeTestTask.java:84)
	at java.base/java.util.ArrayList.forEach(ArrayList.java:1511)
	at org.junit.platform.engine.support.hierarchical.SameThreadHierarchicalTestExecutorService.invokeAll(SameThreadHierarchicalTestExecutorService.java:38)
	at org.junit.platform.engine.support.hierarchical.NodeTestTask.lambda$executeRecursively$5(NodeTestTask.java:143)
	at org.junit.platform.engine.support.hierarchical.ThrowableCollector.execute(ThrowableCollector.java:73)
	at org.junit.platform.engine.support.hierarchical.NodeTestTask.lambda$executeRecursively$7(NodeTestTask.java:129)
	at org.junit.platform.engine.support.hierarchical.Node.around(Node.java:137)
	at org.junit.platform.engine.support.hierarchical.NodeTestTask.lambda$executeRecursively$8(NodeTestTask.java:127)
	at org.junit.platform.engine.support.hierarchical.ThrowableCollector.execute(ThrowableCollector.java:73)
	at org.junit.platform.engine.support.hierarchical.NodeTestTask.executeRecursively(NodeTestTask.java:126)
	at org.junit.platform.engine.support.hierarchical.NodeTestTask.execute(NodeTestTask.java:84)
	at java.base/java.util.ArrayList.forEach(ArrayList.java:1511)
	at org.junit.platform.engine.support.hierarchical.SameThreadHierarchicalTestExecutorService.invokeAll(SameThreadHierarchicalTestExecutorService.java:38)
	at org.junit.platform.engine.support.hierarchical.NodeTestTask.lambda$executeRecursively$5(NodeTestTask.java:143)
	at org.junit.platform.engine.support.hierarchical.ThrowableCollector.execute(ThrowableCollector.java:73)
	at org.junit.platform.engine.support.hierarchical.NodeTestTask.lambda$executeRecursively$7(NodeTestTask.java:129)
	at org.junit.platform.engine.support.hierarchical.Node.around(Node.java:137)
	at org.junit.platform.engine.support.hierarchical.NodeTestTask.lambda$executeRecursively$8(NodeTestTask.java:127)
	at org.junit.platform.engine.support.hierarchical.ThrowableCollector.execute(ThrowableCollector.java:73)
	at org.junit.platform.engine.support.hierarchical.NodeTestTask.executeRecursively(NodeTestTask.java:126)
	at org.junit.platform.engine.support.hierarchical.NodeTestTask.execute(NodeTestTask.java:84)
	at org.junit.platform.engine.support.hierarchical.SameThreadHierarchicalTestExecutorService.submit(SameThreadHierarchicalTestExecutorService.java:32)
	at org.junit.platform.engine.support.hierarchical.HierarchicalTestExecutor.execute(HierarchicalTestExecutor.java:57)
	at org.junit.platform.engine.support.hierarchical.HierarchicalTestEngine.execute(HierarchicalTestEngine.java:51)
	at org.junit.platform.launcher.core.EngineExecutionOrchestrator.execute(EngineExecutionOrchestrator.java:108)
	at org.junit.platform.launcher.core.EngineExecutionOrchestrator.execute(EngineExecutionOrchestrator.java:88)
	at org.junit.platform.launcher.core.EngineExecutionOrchestrator.lambda$execute$0(EngineExecutionOrchestrator.java:54)
	at org.junit.platform.launcher.core.EngineExecutionOrchestrator.withInterceptedStreams(EngineExecutionOrchestrator.java:67)
	at org.junit.platform.launcher.core.EngineExecutionOrchestrator.execute(EngineExecutionOrchestrator.java:52)
	at org.junit.platform.launcher.core.DefaultLauncher.execute(DefaultLauncher.java:96)
	at org.junit.platform.launcher.core.DefaultLauncher.execute(DefaultLauncher.java:75)
	at org.junit.platform.console.tasks.ConsoleTestExecutor.executeTests(ConsoleTestExecutor.java:66)
	at org.junit.platform.console.tasks.ConsoleTestExecutor.lambda$execute$0(ConsoleTestExecutor.java:58)
	at org.junit.platform.console.tasks.CustomContextClassLoaderExecutor.replaceThreadContextClassLoaderAndInvoke(CustomContextClassLoaderExecutor.java:41)
	at org.junit.platform.console.tasks.CustomContextClassLoaderExecutor.invoke(CustomContextClassLoaderExecutor.java:31)
	at org.junit.platform.console.tasks.ConsoleTestExecutor.execute(ConsoleTestExecutor.java:58)
	at org.junit.platform.console.ConsoleLauncher.executeTests(ConsoleLauncher.java:95)
	at org.junit.platform.console.ConsoleLauncher.execute(ConsoleLauncher.java:73)
	at org.junit.platform.console.ConsoleLauncher.execute(ConsoleLauncher.java:50)
	at org.junit.platform.console.ConsoleLauncher.execute(ConsoleLauncher.java:43)
	at org.junit.platform.console.ConsoleLauncher.main(ConsoleLauncher.java:37)
]]></skipped>
<system-out><![CDATA[
unique-id: [engine:junit-jupiter]/[class:minebayd1.test.TestUser]/[test-template:testget(minebayd1.User, minebayd1.AdState, java.util.Optional, int)]/[test-template-invocation:#67]
display-name: [67] Lamia a 77 annonces ouvertes, 1 annonces fermées et 2 achats 
, OPEN, Optional[GAMES], 19
]]></system-out>
</testcase>
<testcase name="testget(User, AdState, Optional, int)[68]" classname="minebayd1.test.TestUser" time="0">
<system-out><![CDATA[
unique-id: [engine:junit-jupiter]/[class:minebayd1.test.TestUser]/[test-template:testget(minebayd1.User, minebayd1.AdState, java.util.Optional, int)]/[test-template-invocation:#68]
display-name: [68] Lisa a 45 annonces ouvertes, 4 annonces fermées et 3 achats 
, OPEN, Optional[CLOTHES], 5
]]></system-out>
</testcase>
<testcase name="testget(User, AdState, Optional, int)[69]" classname="minebayd1.test.TestUser" time="0">
<system-out><![CDATA[
unique-id: [engine:junit-jupiter]/[class:minebayd1.test.TestUser]/[test-template:testget(minebayd1.User, minebayd1.AdState, java.util.Optional, int)]/[test-template-invocation:#69]
display-name: [69] Sonia a 47 annonces ouvertes, 2 annonces fermées et 2 achats 
, PURCHASE, Optional[BOOKS], 0
]]></system-out>
</testcase>
<testcase name="testget(User, AdState, Optional, int)[70]" classname="minebayd1.test.TestUser" time="0.001">
<system-out><![CDATA[
unique-id: [engine:junit-jupiter]/[class:minebayd1.test.TestUser]/[test-template:testget(minebayd1.User, minebayd1.AdState, java.util.Optional, int)]/[test-template-invocation:#70]
display-name: [70] Mounir a 59 annonces ouvertes, 2 annonces fermées et 2 achats 
, OPEN, Optional[CLOTHES], 5
]]></system-out>
</testcase>
<testcase name="testget(User, AdState, Optional, int)[71]" classname="minebayd1.test.TestUser" time="0">
<skipped><![CDATA[org.opentest4j.TestAbortedException: Assumption failed: assumption is not true
	at org.junit.jupiter.api.Assumptions.throwTestAbortedException(Assumptions.java:256)
	at org.junit.jupiter.api.Assumptions.assumeTrue(Assumptions.java:115)
	at org.junit.jupiter.api.Assumptions.assumeTrue(Assumptions.java:66)
	at minebayd1.test.TestUser.testget(TestUser.java:961)
	at jdk.internal.reflect.GeneratedMethodAccessor6.invoke(Unknown Source)
	at java.base/jdk.internal.reflect.DelegatingMethodAccessorImpl.invoke(DelegatingMethodAccessorImpl.java:43)
	at java.base/java.lang.reflect.Method.invoke(Method.java:569)
	at org.junit.platform.commons.util.ReflectionUtils.invokeMethod(ReflectionUtils.java:688)
	at org.junit.jupiter.engine.execution.MethodInvocation.proceed(MethodInvocation.java:60)
	at org.junit.jupiter.engine.execution.InvocationInterceptorChain$ValidatingInvocation.proceed(InvocationInterceptorChain.java:131)
	at org.junit.jupiter.engine.extension.TimeoutExtension.intercept(TimeoutExtension.java:149)
	at org.junit.jupiter.engine.extension.TimeoutExtension.interceptTestableMethod(TimeoutExtension.java:140)
	at org.junit.jupiter.engine.extension.TimeoutExtension.interceptTestTemplateMethod(TimeoutExtension.java:92)
	at org.junit.jupiter.engine.execution.ExecutableInvoker$ReflectiveInterceptorCall.lambda$ofVoidMethod$0(ExecutableInvoker.java:115)
	at org.junit.jupiter.engine.execution.ExecutableInvoker.lambda$invoke$0(ExecutableInvoker.java:105)
	at org.junit.jupiter.engine.execution.InvocationInterceptorChain$InterceptedInvocation.proceed(InvocationInterceptorChain.java:106)
	at org.junit.jupiter.engine.execution.InvocationInterceptorChain.proceed(InvocationInterceptorChain.java:64)
	at org.junit.jupiter.engine.execution.InvocationInterceptorChain.chainAndInvoke(InvocationInterceptorChain.java:45)
	at org.junit.jupiter.engine.execution.InvocationInterceptorChain.invoke(InvocationInterceptorChain.java:37)
	at org.junit.jupiter.engine.execution.ExecutableInvoker.invoke(ExecutableInvoker.java:104)
	at org.junit.jupiter.engine.execution.ExecutableInvoker.invoke(ExecutableInvoker.java:98)
	at org.junit.jupiter.engine.descriptor.TestMethodTestDescriptor.lambda$invokeTestMethod$6(TestMethodTestDescriptor.java:210)
	at org.junit.platform.engine.support.hierarchical.ThrowableCollector.execute(ThrowableCollector.java:73)
	at org.junit.jupiter.engine.descriptor.TestMethodTestDescriptor.invokeTestMethod(TestMethodTestDescriptor.java:206)
	at org.junit.jupiter.engine.descriptor.TestMethodTestDescriptor.execute(TestMethodTestDescriptor.java:131)
	at org.junit.jupiter.engine.descriptor.TestMethodTestDescriptor.execute(TestMethodTestDescriptor.java:65)
	at org.junit.platform.engine.support.hierarchical.NodeTestTask.lambda$executeRecursively$5(NodeTestTask.java:139)
	at org.junit.platform.engine.support.hierarchical.ThrowableCollector.execute(ThrowableCollector.java:73)
	at org.junit.platform.engine.support.hierarchical.NodeTestTask.lambda$executeRecursively$7(NodeTestTask.java:129)
	at org.junit.platform.engine.support.hierarchical.Node.around(Node.java:137)
	at org.junit.platform.engine.support.hierarchical.NodeTestTask.lambda$executeRecursively$8(NodeTestTask.java:127)
	at org.junit.platform.engine.support.hierarchical.ThrowableCollector.execute(ThrowableCollector.java:73)
	at org.junit.platform.engine.support.hierarchical.NodeTestTask.executeRecursively(NodeTestTask.java:126)
	at org.junit.platform.engine.support.hierarchical.NodeTestTask.execute(NodeTestTask.java:84)
	at org.junit.platform.engine.support.hierarchical.SameThreadHierarchicalTestExecutorService.submit(SameThreadHierarchicalTestExecutorService.java:32)
	at org.junit.platform.engine.support.hierarchical.NodeTestTask$DefaultDynamicTestExecutor.execute(NodeTestTask.java:212)
	at org.junit.platform.engine.support.hierarchical.NodeTestTask$DefaultDynamicTestExecutor.execute(NodeTestTask.java:192)
	at org.junit.jupiter.engine.descriptor.TestTemplateTestDescriptor.execute(TestTemplateTestDescriptor.java:139)
	at org.junit.jupiter.engine.descriptor.TestTemplateTestDescriptor.lambda$execute$2(TestTemplateTestDescriptor.java:107)
	at java.base/java.util.stream.ForEachOps$ForEachOp$OfRef.accept(ForEachOps.java:183)
	at java.base/java.util.stream.ReferencePipeline$3$1.accept(ReferencePipeline.java:197)
	at java.base/java.util.stream.ReferencePipeline$2$1.accept(ReferencePipeline.java:179)
	at java.base/java.util.stream.ReferencePipeline$3$1.accept(ReferencePipeline.java:197)
	at java.base/java.util.stream.ForEachOps$ForEachOp$OfRef.accept(ForEachOps.java:183)
	at java.base/java.util.stream.ReferencePipeline$15$1.accept(ReferencePipeline.java:541)
	at java.base/java.util.stream.ReferencePipeline$3$1.accept(ReferencePipeline.java:197)
	at java.base/java.util.stream.ReferencePipeline$3$1.accept(ReferencePipeline.java:197)
	at java.base/java.util.stream.ReferencePipeline$3$1.accept(ReferencePipeline.java:197)
	at java.base/java.util.stream.ForEachOps$ForEachOp$OfRef.accept(ForEachOps.java:183)
	at java.base/java.util.stream.ReferencePipeline$3$1.accept(ReferencePipeline.java:197)
	at java.base/java.util.stream.ForEachOps$ForEachOp$OfRef.accept(ForEachOps.java:183)
	at java.base/java.util.stream.SliceOps$1$1.accept(SliceOps.java:200)
	at java.base/java.util.stream.StreamSpliterators$InfiniteSupplyingSpliterator$OfRef.tryAdvance(StreamSpliterators.java:1358)
	at java.base/java.util.stream.ReferencePipeline.forEachWithCancel(ReferencePipeline.java:129)
	at java.base/java.util.stream.AbstractPipeline.copyIntoWithCancel(AbstractPipeline.java:527)
	at java.base/java.util.stream.AbstractPipeline.copyInto(AbstractPipeline.java:513)
	at java.base/java.util.stream.AbstractPipeline.wrapAndCopyInto(AbstractPipeline.java:499)
	at java.base/java.util.stream.ForEachOps$ForEachOp.evaluateSequential(ForEachOps.java:150)
	at java.base/java.util.stream.ForEachOps$ForEachOp$OfRef.evaluateSequential(ForEachOps.java:173)
	at java.base/java.util.stream.AbstractPipeline.evaluate(AbstractPipeline.java:234)
	at java.base/java.util.stream.ReferencePipeline.forEach(ReferencePipeline.java:596)
	at java.base/java.util.stream.ReferencePipeline$7$1.accept(ReferencePipeline.java:276)
	at java.base/java.util.stream.ReferencePipeline$3$1.accept(ReferencePipeline.java:197)
	at java.base/java.util.stream.ReferencePipeline$3$1.accept(ReferencePipeline.java:197)
	at java.base/java.util.Spliterators$ArraySpliterator.forEachRemaining(Spliterators.java:992)
	at java.base/java.util.stream.AbstractPipeline.copyInto(AbstractPipeline.java:509)
	at java.base/java.util.stream.AbstractPipeline.wrapAndCopyInto(AbstractPipeline.java:499)
	at java.base/java.util.stream.ForEachOps$ForEachOp.evaluateSequential(ForEachOps.java:150)
	at java.base/java.util.stream.ForEachOps$ForEachOp$OfRef.evaluateSequential(ForEachOps.java:173)
	at java.base/java.util.stream.AbstractPipeline.evaluate(AbstractPipeline.java:234)
	at java.base/java.util.stream.ReferencePipeline.forEach(ReferencePipeline.java:596)
	at java.base/java.util.stream.ReferencePipeline$7$1.accept(ReferencePipeline.java:276)
	at java.base/java.util.stream.ReferencePipeline$3$1.accept(ReferencePipeline.java:197)
	at java.base/java.util.stream.ReferencePipeline$3$1.accept(ReferencePipeline.java:197)
	at java.base/java.util.stream.ReferencePipeline$3$1.accept(ReferencePipeline.java:197)
	at java.base/java.util.ArrayList$ArrayListSpliterator.forEachRemaining(ArrayList.java:1625)
	at java.base/java.util.stream.AbstractPipeline.copyInto(AbstractPipeline.java:509)
	at java.base/java.util.stream.AbstractPipeline.wrapAndCopyInto(AbstractPipeline.java:499)
	at java.base/java.util.stream.ForEachOps$ForEachOp.evaluateSequential(ForEachOps.java:150)
	at java.base/java.util.stream.ForEachOps$ForEachOp$OfRef.evaluateSequential(ForEachOps.java:173)
	at java.base/java.util.stream.AbstractPipeline.evaluate(AbstractPipeline.java:234)
	at java.base/java.util.stream.ReferencePipeline.forEach(ReferencePipeline.java:596)
	at java.base/java.util.stream.ReferencePipeline$7$1.accept(ReferencePipeline.java:276)
	at java.base/java.util.ArrayList$ArrayListSpliterator.forEachRemaining(ArrayList.java:1625)
	at java.base/java.util.stream.AbstractPipeline.copyInto(AbstractPipeline.java:509)
	at java.base/java.util.stream.AbstractPipeline.wrapAndCopyInto(AbstractPipeline.java:499)
	at java.base/java.util.stream.ForEachOps$ForEachOp.evaluateSequential(ForEachOps.java:150)
	at java.base/java.util.stream.ForEachOps$ForEachOp$OfRef.evaluateSequential(ForEachOps.java:173)
	at java.base/java.util.stream.AbstractPipeline.evaluate(AbstractPipeline.java:234)
	at java.base/java.util.stream.ReferencePipeline.forEach(ReferencePipeline.java:596)
	at org.junit.jupiter.engine.descriptor.TestTemplateTestDescriptor.execute(TestTemplateTestDescriptor.java:107)
	at org.junit.jupiter.engine.descriptor.TestTemplateTestDescriptor.execute(TestTemplateTestDescriptor.java:42)
	at org.junit.platform.engine.support.hierarchical.NodeTestTask.lambda$executeRecursively$5(NodeTestTask.java:139)
	at org.junit.platform.engine.support.hierarchical.ThrowableCollector.execute(ThrowableCollector.java:73)
	at org.junit.platform.engine.support.hierarchical.NodeTestTask.lambda$executeRecursively$7(NodeTestTask.java:129)
	at org.junit.platform.engine.support.hierarchical.Node.around(Node.java:137)
	at org.junit.platform.engine.support.hierarchical.NodeTestTask.lambda$executeRecursively$8(NodeTestTask.java:127)
	at org.junit.platform.engine.support.hierarchical.ThrowableCollector.execute(ThrowableCollector.java:73)
	at org.junit.platform.engine.support.hierarchical.NodeTestTask.executeRecursively(NodeTestTask.java:126)
	at org.junit.platform.engine.support.hierarchical.NodeTestTask.execute(NodeTestTask.java:84)
	at java.base/java.util.ArrayList.forEach(ArrayList.java:1511)
	at org.junit.platform.engine.support.hierarchical.SameThreadHierarchicalTestExecutorService.invokeAll(SameThreadHierarchicalTestExecutorService.java:38)
	at org.junit.platform.engine.support.hierarchical.NodeTestTask.lambda$executeRecursively$5(NodeTestTask.java:143)
	at org.junit.platform.engine.support.hierarchical.ThrowableCollector.execute(ThrowableCollector.java:73)
	at org.junit.platform.engine.support.hierarchical.NodeTestTask.lambda$executeRecursively$7(NodeTestTask.java:129)
	at org.junit.platform.engine.support.hierarchical.Node.around(Node.java:137)
	at org.junit.platform.engine.support.hierarchical.NodeTestTask.lambda$executeRecursively$8(NodeTestTask.java:127)
	at org.junit.platform.engine.support.hierarchical.ThrowableCollector.execute(ThrowableCollector.java:73)
	at org.junit.platform.engine.support.hierarchical.NodeTestTask.executeRecursively(NodeTestTask.java:126)
	at org.junit.platform.engine.support.hierarchical.NodeTestTask.execute(NodeTestTask.java:84)
	at java.base/java.util.ArrayList.forEach(ArrayList.java:1511)
	at org.junit.platform.engine.support.hierarchical.SameThreadHierarchicalTestExecutorService.invokeAll(SameThreadHierarchicalTestExecutorService.java:38)
	at org.junit.platform.engine.support.hierarchical.NodeTestTask.lambda$executeRecursively$5(NodeTestTask.java:143)
	at org.junit.platform.engine.support.hierarchical.ThrowableCollector.execute(ThrowableCollector.java:73)
	at org.junit.platform.engine.support.hierarchical.NodeTestTask.lambda$executeRecursively$7(NodeTestTask.java:129)
	at org.junit.platform.engine.support.hierarchical.Node.around(Node.java:137)
	at org.junit.platform.engine.support.hierarchical.NodeTestTask.lambda$executeRecursively$8(NodeTestTask.java:127)
	at org.junit.platform.engine.support.hierarchical.ThrowableCollector.execute(ThrowableCollector.java:73)
	at org.junit.platform.engine.support.hierarchical.NodeTestTask.executeRecursively(NodeTestTask.java:126)
	at org.junit.platform.engine.support.hierarchical.NodeTestTask.execute(NodeTestTask.java:84)
	at org.junit.platform.engine.support.hierarchical.SameThreadHierarchicalTestExecutorService.submit(SameThreadHierarchicalTestExecutorService.java:32)
	at org.junit.platform.engine.support.hierarchical.HierarchicalTestExecutor.execute(HierarchicalTestExecutor.java:57)
	at org.junit.platform.engine.support.hierarchical.HierarchicalTestEngine.execute(HierarchicalTestEngine.java:51)
	at org.junit.platform.launcher.core.EngineExecutionOrchestrator.execute(EngineExecutionOrchestrator.java:108)
	at org.junit.platform.launcher.core.EngineExecutionOrchestrator.execute(EngineExecutionOrchestrator.java:88)
	at org.junit.platform.launcher.core.EngineExecutionOrchestrator.lambda$execute$0(EngineExecutionOrchestrator.java:54)
	at org.junit.platform.launcher.core.EngineExecutionOrchestrator.withInterceptedStreams(EngineExecutionOrchestrator.java:67)
	at org.junit.platform.launcher.core.EngineExecutionOrchestrator.execute(EngineExecutionOrchestrator.java:52)
	at org.junit.platform.launcher.core.DefaultLauncher.execute(DefaultLauncher.java:96)
	at org.junit.platform.launcher.core.DefaultLauncher.execute(DefaultLauncher.java:75)
	at org.junit.platform.console.tasks.ConsoleTestExecutor.executeTests(ConsoleTestExecutor.java:66)
	at org.junit.platform.console.tasks.ConsoleTestExecutor.lambda$execute$0(ConsoleTestExecutor.java:58)
	at org.junit.platform.console.tasks.CustomContextClassLoaderExecutor.replaceThreadContextClassLoaderAndInvoke(CustomContextClassLoaderExecutor.java:41)
	at org.junit.platform.console.tasks.CustomContextClassLoaderExecutor.invoke(CustomContextClassLoaderExecutor.java:31)
	at org.junit.platform.console.tasks.ConsoleTestExecutor.execute(ConsoleTestExecutor.java:58)
	at org.junit.platform.console.ConsoleLauncher.executeTests(ConsoleLauncher.java:95)
	at org.junit.platform.console.ConsoleLauncher.execute(ConsoleLauncher.java:73)
	at org.junit.platform.console.ConsoleLauncher.execute(ConsoleLauncher.java:50)
	at org.junit.platform.console.ConsoleLauncher.execute(ConsoleLauncher.java:43)
	at org.junit.platform.console.ConsoleLauncher.main(ConsoleLauncher.java:37)
]]></skipped>
<system-out><![CDATA[
unique-id: [engine:junit-jupiter]/[class:minebayd1.test.TestUser]/[test-template:testget(minebayd1.User, minebayd1.AdState, java.util.Optional, int)]/[test-template-invocation:#71]
display-name: [71] Lyes a 65 annonces ouvertes, 1 annonces fermées et 3 achats 
, CLOSED, Optional[BOOKS], 0
]]></system-out>
</testcase>
<testcase name="testget(User, AdState, Optional, int)[72]" classname="minebayd1.test.TestUser" time="0">
<skipped><![CDATA[org.opentest4j.TestAbortedException: Assumption failed: assumption is not true
	at org.junit.jupiter.api.Assumptions.throwTestAbortedException(Assumptions.java:256)
	at org.junit.jupiter.api.Assumptions.assumeTrue(Assumptions.java:115)
	at org.junit.jupiter.api.Assumptions.assumeTrue(Assumptions.java:66)
	at minebayd1.test.TestUser.testget(TestUser.java:961)
	at jdk.internal.reflect.GeneratedMethodAccessor6.invoke(Unknown Source)
	at java.base/jdk.internal.reflect.DelegatingMethodAccessorImpl.invoke(DelegatingMethodAccessorImpl.java:43)
	at java.base/java.lang.reflect.Method.invoke(Method.java:569)
	at org.junit.platform.commons.util.ReflectionUtils.invokeMethod(ReflectionUtils.java:688)
	at org.junit.jupiter.engine.execution.MethodInvocation.proceed(MethodInvocation.java:60)
	at org.junit.jupiter.engine.execution.InvocationInterceptorChain$ValidatingInvocation.proceed(InvocationInterceptorChain.java:131)
	at org.junit.jupiter.engine.extension.TimeoutExtension.intercept(TimeoutExtension.java:149)
	at org.junit.jupiter.engine.extension.TimeoutExtension.interceptTestableMethod(TimeoutExtension.java:140)
	at org.junit.jupiter.engine.extension.TimeoutExtension.interceptTestTemplateMethod(TimeoutExtension.java:92)
	at org.junit.jupiter.engine.execution.ExecutableInvoker$ReflectiveInterceptorCall.lambda$ofVoidMethod$0(ExecutableInvoker.java:115)
	at org.junit.jupiter.engine.execution.ExecutableInvoker.lambda$invoke$0(ExecutableInvoker.java:105)
	at org.junit.jupiter.engine.execution.InvocationInterceptorChain$InterceptedInvocation.proceed(InvocationInterceptorChain.java:106)
	at org.junit.jupiter.engine.execution.InvocationInterceptorChain.proceed(InvocationInterceptorChain.java:64)
	at org.junit.jupiter.engine.execution.InvocationInterceptorChain.chainAndInvoke(InvocationInterceptorChain.java:45)
	at org.junit.jupiter.engine.execution.InvocationInterceptorChain.invoke(InvocationInterceptorChain.java:37)
	at org.junit.jupiter.engine.execution.ExecutableInvoker.invoke(ExecutableInvoker.java:104)
	at org.junit.jupiter.engine.execution.ExecutableInvoker.invoke(ExecutableInvoker.java:98)
	at org.junit.jupiter.engine.descriptor.TestMethodTestDescriptor.lambda$invokeTestMethod$6(TestMethodTestDescriptor.java:210)
	at org.junit.platform.engine.support.hierarchical.ThrowableCollector.execute(ThrowableCollector.java:73)
	at org.junit.jupiter.engine.descriptor.TestMethodTestDescriptor.invokeTestMethod(TestMethodTestDescriptor.java:206)
	at org.junit.jupiter.engine.descriptor.TestMethodTestDescriptor.execute(TestMethodTestDescriptor.java:131)
	at org.junit.jupiter.engine.descriptor.TestMethodTestDescriptor.execute(TestMethodTestDescriptor.java:65)
	at org.junit.platform.engine.support.hierarchical.NodeTestTask.lambda$executeRecursively$5(NodeTestTask.java:139)
	at org.junit.platform.engine.support.hierarchical.ThrowableCollector.execute(ThrowableCollector.java:73)
	at org.junit.platform.engine.support.hierarchical.NodeTestTask.lambda$executeRecursively$7(NodeTestTask.java:129)
	at org.junit.platform.engine.support.hierarchical.Node.around(Node.java:137)
	at org.junit.platform.engine.support.hierarchical.NodeTestTask.lambda$executeRecursively$8(NodeTestTask.java:127)
	at org.junit.platform.engine.support.hierarchical.ThrowableCollector.execute(ThrowableCollector.java:73)
	at org.junit.platform.engine.support.hierarchical.NodeTestTask.executeRecursively(NodeTestTask.java:126)
	at org.junit.platform.engine.support.hierarchical.NodeTestTask.execute(NodeTestTask.java:84)
	at org.junit.platform.engine.support.hierarchical.SameThreadHierarchicalTestExecutorService.submit(SameThreadHierarchicalTestExecutorService.java:32)
	at org.junit.platform.engine.support.hierarchical.NodeTestTask$DefaultDynamicTestExecutor.execute(NodeTestTask.java:212)
	at org.junit.platform.engine.support.hierarchical.NodeTestTask$DefaultDynamicTestExecutor.execute(NodeTestTask.java:192)
	at org.junit.jupiter.engine.descriptor.TestTemplateTestDescriptor.execute(TestTemplateTestDescriptor.java:139)
	at org.junit.jupiter.engine.descriptor.TestTemplateTestDescriptor.lambda$execute$2(TestTemplateTestDescriptor.java:107)
	at java.base/java.util.stream.ForEachOps$ForEachOp$OfRef.accept(ForEachOps.java:183)
	at java.base/java.util.stream.ReferencePipeline$3$1.accept(ReferencePipeline.java:197)
	at java.base/java.util.stream.ReferencePipeline$2$1.accept(ReferencePipeline.java:179)
	at java.base/java.util.stream.ReferencePipeline$3$1.accept(ReferencePipeline.java:197)
	at java.base/java.util.stream.ForEachOps$ForEachOp$OfRef.accept(ForEachOps.java:183)
	at java.base/java.util.stream.ReferencePipeline$15$1.accept(ReferencePipeline.java:541)
	at java.base/java.util.stream.ReferencePipeline$3$1.accept(ReferencePipeline.java:197)
	at java.base/java.util.stream.ReferencePipeline$3$1.accept(ReferencePipeline.java:197)
	at java.base/java.util.stream.ReferencePipeline$3$1.accept(ReferencePipeline.java:197)
	at java.base/java.util.stream.ForEachOps$ForEachOp$OfRef.accept(ForEachOps.java:183)
	at java.base/java.util.stream.ReferencePipeline$3$1.accept(ReferencePipeline.java:197)
	at java.base/java.util.stream.ForEachOps$ForEachOp$OfRef.accept(ForEachOps.java:183)
	at java.base/java.util.stream.SliceOps$1$1.accept(SliceOps.java:200)
	at java.base/java.util.stream.StreamSpliterators$InfiniteSupplyingSpliterator$OfRef.tryAdvance(StreamSpliterators.java:1358)
	at java.base/java.util.stream.ReferencePipeline.forEachWithCancel(ReferencePipeline.java:129)
	at java.base/java.util.stream.AbstractPipeline.copyIntoWithCancel(AbstractPipeline.java:527)
	at java.base/java.util.stream.AbstractPipeline.copyInto(AbstractPipeline.java:513)
	at java.base/java.util.stream.AbstractPipeline.wrapAndCopyInto(AbstractPipeline.java:499)
	at java.base/java.util.stream.ForEachOps$ForEachOp.evaluateSequential(ForEachOps.java:150)
	at java.base/java.util.stream.ForEachOps$ForEachOp$OfRef.evaluateSequential(ForEachOps.java:173)
	at java.base/java.util.stream.AbstractPipeline.evaluate(AbstractPipeline.java:234)
	at java.base/java.util.stream.ReferencePipeline.forEach(ReferencePipeline.java:596)
	at java.base/java.util.stream.ReferencePipeline$7$1.accept(ReferencePipeline.java:276)
	at java.base/java.util.stream.ReferencePipeline$3$1.accept(ReferencePipeline.java:197)
	at java.base/java.util.stream.ReferencePipeline$3$1.accept(ReferencePipeline.java:197)
	at java.base/java.util.Spliterators$ArraySpliterator.forEachRemaining(Spliterators.java:992)
	at java.base/java.util.stream.AbstractPipeline.copyInto(AbstractPipeline.java:509)
	at java.base/java.util.stream.AbstractPipeline.wrapAndCopyInto(AbstractPipeline.java:499)
	at java.base/java.util.stream.ForEachOps$ForEachOp.evaluateSequential(ForEachOps.java:150)
	at java.base/java.util.stream.ForEachOps$ForEachOp$OfRef.evaluateSequential(ForEachOps.java:173)
	at java.base/java.util.stream.AbstractPipeline.evaluate(AbstractPipeline.java:234)
	at java.base/java.util.stream.ReferencePipeline.forEach(ReferencePipeline.java:596)
	at java.base/java.util.stream.ReferencePipeline$7$1.accept(ReferencePipeline.java:276)
	at java.base/java.util.stream.ReferencePipeline$3$1.accept(ReferencePipeline.java:197)
	at java.base/java.util.stream.ReferencePipeline$3$1.accept(ReferencePipeline.java:197)
	at java.base/java.util.stream.ReferencePipeline$3$1.accept(ReferencePipeline.java:197)
	at java.base/java.util.ArrayList$ArrayListSpliterator.forEachRemaining(ArrayList.java:1625)
	at java.base/java.util.stream.AbstractPipeline.copyInto(AbstractPipeline.java:509)
	at java.base/java.util.stream.AbstractPipeline.wrapAndCopyInto(AbstractPipeline.java:499)
	at java.base/java.util.stream.ForEachOps$ForEachOp.evaluateSequential(ForEachOps.java:150)
	at java.base/java.util.stream.ForEachOps$ForEachOp$OfRef.evaluateSequential(ForEachOps.java:173)
	at java.base/java.util.stream.AbstractPipeline.evaluate(AbstractPipeline.java:234)
	at java.base/java.util.stream.ReferencePipeline.forEach(ReferencePipeline.java:596)
	at java.base/java.util.stream.ReferencePipeline$7$1.accept(ReferencePipeline.java:276)
	at java.base/java.util.ArrayList$ArrayListSpliterator.forEachRemaining(ArrayList.java:1625)
	at java.base/java.util.stream.AbstractPipeline.copyInto(AbstractPipeline.java:509)
	at java.base/java.util.stream.AbstractPipeline.wrapAndCopyInto(AbstractPipeline.java:499)
	at java.base/java.util.stream.ForEachOps$ForEachOp.evaluateSequential(ForEachOps.java:150)
	at java.base/java.util.stream.ForEachOps$ForEachOp$OfRef.evaluateSequential(ForEachOps.java:173)
	at java.base/java.util.stream.AbstractPipeline.evaluate(AbstractPipeline.java:234)
	at java.base/java.util.stream.ReferencePipeline.forEach(ReferencePipeline.java:596)
	at org.junit.jupiter.engine.descriptor.TestTemplateTestDescriptor.execute(TestTemplateTestDescriptor.java:107)
	at org.junit.jupiter.engine.descriptor.TestTemplateTestDescriptor.execute(TestTemplateTestDescriptor.java:42)
	at org.junit.platform.engine.support.hierarchical.NodeTestTask.lambda$executeRecursively$5(NodeTestTask.java:139)
	at org.junit.platform.engine.support.hierarchical.ThrowableCollector.execute(ThrowableCollector.java:73)
	at org.junit.platform.engine.support.hierarchical.NodeTestTask.lambda$executeRecursively$7(NodeTestTask.java:129)
	at org.junit.platform.engine.support.hierarchical.Node.around(Node.java:137)
	at org.junit.platform.engine.support.hierarchical.NodeTestTask.lambda$executeRecursively$8(NodeTestTask.java:127)
	at org.junit.platform.engine.support.hierarchical.ThrowableCollector.execute(ThrowableCollector.java:73)
	at org.junit.platform.engine.support.hierarchical.NodeTestTask.executeRecursively(NodeTestTask.java:126)
	at org.junit.platform.engine.support.hierarchical.NodeTestTask.execute(NodeTestTask.java:84)
	at java.base/java.util.ArrayList.forEach(ArrayList.java:1511)
	at org.junit.platform.engine.support.hierarchical.SameThreadHierarchicalTestExecutorService.invokeAll(SameThreadHierarchicalTestExecutorService.java:38)
	at org.junit.platform.engine.support.hierarchical.NodeTestTask.lambda$executeRecursively$5(NodeTestTask.java:143)
	at org.junit.platform.engine.support.hierarchical.ThrowableCollector.execute(ThrowableCollector.java:73)
	at org.junit.platform.engine.support.hierarchical.NodeTestTask.lambda$executeRecursively$7(NodeTestTask.java:129)
	at org.junit.platform.engine.support.hierarchical.Node.around(Node.java:137)
	at org.junit.platform.engine.support.hierarchical.NodeTestTask.lambda$executeRecursively$8(NodeTestTask.java:127)
	at org.junit.platform.engine.support.hierarchical.ThrowableCollector.execute(ThrowableCollector.java:73)
	at org.junit.platform.engine.support.hierarchical.NodeTestTask.executeRecursively(NodeTestTask.java:126)
	at org.junit.platform.engine.support.hierarchical.NodeTestTask.execute(NodeTestTask.java:84)
	at java.base/java.util.ArrayList.forEach(ArrayList.java:1511)
	at org.junit.platform.engine.support.hierarchical.SameThreadHierarchicalTestExecutorService.invokeAll(SameThreadHierarchicalTestExecutorService.java:38)
	at org.junit.platform.engine.support.hierarchical.NodeTestTask.lambda$executeRecursively$5(NodeTestTask.java:143)
	at org.junit.platform.engine.support.hierarchical.ThrowableCollector.execute(ThrowableCollector.java:73)
	at org.junit.platform.engine.support.hierarchical.NodeTestTask.lambda$executeRecursively$7(NodeTestTask.java:129)
	at org.junit.platform.engine.support.hierarchical.Node.around(Node.java:137)
	at org.junit.platform.engine.support.hierarchical.NodeTestTask.lambda$executeRecursively$8(NodeTestTask.java:127)
	at org.junit.platform.engine.support.hierarchical.ThrowableCollector.execute(ThrowableCollector.java:73)
	at org.junit.platform.engine.support.hierarchical.NodeTestTask.executeRecursively(NodeTestTask.java:126)
	at org.junit.platform.engine.support.hierarchical.NodeTestTask.execute(NodeTestTask.java:84)
	at org.junit.platform.engine.support.hierarchical.SameThreadHierarchicalTestExecutorService.submit(SameThreadHierarchicalTestExecutorService.java:32)
	at org.junit.platform.engine.support.hierarchical.HierarchicalTestExecutor.execute(HierarchicalTestExecutor.java:57)
	at org.junit.platform.engine.support.hierarchical.HierarchicalTestEngine.execute(HierarchicalTestEngine.java:51)
	at org.junit.platform.launcher.core.EngineExecutionOrchestrator.execute(EngineExecutionOrchestrator.java:108)
	at org.junit.platform.launcher.core.EngineExecutionOrchestrator.execute(EngineExecutionOrchestrator.java:88)
	at org.junit.platform.launcher.core.EngineExecutionOrchestrator.lambda$execute$0(EngineExecutionOrchestrator.java:54)
	at org.junit.platform.launcher.core.EngineExecutionOrchestrator.withInterceptedStreams(EngineExecutionOrchestrator.java:67)
	at org.junit.platform.launcher.core.EngineExecutionOrchestrator.execute(EngineExecutionOrchestrator.java:52)
	at org.junit.platform.launcher.core.DefaultLauncher.execute(DefaultLauncher.java:96)
	at org.junit.platform.launcher.core.DefaultLauncher.execute(DefaultLauncher.java:75)
	at org.junit.platform.console.tasks.ConsoleTestExecutor.executeTests(ConsoleTestExecutor.java:66)
	at org.junit.platform.console.tasks.ConsoleTestExecutor.lambda$execute$0(ConsoleTestExecutor.java:58)
	at org.junit.platform.console.tasks.CustomContextClassLoaderExecutor.replaceThreadContextClassLoaderAndInvoke(CustomContextClassLoaderExecutor.java:41)
	at org.junit.platform.console.tasks.CustomContextClassLoaderExecutor.invoke(CustomContextClassLoaderExecutor.java:31)
	at org.junit.platform.console.tasks.ConsoleTestExecutor.execute(ConsoleTestExecutor.java:58)
	at org.junit.platform.console.ConsoleLauncher.executeTests(ConsoleLauncher.java:95)
	at org.junit.platform.console.ConsoleLauncher.execute(ConsoleLauncher.java:73)
	at org.junit.platform.console.ConsoleLauncher.execute(ConsoleLauncher.java:50)
	at org.junit.platform.console.ConsoleLauncher.execute(ConsoleLauncher.java:43)
	at org.junit.platform.console.ConsoleLauncher.main(ConsoleLauncher.java:37)
]]></skipped>
<system-out><![CDATA[
unique-id: [engine:junit-jupiter]/[class:minebayd1.test.TestUser]/[test-template:testget(minebayd1.User, minebayd1.AdState, java.util.Optional, int)]/[test-template-invocation:#72]
display-name: [72] Chanez a 57 annonces ouvertes, 2 annonces fermées et 1 achats 
, CLOSED, Optional[COMPUTERS], 0
]]></system-out>
</testcase>
<testcase name="testget(User, AdState, Optional, int)[73]" classname="minebayd1.test.TestUser" time="0.001">
<system-out><![CDATA[
unique-id: [engine:junit-jupiter]/[class:minebayd1.test.TestUser]/[test-template:testget(minebayd1.User, minebayd1.AdState, java.util.Optional, int)]/[test-template-invocation:#73]
display-name: [73] Idir a 58 annonces ouvertes, 5 annonces fermées et 4 achats 
, OPEN, Optional[COMPUTERS], 10
]]></system-out>
</testcase>
<testcase name="testget(User, AdState, Optional, int)[74]" classname="minebayd1.test.TestUser" time="0">
<system-out><![CDATA[
unique-id: [engine:junit-jupiter]/[class:minebayd1.test.TestUser]/[test-template:testget(minebayd1.User, minebayd1.AdState, java.util.Optional, int)]/[test-template-invocation:#74]
display-name: [74] Lisa a 45 annonces ouvertes, 4 annonces fermées et 3 achats 
, OPEN, Optional[GAMES], 4
]]></system-out>
</testcase>
<testcase name="testget(User, AdState, Optional, int)[75]" classname="minebayd1.test.TestUser" time="0.001">
<system-out><![CDATA[
unique-id: [engine:junit-jupiter]/[class:minebayd1.test.TestUser]/[test-template:testget(minebayd1.User, minebayd1.AdState, java.util.Optional, int)]/[test-template-invocation:#75]
display-name: [75] Nima a 50 annonces ouvertes, 1 annonces fermées et 4 achats 
, OPEN, Optional[GAMES], 2
]]></system-out>
</testcase>
<testcase name="testget(User, AdState, Optional, int)[76]" classname="minebayd1.test.TestUser" time="0">
<system-out><![CDATA[
unique-id: [engine:junit-jupiter]/[class:minebayd1.test.TestUser]/[test-template:testget(minebayd1.User, minebayd1.AdState, java.util.Optional, int)]/[test-template-invocation:#76]
display-name: [76] Chanez a 57 annonces ouvertes, 2 annonces fermées et 1 achats 
, OPEN, Optional[BOOKS], 5
]]></system-out>
</testcase>
<testcase name="testget(User, AdState, Optional, int)[77]" classname="minebayd1.test.TestUser" time="0">
<skipped><![CDATA[org.opentest4j.TestAbortedException: Assumption failed: assumption is not true
	at org.junit.jupiter.api.Assumptions.throwTestAbortedException(Assumptions.java:256)
	at org.junit.jupiter.api.Assumptions.assumeTrue(Assumptions.java:115)
	at org.junit.jupiter.api.Assumptions.assumeTrue(Assumptions.java:66)
	at minebayd1.test.TestUser.testget(TestUser.java:961)
	at jdk.internal.reflect.GeneratedMethodAccessor6.invoke(Unknown Source)
	at java.base/jdk.internal.reflect.DelegatingMethodAccessorImpl.invoke(DelegatingMethodAccessorImpl.java:43)
	at java.base/java.lang.reflect.Method.invoke(Method.java:569)
	at org.junit.platform.commons.util.ReflectionUtils.invokeMethod(ReflectionUtils.java:688)
	at org.junit.jupiter.engine.execution.MethodInvocation.proceed(MethodInvocation.java:60)
	at org.junit.jupiter.engine.execution.InvocationInterceptorChain$ValidatingInvocation.proceed(InvocationInterceptorChain.java:131)
	at org.junit.jupiter.engine.extension.TimeoutExtension.intercept(TimeoutExtension.java:149)
	at org.junit.jupiter.engine.extension.TimeoutExtension.interceptTestableMethod(TimeoutExtension.java:140)
	at org.junit.jupiter.engine.extension.TimeoutExtension.interceptTestTemplateMethod(TimeoutExtension.java:92)
	at org.junit.jupiter.engine.execution.ExecutableInvoker$ReflectiveInterceptorCall.lambda$ofVoidMethod$0(ExecutableInvoker.java:115)
	at org.junit.jupiter.engine.execution.ExecutableInvoker.lambda$invoke$0(ExecutableInvoker.java:105)
	at org.junit.jupiter.engine.execution.InvocationInterceptorChain$InterceptedInvocation.proceed(InvocationInterceptorChain.java:106)
	at org.junit.jupiter.engine.execution.InvocationInterceptorChain.proceed(InvocationInterceptorChain.java:64)
	at org.junit.jupiter.engine.execution.InvocationInterceptorChain.chainAndInvoke(InvocationInterceptorChain.java:45)
	at org.junit.jupiter.engine.execution.InvocationInterceptorChain.invoke(InvocationInterceptorChain.java:37)
	at org.junit.jupiter.engine.execution.ExecutableInvoker.invoke(ExecutableInvoker.java:104)
	at org.junit.jupiter.engine.execution.ExecutableInvoker.invoke(ExecutableInvoker.java:98)
	at org.junit.jupiter.engine.descriptor.TestMethodTestDescriptor.lambda$invokeTestMethod$6(TestMethodTestDescriptor.java:210)
	at org.junit.platform.engine.support.hierarchical.ThrowableCollector.execute(ThrowableCollector.java:73)
	at org.junit.jupiter.engine.descriptor.TestMethodTestDescriptor.invokeTestMethod(TestMethodTestDescriptor.java:206)
	at org.junit.jupiter.engine.descriptor.TestMethodTestDescriptor.execute(TestMethodTestDescriptor.java:131)
	at org.junit.jupiter.engine.descriptor.TestMethodTestDescriptor.execute(TestMethodTestDescriptor.java:65)
	at org.junit.platform.engine.support.hierarchical.NodeTestTask.lambda$executeRecursively$5(NodeTestTask.java:139)
	at org.junit.platform.engine.support.hierarchical.ThrowableCollector.execute(ThrowableCollector.java:73)
	at org.junit.platform.engine.support.hierarchical.NodeTestTask.lambda$executeRecursively$7(NodeTestTask.java:129)
	at org.junit.platform.engine.support.hierarchical.Node.around(Node.java:137)
	at org.junit.platform.engine.support.hierarchical.NodeTestTask.lambda$executeRecursively$8(NodeTestTask.java:127)
	at org.junit.platform.engine.support.hierarchical.ThrowableCollector.execute(ThrowableCollector.java:73)
	at org.junit.platform.engine.support.hierarchical.NodeTestTask.executeRecursively(NodeTestTask.java:126)
	at org.junit.platform.engine.support.hierarchical.NodeTestTask.execute(NodeTestTask.java:84)
	at org.junit.platform.engine.support.hierarchical.SameThreadHierarchicalTestExecutorService.submit(SameThreadHierarchicalTestExecutorService.java:32)
	at org.junit.platform.engine.support.hierarchical.NodeTestTask$DefaultDynamicTestExecutor.execute(NodeTestTask.java:212)
	at org.junit.platform.engine.support.hierarchical.NodeTestTask$DefaultDynamicTestExecutor.execute(NodeTestTask.java:192)
	at org.junit.jupiter.engine.descriptor.TestTemplateTestDescriptor.execute(TestTemplateTestDescriptor.java:139)
	at org.junit.jupiter.engine.descriptor.TestTemplateTestDescriptor.lambda$execute$2(TestTemplateTestDescriptor.java:107)
	at java.base/java.util.stream.ForEachOps$ForEachOp$OfRef.accept(ForEachOps.java:183)
	at java.base/java.util.stream.ReferencePipeline$3$1.accept(ReferencePipeline.java:197)
	at java.base/java.util.stream.ReferencePipeline$2$1.accept(ReferencePipeline.java:179)
	at java.base/java.util.stream.ReferencePipeline$3$1.accept(ReferencePipeline.java:197)
	at java.base/java.util.stream.ForEachOps$ForEachOp$OfRef.accept(ForEachOps.java:183)
	at java.base/java.util.stream.ReferencePipeline$15$1.accept(ReferencePipeline.java:541)
	at java.base/java.util.stream.ReferencePipeline$3$1.accept(ReferencePipeline.java:197)
	at java.base/java.util.stream.ReferencePipeline$3$1.accept(ReferencePipeline.java:197)
	at java.base/java.util.stream.ReferencePipeline$3$1.accept(ReferencePipeline.java:197)
	at java.base/java.util.stream.ForEachOps$ForEachOp$OfRef.accept(ForEachOps.java:183)
	at java.base/java.util.stream.ReferencePipeline$3$1.accept(ReferencePipeline.java:197)
	at java.base/java.util.stream.ForEachOps$ForEachOp$OfRef.accept(ForEachOps.java:183)
	at java.base/java.util.stream.SliceOps$1$1.accept(SliceOps.java:200)
	at java.base/java.util.stream.StreamSpliterators$InfiniteSupplyingSpliterator$OfRef.tryAdvance(StreamSpliterators.java:1358)
	at java.base/java.util.stream.ReferencePipeline.forEachWithCancel(ReferencePipeline.java:129)
	at java.base/java.util.stream.AbstractPipeline.copyIntoWithCancel(AbstractPipeline.java:527)
	at java.base/java.util.stream.AbstractPipeline.copyInto(AbstractPipeline.java:513)
	at java.base/java.util.stream.AbstractPipeline.wrapAndCopyInto(AbstractPipeline.java:499)
	at java.base/java.util.stream.ForEachOps$ForEachOp.evaluateSequential(ForEachOps.java:150)
	at java.base/java.util.stream.ForEachOps$ForEachOp$OfRef.evaluateSequential(ForEachOps.java:173)
	at java.base/java.util.stream.AbstractPipeline.evaluate(AbstractPipeline.java:234)
	at java.base/java.util.stream.ReferencePipeline.forEach(ReferencePipeline.java:596)
	at java.base/java.util.stream.ReferencePipeline$7$1.accept(ReferencePipeline.java:276)
	at java.base/java.util.stream.ReferencePipeline$3$1.accept(ReferencePipeline.java:197)
	at java.base/java.util.stream.ReferencePipeline$3$1.accept(ReferencePipeline.java:197)
	at java.base/java.util.Spliterators$ArraySpliterator.forEachRemaining(Spliterators.java:992)
	at java.base/java.util.stream.AbstractPipeline.copyInto(AbstractPipeline.java:509)
	at java.base/java.util.stream.AbstractPipeline.wrapAndCopyInto(AbstractPipeline.java:499)
	at java.base/java.util.stream.ForEachOps$ForEachOp.evaluateSequential(ForEachOps.java:150)
	at java.base/java.util.stream.ForEachOps$ForEachOp$OfRef.evaluateSequential(ForEachOps.java:173)
	at java.base/java.util.stream.AbstractPipeline.evaluate(AbstractPipeline.java:234)
	at java.base/java.util.stream.ReferencePipeline.forEach(ReferencePipeline.java:596)
	at java.base/java.util.stream.ReferencePipeline$7$1.accept(ReferencePipeline.java:276)
	at java.base/java.util.stream.ReferencePipeline$3$1.accept(ReferencePipeline.java:197)
	at java.base/java.util.stream.ReferencePipeline$3$1.accept(ReferencePipeline.java:197)
	at java.base/java.util.stream.ReferencePipeline$3$1.accept(ReferencePipeline.java:197)
	at java.base/java.util.ArrayList$ArrayListSpliterator.forEachRemaining(ArrayList.java:1625)
	at java.base/java.util.stream.AbstractPipeline.copyInto(AbstractPipeline.java:509)
	at java.base/java.util.stream.AbstractPipeline.wrapAndCopyInto(AbstractPipeline.java:499)
	at java.base/java.util.stream.ForEachOps$ForEachOp.evaluateSequential(ForEachOps.java:150)
	at java.base/java.util.stream.ForEachOps$ForEachOp$OfRef.evaluateSequential(ForEachOps.java:173)
	at java.base/java.util.stream.AbstractPipeline.evaluate(AbstractPipeline.java:234)
	at java.base/java.util.stream.ReferencePipeline.forEach(ReferencePipeline.java:596)
	at java.base/java.util.stream.ReferencePipeline$7$1.accept(ReferencePipeline.java:276)
	at java.base/java.util.ArrayList$ArrayListSpliterator.forEachRemaining(ArrayList.java:1625)
	at java.base/java.util.stream.AbstractPipeline.copyInto(AbstractPipeline.java:509)
	at java.base/java.util.stream.AbstractPipeline.wrapAndCopyInto(AbstractPipeline.java:499)
	at java.base/java.util.stream.ForEachOps$ForEachOp.evaluateSequential(ForEachOps.java:150)
	at java.base/java.util.stream.ForEachOps$ForEachOp$OfRef.evaluateSequential(ForEachOps.java:173)
	at java.base/java.util.stream.AbstractPipeline.evaluate(AbstractPipeline.java:234)
	at java.base/java.util.stream.ReferencePipeline.forEach(ReferencePipeline.java:596)
	at org.junit.jupiter.engine.descriptor.TestTemplateTestDescriptor.execute(TestTemplateTestDescriptor.java:107)
	at org.junit.jupiter.engine.descriptor.TestTemplateTestDescriptor.execute(TestTemplateTestDescriptor.java:42)
	at org.junit.platform.engine.support.hierarchical.NodeTestTask.lambda$executeRecursively$5(NodeTestTask.java:139)
	at org.junit.platform.engine.support.hierarchical.ThrowableCollector.execute(ThrowableCollector.java:73)
	at org.junit.platform.engine.support.hierarchical.NodeTestTask.lambda$executeRecursively$7(NodeTestTask.java:129)
	at org.junit.platform.engine.support.hierarchical.Node.around(Node.java:137)
	at org.junit.platform.engine.support.hierarchical.NodeTestTask.lambda$executeRecursively$8(NodeTestTask.java:127)
	at org.junit.platform.engine.support.hierarchical.ThrowableCollector.execute(ThrowableCollector.java:73)
	at org.junit.platform.engine.support.hierarchical.NodeTestTask.executeRecursively(NodeTestTask.java:126)
	at org.junit.platform.engine.support.hierarchical.NodeTestTask.execute(NodeTestTask.java:84)
	at java.base/java.util.ArrayList.forEach(ArrayList.java:1511)
	at org.junit.platform.engine.support.hierarchical.SameThreadHierarchicalTestExecutorService.invokeAll(SameThreadHierarchicalTestExecutorService.java:38)
	at org.junit.platform.engine.support.hierarchical.NodeTestTask.lambda$executeRecursively$5(NodeTestTask.java:143)
	at org.junit.platform.engine.support.hierarchical.ThrowableCollector.execute(ThrowableCollector.java:73)
	at org.junit.platform.engine.support.hierarchical.NodeTestTask.lambda$executeRecursively$7(NodeTestTask.java:129)
	at org.junit.platform.engine.support.hierarchical.Node.around(Node.java:137)
	at org.junit.platform.engine.support.hierarchical.NodeTestTask.lambda$executeRecursively$8(NodeTestTask.java:127)
	at org.junit.platform.engine.support.hierarchical.ThrowableCollector.execute(ThrowableCollector.java:73)
	at org.junit.platform.engine.support.hierarchical.NodeTestTask.executeRecursively(NodeTestTask.java:126)
	at org.junit.platform.engine.support.hierarchical.NodeTestTask.execute(NodeTestTask.java:84)
	at java.base/java.util.ArrayList.forEach(ArrayList.java:1511)
	at org.junit.platform.engine.support.hierarchical.SameThreadHierarchicalTestExecutorService.invokeAll(SameThreadHierarchicalTestExecutorService.java:38)
	at org.junit.platform.engine.support.hierarchical.NodeTestTask.lambda$executeRecursively$5(NodeTestTask.java:143)
	at org.junit.platform.engine.support.hierarchical.ThrowableCollector.execute(ThrowableCollector.java:73)
	at org.junit.platform.engine.support.hierarchical.NodeTestTask.lambda$executeRecursively$7(NodeTestTask.java:129)
	at org.junit.platform.engine.support.hierarchical.Node.around(Node.java:137)
	at org.junit.platform.engine.support.hierarchical.NodeTestTask.lambda$executeRecursively$8(NodeTestTask.java:127)
	at org.junit.platform.engine.support.hierarchical.ThrowableCollector.execute(ThrowableCollector.java:73)
	at org.junit.platform.engine.support.hierarchical.NodeTestTask.executeRecursively(NodeTestTask.java:126)
	at org.junit.platform.engine.support.hierarchical.NodeTestTask.execute(NodeTestTask.java:84)
	at org.junit.platform.engine.support.hierarchical.SameThreadHierarchicalTestExecutorService.submit(SameThreadHierarchicalTestExecutorService.java:32)
	at org.junit.platform.engine.support.hierarchical.HierarchicalTestExecutor.execute(HierarchicalTestExecutor.java:57)
	at org.junit.platform.engine.support.hierarchical.HierarchicalTestEngine.execute(HierarchicalTestEngine.java:51)
	at org.junit.platform.launcher.core.EngineExecutionOrchestrator.execute(EngineExecutionOrchestrator.java:108)
	at org.junit.platform.launcher.core.EngineExecutionOrchestrator.execute(EngineExecutionOrchestrator.java:88)
	at org.junit.platform.launcher.core.EngineExecutionOrchestrator.lambda$execute$0(EngineExecutionOrchestrator.java:54)
	at org.junit.platform.launcher.core.EngineExecutionOrchestrator.withInterceptedStreams(EngineExecutionOrchestrator.java:67)
	at org.junit.platform.launcher.core.EngineExecutionOrchestrator.execute(EngineExecutionOrchestrator.java:52)
	at org.junit.platform.launcher.core.DefaultLauncher.execute(DefaultLauncher.java:96)
	at org.junit.platform.launcher.core.DefaultLauncher.execute(DefaultLauncher.java:75)
	at org.junit.platform.console.tasks.ConsoleTestExecutor.executeTests(ConsoleTestExecutor.java:66)
	at org.junit.platform.console.tasks.ConsoleTestExecutor.lambda$execute$0(ConsoleTestExecutor.java:58)
	at org.junit.platform.console.tasks.CustomContextClassLoaderExecutor.replaceThreadContextClassLoaderAndInvoke(CustomContextClassLoaderExecutor.java:41)
	at org.junit.platform.console.tasks.CustomContextClassLoaderExecutor.invoke(CustomContextClassLoaderExecutor.java:31)
	at org.junit.platform.console.tasks.ConsoleTestExecutor.execute(ConsoleTestExecutor.java:58)
	at org.junit.platform.console.ConsoleLauncher.executeTests(ConsoleLauncher.java:95)
	at org.junit.platform.console.ConsoleLauncher.execute(ConsoleLauncher.java:73)
	at org.junit.platform.console.ConsoleLauncher.execute(ConsoleLauncher.java:50)
	at org.junit.platform.console.ConsoleLauncher.execute(ConsoleLauncher.java:43)
	at org.junit.platform.console.ConsoleLauncher.main(ConsoleLauncher.java:37)
]]></skipped>
<system-out><![CDATA[
unique-id: [engine:junit-jupiter]/[class:minebayd1.test.TestUser]/[test-template:testget(minebayd1.User, minebayd1.AdState, java.util.Optional, int)]/[test-template-invocation:#77]
display-name: [77] Boris a 63 annonces ouvertes, 2 annonces fermées et 3 achats 
, PURCHASE, Optional[BOOKS], 1
]]></system-out>
</testcase>
<testcase name="testget(User, AdState, Optional, int)[78]" classname="minebayd1.test.TestUser" time="0">
<system-out><![CDATA[
unique-id: [engine:junit-jupiter]/[class:minebayd1.test.TestUser]/[test-template:testget(minebayd1.User, minebayd1.AdState, java.util.Optional, int)]/[test-template-invocation:#78]
display-name: [78] Chanez a 57 annonces ouvertes, 2 annonces fermées et 1 achats 
, PURCHASE, Optional[COMPUTERS], 0
]]></system-out>
</testcase>
<testcase name="testget(User, AdState, Optional, int)[79]" classname="minebayd1.test.TestUser" time="0">
<skipped><![CDATA[org.opentest4j.TestAbortedException: Assumption failed: assumption is not true
	at org.junit.jupiter.api.Assumptions.throwTestAbortedException(Assumptions.java:256)
	at org.junit.jupiter.api.Assumptions.assumeTrue(Assumptions.java:115)
	at org.junit.jupiter.api.Assumptions.assumeTrue(Assumptions.java:66)
	at minebayd1.test.TestUser.testget(TestUser.java:961)
	at jdk.internal.reflect.GeneratedMethodAccessor6.invoke(Unknown Source)
	at java.base/jdk.internal.reflect.DelegatingMethodAccessorImpl.invoke(DelegatingMethodAccessorImpl.java:43)
	at java.base/java.lang.reflect.Method.invoke(Method.java:569)
	at org.junit.platform.commons.util.ReflectionUtils.invokeMethod(ReflectionUtils.java:688)
	at org.junit.jupiter.engine.execution.MethodInvocation.proceed(MethodInvocation.java:60)
	at org.junit.jupiter.engine.execution.InvocationInterceptorChain$ValidatingInvocation.proceed(InvocationInterceptorChain.java:131)
	at org.junit.jupiter.engine.extension.TimeoutExtension.intercept(TimeoutExtension.java:149)
	at org.junit.jupiter.engine.extension.TimeoutExtension.interceptTestableMethod(TimeoutExtension.java:140)
	at org.junit.jupiter.engine.extension.TimeoutExtension.interceptTestTemplateMethod(TimeoutExtension.java:92)
	at org.junit.jupiter.engine.execution.ExecutableInvoker$ReflectiveInterceptorCall.lambda$ofVoidMethod$0(ExecutableInvoker.java:115)
	at org.junit.jupiter.engine.execution.ExecutableInvoker.lambda$invoke$0(ExecutableInvoker.java:105)
	at org.junit.jupiter.engine.execution.InvocationInterceptorChain$InterceptedInvocation.proceed(InvocationInterceptorChain.java:106)
	at org.junit.jupiter.engine.execution.InvocationInterceptorChain.proceed(InvocationInterceptorChain.java:64)
	at org.junit.jupiter.engine.execution.InvocationInterceptorChain.chainAndInvoke(InvocationInterceptorChain.java:45)
	at org.junit.jupiter.engine.execution.InvocationInterceptorChain.invoke(InvocationInterceptorChain.java:37)
	at org.junit.jupiter.engine.execution.ExecutableInvoker.invoke(ExecutableInvoker.java:104)
	at org.junit.jupiter.engine.execution.ExecutableInvoker.invoke(ExecutableInvoker.java:98)
	at org.junit.jupiter.engine.descriptor.TestMethodTestDescriptor.lambda$invokeTestMethod$6(TestMethodTestDescriptor.java:210)
	at org.junit.platform.engine.support.hierarchical.ThrowableCollector.execute(ThrowableCollector.java:73)
	at org.junit.jupiter.engine.descriptor.TestMethodTestDescriptor.invokeTestMethod(TestMethodTestDescriptor.java:206)
	at org.junit.jupiter.engine.descriptor.TestMethodTestDescriptor.execute(TestMethodTestDescriptor.java:131)
	at org.junit.jupiter.engine.descriptor.TestMethodTestDescriptor.execute(TestMethodTestDescriptor.java:65)
	at org.junit.platform.engine.support.hierarchical.NodeTestTask.lambda$executeRecursively$5(NodeTestTask.java:139)
	at org.junit.platform.engine.support.hierarchical.ThrowableCollector.execute(ThrowableCollector.java:73)
	at org.junit.platform.engine.support.hierarchical.NodeTestTask.lambda$executeRecursively$7(NodeTestTask.java:129)
	at org.junit.platform.engine.support.hierarchical.Node.around(Node.java:137)
	at org.junit.platform.engine.support.hierarchical.NodeTestTask.lambda$executeRecursively$8(NodeTestTask.java:127)
	at org.junit.platform.engine.support.hierarchical.ThrowableCollector.execute(ThrowableCollector.java:73)
	at org.junit.platform.engine.support.hierarchical.NodeTestTask.executeRecursively(NodeTestTask.java:126)
	at org.junit.platform.engine.support.hierarchical.NodeTestTask.execute(NodeTestTask.java:84)
	at org.junit.platform.engine.support.hierarchical.SameThreadHierarchicalTestExecutorService.submit(SameThreadHierarchicalTestExecutorService.java:32)
	at org.junit.platform.engine.support.hierarchical.NodeTestTask$DefaultDynamicTestExecutor.execute(NodeTestTask.java:212)
	at org.junit.platform.engine.support.hierarchical.NodeTestTask$DefaultDynamicTestExecutor.execute(NodeTestTask.java:192)
	at org.junit.jupiter.engine.descriptor.TestTemplateTestDescriptor.execute(TestTemplateTestDescriptor.java:139)
	at org.junit.jupiter.engine.descriptor.TestTemplateTestDescriptor.lambda$execute$2(TestTemplateTestDescriptor.java:107)
	at java.base/java.util.stream.ForEachOps$ForEachOp$OfRef.accept(ForEachOps.java:183)
	at java.base/java.util.stream.ReferencePipeline$3$1.accept(ReferencePipeline.java:197)
	at java.base/java.util.stream.ReferencePipeline$2$1.accept(ReferencePipeline.java:179)
	at java.base/java.util.stream.ReferencePipeline$3$1.accept(ReferencePipeline.java:197)
	at java.base/java.util.stream.ForEachOps$ForEachOp$OfRef.accept(ForEachOps.java:183)
	at java.base/java.util.stream.ReferencePipeline$15$1.accept(ReferencePipeline.java:541)
	at java.base/java.util.stream.ReferencePipeline$3$1.accept(ReferencePipeline.java:197)
	at java.base/java.util.stream.ReferencePipeline$3$1.accept(ReferencePipeline.java:197)
	at java.base/java.util.stream.ReferencePipeline$3$1.accept(ReferencePipeline.java:197)
	at java.base/java.util.stream.ForEachOps$ForEachOp$OfRef.accept(ForEachOps.java:183)
	at java.base/java.util.stream.ReferencePipeline$3$1.accept(ReferencePipeline.java:197)
	at java.base/java.util.stream.ForEachOps$ForEachOp$OfRef.accept(ForEachOps.java:183)
	at java.base/java.util.stream.SliceOps$1$1.accept(SliceOps.java:200)
	at java.base/java.util.stream.StreamSpliterators$InfiniteSupplyingSpliterator$OfRef.tryAdvance(StreamSpliterators.java:1358)
	at java.base/java.util.stream.ReferencePipeline.forEachWithCancel(ReferencePipeline.java:129)
	at java.base/java.util.stream.AbstractPipeline.copyIntoWithCancel(AbstractPipeline.java:527)
	at java.base/java.util.stream.AbstractPipeline.copyInto(AbstractPipeline.java:513)
	at java.base/java.util.stream.AbstractPipeline.wrapAndCopyInto(AbstractPipeline.java:499)
	at java.base/java.util.stream.ForEachOps$ForEachOp.evaluateSequential(ForEachOps.java:150)
	at java.base/java.util.stream.ForEachOps$ForEachOp$OfRef.evaluateSequential(ForEachOps.java:173)
	at java.base/java.util.stream.AbstractPipeline.evaluate(AbstractPipeline.java:234)
	at java.base/java.util.stream.ReferencePipeline.forEach(ReferencePipeline.java:596)
	at java.base/java.util.stream.ReferencePipeline$7$1.accept(ReferencePipeline.java:276)
	at java.base/java.util.stream.ReferencePipeline$3$1.accept(ReferencePipeline.java:197)
	at java.base/java.util.stream.ReferencePipeline$3$1.accept(ReferencePipeline.java:197)
	at java.base/java.util.Spliterators$ArraySpliterator.forEachRemaining(Spliterators.java:992)
	at java.base/java.util.stream.AbstractPipeline.copyInto(AbstractPipeline.java:509)
	at java.base/java.util.stream.AbstractPipeline.wrapAndCopyInto(AbstractPipeline.java:499)
	at java.base/java.util.stream.ForEachOps$ForEachOp.evaluateSequential(ForEachOps.java:150)
	at java.base/java.util.stream.ForEachOps$ForEachOp$OfRef.evaluateSequential(ForEachOps.java:173)
	at java.base/java.util.stream.AbstractPipeline.evaluate(AbstractPipeline.java:234)
	at java.base/java.util.stream.ReferencePipeline.forEach(ReferencePipeline.java:596)
	at java.base/java.util.stream.ReferencePipeline$7$1.accept(ReferencePipeline.java:276)
	at java.base/java.util.stream.ReferencePipeline$3$1.accept(ReferencePipeline.java:197)
	at java.base/java.util.stream.ReferencePipeline$3$1.accept(ReferencePipeline.java:197)
	at java.base/java.util.stream.ReferencePipeline$3$1.accept(ReferencePipeline.java:197)
	at java.base/java.util.ArrayList$ArrayListSpliterator.forEachRemaining(ArrayList.java:1625)
	at java.base/java.util.stream.AbstractPipeline.copyInto(AbstractPipeline.java:509)
	at java.base/java.util.stream.AbstractPipeline.wrapAndCopyInto(AbstractPipeline.java:499)
	at java.base/java.util.stream.ForEachOps$ForEachOp.evaluateSequential(ForEachOps.java:150)
	at java.base/java.util.stream.ForEachOps$ForEachOp$OfRef.evaluateSequential(ForEachOps.java:173)
	at java.base/java.util.stream.AbstractPipeline.evaluate(AbstractPipeline.java:234)
	at java.base/java.util.stream.ReferencePipeline.forEach(ReferencePipeline.java:596)
	at java.base/java.util.stream.ReferencePipeline$7$1.accept(ReferencePipeline.java:276)
	at java.base/java.util.ArrayList$ArrayListSpliterator.forEachRemaining(ArrayList.java:1625)
	at java.base/java.util.stream.AbstractPipeline.copyInto(AbstractPipeline.java:509)
	at java.base/java.util.stream.AbstractPipeline.wrapAndCopyInto(AbstractPipeline.java:499)
	at java.base/java.util.stream.ForEachOps$ForEachOp.evaluateSequential(ForEachOps.java:150)
	at java.base/java.util.stream.ForEachOps$ForEachOp$OfRef.evaluateSequential(ForEachOps.java:173)
	at java.base/java.util.stream.AbstractPipeline.evaluate(AbstractPipeline.java:234)
	at java.base/java.util.stream.ReferencePipeline.forEach(ReferencePipeline.java:596)
	at org.junit.jupiter.engine.descriptor.TestTemplateTestDescriptor.execute(TestTemplateTestDescriptor.java:107)
	at org.junit.jupiter.engine.descriptor.TestTemplateTestDescriptor.execute(TestTemplateTestDescriptor.java:42)
	at org.junit.platform.engine.support.hierarchical.NodeTestTask.lambda$executeRecursively$5(NodeTestTask.java:139)
	at org.junit.platform.engine.support.hierarchical.ThrowableCollector.execute(ThrowableCollector.java:73)
	at org.junit.platform.engine.support.hierarchical.NodeTestTask.lambda$executeRecursively$7(NodeTestTask.java:129)
	at org.junit.platform.engine.support.hierarchical.Node.around(Node.java:137)
	at org.junit.platform.engine.support.hierarchical.NodeTestTask.lambda$executeRecursively$8(NodeTestTask.java:127)
	at org.junit.platform.engine.support.hierarchical.ThrowableCollector.execute(ThrowableCollector.java:73)
	at org.junit.platform.engine.support.hierarchical.NodeTestTask.executeRecursively(NodeTestTask.java:126)
	at org.junit.platform.engine.support.hierarchical.NodeTestTask.execute(NodeTestTask.java:84)
	at java.base/java.util.ArrayList.forEach(ArrayList.java:1511)
	at org.junit.platform.engine.support.hierarchical.SameThreadHierarchicalTestExecutorService.invokeAll(SameThreadHierarchicalTestExecutorService.java:38)
	at org.junit.platform.engine.support.hierarchical.NodeTestTask.lambda$executeRecursively$5(NodeTestTask.java:143)
	at org.junit.platform.engine.support.hierarchical.ThrowableCollector.execute(ThrowableCollector.java:73)
	at org.junit.platform.engine.support.hierarchical.NodeTestTask.lambda$executeRecursively$7(NodeTestTask.java:129)
	at org.junit.platform.engine.support.hierarchical.Node.around(Node.java:137)
	at org.junit.platform.engine.support.hierarchical.NodeTestTask.lambda$executeRecursively$8(NodeTestTask.java:127)
	at org.junit.platform.engine.support.hierarchical.ThrowableCollector.execute(ThrowableCollector.java:73)
	at org.junit.platform.engine.support.hierarchical.NodeTestTask.executeRecursively(NodeTestTask.java:126)
	at org.junit.platform.engine.support.hierarchical.NodeTestTask.execute(NodeTestTask.java:84)
	at java.base/java.util.ArrayList.forEach(ArrayList.java:1511)
	at org.junit.platform.engine.support.hierarchical.SameThreadHierarchicalTestExecutorService.invokeAll(SameThreadHierarchicalTestExecutorService.java:38)
	at org.junit.platform.engine.support.hierarchical.NodeTestTask.lambda$executeRecursively$5(NodeTestTask.java:143)
	at org.junit.platform.engine.support.hierarchical.ThrowableCollector.execute(ThrowableCollector.java:73)
	at org.junit.platform.engine.support.hierarchical.NodeTestTask.lambda$executeRecursively$7(NodeTestTask.java:129)
	at org.junit.platform.engine.support.hierarchical.Node.around(Node.java:137)
	at org.junit.platform.engine.support.hierarchical.NodeTestTask.lambda$executeRecursively$8(NodeTestTask.java:127)
	at org.junit.platform.engine.support.hierarchical.ThrowableCollector.execute(ThrowableCollector.java:73)
	at org.junit.platform.engine.support.hierarchical.NodeTestTask.executeRecursively(NodeTestTask.java:126)
	at org.junit.platform.engine.support.hierarchical.NodeTestTask.execute(NodeTestTask.java:84)
	at org.junit.platform.engine.support.hierarchical.SameThreadHierarchicalTestExecutorService.submit(SameThreadHierarchicalTestExecutorService.java:32)
	at org.junit.platform.engine.support.hierarchical.HierarchicalTestExecutor.execute(HierarchicalTestExecutor.java:57)
	at org.junit.platform.engine.support.hierarchical.HierarchicalTestEngine.execute(HierarchicalTestEngine.java:51)
	at org.junit.platform.launcher.core.EngineExecutionOrchestrator.execute(EngineExecutionOrchestrator.java:108)
	at org.junit.platform.launcher.core.EngineExecutionOrchestrator.execute(EngineExecutionOrchestrator.java:88)
	at org.junit.platform.launcher.core.EngineExecutionOrchestrator.lambda$execute$0(EngineExecutionOrchestrator.java:54)
	at org.junit.platform.launcher.core.EngineExecutionOrchestrator.withInterceptedStreams(EngineExecutionOrchestrator.java:67)
	at org.junit.platform.launcher.core.EngineExecutionOrchestrator.execute(EngineExecutionOrchestrator.java:52)
	at org.junit.platform.launcher.core.DefaultLauncher.execute(DefaultLauncher.java:96)
	at org.junit.platform.launcher.core.DefaultLauncher.execute(DefaultLauncher.java:75)
	at org.junit.platform.console.tasks.ConsoleTestExecutor.executeTests(ConsoleTestExecutor.java:66)
	at org.junit.platform.console.tasks.ConsoleTestExecutor.lambda$execute$0(ConsoleTestExecutor.java:58)
	at org.junit.platform.console.tasks.CustomContextClassLoaderExecutor.replaceThreadContextClassLoaderAndInvoke(CustomContextClassLoaderExecutor.java:41)
	at org.junit.platform.console.tasks.CustomContextClassLoaderExecutor.invoke(CustomContextClassLoaderExecutor.java:31)
	at org.junit.platform.console.tasks.ConsoleTestExecutor.execute(ConsoleTestExecutor.java:58)
	at org.junit.platform.console.ConsoleLauncher.executeTests(ConsoleLauncher.java:95)
	at org.junit.platform.console.ConsoleLauncher.execute(ConsoleLauncher.java:73)
	at org.junit.platform.console.ConsoleLauncher.execute(ConsoleLauncher.java:50)
	at org.junit.platform.console.ConsoleLauncher.execute(ConsoleLauncher.java:43)
	at org.junit.platform.console.ConsoleLauncher.main(ConsoleLauncher.java:37)
]]></skipped>
<system-out><![CDATA[
unique-id: [engine:junit-jupiter]/[class:minebayd1.test.TestUser]/[test-template:testget(minebayd1.User, minebayd1.AdState, java.util.Optional, int)]/[test-template-invocation:#79]
display-name: [79] Marc a 55 annonces ouvertes, 1 annonces fermées et 2 achats 
, CLOSED, Optional[GAMES], 0
]]></system-out>
</testcase>
<testcase name="testget(User, AdState, Optional, int)[80]" classname="minebayd1.test.TestUser" time="0">
<system-out><![CDATA[
unique-id: [engine:junit-jupiter]/[class:minebayd1.test.TestUser]/[test-template:testget(minebayd1.User, minebayd1.AdState, java.util.Optional, int)]/[test-template-invocation:#80]
display-name: [80] Sonia a 47 annonces ouvertes, 2 annonces fermées et 2 achats 
, OPEN, Optional[GAMES], 3
]]></system-out>
</testcase>
<testcase name="testget(User, AdState, Optional, int)[81]" classname="minebayd1.test.TestUser" time="0">
<skipped><![CDATA[org.opentest4j.TestAbortedException: Assumption failed: assumption is not true
	at org.junit.jupiter.api.Assumptions.throwTestAbortedException(Assumptions.java:256)
	at org.junit.jupiter.api.Assumptions.assumeTrue(Assumptions.java:115)
	at org.junit.jupiter.api.Assumptions.assumeTrue(Assumptions.java:66)
	at minebayd1.test.TestUser.testget(TestUser.java:961)
	at jdk.internal.reflect.GeneratedMethodAccessor6.invoke(Unknown Source)
	at java.base/jdk.internal.reflect.DelegatingMethodAccessorImpl.invoke(DelegatingMethodAccessorImpl.java:43)
	at java.base/java.lang.reflect.Method.invoke(Method.java:569)
	at org.junit.platform.commons.util.ReflectionUtils.invokeMethod(ReflectionUtils.java:688)
	at org.junit.jupiter.engine.execution.MethodInvocation.proceed(MethodInvocation.java:60)
	at org.junit.jupiter.engine.execution.InvocationInterceptorChain$ValidatingInvocation.proceed(InvocationInterceptorChain.java:131)
	at org.junit.jupiter.engine.extension.TimeoutExtension.intercept(TimeoutExtension.java:149)
	at org.junit.jupiter.engine.extension.TimeoutExtension.interceptTestableMethod(TimeoutExtension.java:140)
	at org.junit.jupiter.engine.extension.TimeoutExtension.interceptTestTemplateMethod(TimeoutExtension.java:92)
	at org.junit.jupiter.engine.execution.ExecutableInvoker$ReflectiveInterceptorCall.lambda$ofVoidMethod$0(ExecutableInvoker.java:115)
	at org.junit.jupiter.engine.execution.ExecutableInvoker.lambda$invoke$0(ExecutableInvoker.java:105)
	at org.junit.jupiter.engine.execution.InvocationInterceptorChain$InterceptedInvocation.proceed(InvocationInterceptorChain.java:106)
	at org.junit.jupiter.engine.execution.InvocationInterceptorChain.proceed(InvocationInterceptorChain.java:64)
	at org.junit.jupiter.engine.execution.InvocationInterceptorChain.chainAndInvoke(InvocationInterceptorChain.java:45)
	at org.junit.jupiter.engine.execution.InvocationInterceptorChain.invoke(InvocationInterceptorChain.java:37)
	at org.junit.jupiter.engine.execution.ExecutableInvoker.invoke(ExecutableInvoker.java:104)
	at org.junit.jupiter.engine.execution.ExecutableInvoker.invoke(ExecutableInvoker.java:98)
	at org.junit.jupiter.engine.descriptor.TestMethodTestDescriptor.lambda$invokeTestMethod$6(TestMethodTestDescriptor.java:210)
	at org.junit.platform.engine.support.hierarchical.ThrowableCollector.execute(ThrowableCollector.java:73)
	at org.junit.jupiter.engine.descriptor.TestMethodTestDescriptor.invokeTestMethod(TestMethodTestDescriptor.java:206)
	at org.junit.jupiter.engine.descriptor.TestMethodTestDescriptor.execute(TestMethodTestDescriptor.java:131)
	at org.junit.jupiter.engine.descriptor.TestMethodTestDescriptor.execute(TestMethodTestDescriptor.java:65)
	at org.junit.platform.engine.support.hierarchical.NodeTestTask.lambda$executeRecursively$5(NodeTestTask.java:139)
	at org.junit.platform.engine.support.hierarchical.ThrowableCollector.execute(ThrowableCollector.java:73)
	at org.junit.platform.engine.support.hierarchical.NodeTestTask.lambda$executeRecursively$7(NodeTestTask.java:129)
	at org.junit.platform.engine.support.hierarchical.Node.around(Node.java:137)
	at org.junit.platform.engine.support.hierarchical.NodeTestTask.lambda$executeRecursively$8(NodeTestTask.java:127)
	at org.junit.platform.engine.support.hierarchical.ThrowableCollector.execute(ThrowableCollector.java:73)
	at org.junit.platform.engine.support.hierarchical.NodeTestTask.executeRecursively(NodeTestTask.java:126)
	at org.junit.platform.engine.support.hierarchical.NodeTestTask.execute(NodeTestTask.java:84)
	at org.junit.platform.engine.support.hierarchical.SameThreadHierarchicalTestExecutorService.submit(SameThreadHierarchicalTestExecutorService.java:32)
	at org.junit.platform.engine.support.hierarchical.NodeTestTask$DefaultDynamicTestExecutor.execute(NodeTestTask.java:212)
	at org.junit.platform.engine.support.hierarchical.NodeTestTask$DefaultDynamicTestExecutor.execute(NodeTestTask.java:192)
	at org.junit.jupiter.engine.descriptor.TestTemplateTestDescriptor.execute(TestTemplateTestDescriptor.java:139)
	at org.junit.jupiter.engine.descriptor.TestTemplateTestDescriptor.lambda$execute$2(TestTemplateTestDescriptor.java:107)
	at java.base/java.util.stream.ForEachOps$ForEachOp$OfRef.accept(ForEachOps.java:183)
	at java.base/java.util.stream.ReferencePipeline$3$1.accept(ReferencePipeline.java:197)
	at java.base/java.util.stream.ReferencePipeline$2$1.accept(ReferencePipeline.java:179)
	at java.base/java.util.stream.ReferencePipeline$3$1.accept(ReferencePipeline.java:197)
	at java.base/java.util.stream.ForEachOps$ForEachOp$OfRef.accept(ForEachOps.java:183)
	at java.base/java.util.stream.ReferencePipeline$15$1.accept(ReferencePipeline.java:541)
	at java.base/java.util.stream.ReferencePipeline$3$1.accept(ReferencePipeline.java:197)
	at java.base/java.util.stream.ReferencePipeline$3$1.accept(ReferencePipeline.java:197)
	at java.base/java.util.stream.ReferencePipeline$3$1.accept(ReferencePipeline.java:197)
	at java.base/java.util.stream.ForEachOps$ForEachOp$OfRef.accept(ForEachOps.java:183)
	at java.base/java.util.stream.ReferencePipeline$3$1.accept(ReferencePipeline.java:197)
	at java.base/java.util.stream.ForEachOps$ForEachOp$OfRef.accept(ForEachOps.java:183)
	at java.base/java.util.stream.SliceOps$1$1.accept(SliceOps.java:200)
	at java.base/java.util.stream.StreamSpliterators$InfiniteSupplyingSpliterator$OfRef.tryAdvance(StreamSpliterators.java:1358)
	at java.base/java.util.stream.ReferencePipeline.forEachWithCancel(ReferencePipeline.java:129)
	at java.base/java.util.stream.AbstractPipeline.copyIntoWithCancel(AbstractPipeline.java:527)
	at java.base/java.util.stream.AbstractPipeline.copyInto(AbstractPipeline.java:513)
	at java.base/java.util.stream.AbstractPipeline.wrapAndCopyInto(AbstractPipeline.java:499)
	at java.base/java.util.stream.ForEachOps$ForEachOp.evaluateSequential(ForEachOps.java:150)
	at java.base/java.util.stream.ForEachOps$ForEachOp$OfRef.evaluateSequential(ForEachOps.java:173)
	at java.base/java.util.stream.AbstractPipeline.evaluate(AbstractPipeline.java:234)
	at java.base/java.util.stream.ReferencePipeline.forEach(ReferencePipeline.java:596)
	at java.base/java.util.stream.ReferencePipeline$7$1.accept(ReferencePipeline.java:276)
	at java.base/java.util.stream.ReferencePipeline$3$1.accept(ReferencePipeline.java:197)
	at java.base/java.util.stream.ReferencePipeline$3$1.accept(ReferencePipeline.java:197)
	at java.base/java.util.Spliterators$ArraySpliterator.forEachRemaining(Spliterators.java:992)
	at java.base/java.util.stream.AbstractPipeline.copyInto(AbstractPipeline.java:509)
	at java.base/java.util.stream.AbstractPipeline.wrapAndCopyInto(AbstractPipeline.java:499)
	at java.base/java.util.stream.ForEachOps$ForEachOp.evaluateSequential(ForEachOps.java:150)
	at java.base/java.util.stream.ForEachOps$ForEachOp$OfRef.evaluateSequential(ForEachOps.java:173)
	at java.base/java.util.stream.AbstractPipeline.evaluate(AbstractPipeline.java:234)
	at java.base/java.util.stream.ReferencePipeline.forEach(ReferencePipeline.java:596)
	at java.base/java.util.stream.ReferencePipeline$7$1.accept(ReferencePipeline.java:276)
	at java.base/java.util.stream.ReferencePipeline$3$1.accept(ReferencePipeline.java:197)
	at java.base/java.util.stream.ReferencePipeline$3$1.accept(ReferencePipeline.java:197)
	at java.base/java.util.stream.ReferencePipeline$3$1.accept(ReferencePipeline.java:197)
	at java.base/java.util.ArrayList$ArrayListSpliterator.forEachRemaining(ArrayList.java:1625)
	at java.base/java.util.stream.AbstractPipeline.copyInto(AbstractPipeline.java:509)
	at java.base/java.util.stream.AbstractPipeline.wrapAndCopyInto(AbstractPipeline.java:499)
	at java.base/java.util.stream.ForEachOps$ForEachOp.evaluateSequential(ForEachOps.java:150)
	at java.base/java.util.stream.ForEachOps$ForEachOp$OfRef.evaluateSequential(ForEachOps.java:173)
	at java.base/java.util.stream.AbstractPipeline.evaluate(AbstractPipeline.java:234)
	at java.base/java.util.stream.ReferencePipeline.forEach(ReferencePipeline.java:596)
	at java.base/java.util.stream.ReferencePipeline$7$1.accept(ReferencePipeline.java:276)
	at java.base/java.util.ArrayList$ArrayListSpliterator.forEachRemaining(ArrayList.java:1625)
	at java.base/java.util.stream.AbstractPipeline.copyInto(AbstractPipeline.java:509)
	at java.base/java.util.stream.AbstractPipeline.wrapAndCopyInto(AbstractPipeline.java:499)
	at java.base/java.util.stream.ForEachOps$ForEachOp.evaluateSequential(ForEachOps.java:150)
	at java.base/java.util.stream.ForEachOps$ForEachOp$OfRef.evaluateSequential(ForEachOps.java:173)
	at java.base/java.util.stream.AbstractPipeline.evaluate(AbstractPipeline.java:234)
	at java.base/java.util.stream.ReferencePipeline.forEach(ReferencePipeline.java:596)
	at org.junit.jupiter.engine.descriptor.TestTemplateTestDescriptor.execute(TestTemplateTestDescriptor.java:107)
	at org.junit.jupiter.engine.descriptor.TestTemplateTestDescriptor.execute(TestTemplateTestDescriptor.java:42)
	at org.junit.platform.engine.support.hierarchical.NodeTestTask.lambda$executeRecursively$5(NodeTestTask.java:139)
	at org.junit.platform.engine.support.hierarchical.ThrowableCollector.execute(ThrowableCollector.java:73)
	at org.junit.platform.engine.support.hierarchical.NodeTestTask.lambda$executeRecursively$7(NodeTestTask.java:129)
	at org.junit.platform.engine.support.hierarchical.Node.around(Node.java:137)
	at org.junit.platform.engine.support.hierarchical.NodeTestTask.lambda$executeRecursively$8(NodeTestTask.java:127)
	at org.junit.platform.engine.support.hierarchical.ThrowableCollector.execute(ThrowableCollector.java:73)
	at org.junit.platform.engine.support.hierarchical.NodeTestTask.executeRecursively(NodeTestTask.java:126)
	at org.junit.platform.engine.support.hierarchical.NodeTestTask.execute(NodeTestTask.java:84)
	at java.base/java.util.ArrayList.forEach(ArrayList.java:1511)
	at org.junit.platform.engine.support.hierarchical.SameThreadHierarchicalTestExecutorService.invokeAll(SameThreadHierarchicalTestExecutorService.java:38)
	at org.junit.platform.engine.support.hierarchical.NodeTestTask.lambda$executeRecursively$5(NodeTestTask.java:143)
	at org.junit.platform.engine.support.hierarchical.ThrowableCollector.execute(ThrowableCollector.java:73)
	at org.junit.platform.engine.support.hierarchical.NodeTestTask.lambda$executeRecursively$7(NodeTestTask.java:129)
	at org.junit.platform.engine.support.hierarchical.Node.around(Node.java:137)
	at org.junit.platform.engine.support.hierarchical.NodeTestTask.lambda$executeRecursively$8(NodeTestTask.java:127)
	at org.junit.platform.engine.support.hierarchical.ThrowableCollector.execute(ThrowableCollector.java:73)
	at org.junit.platform.engine.support.hierarchical.NodeTestTask.executeRecursively(NodeTestTask.java:126)
	at org.junit.platform.engine.support.hierarchical.NodeTestTask.execute(NodeTestTask.java:84)
	at java.base/java.util.ArrayList.forEach(ArrayList.java:1511)
	at org.junit.platform.engine.support.hierarchical.SameThreadHierarchicalTestExecutorService.invokeAll(SameThreadHierarchicalTestExecutorService.java:38)
	at org.junit.platform.engine.support.hierarchical.NodeTestTask.lambda$executeRecursively$5(NodeTestTask.java:143)
	at org.junit.platform.engine.support.hierarchical.ThrowableCollector.execute(ThrowableCollector.java:73)
	at org.junit.platform.engine.support.hierarchical.NodeTestTask.lambda$executeRecursively$7(NodeTestTask.java:129)
	at org.junit.platform.engine.support.hierarchical.Node.around(Node.java:137)
	at org.junit.platform.engine.support.hierarchical.NodeTestTask.lambda$executeRecursively$8(NodeTestTask.java:127)
	at org.junit.platform.engine.support.hierarchical.ThrowableCollector.execute(ThrowableCollector.java:73)
	at org.junit.platform.engine.support.hierarchical.NodeTestTask.executeRecursively(NodeTestTask.java:126)
	at org.junit.platform.engine.support.hierarchical.NodeTestTask.execute(NodeTestTask.java:84)
	at org.junit.platform.engine.support.hierarchical.SameThreadHierarchicalTestExecutorService.submit(SameThreadHierarchicalTestExecutorService.java:32)
	at org.junit.platform.engine.support.hierarchical.HierarchicalTestExecutor.execute(HierarchicalTestExecutor.java:57)
	at org.junit.platform.engine.support.hierarchical.HierarchicalTestEngine.execute(HierarchicalTestEngine.java:51)
	at org.junit.platform.launcher.core.EngineExecutionOrchestrator.execute(EngineExecutionOrchestrator.java:108)
	at org.junit.platform.launcher.core.EngineExecutionOrchestrator.execute(EngineExecutionOrchestrator.java:88)
	at org.junit.platform.launcher.core.EngineExecutionOrchestrator.lambda$execute$0(EngineExecutionOrchestrator.java:54)
	at org.junit.platform.launcher.core.EngineExecutionOrchestrator.withInterceptedStreams(EngineExecutionOrchestrator.java:67)
	at org.junit.platform.launcher.core.EngineExecutionOrchestrator.execute(EngineExecutionOrchestrator.java:52)
	at org.junit.platform.launcher.core.DefaultLauncher.execute(DefaultLauncher.java:96)
	at org.junit.platform.launcher.core.DefaultLauncher.execute(DefaultLauncher.java:75)
	at org.junit.platform.console.tasks.ConsoleTestExecutor.executeTests(ConsoleTestExecutor.java:66)
	at org.junit.platform.console.tasks.ConsoleTestExecutor.lambda$execute$0(ConsoleTestExecutor.java:58)
	at org.junit.platform.console.tasks.CustomContextClassLoaderExecutor.replaceThreadContextClassLoaderAndInvoke(CustomContextClassLoaderExecutor.java:41)
	at org.junit.platform.console.tasks.CustomContextClassLoaderExecutor.invoke(CustomContextClassLoaderExecutor.java:31)
	at org.junit.platform.console.tasks.ConsoleTestExecutor.execute(ConsoleTestExecutor.java:58)
	at org.junit.platform.console.ConsoleLauncher.executeTests(ConsoleLauncher.java:95)
	at org.junit.platform.console.ConsoleLauncher.execute(ConsoleLauncher.java:73)
	at org.junit.platform.console.ConsoleLauncher.execute(ConsoleLauncher.java:50)
	at org.junit.platform.console.ConsoleLauncher.execute(ConsoleLauncher.java:43)
	at org.junit.platform.console.ConsoleLauncher.main(ConsoleLauncher.java:37)
]]></skipped>
<system-out><![CDATA[
unique-id: [engine:junit-jupiter]/[class:minebayd1.test.TestUser]/[test-template:testget(minebayd1.User, minebayd1.AdState, java.util.Optional, int)]/[test-template-invocation:#81]
display-name: [81] Yanis a 61 annonces ouvertes, 4 annonces fermées et 3 achats 
, CLOSED, Optional[BOOKS], 0
]]></system-out>
</testcase>
<testcase name="testget(User, AdState, Optional, int)[82]" classname="minebayd1.test.TestUser" time="0">
<skipped><![CDATA[org.opentest4j.TestAbortedException: Assumption failed: assumption is not true
	at org.junit.jupiter.api.Assumptions.throwTestAbortedException(Assumptions.java:256)
	at org.junit.jupiter.api.Assumptions.assumeTrue(Assumptions.java:115)
	at org.junit.jupiter.api.Assumptions.assumeTrue(Assumptions.java:66)
	at minebayd1.test.TestUser.testget(TestUser.java:961)
	at jdk.internal.reflect.GeneratedMethodAccessor6.invoke(Unknown Source)
	at java.base/jdk.internal.reflect.DelegatingMethodAccessorImpl.invoke(DelegatingMethodAccessorImpl.java:43)
	at java.base/java.lang.reflect.Method.invoke(Method.java:569)
	at org.junit.platform.commons.util.ReflectionUtils.invokeMethod(ReflectionUtils.java:688)
	at org.junit.jupiter.engine.execution.MethodInvocation.proceed(MethodInvocation.java:60)
	at org.junit.jupiter.engine.execution.InvocationInterceptorChain$ValidatingInvocation.proceed(InvocationInterceptorChain.java:131)
	at org.junit.jupiter.engine.extension.TimeoutExtension.intercept(TimeoutExtension.java:149)
	at org.junit.jupiter.engine.extension.TimeoutExtension.interceptTestableMethod(TimeoutExtension.java:140)
	at org.junit.jupiter.engine.extension.TimeoutExtension.interceptTestTemplateMethod(TimeoutExtension.java:92)
	at org.junit.jupiter.engine.execution.ExecutableInvoker$ReflectiveInterceptorCall.lambda$ofVoidMethod$0(ExecutableInvoker.java:115)
	at org.junit.jupiter.engine.execution.ExecutableInvoker.lambda$invoke$0(ExecutableInvoker.java:105)
	at org.junit.jupiter.engine.execution.InvocationInterceptorChain$InterceptedInvocation.proceed(InvocationInterceptorChain.java:106)
	at org.junit.jupiter.engine.execution.InvocationInterceptorChain.proceed(InvocationInterceptorChain.java:64)
	at org.junit.jupiter.engine.execution.InvocationInterceptorChain.chainAndInvoke(InvocationInterceptorChain.java:45)
	at org.junit.jupiter.engine.execution.InvocationInterceptorChain.invoke(InvocationInterceptorChain.java:37)
	at org.junit.jupiter.engine.execution.ExecutableInvoker.invoke(ExecutableInvoker.java:104)
	at org.junit.jupiter.engine.execution.ExecutableInvoker.invoke(ExecutableInvoker.java:98)
	at org.junit.jupiter.engine.descriptor.TestMethodTestDescriptor.lambda$invokeTestMethod$6(TestMethodTestDescriptor.java:210)
	at org.junit.platform.engine.support.hierarchical.ThrowableCollector.execute(ThrowableCollector.java:73)
	at org.junit.jupiter.engine.descriptor.TestMethodTestDescriptor.invokeTestMethod(TestMethodTestDescriptor.java:206)
	at org.junit.jupiter.engine.descriptor.TestMethodTestDescriptor.execute(TestMethodTestDescriptor.java:131)
	at org.junit.jupiter.engine.descriptor.TestMethodTestDescriptor.execute(TestMethodTestDescriptor.java:65)
	at org.junit.platform.engine.support.hierarchical.NodeTestTask.lambda$executeRecursively$5(NodeTestTask.java:139)
	at org.junit.platform.engine.support.hierarchical.ThrowableCollector.execute(ThrowableCollector.java:73)
	at org.junit.platform.engine.support.hierarchical.NodeTestTask.lambda$executeRecursively$7(NodeTestTask.java:129)
	at org.junit.platform.engine.support.hierarchical.Node.around(Node.java:137)
	at org.junit.platform.engine.support.hierarchical.NodeTestTask.lambda$executeRecursively$8(NodeTestTask.java:127)
	at org.junit.platform.engine.support.hierarchical.ThrowableCollector.execute(ThrowableCollector.java:73)
	at org.junit.platform.engine.support.hierarchical.NodeTestTask.executeRecursively(NodeTestTask.java:126)
	at org.junit.platform.engine.support.hierarchical.NodeTestTask.execute(NodeTestTask.java:84)
	at org.junit.platform.engine.support.hierarchical.SameThreadHierarchicalTestExecutorService.submit(SameThreadHierarchicalTestExecutorService.java:32)
	at org.junit.platform.engine.support.hierarchical.NodeTestTask$DefaultDynamicTestExecutor.execute(NodeTestTask.java:212)
	at org.junit.platform.engine.support.hierarchical.NodeTestTask$DefaultDynamicTestExecutor.execute(NodeTestTask.java:192)
	at org.junit.jupiter.engine.descriptor.TestTemplateTestDescriptor.execute(TestTemplateTestDescriptor.java:139)
	at org.junit.jupiter.engine.descriptor.TestTemplateTestDescriptor.lambda$execute$2(TestTemplateTestDescriptor.java:107)
	at java.base/java.util.stream.ForEachOps$ForEachOp$OfRef.accept(ForEachOps.java:183)
	at java.base/java.util.stream.ReferencePipeline$3$1.accept(ReferencePipeline.java:197)
	at java.base/java.util.stream.ReferencePipeline$2$1.accept(ReferencePipeline.java:179)
	at java.base/java.util.stream.ReferencePipeline$3$1.accept(ReferencePipeline.java:197)
	at java.base/java.util.stream.ForEachOps$ForEachOp$OfRef.accept(ForEachOps.java:183)
	at java.base/java.util.stream.ReferencePipeline$15$1.accept(ReferencePipeline.java:541)
	at java.base/java.util.stream.ReferencePipeline$3$1.accept(ReferencePipeline.java:197)
	at java.base/java.util.stream.ReferencePipeline$3$1.accept(ReferencePipeline.java:197)
	at java.base/java.util.stream.ReferencePipeline$3$1.accept(ReferencePipeline.java:197)
	at java.base/java.util.stream.ForEachOps$ForEachOp$OfRef.accept(ForEachOps.java:183)
	at java.base/java.util.stream.ReferencePipeline$3$1.accept(ReferencePipeline.java:197)
	at java.base/java.util.stream.ForEachOps$ForEachOp$OfRef.accept(ForEachOps.java:183)
	at java.base/java.util.stream.SliceOps$1$1.accept(SliceOps.java:200)
	at java.base/java.util.stream.StreamSpliterators$InfiniteSupplyingSpliterator$OfRef.tryAdvance(StreamSpliterators.java:1358)
	at java.base/java.util.stream.ReferencePipeline.forEachWithCancel(ReferencePipeline.java:129)
	at java.base/java.util.stream.AbstractPipeline.copyIntoWithCancel(AbstractPipeline.java:527)
	at java.base/java.util.stream.AbstractPipeline.copyInto(AbstractPipeline.java:513)
	at java.base/java.util.stream.AbstractPipeline.wrapAndCopyInto(AbstractPipeline.java:499)
	at java.base/java.util.stream.ForEachOps$ForEachOp.evaluateSequential(ForEachOps.java:150)
	at java.base/java.util.stream.ForEachOps$ForEachOp$OfRef.evaluateSequential(ForEachOps.java:173)
	at java.base/java.util.stream.AbstractPipeline.evaluate(AbstractPipeline.java:234)
	at java.base/java.util.stream.ReferencePipeline.forEach(ReferencePipeline.java:596)
	at java.base/java.util.stream.ReferencePipeline$7$1.accept(ReferencePipeline.java:276)
	at java.base/java.util.stream.ReferencePipeline$3$1.accept(ReferencePipeline.java:197)
	at java.base/java.util.stream.ReferencePipeline$3$1.accept(ReferencePipeline.java:197)
	at java.base/java.util.Spliterators$ArraySpliterator.forEachRemaining(Spliterators.java:992)
	at java.base/java.util.stream.AbstractPipeline.copyInto(AbstractPipeline.java:509)
	at java.base/java.util.stream.AbstractPipeline.wrapAndCopyInto(AbstractPipeline.java:499)
	at java.base/java.util.stream.ForEachOps$ForEachOp.evaluateSequential(ForEachOps.java:150)
	at java.base/java.util.stream.ForEachOps$ForEachOp$OfRef.evaluateSequential(ForEachOps.java:173)
	at java.base/java.util.stream.AbstractPipeline.evaluate(AbstractPipeline.java:234)
	at java.base/java.util.stream.ReferencePipeline.forEach(ReferencePipeline.java:596)
	at java.base/java.util.stream.ReferencePipeline$7$1.accept(ReferencePipeline.java:276)
	at java.base/java.util.stream.ReferencePipeline$3$1.accept(ReferencePipeline.java:197)
	at java.base/java.util.stream.ReferencePipeline$3$1.accept(ReferencePipeline.java:197)
	at java.base/java.util.stream.ReferencePipeline$3$1.accept(ReferencePipeline.java:197)
	at java.base/java.util.ArrayList$ArrayListSpliterator.forEachRemaining(ArrayList.java:1625)
	at java.base/java.util.stream.AbstractPipeline.copyInto(AbstractPipeline.java:509)
	at java.base/java.util.stream.AbstractPipeline.wrapAndCopyInto(AbstractPipeline.java:499)
	at java.base/java.util.stream.ForEachOps$ForEachOp.evaluateSequential(ForEachOps.java:150)
	at java.base/java.util.stream.ForEachOps$ForEachOp$OfRef.evaluateSequential(ForEachOps.java:173)
	at java.base/java.util.stream.AbstractPipeline.evaluate(AbstractPipeline.java:234)
	at java.base/java.util.stream.ReferencePipeline.forEach(ReferencePipeline.java:596)
	at java.base/java.util.stream.ReferencePipeline$7$1.accept(ReferencePipeline.java:276)
	at java.base/java.util.ArrayList$ArrayListSpliterator.forEachRemaining(ArrayList.java:1625)
	at java.base/java.util.stream.AbstractPipeline.copyInto(AbstractPipeline.java:509)
	at java.base/java.util.stream.AbstractPipeline.wrapAndCopyInto(AbstractPipeline.java:499)
	at java.base/java.util.stream.ForEachOps$ForEachOp.evaluateSequential(ForEachOps.java:150)
	at java.base/java.util.stream.ForEachOps$ForEachOp$OfRef.evaluateSequential(ForEachOps.java:173)
	at java.base/java.util.stream.AbstractPipeline.evaluate(AbstractPipeline.java:234)
	at java.base/java.util.stream.ReferencePipeline.forEach(ReferencePipeline.java:596)
	at org.junit.jupiter.engine.descriptor.TestTemplateTestDescriptor.execute(TestTemplateTestDescriptor.java:107)
	at org.junit.jupiter.engine.descriptor.TestTemplateTestDescriptor.execute(TestTemplateTestDescriptor.java:42)
	at org.junit.platform.engine.support.hierarchical.NodeTestTask.lambda$executeRecursively$5(NodeTestTask.java:139)
	at org.junit.platform.engine.support.hierarchical.ThrowableCollector.execute(ThrowableCollector.java:73)
	at org.junit.platform.engine.support.hierarchical.NodeTestTask.lambda$executeRecursively$7(NodeTestTask.java:129)
	at org.junit.platform.engine.support.hierarchical.Node.around(Node.java:137)
	at org.junit.platform.engine.support.hierarchical.NodeTestTask.lambda$executeRecursively$8(NodeTestTask.java:127)
	at org.junit.platform.engine.support.hierarchical.ThrowableCollector.execute(ThrowableCollector.java:73)
	at org.junit.platform.engine.support.hierarchical.NodeTestTask.executeRecursively(NodeTestTask.java:126)
	at org.junit.platform.engine.support.hierarchical.NodeTestTask.execute(NodeTestTask.java:84)
	at java.base/java.util.ArrayList.forEach(ArrayList.java:1511)
	at org.junit.platform.engine.support.hierarchical.SameThreadHierarchicalTestExecutorService.invokeAll(SameThreadHierarchicalTestExecutorService.java:38)
	at org.junit.platform.engine.support.hierarchical.NodeTestTask.lambda$executeRecursively$5(NodeTestTask.java:143)
	at org.junit.platform.engine.support.hierarchical.ThrowableCollector.execute(ThrowableCollector.java:73)
	at org.junit.platform.engine.support.hierarchical.NodeTestTask.lambda$executeRecursively$7(NodeTestTask.java:129)
	at org.junit.platform.engine.support.hierarchical.Node.around(Node.java:137)
	at org.junit.platform.engine.support.hierarchical.NodeTestTask.lambda$executeRecursively$8(NodeTestTask.java:127)
	at org.junit.platform.engine.support.hierarchical.ThrowableCollector.execute(ThrowableCollector.java:73)
	at org.junit.platform.engine.support.hierarchical.NodeTestTask.executeRecursively(NodeTestTask.java:126)
	at org.junit.platform.engine.support.hierarchical.NodeTestTask.execute(NodeTestTask.java:84)
	at java.base/java.util.ArrayList.forEach(ArrayList.java:1511)
	at org.junit.platform.engine.support.hierarchical.SameThreadHierarchicalTestExecutorService.invokeAll(SameThreadHierarchicalTestExecutorService.java:38)
	at org.junit.platform.engine.support.hierarchical.NodeTestTask.lambda$executeRecursively$5(NodeTestTask.java:143)
	at org.junit.platform.engine.support.hierarchical.ThrowableCollector.execute(ThrowableCollector.java:73)
	at org.junit.platform.engine.support.hierarchical.NodeTestTask.lambda$executeRecursively$7(NodeTestTask.java:129)
	at org.junit.platform.engine.support.hierarchical.Node.around(Node.java:137)
	at org.junit.platform.engine.support.hierarchical.NodeTestTask.lambda$executeRecursively$8(NodeTestTask.java:127)
	at org.junit.platform.engine.support.hierarchical.ThrowableCollector.execute(ThrowableCollector.java:73)
	at org.junit.platform.engine.support.hierarchical.NodeTestTask.executeRecursively(NodeTestTask.java:126)
	at org.junit.platform.engine.support.hierarchical.NodeTestTask.execute(NodeTestTask.java:84)
	at org.junit.platform.engine.support.hierarchical.SameThreadHierarchicalTestExecutorService.submit(SameThreadHierarchicalTestExecutorService.java:32)
	at org.junit.platform.engine.support.hierarchical.HierarchicalTestExecutor.execute(HierarchicalTestExecutor.java:57)
	at org.junit.platform.engine.support.hierarchical.HierarchicalTestEngine.execute(HierarchicalTestEngine.java:51)
	at org.junit.platform.launcher.core.EngineExecutionOrchestrator.execute(EngineExecutionOrchestrator.java:108)
	at org.junit.platform.launcher.core.EngineExecutionOrchestrator.execute(EngineExecutionOrchestrator.java:88)
	at org.junit.platform.launcher.core.EngineExecutionOrchestrator.lambda$execute$0(EngineExecutionOrchestrator.java:54)
	at org.junit.platform.launcher.core.EngineExecutionOrchestrator.withInterceptedStreams(EngineExecutionOrchestrator.java:67)
	at org.junit.platform.launcher.core.EngineExecutionOrchestrator.execute(EngineExecutionOrchestrator.java:52)
	at org.junit.platform.launcher.core.DefaultLauncher.execute(DefaultLauncher.java:96)
	at org.junit.platform.launcher.core.DefaultLauncher.execute(DefaultLauncher.java:75)
	at org.junit.platform.console.tasks.ConsoleTestExecutor.executeTests(ConsoleTestExecutor.java:66)
	at org.junit.platform.console.tasks.ConsoleTestExecutor.lambda$execute$0(ConsoleTestExecutor.java:58)
	at org.junit.platform.console.tasks.CustomContextClassLoaderExecutor.replaceThreadContextClassLoaderAndInvoke(CustomContextClassLoaderExecutor.java:41)
	at org.junit.platform.console.tasks.CustomContextClassLoaderExecutor.invoke(CustomContextClassLoaderExecutor.java:31)
	at org.junit.platform.console.tasks.ConsoleTestExecutor.execute(ConsoleTestExecutor.java:58)
	at org.junit.platform.console.ConsoleLauncher.executeTests(ConsoleLauncher.java:95)
	at org.junit.platform.console.ConsoleLauncher.execute(ConsoleLauncher.java:73)
	at org.junit.platform.console.ConsoleLauncher.execute(ConsoleLauncher.java:50)
	at org.junit.platform.console.ConsoleLauncher.execute(ConsoleLauncher.java:43)
	at org.junit.platform.console.ConsoleLauncher.main(ConsoleLauncher.java:37)
]]></skipped>
<system-out><![CDATA[
unique-id: [engine:junit-jupiter]/[class:minebayd1.test.TestUser]/[test-template:testget(minebayd1.User, minebayd1.AdState, java.util.Optional, int)]/[test-template-invocation:#82]
display-name: [82] Mounir a 59 annonces ouvertes, 2 annonces fermées et 2 achats 
, CLOSED, Optional[SHOES], 0
]]></system-out>
</testcase>
<testcase name="testget(User, AdState, Optional, int)[83]" classname="minebayd1.test.TestUser" time="0.001">
<system-out><![CDATA[
unique-id: [engine:junit-jupiter]/[class:minebayd1.test.TestUser]/[test-template:testget(minebayd1.User, minebayd1.AdState, java.util.Optional, int)]/[test-template-invocation:#83]
display-name: [83] Issa a 70 annonces ouvertes, 3 annonces fermées et 3 achats 
, OPEN, Optional[CLOTHES], 3
]]></system-out>
</testcase>
<testcase name="testget(User, AdState, Optional, int)[84]" classname="minebayd1.test.TestUser" time="0.001">
<system-out><![CDATA[
unique-id: [engine:junit-jupiter]/[class:minebayd1.test.TestUser]/[test-template:testget(minebayd1.User, minebayd1.AdState, java.util.Optional, int)]/[test-template-invocation:#84]
display-name: [84] Pierre a 41 annonces ouvertes, 5 annonces fermées et 2 achats 
, OPEN, Optional[BOOKS], 5
]]></system-out>
</testcase>
<testcase name="testget(User, AdState, Optional, int)[85]" classname="minebayd1.test.TestUser" time="0.001">
<skipped><![CDATA[org.opentest4j.TestAbortedException: Assumption failed: assumption is not true
	at org.junit.jupiter.api.Assumptions.throwTestAbortedException(Assumptions.java:256)
	at org.junit.jupiter.api.Assumptions.assumeTrue(Assumptions.java:115)
	at org.junit.jupiter.api.Assumptions.assumeTrue(Assumptions.java:66)
	at minebayd1.test.TestUser.testget(TestUser.java:961)
	at jdk.internal.reflect.GeneratedMethodAccessor6.invoke(Unknown Source)
	at java.base/jdk.internal.reflect.DelegatingMethodAccessorImpl.invoke(DelegatingMethodAccessorImpl.java:43)
	at java.base/java.lang.reflect.Method.invoke(Method.java:569)
	at org.junit.platform.commons.util.ReflectionUtils.invokeMethod(ReflectionUtils.java:688)
	at org.junit.jupiter.engine.execution.MethodInvocation.proceed(MethodInvocation.java:60)
	at org.junit.jupiter.engine.execution.InvocationInterceptorChain$ValidatingInvocation.proceed(InvocationInterceptorChain.java:131)
	at org.junit.jupiter.engine.extension.TimeoutExtension.intercept(TimeoutExtension.java:149)
	at org.junit.jupiter.engine.extension.TimeoutExtension.interceptTestableMethod(TimeoutExtension.java:140)
	at org.junit.jupiter.engine.extension.TimeoutExtension.interceptTestTemplateMethod(TimeoutExtension.java:92)
	at org.junit.jupiter.engine.execution.ExecutableInvoker$ReflectiveInterceptorCall.lambda$ofVoidMethod$0(ExecutableInvoker.java:115)
	at org.junit.jupiter.engine.execution.ExecutableInvoker.lambda$invoke$0(ExecutableInvoker.java:105)
	at org.junit.jupiter.engine.execution.InvocationInterceptorChain$InterceptedInvocation.proceed(InvocationInterceptorChain.java:106)
	at org.junit.jupiter.engine.execution.InvocationInterceptorChain.proceed(InvocationInterceptorChain.java:64)
	at org.junit.jupiter.engine.execution.InvocationInterceptorChain.chainAndInvoke(InvocationInterceptorChain.java:45)
	at org.junit.jupiter.engine.execution.InvocationInterceptorChain.invoke(InvocationInterceptorChain.java:37)
	at org.junit.jupiter.engine.execution.ExecutableInvoker.invoke(ExecutableInvoker.java:104)
	at org.junit.jupiter.engine.execution.ExecutableInvoker.invoke(ExecutableInvoker.java:98)
	at org.junit.jupiter.engine.descriptor.TestMethodTestDescriptor.lambda$invokeTestMethod$6(TestMethodTestDescriptor.java:210)
	at org.junit.platform.engine.support.hierarchical.ThrowableCollector.execute(ThrowableCollector.java:73)
	at org.junit.jupiter.engine.descriptor.TestMethodTestDescriptor.invokeTestMethod(TestMethodTestDescriptor.java:206)
	at org.junit.jupiter.engine.descriptor.TestMethodTestDescriptor.execute(TestMethodTestDescriptor.java:131)
	at org.junit.jupiter.engine.descriptor.TestMethodTestDescriptor.execute(TestMethodTestDescriptor.java:65)
	at org.junit.platform.engine.support.hierarchical.NodeTestTask.lambda$executeRecursively$5(NodeTestTask.java:139)
	at org.junit.platform.engine.support.hierarchical.ThrowableCollector.execute(ThrowableCollector.java:73)
	at org.junit.platform.engine.support.hierarchical.NodeTestTask.lambda$executeRecursively$7(NodeTestTask.java:129)
	at org.junit.platform.engine.support.hierarchical.Node.around(Node.java:137)
	at org.junit.platform.engine.support.hierarchical.NodeTestTask.lambda$executeRecursively$8(NodeTestTask.java:127)
	at org.junit.platform.engine.support.hierarchical.ThrowableCollector.execute(ThrowableCollector.java:73)
	at org.junit.platform.engine.support.hierarchical.NodeTestTask.executeRecursively(NodeTestTask.java:126)
	at org.junit.platform.engine.support.hierarchical.NodeTestTask.execute(NodeTestTask.java:84)
	at org.junit.platform.engine.support.hierarchical.SameThreadHierarchicalTestExecutorService.submit(SameThreadHierarchicalTestExecutorService.java:32)
	at org.junit.platform.engine.support.hierarchical.NodeTestTask$DefaultDynamicTestExecutor.execute(NodeTestTask.java:212)
	at org.junit.platform.engine.support.hierarchical.NodeTestTask$DefaultDynamicTestExecutor.execute(NodeTestTask.java:192)
	at org.junit.jupiter.engine.descriptor.TestTemplateTestDescriptor.execute(TestTemplateTestDescriptor.java:139)
	at org.junit.jupiter.engine.descriptor.TestTemplateTestDescriptor.lambda$execute$2(TestTemplateTestDescriptor.java:107)
	at java.base/java.util.stream.ForEachOps$ForEachOp$OfRef.accept(ForEachOps.java:183)
	at java.base/java.util.stream.ReferencePipeline$3$1.accept(ReferencePipeline.java:197)
	at java.base/java.util.stream.ReferencePipeline$2$1.accept(ReferencePipeline.java:179)
	at java.base/java.util.stream.ReferencePipeline$3$1.accept(ReferencePipeline.java:197)
	at java.base/java.util.stream.ForEachOps$ForEachOp$OfRef.accept(ForEachOps.java:183)
	at java.base/java.util.stream.ReferencePipeline$15$1.accept(ReferencePipeline.java:541)
	at java.base/java.util.stream.ReferencePipeline$3$1.accept(ReferencePipeline.java:197)
	at java.base/java.util.stream.ReferencePipeline$3$1.accept(ReferencePipeline.java:197)
	at java.base/java.util.stream.ReferencePipeline$3$1.accept(ReferencePipeline.java:197)
	at java.base/java.util.stream.ForEachOps$ForEachOp$OfRef.accept(ForEachOps.java:183)
	at java.base/java.util.stream.ReferencePipeline$3$1.accept(ReferencePipeline.java:197)
	at java.base/java.util.stream.ForEachOps$ForEachOp$OfRef.accept(ForEachOps.java:183)
	at java.base/java.util.stream.SliceOps$1$1.accept(SliceOps.java:200)
	at java.base/java.util.stream.StreamSpliterators$InfiniteSupplyingSpliterator$OfRef.tryAdvance(StreamSpliterators.java:1358)
	at java.base/java.util.stream.ReferencePipeline.forEachWithCancel(ReferencePipeline.java:129)
	at java.base/java.util.stream.AbstractPipeline.copyIntoWithCancel(AbstractPipeline.java:527)
	at java.base/java.util.stream.AbstractPipeline.copyInto(AbstractPipeline.java:513)
	at java.base/java.util.stream.AbstractPipeline.wrapAndCopyInto(AbstractPipeline.java:499)
	at java.base/java.util.stream.ForEachOps$ForEachOp.evaluateSequential(ForEachOps.java:150)
	at java.base/java.util.stream.ForEachOps$ForEachOp$OfRef.evaluateSequential(ForEachOps.java:173)
	at java.base/java.util.stream.AbstractPipeline.evaluate(AbstractPipeline.java:234)
	at java.base/java.util.stream.ReferencePipeline.forEach(ReferencePipeline.java:596)
	at java.base/java.util.stream.ReferencePipeline$7$1.accept(ReferencePipeline.java:276)
	at java.base/java.util.stream.ReferencePipeline$3$1.accept(ReferencePipeline.java:197)
	at java.base/java.util.stream.ReferencePipeline$3$1.accept(ReferencePipeline.java:197)
	at java.base/java.util.Spliterators$ArraySpliterator.forEachRemaining(Spliterators.java:992)
	at java.base/java.util.stream.AbstractPipeline.copyInto(AbstractPipeline.java:509)
	at java.base/java.util.stream.AbstractPipeline.wrapAndCopyInto(AbstractPipeline.java:499)
	at java.base/java.util.stream.ForEachOps$ForEachOp.evaluateSequential(ForEachOps.java:150)
	at java.base/java.util.stream.ForEachOps$ForEachOp$OfRef.evaluateSequential(ForEachOps.java:173)
	at java.base/java.util.stream.AbstractPipeline.evaluate(AbstractPipeline.java:234)
	at java.base/java.util.stream.ReferencePipeline.forEach(ReferencePipeline.java:596)
	at java.base/java.util.stream.ReferencePipeline$7$1.accept(ReferencePipeline.java:276)
	at java.base/java.util.stream.ReferencePipeline$3$1.accept(ReferencePipeline.java:197)
	at java.base/java.util.stream.ReferencePipeline$3$1.accept(ReferencePipeline.java:197)
	at java.base/java.util.stream.ReferencePipeline$3$1.accept(ReferencePipeline.java:197)
	at java.base/java.util.ArrayList$ArrayListSpliterator.forEachRemaining(ArrayList.java:1625)
	at java.base/java.util.stream.AbstractPipeline.copyInto(AbstractPipeline.java:509)
	at java.base/java.util.stream.AbstractPipeline.wrapAndCopyInto(AbstractPipeline.java:499)
	at java.base/java.util.stream.ForEachOps$ForEachOp.evaluateSequential(ForEachOps.java:150)
	at java.base/java.util.stream.ForEachOps$ForEachOp$OfRef.evaluateSequential(ForEachOps.java:173)
	at java.base/java.util.stream.AbstractPipeline.evaluate(AbstractPipeline.java:234)
	at java.base/java.util.stream.ReferencePipeline.forEach(ReferencePipeline.java:596)
	at java.base/java.util.stream.ReferencePipeline$7$1.accept(ReferencePipeline.java:276)
	at java.base/java.util.ArrayList$ArrayListSpliterator.forEachRemaining(ArrayList.java:1625)
	at java.base/java.util.stream.AbstractPipeline.copyInto(AbstractPipeline.java:509)
	at java.base/java.util.stream.AbstractPipeline.wrapAndCopyInto(AbstractPipeline.java:499)
	at java.base/java.util.stream.ForEachOps$ForEachOp.evaluateSequential(ForEachOps.java:150)
	at java.base/java.util.stream.ForEachOps$ForEachOp$OfRef.evaluateSequential(ForEachOps.java:173)
	at java.base/java.util.stream.AbstractPipeline.evaluate(AbstractPipeline.java:234)
	at java.base/java.util.stream.ReferencePipeline.forEach(ReferencePipeline.java:596)
	at org.junit.jupiter.engine.descriptor.TestTemplateTestDescriptor.execute(TestTemplateTestDescriptor.java:107)
	at org.junit.jupiter.engine.descriptor.TestTemplateTestDescriptor.execute(TestTemplateTestDescriptor.java:42)
	at org.junit.platform.engine.support.hierarchical.NodeTestTask.lambda$executeRecursively$5(NodeTestTask.java:139)
	at org.junit.platform.engine.support.hierarchical.ThrowableCollector.execute(ThrowableCollector.java:73)
	at org.junit.platform.engine.support.hierarchical.NodeTestTask.lambda$executeRecursively$7(NodeTestTask.java:129)
	at org.junit.platform.engine.support.hierarchical.Node.around(Node.java:137)
	at org.junit.platform.engine.support.hierarchical.NodeTestTask.lambda$executeRecursively$8(NodeTestTask.java:127)
	at org.junit.platform.engine.support.hierarchical.ThrowableCollector.execute(ThrowableCollector.java:73)
	at org.junit.platform.engine.support.hierarchical.NodeTestTask.executeRecursively(NodeTestTask.java:126)
	at org.junit.platform.engine.support.hierarchical.NodeTestTask.execute(NodeTestTask.java:84)
	at java.base/java.util.ArrayList.forEach(ArrayList.java:1511)
	at org.junit.platform.engine.support.hierarchical.SameThreadHierarchicalTestExecutorService.invokeAll(SameThreadHierarchicalTestExecutorService.java:38)
	at org.junit.platform.engine.support.hierarchical.NodeTestTask.lambda$executeRecursively$5(NodeTestTask.java:143)
	at org.junit.platform.engine.support.hierarchical.ThrowableCollector.execute(ThrowableCollector.java:73)
	at org.junit.platform.engine.support.hierarchical.NodeTestTask.lambda$executeRecursively$7(NodeTestTask.java:129)
	at org.junit.platform.engine.support.hierarchical.Node.around(Node.java:137)
	at org.junit.platform.engine.support.hierarchical.NodeTestTask.lambda$executeRecursively$8(NodeTestTask.java:127)
	at org.junit.platform.engine.support.hierarchical.ThrowableCollector.execute(ThrowableCollector.java:73)
	at org.junit.platform.engine.support.hierarchical.NodeTestTask.executeRecursively(NodeTestTask.java:126)
	at org.junit.platform.engine.support.hierarchical.NodeTestTask.execute(NodeTestTask.java:84)
	at java.base/java.util.ArrayList.forEach(ArrayList.java:1511)
	at org.junit.platform.engine.support.hierarchical.SameThreadHierarchicalTestExecutorService.invokeAll(SameThreadHierarchicalTestExecutorService.java:38)
	at org.junit.platform.engine.support.hierarchical.NodeTestTask.lambda$executeRecursively$5(NodeTestTask.java:143)
	at org.junit.platform.engine.support.hierarchical.ThrowableCollector.execute(ThrowableCollector.java:73)
	at org.junit.platform.engine.support.hierarchical.NodeTestTask.lambda$executeRecursively$7(NodeTestTask.java:129)
	at org.junit.platform.engine.support.hierarchical.Node.around(Node.java:137)
	at org.junit.platform.engine.support.hierarchical.NodeTestTask.lambda$executeRecursively$8(NodeTestTask.java:127)
	at org.junit.platform.engine.support.hierarchical.ThrowableCollector.execute(ThrowableCollector.java:73)
	at org.junit.platform.engine.support.hierarchical.NodeTestTask.executeRecursively(NodeTestTask.java:126)
	at org.junit.platform.engine.support.hierarchical.NodeTestTask.execute(NodeTestTask.java:84)
	at org.junit.platform.engine.support.hierarchical.SameThreadHierarchicalTestExecutorService.submit(SameThreadHierarchicalTestExecutorService.java:32)
	at org.junit.platform.engine.support.hierarchical.HierarchicalTestExecutor.execute(HierarchicalTestExecutor.java:57)
	at org.junit.platform.engine.support.hierarchical.HierarchicalTestEngine.execute(HierarchicalTestEngine.java:51)
	at org.junit.platform.launcher.core.EngineExecutionOrchestrator.execute(EngineExecutionOrchestrator.java:108)
	at org.junit.platform.launcher.core.EngineExecutionOrchestrator.execute(EngineExecutionOrchestrator.java:88)
	at org.junit.platform.launcher.core.EngineExecutionOrchestrator.lambda$execute$0(EngineExecutionOrchestrator.java:54)
	at org.junit.platform.launcher.core.EngineExecutionOrchestrator.withInterceptedStreams(EngineExecutionOrchestrator.java:67)
	at org.junit.platform.launcher.core.EngineExecutionOrchestrator.execute(EngineExecutionOrchestrator.java:52)
	at org.junit.platform.launcher.core.DefaultLauncher.execute(DefaultLauncher.java:96)
	at org.junit.platform.launcher.core.DefaultLauncher.execute(DefaultLauncher.java:75)
	at org.junit.platform.console.tasks.ConsoleTestExecutor.executeTests(ConsoleTestExecutor.java:66)
	at org.junit.platform.console.tasks.ConsoleTestExecutor.lambda$execute$0(ConsoleTestExecutor.java:58)
	at org.junit.platform.console.tasks.CustomContextClassLoaderExecutor.replaceThreadContextClassLoaderAndInvoke(CustomContextClassLoaderExecutor.java:41)
	at org.junit.platform.console.tasks.CustomContextClassLoaderExecutor.invoke(CustomContextClassLoaderExecutor.java:31)
	at org.junit.platform.console.tasks.ConsoleTestExecutor.execute(ConsoleTestExecutor.java:58)
	at org.junit.platform.console.ConsoleLauncher.executeTests(ConsoleLauncher.java:95)
	at org.junit.platform.console.ConsoleLauncher.execute(ConsoleLauncher.java:73)
	at org.junit.platform.console.ConsoleLauncher.execute(ConsoleLauncher.java:50)
	at org.junit.platform.console.ConsoleLauncher.execute(ConsoleLauncher.java:43)
	at org.junit.platform.console.ConsoleLauncher.main(ConsoleLauncher.java:37)
]]></skipped>
<system-out><![CDATA[
unique-id: [engine:junit-jupiter]/[class:minebayd1.test.TestUser]/[test-template:testget(minebayd1.User, minebayd1.AdState, java.util.Optional, int)]/[test-template-invocation:#85]
display-name: [85] Zahra a 42 annonces ouvertes, 0 annonces fermées et 2 achats 
, PURCHASE, Optional[CLOTHES], 0
]]></system-out>
</testcase>
<testcase name="testget(User, AdState, Optional, int)[86]" classname="minebayd1.test.TestUser" time="0.002">
<system-out><![CDATA[
unique-id: [engine:junit-jupiter]/[class:minebayd1.test.TestUser]/[test-template:testget(minebayd1.User, minebayd1.AdState, java.util.Optional, int)]/[test-template-invocation:#86]
display-name: [86] Naila a 60 annonces ouvertes, 3 annonces fermées et 4 achats 
, OPEN, Optional[BOOKS], 3
]]></system-out>
</testcase>
<testcase name="testget(User, AdState, Optional, int)[87]" classname="minebayd1.test.TestUser" time="0.001">
<system-out><![CDATA[
unique-id: [engine:junit-jupiter]/[class:minebayd1.test.TestUser]/[test-template:testget(minebayd1.User, minebayd1.AdState, java.util.Optional, int)]/[test-template-invocation:#87]
display-name: [87] Chanez a 57 annonces ouvertes, 2 annonces fermées et 1 achats 
, OPEN, Optional[GAMES], 1
]]></system-out>
</testcase>
<testcase name="testget(User, AdState, Optional, int)[88]" classname="minebayd1.test.TestUser" time="0.001">
<system-out><![CDATA[
unique-id: [engine:junit-jupiter]/[class:minebayd1.test.TestUser]/[test-template:testget(minebayd1.User, minebayd1.AdState, java.util.Optional, int)]/[test-template-invocation:#88]
display-name: [88] Idir a 58 annonces ouvertes, 5 annonces fermées et 4 achats 
, CLOSED, Optional[BOOKS], 1
]]></system-out>
</testcase>
<testcase name="testget(User, AdState, Optional, int)[89]" classname="minebayd1.test.TestUser" time="0.001">
<skipped><![CDATA[org.opentest4j.TestAbortedException: Assumption failed: assumption is not true
	at org.junit.jupiter.api.Assumptions.throwTestAbortedException(Assumptions.java:256)
	at org.junit.jupiter.api.Assumptions.assumeTrue(Assumptions.java:115)
	at org.junit.jupiter.api.Assumptions.assumeTrue(Assumptions.java:66)
	at minebayd1.test.TestUser.testget(TestUser.java:961)
	at jdk.internal.reflect.GeneratedMethodAccessor6.invoke(Unknown Source)
	at java.base/jdk.internal.reflect.DelegatingMethodAccessorImpl.invoke(DelegatingMethodAccessorImpl.java:43)
	at java.base/java.lang.reflect.Method.invoke(Method.java:569)
	at org.junit.platform.commons.util.ReflectionUtils.invokeMethod(ReflectionUtils.java:688)
	at org.junit.jupiter.engine.execution.MethodInvocation.proceed(MethodInvocation.java:60)
	at org.junit.jupiter.engine.execution.InvocationInterceptorChain$ValidatingInvocation.proceed(InvocationInterceptorChain.java:131)
	at org.junit.jupiter.engine.extension.TimeoutExtension.intercept(TimeoutExtension.java:149)
	at org.junit.jupiter.engine.extension.TimeoutExtension.interceptTestableMethod(TimeoutExtension.java:140)
	at org.junit.jupiter.engine.extension.TimeoutExtension.interceptTestTemplateMethod(TimeoutExtension.java:92)
	at org.junit.jupiter.engine.execution.ExecutableInvoker$ReflectiveInterceptorCall.lambda$ofVoidMethod$0(ExecutableInvoker.java:115)
	at org.junit.jupiter.engine.execution.ExecutableInvoker.lambda$invoke$0(ExecutableInvoker.java:105)
	at org.junit.jupiter.engine.execution.InvocationInterceptorChain$InterceptedInvocation.proceed(InvocationInterceptorChain.java:106)
	at org.junit.jupiter.engine.execution.InvocationInterceptorChain.proceed(InvocationInterceptorChain.java:64)
	at org.junit.jupiter.engine.execution.InvocationInterceptorChain.chainAndInvoke(InvocationInterceptorChain.java:45)
	at org.junit.jupiter.engine.execution.InvocationInterceptorChain.invoke(InvocationInterceptorChain.java:37)
	at org.junit.jupiter.engine.execution.ExecutableInvoker.invoke(ExecutableInvoker.java:104)
	at org.junit.jupiter.engine.execution.ExecutableInvoker.invoke(ExecutableInvoker.java:98)
	at org.junit.jupiter.engine.descriptor.TestMethodTestDescriptor.lambda$invokeTestMethod$6(TestMethodTestDescriptor.java:210)
	at org.junit.platform.engine.support.hierarchical.ThrowableCollector.execute(ThrowableCollector.java:73)
	at org.junit.jupiter.engine.descriptor.TestMethodTestDescriptor.invokeTestMethod(TestMethodTestDescriptor.java:206)
	at org.junit.jupiter.engine.descriptor.TestMethodTestDescriptor.execute(TestMethodTestDescriptor.java:131)
	at org.junit.jupiter.engine.descriptor.TestMethodTestDescriptor.execute(TestMethodTestDescriptor.java:65)
	at org.junit.platform.engine.support.hierarchical.NodeTestTask.lambda$executeRecursively$5(NodeTestTask.java:139)
	at org.junit.platform.engine.support.hierarchical.ThrowableCollector.execute(ThrowableCollector.java:73)
	at org.junit.platform.engine.support.hierarchical.NodeTestTask.lambda$executeRecursively$7(NodeTestTask.java:129)
	at org.junit.platform.engine.support.hierarchical.Node.around(Node.java:137)
	at org.junit.platform.engine.support.hierarchical.NodeTestTask.lambda$executeRecursively$8(NodeTestTask.java:127)
	at org.junit.platform.engine.support.hierarchical.ThrowableCollector.execute(ThrowableCollector.java:73)
	at org.junit.platform.engine.support.hierarchical.NodeTestTask.executeRecursively(NodeTestTask.java:126)
	at org.junit.platform.engine.support.hierarchical.NodeTestTask.execute(NodeTestTask.java:84)
	at org.junit.platform.engine.support.hierarchical.SameThreadHierarchicalTestExecutorService.submit(SameThreadHierarchicalTestExecutorService.java:32)
	at org.junit.platform.engine.support.hierarchical.NodeTestTask$DefaultDynamicTestExecutor.execute(NodeTestTask.java:212)
	at org.junit.platform.engine.support.hierarchical.NodeTestTask$DefaultDynamicTestExecutor.execute(NodeTestTask.java:192)
	at org.junit.jupiter.engine.descriptor.TestTemplateTestDescriptor.execute(TestTemplateTestDescriptor.java:139)
	at org.junit.jupiter.engine.descriptor.TestTemplateTestDescriptor.lambda$execute$2(TestTemplateTestDescriptor.java:107)
	at java.base/java.util.stream.ForEachOps$ForEachOp$OfRef.accept(ForEachOps.java:183)
	at java.base/java.util.stream.ReferencePipeline$3$1.accept(ReferencePipeline.java:197)
	at java.base/java.util.stream.ReferencePipeline$2$1.accept(ReferencePipeline.java:179)
	at java.base/java.util.stream.ReferencePipeline$3$1.accept(ReferencePipeline.java:197)
	at java.base/java.util.stream.ForEachOps$ForEachOp$OfRef.accept(ForEachOps.java:183)
	at java.base/java.util.stream.ReferencePipeline$15$1.accept(ReferencePipeline.java:541)
	at java.base/java.util.stream.ReferencePipeline$3$1.accept(ReferencePipeline.java:197)
	at java.base/java.util.stream.ReferencePipeline$3$1.accept(ReferencePipeline.java:197)
	at java.base/java.util.stream.ReferencePipeline$3$1.accept(ReferencePipeline.java:197)
	at java.base/java.util.stream.ForEachOps$ForEachOp$OfRef.accept(ForEachOps.java:183)
	at java.base/java.util.stream.ReferencePipeline$3$1.accept(ReferencePipeline.java:197)
	at java.base/java.util.stream.ForEachOps$ForEachOp$OfRef.accept(ForEachOps.java:183)
	at java.base/java.util.stream.SliceOps$1$1.accept(SliceOps.java:200)
	at java.base/java.util.stream.StreamSpliterators$InfiniteSupplyingSpliterator$OfRef.tryAdvance(StreamSpliterators.java:1358)
	at java.base/java.util.stream.ReferencePipeline.forEachWithCancel(ReferencePipeline.java:129)
	at java.base/java.util.stream.AbstractPipeline.copyIntoWithCancel(AbstractPipeline.java:527)
	at java.base/java.util.stream.AbstractPipeline.copyInto(AbstractPipeline.java:513)
	at java.base/java.util.stream.AbstractPipeline.wrapAndCopyInto(AbstractPipeline.java:499)
	at java.base/java.util.stream.ForEachOps$ForEachOp.evaluateSequential(ForEachOps.java:150)
	at java.base/java.util.stream.ForEachOps$ForEachOp$OfRef.evaluateSequential(ForEachOps.java:173)
	at java.base/java.util.stream.AbstractPipeline.evaluate(AbstractPipeline.java:234)
	at java.base/java.util.stream.ReferencePipeline.forEach(ReferencePipeline.java:596)
	at java.base/java.util.stream.ReferencePipeline$7$1.accept(ReferencePipeline.java:276)
	at java.base/java.util.stream.ReferencePipeline$3$1.accept(ReferencePipeline.java:197)
	at java.base/java.util.stream.ReferencePipeline$3$1.accept(ReferencePipeline.java:197)
	at java.base/java.util.Spliterators$ArraySpliterator.forEachRemaining(Spliterators.java:992)
	at java.base/java.util.stream.AbstractPipeline.copyInto(AbstractPipeline.java:509)
	at java.base/java.util.stream.AbstractPipeline.wrapAndCopyInto(AbstractPipeline.java:499)
	at java.base/java.util.stream.ForEachOps$ForEachOp.evaluateSequential(ForEachOps.java:150)
	at java.base/java.util.stream.ForEachOps$ForEachOp$OfRef.evaluateSequential(ForEachOps.java:173)
	at java.base/java.util.stream.AbstractPipeline.evaluate(AbstractPipeline.java:234)
	at java.base/java.util.stream.ReferencePipeline.forEach(ReferencePipeline.java:596)
	at java.base/java.util.stream.ReferencePipeline$7$1.accept(ReferencePipeline.java:276)
	at java.base/java.util.stream.ReferencePipeline$3$1.accept(ReferencePipeline.java:197)
	at java.base/java.util.stream.ReferencePipeline$3$1.accept(ReferencePipeline.java:197)
	at java.base/java.util.stream.ReferencePipeline$3$1.accept(ReferencePipeline.java:197)
	at java.base/java.util.ArrayList$ArrayListSpliterator.forEachRemaining(ArrayList.java:1625)
	at java.base/java.util.stream.AbstractPipeline.copyInto(AbstractPipeline.java:509)
	at java.base/java.util.stream.AbstractPipeline.wrapAndCopyInto(AbstractPipeline.java:499)
	at java.base/java.util.stream.ForEachOps$ForEachOp.evaluateSequential(ForEachOps.java:150)
	at java.base/java.util.stream.ForEachOps$ForEachOp$OfRef.evaluateSequential(ForEachOps.java:173)
	at java.base/java.util.stream.AbstractPipeline.evaluate(AbstractPipeline.java:234)
	at java.base/java.util.stream.ReferencePipeline.forEach(ReferencePipeline.java:596)
	at java.base/java.util.stream.ReferencePipeline$7$1.accept(ReferencePipeline.java:276)
	at java.base/java.util.ArrayList$ArrayListSpliterator.forEachRemaining(ArrayList.java:1625)
	at java.base/java.util.stream.AbstractPipeline.copyInto(AbstractPipeline.java:509)
	at java.base/java.util.stream.AbstractPipeline.wrapAndCopyInto(AbstractPipeline.java:499)
	at java.base/java.util.stream.ForEachOps$ForEachOp.evaluateSequential(ForEachOps.java:150)
	at java.base/java.util.stream.ForEachOps$ForEachOp$OfRef.evaluateSequential(ForEachOps.java:173)
	at java.base/java.util.stream.AbstractPipeline.evaluate(AbstractPipeline.java:234)
	at java.base/java.util.stream.ReferencePipeline.forEach(ReferencePipeline.java:596)
	at org.junit.jupiter.engine.descriptor.TestTemplateTestDescriptor.execute(TestTemplateTestDescriptor.java:107)
	at org.junit.jupiter.engine.descriptor.TestTemplateTestDescriptor.execute(TestTemplateTestDescriptor.java:42)
	at org.junit.platform.engine.support.hierarchical.NodeTestTask.lambda$executeRecursively$5(NodeTestTask.java:139)
	at org.junit.platform.engine.support.hierarchical.ThrowableCollector.execute(ThrowableCollector.java:73)
	at org.junit.platform.engine.support.hierarchical.NodeTestTask.lambda$executeRecursively$7(NodeTestTask.java:129)
	at org.junit.platform.engine.support.hierarchical.Node.around(Node.java:137)
	at org.junit.platform.engine.support.hierarchical.NodeTestTask.lambda$executeRecursively$8(NodeTestTask.java:127)
	at org.junit.platform.engine.support.hierarchical.ThrowableCollector.execute(ThrowableCollector.java:73)
	at org.junit.platform.engine.support.hierarchical.NodeTestTask.executeRecursively(NodeTestTask.java:126)
	at org.junit.platform.engine.support.hierarchical.NodeTestTask.execute(NodeTestTask.java:84)
	at java.base/java.util.ArrayList.forEach(ArrayList.java:1511)
	at org.junit.platform.engine.support.hierarchical.SameThreadHierarchicalTestExecutorService.invokeAll(SameThreadHierarchicalTestExecutorService.java:38)
	at org.junit.platform.engine.support.hierarchical.NodeTestTask.lambda$executeRecursively$5(NodeTestTask.java:143)
	at org.junit.platform.engine.support.hierarchical.ThrowableCollector.execute(ThrowableCollector.java:73)
	at org.junit.platform.engine.support.hierarchical.NodeTestTask.lambda$executeRecursively$7(NodeTestTask.java:129)
	at org.junit.platform.engine.support.hierarchical.Node.around(Node.java:137)
	at org.junit.platform.engine.support.hierarchical.NodeTestTask.lambda$executeRecursively$8(NodeTestTask.java:127)
	at org.junit.platform.engine.support.hierarchical.ThrowableCollector.execute(ThrowableCollector.java:73)
	at org.junit.platform.engine.support.hierarchical.NodeTestTask.executeRecursively(NodeTestTask.java:126)
	at org.junit.platform.engine.support.hierarchical.NodeTestTask.execute(NodeTestTask.java:84)
	at java.base/java.util.ArrayList.forEach(ArrayList.java:1511)
	at org.junit.platform.engine.support.hierarchical.SameThreadHierarchicalTestExecutorService.invokeAll(SameThreadHierarchicalTestExecutorService.java:38)
	at org.junit.platform.engine.support.hierarchical.NodeTestTask.lambda$executeRecursively$5(NodeTestTask.java:143)
	at org.junit.platform.engine.support.hierarchical.ThrowableCollector.execute(ThrowableCollector.java:73)
	at org.junit.platform.engine.support.hierarchical.NodeTestTask.lambda$executeRecursively$7(NodeTestTask.java:129)
	at org.junit.platform.engine.support.hierarchical.Node.around(Node.java:137)
	at org.junit.platform.engine.support.hierarchical.NodeTestTask.lambda$executeRecursively$8(NodeTestTask.java:127)
	at org.junit.platform.engine.support.hierarchical.ThrowableCollector.execute(ThrowableCollector.java:73)
	at org.junit.platform.engine.support.hierarchical.NodeTestTask.executeRecursively(NodeTestTask.java:126)
	at org.junit.platform.engine.support.hierarchical.NodeTestTask.execute(NodeTestTask.java:84)
	at org.junit.platform.engine.support.hierarchical.SameThreadHierarchicalTestExecutorService.submit(SameThreadHierarchicalTestExecutorService.java:32)
	at org.junit.platform.engine.support.hierarchical.HierarchicalTestExecutor.execute(HierarchicalTestExecutor.java:57)
	at org.junit.platform.engine.support.hierarchical.HierarchicalTestEngine.execute(HierarchicalTestEngine.java:51)
	at org.junit.platform.launcher.core.EngineExecutionOrchestrator.execute(EngineExecutionOrchestrator.java:108)
	at org.junit.platform.launcher.core.EngineExecutionOrchestrator.execute(EngineExecutionOrchestrator.java:88)
	at org.junit.platform.launcher.core.EngineExecutionOrchestrator.lambda$execute$0(EngineExecutionOrchestrator.java:54)
	at org.junit.platform.launcher.core.EngineExecutionOrchestrator.withInterceptedStreams(EngineExecutionOrchestrator.java:67)
	at org.junit.platform.launcher.core.EngineExecutionOrchestrator.execute(EngineExecutionOrchestrator.java:52)
	at org.junit.platform.launcher.core.DefaultLauncher.execute(DefaultLauncher.java:96)
	at org.junit.platform.launcher.core.DefaultLauncher.execute(DefaultLauncher.java:75)
	at org.junit.platform.console.tasks.ConsoleTestExecutor.executeTests(ConsoleTestExecutor.java:66)
	at org.junit.platform.console.tasks.ConsoleTestExecutor.lambda$execute$0(ConsoleTestExecutor.java:58)
	at org.junit.platform.console.tasks.CustomContextClassLoaderExecutor.replaceThreadContextClassLoaderAndInvoke(CustomContextClassLoaderExecutor.java:41)
	at org.junit.platform.console.tasks.CustomContextClassLoaderExecutor.invoke(CustomContextClassLoaderExecutor.java:31)
	at org.junit.platform.console.tasks.ConsoleTestExecutor.execute(ConsoleTestExecutor.java:58)
	at org.junit.platform.console.ConsoleLauncher.executeTests(ConsoleLauncher.java:95)
	at org.junit.platform.console.ConsoleLauncher.execute(ConsoleLauncher.java:73)
	at org.junit.platform.console.ConsoleLauncher.execute(ConsoleLauncher.java:50)
	at org.junit.platform.console.ConsoleLauncher.execute(ConsoleLauncher.java:43)
	at org.junit.platform.console.ConsoleLauncher.main(ConsoleLauncher.java:37)
]]></skipped>
<system-out><![CDATA[
unique-id: [engine:junit-jupiter]/[class:minebayd1.test.TestUser]/[test-template:testget(minebayd1.User, minebayd1.AdState, java.util.Optional, int)]/[test-template-invocation:#89]
display-name: [89] Mounir a 59 annonces ouvertes, 2 annonces fermées et 2 achats 
, PURCHASE, Optional[BOOKS], 0
]]></system-out>
</testcase>
<testcase name="testget(User, AdState, Optional, int)[90]" classname="minebayd1.test.TestUser" time="0">
<skipped><![CDATA[org.opentest4j.TestAbortedException: Assumption failed: assumption is not true
	at org.junit.jupiter.api.Assumptions.throwTestAbortedException(Assumptions.java:256)
	at org.junit.jupiter.api.Assumptions.assumeTrue(Assumptions.java:115)
	at org.junit.jupiter.api.Assumptions.assumeTrue(Assumptions.java:66)
	at minebayd1.test.TestUser.testget(TestUser.java:961)
	at jdk.internal.reflect.GeneratedMethodAccessor6.invoke(Unknown Source)
	at java.base/jdk.internal.reflect.DelegatingMethodAccessorImpl.invoke(DelegatingMethodAccessorImpl.java:43)
	at java.base/java.lang.reflect.Method.invoke(Method.java:569)
	at org.junit.platform.commons.util.ReflectionUtils.invokeMethod(ReflectionUtils.java:688)
	at org.junit.jupiter.engine.execution.MethodInvocation.proceed(MethodInvocation.java:60)
	at org.junit.jupiter.engine.execution.InvocationInterceptorChain$ValidatingInvocation.proceed(InvocationInterceptorChain.java:131)
	at org.junit.jupiter.engine.extension.TimeoutExtension.intercept(TimeoutExtension.java:149)
	at org.junit.jupiter.engine.extension.TimeoutExtension.interceptTestableMethod(TimeoutExtension.java:140)
	at org.junit.jupiter.engine.extension.TimeoutExtension.interceptTestTemplateMethod(TimeoutExtension.java:92)
	at org.junit.jupiter.engine.execution.ExecutableInvoker$ReflectiveInterceptorCall.lambda$ofVoidMethod$0(ExecutableInvoker.java:115)
	at org.junit.jupiter.engine.execution.ExecutableInvoker.lambda$invoke$0(ExecutableInvoker.java:105)
	at org.junit.jupiter.engine.execution.InvocationInterceptorChain$InterceptedInvocation.proceed(InvocationInterceptorChain.java:106)
	at org.junit.jupiter.engine.execution.InvocationInterceptorChain.proceed(InvocationInterceptorChain.java:64)
	at org.junit.jupiter.engine.execution.InvocationInterceptorChain.chainAndInvoke(InvocationInterceptorChain.java:45)
	at org.junit.jupiter.engine.execution.InvocationInterceptorChain.invoke(InvocationInterceptorChain.java:37)
	at org.junit.jupiter.engine.execution.ExecutableInvoker.invoke(ExecutableInvoker.java:104)
	at org.junit.jupiter.engine.execution.ExecutableInvoker.invoke(ExecutableInvoker.java:98)
	at org.junit.jupiter.engine.descriptor.TestMethodTestDescriptor.lambda$invokeTestMethod$6(TestMethodTestDescriptor.java:210)
	at org.junit.platform.engine.support.hierarchical.ThrowableCollector.execute(ThrowableCollector.java:73)
	at org.junit.jupiter.engine.descriptor.TestMethodTestDescriptor.invokeTestMethod(TestMethodTestDescriptor.java:206)
	at org.junit.jupiter.engine.descriptor.TestMethodTestDescriptor.execute(TestMethodTestDescriptor.java:131)
	at org.junit.jupiter.engine.descriptor.TestMethodTestDescriptor.execute(TestMethodTestDescriptor.java:65)
	at org.junit.platform.engine.support.hierarchical.NodeTestTask.lambda$executeRecursively$5(NodeTestTask.java:139)
	at org.junit.platform.engine.support.hierarchical.ThrowableCollector.execute(ThrowableCollector.java:73)
	at org.junit.platform.engine.support.hierarchical.NodeTestTask.lambda$executeRecursively$7(NodeTestTask.java:129)
	at org.junit.platform.engine.support.hierarchical.Node.around(Node.java:137)
	at org.junit.platform.engine.support.hierarchical.NodeTestTask.lambda$executeRecursively$8(NodeTestTask.java:127)
	at org.junit.platform.engine.support.hierarchical.ThrowableCollector.execute(ThrowableCollector.java:73)
	at org.junit.platform.engine.support.hierarchical.NodeTestTask.executeRecursively(NodeTestTask.java:126)
	at org.junit.platform.engine.support.hierarchical.NodeTestTask.execute(NodeTestTask.java:84)
	at org.junit.platform.engine.support.hierarchical.SameThreadHierarchicalTestExecutorService.submit(SameThreadHierarchicalTestExecutorService.java:32)
	at org.junit.platform.engine.support.hierarchical.NodeTestTask$DefaultDynamicTestExecutor.execute(NodeTestTask.java:212)
	at org.junit.platform.engine.support.hierarchical.NodeTestTask$DefaultDynamicTestExecutor.execute(NodeTestTask.java:192)
	at org.junit.jupiter.engine.descriptor.TestTemplateTestDescriptor.execute(TestTemplateTestDescriptor.java:139)
	at org.junit.jupiter.engine.descriptor.TestTemplateTestDescriptor.lambda$execute$2(TestTemplateTestDescriptor.java:107)
	at java.base/java.util.stream.ForEachOps$ForEachOp$OfRef.accept(ForEachOps.java:183)
	at java.base/java.util.stream.ReferencePipeline$3$1.accept(ReferencePipeline.java:197)
	at java.base/java.util.stream.ReferencePipeline$2$1.accept(ReferencePipeline.java:179)
	at java.base/java.util.stream.ReferencePipeline$3$1.accept(ReferencePipeline.java:197)
	at java.base/java.util.stream.ForEachOps$ForEachOp$OfRef.accept(ForEachOps.java:183)
	at java.base/java.util.stream.ReferencePipeline$15$1.accept(ReferencePipeline.java:541)
	at java.base/java.util.stream.ReferencePipeline$3$1.accept(ReferencePipeline.java:197)
	at java.base/java.util.stream.ReferencePipeline$3$1.accept(ReferencePipeline.java:197)
	at java.base/java.util.stream.ReferencePipeline$3$1.accept(ReferencePipeline.java:197)
	at java.base/java.util.stream.ForEachOps$ForEachOp$OfRef.accept(ForEachOps.java:183)
	at java.base/java.util.stream.ReferencePipeline$3$1.accept(ReferencePipeline.java:197)
	at java.base/java.util.stream.ForEachOps$ForEachOp$OfRef.accept(ForEachOps.java:183)
	at java.base/java.util.stream.SliceOps$1$1.accept(SliceOps.java:200)
	at java.base/java.util.stream.StreamSpliterators$InfiniteSupplyingSpliterator$OfRef.tryAdvance(StreamSpliterators.java:1358)
	at java.base/java.util.stream.ReferencePipeline.forEachWithCancel(ReferencePipeline.java:129)
	at java.base/java.util.stream.AbstractPipeline.copyIntoWithCancel(AbstractPipeline.java:527)
	at java.base/java.util.stream.AbstractPipeline.copyInto(AbstractPipeline.java:513)
	at java.base/java.util.stream.AbstractPipeline.wrapAndCopyInto(AbstractPipeline.java:499)
	at java.base/java.util.stream.ForEachOps$ForEachOp.evaluateSequential(ForEachOps.java:150)
	at java.base/java.util.stream.ForEachOps$ForEachOp$OfRef.evaluateSequential(ForEachOps.java:173)
	at java.base/java.util.stream.AbstractPipeline.evaluate(AbstractPipeline.java:234)
	at java.base/java.util.stream.ReferencePipeline.forEach(ReferencePipeline.java:596)
	at java.base/java.util.stream.ReferencePipeline$7$1.accept(ReferencePipeline.java:276)
	at java.base/java.util.stream.ReferencePipeline$3$1.accept(ReferencePipeline.java:197)
	at java.base/java.util.stream.ReferencePipeline$3$1.accept(ReferencePipeline.java:197)
	at java.base/java.util.Spliterators$ArraySpliterator.forEachRemaining(Spliterators.java:992)
	at java.base/java.util.stream.AbstractPipeline.copyInto(AbstractPipeline.java:509)
	at java.base/java.util.stream.AbstractPipeline.wrapAndCopyInto(AbstractPipeline.java:499)
	at java.base/java.util.stream.ForEachOps$ForEachOp.evaluateSequential(ForEachOps.java:150)
	at java.base/java.util.stream.ForEachOps$ForEachOp$OfRef.evaluateSequential(ForEachOps.java:173)
	at java.base/java.util.stream.AbstractPipeline.evaluate(AbstractPipeline.java:234)
	at java.base/java.util.stream.ReferencePipeline.forEach(ReferencePipeline.java:596)
	at java.base/java.util.stream.ReferencePipeline$7$1.accept(ReferencePipeline.java:276)
	at java.base/java.util.stream.ReferencePipeline$3$1.accept(ReferencePipeline.java:197)
	at java.base/java.util.stream.ReferencePipeline$3$1.accept(ReferencePipeline.java:197)
	at java.base/java.util.stream.ReferencePipeline$3$1.accept(ReferencePipeline.java:197)
	at java.base/java.util.ArrayList$ArrayListSpliterator.forEachRemaining(ArrayList.java:1625)
	at java.base/java.util.stream.AbstractPipeline.copyInto(AbstractPipeline.java:509)
	at java.base/java.util.stream.AbstractPipeline.wrapAndCopyInto(AbstractPipeline.java:499)
	at java.base/java.util.stream.ForEachOps$ForEachOp.evaluateSequential(ForEachOps.java:150)
	at java.base/java.util.stream.ForEachOps$ForEachOp$OfRef.evaluateSequential(ForEachOps.java:173)
	at java.base/java.util.stream.AbstractPipeline.evaluate(AbstractPipeline.java:234)
	at java.base/java.util.stream.ReferencePipeline.forEach(ReferencePipeline.java:596)
	at java.base/java.util.stream.ReferencePipeline$7$1.accept(ReferencePipeline.java:276)
	at java.base/java.util.ArrayList$ArrayListSpliterator.forEachRemaining(ArrayList.java:1625)
	at java.base/java.util.stream.AbstractPipeline.copyInto(AbstractPipeline.java:509)
	at java.base/java.util.stream.AbstractPipeline.wrapAndCopyInto(AbstractPipeline.java:499)
	at java.base/java.util.stream.ForEachOps$ForEachOp.evaluateSequential(ForEachOps.java:150)
	at java.base/java.util.stream.ForEachOps$ForEachOp$OfRef.evaluateSequential(ForEachOps.java:173)
	at java.base/java.util.stream.AbstractPipeline.evaluate(AbstractPipeline.java:234)
	at java.base/java.util.stream.ReferencePipeline.forEach(ReferencePipeline.java:596)
	at org.junit.jupiter.engine.descriptor.TestTemplateTestDescriptor.execute(TestTemplateTestDescriptor.java:107)
	at org.junit.jupiter.engine.descriptor.TestTemplateTestDescriptor.execute(TestTemplateTestDescriptor.java:42)
	at org.junit.platform.engine.support.hierarchical.NodeTestTask.lambda$executeRecursively$5(NodeTestTask.java:139)
	at org.junit.platform.engine.support.hierarchical.ThrowableCollector.execute(ThrowableCollector.java:73)
	at org.junit.platform.engine.support.hierarchical.NodeTestTask.lambda$executeRecursively$7(NodeTestTask.java:129)
	at org.junit.platform.engine.support.hierarchical.Node.around(Node.java:137)
	at org.junit.platform.engine.support.hierarchical.NodeTestTask.lambda$executeRecursively$8(NodeTestTask.java:127)
	at org.junit.platform.engine.support.hierarchical.ThrowableCollector.execute(ThrowableCollector.java:73)
	at org.junit.platform.engine.support.hierarchical.NodeTestTask.executeRecursively(NodeTestTask.java:126)
	at org.junit.platform.engine.support.hierarchical.NodeTestTask.execute(NodeTestTask.java:84)
	at java.base/java.util.ArrayList.forEach(ArrayList.java:1511)
	at org.junit.platform.engine.support.hierarchical.SameThreadHierarchicalTestExecutorService.invokeAll(SameThreadHierarchicalTestExecutorService.java:38)
	at org.junit.platform.engine.support.hierarchical.NodeTestTask.lambda$executeRecursively$5(NodeTestTask.java:143)
	at org.junit.platform.engine.support.hierarchical.ThrowableCollector.execute(ThrowableCollector.java:73)
	at org.junit.platform.engine.support.hierarchical.NodeTestTask.lambda$executeRecursively$7(NodeTestTask.java:129)
	at org.junit.platform.engine.support.hierarchical.Node.around(Node.java:137)
	at org.junit.platform.engine.support.hierarchical.NodeTestTask.lambda$executeRecursively$8(NodeTestTask.java:127)
	at org.junit.platform.engine.support.hierarchical.ThrowableCollector.execute(ThrowableCollector.java:73)
	at org.junit.platform.engine.support.hierarchical.NodeTestTask.executeRecursively(NodeTestTask.java:126)
	at org.junit.platform.engine.support.hierarchical.NodeTestTask.execute(NodeTestTask.java:84)
	at java.base/java.util.ArrayList.forEach(ArrayList.java:1511)
	at org.junit.platform.engine.support.hierarchical.SameThreadHierarchicalTestExecutorService.invokeAll(SameThreadHierarchicalTestExecutorService.java:38)
	at org.junit.platform.engine.support.hierarchical.NodeTestTask.lambda$executeRecursively$5(NodeTestTask.java:143)
	at org.junit.platform.engine.support.hierarchical.ThrowableCollector.execute(ThrowableCollector.java:73)
	at org.junit.platform.engine.support.hierarchical.NodeTestTask.lambda$executeRecursively$7(NodeTestTask.java:129)
	at org.junit.platform.engine.support.hierarchical.Node.around(Node.java:137)
	at org.junit.platform.engine.support.hierarchical.NodeTestTask.lambda$executeRecursively$8(NodeTestTask.java:127)
	at org.junit.platform.engine.support.hierarchical.ThrowableCollector.execute(ThrowableCollector.java:73)
	at org.junit.platform.engine.support.hierarchical.NodeTestTask.executeRecursively(NodeTestTask.java:126)
	at org.junit.platform.engine.support.hierarchical.NodeTestTask.execute(NodeTestTask.java:84)
	at org.junit.platform.engine.support.hierarchical.SameThreadHierarchicalTestExecutorService.submit(SameThreadHierarchicalTestExecutorService.java:32)
	at org.junit.platform.engine.support.hierarchical.HierarchicalTestExecutor.execute(HierarchicalTestExecutor.java:57)
	at org.junit.platform.engine.support.hierarchical.HierarchicalTestEngine.execute(HierarchicalTestEngine.java:51)
	at org.junit.platform.launcher.core.EngineExecutionOrchestrator.execute(EngineExecutionOrchestrator.java:108)
	at org.junit.platform.launcher.core.EngineExecutionOrchestrator.execute(EngineExecutionOrchestrator.java:88)
	at org.junit.platform.launcher.core.EngineExecutionOrchestrator.lambda$execute$0(EngineExecutionOrchestrator.java:54)
	at org.junit.platform.launcher.core.EngineExecutionOrchestrator.withInterceptedStreams(EngineExecutionOrchestrator.java:67)
	at org.junit.platform.launcher.core.EngineExecutionOrchestrator.execute(EngineExecutionOrchestrator.java:52)
	at org.junit.platform.launcher.core.DefaultLauncher.execute(DefaultLauncher.java:96)
	at org.junit.platform.launcher.core.DefaultLauncher.execute(DefaultLauncher.java:75)
	at org.junit.platform.console.tasks.ConsoleTestExecutor.executeTests(ConsoleTestExecutor.java:66)
	at org.junit.platform.console.tasks.ConsoleTestExecutor.lambda$execute$0(ConsoleTestExecutor.java:58)
	at org.junit.platform.console.tasks.CustomContextClassLoaderExecutor.replaceThreadContextClassLoaderAndInvoke(CustomContextClassLoaderExecutor.java:41)
	at org.junit.platform.console.tasks.CustomContextClassLoaderExecutor.invoke(CustomContextClassLoaderExecutor.java:31)
	at org.junit.platform.console.tasks.ConsoleTestExecutor.execute(ConsoleTestExecutor.java:58)
	at org.junit.platform.console.ConsoleLauncher.executeTests(ConsoleLauncher.java:95)
	at org.junit.platform.console.ConsoleLauncher.execute(ConsoleLauncher.java:73)
	at org.junit.platform.console.ConsoleLauncher.execute(ConsoleLauncher.java:50)
	at org.junit.platform.console.ConsoleLauncher.execute(ConsoleLauncher.java:43)
	at org.junit.platform.console.ConsoleLauncher.main(ConsoleLauncher.java:37)
]]></skipped>
<system-out><![CDATA[
unique-id: [engine:junit-jupiter]/[class:minebayd1.test.TestUser]/[test-template:testget(minebayd1.User, minebayd1.AdState, java.util.Optional, int)]/[test-template-invocation:#90]
display-name: [90] Faycal a 51 annonces ouvertes, 3 annonces fermées et 4 achats 
, PURCHASE, Optional[COMPUTERS], 0
]]></system-out>
</testcase>
<testcase name="testget(User, AdState, Optional, int)[91]" classname="minebayd1.test.TestUser" time="0.004">
<system-out><![CDATA[
unique-id: [engine:junit-jupiter]/[class:minebayd1.test.TestUser]/[test-template:testget(minebayd1.User, minebayd1.AdState, java.util.Optional, int)]/[test-template-invocation:#91]
display-name: [91] Naila a 60 annonces ouvertes, 3 annonces fermées et 4 achats 
, PURCHASE, Optional[SHOES], 0
]]></system-out>
</testcase>
<testcase name="testget(User, AdState, Optional, int)[92]" classname="minebayd1.test.TestUser" time="0.002">
<system-out><![CDATA[
unique-id: [engine:junit-jupiter]/[class:minebayd1.test.TestUser]/[test-template:testget(minebayd1.User, minebayd1.AdState, java.util.Optional, int)]/[test-template-invocation:#92]
display-name: [92] Mamadou a 59 annonces ouvertes, 2 annonces fermées et 1 achats 
, OPEN, Optional[BOOKS], 3
]]></system-out>
</testcase>
<testcase name="testget(User, AdState, Optional, int)[93]" classname="minebayd1.test.TestUser" time="0.001">
<skipped><![CDATA[org.opentest4j.TestAbortedException: Assumption failed: assumption is not true
	at org.junit.jupiter.api.Assumptions.throwTestAbortedException(Assumptions.java:256)
	at org.junit.jupiter.api.Assumptions.assumeTrue(Assumptions.java:115)
	at org.junit.jupiter.api.Assumptions.assumeTrue(Assumptions.java:66)
	at minebayd1.test.TestUser.testget(TestUser.java:961)
	at jdk.internal.reflect.GeneratedMethodAccessor6.invoke(Unknown Source)
	at java.base/jdk.internal.reflect.DelegatingMethodAccessorImpl.invoke(DelegatingMethodAccessorImpl.java:43)
	at java.base/java.lang.reflect.Method.invoke(Method.java:569)
	at org.junit.platform.commons.util.ReflectionUtils.invokeMethod(ReflectionUtils.java:688)
	at org.junit.jupiter.engine.execution.MethodInvocation.proceed(MethodInvocation.java:60)
	at org.junit.jupiter.engine.execution.InvocationInterceptorChain$ValidatingInvocation.proceed(InvocationInterceptorChain.java:131)
	at org.junit.jupiter.engine.extension.TimeoutExtension.intercept(TimeoutExtension.java:149)
	at org.junit.jupiter.engine.extension.TimeoutExtension.interceptTestableMethod(TimeoutExtension.java:140)
	at org.junit.jupiter.engine.extension.TimeoutExtension.interceptTestTemplateMethod(TimeoutExtension.java:92)
	at org.junit.jupiter.engine.execution.ExecutableInvoker$ReflectiveInterceptorCall.lambda$ofVoidMethod$0(ExecutableInvoker.java:115)
	at org.junit.jupiter.engine.execution.ExecutableInvoker.lambda$invoke$0(ExecutableInvoker.java:105)
	at org.junit.jupiter.engine.execution.InvocationInterceptorChain$InterceptedInvocation.proceed(InvocationInterceptorChain.java:106)
	at org.junit.jupiter.engine.execution.InvocationInterceptorChain.proceed(InvocationInterceptorChain.java:64)
	at org.junit.jupiter.engine.execution.InvocationInterceptorChain.chainAndInvoke(InvocationInterceptorChain.java:45)
	at org.junit.jupiter.engine.execution.InvocationInterceptorChain.invoke(InvocationInterceptorChain.java:37)
	at org.junit.jupiter.engine.execution.ExecutableInvoker.invoke(ExecutableInvoker.java:104)
	at org.junit.jupiter.engine.execution.ExecutableInvoker.invoke(ExecutableInvoker.java:98)
	at org.junit.jupiter.engine.descriptor.TestMethodTestDescriptor.lambda$invokeTestMethod$6(TestMethodTestDescriptor.java:210)
	at org.junit.platform.engine.support.hierarchical.ThrowableCollector.execute(ThrowableCollector.java:73)
	at org.junit.jupiter.engine.descriptor.TestMethodTestDescriptor.invokeTestMethod(TestMethodTestDescriptor.java:206)
	at org.junit.jupiter.engine.descriptor.TestMethodTestDescriptor.execute(TestMethodTestDescriptor.java:131)
	at org.junit.jupiter.engine.descriptor.TestMethodTestDescriptor.execute(TestMethodTestDescriptor.java:65)
	at org.junit.platform.engine.support.hierarchical.NodeTestTask.lambda$executeRecursively$5(NodeTestTask.java:139)
	at org.junit.platform.engine.support.hierarchical.ThrowableCollector.execute(ThrowableCollector.java:73)
	at org.junit.platform.engine.support.hierarchical.NodeTestTask.lambda$executeRecursively$7(NodeTestTask.java:129)
	at org.junit.platform.engine.support.hierarchical.Node.around(Node.java:137)
	at org.junit.platform.engine.support.hierarchical.NodeTestTask.lambda$executeRecursively$8(NodeTestTask.java:127)
	at org.junit.platform.engine.support.hierarchical.ThrowableCollector.execute(ThrowableCollector.java:73)
	at org.junit.platform.engine.support.hierarchical.NodeTestTask.executeRecursively(NodeTestTask.java:126)
	at org.junit.platform.engine.support.hierarchical.NodeTestTask.execute(NodeTestTask.java:84)
	at org.junit.platform.engine.support.hierarchical.SameThreadHierarchicalTestExecutorService.submit(SameThreadHierarchicalTestExecutorService.java:32)
	at org.junit.platform.engine.support.hierarchical.NodeTestTask$DefaultDynamicTestExecutor.execute(NodeTestTask.java:212)
	at org.junit.platform.engine.support.hierarchical.NodeTestTask$DefaultDynamicTestExecutor.execute(NodeTestTask.java:192)
	at org.junit.jupiter.engine.descriptor.TestTemplateTestDescriptor.execute(TestTemplateTestDescriptor.java:139)
	at org.junit.jupiter.engine.descriptor.TestTemplateTestDescriptor.lambda$execute$2(TestTemplateTestDescriptor.java:107)
	at java.base/java.util.stream.ForEachOps$ForEachOp$OfRef.accept(ForEachOps.java:183)
	at java.base/java.util.stream.ReferencePipeline$3$1.accept(ReferencePipeline.java:197)
	at java.base/java.util.stream.ReferencePipeline$2$1.accept(ReferencePipeline.java:179)
	at java.base/java.util.stream.ReferencePipeline$3$1.accept(ReferencePipeline.java:197)
	at java.base/java.util.stream.ForEachOps$ForEachOp$OfRef.accept(ForEachOps.java:183)
	at java.base/java.util.stream.ReferencePipeline$15$1.accept(ReferencePipeline.java:541)
	at java.base/java.util.stream.ReferencePipeline$3$1.accept(ReferencePipeline.java:197)
	at java.base/java.util.stream.ReferencePipeline$3$1.accept(ReferencePipeline.java:197)
	at java.base/java.util.stream.ReferencePipeline$3$1.accept(ReferencePipeline.java:197)
	at java.base/java.util.stream.ForEachOps$ForEachOp$OfRef.accept(ForEachOps.java:183)
	at java.base/java.util.stream.ReferencePipeline$3$1.accept(ReferencePipeline.java:197)
	at java.base/java.util.stream.ForEachOps$ForEachOp$OfRef.accept(ForEachOps.java:183)
	at java.base/java.util.stream.SliceOps$1$1.accept(SliceOps.java:200)
	at java.base/java.util.stream.StreamSpliterators$InfiniteSupplyingSpliterator$OfRef.tryAdvance(StreamSpliterators.java:1358)
	at java.base/java.util.stream.ReferencePipeline.forEachWithCancel(ReferencePipeline.java:129)
	at java.base/java.util.stream.AbstractPipeline.copyIntoWithCancel(AbstractPipeline.java:527)
	at java.base/java.util.stream.AbstractPipeline.copyInto(AbstractPipeline.java:513)
	at java.base/java.util.stream.AbstractPipeline.wrapAndCopyInto(AbstractPipeline.java:499)
	at java.base/java.util.stream.ForEachOps$ForEachOp.evaluateSequential(ForEachOps.java:150)
	at java.base/java.util.stream.ForEachOps$ForEachOp$OfRef.evaluateSequential(ForEachOps.java:173)
	at java.base/java.util.stream.AbstractPipeline.evaluate(AbstractPipeline.java:234)
	at java.base/java.util.stream.ReferencePipeline.forEach(ReferencePipeline.java:596)
	at java.base/java.util.stream.ReferencePipeline$7$1.accept(ReferencePipeline.java:276)
	at java.base/java.util.stream.ReferencePipeline$3$1.accept(ReferencePipeline.java:197)
	at java.base/java.util.stream.ReferencePipeline$3$1.accept(ReferencePipeline.java:197)
	at java.base/java.util.Spliterators$ArraySpliterator.forEachRemaining(Spliterators.java:992)
	at java.base/java.util.stream.AbstractPipeline.copyInto(AbstractPipeline.java:509)
	at java.base/java.util.stream.AbstractPipeline.wrapAndCopyInto(AbstractPipeline.java:499)
	at java.base/java.util.stream.ForEachOps$ForEachOp.evaluateSequential(ForEachOps.java:150)
	at java.base/java.util.stream.ForEachOps$ForEachOp$OfRef.evaluateSequential(ForEachOps.java:173)
	at java.base/java.util.stream.AbstractPipeline.evaluate(AbstractPipeline.java:234)
	at java.base/java.util.stream.ReferencePipeline.forEach(ReferencePipeline.java:596)
	at java.base/java.util.stream.ReferencePipeline$7$1.accept(ReferencePipeline.java:276)
	at java.base/java.util.stream.ReferencePipeline$3$1.accept(ReferencePipeline.java:197)
	at java.base/java.util.stream.ReferencePipeline$3$1.accept(ReferencePipeline.java:197)
	at java.base/java.util.stream.ReferencePipeline$3$1.accept(ReferencePipeline.java:197)
	at java.base/java.util.ArrayList$ArrayListSpliterator.forEachRemaining(ArrayList.java:1625)
	at java.base/java.util.stream.AbstractPipeline.copyInto(AbstractPipeline.java:509)
	at java.base/java.util.stream.AbstractPipeline.wrapAndCopyInto(AbstractPipeline.java:499)
	at java.base/java.util.stream.ForEachOps$ForEachOp.evaluateSequential(ForEachOps.java:150)
	at java.base/java.util.stream.ForEachOps$ForEachOp$OfRef.evaluateSequential(ForEachOps.java:173)
	at java.base/java.util.stream.AbstractPipeline.evaluate(AbstractPipeline.java:234)
	at java.base/java.util.stream.ReferencePipeline.forEach(ReferencePipeline.java:596)
	at java.base/java.util.stream.ReferencePipeline$7$1.accept(ReferencePipeline.java:276)
	at java.base/java.util.ArrayList$ArrayListSpliterator.forEachRemaining(ArrayList.java:1625)
	at java.base/java.util.stream.AbstractPipeline.copyInto(AbstractPipeline.java:509)
	at java.base/java.util.stream.AbstractPipeline.wrapAndCopyInto(AbstractPipeline.java:499)
	at java.base/java.util.stream.ForEachOps$ForEachOp.evaluateSequential(ForEachOps.java:150)
	at java.base/java.util.stream.ForEachOps$ForEachOp$OfRef.evaluateSequential(ForEachOps.java:173)
	at java.base/java.util.stream.AbstractPipeline.evaluate(AbstractPipeline.java:234)
	at java.base/java.util.stream.ReferencePipeline.forEach(ReferencePipeline.java:596)
	at org.junit.jupiter.engine.descriptor.TestTemplateTestDescriptor.execute(TestTemplateTestDescriptor.java:107)
	at org.junit.jupiter.engine.descriptor.TestTemplateTestDescriptor.execute(TestTemplateTestDescriptor.java:42)
	at org.junit.platform.engine.support.hierarchical.NodeTestTask.lambda$executeRecursively$5(NodeTestTask.java:139)
	at org.junit.platform.engine.support.hierarchical.ThrowableCollector.execute(ThrowableCollector.java:73)
	at org.junit.platform.engine.support.hierarchical.NodeTestTask.lambda$executeRecursively$7(NodeTestTask.java:129)
	at org.junit.platform.engine.support.hierarchical.Node.around(Node.java:137)
	at org.junit.platform.engine.support.hierarchical.NodeTestTask.lambda$executeRecursively$8(NodeTestTask.java:127)
	at org.junit.platform.engine.support.hierarchical.ThrowableCollector.execute(ThrowableCollector.java:73)
	at org.junit.platform.engine.support.hierarchical.NodeTestTask.executeRecursively(NodeTestTask.java:126)
	at org.junit.platform.engine.support.hierarchical.NodeTestTask.execute(NodeTestTask.java:84)
	at java.base/java.util.ArrayList.forEach(ArrayList.java:1511)
	at org.junit.platform.engine.support.hierarchical.SameThreadHierarchicalTestExecutorService.invokeAll(SameThreadHierarchicalTestExecutorService.java:38)
	at org.junit.platform.engine.support.hierarchical.NodeTestTask.lambda$executeRecursively$5(NodeTestTask.java:143)
	at org.junit.platform.engine.support.hierarchical.ThrowableCollector.execute(ThrowableCollector.java:73)
	at org.junit.platform.engine.support.hierarchical.NodeTestTask.lambda$executeRecursively$7(NodeTestTask.java:129)
	at org.junit.platform.engine.support.hierarchical.Node.around(Node.java:137)
	at org.junit.platform.engine.support.hierarchical.NodeTestTask.lambda$executeRecursively$8(NodeTestTask.java:127)
	at org.junit.platform.engine.support.hierarchical.ThrowableCollector.execute(ThrowableCollector.java:73)
	at org.junit.platform.engine.support.hierarchical.NodeTestTask.executeRecursively(NodeTestTask.java:126)
	at org.junit.platform.engine.support.hierarchical.NodeTestTask.execute(NodeTestTask.java:84)
	at java.base/java.util.ArrayList.forEach(ArrayList.java:1511)
	at org.junit.platform.engine.support.hierarchical.SameThreadHierarchicalTestExecutorService.invokeAll(SameThreadHierarchicalTestExecutorService.java:38)
	at org.junit.platform.engine.support.hierarchical.NodeTestTask.lambda$executeRecursively$5(NodeTestTask.java:143)
	at org.junit.platform.engine.support.hierarchical.ThrowableCollector.execute(ThrowableCollector.java:73)
	at org.junit.platform.engine.support.hierarchical.NodeTestTask.lambda$executeRecursively$7(NodeTestTask.java:129)
	at org.junit.platform.engine.support.hierarchical.Node.around(Node.java:137)
	at org.junit.platform.engine.support.hierarchical.NodeTestTask.lambda$executeRecursively$8(NodeTestTask.java:127)
	at org.junit.platform.engine.support.hierarchical.ThrowableCollector.execute(ThrowableCollector.java:73)
	at org.junit.platform.engine.support.hierarchical.NodeTestTask.executeRecursively(NodeTestTask.java:126)
	at org.junit.platform.engine.support.hierarchical.NodeTestTask.execute(NodeTestTask.java:84)
	at org.junit.platform.engine.support.hierarchical.SameThreadHierarchicalTestExecutorService.submit(SameThreadHierarchicalTestExecutorService.java:32)
	at org.junit.platform.engine.support.hierarchical.HierarchicalTestExecutor.execute(HierarchicalTestExecutor.java:57)
	at org.junit.platform.engine.support.hierarchical.HierarchicalTestEngine.execute(HierarchicalTestEngine.java:51)
	at org.junit.platform.launcher.core.EngineExecutionOrchestrator.execute(EngineExecutionOrchestrator.java:108)
	at org.junit.platform.launcher.core.EngineExecutionOrchestrator.execute(EngineExecutionOrchestrator.java:88)
	at org.junit.platform.launcher.core.EngineExecutionOrchestrator.lambda$execute$0(EngineExecutionOrchestrator.java:54)
	at org.junit.platform.launcher.core.EngineExecutionOrchestrator.withInterceptedStreams(EngineExecutionOrchestrator.java:67)
	at org.junit.platform.launcher.core.EngineExecutionOrchestrator.execute(EngineExecutionOrchestrator.java:52)
	at org.junit.platform.launcher.core.DefaultLauncher.execute(DefaultLauncher.java:96)
	at org.junit.platform.launcher.core.DefaultLauncher.execute(DefaultLauncher.java:75)
	at org.junit.platform.console.tasks.ConsoleTestExecutor.executeTests(ConsoleTestExecutor.java:66)
	at org.junit.platform.console.tasks.ConsoleTestExecutor.lambda$execute$0(ConsoleTestExecutor.java:58)
	at org.junit.platform.console.tasks.CustomContextClassLoaderExecutor.replaceThreadContextClassLoaderAndInvoke(CustomContextClassLoaderExecutor.java:41)
	at org.junit.platform.console.tasks.CustomContextClassLoaderExecutor.invoke(CustomContextClassLoaderExecutor.java:31)
	at org.junit.platform.console.tasks.ConsoleTestExecutor.execute(ConsoleTestExecutor.java:58)
	at org.junit.platform.console.ConsoleLauncher.executeTests(ConsoleLauncher.java:95)
	at org.junit.platform.console.ConsoleLauncher.execute(ConsoleLauncher.java:73)
	at org.junit.platform.console.ConsoleLauncher.execute(ConsoleLauncher.java:50)
	at org.junit.platform.console.ConsoleLauncher.execute(ConsoleLauncher.java:43)
	at org.junit.platform.console.ConsoleLauncher.main(ConsoleLauncher.java:37)
]]></skipped>
<system-out><![CDATA[
unique-id: [engine:junit-jupiter]/[class:minebayd1.test.TestUser]/[test-template:testget(minebayd1.User, minebayd1.AdState, java.util.Optional, int)]/[test-template-invocation:#93]
display-name: [93] Nima a 50 annonces ouvertes, 1 annonces fermées et 4 achats 
, OPEN, Optional[COMPUTERS], 7
]]></system-out>
</testcase>
<testcase name="testget(User, AdState, Optional, int)[94]" classname="minebayd1.test.TestUser" time="0.002">
<system-out><![CDATA[
unique-id: [engine:junit-jupiter]/[class:minebayd1.test.TestUser]/[test-template:testget(minebayd1.User, minebayd1.AdState, java.util.Optional, int)]/[test-template-invocation:#94]
display-name: [94] Sheraz a 49 annonces ouvertes, 3 annonces fermées et 6 achats 
, CLOSED, Optional[CLOTHES], 0
]]></system-out>
</testcase>
<testcase name="testget(User, AdState, Optional, int)[95]" classname="minebayd1.test.TestUser" time="0.002">
<system-out><![CDATA[
unique-id: [engine:junit-jupiter]/[class:minebayd1.test.TestUser]/[test-template:testget(minebayd1.User, minebayd1.AdState, java.util.Optional, int)]/[test-template-invocation:#95]
display-name: [95] Aliou a 50 annonces ouvertes, 3 annonces fermées et 2 achats 
, PURCHASE, Optional[COMPUTERS], 1
]]></system-out>
</testcase>
<testcase name="testget(User, AdState, Optional, int)[96]" classname="minebayd1.test.TestUser" time="0">
<skipped><![CDATA[org.opentest4j.TestAbortedException: Assumption failed: assumption is not true
	at org.junit.jupiter.api.Assumptions.throwTestAbortedException(Assumptions.java:256)
	at org.junit.jupiter.api.Assumptions.assumeTrue(Assumptions.java:115)
	at org.junit.jupiter.api.Assumptions.assumeTrue(Assumptions.java:66)
	at minebayd1.test.TestUser.testget(TestUser.java:961)
	at jdk.internal.reflect.GeneratedMethodAccessor6.invoke(Unknown Source)
	at java.base/jdk.internal.reflect.DelegatingMethodAccessorImpl.invoke(DelegatingMethodAccessorImpl.java:43)
	at java.base/java.lang.reflect.Method.invoke(Method.java:569)
	at org.junit.platform.commons.util.ReflectionUtils.invokeMethod(ReflectionUtils.java:688)
	at org.junit.jupiter.engine.execution.MethodInvocation.proceed(MethodInvocation.java:60)
	at org.junit.jupiter.engine.execution.InvocationInterceptorChain$ValidatingInvocation.proceed(InvocationInterceptorChain.java:131)
	at org.junit.jupiter.engine.extension.TimeoutExtension.intercept(TimeoutExtension.java:149)
	at org.junit.jupiter.engine.extension.TimeoutExtension.interceptTestableMethod(TimeoutExtension.java:140)
	at org.junit.jupiter.engine.extension.TimeoutExtension.interceptTestTemplateMethod(TimeoutExtension.java:92)
	at org.junit.jupiter.engine.execution.ExecutableInvoker$ReflectiveInterceptorCall.lambda$ofVoidMethod$0(ExecutableInvoker.java:115)
	at org.junit.jupiter.engine.execution.ExecutableInvoker.lambda$invoke$0(ExecutableInvoker.java:105)
	at org.junit.jupiter.engine.execution.InvocationInterceptorChain$InterceptedInvocation.proceed(InvocationInterceptorChain.java:106)
	at org.junit.jupiter.engine.execution.InvocationInterceptorChain.proceed(InvocationInterceptorChain.java:64)
	at org.junit.jupiter.engine.execution.InvocationInterceptorChain.chainAndInvoke(InvocationInterceptorChain.java:45)
	at org.junit.jupiter.engine.execution.InvocationInterceptorChain.invoke(InvocationInterceptorChain.java:37)
	at org.junit.jupiter.engine.execution.ExecutableInvoker.invoke(ExecutableInvoker.java:104)
	at org.junit.jupiter.engine.execution.ExecutableInvoker.invoke(ExecutableInvoker.java:98)
	at org.junit.jupiter.engine.descriptor.TestMethodTestDescriptor.lambda$invokeTestMethod$6(TestMethodTestDescriptor.java:210)
	at org.junit.platform.engine.support.hierarchical.ThrowableCollector.execute(ThrowableCollector.java:73)
	at org.junit.jupiter.engine.descriptor.TestMethodTestDescriptor.invokeTestMethod(TestMethodTestDescriptor.java:206)
	at org.junit.jupiter.engine.descriptor.TestMethodTestDescriptor.execute(TestMethodTestDescriptor.java:131)
	at org.junit.jupiter.engine.descriptor.TestMethodTestDescriptor.execute(TestMethodTestDescriptor.java:65)
	at org.junit.platform.engine.support.hierarchical.NodeTestTask.lambda$executeRecursively$5(NodeTestTask.java:139)
	at org.junit.platform.engine.support.hierarchical.ThrowableCollector.execute(ThrowableCollector.java:73)
	at org.junit.platform.engine.support.hierarchical.NodeTestTask.lambda$executeRecursively$7(NodeTestTask.java:129)
	at org.junit.platform.engine.support.hierarchical.Node.around(Node.java:137)
	at org.junit.platform.engine.support.hierarchical.NodeTestTask.lambda$executeRecursively$8(NodeTestTask.java:127)
	at org.junit.platform.engine.support.hierarchical.ThrowableCollector.execute(ThrowableCollector.java:73)
	at org.junit.platform.engine.support.hierarchical.NodeTestTask.executeRecursively(NodeTestTask.java:126)
	at org.junit.platform.engine.support.hierarchical.NodeTestTask.execute(NodeTestTask.java:84)
	at org.junit.platform.engine.support.hierarchical.SameThreadHierarchicalTestExecutorService.submit(SameThreadHierarchicalTestExecutorService.java:32)
	at org.junit.platform.engine.support.hierarchical.NodeTestTask$DefaultDynamicTestExecutor.execute(NodeTestTask.java:212)
	at org.junit.platform.engine.support.hierarchical.NodeTestTask$DefaultDynamicTestExecutor.execute(NodeTestTask.java:192)
	at org.junit.jupiter.engine.descriptor.TestTemplateTestDescriptor.execute(TestTemplateTestDescriptor.java:139)
	at org.junit.jupiter.engine.descriptor.TestTemplateTestDescriptor.lambda$execute$2(TestTemplateTestDescriptor.java:107)
	at java.base/java.util.stream.ForEachOps$ForEachOp$OfRef.accept(ForEachOps.java:183)
	at java.base/java.util.stream.ReferencePipeline$3$1.accept(ReferencePipeline.java:197)
	at java.base/java.util.stream.ReferencePipeline$2$1.accept(ReferencePipeline.java:179)
	at java.base/java.util.stream.ReferencePipeline$3$1.accept(ReferencePipeline.java:197)
	at java.base/java.util.stream.ForEachOps$ForEachOp$OfRef.accept(ForEachOps.java:183)
	at java.base/java.util.stream.ReferencePipeline$15$1.accept(ReferencePipeline.java:541)
	at java.base/java.util.stream.ReferencePipeline$3$1.accept(ReferencePipeline.java:197)
	at java.base/java.util.stream.ReferencePipeline$3$1.accept(ReferencePipeline.java:197)
	at java.base/java.util.stream.ReferencePipeline$3$1.accept(ReferencePipeline.java:197)
	at java.base/java.util.stream.ForEachOps$ForEachOp$OfRef.accept(ForEachOps.java:183)
	at java.base/java.util.stream.ReferencePipeline$3$1.accept(ReferencePipeline.java:197)
	at java.base/java.util.stream.ForEachOps$ForEachOp$OfRef.accept(ForEachOps.java:183)
	at java.base/java.util.stream.SliceOps$1$1.accept(SliceOps.java:200)
	at java.base/java.util.stream.StreamSpliterators$InfiniteSupplyingSpliterator$OfRef.tryAdvance(StreamSpliterators.java:1358)
	at java.base/java.util.stream.ReferencePipeline.forEachWithCancel(ReferencePipeline.java:129)
	at java.base/java.util.stream.AbstractPipeline.copyIntoWithCancel(AbstractPipeline.java:527)
	at java.base/java.util.stream.AbstractPipeline.copyInto(AbstractPipeline.java:513)
	at java.base/java.util.stream.AbstractPipeline.wrapAndCopyInto(AbstractPipeline.java:499)
	at java.base/java.util.stream.ForEachOps$ForEachOp.evaluateSequential(ForEachOps.java:150)
	at java.base/java.util.stream.ForEachOps$ForEachOp$OfRef.evaluateSequential(ForEachOps.java:173)
	at java.base/java.util.stream.AbstractPipeline.evaluate(AbstractPipeline.java:234)
	at java.base/java.util.stream.ReferencePipeline.forEach(ReferencePipeline.java:596)
	at java.base/java.util.stream.ReferencePipeline$7$1.accept(ReferencePipeline.java:276)
	at java.base/java.util.stream.ReferencePipeline$3$1.accept(ReferencePipeline.java:197)
	at java.base/java.util.stream.ReferencePipeline$3$1.accept(ReferencePipeline.java:197)
	at java.base/java.util.Spliterators$ArraySpliterator.forEachRemaining(Spliterators.java:992)
	at java.base/java.util.stream.AbstractPipeline.copyInto(AbstractPipeline.java:509)
	at java.base/java.util.stream.AbstractPipeline.wrapAndCopyInto(AbstractPipeline.java:499)
	at java.base/java.util.stream.ForEachOps$ForEachOp.evaluateSequential(ForEachOps.java:150)
	at java.base/java.util.stream.ForEachOps$ForEachOp$OfRef.evaluateSequential(ForEachOps.java:173)
	at java.base/java.util.stream.AbstractPipeline.evaluate(AbstractPipeline.java:234)
	at java.base/java.util.stream.ReferencePipeline.forEach(ReferencePipeline.java:596)
	at java.base/java.util.stream.ReferencePipeline$7$1.accept(ReferencePipeline.java:276)
	at java.base/java.util.stream.ReferencePipeline$3$1.accept(ReferencePipeline.java:197)
	at java.base/java.util.stream.ReferencePipeline$3$1.accept(ReferencePipeline.java:197)
	at java.base/java.util.stream.ReferencePipeline$3$1.accept(ReferencePipeline.java:197)
	at java.base/java.util.ArrayList$ArrayListSpliterator.forEachRemaining(ArrayList.java:1625)
	at java.base/java.util.stream.AbstractPipeline.copyInto(AbstractPipeline.java:509)
	at java.base/java.util.stream.AbstractPipeline.wrapAndCopyInto(AbstractPipeline.java:499)
	at java.base/java.util.stream.ForEachOps$ForEachOp.evaluateSequential(ForEachOps.java:150)
	at java.base/java.util.stream.ForEachOps$ForEachOp$OfRef.evaluateSequential(ForEachOps.java:173)
	at java.base/java.util.stream.AbstractPipeline.evaluate(AbstractPipeline.java:234)
	at java.base/java.util.stream.ReferencePipeline.forEach(ReferencePipeline.java:596)
	at java.base/java.util.stream.ReferencePipeline$7$1.accept(ReferencePipeline.java:276)
	at java.base/java.util.ArrayList$ArrayListSpliterator.forEachRemaining(ArrayList.java:1625)
	at java.base/java.util.stream.AbstractPipeline.copyInto(AbstractPipeline.java:509)
	at java.base/java.util.stream.AbstractPipeline.wrapAndCopyInto(AbstractPipeline.java:499)
	at java.base/java.util.stream.ForEachOps$ForEachOp.evaluateSequential(ForEachOps.java:150)
	at java.base/java.util.stream.ForEachOps$ForEachOp$OfRef.evaluateSequential(ForEachOps.java:173)
	at java.base/java.util.stream.AbstractPipeline.evaluate(AbstractPipeline.java:234)
	at java.base/java.util.stream.ReferencePipeline.forEach(ReferencePipeline.java:596)
	at org.junit.jupiter.engine.descriptor.TestTemplateTestDescriptor.execute(TestTemplateTestDescriptor.java:107)
	at org.junit.jupiter.engine.descriptor.TestTemplateTestDescriptor.execute(TestTemplateTestDescriptor.java:42)
	at org.junit.platform.engine.support.hierarchical.NodeTestTask.lambda$executeRecursively$5(NodeTestTask.java:139)
	at org.junit.platform.engine.support.hierarchical.ThrowableCollector.execute(ThrowableCollector.java:73)
	at org.junit.platform.engine.support.hierarchical.NodeTestTask.lambda$executeRecursively$7(NodeTestTask.java:129)
	at org.junit.platform.engine.support.hierarchical.Node.around(Node.java:137)
	at org.junit.platform.engine.support.hierarchical.NodeTestTask.lambda$executeRecursively$8(NodeTestTask.java:127)
	at org.junit.platform.engine.support.hierarchical.ThrowableCollector.execute(ThrowableCollector.java:73)
	at org.junit.platform.engine.support.hierarchical.NodeTestTask.executeRecursively(NodeTestTask.java:126)
	at org.junit.platform.engine.support.hierarchical.NodeTestTask.execute(NodeTestTask.java:84)
	at java.base/java.util.ArrayList.forEach(ArrayList.java:1511)
	at org.junit.platform.engine.support.hierarchical.SameThreadHierarchicalTestExecutorService.invokeAll(SameThreadHierarchicalTestExecutorService.java:38)
	at org.junit.platform.engine.support.hierarchical.NodeTestTask.lambda$executeRecursively$5(NodeTestTask.java:143)
	at org.junit.platform.engine.support.hierarchical.ThrowableCollector.execute(ThrowableCollector.java:73)
	at org.junit.platform.engine.support.hierarchical.NodeTestTask.lambda$executeRecursively$7(NodeTestTask.java:129)
	at org.junit.platform.engine.support.hierarchical.Node.around(Node.java:137)
	at org.junit.platform.engine.support.hierarchical.NodeTestTask.lambda$executeRecursively$8(NodeTestTask.java:127)
	at org.junit.platform.engine.support.hierarchical.ThrowableCollector.execute(ThrowableCollector.java:73)
	at org.junit.platform.engine.support.hierarchical.NodeTestTask.executeRecursively(NodeTestTask.java:126)
	at org.junit.platform.engine.support.hierarchical.NodeTestTask.execute(NodeTestTask.java:84)
	at java.base/java.util.ArrayList.forEach(ArrayList.java:1511)
	at org.junit.platform.engine.support.hierarchical.SameThreadHierarchicalTestExecutorService.invokeAll(SameThreadHierarchicalTestExecutorService.java:38)
	at org.junit.platform.engine.support.hierarchical.NodeTestTask.lambda$executeRecursively$5(NodeTestTask.java:143)
	at org.junit.platform.engine.support.hierarchical.ThrowableCollector.execute(ThrowableCollector.java:73)
	at org.junit.platform.engine.support.hierarchical.NodeTestTask.lambda$executeRecursively$7(NodeTestTask.java:129)
	at org.junit.platform.engine.support.hierarchical.Node.around(Node.java:137)
	at org.junit.platform.engine.support.hierarchical.NodeTestTask.lambda$executeRecursively$8(NodeTestTask.java:127)
	at org.junit.platform.engine.support.hierarchical.ThrowableCollector.execute(ThrowableCollector.java:73)
	at org.junit.platform.engine.support.hierarchical.NodeTestTask.executeRecursively(NodeTestTask.java:126)
	at org.junit.platform.engine.support.hierarchical.NodeTestTask.execute(NodeTestTask.java:84)
	at org.junit.platform.engine.support.hierarchical.SameThreadHierarchicalTestExecutorService.submit(SameThreadHierarchicalTestExecutorService.java:32)
	at org.junit.platform.engine.support.hierarchical.HierarchicalTestExecutor.execute(HierarchicalTestExecutor.java:57)
	at org.junit.platform.engine.support.hierarchical.HierarchicalTestEngine.execute(HierarchicalTestEngine.java:51)
	at org.junit.platform.launcher.core.EngineExecutionOrchestrator.execute(EngineExecutionOrchestrator.java:108)
	at org.junit.platform.launcher.core.EngineExecutionOrchestrator.execute(EngineExecutionOrchestrator.java:88)
	at org.junit.platform.launcher.core.EngineExecutionOrchestrator.lambda$execute$0(EngineExecutionOrchestrator.java:54)
	at org.junit.platform.launcher.core.EngineExecutionOrchestrator.withInterceptedStreams(EngineExecutionOrchestrator.java:67)
	at org.junit.platform.launcher.core.EngineExecutionOrchestrator.execute(EngineExecutionOrchestrator.java:52)
	at org.junit.platform.launcher.core.DefaultLauncher.execute(DefaultLauncher.java:96)
	at org.junit.platform.launcher.core.DefaultLauncher.execute(DefaultLauncher.java:75)
	at org.junit.platform.console.tasks.ConsoleTestExecutor.executeTests(ConsoleTestExecutor.java:66)
	at org.junit.platform.console.tasks.ConsoleTestExecutor.lambda$execute$0(ConsoleTestExecutor.java:58)
	at org.junit.platform.console.tasks.CustomContextClassLoaderExecutor.replaceThreadContextClassLoaderAndInvoke(CustomContextClassLoaderExecutor.java:41)
	at org.junit.platform.console.tasks.CustomContextClassLoaderExecutor.invoke(CustomContextClassLoaderExecutor.java:31)
	at org.junit.platform.console.tasks.ConsoleTestExecutor.execute(ConsoleTestExecutor.java:58)
	at org.junit.platform.console.ConsoleLauncher.executeTests(ConsoleLauncher.java:95)
	at org.junit.platform.console.ConsoleLauncher.execute(ConsoleLauncher.java:73)
	at org.junit.platform.console.ConsoleLauncher.execute(ConsoleLauncher.java:50)
	at org.junit.platform.console.ConsoleLauncher.execute(ConsoleLauncher.java:43)
	at org.junit.platform.console.ConsoleLauncher.main(ConsoleLauncher.java:37)
]]></skipped>
<system-out><![CDATA[
unique-id: [engine:junit-jupiter]/[class:minebayd1.test.TestUser]/[test-template:testget(minebayd1.User, minebayd1.AdState, java.util.Optional, int)]/[test-template-invocation:#96]
display-name: [96] Marc a 55 annonces ouvertes, 1 annonces fermées et 2 achats 
, CLOSED, Optional[GAMES], 0
]]></system-out>
</testcase>
<testcase name="testget(User, AdState, Optional, int)[97]" classname="minebayd1.test.TestUser" time="0.001">
<skipped><![CDATA[org.opentest4j.TestAbortedException: Assumption failed: assumption is not true
	at org.junit.jupiter.api.Assumptions.throwTestAbortedException(Assumptions.java:256)
	at org.junit.jupiter.api.Assumptions.assumeTrue(Assumptions.java:115)
	at org.junit.jupiter.api.Assumptions.assumeTrue(Assumptions.java:66)
	at minebayd1.test.TestUser.testget(TestUser.java:961)
	at jdk.internal.reflect.GeneratedMethodAccessor6.invoke(Unknown Source)
	at java.base/jdk.internal.reflect.DelegatingMethodAccessorImpl.invoke(DelegatingMethodAccessorImpl.java:43)
	at java.base/java.lang.reflect.Method.invoke(Method.java:569)
	at org.junit.platform.commons.util.ReflectionUtils.invokeMethod(ReflectionUtils.java:688)
	at org.junit.jupiter.engine.execution.MethodInvocation.proceed(MethodInvocation.java:60)
	at org.junit.jupiter.engine.execution.InvocationInterceptorChain$ValidatingInvocation.proceed(InvocationInterceptorChain.java:131)
	at org.junit.jupiter.engine.extension.TimeoutExtension.intercept(TimeoutExtension.java:149)
	at org.junit.jupiter.engine.extension.TimeoutExtension.interceptTestableMethod(TimeoutExtension.java:140)
	at org.junit.jupiter.engine.extension.TimeoutExtension.interceptTestTemplateMethod(TimeoutExtension.java:92)
	at org.junit.jupiter.engine.execution.ExecutableInvoker$ReflectiveInterceptorCall.lambda$ofVoidMethod$0(ExecutableInvoker.java:115)
	at org.junit.jupiter.engine.execution.ExecutableInvoker.lambda$invoke$0(ExecutableInvoker.java:105)
	at org.junit.jupiter.engine.execution.InvocationInterceptorChain$InterceptedInvocation.proceed(InvocationInterceptorChain.java:106)
	at org.junit.jupiter.engine.execution.InvocationInterceptorChain.proceed(InvocationInterceptorChain.java:64)
	at org.junit.jupiter.engine.execution.InvocationInterceptorChain.chainAndInvoke(InvocationInterceptorChain.java:45)
	at org.junit.jupiter.engine.execution.InvocationInterceptorChain.invoke(InvocationInterceptorChain.java:37)
	at org.junit.jupiter.engine.execution.ExecutableInvoker.invoke(ExecutableInvoker.java:104)
	at org.junit.jupiter.engine.execution.ExecutableInvoker.invoke(ExecutableInvoker.java:98)
	at org.junit.jupiter.engine.descriptor.TestMethodTestDescriptor.lambda$invokeTestMethod$6(TestMethodTestDescriptor.java:210)
	at org.junit.platform.engine.support.hierarchical.ThrowableCollector.execute(ThrowableCollector.java:73)
	at org.junit.jupiter.engine.descriptor.TestMethodTestDescriptor.invokeTestMethod(TestMethodTestDescriptor.java:206)
	at org.junit.jupiter.engine.descriptor.TestMethodTestDescriptor.execute(TestMethodTestDescriptor.java:131)
	at org.junit.jupiter.engine.descriptor.TestMethodTestDescriptor.execute(TestMethodTestDescriptor.java:65)
	at org.junit.platform.engine.support.hierarchical.NodeTestTask.lambda$executeRecursively$5(NodeTestTask.java:139)
	at org.junit.platform.engine.support.hierarchical.ThrowableCollector.execute(ThrowableCollector.java:73)
	at org.junit.platform.engine.support.hierarchical.NodeTestTask.lambda$executeRecursively$7(NodeTestTask.java:129)
	at org.junit.platform.engine.support.hierarchical.Node.around(Node.java:137)
	at org.junit.platform.engine.support.hierarchical.NodeTestTask.lambda$executeRecursively$8(NodeTestTask.java:127)
	at org.junit.platform.engine.support.hierarchical.ThrowableCollector.execute(ThrowableCollector.java:73)
	at org.junit.platform.engine.support.hierarchical.NodeTestTask.executeRecursively(NodeTestTask.java:126)
	at org.junit.platform.engine.support.hierarchical.NodeTestTask.execute(NodeTestTask.java:84)
	at org.junit.platform.engine.support.hierarchical.SameThreadHierarchicalTestExecutorService.submit(SameThreadHierarchicalTestExecutorService.java:32)
	at org.junit.platform.engine.support.hierarchical.NodeTestTask$DefaultDynamicTestExecutor.execute(NodeTestTask.java:212)
	at org.junit.platform.engine.support.hierarchical.NodeTestTask$DefaultDynamicTestExecutor.execute(NodeTestTask.java:192)
	at org.junit.jupiter.engine.descriptor.TestTemplateTestDescriptor.execute(TestTemplateTestDescriptor.java:139)
	at org.junit.jupiter.engine.descriptor.TestTemplateTestDescriptor.lambda$execute$2(TestTemplateTestDescriptor.java:107)
	at java.base/java.util.stream.ForEachOps$ForEachOp$OfRef.accept(ForEachOps.java:183)
	at java.base/java.util.stream.ReferencePipeline$3$1.accept(ReferencePipeline.java:197)
	at java.base/java.util.stream.ReferencePipeline$2$1.accept(ReferencePipeline.java:179)
	at java.base/java.util.stream.ReferencePipeline$3$1.accept(ReferencePipeline.java:197)
	at java.base/java.util.stream.ForEachOps$ForEachOp$OfRef.accept(ForEachOps.java:183)
	at java.base/java.util.stream.ReferencePipeline$15$1.accept(ReferencePipeline.java:541)
	at java.base/java.util.stream.ReferencePipeline$3$1.accept(ReferencePipeline.java:197)
	at java.base/java.util.stream.ReferencePipeline$3$1.accept(ReferencePipeline.java:197)
	at java.base/java.util.stream.ReferencePipeline$3$1.accept(ReferencePipeline.java:197)
	at java.base/java.util.stream.ForEachOps$ForEachOp$OfRef.accept(ForEachOps.java:183)
	at java.base/java.util.stream.ReferencePipeline$3$1.accept(ReferencePipeline.java:197)
	at java.base/java.util.stream.ForEachOps$ForEachOp$OfRef.accept(ForEachOps.java:183)
	at java.base/java.util.stream.SliceOps$1$1.accept(SliceOps.java:200)
	at java.base/java.util.stream.StreamSpliterators$InfiniteSupplyingSpliterator$OfRef.tryAdvance(StreamSpliterators.java:1358)
	at java.base/java.util.stream.ReferencePipeline.forEachWithCancel(ReferencePipeline.java:129)
	at java.base/java.util.stream.AbstractPipeline.copyIntoWithCancel(AbstractPipeline.java:527)
	at java.base/java.util.stream.AbstractPipeline.copyInto(AbstractPipeline.java:513)
	at java.base/java.util.stream.AbstractPipeline.wrapAndCopyInto(AbstractPipeline.java:499)
	at java.base/java.util.stream.ForEachOps$ForEachOp.evaluateSequential(ForEachOps.java:150)
	at java.base/java.util.stream.ForEachOps$ForEachOp$OfRef.evaluateSequential(ForEachOps.java:173)
	at java.base/java.util.stream.AbstractPipeline.evaluate(AbstractPipeline.java:234)
	at java.base/java.util.stream.ReferencePipeline.forEach(ReferencePipeline.java:596)
	at java.base/java.util.stream.ReferencePipeline$7$1.accept(ReferencePipeline.java:276)
	at java.base/java.util.stream.ReferencePipeline$3$1.accept(ReferencePipeline.java:197)
	at java.base/java.util.stream.ReferencePipeline$3$1.accept(ReferencePipeline.java:197)
	at java.base/java.util.Spliterators$ArraySpliterator.forEachRemaining(Spliterators.java:992)
	at java.base/java.util.stream.AbstractPipeline.copyInto(AbstractPipeline.java:509)
	at java.base/java.util.stream.AbstractPipeline.wrapAndCopyInto(AbstractPipeline.java:499)
	at java.base/java.util.stream.ForEachOps$ForEachOp.evaluateSequential(ForEachOps.java:150)
	at java.base/java.util.stream.ForEachOps$ForEachOp$OfRef.evaluateSequential(ForEachOps.java:173)
	at java.base/java.util.stream.AbstractPipeline.evaluate(AbstractPipeline.java:234)
	at java.base/java.util.stream.ReferencePipeline.forEach(ReferencePipeline.java:596)
	at java.base/java.util.stream.ReferencePipeline$7$1.accept(ReferencePipeline.java:276)
	at java.base/java.util.stream.ReferencePipeline$3$1.accept(ReferencePipeline.java:197)
	at java.base/java.util.stream.ReferencePipeline$3$1.accept(ReferencePipeline.java:197)
	at java.base/java.util.stream.ReferencePipeline$3$1.accept(ReferencePipeline.java:197)
	at java.base/java.util.ArrayList$ArrayListSpliterator.forEachRemaining(ArrayList.java:1625)
	at java.base/java.util.stream.AbstractPipeline.copyInto(AbstractPipeline.java:509)
	at java.base/java.util.stream.AbstractPipeline.wrapAndCopyInto(AbstractPipeline.java:499)
	at java.base/java.util.stream.ForEachOps$ForEachOp.evaluateSequential(ForEachOps.java:150)
	at java.base/java.util.stream.ForEachOps$ForEachOp$OfRef.evaluateSequential(ForEachOps.java:173)
	at java.base/java.util.stream.AbstractPipeline.evaluate(AbstractPipeline.java:234)
	at java.base/java.util.stream.ReferencePipeline.forEach(ReferencePipeline.java:596)
	at java.base/java.util.stream.ReferencePipeline$7$1.accept(ReferencePipeline.java:276)
	at java.base/java.util.ArrayList$ArrayListSpliterator.forEachRemaining(ArrayList.java:1625)
	at java.base/java.util.stream.AbstractPipeline.copyInto(AbstractPipeline.java:509)
	at java.base/java.util.stream.AbstractPipeline.wrapAndCopyInto(AbstractPipeline.java:499)
	at java.base/java.util.stream.ForEachOps$ForEachOp.evaluateSequential(ForEachOps.java:150)
	at java.base/java.util.stream.ForEachOps$ForEachOp$OfRef.evaluateSequential(ForEachOps.java:173)
	at java.base/java.util.stream.AbstractPipeline.evaluate(AbstractPipeline.java:234)
	at java.base/java.util.stream.ReferencePipeline.forEach(ReferencePipeline.java:596)
	at org.junit.jupiter.engine.descriptor.TestTemplateTestDescriptor.execute(TestTemplateTestDescriptor.java:107)
	at org.junit.jupiter.engine.descriptor.TestTemplateTestDescriptor.execute(TestTemplateTestDescriptor.java:42)
	at org.junit.platform.engine.support.hierarchical.NodeTestTask.lambda$executeRecursively$5(NodeTestTask.java:139)
	at org.junit.platform.engine.support.hierarchical.ThrowableCollector.execute(ThrowableCollector.java:73)
	at org.junit.platform.engine.support.hierarchical.NodeTestTask.lambda$executeRecursively$7(NodeTestTask.java:129)
	at org.junit.platform.engine.support.hierarchical.Node.around(Node.java:137)
	at org.junit.platform.engine.support.hierarchical.NodeTestTask.lambda$executeRecursively$8(NodeTestTask.java:127)
	at org.junit.platform.engine.support.hierarchical.ThrowableCollector.execute(ThrowableCollector.java:73)
	at org.junit.platform.engine.support.hierarchical.NodeTestTask.executeRecursively(NodeTestTask.java:126)
	at org.junit.platform.engine.support.hierarchical.NodeTestTask.execute(NodeTestTask.java:84)
	at java.base/java.util.ArrayList.forEach(ArrayList.java:1511)
	at org.junit.platform.engine.support.hierarchical.SameThreadHierarchicalTestExecutorService.invokeAll(SameThreadHierarchicalTestExecutorService.java:38)
	at org.junit.platform.engine.support.hierarchical.NodeTestTask.lambda$executeRecursively$5(NodeTestTask.java:143)
	at org.junit.platform.engine.support.hierarchical.ThrowableCollector.execute(ThrowableCollector.java:73)
	at org.junit.platform.engine.support.hierarchical.NodeTestTask.lambda$executeRecursively$7(NodeTestTask.java:129)
	at org.junit.platform.engine.support.hierarchical.Node.around(Node.java:137)
	at org.junit.platform.engine.support.hierarchical.NodeTestTask.lambda$executeRecursively$8(NodeTestTask.java:127)
	at org.junit.platform.engine.support.hierarchical.ThrowableCollector.execute(ThrowableCollector.java:73)
	at org.junit.platform.engine.support.hierarchical.NodeTestTask.executeRecursively(NodeTestTask.java:126)
	at org.junit.platform.engine.support.hierarchical.NodeTestTask.execute(NodeTestTask.java:84)
	at java.base/java.util.ArrayList.forEach(ArrayList.java:1511)
	at org.junit.platform.engine.support.hierarchical.SameThreadHierarchicalTestExecutorService.invokeAll(SameThreadHierarchicalTestExecutorService.java:38)
	at org.junit.platform.engine.support.hierarchical.NodeTestTask.lambda$executeRecursively$5(NodeTestTask.java:143)
	at org.junit.platform.engine.support.hierarchical.ThrowableCollector.execute(ThrowableCollector.java:73)
	at org.junit.platform.engine.support.hierarchical.NodeTestTask.lambda$executeRecursively$7(NodeTestTask.java:129)
	at org.junit.platform.engine.support.hierarchical.Node.around(Node.java:137)
	at org.junit.platform.engine.support.hierarchical.NodeTestTask.lambda$executeRecursively$8(NodeTestTask.java:127)
	at org.junit.platform.engine.support.hierarchical.ThrowableCollector.execute(ThrowableCollector.java:73)
	at org.junit.platform.engine.support.hierarchical.NodeTestTask.executeRecursively(NodeTestTask.java:126)
	at org.junit.platform.engine.support.hierarchical.NodeTestTask.execute(NodeTestTask.java:84)
	at org.junit.platform.engine.support.hierarchical.SameThreadHierarchicalTestExecutorService.submit(SameThreadHierarchicalTestExecutorService.java:32)
	at org.junit.platform.engine.support.hierarchical.HierarchicalTestExecutor.execute(HierarchicalTestExecutor.java:57)
	at org.junit.platform.engine.support.hierarchical.HierarchicalTestEngine.execute(HierarchicalTestEngine.java:51)
	at org.junit.platform.launcher.core.EngineExecutionOrchestrator.execute(EngineExecutionOrchestrator.java:108)
	at org.junit.platform.launcher.core.EngineExecutionOrchestrator.execute(EngineExecutionOrchestrator.java:88)
	at org.junit.platform.launcher.core.EngineExecutionOrchestrator.lambda$execute$0(EngineExecutionOrchestrator.java:54)
	at org.junit.platform.launcher.core.EngineExecutionOrchestrator.withInterceptedStreams(EngineExecutionOrchestrator.java:67)
	at org.junit.platform.launcher.core.EngineExecutionOrchestrator.execute(EngineExecutionOrchestrator.java:52)
	at org.junit.platform.launcher.core.DefaultLauncher.execute(DefaultLauncher.java:96)
	at org.junit.platform.launcher.core.DefaultLauncher.execute(DefaultLauncher.java:75)
	at org.junit.platform.console.tasks.ConsoleTestExecutor.executeTests(ConsoleTestExecutor.java:66)
	at org.junit.platform.console.tasks.ConsoleTestExecutor.lambda$execute$0(ConsoleTestExecutor.java:58)
	at org.junit.platform.console.tasks.CustomContextClassLoaderExecutor.replaceThreadContextClassLoaderAndInvoke(CustomContextClassLoaderExecutor.java:41)
	at org.junit.platform.console.tasks.CustomContextClassLoaderExecutor.invoke(CustomContextClassLoaderExecutor.java:31)
	at org.junit.platform.console.tasks.ConsoleTestExecutor.execute(ConsoleTestExecutor.java:58)
	at org.junit.platform.console.ConsoleLauncher.executeTests(ConsoleLauncher.java:95)
	at org.junit.platform.console.ConsoleLauncher.execute(ConsoleLauncher.java:73)
	at org.junit.platform.console.ConsoleLauncher.execute(ConsoleLauncher.java:50)
	at org.junit.platform.console.ConsoleLauncher.execute(ConsoleLauncher.java:43)
	at org.junit.platform.console.ConsoleLauncher.main(ConsoleLauncher.java:37)
]]></skipped>
<system-out><![CDATA[
unique-id: [engine:junit-jupiter]/[class:minebayd1.test.TestUser]/[test-template:testget(minebayd1.User, minebayd1.AdState, java.util.Optional, int)]/[test-template-invocation:#97]
display-name: [97] Mamadou a 59 annonces ouvertes, 2 annonces fermées et 1 achats 
, CLOSED, Optional[CLOTHES], 1
]]></system-out>
</testcase>
<testcase name="testget(User, AdState, Optional, int)[98]" classname="minebayd1.test.TestUser" time="0">
<skipped><![CDATA[org.opentest4j.TestAbortedException: Assumption failed: assumption is not true
	at org.junit.jupiter.api.Assumptions.throwTestAbortedException(Assumptions.java:256)
	at org.junit.jupiter.api.Assumptions.assumeTrue(Assumptions.java:115)
	at org.junit.jupiter.api.Assumptions.assumeTrue(Assumptions.java:66)
	at minebayd1.test.TestUser.testget(TestUser.java:961)
	at jdk.internal.reflect.GeneratedMethodAccessor6.invoke(Unknown Source)
	at java.base/jdk.internal.reflect.DelegatingMethodAccessorImpl.invoke(DelegatingMethodAccessorImpl.java:43)
	at java.base/java.lang.reflect.Method.invoke(Method.java:569)
	at org.junit.platform.commons.util.ReflectionUtils.invokeMethod(ReflectionUtils.java:688)
	at org.junit.jupiter.engine.execution.MethodInvocation.proceed(MethodInvocation.java:60)
	at org.junit.jupiter.engine.execution.InvocationInterceptorChain$ValidatingInvocation.proceed(InvocationInterceptorChain.java:131)
	at org.junit.jupiter.engine.extension.TimeoutExtension.intercept(TimeoutExtension.java:149)
	at org.junit.jupiter.engine.extension.TimeoutExtension.interceptTestableMethod(TimeoutExtension.java:140)
	at org.junit.jupiter.engine.extension.TimeoutExtension.interceptTestTemplateMethod(TimeoutExtension.java:92)
	at org.junit.jupiter.engine.execution.ExecutableInvoker$ReflectiveInterceptorCall.lambda$ofVoidMethod$0(ExecutableInvoker.java:115)
	at org.junit.jupiter.engine.execution.ExecutableInvoker.lambda$invoke$0(ExecutableInvoker.java:105)
	at org.junit.jupiter.engine.execution.InvocationInterceptorChain$InterceptedInvocation.proceed(InvocationInterceptorChain.java:106)
	at org.junit.jupiter.engine.execution.InvocationInterceptorChain.proceed(InvocationInterceptorChain.java:64)
	at org.junit.jupiter.engine.execution.InvocationInterceptorChain.chainAndInvoke(InvocationInterceptorChain.java:45)
	at org.junit.jupiter.engine.execution.InvocationInterceptorChain.invoke(InvocationInterceptorChain.java:37)
	at org.junit.jupiter.engine.execution.ExecutableInvoker.invoke(ExecutableInvoker.java:104)
	at org.junit.jupiter.engine.execution.ExecutableInvoker.invoke(ExecutableInvoker.java:98)
	at org.junit.jupiter.engine.descriptor.TestMethodTestDescriptor.lambda$invokeTestMethod$6(TestMethodTestDescriptor.java:210)
	at org.junit.platform.engine.support.hierarchical.ThrowableCollector.execute(ThrowableCollector.java:73)
	at org.junit.jupiter.engine.descriptor.TestMethodTestDescriptor.invokeTestMethod(TestMethodTestDescriptor.java:206)
	at org.junit.jupiter.engine.descriptor.TestMethodTestDescriptor.execute(TestMethodTestDescriptor.java:131)
	at org.junit.jupiter.engine.descriptor.TestMethodTestDescriptor.execute(TestMethodTestDescriptor.java:65)
	at org.junit.platform.engine.support.hierarchical.NodeTestTask.lambda$executeRecursively$5(NodeTestTask.java:139)
	at org.junit.platform.engine.support.hierarchical.ThrowableCollector.execute(ThrowableCollector.java:73)
	at org.junit.platform.engine.support.hierarchical.NodeTestTask.lambda$executeRecursively$7(NodeTestTask.java:129)
	at org.junit.platform.engine.support.hierarchical.Node.around(Node.java:137)
	at org.junit.platform.engine.support.hierarchical.NodeTestTask.lambda$executeRecursively$8(NodeTestTask.java:127)
	at org.junit.platform.engine.support.hierarchical.ThrowableCollector.execute(ThrowableCollector.java:73)
	at org.junit.platform.engine.support.hierarchical.NodeTestTask.executeRecursively(NodeTestTask.java:126)
	at org.junit.platform.engine.support.hierarchical.NodeTestTask.execute(NodeTestTask.java:84)
	at org.junit.platform.engine.support.hierarchical.SameThreadHierarchicalTestExecutorService.submit(SameThreadHierarchicalTestExecutorService.java:32)
	at org.junit.platform.engine.support.hierarchical.NodeTestTask$DefaultDynamicTestExecutor.execute(NodeTestTask.java:212)
	at org.junit.platform.engine.support.hierarchical.NodeTestTask$DefaultDynamicTestExecutor.execute(NodeTestTask.java:192)
	at org.junit.jupiter.engine.descriptor.TestTemplateTestDescriptor.execute(TestTemplateTestDescriptor.java:139)
	at org.junit.jupiter.engine.descriptor.TestTemplateTestDescriptor.lambda$execute$2(TestTemplateTestDescriptor.java:107)
	at java.base/java.util.stream.ForEachOps$ForEachOp$OfRef.accept(ForEachOps.java:183)
	at java.base/java.util.stream.ReferencePipeline$3$1.accept(ReferencePipeline.java:197)
	at java.base/java.util.stream.ReferencePipeline$2$1.accept(ReferencePipeline.java:179)
	at java.base/java.util.stream.ReferencePipeline$3$1.accept(ReferencePipeline.java:197)
	at java.base/java.util.stream.ForEachOps$ForEachOp$OfRef.accept(ForEachOps.java:183)
	at java.base/java.util.stream.ReferencePipeline$15$1.accept(ReferencePipeline.java:541)
	at java.base/java.util.stream.ReferencePipeline$3$1.accept(ReferencePipeline.java:197)
	at java.base/java.util.stream.ReferencePipeline$3$1.accept(ReferencePipeline.java:197)
	at java.base/java.util.stream.ReferencePipeline$3$1.accept(ReferencePipeline.java:197)
	at java.base/java.util.stream.ForEachOps$ForEachOp$OfRef.accept(ForEachOps.java:183)
	at java.base/java.util.stream.ReferencePipeline$3$1.accept(ReferencePipeline.java:197)
	at java.base/java.util.stream.ForEachOps$ForEachOp$OfRef.accept(ForEachOps.java:183)
	at java.base/java.util.stream.SliceOps$1$1.accept(SliceOps.java:200)
	at java.base/java.util.stream.StreamSpliterators$InfiniteSupplyingSpliterator$OfRef.tryAdvance(StreamSpliterators.java:1358)
	at java.base/java.util.stream.ReferencePipeline.forEachWithCancel(ReferencePipeline.java:129)
	at java.base/java.util.stream.AbstractPipeline.copyIntoWithCancel(AbstractPipeline.java:527)
	at java.base/java.util.stream.AbstractPipeline.copyInto(AbstractPipeline.java:513)
	at java.base/java.util.stream.AbstractPipeline.wrapAndCopyInto(AbstractPipeline.java:499)
	at java.base/java.util.stream.ForEachOps$ForEachOp.evaluateSequential(ForEachOps.java:150)
	at java.base/java.util.stream.ForEachOps$ForEachOp$OfRef.evaluateSequential(ForEachOps.java:173)
	at java.base/java.util.stream.AbstractPipeline.evaluate(AbstractPipeline.java:234)
	at java.base/java.util.stream.ReferencePipeline.forEach(ReferencePipeline.java:596)
	at java.base/java.util.stream.ReferencePipeline$7$1.accept(ReferencePipeline.java:276)
	at java.base/java.util.stream.ReferencePipeline$3$1.accept(ReferencePipeline.java:197)
	at java.base/java.util.stream.ReferencePipeline$3$1.accept(ReferencePipeline.java:197)
	at java.base/java.util.Spliterators$ArraySpliterator.forEachRemaining(Spliterators.java:992)
	at java.base/java.util.stream.AbstractPipeline.copyInto(AbstractPipeline.java:509)
	at java.base/java.util.stream.AbstractPipeline.wrapAndCopyInto(AbstractPipeline.java:499)
	at java.base/java.util.stream.ForEachOps$ForEachOp.evaluateSequential(ForEachOps.java:150)
	at java.base/java.util.stream.ForEachOps$ForEachOp$OfRef.evaluateSequential(ForEachOps.java:173)
	at java.base/java.util.stream.AbstractPipeline.evaluate(AbstractPipeline.java:234)
	at java.base/java.util.stream.ReferencePipeline.forEach(ReferencePipeline.java:596)
	at java.base/java.util.stream.ReferencePipeline$7$1.accept(ReferencePipeline.java:276)
	at java.base/java.util.stream.ReferencePipeline$3$1.accept(ReferencePipeline.java:197)
	at java.base/java.util.stream.ReferencePipeline$3$1.accept(ReferencePipeline.java:197)
	at java.base/java.util.stream.ReferencePipeline$3$1.accept(ReferencePipeline.java:197)
	at java.base/java.util.ArrayList$ArrayListSpliterator.forEachRemaining(ArrayList.java:1625)
	at java.base/java.util.stream.AbstractPipeline.copyInto(AbstractPipeline.java:509)
	at java.base/java.util.stream.AbstractPipeline.wrapAndCopyInto(AbstractPipeline.java:499)
	at java.base/java.util.stream.ForEachOps$ForEachOp.evaluateSequential(ForEachOps.java:150)
	at java.base/java.util.stream.ForEachOps$ForEachOp$OfRef.evaluateSequential(ForEachOps.java:173)
	at java.base/java.util.stream.AbstractPipeline.evaluate(AbstractPipeline.java:234)
	at java.base/java.util.stream.ReferencePipeline.forEach(ReferencePipeline.java:596)
	at java.base/java.util.stream.ReferencePipeline$7$1.accept(ReferencePipeline.java:276)
	at java.base/java.util.ArrayList$ArrayListSpliterator.forEachRemaining(ArrayList.java:1625)
	at java.base/java.util.stream.AbstractPipeline.copyInto(AbstractPipeline.java:509)
	at java.base/java.util.stream.AbstractPipeline.wrapAndCopyInto(AbstractPipeline.java:499)
	at java.base/java.util.stream.ForEachOps$ForEachOp.evaluateSequential(ForEachOps.java:150)
	at java.base/java.util.stream.ForEachOps$ForEachOp$OfRef.evaluateSequential(ForEachOps.java:173)
	at java.base/java.util.stream.AbstractPipeline.evaluate(AbstractPipeline.java:234)
	at java.base/java.util.stream.ReferencePipeline.forEach(ReferencePipeline.java:596)
	at org.junit.jupiter.engine.descriptor.TestTemplateTestDescriptor.execute(TestTemplateTestDescriptor.java:107)
	at org.junit.jupiter.engine.descriptor.TestTemplateTestDescriptor.execute(TestTemplateTestDescriptor.java:42)
	at org.junit.platform.engine.support.hierarchical.NodeTestTask.lambda$executeRecursively$5(NodeTestTask.java:139)
	at org.junit.platform.engine.support.hierarchical.ThrowableCollector.execute(ThrowableCollector.java:73)
	at org.junit.platform.engine.support.hierarchical.NodeTestTask.lambda$executeRecursively$7(NodeTestTask.java:129)
	at org.junit.platform.engine.support.hierarchical.Node.around(Node.java:137)
	at org.junit.platform.engine.support.hierarchical.NodeTestTask.lambda$executeRecursively$8(NodeTestTask.java:127)
	at org.junit.platform.engine.support.hierarchical.ThrowableCollector.execute(ThrowableCollector.java:73)
	at org.junit.platform.engine.support.hierarchical.NodeTestTask.executeRecursively(NodeTestTask.java:126)
	at org.junit.platform.engine.support.hierarchical.NodeTestTask.execute(NodeTestTask.java:84)
	at java.base/java.util.ArrayList.forEach(ArrayList.java:1511)
	at org.junit.platform.engine.support.hierarchical.SameThreadHierarchicalTestExecutorService.invokeAll(SameThreadHierarchicalTestExecutorService.java:38)
	at org.junit.platform.engine.support.hierarchical.NodeTestTask.lambda$executeRecursively$5(NodeTestTask.java:143)
	at org.junit.platform.engine.support.hierarchical.ThrowableCollector.execute(ThrowableCollector.java:73)
	at org.junit.platform.engine.support.hierarchical.NodeTestTask.lambda$executeRecursively$7(NodeTestTask.java:129)
	at org.junit.platform.engine.support.hierarchical.Node.around(Node.java:137)
	at org.junit.platform.engine.support.hierarchical.NodeTestTask.lambda$executeRecursively$8(NodeTestTask.java:127)
	at org.junit.platform.engine.support.hierarchical.ThrowableCollector.execute(ThrowableCollector.java:73)
	at org.junit.platform.engine.support.hierarchical.NodeTestTask.executeRecursively(NodeTestTask.java:126)
	at org.junit.platform.engine.support.hierarchical.NodeTestTask.execute(NodeTestTask.java:84)
	at java.base/java.util.ArrayList.forEach(ArrayList.java:1511)
	at org.junit.platform.engine.support.hierarchical.SameThreadHierarchicalTestExecutorService.invokeAll(SameThreadHierarchicalTestExecutorService.java:38)
	at org.junit.platform.engine.support.hierarchical.NodeTestTask.lambda$executeRecursively$5(NodeTestTask.java:143)
	at org.junit.platform.engine.support.hierarchical.ThrowableCollector.execute(ThrowableCollector.java:73)
	at org.junit.platform.engine.support.hierarchical.NodeTestTask.lambda$executeRecursively$7(NodeTestTask.java:129)
	at org.junit.platform.engine.support.hierarchical.Node.around(Node.java:137)
	at org.junit.platform.engine.support.hierarchical.NodeTestTask.lambda$executeRecursively$8(NodeTestTask.java:127)
	at org.junit.platform.engine.support.hierarchical.ThrowableCollector.execute(ThrowableCollector.java:73)
	at org.junit.platform.engine.support.hierarchical.NodeTestTask.executeRecursively(NodeTestTask.java:126)
	at org.junit.platform.engine.support.hierarchical.NodeTestTask.execute(NodeTestTask.java:84)
	at org.junit.platform.engine.support.hierarchical.SameThreadHierarchicalTestExecutorService.submit(SameThreadHierarchicalTestExecutorService.java:32)
	at org.junit.platform.engine.support.hierarchical.HierarchicalTestExecutor.execute(HierarchicalTestExecutor.java:57)
	at org.junit.platform.engine.support.hierarchical.HierarchicalTestEngine.execute(HierarchicalTestEngine.java:51)
	at org.junit.platform.launcher.core.EngineExecutionOrchestrator.execute(EngineExecutionOrchestrator.java:108)
	at org.junit.platform.launcher.core.EngineExecutionOrchestrator.execute(EngineExecutionOrchestrator.java:88)
	at org.junit.platform.launcher.core.EngineExecutionOrchestrator.lambda$execute$0(EngineExecutionOrchestrator.java:54)
	at org.junit.platform.launcher.core.EngineExecutionOrchestrator.withInterceptedStreams(EngineExecutionOrchestrator.java:67)
	at org.junit.platform.launcher.core.EngineExecutionOrchestrator.execute(EngineExecutionOrchestrator.java:52)
	at org.junit.platform.launcher.core.DefaultLauncher.execute(DefaultLauncher.java:96)
	at org.junit.platform.launcher.core.DefaultLauncher.execute(DefaultLauncher.java:75)
	at org.junit.platform.console.tasks.ConsoleTestExecutor.executeTests(ConsoleTestExecutor.java:66)
	at org.junit.platform.console.tasks.ConsoleTestExecutor.lambda$execute$0(ConsoleTestExecutor.java:58)
	at org.junit.platform.console.tasks.CustomContextClassLoaderExecutor.replaceThreadContextClassLoaderAndInvoke(CustomContextClassLoaderExecutor.java:41)
	at org.junit.platform.console.tasks.CustomContextClassLoaderExecutor.invoke(CustomContextClassLoaderExecutor.java:31)
	at org.junit.platform.console.tasks.ConsoleTestExecutor.execute(ConsoleTestExecutor.java:58)
	at org.junit.platform.console.ConsoleLauncher.executeTests(ConsoleLauncher.java:95)
	at org.junit.platform.console.ConsoleLauncher.execute(ConsoleLauncher.java:73)
	at org.junit.platform.console.ConsoleLauncher.execute(ConsoleLauncher.java:50)
	at org.junit.platform.console.ConsoleLauncher.execute(ConsoleLauncher.java:43)
	at org.junit.platform.console.ConsoleLauncher.main(ConsoleLauncher.java:37)
]]></skipped>
<system-out><![CDATA[
unique-id: [engine:junit-jupiter]/[class:minebayd1.test.TestUser]/[test-template:testget(minebayd1.User, minebayd1.AdState, java.util.Optional, int)]/[test-template-invocation:#98]
display-name: [98] Zahra a 42 annonces ouvertes, 0 annonces fermées et 2 achats 
, CLOSED, Optional[SHOES], 0
]]></system-out>
</testcase>
<testcase name="testget(User, AdState, Optional, int)[99]" classname="minebayd1.test.TestUser" time="0">
<skipped><![CDATA[org.opentest4j.TestAbortedException: Assumption failed: assumption is not true
	at org.junit.jupiter.api.Assumptions.throwTestAbortedException(Assumptions.java:256)
	at org.junit.jupiter.api.Assumptions.assumeTrue(Assumptions.java:115)
	at org.junit.jupiter.api.Assumptions.assumeTrue(Assumptions.java:66)
	at minebayd1.test.TestUser.testget(TestUser.java:961)
	at jdk.internal.reflect.GeneratedMethodAccessor6.invoke(Unknown Source)
	at java.base/jdk.internal.reflect.DelegatingMethodAccessorImpl.invoke(DelegatingMethodAccessorImpl.java:43)
	at java.base/java.lang.reflect.Method.invoke(Method.java:569)
	at org.junit.platform.commons.util.ReflectionUtils.invokeMethod(ReflectionUtils.java:688)
	at org.junit.jupiter.engine.execution.MethodInvocation.proceed(MethodInvocation.java:60)
	at org.junit.jupiter.engine.execution.InvocationInterceptorChain$ValidatingInvocation.proceed(InvocationInterceptorChain.java:131)
	at org.junit.jupiter.engine.extension.TimeoutExtension.intercept(TimeoutExtension.java:149)
	at org.junit.jupiter.engine.extension.TimeoutExtension.interceptTestableMethod(TimeoutExtension.java:140)
	at org.junit.jupiter.engine.extension.TimeoutExtension.interceptTestTemplateMethod(TimeoutExtension.java:92)
	at org.junit.jupiter.engine.execution.ExecutableInvoker$ReflectiveInterceptorCall.lambda$ofVoidMethod$0(ExecutableInvoker.java:115)
	at org.junit.jupiter.engine.execution.ExecutableInvoker.lambda$invoke$0(ExecutableInvoker.java:105)
	at org.junit.jupiter.engine.execution.InvocationInterceptorChain$InterceptedInvocation.proceed(InvocationInterceptorChain.java:106)
	at org.junit.jupiter.engine.execution.InvocationInterceptorChain.proceed(InvocationInterceptorChain.java:64)
	at org.junit.jupiter.engine.execution.InvocationInterceptorChain.chainAndInvoke(InvocationInterceptorChain.java:45)
	at org.junit.jupiter.engine.execution.InvocationInterceptorChain.invoke(InvocationInterceptorChain.java:37)
	at org.junit.jupiter.engine.execution.ExecutableInvoker.invoke(ExecutableInvoker.java:104)
	at org.junit.jupiter.engine.execution.ExecutableInvoker.invoke(ExecutableInvoker.java:98)
	at org.junit.jupiter.engine.descriptor.TestMethodTestDescriptor.lambda$invokeTestMethod$6(TestMethodTestDescriptor.java:210)
	at org.junit.platform.engine.support.hierarchical.ThrowableCollector.execute(ThrowableCollector.java:73)
	at org.junit.jupiter.engine.descriptor.TestMethodTestDescriptor.invokeTestMethod(TestMethodTestDescriptor.java:206)
	at org.junit.jupiter.engine.descriptor.TestMethodTestDescriptor.execute(TestMethodTestDescriptor.java:131)
	at org.junit.jupiter.engine.descriptor.TestMethodTestDescriptor.execute(TestMethodTestDescriptor.java:65)
	at org.junit.platform.engine.support.hierarchical.NodeTestTask.lambda$executeRecursively$5(NodeTestTask.java:139)
	at org.junit.platform.engine.support.hierarchical.ThrowableCollector.execute(ThrowableCollector.java:73)
	at org.junit.platform.engine.support.hierarchical.NodeTestTask.lambda$executeRecursively$7(NodeTestTask.java:129)
	at org.junit.platform.engine.support.hierarchical.Node.around(Node.java:137)
	at org.junit.platform.engine.support.hierarchical.NodeTestTask.lambda$executeRecursively$8(NodeTestTask.java:127)
	at org.junit.platform.engine.support.hierarchical.ThrowableCollector.execute(ThrowableCollector.java:73)
	at org.junit.platform.engine.support.hierarchical.NodeTestTask.executeRecursively(NodeTestTask.java:126)
	at org.junit.platform.engine.support.hierarchical.NodeTestTask.execute(NodeTestTask.java:84)
	at org.junit.platform.engine.support.hierarchical.SameThreadHierarchicalTestExecutorService.submit(SameThreadHierarchicalTestExecutorService.java:32)
	at org.junit.platform.engine.support.hierarchical.NodeTestTask$DefaultDynamicTestExecutor.execute(NodeTestTask.java:212)
	at org.junit.platform.engine.support.hierarchical.NodeTestTask$DefaultDynamicTestExecutor.execute(NodeTestTask.java:192)
	at org.junit.jupiter.engine.descriptor.TestTemplateTestDescriptor.execute(TestTemplateTestDescriptor.java:139)
	at org.junit.jupiter.engine.descriptor.TestTemplateTestDescriptor.lambda$execute$2(TestTemplateTestDescriptor.java:107)
	at java.base/java.util.stream.ForEachOps$ForEachOp$OfRef.accept(ForEachOps.java:183)
	at java.base/java.util.stream.ReferencePipeline$3$1.accept(ReferencePipeline.java:197)
	at java.base/java.util.stream.ReferencePipeline$2$1.accept(ReferencePipeline.java:179)
	at java.base/java.util.stream.ReferencePipeline$3$1.accept(ReferencePipeline.java:197)
	at java.base/java.util.stream.ForEachOps$ForEachOp$OfRef.accept(ForEachOps.java:183)
	at java.base/java.util.stream.ReferencePipeline$15$1.accept(ReferencePipeline.java:541)
	at java.base/java.util.stream.ReferencePipeline$3$1.accept(ReferencePipeline.java:197)
	at java.base/java.util.stream.ReferencePipeline$3$1.accept(ReferencePipeline.java:197)
	at java.base/java.util.stream.ReferencePipeline$3$1.accept(ReferencePipeline.java:197)
	at java.base/java.util.stream.ForEachOps$ForEachOp$OfRef.accept(ForEachOps.java:183)
	at java.base/java.util.stream.ReferencePipeline$3$1.accept(ReferencePipeline.java:197)
	at java.base/java.util.stream.ForEachOps$ForEachOp$OfRef.accept(ForEachOps.java:183)
	at java.base/java.util.stream.SliceOps$1$1.accept(SliceOps.java:200)
	at java.base/java.util.stream.StreamSpliterators$InfiniteSupplyingSpliterator$OfRef.tryAdvance(StreamSpliterators.java:1358)
	at java.base/java.util.stream.ReferencePipeline.forEachWithCancel(ReferencePipeline.java:129)
	at java.base/java.util.stream.AbstractPipeline.copyIntoWithCancel(AbstractPipeline.java:527)
	at java.base/java.util.stream.AbstractPipeline.copyInto(AbstractPipeline.java:513)
	at java.base/java.util.stream.AbstractPipeline.wrapAndCopyInto(AbstractPipeline.java:499)
	at java.base/java.util.stream.ForEachOps$ForEachOp.evaluateSequential(ForEachOps.java:150)
	at java.base/java.util.stream.ForEachOps$ForEachOp$OfRef.evaluateSequential(ForEachOps.java:173)
	at java.base/java.util.stream.AbstractPipeline.evaluate(AbstractPipeline.java:234)
	at java.base/java.util.stream.ReferencePipeline.forEach(ReferencePipeline.java:596)
	at java.base/java.util.stream.ReferencePipeline$7$1.accept(ReferencePipeline.java:276)
	at java.base/java.util.stream.ReferencePipeline$3$1.accept(ReferencePipeline.java:197)
	at java.base/java.util.stream.ReferencePipeline$3$1.accept(ReferencePipeline.java:197)
	at java.base/java.util.Spliterators$ArraySpliterator.forEachRemaining(Spliterators.java:992)
	at java.base/java.util.stream.AbstractPipeline.copyInto(AbstractPipeline.java:509)
	at java.base/java.util.stream.AbstractPipeline.wrapAndCopyInto(AbstractPipeline.java:499)
	at java.base/java.util.stream.ForEachOps$ForEachOp.evaluateSequential(ForEachOps.java:150)
	at java.base/java.util.stream.ForEachOps$ForEachOp$OfRef.evaluateSequential(ForEachOps.java:173)
	at java.base/java.util.stream.AbstractPipeline.evaluate(AbstractPipeline.java:234)
	at java.base/java.util.stream.ReferencePipeline.forEach(ReferencePipeline.java:596)
	at java.base/java.util.stream.ReferencePipeline$7$1.accept(ReferencePipeline.java:276)
	at java.base/java.util.stream.ReferencePipeline$3$1.accept(ReferencePipeline.java:197)
	at java.base/java.util.stream.ReferencePipeline$3$1.accept(ReferencePipeline.java:197)
	at java.base/java.util.stream.ReferencePipeline$3$1.accept(ReferencePipeline.java:197)
	at java.base/java.util.ArrayList$ArrayListSpliterator.forEachRemaining(ArrayList.java:1625)
	at java.base/java.util.stream.AbstractPipeline.copyInto(AbstractPipeline.java:509)
	at java.base/java.util.stream.AbstractPipeline.wrapAndCopyInto(AbstractPipeline.java:499)
	at java.base/java.util.stream.ForEachOps$ForEachOp.evaluateSequential(ForEachOps.java:150)
	at java.base/java.util.stream.ForEachOps$ForEachOp$OfRef.evaluateSequential(ForEachOps.java:173)
	at java.base/java.util.stream.AbstractPipeline.evaluate(AbstractPipeline.java:234)
	at java.base/java.util.stream.ReferencePipeline.forEach(ReferencePipeline.java:596)
	at java.base/java.util.stream.ReferencePipeline$7$1.accept(ReferencePipeline.java:276)
	at java.base/java.util.ArrayList$ArrayListSpliterator.forEachRemaining(ArrayList.java:1625)
	at java.base/java.util.stream.AbstractPipeline.copyInto(AbstractPipeline.java:509)
	at java.base/java.util.stream.AbstractPipeline.wrapAndCopyInto(AbstractPipeline.java:499)
	at java.base/java.util.stream.ForEachOps$ForEachOp.evaluateSequential(ForEachOps.java:150)
	at java.base/java.util.stream.ForEachOps$ForEachOp$OfRef.evaluateSequential(ForEachOps.java:173)
	at java.base/java.util.stream.AbstractPipeline.evaluate(AbstractPipeline.java:234)
	at java.base/java.util.stream.ReferencePipeline.forEach(ReferencePipeline.java:596)
	at org.junit.jupiter.engine.descriptor.TestTemplateTestDescriptor.execute(TestTemplateTestDescriptor.java:107)
	at org.junit.jupiter.engine.descriptor.TestTemplateTestDescriptor.execute(TestTemplateTestDescriptor.java:42)
	at org.junit.platform.engine.support.hierarchical.NodeTestTask.lambda$executeRecursively$5(NodeTestTask.java:139)
	at org.junit.platform.engine.support.hierarchical.ThrowableCollector.execute(ThrowableCollector.java:73)
	at org.junit.platform.engine.support.hierarchical.NodeTestTask.lambda$executeRecursively$7(NodeTestTask.java:129)
	at org.junit.platform.engine.support.hierarchical.Node.around(Node.java:137)
	at org.junit.platform.engine.support.hierarchical.NodeTestTask.lambda$executeRecursively$8(NodeTestTask.java:127)
	at org.junit.platform.engine.support.hierarchical.ThrowableCollector.execute(ThrowableCollector.java:73)
	at org.junit.platform.engine.support.hierarchical.NodeTestTask.executeRecursively(NodeTestTask.java:126)
	at org.junit.platform.engine.support.hierarchical.NodeTestTask.execute(NodeTestTask.java:84)
	at java.base/java.util.ArrayList.forEach(ArrayList.java:1511)
	at org.junit.platform.engine.support.hierarchical.SameThreadHierarchicalTestExecutorService.invokeAll(SameThreadHierarchicalTestExecutorService.java:38)
	at org.junit.platform.engine.support.hierarchical.NodeTestTask.lambda$executeRecursively$5(NodeTestTask.java:143)
	at org.junit.platform.engine.support.hierarchical.ThrowableCollector.execute(ThrowableCollector.java:73)
	at org.junit.platform.engine.support.hierarchical.NodeTestTask.lambda$executeRecursively$7(NodeTestTask.java:129)
	at org.junit.platform.engine.support.hierarchical.Node.around(Node.java:137)
	at org.junit.platform.engine.support.hierarchical.NodeTestTask.lambda$executeRecursively$8(NodeTestTask.java:127)
	at org.junit.platform.engine.support.hierarchical.ThrowableCollector.execute(ThrowableCollector.java:73)
	at org.junit.platform.engine.support.hierarchical.NodeTestTask.executeRecursively(NodeTestTask.java:126)
	at org.junit.platform.engine.support.hierarchical.NodeTestTask.execute(NodeTestTask.java:84)
	at java.base/java.util.ArrayList.forEach(ArrayList.java:1511)
	at org.junit.platform.engine.support.hierarchical.SameThreadHierarchicalTestExecutorService.invokeAll(SameThreadHierarchicalTestExecutorService.java:38)
	at org.junit.platform.engine.support.hierarchical.NodeTestTask.lambda$executeRecursively$5(NodeTestTask.java:143)
	at org.junit.platform.engine.support.hierarchical.ThrowableCollector.execute(ThrowableCollector.java:73)
	at org.junit.platform.engine.support.hierarchical.NodeTestTask.lambda$executeRecursively$7(NodeTestTask.java:129)
	at org.junit.platform.engine.support.hierarchical.Node.around(Node.java:137)
	at org.junit.platform.engine.support.hierarchical.NodeTestTask.lambda$executeRecursively$8(NodeTestTask.java:127)
	at org.junit.platform.engine.support.hierarchical.ThrowableCollector.execute(ThrowableCollector.java:73)
	at org.junit.platform.engine.support.hierarchical.NodeTestTask.executeRecursively(NodeTestTask.java:126)
	at org.junit.platform.engine.support.hierarchical.NodeTestTask.execute(NodeTestTask.java:84)
	at org.junit.platform.engine.support.hierarchical.SameThreadHierarchicalTestExecutorService.submit(SameThreadHierarchicalTestExecutorService.java:32)
	at org.junit.platform.engine.support.hierarchical.HierarchicalTestExecutor.execute(HierarchicalTestExecutor.java:57)
	at org.junit.platform.engine.support.hierarchical.HierarchicalTestEngine.execute(HierarchicalTestEngine.java:51)
	at org.junit.platform.launcher.core.EngineExecutionOrchestrator.execute(EngineExecutionOrchestrator.java:108)
	at org.junit.platform.launcher.core.EngineExecutionOrchestrator.execute(EngineExecutionOrchestrator.java:88)
	at org.junit.platform.launcher.core.EngineExecutionOrchestrator.lambda$execute$0(EngineExecutionOrchestrator.java:54)
	at org.junit.platform.launcher.core.EngineExecutionOrchestrator.withInterceptedStreams(EngineExecutionOrchestrator.java:67)
	at org.junit.platform.launcher.core.EngineExecutionOrchestrator.execute(EngineExecutionOrchestrator.java:52)
	at org.junit.platform.launcher.core.DefaultLauncher.execute(DefaultLauncher.java:96)
	at org.junit.platform.launcher.core.DefaultLauncher.execute(DefaultLauncher.java:75)
	at org.junit.platform.console.tasks.ConsoleTestExecutor.executeTests(ConsoleTestExecutor.java:66)
	at org.junit.platform.console.tasks.ConsoleTestExecutor.lambda$execute$0(ConsoleTestExecutor.java:58)
	at org.junit.platform.console.tasks.CustomContextClassLoaderExecutor.replaceThreadContextClassLoaderAndInvoke(CustomContextClassLoaderExecutor.java:41)
	at org.junit.platform.console.tasks.CustomContextClassLoaderExecutor.invoke(CustomContextClassLoaderExecutor.java:31)
	at org.junit.platform.console.tasks.ConsoleTestExecutor.execute(ConsoleTestExecutor.java:58)
	at org.junit.platform.console.ConsoleLauncher.executeTests(ConsoleLauncher.java:95)
	at org.junit.platform.console.ConsoleLauncher.execute(ConsoleLauncher.java:73)
	at org.junit.platform.console.ConsoleLauncher.execute(ConsoleLauncher.java:50)
	at org.junit.platform.console.ConsoleLauncher.execute(ConsoleLauncher.java:43)
	at org.junit.platform.console.ConsoleLauncher.main(ConsoleLauncher.java:37)
]]></skipped>
<system-out><![CDATA[
unique-id: [engine:junit-jupiter]/[class:minebayd1.test.TestUser]/[test-template:testget(minebayd1.User, minebayd1.AdState, java.util.Optional, int)]/[test-template-invocation:#99]
display-name: [99] Faycal a 51 annonces ouvertes, 3 annonces fermées et 4 achats 
, CLOSED, Optional[COMPUTERS], 0
]]></system-out>
</testcase>
<testcase name="testget(User, AdState, Optional, int)[100]" classname="minebayd1.test.TestUser" time="0">
<skipped><![CDATA[org.opentest4j.TestAbortedException: Assumption failed: assumption is not true
	at org.junit.jupiter.api.Assumptions.throwTestAbortedException(Assumptions.java:256)
	at org.junit.jupiter.api.Assumptions.assumeTrue(Assumptions.java:115)
	at org.junit.jupiter.api.Assumptions.assumeTrue(Assumptions.java:66)
	at minebayd1.test.TestUser.testget(TestUser.java:961)
	at jdk.internal.reflect.GeneratedMethodAccessor6.invoke(Unknown Source)
	at java.base/jdk.internal.reflect.DelegatingMethodAccessorImpl.invoke(DelegatingMethodAccessorImpl.java:43)
	at java.base/java.lang.reflect.Method.invoke(Method.java:569)
	at org.junit.platform.commons.util.ReflectionUtils.invokeMethod(ReflectionUtils.java:688)
	at org.junit.jupiter.engine.execution.MethodInvocation.proceed(MethodInvocation.java:60)
	at org.junit.jupiter.engine.execution.InvocationInterceptorChain$ValidatingInvocation.proceed(InvocationInterceptorChain.java:131)
	at org.junit.jupiter.engine.extension.TimeoutExtension.intercept(TimeoutExtension.java:149)
	at org.junit.jupiter.engine.extension.TimeoutExtension.interceptTestableMethod(TimeoutExtension.java:140)
	at org.junit.jupiter.engine.extension.TimeoutExtension.interceptTestTemplateMethod(TimeoutExtension.java:92)
	at org.junit.jupiter.engine.execution.ExecutableInvoker$ReflectiveInterceptorCall.lambda$ofVoidMethod$0(ExecutableInvoker.java:115)
	at org.junit.jupiter.engine.execution.ExecutableInvoker.lambda$invoke$0(ExecutableInvoker.java:105)
	at org.junit.jupiter.engine.execution.InvocationInterceptorChain$InterceptedInvocation.proceed(InvocationInterceptorChain.java:106)
	at org.junit.jupiter.engine.execution.InvocationInterceptorChain.proceed(InvocationInterceptorChain.java:64)
	at org.junit.jupiter.engine.execution.InvocationInterceptorChain.chainAndInvoke(InvocationInterceptorChain.java:45)
	at org.junit.jupiter.engine.execution.InvocationInterceptorChain.invoke(InvocationInterceptorChain.java:37)
	at org.junit.jupiter.engine.execution.ExecutableInvoker.invoke(ExecutableInvoker.java:104)
	at org.junit.jupiter.engine.execution.ExecutableInvoker.invoke(ExecutableInvoker.java:98)
	at org.junit.jupiter.engine.descriptor.TestMethodTestDescriptor.lambda$invokeTestMethod$6(TestMethodTestDescriptor.java:210)
	at org.junit.platform.engine.support.hierarchical.ThrowableCollector.execute(ThrowableCollector.java:73)
	at org.junit.jupiter.engine.descriptor.TestMethodTestDescriptor.invokeTestMethod(TestMethodTestDescriptor.java:206)
	at org.junit.jupiter.engine.descriptor.TestMethodTestDescriptor.execute(TestMethodTestDescriptor.java:131)
	at org.junit.jupiter.engine.descriptor.TestMethodTestDescriptor.execute(TestMethodTestDescriptor.java:65)
	at org.junit.platform.engine.support.hierarchical.NodeTestTask.lambda$executeRecursively$5(NodeTestTask.java:139)
	at org.junit.platform.engine.support.hierarchical.ThrowableCollector.execute(ThrowableCollector.java:73)
	at org.junit.platform.engine.support.hierarchical.NodeTestTask.lambda$executeRecursively$7(NodeTestTask.java:129)
	at org.junit.platform.engine.support.hierarchical.Node.around(Node.java:137)
	at org.junit.platform.engine.support.hierarchical.NodeTestTask.lambda$executeRecursively$8(NodeTestTask.java:127)
	at org.junit.platform.engine.support.hierarchical.ThrowableCollector.execute(ThrowableCollector.java:73)
	at org.junit.platform.engine.support.hierarchical.NodeTestTask.executeRecursively(NodeTestTask.java:126)
	at org.junit.platform.engine.support.hierarchical.NodeTestTask.execute(NodeTestTask.java:84)
	at org.junit.platform.engine.support.hierarchical.SameThreadHierarchicalTestExecutorService.submit(SameThreadHierarchicalTestExecutorService.java:32)
	at org.junit.platform.engine.support.hierarchical.NodeTestTask$DefaultDynamicTestExecutor.execute(NodeTestTask.java:212)
	at org.junit.platform.engine.support.hierarchical.NodeTestTask$DefaultDynamicTestExecutor.execute(NodeTestTask.java:192)
	at org.junit.jupiter.engine.descriptor.TestTemplateTestDescriptor.execute(TestTemplateTestDescriptor.java:139)
	at org.junit.jupiter.engine.descriptor.TestTemplateTestDescriptor.lambda$execute$2(TestTemplateTestDescriptor.java:107)
	at java.base/java.util.stream.ForEachOps$ForEachOp$OfRef.accept(ForEachOps.java:183)
	at java.base/java.util.stream.ReferencePipeline$3$1.accept(ReferencePipeline.java:197)
	at java.base/java.util.stream.ReferencePipeline$2$1.accept(ReferencePipeline.java:179)
	at java.base/java.util.stream.ReferencePipeline$3$1.accept(ReferencePipeline.java:197)
	at java.base/java.util.stream.ForEachOps$ForEachOp$OfRef.accept(ForEachOps.java:183)
	at java.base/java.util.stream.ReferencePipeline$15$1.accept(ReferencePipeline.java:541)
	at java.base/java.util.stream.ReferencePipeline$3$1.accept(ReferencePipeline.java:197)
	at java.base/java.util.stream.ReferencePipeline$3$1.accept(ReferencePipeline.java:197)
	at java.base/java.util.stream.ReferencePipeline$3$1.accept(ReferencePipeline.java:197)
	at java.base/java.util.stream.ForEachOps$ForEachOp$OfRef.accept(ForEachOps.java:183)
	at java.base/java.util.stream.ReferencePipeline$3$1.accept(ReferencePipeline.java:197)
	at java.base/java.util.stream.ForEachOps$ForEachOp$OfRef.accept(ForEachOps.java:183)
	at java.base/java.util.stream.SliceOps$1$1.accept(SliceOps.java:200)
	at java.base/java.util.stream.StreamSpliterators$InfiniteSupplyingSpliterator$OfRef.tryAdvance(StreamSpliterators.java:1358)
	at java.base/java.util.stream.ReferencePipeline.forEachWithCancel(ReferencePipeline.java:129)
	at java.base/java.util.stream.AbstractPipeline.copyIntoWithCancel(AbstractPipeline.java:527)
	at java.base/java.util.stream.AbstractPipeline.copyInto(AbstractPipeline.java:513)
	at java.base/java.util.stream.AbstractPipeline.wrapAndCopyInto(AbstractPipeline.java:499)
	at java.base/java.util.stream.ForEachOps$ForEachOp.evaluateSequential(ForEachOps.java:150)
	at java.base/java.util.stream.ForEachOps$ForEachOp$OfRef.evaluateSequential(ForEachOps.java:173)
	at java.base/java.util.stream.AbstractPipeline.evaluate(AbstractPipeline.java:234)
	at java.base/java.util.stream.ReferencePipeline.forEach(ReferencePipeline.java:596)
	at java.base/java.util.stream.ReferencePipeline$7$1.accept(ReferencePipeline.java:276)
	at java.base/java.util.stream.ReferencePipeline$3$1.accept(ReferencePipeline.java:197)
	at java.base/java.util.stream.ReferencePipeline$3$1.accept(ReferencePipeline.java:197)
	at java.base/java.util.Spliterators$ArraySpliterator.forEachRemaining(Spliterators.java:992)
	at java.base/java.util.stream.AbstractPipeline.copyInto(AbstractPipeline.java:509)
	at java.base/java.util.stream.AbstractPipeline.wrapAndCopyInto(AbstractPipeline.java:499)
	at java.base/java.util.stream.ForEachOps$ForEachOp.evaluateSequential(ForEachOps.java:150)
	at java.base/java.util.stream.ForEachOps$ForEachOp$OfRef.evaluateSequential(ForEachOps.java:173)
	at java.base/java.util.stream.AbstractPipeline.evaluate(AbstractPipeline.java:234)
	at java.base/java.util.stream.ReferencePipeline.forEach(ReferencePipeline.java:596)
	at java.base/java.util.stream.ReferencePipeline$7$1.accept(ReferencePipeline.java:276)
	at java.base/java.util.stream.ReferencePipeline$3$1.accept(ReferencePipeline.java:197)
	at java.base/java.util.stream.ReferencePipeline$3$1.accept(ReferencePipeline.java:197)
	at java.base/java.util.stream.ReferencePipeline$3$1.accept(ReferencePipeline.java:197)
	at java.base/java.util.ArrayList$ArrayListSpliterator.forEachRemaining(ArrayList.java:1625)
	at java.base/java.util.stream.AbstractPipeline.copyInto(AbstractPipeline.java:509)
	at java.base/java.util.stream.AbstractPipeline.wrapAndCopyInto(AbstractPipeline.java:499)
	at java.base/java.util.stream.ForEachOps$ForEachOp.evaluateSequential(ForEachOps.java:150)
	at java.base/java.util.stream.ForEachOps$ForEachOp$OfRef.evaluateSequential(ForEachOps.java:173)
	at java.base/java.util.stream.AbstractPipeline.evaluate(AbstractPipeline.java:234)
	at java.base/java.util.stream.ReferencePipeline.forEach(ReferencePipeline.java:596)
	at java.base/java.util.stream.ReferencePipeline$7$1.accept(ReferencePipeline.java:276)
	at java.base/java.util.ArrayList$ArrayListSpliterator.forEachRemaining(ArrayList.java:1625)
	at java.base/java.util.stream.AbstractPipeline.copyInto(AbstractPipeline.java:509)
	at java.base/java.util.stream.AbstractPipeline.wrapAndCopyInto(AbstractPipeline.java:499)
	at java.base/java.util.stream.ForEachOps$ForEachOp.evaluateSequential(ForEachOps.java:150)
	at java.base/java.util.stream.ForEachOps$ForEachOp$OfRef.evaluateSequential(ForEachOps.java:173)
	at java.base/java.util.stream.AbstractPipeline.evaluate(AbstractPipeline.java:234)
	at java.base/java.util.stream.ReferencePipeline.forEach(ReferencePipeline.java:596)
	at org.junit.jupiter.engine.descriptor.TestTemplateTestDescriptor.execute(TestTemplateTestDescriptor.java:107)
	at org.junit.jupiter.engine.descriptor.TestTemplateTestDescriptor.execute(TestTemplateTestDescriptor.java:42)
	at org.junit.platform.engine.support.hierarchical.NodeTestTask.lambda$executeRecursively$5(NodeTestTask.java:139)
	at org.junit.platform.engine.support.hierarchical.ThrowableCollector.execute(ThrowableCollector.java:73)
	at org.junit.platform.engine.support.hierarchical.NodeTestTask.lambda$executeRecursively$7(NodeTestTask.java:129)
	at org.junit.platform.engine.support.hierarchical.Node.around(Node.java:137)
	at org.junit.platform.engine.support.hierarchical.NodeTestTask.lambda$executeRecursively$8(NodeTestTask.java:127)
	at org.junit.platform.engine.support.hierarchical.ThrowableCollector.execute(ThrowableCollector.java:73)
	at org.junit.platform.engine.support.hierarchical.NodeTestTask.executeRecursively(NodeTestTask.java:126)
	at org.junit.platform.engine.support.hierarchical.NodeTestTask.execute(NodeTestTask.java:84)
	at java.base/java.util.ArrayList.forEach(ArrayList.java:1511)
	at org.junit.platform.engine.support.hierarchical.SameThreadHierarchicalTestExecutorService.invokeAll(SameThreadHierarchicalTestExecutorService.java:38)
	at org.junit.platform.engine.support.hierarchical.NodeTestTask.lambda$executeRecursively$5(NodeTestTask.java:143)
	at org.junit.platform.engine.support.hierarchical.ThrowableCollector.execute(ThrowableCollector.java:73)
	at org.junit.platform.engine.support.hierarchical.NodeTestTask.lambda$executeRecursively$7(NodeTestTask.java:129)
	at org.junit.platform.engine.support.hierarchical.Node.around(Node.java:137)
	at org.junit.platform.engine.support.hierarchical.NodeTestTask.lambda$executeRecursively$8(NodeTestTask.java:127)
	at org.junit.platform.engine.support.hierarchical.ThrowableCollector.execute(ThrowableCollector.java:73)
	at org.junit.platform.engine.support.hierarchical.NodeTestTask.executeRecursively(NodeTestTask.java:126)
	at org.junit.platform.engine.support.hierarchical.NodeTestTask.execute(NodeTestTask.java:84)
	at java.base/java.util.ArrayList.forEach(ArrayList.java:1511)
	at org.junit.platform.engine.support.hierarchical.SameThreadHierarchicalTestExecutorService.invokeAll(SameThreadHierarchicalTestExecutorService.java:38)
	at org.junit.platform.engine.support.hierarchical.NodeTestTask.lambda$executeRecursively$5(NodeTestTask.java:143)
	at org.junit.platform.engine.support.hierarchical.ThrowableCollector.execute(ThrowableCollector.java:73)
	at org.junit.platform.engine.support.hierarchical.NodeTestTask.lambda$executeRecursively$7(NodeTestTask.java:129)
	at org.junit.platform.engine.support.hierarchical.Node.around(Node.java:137)
	at org.junit.platform.engine.support.hierarchical.NodeTestTask.lambda$executeRecursively$8(NodeTestTask.java:127)
	at org.junit.platform.engine.support.hierarchical.ThrowableCollector.execute(ThrowableCollector.java:73)
	at org.junit.platform.engine.support.hierarchical.NodeTestTask.executeRecursively(NodeTestTask.java:126)
	at org.junit.platform.engine.support.hierarchical.NodeTestTask.execute(NodeTestTask.java:84)
	at org.junit.platform.engine.support.hierarchical.SameThreadHierarchicalTestExecutorService.submit(SameThreadHierarchicalTestExecutorService.java:32)
	at org.junit.platform.engine.support.hierarchical.HierarchicalTestExecutor.execute(HierarchicalTestExecutor.java:57)
	at org.junit.platform.engine.support.hierarchical.HierarchicalTestEngine.execute(HierarchicalTestEngine.java:51)
	at org.junit.platform.launcher.core.EngineExecutionOrchestrator.execute(EngineExecutionOrchestrator.java:108)
	at org.junit.platform.launcher.core.EngineExecutionOrchestrator.execute(EngineExecutionOrchestrator.java:88)
	at org.junit.platform.launcher.core.EngineExecutionOrchestrator.lambda$execute$0(EngineExecutionOrchestrator.java:54)
	at org.junit.platform.launcher.core.EngineExecutionOrchestrator.withInterceptedStreams(EngineExecutionOrchestrator.java:67)
	at org.junit.platform.launcher.core.EngineExecutionOrchestrator.execute(EngineExecutionOrchestrator.java:52)
	at org.junit.platform.launcher.core.DefaultLauncher.execute(DefaultLauncher.java:96)
	at org.junit.platform.launcher.core.DefaultLauncher.execute(DefaultLauncher.java:75)
	at org.junit.platform.console.tasks.ConsoleTestExecutor.executeTests(ConsoleTestExecutor.java:66)
	at org.junit.platform.console.tasks.ConsoleTestExecutor.lambda$execute$0(ConsoleTestExecutor.java:58)
	at org.junit.platform.console.tasks.CustomContextClassLoaderExecutor.replaceThreadContextClassLoaderAndInvoke(CustomContextClassLoaderExecutor.java:41)
	at org.junit.platform.console.tasks.CustomContextClassLoaderExecutor.invoke(CustomContextClassLoaderExecutor.java:31)
	at org.junit.platform.console.tasks.ConsoleTestExecutor.execute(ConsoleTestExecutor.java:58)
	at org.junit.platform.console.ConsoleLauncher.executeTests(ConsoleLauncher.java:95)
	at org.junit.platform.console.ConsoleLauncher.execute(ConsoleLauncher.java:73)
	at org.junit.platform.console.ConsoleLauncher.execute(ConsoleLauncher.java:50)
	at org.junit.platform.console.ConsoleLauncher.execute(ConsoleLauncher.java:43)
	at org.junit.platform.console.ConsoleLauncher.main(ConsoleLauncher.java:37)
]]></skipped>
<system-out><![CDATA[
unique-id: [engine:junit-jupiter]/[class:minebayd1.test.TestUser]/[test-template:testget(minebayd1.User, minebayd1.AdState, java.util.Optional, int)]/[test-template-invocation:#100]
display-name: [100] Lamia a 77 annonces ouvertes, 1 annonces fermées et 2 achats 
, CLOSED, Optional[COMPUTERS], 0
]]></system-out>
</testcase>
<testcase name="testcontainsInState(User, AdState, Object)[1]" classname="minebayd1.test.TestUser" time="0.003">
<system-out><![CDATA[
unique-id: [engine:junit-jupiter]/[class:minebayd1.test.TestUser]/[test-template:testcontainsInState(minebayd1.User, minebayd1.AdState, java.lang.Object)]/[test-template-invocation:#1]
display-name: [1] Idir a 58 annonces ouvertes, 5 annonces fermées et 4 achats 
, OPEN, L'annonce correspond à Annonce n°276 from Idir crée le 2024-11-04T21:00:34.620170114Z et correpoond à COMPUTERS et est à 3euros
]]></system-out>
</testcase>
<testcase name="testcontainsInState(User, AdState, Object)[2]" classname="minebayd1.test.TestUser" time="0.002">
<system-out><![CDATA[
unique-id: [engine:junit-jupiter]/[class:minebayd1.test.TestUser]/[test-template:testcontainsInState(minebayd1.User, minebayd1.AdState, java.lang.Object)]/[test-template-invocation:#2]
display-name: [2] Ayman a 53 annonces ouvertes, 4 annonces fermées et 4 achats 
, CLOSED, L'annonce correspond à Annonce n°1039 from Nima crée le 2024-11-04T21:00:34.610762758Z et correpoond à COMPUTERS et est à 36euros
]]></system-out>
</testcase>
<testcase name="testcontainsInState(User, AdState, Object)[3]" classname="minebayd1.test.TestUser" time="0.001">
<system-out><![CDATA[
unique-id: [engine:junit-jupiter]/[class:minebayd1.test.TestUser]/[test-template:testcontainsInState(minebayd1.User, minebayd1.AdState, java.lang.Object)]/[test-template-invocation:#3]
display-name: [3] Idir a 58 annonces ouvertes, 5 annonces fermées et 4 achats 
, CLOSED, L'annonce correspond à Annonce n°200 from Lyes crée le 2024-11-04T21:00:34.620883271Z et correpoond à SHOES et est à 7euros
]]></system-out>
</testcase>
<testcase name="testcontainsInState(User, AdState, Object)[4]" classname="minebayd1.test.TestUser" time="0.001">
<system-out><![CDATA[
unique-id: [engine:junit-jupiter]/[class:minebayd1.test.TestUser]/[test-template:testcontainsInState(minebayd1.User, minebayd1.AdState, java.lang.Object)]/[test-template-invocation:#4]
display-name: [4] Lyes a 65 annonces ouvertes, 1 annonces fermées et 3 achats 
, PURCHASE, L'annonce correspond à Annonce n°642 from Mamadou crée le 2024-11-04T21:00:34.615887102Z et correpoond à COMPUTERS et est à 19euros
]]></system-out>
</testcase>
<testcase name="testcontainsInState(User, AdState, Object)[5]" classname="minebayd1.test.TestUser" time="0.003">
<system-out><![CDATA[
unique-id: [engine:junit-jupiter]/[class:minebayd1.test.TestUser]/[test-template:testcontainsInState(minebayd1.User, minebayd1.AdState, java.lang.Object)]/[test-template-invocation:#5]
display-name: [5] Ziad a 48 annonces ouvertes, 4 annonces fermées et 2 achats 
, CLOSED, L'annonce correspond à Annonce n°804 from Ziad crée le 2024-11-04T21:00:34.613739894Z et correpoond à CLOTHES et est à 87euros
]]></system-out>
</testcase>
<testcase name="testcontainsInState(User, AdState, Object)[6]" classname="minebayd1.test.TestUser" time="0.002">
<system-out><![CDATA[
unique-id: [engine:junit-jupiter]/[class:minebayd1.test.TestUser]/[test-template:testcontainsInState(minebayd1.User, minebayd1.AdState, java.lang.Object)]/[test-template-invocation:#6]
display-name: [6] Aliou a 50 annonces ouvertes, 3 annonces fermées et 2 achats 
, CLOSED, L'annonce correspond à Annonce n°621 from Aliou crée le 2024-11-04T21:00:34.616313680Z et correpoond à CLOTHES et est à 5euros
]]></system-out>
</testcase>
<testcase name="testcontainsInState(User, AdState, Object)[7]" classname="minebayd1.test.TestUser" time="0.001">
<system-out><![CDATA[
unique-id: [engine:junit-jupiter]/[class:minebayd1.test.TestUser]/[test-template:testcontainsInState(minebayd1.User, minebayd1.AdState, java.lang.Object)]/[test-template-invocation:#7]
display-name: [7] Ayman a 53 annonces ouvertes, 4 annonces fermées et 4 achats 
, PURCHASE, L'annonce correspond à Annonce n°396 from Naila crée le 2024-11-04T21:00:34.618931393Z et correpoond à COMPUTERS et est à 13euros
]]></system-out>
</testcase>
<testcase name="testcontainsInState(User, AdState, Object)[8]" classname="minebayd1.test.TestUser" time="0">
<system-out><![CDATA[
unique-id: [engine:junit-jupiter]/[class:minebayd1.test.TestUser]/[test-template:testcontainsInState(minebayd1.User, minebayd1.AdState, java.lang.Object)]/[test-template-invocation:#8]
display-name: [8] Rosa a 40 annonces ouvertes, 4 annonces fermées et 2 achats 
, PURCHASE, L'annonce correspond à Annonce n°970 from Mounir crée le 2024-11-04T21:00:34.611529249Z et correpoond à COMPUTERS et est à 76euros
]]></system-out>
</testcase>
<testcase name="testcontainsInState(User, AdState, Object)[9]" classname="minebayd1.test.TestUser" time="0">
<system-out><![CDATA[
unique-id: [engine:junit-jupiter]/[class:minebayd1.test.TestUser]/[test-template:testcontainsInState(minebayd1.User, minebayd1.AdState, java.lang.Object)]/[test-template-invocation:#9]
display-name: [9] Rosa a 40 annonces ouvertes, 4 annonces fermées et 2 achats 
, OPEN, L'annonce correspond à Annonce n°1284 from Lamia crée le 2024-11-04T21:00:34.608441124Z et correpoond à SHOES et est à 43euros
]]></system-out>
</testcase>
<testcase name="testcontainsInState(User, AdState, Object)[10]" classname="minebayd1.test.TestUser" time="0.001">
<system-out><![CDATA[
unique-id: [engine:junit-jupiter]/[class:minebayd1.test.TestUser]/[test-template:testcontainsInState(minebayd1.User, minebayd1.AdState, java.lang.Object)]/[test-template-invocation:#10]
display-name: [10] Lamia a 77 annonces ouvertes, 1 annonces fermées et 2 achats 
, CLOSED, L'annonce correspond à Annonce n°1081 from Marcel crée le 2024-11-04T21:00:34.610008053Z et correpoond à GAMES et est à 51euros
]]></system-out>
</testcase>
<testcase name="testcontainsInState(User, AdState, Object)[11]" classname="minebayd1.test.TestUser" time="0">
<system-out><![CDATA[
unique-id: [engine:junit-jupiter]/[class:minebayd1.test.TestUser]/[test-template:testcontainsInState(minebayd1.User, minebayd1.AdState, java.lang.Object)]/[test-template-invocation:#11]
display-name: [11] Lisa a 45 annonces ouvertes, 4 annonces fermées et 3 achats 
, CLOSED, L'annonce correspond à Annonce n°103 from Lisa crée le 2024-11-04T21:00:34.621640211Z et correpoond à CLOTHES et est à 50euros
]]></system-out>
</testcase>
<testcase name="testcontainsInState(User, AdState, Object)[12]" classname="minebayd1.test.TestUser" time="0.001">
<system-out><![CDATA[
unique-id: [engine:junit-jupiter]/[class:minebayd1.test.TestUser]/[test-template:testcontainsInState(minebayd1.User, minebayd1.AdState, java.lang.Object)]/[test-template-invocation:#12]
display-name: [12] Mohamed a 45 annonces ouvertes, 2 annonces fermées et 3 achats 
, PURCHASE, L'annonce correspond à Annonce n°523 from Pierre crée le 2024-11-04T21:00:34.617568475Z et correpoond à COMPUTERS et est à 41euros
]]></system-out>
</testcase>
<testcase name="testcontainsInState(User, AdState, Object)[13]" classname="minebayd1.test.TestUser" time="0.002">
<system-out><![CDATA[
unique-id: [engine:junit-jupiter]/[class:minebayd1.test.TestUser]/[test-template:testcontainsInState(minebayd1.User, minebayd1.AdState, java.lang.Object)]/[test-template-invocation:#13]
display-name: [13] Ayman a 53 annonces ouvertes, 4 annonces fermées et 4 achats 
, CLOSED, L'annonce correspond à À vendre crée le 2024-11-04T21:00:35.626480784Z et correpoond à BOOKS et est à 46euros
]]></system-out>
</testcase>
<testcase name="testcontainsInState(User, AdState, Object)[14]" classname="minebayd1.test.TestUser" time="0">
<system-out><![CDATA[
unique-id: [engine:junit-jupiter]/[class:minebayd1.test.TestUser]/[test-template:testcontainsInState(minebayd1.User, minebayd1.AdState, java.lang.Object)]/[test-template-invocation:#14]
display-name: [14] Lyes a 65 annonces ouvertes, 1 annonces fermées et 3 achats 
, OPEN, L'annonce correspond à Annonce n°1475 from Lyes crée le 2024-11-04T21:00:34.606631725Z et correpoond à CLOTHES et est à 74euros
]]></system-out>
</testcase>
<testcase name="testcontainsInState(User, AdState, Object)[15]" classname="minebayd1.test.TestUser" time="0">
<system-out><![CDATA[
unique-id: [engine:junit-jupiter]/[class:minebayd1.test.TestUser]/[test-template:testcontainsInState(minebayd1.User, minebayd1.AdState, java.lang.Object)]/[test-template-invocation:#15]
display-name: [15] Marc a 55 annonces ouvertes, 1 annonces fermées et 2 achats 
, OPEN, L'annonce correspond à Annonce n°1465 from Lamia crée le 2024-11-04T21:00:34.606745629Z et correpoond à COMPUTERS et est à 83euros
]]></system-out>
</testcase>
<testcase name="testcontainsInState(User, AdState, Object)[16]" classname="minebayd1.test.TestUser" time="0.001">
<system-out><![CDATA[
unique-id: [engine:junit-jupiter]/[class:minebayd1.test.TestUser]/[test-template:testcontainsInState(minebayd1.User, minebayd1.AdState, java.lang.Object)]/[test-template-invocation:#16]
display-name: [16] Pierre a 41 annonces ouvertes, 5 annonces fermées et 2 achats 
, PURCHASE, L'annonce correspond à Annonce n°766 from Marcel crée le 2024-11-04T21:00:34.614260148Z et correpoond à BOOKS et est à 73euros
]]></system-out>
</testcase>
<testcase name="testcontainsInState(User, AdState, Object)[17]" classname="minebayd1.test.TestUser" time="0.001">
<system-out><![CDATA[
unique-id: [engine:junit-jupiter]/[class:minebayd1.test.TestUser]/[test-template:testcontainsInState(minebayd1.User, minebayd1.AdState, java.lang.Object)]/[test-template-invocation:#17]
display-name: [17] Sheraz a 49 annonces ouvertes, 3 annonces fermées et 6 achats 
, OPEN, L'annonce correspond à Annonce n°567 from Sheraz crée le 2024-11-04T21:00:34.617055446Z et correpoond à CLOTHES et est à 4euros
]]></system-out>
</testcase>
<testcase name="testcontainsInState(User, AdState, Object)[18]" classname="minebayd1.test.TestUser" time="0">
<system-out><![CDATA[
unique-id: [engine:junit-jupiter]/[class:minebayd1.test.TestUser]/[test-template:testcontainsInState(minebayd1.User, minebayd1.AdState, java.lang.Object)]/[test-template-invocation:#18]
display-name: [18] Rosa a 40 annonces ouvertes, 4 annonces fermées et 2 achats 
, OPEN, L'annonce correspond à Annonce n°393 from Marc crée le 2024-11-04T21:00:34.618961381Z et correpoond à SHOES et est à 51euros
]]></system-out>
</testcase>
<testcase name="testcontainsInState(User, AdState, Object)[19]" classname="minebayd1.test.TestUser" time="0.001">
<system-out><![CDATA[
unique-id: [engine:junit-jupiter]/[class:minebayd1.test.TestUser]/[test-template:testcontainsInState(minebayd1.User, minebayd1.AdState, java.lang.Object)]/[test-template-invocation:#19]
display-name: [19] Yanis a 61 annonces ouvertes, 4 annonces fermées et 3 achats 
, OPEN, L'annonce correspond à Annonce n°37 from Marcel crée le 2024-11-04T21:00:34.621870269Z et correpoond à CLOTHES et est à 16euros
]]></system-out>
</testcase>
<testcase name="testcontainsInState(User, AdState, Object)[20]" classname="minebayd1.test.TestUser" time="0.002">
<system-out><![CDATA[
unique-id: [engine:junit-jupiter]/[class:minebayd1.test.TestUser]/[test-template:testcontainsInState(minebayd1.User, minebayd1.AdState, java.lang.Object)]/[test-template-invocation:#20]
display-name: [20] Marcel a 63 annonces ouvertes, 4 annonces fermées et 4 achats 
, PURCHASE, L'annonce correspond à Annonce n°448 from Pierre crée le 2024-11-04T21:00:34.618254807Z et correpoond à GAMES et est à 71euros
]]></system-out>
</testcase>
<testcase name="testcontainsInState(User, AdState, Object)[21]" classname="minebayd1.test.TestUser" time="0.001">
<system-out><![CDATA[
unique-id: [engine:junit-jupiter]/[class:minebayd1.test.TestUser]/[test-template:testcontainsInState(minebayd1.User, minebayd1.AdState, java.lang.Object)]/[test-template-invocation:#21]
display-name: [21] Sonia a 47 annonces ouvertes, 2 annonces fermées et 2 achats 
, OPEN, L'annonce correspond à Annonce n°1497 from Ali crée le 2024-11-04T21:00:34.606407312Z et correpoond à CLOTHES et est à 7euros
]]></system-out>
</testcase>
<testcase name="testcontainsInState(User, AdState, Object)[22]" classname="minebayd1.test.TestUser" time="0">
<system-out><![CDATA[
unique-id: [engine:junit-jupiter]/[class:minebayd1.test.TestUser]/[test-template:testcontainsInState(minebayd1.User, minebayd1.AdState, java.lang.Object)]/[test-template-invocation:#22]
display-name: [22] Faycal a 51 annonces ouvertes, 3 annonces fermées et 4 achats 
, PURCHASE, L'annonce correspond à Annonce n°956 from Issa crée le 2024-11-04T21:00:34.611655620Z et correpoond à BOOKS et est à 39euros
]]></system-out>
</testcase>
<testcase name="testcontainsInState(User, AdState, Object)[23]" classname="minebayd1.test.TestUser" time="0.001">
<system-out><![CDATA[
unique-id: [engine:junit-jupiter]/[class:minebayd1.test.TestUser]/[test-template:testcontainsInState(minebayd1.User, minebayd1.AdState, java.lang.Object)]/[test-template-invocation:#23]
display-name: [23] Ali a 57 annonces ouvertes, 6 annonces fermées et 3 achats 
, OPEN, L'annonce correspond à Annonce n°438 from Ali crée le 2024-11-04T21:00:34.618357417Z et correpoond à CLOTHES et est à 14euros
]]></system-out>
</testcase>
<testcase name="testcontainsInState(User, AdState, Object)[24]" classname="minebayd1.test.TestUser" time="0">
<system-out><![CDATA[
unique-id: [engine:junit-jupiter]/[class:minebayd1.test.TestUser]/[test-template:testcontainsInState(minebayd1.User, minebayd1.AdState, java.lang.Object)]/[test-template-invocation:#24]
display-name: [24] Adam a 49 annonces ouvertes, 3 annonces fermées et 3 achats 
, CLOSED, L'annonce correspond à Annonce n°1228 from Adam crée le 2024-11-04T21:00:34.608962652Z et correpoond à COMPUTERS et est à 87euros
]]></system-out>
</testcase>
<testcase name="testcontainsInState(User, AdState, Object)[25]" classname="minebayd1.test.TestUser" time="0.001">
<system-out><![CDATA[
unique-id: [engine:junit-jupiter]/[class:minebayd1.test.TestUser]/[test-template:testcontainsInState(minebayd1.User, minebayd1.AdState, java.lang.Object)]/[test-template-invocation:#25]
display-name: [25] Boris a 63 annonces ouvertes, 2 annonces fermées et 3 achats 
, OPEN, L'annonce correspond à Annonce n°1364 from Boris crée le 2024-11-04T21:00:34.607848690Z et correpoond à CLOTHES et est à 92euros
]]></system-out>
</testcase>
<testcase name="testcontainsInState(User, AdState, Object)[26]" classname="minebayd1.test.TestUser" time="0.001">
<system-out><![CDATA[
unique-id: [engine:junit-jupiter]/[class:minebayd1.test.TestUser]/[test-template:testcontainsInState(minebayd1.User, minebayd1.AdState, java.lang.Object)]/[test-template-invocation:#26]
display-name: [26] Ali a 57 annonces ouvertes, 6 annonces fermées et 3 achats 
, PURCHASE, L'annonce correspond à Annonce n°312 from Chanez crée le 2024-11-04T21:00:34.619789717Z et correpoond à COMPUTERS et est à 31euros
]]></system-out>
</testcase>
<testcase name="testcontainsInState(User, AdState, Object)[27]" classname="minebayd1.test.TestUser" time="0">
<system-out><![CDATA[
unique-id: [engine:junit-jupiter]/[class:minebayd1.test.TestUser]/[test-template:testcontainsInState(minebayd1.User, minebayd1.AdState, java.lang.Object)]/[test-template-invocation:#27]
display-name: [27] Mohamed a 45 annonces ouvertes, 2 annonces fermées et 3 achats 
, CLOSED, L'annonce correspond à Annonce n°1154 from Mohamed crée le 2024-11-04T21:00:34.609424876Z et correpoond à CLOTHES et est à 43euros
]]></system-out>
</testcase>
<testcase name="testcontainsInState(User, AdState, Object)[28]" classname="minebayd1.test.TestUser" time="0">
<system-out><![CDATA[
unique-id: [engine:junit-jupiter]/[class:minebayd1.test.TestUser]/[test-template:testcontainsInState(minebayd1.User, minebayd1.AdState, java.lang.Object)]/[test-template-invocation:#28]
display-name: [28] Nima a 50 annonces ouvertes, 1 annonces fermées et 4 achats 
, PURCHASE, L'annonce correspond à Annonce n°443 from Chanez crée le 2024-11-04T21:00:34.618309261Z et correpoond à COMPUTERS et est à 11euros
]]></system-out>
</testcase>
<testcase name="testcontainsInState(User, AdState, Object)[29]" classname="minebayd1.test.TestUser" time="0.001">
<system-out><![CDATA[
unique-id: [engine:junit-jupiter]/[class:minebayd1.test.TestUser]/[test-template:testcontainsInState(minebayd1.User, minebayd1.AdState, java.lang.Object)]/[test-template-invocation:#29]
display-name: [29] Issa a 70 annonces ouvertes, 3 annonces fermées et 3 achats 
, PURCHASE, L'annonce correspond à À vendre crée le 2024-11-04T21:00:35.545290523Z et correpoond à BOOKS et est à 1euros
]]></system-out>
</testcase>
<testcase name="testcontainsInState(User, AdState, Object)[30]" classname="minebayd1.test.TestUser" time="0">
<system-out><![CDATA[
unique-id: [engine:junit-jupiter]/[class:minebayd1.test.TestUser]/[test-template:testcontainsInState(minebayd1.User, minebayd1.AdState, java.lang.Object)]/[test-template-invocation:#30]
display-name: [30] Zahra a 42 annonces ouvertes, 0 annonces fermées et 2 achats 
, OPEN, L'annonce correspond à Annonce n°1080 from Nima crée le 2024-11-04T21:00:34.610011879Z et correpoond à GAMES et est à 47euros
]]></system-out>
</testcase>
<testcase name="testcontainsInState(User, AdState, Object)[31]" classname="minebayd1.test.TestUser" time="0.001">
<system-out><![CDATA[
unique-id: [engine:junit-jupiter]/[class:minebayd1.test.TestUser]/[test-template:testcontainsInState(minebayd1.User, minebayd1.AdState, java.lang.Object)]/[test-template-invocation:#31]
display-name: [31] Ayman a 53 annonces ouvertes, 4 annonces fermées et 4 achats 
, OPEN, L'annonce correspond à Annonce n°1308 from Ayman crée le 2024-11-04T21:00:34.608312718Z et correpoond à GAMES et est à 14euros
]]></system-out>
</testcase>
<testcase name="testcontainsInState(User, AdState, Object)[32]" classname="minebayd1.test.TestUser" time="0.001">
<system-out><![CDATA[
unique-id: [engine:junit-jupiter]/[class:minebayd1.test.TestUser]/[test-template:testcontainsInState(minebayd1.User, minebayd1.AdState, java.lang.Object)]/[test-template-invocation:#32]
display-name: [32] Imam a 45 annonces ouvertes, 5 annonces fermées et 3 achats 
, PURCHASE, L'annonce correspond à Annonce n°647 from Lamia crée le 2024-11-04T21:00:34.615838847Z et correpoond à COMPUTERS et est à 57euros
]]></system-out>
</testcase>
<testcase name="testcontainsInState(User, AdState, Object)[33]" classname="minebayd1.test.TestUser" time="0">
<system-out><![CDATA[
unique-id: [engine:junit-jupiter]/[class:minebayd1.test.TestUser]/[test-template:testcontainsInState(minebayd1.User, minebayd1.AdState, java.lang.Object)]/[test-template-invocation:#33]
display-name: [33] Imam a 45 annonces ouvertes, 5 annonces fermées et 3 achats 
, PURCHASE, L'annonce correspond à Annonce n°1356 from Ismael crée le 2024-11-04T21:00:34.607911383Z et correpoond à GAMES et est à 30euros
]]></system-out>
</testcase>
<testcase name="testcontainsInState(User, AdState, Object)[34]" classname="minebayd1.test.TestUser" time="0">
<system-out><![CDATA[
unique-id: [engine:junit-jupiter]/[class:minebayd1.test.TestUser]/[test-template:testcontainsInState(minebayd1.User, minebayd1.AdState, java.lang.Object)]/[test-template-invocation:#34]
display-name: [34] Lisa a 45 annonces ouvertes, 4 annonces fermées et 3 achats 
, CLOSED, L'annonce correspond à Annonce n°1436 from Aliou crée le 2024-11-04T21:00:34.606997118Z et correpoond à COMPUTERS et est à 53euros
]]></system-out>
</testcase>
<testcase name="testcontainsInState(User, AdState, Object)[35]" classname="minebayd1.test.TestUser" time="0">
<system-out><![CDATA[
unique-id: [engine:junit-jupiter]/[class:minebayd1.test.TestUser]/[test-template:testcontainsInState(minebayd1.User, minebayd1.AdState, java.lang.Object)]/[test-template-invocation:#35]
display-name: [35] Faycal a 51 annonces ouvertes, 3 annonces fermées et 4 achats 
, CLOSED, L'annonce correspond à Annonce n°53 from Ayman crée le 2024-11-04T21:00:34.621826625Z et correpoond à BOOKS et est à 76euros
]]></system-out>
</testcase>
<testcase name="testcontainsInState(User, AdState, Object)[36]" classname="minebayd1.test.TestUser" time="0.001">
<system-out><![CDATA[
unique-id: [engine:junit-jupiter]/[class:minebayd1.test.TestUser]/[test-template:testcontainsInState(minebayd1.User, minebayd1.AdState, java.lang.Object)]/[test-template-invocation:#36]
display-name: [36] Ayman a 53 annonces ouvertes, 4 annonces fermées et 4 achats 
, CLOSED, L'annonce correspond à Annonce n°452 from Ayman crée le 2024-11-04T21:00:34.618217329Z et correpoond à SHOES et est à 36euros
]]></system-out>
</testcase>
<testcase name="testcontainsInState(User, AdState, Object)[37]" classname="minebayd1.test.TestUser" time="0.001">
<system-out><![CDATA[
unique-id: [engine:junit-jupiter]/[class:minebayd1.test.TestUser]/[test-template:testcontainsInState(minebayd1.User, minebayd1.AdState, java.lang.Object)]/[test-template-invocation:#37]
display-name: [37] Marcel a 63 annonces ouvertes, 4 annonces fermées et 4 achats 
, CLOSED, L'annonce correspond à Annonce n°457 from Marcel crée le 2024-11-04T21:00:34.618167077Z et correpoond à GAMES et est à 2euros
]]></system-out>
</testcase>
<testcase name="testcontainsInState(User, AdState, Object)[38]" classname="minebayd1.test.TestUser" time="0">
<system-out><![CDATA[
unique-id: [engine:junit-jupiter]/[class:minebayd1.test.TestUser]/[test-template:testcontainsInState(minebayd1.User, minebayd1.AdState, java.lang.Object)]/[test-template-invocation:#38]
display-name: [38] Ziad a 48 annonces ouvertes, 4 annonces fermées et 2 achats 
, CLOSED, L'annonce correspond à Annonce n°1429 from Ali crée le 2024-11-04T21:00:34.607087329Z et correpoond à CLOTHES et est à 70euros
]]></system-out>
</testcase>
<testcase name="testcontainsInState(User, AdState, Object)[39]" classname="minebayd1.test.TestUser" time="0">
<system-out><![CDATA[
unique-id: [engine:junit-jupiter]/[class:minebayd1.test.TestUser]/[test-template:testcontainsInState(minebayd1.User, minebayd1.AdState, java.lang.Object)]/[test-template-invocation:#39]
display-name: [39] Adam a 49 annonces ouvertes, 3 annonces fermées et 3 achats 
, OPEN, L'annonce correspond à Annonce n°576 from Adam crée le 2024-11-04T21:00:34.616930086Z et correpoond à CLOTHES et est à 20euros
]]></system-out>
</testcase>
<testcase name="testcontainsInState(User, AdState, Object)[40]" classname="minebayd1.test.TestUser" time="0.001">
<system-out><![CDATA[
unique-id: [engine:junit-jupiter]/[class:minebayd1.test.TestUser]/[test-template:testcontainsInState(minebayd1.User, minebayd1.AdState, java.lang.Object)]/[test-template-invocation:#40]
display-name: [40] Issa a 70 annonces ouvertes, 3 annonces fermées et 3 achats 
, CLOSED, L'annonce correspond à Annonce n°1438 from Issa crée le 2024-11-04T21:00:34.606985499Z et correpoond à COMPUTERS et est à 45euros
]]></system-out>
</testcase>
<testcase name="testcontainsInState(User, AdState, Object)[41]" classname="minebayd1.test.TestUser" time="0.001">
<system-out><![CDATA[
unique-id: [engine:junit-jupiter]/[class:minebayd1.test.TestUser]/[test-template:testcontainsInState(minebayd1.User, minebayd1.AdState, java.lang.Object)]/[test-template-invocation:#41]
display-name: [41] Ayman a 53 annonces ouvertes, 4 annonces fermées et 4 achats 
, OPEN, L'annonce correspond à Annonce n°618 from Pierre crée le 2024-11-04T21:00:34.616352538Z et correpoond à COMPUTERS et est à 42euros
]]></system-out>
</testcase>
<testcase name="testcontainsInState(User, AdState, Object)[42]" classname="minebayd1.test.TestUser" time="0.001">
<system-out><![CDATA[
unique-id: [engine:junit-jupiter]/[class:minebayd1.test.TestUser]/[test-template:testcontainsInState(minebayd1.User, minebayd1.AdState, java.lang.Object)]/[test-template-invocation:#42]
display-name: [42] Marcel a 63 annonces ouvertes, 4 annonces fermées et 4 achats 
, CLOSED, L'annonce correspond à Annonce n°105 from Marcel crée le 2024-11-04T21:00:34.621633004Z et correpoond à COMPUTERS et est à 53euros
]]></system-out>
</testcase>
<testcase name="testcontainsInState(User, AdState, Object)[43]" classname="minebayd1.test.TestUser" time="0">
<system-out><![CDATA[
unique-id: [engine:junit-jupiter]/[class:minebayd1.test.TestUser]/[test-template:testcontainsInState(minebayd1.User, minebayd1.AdState, java.lang.Object)]/[test-template-invocation:#43]
display-name: [43] Mohamed a 45 annonces ouvertes, 2 annonces fermées et 3 achats 
, PURCHASE, L'annonce correspond à Annonce n°636 from Ali crée le 2024-11-04T21:00:34.615937176Z et correpoond à GAMES et est à 94euros
]]></system-out>
</testcase>
<testcase name="testcontainsInState(User, AdState, Object)[44]" classname="minebayd1.test.TestUser" time="0">
<system-out><![CDATA[
unique-id: [engine:junit-jupiter]/[class:minebayd1.test.TestUser]/[test-template:testcontainsInState(minebayd1.User, minebayd1.AdState, java.lang.Object)]/[test-template-invocation:#44]
display-name: [44] Lisa a 45 annonces ouvertes, 4 annonces fermées et 3 achats 
, PURCHASE, L'annonce correspond à Annonce n°757 from Sheraz crée le 2024-11-04T21:00:34.614367167Z et correpoond à CLOTHES et est à 88euros
]]></system-out>
</testcase>
<testcase name="testcontainsInState(User, AdState, Object)[45]" classname="minebayd1.test.TestUser" time="0">
<system-out><![CDATA[
unique-id: [engine:junit-jupiter]/[class:minebayd1.test.TestUser]/[test-template:testcontainsInState(minebayd1.User, minebayd1.AdState, java.lang.Object)]/[test-template-invocation:#45]
display-name: [45] Chanez a 57 annonces ouvertes, 2 annonces fermées et 1 achats 
, CLOSED, L'annonce correspond à Annonce n°408 from Chanez crée le 2024-11-04T21:00:34.618829343Z et correpoond à SHOES et est à 18euros
]]></system-out>
</testcase>
<testcase name="testcontainsInState(User, AdState, Object)[46]" classname="minebayd1.test.TestUser" time="0">
<system-out><![CDATA[
unique-id: [engine:junit-jupiter]/[class:minebayd1.test.TestUser]/[test-template:testcontainsInState(minebayd1.User, minebayd1.AdState, java.lang.Object)]/[test-template-invocation:#46]
display-name: [46] Idir a 58 annonces ouvertes, 5 annonces fermées et 4 achats 
, CLOSED, L'annonce correspond à Annonce n°1091 from Idir crée le 2024-11-04T21:00:34.609962702Z et correpoond à COMPUTERS et est à 32euros
]]></system-out>
</testcase>
<testcase name="testcontainsInState(User, AdState, Object)[47]" classname="minebayd1.test.TestUser" time="0">
<system-out><![CDATA[
unique-id: [engine:junit-jupiter]/[class:minebayd1.test.TestUser]/[test-template:testcontainsInState(minebayd1.User, minebayd1.AdState, java.lang.Object)]/[test-template-invocation:#47]
display-name: [47] Ali a 57 annonces ouvertes, 6 annonces fermées et 3 achats 
, PURCHASE, L'annonce correspond à Annonce n°1421 from Ayman crée le 2024-11-04T21:00:34.607176007Z et correpoond à BOOKS et est à 73euros
]]></system-out>
</testcase>
<testcase name="testcontainsInState(User, AdState, Object)[48]" classname="minebayd1.test.TestUser" time="0">
<system-out><![CDATA[
unique-id: [engine:junit-jupiter]/[class:minebayd1.test.TestUser]/[test-template:testcontainsInState(minebayd1.User, minebayd1.AdState, java.lang.Object)]/[test-template-invocation:#48]
display-name: [48] Imam a 45 annonces ouvertes, 5 annonces fermées et 3 achats 
, OPEN, L'annonce correspond à À vendre crée le 2024-11-04T21:00:35.611457071Z et correpoond à GAMES et est à 3euros
]]></system-out>
</testcase>
<testcase name="testcontainsInState(User, AdState, Object)[49]" classname="minebayd1.test.TestUser" time="0">
<system-out><![CDATA[
unique-id: [engine:junit-jupiter]/[class:minebayd1.test.TestUser]/[test-template:testcontainsInState(minebayd1.User, minebayd1.AdState, java.lang.Object)]/[test-template-invocation:#49]
display-name: [49] Marc a 55 annonces ouvertes, 1 annonces fermées et 2 achats 
, PURCHASE, L'annonce correspond à Annonce n°534 from Lisa crée le 2024-11-04T21:00:34.617461158Z et correpoond à GAMES et est à 92euros
]]></system-out>
</testcase>
<testcase name="testcontainsInState(User, AdState, Object)[50]" classname="minebayd1.test.TestUser" time="0">
<system-out><![CDATA[
unique-id: [engine:junit-jupiter]/[class:minebayd1.test.TestUser]/[test-template:testcontainsInState(minebayd1.User, minebayd1.AdState, java.lang.Object)]/[test-template-invocation:#50]
display-name: [50] Yanis a 61 annonces ouvertes, 4 annonces fermées et 3 achats 
, CLOSED, L'annonce correspond à Annonce n°660 from Yanis crée le 2024-11-04T21:00:34.615701053Z et correpoond à SHOES et est à 26euros
]]></system-out>
</testcase>
<testcase name="testcontainsInState(User, AdState, Object)[51]" classname="minebayd1.test.TestUser" time="0">
<system-out><![CDATA[
unique-id: [engine:junit-jupiter]/[class:minebayd1.test.TestUser]/[test-template:testcontainsInState(minebayd1.User, minebayd1.AdState, java.lang.Object)]/[test-template-invocation:#51]
display-name: [51] Aliou a 50 annonces ouvertes, 3 annonces fermées et 2 achats 
, PURCHASE, L'annonce correspond à Annonce n°71 from Sheraz crée le 2024-11-04T21:00:34.621767293Z et correpoond à COMPUTERS et est à 18euros
]]></system-out>
</testcase>
<testcase name="testcontainsInState(User, AdState, Object)[52]" classname="minebayd1.test.TestUser" time="0.001">
<system-out><![CDATA[
unique-id: [engine:junit-jupiter]/[class:minebayd1.test.TestUser]/[test-template:testcontainsInState(minebayd1.User, minebayd1.AdState, java.lang.Object)]/[test-template-invocation:#52]
display-name: [52] Boris a 63 annonces ouvertes, 2 annonces fermées et 3 achats 
, OPEN, L'annonce correspond à Annonce n°1318 from Boris crée le 2024-11-04T21:00:34.608238495Z et correpoond à SHOES et est à 43euros
]]></system-out>
</testcase>
<testcase name="testcontainsInState(User, AdState, Object)[53]" classname="minebayd1.test.TestUser" time="0.001">
<system-out><![CDATA[
unique-id: [engine:junit-jupiter]/[class:minebayd1.test.TestUser]/[test-template:testcontainsInState(minebayd1.User, minebayd1.AdState, java.lang.Object)]/[test-template-invocation:#53]
display-name: [53] Idir a 58 annonces ouvertes, 5 annonces fermées et 4 achats 
, PURCHASE, L'annonce correspond à Annonce n°505 from Adam crée le 2024-11-04T21:00:34.617732056Z et correpoond à GAMES et est à 40euros
]]></system-out>
</testcase>
<testcase name="testcontainsInState(User, AdState, Object)[54]" classname="minebayd1.test.TestUser" time="0.001">
<system-out><![CDATA[
unique-id: [engine:junit-jupiter]/[class:minebayd1.test.TestUser]/[test-template:testcontainsInState(minebayd1.User, minebayd1.AdState, java.lang.Object)]/[test-template-invocation:#54]
display-name: [54] Marcel a 63 annonces ouvertes, 4 annonces fermées et 4 achats 
, OPEN, L'annonce correspond à Annonce n°1421 from Ayman crée le 2024-11-04T21:00:34.607176007Z et correpoond à BOOKS et est à 73euros
]]></system-out>
</testcase>
<testcase name="testcontainsInState(User, AdState, Object)[55]" classname="minebayd1.test.TestUser" time="0">
<system-out><![CDATA[
unique-id: [engine:junit-jupiter]/[class:minebayd1.test.TestUser]/[test-template:testcontainsInState(minebayd1.User, minebayd1.AdState, java.lang.Object)]/[test-template-invocation:#55]
display-name: [55] Adam a 49 annonces ouvertes, 3 annonces fermées et 3 achats 
, OPEN, L'annonce correspond à À vendre crée le 2024-11-04T21:00:35.614717703Z et correpoond à BOOKS et est à 1euros
]]></system-out>
</testcase>
<testcase name="testcontainsInState(User, AdState, Object)[56]" classname="minebayd1.test.TestUser" time="0.001">
<system-out><![CDATA[
unique-id: [engine:junit-jupiter]/[class:minebayd1.test.TestUser]/[test-template:testcontainsInState(minebayd1.User, minebayd1.AdState, java.lang.Object)]/[test-template-invocation:#56]
display-name: [56] Mounir a 59 annonces ouvertes, 2 annonces fermées et 2 achats 
, PURCHASE, L'annonce correspond à Annonce n°1333 from Imam crée le 2024-11-04T21:00:34.608075419Z et correpoond à SHOES et est à 87euros
]]></system-out>
</testcase>
<testcase name="testcontainsInState(User, AdState, Object)[57]" classname="minebayd1.test.TestUser" time="0">
<system-out><![CDATA[
unique-id: [engine:junit-jupiter]/[class:minebayd1.test.TestUser]/[test-template:testcontainsInState(minebayd1.User, minebayd1.AdState, java.lang.Object)]/[test-template-invocation:#57]
display-name: [57] Lyes a 65 annonces ouvertes, 1 annonces fermées et 3 achats 
, OPEN, L'annonce correspond à Annonce n°670 from Lyes crée le 2024-11-04T21:00:34.615625848Z et correpoond à SHOES et est à 54euros
]]></system-out>
</testcase>
<testcase name="testcontainsInState(User, AdState, Object)[58]" classname="minebayd1.test.TestUser" time="0">
<system-out><![CDATA[
unique-id: [engine:junit-jupiter]/[class:minebayd1.test.TestUser]/[test-template:testcontainsInState(minebayd1.User, minebayd1.AdState, java.lang.Object)]/[test-template-invocation:#58]
display-name: [58] Lamia a 77 annonces ouvertes, 1 annonces fermées et 2 achats 
, PURCHASE, L'annonce correspond à Annonce n°1332 from Yanis crée le 2024-11-04T21:00:34.608082747Z et correpoond à GAMES et est à 2euros
]]></system-out>
</testcase>
<testcase name="testcontainsInState(User, AdState, Object)[59]" classname="minebayd1.test.TestUser" time="0.001">
<system-out><![CDATA[
unique-id: [engine:junit-jupiter]/[class:minebayd1.test.TestUser]/[test-template:testcontainsInState(minebayd1.User, minebayd1.AdState, java.lang.Object)]/[test-template-invocation:#59]
display-name: [59] Marcel a 63 annonces ouvertes, 4 annonces fermées et 4 achats 
, CLOSED, L'annonce correspond à Annonce n°1141 from Sonia crée le 2024-11-04T21:00:34.609590497Z et correpoond à SHOES et est à 55euros
]]></system-out>
</testcase>
<testcase name="testcontainsInState(User, AdState, Object)[60]" classname="minebayd1.test.TestUser" time="0">
<system-out><![CDATA[
unique-id: [engine:junit-jupiter]/[class:minebayd1.test.TestUser]/[test-template:testcontainsInState(minebayd1.User, minebayd1.AdState, java.lang.Object)]/[test-template-invocation:#60]
display-name: [60] Rosa a 40 annonces ouvertes, 4 annonces fermées et 2 achats 
, OPEN, L'annonce correspond à Annonce n°688 from Rosa crée le 2024-11-04T21:00:34.615462642Z et correpoond à SHOES et est à 61euros
]]></system-out>
</testcase>
<testcase name="testcontainsInState(User, AdState, Object)[61]" classname="minebayd1.test.TestUser" time="0">
<system-out><![CDATA[
unique-id: [engine:junit-jupiter]/[class:minebayd1.test.TestUser]/[test-template:testcontainsInState(minebayd1.User, minebayd1.AdState, java.lang.Object)]/[test-template-invocation:#61]
display-name: [61] Imam a 45 annonces ouvertes, 5 annonces fermées et 3 achats 
, PURCHASE, L'annonce correspond à Annonce n°1228 from Adam crée le 2024-11-04T21:00:34.608962652Z et correpoond à COMPUTERS et est à 87euros
]]></system-out>
</testcase>
<testcase name="testcontainsInState(User, AdState, Object)[62]" classname="minebayd1.test.TestUser" time="0">
<system-out><![CDATA[
unique-id: [engine:junit-jupiter]/[class:minebayd1.test.TestUser]/[test-template:testcontainsInState(minebayd1.User, minebayd1.AdState, java.lang.Object)]/[test-template-invocation:#62]
display-name: [62] Ayman a 53 annonces ouvertes, 4 annonces fermées et 4 achats 
, PURCHASE, L'annonce correspond à Annonce n°396 from Naila crée le 2024-11-04T21:00:34.618931393Z et correpoond à COMPUTERS et est à 13euros
]]></system-out>
</testcase>
<testcase name="testcontainsInState(User, AdState, Object)[63]" classname="minebayd1.test.TestUser" time="0.001">
<system-out><![CDATA[
unique-id: [engine:junit-jupiter]/[class:minebayd1.test.TestUser]/[test-template:testcontainsInState(minebayd1.User, minebayd1.AdState, java.lang.Object)]/[test-template-invocation:#63]
display-name: [63] Marcel a 63 annonces ouvertes, 4 annonces fermées et 4 achats 
, OPEN, L'annonce correspond à Annonce n°1339 from Yanis crée le 2024-11-04T21:00:34.608031141Z et correpoond à BOOKS et est à 17euros
]]></system-out>
</testcase>
<testcase name="testcontainsInState(User, AdState, Object)[64]" classname="minebayd1.test.TestUser" time="0">
<system-out><![CDATA[
unique-id: [engine:junit-jupiter]/[class:minebayd1.test.TestUser]/[test-template:testcontainsInState(minebayd1.User, minebayd1.AdState, java.lang.Object)]/[test-template-invocation:#64]
display-name: [64] Faycal a 51 annonces ouvertes, 3 annonces fermées et 4 achats 
, PURCHASE, L'annonce correspond à Annonce n°1478 from Ayman crée le 2024-11-04T21:00:34.606603681Z et correpoond à CLOTHES et est à 6euros
]]></system-out>
</testcase>
<testcase name="testcontainsInState(User, AdState, Object)[65]" classname="minebayd1.test.TestUser" time="0">
<system-out><![CDATA[
unique-id: [engine:junit-jupiter]/[class:minebayd1.test.TestUser]/[test-template:testcontainsInState(minebayd1.User, minebayd1.AdState, java.lang.Object)]/[test-template-invocation:#65]
display-name: [65] Ayman a 53 annonces ouvertes, 4 annonces fermées et 4 achats 
, PURCHASE, L'annonce correspond à Annonce n°1066 from Pierre crée le 2024-11-04T21:00:34.610135304Z et correpoond à COMPUTERS et est à 60euros
]]></system-out>
</testcase>
<testcase name="testcontainsInState(User, AdState, Object)[66]" classname="minebayd1.test.TestUser" time="0">
<system-out><![CDATA[
unique-id: [engine:junit-jupiter]/[class:minebayd1.test.TestUser]/[test-template:testcontainsInState(minebayd1.User, minebayd1.AdState, java.lang.Object)]/[test-template-invocation:#66]
display-name: [66] Pierre a 41 annonces ouvertes, 5 annonces fermées et 2 achats 
, CLOSED, L'annonce correspond à Annonce n°1168 from Marcel crée le 2024-11-04T21:00:34.609342382Z et correpoond à COMPUTERS et est à 67euros
]]></system-out>
</testcase>
<testcase name="testcontainsInState(User, AdState, Object)[67]" classname="minebayd1.test.TestUser" time="0">
<system-out><![CDATA[
unique-id: [engine:junit-jupiter]/[class:minebayd1.test.TestUser]/[test-template:testcontainsInState(minebayd1.User, minebayd1.AdState, java.lang.Object)]/[test-template-invocation:#67]
display-name: [67] Yanis a 61 annonces ouvertes, 4 annonces fermées et 3 achats 
, CLOSED, L'annonce correspond à Annonce n°448 from Pierre crée le 2024-11-04T21:00:34.618254807Z et correpoond à GAMES et est à 71euros
]]></system-out>
</testcase>
<testcase name="testcontainsInState(User, AdState, Object)[68]" classname="minebayd1.test.TestUser" time="0">
<system-out><![CDATA[
unique-id: [engine:junit-jupiter]/[class:minebayd1.test.TestUser]/[test-template:testcontainsInState(minebayd1.User, minebayd1.AdState, java.lang.Object)]/[test-template-invocation:#68]
display-name: [68] Yanis a 61 annonces ouvertes, 4 annonces fermées et 3 achats 
, OPEN, L'annonce correspond à Annonce n°61 from Faycal crée le 2024-11-04T21:00:34.621799592Z et correpoond à COMPUTERS et est à 38euros
]]></system-out>
</testcase>
<testcase name="testcontainsInState(User, AdState, Object)[69]" classname="minebayd1.test.TestUser" time="0">
<system-out><![CDATA[
unique-id: [engine:junit-jupiter]/[class:minebayd1.test.TestUser]/[test-template:testcontainsInState(minebayd1.User, minebayd1.AdState, java.lang.Object)]/[test-template-invocation:#69]
display-name: [69] Sonia a 47 annonces ouvertes, 2 annonces fermées et 2 achats 
, CLOSED, L'annonce correspond à Annonce n°786 from Sonia crée le 2024-11-04T21:00:34.613968210Z et correpoond à BOOKS et est à 9euros
]]></system-out>
</testcase>
<testcase name="testcontainsInState(User, AdState, Object)[70]" classname="minebayd1.test.TestUser" time="0">
<system-out><![CDATA[
unique-id: [engine:junit-jupiter]/[class:minebayd1.test.TestUser]/[test-template:testcontainsInState(minebayd1.User, minebayd1.AdState, java.lang.Object)]/[test-template-invocation:#70]
display-name: [70] Sonia a 47 annonces ouvertes, 2 annonces fermées et 2 achats 
, CLOSED, L'annonce correspond à Annonce n°200 from Lyes crée le 2024-11-04T21:00:34.620883271Z et correpoond à SHOES et est à 7euros
]]></system-out>
</testcase>
<testcase name="testcontainsInState(User, AdState, Object)[71]" classname="minebayd1.test.TestUser" time="0.001">
<system-out><![CDATA[
unique-id: [engine:junit-jupiter]/[class:minebayd1.test.TestUser]/[test-template:testcontainsInState(minebayd1.User, minebayd1.AdState, java.lang.Object)]/[test-template-invocation:#71]
display-name: [71] Lamia a 77 annonces ouvertes, 1 annonces fermées et 2 achats 
, OPEN, L'annonce correspond à Annonce n°422 from Lamia crée le 2024-11-04T21:00:34.618517512Z et correpoond à COMPUTERS et est à 72euros
]]></system-out>
</testcase>
<testcase name="testcontainsInState(User, AdState, Object)[72]" classname="minebayd1.test.TestUser" time="0">
<system-out><![CDATA[
unique-id: [engine:junit-jupiter]/[class:minebayd1.test.TestUser]/[test-template:testcontainsInState(minebayd1.User, minebayd1.AdState, java.lang.Object)]/[test-template-invocation:#72]
display-name: [72] Yanis a 61 annonces ouvertes, 4 annonces fermées et 3 achats 
, OPEN, L'annonce correspond à Annonce n°640 from Yanis crée le 2024-11-04T21:00:34.615903572Z et correpoond à CLOTHES et est à 80euros
]]></system-out>
</testcase>
<testcase name="testcontainsInState(User, AdState, Object)[73]" classname="minebayd1.test.TestUser" time="0">
<system-out><![CDATA[
unique-id: [engine:junit-jupiter]/[class:minebayd1.test.TestUser]/[test-template:testcontainsInState(minebayd1.User, minebayd1.AdState, java.lang.Object)]/[test-template-invocation:#73]
display-name: [73] Ziad a 48 annonces ouvertes, 4 annonces fermées et 2 achats 
, PURCHASE, L'annonce correspond à Annonce n°106 from Sheraz crée le 2024-11-04T21:00:34.621629746Z et correpoond à CLOTHES et est à 97euros
]]></system-out>
</testcase>
<testcase name="testcontainsInState(User, AdState, Object)[74]" classname="minebayd1.test.TestUser" time="0">
<system-out><![CDATA[
unique-id: [engine:junit-jupiter]/[class:minebayd1.test.TestUser]/[test-template:testcontainsInState(minebayd1.User, minebayd1.AdState, java.lang.Object)]/[test-template-invocation:#74]
display-name: [74] Idir a 58 annonces ouvertes, 5 annonces fermées et 4 achats 
, CLOSED, L'annonce correspond à Annonce n°347 from Idir crée le 2024-11-04T21:00:34.619449165Z et correpoond à CLOTHES et est à 77euros
]]></system-out>
</testcase>
<testcase name="testcontainsInState(User, AdState, Object)[75]" classname="minebayd1.test.TestUser" time="0">
<system-out><![CDATA[
unique-id: [engine:junit-jupiter]/[class:minebayd1.test.TestUser]/[test-template:testcontainsInState(minebayd1.User, minebayd1.AdState, java.lang.Object)]/[test-template-invocation:#75]
display-name: [75] Zahra a 42 annonces ouvertes, 0 annonces fermées et 2 achats 
, PURCHASE, L'annonce correspond à Annonce n°982 from Lamia crée le 2024-11-04T21:00:34.611429969Z et correpoond à GAMES et est à 90euros
]]></system-out>
</testcase>
<testcase name="testcontainsInState(User, AdState, Object)[76]" classname="minebayd1.test.TestUser" time="0">
<system-out><![CDATA[
unique-id: [engine:junit-jupiter]/[class:minebayd1.test.TestUser]/[test-template:testcontainsInState(minebayd1.User, minebayd1.AdState, java.lang.Object)]/[test-template-invocation:#76]
display-name: [76] Nima a 50 annonces ouvertes, 1 annonces fermées et 4 achats 
, OPEN, L'annonce correspond à Annonce n°897 from Nima crée le 2024-11-04T21:00:34.612353456Z et correpoond à COMPUTERS et est à 93euros
]]></system-out>
</testcase>
<testcase name="testcontainsInState(User, AdState, Object)[77]" classname="minebayd1.test.TestUser" time="0">
<system-out><![CDATA[
unique-id: [engine:junit-jupiter]/[class:minebayd1.test.TestUser]/[test-template:testcontainsInState(minebayd1.User, minebayd1.AdState, java.lang.Object)]/[test-template-invocation:#77]
display-name: [77] Issa a 70 annonces ouvertes, 3 annonces fermées et 3 achats 
, PURCHASE, L'annonce correspond à Annonce n°1329 from Naila crée le 2024-11-04T21:00:34.608105780Z et correpoond à BOOKS et est à 77euros
]]></system-out>
</testcase>
<testcase name="testcontainsInState(User, AdState, Object)[78]" classname="minebayd1.test.TestUser" time="0.001">
<system-out><![CDATA[
unique-id: [engine:junit-jupiter]/[class:minebayd1.test.TestUser]/[test-template:testcontainsInState(minebayd1.User, minebayd1.AdState, java.lang.Object)]/[test-template-invocation:#78]
display-name: [78] Mamadou a 59 annonces ouvertes, 2 annonces fermées et 1 achats 
, OPEN, L'annonce correspond à Annonce n°387 from Mamadou crée le 2024-11-04T21:00:34.619024873Z et correpoond à GAMES et est à 26euros
]]></system-out>
</testcase>
<testcase name="testcontainsInState(User, AdState, Object)[79]" classname="minebayd1.test.TestUser" time="0">
<system-out><![CDATA[
unique-id: [engine:junit-jupiter]/[class:minebayd1.test.TestUser]/[test-template:testcontainsInState(minebayd1.User, minebayd1.AdState, java.lang.Object)]/[test-template-invocation:#79]
display-name: [79] Mounir a 59 annonces ouvertes, 2 annonces fermées et 2 achats 
, CLOSED, L'annonce correspond à Annonce n°1254 from Boris crée le 2024-11-04T21:00:34.608670427Z et correpoond à GAMES et est à 44euros
]]></system-out>
</testcase>
<testcase name="testcontainsInState(User, AdState, Object)[80]" classname="minebayd1.test.TestUser" time="0">
<system-out><![CDATA[
unique-id: [engine:junit-jupiter]/[class:minebayd1.test.TestUser]/[test-template:testcontainsInState(minebayd1.User, minebayd1.AdState, java.lang.Object)]/[test-template-invocation:#80]
display-name: [80] Pierre a 41 annonces ouvertes, 5 annonces fermées et 2 achats 
, CLOSED, L'annonce correspond à Annonce n°523 from Pierre crée le 2024-11-04T21:00:34.617568475Z et correpoond à COMPUTERS et est à 41euros
]]></system-out>
</testcase>
<testcase name="testcontainsInState(User, AdState, Object)[81]" classname="minebayd1.test.TestUser" time="0">
<system-out><![CDATA[
unique-id: [engine:junit-jupiter]/[class:minebayd1.test.TestUser]/[test-template:testcontainsInState(minebayd1.User, minebayd1.AdState, java.lang.Object)]/[test-template-invocation:#81]
display-name: [81] Issa a 70 annonces ouvertes, 3 annonces fermées et 3 achats 
, PURCHASE, L'annonce correspond à Annonce n°614 from Nima crée le 2024-11-04T21:00:34.616403115Z et correpoond à SHOES et est à 6euros
]]></system-out>
</testcase>
<testcase name="testcontainsInState(User, AdState, Object)[82]" classname="minebayd1.test.TestUser" time="0.001">
<system-out><![CDATA[
unique-id: [engine:junit-jupiter]/[class:minebayd1.test.TestUser]/[test-template:testcontainsInState(minebayd1.User, minebayd1.AdState, java.lang.Object)]/[test-template-invocation:#82]
display-name: [82] Marcel a 63 annonces ouvertes, 4 annonces fermées et 4 achats 
, OPEN, L'annonce correspond à Annonce n°214 from Marcel crée le 2024-11-04T21:00:34.620757952Z et correpoond à BOOKS et est à 68euros
]]></system-out>
</testcase>
<testcase name="testcontainsInState(User, AdState, Object)[83]" classname="minebayd1.test.TestUser" time="0">
<system-out><![CDATA[
unique-id: [engine:junit-jupiter]/[class:minebayd1.test.TestUser]/[test-template:testcontainsInState(minebayd1.User, minebayd1.AdState, java.lang.Object)]/[test-template-invocation:#83]
display-name: [83] Mounir a 59 annonces ouvertes, 2 annonces fermées et 2 achats 
, CLOSED, L'annonce correspond à Annonce n°443 from Chanez crée le 2024-11-04T21:00:34.618309261Z et correpoond à COMPUTERS et est à 11euros
]]></system-out>
</testcase>
<testcase name="testcontainsInState(User, AdState, Object)[84]" classname="minebayd1.test.TestUser" time="0">
<system-out><![CDATA[
unique-id: [engine:junit-jupiter]/[class:minebayd1.test.TestUser]/[test-template:testcontainsInState(minebayd1.User, minebayd1.AdState, java.lang.Object)]/[test-template-invocation:#84]
display-name: [84] Ismael a 59 annonces ouvertes, 1 annonces fermées et 3 achats 
, PURCHASE, L'annonce correspond à Annonce n°292 from Imam crée le 2024-11-04T21:00:34.620003350Z et correpoond à SHOES et est à 39euros
]]></system-out>
</testcase>
<testcase name="testcontainsInState(User, AdState, Object)[85]" classname="minebayd1.test.TestUser" time="0.001">
<system-out><![CDATA[
unique-id: [engine:junit-jupiter]/[class:minebayd1.test.TestUser]/[test-template:testcontainsInState(minebayd1.User, minebayd1.AdState, java.lang.Object)]/[test-template-invocation:#85]
display-name: [85] Sheraz a 49 annonces ouvertes, 3 annonces fermées et 6 achats 
, PURCHASE, L'annonce correspond à Annonce n°67 from Imam crée le 2024-11-04T21:00:34.621780979Z et correpoond à CLOTHES et est à 7euros
]]></system-out>
</testcase>
<testcase name="testcontainsInState(User, AdState, Object)[86]" classname="minebayd1.test.TestUser" time="0">
<system-out><![CDATA[
unique-id: [engine:junit-jupiter]/[class:minebayd1.test.TestUser]/[test-template:testcontainsInState(minebayd1.User, minebayd1.AdState, java.lang.Object)]/[test-template-invocation:#86]
display-name: [86] Zahra a 42 annonces ouvertes, 0 annonces fermées et 2 achats 
, CLOSED, L'annonce correspond à Annonce n°53 from Ayman crée le 2024-11-04T21:00:34.621826625Z et correpoond à BOOKS et est à 76euros
]]></system-out>
</testcase>
<testcase name="testcontainsInState(User, AdState, Object)[87]" classname="minebayd1.test.TestUser" time="0">
<system-out><![CDATA[
unique-id: [engine:junit-jupiter]/[class:minebayd1.test.TestUser]/[test-template:testcontainsInState(minebayd1.User, minebayd1.AdState, java.lang.Object)]/[test-template-invocation:#87]
display-name: [87] Ziad a 48 annonces ouvertes, 4 annonces fermées et 2 achats 
, PURCHASE, L'annonce correspond à Annonce n°583 from Aliou crée le 2024-11-04T21:00:34.616848750Z et correpoond à COMPUTERS et est à 19euros
]]></system-out>
</testcase>
<testcase name="testcontainsInState(User, AdState, Object)[88]" classname="minebayd1.test.TestUser" time="0.001">
<system-out><![CDATA[
unique-id: [engine:junit-jupiter]/[class:minebayd1.test.TestUser]/[test-template:testcontainsInState(minebayd1.User, minebayd1.AdState, java.lang.Object)]/[test-template-invocation:#88]
display-name: [88] Naila a 60 annonces ouvertes, 3 annonces fermées et 4 achats 
, PURCHASE, L'annonce correspond à Annonce n°392 from Marcel crée le 2024-11-04T21:00:34.618971389Z et correpoond à GAMES et est à 49euros
]]></system-out>
</testcase>
<testcase name="testcontainsInState(User, AdState, Object)[89]" classname="minebayd1.test.TestUser" time="0">
<system-out><![CDATA[
unique-id: [engine:junit-jupiter]/[class:minebayd1.test.TestUser]/[test-template:testcontainsInState(minebayd1.User, minebayd1.AdState, java.lang.Object)]/[test-template-invocation:#89]
display-name: [89] Mounir a 59 annonces ouvertes, 2 annonces fermées et 2 achats 
, PURCHASE, L'annonce correspond à Annonce n°966 from Marcel crée le 2024-11-04T21:00:34.611568209Z et correpoond à GAMES et est à 69euros
]]></system-out>
</testcase>
<testcase name="testcontainsInState(User, AdState, Object)[90]" classname="minebayd1.test.TestUser" time="0">
<system-out><![CDATA[
unique-id: [engine:junit-jupiter]/[class:minebayd1.test.TestUser]/[test-template:testcontainsInState(minebayd1.User, minebayd1.AdState, java.lang.Object)]/[test-template-invocation:#90]
display-name: [90] Pierre a 41 annonces ouvertes, 5 annonces fermées et 2 achats 
, PURCHASE, L'annonce correspond à Annonce n°315 from Sheraz crée le 2024-11-04T21:00:34.619761549Z et correpoond à BOOKS et est à 48euros
]]></system-out>
</testcase>
<testcase name="testcontainsInState(User, AdState, Object)[91]" classname="minebayd1.test.TestUser" time="0">
<system-out><![CDATA[
unique-id: [engine:junit-jupiter]/[class:minebayd1.test.TestUser]/[test-template:testcontainsInState(minebayd1.User, minebayd1.AdState, java.lang.Object)]/[test-template-invocation:#91]
display-name: [91] Pierre a 41 annonces ouvertes, 5 annonces fermées et 2 achats 
, CLOSED, L'annonce correspond à Annonce n°829 from Naila crée le 2024-11-04T21:00:34.613416389Z et correpoond à CLOTHES et est à 66euros
]]></system-out>
</testcase>
<testcase name="testcontainsInState(User, AdState, Object)[92]" classname="minebayd1.test.TestUser" time="0">
<system-out><![CDATA[
unique-id: [engine:junit-jupiter]/[class:minebayd1.test.TestUser]/[test-template:testcontainsInState(minebayd1.User, minebayd1.AdState, java.lang.Object)]/[test-template-invocation:#92]
display-name: [92] Zahra a 42 annonces ouvertes, 0 annonces fermées et 2 achats 
, PURCHASE, L'annonce correspond à Annonce n°90 from Rosa crée le 2024-11-04T21:00:34.621691072Z et correpoond à GAMES et est à 13euros
]]></system-out>
</testcase>
<testcase name="testcontainsInState(User, AdState, Object)[93]" classname="minebayd1.test.TestUser" time="0.001">
<system-out><![CDATA[
unique-id: [engine:junit-jupiter]/[class:minebayd1.test.TestUser]/[test-template:testcontainsInState(minebayd1.User, minebayd1.AdState, java.lang.Object)]/[test-template-invocation:#93]
display-name: [93] Issa a 70 annonces ouvertes, 3 annonces fermées et 3 achats 
, PURCHASE, L'annonce correspond à Annonce n°311 from Faycal crée le 2024-11-04T21:00:34.619799432Z et correpoond à BOOKS et est à 91euros
]]></system-out>
</testcase>
<testcase name="testcontainsInState(User, AdState, Object)[94]" classname="minebayd1.test.TestUser" time="0.001">
<system-out><![CDATA[
unique-id: [engine:junit-jupiter]/[class:minebayd1.test.TestUser]/[test-template:testcontainsInState(minebayd1.User, minebayd1.AdState, java.lang.Object)]/[test-template-invocation:#94]
display-name: [94] Lamia a 77 annonces ouvertes, 1 annonces fermées et 2 achats 
, CLOSED, L'annonce correspond à Annonce n°911 from Lamia crée le 2024-11-04T21:00:34.612046323Z et correpoond à SHOES et est à 5euros
]]></system-out>
</testcase>
<testcase name="testcontainsInState(User, AdState, Object)[95]" classname="minebayd1.test.TestUser" time="0">
<system-out><![CDATA[
unique-id: [engine:junit-jupiter]/[class:minebayd1.test.TestUser]/[test-template:testcontainsInState(minebayd1.User, minebayd1.AdState, java.lang.Object)]/[test-template-invocation:#95]
display-name: [95] Rosa a 40 annonces ouvertes, 4 annonces fermées et 2 achats 
, OPEN, L'annonce correspond à Annonce n°1371 from Rosa crée le 2024-11-04T21:00:34.607796720Z et correpoond à COMPUTERS et est à 79euros
]]></system-out>
</testcase>
<testcase name="testcontainsInState(User, AdState, Object)[96]" classname="minebayd1.test.TestUser" time="0.001">
<system-out><![CDATA[
unique-id: [engine:junit-jupiter]/[class:minebayd1.test.TestUser]/[test-template:testcontainsInState(minebayd1.User, minebayd1.AdState, java.lang.Object)]/[test-template-invocation:#96]
display-name: [96] Ismael a 59 annonces ouvertes, 1 annonces fermées et 3 achats 
, OPEN, L'annonce correspond à Annonce n°244 from Ismael crée le 2024-11-04T21:00:34.620499337Z et correpoond à SHOES et est à 28euros
]]></system-out>
</testcase>
<testcase name="testcontainsInState(User, AdState, Object)[97]" classname="minebayd1.test.TestUser" time="0.001">
<system-out><![CDATA[
unique-id: [engine:junit-jupiter]/[class:minebayd1.test.TestUser]/[test-template:testcontainsInState(minebayd1.User, minebayd1.AdState, java.lang.Object)]/[test-template-invocation:#97]
display-name: [97] Adam a 49 annonces ouvertes, 3 annonces fermées et 3 achats 
, CLOSED, L'annonce correspond à Annonce n°1041 from Aliou crée le 2024-11-04T21:00:34.610700388Z et correpoond à CLOTHES et est à 67euros
]]></system-out>
</testcase>
<testcase name="testcontainsInState(User, AdState, Object)[98]" classname="minebayd1.test.TestUser" time="0">
<system-out><![CDATA[
unique-id: [engine:junit-jupiter]/[class:minebayd1.test.TestUser]/[test-template:testcontainsInState(minebayd1.User, minebayd1.AdState, java.lang.Object)]/[test-template-invocation:#98]
display-name: [98] Ismael a 59 annonces ouvertes, 1 annonces fermées et 3 achats 
, PURCHASE, L'annonce correspond à Annonce n°566 from Pierre crée le 2024-11-04T21:00:34.617068580Z et correpoond à BOOKS et est à 99euros
]]></system-out>
</testcase>
<testcase name="testcontainsInState(User, AdState, Object)[99]" classname="minebayd1.test.TestUser" time="0">
<system-out><![CDATA[
unique-id: [engine:junit-jupiter]/[class:minebayd1.test.TestUser]/[test-template:testcontainsInState(minebayd1.User, minebayd1.AdState, java.lang.Object)]/[test-template-invocation:#99]
display-name: [99] Aliou a 50 annonces ouvertes, 3 annonces fermées et 2 achats 
, OPEN, L'annonce correspond à Annonce n°1019 from Aliou crée le 2024-11-04T21:00:34.610892939Z et correpoond à COMPUTERS et est à 61euros
]]></system-out>
</testcase>
<testcase name="testcontainsInState(User, AdState, Object)[100]" classname="minebayd1.test.TestUser" time="0">
<system-out><![CDATA[
unique-id: [engine:junit-jupiter]/[class:minebayd1.test.TestUser]/[test-template:testcontainsInState(minebayd1.User, minebayd1.AdState, java.lang.Object)]/[test-template-invocation:#100]
display-name: [100] Mounir a 59 annonces ouvertes, 2 annonces fermées et 2 achats 
, CLOSED, L'annonce correspond à Annonce n°992 from Mounir crée le 2024-11-04T21:00:34.611127726Z et correpoond à GAMES et est à 74euros
]]></system-out>
</testcase>
<testcase name="testhasNext(User)[1]" classname="minebayd1.test.TestUser" time="0">
<system-out><![CDATA[
unique-id: [engine:junit-jupiter]/[class:minebayd1.test.TestUser]/[test-template:testhasNext(minebayd1.User)]/[test-template-invocation:#1]
display-name: [1] Chanez a 57 annonces ouvertes, 2 annonces fermées et 1 achats 

]]></system-out>
</testcase>
<testcase name="testhasNext(User)[2]" classname="minebayd1.test.TestUser" time="0">
<system-out><![CDATA[
unique-id: [engine:junit-jupiter]/[class:minebayd1.test.TestUser]/[test-template:testhasNext(minebayd1.User)]/[test-template-invocation:#2]
display-name: [2] Ismael a 59 annonces ouvertes, 1 annonces fermées et 3 achats 

]]></system-out>
</testcase>
<testcase name="testhasNext(User)[3]" classname="minebayd1.test.TestUser" time="0">
<system-out><![CDATA[
unique-id: [engine:junit-jupiter]/[class:minebayd1.test.TestUser]/[test-template:testhasNext(minebayd1.User)]/[test-template-invocation:#3]
display-name: [3] Faycal a 51 annonces ouvertes, 3 annonces fermées et 4 achats 

]]></system-out>
</testcase>
<testcase name="testhasNext(User)[4]" classname="minebayd1.test.TestUser" time="0.001">
<system-out><![CDATA[
unique-id: [engine:junit-jupiter]/[class:minebayd1.test.TestUser]/[test-template:testhasNext(minebayd1.User)]/[test-template-invocation:#4]
display-name: [4] Ziad a 48 annonces ouvertes, 4 annonces fermées et 2 achats 

]]></system-out>
</testcase>
<testcase name="testhasNext(User)[5]" classname="minebayd1.test.TestUser" time="0.001">
<system-out><![CDATA[
unique-id: [engine:junit-jupiter]/[class:minebayd1.test.TestUser]/[test-template:testhasNext(minebayd1.User)]/[test-template-invocation:#5]
display-name: [5] Naila a 60 annonces ouvertes, 3 annonces fermées et 4 achats 

]]></system-out>
</testcase>
<testcase name="testhasNext(User)[6]" classname="minebayd1.test.TestUser" time="0.001">
<system-out><![CDATA[
unique-id: [engine:junit-jupiter]/[class:minebayd1.test.TestUser]/[test-template:testhasNext(minebayd1.User)]/[test-template-invocation:#6]
display-name: [6] Marcel a 63 annonces ouvertes, 4 annonces fermées et 4 achats 

]]></system-out>
</testcase>
<testcase name="testhasNext(User)[7]" classname="minebayd1.test.TestUser" time="0">
<system-out><![CDATA[
unique-id: [engine:junit-jupiter]/[class:minebayd1.test.TestUser]/[test-template:testhasNext(minebayd1.User)]/[test-template-invocation:#7]
display-name: [7] Faycal a 51 annonces ouvertes, 3 annonces fermées et 4 achats 

]]></system-out>
</testcase>
<testcase name="testhasNext(User)[8]" classname="minebayd1.test.TestUser" time="0">
<system-out><![CDATA[
unique-id: [engine:junit-jupiter]/[class:minebayd1.test.TestUser]/[test-template:testhasNext(minebayd1.User)]/[test-template-invocation:#8]
display-name: [8] Lisa a 45 annonces ouvertes, 4 annonces fermées et 3 achats 

]]></system-out>
</testcase>
<testcase name="testhasNext(User)[9]" classname="minebayd1.test.TestUser" time="0.002">
<system-out><![CDATA[
unique-id: [engine:junit-jupiter]/[class:minebayd1.test.TestUser]/[test-template:testhasNext(minebayd1.User)]/[test-template-invocation:#9]
display-name: [9] Faycal a 51 annonces ouvertes, 3 annonces fermées et 4 achats 

]]></system-out>
</testcase>
<testcase name="testhasNext(User)[10]" classname="minebayd1.test.TestUser" time="0.001">
<system-out><![CDATA[
unique-id: [engine:junit-jupiter]/[class:minebayd1.test.TestUser]/[test-template:testhasNext(minebayd1.User)]/[test-template-invocation:#10]
display-name: [10] Mounir a 59 annonces ouvertes, 2 annonces fermées et 2 achats 

]]></system-out>
</testcase>
<testcase name="testhasNext(User)[11]" classname="minebayd1.test.TestUser" time="0">
<system-out><![CDATA[
unique-id: [engine:junit-jupiter]/[class:minebayd1.test.TestUser]/[test-template:testhasNext(minebayd1.User)]/[test-template-invocation:#11]
display-name: [11] Adam a 49 annonces ouvertes, 3 annonces fermées et 3 achats 

]]></system-out>
</testcase>
<testcase name="testhasNext(User)[12]" classname="minebayd1.test.TestUser" time="0">
<system-out><![CDATA[
unique-id: [engine:junit-jupiter]/[class:minebayd1.test.TestUser]/[test-template:testhasNext(minebayd1.User)]/[test-template-invocation:#12]
display-name: [12] Faycal a 51 annonces ouvertes, 3 annonces fermées et 4 achats 

]]></system-out>
</testcase>
<testcase name="testhasNext(User)[13]" classname="minebayd1.test.TestUser" time="0">
<system-out><![CDATA[
unique-id: [engine:junit-jupiter]/[class:minebayd1.test.TestUser]/[test-template:testhasNext(minebayd1.User)]/[test-template-invocation:#13]
display-name: [13] Chanez a 57 annonces ouvertes, 2 annonces fermées et 1 achats 

]]></system-out>
</testcase>
<testcase name="testhasNext(User)[14]" classname="minebayd1.test.TestUser" time="0">
<system-out><![CDATA[
unique-id: [engine:junit-jupiter]/[class:minebayd1.test.TestUser]/[test-template:testhasNext(minebayd1.User)]/[test-template-invocation:#14]
display-name: [14] Naila a 60 annonces ouvertes, 3 annonces fermées et 4 achats 

]]></system-out>
</testcase>
<testcase name="testhasNext(User)[15]" classname="minebayd1.test.TestUser" time="0">
<system-out><![CDATA[
unique-id: [engine:junit-jupiter]/[class:minebayd1.test.TestUser]/[test-template:testhasNext(minebayd1.User)]/[test-template-invocation:#15]
display-name: [15] Faycal a 51 annonces ouvertes, 3 annonces fermées et 4 achats 

]]></system-out>
</testcase>
<testcase name="testhasNext(User)[16]" classname="minebayd1.test.TestUser" time="0.001">
<system-out><![CDATA[
unique-id: [engine:junit-jupiter]/[class:minebayd1.test.TestUser]/[test-template:testhasNext(minebayd1.User)]/[test-template-invocation:#16]
display-name: [16] Pierre a 41 annonces ouvertes, 5 annonces fermées et 2 achats 

]]></system-out>
</testcase>
<testcase name="testhasNext(User)[17]" classname="minebayd1.test.TestUser" time="0">
<system-out><![CDATA[
unique-id: [engine:junit-jupiter]/[class:minebayd1.test.TestUser]/[test-template:testhasNext(minebayd1.User)]/[test-template-invocation:#17]
display-name: [17] Nima a 50 annonces ouvertes, 1 annonces fermées et 4 achats 

]]></system-out>
</testcase>
<testcase name="testhasNext(User)[18]" classname="minebayd1.test.TestUser" time="0">
<system-out><![CDATA[
unique-id: [engine:junit-jupiter]/[class:minebayd1.test.TestUser]/[test-template:testhasNext(minebayd1.User)]/[test-template-invocation:#18]
display-name: [18] Ziad a 48 annonces ouvertes, 4 annonces fermées et 2 achats 

]]></system-out>
</testcase>
<testcase name="testhasNext(User)[19]" classname="minebayd1.test.TestUser" time="0.002">
<system-out><![CDATA[
unique-id: [engine:junit-jupiter]/[class:minebayd1.test.TestUser]/[test-template:testhasNext(minebayd1.User)]/[test-template-invocation:#19]
display-name: [19] Idir a 58 annonces ouvertes, 5 annonces fermées et 4 achats 

]]></system-out>
</testcase>
<testcase name="testhasNext(User)[20]" classname="minebayd1.test.TestUser" time="0">
<system-out><![CDATA[
unique-id: [engine:junit-jupiter]/[class:minebayd1.test.TestUser]/[test-template:testhasNext(minebayd1.User)]/[test-template-invocation:#20]
display-name: [20] Faycal a 51 annonces ouvertes, 3 annonces fermées et 4 achats 

]]></system-out>
</testcase>
<testcase name="testhasNext(User)[21]" classname="minebayd1.test.TestUser" time="0">
<system-out><![CDATA[
unique-id: [engine:junit-jupiter]/[class:minebayd1.test.TestUser]/[test-template:testhasNext(minebayd1.User)]/[test-template-invocation:#21]
display-name: [21] Mohamed a 45 annonces ouvertes, 2 annonces fermées et 3 achats 

]]></system-out>
</testcase>
<testcase name="testhasNext(User)[22]" classname="minebayd1.test.TestUser" time="0.002">
<system-out><![CDATA[
unique-id: [engine:junit-jupiter]/[class:minebayd1.test.TestUser]/[test-template:testhasNext(minebayd1.User)]/[test-template-invocation:#22]
display-name: [22] Nima a 50 annonces ouvertes, 1 annonces fermées et 4 achats 

]]></system-out>
</testcase>
<testcase name="testhasNext(User)[23]" classname="minebayd1.test.TestUser" time="0.001">
<system-out><![CDATA[
unique-id: [engine:junit-jupiter]/[class:minebayd1.test.TestUser]/[test-template:testhasNext(minebayd1.User)]/[test-template-invocation:#23]
display-name: [23] Aliou a 50 annonces ouvertes, 3 annonces fermées et 2 achats 

]]></system-out>
</testcase>
<testcase name="testhasNext(User)[24]" classname="minebayd1.test.TestUser" time="0.001">
<system-out><![CDATA[
unique-id: [engine:junit-jupiter]/[class:minebayd1.test.TestUser]/[test-template:testhasNext(minebayd1.User)]/[test-template-invocation:#24]
display-name: [24] Adam a 49 annonces ouvertes, 3 annonces fermées et 3 achats 

]]></system-out>
</testcase>
<testcase name="testhasNext(User)[25]" classname="minebayd1.test.TestUser" time="0.001">
<system-out><![CDATA[
unique-id: [engine:junit-jupiter]/[class:minebayd1.test.TestUser]/[test-template:testhasNext(minebayd1.User)]/[test-template-invocation:#25]
display-name: [25] Mamadou a 59 annonces ouvertes, 2 annonces fermées et 1 achats 

]]></system-out>
</testcase>
<testcase name="testhasNext(User)[26]" classname="minebayd1.test.TestUser" time="0">
<system-out><![CDATA[
unique-id: [engine:junit-jupiter]/[class:minebayd1.test.TestUser]/[test-template:testhasNext(minebayd1.User)]/[test-template-invocation:#26]
display-name: [26] Ayman a 53 annonces ouvertes, 4 annonces fermées et 4 achats 

]]></system-out>
</testcase>
<testcase name="testhasNext(User)[27]" classname="minebayd1.test.TestUser" time="0.001">
<system-out><![CDATA[
unique-id: [engine:junit-jupiter]/[class:minebayd1.test.TestUser]/[test-template:testhasNext(minebayd1.User)]/[test-template-invocation:#27]
display-name: [27] Marcel a 63 annonces ouvertes, 4 annonces fermées et 4 achats 

]]></system-out>
</testcase>
<testcase name="testhasNext(User)[28]" classname="minebayd1.test.TestUser" time="0.001">
<system-out><![CDATA[
unique-id: [engine:junit-jupiter]/[class:minebayd1.test.TestUser]/[test-template:testhasNext(minebayd1.User)]/[test-template-invocation:#28]
display-name: [28] Aliou a 50 annonces ouvertes, 3 annonces fermées et 2 achats 

]]></system-out>
</testcase>
<testcase name="testhasNext(User)[29]" classname="minebayd1.test.TestUser" time="0.001">
<system-out><![CDATA[
unique-id: [engine:junit-jupiter]/[class:minebayd1.test.TestUser]/[test-template:testhasNext(minebayd1.User)]/[test-template-invocation:#29]
display-name: [29] Lamia a 77 annonces ouvertes, 1 annonces fermées et 2 achats 

]]></system-out>
</testcase>
<testcase name="testhasNext(User)[30]" classname="minebayd1.test.TestUser" time="0">
<system-out><![CDATA[
unique-id: [engine:junit-jupiter]/[class:minebayd1.test.TestUser]/[test-template:testhasNext(minebayd1.User)]/[test-template-invocation:#30]
display-name: [30] Lisa a 45 annonces ouvertes, 4 annonces fermées et 3 achats 

]]></system-out>
</testcase>
<testcase name="testhasNext(User)[31]" classname="minebayd1.test.TestUser" time="0">
<system-out><![CDATA[
unique-id: [engine:junit-jupiter]/[class:minebayd1.test.TestUser]/[test-template:testhasNext(minebayd1.User)]/[test-template-invocation:#31]
display-name: [31] Marc a 55 annonces ouvertes, 1 annonces fermées et 2 achats 

]]></system-out>
</testcase>
<testcase name="testhasNext(User)[32]" classname="minebayd1.test.TestUser" time="0.001">
<system-out><![CDATA[
unique-id: [engine:junit-jupiter]/[class:minebayd1.test.TestUser]/[test-template:testhasNext(minebayd1.User)]/[test-template-invocation:#32]
display-name: [32] Lamia a 77 annonces ouvertes, 1 annonces fermées et 2 achats 

]]></system-out>
</testcase>
<testcase name="testhasNext(User)[33]" classname="minebayd1.test.TestUser" time="0">
<system-out><![CDATA[
unique-id: [engine:junit-jupiter]/[class:minebayd1.test.TestUser]/[test-template:testhasNext(minebayd1.User)]/[test-template-invocation:#33]
display-name: [33] Marc a 55 annonces ouvertes, 1 annonces fermées et 2 achats 

]]></system-out>
</testcase>
<testcase name="testhasNext(User)[34]" classname="minebayd1.test.TestUser" time="0">
<system-out><![CDATA[
unique-id: [engine:junit-jupiter]/[class:minebayd1.test.TestUser]/[test-template:testhasNext(minebayd1.User)]/[test-template-invocation:#34]
display-name: [34] Mamadou a 59 annonces ouvertes, 2 annonces fermées et 1 achats 

]]></system-out>
</testcase>
<testcase name="testhasNext(User)[35]" classname="minebayd1.test.TestUser" time="0">
<system-out><![CDATA[
unique-id: [engine:junit-jupiter]/[class:minebayd1.test.TestUser]/[test-template:testhasNext(minebayd1.User)]/[test-template-invocation:#35]
display-name: [35] Ali a 57 annonces ouvertes, 6 annonces fermées et 3 achats 

]]></system-out>
</testcase>
<testcase name="testhasNext(User)[36]" classname="minebayd1.test.TestUser" time="0">
<system-out><![CDATA[
unique-id: [engine:junit-jupiter]/[class:minebayd1.test.TestUser]/[test-template:testhasNext(minebayd1.User)]/[test-template-invocation:#36]
display-name: [36] Mohamed a 45 annonces ouvertes, 2 annonces fermées et 3 achats 

]]></system-out>
</testcase>
<testcase name="testhasNext(User)[37]" classname="minebayd1.test.TestUser" time="0">
<system-out><![CDATA[
unique-id: [engine:junit-jupiter]/[class:minebayd1.test.TestUser]/[test-template:testhasNext(minebayd1.User)]/[test-template-invocation:#37]
display-name: [37] Idir a 58 annonces ouvertes, 5 annonces fermées et 4 achats 

]]></system-out>
</testcase>
<testcase name="testhasNext(User)[38]" classname="minebayd1.test.TestUser" time="0">
<system-out><![CDATA[
unique-id: [engine:junit-jupiter]/[class:minebayd1.test.TestUser]/[test-template:testhasNext(minebayd1.User)]/[test-template-invocation:#38]
display-name: [38] Lamia a 77 annonces ouvertes, 1 annonces fermées et 2 achats 

]]></system-out>
</testcase>
<testcase name="testhasNext(User)[39]" classname="minebayd1.test.TestUser" time="0">
<system-out><![CDATA[
unique-id: [engine:junit-jupiter]/[class:minebayd1.test.TestUser]/[test-template:testhasNext(minebayd1.User)]/[test-template-invocation:#39]
display-name: [39] Pierre a 41 annonces ouvertes, 5 annonces fermées et 2 achats 

]]></system-out>
</testcase>
<testcase name="testhasNext(User)[40]" classname="minebayd1.test.TestUser" time="0.001">
<system-out><![CDATA[
unique-id: [engine:junit-jupiter]/[class:minebayd1.test.TestUser]/[test-template:testhasNext(minebayd1.User)]/[test-template-invocation:#40]
display-name: [40] Ayman a 53 annonces ouvertes, 4 annonces fermées et 4 achats 

]]></system-out>
</testcase>
<testcase name="testhasNext(User)[41]" classname="minebayd1.test.TestUser" time="0">
<system-out><![CDATA[
unique-id: [engine:junit-jupiter]/[class:minebayd1.test.TestUser]/[test-template:testhasNext(minebayd1.User)]/[test-template-invocation:#41]
display-name: [41] Chanez a 57 annonces ouvertes, 2 annonces fermées et 1 achats 

]]></system-out>
</testcase>
<testcase name="testhasNext(User)[42]" classname="minebayd1.test.TestUser" time="0.001">
<system-out><![CDATA[
unique-id: [engine:junit-jupiter]/[class:minebayd1.test.TestUser]/[test-template:testhasNext(minebayd1.User)]/[test-template-invocation:#42]
display-name: [42] Adam a 49 annonces ouvertes, 3 annonces fermées et 3 achats 

]]></system-out>
</testcase>
<testcase name="testhasNext(User)[43]" classname="minebayd1.test.TestUser" time="0.001">
<system-out><![CDATA[
unique-id: [engine:junit-jupiter]/[class:minebayd1.test.TestUser]/[test-template:testhasNext(minebayd1.User)]/[test-template-invocation:#43]
display-name: [43] Ayman a 53 annonces ouvertes, 4 annonces fermées et 4 achats 

]]></system-out>
</testcase>
<testcase name="testhasNext(User)[44]" classname="minebayd1.test.TestUser" time="0.001">
<system-out><![CDATA[
unique-id: [engine:junit-jupiter]/[class:minebayd1.test.TestUser]/[test-template:testhasNext(minebayd1.User)]/[test-template-invocation:#44]
display-name: [44] Lyes a 65 annonces ouvertes, 1 annonces fermées et 3 achats 

]]></system-out>
</testcase>
<testcase name="testhasNext(User)[45]" classname="minebayd1.test.TestUser" time="0">
<system-out><![CDATA[
unique-id: [engine:junit-jupiter]/[class:minebayd1.test.TestUser]/[test-template:testhasNext(minebayd1.User)]/[test-template-invocation:#45]
display-name: [45] Lyes a 65 annonces ouvertes, 1 annonces fermées et 3 achats 

]]></system-out>
</testcase>
<testcase name="testhasNext(User)[46]" classname="minebayd1.test.TestUser" time="0.001">
<system-out><![CDATA[
unique-id: [engine:junit-jupiter]/[class:minebayd1.test.TestUser]/[test-template:testhasNext(minebayd1.User)]/[test-template-invocation:#46]
display-name: [46] Issa a 70 annonces ouvertes, 3 annonces fermées et 3 achats 

]]></system-out>
</testcase>
<testcase name="testhasNext(User)[47]" classname="minebayd1.test.TestUser" time="0">
<system-out><![CDATA[
unique-id: [engine:junit-jupiter]/[class:minebayd1.test.TestUser]/[test-template:testhasNext(minebayd1.User)]/[test-template-invocation:#47]
display-name: [47] Chanez a 57 annonces ouvertes, 2 annonces fermées et 1 achats 

]]></system-out>
</testcase>
<testcase name="testhasNext(User)[48]" classname="minebayd1.test.TestUser" time="0.001">
<system-out><![CDATA[
unique-id: [engine:junit-jupiter]/[class:minebayd1.test.TestUser]/[test-template:testhasNext(minebayd1.User)]/[test-template-invocation:#48]
display-name: [48] Imam a 45 annonces ouvertes, 5 annonces fermées et 3 achats 

]]></system-out>
</testcase>
<testcase name="testhasNext(User)[49]" classname="minebayd1.test.TestUser" time="0.002">
<system-out><![CDATA[
unique-id: [engine:junit-jupiter]/[class:minebayd1.test.TestUser]/[test-template:testhasNext(minebayd1.User)]/[test-template-invocation:#49]
display-name: [49] Boris a 63 annonces ouvertes, 2 annonces fermées et 3 achats 

]]></system-out>
</testcase>
<testcase name="testhasNext(User)[50]" classname="minebayd1.test.TestUser" time="0.001">
<system-out><![CDATA[
unique-id: [engine:junit-jupiter]/[class:minebayd1.test.TestUser]/[test-template:testhasNext(minebayd1.User)]/[test-template-invocation:#50]
display-name: [50] Mamadou a 59 annonces ouvertes, 2 annonces fermées et 1 achats 

]]></system-out>
</testcase>
<testcase name="testhasNext(User)[51]" classname="minebayd1.test.TestUser" time="0.001">
<system-out><![CDATA[
unique-id: [engine:junit-jupiter]/[class:minebayd1.test.TestUser]/[test-template:testhasNext(minebayd1.User)]/[test-template-invocation:#51]
display-name: [51] Sheraz a 49 annonces ouvertes, 3 annonces fermées et 6 achats 

]]></system-out>
</testcase>
<testcase name="testhasNext(User)[52]" classname="minebayd1.test.TestUser" time="0">
<system-out><![CDATA[
unique-id: [engine:junit-jupiter]/[class:minebayd1.test.TestUser]/[test-template:testhasNext(minebayd1.User)]/[test-template-invocation:#52]
display-name: [52] Mohamed a 45 annonces ouvertes, 2 annonces fermées et 3 achats 

]]></system-out>
</testcase>
<testcase name="testhasNext(User)[53]" classname="minebayd1.test.TestUser" time="0">
<system-out><![CDATA[
unique-id: [engine:junit-jupiter]/[class:minebayd1.test.TestUser]/[test-template:testhasNext(minebayd1.User)]/[test-template-invocation:#53]
display-name: [53] Nima a 50 annonces ouvertes, 1 annonces fermées et 4 achats 

]]></system-out>
</testcase>
<testcase name="testhasNext(User)[54]" classname="minebayd1.test.TestUser" time="0">
<system-out><![CDATA[
unique-id: [engine:junit-jupiter]/[class:minebayd1.test.TestUser]/[test-template:testhasNext(minebayd1.User)]/[test-template-invocation:#54]
display-name: [54] Sonia a 47 annonces ouvertes, 2 annonces fermées et 2 achats 

]]></system-out>
</testcase>
<testcase name="testhasNext(User)[55]" classname="minebayd1.test.TestUser" time="0">
<system-out><![CDATA[
unique-id: [engine:junit-jupiter]/[class:minebayd1.test.TestUser]/[test-template:testhasNext(minebayd1.User)]/[test-template-invocation:#55]
display-name: [55] Rosa a 40 annonces ouvertes, 4 annonces fermées et 2 achats 

]]></system-out>
</testcase>
<testcase name="testhasNext(User)[56]" classname="minebayd1.test.TestUser" time="0">
<system-out><![CDATA[
unique-id: [engine:junit-jupiter]/[class:minebayd1.test.TestUser]/[test-template:testhasNext(minebayd1.User)]/[test-template-invocation:#56]
display-name: [56] Marc a 55 annonces ouvertes, 1 annonces fermées et 2 achats 

]]></system-out>
</testcase>
<testcase name="testhasNext(User)[57]" classname="minebayd1.test.TestUser" time="0">
<system-out><![CDATA[
unique-id: [engine:junit-jupiter]/[class:minebayd1.test.TestUser]/[test-template:testhasNext(minebayd1.User)]/[test-template-invocation:#57]
display-name: [57] Zahra a 42 annonces ouvertes, 0 annonces fermées et 2 achats 

]]></system-out>
</testcase>
<testcase name="testhasNext(User)[58]" classname="minebayd1.test.TestUser" time="0.001">
<system-out><![CDATA[
unique-id: [engine:junit-jupiter]/[class:minebayd1.test.TestUser]/[test-template:testhasNext(minebayd1.User)]/[test-template-invocation:#58]
display-name: [58] Pierre a 41 annonces ouvertes, 5 annonces fermées et 2 achats 

]]></system-out>
</testcase>
<testcase name="testhasNext(User)[59]" classname="minebayd1.test.TestUser" time="0.001">
<system-out><![CDATA[
unique-id: [engine:junit-jupiter]/[class:minebayd1.test.TestUser]/[test-template:testhasNext(minebayd1.User)]/[test-template-invocation:#59]
display-name: [59] Ayman a 53 annonces ouvertes, 4 annonces fermées et 4 achats 

]]></system-out>
</testcase>
<testcase name="testhasNext(User)[60]" classname="minebayd1.test.TestUser" time="0.001">
<system-out><![CDATA[
unique-id: [engine:junit-jupiter]/[class:minebayd1.test.TestUser]/[test-template:testhasNext(minebayd1.User)]/[test-template-invocation:#60]
display-name: [60] Idir a 58 annonces ouvertes, 5 annonces fermées et 4 achats 

]]></system-out>
</testcase>
<testcase name="testhasNext(User)[61]" classname="minebayd1.test.TestUser" time="0">
<system-out><![CDATA[
unique-id: [engine:junit-jupiter]/[class:minebayd1.test.TestUser]/[test-template:testhasNext(minebayd1.User)]/[test-template-invocation:#61]
display-name: [61] Aliou a 50 annonces ouvertes, 3 annonces fermées et 2 achats 

]]></system-out>
</testcase>
<testcase name="testhasNext(User)[62]" classname="minebayd1.test.TestUser" time="0.001">
<system-out><![CDATA[
unique-id: [engine:junit-jupiter]/[class:minebayd1.test.TestUser]/[test-template:testhasNext(minebayd1.User)]/[test-template-invocation:#62]
display-name: [62] Ismael a 59 annonces ouvertes, 1 annonces fermées et 3 achats 

]]></system-out>
</testcase>
<testcase name="testhasNext(User)[63]" classname="minebayd1.test.TestUser" time="0">
<system-out><![CDATA[
unique-id: [engine:junit-jupiter]/[class:minebayd1.test.TestUser]/[test-template:testhasNext(minebayd1.User)]/[test-template-invocation:#63]
display-name: [63] Nima a 50 annonces ouvertes, 1 annonces fermées et 4 achats 

]]></system-out>
</testcase>
<testcase name="testhasNext(User)[64]" classname="minebayd1.test.TestUser" time="0">
<system-out><![CDATA[
unique-id: [engine:junit-jupiter]/[class:minebayd1.test.TestUser]/[test-template:testhasNext(minebayd1.User)]/[test-template-invocation:#64]
display-name: [64] Ayman a 53 annonces ouvertes, 4 annonces fermées et 4 achats 

]]></system-out>
</testcase>
<testcase name="testhasNext(User)[65]" classname="minebayd1.test.TestUser" time="0">
<system-out><![CDATA[
unique-id: [engine:junit-jupiter]/[class:minebayd1.test.TestUser]/[test-template:testhasNext(minebayd1.User)]/[test-template-invocation:#65]
display-name: [65] Faycal a 51 annonces ouvertes, 3 annonces fermées et 4 achats 

]]></system-out>
</testcase>
<testcase name="testhasNext(User)[66]" classname="minebayd1.test.TestUser" time="0.001">
<system-out><![CDATA[
unique-id: [engine:junit-jupiter]/[class:minebayd1.test.TestUser]/[test-template:testhasNext(minebayd1.User)]/[test-template-invocation:#66]
display-name: [66] Ali a 57 annonces ouvertes, 6 annonces fermées et 3 achats 

]]></system-out>
</testcase>
<testcase name="testhasNext(User)[67]" classname="minebayd1.test.TestUser" time="0">
<system-out><![CDATA[
unique-id: [engine:junit-jupiter]/[class:minebayd1.test.TestUser]/[test-template:testhasNext(minebayd1.User)]/[test-template-invocation:#67]
display-name: [67] Zahra a 42 annonces ouvertes, 0 annonces fermées et 2 achats 

]]></system-out>
</testcase>
<testcase name="testhasNext(User)[68]" classname="minebayd1.test.TestUser" time="0.001">
<system-out><![CDATA[
unique-id: [engine:junit-jupiter]/[class:minebayd1.test.TestUser]/[test-template:testhasNext(minebayd1.User)]/[test-template-invocation:#68]
display-name: [68] Yanis a 61 annonces ouvertes, 4 annonces fermées et 3 achats 

]]></system-out>
</testcase>
<testcase name="testhasNext(User)[69]" classname="minebayd1.test.TestUser" time="0">
<system-out><![CDATA[
unique-id: [engine:junit-jupiter]/[class:minebayd1.test.TestUser]/[test-template:testhasNext(minebayd1.User)]/[test-template-invocation:#69]
display-name: [69] Lisa a 45 annonces ouvertes, 4 annonces fermées et 3 achats 

]]></system-out>
</testcase>
<testcase name="testhasNext(User)[70]" classname="minebayd1.test.TestUser" time="0.001">
<system-out><![CDATA[
unique-id: [engine:junit-jupiter]/[class:minebayd1.test.TestUser]/[test-template:testhasNext(minebayd1.User)]/[test-template-invocation:#70]
display-name: [70] Naila a 60 annonces ouvertes, 3 annonces fermées et 4 achats 

]]></system-out>
</testcase>
<testcase name="testhasNext(User)[71]" classname="minebayd1.test.TestUser" time="0">
<system-out><![CDATA[
unique-id: [engine:junit-jupiter]/[class:minebayd1.test.TestUser]/[test-template:testhasNext(minebayd1.User)]/[test-template-invocation:#71]
display-name: [71] Adam a 49 annonces ouvertes, 3 annonces fermées et 3 achats 

]]></system-out>
</testcase>
<testcase name="testhasNext(User)[72]" classname="minebayd1.test.TestUser" time="0">
<system-out><![CDATA[
unique-id: [engine:junit-jupiter]/[class:minebayd1.test.TestUser]/[test-template:testhasNext(minebayd1.User)]/[test-template-invocation:#72]
display-name: [72] Mounir a 59 annonces ouvertes, 2 annonces fermées et 2 achats 

]]></system-out>
</testcase>
<testcase name="testhasNext(User)[73]" classname="minebayd1.test.TestUser" time="0">
<system-out><![CDATA[
unique-id: [engine:junit-jupiter]/[class:minebayd1.test.TestUser]/[test-template:testhasNext(minebayd1.User)]/[test-template-invocation:#73]
display-name: [73] Ismael a 59 annonces ouvertes, 1 annonces fermées et 3 achats 

]]></system-out>
</testcase>
<testcase name="testhasNext(User)[74]" classname="minebayd1.test.TestUser" time="0">
<system-out><![CDATA[
unique-id: [engine:junit-jupiter]/[class:minebayd1.test.TestUser]/[test-template:testhasNext(minebayd1.User)]/[test-template-invocation:#74]
display-name: [74] Faycal a 51 annonces ouvertes, 3 annonces fermées et 4 achats 

]]></system-out>
</testcase>
<testcase name="testhasNext(User)[75]" classname="minebayd1.test.TestUser" time="0">
<system-out><![CDATA[
unique-id: [engine:junit-jupiter]/[class:minebayd1.test.TestUser]/[test-template:testhasNext(minebayd1.User)]/[test-template-invocation:#75]
display-name: [75] Lamia a 77 annonces ouvertes, 1 annonces fermées et 2 achats 

]]></system-out>
</testcase>
<testcase name="testhasNext(User)[76]" classname="minebayd1.test.TestUser" time="0">
<system-out><![CDATA[
unique-id: [engine:junit-jupiter]/[class:minebayd1.test.TestUser]/[test-template:testhasNext(minebayd1.User)]/[test-template-invocation:#76]
display-name: [76] Mounir a 59 annonces ouvertes, 2 annonces fermées et 2 achats 

]]></system-out>
</testcase>
<testcase name="testhasNext(User)[77]" classname="minebayd1.test.TestUser" time="0">
<system-out><![CDATA[
unique-id: [engine:junit-jupiter]/[class:minebayd1.test.TestUser]/[test-template:testhasNext(minebayd1.User)]/[test-template-invocation:#77]
display-name: [77] Mounir a 59 annonces ouvertes, 2 annonces fermées et 2 achats 

]]></system-out>
</testcase>
<testcase name="testhasNext(User)[78]" classname="minebayd1.test.TestUser" time="0">
<system-out><![CDATA[
unique-id: [engine:junit-jupiter]/[class:minebayd1.test.TestUser]/[test-template:testhasNext(minebayd1.User)]/[test-template-invocation:#78]
display-name: [78] Rosa a 40 annonces ouvertes, 4 annonces fermées et 2 achats 

]]></system-out>
</testcase>
<testcase name="testhasNext(User)[79]" classname="minebayd1.test.TestUser" time="0">
<system-out><![CDATA[
unique-id: [engine:junit-jupiter]/[class:minebayd1.test.TestUser]/[test-template:testhasNext(minebayd1.User)]/[test-template-invocation:#79]
display-name: [79] Chanez a 57 annonces ouvertes, 2 annonces fermées et 1 achats 

]]></system-out>
</testcase>
<testcase name="testhasNext(User)[80]" classname="minebayd1.test.TestUser" time="0.001">
<system-out><![CDATA[
unique-id: [engine:junit-jupiter]/[class:minebayd1.test.TestUser]/[test-template:testhasNext(minebayd1.User)]/[test-template-invocation:#80]
display-name: [80] Idir a 58 annonces ouvertes, 5 annonces fermées et 4 achats 

]]></system-out>
</testcase>
<testcase name="testhasNext(User)[81]" classname="minebayd1.test.TestUser" time="0">
<system-out><![CDATA[
unique-id: [engine:junit-jupiter]/[class:minebayd1.test.TestUser]/[test-template:testhasNext(minebayd1.User)]/[test-template-invocation:#81]
display-name: [81] Chanez a 57 annonces ouvertes, 2 annonces fermées et 1 achats 

]]></system-out>
</testcase>
<testcase name="testhasNext(User)[82]" classname="minebayd1.test.TestUser" time="0">
<system-out><![CDATA[
unique-id: [engine:junit-jupiter]/[class:minebayd1.test.TestUser]/[test-template:testhasNext(minebayd1.User)]/[test-template-invocation:#82]
display-name: [82] Chanez a 57 annonces ouvertes, 2 annonces fermées et 1 achats 

]]></system-out>
</testcase>
<testcase name="testhasNext(User)[83]" classname="minebayd1.test.TestUser" time="0.001">
<system-out><![CDATA[
unique-id: [engine:junit-jupiter]/[class:minebayd1.test.TestUser]/[test-template:testhasNext(minebayd1.User)]/[test-template-invocation:#83]
display-name: [83] Ali a 57 annonces ouvertes, 6 annonces fermées et 3 achats 

]]></system-out>
</testcase>
<testcase name="testhasNext(User)[84]" classname="minebayd1.test.TestUser" time="0">
<system-out><![CDATA[
unique-id: [engine:junit-jupiter]/[class:minebayd1.test.TestUser]/[test-template:testhasNext(minebayd1.User)]/[test-template-invocation:#84]
display-name: [84] Mohamed a 45 annonces ouvertes, 2 annonces fermées et 3 achats 

]]></system-out>
</testcase>
<testcase name="testhasNext(User)[85]" classname="minebayd1.test.TestUser" time="0">
<system-out><![CDATA[
unique-id: [engine:junit-jupiter]/[class:minebayd1.test.TestUser]/[test-template:testhasNext(minebayd1.User)]/[test-template-invocation:#85]
display-name: [85] Marc a 55 annonces ouvertes, 1 annonces fermées et 2 achats 

]]></system-out>
</testcase>
<testcase name="testhasNext(User)[86]" classname="minebayd1.test.TestUser" time="0.001">
<system-out><![CDATA[
unique-id: [engine:junit-jupiter]/[class:minebayd1.test.TestUser]/[test-template:testhasNext(minebayd1.User)]/[test-template-invocation:#86]
display-name: [86] Naila a 60 annonces ouvertes, 3 annonces fermées et 4 achats 

]]></system-out>
</testcase>
<testcase name="testhasNext(User)[87]" classname="minebayd1.test.TestUser" time="0.001">
<system-out><![CDATA[
unique-id: [engine:junit-jupiter]/[class:minebayd1.test.TestUser]/[test-template:testhasNext(minebayd1.User)]/[test-template-invocation:#87]
display-name: [87] Ali a 57 annonces ouvertes, 6 annonces fermées et 3 achats 

]]></system-out>
</testcase>
<testcase name="testhasNext(User)[88]" classname="minebayd1.test.TestUser" time="0.001">
<system-out><![CDATA[
unique-id: [engine:junit-jupiter]/[class:minebayd1.test.TestUser]/[test-template:testhasNext(minebayd1.User)]/[test-template-invocation:#88]
display-name: [88] Ziad a 48 annonces ouvertes, 4 annonces fermées et 2 achats 

]]></system-out>
</testcase>
<testcase name="testhasNext(User)[89]" classname="minebayd1.test.TestUser" time="0.001">
<system-out><![CDATA[
unique-id: [engine:junit-jupiter]/[class:minebayd1.test.TestUser]/[test-template:testhasNext(minebayd1.User)]/[test-template-invocation:#89]
display-name: [89] Ayman a 53 annonces ouvertes, 4 annonces fermées et 4 achats 

]]></system-out>
</testcase>
<testcase name="testhasNext(User)[90]" classname="minebayd1.test.TestUser" time="0">
<system-out><![CDATA[
unique-id: [engine:junit-jupiter]/[class:minebayd1.test.TestUser]/[test-template:testhasNext(minebayd1.User)]/[test-template-invocation:#90]
display-name: [90] Lisa a 45 annonces ouvertes, 4 annonces fermées et 3 achats 

]]></system-out>
</testcase>
<testcase name="testhasNext(User)[91]" classname="minebayd1.test.TestUser" time="0.002">
<system-out><![CDATA[
unique-id: [engine:junit-jupiter]/[class:minebayd1.test.TestUser]/[test-template:testhasNext(minebayd1.User)]/[test-template-invocation:#91]
display-name: [91] Boris a 63 annonces ouvertes, 2 annonces fermées et 3 achats 

]]></system-out>
</testcase>
<testcase name="testhasNext(User)[92]" classname="minebayd1.test.TestUser" time="0">
<system-out><![CDATA[
unique-id: [engine:junit-jupiter]/[class:minebayd1.test.TestUser]/[test-template:testhasNext(minebayd1.User)]/[test-template-invocation:#92]
display-name: [92] Faycal a 51 annonces ouvertes, 3 annonces fermées et 4 achats 

]]></system-out>
</testcase>
<testcase name="testhasNext(User)[93]" classname="minebayd1.test.TestUser" time="0">
<system-out><![CDATA[
unique-id: [engine:junit-jupiter]/[class:minebayd1.test.TestUser]/[test-template:testhasNext(minebayd1.User)]/[test-template-invocation:#93]
display-name: [93] Ziad a 48 annonces ouvertes, 4 annonces fermées et 2 achats 

]]></system-out>
</testcase>
<testcase name="testhasNext(User)[94]" classname="minebayd1.test.TestUser" time="0">
<system-out><![CDATA[
unique-id: [engine:junit-jupiter]/[class:minebayd1.test.TestUser]/[test-template:testhasNext(minebayd1.User)]/[test-template-invocation:#94]
display-name: [94] Mohamed a 45 annonces ouvertes, 2 annonces fermées et 3 achats 

]]></system-out>
</testcase>
<testcase name="testhasNext(User)[95]" classname="minebayd1.test.TestUser" time="0.001">
<system-out><![CDATA[
unique-id: [engine:junit-jupiter]/[class:minebayd1.test.TestUser]/[test-template:testhasNext(minebayd1.User)]/[test-template-invocation:#95]
display-name: [95] Ismael a 59 annonces ouvertes, 1 annonces fermées et 3 achats 

]]></system-out>
</testcase>
<testcase name="testhasNext(User)[96]" classname="minebayd1.test.TestUser" time="0.001">
<system-out><![CDATA[
unique-id: [engine:junit-jupiter]/[class:minebayd1.test.TestUser]/[test-template:testhasNext(minebayd1.User)]/[test-template-invocation:#96]
display-name: [96] Idir a 58 annonces ouvertes, 5 annonces fermées et 4 achats 

]]></system-out>
</testcase>
<testcase name="testhasNext(User)[97]" classname="minebayd1.test.TestUser" time="0">
<system-out><![CDATA[
unique-id: [engine:junit-jupiter]/[class:minebayd1.test.TestUser]/[test-template:testhasNext(minebayd1.User)]/[test-template-invocation:#97]
display-name: [97] Zahra a 42 annonces ouvertes, 0 annonces fermées et 2 achats 

]]></system-out>
</testcase>
<testcase name="testhasNext(User)[98]" classname="minebayd1.test.TestUser" time="0.001">
<system-out><![CDATA[
unique-id: [engine:junit-jupiter]/[class:minebayd1.test.TestUser]/[test-template:testhasNext(minebayd1.User)]/[test-template-invocation:#98]
display-name: [98] Ziad a 48 annonces ouvertes, 4 annonces fermées et 2 achats 

]]></system-out>
</testcase>
<testcase name="testhasNext(User)[99]" classname="minebayd1.test.TestUser" time="0.002">
<system-out><![CDATA[
unique-id: [engine:junit-jupiter]/[class:minebayd1.test.TestUser]/[test-template:testhasNext(minebayd1.User)]/[test-template-invocation:#99]
display-name: [99] Naila a 60 annonces ouvertes, 3 annonces fermées et 4 achats 

]]></system-out>
</testcase>
<testcase name="testhasNext(User)[100]" classname="minebayd1.test.TestUser" time="0">
<system-out><![CDATA[
unique-id: [engine:junit-jupiter]/[class:minebayd1.test.TestUser]/[test-template:testhasNext(minebayd1.User)]/[test-template-invocation:#100]
display-name: [100] Yanis a 61 annonces ouvertes, 4 annonces fermées et 3 achats 

]]></system-out>
</testcase>
<testcase name="testUser(String, String)[1]" classname="minebayd1.test.TestUser" time="0">
<system-out><![CDATA[
unique-id: [engine:junit-jupiter]/[class:minebayd1.test.TestUser]/[test-template:testUser(java.lang.String, java.lang.String)]/[test-template-invocation:#1]
display-name: [1] Ali, Naila
]]></system-out>
</testcase>
<testcase name="testUser(String, String)[2]" classname="minebayd1.test.TestUser" time="0">
<system-out><![CDATA[
unique-id: [engine:junit-jupiter]/[class:minebayd1.test.TestUser]/[test-template:testUser(java.lang.String, java.lang.String)]/[test-template-invocation:#2]
display-name: [2] Mamadou, Pierre
]]></system-out>
</testcase>
<testcase name="testUser(String, String)[3]" classname="minebayd1.test.TestUser" time="0">
<system-out><![CDATA[
unique-id: [engine:junit-jupiter]/[class:minebayd1.test.TestUser]/[test-template:testUser(java.lang.String, java.lang.String)]/[test-template-invocation:#3]
display-name: [3] Ismael, Mounir
]]></system-out>
</testcase>
<testcase name="testUser(String, String)[4]" classname="minebayd1.test.TestUser" time="0">
<system-out><![CDATA[
unique-id: [engine:junit-jupiter]/[class:minebayd1.test.TestUser]/[test-template:testUser(java.lang.String, java.lang.String)]/[test-template-invocation:#4]
display-name: [4] Sheraz, Chanez
]]></system-out>
</testcase>
<testcase name="testUser(String, String)[5]" classname="minebayd1.test.TestUser" time="0">
<system-out><![CDATA[
unique-id: [engine:junit-jupiter]/[class:minebayd1.test.TestUser]/[test-template:testUser(java.lang.String, java.lang.String)]/[test-template-invocation:#5]
display-name: [5] Chanez, Mamadou
]]></system-out>
</testcase>
<testcase name="testUser(String, String)[6]" classname="minebayd1.test.TestUser" time="0">
<system-out><![CDATA[
unique-id: [engine:junit-jupiter]/[class:minebayd1.test.TestUser]/[test-template:testUser(java.lang.String, java.lang.String)]/[test-template-invocation:#6]
display-name: [6] Zahra, Ali
]]></system-out>
</testcase>
<testcase name="testUser(String, String)[7]" classname="minebayd1.test.TestUser" time="0">
<system-out><![CDATA[
unique-id: [engine:junit-jupiter]/[class:minebayd1.test.TestUser]/[test-template:testUser(java.lang.String, java.lang.String)]/[test-template-invocation:#7]
display-name: [7] Nima, Aliou
]]></system-out>
</testcase>
<testcase name="testUser(String, String)[8]" classname="minebayd1.test.TestUser" time="0">
<skipped><![CDATA[org.opentest4j.TestAbortedException: Assumption failed: assumption is not true
	at org.junit.jupiter.api.Assumptions.throwTestAbortedException(Assumptions.java:256)
	at org.junit.jupiter.api.Assumptions.assumeTrue(Assumptions.java:115)
	at org.junit.jupiter.api.Assumptions.assumeTrue(Assumptions.java:66)
	at minebayd1.test.TestUser.testUser(TestUser.java:305)
	at java.base/jdk.internal.reflect.NativeMethodAccessorImpl.invoke0(Native Method)
	at java.base/jdk.internal.reflect.NativeMethodAccessorImpl.invoke(NativeMethodAccessorImpl.java:77)
	at java.base/jdk.internal.reflect.DelegatingMethodAccessorImpl.invoke(DelegatingMethodAccessorImpl.java:43)
	at java.base/java.lang.reflect.Method.invoke(Method.java:569)
	at org.junit.platform.commons.util.ReflectionUtils.invokeMethod(ReflectionUtils.java:688)
	at org.junit.jupiter.engine.execution.MethodInvocation.proceed(MethodInvocation.java:60)
	at org.junit.jupiter.engine.execution.InvocationInterceptorChain$ValidatingInvocation.proceed(InvocationInterceptorChain.java:131)
	at org.junit.jupiter.engine.extension.TimeoutExtension.intercept(TimeoutExtension.java:149)
	at org.junit.jupiter.engine.extension.TimeoutExtension.interceptTestableMethod(TimeoutExtension.java:140)
	at org.junit.jupiter.engine.extension.TimeoutExtension.interceptTestTemplateMethod(TimeoutExtension.java:92)
	at org.junit.jupiter.engine.execution.ExecutableInvoker$ReflectiveInterceptorCall.lambda$ofVoidMethod$0(ExecutableInvoker.java:115)
	at org.junit.jupiter.engine.execution.ExecutableInvoker.lambda$invoke$0(ExecutableInvoker.java:105)
	at org.junit.jupiter.engine.execution.InvocationInterceptorChain$InterceptedInvocation.proceed(InvocationInterceptorChain.java:106)
	at org.junit.jupiter.engine.execution.InvocationInterceptorChain.proceed(InvocationInterceptorChain.java:64)
	at org.junit.jupiter.engine.execution.InvocationInterceptorChain.chainAndInvoke(InvocationInterceptorChain.java:45)
	at org.junit.jupiter.engine.execution.InvocationInterceptorChain.invoke(InvocationInterceptorChain.java:37)
	at org.junit.jupiter.engine.execution.ExecutableInvoker.invoke(ExecutableInvoker.java:104)
	at org.junit.jupiter.engine.execution.ExecutableInvoker.invoke(ExecutableInvoker.java:98)
	at org.junit.jupiter.engine.descriptor.TestMethodTestDescriptor.lambda$invokeTestMethod$6(TestMethodTestDescriptor.java:210)
	at org.junit.platform.engine.support.hierarchical.ThrowableCollector.execute(ThrowableCollector.java:73)
	at org.junit.jupiter.engine.descriptor.TestMethodTestDescriptor.invokeTestMethod(TestMethodTestDescriptor.java:206)
	at org.junit.jupiter.engine.descriptor.TestMethodTestDescriptor.execute(TestMethodTestDescriptor.java:131)
	at org.junit.jupiter.engine.descriptor.TestMethodTestDescriptor.execute(TestMethodTestDescriptor.java:65)
	at org.junit.platform.engine.support.hierarchical.NodeTestTask.lambda$executeRecursively$5(NodeTestTask.java:139)
	at org.junit.platform.engine.support.hierarchical.ThrowableCollector.execute(ThrowableCollector.java:73)
	at org.junit.platform.engine.support.hierarchical.NodeTestTask.lambda$executeRecursively$7(NodeTestTask.java:129)
	at org.junit.platform.engine.support.hierarchical.Node.around(Node.java:137)
	at org.junit.platform.engine.support.hierarchical.NodeTestTask.lambda$executeRecursively$8(NodeTestTask.java:127)
	at org.junit.platform.engine.support.hierarchical.ThrowableCollector.execute(ThrowableCollector.java:73)
	at org.junit.platform.engine.support.hierarchical.NodeTestTask.executeRecursively(NodeTestTask.java:126)
	at org.junit.platform.engine.support.hierarchical.NodeTestTask.execute(NodeTestTask.java:84)
	at org.junit.platform.engine.support.hierarchical.SameThreadHierarchicalTestExecutorService.submit(SameThreadHierarchicalTestExecutorService.java:32)
	at org.junit.platform.engine.support.hierarchical.NodeTestTask$DefaultDynamicTestExecutor.execute(NodeTestTask.java:212)
	at org.junit.platform.engine.support.hierarchical.NodeTestTask$DefaultDynamicTestExecutor.execute(NodeTestTask.java:192)
	at org.junit.jupiter.engine.descriptor.TestTemplateTestDescriptor.execute(TestTemplateTestDescriptor.java:139)
	at org.junit.jupiter.engine.descriptor.TestTemplateTestDescriptor.lambda$execute$2(TestTemplateTestDescriptor.java:107)
	at java.base/java.util.stream.ForEachOps$ForEachOp$OfRef.accept(ForEachOps.java:183)
	at java.base/java.util.stream.ReferencePipeline$3$1.accept(ReferencePipeline.java:197)
	at java.base/java.util.stream.ReferencePipeline$2$1.accept(ReferencePipeline.java:179)
	at java.base/java.util.stream.ReferencePipeline$3$1.accept(ReferencePipeline.java:197)
	at java.base/java.util.stream.ForEachOps$ForEachOp$OfRef.accept(ForEachOps.java:183)
	at java.base/java.util.stream.ReferencePipeline$15$1.accept(ReferencePipeline.java:541)
	at java.base/java.util.stream.ReferencePipeline$3$1.accept(ReferencePipeline.java:197)
	at java.base/java.util.stream.ReferencePipeline$3$1.accept(ReferencePipeline.java:197)
	at java.base/java.util.stream.ReferencePipeline$3$1.accept(ReferencePipeline.java:197)
	at java.base/java.util.stream.ForEachOps$ForEachOp$OfRef.accept(ForEachOps.java:183)
	at java.base/java.util.stream.ReferencePipeline$3$1.accept(ReferencePipeline.java:197)
	at java.base/java.util.stream.ForEachOps$ForEachOp$OfRef.accept(ForEachOps.java:183)
	at java.base/java.util.stream.SliceOps$1$1.accept(SliceOps.java:200)
	at java.base/java.util.stream.StreamSpliterators$InfiniteSupplyingSpliterator$OfRef.tryAdvance(StreamSpliterators.java:1358)
	at java.base/java.util.stream.ReferencePipeline.forEachWithCancel(ReferencePipeline.java:129)
	at java.base/java.util.stream.AbstractPipeline.copyIntoWithCancel(AbstractPipeline.java:527)
	at java.base/java.util.stream.AbstractPipeline.copyInto(AbstractPipeline.java:513)
	at java.base/java.util.stream.AbstractPipeline.wrapAndCopyInto(AbstractPipeline.java:499)
	at java.base/java.util.stream.ForEachOps$ForEachOp.evaluateSequential(ForEachOps.java:150)
	at java.base/java.util.stream.ForEachOps$ForEachOp$OfRef.evaluateSequential(ForEachOps.java:173)
	at java.base/java.util.stream.AbstractPipeline.evaluate(AbstractPipeline.java:234)
	at java.base/java.util.stream.ReferencePipeline.forEach(ReferencePipeline.java:596)
	at java.base/java.util.stream.ReferencePipeline$7$1.accept(ReferencePipeline.java:276)
	at java.base/java.util.stream.ReferencePipeline$3$1.accept(ReferencePipeline.java:197)
	at java.base/java.util.stream.ReferencePipeline$3$1.accept(ReferencePipeline.java:197)
	at java.base/java.util.Spliterators$ArraySpliterator.forEachRemaining(Spliterators.java:992)
	at java.base/java.util.stream.AbstractPipeline.copyInto(AbstractPipeline.java:509)
	at java.base/java.util.stream.AbstractPipeline.wrapAndCopyInto(AbstractPipeline.java:499)
	at java.base/java.util.stream.ForEachOps$ForEachOp.evaluateSequential(ForEachOps.java:150)
	at java.base/java.util.stream.ForEachOps$ForEachOp$OfRef.evaluateSequential(ForEachOps.java:173)
	at java.base/java.util.stream.AbstractPipeline.evaluate(AbstractPipeline.java:234)
	at java.base/java.util.stream.ReferencePipeline.forEach(ReferencePipeline.java:596)
	at java.base/java.util.stream.ReferencePipeline$7$1.accept(ReferencePipeline.java:276)
	at java.base/java.util.stream.ReferencePipeline$3$1.accept(ReferencePipeline.java:197)
	at java.base/java.util.stream.ReferencePipeline$3$1.accept(ReferencePipeline.java:197)
	at java.base/java.util.stream.ReferencePipeline$3$1.accept(ReferencePipeline.java:197)
	at java.base/java.util.ArrayList$ArrayListSpliterator.forEachRemaining(ArrayList.java:1625)
	at java.base/java.util.stream.AbstractPipeline.copyInto(AbstractPipeline.java:509)
	at java.base/java.util.stream.AbstractPipeline.wrapAndCopyInto(AbstractPipeline.java:499)
	at java.base/java.util.stream.ForEachOps$ForEachOp.evaluateSequential(ForEachOps.java:150)
	at java.base/java.util.stream.ForEachOps$ForEachOp$OfRef.evaluateSequential(ForEachOps.java:173)
	at java.base/java.util.stream.AbstractPipeline.evaluate(AbstractPipeline.java:234)
	at java.base/java.util.stream.ReferencePipeline.forEach(ReferencePipeline.java:596)
	at java.base/java.util.stream.ReferencePipeline$7$1.accept(ReferencePipeline.java:276)
	at java.base/java.util.ArrayList$ArrayListSpliterator.forEachRemaining(ArrayList.java:1625)
	at java.base/java.util.stream.AbstractPipeline.copyInto(AbstractPipeline.java:509)
	at java.base/java.util.stream.AbstractPipeline.wrapAndCopyInto(AbstractPipeline.java:499)
	at java.base/java.util.stream.ForEachOps$ForEachOp.evaluateSequential(ForEachOps.java:150)
	at java.base/java.util.stream.ForEachOps$ForEachOp$OfRef.evaluateSequential(ForEachOps.java:173)
	at java.base/java.util.stream.AbstractPipeline.evaluate(AbstractPipeline.java:234)
	at java.base/java.util.stream.ReferencePipeline.forEach(ReferencePipeline.java:596)
	at org.junit.jupiter.engine.descriptor.TestTemplateTestDescriptor.execute(TestTemplateTestDescriptor.java:107)
	at org.junit.jupiter.engine.descriptor.TestTemplateTestDescriptor.execute(TestTemplateTestDescriptor.java:42)
	at org.junit.platform.engine.support.hierarchical.NodeTestTask.lambda$executeRecursively$5(NodeTestTask.java:139)
	at org.junit.platform.engine.support.hierarchical.ThrowableCollector.execute(ThrowableCollector.java:73)
	at org.junit.platform.engine.support.hierarchical.NodeTestTask.lambda$executeRecursively$7(NodeTestTask.java:129)
	at org.junit.platform.engine.support.hierarchical.Node.around(Node.java:137)
	at org.junit.platform.engine.support.hierarchical.NodeTestTask.lambda$executeRecursively$8(NodeTestTask.java:127)
	at org.junit.platform.engine.support.hierarchical.ThrowableCollector.execute(ThrowableCollector.java:73)
	at org.junit.platform.engine.support.hierarchical.NodeTestTask.executeRecursively(NodeTestTask.java:126)
	at org.junit.platform.engine.support.hierarchical.NodeTestTask.execute(NodeTestTask.java:84)
	at java.base/java.util.ArrayList.forEach(ArrayList.java:1511)
	at org.junit.platform.engine.support.hierarchical.SameThreadHierarchicalTestExecutorService.invokeAll(SameThreadHierarchicalTestExecutorService.java:38)
	at org.junit.platform.engine.support.hierarchical.NodeTestTask.lambda$executeRecursively$5(NodeTestTask.java:143)
	at org.junit.platform.engine.support.hierarchical.ThrowableCollector.execute(ThrowableCollector.java:73)
	at org.junit.platform.engine.support.hierarchical.NodeTestTask.lambda$executeRecursively$7(NodeTestTask.java:129)
	at org.junit.platform.engine.support.hierarchical.Node.around(Node.java:137)
	at org.junit.platform.engine.support.hierarchical.NodeTestTask.lambda$executeRecursively$8(NodeTestTask.java:127)
	at org.junit.platform.engine.support.hierarchical.ThrowableCollector.execute(ThrowableCollector.java:73)
	at org.junit.platform.engine.support.hierarchical.NodeTestTask.executeRecursively(NodeTestTask.java:126)
	at org.junit.platform.engine.support.hierarchical.NodeTestTask.execute(NodeTestTask.java:84)
	at java.base/java.util.ArrayList.forEach(ArrayList.java:1511)
	at org.junit.platform.engine.support.hierarchical.SameThreadHierarchicalTestExecutorService.invokeAll(SameThreadHierarchicalTestExecutorService.java:38)
	at org.junit.platform.engine.support.hierarchical.NodeTestTask.lambda$executeRecursively$5(NodeTestTask.java:143)
	at org.junit.platform.engine.support.hierarchical.ThrowableCollector.execute(ThrowableCollector.java:73)
	at org.junit.platform.engine.support.hierarchical.NodeTestTask.lambda$executeRecursively$7(NodeTestTask.java:129)
	at org.junit.platform.engine.support.hierarchical.Node.around(Node.java:137)
	at org.junit.platform.engine.support.hierarchical.NodeTestTask.lambda$executeRecursively$8(NodeTestTask.java:127)
	at org.junit.platform.engine.support.hierarchical.ThrowableCollector.execute(ThrowableCollector.java:73)
	at org.junit.platform.engine.support.hierarchical.NodeTestTask.executeRecursively(NodeTestTask.java:126)
	at org.junit.platform.engine.support.hierarchical.NodeTestTask.execute(NodeTestTask.java:84)
	at org.junit.platform.engine.support.hierarchical.SameThreadHierarchicalTestExecutorService.submit(SameThreadHierarchicalTestExecutorService.java:32)
	at org.junit.platform.engine.support.hierarchical.HierarchicalTestExecutor.execute(HierarchicalTestExecutor.java:57)
	at org.junit.platform.engine.support.hierarchical.HierarchicalTestEngine.execute(HierarchicalTestEngine.java:51)
	at org.junit.platform.launcher.core.EngineExecutionOrchestrator.execute(EngineExecutionOrchestrator.java:108)
	at org.junit.platform.launcher.core.EngineExecutionOrchestrator.execute(EngineExecutionOrchestrator.java:88)
	at org.junit.platform.launcher.core.EngineExecutionOrchestrator.lambda$execute$0(EngineExecutionOrchestrator.java:54)
	at org.junit.platform.launcher.core.EngineExecutionOrchestrator.withInterceptedStreams(EngineExecutionOrchestrator.java:67)
	at org.junit.platform.launcher.core.EngineExecutionOrchestrator.execute(EngineExecutionOrchestrator.java:52)
	at org.junit.platform.launcher.core.DefaultLauncher.execute(DefaultLauncher.java:96)
	at org.junit.platform.launcher.core.DefaultLauncher.execute(DefaultLauncher.java:75)
	at org.junit.platform.console.tasks.ConsoleTestExecutor.executeTests(ConsoleTestExecutor.java:66)
	at org.junit.platform.console.tasks.ConsoleTestExecutor.lambda$execute$0(ConsoleTestExecutor.java:58)
	at org.junit.platform.console.tasks.CustomContextClassLoaderExecutor.replaceThreadContextClassLoaderAndInvoke(CustomContextClassLoaderExecutor.java:41)
	at org.junit.platform.console.tasks.CustomContextClassLoaderExecutor.invoke(CustomContextClassLoaderExecutor.java:31)
	at org.junit.platform.console.tasks.ConsoleTestExecutor.execute(ConsoleTestExecutor.java:58)
	at org.junit.platform.console.ConsoleLauncher.executeTests(ConsoleLauncher.java:95)
	at org.junit.platform.console.ConsoleLauncher.execute(ConsoleLauncher.java:73)
	at org.junit.platform.console.ConsoleLauncher.execute(ConsoleLauncher.java:50)
	at org.junit.platform.console.ConsoleLauncher.execute(ConsoleLauncher.java:43)
	at org.junit.platform.console.ConsoleLauncher.main(ConsoleLauncher.java:37)
]]></skipped>
<system-out><![CDATA[
unique-id: [engine:junit-jupiter]/[class:minebayd1.test.TestUser]/[test-template:testUser(java.lang.String, java.lang.String)]/[test-template-invocation:#8]
display-name: [8] null, Naila
]]></system-out>
</testcase>
<testcase name="testUser(String, String)[9]" classname="minebayd1.test.TestUser" time="0">
<system-out><![CDATA[
unique-id: [engine:junit-jupiter]/[class:minebayd1.test.TestUser]/[test-template:testUser(java.lang.String, java.lang.String)]/[test-template-invocation:#9]
display-name: [9] Naila, Mamadou
]]></system-out>
</testcase>
<testcase name="testUser(String, String)[10]" classname="minebayd1.test.TestUser" time="0">
<system-out><![CDATA[
unique-id: [engine:junit-jupiter]/[class:minebayd1.test.TestUser]/[test-template:testUser(java.lang.String, java.lang.String)]/[test-template-invocation:#10]
display-name: [10] Marcel, Zahra
]]></system-out>
</testcase>
<testcase name="testUser(String, String)[11]" classname="minebayd1.test.TestUser" time="0">
<system-out><![CDATA[
unique-id: [engine:junit-jupiter]/[class:minebayd1.test.TestUser]/[test-template:testUser(java.lang.String, java.lang.String)]/[test-template-invocation:#11]
display-name: [11] Faycal, Nima
]]></system-out>
</testcase>
<testcase name="testUser(String, String)[12]" classname="minebayd1.test.TestUser" time="0">
<system-out><![CDATA[
unique-id: [engine:junit-jupiter]/[class:minebayd1.test.TestUser]/[test-template:testUser(java.lang.String, java.lang.String)]/[test-template-invocation:#12]
display-name: [12] Mamadou, Nima
]]></system-out>
</testcase>
<testcase name="testUser(String, String)[13]" classname="minebayd1.test.TestUser" time="0">
<system-out><![CDATA[
unique-id: [engine:junit-jupiter]/[class:minebayd1.test.TestUser]/[test-template:testUser(java.lang.String, java.lang.String)]/[test-template-invocation:#13]
display-name: [13] Zahra, Rosa
]]></system-out>
</testcase>
<testcase name="testUser(String, String)[14]" classname="minebayd1.test.TestUser" time="0">
<system-out><![CDATA[
unique-id: [engine:junit-jupiter]/[class:minebayd1.test.TestUser]/[test-template:testUser(java.lang.String, java.lang.String)]/[test-template-invocation:#14]
display-name: [14] Lisa, Zahra
]]></system-out>
</testcase>
<testcase name="testUser(String, String)[15]" classname="minebayd1.test.TestUser" time="0">
<system-out><![CDATA[
unique-id: [engine:junit-jupiter]/[class:minebayd1.test.TestUser]/[test-template:testUser(java.lang.String, java.lang.String)]/[test-template-invocation:#15]
display-name: [15] Issa, Marcel
]]></system-out>
</testcase>
<testcase name="testUser(String, String)[16]" classname="minebayd1.test.TestUser" time="0">
<system-out><![CDATA[
unique-id: [engine:junit-jupiter]/[class:minebayd1.test.TestUser]/[test-template:testUser(java.lang.String, java.lang.String)]/[test-template-invocation:#16]
display-name: [16] Imam, Ayman
]]></system-out>
</testcase>
<testcase name="testUser(String, String)[17]" classname="minebayd1.test.TestUser" time="0">
<system-out><![CDATA[
unique-id: [engine:junit-jupiter]/[class:minebayd1.test.TestUser]/[test-template:testUser(java.lang.String, java.lang.String)]/[test-template-invocation:#17]
display-name: [17] Yanis, Yanis
]]></system-out>
</testcase>
<testcase name="testUser(String, String)[18]" classname="minebayd1.test.TestUser" time="0">
<system-out><![CDATA[
unique-id: [engine:junit-jupiter]/[class:minebayd1.test.TestUser]/[test-template:testUser(java.lang.String, java.lang.String)]/[test-template-invocation:#18]
display-name: [18] Aliou, Lamia
]]></system-out>
</testcase>
<testcase name="testUser(String, String)[19]" classname="minebayd1.test.TestUser" time="0">
<system-out><![CDATA[
unique-id: [engine:junit-jupiter]/[class:minebayd1.test.TestUser]/[test-template:testUser(java.lang.String, java.lang.String)]/[test-template-invocation:#19]
display-name: [19] Rosa, Chanez
]]></system-out>
</testcase>
<testcase name="testUser(String, String)[20]" classname="minebayd1.test.TestUser" time="0">
<system-out><![CDATA[
unique-id: [engine:junit-jupiter]/[class:minebayd1.test.TestUser]/[test-template:testUser(java.lang.String, java.lang.String)]/[test-template-invocation:#20]
display-name: [20] Mounir, Naila
]]></system-out>
</testcase>
<testcase name="testUser(String, String)[21]" classname="minebayd1.test.TestUser" time="0">
<system-out><![CDATA[
unique-id: [engine:junit-jupiter]/[class:minebayd1.test.TestUser]/[test-template:testUser(java.lang.String, java.lang.String)]/[test-template-invocation:#21]
display-name: [21] Imam, Zahra
]]></system-out>
</testcase>
<testcase name="testUser(String, String)[22]" classname="minebayd1.test.TestUser" time="0">
<system-out><![CDATA[
unique-id: [engine:junit-jupiter]/[class:minebayd1.test.TestUser]/[test-template:testUser(java.lang.String, java.lang.String)]/[test-template-invocation:#22]
display-name: [22] Aliou, Zahra
]]></system-out>
</testcase>
<testcase name="testUser(String, String)[23]" classname="minebayd1.test.TestUser" time="0">
<system-out><![CDATA[
unique-id: [engine:junit-jupiter]/[class:minebayd1.test.TestUser]/[test-template:testUser(java.lang.String, java.lang.String)]/[test-template-invocation:#23]
display-name: [23] Sonia, Nima
]]></system-out>
</testcase>
<testcase name="testUser(String, String)[24]" classname="minebayd1.test.TestUser" time="0">
<skipped><![CDATA[org.opentest4j.TestAbortedException: Assumption failed: assumption is not true
	at org.junit.jupiter.api.Assumptions.throwTestAbortedException(Assumptions.java:256)
	at org.junit.jupiter.api.Assumptions.assumeTrue(Assumptions.java:115)
	at org.junit.jupiter.api.Assumptions.assumeTrue(Assumptions.java:66)
	at minebayd1.test.TestUser.testUser(TestUser.java:307)
	at jdk.internal.reflect.GeneratedMethodAccessor9.invoke(Unknown Source)
	at java.base/jdk.internal.reflect.DelegatingMethodAccessorImpl.invoke(DelegatingMethodAccessorImpl.java:43)
	at java.base/java.lang.reflect.Method.invoke(Method.java:569)
	at org.junit.platform.commons.util.ReflectionUtils.invokeMethod(ReflectionUtils.java:688)
	at org.junit.jupiter.engine.execution.MethodInvocation.proceed(MethodInvocation.java:60)
	at org.junit.jupiter.engine.execution.InvocationInterceptorChain$ValidatingInvocation.proceed(InvocationInterceptorChain.java:131)
	at org.junit.jupiter.engine.extension.TimeoutExtension.intercept(TimeoutExtension.java:149)
	at org.junit.jupiter.engine.extension.TimeoutExtension.interceptTestableMethod(TimeoutExtension.java:140)
	at org.junit.jupiter.engine.extension.TimeoutExtension.interceptTestTemplateMethod(TimeoutExtension.java:92)
	at org.junit.jupiter.engine.execution.ExecutableInvoker$ReflectiveInterceptorCall.lambda$ofVoidMethod$0(ExecutableInvoker.java:115)
	at org.junit.jupiter.engine.execution.ExecutableInvoker.lambda$invoke$0(ExecutableInvoker.java:105)
	at org.junit.jupiter.engine.execution.InvocationInterceptorChain$InterceptedInvocation.proceed(InvocationInterceptorChain.java:106)
	at org.junit.jupiter.engine.execution.InvocationInterceptorChain.proceed(InvocationInterceptorChain.java:64)
	at org.junit.jupiter.engine.execution.InvocationInterceptorChain.chainAndInvoke(InvocationInterceptorChain.java:45)
	at org.junit.jupiter.engine.execution.InvocationInterceptorChain.invoke(InvocationInterceptorChain.java:37)
	at org.junit.jupiter.engine.execution.ExecutableInvoker.invoke(ExecutableInvoker.java:104)
	at org.junit.jupiter.engine.execution.ExecutableInvoker.invoke(ExecutableInvoker.java:98)
	at org.junit.jupiter.engine.descriptor.TestMethodTestDescriptor.lambda$invokeTestMethod$6(TestMethodTestDescriptor.java:210)
	at org.junit.platform.engine.support.hierarchical.ThrowableCollector.execute(ThrowableCollector.java:73)
	at org.junit.jupiter.engine.descriptor.TestMethodTestDescriptor.invokeTestMethod(TestMethodTestDescriptor.java:206)
	at org.junit.jupiter.engine.descriptor.TestMethodTestDescriptor.execute(TestMethodTestDescriptor.java:131)
	at org.junit.jupiter.engine.descriptor.TestMethodTestDescriptor.execute(TestMethodTestDescriptor.java:65)
	at org.junit.platform.engine.support.hierarchical.NodeTestTask.lambda$executeRecursively$5(NodeTestTask.java:139)
	at org.junit.platform.engine.support.hierarchical.ThrowableCollector.execute(ThrowableCollector.java:73)
	at org.junit.platform.engine.support.hierarchical.NodeTestTask.lambda$executeRecursively$7(NodeTestTask.java:129)
	at org.junit.platform.engine.support.hierarchical.Node.around(Node.java:137)
	at org.junit.platform.engine.support.hierarchical.NodeTestTask.lambda$executeRecursively$8(NodeTestTask.java:127)
	at org.junit.platform.engine.support.hierarchical.ThrowableCollector.execute(ThrowableCollector.java:73)
	at org.junit.platform.engine.support.hierarchical.NodeTestTask.executeRecursively(NodeTestTask.java:126)
	at org.junit.platform.engine.support.hierarchical.NodeTestTask.execute(NodeTestTask.java:84)
	at org.junit.platform.engine.support.hierarchical.SameThreadHierarchicalTestExecutorService.submit(SameThreadHierarchicalTestExecutorService.java:32)
	at org.junit.platform.engine.support.hierarchical.NodeTestTask$DefaultDynamicTestExecutor.execute(NodeTestTask.java:212)
	at org.junit.platform.engine.support.hierarchical.NodeTestTask$DefaultDynamicTestExecutor.execute(NodeTestTask.java:192)
	at org.junit.jupiter.engine.descriptor.TestTemplateTestDescriptor.execute(TestTemplateTestDescriptor.java:139)
	at org.junit.jupiter.engine.descriptor.TestTemplateTestDescriptor.lambda$execute$2(TestTemplateTestDescriptor.java:107)
	at java.base/java.util.stream.ForEachOps$ForEachOp$OfRef.accept(ForEachOps.java:183)
	at java.base/java.util.stream.ReferencePipeline$3$1.accept(ReferencePipeline.java:197)
	at java.base/java.util.stream.ReferencePipeline$2$1.accept(ReferencePipeline.java:179)
	at java.base/java.util.stream.ReferencePipeline$3$1.accept(ReferencePipeline.java:197)
	at java.base/java.util.stream.ForEachOps$ForEachOp$OfRef.accept(ForEachOps.java:183)
	at java.base/java.util.stream.ReferencePipeline$15$1.accept(ReferencePipeline.java:541)
	at java.base/java.util.stream.ReferencePipeline$3$1.accept(ReferencePipeline.java:197)
	at java.base/java.util.stream.ReferencePipeline$3$1.accept(ReferencePipeline.java:197)
	at java.base/java.util.stream.ReferencePipeline$3$1.accept(ReferencePipeline.java:197)
	at java.base/java.util.stream.ForEachOps$ForEachOp$OfRef.accept(ForEachOps.java:183)
	at java.base/java.util.stream.ReferencePipeline$3$1.accept(ReferencePipeline.java:197)
	at java.base/java.util.stream.ForEachOps$ForEachOp$OfRef.accept(ForEachOps.java:183)
	at java.base/java.util.stream.SliceOps$1$1.accept(SliceOps.java:200)
	at java.base/java.util.stream.StreamSpliterators$InfiniteSupplyingSpliterator$OfRef.tryAdvance(StreamSpliterators.java:1358)
	at java.base/java.util.stream.ReferencePipeline.forEachWithCancel(ReferencePipeline.java:129)
	at java.base/java.util.stream.AbstractPipeline.copyIntoWithCancel(AbstractPipeline.java:527)
	at java.base/java.util.stream.AbstractPipeline.copyInto(AbstractPipeline.java:513)
	at java.base/java.util.stream.AbstractPipeline.wrapAndCopyInto(AbstractPipeline.java:499)
	at java.base/java.util.stream.ForEachOps$ForEachOp.evaluateSequential(ForEachOps.java:150)
	at java.base/java.util.stream.ForEachOps$ForEachOp$OfRef.evaluateSequential(ForEachOps.java:173)
	at java.base/java.util.stream.AbstractPipeline.evaluate(AbstractPipeline.java:234)
	at java.base/java.util.stream.ReferencePipeline.forEach(ReferencePipeline.java:596)
	at java.base/java.util.stream.ReferencePipeline$7$1.accept(ReferencePipeline.java:276)
	at java.base/java.util.stream.ReferencePipeline$3$1.accept(ReferencePipeline.java:197)
	at java.base/java.util.stream.ReferencePipeline$3$1.accept(ReferencePipeline.java:197)
	at java.base/java.util.Spliterators$ArraySpliterator.forEachRemaining(Spliterators.java:992)
	at java.base/java.util.stream.AbstractPipeline.copyInto(AbstractPipeline.java:509)
	at java.base/java.util.stream.AbstractPipeline.wrapAndCopyInto(AbstractPipeline.java:499)
	at java.base/java.util.stream.ForEachOps$ForEachOp.evaluateSequential(ForEachOps.java:150)
	at java.base/java.util.stream.ForEachOps$ForEachOp$OfRef.evaluateSequential(ForEachOps.java:173)
	at java.base/java.util.stream.AbstractPipeline.evaluate(AbstractPipeline.java:234)
	at java.base/java.util.stream.ReferencePipeline.forEach(ReferencePipeline.java:596)
	at java.base/java.util.stream.ReferencePipeline$7$1.accept(ReferencePipeline.java:276)
	at java.base/java.util.stream.ReferencePipeline$3$1.accept(ReferencePipeline.java:197)
	at java.base/java.util.stream.ReferencePipeline$3$1.accept(ReferencePipeline.java:197)
	at java.base/java.util.stream.ReferencePipeline$3$1.accept(ReferencePipeline.java:197)
	at java.base/java.util.ArrayList$ArrayListSpliterator.forEachRemaining(ArrayList.java:1625)
	at java.base/java.util.stream.AbstractPipeline.copyInto(AbstractPipeline.java:509)
	at java.base/java.util.stream.AbstractPipeline.wrapAndCopyInto(AbstractPipeline.java:499)
	at java.base/java.util.stream.ForEachOps$ForEachOp.evaluateSequential(ForEachOps.java:150)
	at java.base/java.util.stream.ForEachOps$ForEachOp$OfRef.evaluateSequential(ForEachOps.java:173)
	at java.base/java.util.stream.AbstractPipeline.evaluate(AbstractPipeline.java:234)
	at java.base/java.util.stream.ReferencePipeline.forEach(ReferencePipeline.java:596)
	at java.base/java.util.stream.ReferencePipeline$7$1.accept(ReferencePipeline.java:276)
	at java.base/java.util.ArrayList$ArrayListSpliterator.forEachRemaining(ArrayList.java:1625)
	at java.base/java.util.stream.AbstractPipeline.copyInto(AbstractPipeline.java:509)
	at java.base/java.util.stream.AbstractPipeline.wrapAndCopyInto(AbstractPipeline.java:499)
	at java.base/java.util.stream.ForEachOps$ForEachOp.evaluateSequential(ForEachOps.java:150)
	at java.base/java.util.stream.ForEachOps$ForEachOp$OfRef.evaluateSequential(ForEachOps.java:173)
	at java.base/java.util.stream.AbstractPipeline.evaluate(AbstractPipeline.java:234)
	at java.base/java.util.stream.ReferencePipeline.forEach(ReferencePipeline.java:596)
	at org.junit.jupiter.engine.descriptor.TestTemplateTestDescriptor.execute(TestTemplateTestDescriptor.java:107)
	at org.junit.jupiter.engine.descriptor.TestTemplateTestDescriptor.execute(TestTemplateTestDescriptor.java:42)
	at org.junit.platform.engine.support.hierarchical.NodeTestTask.lambda$executeRecursively$5(NodeTestTask.java:139)
	at org.junit.platform.engine.support.hierarchical.ThrowableCollector.execute(ThrowableCollector.java:73)
	at org.junit.platform.engine.support.hierarchical.NodeTestTask.lambda$executeRecursively$7(NodeTestTask.java:129)
	at org.junit.platform.engine.support.hierarchical.Node.around(Node.java:137)
	at org.junit.platform.engine.support.hierarchical.NodeTestTask.lambda$executeRecursively$8(NodeTestTask.java:127)
	at org.junit.platform.engine.support.hierarchical.ThrowableCollector.execute(ThrowableCollector.java:73)
	at org.junit.platform.engine.support.hierarchical.NodeTestTask.executeRecursively(NodeTestTask.java:126)
	at org.junit.platform.engine.support.hierarchical.NodeTestTask.execute(NodeTestTask.java:84)
	at java.base/java.util.ArrayList.forEach(ArrayList.java:1511)
	at org.junit.platform.engine.support.hierarchical.SameThreadHierarchicalTestExecutorService.invokeAll(SameThreadHierarchicalTestExecutorService.java:38)
	at org.junit.platform.engine.support.hierarchical.NodeTestTask.lambda$executeRecursively$5(NodeTestTask.java:143)
	at org.junit.platform.engine.support.hierarchical.ThrowableCollector.execute(ThrowableCollector.java:73)
	at org.junit.platform.engine.support.hierarchical.NodeTestTask.lambda$executeRecursively$7(NodeTestTask.java:129)
	at org.junit.platform.engine.support.hierarchical.Node.around(Node.java:137)
	at org.junit.platform.engine.support.hierarchical.NodeTestTask.lambda$executeRecursively$8(NodeTestTask.java:127)
	at org.junit.platform.engine.support.hierarchical.ThrowableCollector.execute(ThrowableCollector.java:73)
	at org.junit.platform.engine.support.hierarchical.NodeTestTask.executeRecursively(NodeTestTask.java:126)
	at org.junit.platform.engine.support.hierarchical.NodeTestTask.execute(NodeTestTask.java:84)
	at java.base/java.util.ArrayList.forEach(ArrayList.java:1511)
	at org.junit.platform.engine.support.hierarchical.SameThreadHierarchicalTestExecutorService.invokeAll(SameThreadHierarchicalTestExecutorService.java:38)
	at org.junit.platform.engine.support.hierarchical.NodeTestTask.lambda$executeRecursively$5(NodeTestTask.java:143)
	at org.junit.platform.engine.support.hierarchical.ThrowableCollector.execute(ThrowableCollector.java:73)
	at org.junit.platform.engine.support.hierarchical.NodeTestTask.lambda$executeRecursively$7(NodeTestTask.java:129)
	at org.junit.platform.engine.support.hierarchical.Node.around(Node.java:137)
	at org.junit.platform.engine.support.hierarchical.NodeTestTask.lambda$executeRecursively$8(NodeTestTask.java:127)
	at org.junit.platform.engine.support.hierarchical.ThrowableCollector.execute(ThrowableCollector.java:73)
	at org.junit.platform.engine.support.hierarchical.NodeTestTask.executeRecursively(NodeTestTask.java:126)
	at org.junit.platform.engine.support.hierarchical.NodeTestTask.execute(NodeTestTask.java:84)
	at org.junit.platform.engine.support.hierarchical.SameThreadHierarchicalTestExecutorService.submit(SameThreadHierarchicalTestExecutorService.java:32)
	at org.junit.platform.engine.support.hierarchical.HierarchicalTestExecutor.execute(HierarchicalTestExecutor.java:57)
	at org.junit.platform.engine.support.hierarchical.HierarchicalTestEngine.execute(HierarchicalTestEngine.java:51)
	at org.junit.platform.launcher.core.EngineExecutionOrchestrator.execute(EngineExecutionOrchestrator.java:108)
	at org.junit.platform.launcher.core.EngineExecutionOrchestrator.execute(EngineExecutionOrchestrator.java:88)
	at org.junit.platform.launcher.core.EngineExecutionOrchestrator.lambda$execute$0(EngineExecutionOrchestrator.java:54)
	at org.junit.platform.launcher.core.EngineExecutionOrchestrator.withInterceptedStreams(EngineExecutionOrchestrator.java:67)
	at org.junit.platform.launcher.core.EngineExecutionOrchestrator.execute(EngineExecutionOrchestrator.java:52)
	at org.junit.platform.launcher.core.DefaultLauncher.execute(DefaultLauncher.java:96)
	at org.junit.platform.launcher.core.DefaultLauncher.execute(DefaultLauncher.java:75)
	at org.junit.platform.console.tasks.ConsoleTestExecutor.executeTests(ConsoleTestExecutor.java:66)
	at org.junit.platform.console.tasks.ConsoleTestExecutor.lambda$execute$0(ConsoleTestExecutor.java:58)
	at org.junit.platform.console.tasks.CustomContextClassLoaderExecutor.replaceThreadContextClassLoaderAndInvoke(CustomContextClassLoaderExecutor.java:41)
	at org.junit.platform.console.tasks.CustomContextClassLoaderExecutor.invoke(CustomContextClassLoaderExecutor.java:31)
	at org.junit.platform.console.tasks.ConsoleTestExecutor.execute(ConsoleTestExecutor.java:58)
	at org.junit.platform.console.ConsoleLauncher.executeTests(ConsoleLauncher.java:95)
	at org.junit.platform.console.ConsoleLauncher.execute(ConsoleLauncher.java:73)
	at org.junit.platform.console.ConsoleLauncher.execute(ConsoleLauncher.java:50)
	at org.junit.platform.console.ConsoleLauncher.execute(ConsoleLauncher.java:43)
	at org.junit.platform.console.ConsoleLauncher.main(ConsoleLauncher.java:37)
]]></skipped>
<system-out><![CDATA[
unique-id: [engine:junit-jupiter]/[class:minebayd1.test.TestUser]/[test-template:testUser(java.lang.String, java.lang.String)]/[test-template-invocation:#24]
display-name: [24] Ali, null
]]></system-out>
</testcase>
<testcase name="testUser(String, String)[25]" classname="minebayd1.test.TestUser" time="0">
<system-out><![CDATA[
unique-id: [engine:junit-jupiter]/[class:minebayd1.test.TestUser]/[test-template:testUser(java.lang.String, java.lang.String)]/[test-template-invocation:#25]
display-name: [25] Issa, Yanis
]]></system-out>
</testcase>
<testcase name="testUser(String, String)[26]" classname="minebayd1.test.TestUser" time="0">
<system-out><![CDATA[
unique-id: [engine:junit-jupiter]/[class:minebayd1.test.TestUser]/[test-template:testUser(java.lang.String, java.lang.String)]/[test-template-invocation:#26]
display-name: [26] Ali, Issa
]]></system-out>
</testcase>
<testcase name="testUser(String, String)[27]" classname="minebayd1.test.TestUser" time="0">
<system-out><![CDATA[
unique-id: [engine:junit-jupiter]/[class:minebayd1.test.TestUser]/[test-template:testUser(java.lang.String, java.lang.String)]/[test-template-invocation:#27]
display-name: [27] Mounir, Mounir
]]></system-out>
</testcase>
<testcase name="testUser(String, String)[28]" classname="minebayd1.test.TestUser" time="0">
<system-out><![CDATA[
unique-id: [engine:junit-jupiter]/[class:minebayd1.test.TestUser]/[test-template:testUser(java.lang.String, java.lang.String)]/[test-template-invocation:#28]
display-name: [28] Aliou, Rosa
]]></system-out>
</testcase>
<testcase name="testUser(String, String)[29]" classname="minebayd1.test.TestUser" time="0">
<system-out><![CDATA[
unique-id: [engine:junit-jupiter]/[class:minebayd1.test.TestUser]/[test-template:testUser(java.lang.String, java.lang.String)]/[test-template-invocation:#29]
display-name: [29] Ismael, Boris
]]></system-out>
</testcase>
<testcase name="testUser(String, String)[30]" classname="minebayd1.test.TestUser" time="0">
<system-out><![CDATA[
unique-id: [engine:junit-jupiter]/[class:minebayd1.test.TestUser]/[test-template:testUser(java.lang.String, java.lang.String)]/[test-template-invocation:#30]
display-name: [30] Naila, Lyes
]]></system-out>
</testcase>
<testcase name="testUser(String, String)[31]" classname="minebayd1.test.TestUser" time="0">
<system-out><![CDATA[
unique-id: [engine:junit-jupiter]/[class:minebayd1.test.TestUser]/[test-template:testUser(java.lang.String, java.lang.String)]/[test-template-invocation:#31]
display-name: [31] Lamia, Ayman
]]></system-out>
</testcase>
<testcase name="testUser(String, String)[32]" classname="minebayd1.test.TestUser" time="0">
<system-out><![CDATA[
unique-id: [engine:junit-jupiter]/[class:minebayd1.test.TestUser]/[test-template:testUser(java.lang.String, java.lang.String)]/[test-template-invocation:#32]
display-name: [32] Mohamed, Mounir
]]></system-out>
</testcase>
<testcase name="testUser(String, String)[33]" classname="minebayd1.test.TestUser" time="0.001">
<system-out><![CDATA[
unique-id: [engine:junit-jupiter]/[class:minebayd1.test.TestUser]/[test-template:testUser(java.lang.String, java.lang.String)]/[test-template-invocation:#33]
display-name: [33] Marc, Ayman
]]></system-out>
</testcase>
<testcase name="testUser(String, String)[34]" classname="minebayd1.test.TestUser" time="0">
<system-out><![CDATA[
unique-id: [engine:junit-jupiter]/[class:minebayd1.test.TestUser]/[test-template:testUser(java.lang.String, java.lang.String)]/[test-template-invocation:#34]
display-name: [34] Ali, Pierre
]]></system-out>
</testcase>
<testcase name="testUser(String, String)[35]" classname="minebayd1.test.TestUser" time="0">
<system-out><![CDATA[
unique-id: [engine:junit-jupiter]/[class:minebayd1.test.TestUser]/[test-template:testUser(java.lang.String, java.lang.String)]/[test-template-invocation:#35]
display-name: [35] Aliou, Mohamed
]]></system-out>
</testcase>
<testcase name="testUser(String, String)[36]" classname="minebayd1.test.TestUser" time="0">
<system-out><![CDATA[
unique-id: [engine:junit-jupiter]/[class:minebayd1.test.TestUser]/[test-template:testUser(java.lang.String, java.lang.String)]/[test-template-invocation:#36]
display-name: [36] Sonia, Imam
]]></system-out>
</testcase>
<testcase name="testUser(String, String)[37]" classname="minebayd1.test.TestUser" time="0">
<system-out><![CDATA[
unique-id: [engine:junit-jupiter]/[class:minebayd1.test.TestUser]/[test-template:testUser(java.lang.String, java.lang.String)]/[test-template-invocation:#37]
display-name: [37] Mohamed, Boris
]]></system-out>
</testcase>
<testcase name="testUser(String, String)[38]" classname="minebayd1.test.TestUser" time="0">
<system-out><![CDATA[
unique-id: [engine:junit-jupiter]/[class:minebayd1.test.TestUser]/[test-template:testUser(java.lang.String, java.lang.String)]/[test-template-invocation:#38]
display-name: [38] Marc, Imam
]]></system-out>
</testcase>
<testcase name="testUser(String, String)[39]" classname="minebayd1.test.TestUser" time="0">
<system-out><![CDATA[
unique-id: [engine:junit-jupiter]/[class:minebayd1.test.TestUser]/[test-template:testUser(java.lang.String, java.lang.String)]/[test-template-invocation:#39]
display-name: [39] Faycal, Yanis
]]></system-out>
</testcase>
<testcase name="testUser(String, String)[40]" classname="minebayd1.test.TestUser" time="0">
<system-out><![CDATA[
unique-id: [engine:junit-jupiter]/[class:minebayd1.test.TestUser]/[test-template:testUser(java.lang.String, java.lang.String)]/[test-template-invocation:#40]
display-name: [40] Ismael, Aliou
]]></system-out>
</testcase>
<testcase name="testUser(String, String)[41]" classname="minebayd1.test.TestUser" time="0">
<system-out><![CDATA[
unique-id: [engine:junit-jupiter]/[class:minebayd1.test.TestUser]/[test-template:testUser(java.lang.String, java.lang.String)]/[test-template-invocation:#41]
display-name: [41] Idir, Adam
]]></system-out>
</testcase>
<testcase name="testUser(String, String)[42]" classname="minebayd1.test.TestUser" time="0">
<skipped><![CDATA[org.opentest4j.TestAbortedException: Assumption failed: assumption is not true
	at org.junit.jupiter.api.Assumptions.throwTestAbortedException(Assumptions.java:256)
	at org.junit.jupiter.api.Assumptions.assumeTrue(Assumptions.java:115)
	at org.junit.jupiter.api.Assumptions.assumeTrue(Assumptions.java:66)
	at minebayd1.test.TestUser.testUser(TestUser.java:305)
	at jdk.internal.reflect.GeneratedMethodAccessor9.invoke(Unknown Source)
	at java.base/jdk.internal.reflect.DelegatingMethodAccessorImpl.invoke(DelegatingMethodAccessorImpl.java:43)
	at java.base/java.lang.reflect.Method.invoke(Method.java:569)
	at org.junit.platform.commons.util.ReflectionUtils.invokeMethod(ReflectionUtils.java:688)
	at org.junit.jupiter.engine.execution.MethodInvocation.proceed(MethodInvocation.java:60)
	at org.junit.jupiter.engine.execution.InvocationInterceptorChain$ValidatingInvocation.proceed(InvocationInterceptorChain.java:131)
	at org.junit.jupiter.engine.extension.TimeoutExtension.intercept(TimeoutExtension.java:149)
	at org.junit.jupiter.engine.extension.TimeoutExtension.interceptTestableMethod(TimeoutExtension.java:140)
	at org.junit.jupiter.engine.extension.TimeoutExtension.interceptTestTemplateMethod(TimeoutExtension.java:92)
	at org.junit.jupiter.engine.execution.ExecutableInvoker$ReflectiveInterceptorCall.lambda$ofVoidMethod$0(ExecutableInvoker.java:115)
	at org.junit.jupiter.engine.execution.ExecutableInvoker.lambda$invoke$0(ExecutableInvoker.java:105)
	at org.junit.jupiter.engine.execution.InvocationInterceptorChain$InterceptedInvocation.proceed(InvocationInterceptorChain.java:106)
	at org.junit.jupiter.engine.execution.InvocationInterceptorChain.proceed(InvocationInterceptorChain.java:64)
	at org.junit.jupiter.engine.execution.InvocationInterceptorChain.chainAndInvoke(InvocationInterceptorChain.java:45)
	at org.junit.jupiter.engine.execution.InvocationInterceptorChain.invoke(InvocationInterceptorChain.java:37)
	at org.junit.jupiter.engine.execution.ExecutableInvoker.invoke(ExecutableInvoker.java:104)
	at org.junit.jupiter.engine.execution.ExecutableInvoker.invoke(ExecutableInvoker.java:98)
	at org.junit.jupiter.engine.descriptor.TestMethodTestDescriptor.lambda$invokeTestMethod$6(TestMethodTestDescriptor.java:210)
	at org.junit.platform.engine.support.hierarchical.ThrowableCollector.execute(ThrowableCollector.java:73)
	at org.junit.jupiter.engine.descriptor.TestMethodTestDescriptor.invokeTestMethod(TestMethodTestDescriptor.java:206)
	at org.junit.jupiter.engine.descriptor.TestMethodTestDescriptor.execute(TestMethodTestDescriptor.java:131)
	at org.junit.jupiter.engine.descriptor.TestMethodTestDescriptor.execute(TestMethodTestDescriptor.java:65)
	at org.junit.platform.engine.support.hierarchical.NodeTestTask.lambda$executeRecursively$5(NodeTestTask.java:139)
	at org.junit.platform.engine.support.hierarchical.ThrowableCollector.execute(ThrowableCollector.java:73)
	at org.junit.platform.engine.support.hierarchical.NodeTestTask.lambda$executeRecursively$7(NodeTestTask.java:129)
	at org.junit.platform.engine.support.hierarchical.Node.around(Node.java:137)
	at org.junit.platform.engine.support.hierarchical.NodeTestTask.lambda$executeRecursively$8(NodeTestTask.java:127)
	at org.junit.platform.engine.support.hierarchical.ThrowableCollector.execute(ThrowableCollector.java:73)
	at org.junit.platform.engine.support.hierarchical.NodeTestTask.executeRecursively(NodeTestTask.java:126)
	at org.junit.platform.engine.support.hierarchical.NodeTestTask.execute(NodeTestTask.java:84)
	at org.junit.platform.engine.support.hierarchical.SameThreadHierarchicalTestExecutorService.submit(SameThreadHierarchicalTestExecutorService.java:32)
	at org.junit.platform.engine.support.hierarchical.NodeTestTask$DefaultDynamicTestExecutor.execute(NodeTestTask.java:212)
	at org.junit.platform.engine.support.hierarchical.NodeTestTask$DefaultDynamicTestExecutor.execute(NodeTestTask.java:192)
	at org.junit.jupiter.engine.descriptor.TestTemplateTestDescriptor.execute(TestTemplateTestDescriptor.java:139)
	at org.junit.jupiter.engine.descriptor.TestTemplateTestDescriptor.lambda$execute$2(TestTemplateTestDescriptor.java:107)
	at java.base/java.util.stream.ForEachOps$ForEachOp$OfRef.accept(ForEachOps.java:183)
	at java.base/java.util.stream.ReferencePipeline$3$1.accept(ReferencePipeline.java:197)
	at java.base/java.util.stream.ReferencePipeline$2$1.accept(ReferencePipeline.java:179)
	at java.base/java.util.stream.ReferencePipeline$3$1.accept(ReferencePipeline.java:197)
	at java.base/java.util.stream.ForEachOps$ForEachOp$OfRef.accept(ForEachOps.java:183)
	at java.base/java.util.stream.ReferencePipeline$15$1.accept(ReferencePipeline.java:541)
	at java.base/java.util.stream.ReferencePipeline$3$1.accept(ReferencePipeline.java:197)
	at java.base/java.util.stream.ReferencePipeline$3$1.accept(ReferencePipeline.java:197)
	at java.base/java.util.stream.ReferencePipeline$3$1.accept(ReferencePipeline.java:197)
	at java.base/java.util.stream.ForEachOps$ForEachOp$OfRef.accept(ForEachOps.java:183)
	at java.base/java.util.stream.ReferencePipeline$3$1.accept(ReferencePipeline.java:197)
	at java.base/java.util.stream.ForEachOps$ForEachOp$OfRef.accept(ForEachOps.java:183)
	at java.base/java.util.stream.SliceOps$1$1.accept(SliceOps.java:200)
	at java.base/java.util.stream.StreamSpliterators$InfiniteSupplyingSpliterator$OfRef.tryAdvance(StreamSpliterators.java:1358)
	at java.base/java.util.stream.ReferencePipeline.forEachWithCancel(ReferencePipeline.java:129)
	at java.base/java.util.stream.AbstractPipeline.copyIntoWithCancel(AbstractPipeline.java:527)
	at java.base/java.util.stream.AbstractPipeline.copyInto(AbstractPipeline.java:513)
	at java.base/java.util.stream.AbstractPipeline.wrapAndCopyInto(AbstractPipeline.java:499)
	at java.base/java.util.stream.ForEachOps$ForEachOp.evaluateSequential(ForEachOps.java:150)
	at java.base/java.util.stream.ForEachOps$ForEachOp$OfRef.evaluateSequential(ForEachOps.java:173)
	at java.base/java.util.stream.AbstractPipeline.evaluate(AbstractPipeline.java:234)
	at java.base/java.util.stream.ReferencePipeline.forEach(ReferencePipeline.java:596)
	at java.base/java.util.stream.ReferencePipeline$7$1.accept(ReferencePipeline.java:276)
	at java.base/java.util.stream.ReferencePipeline$3$1.accept(ReferencePipeline.java:197)
	at java.base/java.util.stream.ReferencePipeline$3$1.accept(ReferencePipeline.java:197)
	at java.base/java.util.Spliterators$ArraySpliterator.forEachRemaining(Spliterators.java:992)
	at java.base/java.util.stream.AbstractPipeline.copyInto(AbstractPipeline.java:509)
	at java.base/java.util.stream.AbstractPipeline.wrapAndCopyInto(AbstractPipeline.java:499)
	at java.base/java.util.stream.ForEachOps$ForEachOp.evaluateSequential(ForEachOps.java:150)
	at java.base/java.util.stream.ForEachOps$ForEachOp$OfRef.evaluateSequential(ForEachOps.java:173)
	at java.base/java.util.stream.AbstractPipeline.evaluate(AbstractPipeline.java:234)
	at java.base/java.util.stream.ReferencePipeline.forEach(ReferencePipeline.java:596)
	at java.base/java.util.stream.ReferencePipeline$7$1.accept(ReferencePipeline.java:276)
	at java.base/java.util.stream.ReferencePipeline$3$1.accept(ReferencePipeline.java:197)
	at java.base/java.util.stream.ReferencePipeline$3$1.accept(ReferencePipeline.java:197)
	at java.base/java.util.stream.ReferencePipeline$3$1.accept(ReferencePipeline.java:197)
	at java.base/java.util.ArrayList$ArrayListSpliterator.forEachRemaining(ArrayList.java:1625)
	at java.base/java.util.stream.AbstractPipeline.copyInto(AbstractPipeline.java:509)
	at java.base/java.util.stream.AbstractPipeline.wrapAndCopyInto(AbstractPipeline.java:499)
	at java.base/java.util.stream.ForEachOps$ForEachOp.evaluateSequential(ForEachOps.java:150)
	at java.base/java.util.stream.ForEachOps$ForEachOp$OfRef.evaluateSequential(ForEachOps.java:173)
	at java.base/java.util.stream.AbstractPipeline.evaluate(AbstractPipeline.java:234)
	at java.base/java.util.stream.ReferencePipeline.forEach(ReferencePipeline.java:596)
	at java.base/java.util.stream.ReferencePipeline$7$1.accept(ReferencePipeline.java:276)
	at java.base/java.util.ArrayList$ArrayListSpliterator.forEachRemaining(ArrayList.java:1625)
	at java.base/java.util.stream.AbstractPipeline.copyInto(AbstractPipeline.java:509)
	at java.base/java.util.stream.AbstractPipeline.wrapAndCopyInto(AbstractPipeline.java:499)
	at java.base/java.util.stream.ForEachOps$ForEachOp.evaluateSequential(ForEachOps.java:150)
	at java.base/java.util.stream.ForEachOps$ForEachOp$OfRef.evaluateSequential(ForEachOps.java:173)
	at java.base/java.util.stream.AbstractPipeline.evaluate(AbstractPipeline.java:234)
	at java.base/java.util.stream.ReferencePipeline.forEach(ReferencePipeline.java:596)
	at org.junit.jupiter.engine.descriptor.TestTemplateTestDescriptor.execute(TestTemplateTestDescriptor.java:107)
	at org.junit.jupiter.engine.descriptor.TestTemplateTestDescriptor.execute(TestTemplateTestDescriptor.java:42)
	at org.junit.platform.engine.support.hierarchical.NodeTestTask.lambda$executeRecursively$5(NodeTestTask.java:139)
	at org.junit.platform.engine.support.hierarchical.ThrowableCollector.execute(ThrowableCollector.java:73)
	at org.junit.platform.engine.support.hierarchical.NodeTestTask.lambda$executeRecursively$7(NodeTestTask.java:129)
	at org.junit.platform.engine.support.hierarchical.Node.around(Node.java:137)
	at org.junit.platform.engine.support.hierarchical.NodeTestTask.lambda$executeRecursively$8(NodeTestTask.java:127)
	at org.junit.platform.engine.support.hierarchical.ThrowableCollector.execute(ThrowableCollector.java:73)
	at org.junit.platform.engine.support.hierarchical.NodeTestTask.executeRecursively(NodeTestTask.java:126)
	at org.junit.platform.engine.support.hierarchical.NodeTestTask.execute(NodeTestTask.java:84)
	at java.base/java.util.ArrayList.forEach(ArrayList.java:1511)
	at org.junit.platform.engine.support.hierarchical.SameThreadHierarchicalTestExecutorService.invokeAll(SameThreadHierarchicalTestExecutorService.java:38)
	at org.junit.platform.engine.support.hierarchical.NodeTestTask.lambda$executeRecursively$5(NodeTestTask.java:143)
	at org.junit.platform.engine.support.hierarchical.ThrowableCollector.execute(ThrowableCollector.java:73)
	at org.junit.platform.engine.support.hierarchical.NodeTestTask.lambda$executeRecursively$7(NodeTestTask.java:129)
	at org.junit.platform.engine.support.hierarchical.Node.around(Node.java:137)
	at org.junit.platform.engine.support.hierarchical.NodeTestTask.lambda$executeRecursively$8(NodeTestTask.java:127)
	at org.junit.platform.engine.support.hierarchical.ThrowableCollector.execute(ThrowableCollector.java:73)
	at org.junit.platform.engine.support.hierarchical.NodeTestTask.executeRecursively(NodeTestTask.java:126)
	at org.junit.platform.engine.support.hierarchical.NodeTestTask.execute(NodeTestTask.java:84)
	at java.base/java.util.ArrayList.forEach(ArrayList.java:1511)
	at org.junit.platform.engine.support.hierarchical.SameThreadHierarchicalTestExecutorService.invokeAll(SameThreadHierarchicalTestExecutorService.java:38)
	at org.junit.platform.engine.support.hierarchical.NodeTestTask.lambda$executeRecursively$5(NodeTestTask.java:143)
	at org.junit.platform.engine.support.hierarchical.ThrowableCollector.execute(ThrowableCollector.java:73)
	at org.junit.platform.engine.support.hierarchical.NodeTestTask.lambda$executeRecursively$7(NodeTestTask.java:129)
	at org.junit.platform.engine.support.hierarchical.Node.around(Node.java:137)
	at org.junit.platform.engine.support.hierarchical.NodeTestTask.lambda$executeRecursively$8(NodeTestTask.java:127)
	at org.junit.platform.engine.support.hierarchical.ThrowableCollector.execute(ThrowableCollector.java:73)
	at org.junit.platform.engine.support.hierarchical.NodeTestTask.executeRecursively(NodeTestTask.java:126)
	at org.junit.platform.engine.support.hierarchical.NodeTestTask.execute(NodeTestTask.java:84)
	at org.junit.platform.engine.support.hierarchical.SameThreadHierarchicalTestExecutorService.submit(SameThreadHierarchicalTestExecutorService.java:32)
	at org.junit.platform.engine.support.hierarchical.HierarchicalTestExecutor.execute(HierarchicalTestExecutor.java:57)
	at org.junit.platform.engine.support.hierarchical.HierarchicalTestEngine.execute(HierarchicalTestEngine.java:51)
	at org.junit.platform.launcher.core.EngineExecutionOrchestrator.execute(EngineExecutionOrchestrator.java:108)
	at org.junit.platform.launcher.core.EngineExecutionOrchestrator.execute(EngineExecutionOrchestrator.java:88)
	at org.junit.platform.launcher.core.EngineExecutionOrchestrator.lambda$execute$0(EngineExecutionOrchestrator.java:54)
	at org.junit.platform.launcher.core.EngineExecutionOrchestrator.withInterceptedStreams(EngineExecutionOrchestrator.java:67)
	at org.junit.platform.launcher.core.EngineExecutionOrchestrator.execute(EngineExecutionOrchestrator.java:52)
	at org.junit.platform.launcher.core.DefaultLauncher.execute(DefaultLauncher.java:96)
	at org.junit.platform.launcher.core.DefaultLauncher.execute(DefaultLauncher.java:75)
	at org.junit.platform.console.tasks.ConsoleTestExecutor.executeTests(ConsoleTestExecutor.java:66)
	at org.junit.platform.console.tasks.ConsoleTestExecutor.lambda$execute$0(ConsoleTestExecutor.java:58)
	at org.junit.platform.console.tasks.CustomContextClassLoaderExecutor.replaceThreadContextClassLoaderAndInvoke(CustomContextClassLoaderExecutor.java:41)
	at org.junit.platform.console.tasks.CustomContextClassLoaderExecutor.invoke(CustomContextClassLoaderExecutor.java:31)
	at org.junit.platform.console.tasks.ConsoleTestExecutor.execute(ConsoleTestExecutor.java:58)
	at org.junit.platform.console.ConsoleLauncher.executeTests(ConsoleLauncher.java:95)
	at org.junit.platform.console.ConsoleLauncher.execute(ConsoleLauncher.java:73)
	at org.junit.platform.console.ConsoleLauncher.execute(ConsoleLauncher.java:50)
	at org.junit.platform.console.ConsoleLauncher.execute(ConsoleLauncher.java:43)
	at org.junit.platform.console.ConsoleLauncher.main(ConsoleLauncher.java:37)
]]></skipped>
<system-out><![CDATA[
unique-id: [engine:junit-jupiter]/[class:minebayd1.test.TestUser]/[test-template:testUser(java.lang.String, java.lang.String)]/[test-template-invocation:#42]
display-name: [42] , Chanez
]]></system-out>
</testcase>
<testcase name="testUser(String, String)[43]" classname="minebayd1.test.TestUser" time="0">
<system-out><![CDATA[
unique-id: [engine:junit-jupiter]/[class:minebayd1.test.TestUser]/[test-template:testUser(java.lang.String, java.lang.String)]/[test-template-invocation:#43]
display-name: [43] Faycal, Aliou
]]></system-out>
</testcase>
<testcase name="testUser(String, String)[44]" classname="minebayd1.test.TestUser" time="0">
<system-out><![CDATA[
unique-id: [engine:junit-jupiter]/[class:minebayd1.test.TestUser]/[test-template:testUser(java.lang.String, java.lang.String)]/[test-template-invocation:#44]
display-name: [44] Ziad, Ali
]]></system-out>
</testcase>
<testcase name="testUser(String, String)[45]" classname="minebayd1.test.TestUser" time="0">
<system-out><![CDATA[
unique-id: [engine:junit-jupiter]/[class:minebayd1.test.TestUser]/[test-template:testUser(java.lang.String, java.lang.String)]/[test-template-invocation:#45]
display-name: [45] Naila, Issa
]]></system-out>
</testcase>
<testcase name="testUser(String, String)[46]" classname="minebayd1.test.TestUser" time="0">
<system-out><![CDATA[
unique-id: [engine:junit-jupiter]/[class:minebayd1.test.TestUser]/[test-template:testUser(java.lang.String, java.lang.String)]/[test-template-invocation:#46]
display-name: [46] Aliou, Nima
]]></system-out>
</testcase>
<testcase name="testUser(String, String)[47]" classname="minebayd1.test.TestUser" time="0">
<system-out><![CDATA[
unique-id: [engine:junit-jupiter]/[class:minebayd1.test.TestUser]/[test-template:testUser(java.lang.String, java.lang.String)]/[test-template-invocation:#47]
display-name: [47] Chanez, Mamadou
]]></system-out>
</testcase>
<testcase name="testUser(String, String)[48]" classname="minebayd1.test.TestUser" time="0">
<system-out><![CDATA[
unique-id: [engine:junit-jupiter]/[class:minebayd1.test.TestUser]/[test-template:testUser(java.lang.String, java.lang.String)]/[test-template-invocation:#48]
display-name: [48] Ismael, Mohamed
]]></system-out>
</testcase>
<testcase name="testUser(String, String)[49]" classname="minebayd1.test.TestUser" time="0">
<system-out><![CDATA[
unique-id: [engine:junit-jupiter]/[class:minebayd1.test.TestUser]/[test-template:testUser(java.lang.String, java.lang.String)]/[test-template-invocation:#49]
display-name: [49] Mounir, Lisa
]]></system-out>
</testcase>
<testcase name="testUser(String, String)[50]" classname="minebayd1.test.TestUser" time="0">
<system-out><![CDATA[
unique-id: [engine:junit-jupiter]/[class:minebayd1.test.TestUser]/[test-template:testUser(java.lang.String, java.lang.String)]/[test-template-invocation:#50]
display-name: [50] Imam, Rosa
]]></system-out>
</testcase>
<testcase name="testUser(String, String)[51]" classname="minebayd1.test.TestUser" time="0">
<system-out><![CDATA[
unique-id: [engine:junit-jupiter]/[class:minebayd1.test.TestUser]/[test-template:testUser(java.lang.String, java.lang.String)]/[test-template-invocation:#51]
display-name: [51] Mounir, Marc
]]></system-out>
</testcase>
<testcase name="testUser(String, String)[52]" classname="minebayd1.test.TestUser" time="0">
<system-out><![CDATA[
unique-id: [engine:junit-jupiter]/[class:minebayd1.test.TestUser]/[test-template:testUser(java.lang.String, java.lang.String)]/[test-template-invocation:#52]
display-name: [52] Zahra, Sheraz
]]></system-out>
</testcase>
<testcase name="testUser(String, String)[53]" classname="minebayd1.test.TestUser" time="0">
<skipped><![CDATA[org.opentest4j.TestAbortedException: Assumption failed: assumption is not true
	at org.junit.jupiter.api.Assumptions.throwTestAbortedException(Assumptions.java:256)
	at org.junit.jupiter.api.Assumptions.assumeTrue(Assumptions.java:115)
	at org.junit.jupiter.api.Assumptions.assumeTrue(Assumptions.java:66)
	at minebayd1.test.TestUser.testUser(TestUser.java:307)
	at jdk.internal.reflect.GeneratedMethodAccessor9.invoke(Unknown Source)
	at java.base/jdk.internal.reflect.DelegatingMethodAccessorImpl.invoke(DelegatingMethodAccessorImpl.java:43)
	at java.base/java.lang.reflect.Method.invoke(Method.java:569)
	at org.junit.platform.commons.util.ReflectionUtils.invokeMethod(ReflectionUtils.java:688)
	at org.junit.jupiter.engine.execution.MethodInvocation.proceed(MethodInvocation.java:60)
	at org.junit.jupiter.engine.execution.InvocationInterceptorChain$ValidatingInvocation.proceed(InvocationInterceptorChain.java:131)
	at org.junit.jupiter.engine.extension.TimeoutExtension.intercept(TimeoutExtension.java:149)
	at org.junit.jupiter.engine.extension.TimeoutExtension.interceptTestableMethod(TimeoutExtension.java:140)
	at org.junit.jupiter.engine.extension.TimeoutExtension.interceptTestTemplateMethod(TimeoutExtension.java:92)
	at org.junit.jupiter.engine.execution.ExecutableInvoker$ReflectiveInterceptorCall.lambda$ofVoidMethod$0(ExecutableInvoker.java:115)
	at org.junit.jupiter.engine.execution.ExecutableInvoker.lambda$invoke$0(ExecutableInvoker.java:105)
	at org.junit.jupiter.engine.execution.InvocationInterceptorChain$InterceptedInvocation.proceed(InvocationInterceptorChain.java:106)
	at org.junit.jupiter.engine.execution.InvocationInterceptorChain.proceed(InvocationInterceptorChain.java:64)
	at org.junit.jupiter.engine.execution.InvocationInterceptorChain.chainAndInvoke(InvocationInterceptorChain.java:45)
	at org.junit.jupiter.engine.execution.InvocationInterceptorChain.invoke(InvocationInterceptorChain.java:37)
	at org.junit.jupiter.engine.execution.ExecutableInvoker.invoke(ExecutableInvoker.java:104)
	at org.junit.jupiter.engine.execution.ExecutableInvoker.invoke(ExecutableInvoker.java:98)
	at org.junit.jupiter.engine.descriptor.TestMethodTestDescriptor.lambda$invokeTestMethod$6(TestMethodTestDescriptor.java:210)
	at org.junit.platform.engine.support.hierarchical.ThrowableCollector.execute(ThrowableCollector.java:73)
	at org.junit.jupiter.engine.descriptor.TestMethodTestDescriptor.invokeTestMethod(TestMethodTestDescriptor.java:206)
	at org.junit.jupiter.engine.descriptor.TestMethodTestDescriptor.execute(TestMethodTestDescriptor.java:131)
	at org.junit.jupiter.engine.descriptor.TestMethodTestDescriptor.execute(TestMethodTestDescriptor.java:65)
	at org.junit.platform.engine.support.hierarchical.NodeTestTask.lambda$executeRecursively$5(NodeTestTask.java:139)
	at org.junit.platform.engine.support.hierarchical.ThrowableCollector.execute(ThrowableCollector.java:73)
	at org.junit.platform.engine.support.hierarchical.NodeTestTask.lambda$executeRecursively$7(NodeTestTask.java:129)
	at org.junit.platform.engine.support.hierarchical.Node.around(Node.java:137)
	at org.junit.platform.engine.support.hierarchical.NodeTestTask.lambda$executeRecursively$8(NodeTestTask.java:127)
	at org.junit.platform.engine.support.hierarchical.ThrowableCollector.execute(ThrowableCollector.java:73)
	at org.junit.platform.engine.support.hierarchical.NodeTestTask.executeRecursively(NodeTestTask.java:126)
	at org.junit.platform.engine.support.hierarchical.NodeTestTask.execute(NodeTestTask.java:84)
	at org.junit.platform.engine.support.hierarchical.SameThreadHierarchicalTestExecutorService.submit(SameThreadHierarchicalTestExecutorService.java:32)
	at org.junit.platform.engine.support.hierarchical.NodeTestTask$DefaultDynamicTestExecutor.execute(NodeTestTask.java:212)
	at org.junit.platform.engine.support.hierarchical.NodeTestTask$DefaultDynamicTestExecutor.execute(NodeTestTask.java:192)
	at org.junit.jupiter.engine.descriptor.TestTemplateTestDescriptor.execute(TestTemplateTestDescriptor.java:139)
	at org.junit.jupiter.engine.descriptor.TestTemplateTestDescriptor.lambda$execute$2(TestTemplateTestDescriptor.java:107)
	at java.base/java.util.stream.ForEachOps$ForEachOp$OfRef.accept(ForEachOps.java:183)
	at java.base/java.util.stream.ReferencePipeline$3$1.accept(ReferencePipeline.java:197)
	at java.base/java.util.stream.ReferencePipeline$2$1.accept(ReferencePipeline.java:179)
	at java.base/java.util.stream.ReferencePipeline$3$1.accept(ReferencePipeline.java:197)
	at java.base/java.util.stream.ForEachOps$ForEachOp$OfRef.accept(ForEachOps.java:183)
	at java.base/java.util.stream.ReferencePipeline$15$1.accept(ReferencePipeline.java:541)
	at java.base/java.util.stream.ReferencePipeline$3$1.accept(ReferencePipeline.java:197)
	at java.base/java.util.stream.ReferencePipeline$3$1.accept(ReferencePipeline.java:197)
	at java.base/java.util.stream.ReferencePipeline$3$1.accept(ReferencePipeline.java:197)
	at java.base/java.util.stream.ForEachOps$ForEachOp$OfRef.accept(ForEachOps.java:183)
	at java.base/java.util.stream.ReferencePipeline$3$1.accept(ReferencePipeline.java:197)
	at java.base/java.util.stream.ForEachOps$ForEachOp$OfRef.accept(ForEachOps.java:183)
	at java.base/java.util.stream.SliceOps$1$1.accept(SliceOps.java:200)
	at java.base/java.util.stream.StreamSpliterators$InfiniteSupplyingSpliterator$OfRef.tryAdvance(StreamSpliterators.java:1358)
	at java.base/java.util.stream.ReferencePipeline.forEachWithCancel(ReferencePipeline.java:129)
	at java.base/java.util.stream.AbstractPipeline.copyIntoWithCancel(AbstractPipeline.java:527)
	at java.base/java.util.stream.AbstractPipeline.copyInto(AbstractPipeline.java:513)
	at java.base/java.util.stream.AbstractPipeline.wrapAndCopyInto(AbstractPipeline.java:499)
	at java.base/java.util.stream.ForEachOps$ForEachOp.evaluateSequential(ForEachOps.java:150)
	at java.base/java.util.stream.ForEachOps$ForEachOp$OfRef.evaluateSequential(ForEachOps.java:173)
	at java.base/java.util.stream.AbstractPipeline.evaluate(AbstractPipeline.java:234)
	at java.base/java.util.stream.ReferencePipeline.forEach(ReferencePipeline.java:596)
	at java.base/java.util.stream.ReferencePipeline$7$1.accept(ReferencePipeline.java:276)
	at java.base/java.util.stream.ReferencePipeline$3$1.accept(ReferencePipeline.java:197)
	at java.base/java.util.stream.ReferencePipeline$3$1.accept(ReferencePipeline.java:197)
	at java.base/java.util.Spliterators$ArraySpliterator.forEachRemaining(Spliterators.java:992)
	at java.base/java.util.stream.AbstractPipeline.copyInto(AbstractPipeline.java:509)
	at java.base/java.util.stream.AbstractPipeline.wrapAndCopyInto(AbstractPipeline.java:499)
	at java.base/java.util.stream.ForEachOps$ForEachOp.evaluateSequential(ForEachOps.java:150)
	at java.base/java.util.stream.ForEachOps$ForEachOp$OfRef.evaluateSequential(ForEachOps.java:173)
	at java.base/java.util.stream.AbstractPipeline.evaluate(AbstractPipeline.java:234)
	at java.base/java.util.stream.ReferencePipeline.forEach(ReferencePipeline.java:596)
	at java.base/java.util.stream.ReferencePipeline$7$1.accept(ReferencePipeline.java:276)
	at java.base/java.util.stream.ReferencePipeline$3$1.accept(ReferencePipeline.java:197)
	at java.base/java.util.stream.ReferencePipeline$3$1.accept(ReferencePipeline.java:197)
	at java.base/java.util.stream.ReferencePipeline$3$1.accept(ReferencePipeline.java:197)
	at java.base/java.util.ArrayList$ArrayListSpliterator.forEachRemaining(ArrayList.java:1625)
	at java.base/java.util.stream.AbstractPipeline.copyInto(AbstractPipeline.java:509)
	at java.base/java.util.stream.AbstractPipeline.wrapAndCopyInto(AbstractPipeline.java:499)
	at java.base/java.util.stream.ForEachOps$ForEachOp.evaluateSequential(ForEachOps.java:150)
	at java.base/java.util.stream.ForEachOps$ForEachOp$OfRef.evaluateSequential(ForEachOps.java:173)
	at java.base/java.util.stream.AbstractPipeline.evaluate(AbstractPipeline.java:234)
	at java.base/java.util.stream.ReferencePipeline.forEach(ReferencePipeline.java:596)
	at java.base/java.util.stream.ReferencePipeline$7$1.accept(ReferencePipeline.java:276)
	at java.base/java.util.ArrayList$ArrayListSpliterator.forEachRemaining(ArrayList.java:1625)
	at java.base/java.util.stream.AbstractPipeline.copyInto(AbstractPipeline.java:509)
	at java.base/java.util.stream.AbstractPipeline.wrapAndCopyInto(AbstractPipeline.java:499)
	at java.base/java.util.stream.ForEachOps$ForEachOp.evaluateSequential(ForEachOps.java:150)
	at java.base/java.util.stream.ForEachOps$ForEachOp$OfRef.evaluateSequential(ForEachOps.java:173)
	at java.base/java.util.stream.AbstractPipeline.evaluate(AbstractPipeline.java:234)
	at java.base/java.util.stream.ReferencePipeline.forEach(ReferencePipeline.java:596)
	at org.junit.jupiter.engine.descriptor.TestTemplateTestDescriptor.execute(TestTemplateTestDescriptor.java:107)
	at org.junit.jupiter.engine.descriptor.TestTemplateTestDescriptor.execute(TestTemplateTestDescriptor.java:42)
	at org.junit.platform.engine.support.hierarchical.NodeTestTask.lambda$executeRecursively$5(NodeTestTask.java:139)
	at org.junit.platform.engine.support.hierarchical.ThrowableCollector.execute(ThrowableCollector.java:73)
	at org.junit.platform.engine.support.hierarchical.NodeTestTask.lambda$executeRecursively$7(NodeTestTask.java:129)
	at org.junit.platform.engine.support.hierarchical.Node.around(Node.java:137)
	at org.junit.platform.engine.support.hierarchical.NodeTestTask.lambda$executeRecursively$8(NodeTestTask.java:127)
	at org.junit.platform.engine.support.hierarchical.ThrowableCollector.execute(ThrowableCollector.java:73)
	at org.junit.platform.engine.support.hierarchical.NodeTestTask.executeRecursively(NodeTestTask.java:126)
	at org.junit.platform.engine.support.hierarchical.NodeTestTask.execute(NodeTestTask.java:84)
	at java.base/java.util.ArrayList.forEach(ArrayList.java:1511)
	at org.junit.platform.engine.support.hierarchical.SameThreadHierarchicalTestExecutorService.invokeAll(SameThreadHierarchicalTestExecutorService.java:38)
	at org.junit.platform.engine.support.hierarchical.NodeTestTask.lambda$executeRecursively$5(NodeTestTask.java:143)
	at org.junit.platform.engine.support.hierarchical.ThrowableCollector.execute(ThrowableCollector.java:73)
	at org.junit.platform.engine.support.hierarchical.NodeTestTask.lambda$executeRecursively$7(NodeTestTask.java:129)
	at org.junit.platform.engine.support.hierarchical.Node.around(Node.java:137)
	at org.junit.platform.engine.support.hierarchical.NodeTestTask.lambda$executeRecursively$8(NodeTestTask.java:127)
	at org.junit.platform.engine.support.hierarchical.ThrowableCollector.execute(ThrowableCollector.java:73)
	at org.junit.platform.engine.support.hierarchical.NodeTestTask.executeRecursively(NodeTestTask.java:126)
	at org.junit.platform.engine.support.hierarchical.NodeTestTask.execute(NodeTestTask.java:84)
	at java.base/java.util.ArrayList.forEach(ArrayList.java:1511)
	at org.junit.platform.engine.support.hierarchical.SameThreadHierarchicalTestExecutorService.invokeAll(SameThreadHierarchicalTestExecutorService.java:38)
	at org.junit.platform.engine.support.hierarchical.NodeTestTask.lambda$executeRecursively$5(NodeTestTask.java:143)
	at org.junit.platform.engine.support.hierarchical.ThrowableCollector.execute(ThrowableCollector.java:73)
	at org.junit.platform.engine.support.hierarchical.NodeTestTask.lambda$executeRecursively$7(NodeTestTask.java:129)
	at org.junit.platform.engine.support.hierarchical.Node.around(Node.java:137)
	at org.junit.platform.engine.support.hierarchical.NodeTestTask.lambda$executeRecursively$8(NodeTestTask.java:127)
	at org.junit.platform.engine.support.hierarchical.ThrowableCollector.execute(ThrowableCollector.java:73)
	at org.junit.platform.engine.support.hierarchical.NodeTestTask.executeRecursively(NodeTestTask.java:126)
	at org.junit.platform.engine.support.hierarchical.NodeTestTask.execute(NodeTestTask.java:84)
	at org.junit.platform.engine.support.hierarchical.SameThreadHierarchicalTestExecutorService.submit(SameThreadHierarchicalTestExecutorService.java:32)
	at org.junit.platform.engine.support.hierarchical.HierarchicalTestExecutor.execute(HierarchicalTestExecutor.java:57)
	at org.junit.platform.engine.support.hierarchical.HierarchicalTestEngine.execute(HierarchicalTestEngine.java:51)
	at org.junit.platform.launcher.core.EngineExecutionOrchestrator.execute(EngineExecutionOrchestrator.java:108)
	at org.junit.platform.launcher.core.EngineExecutionOrchestrator.execute(EngineExecutionOrchestrator.java:88)
	at org.junit.platform.launcher.core.EngineExecutionOrchestrator.lambda$execute$0(EngineExecutionOrchestrator.java:54)
	at org.junit.platform.launcher.core.EngineExecutionOrchestrator.withInterceptedStreams(EngineExecutionOrchestrator.java:67)
	at org.junit.platform.launcher.core.EngineExecutionOrchestrator.execute(EngineExecutionOrchestrator.java:52)
	at org.junit.platform.launcher.core.DefaultLauncher.execute(DefaultLauncher.java:96)
	at org.junit.platform.launcher.core.DefaultLauncher.execute(DefaultLauncher.java:75)
	at org.junit.platform.console.tasks.ConsoleTestExecutor.executeTests(ConsoleTestExecutor.java:66)
	at org.junit.platform.console.tasks.ConsoleTestExecutor.lambda$execute$0(ConsoleTestExecutor.java:58)
	at org.junit.platform.console.tasks.CustomContextClassLoaderExecutor.replaceThreadContextClassLoaderAndInvoke(CustomContextClassLoaderExecutor.java:41)
	at org.junit.platform.console.tasks.CustomContextClassLoaderExecutor.invoke(CustomContextClassLoaderExecutor.java:31)
	at org.junit.platform.console.tasks.ConsoleTestExecutor.execute(ConsoleTestExecutor.java:58)
	at org.junit.platform.console.ConsoleLauncher.executeTests(ConsoleLauncher.java:95)
	at org.junit.platform.console.ConsoleLauncher.execute(ConsoleLauncher.java:73)
	at org.junit.platform.console.ConsoleLauncher.execute(ConsoleLauncher.java:50)
	at org.junit.platform.console.ConsoleLauncher.execute(ConsoleLauncher.java:43)
	at org.junit.platform.console.ConsoleLauncher.main(ConsoleLauncher.java:37)
]]></skipped>
<system-out><![CDATA[
unique-id: [engine:junit-jupiter]/[class:minebayd1.test.TestUser]/[test-template:testUser(java.lang.String, java.lang.String)]/[test-template-invocation:#53]
display-name: [53] Naila,  
]]></system-out>
</testcase>
<testcase name="testUser(String, String)[54]" classname="minebayd1.test.TestUser" time="0">
<system-out><![CDATA[
unique-id: [engine:junit-jupiter]/[class:minebayd1.test.TestUser]/[test-template:testUser(java.lang.String, java.lang.String)]/[test-template-invocation:#54]
display-name: [54] Zahra, Marc
]]></system-out>
</testcase>
<testcase name="testUser(String, String)[55]" classname="minebayd1.test.TestUser" time="0">
<system-out><![CDATA[
unique-id: [engine:junit-jupiter]/[class:minebayd1.test.TestUser]/[test-template:testUser(java.lang.String, java.lang.String)]/[test-template-invocation:#55]
display-name: [55] Ismael, Mohamed
]]></system-out>
</testcase>
<testcase name="testUser(String, String)[56]" classname="minebayd1.test.TestUser" time="0">
<system-out><![CDATA[
unique-id: [engine:junit-jupiter]/[class:minebayd1.test.TestUser]/[test-template:testUser(java.lang.String, java.lang.String)]/[test-template-invocation:#56]
display-name: [56] Marcel, Mamadou
]]></system-out>
</testcase>
<testcase name="testUser(String, String)[57]" classname="minebayd1.test.TestUser" time="0">
<system-out><![CDATA[
unique-id: [engine:junit-jupiter]/[class:minebayd1.test.TestUser]/[test-template:testUser(java.lang.String, java.lang.String)]/[test-template-invocation:#57]
display-name: [57] Lyes, Rosa
]]></system-out>
</testcase>
<testcase name="testUser(String, String)[58]" classname="minebayd1.test.TestUser" time="0">
<system-out><![CDATA[
unique-id: [engine:junit-jupiter]/[class:minebayd1.test.TestUser]/[test-template:testUser(java.lang.String, java.lang.String)]/[test-template-invocation:#58]
display-name: [58] Boris, Mounir
]]></system-out>
</testcase>
<testcase name="testUser(String, String)[59]" classname="minebayd1.test.TestUser" time="0">
<system-out><![CDATA[
unique-id: [engine:junit-jupiter]/[class:minebayd1.test.TestUser]/[test-template:testUser(java.lang.String, java.lang.String)]/[test-template-invocation:#59]
display-name: [59] Sheraz, Nima
]]></system-out>
</testcase>
<testcase name="testUser(String, String)[60]" classname="minebayd1.test.TestUser" time="0">
<system-out><![CDATA[
unique-id: [engine:junit-jupiter]/[class:minebayd1.test.TestUser]/[test-template:testUser(java.lang.String, java.lang.String)]/[test-template-invocation:#60]
display-name: [60] Idir, Sheraz
]]></system-out>
</testcase>
<testcase name="testUser(String, String)[61]" classname="minebayd1.test.TestUser" time="0">
<system-out><![CDATA[
unique-id: [engine:junit-jupiter]/[class:minebayd1.test.TestUser]/[test-template:testUser(java.lang.String, java.lang.String)]/[test-template-invocation:#61]
display-name: [61] Ziad, Imam
]]></system-out>
</testcase>
<testcase name="testUser(String, String)[62]" classname="minebayd1.test.TestUser" time="0">
<system-out><![CDATA[
unique-id: [engine:junit-jupiter]/[class:minebayd1.test.TestUser]/[test-template:testUser(java.lang.String, java.lang.String)]/[test-template-invocation:#62]
display-name: [62] Sheraz, Mohamed
]]></system-out>
</testcase>
<testcase name="testUser(String, String)[63]" classname="minebayd1.test.TestUser" time="0">
<system-out><![CDATA[
unique-id: [engine:junit-jupiter]/[class:minebayd1.test.TestUser]/[test-template:testUser(java.lang.String, java.lang.String)]/[test-template-invocation:#63]
display-name: [63] Imam, Ali
]]></system-out>
</testcase>
<testcase name="testUser(String, String)[64]" classname="minebayd1.test.TestUser" time="0">
<system-out><![CDATA[
unique-id: [engine:junit-jupiter]/[class:minebayd1.test.TestUser]/[test-template:testUser(java.lang.String, java.lang.String)]/[test-template-invocation:#64]
display-name: [64] Naila, Lisa
]]></system-out>
</testcase>
<testcase name="testUser(String, String)[65]" classname="minebayd1.test.TestUser" time="0">
<system-out><![CDATA[
unique-id: [engine:junit-jupiter]/[class:minebayd1.test.TestUser]/[test-template:testUser(java.lang.String, java.lang.String)]/[test-template-invocation:#65]
display-name: [65] Sonia, Marcel
]]></system-out>
</testcase>
<testcase name="testUser(String, String)[66]" classname="minebayd1.test.TestUser" time="0">
<system-out><![CDATA[
unique-id: [engine:junit-jupiter]/[class:minebayd1.test.TestUser]/[test-template:testUser(java.lang.String, java.lang.String)]/[test-template-invocation:#66]
display-name: [66] Imam, Sheraz
]]></system-out>
</testcase>
<testcase name="testUser(String, String)[67]" classname="minebayd1.test.TestUser" time="0">
<system-out><![CDATA[
unique-id: [engine:junit-jupiter]/[class:minebayd1.test.TestUser]/[test-template:testUser(java.lang.String, java.lang.String)]/[test-template-invocation:#67]
display-name: [67] Pierre, Ayman
]]></system-out>
</testcase>
<testcase name="testUser(String, String)[68]" classname="minebayd1.test.TestUser" time="0">
<system-out><![CDATA[
unique-id: [engine:junit-jupiter]/[class:minebayd1.test.TestUser]/[test-template:testUser(java.lang.String, java.lang.String)]/[test-template-invocation:#68]
display-name: [68] Lisa, Ayman
]]></system-out>
</testcase>
<testcase name="testUser(String, String)[69]" classname="minebayd1.test.TestUser" time="0">
<system-out><![CDATA[
unique-id: [engine:junit-jupiter]/[class:minebayd1.test.TestUser]/[test-template:testUser(java.lang.String, java.lang.String)]/[test-template-invocation:#69]
display-name: [69] Yanis, Chanez
]]></system-out>
</testcase>
<testcase name="testUser(String, String)[70]" classname="minebayd1.test.TestUser" time="0">
<system-out><![CDATA[
unique-id: [engine:junit-jupiter]/[class:minebayd1.test.TestUser]/[test-template:testUser(java.lang.String, java.lang.String)]/[test-template-invocation:#70]
display-name: [70] Yanis, Pierre
]]></system-out>
</testcase>
<testcase name="testUser(String, String)[71]" classname="minebayd1.test.TestUser" time="0">
<system-out><![CDATA[
unique-id: [engine:junit-jupiter]/[class:minebayd1.test.TestUser]/[test-template:testUser(java.lang.String, java.lang.String)]/[test-template-invocation:#71]
display-name: [71] Sheraz, Sheraz
]]></system-out>
</testcase>
<testcase name="testUser(String, String)[72]" classname="minebayd1.test.TestUser" time="0">
<system-out><![CDATA[
unique-id: [engine:junit-jupiter]/[class:minebayd1.test.TestUser]/[test-template:testUser(java.lang.String, java.lang.String)]/[test-template-invocation:#72]
display-name: [72] Sheraz, Marc
]]></system-out>
</testcase>
<testcase name="testUser(String, String)[73]" classname="minebayd1.test.TestUser" time="0">
<system-out><![CDATA[
unique-id: [engine:junit-jupiter]/[class:minebayd1.test.TestUser]/[test-template:testUser(java.lang.String, java.lang.String)]/[test-template-invocation:#73]
display-name: [73] Idir, Ziad
]]></system-out>
</testcase>
<testcase name="testUser(String, String)[74]" classname="minebayd1.test.TestUser" time="0">
<system-out><![CDATA[
unique-id: [engine:junit-jupiter]/[class:minebayd1.test.TestUser]/[test-template:testUser(java.lang.String, java.lang.String)]/[test-template-invocation:#74]
display-name: [74] Chanez, Imam
]]></system-out>
</testcase>
<testcase name="testUser(String, String)[75]" classname="minebayd1.test.TestUser" time="0">
<system-out><![CDATA[
unique-id: [engine:junit-jupiter]/[class:minebayd1.test.TestUser]/[test-template:testUser(java.lang.String, java.lang.String)]/[test-template-invocation:#75]
display-name: [75] Chanez, Rosa
]]></system-out>
</testcase>
<testcase name="testUser(String, String)[76]" classname="minebayd1.test.TestUser" time="0">
<system-out><![CDATA[
unique-id: [engine:junit-jupiter]/[class:minebayd1.test.TestUser]/[test-template:testUser(java.lang.String, java.lang.String)]/[test-template-invocation:#76]
display-name: [76] Nima, Nima
]]></system-out>
</testcase>
<testcase name="testUser(String, String)[77]" classname="minebayd1.test.TestUser" time="0">
<skipped><![CDATA[org.opentest4j.TestAbortedException: Assumption failed: assumption is not true
	at org.junit.jupiter.api.Assumptions.throwTestAbortedException(Assumptions.java:256)
	at org.junit.jupiter.api.Assumptions.assumeTrue(Assumptions.java:115)
	at org.junit.jupiter.api.Assumptions.assumeTrue(Assumptions.java:66)
	at minebayd1.test.TestUser.testUser(TestUser.java:307)
	at jdk.internal.reflect.GeneratedMethodAccessor9.invoke(Unknown Source)
	at java.base/jdk.internal.reflect.DelegatingMethodAccessorImpl.invoke(DelegatingMethodAccessorImpl.java:43)
	at java.base/java.lang.reflect.Method.invoke(Method.java:569)
	at org.junit.platform.commons.util.ReflectionUtils.invokeMethod(ReflectionUtils.java:688)
	at org.junit.jupiter.engine.execution.MethodInvocation.proceed(MethodInvocation.java:60)
	at org.junit.jupiter.engine.execution.InvocationInterceptorChain$ValidatingInvocation.proceed(InvocationInterceptorChain.java:131)
	at org.junit.jupiter.engine.extension.TimeoutExtension.intercept(TimeoutExtension.java:149)
	at org.junit.jupiter.engine.extension.TimeoutExtension.interceptTestableMethod(TimeoutExtension.java:140)
	at org.junit.jupiter.engine.extension.TimeoutExtension.interceptTestTemplateMethod(TimeoutExtension.java:92)
	at org.junit.jupiter.engine.execution.ExecutableInvoker$ReflectiveInterceptorCall.lambda$ofVoidMethod$0(ExecutableInvoker.java:115)
	at org.junit.jupiter.engine.execution.ExecutableInvoker.lambda$invoke$0(ExecutableInvoker.java:105)
	at org.junit.jupiter.engine.execution.InvocationInterceptorChain$InterceptedInvocation.proceed(InvocationInterceptorChain.java:106)
	at org.junit.jupiter.engine.execution.InvocationInterceptorChain.proceed(InvocationInterceptorChain.java:64)
	at org.junit.jupiter.engine.execution.InvocationInterceptorChain.chainAndInvoke(InvocationInterceptorChain.java:45)
	at org.junit.jupiter.engine.execution.InvocationInterceptorChain.invoke(InvocationInterceptorChain.java:37)
	at org.junit.jupiter.engine.execution.ExecutableInvoker.invoke(ExecutableInvoker.java:104)
	at org.junit.jupiter.engine.execution.ExecutableInvoker.invoke(ExecutableInvoker.java:98)
	at org.junit.jupiter.engine.descriptor.TestMethodTestDescriptor.lambda$invokeTestMethod$6(TestMethodTestDescriptor.java:210)
	at org.junit.platform.engine.support.hierarchical.ThrowableCollector.execute(ThrowableCollector.java:73)
	at org.junit.jupiter.engine.descriptor.TestMethodTestDescriptor.invokeTestMethod(TestMethodTestDescriptor.java:206)
	at org.junit.jupiter.engine.descriptor.TestMethodTestDescriptor.execute(TestMethodTestDescriptor.java:131)
	at org.junit.jupiter.engine.descriptor.TestMethodTestDescriptor.execute(TestMethodTestDescriptor.java:65)
	at org.junit.platform.engine.support.hierarchical.NodeTestTask.lambda$executeRecursively$5(NodeTestTask.java:139)
	at org.junit.platform.engine.support.hierarchical.ThrowableCollector.execute(ThrowableCollector.java:73)
	at org.junit.platform.engine.support.hierarchical.NodeTestTask.lambda$executeRecursively$7(NodeTestTask.java:129)
	at org.junit.platform.engine.support.hierarchical.Node.around(Node.java:137)
	at org.junit.platform.engine.support.hierarchical.NodeTestTask.lambda$executeRecursively$8(NodeTestTask.java:127)
	at org.junit.platform.engine.support.hierarchical.ThrowableCollector.execute(ThrowableCollector.java:73)
	at org.junit.platform.engine.support.hierarchical.NodeTestTask.executeRecursively(NodeTestTask.java:126)
	at org.junit.platform.engine.support.hierarchical.NodeTestTask.execute(NodeTestTask.java:84)
	at org.junit.platform.engine.support.hierarchical.SameThreadHierarchicalTestExecutorService.submit(SameThreadHierarchicalTestExecutorService.java:32)
	at org.junit.platform.engine.support.hierarchical.NodeTestTask$DefaultDynamicTestExecutor.execute(NodeTestTask.java:212)
	at org.junit.platform.engine.support.hierarchical.NodeTestTask$DefaultDynamicTestExecutor.execute(NodeTestTask.java:192)
	at org.junit.jupiter.engine.descriptor.TestTemplateTestDescriptor.execute(TestTemplateTestDescriptor.java:139)
	at org.junit.jupiter.engine.descriptor.TestTemplateTestDescriptor.lambda$execute$2(TestTemplateTestDescriptor.java:107)
	at java.base/java.util.stream.ForEachOps$ForEachOp$OfRef.accept(ForEachOps.java:183)
	at java.base/java.util.stream.ReferencePipeline$3$1.accept(ReferencePipeline.java:197)
	at java.base/java.util.stream.ReferencePipeline$2$1.accept(ReferencePipeline.java:179)
	at java.base/java.util.stream.ReferencePipeline$3$1.accept(ReferencePipeline.java:197)
	at java.base/java.util.stream.ForEachOps$ForEachOp$OfRef.accept(ForEachOps.java:183)
	at java.base/java.util.stream.ReferencePipeline$15$1.accept(ReferencePipeline.java:541)
	at java.base/java.util.stream.ReferencePipeline$3$1.accept(ReferencePipeline.java:197)
	at java.base/java.util.stream.ReferencePipeline$3$1.accept(ReferencePipeline.java:197)
	at java.base/java.util.stream.ReferencePipeline$3$1.accept(ReferencePipeline.java:197)
	at java.base/java.util.stream.ForEachOps$ForEachOp$OfRef.accept(ForEachOps.java:183)
	at java.base/java.util.stream.ReferencePipeline$3$1.accept(ReferencePipeline.java:197)
	at java.base/java.util.stream.ForEachOps$ForEachOp$OfRef.accept(ForEachOps.java:183)
	at java.base/java.util.stream.SliceOps$1$1.accept(SliceOps.java:200)
	at java.base/java.util.stream.StreamSpliterators$InfiniteSupplyingSpliterator$OfRef.tryAdvance(StreamSpliterators.java:1358)
	at java.base/java.util.stream.ReferencePipeline.forEachWithCancel(ReferencePipeline.java:129)
	at java.base/java.util.stream.AbstractPipeline.copyIntoWithCancel(AbstractPipeline.java:527)
	at java.base/java.util.stream.AbstractPipeline.copyInto(AbstractPipeline.java:513)
	at java.base/java.util.stream.AbstractPipeline.wrapAndCopyInto(AbstractPipeline.java:499)
	at java.base/java.util.stream.ForEachOps$ForEachOp.evaluateSequential(ForEachOps.java:150)
	at java.base/java.util.stream.ForEachOps$ForEachOp$OfRef.evaluateSequential(ForEachOps.java:173)
	at java.base/java.util.stream.AbstractPipeline.evaluate(AbstractPipeline.java:234)
	at java.base/java.util.stream.ReferencePipeline.forEach(ReferencePipeline.java:596)
	at java.base/java.util.stream.ReferencePipeline$7$1.accept(ReferencePipeline.java:276)
	at java.base/java.util.stream.ReferencePipeline$3$1.accept(ReferencePipeline.java:197)
	at java.base/java.util.stream.ReferencePipeline$3$1.accept(ReferencePipeline.java:197)
	at java.base/java.util.Spliterators$ArraySpliterator.forEachRemaining(Spliterators.java:992)
	at java.base/java.util.stream.AbstractPipeline.copyInto(AbstractPipeline.java:509)
	at java.base/java.util.stream.AbstractPipeline.wrapAndCopyInto(AbstractPipeline.java:499)
	at java.base/java.util.stream.ForEachOps$ForEachOp.evaluateSequential(ForEachOps.java:150)
	at java.base/java.util.stream.ForEachOps$ForEachOp$OfRef.evaluateSequential(ForEachOps.java:173)
	at java.base/java.util.stream.AbstractPipeline.evaluate(AbstractPipeline.java:234)
	at java.base/java.util.stream.ReferencePipeline.forEach(ReferencePipeline.java:596)
	at java.base/java.util.stream.ReferencePipeline$7$1.accept(ReferencePipeline.java:276)
	at java.base/java.util.stream.ReferencePipeline$3$1.accept(ReferencePipeline.java:197)
	at java.base/java.util.stream.ReferencePipeline$3$1.accept(ReferencePipeline.java:197)
	at java.base/java.util.stream.ReferencePipeline$3$1.accept(ReferencePipeline.java:197)
	at java.base/java.util.ArrayList$ArrayListSpliterator.forEachRemaining(ArrayList.java:1625)
	at java.base/java.util.stream.AbstractPipeline.copyInto(AbstractPipeline.java:509)
	at java.base/java.util.stream.AbstractPipeline.wrapAndCopyInto(AbstractPipeline.java:499)
	at java.base/java.util.stream.ForEachOps$ForEachOp.evaluateSequential(ForEachOps.java:150)
	at java.base/java.util.stream.ForEachOps$ForEachOp$OfRef.evaluateSequential(ForEachOps.java:173)
	at java.base/java.util.stream.AbstractPipeline.evaluate(AbstractPipeline.java:234)
	at java.base/java.util.stream.ReferencePipeline.forEach(ReferencePipeline.java:596)
	at java.base/java.util.stream.ReferencePipeline$7$1.accept(ReferencePipeline.java:276)
	at java.base/java.util.ArrayList$ArrayListSpliterator.forEachRemaining(ArrayList.java:1625)
	at java.base/java.util.stream.AbstractPipeline.copyInto(AbstractPipeline.java:509)
	at java.base/java.util.stream.AbstractPipeline.wrapAndCopyInto(AbstractPipeline.java:499)
	at java.base/java.util.stream.ForEachOps$ForEachOp.evaluateSequential(ForEachOps.java:150)
	at java.base/java.util.stream.ForEachOps$ForEachOp$OfRef.evaluateSequential(ForEachOps.java:173)
	at java.base/java.util.stream.AbstractPipeline.evaluate(AbstractPipeline.java:234)
	at java.base/java.util.stream.ReferencePipeline.forEach(ReferencePipeline.java:596)
	at org.junit.jupiter.engine.descriptor.TestTemplateTestDescriptor.execute(TestTemplateTestDescriptor.java:107)
	at org.junit.jupiter.engine.descriptor.TestTemplateTestDescriptor.execute(TestTemplateTestDescriptor.java:42)
	at org.junit.platform.engine.support.hierarchical.NodeTestTask.lambda$executeRecursively$5(NodeTestTask.java:139)
	at org.junit.platform.engine.support.hierarchical.ThrowableCollector.execute(ThrowableCollector.java:73)
	at org.junit.platform.engine.support.hierarchical.NodeTestTask.lambda$executeRecursively$7(NodeTestTask.java:129)
	at org.junit.platform.engine.support.hierarchical.Node.around(Node.java:137)
	at org.junit.platform.engine.support.hierarchical.NodeTestTask.lambda$executeRecursively$8(NodeTestTask.java:127)
	at org.junit.platform.engine.support.hierarchical.ThrowableCollector.execute(ThrowableCollector.java:73)
	at org.junit.platform.engine.support.hierarchical.NodeTestTask.executeRecursively(NodeTestTask.java:126)
	at org.junit.platform.engine.support.hierarchical.NodeTestTask.execute(NodeTestTask.java:84)
	at java.base/java.util.ArrayList.forEach(ArrayList.java:1511)
	at org.junit.platform.engine.support.hierarchical.SameThreadHierarchicalTestExecutorService.invokeAll(SameThreadHierarchicalTestExecutorService.java:38)
	at org.junit.platform.engine.support.hierarchical.NodeTestTask.lambda$executeRecursively$5(NodeTestTask.java:143)
	at org.junit.platform.engine.support.hierarchical.ThrowableCollector.execute(ThrowableCollector.java:73)
	at org.junit.platform.engine.support.hierarchical.NodeTestTask.lambda$executeRecursively$7(NodeTestTask.java:129)
	at org.junit.platform.engine.support.hierarchical.Node.around(Node.java:137)
	at org.junit.platform.engine.support.hierarchical.NodeTestTask.lambda$executeRecursively$8(NodeTestTask.java:127)
	at org.junit.platform.engine.support.hierarchical.ThrowableCollector.execute(ThrowableCollector.java:73)
	at org.junit.platform.engine.support.hierarchical.NodeTestTask.executeRecursively(NodeTestTask.java:126)
	at org.junit.platform.engine.support.hierarchical.NodeTestTask.execute(NodeTestTask.java:84)
	at java.base/java.util.ArrayList.forEach(ArrayList.java:1511)
	at org.junit.platform.engine.support.hierarchical.SameThreadHierarchicalTestExecutorService.invokeAll(SameThreadHierarchicalTestExecutorService.java:38)
	at org.junit.platform.engine.support.hierarchical.NodeTestTask.lambda$executeRecursively$5(NodeTestTask.java:143)
	at org.junit.platform.engine.support.hierarchical.ThrowableCollector.execute(ThrowableCollector.java:73)
	at org.junit.platform.engine.support.hierarchical.NodeTestTask.lambda$executeRecursively$7(NodeTestTask.java:129)
	at org.junit.platform.engine.support.hierarchical.Node.around(Node.java:137)
	at org.junit.platform.engine.support.hierarchical.NodeTestTask.lambda$executeRecursively$8(NodeTestTask.java:127)
	at org.junit.platform.engine.support.hierarchical.ThrowableCollector.execute(ThrowableCollector.java:73)
	at org.junit.platform.engine.support.hierarchical.NodeTestTask.executeRecursively(NodeTestTask.java:126)
	at org.junit.platform.engine.support.hierarchical.NodeTestTask.execute(NodeTestTask.java:84)
	at org.junit.platform.engine.support.hierarchical.SameThreadHierarchicalTestExecutorService.submit(SameThreadHierarchicalTestExecutorService.java:32)
	at org.junit.platform.engine.support.hierarchical.HierarchicalTestExecutor.execute(HierarchicalTestExecutor.java:57)
	at org.junit.platform.engine.support.hierarchical.HierarchicalTestEngine.execute(HierarchicalTestEngine.java:51)
	at org.junit.platform.launcher.core.EngineExecutionOrchestrator.execute(EngineExecutionOrchestrator.java:108)
	at org.junit.platform.launcher.core.EngineExecutionOrchestrator.execute(EngineExecutionOrchestrator.java:88)
	at org.junit.platform.launcher.core.EngineExecutionOrchestrator.lambda$execute$0(EngineExecutionOrchestrator.java:54)
	at org.junit.platform.launcher.core.EngineExecutionOrchestrator.withInterceptedStreams(EngineExecutionOrchestrator.java:67)
	at org.junit.platform.launcher.core.EngineExecutionOrchestrator.execute(EngineExecutionOrchestrator.java:52)
	at org.junit.platform.launcher.core.DefaultLauncher.execute(DefaultLauncher.java:96)
	at org.junit.platform.launcher.core.DefaultLauncher.execute(DefaultLauncher.java:75)
	at org.junit.platform.console.tasks.ConsoleTestExecutor.executeTests(ConsoleTestExecutor.java:66)
	at org.junit.platform.console.tasks.ConsoleTestExecutor.lambda$execute$0(ConsoleTestExecutor.java:58)
	at org.junit.platform.console.tasks.CustomContextClassLoaderExecutor.replaceThreadContextClassLoaderAndInvoke(CustomContextClassLoaderExecutor.java:41)
	at org.junit.platform.console.tasks.CustomContextClassLoaderExecutor.invoke(CustomContextClassLoaderExecutor.java:31)
	at org.junit.platform.console.tasks.ConsoleTestExecutor.execute(ConsoleTestExecutor.java:58)
	at org.junit.platform.console.ConsoleLauncher.executeTests(ConsoleLauncher.java:95)
	at org.junit.platform.console.ConsoleLauncher.execute(ConsoleLauncher.java:73)
	at org.junit.platform.console.ConsoleLauncher.execute(ConsoleLauncher.java:50)
	at org.junit.platform.console.ConsoleLauncher.execute(ConsoleLauncher.java:43)
	at org.junit.platform.console.ConsoleLauncher.main(ConsoleLauncher.java:37)
]]></skipped>
<system-out><![CDATA[
unique-id: [engine:junit-jupiter]/[class:minebayd1.test.TestUser]/[test-template:testUser(java.lang.String, java.lang.String)]/[test-template-invocation:#77]
display-name: [77] Idir,   
]]></system-out>
</testcase>
<testcase name="testUser(String, String)[78]" classname="minebayd1.test.TestUser" time="0">
<system-out><![CDATA[
unique-id: [engine:junit-jupiter]/[class:minebayd1.test.TestUser]/[test-template:testUser(java.lang.String, java.lang.String)]/[test-template-invocation:#78]
display-name: [78] Lamia, Sonia
]]></system-out>
</testcase>
<testcase name="testUser(String, String)[79]" classname="minebayd1.test.TestUser" time="0">
<system-out><![CDATA[
unique-id: [engine:junit-jupiter]/[class:minebayd1.test.TestUser]/[test-template:testUser(java.lang.String, java.lang.String)]/[test-template-invocation:#79]
display-name: [79] Adam, Naila
]]></system-out>
</testcase>
<testcase name="testUser(String, String)[80]" classname="minebayd1.test.TestUser" time="0">
<system-out><![CDATA[
unique-id: [engine:junit-jupiter]/[class:minebayd1.test.TestUser]/[test-template:testUser(java.lang.String, java.lang.String)]/[test-template-invocation:#80]
display-name: [80] Nima, Naila
]]></system-out>
</testcase>
<testcase name="testUser(String, String)[81]" classname="minebayd1.test.TestUser" time="0">
<system-out><![CDATA[
unique-id: [engine:junit-jupiter]/[class:minebayd1.test.TestUser]/[test-template:testUser(java.lang.String, java.lang.String)]/[test-template-invocation:#81]
display-name: [81] Boris, Mamadou
]]></system-out>
</testcase>
<testcase name="testUser(String, String)[82]" classname="minebayd1.test.TestUser" time="0">
<system-out><![CDATA[
unique-id: [engine:junit-jupiter]/[class:minebayd1.test.TestUser]/[test-template:testUser(java.lang.String, java.lang.String)]/[test-template-invocation:#82]
display-name: [82] Issa, Mamadou
]]></system-out>
</testcase>
<testcase name="testUser(String, String)[83]" classname="minebayd1.test.TestUser" time="0">
<system-out><![CDATA[
unique-id: [engine:junit-jupiter]/[class:minebayd1.test.TestUser]/[test-template:testUser(java.lang.String, java.lang.String)]/[test-template-invocation:#83]
display-name: [83] Zahra, Ayman
]]></system-out>
</testcase>
<testcase name="testUser(String, String)[84]" classname="minebayd1.test.TestUser" time="0">
<system-out><![CDATA[
unique-id: [engine:junit-jupiter]/[class:minebayd1.test.TestUser]/[test-template:testUser(java.lang.String, java.lang.String)]/[test-template-invocation:#84]
display-name: [84] Marcel, Lamia
]]></system-out>
</testcase>
<testcase name="testUser(String, String)[85]" classname="minebayd1.test.TestUser" time="0">
<system-out><![CDATA[
unique-id: [engine:junit-jupiter]/[class:minebayd1.test.TestUser]/[test-template:testUser(java.lang.String, java.lang.String)]/[test-template-invocation:#85]
display-name: [85] Issa, Idir
]]></system-out>
</testcase>
<testcase name="testUser(String, String)[86]" classname="minebayd1.test.TestUser" time="0">
<system-out><![CDATA[
unique-id: [engine:junit-jupiter]/[class:minebayd1.test.TestUser]/[test-template:testUser(java.lang.String, java.lang.String)]/[test-template-invocation:#86]
display-name: [86] Lamia, Yanis
]]></system-out>
</testcase>
<testcase name="testUser(String, String)[87]" classname="minebayd1.test.TestUser" time="0">
<system-out><![CDATA[
unique-id: [engine:junit-jupiter]/[class:minebayd1.test.TestUser]/[test-template:testUser(java.lang.String, java.lang.String)]/[test-template-invocation:#87]
display-name: [87] Ziad, Chanez
]]></system-out>
</testcase>
<testcase name="testUser(String, String)[88]" classname="minebayd1.test.TestUser" time="0">
<system-out><![CDATA[
unique-id: [engine:junit-jupiter]/[class:minebayd1.test.TestUser]/[test-template:testUser(java.lang.String, java.lang.String)]/[test-template-invocation:#88]
display-name: [88] Lamia, Ayman
]]></system-out>
</testcase>
<testcase name="testUser(String, String)[89]" classname="minebayd1.test.TestUser" time="0">
<system-out><![CDATA[
unique-id: [engine:junit-jupiter]/[class:minebayd1.test.TestUser]/[test-template:testUser(java.lang.String, java.lang.String)]/[test-template-invocation:#89]
display-name: [89] Lisa, Lisa
]]></system-out>
</testcase>
<testcase name="testUser(String, String)[90]" classname="minebayd1.test.TestUser" time="0">
<system-out><![CDATA[
unique-id: [engine:junit-jupiter]/[class:minebayd1.test.TestUser]/[test-template:testUser(java.lang.String, java.lang.String)]/[test-template-invocation:#90]
display-name: [90] Mohamed, Ayman
]]></system-out>
</testcase>
<testcase name="testUser(String, String)[91]" classname="minebayd1.test.TestUser" time="0">
<system-out><![CDATA[
unique-id: [engine:junit-jupiter]/[class:minebayd1.test.TestUser]/[test-template:testUser(java.lang.String, java.lang.String)]/[test-template-invocation:#91]
display-name: [91] Lamia, Mamadou
]]></system-out>
</testcase>
<testcase name="testUser(String, String)[92]" classname="minebayd1.test.TestUser" time="0">
<system-out><![CDATA[
unique-id: [engine:junit-jupiter]/[class:minebayd1.test.TestUser]/[test-template:testUser(java.lang.String, java.lang.String)]/[test-template-invocation:#92]
display-name: [92] Mohamed, Mamadou
]]></system-out>
</testcase>
<testcase name="testUser(String, String)[93]" classname="minebayd1.test.TestUser" time="0">
<system-out><![CDATA[
unique-id: [engine:junit-jupiter]/[class:minebayd1.test.TestUser]/[test-template:testUser(java.lang.String, java.lang.String)]/[test-template-invocation:#93]
display-name: [93] Imam, Pierre
]]></system-out>
</testcase>
<testcase name="testUser(String, String)[94]" classname="minebayd1.test.TestUser" time="0">
<system-out><![CDATA[
unique-id: [engine:junit-jupiter]/[class:minebayd1.test.TestUser]/[test-template:testUser(java.lang.String, java.lang.String)]/[test-template-invocation:#94]
display-name: [94] Marc, Yanis
]]></system-out>
</testcase>
<testcase name="testUser(String, String)[95]" classname="minebayd1.test.TestUser" time="0">
<system-out><![CDATA[
unique-id: [engine:junit-jupiter]/[class:minebayd1.test.TestUser]/[test-template:testUser(java.lang.String, java.lang.String)]/[test-template-invocation:#95]
display-name: [95] Rosa, Adam
]]></system-out>
</testcase>
<testcase name="testUser(String, String)[96]" classname="minebayd1.test.TestUser" time="0">
<system-out><![CDATA[
unique-id: [engine:junit-jupiter]/[class:minebayd1.test.TestUser]/[test-template:testUser(java.lang.String, java.lang.String)]/[test-template-invocation:#96]
display-name: [96] Boris, Mamadou
]]></system-out>
</testcase>
<testcase name="testUser(String, String)[97]" classname="minebayd1.test.TestUser" time="0">
<skipped><![CDATA[org.opentest4j.TestAbortedException: Assumption failed: assumption is not true
	at org.junit.jupiter.api.Assumptions.throwTestAbortedException(Assumptions.java:256)
	at org.junit.jupiter.api.Assumptions.assumeTrue(Assumptions.java:115)
	at org.junit.jupiter.api.Assumptions.assumeTrue(Assumptions.java:66)
	at minebayd1.test.TestUser.testUser(TestUser.java:305)
	at jdk.internal.reflect.GeneratedMethodAccessor9.invoke(Unknown Source)
	at java.base/jdk.internal.reflect.DelegatingMethodAccessorImpl.invoke(DelegatingMethodAccessorImpl.java:43)
	at java.base/java.lang.reflect.Method.invoke(Method.java:569)
	at org.junit.platform.commons.util.ReflectionUtils.invokeMethod(ReflectionUtils.java:688)
	at org.junit.jupiter.engine.execution.MethodInvocation.proceed(MethodInvocation.java:60)
	at org.junit.jupiter.engine.execution.InvocationInterceptorChain$ValidatingInvocation.proceed(InvocationInterceptorChain.java:131)
	at org.junit.jupiter.engine.extension.TimeoutExtension.intercept(TimeoutExtension.java:149)
	at org.junit.jupiter.engine.extension.TimeoutExtension.interceptTestableMethod(TimeoutExtension.java:140)
	at org.junit.jupiter.engine.extension.TimeoutExtension.interceptTestTemplateMethod(TimeoutExtension.java:92)
	at org.junit.jupiter.engine.execution.ExecutableInvoker$ReflectiveInterceptorCall.lambda$ofVoidMethod$0(ExecutableInvoker.java:115)
	at org.junit.jupiter.engine.execution.ExecutableInvoker.lambda$invoke$0(ExecutableInvoker.java:105)
	at org.junit.jupiter.engine.execution.InvocationInterceptorChain$InterceptedInvocation.proceed(InvocationInterceptorChain.java:106)
	at org.junit.jupiter.engine.execution.InvocationInterceptorChain.proceed(InvocationInterceptorChain.java:64)
	at org.junit.jupiter.engine.execution.InvocationInterceptorChain.chainAndInvoke(InvocationInterceptorChain.java:45)
	at org.junit.jupiter.engine.execution.InvocationInterceptorChain.invoke(InvocationInterceptorChain.java:37)
	at org.junit.jupiter.engine.execution.ExecutableInvoker.invoke(ExecutableInvoker.java:104)
	at org.junit.jupiter.engine.execution.ExecutableInvoker.invoke(ExecutableInvoker.java:98)
	at org.junit.jupiter.engine.descriptor.TestMethodTestDescriptor.lambda$invokeTestMethod$6(TestMethodTestDescriptor.java:210)
	at org.junit.platform.engine.support.hierarchical.ThrowableCollector.execute(ThrowableCollector.java:73)
	at org.junit.jupiter.engine.descriptor.TestMethodTestDescriptor.invokeTestMethod(TestMethodTestDescriptor.java:206)
	at org.junit.jupiter.engine.descriptor.TestMethodTestDescriptor.execute(TestMethodTestDescriptor.java:131)
	at org.junit.jupiter.engine.descriptor.TestMethodTestDescriptor.execute(TestMethodTestDescriptor.java:65)
	at org.junit.platform.engine.support.hierarchical.NodeTestTask.lambda$executeRecursively$5(NodeTestTask.java:139)
	at org.junit.platform.engine.support.hierarchical.ThrowableCollector.execute(ThrowableCollector.java:73)
	at org.junit.platform.engine.support.hierarchical.NodeTestTask.lambda$executeRecursively$7(NodeTestTask.java:129)
	at org.junit.platform.engine.support.hierarchical.Node.around(Node.java:137)
	at org.junit.platform.engine.support.hierarchical.NodeTestTask.lambda$executeRecursively$8(NodeTestTask.java:127)
	at org.junit.platform.engine.support.hierarchical.ThrowableCollector.execute(ThrowableCollector.java:73)
	at org.junit.platform.engine.support.hierarchical.NodeTestTask.executeRecursively(NodeTestTask.java:126)
	at org.junit.platform.engine.support.hierarchical.NodeTestTask.execute(NodeTestTask.java:84)
	at org.junit.platform.engine.support.hierarchical.SameThreadHierarchicalTestExecutorService.submit(SameThreadHierarchicalTestExecutorService.java:32)
	at org.junit.platform.engine.support.hierarchical.NodeTestTask$DefaultDynamicTestExecutor.execute(NodeTestTask.java:212)
	at org.junit.platform.engine.support.hierarchical.NodeTestTask$DefaultDynamicTestExecutor.execute(NodeTestTask.java:192)
	at org.junit.jupiter.engine.descriptor.TestTemplateTestDescriptor.execute(TestTemplateTestDescriptor.java:139)
	at org.junit.jupiter.engine.descriptor.TestTemplateTestDescriptor.lambda$execute$2(TestTemplateTestDescriptor.java:107)
	at java.base/java.util.stream.ForEachOps$ForEachOp$OfRef.accept(ForEachOps.java:183)
	at java.base/java.util.stream.ReferencePipeline$3$1.accept(ReferencePipeline.java:197)
	at java.base/java.util.stream.ReferencePipeline$2$1.accept(ReferencePipeline.java:179)
	at java.base/java.util.stream.ReferencePipeline$3$1.accept(ReferencePipeline.java:197)
	at java.base/java.util.stream.ForEachOps$ForEachOp$OfRef.accept(ForEachOps.java:183)
	at java.base/java.util.stream.ReferencePipeline$15$1.accept(ReferencePipeline.java:541)
	at java.base/java.util.stream.ReferencePipeline$3$1.accept(ReferencePipeline.java:197)
	at java.base/java.util.stream.ReferencePipeline$3$1.accept(ReferencePipeline.java:197)
	at java.base/java.util.stream.ReferencePipeline$3$1.accept(ReferencePipeline.java:197)
	at java.base/java.util.stream.ForEachOps$ForEachOp$OfRef.accept(ForEachOps.java:183)
	at java.base/java.util.stream.ReferencePipeline$3$1.accept(ReferencePipeline.java:197)
	at java.base/java.util.stream.ForEachOps$ForEachOp$OfRef.accept(ForEachOps.java:183)
	at java.base/java.util.stream.SliceOps$1$1.accept(SliceOps.java:200)
	at java.base/java.util.stream.StreamSpliterators$InfiniteSupplyingSpliterator$OfRef.tryAdvance(StreamSpliterators.java:1358)
	at java.base/java.util.stream.ReferencePipeline.forEachWithCancel(ReferencePipeline.java:129)
	at java.base/java.util.stream.AbstractPipeline.copyIntoWithCancel(AbstractPipeline.java:527)
	at java.base/java.util.stream.AbstractPipeline.copyInto(AbstractPipeline.java:513)
	at java.base/java.util.stream.AbstractPipeline.wrapAndCopyInto(AbstractPipeline.java:499)
	at java.base/java.util.stream.ForEachOps$ForEachOp.evaluateSequential(ForEachOps.java:150)
	at java.base/java.util.stream.ForEachOps$ForEachOp$OfRef.evaluateSequential(ForEachOps.java:173)
	at java.base/java.util.stream.AbstractPipeline.evaluate(AbstractPipeline.java:234)
	at java.base/java.util.stream.ReferencePipeline.forEach(ReferencePipeline.java:596)
	at java.base/java.util.stream.ReferencePipeline$7$1.accept(ReferencePipeline.java:276)
	at java.base/java.util.stream.ReferencePipeline$3$1.accept(ReferencePipeline.java:197)
	at java.base/java.util.stream.ReferencePipeline$3$1.accept(ReferencePipeline.java:197)
	at java.base/java.util.Spliterators$ArraySpliterator.forEachRemaining(Spliterators.java:992)
	at java.base/java.util.stream.AbstractPipeline.copyInto(AbstractPipeline.java:509)
	at java.base/java.util.stream.AbstractPipeline.wrapAndCopyInto(AbstractPipeline.java:499)
	at java.base/java.util.stream.ForEachOps$ForEachOp.evaluateSequential(ForEachOps.java:150)
	at java.base/java.util.stream.ForEachOps$ForEachOp$OfRef.evaluateSequential(ForEachOps.java:173)
	at java.base/java.util.stream.AbstractPipeline.evaluate(AbstractPipeline.java:234)
	at java.base/java.util.stream.ReferencePipeline.forEach(ReferencePipeline.java:596)
	at java.base/java.util.stream.ReferencePipeline$7$1.accept(ReferencePipeline.java:276)
	at java.base/java.util.stream.ReferencePipeline$3$1.accept(ReferencePipeline.java:197)
	at java.base/java.util.stream.ReferencePipeline$3$1.accept(ReferencePipeline.java:197)
	at java.base/java.util.stream.ReferencePipeline$3$1.accept(ReferencePipeline.java:197)
	at java.base/java.util.ArrayList$ArrayListSpliterator.forEachRemaining(ArrayList.java:1625)
	at java.base/java.util.stream.AbstractPipeline.copyInto(AbstractPipeline.java:509)
	at java.base/java.util.stream.AbstractPipeline.wrapAndCopyInto(AbstractPipeline.java:499)
	at java.base/java.util.stream.ForEachOps$ForEachOp.evaluateSequential(ForEachOps.java:150)
	at java.base/java.util.stream.ForEachOps$ForEachOp$OfRef.evaluateSequential(ForEachOps.java:173)
	at java.base/java.util.stream.AbstractPipeline.evaluate(AbstractPipeline.java:234)
	at java.base/java.util.stream.ReferencePipeline.forEach(ReferencePipeline.java:596)
	at java.base/java.util.stream.ReferencePipeline$7$1.accept(ReferencePipeline.java:276)
	at java.base/java.util.ArrayList$ArrayListSpliterator.forEachRemaining(ArrayList.java:1625)
	at java.base/java.util.stream.AbstractPipeline.copyInto(AbstractPipeline.java:509)
	at java.base/java.util.stream.AbstractPipeline.wrapAndCopyInto(AbstractPipeline.java:499)
	at java.base/java.util.stream.ForEachOps$ForEachOp.evaluateSequential(ForEachOps.java:150)
	at java.base/java.util.stream.ForEachOps$ForEachOp$OfRef.evaluateSequential(ForEachOps.java:173)
	at java.base/java.util.stream.AbstractPipeline.evaluate(AbstractPipeline.java:234)
	at java.base/java.util.stream.ReferencePipeline.forEach(ReferencePipeline.java:596)
	at org.junit.jupiter.engine.descriptor.TestTemplateTestDescriptor.execute(TestTemplateTestDescriptor.java:107)
	at org.junit.jupiter.engine.descriptor.TestTemplateTestDescriptor.execute(TestTemplateTestDescriptor.java:42)
	at org.junit.platform.engine.support.hierarchical.NodeTestTask.lambda$executeRecursively$5(NodeTestTask.java:139)
	at org.junit.platform.engine.support.hierarchical.ThrowableCollector.execute(ThrowableCollector.java:73)
	at org.junit.platform.engine.support.hierarchical.NodeTestTask.lambda$executeRecursively$7(NodeTestTask.java:129)
	at org.junit.platform.engine.support.hierarchical.Node.around(Node.java:137)
	at org.junit.platform.engine.support.hierarchical.NodeTestTask.lambda$executeRecursively$8(NodeTestTask.java:127)
	at org.junit.platform.engine.support.hierarchical.ThrowableCollector.execute(ThrowableCollector.java:73)
	at org.junit.platform.engine.support.hierarchical.NodeTestTask.executeRecursively(NodeTestTask.java:126)
	at org.junit.platform.engine.support.hierarchical.NodeTestTask.execute(NodeTestTask.java:84)
	at java.base/java.util.ArrayList.forEach(ArrayList.java:1511)
	at org.junit.platform.engine.support.hierarchical.SameThreadHierarchicalTestExecutorService.invokeAll(SameThreadHierarchicalTestExecutorService.java:38)
	at org.junit.platform.engine.support.hierarchical.NodeTestTask.lambda$executeRecursively$5(NodeTestTask.java:143)
	at org.junit.platform.engine.support.hierarchical.ThrowableCollector.execute(ThrowableCollector.java:73)
	at org.junit.platform.engine.support.hierarchical.NodeTestTask.lambda$executeRecursively$7(NodeTestTask.java:129)
	at org.junit.platform.engine.support.hierarchical.Node.around(Node.java:137)
	at org.junit.platform.engine.support.hierarchical.NodeTestTask.lambda$executeRecursively$8(NodeTestTask.java:127)
	at org.junit.platform.engine.support.hierarchical.ThrowableCollector.execute(ThrowableCollector.java:73)
	at org.junit.platform.engine.support.hierarchical.NodeTestTask.executeRecursively(NodeTestTask.java:126)
	at org.junit.platform.engine.support.hierarchical.NodeTestTask.execute(NodeTestTask.java:84)
	at java.base/java.util.ArrayList.forEach(ArrayList.java:1511)
	at org.junit.platform.engine.support.hierarchical.SameThreadHierarchicalTestExecutorService.invokeAll(SameThreadHierarchicalTestExecutorService.java:38)
	at org.junit.platform.engine.support.hierarchical.NodeTestTask.lambda$executeRecursively$5(NodeTestTask.java:143)
	at org.junit.platform.engine.support.hierarchical.ThrowableCollector.execute(ThrowableCollector.java:73)
	at org.junit.platform.engine.support.hierarchical.NodeTestTask.lambda$executeRecursively$7(NodeTestTask.java:129)
	at org.junit.platform.engine.support.hierarchical.Node.around(Node.java:137)
	at org.junit.platform.engine.support.hierarchical.NodeTestTask.lambda$executeRecursively$8(NodeTestTask.java:127)
	at org.junit.platform.engine.support.hierarchical.ThrowableCollector.execute(ThrowableCollector.java:73)
	at org.junit.platform.engine.support.hierarchical.NodeTestTask.executeRecursively(NodeTestTask.java:126)
	at org.junit.platform.engine.support.hierarchical.NodeTestTask.execute(NodeTestTask.java:84)
	at org.junit.platform.engine.support.hierarchical.SameThreadHierarchicalTestExecutorService.submit(SameThreadHierarchicalTestExecutorService.java:32)
	at org.junit.platform.engine.support.hierarchical.HierarchicalTestExecutor.execute(HierarchicalTestExecutor.java:57)
	at org.junit.platform.engine.support.hierarchical.HierarchicalTestEngine.execute(HierarchicalTestEngine.java:51)
	at org.junit.platform.launcher.core.EngineExecutionOrchestrator.execute(EngineExecutionOrchestrator.java:108)
	at org.junit.platform.launcher.core.EngineExecutionOrchestrator.execute(EngineExecutionOrchestrator.java:88)
	at org.junit.platform.launcher.core.EngineExecutionOrchestrator.lambda$execute$0(EngineExecutionOrchestrator.java:54)
	at org.junit.platform.launcher.core.EngineExecutionOrchestrator.withInterceptedStreams(EngineExecutionOrchestrator.java:67)
	at org.junit.platform.launcher.core.EngineExecutionOrchestrator.execute(EngineExecutionOrchestrator.java:52)
	at org.junit.platform.launcher.core.DefaultLauncher.execute(DefaultLauncher.java:96)
	at org.junit.platform.launcher.core.DefaultLauncher.execute(DefaultLauncher.java:75)
	at org.junit.platform.console.tasks.ConsoleTestExecutor.executeTests(ConsoleTestExecutor.java:66)
	at org.junit.platform.console.tasks.ConsoleTestExecutor.lambda$execute$0(ConsoleTestExecutor.java:58)
	at org.junit.platform.console.tasks.CustomContextClassLoaderExecutor.replaceThreadContextClassLoaderAndInvoke(CustomContextClassLoaderExecutor.java:41)
	at org.junit.platform.console.tasks.CustomContextClassLoaderExecutor.invoke(CustomContextClassLoaderExecutor.java:31)
	at org.junit.platform.console.tasks.ConsoleTestExecutor.execute(ConsoleTestExecutor.java:58)
	at org.junit.platform.console.ConsoleLauncher.executeTests(ConsoleLauncher.java:95)
	at org.junit.platform.console.ConsoleLauncher.execute(ConsoleLauncher.java:73)
	at org.junit.platform.console.ConsoleLauncher.execute(ConsoleLauncher.java:50)
	at org.junit.platform.console.ConsoleLauncher.execute(ConsoleLauncher.java:43)
	at org.junit.platform.console.ConsoleLauncher.main(ConsoleLauncher.java:37)
]]></skipped>
<system-out><![CDATA[
unique-id: [engine:junit-jupiter]/[class:minebayd1.test.TestUser]/[test-template:testUser(java.lang.String, java.lang.String)]/[test-template-invocation:#97]
display-name: [97] 
 	, Boris
]]></system-out>
</testcase>
<testcase name="testUser(String, String)[98]" classname="minebayd1.test.TestUser" time="0">
<system-out><![CDATA[
unique-id: [engine:junit-jupiter]/[class:minebayd1.test.TestUser]/[test-template:testUser(java.lang.String, java.lang.String)]/[test-template-invocation:#98]
display-name: [98] Sonia, Idir
]]></system-out>
</testcase>
<testcase name="testUser(String, String)[99]" classname="minebayd1.test.TestUser" time="0">
<system-out><![CDATA[
unique-id: [engine:junit-jupiter]/[class:minebayd1.test.TestUser]/[test-template:testUser(java.lang.String, java.lang.String)]/[test-template-invocation:#99]
display-name: [99] Ayman, Chanez
]]></system-out>
</testcase>
<testcase name="testUser(String, String)[100]" classname="minebayd1.test.TestUser" time="0">
<system-out><![CDATA[
unique-id: [engine:junit-jupiter]/[class:minebayd1.test.TestUser]/[test-template:testUser(java.lang.String, java.lang.String)]/[test-template-invocation:#100]
display-name: [100] Ziad, Zahra
]]></system-out>
</testcase>
<testcase name="testnext(User)[1]" classname="minebayd1.test.TestUser" time="0.001">
<system-out><![CDATA[
unique-id: [engine:junit-jupiter]/[class:minebayd1.test.TestUser]/[test-template:testnext(minebayd1.User)]/[test-template-invocation:#1]
display-name: [1] Mamadou a 59 annonces ouvertes, 2 annonces fermées et 1 achats 

]]></system-out>
</testcase>
<testcase name="testnext(User)[2]" classname="minebayd1.test.TestUser" time="0">
<system-out><![CDATA[
unique-id: [engine:junit-jupiter]/[class:minebayd1.test.TestUser]/[test-template:testnext(minebayd1.User)]/[test-template-invocation:#2]
display-name: [2] Ziad a 48 annonces ouvertes, 4 annonces fermées et 2 achats 

]]></system-out>
</testcase>
<testcase name="testnext(User)[3]" classname="minebayd1.test.TestUser" time="0">
<skipped><![CDATA[org.opentest4j.TestAbortedException: Assumption failed: assumption is not true
	at org.junit.jupiter.api.Assumptions.throwTestAbortedException(Assumptions.java:256)
	at org.junit.jupiter.api.Assumptions.assumeTrue(Assumptions.java:115)
	at org.junit.jupiter.api.Assumptions.assumeTrue(Assumptions.java:66)
	at minebayd1.test.TestUser.testnext(TestUser.java:1137)
	at java.base/jdk.internal.reflect.NativeMethodAccessorImpl.invoke0(Native Method)
	at java.base/jdk.internal.reflect.NativeMethodAccessorImpl.invoke(NativeMethodAccessorImpl.java:77)
	at java.base/jdk.internal.reflect.DelegatingMethodAccessorImpl.invoke(DelegatingMethodAccessorImpl.java:43)
	at java.base/java.lang.reflect.Method.invoke(Method.java:569)
	at org.junit.platform.commons.util.ReflectionUtils.invokeMethod(ReflectionUtils.java:688)
	at org.junit.jupiter.engine.execution.MethodInvocation.proceed(MethodInvocation.java:60)
	at org.junit.jupiter.engine.execution.InvocationInterceptorChain$ValidatingInvocation.proceed(InvocationInterceptorChain.java:131)
	at org.junit.jupiter.engine.extension.TimeoutExtension.intercept(TimeoutExtension.java:149)
	at org.junit.jupiter.engine.extension.TimeoutExtension.interceptTestableMethod(TimeoutExtension.java:140)
	at org.junit.jupiter.engine.extension.TimeoutExtension.interceptTestTemplateMethod(TimeoutExtension.java:92)
	at org.junit.jupiter.engine.execution.ExecutableInvoker$ReflectiveInterceptorCall.lambda$ofVoidMethod$0(ExecutableInvoker.java:115)
	at org.junit.jupiter.engine.execution.ExecutableInvoker.lambda$invoke$0(ExecutableInvoker.java:105)
	at org.junit.jupiter.engine.execution.InvocationInterceptorChain$InterceptedInvocation.proceed(InvocationInterceptorChain.java:106)
	at org.junit.jupiter.engine.execution.InvocationInterceptorChain.proceed(InvocationInterceptorChain.java:64)
	at org.junit.jupiter.engine.execution.InvocationInterceptorChain.chainAndInvoke(InvocationInterceptorChain.java:45)
	at org.junit.jupiter.engine.execution.InvocationInterceptorChain.invoke(InvocationInterceptorChain.java:37)
	at org.junit.jupiter.engine.execution.ExecutableInvoker.invoke(ExecutableInvoker.java:104)
	at org.junit.jupiter.engine.execution.ExecutableInvoker.invoke(ExecutableInvoker.java:98)
	at org.junit.jupiter.engine.descriptor.TestMethodTestDescriptor.lambda$invokeTestMethod$6(TestMethodTestDescriptor.java:210)
	at org.junit.platform.engine.support.hierarchical.ThrowableCollector.execute(ThrowableCollector.java:73)
	at org.junit.jupiter.engine.descriptor.TestMethodTestDescriptor.invokeTestMethod(TestMethodTestDescriptor.java:206)
	at org.junit.jupiter.engine.descriptor.TestMethodTestDescriptor.execute(TestMethodTestDescriptor.java:131)
	at org.junit.jupiter.engine.descriptor.TestMethodTestDescriptor.execute(TestMethodTestDescriptor.java:65)
	at org.junit.platform.engine.support.hierarchical.NodeTestTask.lambda$executeRecursively$5(NodeTestTask.java:139)
	at org.junit.platform.engine.support.hierarchical.ThrowableCollector.execute(ThrowableCollector.java:73)
	at org.junit.platform.engine.support.hierarchical.NodeTestTask.lambda$executeRecursively$7(NodeTestTask.java:129)
	at org.junit.platform.engine.support.hierarchical.Node.around(Node.java:137)
	at org.junit.platform.engine.support.hierarchical.NodeTestTask.lambda$executeRecursively$8(NodeTestTask.java:127)
	at org.junit.platform.engine.support.hierarchical.ThrowableCollector.execute(ThrowableCollector.java:73)
	at org.junit.platform.engine.support.hierarchical.NodeTestTask.executeRecursively(NodeTestTask.java:126)
	at org.junit.platform.engine.support.hierarchical.NodeTestTask.execute(NodeTestTask.java:84)
	at org.junit.platform.engine.support.hierarchical.SameThreadHierarchicalTestExecutorService.submit(SameThreadHierarchicalTestExecutorService.java:32)
	at org.junit.platform.engine.support.hierarchical.NodeTestTask$DefaultDynamicTestExecutor.execute(NodeTestTask.java:212)
	at org.junit.platform.engine.support.hierarchical.NodeTestTask$DefaultDynamicTestExecutor.execute(NodeTestTask.java:192)
	at org.junit.jupiter.engine.descriptor.TestTemplateTestDescriptor.execute(TestTemplateTestDescriptor.java:139)
	at org.junit.jupiter.engine.descriptor.TestTemplateTestDescriptor.lambda$execute$2(TestTemplateTestDescriptor.java:107)
	at java.base/java.util.stream.ForEachOps$ForEachOp$OfRef.accept(ForEachOps.java:183)
	at java.base/java.util.stream.ReferencePipeline$3$1.accept(ReferencePipeline.java:197)
	at java.base/java.util.stream.ReferencePipeline$2$1.accept(ReferencePipeline.java:179)
	at java.base/java.util.stream.ReferencePipeline$3$1.accept(ReferencePipeline.java:197)
	at java.base/java.util.stream.ForEachOps$ForEachOp$OfRef.accept(ForEachOps.java:183)
	at java.base/java.util.stream.ReferencePipeline$15$1.accept(ReferencePipeline.java:541)
	at java.base/java.util.stream.ReferencePipeline$3$1.accept(ReferencePipeline.java:197)
	at java.base/java.util.stream.ReferencePipeline$3$1.accept(ReferencePipeline.java:197)
	at java.base/java.util.stream.ReferencePipeline$3$1.accept(ReferencePipeline.java:197)
	at java.base/java.util.stream.ForEachOps$ForEachOp$OfRef.accept(ForEachOps.java:183)
	at java.base/java.util.stream.ReferencePipeline$3$1.accept(ReferencePipeline.java:197)
	at java.base/java.util.stream.ForEachOps$ForEachOp$OfRef.accept(ForEachOps.java:183)
	at java.base/java.util.stream.SliceOps$1$1.accept(SliceOps.java:200)
	at java.base/java.util.stream.StreamSpliterators$InfiniteSupplyingSpliterator$OfRef.tryAdvance(StreamSpliterators.java:1358)
	at java.base/java.util.stream.ReferencePipeline.forEachWithCancel(ReferencePipeline.java:129)
	at java.base/java.util.stream.AbstractPipeline.copyIntoWithCancel(AbstractPipeline.java:527)
	at java.base/java.util.stream.AbstractPipeline.copyInto(AbstractPipeline.java:513)
	at java.base/java.util.stream.AbstractPipeline.wrapAndCopyInto(AbstractPipeline.java:499)
	at java.base/java.util.stream.ForEachOps$ForEachOp.evaluateSequential(ForEachOps.java:150)
	at java.base/java.util.stream.ForEachOps$ForEachOp$OfRef.evaluateSequential(ForEachOps.java:173)
	at java.base/java.util.stream.AbstractPipeline.evaluate(AbstractPipeline.java:234)
	at java.base/java.util.stream.ReferencePipeline.forEach(ReferencePipeline.java:596)
	at java.base/java.util.stream.ReferencePipeline$7$1.accept(ReferencePipeline.java:276)
	at java.base/java.util.stream.ReferencePipeline$3$1.accept(ReferencePipeline.java:197)
	at java.base/java.util.stream.ReferencePipeline$3$1.accept(ReferencePipeline.java:197)
	at java.base/java.util.Spliterators$ArraySpliterator.forEachRemaining(Spliterators.java:992)
	at java.base/java.util.stream.AbstractPipeline.copyInto(AbstractPipeline.java:509)
	at java.base/java.util.stream.AbstractPipeline.wrapAndCopyInto(AbstractPipeline.java:499)
	at java.base/java.util.stream.ForEachOps$ForEachOp.evaluateSequential(ForEachOps.java:150)
	at java.base/java.util.stream.ForEachOps$ForEachOp$OfRef.evaluateSequential(ForEachOps.java:173)
	at java.base/java.util.stream.AbstractPipeline.evaluate(AbstractPipeline.java:234)
	at java.base/java.util.stream.ReferencePipeline.forEach(ReferencePipeline.java:596)
	at java.base/java.util.stream.ReferencePipeline$7$1.accept(ReferencePipeline.java:276)
	at java.base/java.util.stream.ReferencePipeline$3$1.accept(ReferencePipeline.java:197)
	at java.base/java.util.stream.ReferencePipeline$3$1.accept(ReferencePipeline.java:197)
	at java.base/java.util.stream.ReferencePipeline$3$1.accept(ReferencePipeline.java:197)
	at java.base/java.util.ArrayList$ArrayListSpliterator.forEachRemaining(ArrayList.java:1625)
	at java.base/java.util.stream.AbstractPipeline.copyInto(AbstractPipeline.java:509)
	at java.base/java.util.stream.AbstractPipeline.wrapAndCopyInto(AbstractPipeline.java:499)
	at java.base/java.util.stream.ForEachOps$ForEachOp.evaluateSequential(ForEachOps.java:150)
	at java.base/java.util.stream.ForEachOps$ForEachOp$OfRef.evaluateSequential(ForEachOps.java:173)
	at java.base/java.util.stream.AbstractPipeline.evaluate(AbstractPipeline.java:234)
	at java.base/java.util.stream.ReferencePipeline.forEach(ReferencePipeline.java:596)
	at java.base/java.util.stream.ReferencePipeline$7$1.accept(ReferencePipeline.java:276)
	at java.base/java.util.ArrayList$ArrayListSpliterator.forEachRemaining(ArrayList.java:1625)
	at java.base/java.util.stream.AbstractPipeline.copyInto(AbstractPipeline.java:509)
	at java.base/java.util.stream.AbstractPipeline.wrapAndCopyInto(AbstractPipeline.java:499)
	at java.base/java.util.stream.ForEachOps$ForEachOp.evaluateSequential(ForEachOps.java:150)
	at java.base/java.util.stream.ForEachOps$ForEachOp$OfRef.evaluateSequential(ForEachOps.java:173)
	at java.base/java.util.stream.AbstractPipeline.evaluate(AbstractPipeline.java:234)
	at java.base/java.util.stream.ReferencePipeline.forEach(ReferencePipeline.java:596)
	at org.junit.jupiter.engine.descriptor.TestTemplateTestDescriptor.execute(TestTemplateTestDescriptor.java:107)
	at org.junit.jupiter.engine.descriptor.TestTemplateTestDescriptor.execute(TestTemplateTestDescriptor.java:42)
	at org.junit.platform.engine.support.hierarchical.NodeTestTask.lambda$executeRecursively$5(NodeTestTask.java:139)
	at org.junit.platform.engine.support.hierarchical.ThrowableCollector.execute(ThrowableCollector.java:73)
	at org.junit.platform.engine.support.hierarchical.NodeTestTask.lambda$executeRecursively$7(NodeTestTask.java:129)
	at org.junit.platform.engine.support.hierarchical.Node.around(Node.java:137)
	at org.junit.platform.engine.support.hierarchical.NodeTestTask.lambda$executeRecursively$8(NodeTestTask.java:127)
	at org.junit.platform.engine.support.hierarchical.ThrowableCollector.execute(ThrowableCollector.java:73)
	at org.junit.platform.engine.support.hierarchical.NodeTestTask.executeRecursively(NodeTestTask.java:126)
	at org.junit.platform.engine.support.hierarchical.NodeTestTask.execute(NodeTestTask.java:84)
	at java.base/java.util.ArrayList.forEach(ArrayList.java:1511)
	at org.junit.platform.engine.support.hierarchical.SameThreadHierarchicalTestExecutorService.invokeAll(SameThreadHierarchicalTestExecutorService.java:38)
	at org.junit.platform.engine.support.hierarchical.NodeTestTask.lambda$executeRecursively$5(NodeTestTask.java:143)
	at org.junit.platform.engine.support.hierarchical.ThrowableCollector.execute(ThrowableCollector.java:73)
	at org.junit.platform.engine.support.hierarchical.NodeTestTask.lambda$executeRecursively$7(NodeTestTask.java:129)
	at org.junit.platform.engine.support.hierarchical.Node.around(Node.java:137)
	at org.junit.platform.engine.support.hierarchical.NodeTestTask.lambda$executeRecursively$8(NodeTestTask.java:127)
	at org.junit.platform.engine.support.hierarchical.ThrowableCollector.execute(ThrowableCollector.java:73)
	at org.junit.platform.engine.support.hierarchical.NodeTestTask.executeRecursively(NodeTestTask.java:126)
	at org.junit.platform.engine.support.hierarchical.NodeTestTask.execute(NodeTestTask.java:84)
	at java.base/java.util.ArrayList.forEach(ArrayList.java:1511)
	at org.junit.platform.engine.support.hierarchical.SameThreadHierarchicalTestExecutorService.invokeAll(SameThreadHierarchicalTestExecutorService.java:38)
	at org.junit.platform.engine.support.hierarchical.NodeTestTask.lambda$executeRecursively$5(NodeTestTask.java:143)
	at org.junit.platform.engine.support.hierarchical.ThrowableCollector.execute(ThrowableCollector.java:73)
	at org.junit.platform.engine.support.hierarchical.NodeTestTask.lambda$executeRecursively$7(NodeTestTask.java:129)
	at org.junit.platform.engine.support.hierarchical.Node.around(Node.java:137)
	at org.junit.platform.engine.support.hierarchical.NodeTestTask.lambda$executeRecursively$8(NodeTestTask.java:127)
	at org.junit.platform.engine.support.hierarchical.ThrowableCollector.execute(ThrowableCollector.java:73)
	at org.junit.platform.engine.support.hierarchical.NodeTestTask.executeRecursively(NodeTestTask.java:126)
	at org.junit.platform.engine.support.hierarchical.NodeTestTask.execute(NodeTestTask.java:84)
	at org.junit.platform.engine.support.hierarchical.SameThreadHierarchicalTestExecutorService.submit(SameThreadHierarchicalTestExecutorService.java:32)
	at org.junit.platform.engine.support.hierarchical.HierarchicalTestExecutor.execute(HierarchicalTestExecutor.java:57)
	at org.junit.platform.engine.support.hierarchical.HierarchicalTestEngine.execute(HierarchicalTestEngine.java:51)
	at org.junit.platform.launcher.core.EngineExecutionOrchestrator.execute(EngineExecutionOrchestrator.java:108)
	at org.junit.platform.launcher.core.EngineExecutionOrchestrator.execute(EngineExecutionOrchestrator.java:88)
	at org.junit.platform.launcher.core.EngineExecutionOrchestrator.lambda$execute$0(EngineExecutionOrchestrator.java:54)
	at org.junit.platform.launcher.core.EngineExecutionOrchestrator.withInterceptedStreams(EngineExecutionOrchestrator.java:67)
	at org.junit.platform.launcher.core.EngineExecutionOrchestrator.execute(EngineExecutionOrchestrator.java:52)
	at org.junit.platform.launcher.core.DefaultLauncher.execute(DefaultLauncher.java:96)
	at org.junit.platform.launcher.core.DefaultLauncher.execute(DefaultLauncher.java:75)
	at org.junit.platform.console.tasks.ConsoleTestExecutor.executeTests(ConsoleTestExecutor.java:66)
	at org.junit.platform.console.tasks.ConsoleTestExecutor.lambda$execute$0(ConsoleTestExecutor.java:58)
	at org.junit.platform.console.tasks.CustomContextClassLoaderExecutor.replaceThreadContextClassLoaderAndInvoke(CustomContextClassLoaderExecutor.java:41)
	at org.junit.platform.console.tasks.CustomContextClassLoaderExecutor.invoke(CustomContextClassLoaderExecutor.java:31)
	at org.junit.platform.console.tasks.ConsoleTestExecutor.execute(ConsoleTestExecutor.java:58)
	at org.junit.platform.console.ConsoleLauncher.executeTests(ConsoleLauncher.java:95)
	at org.junit.platform.console.ConsoleLauncher.execute(ConsoleLauncher.java:73)
	at org.junit.platform.console.ConsoleLauncher.execute(ConsoleLauncher.java:50)
	at org.junit.platform.console.ConsoleLauncher.execute(ConsoleLauncher.java:43)
	at org.junit.platform.console.ConsoleLauncher.main(ConsoleLauncher.java:37)
]]></skipped>
<system-out><![CDATA[
unique-id: [engine:junit-jupiter]/[class:minebayd1.test.TestUser]/[test-template:testnext(minebayd1.User)]/[test-template-invocation:#3]
display-name: [3] Mohamed a 45 annonces ouvertes, 2 annonces fermées et 3 achats 

]]></system-out>
</testcase>
<testcase name="testnext(User)[4]" classname="minebayd1.test.TestUser" time="0.001">
<system-out><![CDATA[
unique-id: [engine:junit-jupiter]/[class:minebayd1.test.TestUser]/[test-template:testnext(minebayd1.User)]/[test-template-invocation:#4]
display-name: [4] Mounir a 59 annonces ouvertes, 2 annonces fermées et 2 achats 

]]></system-out>
</testcase>
<testcase name="testnext(User)[5]" classname="minebayd1.test.TestUser" time="0">
<skipped><![CDATA[org.opentest4j.TestAbortedException: Assumption failed: assumption is not true
	at org.junit.jupiter.api.Assumptions.throwTestAbortedException(Assumptions.java:256)
	at org.junit.jupiter.api.Assumptions.assumeTrue(Assumptions.java:115)
	at org.junit.jupiter.api.Assumptions.assumeTrue(Assumptions.java:66)
	at minebayd1.test.TestUser.testnext(TestUser.java:1137)
	at java.base/jdk.internal.reflect.NativeMethodAccessorImpl.invoke0(Native Method)
	at java.base/jdk.internal.reflect.NativeMethodAccessorImpl.invoke(NativeMethodAccessorImpl.java:77)
	at java.base/jdk.internal.reflect.DelegatingMethodAccessorImpl.invoke(DelegatingMethodAccessorImpl.java:43)
	at java.base/java.lang.reflect.Method.invoke(Method.java:569)
	at org.junit.platform.commons.util.ReflectionUtils.invokeMethod(ReflectionUtils.java:688)
	at org.junit.jupiter.engine.execution.MethodInvocation.proceed(MethodInvocation.java:60)
	at org.junit.jupiter.engine.execution.InvocationInterceptorChain$ValidatingInvocation.proceed(InvocationInterceptorChain.java:131)
	at org.junit.jupiter.engine.extension.TimeoutExtension.intercept(TimeoutExtension.java:149)
	at org.junit.jupiter.engine.extension.TimeoutExtension.interceptTestableMethod(TimeoutExtension.java:140)
	at org.junit.jupiter.engine.extension.TimeoutExtension.interceptTestTemplateMethod(TimeoutExtension.java:92)
	at org.junit.jupiter.engine.execution.ExecutableInvoker$ReflectiveInterceptorCall.lambda$ofVoidMethod$0(ExecutableInvoker.java:115)
	at org.junit.jupiter.engine.execution.ExecutableInvoker.lambda$invoke$0(ExecutableInvoker.java:105)
	at org.junit.jupiter.engine.execution.InvocationInterceptorChain$InterceptedInvocation.proceed(InvocationInterceptorChain.java:106)
	at org.junit.jupiter.engine.execution.InvocationInterceptorChain.proceed(InvocationInterceptorChain.java:64)
	at org.junit.jupiter.engine.execution.InvocationInterceptorChain.chainAndInvoke(InvocationInterceptorChain.java:45)
	at org.junit.jupiter.engine.execution.InvocationInterceptorChain.invoke(InvocationInterceptorChain.java:37)
	at org.junit.jupiter.engine.execution.ExecutableInvoker.invoke(ExecutableInvoker.java:104)
	at org.junit.jupiter.engine.execution.ExecutableInvoker.invoke(ExecutableInvoker.java:98)
	at org.junit.jupiter.engine.descriptor.TestMethodTestDescriptor.lambda$invokeTestMethod$6(TestMethodTestDescriptor.java:210)
	at org.junit.platform.engine.support.hierarchical.ThrowableCollector.execute(ThrowableCollector.java:73)
	at org.junit.jupiter.engine.descriptor.TestMethodTestDescriptor.invokeTestMethod(TestMethodTestDescriptor.java:206)
	at org.junit.jupiter.engine.descriptor.TestMethodTestDescriptor.execute(TestMethodTestDescriptor.java:131)
	at org.junit.jupiter.engine.descriptor.TestMethodTestDescriptor.execute(TestMethodTestDescriptor.java:65)
	at org.junit.platform.engine.support.hierarchical.NodeTestTask.lambda$executeRecursively$5(NodeTestTask.java:139)
	at org.junit.platform.engine.support.hierarchical.ThrowableCollector.execute(ThrowableCollector.java:73)
	at org.junit.platform.engine.support.hierarchical.NodeTestTask.lambda$executeRecursively$7(NodeTestTask.java:129)
	at org.junit.platform.engine.support.hierarchical.Node.around(Node.java:137)
	at org.junit.platform.engine.support.hierarchical.NodeTestTask.lambda$executeRecursively$8(NodeTestTask.java:127)
	at org.junit.platform.engine.support.hierarchical.ThrowableCollector.execute(ThrowableCollector.java:73)
	at org.junit.platform.engine.support.hierarchical.NodeTestTask.executeRecursively(NodeTestTask.java:126)
	at org.junit.platform.engine.support.hierarchical.NodeTestTask.execute(NodeTestTask.java:84)
	at org.junit.platform.engine.support.hierarchical.SameThreadHierarchicalTestExecutorService.submit(SameThreadHierarchicalTestExecutorService.java:32)
	at org.junit.platform.engine.support.hierarchical.NodeTestTask$DefaultDynamicTestExecutor.execute(NodeTestTask.java:212)
	at org.junit.platform.engine.support.hierarchical.NodeTestTask$DefaultDynamicTestExecutor.execute(NodeTestTask.java:192)
	at org.junit.jupiter.engine.descriptor.TestTemplateTestDescriptor.execute(TestTemplateTestDescriptor.java:139)
	at org.junit.jupiter.engine.descriptor.TestTemplateTestDescriptor.lambda$execute$2(TestTemplateTestDescriptor.java:107)
	at java.base/java.util.stream.ForEachOps$ForEachOp$OfRef.accept(ForEachOps.java:183)
	at java.base/java.util.stream.ReferencePipeline$3$1.accept(ReferencePipeline.java:197)
	at java.base/java.util.stream.ReferencePipeline$2$1.accept(ReferencePipeline.java:179)
	at java.base/java.util.stream.ReferencePipeline$3$1.accept(ReferencePipeline.java:197)
	at java.base/java.util.stream.ForEachOps$ForEachOp$OfRef.accept(ForEachOps.java:183)
	at java.base/java.util.stream.ReferencePipeline$15$1.accept(ReferencePipeline.java:541)
	at java.base/java.util.stream.ReferencePipeline$3$1.accept(ReferencePipeline.java:197)
	at java.base/java.util.stream.ReferencePipeline$3$1.accept(ReferencePipeline.java:197)
	at java.base/java.util.stream.ReferencePipeline$3$1.accept(ReferencePipeline.java:197)
	at java.base/java.util.stream.ForEachOps$ForEachOp$OfRef.accept(ForEachOps.java:183)
	at java.base/java.util.stream.ReferencePipeline$3$1.accept(ReferencePipeline.java:197)
	at java.base/java.util.stream.ForEachOps$ForEachOp$OfRef.accept(ForEachOps.java:183)
	at java.base/java.util.stream.SliceOps$1$1.accept(SliceOps.java:200)
	at java.base/java.util.stream.StreamSpliterators$InfiniteSupplyingSpliterator$OfRef.tryAdvance(StreamSpliterators.java:1358)
	at java.base/java.util.stream.ReferencePipeline.forEachWithCancel(ReferencePipeline.java:129)
	at java.base/java.util.stream.AbstractPipeline.copyIntoWithCancel(AbstractPipeline.java:527)
	at java.base/java.util.stream.AbstractPipeline.copyInto(AbstractPipeline.java:513)
	at java.base/java.util.stream.AbstractPipeline.wrapAndCopyInto(AbstractPipeline.java:499)
	at java.base/java.util.stream.ForEachOps$ForEachOp.evaluateSequential(ForEachOps.java:150)
	at java.base/java.util.stream.ForEachOps$ForEachOp$OfRef.evaluateSequential(ForEachOps.java:173)
	at java.base/java.util.stream.AbstractPipeline.evaluate(AbstractPipeline.java:234)
	at java.base/java.util.stream.ReferencePipeline.forEach(ReferencePipeline.java:596)
	at java.base/java.util.stream.ReferencePipeline$7$1.accept(ReferencePipeline.java:276)
	at java.base/java.util.stream.ReferencePipeline$3$1.accept(ReferencePipeline.java:197)
	at java.base/java.util.stream.ReferencePipeline$3$1.accept(ReferencePipeline.java:197)
	at java.base/java.util.Spliterators$ArraySpliterator.forEachRemaining(Spliterators.java:992)
	at java.base/java.util.stream.AbstractPipeline.copyInto(AbstractPipeline.java:509)
	at java.base/java.util.stream.AbstractPipeline.wrapAndCopyInto(AbstractPipeline.java:499)
	at java.base/java.util.stream.ForEachOps$ForEachOp.evaluateSequential(ForEachOps.java:150)
	at java.base/java.util.stream.ForEachOps$ForEachOp$OfRef.evaluateSequential(ForEachOps.java:173)
	at java.base/java.util.stream.AbstractPipeline.evaluate(AbstractPipeline.java:234)
	at java.base/java.util.stream.ReferencePipeline.forEach(ReferencePipeline.java:596)
	at java.base/java.util.stream.ReferencePipeline$7$1.accept(ReferencePipeline.java:276)
	at java.base/java.util.stream.ReferencePipeline$3$1.accept(ReferencePipeline.java:197)
	at java.base/java.util.stream.ReferencePipeline$3$1.accept(ReferencePipeline.java:197)
	at java.base/java.util.stream.ReferencePipeline$3$1.accept(ReferencePipeline.java:197)
	at java.base/java.util.ArrayList$ArrayListSpliterator.forEachRemaining(ArrayList.java:1625)
	at java.base/java.util.stream.AbstractPipeline.copyInto(AbstractPipeline.java:509)
	at java.base/java.util.stream.AbstractPipeline.wrapAndCopyInto(AbstractPipeline.java:499)
	at java.base/java.util.stream.ForEachOps$ForEachOp.evaluateSequential(ForEachOps.java:150)
	at java.base/java.util.stream.ForEachOps$ForEachOp$OfRef.evaluateSequential(ForEachOps.java:173)
	at java.base/java.util.stream.AbstractPipeline.evaluate(AbstractPipeline.java:234)
	at java.base/java.util.stream.ReferencePipeline.forEach(ReferencePipeline.java:596)
	at java.base/java.util.stream.ReferencePipeline$7$1.accept(ReferencePipeline.java:276)
	at java.base/java.util.ArrayList$ArrayListSpliterator.forEachRemaining(ArrayList.java:1625)
	at java.base/java.util.stream.AbstractPipeline.copyInto(AbstractPipeline.java:509)
	at java.base/java.util.stream.AbstractPipeline.wrapAndCopyInto(AbstractPipeline.java:499)
	at java.base/java.util.stream.ForEachOps$ForEachOp.evaluateSequential(ForEachOps.java:150)
	at java.base/java.util.stream.ForEachOps$ForEachOp$OfRef.evaluateSequential(ForEachOps.java:173)
	at java.base/java.util.stream.AbstractPipeline.evaluate(AbstractPipeline.java:234)
	at java.base/java.util.stream.ReferencePipeline.forEach(ReferencePipeline.java:596)
	at org.junit.jupiter.engine.descriptor.TestTemplateTestDescriptor.execute(TestTemplateTestDescriptor.java:107)
	at org.junit.jupiter.engine.descriptor.TestTemplateTestDescriptor.execute(TestTemplateTestDescriptor.java:42)
	at org.junit.platform.engine.support.hierarchical.NodeTestTask.lambda$executeRecursively$5(NodeTestTask.java:139)
	at org.junit.platform.engine.support.hierarchical.ThrowableCollector.execute(ThrowableCollector.java:73)
	at org.junit.platform.engine.support.hierarchical.NodeTestTask.lambda$executeRecursively$7(NodeTestTask.java:129)
	at org.junit.platform.engine.support.hierarchical.Node.around(Node.java:137)
	at org.junit.platform.engine.support.hierarchical.NodeTestTask.lambda$executeRecursively$8(NodeTestTask.java:127)
	at org.junit.platform.engine.support.hierarchical.ThrowableCollector.execute(ThrowableCollector.java:73)
	at org.junit.platform.engine.support.hierarchical.NodeTestTask.executeRecursively(NodeTestTask.java:126)
	at org.junit.platform.engine.support.hierarchical.NodeTestTask.execute(NodeTestTask.java:84)
	at java.base/java.util.ArrayList.forEach(ArrayList.java:1511)
	at org.junit.platform.engine.support.hierarchical.SameThreadHierarchicalTestExecutorService.invokeAll(SameThreadHierarchicalTestExecutorService.java:38)
	at org.junit.platform.engine.support.hierarchical.NodeTestTask.lambda$executeRecursively$5(NodeTestTask.java:143)
	at org.junit.platform.engine.support.hierarchical.ThrowableCollector.execute(ThrowableCollector.java:73)
	at org.junit.platform.engine.support.hierarchical.NodeTestTask.lambda$executeRecursively$7(NodeTestTask.java:129)
	at org.junit.platform.engine.support.hierarchical.Node.around(Node.java:137)
	at org.junit.platform.engine.support.hierarchical.NodeTestTask.lambda$executeRecursively$8(NodeTestTask.java:127)
	at org.junit.platform.engine.support.hierarchical.ThrowableCollector.execute(ThrowableCollector.java:73)
	at org.junit.platform.engine.support.hierarchical.NodeTestTask.executeRecursively(NodeTestTask.java:126)
	at org.junit.platform.engine.support.hierarchical.NodeTestTask.execute(NodeTestTask.java:84)
	at java.base/java.util.ArrayList.forEach(ArrayList.java:1511)
	at org.junit.platform.engine.support.hierarchical.SameThreadHierarchicalTestExecutorService.invokeAll(SameThreadHierarchicalTestExecutorService.java:38)
	at org.junit.platform.engine.support.hierarchical.NodeTestTask.lambda$executeRecursively$5(NodeTestTask.java:143)
	at org.junit.platform.engine.support.hierarchical.ThrowableCollector.execute(ThrowableCollector.java:73)
	at org.junit.platform.engine.support.hierarchical.NodeTestTask.lambda$executeRecursively$7(NodeTestTask.java:129)
	at org.junit.platform.engine.support.hierarchical.Node.around(Node.java:137)
	at org.junit.platform.engine.support.hierarchical.NodeTestTask.lambda$executeRecursively$8(NodeTestTask.java:127)
	at org.junit.platform.engine.support.hierarchical.ThrowableCollector.execute(ThrowableCollector.java:73)
	at org.junit.platform.engine.support.hierarchical.NodeTestTask.executeRecursively(NodeTestTask.java:126)
	at org.junit.platform.engine.support.hierarchical.NodeTestTask.execute(NodeTestTask.java:84)
	at org.junit.platform.engine.support.hierarchical.SameThreadHierarchicalTestExecutorService.submit(SameThreadHierarchicalTestExecutorService.java:32)
	at org.junit.platform.engine.support.hierarchical.HierarchicalTestExecutor.execute(HierarchicalTestExecutor.java:57)
	at org.junit.platform.engine.support.hierarchical.HierarchicalTestEngine.execute(HierarchicalTestEngine.java:51)
	at org.junit.platform.launcher.core.EngineExecutionOrchestrator.execute(EngineExecutionOrchestrator.java:108)
	at org.junit.platform.launcher.core.EngineExecutionOrchestrator.execute(EngineExecutionOrchestrator.java:88)
	at org.junit.platform.launcher.core.EngineExecutionOrchestrator.lambda$execute$0(EngineExecutionOrchestrator.java:54)
	at org.junit.platform.launcher.core.EngineExecutionOrchestrator.withInterceptedStreams(EngineExecutionOrchestrator.java:67)
	at org.junit.platform.launcher.core.EngineExecutionOrchestrator.execute(EngineExecutionOrchestrator.java:52)
	at org.junit.platform.launcher.core.DefaultLauncher.execute(DefaultLauncher.java:96)
	at org.junit.platform.launcher.core.DefaultLauncher.execute(DefaultLauncher.java:75)
	at org.junit.platform.console.tasks.ConsoleTestExecutor.executeTests(ConsoleTestExecutor.java:66)
	at org.junit.platform.console.tasks.ConsoleTestExecutor.lambda$execute$0(ConsoleTestExecutor.java:58)
	at org.junit.platform.console.tasks.CustomContextClassLoaderExecutor.replaceThreadContextClassLoaderAndInvoke(CustomContextClassLoaderExecutor.java:41)
	at org.junit.platform.console.tasks.CustomContextClassLoaderExecutor.invoke(CustomContextClassLoaderExecutor.java:31)
	at org.junit.platform.console.tasks.ConsoleTestExecutor.execute(ConsoleTestExecutor.java:58)
	at org.junit.platform.console.ConsoleLauncher.executeTests(ConsoleLauncher.java:95)
	at org.junit.platform.console.ConsoleLauncher.execute(ConsoleLauncher.java:73)
	at org.junit.platform.console.ConsoleLauncher.execute(ConsoleLauncher.java:50)
	at org.junit.platform.console.ConsoleLauncher.execute(ConsoleLauncher.java:43)
	at org.junit.platform.console.ConsoleLauncher.main(ConsoleLauncher.java:37)
]]></skipped>
<system-out><![CDATA[
unique-id: [engine:junit-jupiter]/[class:minebayd1.test.TestUser]/[test-template:testnext(minebayd1.User)]/[test-template-invocation:#5]
display-name: [5] Lisa a 45 annonces ouvertes, 4 annonces fermées et 3 achats 

]]></system-out>
</testcase>
<testcase name="testnext(User)[6]" classname="minebayd1.test.TestUser" time="0">
<system-out><![CDATA[
unique-id: [engine:junit-jupiter]/[class:minebayd1.test.TestUser]/[test-template:testnext(minebayd1.User)]/[test-template-invocation:#6]
display-name: [6] Adam a 49 annonces ouvertes, 3 annonces fermées et 3 achats 

]]></system-out>
</testcase>
<testcase name="testnext(User)[7]" classname="minebayd1.test.TestUser" time="0">
<system-out><![CDATA[
unique-id: [engine:junit-jupiter]/[class:minebayd1.test.TestUser]/[test-template:testnext(minebayd1.User)]/[test-template-invocation:#7]
display-name: [7] Yanis a 61 annonces ouvertes, 4 annonces fermées et 3 achats 

]]></system-out>
</testcase>
<testcase name="testnext(User)[8]" classname="minebayd1.test.TestUser" time="0.012">
<system-out><![CDATA[
unique-id: [engine:junit-jupiter]/[class:minebayd1.test.TestUser]/[test-template:testnext(minebayd1.User)]/[test-template-invocation:#8]
display-name: [8] Idir a 58 annonces ouvertes, 5 annonces fermées et 4 achats 

]]></system-out>
</testcase>
<testcase name="testnext(User)[9]" classname="minebayd1.test.TestUser" time="0">
<system-out><![CDATA[
unique-id: [engine:junit-jupiter]/[class:minebayd1.test.TestUser]/[test-template:testnext(minebayd1.User)]/[test-template-invocation:#9]
display-name: [9] Chanez a 57 annonces ouvertes, 2 annonces fermées et 1 achats 

]]></system-out>
</testcase>
<testcase name="testnext(User)[10]" classname="minebayd1.test.TestUser" time="0.001">
<system-out><![CDATA[
unique-id: [engine:junit-jupiter]/[class:minebayd1.test.TestUser]/[test-template:testnext(minebayd1.User)]/[test-template-invocation:#10]
display-name: [10] Zahra a 42 annonces ouvertes, 0 annonces fermées et 2 achats 

]]></system-out>
</testcase>
<testcase name="testnext(User)[11]" classname="minebayd1.test.TestUser" time="0">
<skipped><![CDATA[org.opentest4j.TestAbortedException: Assumption failed: assumption is not true
	at org.junit.jupiter.api.Assumptions.throwTestAbortedException(Assumptions.java:256)
	at org.junit.jupiter.api.Assumptions.assumeTrue(Assumptions.java:115)
	at org.junit.jupiter.api.Assumptions.assumeTrue(Assumptions.java:66)
	at minebayd1.test.TestUser.testnext(TestUser.java:1137)
	at java.base/jdk.internal.reflect.NativeMethodAccessorImpl.invoke0(Native Method)
	at java.base/jdk.internal.reflect.NativeMethodAccessorImpl.invoke(NativeMethodAccessorImpl.java:77)
	at java.base/jdk.internal.reflect.DelegatingMethodAccessorImpl.invoke(DelegatingMethodAccessorImpl.java:43)
	at java.base/java.lang.reflect.Method.invoke(Method.java:569)
	at org.junit.platform.commons.util.ReflectionUtils.invokeMethod(ReflectionUtils.java:688)
	at org.junit.jupiter.engine.execution.MethodInvocation.proceed(MethodInvocation.java:60)
	at org.junit.jupiter.engine.execution.InvocationInterceptorChain$ValidatingInvocation.proceed(InvocationInterceptorChain.java:131)
	at org.junit.jupiter.engine.extension.TimeoutExtension.intercept(TimeoutExtension.java:149)
	at org.junit.jupiter.engine.extension.TimeoutExtension.interceptTestableMethod(TimeoutExtension.java:140)
	at org.junit.jupiter.engine.extension.TimeoutExtension.interceptTestTemplateMethod(TimeoutExtension.java:92)
	at org.junit.jupiter.engine.execution.ExecutableInvoker$ReflectiveInterceptorCall.lambda$ofVoidMethod$0(ExecutableInvoker.java:115)
	at org.junit.jupiter.engine.execution.ExecutableInvoker.lambda$invoke$0(ExecutableInvoker.java:105)
	at org.junit.jupiter.engine.execution.InvocationInterceptorChain$InterceptedInvocation.proceed(InvocationInterceptorChain.java:106)
	at org.junit.jupiter.engine.execution.InvocationInterceptorChain.proceed(InvocationInterceptorChain.java:64)
	at org.junit.jupiter.engine.execution.InvocationInterceptorChain.chainAndInvoke(InvocationInterceptorChain.java:45)
	at org.junit.jupiter.engine.execution.InvocationInterceptorChain.invoke(InvocationInterceptorChain.java:37)
	at org.junit.jupiter.engine.execution.ExecutableInvoker.invoke(ExecutableInvoker.java:104)
	at org.junit.jupiter.engine.execution.ExecutableInvoker.invoke(ExecutableInvoker.java:98)
	at org.junit.jupiter.engine.descriptor.TestMethodTestDescriptor.lambda$invokeTestMethod$6(TestMethodTestDescriptor.java:210)
	at org.junit.platform.engine.support.hierarchical.ThrowableCollector.execute(ThrowableCollector.java:73)
	at org.junit.jupiter.engine.descriptor.TestMethodTestDescriptor.invokeTestMethod(TestMethodTestDescriptor.java:206)
	at org.junit.jupiter.engine.descriptor.TestMethodTestDescriptor.execute(TestMethodTestDescriptor.java:131)
	at org.junit.jupiter.engine.descriptor.TestMethodTestDescriptor.execute(TestMethodTestDescriptor.java:65)
	at org.junit.platform.engine.support.hierarchical.NodeTestTask.lambda$executeRecursively$5(NodeTestTask.java:139)
	at org.junit.platform.engine.support.hierarchical.ThrowableCollector.execute(ThrowableCollector.java:73)
	at org.junit.platform.engine.support.hierarchical.NodeTestTask.lambda$executeRecursively$7(NodeTestTask.java:129)
	at org.junit.platform.engine.support.hierarchical.Node.around(Node.java:137)
	at org.junit.platform.engine.support.hierarchical.NodeTestTask.lambda$executeRecursively$8(NodeTestTask.java:127)
	at org.junit.platform.engine.support.hierarchical.ThrowableCollector.execute(ThrowableCollector.java:73)
	at org.junit.platform.engine.support.hierarchical.NodeTestTask.executeRecursively(NodeTestTask.java:126)
	at org.junit.platform.engine.support.hierarchical.NodeTestTask.execute(NodeTestTask.java:84)
	at org.junit.platform.engine.support.hierarchical.SameThreadHierarchicalTestExecutorService.submit(SameThreadHierarchicalTestExecutorService.java:32)
	at org.junit.platform.engine.support.hierarchical.NodeTestTask$DefaultDynamicTestExecutor.execute(NodeTestTask.java:212)
	at org.junit.platform.engine.support.hierarchical.NodeTestTask$DefaultDynamicTestExecutor.execute(NodeTestTask.java:192)
	at org.junit.jupiter.engine.descriptor.TestTemplateTestDescriptor.execute(TestTemplateTestDescriptor.java:139)
	at org.junit.jupiter.engine.descriptor.TestTemplateTestDescriptor.lambda$execute$2(TestTemplateTestDescriptor.java:107)
	at java.base/java.util.stream.ForEachOps$ForEachOp$OfRef.accept(ForEachOps.java:183)
	at java.base/java.util.stream.ReferencePipeline$3$1.accept(ReferencePipeline.java:197)
	at java.base/java.util.stream.ReferencePipeline$2$1.accept(ReferencePipeline.java:179)
	at java.base/java.util.stream.ReferencePipeline$3$1.accept(ReferencePipeline.java:197)
	at java.base/java.util.stream.ForEachOps$ForEachOp$OfRef.accept(ForEachOps.java:183)
	at java.base/java.util.stream.ReferencePipeline$15$1.accept(ReferencePipeline.java:541)
	at java.base/java.util.stream.ReferencePipeline$3$1.accept(ReferencePipeline.java:197)
	at java.base/java.util.stream.ReferencePipeline$3$1.accept(ReferencePipeline.java:197)
	at java.base/java.util.stream.ReferencePipeline$3$1.accept(ReferencePipeline.java:197)
	at java.base/java.util.stream.ForEachOps$ForEachOp$OfRef.accept(ForEachOps.java:183)
	at java.base/java.util.stream.ReferencePipeline$3$1.accept(ReferencePipeline.java:197)
	at java.base/java.util.stream.ForEachOps$ForEachOp$OfRef.accept(ForEachOps.java:183)
	at java.base/java.util.stream.SliceOps$1$1.accept(SliceOps.java:200)
	at java.base/java.util.stream.StreamSpliterators$InfiniteSupplyingSpliterator$OfRef.tryAdvance(StreamSpliterators.java:1358)
	at java.base/java.util.stream.ReferencePipeline.forEachWithCancel(ReferencePipeline.java:129)
	at java.base/java.util.stream.AbstractPipeline.copyIntoWithCancel(AbstractPipeline.java:527)
	at java.base/java.util.stream.AbstractPipeline.copyInto(AbstractPipeline.java:513)
	at java.base/java.util.stream.AbstractPipeline.wrapAndCopyInto(AbstractPipeline.java:499)
	at java.base/java.util.stream.ForEachOps$ForEachOp.evaluateSequential(ForEachOps.java:150)
	at java.base/java.util.stream.ForEachOps$ForEachOp$OfRef.evaluateSequential(ForEachOps.java:173)
	at java.base/java.util.stream.AbstractPipeline.evaluate(AbstractPipeline.java:234)
	at java.base/java.util.stream.ReferencePipeline.forEach(ReferencePipeline.java:596)
	at java.base/java.util.stream.ReferencePipeline$7$1.accept(ReferencePipeline.java:276)
	at java.base/java.util.stream.ReferencePipeline$3$1.accept(ReferencePipeline.java:197)
	at java.base/java.util.stream.ReferencePipeline$3$1.accept(ReferencePipeline.java:197)
	at java.base/java.util.Spliterators$ArraySpliterator.forEachRemaining(Spliterators.java:992)
	at java.base/java.util.stream.AbstractPipeline.copyInto(AbstractPipeline.java:509)
	at java.base/java.util.stream.AbstractPipeline.wrapAndCopyInto(AbstractPipeline.java:499)
	at java.base/java.util.stream.ForEachOps$ForEachOp.evaluateSequential(ForEachOps.java:150)
	at java.base/java.util.stream.ForEachOps$ForEachOp$OfRef.evaluateSequential(ForEachOps.java:173)
	at java.base/java.util.stream.AbstractPipeline.evaluate(AbstractPipeline.java:234)
	at java.base/java.util.stream.ReferencePipeline.forEach(ReferencePipeline.java:596)
	at java.base/java.util.stream.ReferencePipeline$7$1.accept(ReferencePipeline.java:276)
	at java.base/java.util.stream.ReferencePipeline$3$1.accept(ReferencePipeline.java:197)
	at java.base/java.util.stream.ReferencePipeline$3$1.accept(ReferencePipeline.java:197)
	at java.base/java.util.stream.ReferencePipeline$3$1.accept(ReferencePipeline.java:197)
	at java.base/java.util.ArrayList$ArrayListSpliterator.forEachRemaining(ArrayList.java:1625)
	at java.base/java.util.stream.AbstractPipeline.copyInto(AbstractPipeline.java:509)
	at java.base/java.util.stream.AbstractPipeline.wrapAndCopyInto(AbstractPipeline.java:499)
	at java.base/java.util.stream.ForEachOps$ForEachOp.evaluateSequential(ForEachOps.java:150)
	at java.base/java.util.stream.ForEachOps$ForEachOp$OfRef.evaluateSequential(ForEachOps.java:173)
	at java.base/java.util.stream.AbstractPipeline.evaluate(AbstractPipeline.java:234)
	at java.base/java.util.stream.ReferencePipeline.forEach(ReferencePipeline.java:596)
	at java.base/java.util.stream.ReferencePipeline$7$1.accept(ReferencePipeline.java:276)
	at java.base/java.util.ArrayList$ArrayListSpliterator.forEachRemaining(ArrayList.java:1625)
	at java.base/java.util.stream.AbstractPipeline.copyInto(AbstractPipeline.java:509)
	at java.base/java.util.stream.AbstractPipeline.wrapAndCopyInto(AbstractPipeline.java:499)
	at java.base/java.util.stream.ForEachOps$ForEachOp.evaluateSequential(ForEachOps.java:150)
	at java.base/java.util.stream.ForEachOps$ForEachOp$OfRef.evaluateSequential(ForEachOps.java:173)
	at java.base/java.util.stream.AbstractPipeline.evaluate(AbstractPipeline.java:234)
	at java.base/java.util.stream.ReferencePipeline.forEach(ReferencePipeline.java:596)
	at org.junit.jupiter.engine.descriptor.TestTemplateTestDescriptor.execute(TestTemplateTestDescriptor.java:107)
	at org.junit.jupiter.engine.descriptor.TestTemplateTestDescriptor.execute(TestTemplateTestDescriptor.java:42)
	at org.junit.platform.engine.support.hierarchical.NodeTestTask.lambda$executeRecursively$5(NodeTestTask.java:139)
	at org.junit.platform.engine.support.hierarchical.ThrowableCollector.execute(ThrowableCollector.java:73)
	at org.junit.platform.engine.support.hierarchical.NodeTestTask.lambda$executeRecursively$7(NodeTestTask.java:129)
	at org.junit.platform.engine.support.hierarchical.Node.around(Node.java:137)
	at org.junit.platform.engine.support.hierarchical.NodeTestTask.lambda$executeRecursively$8(NodeTestTask.java:127)
	at org.junit.platform.engine.support.hierarchical.ThrowableCollector.execute(ThrowableCollector.java:73)
	at org.junit.platform.engine.support.hierarchical.NodeTestTask.executeRecursively(NodeTestTask.java:126)
	at org.junit.platform.engine.support.hierarchical.NodeTestTask.execute(NodeTestTask.java:84)
	at java.base/java.util.ArrayList.forEach(ArrayList.java:1511)
	at org.junit.platform.engine.support.hierarchical.SameThreadHierarchicalTestExecutorService.invokeAll(SameThreadHierarchicalTestExecutorService.java:38)
	at org.junit.platform.engine.support.hierarchical.NodeTestTask.lambda$executeRecursively$5(NodeTestTask.java:143)
	at org.junit.platform.engine.support.hierarchical.ThrowableCollector.execute(ThrowableCollector.java:73)
	at org.junit.platform.engine.support.hierarchical.NodeTestTask.lambda$executeRecursively$7(NodeTestTask.java:129)
	at org.junit.platform.engine.support.hierarchical.Node.around(Node.java:137)
	at org.junit.platform.engine.support.hierarchical.NodeTestTask.lambda$executeRecursively$8(NodeTestTask.java:127)
	at org.junit.platform.engine.support.hierarchical.ThrowableCollector.execute(ThrowableCollector.java:73)
	at org.junit.platform.engine.support.hierarchical.NodeTestTask.executeRecursively(NodeTestTask.java:126)
	at org.junit.platform.engine.support.hierarchical.NodeTestTask.execute(NodeTestTask.java:84)
	at java.base/java.util.ArrayList.forEach(ArrayList.java:1511)
	at org.junit.platform.engine.support.hierarchical.SameThreadHierarchicalTestExecutorService.invokeAll(SameThreadHierarchicalTestExecutorService.java:38)
	at org.junit.platform.engine.support.hierarchical.NodeTestTask.lambda$executeRecursively$5(NodeTestTask.java:143)
	at org.junit.platform.engine.support.hierarchical.ThrowableCollector.execute(ThrowableCollector.java:73)
	at org.junit.platform.engine.support.hierarchical.NodeTestTask.lambda$executeRecursively$7(NodeTestTask.java:129)
	at org.junit.platform.engine.support.hierarchical.Node.around(Node.java:137)
	at org.junit.platform.engine.support.hierarchical.NodeTestTask.lambda$executeRecursively$8(NodeTestTask.java:127)
	at org.junit.platform.engine.support.hierarchical.ThrowableCollector.execute(ThrowableCollector.java:73)
	at org.junit.platform.engine.support.hierarchical.NodeTestTask.executeRecursively(NodeTestTask.java:126)
	at org.junit.platform.engine.support.hierarchical.NodeTestTask.execute(NodeTestTask.java:84)
	at org.junit.platform.engine.support.hierarchical.SameThreadHierarchicalTestExecutorService.submit(SameThreadHierarchicalTestExecutorService.java:32)
	at org.junit.platform.engine.support.hierarchical.HierarchicalTestExecutor.execute(HierarchicalTestExecutor.java:57)
	at org.junit.platform.engine.support.hierarchical.HierarchicalTestEngine.execute(HierarchicalTestEngine.java:51)
	at org.junit.platform.launcher.core.EngineExecutionOrchestrator.execute(EngineExecutionOrchestrator.java:108)
	at org.junit.platform.launcher.core.EngineExecutionOrchestrator.execute(EngineExecutionOrchestrator.java:88)
	at org.junit.platform.launcher.core.EngineExecutionOrchestrator.lambda$execute$0(EngineExecutionOrchestrator.java:54)
	at org.junit.platform.launcher.core.EngineExecutionOrchestrator.withInterceptedStreams(EngineExecutionOrchestrator.java:67)
	at org.junit.platform.launcher.core.EngineExecutionOrchestrator.execute(EngineExecutionOrchestrator.java:52)
	at org.junit.platform.launcher.core.DefaultLauncher.execute(DefaultLauncher.java:96)
	at org.junit.platform.launcher.core.DefaultLauncher.execute(DefaultLauncher.java:75)
	at org.junit.platform.console.tasks.ConsoleTestExecutor.executeTests(ConsoleTestExecutor.java:66)
	at org.junit.platform.console.tasks.ConsoleTestExecutor.lambda$execute$0(ConsoleTestExecutor.java:58)
	at org.junit.platform.console.tasks.CustomContextClassLoaderExecutor.replaceThreadContextClassLoaderAndInvoke(CustomContextClassLoaderExecutor.java:41)
	at org.junit.platform.console.tasks.CustomContextClassLoaderExecutor.invoke(CustomContextClassLoaderExecutor.java:31)
	at org.junit.platform.console.tasks.ConsoleTestExecutor.execute(ConsoleTestExecutor.java:58)
	at org.junit.platform.console.ConsoleLauncher.executeTests(ConsoleLauncher.java:95)
	at org.junit.platform.console.ConsoleLauncher.execute(ConsoleLauncher.java:73)
	at org.junit.platform.console.ConsoleLauncher.execute(ConsoleLauncher.java:50)
	at org.junit.platform.console.ConsoleLauncher.execute(ConsoleLauncher.java:43)
	at org.junit.platform.console.ConsoleLauncher.main(ConsoleLauncher.java:37)
]]></skipped>
<system-out><![CDATA[
unique-id: [engine:junit-jupiter]/[class:minebayd1.test.TestUser]/[test-template:testnext(minebayd1.User)]/[test-template-invocation:#11]
display-name: [11] Lisa a 45 annonces ouvertes, 4 annonces fermées et 3 achats 

]]></system-out>
</testcase>
<testcase name="testnext(User)[12]" classname="minebayd1.test.TestUser" time="0.002">
<system-out><![CDATA[
unique-id: [engine:junit-jupiter]/[class:minebayd1.test.TestUser]/[test-template:testnext(minebayd1.User)]/[test-template-invocation:#12]
display-name: [12] Adam a 49 annonces ouvertes, 3 annonces fermées et 3 achats 

]]></system-out>
</testcase>
<testcase name="testnext(User)[13]" classname="minebayd1.test.TestUser" time="0">
<skipped><![CDATA[org.opentest4j.TestAbortedException: Assumption failed: assumption is not true
	at org.junit.jupiter.api.Assumptions.throwTestAbortedException(Assumptions.java:256)
	at org.junit.jupiter.api.Assumptions.assumeTrue(Assumptions.java:115)
	at org.junit.jupiter.api.Assumptions.assumeTrue(Assumptions.java:66)
	at minebayd1.test.TestUser.testnext(TestUser.java:1137)
	at java.base/jdk.internal.reflect.NativeMethodAccessorImpl.invoke0(Native Method)
	at java.base/jdk.internal.reflect.NativeMethodAccessorImpl.invoke(NativeMethodAccessorImpl.java:77)
	at java.base/jdk.internal.reflect.DelegatingMethodAccessorImpl.invoke(DelegatingMethodAccessorImpl.java:43)
	at java.base/java.lang.reflect.Method.invoke(Method.java:569)
	at org.junit.platform.commons.util.ReflectionUtils.invokeMethod(ReflectionUtils.java:688)
	at org.junit.jupiter.engine.execution.MethodInvocation.proceed(MethodInvocation.java:60)
	at org.junit.jupiter.engine.execution.InvocationInterceptorChain$ValidatingInvocation.proceed(InvocationInterceptorChain.java:131)
	at org.junit.jupiter.engine.extension.TimeoutExtension.intercept(TimeoutExtension.java:149)
	at org.junit.jupiter.engine.extension.TimeoutExtension.interceptTestableMethod(TimeoutExtension.java:140)
	at org.junit.jupiter.engine.extension.TimeoutExtension.interceptTestTemplateMethod(TimeoutExtension.java:92)
	at org.junit.jupiter.engine.execution.ExecutableInvoker$ReflectiveInterceptorCall.lambda$ofVoidMethod$0(ExecutableInvoker.java:115)
	at org.junit.jupiter.engine.execution.ExecutableInvoker.lambda$invoke$0(ExecutableInvoker.java:105)
	at org.junit.jupiter.engine.execution.InvocationInterceptorChain$InterceptedInvocation.proceed(InvocationInterceptorChain.java:106)
	at org.junit.jupiter.engine.execution.InvocationInterceptorChain.proceed(InvocationInterceptorChain.java:64)
	at org.junit.jupiter.engine.execution.InvocationInterceptorChain.chainAndInvoke(InvocationInterceptorChain.java:45)
	at org.junit.jupiter.engine.execution.InvocationInterceptorChain.invoke(InvocationInterceptorChain.java:37)
	at org.junit.jupiter.engine.execution.ExecutableInvoker.invoke(ExecutableInvoker.java:104)
	at org.junit.jupiter.engine.execution.ExecutableInvoker.invoke(ExecutableInvoker.java:98)
	at org.junit.jupiter.engine.descriptor.TestMethodTestDescriptor.lambda$invokeTestMethod$6(TestMethodTestDescriptor.java:210)
	at org.junit.platform.engine.support.hierarchical.ThrowableCollector.execute(ThrowableCollector.java:73)
	at org.junit.jupiter.engine.descriptor.TestMethodTestDescriptor.invokeTestMethod(TestMethodTestDescriptor.java:206)
	at org.junit.jupiter.engine.descriptor.TestMethodTestDescriptor.execute(TestMethodTestDescriptor.java:131)
	at org.junit.jupiter.engine.descriptor.TestMethodTestDescriptor.execute(TestMethodTestDescriptor.java:65)
	at org.junit.platform.engine.support.hierarchical.NodeTestTask.lambda$executeRecursively$5(NodeTestTask.java:139)
	at org.junit.platform.engine.support.hierarchical.ThrowableCollector.execute(ThrowableCollector.java:73)
	at org.junit.platform.engine.support.hierarchical.NodeTestTask.lambda$executeRecursively$7(NodeTestTask.java:129)
	at org.junit.platform.engine.support.hierarchical.Node.around(Node.java:137)
	at org.junit.platform.engine.support.hierarchical.NodeTestTask.lambda$executeRecursively$8(NodeTestTask.java:127)
	at org.junit.platform.engine.support.hierarchical.ThrowableCollector.execute(ThrowableCollector.java:73)
	at org.junit.platform.engine.support.hierarchical.NodeTestTask.executeRecursively(NodeTestTask.java:126)
	at org.junit.platform.engine.support.hierarchical.NodeTestTask.execute(NodeTestTask.java:84)
	at org.junit.platform.engine.support.hierarchical.SameThreadHierarchicalTestExecutorService.submit(SameThreadHierarchicalTestExecutorService.java:32)
	at org.junit.platform.engine.support.hierarchical.NodeTestTask$DefaultDynamicTestExecutor.execute(NodeTestTask.java:212)
	at org.junit.platform.engine.support.hierarchical.NodeTestTask$DefaultDynamicTestExecutor.execute(NodeTestTask.java:192)
	at org.junit.jupiter.engine.descriptor.TestTemplateTestDescriptor.execute(TestTemplateTestDescriptor.java:139)
	at org.junit.jupiter.engine.descriptor.TestTemplateTestDescriptor.lambda$execute$2(TestTemplateTestDescriptor.java:107)
	at java.base/java.util.stream.ForEachOps$ForEachOp$OfRef.accept(ForEachOps.java:183)
	at java.base/java.util.stream.ReferencePipeline$3$1.accept(ReferencePipeline.java:197)
	at java.base/java.util.stream.ReferencePipeline$2$1.accept(ReferencePipeline.java:179)
	at java.base/java.util.stream.ReferencePipeline$3$1.accept(ReferencePipeline.java:197)
	at java.base/java.util.stream.ForEachOps$ForEachOp$OfRef.accept(ForEachOps.java:183)
	at java.base/java.util.stream.ReferencePipeline$15$1.accept(ReferencePipeline.java:541)
	at java.base/java.util.stream.ReferencePipeline$3$1.accept(ReferencePipeline.java:197)
	at java.base/java.util.stream.ReferencePipeline$3$1.accept(ReferencePipeline.java:197)
	at java.base/java.util.stream.ReferencePipeline$3$1.accept(ReferencePipeline.java:197)
	at java.base/java.util.stream.ForEachOps$ForEachOp$OfRef.accept(ForEachOps.java:183)
	at java.base/java.util.stream.ReferencePipeline$3$1.accept(ReferencePipeline.java:197)
	at java.base/java.util.stream.ForEachOps$ForEachOp$OfRef.accept(ForEachOps.java:183)
	at java.base/java.util.stream.SliceOps$1$1.accept(SliceOps.java:200)
	at java.base/java.util.stream.StreamSpliterators$InfiniteSupplyingSpliterator$OfRef.tryAdvance(StreamSpliterators.java:1358)
	at java.base/java.util.stream.ReferencePipeline.forEachWithCancel(ReferencePipeline.java:129)
	at java.base/java.util.stream.AbstractPipeline.copyIntoWithCancel(AbstractPipeline.java:527)
	at java.base/java.util.stream.AbstractPipeline.copyInto(AbstractPipeline.java:513)
	at java.base/java.util.stream.AbstractPipeline.wrapAndCopyInto(AbstractPipeline.java:499)
	at java.base/java.util.stream.ForEachOps$ForEachOp.evaluateSequential(ForEachOps.java:150)
	at java.base/java.util.stream.ForEachOps$ForEachOp$OfRef.evaluateSequential(ForEachOps.java:173)
	at java.base/java.util.stream.AbstractPipeline.evaluate(AbstractPipeline.java:234)
	at java.base/java.util.stream.ReferencePipeline.forEach(ReferencePipeline.java:596)
	at java.base/java.util.stream.ReferencePipeline$7$1.accept(ReferencePipeline.java:276)
	at java.base/java.util.stream.ReferencePipeline$3$1.accept(ReferencePipeline.java:197)
	at java.base/java.util.stream.ReferencePipeline$3$1.accept(ReferencePipeline.java:197)
	at java.base/java.util.Spliterators$ArraySpliterator.forEachRemaining(Spliterators.java:992)
	at java.base/java.util.stream.AbstractPipeline.copyInto(AbstractPipeline.java:509)
	at java.base/java.util.stream.AbstractPipeline.wrapAndCopyInto(AbstractPipeline.java:499)
	at java.base/java.util.stream.ForEachOps$ForEachOp.evaluateSequential(ForEachOps.java:150)
	at java.base/java.util.stream.ForEachOps$ForEachOp$OfRef.evaluateSequential(ForEachOps.java:173)
	at java.base/java.util.stream.AbstractPipeline.evaluate(AbstractPipeline.java:234)
	at java.base/java.util.stream.ReferencePipeline.forEach(ReferencePipeline.java:596)
	at java.base/java.util.stream.ReferencePipeline$7$1.accept(ReferencePipeline.java:276)
	at java.base/java.util.stream.ReferencePipeline$3$1.accept(ReferencePipeline.java:197)
	at java.base/java.util.stream.ReferencePipeline$3$1.accept(ReferencePipeline.java:197)
	at java.base/java.util.stream.ReferencePipeline$3$1.accept(ReferencePipeline.java:197)
	at java.base/java.util.ArrayList$ArrayListSpliterator.forEachRemaining(ArrayList.java:1625)
	at java.base/java.util.stream.AbstractPipeline.copyInto(AbstractPipeline.java:509)
	at java.base/java.util.stream.AbstractPipeline.wrapAndCopyInto(AbstractPipeline.java:499)
	at java.base/java.util.stream.ForEachOps$ForEachOp.evaluateSequential(ForEachOps.java:150)
	at java.base/java.util.stream.ForEachOps$ForEachOp$OfRef.evaluateSequential(ForEachOps.java:173)
	at java.base/java.util.stream.AbstractPipeline.evaluate(AbstractPipeline.java:234)
	at java.base/java.util.stream.ReferencePipeline.forEach(ReferencePipeline.java:596)
	at java.base/java.util.stream.ReferencePipeline$7$1.accept(ReferencePipeline.java:276)
	at java.base/java.util.ArrayList$ArrayListSpliterator.forEachRemaining(ArrayList.java:1625)
	at java.base/java.util.stream.AbstractPipeline.copyInto(AbstractPipeline.java:509)
	at java.base/java.util.stream.AbstractPipeline.wrapAndCopyInto(AbstractPipeline.java:499)
	at java.base/java.util.stream.ForEachOps$ForEachOp.evaluateSequential(ForEachOps.java:150)
	at java.base/java.util.stream.ForEachOps$ForEachOp$OfRef.evaluateSequential(ForEachOps.java:173)
	at java.base/java.util.stream.AbstractPipeline.evaluate(AbstractPipeline.java:234)
	at java.base/java.util.stream.ReferencePipeline.forEach(ReferencePipeline.java:596)
	at org.junit.jupiter.engine.descriptor.TestTemplateTestDescriptor.execute(TestTemplateTestDescriptor.java:107)
	at org.junit.jupiter.engine.descriptor.TestTemplateTestDescriptor.execute(TestTemplateTestDescriptor.java:42)
	at org.junit.platform.engine.support.hierarchical.NodeTestTask.lambda$executeRecursively$5(NodeTestTask.java:139)
	at org.junit.platform.engine.support.hierarchical.ThrowableCollector.execute(ThrowableCollector.java:73)
	at org.junit.platform.engine.support.hierarchical.NodeTestTask.lambda$executeRecursively$7(NodeTestTask.java:129)
	at org.junit.platform.engine.support.hierarchical.Node.around(Node.java:137)
	at org.junit.platform.engine.support.hierarchical.NodeTestTask.lambda$executeRecursively$8(NodeTestTask.java:127)
	at org.junit.platform.engine.support.hierarchical.ThrowableCollector.execute(ThrowableCollector.java:73)
	at org.junit.platform.engine.support.hierarchical.NodeTestTask.executeRecursively(NodeTestTask.java:126)
	at org.junit.platform.engine.support.hierarchical.NodeTestTask.execute(NodeTestTask.java:84)
	at java.base/java.util.ArrayList.forEach(ArrayList.java:1511)
	at org.junit.platform.engine.support.hierarchical.SameThreadHierarchicalTestExecutorService.invokeAll(SameThreadHierarchicalTestExecutorService.java:38)
	at org.junit.platform.engine.support.hierarchical.NodeTestTask.lambda$executeRecursively$5(NodeTestTask.java:143)
	at org.junit.platform.engine.support.hierarchical.ThrowableCollector.execute(ThrowableCollector.java:73)
	at org.junit.platform.engine.support.hierarchical.NodeTestTask.lambda$executeRecursively$7(NodeTestTask.java:129)
	at org.junit.platform.engine.support.hierarchical.Node.around(Node.java:137)
	at org.junit.platform.engine.support.hierarchical.NodeTestTask.lambda$executeRecursively$8(NodeTestTask.java:127)
	at org.junit.platform.engine.support.hierarchical.ThrowableCollector.execute(ThrowableCollector.java:73)
	at org.junit.platform.engine.support.hierarchical.NodeTestTask.executeRecursively(NodeTestTask.java:126)
	at org.junit.platform.engine.support.hierarchical.NodeTestTask.execute(NodeTestTask.java:84)
	at java.base/java.util.ArrayList.forEach(ArrayList.java:1511)
	at org.junit.platform.engine.support.hierarchical.SameThreadHierarchicalTestExecutorService.invokeAll(SameThreadHierarchicalTestExecutorService.java:38)
	at org.junit.platform.engine.support.hierarchical.NodeTestTask.lambda$executeRecursively$5(NodeTestTask.java:143)
	at org.junit.platform.engine.support.hierarchical.ThrowableCollector.execute(ThrowableCollector.java:73)
	at org.junit.platform.engine.support.hierarchical.NodeTestTask.lambda$executeRecursively$7(NodeTestTask.java:129)
	at org.junit.platform.engine.support.hierarchical.Node.around(Node.java:137)
	at org.junit.platform.engine.support.hierarchical.NodeTestTask.lambda$executeRecursively$8(NodeTestTask.java:127)
	at org.junit.platform.engine.support.hierarchical.ThrowableCollector.execute(ThrowableCollector.java:73)
	at org.junit.platform.engine.support.hierarchical.NodeTestTask.executeRecursively(NodeTestTask.java:126)
	at org.junit.platform.engine.support.hierarchical.NodeTestTask.execute(NodeTestTask.java:84)
	at org.junit.platform.engine.support.hierarchical.SameThreadHierarchicalTestExecutorService.submit(SameThreadHierarchicalTestExecutorService.java:32)
	at org.junit.platform.engine.support.hierarchical.HierarchicalTestExecutor.execute(HierarchicalTestExecutor.java:57)
	at org.junit.platform.engine.support.hierarchical.HierarchicalTestEngine.execute(HierarchicalTestEngine.java:51)
	at org.junit.platform.launcher.core.EngineExecutionOrchestrator.execute(EngineExecutionOrchestrator.java:108)
	at org.junit.platform.launcher.core.EngineExecutionOrchestrator.execute(EngineExecutionOrchestrator.java:88)
	at org.junit.platform.launcher.core.EngineExecutionOrchestrator.lambda$execute$0(EngineExecutionOrchestrator.java:54)
	at org.junit.platform.launcher.core.EngineExecutionOrchestrator.withInterceptedStreams(EngineExecutionOrchestrator.java:67)
	at org.junit.platform.launcher.core.EngineExecutionOrchestrator.execute(EngineExecutionOrchestrator.java:52)
	at org.junit.platform.launcher.core.DefaultLauncher.execute(DefaultLauncher.java:96)
	at org.junit.platform.launcher.core.DefaultLauncher.execute(DefaultLauncher.java:75)
	at org.junit.platform.console.tasks.ConsoleTestExecutor.executeTests(ConsoleTestExecutor.java:66)
	at org.junit.platform.console.tasks.ConsoleTestExecutor.lambda$execute$0(ConsoleTestExecutor.java:58)
	at org.junit.platform.console.tasks.CustomContextClassLoaderExecutor.replaceThreadContextClassLoaderAndInvoke(CustomContextClassLoaderExecutor.java:41)
	at org.junit.platform.console.tasks.CustomContextClassLoaderExecutor.invoke(CustomContextClassLoaderExecutor.java:31)
	at org.junit.platform.console.tasks.ConsoleTestExecutor.execute(ConsoleTestExecutor.java:58)
	at org.junit.platform.console.ConsoleLauncher.executeTests(ConsoleLauncher.java:95)
	at org.junit.platform.console.ConsoleLauncher.execute(ConsoleLauncher.java:73)
	at org.junit.platform.console.ConsoleLauncher.execute(ConsoleLauncher.java:50)
	at org.junit.platform.console.ConsoleLauncher.execute(ConsoleLauncher.java:43)
	at org.junit.platform.console.ConsoleLauncher.main(ConsoleLauncher.java:37)
]]></skipped>
<system-out><![CDATA[
unique-id: [engine:junit-jupiter]/[class:minebayd1.test.TestUser]/[test-template:testnext(minebayd1.User)]/[test-template-invocation:#13]
display-name: [13] Sonia a 47 annonces ouvertes, 2 annonces fermées et 2 achats 

]]></system-out>
</testcase>
<testcase name="testnext(User)[14]" classname="minebayd1.test.TestUser" time="0">
<skipped><![CDATA[org.opentest4j.TestAbortedException: Assumption failed: assumption is not true
	at org.junit.jupiter.api.Assumptions.throwTestAbortedException(Assumptions.java:256)
	at org.junit.jupiter.api.Assumptions.assumeTrue(Assumptions.java:115)
	at org.junit.jupiter.api.Assumptions.assumeTrue(Assumptions.java:66)
	at minebayd1.test.TestUser.testnext(TestUser.java:1137)
	at java.base/jdk.internal.reflect.NativeMethodAccessorImpl.invoke0(Native Method)
	at java.base/jdk.internal.reflect.NativeMethodAccessorImpl.invoke(NativeMethodAccessorImpl.java:77)
	at java.base/jdk.internal.reflect.DelegatingMethodAccessorImpl.invoke(DelegatingMethodAccessorImpl.java:43)
	at java.base/java.lang.reflect.Method.invoke(Method.java:569)
	at org.junit.platform.commons.util.ReflectionUtils.invokeMethod(ReflectionUtils.java:688)
	at org.junit.jupiter.engine.execution.MethodInvocation.proceed(MethodInvocation.java:60)
	at org.junit.jupiter.engine.execution.InvocationInterceptorChain$ValidatingInvocation.proceed(InvocationInterceptorChain.java:131)
	at org.junit.jupiter.engine.extension.TimeoutExtension.intercept(TimeoutExtension.java:149)
	at org.junit.jupiter.engine.extension.TimeoutExtension.interceptTestableMethod(TimeoutExtension.java:140)
	at org.junit.jupiter.engine.extension.TimeoutExtension.interceptTestTemplateMethod(TimeoutExtension.java:92)
	at org.junit.jupiter.engine.execution.ExecutableInvoker$ReflectiveInterceptorCall.lambda$ofVoidMethod$0(ExecutableInvoker.java:115)
	at org.junit.jupiter.engine.execution.ExecutableInvoker.lambda$invoke$0(ExecutableInvoker.java:105)
	at org.junit.jupiter.engine.execution.InvocationInterceptorChain$InterceptedInvocation.proceed(InvocationInterceptorChain.java:106)
	at org.junit.jupiter.engine.execution.InvocationInterceptorChain.proceed(InvocationInterceptorChain.java:64)
	at org.junit.jupiter.engine.execution.InvocationInterceptorChain.chainAndInvoke(InvocationInterceptorChain.java:45)
	at org.junit.jupiter.engine.execution.InvocationInterceptorChain.invoke(InvocationInterceptorChain.java:37)
	at org.junit.jupiter.engine.execution.ExecutableInvoker.invoke(ExecutableInvoker.java:104)
	at org.junit.jupiter.engine.execution.ExecutableInvoker.invoke(ExecutableInvoker.java:98)
	at org.junit.jupiter.engine.descriptor.TestMethodTestDescriptor.lambda$invokeTestMethod$6(TestMethodTestDescriptor.java:210)
	at org.junit.platform.engine.support.hierarchical.ThrowableCollector.execute(ThrowableCollector.java:73)
	at org.junit.jupiter.engine.descriptor.TestMethodTestDescriptor.invokeTestMethod(TestMethodTestDescriptor.java:206)
	at org.junit.jupiter.engine.descriptor.TestMethodTestDescriptor.execute(TestMethodTestDescriptor.java:131)
	at org.junit.jupiter.engine.descriptor.TestMethodTestDescriptor.execute(TestMethodTestDescriptor.java:65)
	at org.junit.platform.engine.support.hierarchical.NodeTestTask.lambda$executeRecursively$5(NodeTestTask.java:139)
	at org.junit.platform.engine.support.hierarchical.ThrowableCollector.execute(ThrowableCollector.java:73)
	at org.junit.platform.engine.support.hierarchical.NodeTestTask.lambda$executeRecursively$7(NodeTestTask.java:129)
	at org.junit.platform.engine.support.hierarchical.Node.around(Node.java:137)
	at org.junit.platform.engine.support.hierarchical.NodeTestTask.lambda$executeRecursively$8(NodeTestTask.java:127)
	at org.junit.platform.engine.support.hierarchical.ThrowableCollector.execute(ThrowableCollector.java:73)
	at org.junit.platform.engine.support.hierarchical.NodeTestTask.executeRecursively(NodeTestTask.java:126)
	at org.junit.platform.engine.support.hierarchical.NodeTestTask.execute(NodeTestTask.java:84)
	at org.junit.platform.engine.support.hierarchical.SameThreadHierarchicalTestExecutorService.submit(SameThreadHierarchicalTestExecutorService.java:32)
	at org.junit.platform.engine.support.hierarchical.NodeTestTask$DefaultDynamicTestExecutor.execute(NodeTestTask.java:212)
	at org.junit.platform.engine.support.hierarchical.NodeTestTask$DefaultDynamicTestExecutor.execute(NodeTestTask.java:192)
	at org.junit.jupiter.engine.descriptor.TestTemplateTestDescriptor.execute(TestTemplateTestDescriptor.java:139)
	at org.junit.jupiter.engine.descriptor.TestTemplateTestDescriptor.lambda$execute$2(TestTemplateTestDescriptor.java:107)
	at java.base/java.util.stream.ForEachOps$ForEachOp$OfRef.accept(ForEachOps.java:183)
	at java.base/java.util.stream.ReferencePipeline$3$1.accept(ReferencePipeline.java:197)
	at java.base/java.util.stream.ReferencePipeline$2$1.accept(ReferencePipeline.java:179)
	at java.base/java.util.stream.ReferencePipeline$3$1.accept(ReferencePipeline.java:197)
	at java.base/java.util.stream.ForEachOps$ForEachOp$OfRef.accept(ForEachOps.java:183)
	at java.base/java.util.stream.ReferencePipeline$15$1.accept(ReferencePipeline.java:541)
	at java.base/java.util.stream.ReferencePipeline$3$1.accept(ReferencePipeline.java:197)
	at java.base/java.util.stream.ReferencePipeline$3$1.accept(ReferencePipeline.java:197)
	at java.base/java.util.stream.ReferencePipeline$3$1.accept(ReferencePipeline.java:197)
	at java.base/java.util.stream.ForEachOps$ForEachOp$OfRef.accept(ForEachOps.java:183)
	at java.base/java.util.stream.ReferencePipeline$3$1.accept(ReferencePipeline.java:197)
	at java.base/java.util.stream.ForEachOps$ForEachOp$OfRef.accept(ForEachOps.java:183)
	at java.base/java.util.stream.SliceOps$1$1.accept(SliceOps.java:200)
	at java.base/java.util.stream.StreamSpliterators$InfiniteSupplyingSpliterator$OfRef.tryAdvance(StreamSpliterators.java:1358)
	at java.base/java.util.stream.ReferencePipeline.forEachWithCancel(ReferencePipeline.java:129)
	at java.base/java.util.stream.AbstractPipeline.copyIntoWithCancel(AbstractPipeline.java:527)
	at java.base/java.util.stream.AbstractPipeline.copyInto(AbstractPipeline.java:513)
	at java.base/java.util.stream.AbstractPipeline.wrapAndCopyInto(AbstractPipeline.java:499)
	at java.base/java.util.stream.ForEachOps$ForEachOp.evaluateSequential(ForEachOps.java:150)
	at java.base/java.util.stream.ForEachOps$ForEachOp$OfRef.evaluateSequential(ForEachOps.java:173)
	at java.base/java.util.stream.AbstractPipeline.evaluate(AbstractPipeline.java:234)
	at java.base/java.util.stream.ReferencePipeline.forEach(ReferencePipeline.java:596)
	at java.base/java.util.stream.ReferencePipeline$7$1.accept(ReferencePipeline.java:276)
	at java.base/java.util.stream.ReferencePipeline$3$1.accept(ReferencePipeline.java:197)
	at java.base/java.util.stream.ReferencePipeline$3$1.accept(ReferencePipeline.java:197)
	at java.base/java.util.Spliterators$ArraySpliterator.forEachRemaining(Spliterators.java:992)
	at java.base/java.util.stream.AbstractPipeline.copyInto(AbstractPipeline.java:509)
	at java.base/java.util.stream.AbstractPipeline.wrapAndCopyInto(AbstractPipeline.java:499)
	at java.base/java.util.stream.ForEachOps$ForEachOp.evaluateSequential(ForEachOps.java:150)
	at java.base/java.util.stream.ForEachOps$ForEachOp$OfRef.evaluateSequential(ForEachOps.java:173)
	at java.base/java.util.stream.AbstractPipeline.evaluate(AbstractPipeline.java:234)
	at java.base/java.util.stream.ReferencePipeline.forEach(ReferencePipeline.java:596)
	at java.base/java.util.stream.ReferencePipeline$7$1.accept(ReferencePipeline.java:276)
	at java.base/java.util.stream.ReferencePipeline$3$1.accept(ReferencePipeline.java:197)
	at java.base/java.util.stream.ReferencePipeline$3$1.accept(ReferencePipeline.java:197)
	at java.base/java.util.stream.ReferencePipeline$3$1.accept(ReferencePipeline.java:197)
	at java.base/java.util.ArrayList$ArrayListSpliterator.forEachRemaining(ArrayList.java:1625)
	at java.base/java.util.stream.AbstractPipeline.copyInto(AbstractPipeline.java:509)
	at java.base/java.util.stream.AbstractPipeline.wrapAndCopyInto(AbstractPipeline.java:499)
	at java.base/java.util.stream.ForEachOps$ForEachOp.evaluateSequential(ForEachOps.java:150)
	at java.base/java.util.stream.ForEachOps$ForEachOp$OfRef.evaluateSequential(ForEachOps.java:173)
	at java.base/java.util.stream.AbstractPipeline.evaluate(AbstractPipeline.java:234)
	at java.base/java.util.stream.ReferencePipeline.forEach(ReferencePipeline.java:596)
	at java.base/java.util.stream.ReferencePipeline$7$1.accept(ReferencePipeline.java:276)
	at java.base/java.util.ArrayList$ArrayListSpliterator.forEachRemaining(ArrayList.java:1625)
	at java.base/java.util.stream.AbstractPipeline.copyInto(AbstractPipeline.java:509)
	at java.base/java.util.stream.AbstractPipeline.wrapAndCopyInto(AbstractPipeline.java:499)
	at java.base/java.util.stream.ForEachOps$ForEachOp.evaluateSequential(ForEachOps.java:150)
	at java.base/java.util.stream.ForEachOps$ForEachOp$OfRef.evaluateSequential(ForEachOps.java:173)
	at java.base/java.util.stream.AbstractPipeline.evaluate(AbstractPipeline.java:234)
	at java.base/java.util.stream.ReferencePipeline.forEach(ReferencePipeline.java:596)
	at org.junit.jupiter.engine.descriptor.TestTemplateTestDescriptor.execute(TestTemplateTestDescriptor.java:107)
	at org.junit.jupiter.engine.descriptor.TestTemplateTestDescriptor.execute(TestTemplateTestDescriptor.java:42)
	at org.junit.platform.engine.support.hierarchical.NodeTestTask.lambda$executeRecursively$5(NodeTestTask.java:139)
	at org.junit.platform.engine.support.hierarchical.ThrowableCollector.execute(ThrowableCollector.java:73)
	at org.junit.platform.engine.support.hierarchical.NodeTestTask.lambda$executeRecursively$7(NodeTestTask.java:129)
	at org.junit.platform.engine.support.hierarchical.Node.around(Node.java:137)
	at org.junit.platform.engine.support.hierarchical.NodeTestTask.lambda$executeRecursively$8(NodeTestTask.java:127)
	at org.junit.platform.engine.support.hierarchical.ThrowableCollector.execute(ThrowableCollector.java:73)
	at org.junit.platform.engine.support.hierarchical.NodeTestTask.executeRecursively(NodeTestTask.java:126)
	at org.junit.platform.engine.support.hierarchical.NodeTestTask.execute(NodeTestTask.java:84)
	at java.base/java.util.ArrayList.forEach(ArrayList.java:1511)
	at org.junit.platform.engine.support.hierarchical.SameThreadHierarchicalTestExecutorService.invokeAll(SameThreadHierarchicalTestExecutorService.java:38)
	at org.junit.platform.engine.support.hierarchical.NodeTestTask.lambda$executeRecursively$5(NodeTestTask.java:143)
	at org.junit.platform.engine.support.hierarchical.ThrowableCollector.execute(ThrowableCollector.java:73)
	at org.junit.platform.engine.support.hierarchical.NodeTestTask.lambda$executeRecursively$7(NodeTestTask.java:129)
	at org.junit.platform.engine.support.hierarchical.Node.around(Node.java:137)
	at org.junit.platform.engine.support.hierarchical.NodeTestTask.lambda$executeRecursively$8(NodeTestTask.java:127)
	at org.junit.platform.engine.support.hierarchical.ThrowableCollector.execute(ThrowableCollector.java:73)
	at org.junit.platform.engine.support.hierarchical.NodeTestTask.executeRecursively(NodeTestTask.java:126)
	at org.junit.platform.engine.support.hierarchical.NodeTestTask.execute(NodeTestTask.java:84)
	at java.base/java.util.ArrayList.forEach(ArrayList.java:1511)
	at org.junit.platform.engine.support.hierarchical.SameThreadHierarchicalTestExecutorService.invokeAll(SameThreadHierarchicalTestExecutorService.java:38)
	at org.junit.platform.engine.support.hierarchical.NodeTestTask.lambda$executeRecursively$5(NodeTestTask.java:143)
	at org.junit.platform.engine.support.hierarchical.ThrowableCollector.execute(ThrowableCollector.java:73)
	at org.junit.platform.engine.support.hierarchical.NodeTestTask.lambda$executeRecursively$7(NodeTestTask.java:129)
	at org.junit.platform.engine.support.hierarchical.Node.around(Node.java:137)
	at org.junit.platform.engine.support.hierarchical.NodeTestTask.lambda$executeRecursively$8(NodeTestTask.java:127)
	at org.junit.platform.engine.support.hierarchical.ThrowableCollector.execute(ThrowableCollector.java:73)
	at org.junit.platform.engine.support.hierarchical.NodeTestTask.executeRecursively(NodeTestTask.java:126)
	at org.junit.platform.engine.support.hierarchical.NodeTestTask.execute(NodeTestTask.java:84)
	at org.junit.platform.engine.support.hierarchical.SameThreadHierarchicalTestExecutorService.submit(SameThreadHierarchicalTestExecutorService.java:32)
	at org.junit.platform.engine.support.hierarchical.HierarchicalTestExecutor.execute(HierarchicalTestExecutor.java:57)
	at org.junit.platform.engine.support.hierarchical.HierarchicalTestEngine.execute(HierarchicalTestEngine.java:51)
	at org.junit.platform.launcher.core.EngineExecutionOrchestrator.execute(EngineExecutionOrchestrator.java:108)
	at org.junit.platform.launcher.core.EngineExecutionOrchestrator.execute(EngineExecutionOrchestrator.java:88)
	at org.junit.platform.launcher.core.EngineExecutionOrchestrator.lambda$execute$0(EngineExecutionOrchestrator.java:54)
	at org.junit.platform.launcher.core.EngineExecutionOrchestrator.withInterceptedStreams(EngineExecutionOrchestrator.java:67)
	at org.junit.platform.launcher.core.EngineExecutionOrchestrator.execute(EngineExecutionOrchestrator.java:52)
	at org.junit.platform.launcher.core.DefaultLauncher.execute(DefaultLauncher.java:96)
	at org.junit.platform.launcher.core.DefaultLauncher.execute(DefaultLauncher.java:75)
	at org.junit.platform.console.tasks.ConsoleTestExecutor.executeTests(ConsoleTestExecutor.java:66)
	at org.junit.platform.console.tasks.ConsoleTestExecutor.lambda$execute$0(ConsoleTestExecutor.java:58)
	at org.junit.platform.console.tasks.CustomContextClassLoaderExecutor.replaceThreadContextClassLoaderAndInvoke(CustomContextClassLoaderExecutor.java:41)
	at org.junit.platform.console.tasks.CustomContextClassLoaderExecutor.invoke(CustomContextClassLoaderExecutor.java:31)
	at org.junit.platform.console.tasks.ConsoleTestExecutor.execute(ConsoleTestExecutor.java:58)
	at org.junit.platform.console.ConsoleLauncher.executeTests(ConsoleLauncher.java:95)
	at org.junit.platform.console.ConsoleLauncher.execute(ConsoleLauncher.java:73)
	at org.junit.platform.console.ConsoleLauncher.execute(ConsoleLauncher.java:50)
	at org.junit.platform.console.ConsoleLauncher.execute(ConsoleLauncher.java:43)
	at org.junit.platform.console.ConsoleLauncher.main(ConsoleLauncher.java:37)
]]></skipped>
<system-out><![CDATA[
unique-id: [engine:junit-jupiter]/[class:minebayd1.test.TestUser]/[test-template:testnext(minebayd1.User)]/[test-template-invocation:#14]
display-name: [14] Mohamed a 45 annonces ouvertes, 2 annonces fermées et 3 achats 

]]></system-out>
</testcase>
<testcase name="testnext(User)[15]" classname="minebayd1.test.TestUser" time="0.001">
<system-out><![CDATA[
unique-id: [engine:junit-jupiter]/[class:minebayd1.test.TestUser]/[test-template:testnext(minebayd1.User)]/[test-template-invocation:#15]
display-name: [15] Pierre a 41 annonces ouvertes, 5 annonces fermées et 2 achats 

]]></system-out>
</testcase>
<testcase name="testnext(User)[16]" classname="minebayd1.test.TestUser" time="0">
<system-out><![CDATA[
unique-id: [engine:junit-jupiter]/[class:minebayd1.test.TestUser]/[test-template:testnext(minebayd1.User)]/[test-template-invocation:#16]
display-name: [16] Rosa a 40 annonces ouvertes, 4 annonces fermées et 2 achats 

]]></system-out>
</testcase>
<testcase name="testnext(User)[17]" classname="minebayd1.test.TestUser" time="0">
<skipped><![CDATA[org.opentest4j.TestAbortedException: Assumption failed: assumption is not true
	at org.junit.jupiter.api.Assumptions.throwTestAbortedException(Assumptions.java:256)
	at org.junit.jupiter.api.Assumptions.assumeTrue(Assumptions.java:115)
	at org.junit.jupiter.api.Assumptions.assumeTrue(Assumptions.java:66)
	at minebayd1.test.TestUser.testnext(TestUser.java:1137)
	at jdk.internal.reflect.GeneratedMethodAccessor10.invoke(Unknown Source)
	at java.base/jdk.internal.reflect.DelegatingMethodAccessorImpl.invoke(DelegatingMethodAccessorImpl.java:43)
	at java.base/java.lang.reflect.Method.invoke(Method.java:569)
	at org.junit.platform.commons.util.ReflectionUtils.invokeMethod(ReflectionUtils.java:688)
	at org.junit.jupiter.engine.execution.MethodInvocation.proceed(MethodInvocation.java:60)
	at org.junit.jupiter.engine.execution.InvocationInterceptorChain$ValidatingInvocation.proceed(InvocationInterceptorChain.java:131)
	at org.junit.jupiter.engine.extension.TimeoutExtension.intercept(TimeoutExtension.java:149)
	at org.junit.jupiter.engine.extension.TimeoutExtension.interceptTestableMethod(TimeoutExtension.java:140)
	at org.junit.jupiter.engine.extension.TimeoutExtension.interceptTestTemplateMethod(TimeoutExtension.java:92)
	at org.junit.jupiter.engine.execution.ExecutableInvoker$ReflectiveInterceptorCall.lambda$ofVoidMethod$0(ExecutableInvoker.java:115)
	at org.junit.jupiter.engine.execution.ExecutableInvoker.lambda$invoke$0(ExecutableInvoker.java:105)
	at org.junit.jupiter.engine.execution.InvocationInterceptorChain$InterceptedInvocation.proceed(InvocationInterceptorChain.java:106)
	at org.junit.jupiter.engine.execution.InvocationInterceptorChain.proceed(InvocationInterceptorChain.java:64)
	at org.junit.jupiter.engine.execution.InvocationInterceptorChain.chainAndInvoke(InvocationInterceptorChain.java:45)
	at org.junit.jupiter.engine.execution.InvocationInterceptorChain.invoke(InvocationInterceptorChain.java:37)
	at org.junit.jupiter.engine.execution.ExecutableInvoker.invoke(ExecutableInvoker.java:104)
	at org.junit.jupiter.engine.execution.ExecutableInvoker.invoke(ExecutableInvoker.java:98)
	at org.junit.jupiter.engine.descriptor.TestMethodTestDescriptor.lambda$invokeTestMethod$6(TestMethodTestDescriptor.java:210)
	at org.junit.platform.engine.support.hierarchical.ThrowableCollector.execute(ThrowableCollector.java:73)
	at org.junit.jupiter.engine.descriptor.TestMethodTestDescriptor.invokeTestMethod(TestMethodTestDescriptor.java:206)
	at org.junit.jupiter.engine.descriptor.TestMethodTestDescriptor.execute(TestMethodTestDescriptor.java:131)
	at org.junit.jupiter.engine.descriptor.TestMethodTestDescriptor.execute(TestMethodTestDescriptor.java:65)
	at org.junit.platform.engine.support.hierarchical.NodeTestTask.lambda$executeRecursively$5(NodeTestTask.java:139)
	at org.junit.platform.engine.support.hierarchical.ThrowableCollector.execute(ThrowableCollector.java:73)
	at org.junit.platform.engine.support.hierarchical.NodeTestTask.lambda$executeRecursively$7(NodeTestTask.java:129)
	at org.junit.platform.engine.support.hierarchical.Node.around(Node.java:137)
	at org.junit.platform.engine.support.hierarchical.NodeTestTask.lambda$executeRecursively$8(NodeTestTask.java:127)
	at org.junit.platform.engine.support.hierarchical.ThrowableCollector.execute(ThrowableCollector.java:73)
	at org.junit.platform.engine.support.hierarchical.NodeTestTask.executeRecursively(NodeTestTask.java:126)
	at org.junit.platform.engine.support.hierarchical.NodeTestTask.execute(NodeTestTask.java:84)
	at org.junit.platform.engine.support.hierarchical.SameThreadHierarchicalTestExecutorService.submit(SameThreadHierarchicalTestExecutorService.java:32)
	at org.junit.platform.engine.support.hierarchical.NodeTestTask$DefaultDynamicTestExecutor.execute(NodeTestTask.java:212)
	at org.junit.platform.engine.support.hierarchical.NodeTestTask$DefaultDynamicTestExecutor.execute(NodeTestTask.java:192)
	at org.junit.jupiter.engine.descriptor.TestTemplateTestDescriptor.execute(TestTemplateTestDescriptor.java:139)
	at org.junit.jupiter.engine.descriptor.TestTemplateTestDescriptor.lambda$execute$2(TestTemplateTestDescriptor.java:107)
	at java.base/java.util.stream.ForEachOps$ForEachOp$OfRef.accept(ForEachOps.java:183)
	at java.base/java.util.stream.ReferencePipeline$3$1.accept(ReferencePipeline.java:197)
	at java.base/java.util.stream.ReferencePipeline$2$1.accept(ReferencePipeline.java:179)
	at java.base/java.util.stream.ReferencePipeline$3$1.accept(ReferencePipeline.java:197)
	at java.base/java.util.stream.ForEachOps$ForEachOp$OfRef.accept(ForEachOps.java:183)
	at java.base/java.util.stream.ReferencePipeline$15$1.accept(ReferencePipeline.java:541)
	at java.base/java.util.stream.ReferencePipeline$3$1.accept(ReferencePipeline.java:197)
	at java.base/java.util.stream.ReferencePipeline$3$1.accept(ReferencePipeline.java:197)
	at java.base/java.util.stream.ReferencePipeline$3$1.accept(ReferencePipeline.java:197)
	at java.base/java.util.stream.ForEachOps$ForEachOp$OfRef.accept(ForEachOps.java:183)
	at java.base/java.util.stream.ReferencePipeline$3$1.accept(ReferencePipeline.java:197)
	at java.base/java.util.stream.ForEachOps$ForEachOp$OfRef.accept(ForEachOps.java:183)
	at java.base/java.util.stream.SliceOps$1$1.accept(SliceOps.java:200)
	at java.base/java.util.stream.StreamSpliterators$InfiniteSupplyingSpliterator$OfRef.tryAdvance(StreamSpliterators.java:1358)
	at java.base/java.util.stream.ReferencePipeline.forEachWithCancel(ReferencePipeline.java:129)
	at java.base/java.util.stream.AbstractPipeline.copyIntoWithCancel(AbstractPipeline.java:527)
	at java.base/java.util.stream.AbstractPipeline.copyInto(AbstractPipeline.java:513)
	at java.base/java.util.stream.AbstractPipeline.wrapAndCopyInto(AbstractPipeline.java:499)
	at java.base/java.util.stream.ForEachOps$ForEachOp.evaluateSequential(ForEachOps.java:150)
	at java.base/java.util.stream.ForEachOps$ForEachOp$OfRef.evaluateSequential(ForEachOps.java:173)
	at java.base/java.util.stream.AbstractPipeline.evaluate(AbstractPipeline.java:234)
	at java.base/java.util.stream.ReferencePipeline.forEach(ReferencePipeline.java:596)
	at java.base/java.util.stream.ReferencePipeline$7$1.accept(ReferencePipeline.java:276)
	at java.base/java.util.stream.ReferencePipeline$3$1.accept(ReferencePipeline.java:197)
	at java.base/java.util.stream.ReferencePipeline$3$1.accept(ReferencePipeline.java:197)
	at java.base/java.util.Spliterators$ArraySpliterator.forEachRemaining(Spliterators.java:992)
	at java.base/java.util.stream.AbstractPipeline.copyInto(AbstractPipeline.java:509)
	at java.base/java.util.stream.AbstractPipeline.wrapAndCopyInto(AbstractPipeline.java:499)
	at java.base/java.util.stream.ForEachOps$ForEachOp.evaluateSequential(ForEachOps.java:150)
	at java.base/java.util.stream.ForEachOps$ForEachOp$OfRef.evaluateSequential(ForEachOps.java:173)
	at java.base/java.util.stream.AbstractPipeline.evaluate(AbstractPipeline.java:234)
	at java.base/java.util.stream.ReferencePipeline.forEach(ReferencePipeline.java:596)
	at java.base/java.util.stream.ReferencePipeline$7$1.accept(ReferencePipeline.java:276)
	at java.base/java.util.stream.ReferencePipeline$3$1.accept(ReferencePipeline.java:197)
	at java.base/java.util.stream.ReferencePipeline$3$1.accept(ReferencePipeline.java:197)
	at java.base/java.util.stream.ReferencePipeline$3$1.accept(ReferencePipeline.java:197)
	at java.base/java.util.ArrayList$ArrayListSpliterator.forEachRemaining(ArrayList.java:1625)
	at java.base/java.util.stream.AbstractPipeline.copyInto(AbstractPipeline.java:509)
	at java.base/java.util.stream.AbstractPipeline.wrapAndCopyInto(AbstractPipeline.java:499)
	at java.base/java.util.stream.ForEachOps$ForEachOp.evaluateSequential(ForEachOps.java:150)
	at java.base/java.util.stream.ForEachOps$ForEachOp$OfRef.evaluateSequential(ForEachOps.java:173)
	at java.base/java.util.stream.AbstractPipeline.evaluate(AbstractPipeline.java:234)
	at java.base/java.util.stream.ReferencePipeline.forEach(ReferencePipeline.java:596)
	at java.base/java.util.stream.ReferencePipeline$7$1.accept(ReferencePipeline.java:276)
	at java.base/java.util.ArrayList$ArrayListSpliterator.forEachRemaining(ArrayList.java:1625)
	at java.base/java.util.stream.AbstractPipeline.copyInto(AbstractPipeline.java:509)
	at java.base/java.util.stream.AbstractPipeline.wrapAndCopyInto(AbstractPipeline.java:499)
	at java.base/java.util.stream.ForEachOps$ForEachOp.evaluateSequential(ForEachOps.java:150)
	at java.base/java.util.stream.ForEachOps$ForEachOp$OfRef.evaluateSequential(ForEachOps.java:173)
	at java.base/java.util.stream.AbstractPipeline.evaluate(AbstractPipeline.java:234)
	at java.base/java.util.stream.ReferencePipeline.forEach(ReferencePipeline.java:596)
	at org.junit.jupiter.engine.descriptor.TestTemplateTestDescriptor.execute(TestTemplateTestDescriptor.java:107)
	at org.junit.jupiter.engine.descriptor.TestTemplateTestDescriptor.execute(TestTemplateTestDescriptor.java:42)
	at org.junit.platform.engine.support.hierarchical.NodeTestTask.lambda$executeRecursively$5(NodeTestTask.java:139)
	at org.junit.platform.engine.support.hierarchical.ThrowableCollector.execute(ThrowableCollector.java:73)
	at org.junit.platform.engine.support.hierarchical.NodeTestTask.lambda$executeRecursively$7(NodeTestTask.java:129)
	at org.junit.platform.engine.support.hierarchical.Node.around(Node.java:137)
	at org.junit.platform.engine.support.hierarchical.NodeTestTask.lambda$executeRecursively$8(NodeTestTask.java:127)
	at org.junit.platform.engine.support.hierarchical.ThrowableCollector.execute(ThrowableCollector.java:73)
	at org.junit.platform.engine.support.hierarchical.NodeTestTask.executeRecursively(NodeTestTask.java:126)
	at org.junit.platform.engine.support.hierarchical.NodeTestTask.execute(NodeTestTask.java:84)
	at java.base/java.util.ArrayList.forEach(ArrayList.java:1511)
	at org.junit.platform.engine.support.hierarchical.SameThreadHierarchicalTestExecutorService.invokeAll(SameThreadHierarchicalTestExecutorService.java:38)
	at org.junit.platform.engine.support.hierarchical.NodeTestTask.lambda$executeRecursively$5(NodeTestTask.java:143)
	at org.junit.platform.engine.support.hierarchical.ThrowableCollector.execute(ThrowableCollector.java:73)
	at org.junit.platform.engine.support.hierarchical.NodeTestTask.lambda$executeRecursively$7(NodeTestTask.java:129)
	at org.junit.platform.engine.support.hierarchical.Node.around(Node.java:137)
	at org.junit.platform.engine.support.hierarchical.NodeTestTask.lambda$executeRecursively$8(NodeTestTask.java:127)
	at org.junit.platform.engine.support.hierarchical.ThrowableCollector.execute(ThrowableCollector.java:73)
	at org.junit.platform.engine.support.hierarchical.NodeTestTask.executeRecursively(NodeTestTask.java:126)
	at org.junit.platform.engine.support.hierarchical.NodeTestTask.execute(NodeTestTask.java:84)
	at java.base/java.util.ArrayList.forEach(ArrayList.java:1511)
	at org.junit.platform.engine.support.hierarchical.SameThreadHierarchicalTestExecutorService.invokeAll(SameThreadHierarchicalTestExecutorService.java:38)
	at org.junit.platform.engine.support.hierarchical.NodeTestTask.lambda$executeRecursively$5(NodeTestTask.java:143)
	at org.junit.platform.engine.support.hierarchical.ThrowableCollector.execute(ThrowableCollector.java:73)
	at org.junit.platform.engine.support.hierarchical.NodeTestTask.lambda$executeRecursively$7(NodeTestTask.java:129)
	at org.junit.platform.engine.support.hierarchical.Node.around(Node.java:137)
	at org.junit.platform.engine.support.hierarchical.NodeTestTask.lambda$executeRecursively$8(NodeTestTask.java:127)
	at org.junit.platform.engine.support.hierarchical.ThrowableCollector.execute(ThrowableCollector.java:73)
	at org.junit.platform.engine.support.hierarchical.NodeTestTask.executeRecursively(NodeTestTask.java:126)
	at org.junit.platform.engine.support.hierarchical.NodeTestTask.execute(NodeTestTask.java:84)
	at org.junit.platform.engine.support.hierarchical.SameThreadHierarchicalTestExecutorService.submit(SameThreadHierarchicalTestExecutorService.java:32)
	at org.junit.platform.engine.support.hierarchical.HierarchicalTestExecutor.execute(HierarchicalTestExecutor.java:57)
	at org.junit.platform.engine.support.hierarchical.HierarchicalTestEngine.execute(HierarchicalTestEngine.java:51)
	at org.junit.platform.launcher.core.EngineExecutionOrchestrator.execute(EngineExecutionOrchestrator.java:108)
	at org.junit.platform.launcher.core.EngineExecutionOrchestrator.execute(EngineExecutionOrchestrator.java:88)
	at org.junit.platform.launcher.core.EngineExecutionOrchestrator.lambda$execute$0(EngineExecutionOrchestrator.java:54)
	at org.junit.platform.launcher.core.EngineExecutionOrchestrator.withInterceptedStreams(EngineExecutionOrchestrator.java:67)
	at org.junit.platform.launcher.core.EngineExecutionOrchestrator.execute(EngineExecutionOrchestrator.java:52)
	at org.junit.platform.launcher.core.DefaultLauncher.execute(DefaultLauncher.java:96)
	at org.junit.platform.launcher.core.DefaultLauncher.execute(DefaultLauncher.java:75)
	at org.junit.platform.console.tasks.ConsoleTestExecutor.executeTests(ConsoleTestExecutor.java:66)
	at org.junit.platform.console.tasks.ConsoleTestExecutor.lambda$execute$0(ConsoleTestExecutor.java:58)
	at org.junit.platform.console.tasks.CustomContextClassLoaderExecutor.replaceThreadContextClassLoaderAndInvoke(CustomContextClassLoaderExecutor.java:41)
	at org.junit.platform.console.tasks.CustomContextClassLoaderExecutor.invoke(CustomContextClassLoaderExecutor.java:31)
	at org.junit.platform.console.tasks.ConsoleTestExecutor.execute(ConsoleTestExecutor.java:58)
	at org.junit.platform.console.ConsoleLauncher.executeTests(ConsoleLauncher.java:95)
	at org.junit.platform.console.ConsoleLauncher.execute(ConsoleLauncher.java:73)
	at org.junit.platform.console.ConsoleLauncher.execute(ConsoleLauncher.java:50)
	at org.junit.platform.console.ConsoleLauncher.execute(ConsoleLauncher.java:43)
	at org.junit.platform.console.ConsoleLauncher.main(ConsoleLauncher.java:37)
]]></skipped>
<system-out><![CDATA[
unique-id: [engine:junit-jupiter]/[class:minebayd1.test.TestUser]/[test-template:testnext(minebayd1.User)]/[test-template-invocation:#17]
display-name: [17] Sonia a 47 annonces ouvertes, 2 annonces fermées et 2 achats 

]]></system-out>
</testcase>
<testcase name="testnext(User)[18]" classname="minebayd1.test.TestUser" time="0">
<skipped><![CDATA[org.opentest4j.TestAbortedException: Assumption failed: assumption is not true
	at org.junit.jupiter.api.Assumptions.throwTestAbortedException(Assumptions.java:256)
	at org.junit.jupiter.api.Assumptions.assumeTrue(Assumptions.java:115)
	at org.junit.jupiter.api.Assumptions.assumeTrue(Assumptions.java:66)
	at minebayd1.test.TestUser.testnext(TestUser.java:1137)
	at jdk.internal.reflect.GeneratedMethodAccessor10.invoke(Unknown Source)
	at java.base/jdk.internal.reflect.DelegatingMethodAccessorImpl.invoke(DelegatingMethodAccessorImpl.java:43)
	at java.base/java.lang.reflect.Method.invoke(Method.java:569)
	at org.junit.platform.commons.util.ReflectionUtils.invokeMethod(ReflectionUtils.java:688)
	at org.junit.jupiter.engine.execution.MethodInvocation.proceed(MethodInvocation.java:60)
	at org.junit.jupiter.engine.execution.InvocationInterceptorChain$ValidatingInvocation.proceed(InvocationInterceptorChain.java:131)
	at org.junit.jupiter.engine.extension.TimeoutExtension.intercept(TimeoutExtension.java:149)
	at org.junit.jupiter.engine.extension.TimeoutExtension.interceptTestableMethod(TimeoutExtension.java:140)
	at org.junit.jupiter.engine.extension.TimeoutExtension.interceptTestTemplateMethod(TimeoutExtension.java:92)
	at org.junit.jupiter.engine.execution.ExecutableInvoker$ReflectiveInterceptorCall.lambda$ofVoidMethod$0(ExecutableInvoker.java:115)
	at org.junit.jupiter.engine.execution.ExecutableInvoker.lambda$invoke$0(ExecutableInvoker.java:105)
	at org.junit.jupiter.engine.execution.InvocationInterceptorChain$InterceptedInvocation.proceed(InvocationInterceptorChain.java:106)
	at org.junit.jupiter.engine.execution.InvocationInterceptorChain.proceed(InvocationInterceptorChain.java:64)
	at org.junit.jupiter.engine.execution.InvocationInterceptorChain.chainAndInvoke(InvocationInterceptorChain.java:45)
	at org.junit.jupiter.engine.execution.InvocationInterceptorChain.invoke(InvocationInterceptorChain.java:37)
	at org.junit.jupiter.engine.execution.ExecutableInvoker.invoke(ExecutableInvoker.java:104)
	at org.junit.jupiter.engine.execution.ExecutableInvoker.invoke(ExecutableInvoker.java:98)
	at org.junit.jupiter.engine.descriptor.TestMethodTestDescriptor.lambda$invokeTestMethod$6(TestMethodTestDescriptor.java:210)
	at org.junit.platform.engine.support.hierarchical.ThrowableCollector.execute(ThrowableCollector.java:73)
	at org.junit.jupiter.engine.descriptor.TestMethodTestDescriptor.invokeTestMethod(TestMethodTestDescriptor.java:206)
	at org.junit.jupiter.engine.descriptor.TestMethodTestDescriptor.execute(TestMethodTestDescriptor.java:131)
	at org.junit.jupiter.engine.descriptor.TestMethodTestDescriptor.execute(TestMethodTestDescriptor.java:65)
	at org.junit.platform.engine.support.hierarchical.NodeTestTask.lambda$executeRecursively$5(NodeTestTask.java:139)
	at org.junit.platform.engine.support.hierarchical.ThrowableCollector.execute(ThrowableCollector.java:73)
	at org.junit.platform.engine.support.hierarchical.NodeTestTask.lambda$executeRecursively$7(NodeTestTask.java:129)
	at org.junit.platform.engine.support.hierarchical.Node.around(Node.java:137)
	at org.junit.platform.engine.support.hierarchical.NodeTestTask.lambda$executeRecursively$8(NodeTestTask.java:127)
	at org.junit.platform.engine.support.hierarchical.ThrowableCollector.execute(ThrowableCollector.java:73)
	at org.junit.platform.engine.support.hierarchical.NodeTestTask.executeRecursively(NodeTestTask.java:126)
	at org.junit.platform.engine.support.hierarchical.NodeTestTask.execute(NodeTestTask.java:84)
	at org.junit.platform.engine.support.hierarchical.SameThreadHierarchicalTestExecutorService.submit(SameThreadHierarchicalTestExecutorService.java:32)
	at org.junit.platform.engine.support.hierarchical.NodeTestTask$DefaultDynamicTestExecutor.execute(NodeTestTask.java:212)
	at org.junit.platform.engine.support.hierarchical.NodeTestTask$DefaultDynamicTestExecutor.execute(NodeTestTask.java:192)
	at org.junit.jupiter.engine.descriptor.TestTemplateTestDescriptor.execute(TestTemplateTestDescriptor.java:139)
	at org.junit.jupiter.engine.descriptor.TestTemplateTestDescriptor.lambda$execute$2(TestTemplateTestDescriptor.java:107)
	at java.base/java.util.stream.ForEachOps$ForEachOp$OfRef.accept(ForEachOps.java:183)
	at java.base/java.util.stream.ReferencePipeline$3$1.accept(ReferencePipeline.java:197)
	at java.base/java.util.stream.ReferencePipeline$2$1.accept(ReferencePipeline.java:179)
	at java.base/java.util.stream.ReferencePipeline$3$1.accept(ReferencePipeline.java:197)
	at java.base/java.util.stream.ForEachOps$ForEachOp$OfRef.accept(ForEachOps.java:183)
	at java.base/java.util.stream.ReferencePipeline$15$1.accept(ReferencePipeline.java:541)
	at java.base/java.util.stream.ReferencePipeline$3$1.accept(ReferencePipeline.java:197)
	at java.base/java.util.stream.ReferencePipeline$3$1.accept(ReferencePipeline.java:197)
	at java.base/java.util.stream.ReferencePipeline$3$1.accept(ReferencePipeline.java:197)
	at java.base/java.util.stream.ForEachOps$ForEachOp$OfRef.accept(ForEachOps.java:183)
	at java.base/java.util.stream.ReferencePipeline$3$1.accept(ReferencePipeline.java:197)
	at java.base/java.util.stream.ForEachOps$ForEachOp$OfRef.accept(ForEachOps.java:183)
	at java.base/java.util.stream.SliceOps$1$1.accept(SliceOps.java:200)
	at java.base/java.util.stream.StreamSpliterators$InfiniteSupplyingSpliterator$OfRef.tryAdvance(StreamSpliterators.java:1358)
	at java.base/java.util.stream.ReferencePipeline.forEachWithCancel(ReferencePipeline.java:129)
	at java.base/java.util.stream.AbstractPipeline.copyIntoWithCancel(AbstractPipeline.java:527)
	at java.base/java.util.stream.AbstractPipeline.copyInto(AbstractPipeline.java:513)
	at java.base/java.util.stream.AbstractPipeline.wrapAndCopyInto(AbstractPipeline.java:499)
	at java.base/java.util.stream.ForEachOps$ForEachOp.evaluateSequential(ForEachOps.java:150)
	at java.base/java.util.stream.ForEachOps$ForEachOp$OfRef.evaluateSequential(ForEachOps.java:173)
	at java.base/java.util.stream.AbstractPipeline.evaluate(AbstractPipeline.java:234)
	at java.base/java.util.stream.ReferencePipeline.forEach(ReferencePipeline.java:596)
	at java.base/java.util.stream.ReferencePipeline$7$1.accept(ReferencePipeline.java:276)
	at java.base/java.util.stream.ReferencePipeline$3$1.accept(ReferencePipeline.java:197)
	at java.base/java.util.stream.ReferencePipeline$3$1.accept(ReferencePipeline.java:197)
	at java.base/java.util.Spliterators$ArraySpliterator.forEachRemaining(Spliterators.java:992)
	at java.base/java.util.stream.AbstractPipeline.copyInto(AbstractPipeline.java:509)
	at java.base/java.util.stream.AbstractPipeline.wrapAndCopyInto(AbstractPipeline.java:499)
	at java.base/java.util.stream.ForEachOps$ForEachOp.evaluateSequential(ForEachOps.java:150)
	at java.base/java.util.stream.ForEachOps$ForEachOp$OfRef.evaluateSequential(ForEachOps.java:173)
	at java.base/java.util.stream.AbstractPipeline.evaluate(AbstractPipeline.java:234)
	at java.base/java.util.stream.ReferencePipeline.forEach(ReferencePipeline.java:596)
	at java.base/java.util.stream.ReferencePipeline$7$1.accept(ReferencePipeline.java:276)
	at java.base/java.util.stream.ReferencePipeline$3$1.accept(ReferencePipeline.java:197)
	at java.base/java.util.stream.ReferencePipeline$3$1.accept(ReferencePipeline.java:197)
	at java.base/java.util.stream.ReferencePipeline$3$1.accept(ReferencePipeline.java:197)
	at java.base/java.util.ArrayList$ArrayListSpliterator.forEachRemaining(ArrayList.java:1625)
	at java.base/java.util.stream.AbstractPipeline.copyInto(AbstractPipeline.java:509)
	at java.base/java.util.stream.AbstractPipeline.wrapAndCopyInto(AbstractPipeline.java:499)
	at java.base/java.util.stream.ForEachOps$ForEachOp.evaluateSequential(ForEachOps.java:150)
	at java.base/java.util.stream.ForEachOps$ForEachOp$OfRef.evaluateSequential(ForEachOps.java:173)
	at java.base/java.util.stream.AbstractPipeline.evaluate(AbstractPipeline.java:234)
	at java.base/java.util.stream.ReferencePipeline.forEach(ReferencePipeline.java:596)
	at java.base/java.util.stream.ReferencePipeline$7$1.accept(ReferencePipeline.java:276)
	at java.base/java.util.ArrayList$ArrayListSpliterator.forEachRemaining(ArrayList.java:1625)
	at java.base/java.util.stream.AbstractPipeline.copyInto(AbstractPipeline.java:509)
	at java.base/java.util.stream.AbstractPipeline.wrapAndCopyInto(AbstractPipeline.java:499)
	at java.base/java.util.stream.ForEachOps$ForEachOp.evaluateSequential(ForEachOps.java:150)
	at java.base/java.util.stream.ForEachOps$ForEachOp$OfRef.evaluateSequential(ForEachOps.java:173)
	at java.base/java.util.stream.AbstractPipeline.evaluate(AbstractPipeline.java:234)
	at java.base/java.util.stream.ReferencePipeline.forEach(ReferencePipeline.java:596)
	at org.junit.jupiter.engine.descriptor.TestTemplateTestDescriptor.execute(TestTemplateTestDescriptor.java:107)
	at org.junit.jupiter.engine.descriptor.TestTemplateTestDescriptor.execute(TestTemplateTestDescriptor.java:42)
	at org.junit.platform.engine.support.hierarchical.NodeTestTask.lambda$executeRecursively$5(NodeTestTask.java:139)
	at org.junit.platform.engine.support.hierarchical.ThrowableCollector.execute(ThrowableCollector.java:73)
	at org.junit.platform.engine.support.hierarchical.NodeTestTask.lambda$executeRecursively$7(NodeTestTask.java:129)
	at org.junit.platform.engine.support.hierarchical.Node.around(Node.java:137)
	at org.junit.platform.engine.support.hierarchical.NodeTestTask.lambda$executeRecursively$8(NodeTestTask.java:127)
	at org.junit.platform.engine.support.hierarchical.ThrowableCollector.execute(ThrowableCollector.java:73)
	at org.junit.platform.engine.support.hierarchical.NodeTestTask.executeRecursively(NodeTestTask.java:126)
	at org.junit.platform.engine.support.hierarchical.NodeTestTask.execute(NodeTestTask.java:84)
	at java.base/java.util.ArrayList.forEach(ArrayList.java:1511)
	at org.junit.platform.engine.support.hierarchical.SameThreadHierarchicalTestExecutorService.invokeAll(SameThreadHierarchicalTestExecutorService.java:38)
	at org.junit.platform.engine.support.hierarchical.NodeTestTask.lambda$executeRecursively$5(NodeTestTask.java:143)
	at org.junit.platform.engine.support.hierarchical.ThrowableCollector.execute(ThrowableCollector.java:73)
	at org.junit.platform.engine.support.hierarchical.NodeTestTask.lambda$executeRecursively$7(NodeTestTask.java:129)
	at org.junit.platform.engine.support.hierarchical.Node.around(Node.java:137)
	at org.junit.platform.engine.support.hierarchical.NodeTestTask.lambda$executeRecursively$8(NodeTestTask.java:127)
	at org.junit.platform.engine.support.hierarchical.ThrowableCollector.execute(ThrowableCollector.java:73)
	at org.junit.platform.engine.support.hierarchical.NodeTestTask.executeRecursively(NodeTestTask.java:126)
	at org.junit.platform.engine.support.hierarchical.NodeTestTask.execute(NodeTestTask.java:84)
	at java.base/java.util.ArrayList.forEach(ArrayList.java:1511)
	at org.junit.platform.engine.support.hierarchical.SameThreadHierarchicalTestExecutorService.invokeAll(SameThreadHierarchicalTestExecutorService.java:38)
	at org.junit.platform.engine.support.hierarchical.NodeTestTask.lambda$executeRecursively$5(NodeTestTask.java:143)
	at org.junit.platform.engine.support.hierarchical.ThrowableCollector.execute(ThrowableCollector.java:73)
	at org.junit.platform.engine.support.hierarchical.NodeTestTask.lambda$executeRecursively$7(NodeTestTask.java:129)
	at org.junit.platform.engine.support.hierarchical.Node.around(Node.java:137)
	at org.junit.platform.engine.support.hierarchical.NodeTestTask.lambda$executeRecursively$8(NodeTestTask.java:127)
	at org.junit.platform.engine.support.hierarchical.ThrowableCollector.execute(ThrowableCollector.java:73)
	at org.junit.platform.engine.support.hierarchical.NodeTestTask.executeRecursively(NodeTestTask.java:126)
	at org.junit.platform.engine.support.hierarchical.NodeTestTask.execute(NodeTestTask.java:84)
	at org.junit.platform.engine.support.hierarchical.SameThreadHierarchicalTestExecutorService.submit(SameThreadHierarchicalTestExecutorService.java:32)
	at org.junit.platform.engine.support.hierarchical.HierarchicalTestExecutor.execute(HierarchicalTestExecutor.java:57)
	at org.junit.platform.engine.support.hierarchical.HierarchicalTestEngine.execute(HierarchicalTestEngine.java:51)
	at org.junit.platform.launcher.core.EngineExecutionOrchestrator.execute(EngineExecutionOrchestrator.java:108)
	at org.junit.platform.launcher.core.EngineExecutionOrchestrator.execute(EngineExecutionOrchestrator.java:88)
	at org.junit.platform.launcher.core.EngineExecutionOrchestrator.lambda$execute$0(EngineExecutionOrchestrator.java:54)
	at org.junit.platform.launcher.core.EngineExecutionOrchestrator.withInterceptedStreams(EngineExecutionOrchestrator.java:67)
	at org.junit.platform.launcher.core.EngineExecutionOrchestrator.execute(EngineExecutionOrchestrator.java:52)
	at org.junit.platform.launcher.core.DefaultLauncher.execute(DefaultLauncher.java:96)
	at org.junit.platform.launcher.core.DefaultLauncher.execute(DefaultLauncher.java:75)
	at org.junit.platform.console.tasks.ConsoleTestExecutor.executeTests(ConsoleTestExecutor.java:66)
	at org.junit.platform.console.tasks.ConsoleTestExecutor.lambda$execute$0(ConsoleTestExecutor.java:58)
	at org.junit.platform.console.tasks.CustomContextClassLoaderExecutor.replaceThreadContextClassLoaderAndInvoke(CustomContextClassLoaderExecutor.java:41)
	at org.junit.platform.console.tasks.CustomContextClassLoaderExecutor.invoke(CustomContextClassLoaderExecutor.java:31)
	at org.junit.platform.console.tasks.ConsoleTestExecutor.execute(ConsoleTestExecutor.java:58)
	at org.junit.platform.console.ConsoleLauncher.executeTests(ConsoleLauncher.java:95)
	at org.junit.platform.console.ConsoleLauncher.execute(ConsoleLauncher.java:73)
	at org.junit.platform.console.ConsoleLauncher.execute(ConsoleLauncher.java:50)
	at org.junit.platform.console.ConsoleLauncher.execute(ConsoleLauncher.java:43)
	at org.junit.platform.console.ConsoleLauncher.main(ConsoleLauncher.java:37)
]]></skipped>
<system-out><![CDATA[
unique-id: [engine:junit-jupiter]/[class:minebayd1.test.TestUser]/[test-template:testnext(minebayd1.User)]/[test-template-invocation:#18]
display-name: [18] Lamia a 77 annonces ouvertes, 1 annonces fermées et 2 achats 

]]></system-out>
</testcase>
<testcase name="testnext(User)[19]" classname="minebayd1.test.TestUser" time="0">
<skipped><![CDATA[org.opentest4j.TestAbortedException: Assumption failed: assumption is not true
	at org.junit.jupiter.api.Assumptions.throwTestAbortedException(Assumptions.java:256)
	at org.junit.jupiter.api.Assumptions.assumeTrue(Assumptions.java:115)
	at org.junit.jupiter.api.Assumptions.assumeTrue(Assumptions.java:66)
	at minebayd1.test.TestUser.testnext(TestUser.java:1137)
	at jdk.internal.reflect.GeneratedMethodAccessor10.invoke(Unknown Source)
	at java.base/jdk.internal.reflect.DelegatingMethodAccessorImpl.invoke(DelegatingMethodAccessorImpl.java:43)
	at java.base/java.lang.reflect.Method.invoke(Method.java:569)
	at org.junit.platform.commons.util.ReflectionUtils.invokeMethod(ReflectionUtils.java:688)
	at org.junit.jupiter.engine.execution.MethodInvocation.proceed(MethodInvocation.java:60)
	at org.junit.jupiter.engine.execution.InvocationInterceptorChain$ValidatingInvocation.proceed(InvocationInterceptorChain.java:131)
	at org.junit.jupiter.engine.extension.TimeoutExtension.intercept(TimeoutExtension.java:149)
	at org.junit.jupiter.engine.extension.TimeoutExtension.interceptTestableMethod(TimeoutExtension.java:140)
	at org.junit.jupiter.engine.extension.TimeoutExtension.interceptTestTemplateMethod(TimeoutExtension.java:92)
	at org.junit.jupiter.engine.execution.ExecutableInvoker$ReflectiveInterceptorCall.lambda$ofVoidMethod$0(ExecutableInvoker.java:115)
	at org.junit.jupiter.engine.execution.ExecutableInvoker.lambda$invoke$0(ExecutableInvoker.java:105)
	at org.junit.jupiter.engine.execution.InvocationInterceptorChain$InterceptedInvocation.proceed(InvocationInterceptorChain.java:106)
	at org.junit.jupiter.engine.execution.InvocationInterceptorChain.proceed(InvocationInterceptorChain.java:64)
	at org.junit.jupiter.engine.execution.InvocationInterceptorChain.chainAndInvoke(InvocationInterceptorChain.java:45)
	at org.junit.jupiter.engine.execution.InvocationInterceptorChain.invoke(InvocationInterceptorChain.java:37)
	at org.junit.jupiter.engine.execution.ExecutableInvoker.invoke(ExecutableInvoker.java:104)
	at org.junit.jupiter.engine.execution.ExecutableInvoker.invoke(ExecutableInvoker.java:98)
	at org.junit.jupiter.engine.descriptor.TestMethodTestDescriptor.lambda$invokeTestMethod$6(TestMethodTestDescriptor.java:210)
	at org.junit.platform.engine.support.hierarchical.ThrowableCollector.execute(ThrowableCollector.java:73)
	at org.junit.jupiter.engine.descriptor.TestMethodTestDescriptor.invokeTestMethod(TestMethodTestDescriptor.java:206)
	at org.junit.jupiter.engine.descriptor.TestMethodTestDescriptor.execute(TestMethodTestDescriptor.java:131)
	at org.junit.jupiter.engine.descriptor.TestMethodTestDescriptor.execute(TestMethodTestDescriptor.java:65)
	at org.junit.platform.engine.support.hierarchical.NodeTestTask.lambda$executeRecursively$5(NodeTestTask.java:139)
	at org.junit.platform.engine.support.hierarchical.ThrowableCollector.execute(ThrowableCollector.java:73)
	at org.junit.platform.engine.support.hierarchical.NodeTestTask.lambda$executeRecursively$7(NodeTestTask.java:129)
	at org.junit.platform.engine.support.hierarchical.Node.around(Node.java:137)
	at org.junit.platform.engine.support.hierarchical.NodeTestTask.lambda$executeRecursively$8(NodeTestTask.java:127)
	at org.junit.platform.engine.support.hierarchical.ThrowableCollector.execute(ThrowableCollector.java:73)
	at org.junit.platform.engine.support.hierarchical.NodeTestTask.executeRecursively(NodeTestTask.java:126)
	at org.junit.platform.engine.support.hierarchical.NodeTestTask.execute(NodeTestTask.java:84)
	at org.junit.platform.engine.support.hierarchical.SameThreadHierarchicalTestExecutorService.submit(SameThreadHierarchicalTestExecutorService.java:32)
	at org.junit.platform.engine.support.hierarchical.NodeTestTask$DefaultDynamicTestExecutor.execute(NodeTestTask.java:212)
	at org.junit.platform.engine.support.hierarchical.NodeTestTask$DefaultDynamicTestExecutor.execute(NodeTestTask.java:192)
	at org.junit.jupiter.engine.descriptor.TestTemplateTestDescriptor.execute(TestTemplateTestDescriptor.java:139)
	at org.junit.jupiter.engine.descriptor.TestTemplateTestDescriptor.lambda$execute$2(TestTemplateTestDescriptor.java:107)
	at java.base/java.util.stream.ForEachOps$ForEachOp$OfRef.accept(ForEachOps.java:183)
	at java.base/java.util.stream.ReferencePipeline$3$1.accept(ReferencePipeline.java:197)
	at java.base/java.util.stream.ReferencePipeline$2$1.accept(ReferencePipeline.java:179)
	at java.base/java.util.stream.ReferencePipeline$3$1.accept(ReferencePipeline.java:197)
	at java.base/java.util.stream.ForEachOps$ForEachOp$OfRef.accept(ForEachOps.java:183)
	at java.base/java.util.stream.ReferencePipeline$15$1.accept(ReferencePipeline.java:541)
	at java.base/java.util.stream.ReferencePipeline$3$1.accept(ReferencePipeline.java:197)
	at java.base/java.util.stream.ReferencePipeline$3$1.accept(ReferencePipeline.java:197)
	at java.base/java.util.stream.ReferencePipeline$3$1.accept(ReferencePipeline.java:197)
	at java.base/java.util.stream.ForEachOps$ForEachOp$OfRef.accept(ForEachOps.java:183)
	at java.base/java.util.stream.ReferencePipeline$3$1.accept(ReferencePipeline.java:197)
	at java.base/java.util.stream.ForEachOps$ForEachOp$OfRef.accept(ForEachOps.java:183)
	at java.base/java.util.stream.SliceOps$1$1.accept(SliceOps.java:200)
	at java.base/java.util.stream.StreamSpliterators$InfiniteSupplyingSpliterator$OfRef.tryAdvance(StreamSpliterators.java:1358)
	at java.base/java.util.stream.ReferencePipeline.forEachWithCancel(ReferencePipeline.java:129)
	at java.base/java.util.stream.AbstractPipeline.copyIntoWithCancel(AbstractPipeline.java:527)
	at java.base/java.util.stream.AbstractPipeline.copyInto(AbstractPipeline.java:513)
	at java.base/java.util.stream.AbstractPipeline.wrapAndCopyInto(AbstractPipeline.java:499)
	at java.base/java.util.stream.ForEachOps$ForEachOp.evaluateSequential(ForEachOps.java:150)
	at java.base/java.util.stream.ForEachOps$ForEachOp$OfRef.evaluateSequential(ForEachOps.java:173)
	at java.base/java.util.stream.AbstractPipeline.evaluate(AbstractPipeline.java:234)
	at java.base/java.util.stream.ReferencePipeline.forEach(ReferencePipeline.java:596)
	at java.base/java.util.stream.ReferencePipeline$7$1.accept(ReferencePipeline.java:276)
	at java.base/java.util.stream.ReferencePipeline$3$1.accept(ReferencePipeline.java:197)
	at java.base/java.util.stream.ReferencePipeline$3$1.accept(ReferencePipeline.java:197)
	at java.base/java.util.Spliterators$ArraySpliterator.forEachRemaining(Spliterators.java:992)
	at java.base/java.util.stream.AbstractPipeline.copyInto(AbstractPipeline.java:509)
	at java.base/java.util.stream.AbstractPipeline.wrapAndCopyInto(AbstractPipeline.java:499)
	at java.base/java.util.stream.ForEachOps$ForEachOp.evaluateSequential(ForEachOps.java:150)
	at java.base/java.util.stream.ForEachOps$ForEachOp$OfRef.evaluateSequential(ForEachOps.java:173)
	at java.base/java.util.stream.AbstractPipeline.evaluate(AbstractPipeline.java:234)
	at java.base/java.util.stream.ReferencePipeline.forEach(ReferencePipeline.java:596)
	at java.base/java.util.stream.ReferencePipeline$7$1.accept(ReferencePipeline.java:276)
	at java.base/java.util.stream.ReferencePipeline$3$1.accept(ReferencePipeline.java:197)
	at java.base/java.util.stream.ReferencePipeline$3$1.accept(ReferencePipeline.java:197)
	at java.base/java.util.stream.ReferencePipeline$3$1.accept(ReferencePipeline.java:197)
	at java.base/java.util.ArrayList$ArrayListSpliterator.forEachRemaining(ArrayList.java:1625)
	at java.base/java.util.stream.AbstractPipeline.copyInto(AbstractPipeline.java:509)
	at java.base/java.util.stream.AbstractPipeline.wrapAndCopyInto(AbstractPipeline.java:499)
	at java.base/java.util.stream.ForEachOps$ForEachOp.evaluateSequential(ForEachOps.java:150)
	at java.base/java.util.stream.ForEachOps$ForEachOp$OfRef.evaluateSequential(ForEachOps.java:173)
	at java.base/java.util.stream.AbstractPipeline.evaluate(AbstractPipeline.java:234)
	at java.base/java.util.stream.ReferencePipeline.forEach(ReferencePipeline.java:596)
	at java.base/java.util.stream.ReferencePipeline$7$1.accept(ReferencePipeline.java:276)
	at java.base/java.util.ArrayList$ArrayListSpliterator.forEachRemaining(ArrayList.java:1625)
	at java.base/java.util.stream.AbstractPipeline.copyInto(AbstractPipeline.java:509)
	at java.base/java.util.stream.AbstractPipeline.wrapAndCopyInto(AbstractPipeline.java:499)
	at java.base/java.util.stream.ForEachOps$ForEachOp.evaluateSequential(ForEachOps.java:150)
	at java.base/java.util.stream.ForEachOps$ForEachOp$OfRef.evaluateSequential(ForEachOps.java:173)
	at java.base/java.util.stream.AbstractPipeline.evaluate(AbstractPipeline.java:234)
	at java.base/java.util.stream.ReferencePipeline.forEach(ReferencePipeline.java:596)
	at org.junit.jupiter.engine.descriptor.TestTemplateTestDescriptor.execute(TestTemplateTestDescriptor.java:107)
	at org.junit.jupiter.engine.descriptor.TestTemplateTestDescriptor.execute(TestTemplateTestDescriptor.java:42)
	at org.junit.platform.engine.support.hierarchical.NodeTestTask.lambda$executeRecursively$5(NodeTestTask.java:139)
	at org.junit.platform.engine.support.hierarchical.ThrowableCollector.execute(ThrowableCollector.java:73)
	at org.junit.platform.engine.support.hierarchical.NodeTestTask.lambda$executeRecursively$7(NodeTestTask.java:129)
	at org.junit.platform.engine.support.hierarchical.Node.around(Node.java:137)
	at org.junit.platform.engine.support.hierarchical.NodeTestTask.lambda$executeRecursively$8(NodeTestTask.java:127)
	at org.junit.platform.engine.support.hierarchical.ThrowableCollector.execute(ThrowableCollector.java:73)
	at org.junit.platform.engine.support.hierarchical.NodeTestTask.executeRecursively(NodeTestTask.java:126)
	at org.junit.platform.engine.support.hierarchical.NodeTestTask.execute(NodeTestTask.java:84)
	at java.base/java.util.ArrayList.forEach(ArrayList.java:1511)
	at org.junit.platform.engine.support.hierarchical.SameThreadHierarchicalTestExecutorService.invokeAll(SameThreadHierarchicalTestExecutorService.java:38)
	at org.junit.platform.engine.support.hierarchical.NodeTestTask.lambda$executeRecursively$5(NodeTestTask.java:143)
	at org.junit.platform.engine.support.hierarchical.ThrowableCollector.execute(ThrowableCollector.java:73)
	at org.junit.platform.engine.support.hierarchical.NodeTestTask.lambda$executeRecursively$7(NodeTestTask.java:129)
	at org.junit.platform.engine.support.hierarchical.Node.around(Node.java:137)
	at org.junit.platform.engine.support.hierarchical.NodeTestTask.lambda$executeRecursively$8(NodeTestTask.java:127)
	at org.junit.platform.engine.support.hierarchical.ThrowableCollector.execute(ThrowableCollector.java:73)
	at org.junit.platform.engine.support.hierarchical.NodeTestTask.executeRecursively(NodeTestTask.java:126)
	at org.junit.platform.engine.support.hierarchical.NodeTestTask.execute(NodeTestTask.java:84)
	at java.base/java.util.ArrayList.forEach(ArrayList.java:1511)
	at org.junit.platform.engine.support.hierarchical.SameThreadHierarchicalTestExecutorService.invokeAll(SameThreadHierarchicalTestExecutorService.java:38)
	at org.junit.platform.engine.support.hierarchical.NodeTestTask.lambda$executeRecursively$5(NodeTestTask.java:143)
	at org.junit.platform.engine.support.hierarchical.ThrowableCollector.execute(ThrowableCollector.java:73)
	at org.junit.platform.engine.support.hierarchical.NodeTestTask.lambda$executeRecursively$7(NodeTestTask.java:129)
	at org.junit.platform.engine.support.hierarchical.Node.around(Node.java:137)
	at org.junit.platform.engine.support.hierarchical.NodeTestTask.lambda$executeRecursively$8(NodeTestTask.java:127)
	at org.junit.platform.engine.support.hierarchical.ThrowableCollector.execute(ThrowableCollector.java:73)
	at org.junit.platform.engine.support.hierarchical.NodeTestTask.executeRecursively(NodeTestTask.java:126)
	at org.junit.platform.engine.support.hierarchical.NodeTestTask.execute(NodeTestTask.java:84)
	at org.junit.platform.engine.support.hierarchical.SameThreadHierarchicalTestExecutorService.submit(SameThreadHierarchicalTestExecutorService.java:32)
	at org.junit.platform.engine.support.hierarchical.HierarchicalTestExecutor.execute(HierarchicalTestExecutor.java:57)
	at org.junit.platform.engine.support.hierarchical.HierarchicalTestEngine.execute(HierarchicalTestEngine.java:51)
	at org.junit.platform.launcher.core.EngineExecutionOrchestrator.execute(EngineExecutionOrchestrator.java:108)
	at org.junit.platform.launcher.core.EngineExecutionOrchestrator.execute(EngineExecutionOrchestrator.java:88)
	at org.junit.platform.launcher.core.EngineExecutionOrchestrator.lambda$execute$0(EngineExecutionOrchestrator.java:54)
	at org.junit.platform.launcher.core.EngineExecutionOrchestrator.withInterceptedStreams(EngineExecutionOrchestrator.java:67)
	at org.junit.platform.launcher.core.EngineExecutionOrchestrator.execute(EngineExecutionOrchestrator.java:52)
	at org.junit.platform.launcher.core.DefaultLauncher.execute(DefaultLauncher.java:96)
	at org.junit.platform.launcher.core.DefaultLauncher.execute(DefaultLauncher.java:75)
	at org.junit.platform.console.tasks.ConsoleTestExecutor.executeTests(ConsoleTestExecutor.java:66)
	at org.junit.platform.console.tasks.ConsoleTestExecutor.lambda$execute$0(ConsoleTestExecutor.java:58)
	at org.junit.platform.console.tasks.CustomContextClassLoaderExecutor.replaceThreadContextClassLoaderAndInvoke(CustomContextClassLoaderExecutor.java:41)
	at org.junit.platform.console.tasks.CustomContextClassLoaderExecutor.invoke(CustomContextClassLoaderExecutor.java:31)
	at org.junit.platform.console.tasks.ConsoleTestExecutor.execute(ConsoleTestExecutor.java:58)
	at org.junit.platform.console.ConsoleLauncher.executeTests(ConsoleLauncher.java:95)
	at org.junit.platform.console.ConsoleLauncher.execute(ConsoleLauncher.java:73)
	at org.junit.platform.console.ConsoleLauncher.execute(ConsoleLauncher.java:50)
	at org.junit.platform.console.ConsoleLauncher.execute(ConsoleLauncher.java:43)
	at org.junit.platform.console.ConsoleLauncher.main(ConsoleLauncher.java:37)
]]></skipped>
<system-out><![CDATA[
unique-id: [engine:junit-jupiter]/[class:minebayd1.test.TestUser]/[test-template:testnext(minebayd1.User)]/[test-template-invocation:#19]
display-name: [19] Chanez a 57 annonces ouvertes, 2 annonces fermées et 1 achats 

]]></system-out>
</testcase>
<testcase name="testnext(User)[20]" classname="minebayd1.test.TestUser" time="0.006">
<system-out><![CDATA[
unique-id: [engine:junit-jupiter]/[class:minebayd1.test.TestUser]/[test-template:testnext(minebayd1.User)]/[test-template-invocation:#20]
display-name: [20] Ziad a 48 annonces ouvertes, 4 annonces fermées et 2 achats 

]]></system-out>
</testcase>
<testcase name="testnext(User)[21]" classname="minebayd1.test.TestUser" time="0.01">
<system-out><![CDATA[
unique-id: [engine:junit-jupiter]/[class:minebayd1.test.TestUser]/[test-template:testnext(minebayd1.User)]/[test-template-invocation:#21]
display-name: [21] Mounir a 59 annonces ouvertes, 2 annonces fermées et 2 achats 

]]></system-out>
</testcase>
<testcase name="testnext(User)[22]" classname="minebayd1.test.TestUser" time="0">
<skipped><![CDATA[org.opentest4j.TestAbortedException: Assumption failed: assumption is not true
	at org.junit.jupiter.api.Assumptions.throwTestAbortedException(Assumptions.java:256)
	at org.junit.jupiter.api.Assumptions.assumeTrue(Assumptions.java:115)
	at org.junit.jupiter.api.Assumptions.assumeTrue(Assumptions.java:66)
	at minebayd1.test.TestUser.testnext(TestUser.java:1137)
	at jdk.internal.reflect.GeneratedMethodAccessor10.invoke(Unknown Source)
	at java.base/jdk.internal.reflect.DelegatingMethodAccessorImpl.invoke(DelegatingMethodAccessorImpl.java:43)
	at java.base/java.lang.reflect.Method.invoke(Method.java:569)
	at org.junit.platform.commons.util.ReflectionUtils.invokeMethod(ReflectionUtils.java:688)
	at org.junit.jupiter.engine.execution.MethodInvocation.proceed(MethodInvocation.java:60)
	at org.junit.jupiter.engine.execution.InvocationInterceptorChain$ValidatingInvocation.proceed(InvocationInterceptorChain.java:131)
	at org.junit.jupiter.engine.extension.TimeoutExtension.intercept(TimeoutExtension.java:149)
	at org.junit.jupiter.engine.extension.TimeoutExtension.interceptTestableMethod(TimeoutExtension.java:140)
	at org.junit.jupiter.engine.extension.TimeoutExtension.interceptTestTemplateMethod(TimeoutExtension.java:92)
	at org.junit.jupiter.engine.execution.ExecutableInvoker$ReflectiveInterceptorCall.lambda$ofVoidMethod$0(ExecutableInvoker.java:115)
	at org.junit.jupiter.engine.execution.ExecutableInvoker.lambda$invoke$0(ExecutableInvoker.java:105)
	at org.junit.jupiter.engine.execution.InvocationInterceptorChain$InterceptedInvocation.proceed(InvocationInterceptorChain.java:106)
	at org.junit.jupiter.engine.execution.InvocationInterceptorChain.proceed(InvocationInterceptorChain.java:64)
	at org.junit.jupiter.engine.execution.InvocationInterceptorChain.chainAndInvoke(InvocationInterceptorChain.java:45)
	at org.junit.jupiter.engine.execution.InvocationInterceptorChain.invoke(InvocationInterceptorChain.java:37)
	at org.junit.jupiter.engine.execution.ExecutableInvoker.invoke(ExecutableInvoker.java:104)
	at org.junit.jupiter.engine.execution.ExecutableInvoker.invoke(ExecutableInvoker.java:98)
	at org.junit.jupiter.engine.descriptor.TestMethodTestDescriptor.lambda$invokeTestMethod$6(TestMethodTestDescriptor.java:210)
	at org.junit.platform.engine.support.hierarchical.ThrowableCollector.execute(ThrowableCollector.java:73)
	at org.junit.jupiter.engine.descriptor.TestMethodTestDescriptor.invokeTestMethod(TestMethodTestDescriptor.java:206)
	at org.junit.jupiter.engine.descriptor.TestMethodTestDescriptor.execute(TestMethodTestDescriptor.java:131)
	at org.junit.jupiter.engine.descriptor.TestMethodTestDescriptor.execute(TestMethodTestDescriptor.java:65)
	at org.junit.platform.engine.support.hierarchical.NodeTestTask.lambda$executeRecursively$5(NodeTestTask.java:139)
	at org.junit.platform.engine.support.hierarchical.ThrowableCollector.execute(ThrowableCollector.java:73)
	at org.junit.platform.engine.support.hierarchical.NodeTestTask.lambda$executeRecursively$7(NodeTestTask.java:129)
	at org.junit.platform.engine.support.hierarchical.Node.around(Node.java:137)
	at org.junit.platform.engine.support.hierarchical.NodeTestTask.lambda$executeRecursively$8(NodeTestTask.java:127)
	at org.junit.platform.engine.support.hierarchical.ThrowableCollector.execute(ThrowableCollector.java:73)
	at org.junit.platform.engine.support.hierarchical.NodeTestTask.executeRecursively(NodeTestTask.java:126)
	at org.junit.platform.engine.support.hierarchical.NodeTestTask.execute(NodeTestTask.java:84)
	at org.junit.platform.engine.support.hierarchical.SameThreadHierarchicalTestExecutorService.submit(SameThreadHierarchicalTestExecutorService.java:32)
	at org.junit.platform.engine.support.hierarchical.NodeTestTask$DefaultDynamicTestExecutor.execute(NodeTestTask.java:212)
	at org.junit.platform.engine.support.hierarchical.NodeTestTask$DefaultDynamicTestExecutor.execute(NodeTestTask.java:192)
	at org.junit.jupiter.engine.descriptor.TestTemplateTestDescriptor.execute(TestTemplateTestDescriptor.java:139)
	at org.junit.jupiter.engine.descriptor.TestTemplateTestDescriptor.lambda$execute$2(TestTemplateTestDescriptor.java:107)
	at java.base/java.util.stream.ForEachOps$ForEachOp$OfRef.accept(ForEachOps.java:183)
	at java.base/java.util.stream.ReferencePipeline$3$1.accept(ReferencePipeline.java:197)
	at java.base/java.util.stream.ReferencePipeline$2$1.accept(ReferencePipeline.java:179)
	at java.base/java.util.stream.ReferencePipeline$3$1.accept(ReferencePipeline.java:197)
	at java.base/java.util.stream.ForEachOps$ForEachOp$OfRef.accept(ForEachOps.java:183)
	at java.base/java.util.stream.ReferencePipeline$15$1.accept(ReferencePipeline.java:541)
	at java.base/java.util.stream.ReferencePipeline$3$1.accept(ReferencePipeline.java:197)
	at java.base/java.util.stream.ReferencePipeline$3$1.accept(ReferencePipeline.java:197)
	at java.base/java.util.stream.ReferencePipeline$3$1.accept(ReferencePipeline.java:197)
	at java.base/java.util.stream.ForEachOps$ForEachOp$OfRef.accept(ForEachOps.java:183)
	at java.base/java.util.stream.ReferencePipeline$3$1.accept(ReferencePipeline.java:197)
	at java.base/java.util.stream.ForEachOps$ForEachOp$OfRef.accept(ForEachOps.java:183)
	at java.base/java.util.stream.SliceOps$1$1.accept(SliceOps.java:200)
	at java.base/java.util.stream.StreamSpliterators$InfiniteSupplyingSpliterator$OfRef.tryAdvance(StreamSpliterators.java:1358)
	at java.base/java.util.stream.ReferencePipeline.forEachWithCancel(ReferencePipeline.java:129)
	at java.base/java.util.stream.AbstractPipeline.copyIntoWithCancel(AbstractPipeline.java:527)
	at java.base/java.util.stream.AbstractPipeline.copyInto(AbstractPipeline.java:513)
	at java.base/java.util.stream.AbstractPipeline.wrapAndCopyInto(AbstractPipeline.java:499)
	at java.base/java.util.stream.ForEachOps$ForEachOp.evaluateSequential(ForEachOps.java:150)
	at java.base/java.util.stream.ForEachOps$ForEachOp$OfRef.evaluateSequential(ForEachOps.java:173)
	at java.base/java.util.stream.AbstractPipeline.evaluate(AbstractPipeline.java:234)
	at java.base/java.util.stream.ReferencePipeline.forEach(ReferencePipeline.java:596)
	at java.base/java.util.stream.ReferencePipeline$7$1.accept(ReferencePipeline.java:276)
	at java.base/java.util.stream.ReferencePipeline$3$1.accept(ReferencePipeline.java:197)
	at java.base/java.util.stream.ReferencePipeline$3$1.accept(ReferencePipeline.java:197)
	at java.base/java.util.Spliterators$ArraySpliterator.forEachRemaining(Spliterators.java:992)
	at java.base/java.util.stream.AbstractPipeline.copyInto(AbstractPipeline.java:509)
	at java.base/java.util.stream.AbstractPipeline.wrapAndCopyInto(AbstractPipeline.java:499)
	at java.base/java.util.stream.ForEachOps$ForEachOp.evaluateSequential(ForEachOps.java:150)
	at java.base/java.util.stream.ForEachOps$ForEachOp$OfRef.evaluateSequential(ForEachOps.java:173)
	at java.base/java.util.stream.AbstractPipeline.evaluate(AbstractPipeline.java:234)
	at java.base/java.util.stream.ReferencePipeline.forEach(ReferencePipeline.java:596)
	at java.base/java.util.stream.ReferencePipeline$7$1.accept(ReferencePipeline.java:276)
	at java.base/java.util.stream.ReferencePipeline$3$1.accept(ReferencePipeline.java:197)
	at java.base/java.util.stream.ReferencePipeline$3$1.accept(ReferencePipeline.java:197)
	at java.base/java.util.stream.ReferencePipeline$3$1.accept(ReferencePipeline.java:197)
	at java.base/java.util.ArrayList$ArrayListSpliterator.forEachRemaining(ArrayList.java:1625)
	at java.base/java.util.stream.AbstractPipeline.copyInto(AbstractPipeline.java:509)
	at java.base/java.util.stream.AbstractPipeline.wrapAndCopyInto(AbstractPipeline.java:499)
	at java.base/java.util.stream.ForEachOps$ForEachOp.evaluateSequential(ForEachOps.java:150)
	at java.base/java.util.stream.ForEachOps$ForEachOp$OfRef.evaluateSequential(ForEachOps.java:173)
	at java.base/java.util.stream.AbstractPipeline.evaluate(AbstractPipeline.java:234)
	at java.base/java.util.stream.ReferencePipeline.forEach(ReferencePipeline.java:596)
	at java.base/java.util.stream.ReferencePipeline$7$1.accept(ReferencePipeline.java:276)
	at java.base/java.util.ArrayList$ArrayListSpliterator.forEachRemaining(ArrayList.java:1625)
	at java.base/java.util.stream.AbstractPipeline.copyInto(AbstractPipeline.java:509)
	at java.base/java.util.stream.AbstractPipeline.wrapAndCopyInto(AbstractPipeline.java:499)
	at java.base/java.util.stream.ForEachOps$ForEachOp.evaluateSequential(ForEachOps.java:150)
	at java.base/java.util.stream.ForEachOps$ForEachOp$OfRef.evaluateSequential(ForEachOps.java:173)
	at java.base/java.util.stream.AbstractPipeline.evaluate(AbstractPipeline.java:234)
	at java.base/java.util.stream.ReferencePipeline.forEach(ReferencePipeline.java:596)
	at org.junit.jupiter.engine.descriptor.TestTemplateTestDescriptor.execute(TestTemplateTestDescriptor.java:107)
	at org.junit.jupiter.engine.descriptor.TestTemplateTestDescriptor.execute(TestTemplateTestDescriptor.java:42)
	at org.junit.platform.engine.support.hierarchical.NodeTestTask.lambda$executeRecursively$5(NodeTestTask.java:139)
	at org.junit.platform.engine.support.hierarchical.ThrowableCollector.execute(ThrowableCollector.java:73)
	at org.junit.platform.engine.support.hierarchical.NodeTestTask.lambda$executeRecursively$7(NodeTestTask.java:129)
	at org.junit.platform.engine.support.hierarchical.Node.around(Node.java:137)
	at org.junit.platform.engine.support.hierarchical.NodeTestTask.lambda$executeRecursively$8(NodeTestTask.java:127)
	at org.junit.platform.engine.support.hierarchical.ThrowableCollector.execute(ThrowableCollector.java:73)
	at org.junit.platform.engine.support.hierarchical.NodeTestTask.executeRecursively(NodeTestTask.java:126)
	at org.junit.platform.engine.support.hierarchical.NodeTestTask.execute(NodeTestTask.java:84)
	at java.base/java.util.ArrayList.forEach(ArrayList.java:1511)
	at org.junit.platform.engine.support.hierarchical.SameThreadHierarchicalTestExecutorService.invokeAll(SameThreadHierarchicalTestExecutorService.java:38)
	at org.junit.platform.engine.support.hierarchical.NodeTestTask.lambda$executeRecursively$5(NodeTestTask.java:143)
	at org.junit.platform.engine.support.hierarchical.ThrowableCollector.execute(ThrowableCollector.java:73)
	at org.junit.platform.engine.support.hierarchical.NodeTestTask.lambda$executeRecursively$7(NodeTestTask.java:129)
	at org.junit.platform.engine.support.hierarchical.Node.around(Node.java:137)
	at org.junit.platform.engine.support.hierarchical.NodeTestTask.lambda$executeRecursively$8(NodeTestTask.java:127)
	at org.junit.platform.engine.support.hierarchical.ThrowableCollector.execute(ThrowableCollector.java:73)
	at org.junit.platform.engine.support.hierarchical.NodeTestTask.executeRecursively(NodeTestTask.java:126)
	at org.junit.platform.engine.support.hierarchical.NodeTestTask.execute(NodeTestTask.java:84)
	at java.base/java.util.ArrayList.forEach(ArrayList.java:1511)
	at org.junit.platform.engine.support.hierarchical.SameThreadHierarchicalTestExecutorService.invokeAll(SameThreadHierarchicalTestExecutorService.java:38)
	at org.junit.platform.engine.support.hierarchical.NodeTestTask.lambda$executeRecursively$5(NodeTestTask.java:143)
	at org.junit.platform.engine.support.hierarchical.ThrowableCollector.execute(ThrowableCollector.java:73)
	at org.junit.platform.engine.support.hierarchical.NodeTestTask.lambda$executeRecursively$7(NodeTestTask.java:129)
	at org.junit.platform.engine.support.hierarchical.Node.around(Node.java:137)
	at org.junit.platform.engine.support.hierarchical.NodeTestTask.lambda$executeRecursively$8(NodeTestTask.java:127)
	at org.junit.platform.engine.support.hierarchical.ThrowableCollector.execute(ThrowableCollector.java:73)
	at org.junit.platform.engine.support.hierarchical.NodeTestTask.executeRecursively(NodeTestTask.java:126)
	at org.junit.platform.engine.support.hierarchical.NodeTestTask.execute(NodeTestTask.java:84)
	at org.junit.platform.engine.support.hierarchical.SameThreadHierarchicalTestExecutorService.submit(SameThreadHierarchicalTestExecutorService.java:32)
	at org.junit.platform.engine.support.hierarchical.HierarchicalTestExecutor.execute(HierarchicalTestExecutor.java:57)
	at org.junit.platform.engine.support.hierarchical.HierarchicalTestEngine.execute(HierarchicalTestEngine.java:51)
	at org.junit.platform.launcher.core.EngineExecutionOrchestrator.execute(EngineExecutionOrchestrator.java:108)
	at org.junit.platform.launcher.core.EngineExecutionOrchestrator.execute(EngineExecutionOrchestrator.java:88)
	at org.junit.platform.launcher.core.EngineExecutionOrchestrator.lambda$execute$0(EngineExecutionOrchestrator.java:54)
	at org.junit.platform.launcher.core.EngineExecutionOrchestrator.withInterceptedStreams(EngineExecutionOrchestrator.java:67)
	at org.junit.platform.launcher.core.EngineExecutionOrchestrator.execute(EngineExecutionOrchestrator.java:52)
	at org.junit.platform.launcher.core.DefaultLauncher.execute(DefaultLauncher.java:96)
	at org.junit.platform.launcher.core.DefaultLauncher.execute(DefaultLauncher.java:75)
	at org.junit.platform.console.tasks.ConsoleTestExecutor.executeTests(ConsoleTestExecutor.java:66)
	at org.junit.platform.console.tasks.ConsoleTestExecutor.lambda$execute$0(ConsoleTestExecutor.java:58)
	at org.junit.platform.console.tasks.CustomContextClassLoaderExecutor.replaceThreadContextClassLoaderAndInvoke(CustomContextClassLoaderExecutor.java:41)
	at org.junit.platform.console.tasks.CustomContextClassLoaderExecutor.invoke(CustomContextClassLoaderExecutor.java:31)
	at org.junit.platform.console.tasks.ConsoleTestExecutor.execute(ConsoleTestExecutor.java:58)
	at org.junit.platform.console.ConsoleLauncher.executeTests(ConsoleLauncher.java:95)
	at org.junit.platform.console.ConsoleLauncher.execute(ConsoleLauncher.java:73)
	at org.junit.platform.console.ConsoleLauncher.execute(ConsoleLauncher.java:50)
	at org.junit.platform.console.ConsoleLauncher.execute(ConsoleLauncher.java:43)
	at org.junit.platform.console.ConsoleLauncher.main(ConsoleLauncher.java:37)
]]></skipped>
<system-out><![CDATA[
unique-id: [engine:junit-jupiter]/[class:minebayd1.test.TestUser]/[test-template:testnext(minebayd1.User)]/[test-template-invocation:#22]
display-name: [22] Lisa a 45 annonces ouvertes, 4 annonces fermées et 3 achats 

]]></system-out>
</testcase>
<testcase name="testnext(User)[23]" classname="minebayd1.test.TestUser" time="0">
<skipped><![CDATA[org.opentest4j.TestAbortedException: Assumption failed: assumption is not true
	at org.junit.jupiter.api.Assumptions.throwTestAbortedException(Assumptions.java:256)
	at org.junit.jupiter.api.Assumptions.assumeTrue(Assumptions.java:115)
	at org.junit.jupiter.api.Assumptions.assumeTrue(Assumptions.java:66)
	at minebayd1.test.TestUser.testnext(TestUser.java:1137)
	at jdk.internal.reflect.GeneratedMethodAccessor10.invoke(Unknown Source)
	at java.base/jdk.internal.reflect.DelegatingMethodAccessorImpl.invoke(DelegatingMethodAccessorImpl.java:43)
	at java.base/java.lang.reflect.Method.invoke(Method.java:569)
	at org.junit.platform.commons.util.ReflectionUtils.invokeMethod(ReflectionUtils.java:688)
	at org.junit.jupiter.engine.execution.MethodInvocation.proceed(MethodInvocation.java:60)
	at org.junit.jupiter.engine.execution.InvocationInterceptorChain$ValidatingInvocation.proceed(InvocationInterceptorChain.java:131)
	at org.junit.jupiter.engine.extension.TimeoutExtension.intercept(TimeoutExtension.java:149)
	at org.junit.jupiter.engine.extension.TimeoutExtension.interceptTestableMethod(TimeoutExtension.java:140)
	at org.junit.jupiter.engine.extension.TimeoutExtension.interceptTestTemplateMethod(TimeoutExtension.java:92)
	at org.junit.jupiter.engine.execution.ExecutableInvoker$ReflectiveInterceptorCall.lambda$ofVoidMethod$0(ExecutableInvoker.java:115)
	at org.junit.jupiter.engine.execution.ExecutableInvoker.lambda$invoke$0(ExecutableInvoker.java:105)
	at org.junit.jupiter.engine.execution.InvocationInterceptorChain$InterceptedInvocation.proceed(InvocationInterceptorChain.java:106)
	at org.junit.jupiter.engine.execution.InvocationInterceptorChain.proceed(InvocationInterceptorChain.java:64)
	at org.junit.jupiter.engine.execution.InvocationInterceptorChain.chainAndInvoke(InvocationInterceptorChain.java:45)
	at org.junit.jupiter.engine.execution.InvocationInterceptorChain.invoke(InvocationInterceptorChain.java:37)
	at org.junit.jupiter.engine.execution.ExecutableInvoker.invoke(ExecutableInvoker.java:104)
	at org.junit.jupiter.engine.execution.ExecutableInvoker.invoke(ExecutableInvoker.java:98)
	at org.junit.jupiter.engine.descriptor.TestMethodTestDescriptor.lambda$invokeTestMethod$6(TestMethodTestDescriptor.java:210)
	at org.junit.platform.engine.support.hierarchical.ThrowableCollector.execute(ThrowableCollector.java:73)
	at org.junit.jupiter.engine.descriptor.TestMethodTestDescriptor.invokeTestMethod(TestMethodTestDescriptor.java:206)
	at org.junit.jupiter.engine.descriptor.TestMethodTestDescriptor.execute(TestMethodTestDescriptor.java:131)
	at org.junit.jupiter.engine.descriptor.TestMethodTestDescriptor.execute(TestMethodTestDescriptor.java:65)
	at org.junit.platform.engine.support.hierarchical.NodeTestTask.lambda$executeRecursively$5(NodeTestTask.java:139)
	at org.junit.platform.engine.support.hierarchical.ThrowableCollector.execute(ThrowableCollector.java:73)
	at org.junit.platform.engine.support.hierarchical.NodeTestTask.lambda$executeRecursively$7(NodeTestTask.java:129)
	at org.junit.platform.engine.support.hierarchical.Node.around(Node.java:137)
	at org.junit.platform.engine.support.hierarchical.NodeTestTask.lambda$executeRecursively$8(NodeTestTask.java:127)
	at org.junit.platform.engine.support.hierarchical.ThrowableCollector.execute(ThrowableCollector.java:73)
	at org.junit.platform.engine.support.hierarchical.NodeTestTask.executeRecursively(NodeTestTask.java:126)
	at org.junit.platform.engine.support.hierarchical.NodeTestTask.execute(NodeTestTask.java:84)
	at org.junit.platform.engine.support.hierarchical.SameThreadHierarchicalTestExecutorService.submit(SameThreadHierarchicalTestExecutorService.java:32)
	at org.junit.platform.engine.support.hierarchical.NodeTestTask$DefaultDynamicTestExecutor.execute(NodeTestTask.java:212)
	at org.junit.platform.engine.support.hierarchical.NodeTestTask$DefaultDynamicTestExecutor.execute(NodeTestTask.java:192)
	at org.junit.jupiter.engine.descriptor.TestTemplateTestDescriptor.execute(TestTemplateTestDescriptor.java:139)
	at org.junit.jupiter.engine.descriptor.TestTemplateTestDescriptor.lambda$execute$2(TestTemplateTestDescriptor.java:107)
	at java.base/java.util.stream.ForEachOps$ForEachOp$OfRef.accept(ForEachOps.java:183)
	at java.base/java.util.stream.ReferencePipeline$3$1.accept(ReferencePipeline.java:197)
	at java.base/java.util.stream.ReferencePipeline$2$1.accept(ReferencePipeline.java:179)
	at java.base/java.util.stream.ReferencePipeline$3$1.accept(ReferencePipeline.java:197)
	at java.base/java.util.stream.ForEachOps$ForEachOp$OfRef.accept(ForEachOps.java:183)
	at java.base/java.util.stream.ReferencePipeline$15$1.accept(ReferencePipeline.java:541)
	at java.base/java.util.stream.ReferencePipeline$3$1.accept(ReferencePipeline.java:197)
	at java.base/java.util.stream.ReferencePipeline$3$1.accept(ReferencePipeline.java:197)
	at java.base/java.util.stream.ReferencePipeline$3$1.accept(ReferencePipeline.java:197)
	at java.base/java.util.stream.ForEachOps$ForEachOp$OfRef.accept(ForEachOps.java:183)
	at java.base/java.util.stream.ReferencePipeline$3$1.accept(ReferencePipeline.java:197)
	at java.base/java.util.stream.ForEachOps$ForEachOp$OfRef.accept(ForEachOps.java:183)
	at java.base/java.util.stream.SliceOps$1$1.accept(SliceOps.java:200)
	at java.base/java.util.stream.StreamSpliterators$InfiniteSupplyingSpliterator$OfRef.tryAdvance(StreamSpliterators.java:1358)
	at java.base/java.util.stream.ReferencePipeline.forEachWithCancel(ReferencePipeline.java:129)
	at java.base/java.util.stream.AbstractPipeline.copyIntoWithCancel(AbstractPipeline.java:527)
	at java.base/java.util.stream.AbstractPipeline.copyInto(AbstractPipeline.java:513)
	at java.base/java.util.stream.AbstractPipeline.wrapAndCopyInto(AbstractPipeline.java:499)
	at java.base/java.util.stream.ForEachOps$ForEachOp.evaluateSequential(ForEachOps.java:150)
	at java.base/java.util.stream.ForEachOps$ForEachOp$OfRef.evaluateSequential(ForEachOps.java:173)
	at java.base/java.util.stream.AbstractPipeline.evaluate(AbstractPipeline.java:234)
	at java.base/java.util.stream.ReferencePipeline.forEach(ReferencePipeline.java:596)
	at java.base/java.util.stream.ReferencePipeline$7$1.accept(ReferencePipeline.java:276)
	at java.base/java.util.stream.ReferencePipeline$3$1.accept(ReferencePipeline.java:197)
	at java.base/java.util.stream.ReferencePipeline$3$1.accept(ReferencePipeline.java:197)
	at java.base/java.util.Spliterators$ArraySpliterator.forEachRemaining(Spliterators.java:992)
	at java.base/java.util.stream.AbstractPipeline.copyInto(AbstractPipeline.java:509)
	at java.base/java.util.stream.AbstractPipeline.wrapAndCopyInto(AbstractPipeline.java:499)
	at java.base/java.util.stream.ForEachOps$ForEachOp.evaluateSequential(ForEachOps.java:150)
	at java.base/java.util.stream.ForEachOps$ForEachOp$OfRef.evaluateSequential(ForEachOps.java:173)
	at java.base/java.util.stream.AbstractPipeline.evaluate(AbstractPipeline.java:234)
	at java.base/java.util.stream.ReferencePipeline.forEach(ReferencePipeline.java:596)
	at java.base/java.util.stream.ReferencePipeline$7$1.accept(ReferencePipeline.java:276)
	at java.base/java.util.stream.ReferencePipeline$3$1.accept(ReferencePipeline.java:197)
	at java.base/java.util.stream.ReferencePipeline$3$1.accept(ReferencePipeline.java:197)
	at java.base/java.util.stream.ReferencePipeline$3$1.accept(ReferencePipeline.java:197)
	at java.base/java.util.ArrayList$ArrayListSpliterator.forEachRemaining(ArrayList.java:1625)
	at java.base/java.util.stream.AbstractPipeline.copyInto(AbstractPipeline.java:509)
	at java.base/java.util.stream.AbstractPipeline.wrapAndCopyInto(AbstractPipeline.java:499)
	at java.base/java.util.stream.ForEachOps$ForEachOp.evaluateSequential(ForEachOps.java:150)
	at java.base/java.util.stream.ForEachOps$ForEachOp$OfRef.evaluateSequential(ForEachOps.java:173)
	at java.base/java.util.stream.AbstractPipeline.evaluate(AbstractPipeline.java:234)
	at java.base/java.util.stream.ReferencePipeline.forEach(ReferencePipeline.java:596)
	at java.base/java.util.stream.ReferencePipeline$7$1.accept(ReferencePipeline.java:276)
	at java.base/java.util.ArrayList$ArrayListSpliterator.forEachRemaining(ArrayList.java:1625)
	at java.base/java.util.stream.AbstractPipeline.copyInto(AbstractPipeline.java:509)
	at java.base/java.util.stream.AbstractPipeline.wrapAndCopyInto(AbstractPipeline.java:499)
	at java.base/java.util.stream.ForEachOps$ForEachOp.evaluateSequential(ForEachOps.java:150)
	at java.base/java.util.stream.ForEachOps$ForEachOp$OfRef.evaluateSequential(ForEachOps.java:173)
	at java.base/java.util.stream.AbstractPipeline.evaluate(AbstractPipeline.java:234)
	at java.base/java.util.stream.ReferencePipeline.forEach(ReferencePipeline.java:596)
	at org.junit.jupiter.engine.descriptor.TestTemplateTestDescriptor.execute(TestTemplateTestDescriptor.java:107)
	at org.junit.jupiter.engine.descriptor.TestTemplateTestDescriptor.execute(TestTemplateTestDescriptor.java:42)
	at org.junit.platform.engine.support.hierarchical.NodeTestTask.lambda$executeRecursively$5(NodeTestTask.java:139)
	at org.junit.platform.engine.support.hierarchical.ThrowableCollector.execute(ThrowableCollector.java:73)
	at org.junit.platform.engine.support.hierarchical.NodeTestTask.lambda$executeRecursively$7(NodeTestTask.java:129)
	at org.junit.platform.engine.support.hierarchical.Node.around(Node.java:137)
	at org.junit.platform.engine.support.hierarchical.NodeTestTask.lambda$executeRecursively$8(NodeTestTask.java:127)
	at org.junit.platform.engine.support.hierarchical.ThrowableCollector.execute(ThrowableCollector.java:73)
	at org.junit.platform.engine.support.hierarchical.NodeTestTask.executeRecursively(NodeTestTask.java:126)
	at org.junit.platform.engine.support.hierarchical.NodeTestTask.execute(NodeTestTask.java:84)
	at java.base/java.util.ArrayList.forEach(ArrayList.java:1511)
	at org.junit.platform.engine.support.hierarchical.SameThreadHierarchicalTestExecutorService.invokeAll(SameThreadHierarchicalTestExecutorService.java:38)
	at org.junit.platform.engine.support.hierarchical.NodeTestTask.lambda$executeRecursively$5(NodeTestTask.java:143)
	at org.junit.platform.engine.support.hierarchical.ThrowableCollector.execute(ThrowableCollector.java:73)
	at org.junit.platform.engine.support.hierarchical.NodeTestTask.lambda$executeRecursively$7(NodeTestTask.java:129)
	at org.junit.platform.engine.support.hierarchical.Node.around(Node.java:137)
	at org.junit.platform.engine.support.hierarchical.NodeTestTask.lambda$executeRecursively$8(NodeTestTask.java:127)
	at org.junit.platform.engine.support.hierarchical.ThrowableCollector.execute(ThrowableCollector.java:73)
	at org.junit.platform.engine.support.hierarchical.NodeTestTask.executeRecursively(NodeTestTask.java:126)
	at org.junit.platform.engine.support.hierarchical.NodeTestTask.execute(NodeTestTask.java:84)
	at java.base/java.util.ArrayList.forEach(ArrayList.java:1511)
	at org.junit.platform.engine.support.hierarchical.SameThreadHierarchicalTestExecutorService.invokeAll(SameThreadHierarchicalTestExecutorService.java:38)
	at org.junit.platform.engine.support.hierarchical.NodeTestTask.lambda$executeRecursively$5(NodeTestTask.java:143)
	at org.junit.platform.engine.support.hierarchical.ThrowableCollector.execute(ThrowableCollector.java:73)
	at org.junit.platform.engine.support.hierarchical.NodeTestTask.lambda$executeRecursively$7(NodeTestTask.java:129)
	at org.junit.platform.engine.support.hierarchical.Node.around(Node.java:137)
	at org.junit.platform.engine.support.hierarchical.NodeTestTask.lambda$executeRecursively$8(NodeTestTask.java:127)
	at org.junit.platform.engine.support.hierarchical.ThrowableCollector.execute(ThrowableCollector.java:73)
	at org.junit.platform.engine.support.hierarchical.NodeTestTask.executeRecursively(NodeTestTask.java:126)
	at org.junit.platform.engine.support.hierarchical.NodeTestTask.execute(NodeTestTask.java:84)
	at org.junit.platform.engine.support.hierarchical.SameThreadHierarchicalTestExecutorService.submit(SameThreadHierarchicalTestExecutorService.java:32)
	at org.junit.platform.engine.support.hierarchical.HierarchicalTestExecutor.execute(HierarchicalTestExecutor.java:57)
	at org.junit.platform.engine.support.hierarchical.HierarchicalTestEngine.execute(HierarchicalTestEngine.java:51)
	at org.junit.platform.launcher.core.EngineExecutionOrchestrator.execute(EngineExecutionOrchestrator.java:108)
	at org.junit.platform.launcher.core.EngineExecutionOrchestrator.execute(EngineExecutionOrchestrator.java:88)
	at org.junit.platform.launcher.core.EngineExecutionOrchestrator.lambda$execute$0(EngineExecutionOrchestrator.java:54)
	at org.junit.platform.launcher.core.EngineExecutionOrchestrator.withInterceptedStreams(EngineExecutionOrchestrator.java:67)
	at org.junit.platform.launcher.core.EngineExecutionOrchestrator.execute(EngineExecutionOrchestrator.java:52)
	at org.junit.platform.launcher.core.DefaultLauncher.execute(DefaultLauncher.java:96)
	at org.junit.platform.launcher.core.DefaultLauncher.execute(DefaultLauncher.java:75)
	at org.junit.platform.console.tasks.ConsoleTestExecutor.executeTests(ConsoleTestExecutor.java:66)
	at org.junit.platform.console.tasks.ConsoleTestExecutor.lambda$execute$0(ConsoleTestExecutor.java:58)
	at org.junit.platform.console.tasks.CustomContextClassLoaderExecutor.replaceThreadContextClassLoaderAndInvoke(CustomContextClassLoaderExecutor.java:41)
	at org.junit.platform.console.tasks.CustomContextClassLoaderExecutor.invoke(CustomContextClassLoaderExecutor.java:31)
	at org.junit.platform.console.tasks.ConsoleTestExecutor.execute(ConsoleTestExecutor.java:58)
	at org.junit.platform.console.ConsoleLauncher.executeTests(ConsoleLauncher.java:95)
	at org.junit.platform.console.ConsoleLauncher.execute(ConsoleLauncher.java:73)
	at org.junit.platform.console.ConsoleLauncher.execute(ConsoleLauncher.java:50)
	at org.junit.platform.console.ConsoleLauncher.execute(ConsoleLauncher.java:43)
	at org.junit.platform.console.ConsoleLauncher.main(ConsoleLauncher.java:37)
]]></skipped>
<system-out><![CDATA[
unique-id: [engine:junit-jupiter]/[class:minebayd1.test.TestUser]/[test-template:testnext(minebayd1.User)]/[test-template-invocation:#23]
display-name: [23] Chanez a 57 annonces ouvertes, 2 annonces fermées et 1 achats 

]]></system-out>
</testcase>
<testcase name="testnext(User)[24]" classname="minebayd1.test.TestUser" time="0">
<skipped><![CDATA[org.opentest4j.TestAbortedException: Assumption failed: assumption is not true
	at org.junit.jupiter.api.Assumptions.throwTestAbortedException(Assumptions.java:256)
	at org.junit.jupiter.api.Assumptions.assumeTrue(Assumptions.java:115)
	at org.junit.jupiter.api.Assumptions.assumeTrue(Assumptions.java:66)
	at minebayd1.test.TestUser.testnext(TestUser.java:1137)
	at jdk.internal.reflect.GeneratedMethodAccessor10.invoke(Unknown Source)
	at java.base/jdk.internal.reflect.DelegatingMethodAccessorImpl.invoke(DelegatingMethodAccessorImpl.java:43)
	at java.base/java.lang.reflect.Method.invoke(Method.java:569)
	at org.junit.platform.commons.util.ReflectionUtils.invokeMethod(ReflectionUtils.java:688)
	at org.junit.jupiter.engine.execution.MethodInvocation.proceed(MethodInvocation.java:60)
	at org.junit.jupiter.engine.execution.InvocationInterceptorChain$ValidatingInvocation.proceed(InvocationInterceptorChain.java:131)
	at org.junit.jupiter.engine.extension.TimeoutExtension.intercept(TimeoutExtension.java:149)
	at org.junit.jupiter.engine.extension.TimeoutExtension.interceptTestableMethod(TimeoutExtension.java:140)
	at org.junit.jupiter.engine.extension.TimeoutExtension.interceptTestTemplateMethod(TimeoutExtension.java:92)
	at org.junit.jupiter.engine.execution.ExecutableInvoker$ReflectiveInterceptorCall.lambda$ofVoidMethod$0(ExecutableInvoker.java:115)
	at org.junit.jupiter.engine.execution.ExecutableInvoker.lambda$invoke$0(ExecutableInvoker.java:105)
	at org.junit.jupiter.engine.execution.InvocationInterceptorChain$InterceptedInvocation.proceed(InvocationInterceptorChain.java:106)
	at org.junit.jupiter.engine.execution.InvocationInterceptorChain.proceed(InvocationInterceptorChain.java:64)
	at org.junit.jupiter.engine.execution.InvocationInterceptorChain.chainAndInvoke(InvocationInterceptorChain.java:45)
	at org.junit.jupiter.engine.execution.InvocationInterceptorChain.invoke(InvocationInterceptorChain.java:37)
	at org.junit.jupiter.engine.execution.ExecutableInvoker.invoke(ExecutableInvoker.java:104)
	at org.junit.jupiter.engine.execution.ExecutableInvoker.invoke(ExecutableInvoker.java:98)
	at org.junit.jupiter.engine.descriptor.TestMethodTestDescriptor.lambda$invokeTestMethod$6(TestMethodTestDescriptor.java:210)
	at org.junit.platform.engine.support.hierarchical.ThrowableCollector.execute(ThrowableCollector.java:73)
	at org.junit.jupiter.engine.descriptor.TestMethodTestDescriptor.invokeTestMethod(TestMethodTestDescriptor.java:206)
	at org.junit.jupiter.engine.descriptor.TestMethodTestDescriptor.execute(TestMethodTestDescriptor.java:131)
	at org.junit.jupiter.engine.descriptor.TestMethodTestDescriptor.execute(TestMethodTestDescriptor.java:65)
	at org.junit.platform.engine.support.hierarchical.NodeTestTask.lambda$executeRecursively$5(NodeTestTask.java:139)
	at org.junit.platform.engine.support.hierarchical.ThrowableCollector.execute(ThrowableCollector.java:73)
	at org.junit.platform.engine.support.hierarchical.NodeTestTask.lambda$executeRecursively$7(NodeTestTask.java:129)
	at org.junit.platform.engine.support.hierarchical.Node.around(Node.java:137)
	at org.junit.platform.engine.support.hierarchical.NodeTestTask.lambda$executeRecursively$8(NodeTestTask.java:127)
	at org.junit.platform.engine.support.hierarchical.ThrowableCollector.execute(ThrowableCollector.java:73)
	at org.junit.platform.engine.support.hierarchical.NodeTestTask.executeRecursively(NodeTestTask.java:126)
	at org.junit.platform.engine.support.hierarchical.NodeTestTask.execute(NodeTestTask.java:84)
	at org.junit.platform.engine.support.hierarchical.SameThreadHierarchicalTestExecutorService.submit(SameThreadHierarchicalTestExecutorService.java:32)
	at org.junit.platform.engine.support.hierarchical.NodeTestTask$DefaultDynamicTestExecutor.execute(NodeTestTask.java:212)
	at org.junit.platform.engine.support.hierarchical.NodeTestTask$DefaultDynamicTestExecutor.execute(NodeTestTask.java:192)
	at org.junit.jupiter.engine.descriptor.TestTemplateTestDescriptor.execute(TestTemplateTestDescriptor.java:139)
	at org.junit.jupiter.engine.descriptor.TestTemplateTestDescriptor.lambda$execute$2(TestTemplateTestDescriptor.java:107)
	at java.base/java.util.stream.ForEachOps$ForEachOp$OfRef.accept(ForEachOps.java:183)
	at java.base/java.util.stream.ReferencePipeline$3$1.accept(ReferencePipeline.java:197)
	at java.base/java.util.stream.ReferencePipeline$2$1.accept(ReferencePipeline.java:179)
	at java.base/java.util.stream.ReferencePipeline$3$1.accept(ReferencePipeline.java:197)
	at java.base/java.util.stream.ForEachOps$ForEachOp$OfRef.accept(ForEachOps.java:183)
	at java.base/java.util.stream.ReferencePipeline$15$1.accept(ReferencePipeline.java:541)
	at java.base/java.util.stream.ReferencePipeline$3$1.accept(ReferencePipeline.java:197)
	at java.base/java.util.stream.ReferencePipeline$3$1.accept(ReferencePipeline.java:197)
	at java.base/java.util.stream.ReferencePipeline$3$1.accept(ReferencePipeline.java:197)
	at java.base/java.util.stream.ForEachOps$ForEachOp$OfRef.accept(ForEachOps.java:183)
	at java.base/java.util.stream.ReferencePipeline$3$1.accept(ReferencePipeline.java:197)
	at java.base/java.util.stream.ForEachOps$ForEachOp$OfRef.accept(ForEachOps.java:183)
	at java.base/java.util.stream.SliceOps$1$1.accept(SliceOps.java:200)
	at java.base/java.util.stream.StreamSpliterators$InfiniteSupplyingSpliterator$OfRef.tryAdvance(StreamSpliterators.java:1358)
	at java.base/java.util.stream.ReferencePipeline.forEachWithCancel(ReferencePipeline.java:129)
	at java.base/java.util.stream.AbstractPipeline.copyIntoWithCancel(AbstractPipeline.java:527)
	at java.base/java.util.stream.AbstractPipeline.copyInto(AbstractPipeline.java:513)
	at java.base/java.util.stream.AbstractPipeline.wrapAndCopyInto(AbstractPipeline.java:499)
	at java.base/java.util.stream.ForEachOps$ForEachOp.evaluateSequential(ForEachOps.java:150)
	at java.base/java.util.stream.ForEachOps$ForEachOp$OfRef.evaluateSequential(ForEachOps.java:173)
	at java.base/java.util.stream.AbstractPipeline.evaluate(AbstractPipeline.java:234)
	at java.base/java.util.stream.ReferencePipeline.forEach(ReferencePipeline.java:596)
	at java.base/java.util.stream.ReferencePipeline$7$1.accept(ReferencePipeline.java:276)
	at java.base/java.util.stream.ReferencePipeline$3$1.accept(ReferencePipeline.java:197)
	at java.base/java.util.stream.ReferencePipeline$3$1.accept(ReferencePipeline.java:197)
	at java.base/java.util.Spliterators$ArraySpliterator.forEachRemaining(Spliterators.java:992)
	at java.base/java.util.stream.AbstractPipeline.copyInto(AbstractPipeline.java:509)
	at java.base/java.util.stream.AbstractPipeline.wrapAndCopyInto(AbstractPipeline.java:499)
	at java.base/java.util.stream.ForEachOps$ForEachOp.evaluateSequential(ForEachOps.java:150)
	at java.base/java.util.stream.ForEachOps$ForEachOp$OfRef.evaluateSequential(ForEachOps.java:173)
	at java.base/java.util.stream.AbstractPipeline.evaluate(AbstractPipeline.java:234)
	at java.base/java.util.stream.ReferencePipeline.forEach(ReferencePipeline.java:596)
	at java.base/java.util.stream.ReferencePipeline$7$1.accept(ReferencePipeline.java:276)
	at java.base/java.util.stream.ReferencePipeline$3$1.accept(ReferencePipeline.java:197)
	at java.base/java.util.stream.ReferencePipeline$3$1.accept(ReferencePipeline.java:197)
	at java.base/java.util.stream.ReferencePipeline$3$1.accept(ReferencePipeline.java:197)
	at java.base/java.util.ArrayList$ArrayListSpliterator.forEachRemaining(ArrayList.java:1625)
	at java.base/java.util.stream.AbstractPipeline.copyInto(AbstractPipeline.java:509)
	at java.base/java.util.stream.AbstractPipeline.wrapAndCopyInto(AbstractPipeline.java:499)
	at java.base/java.util.stream.ForEachOps$ForEachOp.evaluateSequential(ForEachOps.java:150)
	at java.base/java.util.stream.ForEachOps$ForEachOp$OfRef.evaluateSequential(ForEachOps.java:173)
	at java.base/java.util.stream.AbstractPipeline.evaluate(AbstractPipeline.java:234)
	at java.base/java.util.stream.ReferencePipeline.forEach(ReferencePipeline.java:596)
	at java.base/java.util.stream.ReferencePipeline$7$1.accept(ReferencePipeline.java:276)
	at java.base/java.util.ArrayList$ArrayListSpliterator.forEachRemaining(ArrayList.java:1625)
	at java.base/java.util.stream.AbstractPipeline.copyInto(AbstractPipeline.java:509)
	at java.base/java.util.stream.AbstractPipeline.wrapAndCopyInto(AbstractPipeline.java:499)
	at java.base/java.util.stream.ForEachOps$ForEachOp.evaluateSequential(ForEachOps.java:150)
	at java.base/java.util.stream.ForEachOps$ForEachOp$OfRef.evaluateSequential(ForEachOps.java:173)
	at java.base/java.util.stream.AbstractPipeline.evaluate(AbstractPipeline.java:234)
	at java.base/java.util.stream.ReferencePipeline.forEach(ReferencePipeline.java:596)
	at org.junit.jupiter.engine.descriptor.TestTemplateTestDescriptor.execute(TestTemplateTestDescriptor.java:107)
	at org.junit.jupiter.engine.descriptor.TestTemplateTestDescriptor.execute(TestTemplateTestDescriptor.java:42)
	at org.junit.platform.engine.support.hierarchical.NodeTestTask.lambda$executeRecursively$5(NodeTestTask.java:139)
	at org.junit.platform.engine.support.hierarchical.ThrowableCollector.execute(ThrowableCollector.java:73)
	at org.junit.platform.engine.support.hierarchical.NodeTestTask.lambda$executeRecursively$7(NodeTestTask.java:129)
	at org.junit.platform.engine.support.hierarchical.Node.around(Node.java:137)
	at org.junit.platform.engine.support.hierarchical.NodeTestTask.lambda$executeRecursively$8(NodeTestTask.java:127)
	at org.junit.platform.engine.support.hierarchical.ThrowableCollector.execute(ThrowableCollector.java:73)
	at org.junit.platform.engine.support.hierarchical.NodeTestTask.executeRecursively(NodeTestTask.java:126)
	at org.junit.platform.engine.support.hierarchical.NodeTestTask.execute(NodeTestTask.java:84)
	at java.base/java.util.ArrayList.forEach(ArrayList.java:1511)
	at org.junit.platform.engine.support.hierarchical.SameThreadHierarchicalTestExecutorService.invokeAll(SameThreadHierarchicalTestExecutorService.java:38)
	at org.junit.platform.engine.support.hierarchical.NodeTestTask.lambda$executeRecursively$5(NodeTestTask.java:143)
	at org.junit.platform.engine.support.hierarchical.ThrowableCollector.execute(ThrowableCollector.java:73)
	at org.junit.platform.engine.support.hierarchical.NodeTestTask.lambda$executeRecursively$7(NodeTestTask.java:129)
	at org.junit.platform.engine.support.hierarchical.Node.around(Node.java:137)
	at org.junit.platform.engine.support.hierarchical.NodeTestTask.lambda$executeRecursively$8(NodeTestTask.java:127)
	at org.junit.platform.engine.support.hierarchical.ThrowableCollector.execute(ThrowableCollector.java:73)
	at org.junit.platform.engine.support.hierarchical.NodeTestTask.executeRecursively(NodeTestTask.java:126)
	at org.junit.platform.engine.support.hierarchical.NodeTestTask.execute(NodeTestTask.java:84)
	at java.base/java.util.ArrayList.forEach(ArrayList.java:1511)
	at org.junit.platform.engine.support.hierarchical.SameThreadHierarchicalTestExecutorService.invokeAll(SameThreadHierarchicalTestExecutorService.java:38)
	at org.junit.platform.engine.support.hierarchical.NodeTestTask.lambda$executeRecursively$5(NodeTestTask.java:143)
	at org.junit.platform.engine.support.hierarchical.ThrowableCollector.execute(ThrowableCollector.java:73)
	at org.junit.platform.engine.support.hierarchical.NodeTestTask.lambda$executeRecursively$7(NodeTestTask.java:129)
	at org.junit.platform.engine.support.hierarchical.Node.around(Node.java:137)
	at org.junit.platform.engine.support.hierarchical.NodeTestTask.lambda$executeRecursively$8(NodeTestTask.java:127)
	at org.junit.platform.engine.support.hierarchical.ThrowableCollector.execute(ThrowableCollector.java:73)
	at org.junit.platform.engine.support.hierarchical.NodeTestTask.executeRecursively(NodeTestTask.java:126)
	at org.junit.platform.engine.support.hierarchical.NodeTestTask.execute(NodeTestTask.java:84)
	at org.junit.platform.engine.support.hierarchical.SameThreadHierarchicalTestExecutorService.submit(SameThreadHierarchicalTestExecutorService.java:32)
	at org.junit.platform.engine.support.hierarchical.HierarchicalTestExecutor.execute(HierarchicalTestExecutor.java:57)
	at org.junit.platform.engine.support.hierarchical.HierarchicalTestEngine.execute(HierarchicalTestEngine.java:51)
	at org.junit.platform.launcher.core.EngineExecutionOrchestrator.execute(EngineExecutionOrchestrator.java:108)
	at org.junit.platform.launcher.core.EngineExecutionOrchestrator.execute(EngineExecutionOrchestrator.java:88)
	at org.junit.platform.launcher.core.EngineExecutionOrchestrator.lambda$execute$0(EngineExecutionOrchestrator.java:54)
	at org.junit.platform.launcher.core.EngineExecutionOrchestrator.withInterceptedStreams(EngineExecutionOrchestrator.java:67)
	at org.junit.platform.launcher.core.EngineExecutionOrchestrator.execute(EngineExecutionOrchestrator.java:52)
	at org.junit.platform.launcher.core.DefaultLauncher.execute(DefaultLauncher.java:96)
	at org.junit.platform.launcher.core.DefaultLauncher.execute(DefaultLauncher.java:75)
	at org.junit.platform.console.tasks.ConsoleTestExecutor.executeTests(ConsoleTestExecutor.java:66)
	at org.junit.platform.console.tasks.ConsoleTestExecutor.lambda$execute$0(ConsoleTestExecutor.java:58)
	at org.junit.platform.console.tasks.CustomContextClassLoaderExecutor.replaceThreadContextClassLoaderAndInvoke(CustomContextClassLoaderExecutor.java:41)
	at org.junit.platform.console.tasks.CustomContextClassLoaderExecutor.invoke(CustomContextClassLoaderExecutor.java:31)
	at org.junit.platform.console.tasks.ConsoleTestExecutor.execute(ConsoleTestExecutor.java:58)
	at org.junit.platform.console.ConsoleLauncher.executeTests(ConsoleLauncher.java:95)
	at org.junit.platform.console.ConsoleLauncher.execute(ConsoleLauncher.java:73)
	at org.junit.platform.console.ConsoleLauncher.execute(ConsoleLauncher.java:50)
	at org.junit.platform.console.ConsoleLauncher.execute(ConsoleLauncher.java:43)
	at org.junit.platform.console.ConsoleLauncher.main(ConsoleLauncher.java:37)
]]></skipped>
<system-out><![CDATA[
unique-id: [engine:junit-jupiter]/[class:minebayd1.test.TestUser]/[test-template:testnext(minebayd1.User)]/[test-template-invocation:#24]
display-name: [24] Chanez a 57 annonces ouvertes, 2 annonces fermées et 1 achats 

]]></system-out>
</testcase>
<testcase name="testnext(User)[25]" classname="minebayd1.test.TestUser" time="0.006">
<system-out><![CDATA[
unique-id: [engine:junit-jupiter]/[class:minebayd1.test.TestUser]/[test-template:testnext(minebayd1.User)]/[test-template-invocation:#25]
display-name: [25] Idir a 58 annonces ouvertes, 5 annonces fermées et 4 achats 

]]></system-out>
</testcase>
<testcase name="testnext(User)[26]" classname="minebayd1.test.TestUser" time="0">
<system-out><![CDATA[
unique-id: [engine:junit-jupiter]/[class:minebayd1.test.TestUser]/[test-template:testnext(minebayd1.User)]/[test-template-invocation:#26]
display-name: [26] Issa a 70 annonces ouvertes, 3 annonces fermées et 3 achats 

]]></system-out>
</testcase>
<testcase name="testnext(User)[27]" classname="minebayd1.test.TestUser" time="0.003">
<system-out><![CDATA[
unique-id: [engine:junit-jupiter]/[class:minebayd1.test.TestUser]/[test-template:testnext(minebayd1.User)]/[test-template-invocation:#27]
display-name: [27] Aliou a 50 annonces ouvertes, 3 annonces fermées et 2 achats 

]]></system-out>
</testcase>
<testcase name="testnext(User)[28]" classname="minebayd1.test.TestUser" time="0.002">
<system-out><![CDATA[
unique-id: [engine:junit-jupiter]/[class:minebayd1.test.TestUser]/[test-template:testnext(minebayd1.User)]/[test-template-invocation:#28]
display-name: [28] Zahra a 42 annonces ouvertes, 0 annonces fermées et 2 achats 

]]></system-out>
</testcase>
<testcase name="testnext(User)[29]" classname="minebayd1.test.TestUser" time="0.003">
<system-out><![CDATA[
unique-id: [engine:junit-jupiter]/[class:minebayd1.test.TestUser]/[test-template:testnext(minebayd1.User)]/[test-template-invocation:#29]
display-name: [29] Nima a 50 annonces ouvertes, 1 annonces fermées et 4 achats 

]]></system-out>
</testcase>
<testcase name="testnext(User)[30]" classname="minebayd1.test.TestUser" time="0">
<skipped><![CDATA[org.opentest4j.TestAbortedException: Assumption failed: assumption is not true
	at org.junit.jupiter.api.Assumptions.throwTestAbortedException(Assumptions.java:256)
	at org.junit.jupiter.api.Assumptions.assumeTrue(Assumptions.java:115)
	at org.junit.jupiter.api.Assumptions.assumeTrue(Assumptions.java:66)
	at minebayd1.test.TestUser.testnext(TestUser.java:1137)
	at jdk.internal.reflect.GeneratedMethodAccessor10.invoke(Unknown Source)
	at java.base/jdk.internal.reflect.DelegatingMethodAccessorImpl.invoke(DelegatingMethodAccessorImpl.java:43)
	at java.base/java.lang.reflect.Method.invoke(Method.java:569)
	at org.junit.platform.commons.util.ReflectionUtils.invokeMethod(ReflectionUtils.java:688)
	at org.junit.jupiter.engine.execution.MethodInvocation.proceed(MethodInvocation.java:60)
	at org.junit.jupiter.engine.execution.InvocationInterceptorChain$ValidatingInvocation.proceed(InvocationInterceptorChain.java:131)
	at org.junit.jupiter.engine.extension.TimeoutExtension.intercept(TimeoutExtension.java:149)
	at org.junit.jupiter.engine.extension.TimeoutExtension.interceptTestableMethod(TimeoutExtension.java:140)
	at org.junit.jupiter.engine.extension.TimeoutExtension.interceptTestTemplateMethod(TimeoutExtension.java:92)
	at org.junit.jupiter.engine.execution.ExecutableInvoker$ReflectiveInterceptorCall.lambda$ofVoidMethod$0(ExecutableInvoker.java:115)
	at org.junit.jupiter.engine.execution.ExecutableInvoker.lambda$invoke$0(ExecutableInvoker.java:105)
	at org.junit.jupiter.engine.execution.InvocationInterceptorChain$InterceptedInvocation.proceed(InvocationInterceptorChain.java:106)
	at org.junit.jupiter.engine.execution.InvocationInterceptorChain.proceed(InvocationInterceptorChain.java:64)
	at org.junit.jupiter.engine.execution.InvocationInterceptorChain.chainAndInvoke(InvocationInterceptorChain.java:45)
	at org.junit.jupiter.engine.execution.InvocationInterceptorChain.invoke(InvocationInterceptorChain.java:37)
	at org.junit.jupiter.engine.execution.ExecutableInvoker.invoke(ExecutableInvoker.java:104)
	at org.junit.jupiter.engine.execution.ExecutableInvoker.invoke(ExecutableInvoker.java:98)
	at org.junit.jupiter.engine.descriptor.TestMethodTestDescriptor.lambda$invokeTestMethod$6(TestMethodTestDescriptor.java:210)
	at org.junit.platform.engine.support.hierarchical.ThrowableCollector.execute(ThrowableCollector.java:73)
	at org.junit.jupiter.engine.descriptor.TestMethodTestDescriptor.invokeTestMethod(TestMethodTestDescriptor.java:206)
	at org.junit.jupiter.engine.descriptor.TestMethodTestDescriptor.execute(TestMethodTestDescriptor.java:131)
	at org.junit.jupiter.engine.descriptor.TestMethodTestDescriptor.execute(TestMethodTestDescriptor.java:65)
	at org.junit.platform.engine.support.hierarchical.NodeTestTask.lambda$executeRecursively$5(NodeTestTask.java:139)
	at org.junit.platform.engine.support.hierarchical.ThrowableCollector.execute(ThrowableCollector.java:73)
	at org.junit.platform.engine.support.hierarchical.NodeTestTask.lambda$executeRecursively$7(NodeTestTask.java:129)
	at org.junit.platform.engine.support.hierarchical.Node.around(Node.java:137)
	at org.junit.platform.engine.support.hierarchical.NodeTestTask.lambda$executeRecursively$8(NodeTestTask.java:127)
	at org.junit.platform.engine.support.hierarchical.ThrowableCollector.execute(ThrowableCollector.java:73)
	at org.junit.platform.engine.support.hierarchical.NodeTestTask.executeRecursively(NodeTestTask.java:126)
	at org.junit.platform.engine.support.hierarchical.NodeTestTask.execute(NodeTestTask.java:84)
	at org.junit.platform.engine.support.hierarchical.SameThreadHierarchicalTestExecutorService.submit(SameThreadHierarchicalTestExecutorService.java:32)
	at org.junit.platform.engine.support.hierarchical.NodeTestTask$DefaultDynamicTestExecutor.execute(NodeTestTask.java:212)
	at org.junit.platform.engine.support.hierarchical.NodeTestTask$DefaultDynamicTestExecutor.execute(NodeTestTask.java:192)
	at org.junit.jupiter.engine.descriptor.TestTemplateTestDescriptor.execute(TestTemplateTestDescriptor.java:139)
	at org.junit.jupiter.engine.descriptor.TestTemplateTestDescriptor.lambda$execute$2(TestTemplateTestDescriptor.java:107)
	at java.base/java.util.stream.ForEachOps$ForEachOp$OfRef.accept(ForEachOps.java:183)
	at java.base/java.util.stream.ReferencePipeline$3$1.accept(ReferencePipeline.java:197)
	at java.base/java.util.stream.ReferencePipeline$2$1.accept(ReferencePipeline.java:179)
	at java.base/java.util.stream.ReferencePipeline$3$1.accept(ReferencePipeline.java:197)
	at java.base/java.util.stream.ForEachOps$ForEachOp$OfRef.accept(ForEachOps.java:183)
	at java.base/java.util.stream.ReferencePipeline$15$1.accept(ReferencePipeline.java:541)
	at java.base/java.util.stream.ReferencePipeline$3$1.accept(ReferencePipeline.java:197)
	at java.base/java.util.stream.ReferencePipeline$3$1.accept(ReferencePipeline.java:197)
	at java.base/java.util.stream.ReferencePipeline$3$1.accept(ReferencePipeline.java:197)
	at java.base/java.util.stream.ForEachOps$ForEachOp$OfRef.accept(ForEachOps.java:183)
	at java.base/java.util.stream.ReferencePipeline$3$1.accept(ReferencePipeline.java:197)
	at java.base/java.util.stream.ForEachOps$ForEachOp$OfRef.accept(ForEachOps.java:183)
	at java.base/java.util.stream.SliceOps$1$1.accept(SliceOps.java:200)
	at java.base/java.util.stream.StreamSpliterators$InfiniteSupplyingSpliterator$OfRef.tryAdvance(StreamSpliterators.java:1358)
	at java.base/java.util.stream.ReferencePipeline.forEachWithCancel(ReferencePipeline.java:129)
	at java.base/java.util.stream.AbstractPipeline.copyIntoWithCancel(AbstractPipeline.java:527)
	at java.base/java.util.stream.AbstractPipeline.copyInto(AbstractPipeline.java:513)
	at java.base/java.util.stream.AbstractPipeline.wrapAndCopyInto(AbstractPipeline.java:499)
	at java.base/java.util.stream.ForEachOps$ForEachOp.evaluateSequential(ForEachOps.java:150)
	at java.base/java.util.stream.ForEachOps$ForEachOp$OfRef.evaluateSequential(ForEachOps.java:173)
	at java.base/java.util.stream.AbstractPipeline.evaluate(AbstractPipeline.java:234)
	at java.base/java.util.stream.ReferencePipeline.forEach(ReferencePipeline.java:596)
	at java.base/java.util.stream.ReferencePipeline$7$1.accept(ReferencePipeline.java:276)
	at java.base/java.util.stream.ReferencePipeline$3$1.accept(ReferencePipeline.java:197)
	at java.base/java.util.stream.ReferencePipeline$3$1.accept(ReferencePipeline.java:197)
	at java.base/java.util.Spliterators$ArraySpliterator.forEachRemaining(Spliterators.java:992)
	at java.base/java.util.stream.AbstractPipeline.copyInto(AbstractPipeline.java:509)
	at java.base/java.util.stream.AbstractPipeline.wrapAndCopyInto(AbstractPipeline.java:499)
	at java.base/java.util.stream.ForEachOps$ForEachOp.evaluateSequential(ForEachOps.java:150)
	at java.base/java.util.stream.ForEachOps$ForEachOp$OfRef.evaluateSequential(ForEachOps.java:173)
	at java.base/java.util.stream.AbstractPipeline.evaluate(AbstractPipeline.java:234)
	at java.base/java.util.stream.ReferencePipeline.forEach(ReferencePipeline.java:596)
	at java.base/java.util.stream.ReferencePipeline$7$1.accept(ReferencePipeline.java:276)
	at java.base/java.util.stream.ReferencePipeline$3$1.accept(ReferencePipeline.java:197)
	at java.base/java.util.stream.ReferencePipeline$3$1.accept(ReferencePipeline.java:197)
	at java.base/java.util.stream.ReferencePipeline$3$1.accept(ReferencePipeline.java:197)
	at java.base/java.util.ArrayList$ArrayListSpliterator.forEachRemaining(ArrayList.java:1625)
	at java.base/java.util.stream.AbstractPipeline.copyInto(AbstractPipeline.java:509)
	at java.base/java.util.stream.AbstractPipeline.wrapAndCopyInto(AbstractPipeline.java:499)
	at java.base/java.util.stream.ForEachOps$ForEachOp.evaluateSequential(ForEachOps.java:150)
	at java.base/java.util.stream.ForEachOps$ForEachOp$OfRef.evaluateSequential(ForEachOps.java:173)
	at java.base/java.util.stream.AbstractPipeline.evaluate(AbstractPipeline.java:234)
	at java.base/java.util.stream.ReferencePipeline.forEach(ReferencePipeline.java:596)
	at java.base/java.util.stream.ReferencePipeline$7$1.accept(ReferencePipeline.java:276)
	at java.base/java.util.ArrayList$ArrayListSpliterator.forEachRemaining(ArrayList.java:1625)
	at java.base/java.util.stream.AbstractPipeline.copyInto(AbstractPipeline.java:509)
	at java.base/java.util.stream.AbstractPipeline.wrapAndCopyInto(AbstractPipeline.java:499)
	at java.base/java.util.stream.ForEachOps$ForEachOp.evaluateSequential(ForEachOps.java:150)
	at java.base/java.util.stream.ForEachOps$ForEachOp$OfRef.evaluateSequential(ForEachOps.java:173)
	at java.base/java.util.stream.AbstractPipeline.evaluate(AbstractPipeline.java:234)
	at java.base/java.util.stream.ReferencePipeline.forEach(ReferencePipeline.java:596)
	at org.junit.jupiter.engine.descriptor.TestTemplateTestDescriptor.execute(TestTemplateTestDescriptor.java:107)
	at org.junit.jupiter.engine.descriptor.TestTemplateTestDescriptor.execute(TestTemplateTestDescriptor.java:42)
	at org.junit.platform.engine.support.hierarchical.NodeTestTask.lambda$executeRecursively$5(NodeTestTask.java:139)
	at org.junit.platform.engine.support.hierarchical.ThrowableCollector.execute(ThrowableCollector.java:73)
	at org.junit.platform.engine.support.hierarchical.NodeTestTask.lambda$executeRecursively$7(NodeTestTask.java:129)
	at org.junit.platform.engine.support.hierarchical.Node.around(Node.java:137)
	at org.junit.platform.engine.support.hierarchical.NodeTestTask.lambda$executeRecursively$8(NodeTestTask.java:127)
	at org.junit.platform.engine.support.hierarchical.ThrowableCollector.execute(ThrowableCollector.java:73)
	at org.junit.platform.engine.support.hierarchical.NodeTestTask.executeRecursively(NodeTestTask.java:126)
	at org.junit.platform.engine.support.hierarchical.NodeTestTask.execute(NodeTestTask.java:84)
	at java.base/java.util.ArrayList.forEach(ArrayList.java:1511)
	at org.junit.platform.engine.support.hierarchical.SameThreadHierarchicalTestExecutorService.invokeAll(SameThreadHierarchicalTestExecutorService.java:38)
	at org.junit.platform.engine.support.hierarchical.NodeTestTask.lambda$executeRecursively$5(NodeTestTask.java:143)
	at org.junit.platform.engine.support.hierarchical.ThrowableCollector.execute(ThrowableCollector.java:73)
	at org.junit.platform.engine.support.hierarchical.NodeTestTask.lambda$executeRecursively$7(NodeTestTask.java:129)
	at org.junit.platform.engine.support.hierarchical.Node.around(Node.java:137)
	at org.junit.platform.engine.support.hierarchical.NodeTestTask.lambda$executeRecursively$8(NodeTestTask.java:127)
	at org.junit.platform.engine.support.hierarchical.ThrowableCollector.execute(ThrowableCollector.java:73)
	at org.junit.platform.engine.support.hierarchical.NodeTestTask.executeRecursively(NodeTestTask.java:126)
	at org.junit.platform.engine.support.hierarchical.NodeTestTask.execute(NodeTestTask.java:84)
	at java.base/java.util.ArrayList.forEach(ArrayList.java:1511)
	at org.junit.platform.engine.support.hierarchical.SameThreadHierarchicalTestExecutorService.invokeAll(SameThreadHierarchicalTestExecutorService.java:38)
	at org.junit.platform.engine.support.hierarchical.NodeTestTask.lambda$executeRecursively$5(NodeTestTask.java:143)
	at org.junit.platform.engine.support.hierarchical.ThrowableCollector.execute(ThrowableCollector.java:73)
	at org.junit.platform.engine.support.hierarchical.NodeTestTask.lambda$executeRecursively$7(NodeTestTask.java:129)
	at org.junit.platform.engine.support.hierarchical.Node.around(Node.java:137)
	at org.junit.platform.engine.support.hierarchical.NodeTestTask.lambda$executeRecursively$8(NodeTestTask.java:127)
	at org.junit.platform.engine.support.hierarchical.ThrowableCollector.execute(ThrowableCollector.java:73)
	at org.junit.platform.engine.support.hierarchical.NodeTestTask.executeRecursively(NodeTestTask.java:126)
	at org.junit.platform.engine.support.hierarchical.NodeTestTask.execute(NodeTestTask.java:84)
	at org.junit.platform.engine.support.hierarchical.SameThreadHierarchicalTestExecutorService.submit(SameThreadHierarchicalTestExecutorService.java:32)
	at org.junit.platform.engine.support.hierarchical.HierarchicalTestExecutor.execute(HierarchicalTestExecutor.java:57)
	at org.junit.platform.engine.support.hierarchical.HierarchicalTestEngine.execute(HierarchicalTestEngine.java:51)
	at org.junit.platform.launcher.core.EngineExecutionOrchestrator.execute(EngineExecutionOrchestrator.java:108)
	at org.junit.platform.launcher.core.EngineExecutionOrchestrator.execute(EngineExecutionOrchestrator.java:88)
	at org.junit.platform.launcher.core.EngineExecutionOrchestrator.lambda$execute$0(EngineExecutionOrchestrator.java:54)
	at org.junit.platform.launcher.core.EngineExecutionOrchestrator.withInterceptedStreams(EngineExecutionOrchestrator.java:67)
	at org.junit.platform.launcher.core.EngineExecutionOrchestrator.execute(EngineExecutionOrchestrator.java:52)
	at org.junit.platform.launcher.core.DefaultLauncher.execute(DefaultLauncher.java:96)
	at org.junit.platform.launcher.core.DefaultLauncher.execute(DefaultLauncher.java:75)
	at org.junit.platform.console.tasks.ConsoleTestExecutor.executeTests(ConsoleTestExecutor.java:66)
	at org.junit.platform.console.tasks.ConsoleTestExecutor.lambda$execute$0(ConsoleTestExecutor.java:58)
	at org.junit.platform.console.tasks.CustomContextClassLoaderExecutor.replaceThreadContextClassLoaderAndInvoke(CustomContextClassLoaderExecutor.java:41)
	at org.junit.platform.console.tasks.CustomContextClassLoaderExecutor.invoke(CustomContextClassLoaderExecutor.java:31)
	at org.junit.platform.console.tasks.ConsoleTestExecutor.execute(ConsoleTestExecutor.java:58)
	at org.junit.platform.console.ConsoleLauncher.executeTests(ConsoleLauncher.java:95)
	at org.junit.platform.console.ConsoleLauncher.execute(ConsoleLauncher.java:73)
	at org.junit.platform.console.ConsoleLauncher.execute(ConsoleLauncher.java:50)
	at org.junit.platform.console.ConsoleLauncher.execute(ConsoleLauncher.java:43)
	at org.junit.platform.console.ConsoleLauncher.main(ConsoleLauncher.java:37)
]]></skipped>
<system-out><![CDATA[
unique-id: [engine:junit-jupiter]/[class:minebayd1.test.TestUser]/[test-template:testnext(minebayd1.User)]/[test-template-invocation:#30]
display-name: [30] Lisa a 45 annonces ouvertes, 4 annonces fermées et 3 achats 

]]></system-out>
</testcase>
<testcase name="testnext(User)[31]" classname="minebayd1.test.TestUser" time="0.002">
<system-out><![CDATA[
unique-id: [engine:junit-jupiter]/[class:minebayd1.test.TestUser]/[test-template:testnext(minebayd1.User)]/[test-template-invocation:#31]
display-name: [31] Zahra a 42 annonces ouvertes, 0 annonces fermées et 2 achats 

]]></system-out>
</testcase>
<testcase name="testnext(User)[32]" classname="minebayd1.test.TestUser" time="0">
<system-out><![CDATA[
unique-id: [engine:junit-jupiter]/[class:minebayd1.test.TestUser]/[test-template:testnext(minebayd1.User)]/[test-template-invocation:#32]
display-name: [32] Faycal a 51 annonces ouvertes, 3 annonces fermées et 4 achats 

]]></system-out>
</testcase>
<testcase name="testnext(User)[33]" classname="minebayd1.test.TestUser" time="0">
<skipped><![CDATA[org.opentest4j.TestAbortedException: Assumption failed: assumption is not true
	at org.junit.jupiter.api.Assumptions.throwTestAbortedException(Assumptions.java:256)
	at org.junit.jupiter.api.Assumptions.assumeTrue(Assumptions.java:115)
	at org.junit.jupiter.api.Assumptions.assumeTrue(Assumptions.java:66)
	at minebayd1.test.TestUser.testnext(TestUser.java:1137)
	at jdk.internal.reflect.GeneratedMethodAccessor10.invoke(Unknown Source)
	at java.base/jdk.internal.reflect.DelegatingMethodAccessorImpl.invoke(DelegatingMethodAccessorImpl.java:43)
	at java.base/java.lang.reflect.Method.invoke(Method.java:569)
	at org.junit.platform.commons.util.ReflectionUtils.invokeMethod(ReflectionUtils.java:688)
	at org.junit.jupiter.engine.execution.MethodInvocation.proceed(MethodInvocation.java:60)
	at org.junit.jupiter.engine.execution.InvocationInterceptorChain$ValidatingInvocation.proceed(InvocationInterceptorChain.java:131)
	at org.junit.jupiter.engine.extension.TimeoutExtension.intercept(TimeoutExtension.java:149)
	at org.junit.jupiter.engine.extension.TimeoutExtension.interceptTestableMethod(TimeoutExtension.java:140)
	at org.junit.jupiter.engine.extension.TimeoutExtension.interceptTestTemplateMethod(TimeoutExtension.java:92)
	at org.junit.jupiter.engine.execution.ExecutableInvoker$ReflectiveInterceptorCall.lambda$ofVoidMethod$0(ExecutableInvoker.java:115)
	at org.junit.jupiter.engine.execution.ExecutableInvoker.lambda$invoke$0(ExecutableInvoker.java:105)
	at org.junit.jupiter.engine.execution.InvocationInterceptorChain$InterceptedInvocation.proceed(InvocationInterceptorChain.java:106)
	at org.junit.jupiter.engine.execution.InvocationInterceptorChain.proceed(InvocationInterceptorChain.java:64)
	at org.junit.jupiter.engine.execution.InvocationInterceptorChain.chainAndInvoke(InvocationInterceptorChain.java:45)
	at org.junit.jupiter.engine.execution.InvocationInterceptorChain.invoke(InvocationInterceptorChain.java:37)
	at org.junit.jupiter.engine.execution.ExecutableInvoker.invoke(ExecutableInvoker.java:104)
	at org.junit.jupiter.engine.execution.ExecutableInvoker.invoke(ExecutableInvoker.java:98)
	at org.junit.jupiter.engine.descriptor.TestMethodTestDescriptor.lambda$invokeTestMethod$6(TestMethodTestDescriptor.java:210)
	at org.junit.platform.engine.support.hierarchical.ThrowableCollector.execute(ThrowableCollector.java:73)
	at org.junit.jupiter.engine.descriptor.TestMethodTestDescriptor.invokeTestMethod(TestMethodTestDescriptor.java:206)
	at org.junit.jupiter.engine.descriptor.TestMethodTestDescriptor.execute(TestMethodTestDescriptor.java:131)
	at org.junit.jupiter.engine.descriptor.TestMethodTestDescriptor.execute(TestMethodTestDescriptor.java:65)
	at org.junit.platform.engine.support.hierarchical.NodeTestTask.lambda$executeRecursively$5(NodeTestTask.java:139)
	at org.junit.platform.engine.support.hierarchical.ThrowableCollector.execute(ThrowableCollector.java:73)
	at org.junit.platform.engine.support.hierarchical.NodeTestTask.lambda$executeRecursively$7(NodeTestTask.java:129)
	at org.junit.platform.engine.support.hierarchical.Node.around(Node.java:137)
	at org.junit.platform.engine.support.hierarchical.NodeTestTask.lambda$executeRecursively$8(NodeTestTask.java:127)
	at org.junit.platform.engine.support.hierarchical.ThrowableCollector.execute(ThrowableCollector.java:73)
	at org.junit.platform.engine.support.hierarchical.NodeTestTask.executeRecursively(NodeTestTask.java:126)
	at org.junit.platform.engine.support.hierarchical.NodeTestTask.execute(NodeTestTask.java:84)
	at org.junit.platform.engine.support.hierarchical.SameThreadHierarchicalTestExecutorService.submit(SameThreadHierarchicalTestExecutorService.java:32)
	at org.junit.platform.engine.support.hierarchical.NodeTestTask$DefaultDynamicTestExecutor.execute(NodeTestTask.java:212)
	at org.junit.platform.engine.support.hierarchical.NodeTestTask$DefaultDynamicTestExecutor.execute(NodeTestTask.java:192)
	at org.junit.jupiter.engine.descriptor.TestTemplateTestDescriptor.execute(TestTemplateTestDescriptor.java:139)
	at org.junit.jupiter.engine.descriptor.TestTemplateTestDescriptor.lambda$execute$2(TestTemplateTestDescriptor.java:107)
	at java.base/java.util.stream.ForEachOps$ForEachOp$OfRef.accept(ForEachOps.java:183)
	at java.base/java.util.stream.ReferencePipeline$3$1.accept(ReferencePipeline.java:197)
	at java.base/java.util.stream.ReferencePipeline$2$1.accept(ReferencePipeline.java:179)
	at java.base/java.util.stream.ReferencePipeline$3$1.accept(ReferencePipeline.java:197)
	at java.base/java.util.stream.ForEachOps$ForEachOp$OfRef.accept(ForEachOps.java:183)
	at java.base/java.util.stream.ReferencePipeline$15$1.accept(ReferencePipeline.java:541)
	at java.base/java.util.stream.ReferencePipeline$3$1.accept(ReferencePipeline.java:197)
	at java.base/java.util.stream.ReferencePipeline$3$1.accept(ReferencePipeline.java:197)
	at java.base/java.util.stream.ReferencePipeline$3$1.accept(ReferencePipeline.java:197)
	at java.base/java.util.stream.ForEachOps$ForEachOp$OfRef.accept(ForEachOps.java:183)
	at java.base/java.util.stream.ReferencePipeline$3$1.accept(ReferencePipeline.java:197)
	at java.base/java.util.stream.ForEachOps$ForEachOp$OfRef.accept(ForEachOps.java:183)
	at java.base/java.util.stream.SliceOps$1$1.accept(SliceOps.java:200)
	at java.base/java.util.stream.StreamSpliterators$InfiniteSupplyingSpliterator$OfRef.tryAdvance(StreamSpliterators.java:1358)
	at java.base/java.util.stream.ReferencePipeline.forEachWithCancel(ReferencePipeline.java:129)
	at java.base/java.util.stream.AbstractPipeline.copyIntoWithCancel(AbstractPipeline.java:527)
	at java.base/java.util.stream.AbstractPipeline.copyInto(AbstractPipeline.java:513)
	at java.base/java.util.stream.AbstractPipeline.wrapAndCopyInto(AbstractPipeline.java:499)
	at java.base/java.util.stream.ForEachOps$ForEachOp.evaluateSequential(ForEachOps.java:150)
	at java.base/java.util.stream.ForEachOps$ForEachOp$OfRef.evaluateSequential(ForEachOps.java:173)
	at java.base/java.util.stream.AbstractPipeline.evaluate(AbstractPipeline.java:234)
	at java.base/java.util.stream.ReferencePipeline.forEach(ReferencePipeline.java:596)
	at java.base/java.util.stream.ReferencePipeline$7$1.accept(ReferencePipeline.java:276)
	at java.base/java.util.stream.ReferencePipeline$3$1.accept(ReferencePipeline.java:197)
	at java.base/java.util.stream.ReferencePipeline$3$1.accept(ReferencePipeline.java:197)
	at java.base/java.util.Spliterators$ArraySpliterator.forEachRemaining(Spliterators.java:992)
	at java.base/java.util.stream.AbstractPipeline.copyInto(AbstractPipeline.java:509)
	at java.base/java.util.stream.AbstractPipeline.wrapAndCopyInto(AbstractPipeline.java:499)
	at java.base/java.util.stream.ForEachOps$ForEachOp.evaluateSequential(ForEachOps.java:150)
	at java.base/java.util.stream.ForEachOps$ForEachOp$OfRef.evaluateSequential(ForEachOps.java:173)
	at java.base/java.util.stream.AbstractPipeline.evaluate(AbstractPipeline.java:234)
	at java.base/java.util.stream.ReferencePipeline.forEach(ReferencePipeline.java:596)
	at java.base/java.util.stream.ReferencePipeline$7$1.accept(ReferencePipeline.java:276)
	at java.base/java.util.stream.ReferencePipeline$3$1.accept(ReferencePipeline.java:197)
	at java.base/java.util.stream.ReferencePipeline$3$1.accept(ReferencePipeline.java:197)
	at java.base/java.util.stream.ReferencePipeline$3$1.accept(ReferencePipeline.java:197)
	at java.base/java.util.ArrayList$ArrayListSpliterator.forEachRemaining(ArrayList.java:1625)
	at java.base/java.util.stream.AbstractPipeline.copyInto(AbstractPipeline.java:509)
	at java.base/java.util.stream.AbstractPipeline.wrapAndCopyInto(AbstractPipeline.java:499)
	at java.base/java.util.stream.ForEachOps$ForEachOp.evaluateSequential(ForEachOps.java:150)
	at java.base/java.util.stream.ForEachOps$ForEachOp$OfRef.evaluateSequential(ForEachOps.java:173)
	at java.base/java.util.stream.AbstractPipeline.evaluate(AbstractPipeline.java:234)
	at java.base/java.util.stream.ReferencePipeline.forEach(ReferencePipeline.java:596)
	at java.base/java.util.stream.ReferencePipeline$7$1.accept(ReferencePipeline.java:276)
	at java.base/java.util.ArrayList$ArrayListSpliterator.forEachRemaining(ArrayList.java:1625)
	at java.base/java.util.stream.AbstractPipeline.copyInto(AbstractPipeline.java:509)
	at java.base/java.util.stream.AbstractPipeline.wrapAndCopyInto(AbstractPipeline.java:499)
	at java.base/java.util.stream.ForEachOps$ForEachOp.evaluateSequential(ForEachOps.java:150)
	at java.base/java.util.stream.ForEachOps$ForEachOp$OfRef.evaluateSequential(ForEachOps.java:173)
	at java.base/java.util.stream.AbstractPipeline.evaluate(AbstractPipeline.java:234)
	at java.base/java.util.stream.ReferencePipeline.forEach(ReferencePipeline.java:596)
	at org.junit.jupiter.engine.descriptor.TestTemplateTestDescriptor.execute(TestTemplateTestDescriptor.java:107)
	at org.junit.jupiter.engine.descriptor.TestTemplateTestDescriptor.execute(TestTemplateTestDescriptor.java:42)
	at org.junit.platform.engine.support.hierarchical.NodeTestTask.lambda$executeRecursively$5(NodeTestTask.java:139)
	at org.junit.platform.engine.support.hierarchical.ThrowableCollector.execute(ThrowableCollector.java:73)
	at org.junit.platform.engine.support.hierarchical.NodeTestTask.lambda$executeRecursively$7(NodeTestTask.java:129)
	at org.junit.platform.engine.support.hierarchical.Node.around(Node.java:137)
	at org.junit.platform.engine.support.hierarchical.NodeTestTask.lambda$executeRecursively$8(NodeTestTask.java:127)
	at org.junit.platform.engine.support.hierarchical.ThrowableCollector.execute(ThrowableCollector.java:73)
	at org.junit.platform.engine.support.hierarchical.NodeTestTask.executeRecursively(NodeTestTask.java:126)
	at org.junit.platform.engine.support.hierarchical.NodeTestTask.execute(NodeTestTask.java:84)
	at java.base/java.util.ArrayList.forEach(ArrayList.java:1511)
	at org.junit.platform.engine.support.hierarchical.SameThreadHierarchicalTestExecutorService.invokeAll(SameThreadHierarchicalTestExecutorService.java:38)
	at org.junit.platform.engine.support.hierarchical.NodeTestTask.lambda$executeRecursively$5(NodeTestTask.java:143)
	at org.junit.platform.engine.support.hierarchical.ThrowableCollector.execute(ThrowableCollector.java:73)
	at org.junit.platform.engine.support.hierarchical.NodeTestTask.lambda$executeRecursively$7(NodeTestTask.java:129)
	at org.junit.platform.engine.support.hierarchical.Node.around(Node.java:137)
	at org.junit.platform.engine.support.hierarchical.NodeTestTask.lambda$executeRecursively$8(NodeTestTask.java:127)
	at org.junit.platform.engine.support.hierarchical.ThrowableCollector.execute(ThrowableCollector.java:73)
	at org.junit.platform.engine.support.hierarchical.NodeTestTask.executeRecursively(NodeTestTask.java:126)
	at org.junit.platform.engine.support.hierarchical.NodeTestTask.execute(NodeTestTask.java:84)
	at java.base/java.util.ArrayList.forEach(ArrayList.java:1511)
	at org.junit.platform.engine.support.hierarchical.SameThreadHierarchicalTestExecutorService.invokeAll(SameThreadHierarchicalTestExecutorService.java:38)
	at org.junit.platform.engine.support.hierarchical.NodeTestTask.lambda$executeRecursively$5(NodeTestTask.java:143)
	at org.junit.platform.engine.support.hierarchical.ThrowableCollector.execute(ThrowableCollector.java:73)
	at org.junit.platform.engine.support.hierarchical.NodeTestTask.lambda$executeRecursively$7(NodeTestTask.java:129)
	at org.junit.platform.engine.support.hierarchical.Node.around(Node.java:137)
	at org.junit.platform.engine.support.hierarchical.NodeTestTask.lambda$executeRecursively$8(NodeTestTask.java:127)
	at org.junit.platform.engine.support.hierarchical.ThrowableCollector.execute(ThrowableCollector.java:73)
	at org.junit.platform.engine.support.hierarchical.NodeTestTask.executeRecursively(NodeTestTask.java:126)
	at org.junit.platform.engine.support.hierarchical.NodeTestTask.execute(NodeTestTask.java:84)
	at org.junit.platform.engine.support.hierarchical.SameThreadHierarchicalTestExecutorService.submit(SameThreadHierarchicalTestExecutorService.java:32)
	at org.junit.platform.engine.support.hierarchical.HierarchicalTestExecutor.execute(HierarchicalTestExecutor.java:57)
	at org.junit.platform.engine.support.hierarchical.HierarchicalTestEngine.execute(HierarchicalTestEngine.java:51)
	at org.junit.platform.launcher.core.EngineExecutionOrchestrator.execute(EngineExecutionOrchestrator.java:108)
	at org.junit.platform.launcher.core.EngineExecutionOrchestrator.execute(EngineExecutionOrchestrator.java:88)
	at org.junit.platform.launcher.core.EngineExecutionOrchestrator.lambda$execute$0(EngineExecutionOrchestrator.java:54)
	at org.junit.platform.launcher.core.EngineExecutionOrchestrator.withInterceptedStreams(EngineExecutionOrchestrator.java:67)
	at org.junit.platform.launcher.core.EngineExecutionOrchestrator.execute(EngineExecutionOrchestrator.java:52)
	at org.junit.platform.launcher.core.DefaultLauncher.execute(DefaultLauncher.java:96)
	at org.junit.platform.launcher.core.DefaultLauncher.execute(DefaultLauncher.java:75)
	at org.junit.platform.console.tasks.ConsoleTestExecutor.executeTests(ConsoleTestExecutor.java:66)
	at org.junit.platform.console.tasks.ConsoleTestExecutor.lambda$execute$0(ConsoleTestExecutor.java:58)
	at org.junit.platform.console.tasks.CustomContextClassLoaderExecutor.replaceThreadContextClassLoaderAndInvoke(CustomContextClassLoaderExecutor.java:41)
	at org.junit.platform.console.tasks.CustomContextClassLoaderExecutor.invoke(CustomContextClassLoaderExecutor.java:31)
	at org.junit.platform.console.tasks.ConsoleTestExecutor.execute(ConsoleTestExecutor.java:58)
	at org.junit.platform.console.ConsoleLauncher.executeTests(ConsoleLauncher.java:95)
	at org.junit.platform.console.ConsoleLauncher.execute(ConsoleLauncher.java:73)
	at org.junit.platform.console.ConsoleLauncher.execute(ConsoleLauncher.java:50)
	at org.junit.platform.console.ConsoleLauncher.execute(ConsoleLauncher.java:43)
	at org.junit.platform.console.ConsoleLauncher.main(ConsoleLauncher.java:37)
]]></skipped>
<system-out><![CDATA[
unique-id: [engine:junit-jupiter]/[class:minebayd1.test.TestUser]/[test-template:testnext(minebayd1.User)]/[test-template-invocation:#33]
display-name: [33] Yanis a 61 annonces ouvertes, 4 annonces fermées et 3 achats 

]]></system-out>
</testcase>
<testcase name="testnext(User)[34]" classname="minebayd1.test.TestUser" time="0">
<skipped><![CDATA[org.opentest4j.TestAbortedException: Assumption failed: assumption is not true
	at org.junit.jupiter.api.Assumptions.throwTestAbortedException(Assumptions.java:256)
	at org.junit.jupiter.api.Assumptions.assumeTrue(Assumptions.java:115)
	at org.junit.jupiter.api.Assumptions.assumeTrue(Assumptions.java:66)
	at minebayd1.test.TestUser.testnext(TestUser.java:1137)
	at jdk.internal.reflect.GeneratedMethodAccessor10.invoke(Unknown Source)
	at java.base/jdk.internal.reflect.DelegatingMethodAccessorImpl.invoke(DelegatingMethodAccessorImpl.java:43)
	at java.base/java.lang.reflect.Method.invoke(Method.java:569)
	at org.junit.platform.commons.util.ReflectionUtils.invokeMethod(ReflectionUtils.java:688)
	at org.junit.jupiter.engine.execution.MethodInvocation.proceed(MethodInvocation.java:60)
	at org.junit.jupiter.engine.execution.InvocationInterceptorChain$ValidatingInvocation.proceed(InvocationInterceptorChain.java:131)
	at org.junit.jupiter.engine.extension.TimeoutExtension.intercept(TimeoutExtension.java:149)
	at org.junit.jupiter.engine.extension.TimeoutExtension.interceptTestableMethod(TimeoutExtension.java:140)
	at org.junit.jupiter.engine.extension.TimeoutExtension.interceptTestTemplateMethod(TimeoutExtension.java:92)
	at org.junit.jupiter.engine.execution.ExecutableInvoker$ReflectiveInterceptorCall.lambda$ofVoidMethod$0(ExecutableInvoker.java:115)
	at org.junit.jupiter.engine.execution.ExecutableInvoker.lambda$invoke$0(ExecutableInvoker.java:105)
	at org.junit.jupiter.engine.execution.InvocationInterceptorChain$InterceptedInvocation.proceed(InvocationInterceptorChain.java:106)
	at org.junit.jupiter.engine.execution.InvocationInterceptorChain.proceed(InvocationInterceptorChain.java:64)
	at org.junit.jupiter.engine.execution.InvocationInterceptorChain.chainAndInvoke(InvocationInterceptorChain.java:45)
	at org.junit.jupiter.engine.execution.InvocationInterceptorChain.invoke(InvocationInterceptorChain.java:37)
	at org.junit.jupiter.engine.execution.ExecutableInvoker.invoke(ExecutableInvoker.java:104)
	at org.junit.jupiter.engine.execution.ExecutableInvoker.invoke(ExecutableInvoker.java:98)
	at org.junit.jupiter.engine.descriptor.TestMethodTestDescriptor.lambda$invokeTestMethod$6(TestMethodTestDescriptor.java:210)
	at org.junit.platform.engine.support.hierarchical.ThrowableCollector.execute(ThrowableCollector.java:73)
	at org.junit.jupiter.engine.descriptor.TestMethodTestDescriptor.invokeTestMethod(TestMethodTestDescriptor.java:206)
	at org.junit.jupiter.engine.descriptor.TestMethodTestDescriptor.execute(TestMethodTestDescriptor.java:131)
	at org.junit.jupiter.engine.descriptor.TestMethodTestDescriptor.execute(TestMethodTestDescriptor.java:65)
	at org.junit.platform.engine.support.hierarchical.NodeTestTask.lambda$executeRecursively$5(NodeTestTask.java:139)
	at org.junit.platform.engine.support.hierarchical.ThrowableCollector.execute(ThrowableCollector.java:73)
	at org.junit.platform.engine.support.hierarchical.NodeTestTask.lambda$executeRecursively$7(NodeTestTask.java:129)
	at org.junit.platform.engine.support.hierarchical.Node.around(Node.java:137)
	at org.junit.platform.engine.support.hierarchical.NodeTestTask.lambda$executeRecursively$8(NodeTestTask.java:127)
	at org.junit.platform.engine.support.hierarchical.ThrowableCollector.execute(ThrowableCollector.java:73)
	at org.junit.platform.engine.support.hierarchical.NodeTestTask.executeRecursively(NodeTestTask.java:126)
	at org.junit.platform.engine.support.hierarchical.NodeTestTask.execute(NodeTestTask.java:84)
	at org.junit.platform.engine.support.hierarchical.SameThreadHierarchicalTestExecutorService.submit(SameThreadHierarchicalTestExecutorService.java:32)
	at org.junit.platform.engine.support.hierarchical.NodeTestTask$DefaultDynamicTestExecutor.execute(NodeTestTask.java:212)
	at org.junit.platform.engine.support.hierarchical.NodeTestTask$DefaultDynamicTestExecutor.execute(NodeTestTask.java:192)
	at org.junit.jupiter.engine.descriptor.TestTemplateTestDescriptor.execute(TestTemplateTestDescriptor.java:139)
	at org.junit.jupiter.engine.descriptor.TestTemplateTestDescriptor.lambda$execute$2(TestTemplateTestDescriptor.java:107)
	at java.base/java.util.stream.ForEachOps$ForEachOp$OfRef.accept(ForEachOps.java:183)
	at java.base/java.util.stream.ReferencePipeline$3$1.accept(ReferencePipeline.java:197)
	at java.base/java.util.stream.ReferencePipeline$2$1.accept(ReferencePipeline.java:179)
	at java.base/java.util.stream.ReferencePipeline$3$1.accept(ReferencePipeline.java:197)
	at java.base/java.util.stream.ForEachOps$ForEachOp$OfRef.accept(ForEachOps.java:183)
	at java.base/java.util.stream.ReferencePipeline$15$1.accept(ReferencePipeline.java:541)
	at java.base/java.util.stream.ReferencePipeline$3$1.accept(ReferencePipeline.java:197)
	at java.base/java.util.stream.ReferencePipeline$3$1.accept(ReferencePipeline.java:197)
	at java.base/java.util.stream.ReferencePipeline$3$1.accept(ReferencePipeline.java:197)
	at java.base/java.util.stream.ForEachOps$ForEachOp$OfRef.accept(ForEachOps.java:183)
	at java.base/java.util.stream.ReferencePipeline$3$1.accept(ReferencePipeline.java:197)
	at java.base/java.util.stream.ForEachOps$ForEachOp$OfRef.accept(ForEachOps.java:183)
	at java.base/java.util.stream.SliceOps$1$1.accept(SliceOps.java:200)
	at java.base/java.util.stream.StreamSpliterators$InfiniteSupplyingSpliterator$OfRef.tryAdvance(StreamSpliterators.java:1358)
	at java.base/java.util.stream.ReferencePipeline.forEachWithCancel(ReferencePipeline.java:129)
	at java.base/java.util.stream.AbstractPipeline.copyIntoWithCancel(AbstractPipeline.java:527)
	at java.base/java.util.stream.AbstractPipeline.copyInto(AbstractPipeline.java:513)
	at java.base/java.util.stream.AbstractPipeline.wrapAndCopyInto(AbstractPipeline.java:499)
	at java.base/java.util.stream.ForEachOps$ForEachOp.evaluateSequential(ForEachOps.java:150)
	at java.base/java.util.stream.ForEachOps$ForEachOp$OfRef.evaluateSequential(ForEachOps.java:173)
	at java.base/java.util.stream.AbstractPipeline.evaluate(AbstractPipeline.java:234)
	at java.base/java.util.stream.ReferencePipeline.forEach(ReferencePipeline.java:596)
	at java.base/java.util.stream.ReferencePipeline$7$1.accept(ReferencePipeline.java:276)
	at java.base/java.util.stream.ReferencePipeline$3$1.accept(ReferencePipeline.java:197)
	at java.base/java.util.stream.ReferencePipeline$3$1.accept(ReferencePipeline.java:197)
	at java.base/java.util.Spliterators$ArraySpliterator.forEachRemaining(Spliterators.java:992)
	at java.base/java.util.stream.AbstractPipeline.copyInto(AbstractPipeline.java:509)
	at java.base/java.util.stream.AbstractPipeline.wrapAndCopyInto(AbstractPipeline.java:499)
	at java.base/java.util.stream.ForEachOps$ForEachOp.evaluateSequential(ForEachOps.java:150)
	at java.base/java.util.stream.ForEachOps$ForEachOp$OfRef.evaluateSequential(ForEachOps.java:173)
	at java.base/java.util.stream.AbstractPipeline.evaluate(AbstractPipeline.java:234)
	at java.base/java.util.stream.ReferencePipeline.forEach(ReferencePipeline.java:596)
	at java.base/java.util.stream.ReferencePipeline$7$1.accept(ReferencePipeline.java:276)
	at java.base/java.util.stream.ReferencePipeline$3$1.accept(ReferencePipeline.java:197)
	at java.base/java.util.stream.ReferencePipeline$3$1.accept(ReferencePipeline.java:197)
	at java.base/java.util.stream.ReferencePipeline$3$1.accept(ReferencePipeline.java:197)
	at java.base/java.util.ArrayList$ArrayListSpliterator.forEachRemaining(ArrayList.java:1625)
	at java.base/java.util.stream.AbstractPipeline.copyInto(AbstractPipeline.java:509)
	at java.base/java.util.stream.AbstractPipeline.wrapAndCopyInto(AbstractPipeline.java:499)
	at java.base/java.util.stream.ForEachOps$ForEachOp.evaluateSequential(ForEachOps.java:150)
	at java.base/java.util.stream.ForEachOps$ForEachOp$OfRef.evaluateSequential(ForEachOps.java:173)
	at java.base/java.util.stream.AbstractPipeline.evaluate(AbstractPipeline.java:234)
	at java.base/java.util.stream.ReferencePipeline.forEach(ReferencePipeline.java:596)
	at java.base/java.util.stream.ReferencePipeline$7$1.accept(ReferencePipeline.java:276)
	at java.base/java.util.ArrayList$ArrayListSpliterator.forEachRemaining(ArrayList.java:1625)
	at java.base/java.util.stream.AbstractPipeline.copyInto(AbstractPipeline.java:509)
	at java.base/java.util.stream.AbstractPipeline.wrapAndCopyInto(AbstractPipeline.java:499)
	at java.base/java.util.stream.ForEachOps$ForEachOp.evaluateSequential(ForEachOps.java:150)
	at java.base/java.util.stream.ForEachOps$ForEachOp$OfRef.evaluateSequential(ForEachOps.java:173)
	at java.base/java.util.stream.AbstractPipeline.evaluate(AbstractPipeline.java:234)
	at java.base/java.util.stream.ReferencePipeline.forEach(ReferencePipeline.java:596)
	at org.junit.jupiter.engine.descriptor.TestTemplateTestDescriptor.execute(TestTemplateTestDescriptor.java:107)
	at org.junit.jupiter.engine.descriptor.TestTemplateTestDescriptor.execute(TestTemplateTestDescriptor.java:42)
	at org.junit.platform.engine.support.hierarchical.NodeTestTask.lambda$executeRecursively$5(NodeTestTask.java:139)
	at org.junit.platform.engine.support.hierarchical.ThrowableCollector.execute(ThrowableCollector.java:73)
	at org.junit.platform.engine.support.hierarchical.NodeTestTask.lambda$executeRecursively$7(NodeTestTask.java:129)
	at org.junit.platform.engine.support.hierarchical.Node.around(Node.java:137)
	at org.junit.platform.engine.support.hierarchical.NodeTestTask.lambda$executeRecursively$8(NodeTestTask.java:127)
	at org.junit.platform.engine.support.hierarchical.ThrowableCollector.execute(ThrowableCollector.java:73)
	at org.junit.platform.engine.support.hierarchical.NodeTestTask.executeRecursively(NodeTestTask.java:126)
	at org.junit.platform.engine.support.hierarchical.NodeTestTask.execute(NodeTestTask.java:84)
	at java.base/java.util.ArrayList.forEach(ArrayList.java:1511)
	at org.junit.platform.engine.support.hierarchical.SameThreadHierarchicalTestExecutorService.invokeAll(SameThreadHierarchicalTestExecutorService.java:38)
	at org.junit.platform.engine.support.hierarchical.NodeTestTask.lambda$executeRecursively$5(NodeTestTask.java:143)
	at org.junit.platform.engine.support.hierarchical.ThrowableCollector.execute(ThrowableCollector.java:73)
	at org.junit.platform.engine.support.hierarchical.NodeTestTask.lambda$executeRecursively$7(NodeTestTask.java:129)
	at org.junit.platform.engine.support.hierarchical.Node.around(Node.java:137)
	at org.junit.platform.engine.support.hierarchical.NodeTestTask.lambda$executeRecursively$8(NodeTestTask.java:127)
	at org.junit.platform.engine.support.hierarchical.ThrowableCollector.execute(ThrowableCollector.java:73)
	at org.junit.platform.engine.support.hierarchical.NodeTestTask.executeRecursively(NodeTestTask.java:126)
	at org.junit.platform.engine.support.hierarchical.NodeTestTask.execute(NodeTestTask.java:84)
	at java.base/java.util.ArrayList.forEach(ArrayList.java:1511)
	at org.junit.platform.engine.support.hierarchical.SameThreadHierarchicalTestExecutorService.invokeAll(SameThreadHierarchicalTestExecutorService.java:38)
	at org.junit.platform.engine.support.hierarchical.NodeTestTask.lambda$executeRecursively$5(NodeTestTask.java:143)
	at org.junit.platform.engine.support.hierarchical.ThrowableCollector.execute(ThrowableCollector.java:73)
	at org.junit.platform.engine.support.hierarchical.NodeTestTask.lambda$executeRecursively$7(NodeTestTask.java:129)
	at org.junit.platform.engine.support.hierarchical.Node.around(Node.java:137)
	at org.junit.platform.engine.support.hierarchical.NodeTestTask.lambda$executeRecursively$8(NodeTestTask.java:127)
	at org.junit.platform.engine.support.hierarchical.ThrowableCollector.execute(ThrowableCollector.java:73)
	at org.junit.platform.engine.support.hierarchical.NodeTestTask.executeRecursively(NodeTestTask.java:126)
	at org.junit.platform.engine.support.hierarchical.NodeTestTask.execute(NodeTestTask.java:84)
	at org.junit.platform.engine.support.hierarchical.SameThreadHierarchicalTestExecutorService.submit(SameThreadHierarchicalTestExecutorService.java:32)
	at org.junit.platform.engine.support.hierarchical.HierarchicalTestExecutor.execute(HierarchicalTestExecutor.java:57)
	at org.junit.platform.engine.support.hierarchical.HierarchicalTestEngine.execute(HierarchicalTestEngine.java:51)
	at org.junit.platform.launcher.core.EngineExecutionOrchestrator.execute(EngineExecutionOrchestrator.java:108)
	at org.junit.platform.launcher.core.EngineExecutionOrchestrator.execute(EngineExecutionOrchestrator.java:88)
	at org.junit.platform.launcher.core.EngineExecutionOrchestrator.lambda$execute$0(EngineExecutionOrchestrator.java:54)
	at org.junit.platform.launcher.core.EngineExecutionOrchestrator.withInterceptedStreams(EngineExecutionOrchestrator.java:67)
	at org.junit.platform.launcher.core.EngineExecutionOrchestrator.execute(EngineExecutionOrchestrator.java:52)
	at org.junit.platform.launcher.core.DefaultLauncher.execute(DefaultLauncher.java:96)
	at org.junit.platform.launcher.core.DefaultLauncher.execute(DefaultLauncher.java:75)
	at org.junit.platform.console.tasks.ConsoleTestExecutor.executeTests(ConsoleTestExecutor.java:66)
	at org.junit.platform.console.tasks.ConsoleTestExecutor.lambda$execute$0(ConsoleTestExecutor.java:58)
	at org.junit.platform.console.tasks.CustomContextClassLoaderExecutor.replaceThreadContextClassLoaderAndInvoke(CustomContextClassLoaderExecutor.java:41)
	at org.junit.platform.console.tasks.CustomContextClassLoaderExecutor.invoke(CustomContextClassLoaderExecutor.java:31)
	at org.junit.platform.console.tasks.ConsoleTestExecutor.execute(ConsoleTestExecutor.java:58)
	at org.junit.platform.console.ConsoleLauncher.executeTests(ConsoleLauncher.java:95)
	at org.junit.platform.console.ConsoleLauncher.execute(ConsoleLauncher.java:73)
	at org.junit.platform.console.ConsoleLauncher.execute(ConsoleLauncher.java:50)
	at org.junit.platform.console.ConsoleLauncher.execute(ConsoleLauncher.java:43)
	at org.junit.platform.console.ConsoleLauncher.main(ConsoleLauncher.java:37)
]]></skipped>
<system-out><![CDATA[
unique-id: [engine:junit-jupiter]/[class:minebayd1.test.TestUser]/[test-template:testnext(minebayd1.User)]/[test-template-invocation:#34]
display-name: [34] Yanis a 61 annonces ouvertes, 4 annonces fermées et 3 achats 

]]></system-out>
</testcase>
<testcase name="testnext(User)[35]" classname="minebayd1.test.TestUser" time="0.004">
<system-out><![CDATA[
unique-id: [engine:junit-jupiter]/[class:minebayd1.test.TestUser]/[test-template:testnext(minebayd1.User)]/[test-template-invocation:#35]
display-name: [35] Ayman a 53 annonces ouvertes, 4 annonces fermées et 4 achats 

]]></system-out>
</testcase>
<testcase name="testnext(User)[36]" classname="minebayd1.test.TestUser" time="0.003">
<system-out><![CDATA[
unique-id: [engine:junit-jupiter]/[class:minebayd1.test.TestUser]/[test-template:testnext(minebayd1.User)]/[test-template-invocation:#36]
display-name: [36] Ali a 57 annonces ouvertes, 6 annonces fermées et 3 achats 

]]></system-out>
</testcase>
<testcase name="testnext(User)[37]" classname="minebayd1.test.TestUser" time="0">
<system-out><![CDATA[
unique-id: [engine:junit-jupiter]/[class:minebayd1.test.TestUser]/[test-template:testnext(minebayd1.User)]/[test-template-invocation:#37]
display-name: [37] Zahra a 42 annonces ouvertes, 0 annonces fermées et 2 achats 

]]></system-out>
</testcase>
<testcase name="testnext(User)[38]" classname="minebayd1.test.TestUser" time="0">
<system-out><![CDATA[
unique-id: [engine:junit-jupiter]/[class:minebayd1.test.TestUser]/[test-template:testnext(minebayd1.User)]/[test-template-invocation:#38]
display-name: [38] Ayman a 53 annonces ouvertes, 4 annonces fermées et 4 achats 

]]></system-out>
</testcase>
<testcase name="testnext(User)[39]" classname="minebayd1.test.TestUser" time="0">
<system-out><![CDATA[
unique-id: [engine:junit-jupiter]/[class:minebayd1.test.TestUser]/[test-template:testnext(minebayd1.User)]/[test-template-invocation:#39]
display-name: [39] Pierre a 41 annonces ouvertes, 5 annonces fermées et 2 achats 

]]></system-out>
</testcase>
<testcase name="testnext(User)[40]" classname="minebayd1.test.TestUser" time="0">
<skipped><![CDATA[org.opentest4j.TestAbortedException: Assumption failed: assumption is not true
	at org.junit.jupiter.api.Assumptions.throwTestAbortedException(Assumptions.java:256)
	at org.junit.jupiter.api.Assumptions.assumeTrue(Assumptions.java:115)
	at org.junit.jupiter.api.Assumptions.assumeTrue(Assumptions.java:66)
	at minebayd1.test.TestUser.testnext(TestUser.java:1137)
	at jdk.internal.reflect.GeneratedMethodAccessor10.invoke(Unknown Source)
	at java.base/jdk.internal.reflect.DelegatingMethodAccessorImpl.invoke(DelegatingMethodAccessorImpl.java:43)
	at java.base/java.lang.reflect.Method.invoke(Method.java:569)
	at org.junit.platform.commons.util.ReflectionUtils.invokeMethod(ReflectionUtils.java:688)
	at org.junit.jupiter.engine.execution.MethodInvocation.proceed(MethodInvocation.java:60)
	at org.junit.jupiter.engine.execution.InvocationInterceptorChain$ValidatingInvocation.proceed(InvocationInterceptorChain.java:131)
	at org.junit.jupiter.engine.extension.TimeoutExtension.intercept(TimeoutExtension.java:149)
	at org.junit.jupiter.engine.extension.TimeoutExtension.interceptTestableMethod(TimeoutExtension.java:140)
	at org.junit.jupiter.engine.extension.TimeoutExtension.interceptTestTemplateMethod(TimeoutExtension.java:92)
	at org.junit.jupiter.engine.execution.ExecutableInvoker$ReflectiveInterceptorCall.lambda$ofVoidMethod$0(ExecutableInvoker.java:115)
	at org.junit.jupiter.engine.execution.ExecutableInvoker.lambda$invoke$0(ExecutableInvoker.java:105)
	at org.junit.jupiter.engine.execution.InvocationInterceptorChain$InterceptedInvocation.proceed(InvocationInterceptorChain.java:106)
	at org.junit.jupiter.engine.execution.InvocationInterceptorChain.proceed(InvocationInterceptorChain.java:64)
	at org.junit.jupiter.engine.execution.InvocationInterceptorChain.chainAndInvoke(InvocationInterceptorChain.java:45)
	at org.junit.jupiter.engine.execution.InvocationInterceptorChain.invoke(InvocationInterceptorChain.java:37)
	at org.junit.jupiter.engine.execution.ExecutableInvoker.invoke(ExecutableInvoker.java:104)
	at org.junit.jupiter.engine.execution.ExecutableInvoker.invoke(ExecutableInvoker.java:98)
	at org.junit.jupiter.engine.descriptor.TestMethodTestDescriptor.lambda$invokeTestMethod$6(TestMethodTestDescriptor.java:210)
	at org.junit.platform.engine.support.hierarchical.ThrowableCollector.execute(ThrowableCollector.java:73)
	at org.junit.jupiter.engine.descriptor.TestMethodTestDescriptor.invokeTestMethod(TestMethodTestDescriptor.java:206)
	at org.junit.jupiter.engine.descriptor.TestMethodTestDescriptor.execute(TestMethodTestDescriptor.java:131)
	at org.junit.jupiter.engine.descriptor.TestMethodTestDescriptor.execute(TestMethodTestDescriptor.java:65)
	at org.junit.platform.engine.support.hierarchical.NodeTestTask.lambda$executeRecursively$5(NodeTestTask.java:139)
	at org.junit.platform.engine.support.hierarchical.ThrowableCollector.execute(ThrowableCollector.java:73)
	at org.junit.platform.engine.support.hierarchical.NodeTestTask.lambda$executeRecursively$7(NodeTestTask.java:129)
	at org.junit.platform.engine.support.hierarchical.Node.around(Node.java:137)
	at org.junit.platform.engine.support.hierarchical.NodeTestTask.lambda$executeRecursively$8(NodeTestTask.java:127)
	at org.junit.platform.engine.support.hierarchical.ThrowableCollector.execute(ThrowableCollector.java:73)
	at org.junit.platform.engine.support.hierarchical.NodeTestTask.executeRecursively(NodeTestTask.java:126)
	at org.junit.platform.engine.support.hierarchical.NodeTestTask.execute(NodeTestTask.java:84)
	at org.junit.platform.engine.support.hierarchical.SameThreadHierarchicalTestExecutorService.submit(SameThreadHierarchicalTestExecutorService.java:32)
	at org.junit.platform.engine.support.hierarchical.NodeTestTask$DefaultDynamicTestExecutor.execute(NodeTestTask.java:212)
	at org.junit.platform.engine.support.hierarchical.NodeTestTask$DefaultDynamicTestExecutor.execute(NodeTestTask.java:192)
	at org.junit.jupiter.engine.descriptor.TestTemplateTestDescriptor.execute(TestTemplateTestDescriptor.java:139)
	at org.junit.jupiter.engine.descriptor.TestTemplateTestDescriptor.lambda$execute$2(TestTemplateTestDescriptor.java:107)
	at java.base/java.util.stream.ForEachOps$ForEachOp$OfRef.accept(ForEachOps.java:183)
	at java.base/java.util.stream.ReferencePipeline$3$1.accept(ReferencePipeline.java:197)
	at java.base/java.util.stream.ReferencePipeline$2$1.accept(ReferencePipeline.java:179)
	at java.base/java.util.stream.ReferencePipeline$3$1.accept(ReferencePipeline.java:197)
	at java.base/java.util.stream.ForEachOps$ForEachOp$OfRef.accept(ForEachOps.java:183)
	at java.base/java.util.stream.ReferencePipeline$15$1.accept(ReferencePipeline.java:541)
	at java.base/java.util.stream.ReferencePipeline$3$1.accept(ReferencePipeline.java:197)
	at java.base/java.util.stream.ReferencePipeline$3$1.accept(ReferencePipeline.java:197)
	at java.base/java.util.stream.ReferencePipeline$3$1.accept(ReferencePipeline.java:197)
	at java.base/java.util.stream.ForEachOps$ForEachOp$OfRef.accept(ForEachOps.java:183)
	at java.base/java.util.stream.ReferencePipeline$3$1.accept(ReferencePipeline.java:197)
	at java.base/java.util.stream.ForEachOps$ForEachOp$OfRef.accept(ForEachOps.java:183)
	at java.base/java.util.stream.SliceOps$1$1.accept(SliceOps.java:200)
	at java.base/java.util.stream.StreamSpliterators$InfiniteSupplyingSpliterator$OfRef.tryAdvance(StreamSpliterators.java:1358)
	at java.base/java.util.stream.ReferencePipeline.forEachWithCancel(ReferencePipeline.java:129)
	at java.base/java.util.stream.AbstractPipeline.copyIntoWithCancel(AbstractPipeline.java:527)
	at java.base/java.util.stream.AbstractPipeline.copyInto(AbstractPipeline.java:513)
	at java.base/java.util.stream.AbstractPipeline.wrapAndCopyInto(AbstractPipeline.java:499)
	at java.base/java.util.stream.ForEachOps$ForEachOp.evaluateSequential(ForEachOps.java:150)
	at java.base/java.util.stream.ForEachOps$ForEachOp$OfRef.evaluateSequential(ForEachOps.java:173)
	at java.base/java.util.stream.AbstractPipeline.evaluate(AbstractPipeline.java:234)
	at java.base/java.util.stream.ReferencePipeline.forEach(ReferencePipeline.java:596)
	at java.base/java.util.stream.ReferencePipeline$7$1.accept(ReferencePipeline.java:276)
	at java.base/java.util.stream.ReferencePipeline$3$1.accept(ReferencePipeline.java:197)
	at java.base/java.util.stream.ReferencePipeline$3$1.accept(ReferencePipeline.java:197)
	at java.base/java.util.Spliterators$ArraySpliterator.forEachRemaining(Spliterators.java:992)
	at java.base/java.util.stream.AbstractPipeline.copyInto(AbstractPipeline.java:509)
	at java.base/java.util.stream.AbstractPipeline.wrapAndCopyInto(AbstractPipeline.java:499)
	at java.base/java.util.stream.ForEachOps$ForEachOp.evaluateSequential(ForEachOps.java:150)
	at java.base/java.util.stream.ForEachOps$ForEachOp$OfRef.evaluateSequential(ForEachOps.java:173)
	at java.base/java.util.stream.AbstractPipeline.evaluate(AbstractPipeline.java:234)
	at java.base/java.util.stream.ReferencePipeline.forEach(ReferencePipeline.java:596)
	at java.base/java.util.stream.ReferencePipeline$7$1.accept(ReferencePipeline.java:276)
	at java.base/java.util.stream.ReferencePipeline$3$1.accept(ReferencePipeline.java:197)
	at java.base/java.util.stream.ReferencePipeline$3$1.accept(ReferencePipeline.java:197)
	at java.base/java.util.stream.ReferencePipeline$3$1.accept(ReferencePipeline.java:197)
	at java.base/java.util.ArrayList$ArrayListSpliterator.forEachRemaining(ArrayList.java:1625)
	at java.base/java.util.stream.AbstractPipeline.copyInto(AbstractPipeline.java:509)
	at java.base/java.util.stream.AbstractPipeline.wrapAndCopyInto(AbstractPipeline.java:499)
	at java.base/java.util.stream.ForEachOps$ForEachOp.evaluateSequential(ForEachOps.java:150)
	at java.base/java.util.stream.ForEachOps$ForEachOp$OfRef.evaluateSequential(ForEachOps.java:173)
	at java.base/java.util.stream.AbstractPipeline.evaluate(AbstractPipeline.java:234)
	at java.base/java.util.stream.ReferencePipeline.forEach(ReferencePipeline.java:596)
	at java.base/java.util.stream.ReferencePipeline$7$1.accept(ReferencePipeline.java:276)
	at java.base/java.util.ArrayList$ArrayListSpliterator.forEachRemaining(ArrayList.java:1625)
	at java.base/java.util.stream.AbstractPipeline.copyInto(AbstractPipeline.java:509)
	at java.base/java.util.stream.AbstractPipeline.wrapAndCopyInto(AbstractPipeline.java:499)
	at java.base/java.util.stream.ForEachOps$ForEachOp.evaluateSequential(ForEachOps.java:150)
	at java.base/java.util.stream.ForEachOps$ForEachOp$OfRef.evaluateSequential(ForEachOps.java:173)
	at java.base/java.util.stream.AbstractPipeline.evaluate(AbstractPipeline.java:234)
	at java.base/java.util.stream.ReferencePipeline.forEach(ReferencePipeline.java:596)
	at org.junit.jupiter.engine.descriptor.TestTemplateTestDescriptor.execute(TestTemplateTestDescriptor.java:107)
	at org.junit.jupiter.engine.descriptor.TestTemplateTestDescriptor.execute(TestTemplateTestDescriptor.java:42)
	at org.junit.platform.engine.support.hierarchical.NodeTestTask.lambda$executeRecursively$5(NodeTestTask.java:139)
	at org.junit.platform.engine.support.hierarchical.ThrowableCollector.execute(ThrowableCollector.java:73)
	at org.junit.platform.engine.support.hierarchical.NodeTestTask.lambda$executeRecursively$7(NodeTestTask.java:129)
	at org.junit.platform.engine.support.hierarchical.Node.around(Node.java:137)
	at org.junit.platform.engine.support.hierarchical.NodeTestTask.lambda$executeRecursively$8(NodeTestTask.java:127)
	at org.junit.platform.engine.support.hierarchical.ThrowableCollector.execute(ThrowableCollector.java:73)
	at org.junit.platform.engine.support.hierarchical.NodeTestTask.executeRecursively(NodeTestTask.java:126)
	at org.junit.platform.engine.support.hierarchical.NodeTestTask.execute(NodeTestTask.java:84)
	at java.base/java.util.ArrayList.forEach(ArrayList.java:1511)
	at org.junit.platform.engine.support.hierarchical.SameThreadHierarchicalTestExecutorService.invokeAll(SameThreadHierarchicalTestExecutorService.java:38)
	at org.junit.platform.engine.support.hierarchical.NodeTestTask.lambda$executeRecursively$5(NodeTestTask.java:143)
	at org.junit.platform.engine.support.hierarchical.ThrowableCollector.execute(ThrowableCollector.java:73)
	at org.junit.platform.engine.support.hierarchical.NodeTestTask.lambda$executeRecursively$7(NodeTestTask.java:129)
	at org.junit.platform.engine.support.hierarchical.Node.around(Node.java:137)
	at org.junit.platform.engine.support.hierarchical.NodeTestTask.lambda$executeRecursively$8(NodeTestTask.java:127)
	at org.junit.platform.engine.support.hierarchical.ThrowableCollector.execute(ThrowableCollector.java:73)
	at org.junit.platform.engine.support.hierarchical.NodeTestTask.executeRecursively(NodeTestTask.java:126)
	at org.junit.platform.engine.support.hierarchical.NodeTestTask.execute(NodeTestTask.java:84)
	at java.base/java.util.ArrayList.forEach(ArrayList.java:1511)
	at org.junit.platform.engine.support.hierarchical.SameThreadHierarchicalTestExecutorService.invokeAll(SameThreadHierarchicalTestExecutorService.java:38)
	at org.junit.platform.engine.support.hierarchical.NodeTestTask.lambda$executeRecursively$5(NodeTestTask.java:143)
	at org.junit.platform.engine.support.hierarchical.ThrowableCollector.execute(ThrowableCollector.java:73)
	at org.junit.platform.engine.support.hierarchical.NodeTestTask.lambda$executeRecursively$7(NodeTestTask.java:129)
	at org.junit.platform.engine.support.hierarchical.Node.around(Node.java:137)
	at org.junit.platform.engine.support.hierarchical.NodeTestTask.lambda$executeRecursively$8(NodeTestTask.java:127)
	at org.junit.platform.engine.support.hierarchical.ThrowableCollector.execute(ThrowableCollector.java:73)
	at org.junit.platform.engine.support.hierarchical.NodeTestTask.executeRecursively(NodeTestTask.java:126)
	at org.junit.platform.engine.support.hierarchical.NodeTestTask.execute(NodeTestTask.java:84)
	at org.junit.platform.engine.support.hierarchical.SameThreadHierarchicalTestExecutorService.submit(SameThreadHierarchicalTestExecutorService.java:32)
	at org.junit.platform.engine.support.hierarchical.HierarchicalTestExecutor.execute(HierarchicalTestExecutor.java:57)
	at org.junit.platform.engine.support.hierarchical.HierarchicalTestEngine.execute(HierarchicalTestEngine.java:51)
	at org.junit.platform.launcher.core.EngineExecutionOrchestrator.execute(EngineExecutionOrchestrator.java:108)
	at org.junit.platform.launcher.core.EngineExecutionOrchestrator.execute(EngineExecutionOrchestrator.java:88)
	at org.junit.platform.launcher.core.EngineExecutionOrchestrator.lambda$execute$0(EngineExecutionOrchestrator.java:54)
	at org.junit.platform.launcher.core.EngineExecutionOrchestrator.withInterceptedStreams(EngineExecutionOrchestrator.java:67)
	at org.junit.platform.launcher.core.EngineExecutionOrchestrator.execute(EngineExecutionOrchestrator.java:52)
	at org.junit.platform.launcher.core.DefaultLauncher.execute(DefaultLauncher.java:96)
	at org.junit.platform.launcher.core.DefaultLauncher.execute(DefaultLauncher.java:75)
	at org.junit.platform.console.tasks.ConsoleTestExecutor.executeTests(ConsoleTestExecutor.java:66)
	at org.junit.platform.console.tasks.ConsoleTestExecutor.lambda$execute$0(ConsoleTestExecutor.java:58)
	at org.junit.platform.console.tasks.CustomContextClassLoaderExecutor.replaceThreadContextClassLoaderAndInvoke(CustomContextClassLoaderExecutor.java:41)
	at org.junit.platform.console.tasks.CustomContextClassLoaderExecutor.invoke(CustomContextClassLoaderExecutor.java:31)
	at org.junit.platform.console.tasks.ConsoleTestExecutor.execute(ConsoleTestExecutor.java:58)
	at org.junit.platform.console.ConsoleLauncher.executeTests(ConsoleLauncher.java:95)
	at org.junit.platform.console.ConsoleLauncher.execute(ConsoleLauncher.java:73)
	at org.junit.platform.console.ConsoleLauncher.execute(ConsoleLauncher.java:50)
	at org.junit.platform.console.ConsoleLauncher.execute(ConsoleLauncher.java:43)
	at org.junit.platform.console.ConsoleLauncher.main(ConsoleLauncher.java:37)
]]></skipped>
<system-out><![CDATA[
unique-id: [engine:junit-jupiter]/[class:minebayd1.test.TestUser]/[test-template:testnext(minebayd1.User)]/[test-template-invocation:#40]
display-name: [40] Lyes a 65 annonces ouvertes, 1 annonces fermées et 3 achats 

]]></system-out>
</testcase>
<testcase name="testnext(User)[41]" classname="minebayd1.test.TestUser" time="0">
<system-out><![CDATA[
unique-id: [engine:junit-jupiter]/[class:minebayd1.test.TestUser]/[test-template:testnext(minebayd1.User)]/[test-template-invocation:#41]
display-name: [41] Idir a 58 annonces ouvertes, 5 annonces fermées et 4 achats 

]]></system-out>
</testcase>
<testcase name="testnext(User)[42]" classname="minebayd1.test.TestUser" time="0">
<skipped><![CDATA[org.opentest4j.TestAbortedException: Assumption failed: assumption is not true
	at org.junit.jupiter.api.Assumptions.throwTestAbortedException(Assumptions.java:256)
	at org.junit.jupiter.api.Assumptions.assumeTrue(Assumptions.java:115)
	at org.junit.jupiter.api.Assumptions.assumeTrue(Assumptions.java:66)
	at minebayd1.test.TestUser.testnext(TestUser.java:1137)
	at jdk.internal.reflect.GeneratedMethodAccessor10.invoke(Unknown Source)
	at java.base/jdk.internal.reflect.DelegatingMethodAccessorImpl.invoke(DelegatingMethodAccessorImpl.java:43)
	at java.base/java.lang.reflect.Method.invoke(Method.java:569)
	at org.junit.platform.commons.util.ReflectionUtils.invokeMethod(ReflectionUtils.java:688)
	at org.junit.jupiter.engine.execution.MethodInvocation.proceed(MethodInvocation.java:60)
	at org.junit.jupiter.engine.execution.InvocationInterceptorChain$ValidatingInvocation.proceed(InvocationInterceptorChain.java:131)
	at org.junit.jupiter.engine.extension.TimeoutExtension.intercept(TimeoutExtension.java:149)
	at org.junit.jupiter.engine.extension.TimeoutExtension.interceptTestableMethod(TimeoutExtension.java:140)
	at org.junit.jupiter.engine.extension.TimeoutExtension.interceptTestTemplateMethod(TimeoutExtension.java:92)
	at org.junit.jupiter.engine.execution.ExecutableInvoker$ReflectiveInterceptorCall.lambda$ofVoidMethod$0(ExecutableInvoker.java:115)
	at org.junit.jupiter.engine.execution.ExecutableInvoker.lambda$invoke$0(ExecutableInvoker.java:105)
	at org.junit.jupiter.engine.execution.InvocationInterceptorChain$InterceptedInvocation.proceed(InvocationInterceptorChain.java:106)
	at org.junit.jupiter.engine.execution.InvocationInterceptorChain.proceed(InvocationInterceptorChain.java:64)
	at org.junit.jupiter.engine.execution.InvocationInterceptorChain.chainAndInvoke(InvocationInterceptorChain.java:45)
	at org.junit.jupiter.engine.execution.InvocationInterceptorChain.invoke(InvocationInterceptorChain.java:37)
	at org.junit.jupiter.engine.execution.ExecutableInvoker.invoke(ExecutableInvoker.java:104)
	at org.junit.jupiter.engine.execution.ExecutableInvoker.invoke(ExecutableInvoker.java:98)
	at org.junit.jupiter.engine.descriptor.TestMethodTestDescriptor.lambda$invokeTestMethod$6(TestMethodTestDescriptor.java:210)
	at org.junit.platform.engine.support.hierarchical.ThrowableCollector.execute(ThrowableCollector.java:73)
	at org.junit.jupiter.engine.descriptor.TestMethodTestDescriptor.invokeTestMethod(TestMethodTestDescriptor.java:206)
	at org.junit.jupiter.engine.descriptor.TestMethodTestDescriptor.execute(TestMethodTestDescriptor.java:131)
	at org.junit.jupiter.engine.descriptor.TestMethodTestDescriptor.execute(TestMethodTestDescriptor.java:65)
	at org.junit.platform.engine.support.hierarchical.NodeTestTask.lambda$executeRecursively$5(NodeTestTask.java:139)
	at org.junit.platform.engine.support.hierarchical.ThrowableCollector.execute(ThrowableCollector.java:73)
	at org.junit.platform.engine.support.hierarchical.NodeTestTask.lambda$executeRecursively$7(NodeTestTask.java:129)
	at org.junit.platform.engine.support.hierarchical.Node.around(Node.java:137)
	at org.junit.platform.engine.support.hierarchical.NodeTestTask.lambda$executeRecursively$8(NodeTestTask.java:127)
	at org.junit.platform.engine.support.hierarchical.ThrowableCollector.execute(ThrowableCollector.java:73)
	at org.junit.platform.engine.support.hierarchical.NodeTestTask.executeRecursively(NodeTestTask.java:126)
	at org.junit.platform.engine.support.hierarchical.NodeTestTask.execute(NodeTestTask.java:84)
	at org.junit.platform.engine.support.hierarchical.SameThreadHierarchicalTestExecutorService.submit(SameThreadHierarchicalTestExecutorService.java:32)
	at org.junit.platform.engine.support.hierarchical.NodeTestTask$DefaultDynamicTestExecutor.execute(NodeTestTask.java:212)
	at org.junit.platform.engine.support.hierarchical.NodeTestTask$DefaultDynamicTestExecutor.execute(NodeTestTask.java:192)
	at org.junit.jupiter.engine.descriptor.TestTemplateTestDescriptor.execute(TestTemplateTestDescriptor.java:139)
	at org.junit.jupiter.engine.descriptor.TestTemplateTestDescriptor.lambda$execute$2(TestTemplateTestDescriptor.java:107)
	at java.base/java.util.stream.ForEachOps$ForEachOp$OfRef.accept(ForEachOps.java:183)
	at java.base/java.util.stream.ReferencePipeline$3$1.accept(ReferencePipeline.java:197)
	at java.base/java.util.stream.ReferencePipeline$2$1.accept(ReferencePipeline.java:179)
	at java.base/java.util.stream.ReferencePipeline$3$1.accept(ReferencePipeline.java:197)
	at java.base/java.util.stream.ForEachOps$ForEachOp$OfRef.accept(ForEachOps.java:183)
	at java.base/java.util.stream.ReferencePipeline$15$1.accept(ReferencePipeline.java:541)
	at java.base/java.util.stream.ReferencePipeline$3$1.accept(ReferencePipeline.java:197)
	at java.base/java.util.stream.ReferencePipeline$3$1.accept(ReferencePipeline.java:197)
	at java.base/java.util.stream.ReferencePipeline$3$1.accept(ReferencePipeline.java:197)
	at java.base/java.util.stream.ForEachOps$ForEachOp$OfRef.accept(ForEachOps.java:183)
	at java.base/java.util.stream.ReferencePipeline$3$1.accept(ReferencePipeline.java:197)
	at java.base/java.util.stream.ForEachOps$ForEachOp$OfRef.accept(ForEachOps.java:183)
	at java.base/java.util.stream.SliceOps$1$1.accept(SliceOps.java:200)
	at java.base/java.util.stream.StreamSpliterators$InfiniteSupplyingSpliterator$OfRef.tryAdvance(StreamSpliterators.java:1358)
	at java.base/java.util.stream.ReferencePipeline.forEachWithCancel(ReferencePipeline.java:129)
	at java.base/java.util.stream.AbstractPipeline.copyIntoWithCancel(AbstractPipeline.java:527)
	at java.base/java.util.stream.AbstractPipeline.copyInto(AbstractPipeline.java:513)
	at java.base/java.util.stream.AbstractPipeline.wrapAndCopyInto(AbstractPipeline.java:499)
	at java.base/java.util.stream.ForEachOps$ForEachOp.evaluateSequential(ForEachOps.java:150)
	at java.base/java.util.stream.ForEachOps$ForEachOp$OfRef.evaluateSequential(ForEachOps.java:173)
	at java.base/java.util.stream.AbstractPipeline.evaluate(AbstractPipeline.java:234)
	at java.base/java.util.stream.ReferencePipeline.forEach(ReferencePipeline.java:596)
	at java.base/java.util.stream.ReferencePipeline$7$1.accept(ReferencePipeline.java:276)
	at java.base/java.util.stream.ReferencePipeline$3$1.accept(ReferencePipeline.java:197)
	at java.base/java.util.stream.ReferencePipeline$3$1.accept(ReferencePipeline.java:197)
	at java.base/java.util.Spliterators$ArraySpliterator.forEachRemaining(Spliterators.java:992)
	at java.base/java.util.stream.AbstractPipeline.copyInto(AbstractPipeline.java:509)
	at java.base/java.util.stream.AbstractPipeline.wrapAndCopyInto(AbstractPipeline.java:499)
	at java.base/java.util.stream.ForEachOps$ForEachOp.evaluateSequential(ForEachOps.java:150)
	at java.base/java.util.stream.ForEachOps$ForEachOp$OfRef.evaluateSequential(ForEachOps.java:173)
	at java.base/java.util.stream.AbstractPipeline.evaluate(AbstractPipeline.java:234)
	at java.base/java.util.stream.ReferencePipeline.forEach(ReferencePipeline.java:596)
	at java.base/java.util.stream.ReferencePipeline$7$1.accept(ReferencePipeline.java:276)
	at java.base/java.util.stream.ReferencePipeline$3$1.accept(ReferencePipeline.java:197)
	at java.base/java.util.stream.ReferencePipeline$3$1.accept(ReferencePipeline.java:197)
	at java.base/java.util.stream.ReferencePipeline$3$1.accept(ReferencePipeline.java:197)
	at java.base/java.util.ArrayList$ArrayListSpliterator.forEachRemaining(ArrayList.java:1625)
	at java.base/java.util.stream.AbstractPipeline.copyInto(AbstractPipeline.java:509)
	at java.base/java.util.stream.AbstractPipeline.wrapAndCopyInto(AbstractPipeline.java:499)
	at java.base/java.util.stream.ForEachOps$ForEachOp.evaluateSequential(ForEachOps.java:150)
	at java.base/java.util.stream.ForEachOps$ForEachOp$OfRef.evaluateSequential(ForEachOps.java:173)
	at java.base/java.util.stream.AbstractPipeline.evaluate(AbstractPipeline.java:234)
	at java.base/java.util.stream.ReferencePipeline.forEach(ReferencePipeline.java:596)
	at java.base/java.util.stream.ReferencePipeline$7$1.accept(ReferencePipeline.java:276)
	at java.base/java.util.ArrayList$ArrayListSpliterator.forEachRemaining(ArrayList.java:1625)
	at java.base/java.util.stream.AbstractPipeline.copyInto(AbstractPipeline.java:509)
	at java.base/java.util.stream.AbstractPipeline.wrapAndCopyInto(AbstractPipeline.java:499)
	at java.base/java.util.stream.ForEachOps$ForEachOp.evaluateSequential(ForEachOps.java:150)
	at java.base/java.util.stream.ForEachOps$ForEachOp$OfRef.evaluateSequential(ForEachOps.java:173)
	at java.base/java.util.stream.AbstractPipeline.evaluate(AbstractPipeline.java:234)
	at java.base/java.util.stream.ReferencePipeline.forEach(ReferencePipeline.java:596)
	at org.junit.jupiter.engine.descriptor.TestTemplateTestDescriptor.execute(TestTemplateTestDescriptor.java:107)
	at org.junit.jupiter.engine.descriptor.TestTemplateTestDescriptor.execute(TestTemplateTestDescriptor.java:42)
	at org.junit.platform.engine.support.hierarchical.NodeTestTask.lambda$executeRecursively$5(NodeTestTask.java:139)
	at org.junit.platform.engine.support.hierarchical.ThrowableCollector.execute(ThrowableCollector.java:73)
	at org.junit.platform.engine.support.hierarchical.NodeTestTask.lambda$executeRecursively$7(NodeTestTask.java:129)
	at org.junit.platform.engine.support.hierarchical.Node.around(Node.java:137)
	at org.junit.platform.engine.support.hierarchical.NodeTestTask.lambda$executeRecursively$8(NodeTestTask.java:127)
	at org.junit.platform.engine.support.hierarchical.ThrowableCollector.execute(ThrowableCollector.java:73)
	at org.junit.platform.engine.support.hierarchical.NodeTestTask.executeRecursively(NodeTestTask.java:126)
	at org.junit.platform.engine.support.hierarchical.NodeTestTask.execute(NodeTestTask.java:84)
	at java.base/java.util.ArrayList.forEach(ArrayList.java:1511)
	at org.junit.platform.engine.support.hierarchical.SameThreadHierarchicalTestExecutorService.invokeAll(SameThreadHierarchicalTestExecutorService.java:38)
	at org.junit.platform.engine.support.hierarchical.NodeTestTask.lambda$executeRecursively$5(NodeTestTask.java:143)
	at org.junit.platform.engine.support.hierarchical.ThrowableCollector.execute(ThrowableCollector.java:73)
	at org.junit.platform.engine.support.hierarchical.NodeTestTask.lambda$executeRecursively$7(NodeTestTask.java:129)
	at org.junit.platform.engine.support.hierarchical.Node.around(Node.java:137)
	at org.junit.platform.engine.support.hierarchical.NodeTestTask.lambda$executeRecursively$8(NodeTestTask.java:127)
	at org.junit.platform.engine.support.hierarchical.ThrowableCollector.execute(ThrowableCollector.java:73)
	at org.junit.platform.engine.support.hierarchical.NodeTestTask.executeRecursively(NodeTestTask.java:126)
	at org.junit.platform.engine.support.hierarchical.NodeTestTask.execute(NodeTestTask.java:84)
	at java.base/java.util.ArrayList.forEach(ArrayList.java:1511)
	at org.junit.platform.engine.support.hierarchical.SameThreadHierarchicalTestExecutorService.invokeAll(SameThreadHierarchicalTestExecutorService.java:38)
	at org.junit.platform.engine.support.hierarchical.NodeTestTask.lambda$executeRecursively$5(NodeTestTask.java:143)
	at org.junit.platform.engine.support.hierarchical.ThrowableCollector.execute(ThrowableCollector.java:73)
	at org.junit.platform.engine.support.hierarchical.NodeTestTask.lambda$executeRecursively$7(NodeTestTask.java:129)
	at org.junit.platform.engine.support.hierarchical.Node.around(Node.java:137)
	at org.junit.platform.engine.support.hierarchical.NodeTestTask.lambda$executeRecursively$8(NodeTestTask.java:127)
	at org.junit.platform.engine.support.hierarchical.ThrowableCollector.execute(ThrowableCollector.java:73)
	at org.junit.platform.engine.support.hierarchical.NodeTestTask.executeRecursively(NodeTestTask.java:126)
	at org.junit.platform.engine.support.hierarchical.NodeTestTask.execute(NodeTestTask.java:84)
	at org.junit.platform.engine.support.hierarchical.SameThreadHierarchicalTestExecutorService.submit(SameThreadHierarchicalTestExecutorService.java:32)
	at org.junit.platform.engine.support.hierarchical.HierarchicalTestExecutor.execute(HierarchicalTestExecutor.java:57)
	at org.junit.platform.engine.support.hierarchical.HierarchicalTestEngine.execute(HierarchicalTestEngine.java:51)
	at org.junit.platform.launcher.core.EngineExecutionOrchestrator.execute(EngineExecutionOrchestrator.java:108)
	at org.junit.platform.launcher.core.EngineExecutionOrchestrator.execute(EngineExecutionOrchestrator.java:88)
	at org.junit.platform.launcher.core.EngineExecutionOrchestrator.lambda$execute$0(EngineExecutionOrchestrator.java:54)
	at org.junit.platform.launcher.core.EngineExecutionOrchestrator.withInterceptedStreams(EngineExecutionOrchestrator.java:67)
	at org.junit.platform.launcher.core.EngineExecutionOrchestrator.execute(EngineExecutionOrchestrator.java:52)
	at org.junit.platform.launcher.core.DefaultLauncher.execute(DefaultLauncher.java:96)
	at org.junit.platform.launcher.core.DefaultLauncher.execute(DefaultLauncher.java:75)
	at org.junit.platform.console.tasks.ConsoleTestExecutor.executeTests(ConsoleTestExecutor.java:66)
	at org.junit.platform.console.tasks.ConsoleTestExecutor.lambda$execute$0(ConsoleTestExecutor.java:58)
	at org.junit.platform.console.tasks.CustomContextClassLoaderExecutor.replaceThreadContextClassLoaderAndInvoke(CustomContextClassLoaderExecutor.java:41)
	at org.junit.platform.console.tasks.CustomContextClassLoaderExecutor.invoke(CustomContextClassLoaderExecutor.java:31)
	at org.junit.platform.console.tasks.ConsoleTestExecutor.execute(ConsoleTestExecutor.java:58)
	at org.junit.platform.console.ConsoleLauncher.executeTests(ConsoleLauncher.java:95)
	at org.junit.platform.console.ConsoleLauncher.execute(ConsoleLauncher.java:73)
	at org.junit.platform.console.ConsoleLauncher.execute(ConsoleLauncher.java:50)
	at org.junit.platform.console.ConsoleLauncher.execute(ConsoleLauncher.java:43)
	at org.junit.platform.console.ConsoleLauncher.main(ConsoleLauncher.java:37)
]]></skipped>
<system-out><![CDATA[
unique-id: [engine:junit-jupiter]/[class:minebayd1.test.TestUser]/[test-template:testnext(minebayd1.User)]/[test-template-invocation:#42]
display-name: [42] Lisa a 45 annonces ouvertes, 4 annonces fermées et 3 achats 

]]></system-out>
</testcase>
<testcase name="testnext(User)[43]" classname="minebayd1.test.TestUser" time="0">
<skipped><![CDATA[org.opentest4j.TestAbortedException: Assumption failed: assumption is not true
	at org.junit.jupiter.api.Assumptions.throwTestAbortedException(Assumptions.java:256)
	at org.junit.jupiter.api.Assumptions.assumeTrue(Assumptions.java:115)
	at org.junit.jupiter.api.Assumptions.assumeTrue(Assumptions.java:66)
	at minebayd1.test.TestUser.testnext(TestUser.java:1137)
	at jdk.internal.reflect.GeneratedMethodAccessor10.invoke(Unknown Source)
	at java.base/jdk.internal.reflect.DelegatingMethodAccessorImpl.invoke(DelegatingMethodAccessorImpl.java:43)
	at java.base/java.lang.reflect.Method.invoke(Method.java:569)
	at org.junit.platform.commons.util.ReflectionUtils.invokeMethod(ReflectionUtils.java:688)
	at org.junit.jupiter.engine.execution.MethodInvocation.proceed(MethodInvocation.java:60)
	at org.junit.jupiter.engine.execution.InvocationInterceptorChain$ValidatingInvocation.proceed(InvocationInterceptorChain.java:131)
	at org.junit.jupiter.engine.extension.TimeoutExtension.intercept(TimeoutExtension.java:149)
	at org.junit.jupiter.engine.extension.TimeoutExtension.interceptTestableMethod(TimeoutExtension.java:140)
	at org.junit.jupiter.engine.extension.TimeoutExtension.interceptTestTemplateMethod(TimeoutExtension.java:92)
	at org.junit.jupiter.engine.execution.ExecutableInvoker$ReflectiveInterceptorCall.lambda$ofVoidMethod$0(ExecutableInvoker.java:115)
	at org.junit.jupiter.engine.execution.ExecutableInvoker.lambda$invoke$0(ExecutableInvoker.java:105)
	at org.junit.jupiter.engine.execution.InvocationInterceptorChain$InterceptedInvocation.proceed(InvocationInterceptorChain.java:106)
	at org.junit.jupiter.engine.execution.InvocationInterceptorChain.proceed(InvocationInterceptorChain.java:64)
	at org.junit.jupiter.engine.execution.InvocationInterceptorChain.chainAndInvoke(InvocationInterceptorChain.java:45)
	at org.junit.jupiter.engine.execution.InvocationInterceptorChain.invoke(InvocationInterceptorChain.java:37)
	at org.junit.jupiter.engine.execution.ExecutableInvoker.invoke(ExecutableInvoker.java:104)
	at org.junit.jupiter.engine.execution.ExecutableInvoker.invoke(ExecutableInvoker.java:98)
	at org.junit.jupiter.engine.descriptor.TestMethodTestDescriptor.lambda$invokeTestMethod$6(TestMethodTestDescriptor.java:210)
	at org.junit.platform.engine.support.hierarchical.ThrowableCollector.execute(ThrowableCollector.java:73)
	at org.junit.jupiter.engine.descriptor.TestMethodTestDescriptor.invokeTestMethod(TestMethodTestDescriptor.java:206)
	at org.junit.jupiter.engine.descriptor.TestMethodTestDescriptor.execute(TestMethodTestDescriptor.java:131)
	at org.junit.jupiter.engine.descriptor.TestMethodTestDescriptor.execute(TestMethodTestDescriptor.java:65)
	at org.junit.platform.engine.support.hierarchical.NodeTestTask.lambda$executeRecursively$5(NodeTestTask.java:139)
	at org.junit.platform.engine.support.hierarchical.ThrowableCollector.execute(ThrowableCollector.java:73)
	at org.junit.platform.engine.support.hierarchical.NodeTestTask.lambda$executeRecursively$7(NodeTestTask.java:129)
	at org.junit.platform.engine.support.hierarchical.Node.around(Node.java:137)
	at org.junit.platform.engine.support.hierarchical.NodeTestTask.lambda$executeRecursively$8(NodeTestTask.java:127)
	at org.junit.platform.engine.support.hierarchical.ThrowableCollector.execute(ThrowableCollector.java:73)
	at org.junit.platform.engine.support.hierarchical.NodeTestTask.executeRecursively(NodeTestTask.java:126)
	at org.junit.platform.engine.support.hierarchical.NodeTestTask.execute(NodeTestTask.java:84)
	at org.junit.platform.engine.support.hierarchical.SameThreadHierarchicalTestExecutorService.submit(SameThreadHierarchicalTestExecutorService.java:32)
	at org.junit.platform.engine.support.hierarchical.NodeTestTask$DefaultDynamicTestExecutor.execute(NodeTestTask.java:212)
	at org.junit.platform.engine.support.hierarchical.NodeTestTask$DefaultDynamicTestExecutor.execute(NodeTestTask.java:192)
	at org.junit.jupiter.engine.descriptor.TestTemplateTestDescriptor.execute(TestTemplateTestDescriptor.java:139)
	at org.junit.jupiter.engine.descriptor.TestTemplateTestDescriptor.lambda$execute$2(TestTemplateTestDescriptor.java:107)
	at java.base/java.util.stream.ForEachOps$ForEachOp$OfRef.accept(ForEachOps.java:183)
	at java.base/java.util.stream.ReferencePipeline$3$1.accept(ReferencePipeline.java:197)
	at java.base/java.util.stream.ReferencePipeline$2$1.accept(ReferencePipeline.java:179)
	at java.base/java.util.stream.ReferencePipeline$3$1.accept(ReferencePipeline.java:197)
	at java.base/java.util.stream.ForEachOps$ForEachOp$OfRef.accept(ForEachOps.java:183)
	at java.base/java.util.stream.ReferencePipeline$15$1.accept(ReferencePipeline.java:541)
	at java.base/java.util.stream.ReferencePipeline$3$1.accept(ReferencePipeline.java:197)
	at java.base/java.util.stream.ReferencePipeline$3$1.accept(ReferencePipeline.java:197)
	at java.base/java.util.stream.ReferencePipeline$3$1.accept(ReferencePipeline.java:197)
	at java.base/java.util.stream.ForEachOps$ForEachOp$OfRef.accept(ForEachOps.java:183)
	at java.base/java.util.stream.ReferencePipeline$3$1.accept(ReferencePipeline.java:197)
	at java.base/java.util.stream.ForEachOps$ForEachOp$OfRef.accept(ForEachOps.java:183)
	at java.base/java.util.stream.SliceOps$1$1.accept(SliceOps.java:200)
	at java.base/java.util.stream.StreamSpliterators$InfiniteSupplyingSpliterator$OfRef.tryAdvance(StreamSpliterators.java:1358)
	at java.base/java.util.stream.ReferencePipeline.forEachWithCancel(ReferencePipeline.java:129)
	at java.base/java.util.stream.AbstractPipeline.copyIntoWithCancel(AbstractPipeline.java:527)
	at java.base/java.util.stream.AbstractPipeline.copyInto(AbstractPipeline.java:513)
	at java.base/java.util.stream.AbstractPipeline.wrapAndCopyInto(AbstractPipeline.java:499)
	at java.base/java.util.stream.ForEachOps$ForEachOp.evaluateSequential(ForEachOps.java:150)
	at java.base/java.util.stream.ForEachOps$ForEachOp$OfRef.evaluateSequential(ForEachOps.java:173)
	at java.base/java.util.stream.AbstractPipeline.evaluate(AbstractPipeline.java:234)
	at java.base/java.util.stream.ReferencePipeline.forEach(ReferencePipeline.java:596)
	at java.base/java.util.stream.ReferencePipeline$7$1.accept(ReferencePipeline.java:276)
	at java.base/java.util.stream.ReferencePipeline$3$1.accept(ReferencePipeline.java:197)
	at java.base/java.util.stream.ReferencePipeline$3$1.accept(ReferencePipeline.java:197)
	at java.base/java.util.Spliterators$ArraySpliterator.forEachRemaining(Spliterators.java:992)
	at java.base/java.util.stream.AbstractPipeline.copyInto(AbstractPipeline.java:509)
	at java.base/java.util.stream.AbstractPipeline.wrapAndCopyInto(AbstractPipeline.java:499)
	at java.base/java.util.stream.ForEachOps$ForEachOp.evaluateSequential(ForEachOps.java:150)
	at java.base/java.util.stream.ForEachOps$ForEachOp$OfRef.evaluateSequential(ForEachOps.java:173)
	at java.base/java.util.stream.AbstractPipeline.evaluate(AbstractPipeline.java:234)
	at java.base/java.util.stream.ReferencePipeline.forEach(ReferencePipeline.java:596)
	at java.base/java.util.stream.ReferencePipeline$7$1.accept(ReferencePipeline.java:276)
	at java.base/java.util.stream.ReferencePipeline$3$1.accept(ReferencePipeline.java:197)
	at java.base/java.util.stream.ReferencePipeline$3$1.accept(ReferencePipeline.java:197)
	at java.base/java.util.stream.ReferencePipeline$3$1.accept(ReferencePipeline.java:197)
	at java.base/java.util.ArrayList$ArrayListSpliterator.forEachRemaining(ArrayList.java:1625)
	at java.base/java.util.stream.AbstractPipeline.copyInto(AbstractPipeline.java:509)
	at java.base/java.util.stream.AbstractPipeline.wrapAndCopyInto(AbstractPipeline.java:499)
	at java.base/java.util.stream.ForEachOps$ForEachOp.evaluateSequential(ForEachOps.java:150)
	at java.base/java.util.stream.ForEachOps$ForEachOp$OfRef.evaluateSequential(ForEachOps.java:173)
	at java.base/java.util.stream.AbstractPipeline.evaluate(AbstractPipeline.java:234)
	at java.base/java.util.stream.ReferencePipeline.forEach(ReferencePipeline.java:596)
	at java.base/java.util.stream.ReferencePipeline$7$1.accept(ReferencePipeline.java:276)
	at java.base/java.util.ArrayList$ArrayListSpliterator.forEachRemaining(ArrayList.java:1625)
	at java.base/java.util.stream.AbstractPipeline.copyInto(AbstractPipeline.java:509)
	at java.base/java.util.stream.AbstractPipeline.wrapAndCopyInto(AbstractPipeline.java:499)
	at java.base/java.util.stream.ForEachOps$ForEachOp.evaluateSequential(ForEachOps.java:150)
	at java.base/java.util.stream.ForEachOps$ForEachOp$OfRef.evaluateSequential(ForEachOps.java:173)
	at java.base/java.util.stream.AbstractPipeline.evaluate(AbstractPipeline.java:234)
	at java.base/java.util.stream.ReferencePipeline.forEach(ReferencePipeline.java:596)
	at org.junit.jupiter.engine.descriptor.TestTemplateTestDescriptor.execute(TestTemplateTestDescriptor.java:107)
	at org.junit.jupiter.engine.descriptor.TestTemplateTestDescriptor.execute(TestTemplateTestDescriptor.java:42)
	at org.junit.platform.engine.support.hierarchical.NodeTestTask.lambda$executeRecursively$5(NodeTestTask.java:139)
	at org.junit.platform.engine.support.hierarchical.ThrowableCollector.execute(ThrowableCollector.java:73)
	at org.junit.platform.engine.support.hierarchical.NodeTestTask.lambda$executeRecursively$7(NodeTestTask.java:129)
	at org.junit.platform.engine.support.hierarchical.Node.around(Node.java:137)
	at org.junit.platform.engine.support.hierarchical.NodeTestTask.lambda$executeRecursively$8(NodeTestTask.java:127)
	at org.junit.platform.engine.support.hierarchical.ThrowableCollector.execute(ThrowableCollector.java:73)
	at org.junit.platform.engine.support.hierarchical.NodeTestTask.executeRecursively(NodeTestTask.java:126)
	at org.junit.platform.engine.support.hierarchical.NodeTestTask.execute(NodeTestTask.java:84)
	at java.base/java.util.ArrayList.forEach(ArrayList.java:1511)
	at org.junit.platform.engine.support.hierarchical.SameThreadHierarchicalTestExecutorService.invokeAll(SameThreadHierarchicalTestExecutorService.java:38)
	at org.junit.platform.engine.support.hierarchical.NodeTestTask.lambda$executeRecursively$5(NodeTestTask.java:143)
	at org.junit.platform.engine.support.hierarchical.ThrowableCollector.execute(ThrowableCollector.java:73)
	at org.junit.platform.engine.support.hierarchical.NodeTestTask.lambda$executeRecursively$7(NodeTestTask.java:129)
	at org.junit.platform.engine.support.hierarchical.Node.around(Node.java:137)
	at org.junit.platform.engine.support.hierarchical.NodeTestTask.lambda$executeRecursively$8(NodeTestTask.java:127)
	at org.junit.platform.engine.support.hierarchical.ThrowableCollector.execute(ThrowableCollector.java:73)
	at org.junit.platform.engine.support.hierarchical.NodeTestTask.executeRecursively(NodeTestTask.java:126)
	at org.junit.platform.engine.support.hierarchical.NodeTestTask.execute(NodeTestTask.java:84)
	at java.base/java.util.ArrayList.forEach(ArrayList.java:1511)
	at org.junit.platform.engine.support.hierarchical.SameThreadHierarchicalTestExecutorService.invokeAll(SameThreadHierarchicalTestExecutorService.java:38)
	at org.junit.platform.engine.support.hierarchical.NodeTestTask.lambda$executeRecursively$5(NodeTestTask.java:143)
	at org.junit.platform.engine.support.hierarchical.ThrowableCollector.execute(ThrowableCollector.java:73)
	at org.junit.platform.engine.support.hierarchical.NodeTestTask.lambda$executeRecursively$7(NodeTestTask.java:129)
	at org.junit.platform.engine.support.hierarchical.Node.around(Node.java:137)
	at org.junit.platform.engine.support.hierarchical.NodeTestTask.lambda$executeRecursively$8(NodeTestTask.java:127)
	at org.junit.platform.engine.support.hierarchical.ThrowableCollector.execute(ThrowableCollector.java:73)
	at org.junit.platform.engine.support.hierarchical.NodeTestTask.executeRecursively(NodeTestTask.java:126)
	at org.junit.platform.engine.support.hierarchical.NodeTestTask.execute(NodeTestTask.java:84)
	at org.junit.platform.engine.support.hierarchical.SameThreadHierarchicalTestExecutorService.submit(SameThreadHierarchicalTestExecutorService.java:32)
	at org.junit.platform.engine.support.hierarchical.HierarchicalTestExecutor.execute(HierarchicalTestExecutor.java:57)
	at org.junit.platform.engine.support.hierarchical.HierarchicalTestEngine.execute(HierarchicalTestEngine.java:51)
	at org.junit.platform.launcher.core.EngineExecutionOrchestrator.execute(EngineExecutionOrchestrator.java:108)
	at org.junit.platform.launcher.core.EngineExecutionOrchestrator.execute(EngineExecutionOrchestrator.java:88)
	at org.junit.platform.launcher.core.EngineExecutionOrchestrator.lambda$execute$0(EngineExecutionOrchestrator.java:54)
	at org.junit.platform.launcher.core.EngineExecutionOrchestrator.withInterceptedStreams(EngineExecutionOrchestrator.java:67)
	at org.junit.platform.launcher.core.EngineExecutionOrchestrator.execute(EngineExecutionOrchestrator.java:52)
	at org.junit.platform.launcher.core.DefaultLauncher.execute(DefaultLauncher.java:96)
	at org.junit.platform.launcher.core.DefaultLauncher.execute(DefaultLauncher.java:75)
	at org.junit.platform.console.tasks.ConsoleTestExecutor.executeTests(ConsoleTestExecutor.java:66)
	at org.junit.platform.console.tasks.ConsoleTestExecutor.lambda$execute$0(ConsoleTestExecutor.java:58)
	at org.junit.platform.console.tasks.CustomContextClassLoaderExecutor.replaceThreadContextClassLoaderAndInvoke(CustomContextClassLoaderExecutor.java:41)
	at org.junit.platform.console.tasks.CustomContextClassLoaderExecutor.invoke(CustomContextClassLoaderExecutor.java:31)
	at org.junit.platform.console.tasks.ConsoleTestExecutor.execute(ConsoleTestExecutor.java:58)
	at org.junit.platform.console.ConsoleLauncher.executeTests(ConsoleLauncher.java:95)
	at org.junit.platform.console.ConsoleLauncher.execute(ConsoleLauncher.java:73)
	at org.junit.platform.console.ConsoleLauncher.execute(ConsoleLauncher.java:50)
	at org.junit.platform.console.ConsoleLauncher.execute(ConsoleLauncher.java:43)
	at org.junit.platform.console.ConsoleLauncher.main(ConsoleLauncher.java:37)
]]></skipped>
<system-out><![CDATA[
unique-id: [engine:junit-jupiter]/[class:minebayd1.test.TestUser]/[test-template:testnext(minebayd1.User)]/[test-template-invocation:#43]
display-name: [43] Sonia a 47 annonces ouvertes, 2 annonces fermées et 2 achats 

]]></system-out>
</testcase>
<testcase name="testnext(User)[44]" classname="minebayd1.test.TestUser" time="0">
<skipped><![CDATA[org.opentest4j.TestAbortedException: Assumption failed: assumption is not true
	at org.junit.jupiter.api.Assumptions.throwTestAbortedException(Assumptions.java:256)
	at org.junit.jupiter.api.Assumptions.assumeTrue(Assumptions.java:115)
	at org.junit.jupiter.api.Assumptions.assumeTrue(Assumptions.java:66)
	at minebayd1.test.TestUser.testnext(TestUser.java:1137)
	at jdk.internal.reflect.GeneratedMethodAccessor10.invoke(Unknown Source)
	at java.base/jdk.internal.reflect.DelegatingMethodAccessorImpl.invoke(DelegatingMethodAccessorImpl.java:43)
	at java.base/java.lang.reflect.Method.invoke(Method.java:569)
	at org.junit.platform.commons.util.ReflectionUtils.invokeMethod(ReflectionUtils.java:688)
	at org.junit.jupiter.engine.execution.MethodInvocation.proceed(MethodInvocation.java:60)
	at org.junit.jupiter.engine.execution.InvocationInterceptorChain$ValidatingInvocation.proceed(InvocationInterceptorChain.java:131)
	at org.junit.jupiter.engine.extension.TimeoutExtension.intercept(TimeoutExtension.java:149)
	at org.junit.jupiter.engine.extension.TimeoutExtension.interceptTestableMethod(TimeoutExtension.java:140)
	at org.junit.jupiter.engine.extension.TimeoutExtension.interceptTestTemplateMethod(TimeoutExtension.java:92)
	at org.junit.jupiter.engine.execution.ExecutableInvoker$ReflectiveInterceptorCall.lambda$ofVoidMethod$0(ExecutableInvoker.java:115)
	at org.junit.jupiter.engine.execution.ExecutableInvoker.lambda$invoke$0(ExecutableInvoker.java:105)
	at org.junit.jupiter.engine.execution.InvocationInterceptorChain$InterceptedInvocation.proceed(InvocationInterceptorChain.java:106)
	at org.junit.jupiter.engine.execution.InvocationInterceptorChain.proceed(InvocationInterceptorChain.java:64)
	at org.junit.jupiter.engine.execution.InvocationInterceptorChain.chainAndInvoke(InvocationInterceptorChain.java:45)
	at org.junit.jupiter.engine.execution.InvocationInterceptorChain.invoke(InvocationInterceptorChain.java:37)
	at org.junit.jupiter.engine.execution.ExecutableInvoker.invoke(ExecutableInvoker.java:104)
	at org.junit.jupiter.engine.execution.ExecutableInvoker.invoke(ExecutableInvoker.java:98)
	at org.junit.jupiter.engine.descriptor.TestMethodTestDescriptor.lambda$invokeTestMethod$6(TestMethodTestDescriptor.java:210)
	at org.junit.platform.engine.support.hierarchical.ThrowableCollector.execute(ThrowableCollector.java:73)
	at org.junit.jupiter.engine.descriptor.TestMethodTestDescriptor.invokeTestMethod(TestMethodTestDescriptor.java:206)
	at org.junit.jupiter.engine.descriptor.TestMethodTestDescriptor.execute(TestMethodTestDescriptor.java:131)
	at org.junit.jupiter.engine.descriptor.TestMethodTestDescriptor.execute(TestMethodTestDescriptor.java:65)
	at org.junit.platform.engine.support.hierarchical.NodeTestTask.lambda$executeRecursively$5(NodeTestTask.java:139)
	at org.junit.platform.engine.support.hierarchical.ThrowableCollector.execute(ThrowableCollector.java:73)
	at org.junit.platform.engine.support.hierarchical.NodeTestTask.lambda$executeRecursively$7(NodeTestTask.java:129)
	at org.junit.platform.engine.support.hierarchical.Node.around(Node.java:137)
	at org.junit.platform.engine.support.hierarchical.NodeTestTask.lambda$executeRecursively$8(NodeTestTask.java:127)
	at org.junit.platform.engine.support.hierarchical.ThrowableCollector.execute(ThrowableCollector.java:73)
	at org.junit.platform.engine.support.hierarchical.NodeTestTask.executeRecursively(NodeTestTask.java:126)
	at org.junit.platform.engine.support.hierarchical.NodeTestTask.execute(NodeTestTask.java:84)
	at org.junit.platform.engine.support.hierarchical.SameThreadHierarchicalTestExecutorService.submit(SameThreadHierarchicalTestExecutorService.java:32)
	at org.junit.platform.engine.support.hierarchical.NodeTestTask$DefaultDynamicTestExecutor.execute(NodeTestTask.java:212)
	at org.junit.platform.engine.support.hierarchical.NodeTestTask$DefaultDynamicTestExecutor.execute(NodeTestTask.java:192)
	at org.junit.jupiter.engine.descriptor.TestTemplateTestDescriptor.execute(TestTemplateTestDescriptor.java:139)
	at org.junit.jupiter.engine.descriptor.TestTemplateTestDescriptor.lambda$execute$2(TestTemplateTestDescriptor.java:107)
	at java.base/java.util.stream.ForEachOps$ForEachOp$OfRef.accept(ForEachOps.java:183)
	at java.base/java.util.stream.ReferencePipeline$3$1.accept(ReferencePipeline.java:197)
	at java.base/java.util.stream.ReferencePipeline$2$1.accept(ReferencePipeline.java:179)
	at java.base/java.util.stream.ReferencePipeline$3$1.accept(ReferencePipeline.java:197)
	at java.base/java.util.stream.ForEachOps$ForEachOp$OfRef.accept(ForEachOps.java:183)
	at java.base/java.util.stream.ReferencePipeline$15$1.accept(ReferencePipeline.java:541)
	at java.base/java.util.stream.ReferencePipeline$3$1.accept(ReferencePipeline.java:197)
	at java.base/java.util.stream.ReferencePipeline$3$1.accept(ReferencePipeline.java:197)
	at java.base/java.util.stream.ReferencePipeline$3$1.accept(ReferencePipeline.java:197)
	at java.base/java.util.stream.ForEachOps$ForEachOp$OfRef.accept(ForEachOps.java:183)
	at java.base/java.util.stream.ReferencePipeline$3$1.accept(ReferencePipeline.java:197)
	at java.base/java.util.stream.ForEachOps$ForEachOp$OfRef.accept(ForEachOps.java:183)
	at java.base/java.util.stream.SliceOps$1$1.accept(SliceOps.java:200)
	at java.base/java.util.stream.StreamSpliterators$InfiniteSupplyingSpliterator$OfRef.tryAdvance(StreamSpliterators.java:1358)
	at java.base/java.util.stream.ReferencePipeline.forEachWithCancel(ReferencePipeline.java:129)
	at java.base/java.util.stream.AbstractPipeline.copyIntoWithCancel(AbstractPipeline.java:527)
	at java.base/java.util.stream.AbstractPipeline.copyInto(AbstractPipeline.java:513)
	at java.base/java.util.stream.AbstractPipeline.wrapAndCopyInto(AbstractPipeline.java:499)
	at java.base/java.util.stream.ForEachOps$ForEachOp.evaluateSequential(ForEachOps.java:150)
	at java.base/java.util.stream.ForEachOps$ForEachOp$OfRef.evaluateSequential(ForEachOps.java:173)
	at java.base/java.util.stream.AbstractPipeline.evaluate(AbstractPipeline.java:234)
	at java.base/java.util.stream.ReferencePipeline.forEach(ReferencePipeline.java:596)
	at java.base/java.util.stream.ReferencePipeline$7$1.accept(ReferencePipeline.java:276)
	at java.base/java.util.stream.ReferencePipeline$3$1.accept(ReferencePipeline.java:197)
	at java.base/java.util.stream.ReferencePipeline$3$1.accept(ReferencePipeline.java:197)
	at java.base/java.util.Spliterators$ArraySpliterator.forEachRemaining(Spliterators.java:992)
	at java.base/java.util.stream.AbstractPipeline.copyInto(AbstractPipeline.java:509)
	at java.base/java.util.stream.AbstractPipeline.wrapAndCopyInto(AbstractPipeline.java:499)
	at java.base/java.util.stream.ForEachOps$ForEachOp.evaluateSequential(ForEachOps.java:150)
	at java.base/java.util.stream.ForEachOps$ForEachOp$OfRef.evaluateSequential(ForEachOps.java:173)
	at java.base/java.util.stream.AbstractPipeline.evaluate(AbstractPipeline.java:234)
	at java.base/java.util.stream.ReferencePipeline.forEach(ReferencePipeline.java:596)
	at java.base/java.util.stream.ReferencePipeline$7$1.accept(ReferencePipeline.java:276)
	at java.base/java.util.stream.ReferencePipeline$3$1.accept(ReferencePipeline.java:197)
	at java.base/java.util.stream.ReferencePipeline$3$1.accept(ReferencePipeline.java:197)
	at java.base/java.util.stream.ReferencePipeline$3$1.accept(ReferencePipeline.java:197)
	at java.base/java.util.ArrayList$ArrayListSpliterator.forEachRemaining(ArrayList.java:1625)
	at java.base/java.util.stream.AbstractPipeline.copyInto(AbstractPipeline.java:509)
	at java.base/java.util.stream.AbstractPipeline.wrapAndCopyInto(AbstractPipeline.java:499)
	at java.base/java.util.stream.ForEachOps$ForEachOp.evaluateSequential(ForEachOps.java:150)
	at java.base/java.util.stream.ForEachOps$ForEachOp$OfRef.evaluateSequential(ForEachOps.java:173)
	at java.base/java.util.stream.AbstractPipeline.evaluate(AbstractPipeline.java:234)
	at java.base/java.util.stream.ReferencePipeline.forEach(ReferencePipeline.java:596)
	at java.base/java.util.stream.ReferencePipeline$7$1.accept(ReferencePipeline.java:276)
	at java.base/java.util.ArrayList$ArrayListSpliterator.forEachRemaining(ArrayList.java:1625)
	at java.base/java.util.stream.AbstractPipeline.copyInto(AbstractPipeline.java:509)
	at java.base/java.util.stream.AbstractPipeline.wrapAndCopyInto(AbstractPipeline.java:499)
	at java.base/java.util.stream.ForEachOps$ForEachOp.evaluateSequential(ForEachOps.java:150)
	at java.base/java.util.stream.ForEachOps$ForEachOp$OfRef.evaluateSequential(ForEachOps.java:173)
	at java.base/java.util.stream.AbstractPipeline.evaluate(AbstractPipeline.java:234)
	at java.base/java.util.stream.ReferencePipeline.forEach(ReferencePipeline.java:596)
	at org.junit.jupiter.engine.descriptor.TestTemplateTestDescriptor.execute(TestTemplateTestDescriptor.java:107)
	at org.junit.jupiter.engine.descriptor.TestTemplateTestDescriptor.execute(TestTemplateTestDescriptor.java:42)
	at org.junit.platform.engine.support.hierarchical.NodeTestTask.lambda$executeRecursively$5(NodeTestTask.java:139)
	at org.junit.platform.engine.support.hierarchical.ThrowableCollector.execute(ThrowableCollector.java:73)
	at org.junit.platform.engine.support.hierarchical.NodeTestTask.lambda$executeRecursively$7(NodeTestTask.java:129)
	at org.junit.platform.engine.support.hierarchical.Node.around(Node.java:137)
	at org.junit.platform.engine.support.hierarchical.NodeTestTask.lambda$executeRecursively$8(NodeTestTask.java:127)
	at org.junit.platform.engine.support.hierarchical.ThrowableCollector.execute(ThrowableCollector.java:73)
	at org.junit.platform.engine.support.hierarchical.NodeTestTask.executeRecursively(NodeTestTask.java:126)
	at org.junit.platform.engine.support.hierarchical.NodeTestTask.execute(NodeTestTask.java:84)
	at java.base/java.util.ArrayList.forEach(ArrayList.java:1511)
	at org.junit.platform.engine.support.hierarchical.SameThreadHierarchicalTestExecutorService.invokeAll(SameThreadHierarchicalTestExecutorService.java:38)
	at org.junit.platform.engine.support.hierarchical.NodeTestTask.lambda$executeRecursively$5(NodeTestTask.java:143)
	at org.junit.platform.engine.support.hierarchical.ThrowableCollector.execute(ThrowableCollector.java:73)
	at org.junit.platform.engine.support.hierarchical.NodeTestTask.lambda$executeRecursively$7(NodeTestTask.java:129)
	at org.junit.platform.engine.support.hierarchical.Node.around(Node.java:137)
	at org.junit.platform.engine.support.hierarchical.NodeTestTask.lambda$executeRecursively$8(NodeTestTask.java:127)
	at org.junit.platform.engine.support.hierarchical.ThrowableCollector.execute(ThrowableCollector.java:73)
	at org.junit.platform.engine.support.hierarchical.NodeTestTask.executeRecursively(NodeTestTask.java:126)
	at org.junit.platform.engine.support.hierarchical.NodeTestTask.execute(NodeTestTask.java:84)
	at java.base/java.util.ArrayList.forEach(ArrayList.java:1511)
	at org.junit.platform.engine.support.hierarchical.SameThreadHierarchicalTestExecutorService.invokeAll(SameThreadHierarchicalTestExecutorService.java:38)
	at org.junit.platform.engine.support.hierarchical.NodeTestTask.lambda$executeRecursively$5(NodeTestTask.java:143)
	at org.junit.platform.engine.support.hierarchical.ThrowableCollector.execute(ThrowableCollector.java:73)
	at org.junit.platform.engine.support.hierarchical.NodeTestTask.lambda$executeRecursively$7(NodeTestTask.java:129)
	at org.junit.platform.engine.support.hierarchical.Node.around(Node.java:137)
	at org.junit.platform.engine.support.hierarchical.NodeTestTask.lambda$executeRecursively$8(NodeTestTask.java:127)
	at org.junit.platform.engine.support.hierarchical.ThrowableCollector.execute(ThrowableCollector.java:73)
	at org.junit.platform.engine.support.hierarchical.NodeTestTask.executeRecursively(NodeTestTask.java:126)
	at org.junit.platform.engine.support.hierarchical.NodeTestTask.execute(NodeTestTask.java:84)
	at org.junit.platform.engine.support.hierarchical.SameThreadHierarchicalTestExecutorService.submit(SameThreadHierarchicalTestExecutorService.java:32)
	at org.junit.platform.engine.support.hierarchical.HierarchicalTestExecutor.execute(HierarchicalTestExecutor.java:57)
	at org.junit.platform.engine.support.hierarchical.HierarchicalTestEngine.execute(HierarchicalTestEngine.java:51)
	at org.junit.platform.launcher.core.EngineExecutionOrchestrator.execute(EngineExecutionOrchestrator.java:108)
	at org.junit.platform.launcher.core.EngineExecutionOrchestrator.execute(EngineExecutionOrchestrator.java:88)
	at org.junit.platform.launcher.core.EngineExecutionOrchestrator.lambda$execute$0(EngineExecutionOrchestrator.java:54)
	at org.junit.platform.launcher.core.EngineExecutionOrchestrator.withInterceptedStreams(EngineExecutionOrchestrator.java:67)
	at org.junit.platform.launcher.core.EngineExecutionOrchestrator.execute(EngineExecutionOrchestrator.java:52)
	at org.junit.platform.launcher.core.DefaultLauncher.execute(DefaultLauncher.java:96)
	at org.junit.platform.launcher.core.DefaultLauncher.execute(DefaultLauncher.java:75)
	at org.junit.platform.console.tasks.ConsoleTestExecutor.executeTests(ConsoleTestExecutor.java:66)
	at org.junit.platform.console.tasks.ConsoleTestExecutor.lambda$execute$0(ConsoleTestExecutor.java:58)
	at org.junit.platform.console.tasks.CustomContextClassLoaderExecutor.replaceThreadContextClassLoaderAndInvoke(CustomContextClassLoaderExecutor.java:41)
	at org.junit.platform.console.tasks.CustomContextClassLoaderExecutor.invoke(CustomContextClassLoaderExecutor.java:31)
	at org.junit.platform.console.tasks.ConsoleTestExecutor.execute(ConsoleTestExecutor.java:58)
	at org.junit.platform.console.ConsoleLauncher.executeTests(ConsoleLauncher.java:95)
	at org.junit.platform.console.ConsoleLauncher.execute(ConsoleLauncher.java:73)
	at org.junit.platform.console.ConsoleLauncher.execute(ConsoleLauncher.java:50)
	at org.junit.platform.console.ConsoleLauncher.execute(ConsoleLauncher.java:43)
	at org.junit.platform.console.ConsoleLauncher.main(ConsoleLauncher.java:37)
]]></skipped>
<system-out><![CDATA[
unique-id: [engine:junit-jupiter]/[class:minebayd1.test.TestUser]/[test-template:testnext(minebayd1.User)]/[test-template-invocation:#44]
display-name: [44] Rosa a 40 annonces ouvertes, 4 annonces fermées et 2 achats 

]]></system-out>
</testcase>
<testcase name="testnext(User)[45]" classname="minebayd1.test.TestUser" time="0">
<system-out><![CDATA[
unique-id: [engine:junit-jupiter]/[class:minebayd1.test.TestUser]/[test-template:testnext(minebayd1.User)]/[test-template-invocation:#45]
display-name: [45] Boris a 63 annonces ouvertes, 2 annonces fermées et 3 achats 

]]></system-out>
</testcase>
<testcase name="testnext(User)[46]" classname="minebayd1.test.TestUser" time="0">
<skipped><![CDATA[org.opentest4j.TestAbortedException: Assumption failed: assumption is not true
	at org.junit.jupiter.api.Assumptions.throwTestAbortedException(Assumptions.java:256)
	at org.junit.jupiter.api.Assumptions.assumeTrue(Assumptions.java:115)
	at org.junit.jupiter.api.Assumptions.assumeTrue(Assumptions.java:66)
	at minebayd1.test.TestUser.testnext(TestUser.java:1137)
	at jdk.internal.reflect.GeneratedMethodAccessor10.invoke(Unknown Source)
	at java.base/jdk.internal.reflect.DelegatingMethodAccessorImpl.invoke(DelegatingMethodAccessorImpl.java:43)
	at java.base/java.lang.reflect.Method.invoke(Method.java:569)
	at org.junit.platform.commons.util.ReflectionUtils.invokeMethod(ReflectionUtils.java:688)
	at org.junit.jupiter.engine.execution.MethodInvocation.proceed(MethodInvocation.java:60)
	at org.junit.jupiter.engine.execution.InvocationInterceptorChain$ValidatingInvocation.proceed(InvocationInterceptorChain.java:131)
	at org.junit.jupiter.engine.extension.TimeoutExtension.intercept(TimeoutExtension.java:149)
	at org.junit.jupiter.engine.extension.TimeoutExtension.interceptTestableMethod(TimeoutExtension.java:140)
	at org.junit.jupiter.engine.extension.TimeoutExtension.interceptTestTemplateMethod(TimeoutExtension.java:92)
	at org.junit.jupiter.engine.execution.ExecutableInvoker$ReflectiveInterceptorCall.lambda$ofVoidMethod$0(ExecutableInvoker.java:115)
	at org.junit.jupiter.engine.execution.ExecutableInvoker.lambda$invoke$0(ExecutableInvoker.java:105)
	at org.junit.jupiter.engine.execution.InvocationInterceptorChain$InterceptedInvocation.proceed(InvocationInterceptorChain.java:106)
	at org.junit.jupiter.engine.execution.InvocationInterceptorChain.proceed(InvocationInterceptorChain.java:64)
	at org.junit.jupiter.engine.execution.InvocationInterceptorChain.chainAndInvoke(InvocationInterceptorChain.java:45)
	at org.junit.jupiter.engine.execution.InvocationInterceptorChain.invoke(InvocationInterceptorChain.java:37)
	at org.junit.jupiter.engine.execution.ExecutableInvoker.invoke(ExecutableInvoker.java:104)
	at org.junit.jupiter.engine.execution.ExecutableInvoker.invoke(ExecutableInvoker.java:98)
	at org.junit.jupiter.engine.descriptor.TestMethodTestDescriptor.lambda$invokeTestMethod$6(TestMethodTestDescriptor.java:210)
	at org.junit.platform.engine.support.hierarchical.ThrowableCollector.execute(ThrowableCollector.java:73)
	at org.junit.jupiter.engine.descriptor.TestMethodTestDescriptor.invokeTestMethod(TestMethodTestDescriptor.java:206)
	at org.junit.jupiter.engine.descriptor.TestMethodTestDescriptor.execute(TestMethodTestDescriptor.java:131)
	at org.junit.jupiter.engine.descriptor.TestMethodTestDescriptor.execute(TestMethodTestDescriptor.java:65)
	at org.junit.platform.engine.support.hierarchical.NodeTestTask.lambda$executeRecursively$5(NodeTestTask.java:139)
	at org.junit.platform.engine.support.hierarchical.ThrowableCollector.execute(ThrowableCollector.java:73)
	at org.junit.platform.engine.support.hierarchical.NodeTestTask.lambda$executeRecursively$7(NodeTestTask.java:129)
	at org.junit.platform.engine.support.hierarchical.Node.around(Node.java:137)
	at org.junit.platform.engine.support.hierarchical.NodeTestTask.lambda$executeRecursively$8(NodeTestTask.java:127)
	at org.junit.platform.engine.support.hierarchical.ThrowableCollector.execute(ThrowableCollector.java:73)
	at org.junit.platform.engine.support.hierarchical.NodeTestTask.executeRecursively(NodeTestTask.java:126)
	at org.junit.platform.engine.support.hierarchical.NodeTestTask.execute(NodeTestTask.java:84)
	at org.junit.platform.engine.support.hierarchical.SameThreadHierarchicalTestExecutorService.submit(SameThreadHierarchicalTestExecutorService.java:32)
	at org.junit.platform.engine.support.hierarchical.NodeTestTask$DefaultDynamicTestExecutor.execute(NodeTestTask.java:212)
	at org.junit.platform.engine.support.hierarchical.NodeTestTask$DefaultDynamicTestExecutor.execute(NodeTestTask.java:192)
	at org.junit.jupiter.engine.descriptor.TestTemplateTestDescriptor.execute(TestTemplateTestDescriptor.java:139)
	at org.junit.jupiter.engine.descriptor.TestTemplateTestDescriptor.lambda$execute$2(TestTemplateTestDescriptor.java:107)
	at java.base/java.util.stream.ForEachOps$ForEachOp$OfRef.accept(ForEachOps.java:183)
	at java.base/java.util.stream.ReferencePipeline$3$1.accept(ReferencePipeline.java:197)
	at java.base/java.util.stream.ReferencePipeline$2$1.accept(ReferencePipeline.java:179)
	at java.base/java.util.stream.ReferencePipeline$3$1.accept(ReferencePipeline.java:197)
	at java.base/java.util.stream.ForEachOps$ForEachOp$OfRef.accept(ForEachOps.java:183)
	at java.base/java.util.stream.ReferencePipeline$15$1.accept(ReferencePipeline.java:541)
	at java.base/java.util.stream.ReferencePipeline$3$1.accept(ReferencePipeline.java:197)
	at java.base/java.util.stream.ReferencePipeline$3$1.accept(ReferencePipeline.java:197)
	at java.base/java.util.stream.ReferencePipeline$3$1.accept(ReferencePipeline.java:197)
	at java.base/java.util.stream.ForEachOps$ForEachOp$OfRef.accept(ForEachOps.java:183)
	at java.base/java.util.stream.ReferencePipeline$3$1.accept(ReferencePipeline.java:197)
	at java.base/java.util.stream.ForEachOps$ForEachOp$OfRef.accept(ForEachOps.java:183)
	at java.base/java.util.stream.SliceOps$1$1.accept(SliceOps.java:200)
	at java.base/java.util.stream.StreamSpliterators$InfiniteSupplyingSpliterator$OfRef.tryAdvance(StreamSpliterators.java:1358)
	at java.base/java.util.stream.ReferencePipeline.forEachWithCancel(ReferencePipeline.java:129)
	at java.base/java.util.stream.AbstractPipeline.copyIntoWithCancel(AbstractPipeline.java:527)
	at java.base/java.util.stream.AbstractPipeline.copyInto(AbstractPipeline.java:513)
	at java.base/java.util.stream.AbstractPipeline.wrapAndCopyInto(AbstractPipeline.java:499)
	at java.base/java.util.stream.ForEachOps$ForEachOp.evaluateSequential(ForEachOps.java:150)
	at java.base/java.util.stream.ForEachOps$ForEachOp$OfRef.evaluateSequential(ForEachOps.java:173)
	at java.base/java.util.stream.AbstractPipeline.evaluate(AbstractPipeline.java:234)
	at java.base/java.util.stream.ReferencePipeline.forEach(ReferencePipeline.java:596)
	at java.base/java.util.stream.ReferencePipeline$7$1.accept(ReferencePipeline.java:276)
	at java.base/java.util.stream.ReferencePipeline$3$1.accept(ReferencePipeline.java:197)
	at java.base/java.util.stream.ReferencePipeline$3$1.accept(ReferencePipeline.java:197)
	at java.base/java.util.Spliterators$ArraySpliterator.forEachRemaining(Spliterators.java:992)
	at java.base/java.util.stream.AbstractPipeline.copyInto(AbstractPipeline.java:509)
	at java.base/java.util.stream.AbstractPipeline.wrapAndCopyInto(AbstractPipeline.java:499)
	at java.base/java.util.stream.ForEachOps$ForEachOp.evaluateSequential(ForEachOps.java:150)
	at java.base/java.util.stream.ForEachOps$ForEachOp$OfRef.evaluateSequential(ForEachOps.java:173)
	at java.base/java.util.stream.AbstractPipeline.evaluate(AbstractPipeline.java:234)
	at java.base/java.util.stream.ReferencePipeline.forEach(ReferencePipeline.java:596)
	at java.base/java.util.stream.ReferencePipeline$7$1.accept(ReferencePipeline.java:276)
	at java.base/java.util.stream.ReferencePipeline$3$1.accept(ReferencePipeline.java:197)
	at java.base/java.util.stream.ReferencePipeline$3$1.accept(ReferencePipeline.java:197)
	at java.base/java.util.stream.ReferencePipeline$3$1.accept(ReferencePipeline.java:197)
	at java.base/java.util.ArrayList$ArrayListSpliterator.forEachRemaining(ArrayList.java:1625)
	at java.base/java.util.stream.AbstractPipeline.copyInto(AbstractPipeline.java:509)
	at java.base/java.util.stream.AbstractPipeline.wrapAndCopyInto(AbstractPipeline.java:499)
	at java.base/java.util.stream.ForEachOps$ForEachOp.evaluateSequential(ForEachOps.java:150)
	at java.base/java.util.stream.ForEachOps$ForEachOp$OfRef.evaluateSequential(ForEachOps.java:173)
	at java.base/java.util.stream.AbstractPipeline.evaluate(AbstractPipeline.java:234)
	at java.base/java.util.stream.ReferencePipeline.forEach(ReferencePipeline.java:596)
	at java.base/java.util.stream.ReferencePipeline$7$1.accept(ReferencePipeline.java:276)
	at java.base/java.util.ArrayList$ArrayListSpliterator.forEachRemaining(ArrayList.java:1625)
	at java.base/java.util.stream.AbstractPipeline.copyInto(AbstractPipeline.java:509)
	at java.base/java.util.stream.AbstractPipeline.wrapAndCopyInto(AbstractPipeline.java:499)
	at java.base/java.util.stream.ForEachOps$ForEachOp.evaluateSequential(ForEachOps.java:150)
	at java.base/java.util.stream.ForEachOps$ForEachOp$OfRef.evaluateSequential(ForEachOps.java:173)
	at java.base/java.util.stream.AbstractPipeline.evaluate(AbstractPipeline.java:234)
	at java.base/java.util.stream.ReferencePipeline.forEach(ReferencePipeline.java:596)
	at org.junit.jupiter.engine.descriptor.TestTemplateTestDescriptor.execute(TestTemplateTestDescriptor.java:107)
	at org.junit.jupiter.engine.descriptor.TestTemplateTestDescriptor.execute(TestTemplateTestDescriptor.java:42)
	at org.junit.platform.engine.support.hierarchical.NodeTestTask.lambda$executeRecursively$5(NodeTestTask.java:139)
	at org.junit.platform.engine.support.hierarchical.ThrowableCollector.execute(ThrowableCollector.java:73)
	at org.junit.platform.engine.support.hierarchical.NodeTestTask.lambda$executeRecursively$7(NodeTestTask.java:129)
	at org.junit.platform.engine.support.hierarchical.Node.around(Node.java:137)
	at org.junit.platform.engine.support.hierarchical.NodeTestTask.lambda$executeRecursively$8(NodeTestTask.java:127)
	at org.junit.platform.engine.support.hierarchical.ThrowableCollector.execute(ThrowableCollector.java:73)
	at org.junit.platform.engine.support.hierarchical.NodeTestTask.executeRecursively(NodeTestTask.java:126)
	at org.junit.platform.engine.support.hierarchical.NodeTestTask.execute(NodeTestTask.java:84)
	at java.base/java.util.ArrayList.forEach(ArrayList.java:1511)
	at org.junit.platform.engine.support.hierarchical.SameThreadHierarchicalTestExecutorService.invokeAll(SameThreadHierarchicalTestExecutorService.java:38)
	at org.junit.platform.engine.support.hierarchical.NodeTestTask.lambda$executeRecursively$5(NodeTestTask.java:143)
	at org.junit.platform.engine.support.hierarchical.ThrowableCollector.execute(ThrowableCollector.java:73)
	at org.junit.platform.engine.support.hierarchical.NodeTestTask.lambda$executeRecursively$7(NodeTestTask.java:129)
	at org.junit.platform.engine.support.hierarchical.Node.around(Node.java:137)
	at org.junit.platform.engine.support.hierarchical.NodeTestTask.lambda$executeRecursively$8(NodeTestTask.java:127)
	at org.junit.platform.engine.support.hierarchical.ThrowableCollector.execute(ThrowableCollector.java:73)
	at org.junit.platform.engine.support.hierarchical.NodeTestTask.executeRecursively(NodeTestTask.java:126)
	at org.junit.platform.engine.support.hierarchical.NodeTestTask.execute(NodeTestTask.java:84)
	at java.base/java.util.ArrayList.forEach(ArrayList.java:1511)
	at org.junit.platform.engine.support.hierarchical.SameThreadHierarchicalTestExecutorService.invokeAll(SameThreadHierarchicalTestExecutorService.java:38)
	at org.junit.platform.engine.support.hierarchical.NodeTestTask.lambda$executeRecursively$5(NodeTestTask.java:143)
	at org.junit.platform.engine.support.hierarchical.ThrowableCollector.execute(ThrowableCollector.java:73)
	at org.junit.platform.engine.support.hierarchical.NodeTestTask.lambda$executeRecursively$7(NodeTestTask.java:129)
	at org.junit.platform.engine.support.hierarchical.Node.around(Node.java:137)
	at org.junit.platform.engine.support.hierarchical.NodeTestTask.lambda$executeRecursively$8(NodeTestTask.java:127)
	at org.junit.platform.engine.support.hierarchical.ThrowableCollector.execute(ThrowableCollector.java:73)
	at org.junit.platform.engine.support.hierarchical.NodeTestTask.executeRecursively(NodeTestTask.java:126)
	at org.junit.platform.engine.support.hierarchical.NodeTestTask.execute(NodeTestTask.java:84)
	at org.junit.platform.engine.support.hierarchical.SameThreadHierarchicalTestExecutorService.submit(SameThreadHierarchicalTestExecutorService.java:32)
	at org.junit.platform.engine.support.hierarchical.HierarchicalTestExecutor.execute(HierarchicalTestExecutor.java:57)
	at org.junit.platform.engine.support.hierarchical.HierarchicalTestEngine.execute(HierarchicalTestEngine.java:51)
	at org.junit.platform.launcher.core.EngineExecutionOrchestrator.execute(EngineExecutionOrchestrator.java:108)
	at org.junit.platform.launcher.core.EngineExecutionOrchestrator.execute(EngineExecutionOrchestrator.java:88)
	at org.junit.platform.launcher.core.EngineExecutionOrchestrator.lambda$execute$0(EngineExecutionOrchestrator.java:54)
	at org.junit.platform.launcher.core.EngineExecutionOrchestrator.withInterceptedStreams(EngineExecutionOrchestrator.java:67)
	at org.junit.platform.launcher.core.EngineExecutionOrchestrator.execute(EngineExecutionOrchestrator.java:52)
	at org.junit.platform.launcher.core.DefaultLauncher.execute(DefaultLauncher.java:96)
	at org.junit.platform.launcher.core.DefaultLauncher.execute(DefaultLauncher.java:75)
	at org.junit.platform.console.tasks.ConsoleTestExecutor.executeTests(ConsoleTestExecutor.java:66)
	at org.junit.platform.console.tasks.ConsoleTestExecutor.lambda$execute$0(ConsoleTestExecutor.java:58)
	at org.junit.platform.console.tasks.CustomContextClassLoaderExecutor.replaceThreadContextClassLoaderAndInvoke(CustomContextClassLoaderExecutor.java:41)
	at org.junit.platform.console.tasks.CustomContextClassLoaderExecutor.invoke(CustomContextClassLoaderExecutor.java:31)
	at org.junit.platform.console.tasks.ConsoleTestExecutor.execute(ConsoleTestExecutor.java:58)
	at org.junit.platform.console.ConsoleLauncher.executeTests(ConsoleLauncher.java:95)
	at org.junit.platform.console.ConsoleLauncher.execute(ConsoleLauncher.java:73)
	at org.junit.platform.console.ConsoleLauncher.execute(ConsoleLauncher.java:50)
	at org.junit.platform.console.ConsoleLauncher.execute(ConsoleLauncher.java:43)
	at org.junit.platform.console.ConsoleLauncher.main(ConsoleLauncher.java:37)
]]></skipped>
<system-out><![CDATA[
unique-id: [engine:junit-jupiter]/[class:minebayd1.test.TestUser]/[test-template:testnext(minebayd1.User)]/[test-template-invocation:#46]
display-name: [46] Marc a 55 annonces ouvertes, 1 annonces fermées et 2 achats 

]]></system-out>
</testcase>
<testcase name="testnext(User)[47]" classname="minebayd1.test.TestUser" time="0.001">
<system-out><![CDATA[
unique-id: [engine:junit-jupiter]/[class:minebayd1.test.TestUser]/[test-template:testnext(minebayd1.User)]/[test-template-invocation:#47]
display-name: [47] Ismael a 59 annonces ouvertes, 1 annonces fermées et 3 achats 

]]></system-out>
</testcase>
<testcase name="testnext(User)[48]" classname="minebayd1.test.TestUser" time="0">
<system-out><![CDATA[
unique-id: [engine:junit-jupiter]/[class:minebayd1.test.TestUser]/[test-template:testnext(minebayd1.User)]/[test-template-invocation:#48]
display-name: [48] Ziad a 48 annonces ouvertes, 4 annonces fermées et 2 achats 

]]></system-out>
</testcase>
<testcase name="testnext(User)[49]" classname="minebayd1.test.TestUser" time="0">
<system-out><![CDATA[
unique-id: [engine:junit-jupiter]/[class:minebayd1.test.TestUser]/[test-template:testnext(minebayd1.User)]/[test-template-invocation:#49]
display-name: [49] Idir a 58 annonces ouvertes, 5 annonces fermées et 4 achats 

]]></system-out>
</testcase>
<testcase name="testnext(User)[50]" classname="minebayd1.test.TestUser" time="0">
<system-out><![CDATA[
unique-id: [engine:junit-jupiter]/[class:minebayd1.test.TestUser]/[test-template:testnext(minebayd1.User)]/[test-template-invocation:#50]
display-name: [50] Ayman a 53 annonces ouvertes, 4 annonces fermées et 4 achats 

]]></system-out>
</testcase>
<testcase name="testnext(User)[51]" classname="minebayd1.test.TestUser" time="0">
<skipped><![CDATA[org.opentest4j.TestAbortedException: Assumption failed: assumption is not true
	at org.junit.jupiter.api.Assumptions.throwTestAbortedException(Assumptions.java:256)
	at org.junit.jupiter.api.Assumptions.assumeTrue(Assumptions.java:115)
	at org.junit.jupiter.api.Assumptions.assumeTrue(Assumptions.java:66)
	at minebayd1.test.TestUser.testnext(TestUser.java:1137)
	at jdk.internal.reflect.GeneratedMethodAccessor10.invoke(Unknown Source)
	at java.base/jdk.internal.reflect.DelegatingMethodAccessorImpl.invoke(DelegatingMethodAccessorImpl.java:43)
	at java.base/java.lang.reflect.Method.invoke(Method.java:569)
	at org.junit.platform.commons.util.ReflectionUtils.invokeMethod(ReflectionUtils.java:688)
	at org.junit.jupiter.engine.execution.MethodInvocation.proceed(MethodInvocation.java:60)
	at org.junit.jupiter.engine.execution.InvocationInterceptorChain$ValidatingInvocation.proceed(InvocationInterceptorChain.java:131)
	at org.junit.jupiter.engine.extension.TimeoutExtension.intercept(TimeoutExtension.java:149)
	at org.junit.jupiter.engine.extension.TimeoutExtension.interceptTestableMethod(TimeoutExtension.java:140)
	at org.junit.jupiter.engine.extension.TimeoutExtension.interceptTestTemplateMethod(TimeoutExtension.java:92)
	at org.junit.jupiter.engine.execution.ExecutableInvoker$ReflectiveInterceptorCall.lambda$ofVoidMethod$0(ExecutableInvoker.java:115)
	at org.junit.jupiter.engine.execution.ExecutableInvoker.lambda$invoke$0(ExecutableInvoker.java:105)
	at org.junit.jupiter.engine.execution.InvocationInterceptorChain$InterceptedInvocation.proceed(InvocationInterceptorChain.java:106)
	at org.junit.jupiter.engine.execution.InvocationInterceptorChain.proceed(InvocationInterceptorChain.java:64)
	at org.junit.jupiter.engine.execution.InvocationInterceptorChain.chainAndInvoke(InvocationInterceptorChain.java:45)
	at org.junit.jupiter.engine.execution.InvocationInterceptorChain.invoke(InvocationInterceptorChain.java:37)
	at org.junit.jupiter.engine.execution.ExecutableInvoker.invoke(ExecutableInvoker.java:104)
	at org.junit.jupiter.engine.execution.ExecutableInvoker.invoke(ExecutableInvoker.java:98)
	at org.junit.jupiter.engine.descriptor.TestMethodTestDescriptor.lambda$invokeTestMethod$6(TestMethodTestDescriptor.java:210)
	at org.junit.platform.engine.support.hierarchical.ThrowableCollector.execute(ThrowableCollector.java:73)
	at org.junit.jupiter.engine.descriptor.TestMethodTestDescriptor.invokeTestMethod(TestMethodTestDescriptor.java:206)
	at org.junit.jupiter.engine.descriptor.TestMethodTestDescriptor.execute(TestMethodTestDescriptor.java:131)
	at org.junit.jupiter.engine.descriptor.TestMethodTestDescriptor.execute(TestMethodTestDescriptor.java:65)
	at org.junit.platform.engine.support.hierarchical.NodeTestTask.lambda$executeRecursively$5(NodeTestTask.java:139)
	at org.junit.platform.engine.support.hierarchical.ThrowableCollector.execute(ThrowableCollector.java:73)
	at org.junit.platform.engine.support.hierarchical.NodeTestTask.lambda$executeRecursively$7(NodeTestTask.java:129)
	at org.junit.platform.engine.support.hierarchical.Node.around(Node.java:137)
	at org.junit.platform.engine.support.hierarchical.NodeTestTask.lambda$executeRecursively$8(NodeTestTask.java:127)
	at org.junit.platform.engine.support.hierarchical.ThrowableCollector.execute(ThrowableCollector.java:73)
	at org.junit.platform.engine.support.hierarchical.NodeTestTask.executeRecursively(NodeTestTask.java:126)
	at org.junit.platform.engine.support.hierarchical.NodeTestTask.execute(NodeTestTask.java:84)
	at org.junit.platform.engine.support.hierarchical.SameThreadHierarchicalTestExecutorService.submit(SameThreadHierarchicalTestExecutorService.java:32)
	at org.junit.platform.engine.support.hierarchical.NodeTestTask$DefaultDynamicTestExecutor.execute(NodeTestTask.java:212)
	at org.junit.platform.engine.support.hierarchical.NodeTestTask$DefaultDynamicTestExecutor.execute(NodeTestTask.java:192)
	at org.junit.jupiter.engine.descriptor.TestTemplateTestDescriptor.execute(TestTemplateTestDescriptor.java:139)
	at org.junit.jupiter.engine.descriptor.TestTemplateTestDescriptor.lambda$execute$2(TestTemplateTestDescriptor.java:107)
	at java.base/java.util.stream.ForEachOps$ForEachOp$OfRef.accept(ForEachOps.java:183)
	at java.base/java.util.stream.ReferencePipeline$3$1.accept(ReferencePipeline.java:197)
	at java.base/java.util.stream.ReferencePipeline$2$1.accept(ReferencePipeline.java:179)
	at java.base/java.util.stream.ReferencePipeline$3$1.accept(ReferencePipeline.java:197)
	at java.base/java.util.stream.ForEachOps$ForEachOp$OfRef.accept(ForEachOps.java:183)
	at java.base/java.util.stream.ReferencePipeline$15$1.accept(ReferencePipeline.java:541)
	at java.base/java.util.stream.ReferencePipeline$3$1.accept(ReferencePipeline.java:197)
	at java.base/java.util.stream.ReferencePipeline$3$1.accept(ReferencePipeline.java:197)
	at java.base/java.util.stream.ReferencePipeline$3$1.accept(ReferencePipeline.java:197)
	at java.base/java.util.stream.ForEachOps$ForEachOp$OfRef.accept(ForEachOps.java:183)
	at java.base/java.util.stream.ReferencePipeline$3$1.accept(ReferencePipeline.java:197)
	at java.base/java.util.stream.ForEachOps$ForEachOp$OfRef.accept(ForEachOps.java:183)
	at java.base/java.util.stream.SliceOps$1$1.accept(SliceOps.java:200)
	at java.base/java.util.stream.StreamSpliterators$InfiniteSupplyingSpliterator$OfRef.tryAdvance(StreamSpliterators.java:1358)
	at java.base/java.util.stream.ReferencePipeline.forEachWithCancel(ReferencePipeline.java:129)
	at java.base/java.util.stream.AbstractPipeline.copyIntoWithCancel(AbstractPipeline.java:527)
	at java.base/java.util.stream.AbstractPipeline.copyInto(AbstractPipeline.java:513)
	at java.base/java.util.stream.AbstractPipeline.wrapAndCopyInto(AbstractPipeline.java:499)
	at java.base/java.util.stream.ForEachOps$ForEachOp.evaluateSequential(ForEachOps.java:150)
	at java.base/java.util.stream.ForEachOps$ForEachOp$OfRef.evaluateSequential(ForEachOps.java:173)
	at java.base/java.util.stream.AbstractPipeline.evaluate(AbstractPipeline.java:234)
	at java.base/java.util.stream.ReferencePipeline.forEach(ReferencePipeline.java:596)
	at java.base/java.util.stream.ReferencePipeline$7$1.accept(ReferencePipeline.java:276)
	at java.base/java.util.stream.ReferencePipeline$3$1.accept(ReferencePipeline.java:197)
	at java.base/java.util.stream.ReferencePipeline$3$1.accept(ReferencePipeline.java:197)
	at java.base/java.util.Spliterators$ArraySpliterator.forEachRemaining(Spliterators.java:992)
	at java.base/java.util.stream.AbstractPipeline.copyInto(AbstractPipeline.java:509)
	at java.base/java.util.stream.AbstractPipeline.wrapAndCopyInto(AbstractPipeline.java:499)
	at java.base/java.util.stream.ForEachOps$ForEachOp.evaluateSequential(ForEachOps.java:150)
	at java.base/java.util.stream.ForEachOps$ForEachOp$OfRef.evaluateSequential(ForEachOps.java:173)
	at java.base/java.util.stream.AbstractPipeline.evaluate(AbstractPipeline.java:234)
	at java.base/java.util.stream.ReferencePipeline.forEach(ReferencePipeline.java:596)
	at java.base/java.util.stream.ReferencePipeline$7$1.accept(ReferencePipeline.java:276)
	at java.base/java.util.stream.ReferencePipeline$3$1.accept(ReferencePipeline.java:197)
	at java.base/java.util.stream.ReferencePipeline$3$1.accept(ReferencePipeline.java:197)
	at java.base/java.util.stream.ReferencePipeline$3$1.accept(ReferencePipeline.java:197)
	at java.base/java.util.ArrayList$ArrayListSpliterator.forEachRemaining(ArrayList.java:1625)
	at java.base/java.util.stream.AbstractPipeline.copyInto(AbstractPipeline.java:509)
	at java.base/java.util.stream.AbstractPipeline.wrapAndCopyInto(AbstractPipeline.java:499)
	at java.base/java.util.stream.ForEachOps$ForEachOp.evaluateSequential(ForEachOps.java:150)
	at java.base/java.util.stream.ForEachOps$ForEachOp$OfRef.evaluateSequential(ForEachOps.java:173)
	at java.base/java.util.stream.AbstractPipeline.evaluate(AbstractPipeline.java:234)
	at java.base/java.util.stream.ReferencePipeline.forEach(ReferencePipeline.java:596)
	at java.base/java.util.stream.ReferencePipeline$7$1.accept(ReferencePipeline.java:276)
	at java.base/java.util.ArrayList$ArrayListSpliterator.forEachRemaining(ArrayList.java:1625)
	at java.base/java.util.stream.AbstractPipeline.copyInto(AbstractPipeline.java:509)
	at java.base/java.util.stream.AbstractPipeline.wrapAndCopyInto(AbstractPipeline.java:499)
	at java.base/java.util.stream.ForEachOps$ForEachOp.evaluateSequential(ForEachOps.java:150)
	at java.base/java.util.stream.ForEachOps$ForEachOp$OfRef.evaluateSequential(ForEachOps.java:173)
	at java.base/java.util.stream.AbstractPipeline.evaluate(AbstractPipeline.java:234)
	at java.base/java.util.stream.ReferencePipeline.forEach(ReferencePipeline.java:596)
	at org.junit.jupiter.engine.descriptor.TestTemplateTestDescriptor.execute(TestTemplateTestDescriptor.java:107)
	at org.junit.jupiter.engine.descriptor.TestTemplateTestDescriptor.execute(TestTemplateTestDescriptor.java:42)
	at org.junit.platform.engine.support.hierarchical.NodeTestTask.lambda$executeRecursively$5(NodeTestTask.java:139)
	at org.junit.platform.engine.support.hierarchical.ThrowableCollector.execute(ThrowableCollector.java:73)
	at org.junit.platform.engine.support.hierarchical.NodeTestTask.lambda$executeRecursively$7(NodeTestTask.java:129)
	at org.junit.platform.engine.support.hierarchical.Node.around(Node.java:137)
	at org.junit.platform.engine.support.hierarchical.NodeTestTask.lambda$executeRecursively$8(NodeTestTask.java:127)
	at org.junit.platform.engine.support.hierarchical.ThrowableCollector.execute(ThrowableCollector.java:73)
	at org.junit.platform.engine.support.hierarchical.NodeTestTask.executeRecursively(NodeTestTask.java:126)
	at org.junit.platform.engine.support.hierarchical.NodeTestTask.execute(NodeTestTask.java:84)
	at java.base/java.util.ArrayList.forEach(ArrayList.java:1511)
	at org.junit.platform.engine.support.hierarchical.SameThreadHierarchicalTestExecutorService.invokeAll(SameThreadHierarchicalTestExecutorService.java:38)
	at org.junit.platform.engine.support.hierarchical.NodeTestTask.lambda$executeRecursively$5(NodeTestTask.java:143)
	at org.junit.platform.engine.support.hierarchical.ThrowableCollector.execute(ThrowableCollector.java:73)
	at org.junit.platform.engine.support.hierarchical.NodeTestTask.lambda$executeRecursively$7(NodeTestTask.java:129)
	at org.junit.platform.engine.support.hierarchical.Node.around(Node.java:137)
	at org.junit.platform.engine.support.hierarchical.NodeTestTask.lambda$executeRecursively$8(NodeTestTask.java:127)
	at org.junit.platform.engine.support.hierarchical.ThrowableCollector.execute(ThrowableCollector.java:73)
	at org.junit.platform.engine.support.hierarchical.NodeTestTask.executeRecursively(NodeTestTask.java:126)
	at org.junit.platform.engine.support.hierarchical.NodeTestTask.execute(NodeTestTask.java:84)
	at java.base/java.util.ArrayList.forEach(ArrayList.java:1511)
	at org.junit.platform.engine.support.hierarchical.SameThreadHierarchicalTestExecutorService.invokeAll(SameThreadHierarchicalTestExecutorService.java:38)
	at org.junit.platform.engine.support.hierarchical.NodeTestTask.lambda$executeRecursively$5(NodeTestTask.java:143)
	at org.junit.platform.engine.support.hierarchical.ThrowableCollector.execute(ThrowableCollector.java:73)
	at org.junit.platform.engine.support.hierarchical.NodeTestTask.lambda$executeRecursively$7(NodeTestTask.java:129)
	at org.junit.platform.engine.support.hierarchical.Node.around(Node.java:137)
	at org.junit.platform.engine.support.hierarchical.NodeTestTask.lambda$executeRecursively$8(NodeTestTask.java:127)
	at org.junit.platform.engine.support.hierarchical.ThrowableCollector.execute(ThrowableCollector.java:73)
	at org.junit.platform.engine.support.hierarchical.NodeTestTask.executeRecursively(NodeTestTask.java:126)
	at org.junit.platform.engine.support.hierarchical.NodeTestTask.execute(NodeTestTask.java:84)
	at org.junit.platform.engine.support.hierarchical.SameThreadHierarchicalTestExecutorService.submit(SameThreadHierarchicalTestExecutorService.java:32)
	at org.junit.platform.engine.support.hierarchical.HierarchicalTestExecutor.execute(HierarchicalTestExecutor.java:57)
	at org.junit.platform.engine.support.hierarchical.HierarchicalTestEngine.execute(HierarchicalTestEngine.java:51)
	at org.junit.platform.launcher.core.EngineExecutionOrchestrator.execute(EngineExecutionOrchestrator.java:108)
	at org.junit.platform.launcher.core.EngineExecutionOrchestrator.execute(EngineExecutionOrchestrator.java:88)
	at org.junit.platform.launcher.core.EngineExecutionOrchestrator.lambda$execute$0(EngineExecutionOrchestrator.java:54)
	at org.junit.platform.launcher.core.EngineExecutionOrchestrator.withInterceptedStreams(EngineExecutionOrchestrator.java:67)
	at org.junit.platform.launcher.core.EngineExecutionOrchestrator.execute(EngineExecutionOrchestrator.java:52)
	at org.junit.platform.launcher.core.DefaultLauncher.execute(DefaultLauncher.java:96)
	at org.junit.platform.launcher.core.DefaultLauncher.execute(DefaultLauncher.java:75)
	at org.junit.platform.console.tasks.ConsoleTestExecutor.executeTests(ConsoleTestExecutor.java:66)
	at org.junit.platform.console.tasks.ConsoleTestExecutor.lambda$execute$0(ConsoleTestExecutor.java:58)
	at org.junit.platform.console.tasks.CustomContextClassLoaderExecutor.replaceThreadContextClassLoaderAndInvoke(CustomContextClassLoaderExecutor.java:41)
	at org.junit.platform.console.tasks.CustomContextClassLoaderExecutor.invoke(CustomContextClassLoaderExecutor.java:31)
	at org.junit.platform.console.tasks.ConsoleTestExecutor.execute(ConsoleTestExecutor.java:58)
	at org.junit.platform.console.ConsoleLauncher.executeTests(ConsoleLauncher.java:95)
	at org.junit.platform.console.ConsoleLauncher.execute(ConsoleLauncher.java:73)
	at org.junit.platform.console.ConsoleLauncher.execute(ConsoleLauncher.java:50)
	at org.junit.platform.console.ConsoleLauncher.execute(ConsoleLauncher.java:43)
	at org.junit.platform.console.ConsoleLauncher.main(ConsoleLauncher.java:37)
]]></skipped>
<system-out><![CDATA[
unique-id: [engine:junit-jupiter]/[class:minebayd1.test.TestUser]/[test-template:testnext(minebayd1.User)]/[test-template-invocation:#51]
display-name: [51] Rosa a 40 annonces ouvertes, 4 annonces fermées et 2 achats 

]]></system-out>
</testcase>
<testcase name="testnext(User)[52]" classname="minebayd1.test.TestUser" time="0">
<system-out><![CDATA[
unique-id: [engine:junit-jupiter]/[class:minebayd1.test.TestUser]/[test-template:testnext(minebayd1.User)]/[test-template-invocation:#52]
display-name: [52] Ali a 57 annonces ouvertes, 6 annonces fermées et 3 achats 

]]></system-out>
</testcase>
<testcase name="testnext(User)[53]" classname="minebayd1.test.TestUser" time="0">
<skipped><![CDATA[org.opentest4j.TestAbortedException: Assumption failed: assumption is not true
	at org.junit.jupiter.api.Assumptions.throwTestAbortedException(Assumptions.java:256)
	at org.junit.jupiter.api.Assumptions.assumeTrue(Assumptions.java:115)
	at org.junit.jupiter.api.Assumptions.assumeTrue(Assumptions.java:66)
	at minebayd1.test.TestUser.testnext(TestUser.java:1137)
	at jdk.internal.reflect.GeneratedMethodAccessor10.invoke(Unknown Source)
	at java.base/jdk.internal.reflect.DelegatingMethodAccessorImpl.invoke(DelegatingMethodAccessorImpl.java:43)
	at java.base/java.lang.reflect.Method.invoke(Method.java:569)
	at org.junit.platform.commons.util.ReflectionUtils.invokeMethod(ReflectionUtils.java:688)
	at org.junit.jupiter.engine.execution.MethodInvocation.proceed(MethodInvocation.java:60)
	at org.junit.jupiter.engine.execution.InvocationInterceptorChain$ValidatingInvocation.proceed(InvocationInterceptorChain.java:131)
	at org.junit.jupiter.engine.extension.TimeoutExtension.intercept(TimeoutExtension.java:149)
	at org.junit.jupiter.engine.extension.TimeoutExtension.interceptTestableMethod(TimeoutExtension.java:140)
	at org.junit.jupiter.engine.extension.TimeoutExtension.interceptTestTemplateMethod(TimeoutExtension.java:92)
	at org.junit.jupiter.engine.execution.ExecutableInvoker$ReflectiveInterceptorCall.lambda$ofVoidMethod$0(ExecutableInvoker.java:115)
	at org.junit.jupiter.engine.execution.ExecutableInvoker.lambda$invoke$0(ExecutableInvoker.java:105)
	at org.junit.jupiter.engine.execution.InvocationInterceptorChain$InterceptedInvocation.proceed(InvocationInterceptorChain.java:106)
	at org.junit.jupiter.engine.execution.InvocationInterceptorChain.proceed(InvocationInterceptorChain.java:64)
	at org.junit.jupiter.engine.execution.InvocationInterceptorChain.chainAndInvoke(InvocationInterceptorChain.java:45)
	at org.junit.jupiter.engine.execution.InvocationInterceptorChain.invoke(InvocationInterceptorChain.java:37)
	at org.junit.jupiter.engine.execution.ExecutableInvoker.invoke(ExecutableInvoker.java:104)
	at org.junit.jupiter.engine.execution.ExecutableInvoker.invoke(ExecutableInvoker.java:98)
	at org.junit.jupiter.engine.descriptor.TestMethodTestDescriptor.lambda$invokeTestMethod$6(TestMethodTestDescriptor.java:210)
	at org.junit.platform.engine.support.hierarchical.ThrowableCollector.execute(ThrowableCollector.java:73)
	at org.junit.jupiter.engine.descriptor.TestMethodTestDescriptor.invokeTestMethod(TestMethodTestDescriptor.java:206)
	at org.junit.jupiter.engine.descriptor.TestMethodTestDescriptor.execute(TestMethodTestDescriptor.java:131)
	at org.junit.jupiter.engine.descriptor.TestMethodTestDescriptor.execute(TestMethodTestDescriptor.java:65)
	at org.junit.platform.engine.support.hierarchical.NodeTestTask.lambda$executeRecursively$5(NodeTestTask.java:139)
	at org.junit.platform.engine.support.hierarchical.ThrowableCollector.execute(ThrowableCollector.java:73)
	at org.junit.platform.engine.support.hierarchical.NodeTestTask.lambda$executeRecursively$7(NodeTestTask.java:129)
	at org.junit.platform.engine.support.hierarchical.Node.around(Node.java:137)
	at org.junit.platform.engine.support.hierarchical.NodeTestTask.lambda$executeRecursively$8(NodeTestTask.java:127)
	at org.junit.platform.engine.support.hierarchical.ThrowableCollector.execute(ThrowableCollector.java:73)
	at org.junit.platform.engine.support.hierarchical.NodeTestTask.executeRecursively(NodeTestTask.java:126)
	at org.junit.platform.engine.support.hierarchical.NodeTestTask.execute(NodeTestTask.java:84)
	at org.junit.platform.engine.support.hierarchical.SameThreadHierarchicalTestExecutorService.submit(SameThreadHierarchicalTestExecutorService.java:32)
	at org.junit.platform.engine.support.hierarchical.NodeTestTask$DefaultDynamicTestExecutor.execute(NodeTestTask.java:212)
	at org.junit.platform.engine.support.hierarchical.NodeTestTask$DefaultDynamicTestExecutor.execute(NodeTestTask.java:192)
	at org.junit.jupiter.engine.descriptor.TestTemplateTestDescriptor.execute(TestTemplateTestDescriptor.java:139)
	at org.junit.jupiter.engine.descriptor.TestTemplateTestDescriptor.lambda$execute$2(TestTemplateTestDescriptor.java:107)
	at java.base/java.util.stream.ForEachOps$ForEachOp$OfRef.accept(ForEachOps.java:183)
	at java.base/java.util.stream.ReferencePipeline$3$1.accept(ReferencePipeline.java:197)
	at java.base/java.util.stream.ReferencePipeline$2$1.accept(ReferencePipeline.java:179)
	at java.base/java.util.stream.ReferencePipeline$3$1.accept(ReferencePipeline.java:197)
	at java.base/java.util.stream.ForEachOps$ForEachOp$OfRef.accept(ForEachOps.java:183)
	at java.base/java.util.stream.ReferencePipeline$15$1.accept(ReferencePipeline.java:541)
	at java.base/java.util.stream.ReferencePipeline$3$1.accept(ReferencePipeline.java:197)
	at java.base/java.util.stream.ReferencePipeline$3$1.accept(ReferencePipeline.java:197)
	at java.base/java.util.stream.ReferencePipeline$3$1.accept(ReferencePipeline.java:197)
	at java.base/java.util.stream.ForEachOps$ForEachOp$OfRef.accept(ForEachOps.java:183)
	at java.base/java.util.stream.ReferencePipeline$3$1.accept(ReferencePipeline.java:197)
	at java.base/java.util.stream.ForEachOps$ForEachOp$OfRef.accept(ForEachOps.java:183)
	at java.base/java.util.stream.SliceOps$1$1.accept(SliceOps.java:200)
	at java.base/java.util.stream.StreamSpliterators$InfiniteSupplyingSpliterator$OfRef.tryAdvance(StreamSpliterators.java:1358)
	at java.base/java.util.stream.ReferencePipeline.forEachWithCancel(ReferencePipeline.java:129)
	at java.base/java.util.stream.AbstractPipeline.copyIntoWithCancel(AbstractPipeline.java:527)
	at java.base/java.util.stream.AbstractPipeline.copyInto(AbstractPipeline.java:513)
	at java.base/java.util.stream.AbstractPipeline.wrapAndCopyInto(AbstractPipeline.java:499)
	at java.base/java.util.stream.ForEachOps$ForEachOp.evaluateSequential(ForEachOps.java:150)
	at java.base/java.util.stream.ForEachOps$ForEachOp$OfRef.evaluateSequential(ForEachOps.java:173)
	at java.base/java.util.stream.AbstractPipeline.evaluate(AbstractPipeline.java:234)
	at java.base/java.util.stream.ReferencePipeline.forEach(ReferencePipeline.java:596)
	at java.base/java.util.stream.ReferencePipeline$7$1.accept(ReferencePipeline.java:276)
	at java.base/java.util.stream.ReferencePipeline$3$1.accept(ReferencePipeline.java:197)
	at java.base/java.util.stream.ReferencePipeline$3$1.accept(ReferencePipeline.java:197)
	at java.base/java.util.Spliterators$ArraySpliterator.forEachRemaining(Spliterators.java:992)
	at java.base/java.util.stream.AbstractPipeline.copyInto(AbstractPipeline.java:509)
	at java.base/java.util.stream.AbstractPipeline.wrapAndCopyInto(AbstractPipeline.java:499)
	at java.base/java.util.stream.ForEachOps$ForEachOp.evaluateSequential(ForEachOps.java:150)
	at java.base/java.util.stream.ForEachOps$ForEachOp$OfRef.evaluateSequential(ForEachOps.java:173)
	at java.base/java.util.stream.AbstractPipeline.evaluate(AbstractPipeline.java:234)
	at java.base/java.util.stream.ReferencePipeline.forEach(ReferencePipeline.java:596)
	at java.base/java.util.stream.ReferencePipeline$7$1.accept(ReferencePipeline.java:276)
	at java.base/java.util.stream.ReferencePipeline$3$1.accept(ReferencePipeline.java:197)
	at java.base/java.util.stream.ReferencePipeline$3$1.accept(ReferencePipeline.java:197)
	at java.base/java.util.stream.ReferencePipeline$3$1.accept(ReferencePipeline.java:197)
	at java.base/java.util.ArrayList$ArrayListSpliterator.forEachRemaining(ArrayList.java:1625)
	at java.base/java.util.stream.AbstractPipeline.copyInto(AbstractPipeline.java:509)
	at java.base/java.util.stream.AbstractPipeline.wrapAndCopyInto(AbstractPipeline.java:499)
	at java.base/java.util.stream.ForEachOps$ForEachOp.evaluateSequential(ForEachOps.java:150)
	at java.base/java.util.stream.ForEachOps$ForEachOp$OfRef.evaluateSequential(ForEachOps.java:173)
	at java.base/java.util.stream.AbstractPipeline.evaluate(AbstractPipeline.java:234)
	at java.base/java.util.stream.ReferencePipeline.forEach(ReferencePipeline.java:596)
	at java.base/java.util.stream.ReferencePipeline$7$1.accept(ReferencePipeline.java:276)
	at java.base/java.util.ArrayList$ArrayListSpliterator.forEachRemaining(ArrayList.java:1625)
	at java.base/java.util.stream.AbstractPipeline.copyInto(AbstractPipeline.java:509)
	at java.base/java.util.stream.AbstractPipeline.wrapAndCopyInto(AbstractPipeline.java:499)
	at java.base/java.util.stream.ForEachOps$ForEachOp.evaluateSequential(ForEachOps.java:150)
	at java.base/java.util.stream.ForEachOps$ForEachOp$OfRef.evaluateSequential(ForEachOps.java:173)
	at java.base/java.util.stream.AbstractPipeline.evaluate(AbstractPipeline.java:234)
	at java.base/java.util.stream.ReferencePipeline.forEach(ReferencePipeline.java:596)
	at org.junit.jupiter.engine.descriptor.TestTemplateTestDescriptor.execute(TestTemplateTestDescriptor.java:107)
	at org.junit.jupiter.engine.descriptor.TestTemplateTestDescriptor.execute(TestTemplateTestDescriptor.java:42)
	at org.junit.platform.engine.support.hierarchical.NodeTestTask.lambda$executeRecursively$5(NodeTestTask.java:139)
	at org.junit.platform.engine.support.hierarchical.ThrowableCollector.execute(ThrowableCollector.java:73)
	at org.junit.platform.engine.support.hierarchical.NodeTestTask.lambda$executeRecursively$7(NodeTestTask.java:129)
	at org.junit.platform.engine.support.hierarchical.Node.around(Node.java:137)
	at org.junit.platform.engine.support.hierarchical.NodeTestTask.lambda$executeRecursively$8(NodeTestTask.java:127)
	at org.junit.platform.engine.support.hierarchical.ThrowableCollector.execute(ThrowableCollector.java:73)
	at org.junit.platform.engine.support.hierarchical.NodeTestTask.executeRecursively(NodeTestTask.java:126)
	at org.junit.platform.engine.support.hierarchical.NodeTestTask.execute(NodeTestTask.java:84)
	at java.base/java.util.ArrayList.forEach(ArrayList.java:1511)
	at org.junit.platform.engine.support.hierarchical.SameThreadHierarchicalTestExecutorService.invokeAll(SameThreadHierarchicalTestExecutorService.java:38)
	at org.junit.platform.engine.support.hierarchical.NodeTestTask.lambda$executeRecursively$5(NodeTestTask.java:143)
	at org.junit.platform.engine.support.hierarchical.ThrowableCollector.execute(ThrowableCollector.java:73)
	at org.junit.platform.engine.support.hierarchical.NodeTestTask.lambda$executeRecursively$7(NodeTestTask.java:129)
	at org.junit.platform.engine.support.hierarchical.Node.around(Node.java:137)
	at org.junit.platform.engine.support.hierarchical.NodeTestTask.lambda$executeRecursively$8(NodeTestTask.java:127)
	at org.junit.platform.engine.support.hierarchical.ThrowableCollector.execute(ThrowableCollector.java:73)
	at org.junit.platform.engine.support.hierarchical.NodeTestTask.executeRecursively(NodeTestTask.java:126)
	at org.junit.platform.engine.support.hierarchical.NodeTestTask.execute(NodeTestTask.java:84)
	at java.base/java.util.ArrayList.forEach(ArrayList.java:1511)
	at org.junit.platform.engine.support.hierarchical.SameThreadHierarchicalTestExecutorService.invokeAll(SameThreadHierarchicalTestExecutorService.java:38)
	at org.junit.platform.engine.support.hierarchical.NodeTestTask.lambda$executeRecursively$5(NodeTestTask.java:143)
	at org.junit.platform.engine.support.hierarchical.ThrowableCollector.execute(ThrowableCollector.java:73)
	at org.junit.platform.engine.support.hierarchical.NodeTestTask.lambda$executeRecursively$7(NodeTestTask.java:129)
	at org.junit.platform.engine.support.hierarchical.Node.around(Node.java:137)
	at org.junit.platform.engine.support.hierarchical.NodeTestTask.lambda$executeRecursively$8(NodeTestTask.java:127)
	at org.junit.platform.engine.support.hierarchical.ThrowableCollector.execute(ThrowableCollector.java:73)
	at org.junit.platform.engine.support.hierarchical.NodeTestTask.executeRecursively(NodeTestTask.java:126)
	at org.junit.platform.engine.support.hierarchical.NodeTestTask.execute(NodeTestTask.java:84)
	at org.junit.platform.engine.support.hierarchical.SameThreadHierarchicalTestExecutorService.submit(SameThreadHierarchicalTestExecutorService.java:32)
	at org.junit.platform.engine.support.hierarchical.HierarchicalTestExecutor.execute(HierarchicalTestExecutor.java:57)
	at org.junit.platform.engine.support.hierarchical.HierarchicalTestEngine.execute(HierarchicalTestEngine.java:51)
	at org.junit.platform.launcher.core.EngineExecutionOrchestrator.execute(EngineExecutionOrchestrator.java:108)
	at org.junit.platform.launcher.core.EngineExecutionOrchestrator.execute(EngineExecutionOrchestrator.java:88)
	at org.junit.platform.launcher.core.EngineExecutionOrchestrator.lambda$execute$0(EngineExecutionOrchestrator.java:54)
	at org.junit.platform.launcher.core.EngineExecutionOrchestrator.withInterceptedStreams(EngineExecutionOrchestrator.java:67)
	at org.junit.platform.launcher.core.EngineExecutionOrchestrator.execute(EngineExecutionOrchestrator.java:52)
	at org.junit.platform.launcher.core.DefaultLauncher.execute(DefaultLauncher.java:96)
	at org.junit.platform.launcher.core.DefaultLauncher.execute(DefaultLauncher.java:75)
	at org.junit.platform.console.tasks.ConsoleTestExecutor.executeTests(ConsoleTestExecutor.java:66)
	at org.junit.platform.console.tasks.ConsoleTestExecutor.lambda$execute$0(ConsoleTestExecutor.java:58)
	at org.junit.platform.console.tasks.CustomContextClassLoaderExecutor.replaceThreadContextClassLoaderAndInvoke(CustomContextClassLoaderExecutor.java:41)
	at org.junit.platform.console.tasks.CustomContextClassLoaderExecutor.invoke(CustomContextClassLoaderExecutor.java:31)
	at org.junit.platform.console.tasks.ConsoleTestExecutor.execute(ConsoleTestExecutor.java:58)
	at org.junit.platform.console.ConsoleLauncher.executeTests(ConsoleLauncher.java:95)
	at org.junit.platform.console.ConsoleLauncher.execute(ConsoleLauncher.java:73)
	at org.junit.platform.console.ConsoleLauncher.execute(ConsoleLauncher.java:50)
	at org.junit.platform.console.ConsoleLauncher.execute(ConsoleLauncher.java:43)
	at org.junit.platform.console.ConsoleLauncher.main(ConsoleLauncher.java:37)
]]></skipped>
<system-out><![CDATA[
unique-id: [engine:junit-jupiter]/[class:minebayd1.test.TestUser]/[test-template:testnext(minebayd1.User)]/[test-template-invocation:#53]
display-name: [53] Lyes a 65 annonces ouvertes, 1 annonces fermées et 3 achats 

]]></system-out>
</testcase>
<testcase name="testnext(User)[54]" classname="minebayd1.test.TestUser" time="0.001">
<system-out><![CDATA[
unique-id: [engine:junit-jupiter]/[class:minebayd1.test.TestUser]/[test-template:testnext(minebayd1.User)]/[test-template-invocation:#54]
display-name: [54] Ismael a 59 annonces ouvertes, 1 annonces fermées et 3 achats 

]]></system-out>
</testcase>
<testcase name="testnext(User)[55]" classname="minebayd1.test.TestUser" time="0">
<system-out><![CDATA[
unique-id: [engine:junit-jupiter]/[class:minebayd1.test.TestUser]/[test-template:testnext(minebayd1.User)]/[test-template-invocation:#55]
display-name: [55] Aliou a 50 annonces ouvertes, 3 annonces fermées et 2 achats 

]]></system-out>
</testcase>
<testcase name="testnext(User)[56]" classname="minebayd1.test.TestUser" time="0">
<skipped><![CDATA[org.opentest4j.TestAbortedException: Assumption failed: assumption is not true
	at org.junit.jupiter.api.Assumptions.throwTestAbortedException(Assumptions.java:256)
	at org.junit.jupiter.api.Assumptions.assumeTrue(Assumptions.java:115)
	at org.junit.jupiter.api.Assumptions.assumeTrue(Assumptions.java:66)
	at minebayd1.test.TestUser.testnext(TestUser.java:1137)
	at jdk.internal.reflect.GeneratedMethodAccessor10.invoke(Unknown Source)
	at java.base/jdk.internal.reflect.DelegatingMethodAccessorImpl.invoke(DelegatingMethodAccessorImpl.java:43)
	at java.base/java.lang.reflect.Method.invoke(Method.java:569)
	at org.junit.platform.commons.util.ReflectionUtils.invokeMethod(ReflectionUtils.java:688)
	at org.junit.jupiter.engine.execution.MethodInvocation.proceed(MethodInvocation.java:60)
	at org.junit.jupiter.engine.execution.InvocationInterceptorChain$ValidatingInvocation.proceed(InvocationInterceptorChain.java:131)
	at org.junit.jupiter.engine.extension.TimeoutExtension.intercept(TimeoutExtension.java:149)
	at org.junit.jupiter.engine.extension.TimeoutExtension.interceptTestableMethod(TimeoutExtension.java:140)
	at org.junit.jupiter.engine.extension.TimeoutExtension.interceptTestTemplateMethod(TimeoutExtension.java:92)
	at org.junit.jupiter.engine.execution.ExecutableInvoker$ReflectiveInterceptorCall.lambda$ofVoidMethod$0(ExecutableInvoker.java:115)
	at org.junit.jupiter.engine.execution.ExecutableInvoker.lambda$invoke$0(ExecutableInvoker.java:105)
	at org.junit.jupiter.engine.execution.InvocationInterceptorChain$InterceptedInvocation.proceed(InvocationInterceptorChain.java:106)
	at org.junit.jupiter.engine.execution.InvocationInterceptorChain.proceed(InvocationInterceptorChain.java:64)
	at org.junit.jupiter.engine.execution.InvocationInterceptorChain.chainAndInvoke(InvocationInterceptorChain.java:45)
	at org.junit.jupiter.engine.execution.InvocationInterceptorChain.invoke(InvocationInterceptorChain.java:37)
	at org.junit.jupiter.engine.execution.ExecutableInvoker.invoke(ExecutableInvoker.java:104)
	at org.junit.jupiter.engine.execution.ExecutableInvoker.invoke(ExecutableInvoker.java:98)
	at org.junit.jupiter.engine.descriptor.TestMethodTestDescriptor.lambda$invokeTestMethod$6(TestMethodTestDescriptor.java:210)
	at org.junit.platform.engine.support.hierarchical.ThrowableCollector.execute(ThrowableCollector.java:73)
	at org.junit.jupiter.engine.descriptor.TestMethodTestDescriptor.invokeTestMethod(TestMethodTestDescriptor.java:206)
	at org.junit.jupiter.engine.descriptor.TestMethodTestDescriptor.execute(TestMethodTestDescriptor.java:131)
	at org.junit.jupiter.engine.descriptor.TestMethodTestDescriptor.execute(TestMethodTestDescriptor.java:65)
	at org.junit.platform.engine.support.hierarchical.NodeTestTask.lambda$executeRecursively$5(NodeTestTask.java:139)
	at org.junit.platform.engine.support.hierarchical.ThrowableCollector.execute(ThrowableCollector.java:73)
	at org.junit.platform.engine.support.hierarchical.NodeTestTask.lambda$executeRecursively$7(NodeTestTask.java:129)
	at org.junit.platform.engine.support.hierarchical.Node.around(Node.java:137)
	at org.junit.platform.engine.support.hierarchical.NodeTestTask.lambda$executeRecursively$8(NodeTestTask.java:127)
	at org.junit.platform.engine.support.hierarchical.ThrowableCollector.execute(ThrowableCollector.java:73)
	at org.junit.platform.engine.support.hierarchical.NodeTestTask.executeRecursively(NodeTestTask.java:126)
	at org.junit.platform.engine.support.hierarchical.NodeTestTask.execute(NodeTestTask.java:84)
	at org.junit.platform.engine.support.hierarchical.SameThreadHierarchicalTestExecutorService.submit(SameThreadHierarchicalTestExecutorService.java:32)
	at org.junit.platform.engine.support.hierarchical.NodeTestTask$DefaultDynamicTestExecutor.execute(NodeTestTask.java:212)
	at org.junit.platform.engine.support.hierarchical.NodeTestTask$DefaultDynamicTestExecutor.execute(NodeTestTask.java:192)
	at org.junit.jupiter.engine.descriptor.TestTemplateTestDescriptor.execute(TestTemplateTestDescriptor.java:139)
	at org.junit.jupiter.engine.descriptor.TestTemplateTestDescriptor.lambda$execute$2(TestTemplateTestDescriptor.java:107)
	at java.base/java.util.stream.ForEachOps$ForEachOp$OfRef.accept(ForEachOps.java:183)
	at java.base/java.util.stream.ReferencePipeline$3$1.accept(ReferencePipeline.java:197)
	at java.base/java.util.stream.ReferencePipeline$2$1.accept(ReferencePipeline.java:179)
	at java.base/java.util.stream.ReferencePipeline$3$1.accept(ReferencePipeline.java:197)
	at java.base/java.util.stream.ForEachOps$ForEachOp$OfRef.accept(ForEachOps.java:183)
	at java.base/java.util.stream.ReferencePipeline$15$1.accept(ReferencePipeline.java:541)
	at java.base/java.util.stream.ReferencePipeline$3$1.accept(ReferencePipeline.java:197)
	at java.base/java.util.stream.ReferencePipeline$3$1.accept(ReferencePipeline.java:197)
	at java.base/java.util.stream.ReferencePipeline$3$1.accept(ReferencePipeline.java:197)
	at java.base/java.util.stream.ForEachOps$ForEachOp$OfRef.accept(ForEachOps.java:183)
	at java.base/java.util.stream.ReferencePipeline$3$1.accept(ReferencePipeline.java:197)
	at java.base/java.util.stream.ForEachOps$ForEachOp$OfRef.accept(ForEachOps.java:183)
	at java.base/java.util.stream.SliceOps$1$1.accept(SliceOps.java:200)
	at java.base/java.util.stream.StreamSpliterators$InfiniteSupplyingSpliterator$OfRef.tryAdvance(StreamSpliterators.java:1358)
	at java.base/java.util.stream.ReferencePipeline.forEachWithCancel(ReferencePipeline.java:129)
	at java.base/java.util.stream.AbstractPipeline.copyIntoWithCancel(AbstractPipeline.java:527)
	at java.base/java.util.stream.AbstractPipeline.copyInto(AbstractPipeline.java:513)
	at java.base/java.util.stream.AbstractPipeline.wrapAndCopyInto(AbstractPipeline.java:499)
	at java.base/java.util.stream.ForEachOps$ForEachOp.evaluateSequential(ForEachOps.java:150)
	at java.base/java.util.stream.ForEachOps$ForEachOp$OfRef.evaluateSequential(ForEachOps.java:173)
	at java.base/java.util.stream.AbstractPipeline.evaluate(AbstractPipeline.java:234)
	at java.base/java.util.stream.ReferencePipeline.forEach(ReferencePipeline.java:596)
	at java.base/java.util.stream.ReferencePipeline$7$1.accept(ReferencePipeline.java:276)
	at java.base/java.util.stream.ReferencePipeline$3$1.accept(ReferencePipeline.java:197)
	at java.base/java.util.stream.ReferencePipeline$3$1.accept(ReferencePipeline.java:197)
	at java.base/java.util.Spliterators$ArraySpliterator.forEachRemaining(Spliterators.java:992)
	at java.base/java.util.stream.AbstractPipeline.copyInto(AbstractPipeline.java:509)
	at java.base/java.util.stream.AbstractPipeline.wrapAndCopyInto(AbstractPipeline.java:499)
	at java.base/java.util.stream.ForEachOps$ForEachOp.evaluateSequential(ForEachOps.java:150)
	at java.base/java.util.stream.ForEachOps$ForEachOp$OfRef.evaluateSequential(ForEachOps.java:173)
	at java.base/java.util.stream.AbstractPipeline.evaluate(AbstractPipeline.java:234)
	at java.base/java.util.stream.ReferencePipeline.forEach(ReferencePipeline.java:596)
	at java.base/java.util.stream.ReferencePipeline$7$1.accept(ReferencePipeline.java:276)
	at java.base/java.util.stream.ReferencePipeline$3$1.accept(ReferencePipeline.java:197)
	at java.base/java.util.stream.ReferencePipeline$3$1.accept(ReferencePipeline.java:197)
	at java.base/java.util.stream.ReferencePipeline$3$1.accept(ReferencePipeline.java:197)
	at java.base/java.util.ArrayList$ArrayListSpliterator.forEachRemaining(ArrayList.java:1625)
	at java.base/java.util.stream.AbstractPipeline.copyInto(AbstractPipeline.java:509)
	at java.base/java.util.stream.AbstractPipeline.wrapAndCopyInto(AbstractPipeline.java:499)
	at java.base/java.util.stream.ForEachOps$ForEachOp.evaluateSequential(ForEachOps.java:150)
	at java.base/java.util.stream.ForEachOps$ForEachOp$OfRef.evaluateSequential(ForEachOps.java:173)
	at java.base/java.util.stream.AbstractPipeline.evaluate(AbstractPipeline.java:234)
	at java.base/java.util.stream.ReferencePipeline.forEach(ReferencePipeline.java:596)
	at java.base/java.util.stream.ReferencePipeline$7$1.accept(ReferencePipeline.java:276)
	at java.base/java.util.ArrayList$ArrayListSpliterator.forEachRemaining(ArrayList.java:1625)
	at java.base/java.util.stream.AbstractPipeline.copyInto(AbstractPipeline.java:509)
	at java.base/java.util.stream.AbstractPipeline.wrapAndCopyInto(AbstractPipeline.java:499)
	at java.base/java.util.stream.ForEachOps$ForEachOp.evaluateSequential(ForEachOps.java:150)
	at java.base/java.util.stream.ForEachOps$ForEachOp$OfRef.evaluateSequential(ForEachOps.java:173)
	at java.base/java.util.stream.AbstractPipeline.evaluate(AbstractPipeline.java:234)
	at java.base/java.util.stream.ReferencePipeline.forEach(ReferencePipeline.java:596)
	at org.junit.jupiter.engine.descriptor.TestTemplateTestDescriptor.execute(TestTemplateTestDescriptor.java:107)
	at org.junit.jupiter.engine.descriptor.TestTemplateTestDescriptor.execute(TestTemplateTestDescriptor.java:42)
	at org.junit.platform.engine.support.hierarchical.NodeTestTask.lambda$executeRecursively$5(NodeTestTask.java:139)
	at org.junit.platform.engine.support.hierarchical.ThrowableCollector.execute(ThrowableCollector.java:73)
	at org.junit.platform.engine.support.hierarchical.NodeTestTask.lambda$executeRecursively$7(NodeTestTask.java:129)
	at org.junit.platform.engine.support.hierarchical.Node.around(Node.java:137)
	at org.junit.platform.engine.support.hierarchical.NodeTestTask.lambda$executeRecursively$8(NodeTestTask.java:127)
	at org.junit.platform.engine.support.hierarchical.ThrowableCollector.execute(ThrowableCollector.java:73)
	at org.junit.platform.engine.support.hierarchical.NodeTestTask.executeRecursively(NodeTestTask.java:126)
	at org.junit.platform.engine.support.hierarchical.NodeTestTask.execute(NodeTestTask.java:84)
	at java.base/java.util.ArrayList.forEach(ArrayList.java:1511)
	at org.junit.platform.engine.support.hierarchical.SameThreadHierarchicalTestExecutorService.invokeAll(SameThreadHierarchicalTestExecutorService.java:38)
	at org.junit.platform.engine.support.hierarchical.NodeTestTask.lambda$executeRecursively$5(NodeTestTask.java:143)
	at org.junit.platform.engine.support.hierarchical.ThrowableCollector.execute(ThrowableCollector.java:73)
	at org.junit.platform.engine.support.hierarchical.NodeTestTask.lambda$executeRecursively$7(NodeTestTask.java:129)
	at org.junit.platform.engine.support.hierarchical.Node.around(Node.java:137)
	at org.junit.platform.engine.support.hierarchical.NodeTestTask.lambda$executeRecursively$8(NodeTestTask.java:127)
	at org.junit.platform.engine.support.hierarchical.ThrowableCollector.execute(ThrowableCollector.java:73)
	at org.junit.platform.engine.support.hierarchical.NodeTestTask.executeRecursively(NodeTestTask.java:126)
	at org.junit.platform.engine.support.hierarchical.NodeTestTask.execute(NodeTestTask.java:84)
	at java.base/java.util.ArrayList.forEach(ArrayList.java:1511)
	at org.junit.platform.engine.support.hierarchical.SameThreadHierarchicalTestExecutorService.invokeAll(SameThreadHierarchicalTestExecutorService.java:38)
	at org.junit.platform.engine.support.hierarchical.NodeTestTask.lambda$executeRecursively$5(NodeTestTask.java:143)
	at org.junit.platform.engine.support.hierarchical.ThrowableCollector.execute(ThrowableCollector.java:73)
	at org.junit.platform.engine.support.hierarchical.NodeTestTask.lambda$executeRecursively$7(NodeTestTask.java:129)
	at org.junit.platform.engine.support.hierarchical.Node.around(Node.java:137)
	at org.junit.platform.engine.support.hierarchical.NodeTestTask.lambda$executeRecursively$8(NodeTestTask.java:127)
	at org.junit.platform.engine.support.hierarchical.ThrowableCollector.execute(ThrowableCollector.java:73)
	at org.junit.platform.engine.support.hierarchical.NodeTestTask.executeRecursively(NodeTestTask.java:126)
	at org.junit.platform.engine.support.hierarchical.NodeTestTask.execute(NodeTestTask.java:84)
	at org.junit.platform.engine.support.hierarchical.SameThreadHierarchicalTestExecutorService.submit(SameThreadHierarchicalTestExecutorService.java:32)
	at org.junit.platform.engine.support.hierarchical.HierarchicalTestExecutor.execute(HierarchicalTestExecutor.java:57)
	at org.junit.platform.engine.support.hierarchical.HierarchicalTestEngine.execute(HierarchicalTestEngine.java:51)
	at org.junit.platform.launcher.core.EngineExecutionOrchestrator.execute(EngineExecutionOrchestrator.java:108)
	at org.junit.platform.launcher.core.EngineExecutionOrchestrator.execute(EngineExecutionOrchestrator.java:88)
	at org.junit.platform.launcher.core.EngineExecutionOrchestrator.lambda$execute$0(EngineExecutionOrchestrator.java:54)
	at org.junit.platform.launcher.core.EngineExecutionOrchestrator.withInterceptedStreams(EngineExecutionOrchestrator.java:67)
	at org.junit.platform.launcher.core.EngineExecutionOrchestrator.execute(EngineExecutionOrchestrator.java:52)
	at org.junit.platform.launcher.core.DefaultLauncher.execute(DefaultLauncher.java:96)
	at org.junit.platform.launcher.core.DefaultLauncher.execute(DefaultLauncher.java:75)
	at org.junit.platform.console.tasks.ConsoleTestExecutor.executeTests(ConsoleTestExecutor.java:66)
	at org.junit.platform.console.tasks.ConsoleTestExecutor.lambda$execute$0(ConsoleTestExecutor.java:58)
	at org.junit.platform.console.tasks.CustomContextClassLoaderExecutor.replaceThreadContextClassLoaderAndInvoke(CustomContextClassLoaderExecutor.java:41)
	at org.junit.platform.console.tasks.CustomContextClassLoaderExecutor.invoke(CustomContextClassLoaderExecutor.java:31)
	at org.junit.platform.console.tasks.ConsoleTestExecutor.execute(ConsoleTestExecutor.java:58)
	at org.junit.platform.console.ConsoleLauncher.executeTests(ConsoleLauncher.java:95)
	at org.junit.platform.console.ConsoleLauncher.execute(ConsoleLauncher.java:73)
	at org.junit.platform.console.ConsoleLauncher.execute(ConsoleLauncher.java:50)
	at org.junit.platform.console.ConsoleLauncher.execute(ConsoleLauncher.java:43)
	at org.junit.platform.console.ConsoleLauncher.main(ConsoleLauncher.java:37)
]]></skipped>
<system-out><![CDATA[
unique-id: [engine:junit-jupiter]/[class:minebayd1.test.TestUser]/[test-template:testnext(minebayd1.User)]/[test-template-invocation:#56]
display-name: [56] Sonia a 47 annonces ouvertes, 2 annonces fermées et 2 achats 

]]></system-out>
</testcase>
<testcase name="testnext(User)[57]" classname="minebayd1.test.TestUser" time="0">
<skipped><![CDATA[org.opentest4j.TestAbortedException: Assumption failed: assumption is not true
	at org.junit.jupiter.api.Assumptions.throwTestAbortedException(Assumptions.java:256)
	at org.junit.jupiter.api.Assumptions.assumeTrue(Assumptions.java:115)
	at org.junit.jupiter.api.Assumptions.assumeTrue(Assumptions.java:66)
	at minebayd1.test.TestUser.testnext(TestUser.java:1137)
	at jdk.internal.reflect.GeneratedMethodAccessor10.invoke(Unknown Source)
	at java.base/jdk.internal.reflect.DelegatingMethodAccessorImpl.invoke(DelegatingMethodAccessorImpl.java:43)
	at java.base/java.lang.reflect.Method.invoke(Method.java:569)
	at org.junit.platform.commons.util.ReflectionUtils.invokeMethod(ReflectionUtils.java:688)
	at org.junit.jupiter.engine.execution.MethodInvocation.proceed(MethodInvocation.java:60)
	at org.junit.jupiter.engine.execution.InvocationInterceptorChain$ValidatingInvocation.proceed(InvocationInterceptorChain.java:131)
	at org.junit.jupiter.engine.extension.TimeoutExtension.intercept(TimeoutExtension.java:149)
	at org.junit.jupiter.engine.extension.TimeoutExtension.interceptTestableMethod(TimeoutExtension.java:140)
	at org.junit.jupiter.engine.extension.TimeoutExtension.interceptTestTemplateMethod(TimeoutExtension.java:92)
	at org.junit.jupiter.engine.execution.ExecutableInvoker$ReflectiveInterceptorCall.lambda$ofVoidMethod$0(ExecutableInvoker.java:115)
	at org.junit.jupiter.engine.execution.ExecutableInvoker.lambda$invoke$0(ExecutableInvoker.java:105)
	at org.junit.jupiter.engine.execution.InvocationInterceptorChain$InterceptedInvocation.proceed(InvocationInterceptorChain.java:106)
	at org.junit.jupiter.engine.execution.InvocationInterceptorChain.proceed(InvocationInterceptorChain.java:64)
	at org.junit.jupiter.engine.execution.InvocationInterceptorChain.chainAndInvoke(InvocationInterceptorChain.java:45)
	at org.junit.jupiter.engine.execution.InvocationInterceptorChain.invoke(InvocationInterceptorChain.java:37)
	at org.junit.jupiter.engine.execution.ExecutableInvoker.invoke(ExecutableInvoker.java:104)
	at org.junit.jupiter.engine.execution.ExecutableInvoker.invoke(ExecutableInvoker.java:98)
	at org.junit.jupiter.engine.descriptor.TestMethodTestDescriptor.lambda$invokeTestMethod$6(TestMethodTestDescriptor.java:210)
	at org.junit.platform.engine.support.hierarchical.ThrowableCollector.execute(ThrowableCollector.java:73)
	at org.junit.jupiter.engine.descriptor.TestMethodTestDescriptor.invokeTestMethod(TestMethodTestDescriptor.java:206)
	at org.junit.jupiter.engine.descriptor.TestMethodTestDescriptor.execute(TestMethodTestDescriptor.java:131)
	at org.junit.jupiter.engine.descriptor.TestMethodTestDescriptor.execute(TestMethodTestDescriptor.java:65)
	at org.junit.platform.engine.support.hierarchical.NodeTestTask.lambda$executeRecursively$5(NodeTestTask.java:139)
	at org.junit.platform.engine.support.hierarchical.ThrowableCollector.execute(ThrowableCollector.java:73)
	at org.junit.platform.engine.support.hierarchical.NodeTestTask.lambda$executeRecursively$7(NodeTestTask.java:129)
	at org.junit.platform.engine.support.hierarchical.Node.around(Node.java:137)
	at org.junit.platform.engine.support.hierarchical.NodeTestTask.lambda$executeRecursively$8(NodeTestTask.java:127)
	at org.junit.platform.engine.support.hierarchical.ThrowableCollector.execute(ThrowableCollector.java:73)
	at org.junit.platform.engine.support.hierarchical.NodeTestTask.executeRecursively(NodeTestTask.java:126)
	at org.junit.platform.engine.support.hierarchical.NodeTestTask.execute(NodeTestTask.java:84)
	at org.junit.platform.engine.support.hierarchical.SameThreadHierarchicalTestExecutorService.submit(SameThreadHierarchicalTestExecutorService.java:32)
	at org.junit.platform.engine.support.hierarchical.NodeTestTask$DefaultDynamicTestExecutor.execute(NodeTestTask.java:212)
	at org.junit.platform.engine.support.hierarchical.NodeTestTask$DefaultDynamicTestExecutor.execute(NodeTestTask.java:192)
	at org.junit.jupiter.engine.descriptor.TestTemplateTestDescriptor.execute(TestTemplateTestDescriptor.java:139)
	at org.junit.jupiter.engine.descriptor.TestTemplateTestDescriptor.lambda$execute$2(TestTemplateTestDescriptor.java:107)
	at java.base/java.util.stream.ForEachOps$ForEachOp$OfRef.accept(ForEachOps.java:183)
	at java.base/java.util.stream.ReferencePipeline$3$1.accept(ReferencePipeline.java:197)
	at java.base/java.util.stream.ReferencePipeline$2$1.accept(ReferencePipeline.java:179)
	at java.base/java.util.stream.ReferencePipeline$3$1.accept(ReferencePipeline.java:197)
	at java.base/java.util.stream.ForEachOps$ForEachOp$OfRef.accept(ForEachOps.java:183)
	at java.base/java.util.stream.ReferencePipeline$15$1.accept(ReferencePipeline.java:541)
	at java.base/java.util.stream.ReferencePipeline$3$1.accept(ReferencePipeline.java:197)
	at java.base/java.util.stream.ReferencePipeline$3$1.accept(ReferencePipeline.java:197)
	at java.base/java.util.stream.ReferencePipeline$3$1.accept(ReferencePipeline.java:197)
	at java.base/java.util.stream.ForEachOps$ForEachOp$OfRef.accept(ForEachOps.java:183)
	at java.base/java.util.stream.ReferencePipeline$3$1.accept(ReferencePipeline.java:197)
	at java.base/java.util.stream.ForEachOps$ForEachOp$OfRef.accept(ForEachOps.java:183)
	at java.base/java.util.stream.SliceOps$1$1.accept(SliceOps.java:200)
	at java.base/java.util.stream.StreamSpliterators$InfiniteSupplyingSpliterator$OfRef.tryAdvance(StreamSpliterators.java:1358)
	at java.base/java.util.stream.ReferencePipeline.forEachWithCancel(ReferencePipeline.java:129)
	at java.base/java.util.stream.AbstractPipeline.copyIntoWithCancel(AbstractPipeline.java:527)
	at java.base/java.util.stream.AbstractPipeline.copyInto(AbstractPipeline.java:513)
	at java.base/java.util.stream.AbstractPipeline.wrapAndCopyInto(AbstractPipeline.java:499)
	at java.base/java.util.stream.ForEachOps$ForEachOp.evaluateSequential(ForEachOps.java:150)
	at java.base/java.util.stream.ForEachOps$ForEachOp$OfRef.evaluateSequential(ForEachOps.java:173)
	at java.base/java.util.stream.AbstractPipeline.evaluate(AbstractPipeline.java:234)
	at java.base/java.util.stream.ReferencePipeline.forEach(ReferencePipeline.java:596)
	at java.base/java.util.stream.ReferencePipeline$7$1.accept(ReferencePipeline.java:276)
	at java.base/java.util.stream.ReferencePipeline$3$1.accept(ReferencePipeline.java:197)
	at java.base/java.util.stream.ReferencePipeline$3$1.accept(ReferencePipeline.java:197)
	at java.base/java.util.Spliterators$ArraySpliterator.forEachRemaining(Spliterators.java:992)
	at java.base/java.util.stream.AbstractPipeline.copyInto(AbstractPipeline.java:509)
	at java.base/java.util.stream.AbstractPipeline.wrapAndCopyInto(AbstractPipeline.java:499)
	at java.base/java.util.stream.ForEachOps$ForEachOp.evaluateSequential(ForEachOps.java:150)
	at java.base/java.util.stream.ForEachOps$ForEachOp$OfRef.evaluateSequential(ForEachOps.java:173)
	at java.base/java.util.stream.AbstractPipeline.evaluate(AbstractPipeline.java:234)
	at java.base/java.util.stream.ReferencePipeline.forEach(ReferencePipeline.java:596)
	at java.base/java.util.stream.ReferencePipeline$7$1.accept(ReferencePipeline.java:276)
	at java.base/java.util.stream.ReferencePipeline$3$1.accept(ReferencePipeline.java:197)
	at java.base/java.util.stream.ReferencePipeline$3$1.accept(ReferencePipeline.java:197)
	at java.base/java.util.stream.ReferencePipeline$3$1.accept(ReferencePipeline.java:197)
	at java.base/java.util.ArrayList$ArrayListSpliterator.forEachRemaining(ArrayList.java:1625)
	at java.base/java.util.stream.AbstractPipeline.copyInto(AbstractPipeline.java:509)
	at java.base/java.util.stream.AbstractPipeline.wrapAndCopyInto(AbstractPipeline.java:499)
	at java.base/java.util.stream.ForEachOps$ForEachOp.evaluateSequential(ForEachOps.java:150)
	at java.base/java.util.stream.ForEachOps$ForEachOp$OfRef.evaluateSequential(ForEachOps.java:173)
	at java.base/java.util.stream.AbstractPipeline.evaluate(AbstractPipeline.java:234)
	at java.base/java.util.stream.ReferencePipeline.forEach(ReferencePipeline.java:596)
	at java.base/java.util.stream.ReferencePipeline$7$1.accept(ReferencePipeline.java:276)
	at java.base/java.util.ArrayList$ArrayListSpliterator.forEachRemaining(ArrayList.java:1625)
	at java.base/java.util.stream.AbstractPipeline.copyInto(AbstractPipeline.java:509)
	at java.base/java.util.stream.AbstractPipeline.wrapAndCopyInto(AbstractPipeline.java:499)
	at java.base/java.util.stream.ForEachOps$ForEachOp.evaluateSequential(ForEachOps.java:150)
	at java.base/java.util.stream.ForEachOps$ForEachOp$OfRef.evaluateSequential(ForEachOps.java:173)
	at java.base/java.util.stream.AbstractPipeline.evaluate(AbstractPipeline.java:234)
	at java.base/java.util.stream.ReferencePipeline.forEach(ReferencePipeline.java:596)
	at org.junit.jupiter.engine.descriptor.TestTemplateTestDescriptor.execute(TestTemplateTestDescriptor.java:107)
	at org.junit.jupiter.engine.descriptor.TestTemplateTestDescriptor.execute(TestTemplateTestDescriptor.java:42)
	at org.junit.platform.engine.support.hierarchical.NodeTestTask.lambda$executeRecursively$5(NodeTestTask.java:139)
	at org.junit.platform.engine.support.hierarchical.ThrowableCollector.execute(ThrowableCollector.java:73)
	at org.junit.platform.engine.support.hierarchical.NodeTestTask.lambda$executeRecursively$7(NodeTestTask.java:129)
	at org.junit.platform.engine.support.hierarchical.Node.around(Node.java:137)
	at org.junit.platform.engine.support.hierarchical.NodeTestTask.lambda$executeRecursively$8(NodeTestTask.java:127)
	at org.junit.platform.engine.support.hierarchical.ThrowableCollector.execute(ThrowableCollector.java:73)
	at org.junit.platform.engine.support.hierarchical.NodeTestTask.executeRecursively(NodeTestTask.java:126)
	at org.junit.platform.engine.support.hierarchical.NodeTestTask.execute(NodeTestTask.java:84)
	at java.base/java.util.ArrayList.forEach(ArrayList.java:1511)
	at org.junit.platform.engine.support.hierarchical.SameThreadHierarchicalTestExecutorService.invokeAll(SameThreadHierarchicalTestExecutorService.java:38)
	at org.junit.platform.engine.support.hierarchical.NodeTestTask.lambda$executeRecursively$5(NodeTestTask.java:143)
	at org.junit.platform.engine.support.hierarchical.ThrowableCollector.execute(ThrowableCollector.java:73)
	at org.junit.platform.engine.support.hierarchical.NodeTestTask.lambda$executeRecursively$7(NodeTestTask.java:129)
	at org.junit.platform.engine.support.hierarchical.Node.around(Node.java:137)
	at org.junit.platform.engine.support.hierarchical.NodeTestTask.lambda$executeRecursively$8(NodeTestTask.java:127)
	at org.junit.platform.engine.support.hierarchical.ThrowableCollector.execute(ThrowableCollector.java:73)
	at org.junit.platform.engine.support.hierarchical.NodeTestTask.executeRecursively(NodeTestTask.java:126)
	at org.junit.platform.engine.support.hierarchical.NodeTestTask.execute(NodeTestTask.java:84)
	at java.base/java.util.ArrayList.forEach(ArrayList.java:1511)
	at org.junit.platform.engine.support.hierarchical.SameThreadHierarchicalTestExecutorService.invokeAll(SameThreadHierarchicalTestExecutorService.java:38)
	at org.junit.platform.engine.support.hierarchical.NodeTestTask.lambda$executeRecursively$5(NodeTestTask.java:143)
	at org.junit.platform.engine.support.hierarchical.ThrowableCollector.execute(ThrowableCollector.java:73)
	at org.junit.platform.engine.support.hierarchical.NodeTestTask.lambda$executeRecursively$7(NodeTestTask.java:129)
	at org.junit.platform.engine.support.hierarchical.Node.around(Node.java:137)
	at org.junit.platform.engine.support.hierarchical.NodeTestTask.lambda$executeRecursively$8(NodeTestTask.java:127)
	at org.junit.platform.engine.support.hierarchical.ThrowableCollector.execute(ThrowableCollector.java:73)
	at org.junit.platform.engine.support.hierarchical.NodeTestTask.executeRecursively(NodeTestTask.java:126)
	at org.junit.platform.engine.support.hierarchical.NodeTestTask.execute(NodeTestTask.java:84)
	at org.junit.platform.engine.support.hierarchical.SameThreadHierarchicalTestExecutorService.submit(SameThreadHierarchicalTestExecutorService.java:32)
	at org.junit.platform.engine.support.hierarchical.HierarchicalTestExecutor.execute(HierarchicalTestExecutor.java:57)
	at org.junit.platform.engine.support.hierarchical.HierarchicalTestEngine.execute(HierarchicalTestEngine.java:51)
	at org.junit.platform.launcher.core.EngineExecutionOrchestrator.execute(EngineExecutionOrchestrator.java:108)
	at org.junit.platform.launcher.core.EngineExecutionOrchestrator.execute(EngineExecutionOrchestrator.java:88)
	at org.junit.platform.launcher.core.EngineExecutionOrchestrator.lambda$execute$0(EngineExecutionOrchestrator.java:54)
	at org.junit.platform.launcher.core.EngineExecutionOrchestrator.withInterceptedStreams(EngineExecutionOrchestrator.java:67)
	at org.junit.platform.launcher.core.EngineExecutionOrchestrator.execute(EngineExecutionOrchestrator.java:52)
	at org.junit.platform.launcher.core.DefaultLauncher.execute(DefaultLauncher.java:96)
	at org.junit.platform.launcher.core.DefaultLauncher.execute(DefaultLauncher.java:75)
	at org.junit.platform.console.tasks.ConsoleTestExecutor.executeTests(ConsoleTestExecutor.java:66)
	at org.junit.platform.console.tasks.ConsoleTestExecutor.lambda$execute$0(ConsoleTestExecutor.java:58)
	at org.junit.platform.console.tasks.CustomContextClassLoaderExecutor.replaceThreadContextClassLoaderAndInvoke(CustomContextClassLoaderExecutor.java:41)
	at org.junit.platform.console.tasks.CustomContextClassLoaderExecutor.invoke(CustomContextClassLoaderExecutor.java:31)
	at org.junit.platform.console.tasks.ConsoleTestExecutor.execute(ConsoleTestExecutor.java:58)
	at org.junit.platform.console.ConsoleLauncher.executeTests(ConsoleLauncher.java:95)
	at org.junit.platform.console.ConsoleLauncher.execute(ConsoleLauncher.java:73)
	at org.junit.platform.console.ConsoleLauncher.execute(ConsoleLauncher.java:50)
	at org.junit.platform.console.ConsoleLauncher.execute(ConsoleLauncher.java:43)
	at org.junit.platform.console.ConsoleLauncher.main(ConsoleLauncher.java:37)
]]></skipped>
<system-out><![CDATA[
unique-id: [engine:junit-jupiter]/[class:minebayd1.test.TestUser]/[test-template:testnext(minebayd1.User)]/[test-template-invocation:#57]
display-name: [57] Mohamed a 45 annonces ouvertes, 2 annonces fermées et 3 achats 

]]></system-out>
</testcase>
<testcase name="testnext(User)[58]" classname="minebayd1.test.TestUser" time="0">
<skipped><![CDATA[org.opentest4j.TestAbortedException: Assumption failed: assumption is not true
	at org.junit.jupiter.api.Assumptions.throwTestAbortedException(Assumptions.java:256)
	at org.junit.jupiter.api.Assumptions.assumeTrue(Assumptions.java:115)
	at org.junit.jupiter.api.Assumptions.assumeTrue(Assumptions.java:66)
	at minebayd1.test.TestUser.testnext(TestUser.java:1137)
	at jdk.internal.reflect.GeneratedMethodAccessor10.invoke(Unknown Source)
	at java.base/jdk.internal.reflect.DelegatingMethodAccessorImpl.invoke(DelegatingMethodAccessorImpl.java:43)
	at java.base/java.lang.reflect.Method.invoke(Method.java:569)
	at org.junit.platform.commons.util.ReflectionUtils.invokeMethod(ReflectionUtils.java:688)
	at org.junit.jupiter.engine.execution.MethodInvocation.proceed(MethodInvocation.java:60)
	at org.junit.jupiter.engine.execution.InvocationInterceptorChain$ValidatingInvocation.proceed(InvocationInterceptorChain.java:131)
	at org.junit.jupiter.engine.extension.TimeoutExtension.intercept(TimeoutExtension.java:149)
	at org.junit.jupiter.engine.extension.TimeoutExtension.interceptTestableMethod(TimeoutExtension.java:140)
	at org.junit.jupiter.engine.extension.TimeoutExtension.interceptTestTemplateMethod(TimeoutExtension.java:92)
	at org.junit.jupiter.engine.execution.ExecutableInvoker$ReflectiveInterceptorCall.lambda$ofVoidMethod$0(ExecutableInvoker.java:115)
	at org.junit.jupiter.engine.execution.ExecutableInvoker.lambda$invoke$0(ExecutableInvoker.java:105)
	at org.junit.jupiter.engine.execution.InvocationInterceptorChain$InterceptedInvocation.proceed(InvocationInterceptorChain.java:106)
	at org.junit.jupiter.engine.execution.InvocationInterceptorChain.proceed(InvocationInterceptorChain.java:64)
	at org.junit.jupiter.engine.execution.InvocationInterceptorChain.chainAndInvoke(InvocationInterceptorChain.java:45)
	at org.junit.jupiter.engine.execution.InvocationInterceptorChain.invoke(InvocationInterceptorChain.java:37)
	at org.junit.jupiter.engine.execution.ExecutableInvoker.invoke(ExecutableInvoker.java:104)
	at org.junit.jupiter.engine.execution.ExecutableInvoker.invoke(ExecutableInvoker.java:98)
	at org.junit.jupiter.engine.descriptor.TestMethodTestDescriptor.lambda$invokeTestMethod$6(TestMethodTestDescriptor.java:210)
	at org.junit.platform.engine.support.hierarchical.ThrowableCollector.execute(ThrowableCollector.java:73)
	at org.junit.jupiter.engine.descriptor.TestMethodTestDescriptor.invokeTestMethod(TestMethodTestDescriptor.java:206)
	at org.junit.jupiter.engine.descriptor.TestMethodTestDescriptor.execute(TestMethodTestDescriptor.java:131)
	at org.junit.jupiter.engine.descriptor.TestMethodTestDescriptor.execute(TestMethodTestDescriptor.java:65)
	at org.junit.platform.engine.support.hierarchical.NodeTestTask.lambda$executeRecursively$5(NodeTestTask.java:139)
	at org.junit.platform.engine.support.hierarchical.ThrowableCollector.execute(ThrowableCollector.java:73)
	at org.junit.platform.engine.support.hierarchical.NodeTestTask.lambda$executeRecursively$7(NodeTestTask.java:129)
	at org.junit.platform.engine.support.hierarchical.Node.around(Node.java:137)
	at org.junit.platform.engine.support.hierarchical.NodeTestTask.lambda$executeRecursively$8(NodeTestTask.java:127)
	at org.junit.platform.engine.support.hierarchical.ThrowableCollector.execute(ThrowableCollector.java:73)
	at org.junit.platform.engine.support.hierarchical.NodeTestTask.executeRecursively(NodeTestTask.java:126)
	at org.junit.platform.engine.support.hierarchical.NodeTestTask.execute(NodeTestTask.java:84)
	at org.junit.platform.engine.support.hierarchical.SameThreadHierarchicalTestExecutorService.submit(SameThreadHierarchicalTestExecutorService.java:32)
	at org.junit.platform.engine.support.hierarchical.NodeTestTask$DefaultDynamicTestExecutor.execute(NodeTestTask.java:212)
	at org.junit.platform.engine.support.hierarchical.NodeTestTask$DefaultDynamicTestExecutor.execute(NodeTestTask.java:192)
	at org.junit.jupiter.engine.descriptor.TestTemplateTestDescriptor.execute(TestTemplateTestDescriptor.java:139)
	at org.junit.jupiter.engine.descriptor.TestTemplateTestDescriptor.lambda$execute$2(TestTemplateTestDescriptor.java:107)
	at java.base/java.util.stream.ForEachOps$ForEachOp$OfRef.accept(ForEachOps.java:183)
	at java.base/java.util.stream.ReferencePipeline$3$1.accept(ReferencePipeline.java:197)
	at java.base/java.util.stream.ReferencePipeline$2$1.accept(ReferencePipeline.java:179)
	at java.base/java.util.stream.ReferencePipeline$3$1.accept(ReferencePipeline.java:197)
	at java.base/java.util.stream.ForEachOps$ForEachOp$OfRef.accept(ForEachOps.java:183)
	at java.base/java.util.stream.ReferencePipeline$15$1.accept(ReferencePipeline.java:541)
	at java.base/java.util.stream.ReferencePipeline$3$1.accept(ReferencePipeline.java:197)
	at java.base/java.util.stream.ReferencePipeline$3$1.accept(ReferencePipeline.java:197)
	at java.base/java.util.stream.ReferencePipeline$3$1.accept(ReferencePipeline.java:197)
	at java.base/java.util.stream.ForEachOps$ForEachOp$OfRef.accept(ForEachOps.java:183)
	at java.base/java.util.stream.ReferencePipeline$3$1.accept(ReferencePipeline.java:197)
	at java.base/java.util.stream.ForEachOps$ForEachOp$OfRef.accept(ForEachOps.java:183)
	at java.base/java.util.stream.SliceOps$1$1.accept(SliceOps.java:200)
	at java.base/java.util.stream.StreamSpliterators$InfiniteSupplyingSpliterator$OfRef.tryAdvance(StreamSpliterators.java:1358)
	at java.base/java.util.stream.ReferencePipeline.forEachWithCancel(ReferencePipeline.java:129)
	at java.base/java.util.stream.AbstractPipeline.copyIntoWithCancel(AbstractPipeline.java:527)
	at java.base/java.util.stream.AbstractPipeline.copyInto(AbstractPipeline.java:513)
	at java.base/java.util.stream.AbstractPipeline.wrapAndCopyInto(AbstractPipeline.java:499)
	at java.base/java.util.stream.ForEachOps$ForEachOp.evaluateSequential(ForEachOps.java:150)
	at java.base/java.util.stream.ForEachOps$ForEachOp$OfRef.evaluateSequential(ForEachOps.java:173)
	at java.base/java.util.stream.AbstractPipeline.evaluate(AbstractPipeline.java:234)
	at java.base/java.util.stream.ReferencePipeline.forEach(ReferencePipeline.java:596)
	at java.base/java.util.stream.ReferencePipeline$7$1.accept(ReferencePipeline.java:276)
	at java.base/java.util.stream.ReferencePipeline$3$1.accept(ReferencePipeline.java:197)
	at java.base/java.util.stream.ReferencePipeline$3$1.accept(ReferencePipeline.java:197)
	at java.base/java.util.Spliterators$ArraySpliterator.forEachRemaining(Spliterators.java:992)
	at java.base/java.util.stream.AbstractPipeline.copyInto(AbstractPipeline.java:509)
	at java.base/java.util.stream.AbstractPipeline.wrapAndCopyInto(AbstractPipeline.java:499)
	at java.base/java.util.stream.ForEachOps$ForEachOp.evaluateSequential(ForEachOps.java:150)
	at java.base/java.util.stream.ForEachOps$ForEachOp$OfRef.evaluateSequential(ForEachOps.java:173)
	at java.base/java.util.stream.AbstractPipeline.evaluate(AbstractPipeline.java:234)
	at java.base/java.util.stream.ReferencePipeline.forEach(ReferencePipeline.java:596)
	at java.base/java.util.stream.ReferencePipeline$7$1.accept(ReferencePipeline.java:276)
	at java.base/java.util.stream.ReferencePipeline$3$1.accept(ReferencePipeline.java:197)
	at java.base/java.util.stream.ReferencePipeline$3$1.accept(ReferencePipeline.java:197)
	at java.base/java.util.stream.ReferencePipeline$3$1.accept(ReferencePipeline.java:197)
	at java.base/java.util.ArrayList$ArrayListSpliterator.forEachRemaining(ArrayList.java:1625)
	at java.base/java.util.stream.AbstractPipeline.copyInto(AbstractPipeline.java:509)
	at java.base/java.util.stream.AbstractPipeline.wrapAndCopyInto(AbstractPipeline.java:499)
	at java.base/java.util.stream.ForEachOps$ForEachOp.evaluateSequential(ForEachOps.java:150)
	at java.base/java.util.stream.ForEachOps$ForEachOp$OfRef.evaluateSequential(ForEachOps.java:173)
	at java.base/java.util.stream.AbstractPipeline.evaluate(AbstractPipeline.java:234)
	at java.base/java.util.stream.ReferencePipeline.forEach(ReferencePipeline.java:596)
	at java.base/java.util.stream.ReferencePipeline$7$1.accept(ReferencePipeline.java:276)
	at java.base/java.util.ArrayList$ArrayListSpliterator.forEachRemaining(ArrayList.java:1625)
	at java.base/java.util.stream.AbstractPipeline.copyInto(AbstractPipeline.java:509)
	at java.base/java.util.stream.AbstractPipeline.wrapAndCopyInto(AbstractPipeline.java:499)
	at java.base/java.util.stream.ForEachOps$ForEachOp.evaluateSequential(ForEachOps.java:150)
	at java.base/java.util.stream.ForEachOps$ForEachOp$OfRef.evaluateSequential(ForEachOps.java:173)
	at java.base/java.util.stream.AbstractPipeline.evaluate(AbstractPipeline.java:234)
	at java.base/java.util.stream.ReferencePipeline.forEach(ReferencePipeline.java:596)
	at org.junit.jupiter.engine.descriptor.TestTemplateTestDescriptor.execute(TestTemplateTestDescriptor.java:107)
	at org.junit.jupiter.engine.descriptor.TestTemplateTestDescriptor.execute(TestTemplateTestDescriptor.java:42)
	at org.junit.platform.engine.support.hierarchical.NodeTestTask.lambda$executeRecursively$5(NodeTestTask.java:139)
	at org.junit.platform.engine.support.hierarchical.ThrowableCollector.execute(ThrowableCollector.java:73)
	at org.junit.platform.engine.support.hierarchical.NodeTestTask.lambda$executeRecursively$7(NodeTestTask.java:129)
	at org.junit.platform.engine.support.hierarchical.Node.around(Node.java:137)
	at org.junit.platform.engine.support.hierarchical.NodeTestTask.lambda$executeRecursively$8(NodeTestTask.java:127)
	at org.junit.platform.engine.support.hierarchical.ThrowableCollector.execute(ThrowableCollector.java:73)
	at org.junit.platform.engine.support.hierarchical.NodeTestTask.executeRecursively(NodeTestTask.java:126)
	at org.junit.platform.engine.support.hierarchical.NodeTestTask.execute(NodeTestTask.java:84)
	at java.base/java.util.ArrayList.forEach(ArrayList.java:1511)
	at org.junit.platform.engine.support.hierarchical.SameThreadHierarchicalTestExecutorService.invokeAll(SameThreadHierarchicalTestExecutorService.java:38)
	at org.junit.platform.engine.support.hierarchical.NodeTestTask.lambda$executeRecursively$5(NodeTestTask.java:143)
	at org.junit.platform.engine.support.hierarchical.ThrowableCollector.execute(ThrowableCollector.java:73)
	at org.junit.platform.engine.support.hierarchical.NodeTestTask.lambda$executeRecursively$7(NodeTestTask.java:129)
	at org.junit.platform.engine.support.hierarchical.Node.around(Node.java:137)
	at org.junit.platform.engine.support.hierarchical.NodeTestTask.lambda$executeRecursively$8(NodeTestTask.java:127)
	at org.junit.platform.engine.support.hierarchical.ThrowableCollector.execute(ThrowableCollector.java:73)
	at org.junit.platform.engine.support.hierarchical.NodeTestTask.executeRecursively(NodeTestTask.java:126)
	at org.junit.platform.engine.support.hierarchical.NodeTestTask.execute(NodeTestTask.java:84)
	at java.base/java.util.ArrayList.forEach(ArrayList.java:1511)
	at org.junit.platform.engine.support.hierarchical.SameThreadHierarchicalTestExecutorService.invokeAll(SameThreadHierarchicalTestExecutorService.java:38)
	at org.junit.platform.engine.support.hierarchical.NodeTestTask.lambda$executeRecursively$5(NodeTestTask.java:143)
	at org.junit.platform.engine.support.hierarchical.ThrowableCollector.execute(ThrowableCollector.java:73)
	at org.junit.platform.engine.support.hierarchical.NodeTestTask.lambda$executeRecursively$7(NodeTestTask.java:129)
	at org.junit.platform.engine.support.hierarchical.Node.around(Node.java:137)
	at org.junit.platform.engine.support.hierarchical.NodeTestTask.lambda$executeRecursively$8(NodeTestTask.java:127)
	at org.junit.platform.engine.support.hierarchical.ThrowableCollector.execute(ThrowableCollector.java:73)
	at org.junit.platform.engine.support.hierarchical.NodeTestTask.executeRecursively(NodeTestTask.java:126)
	at org.junit.platform.engine.support.hierarchical.NodeTestTask.execute(NodeTestTask.java:84)
	at org.junit.platform.engine.support.hierarchical.SameThreadHierarchicalTestExecutorService.submit(SameThreadHierarchicalTestExecutorService.java:32)
	at org.junit.platform.engine.support.hierarchical.HierarchicalTestExecutor.execute(HierarchicalTestExecutor.java:57)
	at org.junit.platform.engine.support.hierarchical.HierarchicalTestEngine.execute(HierarchicalTestEngine.java:51)
	at org.junit.platform.launcher.core.EngineExecutionOrchestrator.execute(EngineExecutionOrchestrator.java:108)
	at org.junit.platform.launcher.core.EngineExecutionOrchestrator.execute(EngineExecutionOrchestrator.java:88)
	at org.junit.platform.launcher.core.EngineExecutionOrchestrator.lambda$execute$0(EngineExecutionOrchestrator.java:54)
	at org.junit.platform.launcher.core.EngineExecutionOrchestrator.withInterceptedStreams(EngineExecutionOrchestrator.java:67)
	at org.junit.platform.launcher.core.EngineExecutionOrchestrator.execute(EngineExecutionOrchestrator.java:52)
	at org.junit.platform.launcher.core.DefaultLauncher.execute(DefaultLauncher.java:96)
	at org.junit.platform.launcher.core.DefaultLauncher.execute(DefaultLauncher.java:75)
	at org.junit.platform.console.tasks.ConsoleTestExecutor.executeTests(ConsoleTestExecutor.java:66)
	at org.junit.platform.console.tasks.ConsoleTestExecutor.lambda$execute$0(ConsoleTestExecutor.java:58)
	at org.junit.platform.console.tasks.CustomContextClassLoaderExecutor.replaceThreadContextClassLoaderAndInvoke(CustomContextClassLoaderExecutor.java:41)
	at org.junit.platform.console.tasks.CustomContextClassLoaderExecutor.invoke(CustomContextClassLoaderExecutor.java:31)
	at org.junit.platform.console.tasks.ConsoleTestExecutor.execute(ConsoleTestExecutor.java:58)
	at org.junit.platform.console.ConsoleLauncher.executeTests(ConsoleLauncher.java:95)
	at org.junit.platform.console.ConsoleLauncher.execute(ConsoleLauncher.java:73)
	at org.junit.platform.console.ConsoleLauncher.execute(ConsoleLauncher.java:50)
	at org.junit.platform.console.ConsoleLauncher.execute(ConsoleLauncher.java:43)
	at org.junit.platform.console.ConsoleLauncher.main(ConsoleLauncher.java:37)
]]></skipped>
<system-out><![CDATA[
unique-id: [engine:junit-jupiter]/[class:minebayd1.test.TestUser]/[test-template:testnext(minebayd1.User)]/[test-template-invocation:#58]
display-name: [58] Lamia a 77 annonces ouvertes, 1 annonces fermées et 2 achats 

]]></system-out>
</testcase>
<testcase name="testnext(User)[59]" classname="minebayd1.test.TestUser" time="0">
<system-out><![CDATA[
unique-id: [engine:junit-jupiter]/[class:minebayd1.test.TestUser]/[test-template:testnext(minebayd1.User)]/[test-template-invocation:#59]
display-name: [59] Imam a 45 annonces ouvertes, 5 annonces fermées et 3 achats 

]]></system-out>
</testcase>
<testcase name="testnext(User)[60]" classname="minebayd1.test.TestUser" time="0">
<system-out><![CDATA[
unique-id: [engine:junit-jupiter]/[class:minebayd1.test.TestUser]/[test-template:testnext(minebayd1.User)]/[test-template-invocation:#60]
display-name: [60] Zahra a 42 annonces ouvertes, 0 annonces fermées et 2 achats 

]]></system-out>
</testcase>
<testcase name="testnext(User)[61]" classname="minebayd1.test.TestUser" time="0">
<system-out><![CDATA[
unique-id: [engine:junit-jupiter]/[class:minebayd1.test.TestUser]/[test-template:testnext(minebayd1.User)]/[test-template-invocation:#61]
display-name: [61] Imam a 45 annonces ouvertes, 5 annonces fermées et 3 achats 

]]></system-out>
</testcase>
<testcase name="testnext(User)[62]" classname="minebayd1.test.TestUser" time="0">
<system-out><![CDATA[
unique-id: [engine:junit-jupiter]/[class:minebayd1.test.TestUser]/[test-template:testnext(minebayd1.User)]/[test-template-invocation:#62]
display-name: [62] Ziad a 48 annonces ouvertes, 4 annonces fermées et 2 achats 

]]></system-out>
</testcase>
<testcase name="testnext(User)[63]" classname="minebayd1.test.TestUser" time="0">
<system-out><![CDATA[
unique-id: [engine:junit-jupiter]/[class:minebayd1.test.TestUser]/[test-template:testnext(minebayd1.User)]/[test-template-invocation:#63]
display-name: [63] Nima a 50 annonces ouvertes, 1 annonces fermées et 4 achats 

]]></system-out>
</testcase>
<testcase name="testnext(User)[64]" classname="minebayd1.test.TestUser" time="0">
<system-out><![CDATA[
unique-id: [engine:junit-jupiter]/[class:minebayd1.test.TestUser]/[test-template:testnext(minebayd1.User)]/[test-template-invocation:#64]
display-name: [64] Mounir a 59 annonces ouvertes, 2 annonces fermées et 2 achats 

]]></system-out>
</testcase>
<testcase name="testnext(User)[65]" classname="minebayd1.test.TestUser" time="0">
<system-out><![CDATA[
unique-id: [engine:junit-jupiter]/[class:minebayd1.test.TestUser]/[test-template:testnext(minebayd1.User)]/[test-template-invocation:#65]
display-name: [65] Naila a 60 annonces ouvertes, 3 annonces fermées et 4 achats 

]]></system-out>
</testcase>
<testcase name="testnext(User)[66]" classname="minebayd1.test.TestUser" time="0.001">
<system-out><![CDATA[
unique-id: [engine:junit-jupiter]/[class:minebayd1.test.TestUser]/[test-template:testnext(minebayd1.User)]/[test-template-invocation:#66]
display-name: [66] Ismael a 59 annonces ouvertes, 1 annonces fermées et 3 achats 

]]></system-out>
</testcase>
<testcase name="testnext(User)[67]" classname="minebayd1.test.TestUser" time="0.001">
<system-out><![CDATA[
unique-id: [engine:junit-jupiter]/[class:minebayd1.test.TestUser]/[test-template:testnext(minebayd1.User)]/[test-template-invocation:#67]
display-name: [67] Naila a 60 annonces ouvertes, 3 annonces fermées et 4 achats 

]]></system-out>
</testcase>
<testcase name="testnext(User)[68]" classname="minebayd1.test.TestUser" time="0">
<skipped><![CDATA[org.opentest4j.TestAbortedException: Assumption failed: assumption is not true
	at org.junit.jupiter.api.Assumptions.throwTestAbortedException(Assumptions.java:256)
	at org.junit.jupiter.api.Assumptions.assumeTrue(Assumptions.java:115)
	at org.junit.jupiter.api.Assumptions.assumeTrue(Assumptions.java:66)
	at minebayd1.test.TestUser.testnext(TestUser.java:1137)
	at jdk.internal.reflect.GeneratedMethodAccessor10.invoke(Unknown Source)
	at java.base/jdk.internal.reflect.DelegatingMethodAccessorImpl.invoke(DelegatingMethodAccessorImpl.java:43)
	at java.base/java.lang.reflect.Method.invoke(Method.java:569)
	at org.junit.platform.commons.util.ReflectionUtils.invokeMethod(ReflectionUtils.java:688)
	at org.junit.jupiter.engine.execution.MethodInvocation.proceed(MethodInvocation.java:60)
	at org.junit.jupiter.engine.execution.InvocationInterceptorChain$ValidatingInvocation.proceed(InvocationInterceptorChain.java:131)
	at org.junit.jupiter.engine.extension.TimeoutExtension.intercept(TimeoutExtension.java:149)
	at org.junit.jupiter.engine.extension.TimeoutExtension.interceptTestableMethod(TimeoutExtension.java:140)
	at org.junit.jupiter.engine.extension.TimeoutExtension.interceptTestTemplateMethod(TimeoutExtension.java:92)
	at org.junit.jupiter.engine.execution.ExecutableInvoker$ReflectiveInterceptorCall.lambda$ofVoidMethod$0(ExecutableInvoker.java:115)
	at org.junit.jupiter.engine.execution.ExecutableInvoker.lambda$invoke$0(ExecutableInvoker.java:105)
	at org.junit.jupiter.engine.execution.InvocationInterceptorChain$InterceptedInvocation.proceed(InvocationInterceptorChain.java:106)
	at org.junit.jupiter.engine.execution.InvocationInterceptorChain.proceed(InvocationInterceptorChain.java:64)
	at org.junit.jupiter.engine.execution.InvocationInterceptorChain.chainAndInvoke(InvocationInterceptorChain.java:45)
	at org.junit.jupiter.engine.execution.InvocationInterceptorChain.invoke(InvocationInterceptorChain.java:37)
	at org.junit.jupiter.engine.execution.ExecutableInvoker.invoke(ExecutableInvoker.java:104)
	at org.junit.jupiter.engine.execution.ExecutableInvoker.invoke(ExecutableInvoker.java:98)
	at org.junit.jupiter.engine.descriptor.TestMethodTestDescriptor.lambda$invokeTestMethod$6(TestMethodTestDescriptor.java:210)
	at org.junit.platform.engine.support.hierarchical.ThrowableCollector.execute(ThrowableCollector.java:73)
	at org.junit.jupiter.engine.descriptor.TestMethodTestDescriptor.invokeTestMethod(TestMethodTestDescriptor.java:206)
	at org.junit.jupiter.engine.descriptor.TestMethodTestDescriptor.execute(TestMethodTestDescriptor.java:131)
	at org.junit.jupiter.engine.descriptor.TestMethodTestDescriptor.execute(TestMethodTestDescriptor.java:65)
	at org.junit.platform.engine.support.hierarchical.NodeTestTask.lambda$executeRecursively$5(NodeTestTask.java:139)
	at org.junit.platform.engine.support.hierarchical.ThrowableCollector.execute(ThrowableCollector.java:73)
	at org.junit.platform.engine.support.hierarchical.NodeTestTask.lambda$executeRecursively$7(NodeTestTask.java:129)
	at org.junit.platform.engine.support.hierarchical.Node.around(Node.java:137)
	at org.junit.platform.engine.support.hierarchical.NodeTestTask.lambda$executeRecursively$8(NodeTestTask.java:127)
	at org.junit.platform.engine.support.hierarchical.ThrowableCollector.execute(ThrowableCollector.java:73)
	at org.junit.platform.engine.support.hierarchical.NodeTestTask.executeRecursively(NodeTestTask.java:126)
	at org.junit.platform.engine.support.hierarchical.NodeTestTask.execute(NodeTestTask.java:84)
	at org.junit.platform.engine.support.hierarchical.SameThreadHierarchicalTestExecutorService.submit(SameThreadHierarchicalTestExecutorService.java:32)
	at org.junit.platform.engine.support.hierarchical.NodeTestTask$DefaultDynamicTestExecutor.execute(NodeTestTask.java:212)
	at org.junit.platform.engine.support.hierarchical.NodeTestTask$DefaultDynamicTestExecutor.execute(NodeTestTask.java:192)
	at org.junit.jupiter.engine.descriptor.TestTemplateTestDescriptor.execute(TestTemplateTestDescriptor.java:139)
	at org.junit.jupiter.engine.descriptor.TestTemplateTestDescriptor.lambda$execute$2(TestTemplateTestDescriptor.java:107)
	at java.base/java.util.stream.ForEachOps$ForEachOp$OfRef.accept(ForEachOps.java:183)
	at java.base/java.util.stream.ReferencePipeline$3$1.accept(ReferencePipeline.java:197)
	at java.base/java.util.stream.ReferencePipeline$2$1.accept(ReferencePipeline.java:179)
	at java.base/java.util.stream.ReferencePipeline$3$1.accept(ReferencePipeline.java:197)
	at java.base/java.util.stream.ForEachOps$ForEachOp$OfRef.accept(ForEachOps.java:183)
	at java.base/java.util.stream.ReferencePipeline$15$1.accept(ReferencePipeline.java:541)
	at java.base/java.util.stream.ReferencePipeline$3$1.accept(ReferencePipeline.java:197)
	at java.base/java.util.stream.ReferencePipeline$3$1.accept(ReferencePipeline.java:197)
	at java.base/java.util.stream.ReferencePipeline$3$1.accept(ReferencePipeline.java:197)
	at java.base/java.util.stream.ForEachOps$ForEachOp$OfRef.accept(ForEachOps.java:183)
	at java.base/java.util.stream.ReferencePipeline$3$1.accept(ReferencePipeline.java:197)
	at java.base/java.util.stream.ForEachOps$ForEachOp$OfRef.accept(ForEachOps.java:183)
	at java.base/java.util.stream.SliceOps$1$1.accept(SliceOps.java:200)
	at java.base/java.util.stream.StreamSpliterators$InfiniteSupplyingSpliterator$OfRef.tryAdvance(StreamSpliterators.java:1358)
	at java.base/java.util.stream.ReferencePipeline.forEachWithCancel(ReferencePipeline.java:129)
	at java.base/java.util.stream.AbstractPipeline.copyIntoWithCancel(AbstractPipeline.java:527)
	at java.base/java.util.stream.AbstractPipeline.copyInto(AbstractPipeline.java:513)
	at java.base/java.util.stream.AbstractPipeline.wrapAndCopyInto(AbstractPipeline.java:499)
	at java.base/java.util.stream.ForEachOps$ForEachOp.evaluateSequential(ForEachOps.java:150)
	at java.base/java.util.stream.ForEachOps$ForEachOp$OfRef.evaluateSequential(ForEachOps.java:173)
	at java.base/java.util.stream.AbstractPipeline.evaluate(AbstractPipeline.java:234)
	at java.base/java.util.stream.ReferencePipeline.forEach(ReferencePipeline.java:596)
	at java.base/java.util.stream.ReferencePipeline$7$1.accept(ReferencePipeline.java:276)
	at java.base/java.util.stream.ReferencePipeline$3$1.accept(ReferencePipeline.java:197)
	at java.base/java.util.stream.ReferencePipeline$3$1.accept(ReferencePipeline.java:197)
	at java.base/java.util.Spliterators$ArraySpliterator.forEachRemaining(Spliterators.java:992)
	at java.base/java.util.stream.AbstractPipeline.copyInto(AbstractPipeline.java:509)
	at java.base/java.util.stream.AbstractPipeline.wrapAndCopyInto(AbstractPipeline.java:499)
	at java.base/java.util.stream.ForEachOps$ForEachOp.evaluateSequential(ForEachOps.java:150)
	at java.base/java.util.stream.ForEachOps$ForEachOp$OfRef.evaluateSequential(ForEachOps.java:173)
	at java.base/java.util.stream.AbstractPipeline.evaluate(AbstractPipeline.java:234)
	at java.base/java.util.stream.ReferencePipeline.forEach(ReferencePipeline.java:596)
	at java.base/java.util.stream.ReferencePipeline$7$1.accept(ReferencePipeline.java:276)
	at java.base/java.util.stream.ReferencePipeline$3$1.accept(ReferencePipeline.java:197)
	at java.base/java.util.stream.ReferencePipeline$3$1.accept(ReferencePipeline.java:197)
	at java.base/java.util.stream.ReferencePipeline$3$1.accept(ReferencePipeline.java:197)
	at java.base/java.util.ArrayList$ArrayListSpliterator.forEachRemaining(ArrayList.java:1625)
	at java.base/java.util.stream.AbstractPipeline.copyInto(AbstractPipeline.java:509)
	at java.base/java.util.stream.AbstractPipeline.wrapAndCopyInto(AbstractPipeline.java:499)
	at java.base/java.util.stream.ForEachOps$ForEachOp.evaluateSequential(ForEachOps.java:150)
	at java.base/java.util.stream.ForEachOps$ForEachOp$OfRef.evaluateSequential(ForEachOps.java:173)
	at java.base/java.util.stream.AbstractPipeline.evaluate(AbstractPipeline.java:234)
	at java.base/java.util.stream.ReferencePipeline.forEach(ReferencePipeline.java:596)
	at java.base/java.util.stream.ReferencePipeline$7$1.accept(ReferencePipeline.java:276)
	at java.base/java.util.ArrayList$ArrayListSpliterator.forEachRemaining(ArrayList.java:1625)
	at java.base/java.util.stream.AbstractPipeline.copyInto(AbstractPipeline.java:509)
	at java.base/java.util.stream.AbstractPipeline.wrapAndCopyInto(AbstractPipeline.java:499)
	at java.base/java.util.stream.ForEachOps$ForEachOp.evaluateSequential(ForEachOps.java:150)
	at java.base/java.util.stream.ForEachOps$ForEachOp$OfRef.evaluateSequential(ForEachOps.java:173)
	at java.base/java.util.stream.AbstractPipeline.evaluate(AbstractPipeline.java:234)
	at java.base/java.util.stream.ReferencePipeline.forEach(ReferencePipeline.java:596)
	at org.junit.jupiter.engine.descriptor.TestTemplateTestDescriptor.execute(TestTemplateTestDescriptor.java:107)
	at org.junit.jupiter.engine.descriptor.TestTemplateTestDescriptor.execute(TestTemplateTestDescriptor.java:42)
	at org.junit.platform.engine.support.hierarchical.NodeTestTask.lambda$executeRecursively$5(NodeTestTask.java:139)
	at org.junit.platform.engine.support.hierarchical.ThrowableCollector.execute(ThrowableCollector.java:73)
	at org.junit.platform.engine.support.hierarchical.NodeTestTask.lambda$executeRecursively$7(NodeTestTask.java:129)
	at org.junit.platform.engine.support.hierarchical.Node.around(Node.java:137)
	at org.junit.platform.engine.support.hierarchical.NodeTestTask.lambda$executeRecursively$8(NodeTestTask.java:127)
	at org.junit.platform.engine.support.hierarchical.ThrowableCollector.execute(ThrowableCollector.java:73)
	at org.junit.platform.engine.support.hierarchical.NodeTestTask.executeRecursively(NodeTestTask.java:126)
	at org.junit.platform.engine.support.hierarchical.NodeTestTask.execute(NodeTestTask.java:84)
	at java.base/java.util.ArrayList.forEach(ArrayList.java:1511)
	at org.junit.platform.engine.support.hierarchical.SameThreadHierarchicalTestExecutorService.invokeAll(SameThreadHierarchicalTestExecutorService.java:38)
	at org.junit.platform.engine.support.hierarchical.NodeTestTask.lambda$executeRecursively$5(NodeTestTask.java:143)
	at org.junit.platform.engine.support.hierarchical.ThrowableCollector.execute(ThrowableCollector.java:73)
	at org.junit.platform.engine.support.hierarchical.NodeTestTask.lambda$executeRecursively$7(NodeTestTask.java:129)
	at org.junit.platform.engine.support.hierarchical.Node.around(Node.java:137)
	at org.junit.platform.engine.support.hierarchical.NodeTestTask.lambda$executeRecursively$8(NodeTestTask.java:127)
	at org.junit.platform.engine.support.hierarchical.ThrowableCollector.execute(ThrowableCollector.java:73)
	at org.junit.platform.engine.support.hierarchical.NodeTestTask.executeRecursively(NodeTestTask.java:126)
	at org.junit.platform.engine.support.hierarchical.NodeTestTask.execute(NodeTestTask.java:84)
	at java.base/java.util.ArrayList.forEach(ArrayList.java:1511)
	at org.junit.platform.engine.support.hierarchical.SameThreadHierarchicalTestExecutorService.invokeAll(SameThreadHierarchicalTestExecutorService.java:38)
	at org.junit.platform.engine.support.hierarchical.NodeTestTask.lambda$executeRecursively$5(NodeTestTask.java:143)
	at org.junit.platform.engine.support.hierarchical.ThrowableCollector.execute(ThrowableCollector.java:73)
	at org.junit.platform.engine.support.hierarchical.NodeTestTask.lambda$executeRecursively$7(NodeTestTask.java:129)
	at org.junit.platform.engine.support.hierarchical.Node.around(Node.java:137)
	at org.junit.platform.engine.support.hierarchical.NodeTestTask.lambda$executeRecursively$8(NodeTestTask.java:127)
	at org.junit.platform.engine.support.hierarchical.ThrowableCollector.execute(ThrowableCollector.java:73)
	at org.junit.platform.engine.support.hierarchical.NodeTestTask.executeRecursively(NodeTestTask.java:126)
	at org.junit.platform.engine.support.hierarchical.NodeTestTask.execute(NodeTestTask.java:84)
	at org.junit.platform.engine.support.hierarchical.SameThreadHierarchicalTestExecutorService.submit(SameThreadHierarchicalTestExecutorService.java:32)
	at org.junit.platform.engine.support.hierarchical.HierarchicalTestExecutor.execute(HierarchicalTestExecutor.java:57)
	at org.junit.platform.engine.support.hierarchical.HierarchicalTestEngine.execute(HierarchicalTestEngine.java:51)
	at org.junit.platform.launcher.core.EngineExecutionOrchestrator.execute(EngineExecutionOrchestrator.java:108)
	at org.junit.platform.launcher.core.EngineExecutionOrchestrator.execute(EngineExecutionOrchestrator.java:88)
	at org.junit.platform.launcher.core.EngineExecutionOrchestrator.lambda$execute$0(EngineExecutionOrchestrator.java:54)
	at org.junit.platform.launcher.core.EngineExecutionOrchestrator.withInterceptedStreams(EngineExecutionOrchestrator.java:67)
	at org.junit.platform.launcher.core.EngineExecutionOrchestrator.execute(EngineExecutionOrchestrator.java:52)
	at org.junit.platform.launcher.core.DefaultLauncher.execute(DefaultLauncher.java:96)
	at org.junit.platform.launcher.core.DefaultLauncher.execute(DefaultLauncher.java:75)
	at org.junit.platform.console.tasks.ConsoleTestExecutor.executeTests(ConsoleTestExecutor.java:66)
	at org.junit.platform.console.tasks.ConsoleTestExecutor.lambda$execute$0(ConsoleTestExecutor.java:58)
	at org.junit.platform.console.tasks.CustomContextClassLoaderExecutor.replaceThreadContextClassLoaderAndInvoke(CustomContextClassLoaderExecutor.java:41)
	at org.junit.platform.console.tasks.CustomContextClassLoaderExecutor.invoke(CustomContextClassLoaderExecutor.java:31)
	at org.junit.platform.console.tasks.ConsoleTestExecutor.execute(ConsoleTestExecutor.java:58)
	at org.junit.platform.console.ConsoleLauncher.executeTests(ConsoleLauncher.java:95)
	at org.junit.platform.console.ConsoleLauncher.execute(ConsoleLauncher.java:73)
	at org.junit.platform.console.ConsoleLauncher.execute(ConsoleLauncher.java:50)
	at org.junit.platform.console.ConsoleLauncher.execute(ConsoleLauncher.java:43)
	at org.junit.platform.console.ConsoleLauncher.main(ConsoleLauncher.java:37)
]]></skipped>
<system-out><![CDATA[
unique-id: [engine:junit-jupiter]/[class:minebayd1.test.TestUser]/[test-template:testnext(minebayd1.User)]/[test-template-invocation:#68]
display-name: [68] Marc a 55 annonces ouvertes, 1 annonces fermées et 2 achats 

]]></system-out>
</testcase>
<testcase name="testnext(User)[69]" classname="minebayd1.test.TestUser" time="0">
<system-out><![CDATA[
unique-id: [engine:junit-jupiter]/[class:minebayd1.test.TestUser]/[test-template:testnext(minebayd1.User)]/[test-template-invocation:#69]
display-name: [69] Ayman a 53 annonces ouvertes, 4 annonces fermées et 4 achats 

]]></system-out>
</testcase>
<testcase name="testnext(User)[70]" classname="minebayd1.test.TestUser" time="0">
<skipped><![CDATA[org.opentest4j.TestAbortedException: Assumption failed: assumption is not true
	at org.junit.jupiter.api.Assumptions.throwTestAbortedException(Assumptions.java:256)
	at org.junit.jupiter.api.Assumptions.assumeTrue(Assumptions.java:115)
	at org.junit.jupiter.api.Assumptions.assumeTrue(Assumptions.java:66)
	at minebayd1.test.TestUser.testnext(TestUser.java:1137)
	at jdk.internal.reflect.GeneratedMethodAccessor10.invoke(Unknown Source)
	at java.base/jdk.internal.reflect.DelegatingMethodAccessorImpl.invoke(DelegatingMethodAccessorImpl.java:43)
	at java.base/java.lang.reflect.Method.invoke(Method.java:569)
	at org.junit.platform.commons.util.ReflectionUtils.invokeMethod(ReflectionUtils.java:688)
	at org.junit.jupiter.engine.execution.MethodInvocation.proceed(MethodInvocation.java:60)
	at org.junit.jupiter.engine.execution.InvocationInterceptorChain$ValidatingInvocation.proceed(InvocationInterceptorChain.java:131)
	at org.junit.jupiter.engine.extension.TimeoutExtension.intercept(TimeoutExtension.java:149)
	at org.junit.jupiter.engine.extension.TimeoutExtension.interceptTestableMethod(TimeoutExtension.java:140)
	at org.junit.jupiter.engine.extension.TimeoutExtension.interceptTestTemplateMethod(TimeoutExtension.java:92)
	at org.junit.jupiter.engine.execution.ExecutableInvoker$ReflectiveInterceptorCall.lambda$ofVoidMethod$0(ExecutableInvoker.java:115)
	at org.junit.jupiter.engine.execution.ExecutableInvoker.lambda$invoke$0(ExecutableInvoker.java:105)
	at org.junit.jupiter.engine.execution.InvocationInterceptorChain$InterceptedInvocation.proceed(InvocationInterceptorChain.java:106)
	at org.junit.jupiter.engine.execution.InvocationInterceptorChain.proceed(InvocationInterceptorChain.java:64)
	at org.junit.jupiter.engine.execution.InvocationInterceptorChain.chainAndInvoke(InvocationInterceptorChain.java:45)
	at org.junit.jupiter.engine.execution.InvocationInterceptorChain.invoke(InvocationInterceptorChain.java:37)
	at org.junit.jupiter.engine.execution.ExecutableInvoker.invoke(ExecutableInvoker.java:104)
	at org.junit.jupiter.engine.execution.ExecutableInvoker.invoke(ExecutableInvoker.java:98)
	at org.junit.jupiter.engine.descriptor.TestMethodTestDescriptor.lambda$invokeTestMethod$6(TestMethodTestDescriptor.java:210)
	at org.junit.platform.engine.support.hierarchical.ThrowableCollector.execute(ThrowableCollector.java:73)
	at org.junit.jupiter.engine.descriptor.TestMethodTestDescriptor.invokeTestMethod(TestMethodTestDescriptor.java:206)
	at org.junit.jupiter.engine.descriptor.TestMethodTestDescriptor.execute(TestMethodTestDescriptor.java:131)
	at org.junit.jupiter.engine.descriptor.TestMethodTestDescriptor.execute(TestMethodTestDescriptor.java:65)
	at org.junit.platform.engine.support.hierarchical.NodeTestTask.lambda$executeRecursively$5(NodeTestTask.java:139)
	at org.junit.platform.engine.support.hierarchical.ThrowableCollector.execute(ThrowableCollector.java:73)
	at org.junit.platform.engine.support.hierarchical.NodeTestTask.lambda$executeRecursively$7(NodeTestTask.java:129)
	at org.junit.platform.engine.support.hierarchical.Node.around(Node.java:137)
	at org.junit.platform.engine.support.hierarchical.NodeTestTask.lambda$executeRecursively$8(NodeTestTask.java:127)
	at org.junit.platform.engine.support.hierarchical.ThrowableCollector.execute(ThrowableCollector.java:73)
	at org.junit.platform.engine.support.hierarchical.NodeTestTask.executeRecursively(NodeTestTask.java:126)
	at org.junit.platform.engine.support.hierarchical.NodeTestTask.execute(NodeTestTask.java:84)
	at org.junit.platform.engine.support.hierarchical.SameThreadHierarchicalTestExecutorService.submit(SameThreadHierarchicalTestExecutorService.java:32)
	at org.junit.platform.engine.support.hierarchical.NodeTestTask$DefaultDynamicTestExecutor.execute(NodeTestTask.java:212)
	at org.junit.platform.engine.support.hierarchical.NodeTestTask$DefaultDynamicTestExecutor.execute(NodeTestTask.java:192)
	at org.junit.jupiter.engine.descriptor.TestTemplateTestDescriptor.execute(TestTemplateTestDescriptor.java:139)
	at org.junit.jupiter.engine.descriptor.TestTemplateTestDescriptor.lambda$execute$2(TestTemplateTestDescriptor.java:107)
	at java.base/java.util.stream.ForEachOps$ForEachOp$OfRef.accept(ForEachOps.java:183)
	at java.base/java.util.stream.ReferencePipeline$3$1.accept(ReferencePipeline.java:197)
	at java.base/java.util.stream.ReferencePipeline$2$1.accept(ReferencePipeline.java:179)
	at java.base/java.util.stream.ReferencePipeline$3$1.accept(ReferencePipeline.java:197)
	at java.base/java.util.stream.ForEachOps$ForEachOp$OfRef.accept(ForEachOps.java:183)
	at java.base/java.util.stream.ReferencePipeline$15$1.accept(ReferencePipeline.java:541)
	at java.base/java.util.stream.ReferencePipeline$3$1.accept(ReferencePipeline.java:197)
	at java.base/java.util.stream.ReferencePipeline$3$1.accept(ReferencePipeline.java:197)
	at java.base/java.util.stream.ReferencePipeline$3$1.accept(ReferencePipeline.java:197)
	at java.base/java.util.stream.ForEachOps$ForEachOp$OfRef.accept(ForEachOps.java:183)
	at java.base/java.util.stream.ReferencePipeline$3$1.accept(ReferencePipeline.java:197)
	at java.base/java.util.stream.ForEachOps$ForEachOp$OfRef.accept(ForEachOps.java:183)
	at java.base/java.util.stream.SliceOps$1$1.accept(SliceOps.java:200)
	at java.base/java.util.stream.StreamSpliterators$InfiniteSupplyingSpliterator$OfRef.tryAdvance(StreamSpliterators.java:1358)
	at java.base/java.util.stream.ReferencePipeline.forEachWithCancel(ReferencePipeline.java:129)
	at java.base/java.util.stream.AbstractPipeline.copyIntoWithCancel(AbstractPipeline.java:527)
	at java.base/java.util.stream.AbstractPipeline.copyInto(AbstractPipeline.java:513)
	at java.base/java.util.stream.AbstractPipeline.wrapAndCopyInto(AbstractPipeline.java:499)
	at java.base/java.util.stream.ForEachOps$ForEachOp.evaluateSequential(ForEachOps.java:150)
	at java.base/java.util.stream.ForEachOps$ForEachOp$OfRef.evaluateSequential(ForEachOps.java:173)
	at java.base/java.util.stream.AbstractPipeline.evaluate(AbstractPipeline.java:234)
	at java.base/java.util.stream.ReferencePipeline.forEach(ReferencePipeline.java:596)
	at java.base/java.util.stream.ReferencePipeline$7$1.accept(ReferencePipeline.java:276)
	at java.base/java.util.stream.ReferencePipeline$3$1.accept(ReferencePipeline.java:197)
	at java.base/java.util.stream.ReferencePipeline$3$1.accept(ReferencePipeline.java:197)
	at java.base/java.util.Spliterators$ArraySpliterator.forEachRemaining(Spliterators.java:992)
	at java.base/java.util.stream.AbstractPipeline.copyInto(AbstractPipeline.java:509)
	at java.base/java.util.stream.AbstractPipeline.wrapAndCopyInto(AbstractPipeline.java:499)
	at java.base/java.util.stream.ForEachOps$ForEachOp.evaluateSequential(ForEachOps.java:150)
	at java.base/java.util.stream.ForEachOps$ForEachOp$OfRef.evaluateSequential(ForEachOps.java:173)
	at java.base/java.util.stream.AbstractPipeline.evaluate(AbstractPipeline.java:234)
	at java.base/java.util.stream.ReferencePipeline.forEach(ReferencePipeline.java:596)
	at java.base/java.util.stream.ReferencePipeline$7$1.accept(ReferencePipeline.java:276)
	at java.base/java.util.stream.ReferencePipeline$3$1.accept(ReferencePipeline.java:197)
	at java.base/java.util.stream.ReferencePipeline$3$1.accept(ReferencePipeline.java:197)
	at java.base/java.util.stream.ReferencePipeline$3$1.accept(ReferencePipeline.java:197)
	at java.base/java.util.ArrayList$ArrayListSpliterator.forEachRemaining(ArrayList.java:1625)
	at java.base/java.util.stream.AbstractPipeline.copyInto(AbstractPipeline.java:509)
	at java.base/java.util.stream.AbstractPipeline.wrapAndCopyInto(AbstractPipeline.java:499)
	at java.base/java.util.stream.ForEachOps$ForEachOp.evaluateSequential(ForEachOps.java:150)
	at java.base/java.util.stream.ForEachOps$ForEachOp$OfRef.evaluateSequential(ForEachOps.java:173)
	at java.base/java.util.stream.AbstractPipeline.evaluate(AbstractPipeline.java:234)
	at java.base/java.util.stream.ReferencePipeline.forEach(ReferencePipeline.java:596)
	at java.base/java.util.stream.ReferencePipeline$7$1.accept(ReferencePipeline.java:276)
	at java.base/java.util.ArrayList$ArrayListSpliterator.forEachRemaining(ArrayList.java:1625)
	at java.base/java.util.stream.AbstractPipeline.copyInto(AbstractPipeline.java:509)
	at java.base/java.util.stream.AbstractPipeline.wrapAndCopyInto(AbstractPipeline.java:499)
	at java.base/java.util.stream.ForEachOps$ForEachOp.evaluateSequential(ForEachOps.java:150)
	at java.base/java.util.stream.ForEachOps$ForEachOp$OfRef.evaluateSequential(ForEachOps.java:173)
	at java.base/java.util.stream.AbstractPipeline.evaluate(AbstractPipeline.java:234)
	at java.base/java.util.stream.ReferencePipeline.forEach(ReferencePipeline.java:596)
	at org.junit.jupiter.engine.descriptor.TestTemplateTestDescriptor.execute(TestTemplateTestDescriptor.java:107)
	at org.junit.jupiter.engine.descriptor.TestTemplateTestDescriptor.execute(TestTemplateTestDescriptor.java:42)
	at org.junit.platform.engine.support.hierarchical.NodeTestTask.lambda$executeRecursively$5(NodeTestTask.java:139)
	at org.junit.platform.engine.support.hierarchical.ThrowableCollector.execute(ThrowableCollector.java:73)
	at org.junit.platform.engine.support.hierarchical.NodeTestTask.lambda$executeRecursively$7(NodeTestTask.java:129)
	at org.junit.platform.engine.support.hierarchical.Node.around(Node.java:137)
	at org.junit.platform.engine.support.hierarchical.NodeTestTask.lambda$executeRecursively$8(NodeTestTask.java:127)
	at org.junit.platform.engine.support.hierarchical.ThrowableCollector.execute(ThrowableCollector.java:73)
	at org.junit.platform.engine.support.hierarchical.NodeTestTask.executeRecursively(NodeTestTask.java:126)
	at org.junit.platform.engine.support.hierarchical.NodeTestTask.execute(NodeTestTask.java:84)
	at java.base/java.util.ArrayList.forEach(ArrayList.java:1511)
	at org.junit.platform.engine.support.hierarchical.SameThreadHierarchicalTestExecutorService.invokeAll(SameThreadHierarchicalTestExecutorService.java:38)
	at org.junit.platform.engine.support.hierarchical.NodeTestTask.lambda$executeRecursively$5(NodeTestTask.java:143)
	at org.junit.platform.engine.support.hierarchical.ThrowableCollector.execute(ThrowableCollector.java:73)
	at org.junit.platform.engine.support.hierarchical.NodeTestTask.lambda$executeRecursively$7(NodeTestTask.java:129)
	at org.junit.platform.engine.support.hierarchical.Node.around(Node.java:137)
	at org.junit.platform.engine.support.hierarchical.NodeTestTask.lambda$executeRecursively$8(NodeTestTask.java:127)
	at org.junit.platform.engine.support.hierarchical.ThrowableCollector.execute(ThrowableCollector.java:73)
	at org.junit.platform.engine.support.hierarchical.NodeTestTask.executeRecursively(NodeTestTask.java:126)
	at org.junit.platform.engine.support.hierarchical.NodeTestTask.execute(NodeTestTask.java:84)
	at java.base/java.util.ArrayList.forEach(ArrayList.java:1511)
	at org.junit.platform.engine.support.hierarchical.SameThreadHierarchicalTestExecutorService.invokeAll(SameThreadHierarchicalTestExecutorService.java:38)
	at org.junit.platform.engine.support.hierarchical.NodeTestTask.lambda$executeRecursively$5(NodeTestTask.java:143)
	at org.junit.platform.engine.support.hierarchical.ThrowableCollector.execute(ThrowableCollector.java:73)
	at org.junit.platform.engine.support.hierarchical.NodeTestTask.lambda$executeRecursively$7(NodeTestTask.java:129)
	at org.junit.platform.engine.support.hierarchical.Node.around(Node.java:137)
	at org.junit.platform.engine.support.hierarchical.NodeTestTask.lambda$executeRecursively$8(NodeTestTask.java:127)
	at org.junit.platform.engine.support.hierarchical.ThrowableCollector.execute(ThrowableCollector.java:73)
	at org.junit.platform.engine.support.hierarchical.NodeTestTask.executeRecursively(NodeTestTask.java:126)
	at org.junit.platform.engine.support.hierarchical.NodeTestTask.execute(NodeTestTask.java:84)
	at org.junit.platform.engine.support.hierarchical.SameThreadHierarchicalTestExecutorService.submit(SameThreadHierarchicalTestExecutorService.java:32)
	at org.junit.platform.engine.support.hierarchical.HierarchicalTestExecutor.execute(HierarchicalTestExecutor.java:57)
	at org.junit.platform.engine.support.hierarchical.HierarchicalTestEngine.execute(HierarchicalTestEngine.java:51)
	at org.junit.platform.launcher.core.EngineExecutionOrchestrator.execute(EngineExecutionOrchestrator.java:108)
	at org.junit.platform.launcher.core.EngineExecutionOrchestrator.execute(EngineExecutionOrchestrator.java:88)
	at org.junit.platform.launcher.core.EngineExecutionOrchestrator.lambda$execute$0(EngineExecutionOrchestrator.java:54)
	at org.junit.platform.launcher.core.EngineExecutionOrchestrator.withInterceptedStreams(EngineExecutionOrchestrator.java:67)
	at org.junit.platform.launcher.core.EngineExecutionOrchestrator.execute(EngineExecutionOrchestrator.java:52)
	at org.junit.platform.launcher.core.DefaultLauncher.execute(DefaultLauncher.java:96)
	at org.junit.platform.launcher.core.DefaultLauncher.execute(DefaultLauncher.java:75)
	at org.junit.platform.console.tasks.ConsoleTestExecutor.executeTests(ConsoleTestExecutor.java:66)
	at org.junit.platform.console.tasks.ConsoleTestExecutor.lambda$execute$0(ConsoleTestExecutor.java:58)
	at org.junit.platform.console.tasks.CustomContextClassLoaderExecutor.replaceThreadContextClassLoaderAndInvoke(CustomContextClassLoaderExecutor.java:41)
	at org.junit.platform.console.tasks.CustomContextClassLoaderExecutor.invoke(CustomContextClassLoaderExecutor.java:31)
	at org.junit.platform.console.tasks.ConsoleTestExecutor.execute(ConsoleTestExecutor.java:58)
	at org.junit.platform.console.ConsoleLauncher.executeTests(ConsoleLauncher.java:95)
	at org.junit.platform.console.ConsoleLauncher.execute(ConsoleLauncher.java:73)
	at org.junit.platform.console.ConsoleLauncher.execute(ConsoleLauncher.java:50)
	at org.junit.platform.console.ConsoleLauncher.execute(ConsoleLauncher.java:43)
	at org.junit.platform.console.ConsoleLauncher.main(ConsoleLauncher.java:37)
]]></skipped>
<system-out><![CDATA[
unique-id: [engine:junit-jupiter]/[class:minebayd1.test.TestUser]/[test-template:testnext(minebayd1.User)]/[test-template-invocation:#70]
display-name: [70] Yanis a 61 annonces ouvertes, 4 annonces fermées et 3 achats 

]]></system-out>
</testcase>
<testcase name="testnext(User)[71]" classname="minebayd1.test.TestUser" time="0">
<skipped><![CDATA[org.opentest4j.TestAbortedException: Assumption failed: assumption is not true
	at org.junit.jupiter.api.Assumptions.throwTestAbortedException(Assumptions.java:256)
	at org.junit.jupiter.api.Assumptions.assumeTrue(Assumptions.java:115)
	at org.junit.jupiter.api.Assumptions.assumeTrue(Assumptions.java:66)
	at minebayd1.test.TestUser.testnext(TestUser.java:1137)
	at jdk.internal.reflect.GeneratedMethodAccessor10.invoke(Unknown Source)
	at java.base/jdk.internal.reflect.DelegatingMethodAccessorImpl.invoke(DelegatingMethodAccessorImpl.java:43)
	at java.base/java.lang.reflect.Method.invoke(Method.java:569)
	at org.junit.platform.commons.util.ReflectionUtils.invokeMethod(ReflectionUtils.java:688)
	at org.junit.jupiter.engine.execution.MethodInvocation.proceed(MethodInvocation.java:60)
	at org.junit.jupiter.engine.execution.InvocationInterceptorChain$ValidatingInvocation.proceed(InvocationInterceptorChain.java:131)
	at org.junit.jupiter.engine.extension.TimeoutExtension.intercept(TimeoutExtension.java:149)
	at org.junit.jupiter.engine.extension.TimeoutExtension.interceptTestableMethod(TimeoutExtension.java:140)
	at org.junit.jupiter.engine.extension.TimeoutExtension.interceptTestTemplateMethod(TimeoutExtension.java:92)
	at org.junit.jupiter.engine.execution.ExecutableInvoker$ReflectiveInterceptorCall.lambda$ofVoidMethod$0(ExecutableInvoker.java:115)
	at org.junit.jupiter.engine.execution.ExecutableInvoker.lambda$invoke$0(ExecutableInvoker.java:105)
	at org.junit.jupiter.engine.execution.InvocationInterceptorChain$InterceptedInvocation.proceed(InvocationInterceptorChain.java:106)
	at org.junit.jupiter.engine.execution.InvocationInterceptorChain.proceed(InvocationInterceptorChain.java:64)
	at org.junit.jupiter.engine.execution.InvocationInterceptorChain.chainAndInvoke(InvocationInterceptorChain.java:45)
	at org.junit.jupiter.engine.execution.InvocationInterceptorChain.invoke(InvocationInterceptorChain.java:37)
	at org.junit.jupiter.engine.execution.ExecutableInvoker.invoke(ExecutableInvoker.java:104)
	at org.junit.jupiter.engine.execution.ExecutableInvoker.invoke(ExecutableInvoker.java:98)
	at org.junit.jupiter.engine.descriptor.TestMethodTestDescriptor.lambda$invokeTestMethod$6(TestMethodTestDescriptor.java:210)
	at org.junit.platform.engine.support.hierarchical.ThrowableCollector.execute(ThrowableCollector.java:73)
	at org.junit.jupiter.engine.descriptor.TestMethodTestDescriptor.invokeTestMethod(TestMethodTestDescriptor.java:206)
	at org.junit.jupiter.engine.descriptor.TestMethodTestDescriptor.execute(TestMethodTestDescriptor.java:131)
	at org.junit.jupiter.engine.descriptor.TestMethodTestDescriptor.execute(TestMethodTestDescriptor.java:65)
	at org.junit.platform.engine.support.hierarchical.NodeTestTask.lambda$executeRecursively$5(NodeTestTask.java:139)
	at org.junit.platform.engine.support.hierarchical.ThrowableCollector.execute(ThrowableCollector.java:73)
	at org.junit.platform.engine.support.hierarchical.NodeTestTask.lambda$executeRecursively$7(NodeTestTask.java:129)
	at org.junit.platform.engine.support.hierarchical.Node.around(Node.java:137)
	at org.junit.platform.engine.support.hierarchical.NodeTestTask.lambda$executeRecursively$8(NodeTestTask.java:127)
	at org.junit.platform.engine.support.hierarchical.ThrowableCollector.execute(ThrowableCollector.java:73)
	at org.junit.platform.engine.support.hierarchical.NodeTestTask.executeRecursively(NodeTestTask.java:126)
	at org.junit.platform.engine.support.hierarchical.NodeTestTask.execute(NodeTestTask.java:84)
	at org.junit.platform.engine.support.hierarchical.SameThreadHierarchicalTestExecutorService.submit(SameThreadHierarchicalTestExecutorService.java:32)
	at org.junit.platform.engine.support.hierarchical.NodeTestTask$DefaultDynamicTestExecutor.execute(NodeTestTask.java:212)
	at org.junit.platform.engine.support.hierarchical.NodeTestTask$DefaultDynamicTestExecutor.execute(NodeTestTask.java:192)
	at org.junit.jupiter.engine.descriptor.TestTemplateTestDescriptor.execute(TestTemplateTestDescriptor.java:139)
	at org.junit.jupiter.engine.descriptor.TestTemplateTestDescriptor.lambda$execute$2(TestTemplateTestDescriptor.java:107)
	at java.base/java.util.stream.ForEachOps$ForEachOp$OfRef.accept(ForEachOps.java:183)
	at java.base/java.util.stream.ReferencePipeline$3$1.accept(ReferencePipeline.java:197)
	at java.base/java.util.stream.ReferencePipeline$2$1.accept(ReferencePipeline.java:179)
	at java.base/java.util.stream.ReferencePipeline$3$1.accept(ReferencePipeline.java:197)
	at java.base/java.util.stream.ForEachOps$ForEachOp$OfRef.accept(ForEachOps.java:183)
	at java.base/java.util.stream.ReferencePipeline$15$1.accept(ReferencePipeline.java:541)
	at java.base/java.util.stream.ReferencePipeline$3$1.accept(ReferencePipeline.java:197)
	at java.base/java.util.stream.ReferencePipeline$3$1.accept(ReferencePipeline.java:197)
	at java.base/java.util.stream.ReferencePipeline$3$1.accept(ReferencePipeline.java:197)
	at java.base/java.util.stream.ForEachOps$ForEachOp$OfRef.accept(ForEachOps.java:183)
	at java.base/java.util.stream.ReferencePipeline$3$1.accept(ReferencePipeline.java:197)
	at java.base/java.util.stream.ForEachOps$ForEachOp$OfRef.accept(ForEachOps.java:183)
	at java.base/java.util.stream.SliceOps$1$1.accept(SliceOps.java:200)
	at java.base/java.util.stream.StreamSpliterators$InfiniteSupplyingSpliterator$OfRef.tryAdvance(StreamSpliterators.java:1358)
	at java.base/java.util.stream.ReferencePipeline.forEachWithCancel(ReferencePipeline.java:129)
	at java.base/java.util.stream.AbstractPipeline.copyIntoWithCancel(AbstractPipeline.java:527)
	at java.base/java.util.stream.AbstractPipeline.copyInto(AbstractPipeline.java:513)
	at java.base/java.util.stream.AbstractPipeline.wrapAndCopyInto(AbstractPipeline.java:499)
	at java.base/java.util.stream.ForEachOps$ForEachOp.evaluateSequential(ForEachOps.java:150)
	at java.base/java.util.stream.ForEachOps$ForEachOp$OfRef.evaluateSequential(ForEachOps.java:173)
	at java.base/java.util.stream.AbstractPipeline.evaluate(AbstractPipeline.java:234)
	at java.base/java.util.stream.ReferencePipeline.forEach(ReferencePipeline.java:596)
	at java.base/java.util.stream.ReferencePipeline$7$1.accept(ReferencePipeline.java:276)
	at java.base/java.util.stream.ReferencePipeline$3$1.accept(ReferencePipeline.java:197)
	at java.base/java.util.stream.ReferencePipeline$3$1.accept(ReferencePipeline.java:197)
	at java.base/java.util.Spliterators$ArraySpliterator.forEachRemaining(Spliterators.java:992)
	at java.base/java.util.stream.AbstractPipeline.copyInto(AbstractPipeline.java:509)
	at java.base/java.util.stream.AbstractPipeline.wrapAndCopyInto(AbstractPipeline.java:499)
	at java.base/java.util.stream.ForEachOps$ForEachOp.evaluateSequential(ForEachOps.java:150)
	at java.base/java.util.stream.ForEachOps$ForEachOp$OfRef.evaluateSequential(ForEachOps.java:173)
	at java.base/java.util.stream.AbstractPipeline.evaluate(AbstractPipeline.java:234)
	at java.base/java.util.stream.ReferencePipeline.forEach(ReferencePipeline.java:596)
	at java.base/java.util.stream.ReferencePipeline$7$1.accept(ReferencePipeline.java:276)
	at java.base/java.util.stream.ReferencePipeline$3$1.accept(ReferencePipeline.java:197)
	at java.base/java.util.stream.ReferencePipeline$3$1.accept(ReferencePipeline.java:197)
	at java.base/java.util.stream.ReferencePipeline$3$1.accept(ReferencePipeline.java:197)
	at java.base/java.util.ArrayList$ArrayListSpliterator.forEachRemaining(ArrayList.java:1625)
	at java.base/java.util.stream.AbstractPipeline.copyInto(AbstractPipeline.java:509)
	at java.base/java.util.stream.AbstractPipeline.wrapAndCopyInto(AbstractPipeline.java:499)
	at java.base/java.util.stream.ForEachOps$ForEachOp.evaluateSequential(ForEachOps.java:150)
	at java.base/java.util.stream.ForEachOps$ForEachOp$OfRef.evaluateSequential(ForEachOps.java:173)
	at java.base/java.util.stream.AbstractPipeline.evaluate(AbstractPipeline.java:234)
	at java.base/java.util.stream.ReferencePipeline.forEach(ReferencePipeline.java:596)
	at java.base/java.util.stream.ReferencePipeline$7$1.accept(ReferencePipeline.java:276)
	at java.base/java.util.ArrayList$ArrayListSpliterator.forEachRemaining(ArrayList.java:1625)
	at java.base/java.util.stream.AbstractPipeline.copyInto(AbstractPipeline.java:509)
	at java.base/java.util.stream.AbstractPipeline.wrapAndCopyInto(AbstractPipeline.java:499)
	at java.base/java.util.stream.ForEachOps$ForEachOp.evaluateSequential(ForEachOps.java:150)
	at java.base/java.util.stream.ForEachOps$ForEachOp$OfRef.evaluateSequential(ForEachOps.java:173)
	at java.base/java.util.stream.AbstractPipeline.evaluate(AbstractPipeline.java:234)
	at java.base/java.util.stream.ReferencePipeline.forEach(ReferencePipeline.java:596)
	at org.junit.jupiter.engine.descriptor.TestTemplateTestDescriptor.execute(TestTemplateTestDescriptor.java:107)
	at org.junit.jupiter.engine.descriptor.TestTemplateTestDescriptor.execute(TestTemplateTestDescriptor.java:42)
	at org.junit.platform.engine.support.hierarchical.NodeTestTask.lambda$executeRecursively$5(NodeTestTask.java:139)
	at org.junit.platform.engine.support.hierarchical.ThrowableCollector.execute(ThrowableCollector.java:73)
	at org.junit.platform.engine.support.hierarchical.NodeTestTask.lambda$executeRecursively$7(NodeTestTask.java:129)
	at org.junit.platform.engine.support.hierarchical.Node.around(Node.java:137)
	at org.junit.platform.engine.support.hierarchical.NodeTestTask.lambda$executeRecursively$8(NodeTestTask.java:127)
	at org.junit.platform.engine.support.hierarchical.ThrowableCollector.execute(ThrowableCollector.java:73)
	at org.junit.platform.engine.support.hierarchical.NodeTestTask.executeRecursively(NodeTestTask.java:126)
	at org.junit.platform.engine.support.hierarchical.NodeTestTask.execute(NodeTestTask.java:84)
	at java.base/java.util.ArrayList.forEach(ArrayList.java:1511)
	at org.junit.platform.engine.support.hierarchical.SameThreadHierarchicalTestExecutorService.invokeAll(SameThreadHierarchicalTestExecutorService.java:38)
	at org.junit.platform.engine.support.hierarchical.NodeTestTask.lambda$executeRecursively$5(NodeTestTask.java:143)
	at org.junit.platform.engine.support.hierarchical.ThrowableCollector.execute(ThrowableCollector.java:73)
	at org.junit.platform.engine.support.hierarchical.NodeTestTask.lambda$executeRecursively$7(NodeTestTask.java:129)
	at org.junit.platform.engine.support.hierarchical.Node.around(Node.java:137)
	at org.junit.platform.engine.support.hierarchical.NodeTestTask.lambda$executeRecursively$8(NodeTestTask.java:127)
	at org.junit.platform.engine.support.hierarchical.ThrowableCollector.execute(ThrowableCollector.java:73)
	at org.junit.platform.engine.support.hierarchical.NodeTestTask.executeRecursively(NodeTestTask.java:126)
	at org.junit.platform.engine.support.hierarchical.NodeTestTask.execute(NodeTestTask.java:84)
	at java.base/java.util.ArrayList.forEach(ArrayList.java:1511)
	at org.junit.platform.engine.support.hierarchical.SameThreadHierarchicalTestExecutorService.invokeAll(SameThreadHierarchicalTestExecutorService.java:38)
	at org.junit.platform.engine.support.hierarchical.NodeTestTask.lambda$executeRecursively$5(NodeTestTask.java:143)
	at org.junit.platform.engine.support.hierarchical.ThrowableCollector.execute(ThrowableCollector.java:73)
	at org.junit.platform.engine.support.hierarchical.NodeTestTask.lambda$executeRecursively$7(NodeTestTask.java:129)
	at org.junit.platform.engine.support.hierarchical.Node.around(Node.java:137)
	at org.junit.platform.engine.support.hierarchical.NodeTestTask.lambda$executeRecursively$8(NodeTestTask.java:127)
	at org.junit.platform.engine.support.hierarchical.ThrowableCollector.execute(ThrowableCollector.java:73)
	at org.junit.platform.engine.support.hierarchical.NodeTestTask.executeRecursively(NodeTestTask.java:126)
	at org.junit.platform.engine.support.hierarchical.NodeTestTask.execute(NodeTestTask.java:84)
	at org.junit.platform.engine.support.hierarchical.SameThreadHierarchicalTestExecutorService.submit(SameThreadHierarchicalTestExecutorService.java:32)
	at org.junit.platform.engine.support.hierarchical.HierarchicalTestExecutor.execute(HierarchicalTestExecutor.java:57)
	at org.junit.platform.engine.support.hierarchical.HierarchicalTestEngine.execute(HierarchicalTestEngine.java:51)
	at org.junit.platform.launcher.core.EngineExecutionOrchestrator.execute(EngineExecutionOrchestrator.java:108)
	at org.junit.platform.launcher.core.EngineExecutionOrchestrator.execute(EngineExecutionOrchestrator.java:88)
	at org.junit.platform.launcher.core.EngineExecutionOrchestrator.lambda$execute$0(EngineExecutionOrchestrator.java:54)
	at org.junit.platform.launcher.core.EngineExecutionOrchestrator.withInterceptedStreams(EngineExecutionOrchestrator.java:67)
	at org.junit.platform.launcher.core.EngineExecutionOrchestrator.execute(EngineExecutionOrchestrator.java:52)
	at org.junit.platform.launcher.core.DefaultLauncher.execute(DefaultLauncher.java:96)
	at org.junit.platform.launcher.core.DefaultLauncher.execute(DefaultLauncher.java:75)
	at org.junit.platform.console.tasks.ConsoleTestExecutor.executeTests(ConsoleTestExecutor.java:66)
	at org.junit.platform.console.tasks.ConsoleTestExecutor.lambda$execute$0(ConsoleTestExecutor.java:58)
	at org.junit.platform.console.tasks.CustomContextClassLoaderExecutor.replaceThreadContextClassLoaderAndInvoke(CustomContextClassLoaderExecutor.java:41)
	at org.junit.platform.console.tasks.CustomContextClassLoaderExecutor.invoke(CustomContextClassLoaderExecutor.java:31)
	at org.junit.platform.console.tasks.ConsoleTestExecutor.execute(ConsoleTestExecutor.java:58)
	at org.junit.platform.console.ConsoleLauncher.executeTests(ConsoleLauncher.java:95)
	at org.junit.platform.console.ConsoleLauncher.execute(ConsoleLauncher.java:73)
	at org.junit.platform.console.ConsoleLauncher.execute(ConsoleLauncher.java:50)
	at org.junit.platform.console.ConsoleLauncher.execute(ConsoleLauncher.java:43)
	at org.junit.platform.console.ConsoleLauncher.main(ConsoleLauncher.java:37)
]]></skipped>
<system-out><![CDATA[
unique-id: [engine:junit-jupiter]/[class:minebayd1.test.TestUser]/[test-template:testnext(minebayd1.User)]/[test-template-invocation:#71]
display-name: [71] Mohamed a 45 annonces ouvertes, 2 annonces fermées et 3 achats 

]]></system-out>
</testcase>
<testcase name="testnext(User)[72]" classname="minebayd1.test.TestUser" time="0">
<skipped><![CDATA[org.opentest4j.TestAbortedException: Assumption failed: assumption is not true
	at org.junit.jupiter.api.Assumptions.throwTestAbortedException(Assumptions.java:256)
	at org.junit.jupiter.api.Assumptions.assumeTrue(Assumptions.java:115)
	at org.junit.jupiter.api.Assumptions.assumeTrue(Assumptions.java:66)
	at minebayd1.test.TestUser.testnext(TestUser.java:1137)
	at jdk.internal.reflect.GeneratedMethodAccessor10.invoke(Unknown Source)
	at java.base/jdk.internal.reflect.DelegatingMethodAccessorImpl.invoke(DelegatingMethodAccessorImpl.java:43)
	at java.base/java.lang.reflect.Method.invoke(Method.java:569)
	at org.junit.platform.commons.util.ReflectionUtils.invokeMethod(ReflectionUtils.java:688)
	at org.junit.jupiter.engine.execution.MethodInvocation.proceed(MethodInvocation.java:60)
	at org.junit.jupiter.engine.execution.InvocationInterceptorChain$ValidatingInvocation.proceed(InvocationInterceptorChain.java:131)
	at org.junit.jupiter.engine.extension.TimeoutExtension.intercept(TimeoutExtension.java:149)
	at org.junit.jupiter.engine.extension.TimeoutExtension.interceptTestableMethod(TimeoutExtension.java:140)
	at org.junit.jupiter.engine.extension.TimeoutExtension.interceptTestTemplateMethod(TimeoutExtension.java:92)
	at org.junit.jupiter.engine.execution.ExecutableInvoker$ReflectiveInterceptorCall.lambda$ofVoidMethod$0(ExecutableInvoker.java:115)
	at org.junit.jupiter.engine.execution.ExecutableInvoker.lambda$invoke$0(ExecutableInvoker.java:105)
	at org.junit.jupiter.engine.execution.InvocationInterceptorChain$InterceptedInvocation.proceed(InvocationInterceptorChain.java:106)
	at org.junit.jupiter.engine.execution.InvocationInterceptorChain.proceed(InvocationInterceptorChain.java:64)
	at org.junit.jupiter.engine.execution.InvocationInterceptorChain.chainAndInvoke(InvocationInterceptorChain.java:45)
	at org.junit.jupiter.engine.execution.InvocationInterceptorChain.invoke(InvocationInterceptorChain.java:37)
	at org.junit.jupiter.engine.execution.ExecutableInvoker.invoke(ExecutableInvoker.java:104)
	at org.junit.jupiter.engine.execution.ExecutableInvoker.invoke(ExecutableInvoker.java:98)
	at org.junit.jupiter.engine.descriptor.TestMethodTestDescriptor.lambda$invokeTestMethod$6(TestMethodTestDescriptor.java:210)
	at org.junit.platform.engine.support.hierarchical.ThrowableCollector.execute(ThrowableCollector.java:73)
	at org.junit.jupiter.engine.descriptor.TestMethodTestDescriptor.invokeTestMethod(TestMethodTestDescriptor.java:206)
	at org.junit.jupiter.engine.descriptor.TestMethodTestDescriptor.execute(TestMethodTestDescriptor.java:131)
	at org.junit.jupiter.engine.descriptor.TestMethodTestDescriptor.execute(TestMethodTestDescriptor.java:65)
	at org.junit.platform.engine.support.hierarchical.NodeTestTask.lambda$executeRecursively$5(NodeTestTask.java:139)
	at org.junit.platform.engine.support.hierarchical.ThrowableCollector.execute(ThrowableCollector.java:73)
	at org.junit.platform.engine.support.hierarchical.NodeTestTask.lambda$executeRecursively$7(NodeTestTask.java:129)
	at org.junit.platform.engine.support.hierarchical.Node.around(Node.java:137)
	at org.junit.platform.engine.support.hierarchical.NodeTestTask.lambda$executeRecursively$8(NodeTestTask.java:127)
	at org.junit.platform.engine.support.hierarchical.ThrowableCollector.execute(ThrowableCollector.java:73)
	at org.junit.platform.engine.support.hierarchical.NodeTestTask.executeRecursively(NodeTestTask.java:126)
	at org.junit.platform.engine.support.hierarchical.NodeTestTask.execute(NodeTestTask.java:84)
	at org.junit.platform.engine.support.hierarchical.SameThreadHierarchicalTestExecutorService.submit(SameThreadHierarchicalTestExecutorService.java:32)
	at org.junit.platform.engine.support.hierarchical.NodeTestTask$DefaultDynamicTestExecutor.execute(NodeTestTask.java:212)
	at org.junit.platform.engine.support.hierarchical.NodeTestTask$DefaultDynamicTestExecutor.execute(NodeTestTask.java:192)
	at org.junit.jupiter.engine.descriptor.TestTemplateTestDescriptor.execute(TestTemplateTestDescriptor.java:139)
	at org.junit.jupiter.engine.descriptor.TestTemplateTestDescriptor.lambda$execute$2(TestTemplateTestDescriptor.java:107)
	at java.base/java.util.stream.ForEachOps$ForEachOp$OfRef.accept(ForEachOps.java:183)
	at java.base/java.util.stream.ReferencePipeline$3$1.accept(ReferencePipeline.java:197)
	at java.base/java.util.stream.ReferencePipeline$2$1.accept(ReferencePipeline.java:179)
	at java.base/java.util.stream.ReferencePipeline$3$1.accept(ReferencePipeline.java:197)
	at java.base/java.util.stream.ForEachOps$ForEachOp$OfRef.accept(ForEachOps.java:183)
	at java.base/java.util.stream.ReferencePipeline$15$1.accept(ReferencePipeline.java:541)
	at java.base/java.util.stream.ReferencePipeline$3$1.accept(ReferencePipeline.java:197)
	at java.base/java.util.stream.ReferencePipeline$3$1.accept(ReferencePipeline.java:197)
	at java.base/java.util.stream.ReferencePipeline$3$1.accept(ReferencePipeline.java:197)
	at java.base/java.util.stream.ForEachOps$ForEachOp$OfRef.accept(ForEachOps.java:183)
	at java.base/java.util.stream.ReferencePipeline$3$1.accept(ReferencePipeline.java:197)
	at java.base/java.util.stream.ForEachOps$ForEachOp$OfRef.accept(ForEachOps.java:183)
	at java.base/java.util.stream.SliceOps$1$1.accept(SliceOps.java:200)
	at java.base/java.util.stream.StreamSpliterators$InfiniteSupplyingSpliterator$OfRef.tryAdvance(StreamSpliterators.java:1358)
	at java.base/java.util.stream.ReferencePipeline.forEachWithCancel(ReferencePipeline.java:129)
	at java.base/java.util.stream.AbstractPipeline.copyIntoWithCancel(AbstractPipeline.java:527)
	at java.base/java.util.stream.AbstractPipeline.copyInto(AbstractPipeline.java:513)
	at java.base/java.util.stream.AbstractPipeline.wrapAndCopyInto(AbstractPipeline.java:499)
	at java.base/java.util.stream.ForEachOps$ForEachOp.evaluateSequential(ForEachOps.java:150)
	at java.base/java.util.stream.ForEachOps$ForEachOp$OfRef.evaluateSequential(ForEachOps.java:173)
	at java.base/java.util.stream.AbstractPipeline.evaluate(AbstractPipeline.java:234)
	at java.base/java.util.stream.ReferencePipeline.forEach(ReferencePipeline.java:596)
	at java.base/java.util.stream.ReferencePipeline$7$1.accept(ReferencePipeline.java:276)
	at java.base/java.util.stream.ReferencePipeline$3$1.accept(ReferencePipeline.java:197)
	at java.base/java.util.stream.ReferencePipeline$3$1.accept(ReferencePipeline.java:197)
	at java.base/java.util.Spliterators$ArraySpliterator.forEachRemaining(Spliterators.java:992)
	at java.base/java.util.stream.AbstractPipeline.copyInto(AbstractPipeline.java:509)
	at java.base/java.util.stream.AbstractPipeline.wrapAndCopyInto(AbstractPipeline.java:499)
	at java.base/java.util.stream.ForEachOps$ForEachOp.evaluateSequential(ForEachOps.java:150)
	at java.base/java.util.stream.ForEachOps$ForEachOp$OfRef.evaluateSequential(ForEachOps.java:173)
	at java.base/java.util.stream.AbstractPipeline.evaluate(AbstractPipeline.java:234)
	at java.base/java.util.stream.ReferencePipeline.forEach(ReferencePipeline.java:596)
	at java.base/java.util.stream.ReferencePipeline$7$1.accept(ReferencePipeline.java:276)
	at java.base/java.util.stream.ReferencePipeline$3$1.accept(ReferencePipeline.java:197)
	at java.base/java.util.stream.ReferencePipeline$3$1.accept(ReferencePipeline.java:197)
	at java.base/java.util.stream.ReferencePipeline$3$1.accept(ReferencePipeline.java:197)
	at java.base/java.util.ArrayList$ArrayListSpliterator.forEachRemaining(ArrayList.java:1625)
	at java.base/java.util.stream.AbstractPipeline.copyInto(AbstractPipeline.java:509)
	at java.base/java.util.stream.AbstractPipeline.wrapAndCopyInto(AbstractPipeline.java:499)
	at java.base/java.util.stream.ForEachOps$ForEachOp.evaluateSequential(ForEachOps.java:150)
	at java.base/java.util.stream.ForEachOps$ForEachOp$OfRef.evaluateSequential(ForEachOps.java:173)
	at java.base/java.util.stream.AbstractPipeline.evaluate(AbstractPipeline.java:234)
	at java.base/java.util.stream.ReferencePipeline.forEach(ReferencePipeline.java:596)
	at java.base/java.util.stream.ReferencePipeline$7$1.accept(ReferencePipeline.java:276)
	at java.base/java.util.ArrayList$ArrayListSpliterator.forEachRemaining(ArrayList.java:1625)
	at java.base/java.util.stream.AbstractPipeline.copyInto(AbstractPipeline.java:509)
	at java.base/java.util.stream.AbstractPipeline.wrapAndCopyInto(AbstractPipeline.java:499)
	at java.base/java.util.stream.ForEachOps$ForEachOp.evaluateSequential(ForEachOps.java:150)
	at java.base/java.util.stream.ForEachOps$ForEachOp$OfRef.evaluateSequential(ForEachOps.java:173)
	at java.base/java.util.stream.AbstractPipeline.evaluate(AbstractPipeline.java:234)
	at java.base/java.util.stream.ReferencePipeline.forEach(ReferencePipeline.java:596)
	at org.junit.jupiter.engine.descriptor.TestTemplateTestDescriptor.execute(TestTemplateTestDescriptor.java:107)
	at org.junit.jupiter.engine.descriptor.TestTemplateTestDescriptor.execute(TestTemplateTestDescriptor.java:42)
	at org.junit.platform.engine.support.hierarchical.NodeTestTask.lambda$executeRecursively$5(NodeTestTask.java:139)
	at org.junit.platform.engine.support.hierarchical.ThrowableCollector.execute(ThrowableCollector.java:73)
	at org.junit.platform.engine.support.hierarchical.NodeTestTask.lambda$executeRecursively$7(NodeTestTask.java:129)
	at org.junit.platform.engine.support.hierarchical.Node.around(Node.java:137)
	at org.junit.platform.engine.support.hierarchical.NodeTestTask.lambda$executeRecursively$8(NodeTestTask.java:127)
	at org.junit.platform.engine.support.hierarchical.ThrowableCollector.execute(ThrowableCollector.java:73)
	at org.junit.platform.engine.support.hierarchical.NodeTestTask.executeRecursively(NodeTestTask.java:126)
	at org.junit.platform.engine.support.hierarchical.NodeTestTask.execute(NodeTestTask.java:84)
	at java.base/java.util.ArrayList.forEach(ArrayList.java:1511)
	at org.junit.platform.engine.support.hierarchical.SameThreadHierarchicalTestExecutorService.invokeAll(SameThreadHierarchicalTestExecutorService.java:38)
	at org.junit.platform.engine.support.hierarchical.NodeTestTask.lambda$executeRecursively$5(NodeTestTask.java:143)
	at org.junit.platform.engine.support.hierarchical.ThrowableCollector.execute(ThrowableCollector.java:73)
	at org.junit.platform.engine.support.hierarchical.NodeTestTask.lambda$executeRecursively$7(NodeTestTask.java:129)
	at org.junit.platform.engine.support.hierarchical.Node.around(Node.java:137)
	at org.junit.platform.engine.support.hierarchical.NodeTestTask.lambda$executeRecursively$8(NodeTestTask.java:127)
	at org.junit.platform.engine.support.hierarchical.ThrowableCollector.execute(ThrowableCollector.java:73)
	at org.junit.platform.engine.support.hierarchical.NodeTestTask.executeRecursively(NodeTestTask.java:126)
	at org.junit.platform.engine.support.hierarchical.NodeTestTask.execute(NodeTestTask.java:84)
	at java.base/java.util.ArrayList.forEach(ArrayList.java:1511)
	at org.junit.platform.engine.support.hierarchical.SameThreadHierarchicalTestExecutorService.invokeAll(SameThreadHierarchicalTestExecutorService.java:38)
	at org.junit.platform.engine.support.hierarchical.NodeTestTask.lambda$executeRecursively$5(NodeTestTask.java:143)
	at org.junit.platform.engine.support.hierarchical.ThrowableCollector.execute(ThrowableCollector.java:73)
	at org.junit.platform.engine.support.hierarchical.NodeTestTask.lambda$executeRecursively$7(NodeTestTask.java:129)
	at org.junit.platform.engine.support.hierarchical.Node.around(Node.java:137)
	at org.junit.platform.engine.support.hierarchical.NodeTestTask.lambda$executeRecursively$8(NodeTestTask.java:127)
	at org.junit.platform.engine.support.hierarchical.ThrowableCollector.execute(ThrowableCollector.java:73)
	at org.junit.platform.engine.support.hierarchical.NodeTestTask.executeRecursively(NodeTestTask.java:126)
	at org.junit.platform.engine.support.hierarchical.NodeTestTask.execute(NodeTestTask.java:84)
	at org.junit.platform.engine.support.hierarchical.SameThreadHierarchicalTestExecutorService.submit(SameThreadHierarchicalTestExecutorService.java:32)
	at org.junit.platform.engine.support.hierarchical.HierarchicalTestExecutor.execute(HierarchicalTestExecutor.java:57)
	at org.junit.platform.engine.support.hierarchical.HierarchicalTestEngine.execute(HierarchicalTestEngine.java:51)
	at org.junit.platform.launcher.core.EngineExecutionOrchestrator.execute(EngineExecutionOrchestrator.java:108)
	at org.junit.platform.launcher.core.EngineExecutionOrchestrator.execute(EngineExecutionOrchestrator.java:88)
	at org.junit.platform.launcher.core.EngineExecutionOrchestrator.lambda$execute$0(EngineExecutionOrchestrator.java:54)
	at org.junit.platform.launcher.core.EngineExecutionOrchestrator.withInterceptedStreams(EngineExecutionOrchestrator.java:67)
	at org.junit.platform.launcher.core.EngineExecutionOrchestrator.execute(EngineExecutionOrchestrator.java:52)
	at org.junit.platform.launcher.core.DefaultLauncher.execute(DefaultLauncher.java:96)
	at org.junit.platform.launcher.core.DefaultLauncher.execute(DefaultLauncher.java:75)
	at org.junit.platform.console.tasks.ConsoleTestExecutor.executeTests(ConsoleTestExecutor.java:66)
	at org.junit.platform.console.tasks.ConsoleTestExecutor.lambda$execute$0(ConsoleTestExecutor.java:58)
	at org.junit.platform.console.tasks.CustomContextClassLoaderExecutor.replaceThreadContextClassLoaderAndInvoke(CustomContextClassLoaderExecutor.java:41)
	at org.junit.platform.console.tasks.CustomContextClassLoaderExecutor.invoke(CustomContextClassLoaderExecutor.java:31)
	at org.junit.platform.console.tasks.ConsoleTestExecutor.execute(ConsoleTestExecutor.java:58)
	at org.junit.platform.console.ConsoleLauncher.executeTests(ConsoleLauncher.java:95)
	at org.junit.platform.console.ConsoleLauncher.execute(ConsoleLauncher.java:73)
	at org.junit.platform.console.ConsoleLauncher.execute(ConsoleLauncher.java:50)
	at org.junit.platform.console.ConsoleLauncher.execute(ConsoleLauncher.java:43)
	at org.junit.platform.console.ConsoleLauncher.main(ConsoleLauncher.java:37)
]]></skipped>
<system-out><![CDATA[
unique-id: [engine:junit-jupiter]/[class:minebayd1.test.TestUser]/[test-template:testnext(minebayd1.User)]/[test-template-invocation:#72]
display-name: [72] Lisa a 45 annonces ouvertes, 4 annonces fermées et 3 achats 

]]></system-out>
</testcase>
<testcase name="testnext(User)[73]" classname="minebayd1.test.TestUser" time="0">
<system-out><![CDATA[
unique-id: [engine:junit-jupiter]/[class:minebayd1.test.TestUser]/[test-template:testnext(minebayd1.User)]/[test-template-invocation:#73]
display-name: [73] Mounir a 59 annonces ouvertes, 2 annonces fermées et 2 achats 

]]></system-out>
</testcase>
<testcase name="testnext(User)[74]" classname="minebayd1.test.TestUser" time="0">
<system-out><![CDATA[
unique-id: [engine:junit-jupiter]/[class:minebayd1.test.TestUser]/[test-template:testnext(minebayd1.User)]/[test-template-invocation:#74]
display-name: [74] Issa a 70 annonces ouvertes, 3 annonces fermées et 3 achats 

]]></system-out>
</testcase>
<testcase name="testnext(User)[75]" classname="minebayd1.test.TestUser" time="0.017">
<system-out><![CDATA[
unique-id: [engine:junit-jupiter]/[class:minebayd1.test.TestUser]/[test-template:testnext(minebayd1.User)]/[test-template-invocation:#75]
display-name: [75] Adam a 49 annonces ouvertes, 3 annonces fermées et 3 achats 

]]></system-out>
</testcase>
<testcase name="testnext(User)[76]" classname="minebayd1.test.TestUser" time="0.009">
<system-out><![CDATA[
unique-id: [engine:junit-jupiter]/[class:minebayd1.test.TestUser]/[test-template:testnext(minebayd1.User)]/[test-template-invocation:#76]
display-name: [76] Ali a 57 annonces ouvertes, 6 annonces fermées et 3 achats 

]]></system-out>
</testcase>
<testcase name="testnext(User)[77]" classname="minebayd1.test.TestUser" time="0.005">
<system-out><![CDATA[
unique-id: [engine:junit-jupiter]/[class:minebayd1.test.TestUser]/[test-template:testnext(minebayd1.User)]/[test-template-invocation:#77]
display-name: [77] Nima a 50 annonces ouvertes, 1 annonces fermées et 4 achats 

]]></system-out>
</testcase>
<testcase name="testnext(User)[78]" classname="minebayd1.test.TestUser" time="0">
<skipped><![CDATA[org.opentest4j.TestAbortedException: Assumption failed: assumption is not true
	at org.junit.jupiter.api.Assumptions.throwTestAbortedException(Assumptions.java:256)
	at org.junit.jupiter.api.Assumptions.assumeTrue(Assumptions.java:115)
	at org.junit.jupiter.api.Assumptions.assumeTrue(Assumptions.java:66)
	at minebayd1.test.TestUser.testnext(TestUser.java:1137)
	at jdk.internal.reflect.GeneratedMethodAccessor10.invoke(Unknown Source)
	at java.base/jdk.internal.reflect.DelegatingMethodAccessorImpl.invoke(DelegatingMethodAccessorImpl.java:43)
	at java.base/java.lang.reflect.Method.invoke(Method.java:569)
	at org.junit.platform.commons.util.ReflectionUtils.invokeMethod(ReflectionUtils.java:688)
	at org.junit.jupiter.engine.execution.MethodInvocation.proceed(MethodInvocation.java:60)
	at org.junit.jupiter.engine.execution.InvocationInterceptorChain$ValidatingInvocation.proceed(InvocationInterceptorChain.java:131)
	at org.junit.jupiter.engine.extension.TimeoutExtension.intercept(TimeoutExtension.java:149)
	at org.junit.jupiter.engine.extension.TimeoutExtension.interceptTestableMethod(TimeoutExtension.java:140)
	at org.junit.jupiter.engine.extension.TimeoutExtension.interceptTestTemplateMethod(TimeoutExtension.java:92)
	at org.junit.jupiter.engine.execution.ExecutableInvoker$ReflectiveInterceptorCall.lambda$ofVoidMethod$0(ExecutableInvoker.java:115)
	at org.junit.jupiter.engine.execution.ExecutableInvoker.lambda$invoke$0(ExecutableInvoker.java:105)
	at org.junit.jupiter.engine.execution.InvocationInterceptorChain$InterceptedInvocation.proceed(InvocationInterceptorChain.java:106)
	at org.junit.jupiter.engine.execution.InvocationInterceptorChain.proceed(InvocationInterceptorChain.java:64)
	at org.junit.jupiter.engine.execution.InvocationInterceptorChain.chainAndInvoke(InvocationInterceptorChain.java:45)
	at org.junit.jupiter.engine.execution.InvocationInterceptorChain.invoke(InvocationInterceptorChain.java:37)
	at org.junit.jupiter.engine.execution.ExecutableInvoker.invoke(ExecutableInvoker.java:104)
	at org.junit.jupiter.engine.execution.ExecutableInvoker.invoke(ExecutableInvoker.java:98)
	at org.junit.jupiter.engine.descriptor.TestMethodTestDescriptor.lambda$invokeTestMethod$6(TestMethodTestDescriptor.java:210)
	at org.junit.platform.engine.support.hierarchical.ThrowableCollector.execute(ThrowableCollector.java:73)
	at org.junit.jupiter.engine.descriptor.TestMethodTestDescriptor.invokeTestMethod(TestMethodTestDescriptor.java:206)
	at org.junit.jupiter.engine.descriptor.TestMethodTestDescriptor.execute(TestMethodTestDescriptor.java:131)
	at org.junit.jupiter.engine.descriptor.TestMethodTestDescriptor.execute(TestMethodTestDescriptor.java:65)
	at org.junit.platform.engine.support.hierarchical.NodeTestTask.lambda$executeRecursively$5(NodeTestTask.java:139)
	at org.junit.platform.engine.support.hierarchical.ThrowableCollector.execute(ThrowableCollector.java:73)
	at org.junit.platform.engine.support.hierarchical.NodeTestTask.lambda$executeRecursively$7(NodeTestTask.java:129)
	at org.junit.platform.engine.support.hierarchical.Node.around(Node.java:137)
	at org.junit.platform.engine.support.hierarchical.NodeTestTask.lambda$executeRecursively$8(NodeTestTask.java:127)
	at org.junit.platform.engine.support.hierarchical.ThrowableCollector.execute(ThrowableCollector.java:73)
	at org.junit.platform.engine.support.hierarchical.NodeTestTask.executeRecursively(NodeTestTask.java:126)
	at org.junit.platform.engine.support.hierarchical.NodeTestTask.execute(NodeTestTask.java:84)
	at org.junit.platform.engine.support.hierarchical.SameThreadHierarchicalTestExecutorService.submit(SameThreadHierarchicalTestExecutorService.java:32)
	at org.junit.platform.engine.support.hierarchical.NodeTestTask$DefaultDynamicTestExecutor.execute(NodeTestTask.java:212)
	at org.junit.platform.engine.support.hierarchical.NodeTestTask$DefaultDynamicTestExecutor.execute(NodeTestTask.java:192)
	at org.junit.jupiter.engine.descriptor.TestTemplateTestDescriptor.execute(TestTemplateTestDescriptor.java:139)
	at org.junit.jupiter.engine.descriptor.TestTemplateTestDescriptor.lambda$execute$2(TestTemplateTestDescriptor.java:107)
	at java.base/java.util.stream.ForEachOps$ForEachOp$OfRef.accept(ForEachOps.java:183)
	at java.base/java.util.stream.ReferencePipeline$3$1.accept(ReferencePipeline.java:197)
	at java.base/java.util.stream.ReferencePipeline$2$1.accept(ReferencePipeline.java:179)
	at java.base/java.util.stream.ReferencePipeline$3$1.accept(ReferencePipeline.java:197)
	at java.base/java.util.stream.ForEachOps$ForEachOp$OfRef.accept(ForEachOps.java:183)
	at java.base/java.util.stream.ReferencePipeline$15$1.accept(ReferencePipeline.java:541)
	at java.base/java.util.stream.ReferencePipeline$3$1.accept(ReferencePipeline.java:197)
	at java.base/java.util.stream.ReferencePipeline$3$1.accept(ReferencePipeline.java:197)
	at java.base/java.util.stream.ReferencePipeline$3$1.accept(ReferencePipeline.java:197)
	at java.base/java.util.stream.ForEachOps$ForEachOp$OfRef.accept(ForEachOps.java:183)
	at java.base/java.util.stream.ReferencePipeline$3$1.accept(ReferencePipeline.java:197)
	at java.base/java.util.stream.ForEachOps$ForEachOp$OfRef.accept(ForEachOps.java:183)
	at java.base/java.util.stream.SliceOps$1$1.accept(SliceOps.java:200)
	at java.base/java.util.stream.StreamSpliterators$InfiniteSupplyingSpliterator$OfRef.tryAdvance(StreamSpliterators.java:1358)
	at java.base/java.util.stream.ReferencePipeline.forEachWithCancel(ReferencePipeline.java:129)
	at java.base/java.util.stream.AbstractPipeline.copyIntoWithCancel(AbstractPipeline.java:527)
	at java.base/java.util.stream.AbstractPipeline.copyInto(AbstractPipeline.java:513)
	at java.base/java.util.stream.AbstractPipeline.wrapAndCopyInto(AbstractPipeline.java:499)
	at java.base/java.util.stream.ForEachOps$ForEachOp.evaluateSequential(ForEachOps.java:150)
	at java.base/java.util.stream.ForEachOps$ForEachOp$OfRef.evaluateSequential(ForEachOps.java:173)
	at java.base/java.util.stream.AbstractPipeline.evaluate(AbstractPipeline.java:234)
	at java.base/java.util.stream.ReferencePipeline.forEach(ReferencePipeline.java:596)
	at java.base/java.util.stream.ReferencePipeline$7$1.accept(ReferencePipeline.java:276)
	at java.base/java.util.stream.ReferencePipeline$3$1.accept(ReferencePipeline.java:197)
	at java.base/java.util.stream.ReferencePipeline$3$1.accept(ReferencePipeline.java:197)
	at java.base/java.util.Spliterators$ArraySpliterator.forEachRemaining(Spliterators.java:992)
	at java.base/java.util.stream.AbstractPipeline.copyInto(AbstractPipeline.java:509)
	at java.base/java.util.stream.AbstractPipeline.wrapAndCopyInto(AbstractPipeline.java:499)
	at java.base/java.util.stream.ForEachOps$ForEachOp.evaluateSequential(ForEachOps.java:150)
	at java.base/java.util.stream.ForEachOps$ForEachOp$OfRef.evaluateSequential(ForEachOps.java:173)
	at java.base/java.util.stream.AbstractPipeline.evaluate(AbstractPipeline.java:234)
	at java.base/java.util.stream.ReferencePipeline.forEach(ReferencePipeline.java:596)
	at java.base/java.util.stream.ReferencePipeline$7$1.accept(ReferencePipeline.java:276)
	at java.base/java.util.stream.ReferencePipeline$3$1.accept(ReferencePipeline.java:197)
	at java.base/java.util.stream.ReferencePipeline$3$1.accept(ReferencePipeline.java:197)
	at java.base/java.util.stream.ReferencePipeline$3$1.accept(ReferencePipeline.java:197)
	at java.base/java.util.ArrayList$ArrayListSpliterator.forEachRemaining(ArrayList.java:1625)
	at java.base/java.util.stream.AbstractPipeline.copyInto(AbstractPipeline.java:509)
	at java.base/java.util.stream.AbstractPipeline.wrapAndCopyInto(AbstractPipeline.java:499)
	at java.base/java.util.stream.ForEachOps$ForEachOp.evaluateSequential(ForEachOps.java:150)
	at java.base/java.util.stream.ForEachOps$ForEachOp$OfRef.evaluateSequential(ForEachOps.java:173)
	at java.base/java.util.stream.AbstractPipeline.evaluate(AbstractPipeline.java:234)
	at java.base/java.util.stream.ReferencePipeline.forEach(ReferencePipeline.java:596)
	at java.base/java.util.stream.ReferencePipeline$7$1.accept(ReferencePipeline.java:276)
	at java.base/java.util.ArrayList$ArrayListSpliterator.forEachRemaining(ArrayList.java:1625)
	at java.base/java.util.stream.AbstractPipeline.copyInto(AbstractPipeline.java:509)
	at java.base/java.util.stream.AbstractPipeline.wrapAndCopyInto(AbstractPipeline.java:499)
	at java.base/java.util.stream.ForEachOps$ForEachOp.evaluateSequential(ForEachOps.java:150)
	at java.base/java.util.stream.ForEachOps$ForEachOp$OfRef.evaluateSequential(ForEachOps.java:173)
	at java.base/java.util.stream.AbstractPipeline.evaluate(AbstractPipeline.java:234)
	at java.base/java.util.stream.ReferencePipeline.forEach(ReferencePipeline.java:596)
	at org.junit.jupiter.engine.descriptor.TestTemplateTestDescriptor.execute(TestTemplateTestDescriptor.java:107)
	at org.junit.jupiter.engine.descriptor.TestTemplateTestDescriptor.execute(TestTemplateTestDescriptor.java:42)
	at org.junit.platform.engine.support.hierarchical.NodeTestTask.lambda$executeRecursively$5(NodeTestTask.java:139)
	at org.junit.platform.engine.support.hierarchical.ThrowableCollector.execute(ThrowableCollector.java:73)
	at org.junit.platform.engine.support.hierarchical.NodeTestTask.lambda$executeRecursively$7(NodeTestTask.java:129)
	at org.junit.platform.engine.support.hierarchical.Node.around(Node.java:137)
	at org.junit.platform.engine.support.hierarchical.NodeTestTask.lambda$executeRecursively$8(NodeTestTask.java:127)
	at org.junit.platform.engine.support.hierarchical.ThrowableCollector.execute(ThrowableCollector.java:73)
	at org.junit.platform.engine.support.hierarchical.NodeTestTask.executeRecursively(NodeTestTask.java:126)
	at org.junit.platform.engine.support.hierarchical.NodeTestTask.execute(NodeTestTask.java:84)
	at java.base/java.util.ArrayList.forEach(ArrayList.java:1511)
	at org.junit.platform.engine.support.hierarchical.SameThreadHierarchicalTestExecutorService.invokeAll(SameThreadHierarchicalTestExecutorService.java:38)
	at org.junit.platform.engine.support.hierarchical.NodeTestTask.lambda$executeRecursively$5(NodeTestTask.java:143)
	at org.junit.platform.engine.support.hierarchical.ThrowableCollector.execute(ThrowableCollector.java:73)
	at org.junit.platform.engine.support.hierarchical.NodeTestTask.lambda$executeRecursively$7(NodeTestTask.java:129)
	at org.junit.platform.engine.support.hierarchical.Node.around(Node.java:137)
	at org.junit.platform.engine.support.hierarchical.NodeTestTask.lambda$executeRecursively$8(NodeTestTask.java:127)
	at org.junit.platform.engine.support.hierarchical.ThrowableCollector.execute(ThrowableCollector.java:73)
	at org.junit.platform.engine.support.hierarchical.NodeTestTask.executeRecursively(NodeTestTask.java:126)
	at org.junit.platform.engine.support.hierarchical.NodeTestTask.execute(NodeTestTask.java:84)
	at java.base/java.util.ArrayList.forEach(ArrayList.java:1511)
	at org.junit.platform.engine.support.hierarchical.SameThreadHierarchicalTestExecutorService.invokeAll(SameThreadHierarchicalTestExecutorService.java:38)
	at org.junit.platform.engine.support.hierarchical.NodeTestTask.lambda$executeRecursively$5(NodeTestTask.java:143)
	at org.junit.platform.engine.support.hierarchical.ThrowableCollector.execute(ThrowableCollector.java:73)
	at org.junit.platform.engine.support.hierarchical.NodeTestTask.lambda$executeRecursively$7(NodeTestTask.java:129)
	at org.junit.platform.engine.support.hierarchical.Node.around(Node.java:137)
	at org.junit.platform.engine.support.hierarchical.NodeTestTask.lambda$executeRecursively$8(NodeTestTask.java:127)
	at org.junit.platform.engine.support.hierarchical.ThrowableCollector.execute(ThrowableCollector.java:73)
	at org.junit.platform.engine.support.hierarchical.NodeTestTask.executeRecursively(NodeTestTask.java:126)
	at org.junit.platform.engine.support.hierarchical.NodeTestTask.execute(NodeTestTask.java:84)
	at org.junit.platform.engine.support.hierarchical.SameThreadHierarchicalTestExecutorService.submit(SameThreadHierarchicalTestExecutorService.java:32)
	at org.junit.platform.engine.support.hierarchical.HierarchicalTestExecutor.execute(HierarchicalTestExecutor.java:57)
	at org.junit.platform.engine.support.hierarchical.HierarchicalTestEngine.execute(HierarchicalTestEngine.java:51)
	at org.junit.platform.launcher.core.EngineExecutionOrchestrator.execute(EngineExecutionOrchestrator.java:108)
	at org.junit.platform.launcher.core.EngineExecutionOrchestrator.execute(EngineExecutionOrchestrator.java:88)
	at org.junit.platform.launcher.core.EngineExecutionOrchestrator.lambda$execute$0(EngineExecutionOrchestrator.java:54)
	at org.junit.platform.launcher.core.EngineExecutionOrchestrator.withInterceptedStreams(EngineExecutionOrchestrator.java:67)
	at org.junit.platform.launcher.core.EngineExecutionOrchestrator.execute(EngineExecutionOrchestrator.java:52)
	at org.junit.platform.launcher.core.DefaultLauncher.execute(DefaultLauncher.java:96)
	at org.junit.platform.launcher.core.DefaultLauncher.execute(DefaultLauncher.java:75)
	at org.junit.platform.console.tasks.ConsoleTestExecutor.executeTests(ConsoleTestExecutor.java:66)
	at org.junit.platform.console.tasks.ConsoleTestExecutor.lambda$execute$0(ConsoleTestExecutor.java:58)
	at org.junit.platform.console.tasks.CustomContextClassLoaderExecutor.replaceThreadContextClassLoaderAndInvoke(CustomContextClassLoaderExecutor.java:41)
	at org.junit.platform.console.tasks.CustomContextClassLoaderExecutor.invoke(CustomContextClassLoaderExecutor.java:31)
	at org.junit.platform.console.tasks.ConsoleTestExecutor.execute(ConsoleTestExecutor.java:58)
	at org.junit.platform.console.ConsoleLauncher.executeTests(ConsoleLauncher.java:95)
	at org.junit.platform.console.ConsoleLauncher.execute(ConsoleLauncher.java:73)
	at org.junit.platform.console.ConsoleLauncher.execute(ConsoleLauncher.java:50)
	at org.junit.platform.console.ConsoleLauncher.execute(ConsoleLauncher.java:43)
	at org.junit.platform.console.ConsoleLauncher.main(ConsoleLauncher.java:37)
]]></skipped>
<system-out><![CDATA[
unique-id: [engine:junit-jupiter]/[class:minebayd1.test.TestUser]/[test-template:testnext(minebayd1.User)]/[test-template-invocation:#78]
display-name: [78] Mohamed a 45 annonces ouvertes, 2 annonces fermées et 3 achats 

]]></system-out>
</testcase>
<testcase name="testnext(User)[79]" classname="minebayd1.test.TestUser" time="0">
<skipped><![CDATA[org.opentest4j.TestAbortedException: Assumption failed: assumption is not true
	at org.junit.jupiter.api.Assumptions.throwTestAbortedException(Assumptions.java:256)
	at org.junit.jupiter.api.Assumptions.assumeTrue(Assumptions.java:115)
	at org.junit.jupiter.api.Assumptions.assumeTrue(Assumptions.java:66)
	at minebayd1.test.TestUser.testnext(TestUser.java:1137)
	at jdk.internal.reflect.GeneratedMethodAccessor10.invoke(Unknown Source)
	at java.base/jdk.internal.reflect.DelegatingMethodAccessorImpl.invoke(DelegatingMethodAccessorImpl.java:43)
	at java.base/java.lang.reflect.Method.invoke(Method.java:569)
	at org.junit.platform.commons.util.ReflectionUtils.invokeMethod(ReflectionUtils.java:688)
	at org.junit.jupiter.engine.execution.MethodInvocation.proceed(MethodInvocation.java:60)
	at org.junit.jupiter.engine.execution.InvocationInterceptorChain$ValidatingInvocation.proceed(InvocationInterceptorChain.java:131)
	at org.junit.jupiter.engine.extension.TimeoutExtension.intercept(TimeoutExtension.java:149)
	at org.junit.jupiter.engine.extension.TimeoutExtension.interceptTestableMethod(TimeoutExtension.java:140)
	at org.junit.jupiter.engine.extension.TimeoutExtension.interceptTestTemplateMethod(TimeoutExtension.java:92)
	at org.junit.jupiter.engine.execution.ExecutableInvoker$ReflectiveInterceptorCall.lambda$ofVoidMethod$0(ExecutableInvoker.java:115)
	at org.junit.jupiter.engine.execution.ExecutableInvoker.lambda$invoke$0(ExecutableInvoker.java:105)
	at org.junit.jupiter.engine.execution.InvocationInterceptorChain$InterceptedInvocation.proceed(InvocationInterceptorChain.java:106)
	at org.junit.jupiter.engine.execution.InvocationInterceptorChain.proceed(InvocationInterceptorChain.java:64)
	at org.junit.jupiter.engine.execution.InvocationInterceptorChain.chainAndInvoke(InvocationInterceptorChain.java:45)
	at org.junit.jupiter.engine.execution.InvocationInterceptorChain.invoke(InvocationInterceptorChain.java:37)
	at org.junit.jupiter.engine.execution.ExecutableInvoker.invoke(ExecutableInvoker.java:104)
	at org.junit.jupiter.engine.execution.ExecutableInvoker.invoke(ExecutableInvoker.java:98)
	at org.junit.jupiter.engine.descriptor.TestMethodTestDescriptor.lambda$invokeTestMethod$6(TestMethodTestDescriptor.java:210)
	at org.junit.platform.engine.support.hierarchical.ThrowableCollector.execute(ThrowableCollector.java:73)
	at org.junit.jupiter.engine.descriptor.TestMethodTestDescriptor.invokeTestMethod(TestMethodTestDescriptor.java:206)
	at org.junit.jupiter.engine.descriptor.TestMethodTestDescriptor.execute(TestMethodTestDescriptor.java:131)
	at org.junit.jupiter.engine.descriptor.TestMethodTestDescriptor.execute(TestMethodTestDescriptor.java:65)
	at org.junit.platform.engine.support.hierarchical.NodeTestTask.lambda$executeRecursively$5(NodeTestTask.java:139)
	at org.junit.platform.engine.support.hierarchical.ThrowableCollector.execute(ThrowableCollector.java:73)
	at org.junit.platform.engine.support.hierarchical.NodeTestTask.lambda$executeRecursively$7(NodeTestTask.java:129)
	at org.junit.platform.engine.support.hierarchical.Node.around(Node.java:137)
	at org.junit.platform.engine.support.hierarchical.NodeTestTask.lambda$executeRecursively$8(NodeTestTask.java:127)
	at org.junit.platform.engine.support.hierarchical.ThrowableCollector.execute(ThrowableCollector.java:73)
	at org.junit.platform.engine.support.hierarchical.NodeTestTask.executeRecursively(NodeTestTask.java:126)
	at org.junit.platform.engine.support.hierarchical.NodeTestTask.execute(NodeTestTask.java:84)
	at org.junit.platform.engine.support.hierarchical.SameThreadHierarchicalTestExecutorService.submit(SameThreadHierarchicalTestExecutorService.java:32)
	at org.junit.platform.engine.support.hierarchical.NodeTestTask$DefaultDynamicTestExecutor.execute(NodeTestTask.java:212)
	at org.junit.platform.engine.support.hierarchical.NodeTestTask$DefaultDynamicTestExecutor.execute(NodeTestTask.java:192)
	at org.junit.jupiter.engine.descriptor.TestTemplateTestDescriptor.execute(TestTemplateTestDescriptor.java:139)
	at org.junit.jupiter.engine.descriptor.TestTemplateTestDescriptor.lambda$execute$2(TestTemplateTestDescriptor.java:107)
	at java.base/java.util.stream.ForEachOps$ForEachOp$OfRef.accept(ForEachOps.java:183)
	at java.base/java.util.stream.ReferencePipeline$3$1.accept(ReferencePipeline.java:197)
	at java.base/java.util.stream.ReferencePipeline$2$1.accept(ReferencePipeline.java:179)
	at java.base/java.util.stream.ReferencePipeline$3$1.accept(ReferencePipeline.java:197)
	at java.base/java.util.stream.ForEachOps$ForEachOp$OfRef.accept(ForEachOps.java:183)
	at java.base/java.util.stream.ReferencePipeline$15$1.accept(ReferencePipeline.java:541)
	at java.base/java.util.stream.ReferencePipeline$3$1.accept(ReferencePipeline.java:197)
	at java.base/java.util.stream.ReferencePipeline$3$1.accept(ReferencePipeline.java:197)
	at java.base/java.util.stream.ReferencePipeline$3$1.accept(ReferencePipeline.java:197)
	at java.base/java.util.stream.ForEachOps$ForEachOp$OfRef.accept(ForEachOps.java:183)
	at java.base/java.util.stream.ReferencePipeline$3$1.accept(ReferencePipeline.java:197)
	at java.base/java.util.stream.ForEachOps$ForEachOp$OfRef.accept(ForEachOps.java:183)
	at java.base/java.util.stream.SliceOps$1$1.accept(SliceOps.java:200)
	at java.base/java.util.stream.StreamSpliterators$InfiniteSupplyingSpliterator$OfRef.tryAdvance(StreamSpliterators.java:1358)
	at java.base/java.util.stream.ReferencePipeline.forEachWithCancel(ReferencePipeline.java:129)
	at java.base/java.util.stream.AbstractPipeline.copyIntoWithCancel(AbstractPipeline.java:527)
	at java.base/java.util.stream.AbstractPipeline.copyInto(AbstractPipeline.java:513)
	at java.base/java.util.stream.AbstractPipeline.wrapAndCopyInto(AbstractPipeline.java:499)
	at java.base/java.util.stream.ForEachOps$ForEachOp.evaluateSequential(ForEachOps.java:150)
	at java.base/java.util.stream.ForEachOps$ForEachOp$OfRef.evaluateSequential(ForEachOps.java:173)
	at java.base/java.util.stream.AbstractPipeline.evaluate(AbstractPipeline.java:234)
	at java.base/java.util.stream.ReferencePipeline.forEach(ReferencePipeline.java:596)
	at java.base/java.util.stream.ReferencePipeline$7$1.accept(ReferencePipeline.java:276)
	at java.base/java.util.stream.ReferencePipeline$3$1.accept(ReferencePipeline.java:197)
	at java.base/java.util.stream.ReferencePipeline$3$1.accept(ReferencePipeline.java:197)
	at java.base/java.util.Spliterators$ArraySpliterator.forEachRemaining(Spliterators.java:992)
	at java.base/java.util.stream.AbstractPipeline.copyInto(AbstractPipeline.java:509)
	at java.base/java.util.stream.AbstractPipeline.wrapAndCopyInto(AbstractPipeline.java:499)
	at java.base/java.util.stream.ForEachOps$ForEachOp.evaluateSequential(ForEachOps.java:150)
	at java.base/java.util.stream.ForEachOps$ForEachOp$OfRef.evaluateSequential(ForEachOps.java:173)
	at java.base/java.util.stream.AbstractPipeline.evaluate(AbstractPipeline.java:234)
	at java.base/java.util.stream.ReferencePipeline.forEach(ReferencePipeline.java:596)
	at java.base/java.util.stream.ReferencePipeline$7$1.accept(ReferencePipeline.java:276)
	at java.base/java.util.stream.ReferencePipeline$3$1.accept(ReferencePipeline.java:197)
	at java.base/java.util.stream.ReferencePipeline$3$1.accept(ReferencePipeline.java:197)
	at java.base/java.util.stream.ReferencePipeline$3$1.accept(ReferencePipeline.java:197)
	at java.base/java.util.ArrayList$ArrayListSpliterator.forEachRemaining(ArrayList.java:1625)
	at java.base/java.util.stream.AbstractPipeline.copyInto(AbstractPipeline.java:509)
	at java.base/java.util.stream.AbstractPipeline.wrapAndCopyInto(AbstractPipeline.java:499)
	at java.base/java.util.stream.ForEachOps$ForEachOp.evaluateSequential(ForEachOps.java:150)
	at java.base/java.util.stream.ForEachOps$ForEachOp$OfRef.evaluateSequential(ForEachOps.java:173)
	at java.base/java.util.stream.AbstractPipeline.evaluate(AbstractPipeline.java:234)
	at java.base/java.util.stream.ReferencePipeline.forEach(ReferencePipeline.java:596)
	at java.base/java.util.stream.ReferencePipeline$7$1.accept(ReferencePipeline.java:276)
	at java.base/java.util.ArrayList$ArrayListSpliterator.forEachRemaining(ArrayList.java:1625)
	at java.base/java.util.stream.AbstractPipeline.copyInto(AbstractPipeline.java:509)
	at java.base/java.util.stream.AbstractPipeline.wrapAndCopyInto(AbstractPipeline.java:499)
	at java.base/java.util.stream.ForEachOps$ForEachOp.evaluateSequential(ForEachOps.java:150)
	at java.base/java.util.stream.ForEachOps$ForEachOp$OfRef.evaluateSequential(ForEachOps.java:173)
	at java.base/java.util.stream.AbstractPipeline.evaluate(AbstractPipeline.java:234)
	at java.base/java.util.stream.ReferencePipeline.forEach(ReferencePipeline.java:596)
	at org.junit.jupiter.engine.descriptor.TestTemplateTestDescriptor.execute(TestTemplateTestDescriptor.java:107)
	at org.junit.jupiter.engine.descriptor.TestTemplateTestDescriptor.execute(TestTemplateTestDescriptor.java:42)
	at org.junit.platform.engine.support.hierarchical.NodeTestTask.lambda$executeRecursively$5(NodeTestTask.java:139)
	at org.junit.platform.engine.support.hierarchical.ThrowableCollector.execute(ThrowableCollector.java:73)
	at org.junit.platform.engine.support.hierarchical.NodeTestTask.lambda$executeRecursively$7(NodeTestTask.java:129)
	at org.junit.platform.engine.support.hierarchical.Node.around(Node.java:137)
	at org.junit.platform.engine.support.hierarchical.NodeTestTask.lambda$executeRecursively$8(NodeTestTask.java:127)
	at org.junit.platform.engine.support.hierarchical.ThrowableCollector.execute(ThrowableCollector.java:73)
	at org.junit.platform.engine.support.hierarchical.NodeTestTask.executeRecursively(NodeTestTask.java:126)
	at org.junit.platform.engine.support.hierarchical.NodeTestTask.execute(NodeTestTask.java:84)
	at java.base/java.util.ArrayList.forEach(ArrayList.java:1511)
	at org.junit.platform.engine.support.hierarchical.SameThreadHierarchicalTestExecutorService.invokeAll(SameThreadHierarchicalTestExecutorService.java:38)
	at org.junit.platform.engine.support.hierarchical.NodeTestTask.lambda$executeRecursively$5(NodeTestTask.java:143)
	at org.junit.platform.engine.support.hierarchical.ThrowableCollector.execute(ThrowableCollector.java:73)
	at org.junit.platform.engine.support.hierarchical.NodeTestTask.lambda$executeRecursively$7(NodeTestTask.java:129)
	at org.junit.platform.engine.support.hierarchical.Node.around(Node.java:137)
	at org.junit.platform.engine.support.hierarchical.NodeTestTask.lambda$executeRecursively$8(NodeTestTask.java:127)
	at org.junit.platform.engine.support.hierarchical.ThrowableCollector.execute(ThrowableCollector.java:73)
	at org.junit.platform.engine.support.hierarchical.NodeTestTask.executeRecursively(NodeTestTask.java:126)
	at org.junit.platform.engine.support.hierarchical.NodeTestTask.execute(NodeTestTask.java:84)
	at java.base/java.util.ArrayList.forEach(ArrayList.java:1511)
	at org.junit.platform.engine.support.hierarchical.SameThreadHierarchicalTestExecutorService.invokeAll(SameThreadHierarchicalTestExecutorService.java:38)
	at org.junit.platform.engine.support.hierarchical.NodeTestTask.lambda$executeRecursively$5(NodeTestTask.java:143)
	at org.junit.platform.engine.support.hierarchical.ThrowableCollector.execute(ThrowableCollector.java:73)
	at org.junit.platform.engine.support.hierarchical.NodeTestTask.lambda$executeRecursively$7(NodeTestTask.java:129)
	at org.junit.platform.engine.support.hierarchical.Node.around(Node.java:137)
	at org.junit.platform.engine.support.hierarchical.NodeTestTask.lambda$executeRecursively$8(NodeTestTask.java:127)
	at org.junit.platform.engine.support.hierarchical.ThrowableCollector.execute(ThrowableCollector.java:73)
	at org.junit.platform.engine.support.hierarchical.NodeTestTask.executeRecursively(NodeTestTask.java:126)
	at org.junit.platform.engine.support.hierarchical.NodeTestTask.execute(NodeTestTask.java:84)
	at org.junit.platform.engine.support.hierarchical.SameThreadHierarchicalTestExecutorService.submit(SameThreadHierarchicalTestExecutorService.java:32)
	at org.junit.platform.engine.support.hierarchical.HierarchicalTestExecutor.execute(HierarchicalTestExecutor.java:57)
	at org.junit.platform.engine.support.hierarchical.HierarchicalTestEngine.execute(HierarchicalTestEngine.java:51)
	at org.junit.platform.launcher.core.EngineExecutionOrchestrator.execute(EngineExecutionOrchestrator.java:108)
	at org.junit.platform.launcher.core.EngineExecutionOrchestrator.execute(EngineExecutionOrchestrator.java:88)
	at org.junit.platform.launcher.core.EngineExecutionOrchestrator.lambda$execute$0(EngineExecutionOrchestrator.java:54)
	at org.junit.platform.launcher.core.EngineExecutionOrchestrator.withInterceptedStreams(EngineExecutionOrchestrator.java:67)
	at org.junit.platform.launcher.core.EngineExecutionOrchestrator.execute(EngineExecutionOrchestrator.java:52)
	at org.junit.platform.launcher.core.DefaultLauncher.execute(DefaultLauncher.java:96)
	at org.junit.platform.launcher.core.DefaultLauncher.execute(DefaultLauncher.java:75)
	at org.junit.platform.console.tasks.ConsoleTestExecutor.executeTests(ConsoleTestExecutor.java:66)
	at org.junit.platform.console.tasks.ConsoleTestExecutor.lambda$execute$0(ConsoleTestExecutor.java:58)
	at org.junit.platform.console.tasks.CustomContextClassLoaderExecutor.replaceThreadContextClassLoaderAndInvoke(CustomContextClassLoaderExecutor.java:41)
	at org.junit.platform.console.tasks.CustomContextClassLoaderExecutor.invoke(CustomContextClassLoaderExecutor.java:31)
	at org.junit.platform.console.tasks.ConsoleTestExecutor.execute(ConsoleTestExecutor.java:58)
	at org.junit.platform.console.ConsoleLauncher.executeTests(ConsoleLauncher.java:95)
	at org.junit.platform.console.ConsoleLauncher.execute(ConsoleLauncher.java:73)
	at org.junit.platform.console.ConsoleLauncher.execute(ConsoleLauncher.java:50)
	at org.junit.platform.console.ConsoleLauncher.execute(ConsoleLauncher.java:43)
	at org.junit.platform.console.ConsoleLauncher.main(ConsoleLauncher.java:37)
]]></skipped>
<system-out><![CDATA[
unique-id: [engine:junit-jupiter]/[class:minebayd1.test.TestUser]/[test-template:testnext(minebayd1.User)]/[test-template-invocation:#79]
display-name: [79] Mohamed a 45 annonces ouvertes, 2 annonces fermées et 3 achats 

]]></system-out>
</testcase>
<testcase name="testnext(User)[80]" classname="minebayd1.test.TestUser" time="0.007">
<system-out><![CDATA[
unique-id: [engine:junit-jupiter]/[class:minebayd1.test.TestUser]/[test-template:testnext(minebayd1.User)]/[test-template-invocation:#80]
display-name: [80] Marcel a 63 annonces ouvertes, 4 annonces fermées et 4 achats 

]]></system-out>
</testcase>
<testcase name="testnext(User)[81]" classname="minebayd1.test.TestUser" time="0">
<skipped><![CDATA[org.opentest4j.TestAbortedException: Assumption failed: assumption is not true
	at org.junit.jupiter.api.Assumptions.throwTestAbortedException(Assumptions.java:256)
	at org.junit.jupiter.api.Assumptions.assumeTrue(Assumptions.java:115)
	at org.junit.jupiter.api.Assumptions.assumeTrue(Assumptions.java:66)
	at minebayd1.test.TestUser.testnext(TestUser.java:1137)
	at jdk.internal.reflect.GeneratedMethodAccessor10.invoke(Unknown Source)
	at java.base/jdk.internal.reflect.DelegatingMethodAccessorImpl.invoke(DelegatingMethodAccessorImpl.java:43)
	at java.base/java.lang.reflect.Method.invoke(Method.java:569)
	at org.junit.platform.commons.util.ReflectionUtils.invokeMethod(ReflectionUtils.java:688)
	at org.junit.jupiter.engine.execution.MethodInvocation.proceed(MethodInvocation.java:60)
	at org.junit.jupiter.engine.execution.InvocationInterceptorChain$ValidatingInvocation.proceed(InvocationInterceptorChain.java:131)
	at org.junit.jupiter.engine.extension.TimeoutExtension.intercept(TimeoutExtension.java:149)
	at org.junit.jupiter.engine.extension.TimeoutExtension.interceptTestableMethod(TimeoutExtension.java:140)
	at org.junit.jupiter.engine.extension.TimeoutExtension.interceptTestTemplateMethod(TimeoutExtension.java:92)
	at org.junit.jupiter.engine.execution.ExecutableInvoker$ReflectiveInterceptorCall.lambda$ofVoidMethod$0(ExecutableInvoker.java:115)
	at org.junit.jupiter.engine.execution.ExecutableInvoker.lambda$invoke$0(ExecutableInvoker.java:105)
	at org.junit.jupiter.engine.execution.InvocationInterceptorChain$InterceptedInvocation.proceed(InvocationInterceptorChain.java:106)
	at org.junit.jupiter.engine.execution.InvocationInterceptorChain.proceed(InvocationInterceptorChain.java:64)
	at org.junit.jupiter.engine.execution.InvocationInterceptorChain.chainAndInvoke(InvocationInterceptorChain.java:45)
	at org.junit.jupiter.engine.execution.InvocationInterceptorChain.invoke(InvocationInterceptorChain.java:37)
	at org.junit.jupiter.engine.execution.ExecutableInvoker.invoke(ExecutableInvoker.java:104)
	at org.junit.jupiter.engine.execution.ExecutableInvoker.invoke(ExecutableInvoker.java:98)
	at org.junit.jupiter.engine.descriptor.TestMethodTestDescriptor.lambda$invokeTestMethod$6(TestMethodTestDescriptor.java:210)
	at org.junit.platform.engine.support.hierarchical.ThrowableCollector.execute(ThrowableCollector.java:73)
	at org.junit.jupiter.engine.descriptor.TestMethodTestDescriptor.invokeTestMethod(TestMethodTestDescriptor.java:206)
	at org.junit.jupiter.engine.descriptor.TestMethodTestDescriptor.execute(TestMethodTestDescriptor.java:131)
	at org.junit.jupiter.engine.descriptor.TestMethodTestDescriptor.execute(TestMethodTestDescriptor.java:65)
	at org.junit.platform.engine.support.hierarchical.NodeTestTask.lambda$executeRecursively$5(NodeTestTask.java:139)
	at org.junit.platform.engine.support.hierarchical.ThrowableCollector.execute(ThrowableCollector.java:73)
	at org.junit.platform.engine.support.hierarchical.NodeTestTask.lambda$executeRecursively$7(NodeTestTask.java:129)
	at org.junit.platform.engine.support.hierarchical.Node.around(Node.java:137)
	at org.junit.platform.engine.support.hierarchical.NodeTestTask.lambda$executeRecursively$8(NodeTestTask.java:127)
	at org.junit.platform.engine.support.hierarchical.ThrowableCollector.execute(ThrowableCollector.java:73)
	at org.junit.platform.engine.support.hierarchical.NodeTestTask.executeRecursively(NodeTestTask.java:126)
	at org.junit.platform.engine.support.hierarchical.NodeTestTask.execute(NodeTestTask.java:84)
	at org.junit.platform.engine.support.hierarchical.SameThreadHierarchicalTestExecutorService.submit(SameThreadHierarchicalTestExecutorService.java:32)
	at org.junit.platform.engine.support.hierarchical.NodeTestTask$DefaultDynamicTestExecutor.execute(NodeTestTask.java:212)
	at org.junit.platform.engine.support.hierarchical.NodeTestTask$DefaultDynamicTestExecutor.execute(NodeTestTask.java:192)
	at org.junit.jupiter.engine.descriptor.TestTemplateTestDescriptor.execute(TestTemplateTestDescriptor.java:139)
	at org.junit.jupiter.engine.descriptor.TestTemplateTestDescriptor.lambda$execute$2(TestTemplateTestDescriptor.java:107)
	at java.base/java.util.stream.ForEachOps$ForEachOp$OfRef.accept(ForEachOps.java:183)
	at java.base/java.util.stream.ReferencePipeline$3$1.accept(ReferencePipeline.java:197)
	at java.base/java.util.stream.ReferencePipeline$2$1.accept(ReferencePipeline.java:179)
	at java.base/java.util.stream.ReferencePipeline$3$1.accept(ReferencePipeline.java:197)
	at java.base/java.util.stream.ForEachOps$ForEachOp$OfRef.accept(ForEachOps.java:183)
	at java.base/java.util.stream.ReferencePipeline$15$1.accept(ReferencePipeline.java:541)
	at java.base/java.util.stream.ReferencePipeline$3$1.accept(ReferencePipeline.java:197)
	at java.base/java.util.stream.ReferencePipeline$3$1.accept(ReferencePipeline.java:197)
	at java.base/java.util.stream.ReferencePipeline$3$1.accept(ReferencePipeline.java:197)
	at java.base/java.util.stream.ForEachOps$ForEachOp$OfRef.accept(ForEachOps.java:183)
	at java.base/java.util.stream.ReferencePipeline$3$1.accept(ReferencePipeline.java:197)
	at java.base/java.util.stream.ForEachOps$ForEachOp$OfRef.accept(ForEachOps.java:183)
	at java.base/java.util.stream.SliceOps$1$1.accept(SliceOps.java:200)
	at java.base/java.util.stream.StreamSpliterators$InfiniteSupplyingSpliterator$OfRef.tryAdvance(StreamSpliterators.java:1358)
	at java.base/java.util.stream.ReferencePipeline.forEachWithCancel(ReferencePipeline.java:129)
	at java.base/java.util.stream.AbstractPipeline.copyIntoWithCancel(AbstractPipeline.java:527)
	at java.base/java.util.stream.AbstractPipeline.copyInto(AbstractPipeline.java:513)
	at java.base/java.util.stream.AbstractPipeline.wrapAndCopyInto(AbstractPipeline.java:499)
	at java.base/java.util.stream.ForEachOps$ForEachOp.evaluateSequential(ForEachOps.java:150)
	at java.base/java.util.stream.ForEachOps$ForEachOp$OfRef.evaluateSequential(ForEachOps.java:173)
	at java.base/java.util.stream.AbstractPipeline.evaluate(AbstractPipeline.java:234)
	at java.base/java.util.stream.ReferencePipeline.forEach(ReferencePipeline.java:596)
	at java.base/java.util.stream.ReferencePipeline$7$1.accept(ReferencePipeline.java:276)
	at java.base/java.util.stream.ReferencePipeline$3$1.accept(ReferencePipeline.java:197)
	at java.base/java.util.stream.ReferencePipeline$3$1.accept(ReferencePipeline.java:197)
	at java.base/java.util.Spliterators$ArraySpliterator.forEachRemaining(Spliterators.java:992)
	at java.base/java.util.stream.AbstractPipeline.copyInto(AbstractPipeline.java:509)
	at java.base/java.util.stream.AbstractPipeline.wrapAndCopyInto(AbstractPipeline.java:499)
	at java.base/java.util.stream.ForEachOps$ForEachOp.evaluateSequential(ForEachOps.java:150)
	at java.base/java.util.stream.ForEachOps$ForEachOp$OfRef.evaluateSequential(ForEachOps.java:173)
	at java.base/java.util.stream.AbstractPipeline.evaluate(AbstractPipeline.java:234)
	at java.base/java.util.stream.ReferencePipeline.forEach(ReferencePipeline.java:596)
	at java.base/java.util.stream.ReferencePipeline$7$1.accept(ReferencePipeline.java:276)
	at java.base/java.util.stream.ReferencePipeline$3$1.accept(ReferencePipeline.java:197)
	at java.base/java.util.stream.ReferencePipeline$3$1.accept(ReferencePipeline.java:197)
	at java.base/java.util.stream.ReferencePipeline$3$1.accept(ReferencePipeline.java:197)
	at java.base/java.util.ArrayList$ArrayListSpliterator.forEachRemaining(ArrayList.java:1625)
	at java.base/java.util.stream.AbstractPipeline.copyInto(AbstractPipeline.java:509)
	at java.base/java.util.stream.AbstractPipeline.wrapAndCopyInto(AbstractPipeline.java:499)
	at java.base/java.util.stream.ForEachOps$ForEachOp.evaluateSequential(ForEachOps.java:150)
	at java.base/java.util.stream.ForEachOps$ForEachOp$OfRef.evaluateSequential(ForEachOps.java:173)
	at java.base/java.util.stream.AbstractPipeline.evaluate(AbstractPipeline.java:234)
	at java.base/java.util.stream.ReferencePipeline.forEach(ReferencePipeline.java:596)
	at java.base/java.util.stream.ReferencePipeline$7$1.accept(ReferencePipeline.java:276)
	at java.base/java.util.ArrayList$ArrayListSpliterator.forEachRemaining(ArrayList.java:1625)
	at java.base/java.util.stream.AbstractPipeline.copyInto(AbstractPipeline.java:509)
	at java.base/java.util.stream.AbstractPipeline.wrapAndCopyInto(AbstractPipeline.java:499)
	at java.base/java.util.stream.ForEachOps$ForEachOp.evaluateSequential(ForEachOps.java:150)
	at java.base/java.util.stream.ForEachOps$ForEachOp$OfRef.evaluateSequential(ForEachOps.java:173)
	at java.base/java.util.stream.AbstractPipeline.evaluate(AbstractPipeline.java:234)
	at java.base/java.util.stream.ReferencePipeline.forEach(ReferencePipeline.java:596)
	at org.junit.jupiter.engine.descriptor.TestTemplateTestDescriptor.execute(TestTemplateTestDescriptor.java:107)
	at org.junit.jupiter.engine.descriptor.TestTemplateTestDescriptor.execute(TestTemplateTestDescriptor.java:42)
	at org.junit.platform.engine.support.hierarchical.NodeTestTask.lambda$executeRecursively$5(NodeTestTask.java:139)
	at org.junit.platform.engine.support.hierarchical.ThrowableCollector.execute(ThrowableCollector.java:73)
	at org.junit.platform.engine.support.hierarchical.NodeTestTask.lambda$executeRecursively$7(NodeTestTask.java:129)
	at org.junit.platform.engine.support.hierarchical.Node.around(Node.java:137)
	at org.junit.platform.engine.support.hierarchical.NodeTestTask.lambda$executeRecursively$8(NodeTestTask.java:127)
	at org.junit.platform.engine.support.hierarchical.ThrowableCollector.execute(ThrowableCollector.java:73)
	at org.junit.platform.engine.support.hierarchical.NodeTestTask.executeRecursively(NodeTestTask.java:126)
	at org.junit.platform.engine.support.hierarchical.NodeTestTask.execute(NodeTestTask.java:84)
	at java.base/java.util.ArrayList.forEach(ArrayList.java:1511)
	at org.junit.platform.engine.support.hierarchical.SameThreadHierarchicalTestExecutorService.invokeAll(SameThreadHierarchicalTestExecutorService.java:38)
	at org.junit.platform.engine.support.hierarchical.NodeTestTask.lambda$executeRecursively$5(NodeTestTask.java:143)
	at org.junit.platform.engine.support.hierarchical.ThrowableCollector.execute(ThrowableCollector.java:73)
	at org.junit.platform.engine.support.hierarchical.NodeTestTask.lambda$executeRecursively$7(NodeTestTask.java:129)
	at org.junit.platform.engine.support.hierarchical.Node.around(Node.java:137)
	at org.junit.platform.engine.support.hierarchical.NodeTestTask.lambda$executeRecursively$8(NodeTestTask.java:127)
	at org.junit.platform.engine.support.hierarchical.ThrowableCollector.execute(ThrowableCollector.java:73)
	at org.junit.platform.engine.support.hierarchical.NodeTestTask.executeRecursively(NodeTestTask.java:126)
	at org.junit.platform.engine.support.hierarchical.NodeTestTask.execute(NodeTestTask.java:84)
	at java.base/java.util.ArrayList.forEach(ArrayList.java:1511)
	at org.junit.platform.engine.support.hierarchical.SameThreadHierarchicalTestExecutorService.invokeAll(SameThreadHierarchicalTestExecutorService.java:38)
	at org.junit.platform.engine.support.hierarchical.NodeTestTask.lambda$executeRecursively$5(NodeTestTask.java:143)
	at org.junit.platform.engine.support.hierarchical.ThrowableCollector.execute(ThrowableCollector.java:73)
	at org.junit.platform.engine.support.hierarchical.NodeTestTask.lambda$executeRecursively$7(NodeTestTask.java:129)
	at org.junit.platform.engine.support.hierarchical.Node.around(Node.java:137)
	at org.junit.platform.engine.support.hierarchical.NodeTestTask.lambda$executeRecursively$8(NodeTestTask.java:127)
	at org.junit.platform.engine.support.hierarchical.ThrowableCollector.execute(ThrowableCollector.java:73)
	at org.junit.platform.engine.support.hierarchical.NodeTestTask.executeRecursively(NodeTestTask.java:126)
	at org.junit.platform.engine.support.hierarchical.NodeTestTask.execute(NodeTestTask.java:84)
	at org.junit.platform.engine.support.hierarchical.SameThreadHierarchicalTestExecutorService.submit(SameThreadHierarchicalTestExecutorService.java:32)
	at org.junit.platform.engine.support.hierarchical.HierarchicalTestExecutor.execute(HierarchicalTestExecutor.java:57)
	at org.junit.platform.engine.support.hierarchical.HierarchicalTestEngine.execute(HierarchicalTestEngine.java:51)
	at org.junit.platform.launcher.core.EngineExecutionOrchestrator.execute(EngineExecutionOrchestrator.java:108)
	at org.junit.platform.launcher.core.EngineExecutionOrchestrator.execute(EngineExecutionOrchestrator.java:88)
	at org.junit.platform.launcher.core.EngineExecutionOrchestrator.lambda$execute$0(EngineExecutionOrchestrator.java:54)
	at org.junit.platform.launcher.core.EngineExecutionOrchestrator.withInterceptedStreams(EngineExecutionOrchestrator.java:67)
	at org.junit.platform.launcher.core.EngineExecutionOrchestrator.execute(EngineExecutionOrchestrator.java:52)
	at org.junit.platform.launcher.core.DefaultLauncher.execute(DefaultLauncher.java:96)
	at org.junit.platform.launcher.core.DefaultLauncher.execute(DefaultLauncher.java:75)
	at org.junit.platform.console.tasks.ConsoleTestExecutor.executeTests(ConsoleTestExecutor.java:66)
	at org.junit.platform.console.tasks.ConsoleTestExecutor.lambda$execute$0(ConsoleTestExecutor.java:58)
	at org.junit.platform.console.tasks.CustomContextClassLoaderExecutor.replaceThreadContextClassLoaderAndInvoke(CustomContextClassLoaderExecutor.java:41)
	at org.junit.platform.console.tasks.CustomContextClassLoaderExecutor.invoke(CustomContextClassLoaderExecutor.java:31)
	at org.junit.platform.console.tasks.ConsoleTestExecutor.execute(ConsoleTestExecutor.java:58)
	at org.junit.platform.console.ConsoleLauncher.executeTests(ConsoleLauncher.java:95)
	at org.junit.platform.console.ConsoleLauncher.execute(ConsoleLauncher.java:73)
	at org.junit.platform.console.ConsoleLauncher.execute(ConsoleLauncher.java:50)
	at org.junit.platform.console.ConsoleLauncher.execute(ConsoleLauncher.java:43)
	at org.junit.platform.console.ConsoleLauncher.main(ConsoleLauncher.java:37)
]]></skipped>
<system-out><![CDATA[
unique-id: [engine:junit-jupiter]/[class:minebayd1.test.TestUser]/[test-template:testnext(minebayd1.User)]/[test-template-invocation:#81]
display-name: [81] Yanis a 61 annonces ouvertes, 4 annonces fermées et 3 achats 

]]></system-out>
</testcase>
<testcase name="testnext(User)[82]" classname="minebayd1.test.TestUser" time="0.002">
<system-out><![CDATA[
unique-id: [engine:junit-jupiter]/[class:minebayd1.test.TestUser]/[test-template:testnext(minebayd1.User)]/[test-template-invocation:#82]
display-name: [82] Aliou a 50 annonces ouvertes, 3 annonces fermées et 2 achats 

]]></system-out>
</testcase>
<testcase name="testnext(User)[83]" classname="minebayd1.test.TestUser" time="0.004">
<system-out><![CDATA[
unique-id: [engine:junit-jupiter]/[class:minebayd1.test.TestUser]/[test-template:testnext(minebayd1.User)]/[test-template-invocation:#83]
display-name: [83] Ismael a 59 annonces ouvertes, 1 annonces fermées et 3 achats 

]]></system-out>
</testcase>
<testcase name="testnext(User)[84]" classname="minebayd1.test.TestUser" time="0.003">
<system-out><![CDATA[
unique-id: [engine:junit-jupiter]/[class:minebayd1.test.TestUser]/[test-template:testnext(minebayd1.User)]/[test-template-invocation:#84]
display-name: [84] Adam a 49 annonces ouvertes, 3 annonces fermées et 3 achats 

]]></system-out>
</testcase>
<testcase name="testnext(User)[85]" classname="minebayd1.test.TestUser" time="0">
<skipped><![CDATA[org.opentest4j.TestAbortedException: Assumption failed: assumption is not true
	at org.junit.jupiter.api.Assumptions.throwTestAbortedException(Assumptions.java:256)
	at org.junit.jupiter.api.Assumptions.assumeTrue(Assumptions.java:115)
	at org.junit.jupiter.api.Assumptions.assumeTrue(Assumptions.java:66)
	at minebayd1.test.TestUser.testnext(TestUser.java:1137)
	at jdk.internal.reflect.GeneratedMethodAccessor10.invoke(Unknown Source)
	at java.base/jdk.internal.reflect.DelegatingMethodAccessorImpl.invoke(DelegatingMethodAccessorImpl.java:43)
	at java.base/java.lang.reflect.Method.invoke(Method.java:569)
	at org.junit.platform.commons.util.ReflectionUtils.invokeMethod(ReflectionUtils.java:688)
	at org.junit.jupiter.engine.execution.MethodInvocation.proceed(MethodInvocation.java:60)
	at org.junit.jupiter.engine.execution.InvocationInterceptorChain$ValidatingInvocation.proceed(InvocationInterceptorChain.java:131)
	at org.junit.jupiter.engine.extension.TimeoutExtension.intercept(TimeoutExtension.java:149)
	at org.junit.jupiter.engine.extension.TimeoutExtension.interceptTestableMethod(TimeoutExtension.java:140)
	at org.junit.jupiter.engine.extension.TimeoutExtension.interceptTestTemplateMethod(TimeoutExtension.java:92)
	at org.junit.jupiter.engine.execution.ExecutableInvoker$ReflectiveInterceptorCall.lambda$ofVoidMethod$0(ExecutableInvoker.java:115)
	at org.junit.jupiter.engine.execution.ExecutableInvoker.lambda$invoke$0(ExecutableInvoker.java:105)
	at org.junit.jupiter.engine.execution.InvocationInterceptorChain$InterceptedInvocation.proceed(InvocationInterceptorChain.java:106)
	at org.junit.jupiter.engine.execution.InvocationInterceptorChain.proceed(InvocationInterceptorChain.java:64)
	at org.junit.jupiter.engine.execution.InvocationInterceptorChain.chainAndInvoke(InvocationInterceptorChain.java:45)
	at org.junit.jupiter.engine.execution.InvocationInterceptorChain.invoke(InvocationInterceptorChain.java:37)
	at org.junit.jupiter.engine.execution.ExecutableInvoker.invoke(ExecutableInvoker.java:104)
	at org.junit.jupiter.engine.execution.ExecutableInvoker.invoke(ExecutableInvoker.java:98)
	at org.junit.jupiter.engine.descriptor.TestMethodTestDescriptor.lambda$invokeTestMethod$6(TestMethodTestDescriptor.java:210)
	at org.junit.platform.engine.support.hierarchical.ThrowableCollector.execute(ThrowableCollector.java:73)
	at org.junit.jupiter.engine.descriptor.TestMethodTestDescriptor.invokeTestMethod(TestMethodTestDescriptor.java:206)
	at org.junit.jupiter.engine.descriptor.TestMethodTestDescriptor.execute(TestMethodTestDescriptor.java:131)
	at org.junit.jupiter.engine.descriptor.TestMethodTestDescriptor.execute(TestMethodTestDescriptor.java:65)
	at org.junit.platform.engine.support.hierarchical.NodeTestTask.lambda$executeRecursively$5(NodeTestTask.java:139)
	at org.junit.platform.engine.support.hierarchical.ThrowableCollector.execute(ThrowableCollector.java:73)
	at org.junit.platform.engine.support.hierarchical.NodeTestTask.lambda$executeRecursively$7(NodeTestTask.java:129)
	at org.junit.platform.engine.support.hierarchical.Node.around(Node.java:137)
	at org.junit.platform.engine.support.hierarchical.NodeTestTask.lambda$executeRecursively$8(NodeTestTask.java:127)
	at org.junit.platform.engine.support.hierarchical.ThrowableCollector.execute(ThrowableCollector.java:73)
	at org.junit.platform.engine.support.hierarchical.NodeTestTask.executeRecursively(NodeTestTask.java:126)
	at org.junit.platform.engine.support.hierarchical.NodeTestTask.execute(NodeTestTask.java:84)
	at org.junit.platform.engine.support.hierarchical.SameThreadHierarchicalTestExecutorService.submit(SameThreadHierarchicalTestExecutorService.java:32)
	at org.junit.platform.engine.support.hierarchical.NodeTestTask$DefaultDynamicTestExecutor.execute(NodeTestTask.java:212)
	at org.junit.platform.engine.support.hierarchical.NodeTestTask$DefaultDynamicTestExecutor.execute(NodeTestTask.java:192)
	at org.junit.jupiter.engine.descriptor.TestTemplateTestDescriptor.execute(TestTemplateTestDescriptor.java:139)
	at org.junit.jupiter.engine.descriptor.TestTemplateTestDescriptor.lambda$execute$2(TestTemplateTestDescriptor.java:107)
	at java.base/java.util.stream.ForEachOps$ForEachOp$OfRef.accept(ForEachOps.java:183)
	at java.base/java.util.stream.ReferencePipeline$3$1.accept(ReferencePipeline.java:197)
	at java.base/java.util.stream.ReferencePipeline$2$1.accept(ReferencePipeline.java:179)
	at java.base/java.util.stream.ReferencePipeline$3$1.accept(ReferencePipeline.java:197)
	at java.base/java.util.stream.ForEachOps$ForEachOp$OfRef.accept(ForEachOps.java:183)
	at java.base/java.util.stream.ReferencePipeline$15$1.accept(ReferencePipeline.java:541)
	at java.base/java.util.stream.ReferencePipeline$3$1.accept(ReferencePipeline.java:197)
	at java.base/java.util.stream.ReferencePipeline$3$1.accept(ReferencePipeline.java:197)
	at java.base/java.util.stream.ReferencePipeline$3$1.accept(ReferencePipeline.java:197)
	at java.base/java.util.stream.ForEachOps$ForEachOp$OfRef.accept(ForEachOps.java:183)
	at java.base/java.util.stream.ReferencePipeline$3$1.accept(ReferencePipeline.java:197)
	at java.base/java.util.stream.ForEachOps$ForEachOp$OfRef.accept(ForEachOps.java:183)
	at java.base/java.util.stream.SliceOps$1$1.accept(SliceOps.java:200)
	at java.base/java.util.stream.StreamSpliterators$InfiniteSupplyingSpliterator$OfRef.tryAdvance(StreamSpliterators.java:1358)
	at java.base/java.util.stream.ReferencePipeline.forEachWithCancel(ReferencePipeline.java:129)
	at java.base/java.util.stream.AbstractPipeline.copyIntoWithCancel(AbstractPipeline.java:527)
	at java.base/java.util.stream.AbstractPipeline.copyInto(AbstractPipeline.java:513)
	at java.base/java.util.stream.AbstractPipeline.wrapAndCopyInto(AbstractPipeline.java:499)
	at java.base/java.util.stream.ForEachOps$ForEachOp.evaluateSequential(ForEachOps.java:150)
	at java.base/java.util.stream.ForEachOps$ForEachOp$OfRef.evaluateSequential(ForEachOps.java:173)
	at java.base/java.util.stream.AbstractPipeline.evaluate(AbstractPipeline.java:234)
	at java.base/java.util.stream.ReferencePipeline.forEach(ReferencePipeline.java:596)
	at java.base/java.util.stream.ReferencePipeline$7$1.accept(ReferencePipeline.java:276)
	at java.base/java.util.stream.ReferencePipeline$3$1.accept(ReferencePipeline.java:197)
	at java.base/java.util.stream.ReferencePipeline$3$1.accept(ReferencePipeline.java:197)
	at java.base/java.util.Spliterators$ArraySpliterator.forEachRemaining(Spliterators.java:992)
	at java.base/java.util.stream.AbstractPipeline.copyInto(AbstractPipeline.java:509)
	at java.base/java.util.stream.AbstractPipeline.wrapAndCopyInto(AbstractPipeline.java:499)
	at java.base/java.util.stream.ForEachOps$ForEachOp.evaluateSequential(ForEachOps.java:150)
	at java.base/java.util.stream.ForEachOps$ForEachOp$OfRef.evaluateSequential(ForEachOps.java:173)
	at java.base/java.util.stream.AbstractPipeline.evaluate(AbstractPipeline.java:234)
	at java.base/java.util.stream.ReferencePipeline.forEach(ReferencePipeline.java:596)
	at java.base/java.util.stream.ReferencePipeline$7$1.accept(ReferencePipeline.java:276)
	at java.base/java.util.stream.ReferencePipeline$3$1.accept(ReferencePipeline.java:197)
	at java.base/java.util.stream.ReferencePipeline$3$1.accept(ReferencePipeline.java:197)
	at java.base/java.util.stream.ReferencePipeline$3$1.accept(ReferencePipeline.java:197)
	at java.base/java.util.ArrayList$ArrayListSpliterator.forEachRemaining(ArrayList.java:1625)
	at java.base/java.util.stream.AbstractPipeline.copyInto(AbstractPipeline.java:509)
	at java.base/java.util.stream.AbstractPipeline.wrapAndCopyInto(AbstractPipeline.java:499)
	at java.base/java.util.stream.ForEachOps$ForEachOp.evaluateSequential(ForEachOps.java:150)
	at java.base/java.util.stream.ForEachOps$ForEachOp$OfRef.evaluateSequential(ForEachOps.java:173)
	at java.base/java.util.stream.AbstractPipeline.evaluate(AbstractPipeline.java:234)
	at java.base/java.util.stream.ReferencePipeline.forEach(ReferencePipeline.java:596)
	at java.base/java.util.stream.ReferencePipeline$7$1.accept(ReferencePipeline.java:276)
	at java.base/java.util.ArrayList$ArrayListSpliterator.forEachRemaining(ArrayList.java:1625)
	at java.base/java.util.stream.AbstractPipeline.copyInto(AbstractPipeline.java:509)
	at java.base/java.util.stream.AbstractPipeline.wrapAndCopyInto(AbstractPipeline.java:499)
	at java.base/java.util.stream.ForEachOps$ForEachOp.evaluateSequential(ForEachOps.java:150)
	at java.base/java.util.stream.ForEachOps$ForEachOp$OfRef.evaluateSequential(ForEachOps.java:173)
	at java.base/java.util.stream.AbstractPipeline.evaluate(AbstractPipeline.java:234)
	at java.base/java.util.stream.ReferencePipeline.forEach(ReferencePipeline.java:596)
	at org.junit.jupiter.engine.descriptor.TestTemplateTestDescriptor.execute(TestTemplateTestDescriptor.java:107)
	at org.junit.jupiter.engine.descriptor.TestTemplateTestDescriptor.execute(TestTemplateTestDescriptor.java:42)
	at org.junit.platform.engine.support.hierarchical.NodeTestTask.lambda$executeRecursively$5(NodeTestTask.java:139)
	at org.junit.platform.engine.support.hierarchical.ThrowableCollector.execute(ThrowableCollector.java:73)
	at org.junit.platform.engine.support.hierarchical.NodeTestTask.lambda$executeRecursively$7(NodeTestTask.java:129)
	at org.junit.platform.engine.support.hierarchical.Node.around(Node.java:137)
	at org.junit.platform.engine.support.hierarchical.NodeTestTask.lambda$executeRecursively$8(NodeTestTask.java:127)
	at org.junit.platform.engine.support.hierarchical.ThrowableCollector.execute(ThrowableCollector.java:73)
	at org.junit.platform.engine.support.hierarchical.NodeTestTask.executeRecursively(NodeTestTask.java:126)
	at org.junit.platform.engine.support.hierarchical.NodeTestTask.execute(NodeTestTask.java:84)
	at java.base/java.util.ArrayList.forEach(ArrayList.java:1511)
	at org.junit.platform.engine.support.hierarchical.SameThreadHierarchicalTestExecutorService.invokeAll(SameThreadHierarchicalTestExecutorService.java:38)
	at org.junit.platform.engine.support.hierarchical.NodeTestTask.lambda$executeRecursively$5(NodeTestTask.java:143)
	at org.junit.platform.engine.support.hierarchical.ThrowableCollector.execute(ThrowableCollector.java:73)
	at org.junit.platform.engine.support.hierarchical.NodeTestTask.lambda$executeRecursively$7(NodeTestTask.java:129)
	at org.junit.platform.engine.support.hierarchical.Node.around(Node.java:137)
	at org.junit.platform.engine.support.hierarchical.NodeTestTask.lambda$executeRecursively$8(NodeTestTask.java:127)
	at org.junit.platform.engine.support.hierarchical.ThrowableCollector.execute(ThrowableCollector.java:73)
	at org.junit.platform.engine.support.hierarchical.NodeTestTask.executeRecursively(NodeTestTask.java:126)
	at org.junit.platform.engine.support.hierarchical.NodeTestTask.execute(NodeTestTask.java:84)
	at java.base/java.util.ArrayList.forEach(ArrayList.java:1511)
	at org.junit.platform.engine.support.hierarchical.SameThreadHierarchicalTestExecutorService.invokeAll(SameThreadHierarchicalTestExecutorService.java:38)
	at org.junit.platform.engine.support.hierarchical.NodeTestTask.lambda$executeRecursively$5(NodeTestTask.java:143)
	at org.junit.platform.engine.support.hierarchical.ThrowableCollector.execute(ThrowableCollector.java:73)
	at org.junit.platform.engine.support.hierarchical.NodeTestTask.lambda$executeRecursively$7(NodeTestTask.java:129)
	at org.junit.platform.engine.support.hierarchical.Node.around(Node.java:137)
	at org.junit.platform.engine.support.hierarchical.NodeTestTask.lambda$executeRecursively$8(NodeTestTask.java:127)
	at org.junit.platform.engine.support.hierarchical.ThrowableCollector.execute(ThrowableCollector.java:73)
	at org.junit.platform.engine.support.hierarchical.NodeTestTask.executeRecursively(NodeTestTask.java:126)
	at org.junit.platform.engine.support.hierarchical.NodeTestTask.execute(NodeTestTask.java:84)
	at org.junit.platform.engine.support.hierarchical.SameThreadHierarchicalTestExecutorService.submit(SameThreadHierarchicalTestExecutorService.java:32)
	at org.junit.platform.engine.support.hierarchical.HierarchicalTestExecutor.execute(HierarchicalTestExecutor.java:57)
	at org.junit.platform.engine.support.hierarchical.HierarchicalTestEngine.execute(HierarchicalTestEngine.java:51)
	at org.junit.platform.launcher.core.EngineExecutionOrchestrator.execute(EngineExecutionOrchestrator.java:108)
	at org.junit.platform.launcher.core.EngineExecutionOrchestrator.execute(EngineExecutionOrchestrator.java:88)
	at org.junit.platform.launcher.core.EngineExecutionOrchestrator.lambda$execute$0(EngineExecutionOrchestrator.java:54)
	at org.junit.platform.launcher.core.EngineExecutionOrchestrator.withInterceptedStreams(EngineExecutionOrchestrator.java:67)
	at org.junit.platform.launcher.core.EngineExecutionOrchestrator.execute(EngineExecutionOrchestrator.java:52)
	at org.junit.platform.launcher.core.DefaultLauncher.execute(DefaultLauncher.java:96)
	at org.junit.platform.launcher.core.DefaultLauncher.execute(DefaultLauncher.java:75)
	at org.junit.platform.console.tasks.ConsoleTestExecutor.executeTests(ConsoleTestExecutor.java:66)
	at org.junit.platform.console.tasks.ConsoleTestExecutor.lambda$execute$0(ConsoleTestExecutor.java:58)
	at org.junit.platform.console.tasks.CustomContextClassLoaderExecutor.replaceThreadContextClassLoaderAndInvoke(CustomContextClassLoaderExecutor.java:41)
	at org.junit.platform.console.tasks.CustomContextClassLoaderExecutor.invoke(CustomContextClassLoaderExecutor.java:31)
	at org.junit.platform.console.tasks.ConsoleTestExecutor.execute(ConsoleTestExecutor.java:58)
	at org.junit.platform.console.ConsoleLauncher.executeTests(ConsoleLauncher.java:95)
	at org.junit.platform.console.ConsoleLauncher.execute(ConsoleLauncher.java:73)
	at org.junit.platform.console.ConsoleLauncher.execute(ConsoleLauncher.java:50)
	at org.junit.platform.console.ConsoleLauncher.execute(ConsoleLauncher.java:43)
	at org.junit.platform.console.ConsoleLauncher.main(ConsoleLauncher.java:37)
]]></skipped>
<system-out><![CDATA[
unique-id: [engine:junit-jupiter]/[class:minebayd1.test.TestUser]/[test-template:testnext(minebayd1.User)]/[test-template-invocation:#85]
display-name: [85] Chanez a 57 annonces ouvertes, 2 annonces fermées et 1 achats 

]]></system-out>
</testcase>
<testcase name="testnext(User)[86]" classname="minebayd1.test.TestUser" time="0.004">
<system-out><![CDATA[
unique-id: [engine:junit-jupiter]/[class:minebayd1.test.TestUser]/[test-template:testnext(minebayd1.User)]/[test-template-invocation:#86]
display-name: [86] Idir a 58 annonces ouvertes, 5 annonces fermées et 4 achats 

]]></system-out>
</testcase>
<testcase name="testnext(User)[87]" classname="minebayd1.test.TestUser" time="0">
<skipped><![CDATA[org.opentest4j.TestAbortedException: Assumption failed: assumption is not true
	at org.junit.jupiter.api.Assumptions.throwTestAbortedException(Assumptions.java:256)
	at org.junit.jupiter.api.Assumptions.assumeTrue(Assumptions.java:115)
	at org.junit.jupiter.api.Assumptions.assumeTrue(Assumptions.java:66)
	at minebayd1.test.TestUser.testnext(TestUser.java:1137)
	at jdk.internal.reflect.GeneratedMethodAccessor10.invoke(Unknown Source)
	at java.base/jdk.internal.reflect.DelegatingMethodAccessorImpl.invoke(DelegatingMethodAccessorImpl.java:43)
	at java.base/java.lang.reflect.Method.invoke(Method.java:569)
	at org.junit.platform.commons.util.ReflectionUtils.invokeMethod(ReflectionUtils.java:688)
	at org.junit.jupiter.engine.execution.MethodInvocation.proceed(MethodInvocation.java:60)
	at org.junit.jupiter.engine.execution.InvocationInterceptorChain$ValidatingInvocation.proceed(InvocationInterceptorChain.java:131)
	at org.junit.jupiter.engine.extension.TimeoutExtension.intercept(TimeoutExtension.java:149)
	at org.junit.jupiter.engine.extension.TimeoutExtension.interceptTestableMethod(TimeoutExtension.java:140)
	at org.junit.jupiter.engine.extension.TimeoutExtension.interceptTestTemplateMethod(TimeoutExtension.java:92)
	at org.junit.jupiter.engine.execution.ExecutableInvoker$ReflectiveInterceptorCall.lambda$ofVoidMethod$0(ExecutableInvoker.java:115)
	at org.junit.jupiter.engine.execution.ExecutableInvoker.lambda$invoke$0(ExecutableInvoker.java:105)
	at org.junit.jupiter.engine.execution.InvocationInterceptorChain$InterceptedInvocation.proceed(InvocationInterceptorChain.java:106)
	at org.junit.jupiter.engine.execution.InvocationInterceptorChain.proceed(InvocationInterceptorChain.java:64)
	at org.junit.jupiter.engine.execution.InvocationInterceptorChain.chainAndInvoke(InvocationInterceptorChain.java:45)
	at org.junit.jupiter.engine.execution.InvocationInterceptorChain.invoke(InvocationInterceptorChain.java:37)
	at org.junit.jupiter.engine.execution.ExecutableInvoker.invoke(ExecutableInvoker.java:104)
	at org.junit.jupiter.engine.execution.ExecutableInvoker.invoke(ExecutableInvoker.java:98)
	at org.junit.jupiter.engine.descriptor.TestMethodTestDescriptor.lambda$invokeTestMethod$6(TestMethodTestDescriptor.java:210)
	at org.junit.platform.engine.support.hierarchical.ThrowableCollector.execute(ThrowableCollector.java:73)
	at org.junit.jupiter.engine.descriptor.TestMethodTestDescriptor.invokeTestMethod(TestMethodTestDescriptor.java:206)
	at org.junit.jupiter.engine.descriptor.TestMethodTestDescriptor.execute(TestMethodTestDescriptor.java:131)
	at org.junit.jupiter.engine.descriptor.TestMethodTestDescriptor.execute(TestMethodTestDescriptor.java:65)
	at org.junit.platform.engine.support.hierarchical.NodeTestTask.lambda$executeRecursively$5(NodeTestTask.java:139)
	at org.junit.platform.engine.support.hierarchical.ThrowableCollector.execute(ThrowableCollector.java:73)
	at org.junit.platform.engine.support.hierarchical.NodeTestTask.lambda$executeRecursively$7(NodeTestTask.java:129)
	at org.junit.platform.engine.support.hierarchical.Node.around(Node.java:137)
	at org.junit.platform.engine.support.hierarchical.NodeTestTask.lambda$executeRecursively$8(NodeTestTask.java:127)
	at org.junit.platform.engine.support.hierarchical.ThrowableCollector.execute(ThrowableCollector.java:73)
	at org.junit.platform.engine.support.hierarchical.NodeTestTask.executeRecursively(NodeTestTask.java:126)
	at org.junit.platform.engine.support.hierarchical.NodeTestTask.execute(NodeTestTask.java:84)
	at org.junit.platform.engine.support.hierarchical.SameThreadHierarchicalTestExecutorService.submit(SameThreadHierarchicalTestExecutorService.java:32)
	at org.junit.platform.engine.support.hierarchical.NodeTestTask$DefaultDynamicTestExecutor.execute(NodeTestTask.java:212)
	at org.junit.platform.engine.support.hierarchical.NodeTestTask$DefaultDynamicTestExecutor.execute(NodeTestTask.java:192)
	at org.junit.jupiter.engine.descriptor.TestTemplateTestDescriptor.execute(TestTemplateTestDescriptor.java:139)
	at org.junit.jupiter.engine.descriptor.TestTemplateTestDescriptor.lambda$execute$2(TestTemplateTestDescriptor.java:107)
	at java.base/java.util.stream.ForEachOps$ForEachOp$OfRef.accept(ForEachOps.java:183)
	at java.base/java.util.stream.ReferencePipeline$3$1.accept(ReferencePipeline.java:197)
	at java.base/java.util.stream.ReferencePipeline$2$1.accept(ReferencePipeline.java:179)
	at java.base/java.util.stream.ReferencePipeline$3$1.accept(ReferencePipeline.java:197)
	at java.base/java.util.stream.ForEachOps$ForEachOp$OfRef.accept(ForEachOps.java:183)
	at java.base/java.util.stream.ReferencePipeline$15$1.accept(ReferencePipeline.java:541)
	at java.base/java.util.stream.ReferencePipeline$3$1.accept(ReferencePipeline.java:197)
	at java.base/java.util.stream.ReferencePipeline$3$1.accept(ReferencePipeline.java:197)
	at java.base/java.util.stream.ReferencePipeline$3$1.accept(ReferencePipeline.java:197)
	at java.base/java.util.stream.ForEachOps$ForEachOp$OfRef.accept(ForEachOps.java:183)
	at java.base/java.util.stream.ReferencePipeline$3$1.accept(ReferencePipeline.java:197)
	at java.base/java.util.stream.ForEachOps$ForEachOp$OfRef.accept(ForEachOps.java:183)
	at java.base/java.util.stream.SliceOps$1$1.accept(SliceOps.java:200)
	at java.base/java.util.stream.StreamSpliterators$InfiniteSupplyingSpliterator$OfRef.tryAdvance(StreamSpliterators.java:1358)
	at java.base/java.util.stream.ReferencePipeline.forEachWithCancel(ReferencePipeline.java:129)
	at java.base/java.util.stream.AbstractPipeline.copyIntoWithCancel(AbstractPipeline.java:527)
	at java.base/java.util.stream.AbstractPipeline.copyInto(AbstractPipeline.java:513)
	at java.base/java.util.stream.AbstractPipeline.wrapAndCopyInto(AbstractPipeline.java:499)
	at java.base/java.util.stream.ForEachOps$ForEachOp.evaluateSequential(ForEachOps.java:150)
	at java.base/java.util.stream.ForEachOps$ForEachOp$OfRef.evaluateSequential(ForEachOps.java:173)
	at java.base/java.util.stream.AbstractPipeline.evaluate(AbstractPipeline.java:234)
	at java.base/java.util.stream.ReferencePipeline.forEach(ReferencePipeline.java:596)
	at java.base/java.util.stream.ReferencePipeline$7$1.accept(ReferencePipeline.java:276)
	at java.base/java.util.stream.ReferencePipeline$3$1.accept(ReferencePipeline.java:197)
	at java.base/java.util.stream.ReferencePipeline$3$1.accept(ReferencePipeline.java:197)
	at java.base/java.util.Spliterators$ArraySpliterator.forEachRemaining(Spliterators.java:992)
	at java.base/java.util.stream.AbstractPipeline.copyInto(AbstractPipeline.java:509)
	at java.base/java.util.stream.AbstractPipeline.wrapAndCopyInto(AbstractPipeline.java:499)
	at java.base/java.util.stream.ForEachOps$ForEachOp.evaluateSequential(ForEachOps.java:150)
	at java.base/java.util.stream.ForEachOps$ForEachOp$OfRef.evaluateSequential(ForEachOps.java:173)
	at java.base/java.util.stream.AbstractPipeline.evaluate(AbstractPipeline.java:234)
	at java.base/java.util.stream.ReferencePipeline.forEach(ReferencePipeline.java:596)
	at java.base/java.util.stream.ReferencePipeline$7$1.accept(ReferencePipeline.java:276)
	at java.base/java.util.stream.ReferencePipeline$3$1.accept(ReferencePipeline.java:197)
	at java.base/java.util.stream.ReferencePipeline$3$1.accept(ReferencePipeline.java:197)
	at java.base/java.util.stream.ReferencePipeline$3$1.accept(ReferencePipeline.java:197)
	at java.base/java.util.ArrayList$ArrayListSpliterator.forEachRemaining(ArrayList.java:1625)
	at java.base/java.util.stream.AbstractPipeline.copyInto(AbstractPipeline.java:509)
	at java.base/java.util.stream.AbstractPipeline.wrapAndCopyInto(AbstractPipeline.java:499)
	at java.base/java.util.stream.ForEachOps$ForEachOp.evaluateSequential(ForEachOps.java:150)
	at java.base/java.util.stream.ForEachOps$ForEachOp$OfRef.evaluateSequential(ForEachOps.java:173)
	at java.base/java.util.stream.AbstractPipeline.evaluate(AbstractPipeline.java:234)
	at java.base/java.util.stream.ReferencePipeline.forEach(ReferencePipeline.java:596)
	at java.base/java.util.stream.ReferencePipeline$7$1.accept(ReferencePipeline.java:276)
	at java.base/java.util.ArrayList$ArrayListSpliterator.forEachRemaining(ArrayList.java:1625)
	at java.base/java.util.stream.AbstractPipeline.copyInto(AbstractPipeline.java:509)
	at java.base/java.util.stream.AbstractPipeline.wrapAndCopyInto(AbstractPipeline.java:499)
	at java.base/java.util.stream.ForEachOps$ForEachOp.evaluateSequential(ForEachOps.java:150)
	at java.base/java.util.stream.ForEachOps$ForEachOp$OfRef.evaluateSequential(ForEachOps.java:173)
	at java.base/java.util.stream.AbstractPipeline.evaluate(AbstractPipeline.java:234)
	at java.base/java.util.stream.ReferencePipeline.forEach(ReferencePipeline.java:596)
	at org.junit.jupiter.engine.descriptor.TestTemplateTestDescriptor.execute(TestTemplateTestDescriptor.java:107)
	at org.junit.jupiter.engine.descriptor.TestTemplateTestDescriptor.execute(TestTemplateTestDescriptor.java:42)
	at org.junit.platform.engine.support.hierarchical.NodeTestTask.lambda$executeRecursively$5(NodeTestTask.java:139)
	at org.junit.platform.engine.support.hierarchical.ThrowableCollector.execute(ThrowableCollector.java:73)
	at org.junit.platform.engine.support.hierarchical.NodeTestTask.lambda$executeRecursively$7(NodeTestTask.java:129)
	at org.junit.platform.engine.support.hierarchical.Node.around(Node.java:137)
	at org.junit.platform.engine.support.hierarchical.NodeTestTask.lambda$executeRecursively$8(NodeTestTask.java:127)
	at org.junit.platform.engine.support.hierarchical.ThrowableCollector.execute(ThrowableCollector.java:73)
	at org.junit.platform.engine.support.hierarchical.NodeTestTask.executeRecursively(NodeTestTask.java:126)
	at org.junit.platform.engine.support.hierarchical.NodeTestTask.execute(NodeTestTask.java:84)
	at java.base/java.util.ArrayList.forEach(ArrayList.java:1511)
	at org.junit.platform.engine.support.hierarchical.SameThreadHierarchicalTestExecutorService.invokeAll(SameThreadHierarchicalTestExecutorService.java:38)
	at org.junit.platform.engine.support.hierarchical.NodeTestTask.lambda$executeRecursively$5(NodeTestTask.java:143)
	at org.junit.platform.engine.support.hierarchical.ThrowableCollector.execute(ThrowableCollector.java:73)
	at org.junit.platform.engine.support.hierarchical.NodeTestTask.lambda$executeRecursively$7(NodeTestTask.java:129)
	at org.junit.platform.engine.support.hierarchical.Node.around(Node.java:137)
	at org.junit.platform.engine.support.hierarchical.NodeTestTask.lambda$executeRecursively$8(NodeTestTask.java:127)
	at org.junit.platform.engine.support.hierarchical.ThrowableCollector.execute(ThrowableCollector.java:73)
	at org.junit.platform.engine.support.hierarchical.NodeTestTask.executeRecursively(NodeTestTask.java:126)
	at org.junit.platform.engine.support.hierarchical.NodeTestTask.execute(NodeTestTask.java:84)
	at java.base/java.util.ArrayList.forEach(ArrayList.java:1511)
	at org.junit.platform.engine.support.hierarchical.SameThreadHierarchicalTestExecutorService.invokeAll(SameThreadHierarchicalTestExecutorService.java:38)
	at org.junit.platform.engine.support.hierarchical.NodeTestTask.lambda$executeRecursively$5(NodeTestTask.java:143)
	at org.junit.platform.engine.support.hierarchical.ThrowableCollector.execute(ThrowableCollector.java:73)
	at org.junit.platform.engine.support.hierarchical.NodeTestTask.lambda$executeRecursively$7(NodeTestTask.java:129)
	at org.junit.platform.engine.support.hierarchical.Node.around(Node.java:137)
	at org.junit.platform.engine.support.hierarchical.NodeTestTask.lambda$executeRecursively$8(NodeTestTask.java:127)
	at org.junit.platform.engine.support.hierarchical.ThrowableCollector.execute(ThrowableCollector.java:73)
	at org.junit.platform.engine.support.hierarchical.NodeTestTask.executeRecursively(NodeTestTask.java:126)
	at org.junit.platform.engine.support.hierarchical.NodeTestTask.execute(NodeTestTask.java:84)
	at org.junit.platform.engine.support.hierarchical.SameThreadHierarchicalTestExecutorService.submit(SameThreadHierarchicalTestExecutorService.java:32)
	at org.junit.platform.engine.support.hierarchical.HierarchicalTestExecutor.execute(HierarchicalTestExecutor.java:57)
	at org.junit.platform.engine.support.hierarchical.HierarchicalTestEngine.execute(HierarchicalTestEngine.java:51)
	at org.junit.platform.launcher.core.EngineExecutionOrchestrator.execute(EngineExecutionOrchestrator.java:108)
	at org.junit.platform.launcher.core.EngineExecutionOrchestrator.execute(EngineExecutionOrchestrator.java:88)
	at org.junit.platform.launcher.core.EngineExecutionOrchestrator.lambda$execute$0(EngineExecutionOrchestrator.java:54)
	at org.junit.platform.launcher.core.EngineExecutionOrchestrator.withInterceptedStreams(EngineExecutionOrchestrator.java:67)
	at org.junit.platform.launcher.core.EngineExecutionOrchestrator.execute(EngineExecutionOrchestrator.java:52)
	at org.junit.platform.launcher.core.DefaultLauncher.execute(DefaultLauncher.java:96)
	at org.junit.platform.launcher.core.DefaultLauncher.execute(DefaultLauncher.java:75)
	at org.junit.platform.console.tasks.ConsoleTestExecutor.executeTests(ConsoleTestExecutor.java:66)
	at org.junit.platform.console.tasks.ConsoleTestExecutor.lambda$execute$0(ConsoleTestExecutor.java:58)
	at org.junit.platform.console.tasks.CustomContextClassLoaderExecutor.replaceThreadContextClassLoaderAndInvoke(CustomContextClassLoaderExecutor.java:41)
	at org.junit.platform.console.tasks.CustomContextClassLoaderExecutor.invoke(CustomContextClassLoaderExecutor.java:31)
	at org.junit.platform.console.tasks.ConsoleTestExecutor.execute(ConsoleTestExecutor.java:58)
	at org.junit.platform.console.ConsoleLauncher.executeTests(ConsoleLauncher.java:95)
	at org.junit.platform.console.ConsoleLauncher.execute(ConsoleLauncher.java:73)
	at org.junit.platform.console.ConsoleLauncher.execute(ConsoleLauncher.java:50)
	at org.junit.platform.console.ConsoleLauncher.execute(ConsoleLauncher.java:43)
	at org.junit.platform.console.ConsoleLauncher.main(ConsoleLauncher.java:37)
]]></skipped>
<system-out><![CDATA[
unique-id: [engine:junit-jupiter]/[class:minebayd1.test.TestUser]/[test-template:testnext(minebayd1.User)]/[test-template-invocation:#87]
display-name: [87] Rosa a 40 annonces ouvertes, 4 annonces fermées et 2 achats 

]]></system-out>
</testcase>
<testcase name="testnext(User)[88]" classname="minebayd1.test.TestUser" time="0.001">
<system-out><![CDATA[
unique-id: [engine:junit-jupiter]/[class:minebayd1.test.TestUser]/[test-template:testnext(minebayd1.User)]/[test-template-invocation:#88]
display-name: [88] Pierre a 41 annonces ouvertes, 5 annonces fermées et 2 achats 

]]></system-out>
</testcase>
<testcase name="testnext(User)[89]" classname="minebayd1.test.TestUser" time="0">
<skipped><![CDATA[org.opentest4j.TestAbortedException: Assumption failed: assumption is not true
	at org.junit.jupiter.api.Assumptions.throwTestAbortedException(Assumptions.java:256)
	at org.junit.jupiter.api.Assumptions.assumeTrue(Assumptions.java:115)
	at org.junit.jupiter.api.Assumptions.assumeTrue(Assumptions.java:66)
	at minebayd1.test.TestUser.testnext(TestUser.java:1137)
	at jdk.internal.reflect.GeneratedMethodAccessor10.invoke(Unknown Source)
	at java.base/jdk.internal.reflect.DelegatingMethodAccessorImpl.invoke(DelegatingMethodAccessorImpl.java:43)
	at java.base/java.lang.reflect.Method.invoke(Method.java:569)
	at org.junit.platform.commons.util.ReflectionUtils.invokeMethod(ReflectionUtils.java:688)
	at org.junit.jupiter.engine.execution.MethodInvocation.proceed(MethodInvocation.java:60)
	at org.junit.jupiter.engine.execution.InvocationInterceptorChain$ValidatingInvocation.proceed(InvocationInterceptorChain.java:131)
	at org.junit.jupiter.engine.extension.TimeoutExtension.intercept(TimeoutExtension.java:149)
	at org.junit.jupiter.engine.extension.TimeoutExtension.interceptTestableMethod(TimeoutExtension.java:140)
	at org.junit.jupiter.engine.extension.TimeoutExtension.interceptTestTemplateMethod(TimeoutExtension.java:92)
	at org.junit.jupiter.engine.execution.ExecutableInvoker$ReflectiveInterceptorCall.lambda$ofVoidMethod$0(ExecutableInvoker.java:115)
	at org.junit.jupiter.engine.execution.ExecutableInvoker.lambda$invoke$0(ExecutableInvoker.java:105)
	at org.junit.jupiter.engine.execution.InvocationInterceptorChain$InterceptedInvocation.proceed(InvocationInterceptorChain.java:106)
	at org.junit.jupiter.engine.execution.InvocationInterceptorChain.proceed(InvocationInterceptorChain.java:64)
	at org.junit.jupiter.engine.execution.InvocationInterceptorChain.chainAndInvoke(InvocationInterceptorChain.java:45)
	at org.junit.jupiter.engine.execution.InvocationInterceptorChain.invoke(InvocationInterceptorChain.java:37)
	at org.junit.jupiter.engine.execution.ExecutableInvoker.invoke(ExecutableInvoker.java:104)
	at org.junit.jupiter.engine.execution.ExecutableInvoker.invoke(ExecutableInvoker.java:98)
	at org.junit.jupiter.engine.descriptor.TestMethodTestDescriptor.lambda$invokeTestMethod$6(TestMethodTestDescriptor.java:210)
	at org.junit.platform.engine.support.hierarchical.ThrowableCollector.execute(ThrowableCollector.java:73)
	at org.junit.jupiter.engine.descriptor.TestMethodTestDescriptor.invokeTestMethod(TestMethodTestDescriptor.java:206)
	at org.junit.jupiter.engine.descriptor.TestMethodTestDescriptor.execute(TestMethodTestDescriptor.java:131)
	at org.junit.jupiter.engine.descriptor.TestMethodTestDescriptor.execute(TestMethodTestDescriptor.java:65)
	at org.junit.platform.engine.support.hierarchical.NodeTestTask.lambda$executeRecursively$5(NodeTestTask.java:139)
	at org.junit.platform.engine.support.hierarchical.ThrowableCollector.execute(ThrowableCollector.java:73)
	at org.junit.platform.engine.support.hierarchical.NodeTestTask.lambda$executeRecursively$7(NodeTestTask.java:129)
	at org.junit.platform.engine.support.hierarchical.Node.around(Node.java:137)
	at org.junit.platform.engine.support.hierarchical.NodeTestTask.lambda$executeRecursively$8(NodeTestTask.java:127)
	at org.junit.platform.engine.support.hierarchical.ThrowableCollector.execute(ThrowableCollector.java:73)
	at org.junit.platform.engine.support.hierarchical.NodeTestTask.executeRecursively(NodeTestTask.java:126)
	at org.junit.platform.engine.support.hierarchical.NodeTestTask.execute(NodeTestTask.java:84)
	at org.junit.platform.engine.support.hierarchical.SameThreadHierarchicalTestExecutorService.submit(SameThreadHierarchicalTestExecutorService.java:32)
	at org.junit.platform.engine.support.hierarchical.NodeTestTask$DefaultDynamicTestExecutor.execute(NodeTestTask.java:212)
	at org.junit.platform.engine.support.hierarchical.NodeTestTask$DefaultDynamicTestExecutor.execute(NodeTestTask.java:192)
	at org.junit.jupiter.engine.descriptor.TestTemplateTestDescriptor.execute(TestTemplateTestDescriptor.java:139)
	at org.junit.jupiter.engine.descriptor.TestTemplateTestDescriptor.lambda$execute$2(TestTemplateTestDescriptor.java:107)
	at java.base/java.util.stream.ForEachOps$ForEachOp$OfRef.accept(ForEachOps.java:183)
	at java.base/java.util.stream.ReferencePipeline$3$1.accept(ReferencePipeline.java:197)
	at java.base/java.util.stream.ReferencePipeline$2$1.accept(ReferencePipeline.java:179)
	at java.base/java.util.stream.ReferencePipeline$3$1.accept(ReferencePipeline.java:197)
	at java.base/java.util.stream.ForEachOps$ForEachOp$OfRef.accept(ForEachOps.java:183)
	at java.base/java.util.stream.ReferencePipeline$15$1.accept(ReferencePipeline.java:541)
	at java.base/java.util.stream.ReferencePipeline$3$1.accept(ReferencePipeline.java:197)
	at java.base/java.util.stream.ReferencePipeline$3$1.accept(ReferencePipeline.java:197)
	at java.base/java.util.stream.ReferencePipeline$3$1.accept(ReferencePipeline.java:197)
	at java.base/java.util.stream.ForEachOps$ForEachOp$OfRef.accept(ForEachOps.java:183)
	at java.base/java.util.stream.ReferencePipeline$3$1.accept(ReferencePipeline.java:197)
	at java.base/java.util.stream.ForEachOps$ForEachOp$OfRef.accept(ForEachOps.java:183)
	at java.base/java.util.stream.SliceOps$1$1.accept(SliceOps.java:200)
	at java.base/java.util.stream.StreamSpliterators$InfiniteSupplyingSpliterator$OfRef.tryAdvance(StreamSpliterators.java:1358)
	at java.base/java.util.stream.ReferencePipeline.forEachWithCancel(ReferencePipeline.java:129)
	at java.base/java.util.stream.AbstractPipeline.copyIntoWithCancel(AbstractPipeline.java:527)
	at java.base/java.util.stream.AbstractPipeline.copyInto(AbstractPipeline.java:513)
	at java.base/java.util.stream.AbstractPipeline.wrapAndCopyInto(AbstractPipeline.java:499)
	at java.base/java.util.stream.ForEachOps$ForEachOp.evaluateSequential(ForEachOps.java:150)
	at java.base/java.util.stream.ForEachOps$ForEachOp$OfRef.evaluateSequential(ForEachOps.java:173)
	at java.base/java.util.stream.AbstractPipeline.evaluate(AbstractPipeline.java:234)
	at java.base/java.util.stream.ReferencePipeline.forEach(ReferencePipeline.java:596)
	at java.base/java.util.stream.ReferencePipeline$7$1.accept(ReferencePipeline.java:276)
	at java.base/java.util.stream.ReferencePipeline$3$1.accept(ReferencePipeline.java:197)
	at java.base/java.util.stream.ReferencePipeline$3$1.accept(ReferencePipeline.java:197)
	at java.base/java.util.Spliterators$ArraySpliterator.forEachRemaining(Spliterators.java:992)
	at java.base/java.util.stream.AbstractPipeline.copyInto(AbstractPipeline.java:509)
	at java.base/java.util.stream.AbstractPipeline.wrapAndCopyInto(AbstractPipeline.java:499)
	at java.base/java.util.stream.ForEachOps$ForEachOp.evaluateSequential(ForEachOps.java:150)
	at java.base/java.util.stream.ForEachOps$ForEachOp$OfRef.evaluateSequential(ForEachOps.java:173)
	at java.base/java.util.stream.AbstractPipeline.evaluate(AbstractPipeline.java:234)
	at java.base/java.util.stream.ReferencePipeline.forEach(ReferencePipeline.java:596)
	at java.base/java.util.stream.ReferencePipeline$7$1.accept(ReferencePipeline.java:276)
	at java.base/java.util.stream.ReferencePipeline$3$1.accept(ReferencePipeline.java:197)
	at java.base/java.util.stream.ReferencePipeline$3$1.accept(ReferencePipeline.java:197)
	at java.base/java.util.stream.ReferencePipeline$3$1.accept(ReferencePipeline.java:197)
	at java.base/java.util.ArrayList$ArrayListSpliterator.forEachRemaining(ArrayList.java:1625)
	at java.base/java.util.stream.AbstractPipeline.copyInto(AbstractPipeline.java:509)
	at java.base/java.util.stream.AbstractPipeline.wrapAndCopyInto(AbstractPipeline.java:499)
	at java.base/java.util.stream.ForEachOps$ForEachOp.evaluateSequential(ForEachOps.java:150)
	at java.base/java.util.stream.ForEachOps$ForEachOp$OfRef.evaluateSequential(ForEachOps.java:173)
	at java.base/java.util.stream.AbstractPipeline.evaluate(AbstractPipeline.java:234)
	at java.base/java.util.stream.ReferencePipeline.forEach(ReferencePipeline.java:596)
	at java.base/java.util.stream.ReferencePipeline$7$1.accept(ReferencePipeline.java:276)
	at java.base/java.util.ArrayList$ArrayListSpliterator.forEachRemaining(ArrayList.java:1625)
	at java.base/java.util.stream.AbstractPipeline.copyInto(AbstractPipeline.java:509)
	at java.base/java.util.stream.AbstractPipeline.wrapAndCopyInto(AbstractPipeline.java:499)
	at java.base/java.util.stream.ForEachOps$ForEachOp.evaluateSequential(ForEachOps.java:150)
	at java.base/java.util.stream.ForEachOps$ForEachOp$OfRef.evaluateSequential(ForEachOps.java:173)
	at java.base/java.util.stream.AbstractPipeline.evaluate(AbstractPipeline.java:234)
	at java.base/java.util.stream.ReferencePipeline.forEach(ReferencePipeline.java:596)
	at org.junit.jupiter.engine.descriptor.TestTemplateTestDescriptor.execute(TestTemplateTestDescriptor.java:107)
	at org.junit.jupiter.engine.descriptor.TestTemplateTestDescriptor.execute(TestTemplateTestDescriptor.java:42)
	at org.junit.platform.engine.support.hierarchical.NodeTestTask.lambda$executeRecursively$5(NodeTestTask.java:139)
	at org.junit.platform.engine.support.hierarchical.ThrowableCollector.execute(ThrowableCollector.java:73)
	at org.junit.platform.engine.support.hierarchical.NodeTestTask.lambda$executeRecursively$7(NodeTestTask.java:129)
	at org.junit.platform.engine.support.hierarchical.Node.around(Node.java:137)
	at org.junit.platform.engine.support.hierarchical.NodeTestTask.lambda$executeRecursively$8(NodeTestTask.java:127)
	at org.junit.platform.engine.support.hierarchical.ThrowableCollector.execute(ThrowableCollector.java:73)
	at org.junit.platform.engine.support.hierarchical.NodeTestTask.executeRecursively(NodeTestTask.java:126)
	at org.junit.platform.engine.support.hierarchical.NodeTestTask.execute(NodeTestTask.java:84)
	at java.base/java.util.ArrayList.forEach(ArrayList.java:1511)
	at org.junit.platform.engine.support.hierarchical.SameThreadHierarchicalTestExecutorService.invokeAll(SameThreadHierarchicalTestExecutorService.java:38)
	at org.junit.platform.engine.support.hierarchical.NodeTestTask.lambda$executeRecursively$5(NodeTestTask.java:143)
	at org.junit.platform.engine.support.hierarchical.ThrowableCollector.execute(ThrowableCollector.java:73)
	at org.junit.platform.engine.support.hierarchical.NodeTestTask.lambda$executeRecursively$7(NodeTestTask.java:129)
	at org.junit.platform.engine.support.hierarchical.Node.around(Node.java:137)
	at org.junit.platform.engine.support.hierarchical.NodeTestTask.lambda$executeRecursively$8(NodeTestTask.java:127)
	at org.junit.platform.engine.support.hierarchical.ThrowableCollector.execute(ThrowableCollector.java:73)
	at org.junit.platform.engine.support.hierarchical.NodeTestTask.executeRecursively(NodeTestTask.java:126)
	at org.junit.platform.engine.support.hierarchical.NodeTestTask.execute(NodeTestTask.java:84)
	at java.base/java.util.ArrayList.forEach(ArrayList.java:1511)
	at org.junit.platform.engine.support.hierarchical.SameThreadHierarchicalTestExecutorService.invokeAll(SameThreadHierarchicalTestExecutorService.java:38)
	at org.junit.platform.engine.support.hierarchical.NodeTestTask.lambda$executeRecursively$5(NodeTestTask.java:143)
	at org.junit.platform.engine.support.hierarchical.ThrowableCollector.execute(ThrowableCollector.java:73)
	at org.junit.platform.engine.support.hierarchical.NodeTestTask.lambda$executeRecursively$7(NodeTestTask.java:129)
	at org.junit.platform.engine.support.hierarchical.Node.around(Node.java:137)
	at org.junit.platform.engine.support.hierarchical.NodeTestTask.lambda$executeRecursively$8(NodeTestTask.java:127)
	at org.junit.platform.engine.support.hierarchical.ThrowableCollector.execute(ThrowableCollector.java:73)
	at org.junit.platform.engine.support.hierarchical.NodeTestTask.executeRecursively(NodeTestTask.java:126)
	at org.junit.platform.engine.support.hierarchical.NodeTestTask.execute(NodeTestTask.java:84)
	at org.junit.platform.engine.support.hierarchical.SameThreadHierarchicalTestExecutorService.submit(SameThreadHierarchicalTestExecutorService.java:32)
	at org.junit.platform.engine.support.hierarchical.HierarchicalTestExecutor.execute(HierarchicalTestExecutor.java:57)
	at org.junit.platform.engine.support.hierarchical.HierarchicalTestEngine.execute(HierarchicalTestEngine.java:51)
	at org.junit.platform.launcher.core.EngineExecutionOrchestrator.execute(EngineExecutionOrchestrator.java:108)
	at org.junit.platform.launcher.core.EngineExecutionOrchestrator.execute(EngineExecutionOrchestrator.java:88)
	at org.junit.platform.launcher.core.EngineExecutionOrchestrator.lambda$execute$0(EngineExecutionOrchestrator.java:54)
	at org.junit.platform.launcher.core.EngineExecutionOrchestrator.withInterceptedStreams(EngineExecutionOrchestrator.java:67)
	at org.junit.platform.launcher.core.EngineExecutionOrchestrator.execute(EngineExecutionOrchestrator.java:52)
	at org.junit.platform.launcher.core.DefaultLauncher.execute(DefaultLauncher.java:96)
	at org.junit.platform.launcher.core.DefaultLauncher.execute(DefaultLauncher.java:75)
	at org.junit.platform.console.tasks.ConsoleTestExecutor.executeTests(ConsoleTestExecutor.java:66)
	at org.junit.platform.console.tasks.ConsoleTestExecutor.lambda$execute$0(ConsoleTestExecutor.java:58)
	at org.junit.platform.console.tasks.CustomContextClassLoaderExecutor.replaceThreadContextClassLoaderAndInvoke(CustomContextClassLoaderExecutor.java:41)
	at org.junit.platform.console.tasks.CustomContextClassLoaderExecutor.invoke(CustomContextClassLoaderExecutor.java:31)
	at org.junit.platform.console.tasks.ConsoleTestExecutor.execute(ConsoleTestExecutor.java:58)
	at org.junit.platform.console.ConsoleLauncher.executeTests(ConsoleLauncher.java:95)
	at org.junit.platform.console.ConsoleLauncher.execute(ConsoleLauncher.java:73)
	at org.junit.platform.console.ConsoleLauncher.execute(ConsoleLauncher.java:50)
	at org.junit.platform.console.ConsoleLauncher.execute(ConsoleLauncher.java:43)
	at org.junit.platform.console.ConsoleLauncher.main(ConsoleLauncher.java:37)
]]></skipped>
<system-out><![CDATA[
unique-id: [engine:junit-jupiter]/[class:minebayd1.test.TestUser]/[test-template:testnext(minebayd1.User)]/[test-template-invocation:#89]
display-name: [89] Yanis a 61 annonces ouvertes, 4 annonces fermées et 3 achats 

]]></system-out>
</testcase>
<testcase name="testnext(User)[90]" classname="minebayd1.test.TestUser" time="0.004">
<system-out><![CDATA[
unique-id: [engine:junit-jupiter]/[class:minebayd1.test.TestUser]/[test-template:testnext(minebayd1.User)]/[test-template-invocation:#90]
display-name: [90] Ismael a 59 annonces ouvertes, 1 annonces fermées et 3 achats 

]]></system-out>
</testcase>
<testcase name="testnext(User)[91]" classname="minebayd1.test.TestUser" time="0">
<skipped><![CDATA[org.opentest4j.TestAbortedException: Assumption failed: assumption is not true
	at org.junit.jupiter.api.Assumptions.throwTestAbortedException(Assumptions.java:256)
	at org.junit.jupiter.api.Assumptions.assumeTrue(Assumptions.java:115)
	at org.junit.jupiter.api.Assumptions.assumeTrue(Assumptions.java:66)
	at minebayd1.test.TestUser.testnext(TestUser.java:1137)
	at jdk.internal.reflect.GeneratedMethodAccessor10.invoke(Unknown Source)
	at java.base/jdk.internal.reflect.DelegatingMethodAccessorImpl.invoke(DelegatingMethodAccessorImpl.java:43)
	at java.base/java.lang.reflect.Method.invoke(Method.java:569)
	at org.junit.platform.commons.util.ReflectionUtils.invokeMethod(ReflectionUtils.java:688)
	at org.junit.jupiter.engine.execution.MethodInvocation.proceed(MethodInvocation.java:60)
	at org.junit.jupiter.engine.execution.InvocationInterceptorChain$ValidatingInvocation.proceed(InvocationInterceptorChain.java:131)
	at org.junit.jupiter.engine.extension.TimeoutExtension.intercept(TimeoutExtension.java:149)
	at org.junit.jupiter.engine.extension.TimeoutExtension.interceptTestableMethod(TimeoutExtension.java:140)
	at org.junit.jupiter.engine.extension.TimeoutExtension.interceptTestTemplateMethod(TimeoutExtension.java:92)
	at org.junit.jupiter.engine.execution.ExecutableInvoker$ReflectiveInterceptorCall.lambda$ofVoidMethod$0(ExecutableInvoker.java:115)
	at org.junit.jupiter.engine.execution.ExecutableInvoker.lambda$invoke$0(ExecutableInvoker.java:105)
	at org.junit.jupiter.engine.execution.InvocationInterceptorChain$InterceptedInvocation.proceed(InvocationInterceptorChain.java:106)
	at org.junit.jupiter.engine.execution.InvocationInterceptorChain.proceed(InvocationInterceptorChain.java:64)
	at org.junit.jupiter.engine.execution.InvocationInterceptorChain.chainAndInvoke(InvocationInterceptorChain.java:45)
	at org.junit.jupiter.engine.execution.InvocationInterceptorChain.invoke(InvocationInterceptorChain.java:37)
	at org.junit.jupiter.engine.execution.ExecutableInvoker.invoke(ExecutableInvoker.java:104)
	at org.junit.jupiter.engine.execution.ExecutableInvoker.invoke(ExecutableInvoker.java:98)
	at org.junit.jupiter.engine.descriptor.TestMethodTestDescriptor.lambda$invokeTestMethod$6(TestMethodTestDescriptor.java:210)
	at org.junit.platform.engine.support.hierarchical.ThrowableCollector.execute(ThrowableCollector.java:73)
	at org.junit.jupiter.engine.descriptor.TestMethodTestDescriptor.invokeTestMethod(TestMethodTestDescriptor.java:206)
	at org.junit.jupiter.engine.descriptor.TestMethodTestDescriptor.execute(TestMethodTestDescriptor.java:131)
	at org.junit.jupiter.engine.descriptor.TestMethodTestDescriptor.execute(TestMethodTestDescriptor.java:65)
	at org.junit.platform.engine.support.hierarchical.NodeTestTask.lambda$executeRecursively$5(NodeTestTask.java:139)
	at org.junit.platform.engine.support.hierarchical.ThrowableCollector.execute(ThrowableCollector.java:73)
	at org.junit.platform.engine.support.hierarchical.NodeTestTask.lambda$executeRecursively$7(NodeTestTask.java:129)
	at org.junit.platform.engine.support.hierarchical.Node.around(Node.java:137)
	at org.junit.platform.engine.support.hierarchical.NodeTestTask.lambda$executeRecursively$8(NodeTestTask.java:127)
	at org.junit.platform.engine.support.hierarchical.ThrowableCollector.execute(ThrowableCollector.java:73)
	at org.junit.platform.engine.support.hierarchical.NodeTestTask.executeRecursively(NodeTestTask.java:126)
	at org.junit.platform.engine.support.hierarchical.NodeTestTask.execute(NodeTestTask.java:84)
	at org.junit.platform.engine.support.hierarchical.SameThreadHierarchicalTestExecutorService.submit(SameThreadHierarchicalTestExecutorService.java:32)
	at org.junit.platform.engine.support.hierarchical.NodeTestTask$DefaultDynamicTestExecutor.execute(NodeTestTask.java:212)
	at org.junit.platform.engine.support.hierarchical.NodeTestTask$DefaultDynamicTestExecutor.execute(NodeTestTask.java:192)
	at org.junit.jupiter.engine.descriptor.TestTemplateTestDescriptor.execute(TestTemplateTestDescriptor.java:139)
	at org.junit.jupiter.engine.descriptor.TestTemplateTestDescriptor.lambda$execute$2(TestTemplateTestDescriptor.java:107)
	at java.base/java.util.stream.ForEachOps$ForEachOp$OfRef.accept(ForEachOps.java:183)
	at java.base/java.util.stream.ReferencePipeline$3$1.accept(ReferencePipeline.java:197)
	at java.base/java.util.stream.ReferencePipeline$2$1.accept(ReferencePipeline.java:179)
	at java.base/java.util.stream.ReferencePipeline$3$1.accept(ReferencePipeline.java:197)
	at java.base/java.util.stream.ForEachOps$ForEachOp$OfRef.accept(ForEachOps.java:183)
	at java.base/java.util.stream.ReferencePipeline$15$1.accept(ReferencePipeline.java:541)
	at java.base/java.util.stream.ReferencePipeline$3$1.accept(ReferencePipeline.java:197)
	at java.base/java.util.stream.ReferencePipeline$3$1.accept(ReferencePipeline.java:197)
	at java.base/java.util.stream.ReferencePipeline$3$1.accept(ReferencePipeline.java:197)
	at java.base/java.util.stream.ForEachOps$ForEachOp$OfRef.accept(ForEachOps.java:183)
	at java.base/java.util.stream.ReferencePipeline$3$1.accept(ReferencePipeline.java:197)
	at java.base/java.util.stream.ForEachOps$ForEachOp$OfRef.accept(ForEachOps.java:183)
	at java.base/java.util.stream.SliceOps$1$1.accept(SliceOps.java:200)
	at java.base/java.util.stream.StreamSpliterators$InfiniteSupplyingSpliterator$OfRef.tryAdvance(StreamSpliterators.java:1358)
	at java.base/java.util.stream.ReferencePipeline.forEachWithCancel(ReferencePipeline.java:129)
	at java.base/java.util.stream.AbstractPipeline.copyIntoWithCancel(AbstractPipeline.java:527)
	at java.base/java.util.stream.AbstractPipeline.copyInto(AbstractPipeline.java:513)
	at java.base/java.util.stream.AbstractPipeline.wrapAndCopyInto(AbstractPipeline.java:499)
	at java.base/java.util.stream.ForEachOps$ForEachOp.evaluateSequential(ForEachOps.java:150)
	at java.base/java.util.stream.ForEachOps$ForEachOp$OfRef.evaluateSequential(ForEachOps.java:173)
	at java.base/java.util.stream.AbstractPipeline.evaluate(AbstractPipeline.java:234)
	at java.base/java.util.stream.ReferencePipeline.forEach(ReferencePipeline.java:596)
	at java.base/java.util.stream.ReferencePipeline$7$1.accept(ReferencePipeline.java:276)
	at java.base/java.util.stream.ReferencePipeline$3$1.accept(ReferencePipeline.java:197)
	at java.base/java.util.stream.ReferencePipeline$3$1.accept(ReferencePipeline.java:197)
	at java.base/java.util.Spliterators$ArraySpliterator.forEachRemaining(Spliterators.java:992)
	at java.base/java.util.stream.AbstractPipeline.copyInto(AbstractPipeline.java:509)
	at java.base/java.util.stream.AbstractPipeline.wrapAndCopyInto(AbstractPipeline.java:499)
	at java.base/java.util.stream.ForEachOps$ForEachOp.evaluateSequential(ForEachOps.java:150)
	at java.base/java.util.stream.ForEachOps$ForEachOp$OfRef.evaluateSequential(ForEachOps.java:173)
	at java.base/java.util.stream.AbstractPipeline.evaluate(AbstractPipeline.java:234)
	at java.base/java.util.stream.ReferencePipeline.forEach(ReferencePipeline.java:596)
	at java.base/java.util.stream.ReferencePipeline$7$1.accept(ReferencePipeline.java:276)
	at java.base/java.util.stream.ReferencePipeline$3$1.accept(ReferencePipeline.java:197)
	at java.base/java.util.stream.ReferencePipeline$3$1.accept(ReferencePipeline.java:197)
	at java.base/java.util.stream.ReferencePipeline$3$1.accept(ReferencePipeline.java:197)
	at java.base/java.util.ArrayList$ArrayListSpliterator.forEachRemaining(ArrayList.java:1625)
	at java.base/java.util.stream.AbstractPipeline.copyInto(AbstractPipeline.java:509)
	at java.base/java.util.stream.AbstractPipeline.wrapAndCopyInto(AbstractPipeline.java:499)
	at java.base/java.util.stream.ForEachOps$ForEachOp.evaluateSequential(ForEachOps.java:150)
	at java.base/java.util.stream.ForEachOps$ForEachOp$OfRef.evaluateSequential(ForEachOps.java:173)
	at java.base/java.util.stream.AbstractPipeline.evaluate(AbstractPipeline.java:234)
	at java.base/java.util.stream.ReferencePipeline.forEach(ReferencePipeline.java:596)
	at java.base/java.util.stream.ReferencePipeline$7$1.accept(ReferencePipeline.java:276)
	at java.base/java.util.ArrayList$ArrayListSpliterator.forEachRemaining(ArrayList.java:1625)
	at java.base/java.util.stream.AbstractPipeline.copyInto(AbstractPipeline.java:509)
	at java.base/java.util.stream.AbstractPipeline.wrapAndCopyInto(AbstractPipeline.java:499)
	at java.base/java.util.stream.ForEachOps$ForEachOp.evaluateSequential(ForEachOps.java:150)
	at java.base/java.util.stream.ForEachOps$ForEachOp$OfRef.evaluateSequential(ForEachOps.java:173)
	at java.base/java.util.stream.AbstractPipeline.evaluate(AbstractPipeline.java:234)
	at java.base/java.util.stream.ReferencePipeline.forEach(ReferencePipeline.java:596)
	at org.junit.jupiter.engine.descriptor.TestTemplateTestDescriptor.execute(TestTemplateTestDescriptor.java:107)
	at org.junit.jupiter.engine.descriptor.TestTemplateTestDescriptor.execute(TestTemplateTestDescriptor.java:42)
	at org.junit.platform.engine.support.hierarchical.NodeTestTask.lambda$executeRecursively$5(NodeTestTask.java:139)
	at org.junit.platform.engine.support.hierarchical.ThrowableCollector.execute(ThrowableCollector.java:73)
	at org.junit.platform.engine.support.hierarchical.NodeTestTask.lambda$executeRecursively$7(NodeTestTask.java:129)
	at org.junit.platform.engine.support.hierarchical.Node.around(Node.java:137)
	at org.junit.platform.engine.support.hierarchical.NodeTestTask.lambda$executeRecursively$8(NodeTestTask.java:127)
	at org.junit.platform.engine.support.hierarchical.ThrowableCollector.execute(ThrowableCollector.java:73)
	at org.junit.platform.engine.support.hierarchical.NodeTestTask.executeRecursively(NodeTestTask.java:126)
	at org.junit.platform.engine.support.hierarchical.NodeTestTask.execute(NodeTestTask.java:84)
	at java.base/java.util.ArrayList.forEach(ArrayList.java:1511)
	at org.junit.platform.engine.support.hierarchical.SameThreadHierarchicalTestExecutorService.invokeAll(SameThreadHierarchicalTestExecutorService.java:38)
	at org.junit.platform.engine.support.hierarchical.NodeTestTask.lambda$executeRecursively$5(NodeTestTask.java:143)
	at org.junit.platform.engine.support.hierarchical.ThrowableCollector.execute(ThrowableCollector.java:73)
	at org.junit.platform.engine.support.hierarchical.NodeTestTask.lambda$executeRecursively$7(NodeTestTask.java:129)
	at org.junit.platform.engine.support.hierarchical.Node.around(Node.java:137)
	at org.junit.platform.engine.support.hierarchical.NodeTestTask.lambda$executeRecursively$8(NodeTestTask.java:127)
	at org.junit.platform.engine.support.hierarchical.ThrowableCollector.execute(ThrowableCollector.java:73)
	at org.junit.platform.engine.support.hierarchical.NodeTestTask.executeRecursively(NodeTestTask.java:126)
	at org.junit.platform.engine.support.hierarchical.NodeTestTask.execute(NodeTestTask.java:84)
	at java.base/java.util.ArrayList.forEach(ArrayList.java:1511)
	at org.junit.platform.engine.support.hierarchical.SameThreadHierarchicalTestExecutorService.invokeAll(SameThreadHierarchicalTestExecutorService.java:38)
	at org.junit.platform.engine.support.hierarchical.NodeTestTask.lambda$executeRecursively$5(NodeTestTask.java:143)
	at org.junit.platform.engine.support.hierarchical.ThrowableCollector.execute(ThrowableCollector.java:73)
	at org.junit.platform.engine.support.hierarchical.NodeTestTask.lambda$executeRecursively$7(NodeTestTask.java:129)
	at org.junit.platform.engine.support.hierarchical.Node.around(Node.java:137)
	at org.junit.platform.engine.support.hierarchical.NodeTestTask.lambda$executeRecursively$8(NodeTestTask.java:127)
	at org.junit.platform.engine.support.hierarchical.ThrowableCollector.execute(ThrowableCollector.java:73)
	at org.junit.platform.engine.support.hierarchical.NodeTestTask.executeRecursively(NodeTestTask.java:126)
	at org.junit.platform.engine.support.hierarchical.NodeTestTask.execute(NodeTestTask.java:84)
	at org.junit.platform.engine.support.hierarchical.SameThreadHierarchicalTestExecutorService.submit(SameThreadHierarchicalTestExecutorService.java:32)
	at org.junit.platform.engine.support.hierarchical.HierarchicalTestExecutor.execute(HierarchicalTestExecutor.java:57)
	at org.junit.platform.engine.support.hierarchical.HierarchicalTestEngine.execute(HierarchicalTestEngine.java:51)
	at org.junit.platform.launcher.core.EngineExecutionOrchestrator.execute(EngineExecutionOrchestrator.java:108)
	at org.junit.platform.launcher.core.EngineExecutionOrchestrator.execute(EngineExecutionOrchestrator.java:88)
	at org.junit.platform.launcher.core.EngineExecutionOrchestrator.lambda$execute$0(EngineExecutionOrchestrator.java:54)
	at org.junit.platform.launcher.core.EngineExecutionOrchestrator.withInterceptedStreams(EngineExecutionOrchestrator.java:67)
	at org.junit.platform.launcher.core.EngineExecutionOrchestrator.execute(EngineExecutionOrchestrator.java:52)
	at org.junit.platform.launcher.core.DefaultLauncher.execute(DefaultLauncher.java:96)
	at org.junit.platform.launcher.core.DefaultLauncher.execute(DefaultLauncher.java:75)
	at org.junit.platform.console.tasks.ConsoleTestExecutor.executeTests(ConsoleTestExecutor.java:66)
	at org.junit.platform.console.tasks.ConsoleTestExecutor.lambda$execute$0(ConsoleTestExecutor.java:58)
	at org.junit.platform.console.tasks.CustomContextClassLoaderExecutor.replaceThreadContextClassLoaderAndInvoke(CustomContextClassLoaderExecutor.java:41)
	at org.junit.platform.console.tasks.CustomContextClassLoaderExecutor.invoke(CustomContextClassLoaderExecutor.java:31)
	at org.junit.platform.console.tasks.ConsoleTestExecutor.execute(ConsoleTestExecutor.java:58)
	at org.junit.platform.console.ConsoleLauncher.executeTests(ConsoleLauncher.java:95)
	at org.junit.platform.console.ConsoleLauncher.execute(ConsoleLauncher.java:73)
	at org.junit.platform.console.ConsoleLauncher.execute(ConsoleLauncher.java:50)
	at org.junit.platform.console.ConsoleLauncher.execute(ConsoleLauncher.java:43)
	at org.junit.platform.console.ConsoleLauncher.main(ConsoleLauncher.java:37)
]]></skipped>
<system-out><![CDATA[
unique-id: [engine:junit-jupiter]/[class:minebayd1.test.TestUser]/[test-template:testnext(minebayd1.User)]/[test-template-invocation:#91]
display-name: [91] Sonia a 47 annonces ouvertes, 2 annonces fermées et 2 achats 

]]></system-out>
</testcase>
<testcase name="testnext(User)[92]" classname="minebayd1.test.TestUser" time="0">
<skipped><![CDATA[org.opentest4j.TestAbortedException: Assumption failed: assumption is not true
	at org.junit.jupiter.api.Assumptions.throwTestAbortedException(Assumptions.java:256)
	at org.junit.jupiter.api.Assumptions.assumeTrue(Assumptions.java:115)
	at org.junit.jupiter.api.Assumptions.assumeTrue(Assumptions.java:66)
	at minebayd1.test.TestUser.testnext(TestUser.java:1137)
	at jdk.internal.reflect.GeneratedMethodAccessor10.invoke(Unknown Source)
	at java.base/jdk.internal.reflect.DelegatingMethodAccessorImpl.invoke(DelegatingMethodAccessorImpl.java:43)
	at java.base/java.lang.reflect.Method.invoke(Method.java:569)
	at org.junit.platform.commons.util.ReflectionUtils.invokeMethod(ReflectionUtils.java:688)
	at org.junit.jupiter.engine.execution.MethodInvocation.proceed(MethodInvocation.java:60)
	at org.junit.jupiter.engine.execution.InvocationInterceptorChain$ValidatingInvocation.proceed(InvocationInterceptorChain.java:131)
	at org.junit.jupiter.engine.extension.TimeoutExtension.intercept(TimeoutExtension.java:149)
	at org.junit.jupiter.engine.extension.TimeoutExtension.interceptTestableMethod(TimeoutExtension.java:140)
	at org.junit.jupiter.engine.extension.TimeoutExtension.interceptTestTemplateMethod(TimeoutExtension.java:92)
	at org.junit.jupiter.engine.execution.ExecutableInvoker$ReflectiveInterceptorCall.lambda$ofVoidMethod$0(ExecutableInvoker.java:115)
	at org.junit.jupiter.engine.execution.ExecutableInvoker.lambda$invoke$0(ExecutableInvoker.java:105)
	at org.junit.jupiter.engine.execution.InvocationInterceptorChain$InterceptedInvocation.proceed(InvocationInterceptorChain.java:106)
	at org.junit.jupiter.engine.execution.InvocationInterceptorChain.proceed(InvocationInterceptorChain.java:64)
	at org.junit.jupiter.engine.execution.InvocationInterceptorChain.chainAndInvoke(InvocationInterceptorChain.java:45)
	at org.junit.jupiter.engine.execution.InvocationInterceptorChain.invoke(InvocationInterceptorChain.java:37)
	at org.junit.jupiter.engine.execution.ExecutableInvoker.invoke(ExecutableInvoker.java:104)
	at org.junit.jupiter.engine.execution.ExecutableInvoker.invoke(ExecutableInvoker.java:98)
	at org.junit.jupiter.engine.descriptor.TestMethodTestDescriptor.lambda$invokeTestMethod$6(TestMethodTestDescriptor.java:210)
	at org.junit.platform.engine.support.hierarchical.ThrowableCollector.execute(ThrowableCollector.java:73)
	at org.junit.jupiter.engine.descriptor.TestMethodTestDescriptor.invokeTestMethod(TestMethodTestDescriptor.java:206)
	at org.junit.jupiter.engine.descriptor.TestMethodTestDescriptor.execute(TestMethodTestDescriptor.java:131)
	at org.junit.jupiter.engine.descriptor.TestMethodTestDescriptor.execute(TestMethodTestDescriptor.java:65)
	at org.junit.platform.engine.support.hierarchical.NodeTestTask.lambda$executeRecursively$5(NodeTestTask.java:139)
	at org.junit.platform.engine.support.hierarchical.ThrowableCollector.execute(ThrowableCollector.java:73)
	at org.junit.platform.engine.support.hierarchical.NodeTestTask.lambda$executeRecursively$7(NodeTestTask.java:129)
	at org.junit.platform.engine.support.hierarchical.Node.around(Node.java:137)
	at org.junit.platform.engine.support.hierarchical.NodeTestTask.lambda$executeRecursively$8(NodeTestTask.java:127)
	at org.junit.platform.engine.support.hierarchical.ThrowableCollector.execute(ThrowableCollector.java:73)
	at org.junit.platform.engine.support.hierarchical.NodeTestTask.executeRecursively(NodeTestTask.java:126)
	at org.junit.platform.engine.support.hierarchical.NodeTestTask.execute(NodeTestTask.java:84)
	at org.junit.platform.engine.support.hierarchical.SameThreadHierarchicalTestExecutorService.submit(SameThreadHierarchicalTestExecutorService.java:32)
	at org.junit.platform.engine.support.hierarchical.NodeTestTask$DefaultDynamicTestExecutor.execute(NodeTestTask.java:212)
	at org.junit.platform.engine.support.hierarchical.NodeTestTask$DefaultDynamicTestExecutor.execute(NodeTestTask.java:192)
	at org.junit.jupiter.engine.descriptor.TestTemplateTestDescriptor.execute(TestTemplateTestDescriptor.java:139)
	at org.junit.jupiter.engine.descriptor.TestTemplateTestDescriptor.lambda$execute$2(TestTemplateTestDescriptor.java:107)
	at java.base/java.util.stream.ForEachOps$ForEachOp$OfRef.accept(ForEachOps.java:183)
	at java.base/java.util.stream.ReferencePipeline$3$1.accept(ReferencePipeline.java:197)
	at java.base/java.util.stream.ReferencePipeline$2$1.accept(ReferencePipeline.java:179)
	at java.base/java.util.stream.ReferencePipeline$3$1.accept(ReferencePipeline.java:197)
	at java.base/java.util.stream.ForEachOps$ForEachOp$OfRef.accept(ForEachOps.java:183)
	at java.base/java.util.stream.ReferencePipeline$15$1.accept(ReferencePipeline.java:541)
	at java.base/java.util.stream.ReferencePipeline$3$1.accept(ReferencePipeline.java:197)
	at java.base/java.util.stream.ReferencePipeline$3$1.accept(ReferencePipeline.java:197)
	at java.base/java.util.stream.ReferencePipeline$3$1.accept(ReferencePipeline.java:197)
	at java.base/java.util.stream.ForEachOps$ForEachOp$OfRef.accept(ForEachOps.java:183)
	at java.base/java.util.stream.ReferencePipeline$3$1.accept(ReferencePipeline.java:197)
	at java.base/java.util.stream.ForEachOps$ForEachOp$OfRef.accept(ForEachOps.java:183)
	at java.base/java.util.stream.SliceOps$1$1.accept(SliceOps.java:200)
	at java.base/java.util.stream.StreamSpliterators$InfiniteSupplyingSpliterator$OfRef.tryAdvance(StreamSpliterators.java:1358)
	at java.base/java.util.stream.ReferencePipeline.forEachWithCancel(ReferencePipeline.java:129)
	at java.base/java.util.stream.AbstractPipeline.copyIntoWithCancel(AbstractPipeline.java:527)
	at java.base/java.util.stream.AbstractPipeline.copyInto(AbstractPipeline.java:513)
	at java.base/java.util.stream.AbstractPipeline.wrapAndCopyInto(AbstractPipeline.java:499)
	at java.base/java.util.stream.ForEachOps$ForEachOp.evaluateSequential(ForEachOps.java:150)
	at java.base/java.util.stream.ForEachOps$ForEachOp$OfRef.evaluateSequential(ForEachOps.java:173)
	at java.base/java.util.stream.AbstractPipeline.evaluate(AbstractPipeline.java:234)
	at java.base/java.util.stream.ReferencePipeline.forEach(ReferencePipeline.java:596)
	at java.base/java.util.stream.ReferencePipeline$7$1.accept(ReferencePipeline.java:276)
	at java.base/java.util.stream.ReferencePipeline$3$1.accept(ReferencePipeline.java:197)
	at java.base/java.util.stream.ReferencePipeline$3$1.accept(ReferencePipeline.java:197)
	at java.base/java.util.Spliterators$ArraySpliterator.forEachRemaining(Spliterators.java:992)
	at java.base/java.util.stream.AbstractPipeline.copyInto(AbstractPipeline.java:509)
	at java.base/java.util.stream.AbstractPipeline.wrapAndCopyInto(AbstractPipeline.java:499)
	at java.base/java.util.stream.ForEachOps$ForEachOp.evaluateSequential(ForEachOps.java:150)
	at java.base/java.util.stream.ForEachOps$ForEachOp$OfRef.evaluateSequential(ForEachOps.java:173)
	at java.base/java.util.stream.AbstractPipeline.evaluate(AbstractPipeline.java:234)
	at java.base/java.util.stream.ReferencePipeline.forEach(ReferencePipeline.java:596)
	at java.base/java.util.stream.ReferencePipeline$7$1.accept(ReferencePipeline.java:276)
	at java.base/java.util.stream.ReferencePipeline$3$1.accept(ReferencePipeline.java:197)
	at java.base/java.util.stream.ReferencePipeline$3$1.accept(ReferencePipeline.java:197)
	at java.base/java.util.stream.ReferencePipeline$3$1.accept(ReferencePipeline.java:197)
	at java.base/java.util.ArrayList$ArrayListSpliterator.forEachRemaining(ArrayList.java:1625)
	at java.base/java.util.stream.AbstractPipeline.copyInto(AbstractPipeline.java:509)
	at java.base/java.util.stream.AbstractPipeline.wrapAndCopyInto(AbstractPipeline.java:499)
	at java.base/java.util.stream.ForEachOps$ForEachOp.evaluateSequential(ForEachOps.java:150)
	at java.base/java.util.stream.ForEachOps$ForEachOp$OfRef.evaluateSequential(ForEachOps.java:173)
	at java.base/java.util.stream.AbstractPipeline.evaluate(AbstractPipeline.java:234)
	at java.base/java.util.stream.ReferencePipeline.forEach(ReferencePipeline.java:596)
	at java.base/java.util.stream.ReferencePipeline$7$1.accept(ReferencePipeline.java:276)
	at java.base/java.util.ArrayList$ArrayListSpliterator.forEachRemaining(ArrayList.java:1625)
	at java.base/java.util.stream.AbstractPipeline.copyInto(AbstractPipeline.java:509)
	at java.base/java.util.stream.AbstractPipeline.wrapAndCopyInto(AbstractPipeline.java:499)
	at java.base/java.util.stream.ForEachOps$ForEachOp.evaluateSequential(ForEachOps.java:150)
	at java.base/java.util.stream.ForEachOps$ForEachOp$OfRef.evaluateSequential(ForEachOps.java:173)
	at java.base/java.util.stream.AbstractPipeline.evaluate(AbstractPipeline.java:234)
	at java.base/java.util.stream.ReferencePipeline.forEach(ReferencePipeline.java:596)
	at org.junit.jupiter.engine.descriptor.TestTemplateTestDescriptor.execute(TestTemplateTestDescriptor.java:107)
	at org.junit.jupiter.engine.descriptor.TestTemplateTestDescriptor.execute(TestTemplateTestDescriptor.java:42)
	at org.junit.platform.engine.support.hierarchical.NodeTestTask.lambda$executeRecursively$5(NodeTestTask.java:139)
	at org.junit.platform.engine.support.hierarchical.ThrowableCollector.execute(ThrowableCollector.java:73)
	at org.junit.platform.engine.support.hierarchical.NodeTestTask.lambda$executeRecursively$7(NodeTestTask.java:129)
	at org.junit.platform.engine.support.hierarchical.Node.around(Node.java:137)
	at org.junit.platform.engine.support.hierarchical.NodeTestTask.lambda$executeRecursively$8(NodeTestTask.java:127)
	at org.junit.platform.engine.support.hierarchical.ThrowableCollector.execute(ThrowableCollector.java:73)
	at org.junit.platform.engine.support.hierarchical.NodeTestTask.executeRecursively(NodeTestTask.java:126)
	at org.junit.platform.engine.support.hierarchical.NodeTestTask.execute(NodeTestTask.java:84)
	at java.base/java.util.ArrayList.forEach(ArrayList.java:1511)
	at org.junit.platform.engine.support.hierarchical.SameThreadHierarchicalTestExecutorService.invokeAll(SameThreadHierarchicalTestExecutorService.java:38)
	at org.junit.platform.engine.support.hierarchical.NodeTestTask.lambda$executeRecursively$5(NodeTestTask.java:143)
	at org.junit.platform.engine.support.hierarchical.ThrowableCollector.execute(ThrowableCollector.java:73)
	at org.junit.platform.engine.support.hierarchical.NodeTestTask.lambda$executeRecursively$7(NodeTestTask.java:129)
	at org.junit.platform.engine.support.hierarchical.Node.around(Node.java:137)
	at org.junit.platform.engine.support.hierarchical.NodeTestTask.lambda$executeRecursively$8(NodeTestTask.java:127)
	at org.junit.platform.engine.support.hierarchical.ThrowableCollector.execute(ThrowableCollector.java:73)
	at org.junit.platform.engine.support.hierarchical.NodeTestTask.executeRecursively(NodeTestTask.java:126)
	at org.junit.platform.engine.support.hierarchical.NodeTestTask.execute(NodeTestTask.java:84)
	at java.base/java.util.ArrayList.forEach(ArrayList.java:1511)
	at org.junit.platform.engine.support.hierarchical.SameThreadHierarchicalTestExecutorService.invokeAll(SameThreadHierarchicalTestExecutorService.java:38)
	at org.junit.platform.engine.support.hierarchical.NodeTestTask.lambda$executeRecursively$5(NodeTestTask.java:143)
	at org.junit.platform.engine.support.hierarchical.ThrowableCollector.execute(ThrowableCollector.java:73)
	at org.junit.platform.engine.support.hierarchical.NodeTestTask.lambda$executeRecursively$7(NodeTestTask.java:129)
	at org.junit.platform.engine.support.hierarchical.Node.around(Node.java:137)
	at org.junit.platform.engine.support.hierarchical.NodeTestTask.lambda$executeRecursively$8(NodeTestTask.java:127)
	at org.junit.platform.engine.support.hierarchical.ThrowableCollector.execute(ThrowableCollector.java:73)
	at org.junit.platform.engine.support.hierarchical.NodeTestTask.executeRecursively(NodeTestTask.java:126)
	at org.junit.platform.engine.support.hierarchical.NodeTestTask.execute(NodeTestTask.java:84)
	at org.junit.platform.engine.support.hierarchical.SameThreadHierarchicalTestExecutorService.submit(SameThreadHierarchicalTestExecutorService.java:32)
	at org.junit.platform.engine.support.hierarchical.HierarchicalTestExecutor.execute(HierarchicalTestExecutor.java:57)
	at org.junit.platform.engine.support.hierarchical.HierarchicalTestEngine.execute(HierarchicalTestEngine.java:51)
	at org.junit.platform.launcher.core.EngineExecutionOrchestrator.execute(EngineExecutionOrchestrator.java:108)
	at org.junit.platform.launcher.core.EngineExecutionOrchestrator.execute(EngineExecutionOrchestrator.java:88)
	at org.junit.platform.launcher.core.EngineExecutionOrchestrator.lambda$execute$0(EngineExecutionOrchestrator.java:54)
	at org.junit.platform.launcher.core.EngineExecutionOrchestrator.withInterceptedStreams(EngineExecutionOrchestrator.java:67)
	at org.junit.platform.launcher.core.EngineExecutionOrchestrator.execute(EngineExecutionOrchestrator.java:52)
	at org.junit.platform.launcher.core.DefaultLauncher.execute(DefaultLauncher.java:96)
	at org.junit.platform.launcher.core.DefaultLauncher.execute(DefaultLauncher.java:75)
	at org.junit.platform.console.tasks.ConsoleTestExecutor.executeTests(ConsoleTestExecutor.java:66)
	at org.junit.platform.console.tasks.ConsoleTestExecutor.lambda$execute$0(ConsoleTestExecutor.java:58)
	at org.junit.platform.console.tasks.CustomContextClassLoaderExecutor.replaceThreadContextClassLoaderAndInvoke(CustomContextClassLoaderExecutor.java:41)
	at org.junit.platform.console.tasks.CustomContextClassLoaderExecutor.invoke(CustomContextClassLoaderExecutor.java:31)
	at org.junit.platform.console.tasks.ConsoleTestExecutor.execute(ConsoleTestExecutor.java:58)
	at org.junit.platform.console.ConsoleLauncher.executeTests(ConsoleLauncher.java:95)
	at org.junit.platform.console.ConsoleLauncher.execute(ConsoleLauncher.java:73)
	at org.junit.platform.console.ConsoleLauncher.execute(ConsoleLauncher.java:50)
	at org.junit.platform.console.ConsoleLauncher.execute(ConsoleLauncher.java:43)
	at org.junit.platform.console.ConsoleLauncher.main(ConsoleLauncher.java:37)
]]></skipped>
<system-out><![CDATA[
unique-id: [engine:junit-jupiter]/[class:minebayd1.test.TestUser]/[test-template:testnext(minebayd1.User)]/[test-template-invocation:#92]
display-name: [92] Chanez a 57 annonces ouvertes, 2 annonces fermées et 1 achats 

]]></system-out>
</testcase>
<testcase name="testnext(User)[93]" classname="minebayd1.test.TestUser" time="0.005">
<system-out><![CDATA[
unique-id: [engine:junit-jupiter]/[class:minebayd1.test.TestUser]/[test-template:testnext(minebayd1.User)]/[test-template-invocation:#93]
display-name: [93] Mounir a 59 annonces ouvertes, 2 annonces fermées et 2 achats 

]]></system-out>
</testcase>
<testcase name="testnext(User)[94]" classname="minebayd1.test.TestUser" time="0.005">
<system-out><![CDATA[
unique-id: [engine:junit-jupiter]/[class:minebayd1.test.TestUser]/[test-template:testnext(minebayd1.User)]/[test-template-invocation:#94]
display-name: [94] Idir a 58 annonces ouvertes, 5 annonces fermées et 4 achats 

]]></system-out>
</testcase>
<testcase name="testnext(User)[95]" classname="minebayd1.test.TestUser" time="0">
<skipped><![CDATA[org.opentest4j.TestAbortedException: Assumption failed: assumption is not true
	at org.junit.jupiter.api.Assumptions.throwTestAbortedException(Assumptions.java:256)
	at org.junit.jupiter.api.Assumptions.assumeTrue(Assumptions.java:115)
	at org.junit.jupiter.api.Assumptions.assumeTrue(Assumptions.java:66)
	at minebayd1.test.TestUser.testnext(TestUser.java:1137)
	at jdk.internal.reflect.GeneratedMethodAccessor10.invoke(Unknown Source)
	at java.base/jdk.internal.reflect.DelegatingMethodAccessorImpl.invoke(DelegatingMethodAccessorImpl.java:43)
	at java.base/java.lang.reflect.Method.invoke(Method.java:569)
	at org.junit.platform.commons.util.ReflectionUtils.invokeMethod(ReflectionUtils.java:688)
	at org.junit.jupiter.engine.execution.MethodInvocation.proceed(MethodInvocation.java:60)
	at org.junit.jupiter.engine.execution.InvocationInterceptorChain$ValidatingInvocation.proceed(InvocationInterceptorChain.java:131)
	at org.junit.jupiter.engine.extension.TimeoutExtension.intercept(TimeoutExtension.java:149)
	at org.junit.jupiter.engine.extension.TimeoutExtension.interceptTestableMethod(TimeoutExtension.java:140)
	at org.junit.jupiter.engine.extension.TimeoutExtension.interceptTestTemplateMethod(TimeoutExtension.java:92)
	at org.junit.jupiter.engine.execution.ExecutableInvoker$ReflectiveInterceptorCall.lambda$ofVoidMethod$0(ExecutableInvoker.java:115)
	at org.junit.jupiter.engine.execution.ExecutableInvoker.lambda$invoke$0(ExecutableInvoker.java:105)
	at org.junit.jupiter.engine.execution.InvocationInterceptorChain$InterceptedInvocation.proceed(InvocationInterceptorChain.java:106)
	at org.junit.jupiter.engine.execution.InvocationInterceptorChain.proceed(InvocationInterceptorChain.java:64)
	at org.junit.jupiter.engine.execution.InvocationInterceptorChain.chainAndInvoke(InvocationInterceptorChain.java:45)
	at org.junit.jupiter.engine.execution.InvocationInterceptorChain.invoke(InvocationInterceptorChain.java:37)
	at org.junit.jupiter.engine.execution.ExecutableInvoker.invoke(ExecutableInvoker.java:104)
	at org.junit.jupiter.engine.execution.ExecutableInvoker.invoke(ExecutableInvoker.java:98)
	at org.junit.jupiter.engine.descriptor.TestMethodTestDescriptor.lambda$invokeTestMethod$6(TestMethodTestDescriptor.java:210)
	at org.junit.platform.engine.support.hierarchical.ThrowableCollector.execute(ThrowableCollector.java:73)
	at org.junit.jupiter.engine.descriptor.TestMethodTestDescriptor.invokeTestMethod(TestMethodTestDescriptor.java:206)
	at org.junit.jupiter.engine.descriptor.TestMethodTestDescriptor.execute(TestMethodTestDescriptor.java:131)
	at org.junit.jupiter.engine.descriptor.TestMethodTestDescriptor.execute(TestMethodTestDescriptor.java:65)
	at org.junit.platform.engine.support.hierarchical.NodeTestTask.lambda$executeRecursively$5(NodeTestTask.java:139)
	at org.junit.platform.engine.support.hierarchical.ThrowableCollector.execute(ThrowableCollector.java:73)
	at org.junit.platform.engine.support.hierarchical.NodeTestTask.lambda$executeRecursively$7(NodeTestTask.java:129)
	at org.junit.platform.engine.support.hierarchical.Node.around(Node.java:137)
	at org.junit.platform.engine.support.hierarchical.NodeTestTask.lambda$executeRecursively$8(NodeTestTask.java:127)
	at org.junit.platform.engine.support.hierarchical.ThrowableCollector.execute(ThrowableCollector.java:73)
	at org.junit.platform.engine.support.hierarchical.NodeTestTask.executeRecursively(NodeTestTask.java:126)
	at org.junit.platform.engine.support.hierarchical.NodeTestTask.execute(NodeTestTask.java:84)
	at org.junit.platform.engine.support.hierarchical.SameThreadHierarchicalTestExecutorService.submit(SameThreadHierarchicalTestExecutorService.java:32)
	at org.junit.platform.engine.support.hierarchical.NodeTestTask$DefaultDynamicTestExecutor.execute(NodeTestTask.java:212)
	at org.junit.platform.engine.support.hierarchical.NodeTestTask$DefaultDynamicTestExecutor.execute(NodeTestTask.java:192)
	at org.junit.jupiter.engine.descriptor.TestTemplateTestDescriptor.execute(TestTemplateTestDescriptor.java:139)
	at org.junit.jupiter.engine.descriptor.TestTemplateTestDescriptor.lambda$execute$2(TestTemplateTestDescriptor.java:107)
	at java.base/java.util.stream.ForEachOps$ForEachOp$OfRef.accept(ForEachOps.java:183)
	at java.base/java.util.stream.ReferencePipeline$3$1.accept(ReferencePipeline.java:197)
	at java.base/java.util.stream.ReferencePipeline$2$1.accept(ReferencePipeline.java:179)
	at java.base/java.util.stream.ReferencePipeline$3$1.accept(ReferencePipeline.java:197)
	at java.base/java.util.stream.ForEachOps$ForEachOp$OfRef.accept(ForEachOps.java:183)
	at java.base/java.util.stream.ReferencePipeline$15$1.accept(ReferencePipeline.java:541)
	at java.base/java.util.stream.ReferencePipeline$3$1.accept(ReferencePipeline.java:197)
	at java.base/java.util.stream.ReferencePipeline$3$1.accept(ReferencePipeline.java:197)
	at java.base/java.util.stream.ReferencePipeline$3$1.accept(ReferencePipeline.java:197)
	at java.base/java.util.stream.ForEachOps$ForEachOp$OfRef.accept(ForEachOps.java:183)
	at java.base/java.util.stream.ReferencePipeline$3$1.accept(ReferencePipeline.java:197)
	at java.base/java.util.stream.ForEachOps$ForEachOp$OfRef.accept(ForEachOps.java:183)
	at java.base/java.util.stream.SliceOps$1$1.accept(SliceOps.java:200)
	at java.base/java.util.stream.StreamSpliterators$InfiniteSupplyingSpliterator$OfRef.tryAdvance(StreamSpliterators.java:1358)
	at java.base/java.util.stream.ReferencePipeline.forEachWithCancel(ReferencePipeline.java:129)
	at java.base/java.util.stream.AbstractPipeline.copyIntoWithCancel(AbstractPipeline.java:527)
	at java.base/java.util.stream.AbstractPipeline.copyInto(AbstractPipeline.java:513)
	at java.base/java.util.stream.AbstractPipeline.wrapAndCopyInto(AbstractPipeline.java:499)
	at java.base/java.util.stream.ForEachOps$ForEachOp.evaluateSequential(ForEachOps.java:150)
	at java.base/java.util.stream.ForEachOps$ForEachOp$OfRef.evaluateSequential(ForEachOps.java:173)
	at java.base/java.util.stream.AbstractPipeline.evaluate(AbstractPipeline.java:234)
	at java.base/java.util.stream.ReferencePipeline.forEach(ReferencePipeline.java:596)
	at java.base/java.util.stream.ReferencePipeline$7$1.accept(ReferencePipeline.java:276)
	at java.base/java.util.stream.ReferencePipeline$3$1.accept(ReferencePipeline.java:197)
	at java.base/java.util.stream.ReferencePipeline$3$1.accept(ReferencePipeline.java:197)
	at java.base/java.util.Spliterators$ArraySpliterator.forEachRemaining(Spliterators.java:992)
	at java.base/java.util.stream.AbstractPipeline.copyInto(AbstractPipeline.java:509)
	at java.base/java.util.stream.AbstractPipeline.wrapAndCopyInto(AbstractPipeline.java:499)
	at java.base/java.util.stream.ForEachOps$ForEachOp.evaluateSequential(ForEachOps.java:150)
	at java.base/java.util.stream.ForEachOps$ForEachOp$OfRef.evaluateSequential(ForEachOps.java:173)
	at java.base/java.util.stream.AbstractPipeline.evaluate(AbstractPipeline.java:234)
	at java.base/java.util.stream.ReferencePipeline.forEach(ReferencePipeline.java:596)
	at java.base/java.util.stream.ReferencePipeline$7$1.accept(ReferencePipeline.java:276)
	at java.base/java.util.stream.ReferencePipeline$3$1.accept(ReferencePipeline.java:197)
	at java.base/java.util.stream.ReferencePipeline$3$1.accept(ReferencePipeline.java:197)
	at java.base/java.util.stream.ReferencePipeline$3$1.accept(ReferencePipeline.java:197)
	at java.base/java.util.ArrayList$ArrayListSpliterator.forEachRemaining(ArrayList.java:1625)
	at java.base/java.util.stream.AbstractPipeline.copyInto(AbstractPipeline.java:509)
	at java.base/java.util.stream.AbstractPipeline.wrapAndCopyInto(AbstractPipeline.java:499)
	at java.base/java.util.stream.ForEachOps$ForEachOp.evaluateSequential(ForEachOps.java:150)
	at java.base/java.util.stream.ForEachOps$ForEachOp$OfRef.evaluateSequential(ForEachOps.java:173)
	at java.base/java.util.stream.AbstractPipeline.evaluate(AbstractPipeline.java:234)
	at java.base/java.util.stream.ReferencePipeline.forEach(ReferencePipeline.java:596)
	at java.base/java.util.stream.ReferencePipeline$7$1.accept(ReferencePipeline.java:276)
	at java.base/java.util.ArrayList$ArrayListSpliterator.forEachRemaining(ArrayList.java:1625)
	at java.base/java.util.stream.AbstractPipeline.copyInto(AbstractPipeline.java:509)
	at java.base/java.util.stream.AbstractPipeline.wrapAndCopyInto(AbstractPipeline.java:499)
	at java.base/java.util.stream.ForEachOps$ForEachOp.evaluateSequential(ForEachOps.java:150)
	at java.base/java.util.stream.ForEachOps$ForEachOp$OfRef.evaluateSequential(ForEachOps.java:173)
	at java.base/java.util.stream.AbstractPipeline.evaluate(AbstractPipeline.java:234)
	at java.base/java.util.stream.ReferencePipeline.forEach(ReferencePipeline.java:596)
	at org.junit.jupiter.engine.descriptor.TestTemplateTestDescriptor.execute(TestTemplateTestDescriptor.java:107)
	at org.junit.jupiter.engine.descriptor.TestTemplateTestDescriptor.execute(TestTemplateTestDescriptor.java:42)
	at org.junit.platform.engine.support.hierarchical.NodeTestTask.lambda$executeRecursively$5(NodeTestTask.java:139)
	at org.junit.platform.engine.support.hierarchical.ThrowableCollector.execute(ThrowableCollector.java:73)
	at org.junit.platform.engine.support.hierarchical.NodeTestTask.lambda$executeRecursively$7(NodeTestTask.java:129)
	at org.junit.platform.engine.support.hierarchical.Node.around(Node.java:137)
	at org.junit.platform.engine.support.hierarchical.NodeTestTask.lambda$executeRecursively$8(NodeTestTask.java:127)
	at org.junit.platform.engine.support.hierarchical.ThrowableCollector.execute(ThrowableCollector.java:73)
	at org.junit.platform.engine.support.hierarchical.NodeTestTask.executeRecursively(NodeTestTask.java:126)
	at org.junit.platform.engine.support.hierarchical.NodeTestTask.execute(NodeTestTask.java:84)
	at java.base/java.util.ArrayList.forEach(ArrayList.java:1511)
	at org.junit.platform.engine.support.hierarchical.SameThreadHierarchicalTestExecutorService.invokeAll(SameThreadHierarchicalTestExecutorService.java:38)
	at org.junit.platform.engine.support.hierarchical.NodeTestTask.lambda$executeRecursively$5(NodeTestTask.java:143)
	at org.junit.platform.engine.support.hierarchical.ThrowableCollector.execute(ThrowableCollector.java:73)
	at org.junit.platform.engine.support.hierarchical.NodeTestTask.lambda$executeRecursively$7(NodeTestTask.java:129)
	at org.junit.platform.engine.support.hierarchical.Node.around(Node.java:137)
	at org.junit.platform.engine.support.hierarchical.NodeTestTask.lambda$executeRecursively$8(NodeTestTask.java:127)
	at org.junit.platform.engine.support.hierarchical.ThrowableCollector.execute(ThrowableCollector.java:73)
	at org.junit.platform.engine.support.hierarchical.NodeTestTask.executeRecursively(NodeTestTask.java:126)
	at org.junit.platform.engine.support.hierarchical.NodeTestTask.execute(NodeTestTask.java:84)
	at java.base/java.util.ArrayList.forEach(ArrayList.java:1511)
	at org.junit.platform.engine.support.hierarchical.SameThreadHierarchicalTestExecutorService.invokeAll(SameThreadHierarchicalTestExecutorService.java:38)
	at org.junit.platform.engine.support.hierarchical.NodeTestTask.lambda$executeRecursively$5(NodeTestTask.java:143)
	at org.junit.platform.engine.support.hierarchical.ThrowableCollector.execute(ThrowableCollector.java:73)
	at org.junit.platform.engine.support.hierarchical.NodeTestTask.lambda$executeRecursively$7(NodeTestTask.java:129)
	at org.junit.platform.engine.support.hierarchical.Node.around(Node.java:137)
	at org.junit.platform.engine.support.hierarchical.NodeTestTask.lambda$executeRecursively$8(NodeTestTask.java:127)
	at org.junit.platform.engine.support.hierarchical.ThrowableCollector.execute(ThrowableCollector.java:73)
	at org.junit.platform.engine.support.hierarchical.NodeTestTask.executeRecursively(NodeTestTask.java:126)
	at org.junit.platform.engine.support.hierarchical.NodeTestTask.execute(NodeTestTask.java:84)
	at org.junit.platform.engine.support.hierarchical.SameThreadHierarchicalTestExecutorService.submit(SameThreadHierarchicalTestExecutorService.java:32)
	at org.junit.platform.engine.support.hierarchical.HierarchicalTestExecutor.execute(HierarchicalTestExecutor.java:57)
	at org.junit.platform.engine.support.hierarchical.HierarchicalTestEngine.execute(HierarchicalTestEngine.java:51)
	at org.junit.platform.launcher.core.EngineExecutionOrchestrator.execute(EngineExecutionOrchestrator.java:108)
	at org.junit.platform.launcher.core.EngineExecutionOrchestrator.execute(EngineExecutionOrchestrator.java:88)
	at org.junit.platform.launcher.core.EngineExecutionOrchestrator.lambda$execute$0(EngineExecutionOrchestrator.java:54)
	at org.junit.platform.launcher.core.EngineExecutionOrchestrator.withInterceptedStreams(EngineExecutionOrchestrator.java:67)
	at org.junit.platform.launcher.core.EngineExecutionOrchestrator.execute(EngineExecutionOrchestrator.java:52)
	at org.junit.platform.launcher.core.DefaultLauncher.execute(DefaultLauncher.java:96)
	at org.junit.platform.launcher.core.DefaultLauncher.execute(DefaultLauncher.java:75)
	at org.junit.platform.console.tasks.ConsoleTestExecutor.executeTests(ConsoleTestExecutor.java:66)
	at org.junit.platform.console.tasks.ConsoleTestExecutor.lambda$execute$0(ConsoleTestExecutor.java:58)
	at org.junit.platform.console.tasks.CustomContextClassLoaderExecutor.replaceThreadContextClassLoaderAndInvoke(CustomContextClassLoaderExecutor.java:41)
	at org.junit.platform.console.tasks.CustomContextClassLoaderExecutor.invoke(CustomContextClassLoaderExecutor.java:31)
	at org.junit.platform.console.tasks.ConsoleTestExecutor.execute(ConsoleTestExecutor.java:58)
	at org.junit.platform.console.ConsoleLauncher.executeTests(ConsoleLauncher.java:95)
	at org.junit.platform.console.ConsoleLauncher.execute(ConsoleLauncher.java:73)
	at org.junit.platform.console.ConsoleLauncher.execute(ConsoleLauncher.java:50)
	at org.junit.platform.console.ConsoleLauncher.execute(ConsoleLauncher.java:43)
	at org.junit.platform.console.ConsoleLauncher.main(ConsoleLauncher.java:37)
]]></skipped>
<system-out><![CDATA[
unique-id: [engine:junit-jupiter]/[class:minebayd1.test.TestUser]/[test-template:testnext(minebayd1.User)]/[test-template-invocation:#95]
display-name: [95] Faycal a 51 annonces ouvertes, 3 annonces fermées et 4 achats 

]]></system-out>
</testcase>
<testcase name="testnext(User)[96]" classname="minebayd1.test.TestUser" time="0">
<skipped><![CDATA[org.opentest4j.TestAbortedException: Assumption failed: assumption is not true
	at org.junit.jupiter.api.Assumptions.throwTestAbortedException(Assumptions.java:256)
	at org.junit.jupiter.api.Assumptions.assumeTrue(Assumptions.java:115)
	at org.junit.jupiter.api.Assumptions.assumeTrue(Assumptions.java:66)
	at minebayd1.test.TestUser.testnext(TestUser.java:1137)
	at jdk.internal.reflect.GeneratedMethodAccessor10.invoke(Unknown Source)
	at java.base/jdk.internal.reflect.DelegatingMethodAccessorImpl.invoke(DelegatingMethodAccessorImpl.java:43)
	at java.base/java.lang.reflect.Method.invoke(Method.java:569)
	at org.junit.platform.commons.util.ReflectionUtils.invokeMethod(ReflectionUtils.java:688)
	at org.junit.jupiter.engine.execution.MethodInvocation.proceed(MethodInvocation.java:60)
	at org.junit.jupiter.engine.execution.InvocationInterceptorChain$ValidatingInvocation.proceed(InvocationInterceptorChain.java:131)
	at org.junit.jupiter.engine.extension.TimeoutExtension.intercept(TimeoutExtension.java:149)
	at org.junit.jupiter.engine.extension.TimeoutExtension.interceptTestableMethod(TimeoutExtension.java:140)
	at org.junit.jupiter.engine.extension.TimeoutExtension.interceptTestTemplateMethod(TimeoutExtension.java:92)
	at org.junit.jupiter.engine.execution.ExecutableInvoker$ReflectiveInterceptorCall.lambda$ofVoidMethod$0(ExecutableInvoker.java:115)
	at org.junit.jupiter.engine.execution.ExecutableInvoker.lambda$invoke$0(ExecutableInvoker.java:105)
	at org.junit.jupiter.engine.execution.InvocationInterceptorChain$InterceptedInvocation.proceed(InvocationInterceptorChain.java:106)
	at org.junit.jupiter.engine.execution.InvocationInterceptorChain.proceed(InvocationInterceptorChain.java:64)
	at org.junit.jupiter.engine.execution.InvocationInterceptorChain.chainAndInvoke(InvocationInterceptorChain.java:45)
	at org.junit.jupiter.engine.execution.InvocationInterceptorChain.invoke(InvocationInterceptorChain.java:37)
	at org.junit.jupiter.engine.execution.ExecutableInvoker.invoke(ExecutableInvoker.java:104)
	at org.junit.jupiter.engine.execution.ExecutableInvoker.invoke(ExecutableInvoker.java:98)
	at org.junit.jupiter.engine.descriptor.TestMethodTestDescriptor.lambda$invokeTestMethod$6(TestMethodTestDescriptor.java:210)
	at org.junit.platform.engine.support.hierarchical.ThrowableCollector.execute(ThrowableCollector.java:73)
	at org.junit.jupiter.engine.descriptor.TestMethodTestDescriptor.invokeTestMethod(TestMethodTestDescriptor.java:206)
	at org.junit.jupiter.engine.descriptor.TestMethodTestDescriptor.execute(TestMethodTestDescriptor.java:131)
	at org.junit.jupiter.engine.descriptor.TestMethodTestDescriptor.execute(TestMethodTestDescriptor.java:65)
	at org.junit.platform.engine.support.hierarchical.NodeTestTask.lambda$executeRecursively$5(NodeTestTask.java:139)
	at org.junit.platform.engine.support.hierarchical.ThrowableCollector.execute(ThrowableCollector.java:73)
	at org.junit.platform.engine.support.hierarchical.NodeTestTask.lambda$executeRecursively$7(NodeTestTask.java:129)
	at org.junit.platform.engine.support.hierarchical.Node.around(Node.java:137)
	at org.junit.platform.engine.support.hierarchical.NodeTestTask.lambda$executeRecursively$8(NodeTestTask.java:127)
	at org.junit.platform.engine.support.hierarchical.ThrowableCollector.execute(ThrowableCollector.java:73)
	at org.junit.platform.engine.support.hierarchical.NodeTestTask.executeRecursively(NodeTestTask.java:126)
	at org.junit.platform.engine.support.hierarchical.NodeTestTask.execute(NodeTestTask.java:84)
	at org.junit.platform.engine.support.hierarchical.SameThreadHierarchicalTestExecutorService.submit(SameThreadHierarchicalTestExecutorService.java:32)
	at org.junit.platform.engine.support.hierarchical.NodeTestTask$DefaultDynamicTestExecutor.execute(NodeTestTask.java:212)
	at org.junit.platform.engine.support.hierarchical.NodeTestTask$DefaultDynamicTestExecutor.execute(NodeTestTask.java:192)
	at org.junit.jupiter.engine.descriptor.TestTemplateTestDescriptor.execute(TestTemplateTestDescriptor.java:139)
	at org.junit.jupiter.engine.descriptor.TestTemplateTestDescriptor.lambda$execute$2(TestTemplateTestDescriptor.java:107)
	at java.base/java.util.stream.ForEachOps$ForEachOp$OfRef.accept(ForEachOps.java:183)
	at java.base/java.util.stream.ReferencePipeline$3$1.accept(ReferencePipeline.java:197)
	at java.base/java.util.stream.ReferencePipeline$2$1.accept(ReferencePipeline.java:179)
	at java.base/java.util.stream.ReferencePipeline$3$1.accept(ReferencePipeline.java:197)
	at java.base/java.util.stream.ForEachOps$ForEachOp$OfRef.accept(ForEachOps.java:183)
	at java.base/java.util.stream.ReferencePipeline$15$1.accept(ReferencePipeline.java:541)
	at java.base/java.util.stream.ReferencePipeline$3$1.accept(ReferencePipeline.java:197)
	at java.base/java.util.stream.ReferencePipeline$3$1.accept(ReferencePipeline.java:197)
	at java.base/java.util.stream.ReferencePipeline$3$1.accept(ReferencePipeline.java:197)
	at java.base/java.util.stream.ForEachOps$ForEachOp$OfRef.accept(ForEachOps.java:183)
	at java.base/java.util.stream.ReferencePipeline$3$1.accept(ReferencePipeline.java:197)
	at java.base/java.util.stream.ForEachOps$ForEachOp$OfRef.accept(ForEachOps.java:183)
	at java.base/java.util.stream.SliceOps$1$1.accept(SliceOps.java:200)
	at java.base/java.util.stream.StreamSpliterators$InfiniteSupplyingSpliterator$OfRef.tryAdvance(StreamSpliterators.java:1358)
	at java.base/java.util.stream.ReferencePipeline.forEachWithCancel(ReferencePipeline.java:129)
	at java.base/java.util.stream.AbstractPipeline.copyIntoWithCancel(AbstractPipeline.java:527)
	at java.base/java.util.stream.AbstractPipeline.copyInto(AbstractPipeline.java:513)
	at java.base/java.util.stream.AbstractPipeline.wrapAndCopyInto(AbstractPipeline.java:499)
	at java.base/java.util.stream.ForEachOps$ForEachOp.evaluateSequential(ForEachOps.java:150)
	at java.base/java.util.stream.ForEachOps$ForEachOp$OfRef.evaluateSequential(ForEachOps.java:173)
	at java.base/java.util.stream.AbstractPipeline.evaluate(AbstractPipeline.java:234)
	at java.base/java.util.stream.ReferencePipeline.forEach(ReferencePipeline.java:596)
	at java.base/java.util.stream.ReferencePipeline$7$1.accept(ReferencePipeline.java:276)
	at java.base/java.util.stream.ReferencePipeline$3$1.accept(ReferencePipeline.java:197)
	at java.base/java.util.stream.ReferencePipeline$3$1.accept(ReferencePipeline.java:197)
	at java.base/java.util.Spliterators$ArraySpliterator.forEachRemaining(Spliterators.java:992)
	at java.base/java.util.stream.AbstractPipeline.copyInto(AbstractPipeline.java:509)
	at java.base/java.util.stream.AbstractPipeline.wrapAndCopyInto(AbstractPipeline.java:499)
	at java.base/java.util.stream.ForEachOps$ForEachOp.evaluateSequential(ForEachOps.java:150)
	at java.base/java.util.stream.ForEachOps$ForEachOp$OfRef.evaluateSequential(ForEachOps.java:173)
	at java.base/java.util.stream.AbstractPipeline.evaluate(AbstractPipeline.java:234)
	at java.base/java.util.stream.ReferencePipeline.forEach(ReferencePipeline.java:596)
	at java.base/java.util.stream.ReferencePipeline$7$1.accept(ReferencePipeline.java:276)
	at java.base/java.util.stream.ReferencePipeline$3$1.accept(ReferencePipeline.java:197)
	at java.base/java.util.stream.ReferencePipeline$3$1.accept(ReferencePipeline.java:197)
	at java.base/java.util.stream.ReferencePipeline$3$1.accept(ReferencePipeline.java:197)
	at java.base/java.util.ArrayList$ArrayListSpliterator.forEachRemaining(ArrayList.java:1625)
	at java.base/java.util.stream.AbstractPipeline.copyInto(AbstractPipeline.java:509)
	at java.base/java.util.stream.AbstractPipeline.wrapAndCopyInto(AbstractPipeline.java:499)
	at java.base/java.util.stream.ForEachOps$ForEachOp.evaluateSequential(ForEachOps.java:150)
	at java.base/java.util.stream.ForEachOps$ForEachOp$OfRef.evaluateSequential(ForEachOps.java:173)
	at java.base/java.util.stream.AbstractPipeline.evaluate(AbstractPipeline.java:234)
	at java.base/java.util.stream.ReferencePipeline.forEach(ReferencePipeline.java:596)
	at java.base/java.util.stream.ReferencePipeline$7$1.accept(ReferencePipeline.java:276)
	at java.base/java.util.ArrayList$ArrayListSpliterator.forEachRemaining(ArrayList.java:1625)
	at java.base/java.util.stream.AbstractPipeline.copyInto(AbstractPipeline.java:509)
	at java.base/java.util.stream.AbstractPipeline.wrapAndCopyInto(AbstractPipeline.java:499)
	at java.base/java.util.stream.ForEachOps$ForEachOp.evaluateSequential(ForEachOps.java:150)
	at java.base/java.util.stream.ForEachOps$ForEachOp$OfRef.evaluateSequential(ForEachOps.java:173)
	at java.base/java.util.stream.AbstractPipeline.evaluate(AbstractPipeline.java:234)
	at java.base/java.util.stream.ReferencePipeline.forEach(ReferencePipeline.java:596)
	at org.junit.jupiter.engine.descriptor.TestTemplateTestDescriptor.execute(TestTemplateTestDescriptor.java:107)
	at org.junit.jupiter.engine.descriptor.TestTemplateTestDescriptor.execute(TestTemplateTestDescriptor.java:42)
	at org.junit.platform.engine.support.hierarchical.NodeTestTask.lambda$executeRecursively$5(NodeTestTask.java:139)
	at org.junit.platform.engine.support.hierarchical.ThrowableCollector.execute(ThrowableCollector.java:73)
	at org.junit.platform.engine.support.hierarchical.NodeTestTask.lambda$executeRecursively$7(NodeTestTask.java:129)
	at org.junit.platform.engine.support.hierarchical.Node.around(Node.java:137)
	at org.junit.platform.engine.support.hierarchical.NodeTestTask.lambda$executeRecursively$8(NodeTestTask.java:127)
	at org.junit.platform.engine.support.hierarchical.ThrowableCollector.execute(ThrowableCollector.java:73)
	at org.junit.platform.engine.support.hierarchical.NodeTestTask.executeRecursively(NodeTestTask.java:126)
	at org.junit.platform.engine.support.hierarchical.NodeTestTask.execute(NodeTestTask.java:84)
	at java.base/java.util.ArrayList.forEach(ArrayList.java:1511)
	at org.junit.platform.engine.support.hierarchical.SameThreadHierarchicalTestExecutorService.invokeAll(SameThreadHierarchicalTestExecutorService.java:38)
	at org.junit.platform.engine.support.hierarchical.NodeTestTask.lambda$executeRecursively$5(NodeTestTask.java:143)
	at org.junit.platform.engine.support.hierarchical.ThrowableCollector.execute(ThrowableCollector.java:73)
	at org.junit.platform.engine.support.hierarchical.NodeTestTask.lambda$executeRecursively$7(NodeTestTask.java:129)
	at org.junit.platform.engine.support.hierarchical.Node.around(Node.java:137)
	at org.junit.platform.engine.support.hierarchical.NodeTestTask.lambda$executeRecursively$8(NodeTestTask.java:127)
	at org.junit.platform.engine.support.hierarchical.ThrowableCollector.execute(ThrowableCollector.java:73)
	at org.junit.platform.engine.support.hierarchical.NodeTestTask.executeRecursively(NodeTestTask.java:126)
	at org.junit.platform.engine.support.hierarchical.NodeTestTask.execute(NodeTestTask.java:84)
	at java.base/java.util.ArrayList.forEach(ArrayList.java:1511)
	at org.junit.platform.engine.support.hierarchical.SameThreadHierarchicalTestExecutorService.invokeAll(SameThreadHierarchicalTestExecutorService.java:38)
	at org.junit.platform.engine.support.hierarchical.NodeTestTask.lambda$executeRecursively$5(NodeTestTask.java:143)
	at org.junit.platform.engine.support.hierarchical.ThrowableCollector.execute(ThrowableCollector.java:73)
	at org.junit.platform.engine.support.hierarchical.NodeTestTask.lambda$executeRecursively$7(NodeTestTask.java:129)
	at org.junit.platform.engine.support.hierarchical.Node.around(Node.java:137)
	at org.junit.platform.engine.support.hierarchical.NodeTestTask.lambda$executeRecursively$8(NodeTestTask.java:127)
	at org.junit.platform.engine.support.hierarchical.ThrowableCollector.execute(ThrowableCollector.java:73)
	at org.junit.platform.engine.support.hierarchical.NodeTestTask.executeRecursively(NodeTestTask.java:126)
	at org.junit.platform.engine.support.hierarchical.NodeTestTask.execute(NodeTestTask.java:84)
	at org.junit.platform.engine.support.hierarchical.SameThreadHierarchicalTestExecutorService.submit(SameThreadHierarchicalTestExecutorService.java:32)
	at org.junit.platform.engine.support.hierarchical.HierarchicalTestExecutor.execute(HierarchicalTestExecutor.java:57)
	at org.junit.platform.engine.support.hierarchical.HierarchicalTestEngine.execute(HierarchicalTestEngine.java:51)
	at org.junit.platform.launcher.core.EngineExecutionOrchestrator.execute(EngineExecutionOrchestrator.java:108)
	at org.junit.platform.launcher.core.EngineExecutionOrchestrator.execute(EngineExecutionOrchestrator.java:88)
	at org.junit.platform.launcher.core.EngineExecutionOrchestrator.lambda$execute$0(EngineExecutionOrchestrator.java:54)
	at org.junit.platform.launcher.core.EngineExecutionOrchestrator.withInterceptedStreams(EngineExecutionOrchestrator.java:67)
	at org.junit.platform.launcher.core.EngineExecutionOrchestrator.execute(EngineExecutionOrchestrator.java:52)
	at org.junit.platform.launcher.core.DefaultLauncher.execute(DefaultLauncher.java:96)
	at org.junit.platform.launcher.core.DefaultLauncher.execute(DefaultLauncher.java:75)
	at org.junit.platform.console.tasks.ConsoleTestExecutor.executeTests(ConsoleTestExecutor.java:66)
	at org.junit.platform.console.tasks.ConsoleTestExecutor.lambda$execute$0(ConsoleTestExecutor.java:58)
	at org.junit.platform.console.tasks.CustomContextClassLoaderExecutor.replaceThreadContextClassLoaderAndInvoke(CustomContextClassLoaderExecutor.java:41)
	at org.junit.platform.console.tasks.CustomContextClassLoaderExecutor.invoke(CustomContextClassLoaderExecutor.java:31)
	at org.junit.platform.console.tasks.ConsoleTestExecutor.execute(ConsoleTestExecutor.java:58)
	at org.junit.platform.console.ConsoleLauncher.executeTests(ConsoleLauncher.java:95)
	at org.junit.platform.console.ConsoleLauncher.execute(ConsoleLauncher.java:73)
	at org.junit.platform.console.ConsoleLauncher.execute(ConsoleLauncher.java:50)
	at org.junit.platform.console.ConsoleLauncher.execute(ConsoleLauncher.java:43)
	at org.junit.platform.console.ConsoleLauncher.main(ConsoleLauncher.java:37)
]]></skipped>
<system-out><![CDATA[
unique-id: [engine:junit-jupiter]/[class:minebayd1.test.TestUser]/[test-template:testnext(minebayd1.User)]/[test-template-invocation:#96]
display-name: [96] Lisa a 45 annonces ouvertes, 4 annonces fermées et 3 achats 

]]></system-out>
</testcase>
<testcase name="testnext(User)[97]" classname="minebayd1.test.TestUser" time="0.004">
<system-out><![CDATA[
unique-id: [engine:junit-jupiter]/[class:minebayd1.test.TestUser]/[test-template:testnext(minebayd1.User)]/[test-template-invocation:#97]
display-name: [97] Ayman a 53 annonces ouvertes, 4 annonces fermées et 4 achats 

]]></system-out>
</testcase>
<testcase name="testnext(User)[98]" classname="minebayd1.test.TestUser" time="0">
<skipped><![CDATA[org.opentest4j.TestAbortedException: Assumption failed: assumption is not true
	at org.junit.jupiter.api.Assumptions.throwTestAbortedException(Assumptions.java:256)
	at org.junit.jupiter.api.Assumptions.assumeTrue(Assumptions.java:115)
	at org.junit.jupiter.api.Assumptions.assumeTrue(Assumptions.java:66)
	at minebayd1.test.TestUser.testnext(TestUser.java:1137)
	at jdk.internal.reflect.GeneratedMethodAccessor10.invoke(Unknown Source)
	at java.base/jdk.internal.reflect.DelegatingMethodAccessorImpl.invoke(DelegatingMethodAccessorImpl.java:43)
	at java.base/java.lang.reflect.Method.invoke(Method.java:569)
	at org.junit.platform.commons.util.ReflectionUtils.invokeMethod(ReflectionUtils.java:688)
	at org.junit.jupiter.engine.execution.MethodInvocation.proceed(MethodInvocation.java:60)
	at org.junit.jupiter.engine.execution.InvocationInterceptorChain$ValidatingInvocation.proceed(InvocationInterceptorChain.java:131)
	at org.junit.jupiter.engine.extension.TimeoutExtension.intercept(TimeoutExtension.java:149)
	at org.junit.jupiter.engine.extension.TimeoutExtension.interceptTestableMethod(TimeoutExtension.java:140)
	at org.junit.jupiter.engine.extension.TimeoutExtension.interceptTestTemplateMethod(TimeoutExtension.java:92)
	at org.junit.jupiter.engine.execution.ExecutableInvoker$ReflectiveInterceptorCall.lambda$ofVoidMethod$0(ExecutableInvoker.java:115)
	at org.junit.jupiter.engine.execution.ExecutableInvoker.lambda$invoke$0(ExecutableInvoker.java:105)
	at org.junit.jupiter.engine.execution.InvocationInterceptorChain$InterceptedInvocation.proceed(InvocationInterceptorChain.java:106)
	at org.junit.jupiter.engine.execution.InvocationInterceptorChain.proceed(InvocationInterceptorChain.java:64)
	at org.junit.jupiter.engine.execution.InvocationInterceptorChain.chainAndInvoke(InvocationInterceptorChain.java:45)
	at org.junit.jupiter.engine.execution.InvocationInterceptorChain.invoke(InvocationInterceptorChain.java:37)
	at org.junit.jupiter.engine.execution.ExecutableInvoker.invoke(ExecutableInvoker.java:104)
	at org.junit.jupiter.engine.execution.ExecutableInvoker.invoke(ExecutableInvoker.java:98)
	at org.junit.jupiter.engine.descriptor.TestMethodTestDescriptor.lambda$invokeTestMethod$6(TestMethodTestDescriptor.java:210)
	at org.junit.platform.engine.support.hierarchical.ThrowableCollector.execute(ThrowableCollector.java:73)
	at org.junit.jupiter.engine.descriptor.TestMethodTestDescriptor.invokeTestMethod(TestMethodTestDescriptor.java:206)
	at org.junit.jupiter.engine.descriptor.TestMethodTestDescriptor.execute(TestMethodTestDescriptor.java:131)
	at org.junit.jupiter.engine.descriptor.TestMethodTestDescriptor.execute(TestMethodTestDescriptor.java:65)
	at org.junit.platform.engine.support.hierarchical.NodeTestTask.lambda$executeRecursively$5(NodeTestTask.java:139)
	at org.junit.platform.engine.support.hierarchical.ThrowableCollector.execute(ThrowableCollector.java:73)
	at org.junit.platform.engine.support.hierarchical.NodeTestTask.lambda$executeRecursively$7(NodeTestTask.java:129)
	at org.junit.platform.engine.support.hierarchical.Node.around(Node.java:137)
	at org.junit.platform.engine.support.hierarchical.NodeTestTask.lambda$executeRecursively$8(NodeTestTask.java:127)
	at org.junit.platform.engine.support.hierarchical.ThrowableCollector.execute(ThrowableCollector.java:73)
	at org.junit.platform.engine.support.hierarchical.NodeTestTask.executeRecursively(NodeTestTask.java:126)
	at org.junit.platform.engine.support.hierarchical.NodeTestTask.execute(NodeTestTask.java:84)
	at org.junit.platform.engine.support.hierarchical.SameThreadHierarchicalTestExecutorService.submit(SameThreadHierarchicalTestExecutorService.java:32)
	at org.junit.platform.engine.support.hierarchical.NodeTestTask$DefaultDynamicTestExecutor.execute(NodeTestTask.java:212)
	at org.junit.platform.engine.support.hierarchical.NodeTestTask$DefaultDynamicTestExecutor.execute(NodeTestTask.java:192)
	at org.junit.jupiter.engine.descriptor.TestTemplateTestDescriptor.execute(TestTemplateTestDescriptor.java:139)
	at org.junit.jupiter.engine.descriptor.TestTemplateTestDescriptor.lambda$execute$2(TestTemplateTestDescriptor.java:107)
	at java.base/java.util.stream.ForEachOps$ForEachOp$OfRef.accept(ForEachOps.java:183)
	at java.base/java.util.stream.ReferencePipeline$3$1.accept(ReferencePipeline.java:197)
	at java.base/java.util.stream.ReferencePipeline$2$1.accept(ReferencePipeline.java:179)
	at java.base/java.util.stream.ReferencePipeline$3$1.accept(ReferencePipeline.java:197)
	at java.base/java.util.stream.ForEachOps$ForEachOp$OfRef.accept(ForEachOps.java:183)
	at java.base/java.util.stream.ReferencePipeline$15$1.accept(ReferencePipeline.java:541)
	at java.base/java.util.stream.ReferencePipeline$3$1.accept(ReferencePipeline.java:197)
	at java.base/java.util.stream.ReferencePipeline$3$1.accept(ReferencePipeline.java:197)
	at java.base/java.util.stream.ReferencePipeline$3$1.accept(ReferencePipeline.java:197)
	at java.base/java.util.stream.ForEachOps$ForEachOp$OfRef.accept(ForEachOps.java:183)
	at java.base/java.util.stream.ReferencePipeline$3$1.accept(ReferencePipeline.java:197)
	at java.base/java.util.stream.ForEachOps$ForEachOp$OfRef.accept(ForEachOps.java:183)
	at java.base/java.util.stream.SliceOps$1$1.accept(SliceOps.java:200)
	at java.base/java.util.stream.StreamSpliterators$InfiniteSupplyingSpliterator$OfRef.tryAdvance(StreamSpliterators.java:1358)
	at java.base/java.util.stream.ReferencePipeline.forEachWithCancel(ReferencePipeline.java:129)
	at java.base/java.util.stream.AbstractPipeline.copyIntoWithCancel(AbstractPipeline.java:527)
	at java.base/java.util.stream.AbstractPipeline.copyInto(AbstractPipeline.java:513)
	at java.base/java.util.stream.AbstractPipeline.wrapAndCopyInto(AbstractPipeline.java:499)
	at java.base/java.util.stream.ForEachOps$ForEachOp.evaluateSequential(ForEachOps.java:150)
	at java.base/java.util.stream.ForEachOps$ForEachOp$OfRef.evaluateSequential(ForEachOps.java:173)
	at java.base/java.util.stream.AbstractPipeline.evaluate(AbstractPipeline.java:234)
	at java.base/java.util.stream.ReferencePipeline.forEach(ReferencePipeline.java:596)
	at java.base/java.util.stream.ReferencePipeline$7$1.accept(ReferencePipeline.java:276)
	at java.base/java.util.stream.ReferencePipeline$3$1.accept(ReferencePipeline.java:197)
	at java.base/java.util.stream.ReferencePipeline$3$1.accept(ReferencePipeline.java:197)
	at java.base/java.util.Spliterators$ArraySpliterator.forEachRemaining(Spliterators.java:992)
	at java.base/java.util.stream.AbstractPipeline.copyInto(AbstractPipeline.java:509)
	at java.base/java.util.stream.AbstractPipeline.wrapAndCopyInto(AbstractPipeline.java:499)
	at java.base/java.util.stream.ForEachOps$ForEachOp.evaluateSequential(ForEachOps.java:150)
	at java.base/java.util.stream.ForEachOps$ForEachOp$OfRef.evaluateSequential(ForEachOps.java:173)
	at java.base/java.util.stream.AbstractPipeline.evaluate(AbstractPipeline.java:234)
	at java.base/java.util.stream.ReferencePipeline.forEach(ReferencePipeline.java:596)
	at java.base/java.util.stream.ReferencePipeline$7$1.accept(ReferencePipeline.java:276)
	at java.base/java.util.stream.ReferencePipeline$3$1.accept(ReferencePipeline.java:197)
	at java.base/java.util.stream.ReferencePipeline$3$1.accept(ReferencePipeline.java:197)
	at java.base/java.util.stream.ReferencePipeline$3$1.accept(ReferencePipeline.java:197)
	at java.base/java.util.ArrayList$ArrayListSpliterator.forEachRemaining(ArrayList.java:1625)
	at java.base/java.util.stream.AbstractPipeline.copyInto(AbstractPipeline.java:509)
	at java.base/java.util.stream.AbstractPipeline.wrapAndCopyInto(AbstractPipeline.java:499)
	at java.base/java.util.stream.ForEachOps$ForEachOp.evaluateSequential(ForEachOps.java:150)
	at java.base/java.util.stream.ForEachOps$ForEachOp$OfRef.evaluateSequential(ForEachOps.java:173)
	at java.base/java.util.stream.AbstractPipeline.evaluate(AbstractPipeline.java:234)
	at java.base/java.util.stream.ReferencePipeline.forEach(ReferencePipeline.java:596)
	at java.base/java.util.stream.ReferencePipeline$7$1.accept(ReferencePipeline.java:276)
	at java.base/java.util.ArrayList$ArrayListSpliterator.forEachRemaining(ArrayList.java:1625)
	at java.base/java.util.stream.AbstractPipeline.copyInto(AbstractPipeline.java:509)
	at java.base/java.util.stream.AbstractPipeline.wrapAndCopyInto(AbstractPipeline.java:499)
	at java.base/java.util.stream.ForEachOps$ForEachOp.evaluateSequential(ForEachOps.java:150)
	at java.base/java.util.stream.ForEachOps$ForEachOp$OfRef.evaluateSequential(ForEachOps.java:173)
	at java.base/java.util.stream.AbstractPipeline.evaluate(AbstractPipeline.java:234)
	at java.base/java.util.stream.ReferencePipeline.forEach(ReferencePipeline.java:596)
	at org.junit.jupiter.engine.descriptor.TestTemplateTestDescriptor.execute(TestTemplateTestDescriptor.java:107)
	at org.junit.jupiter.engine.descriptor.TestTemplateTestDescriptor.execute(TestTemplateTestDescriptor.java:42)
	at org.junit.platform.engine.support.hierarchical.NodeTestTask.lambda$executeRecursively$5(NodeTestTask.java:139)
	at org.junit.platform.engine.support.hierarchical.ThrowableCollector.execute(ThrowableCollector.java:73)
	at org.junit.platform.engine.support.hierarchical.NodeTestTask.lambda$executeRecursively$7(NodeTestTask.java:129)
	at org.junit.platform.engine.support.hierarchical.Node.around(Node.java:137)
	at org.junit.platform.engine.support.hierarchical.NodeTestTask.lambda$executeRecursively$8(NodeTestTask.java:127)
	at org.junit.platform.engine.support.hierarchical.ThrowableCollector.execute(ThrowableCollector.java:73)
	at org.junit.platform.engine.support.hierarchical.NodeTestTask.executeRecursively(NodeTestTask.java:126)
	at org.junit.platform.engine.support.hierarchical.NodeTestTask.execute(NodeTestTask.java:84)
	at java.base/java.util.ArrayList.forEach(ArrayList.java:1511)
	at org.junit.platform.engine.support.hierarchical.SameThreadHierarchicalTestExecutorService.invokeAll(SameThreadHierarchicalTestExecutorService.java:38)
	at org.junit.platform.engine.support.hierarchical.NodeTestTask.lambda$executeRecursively$5(NodeTestTask.java:143)
	at org.junit.platform.engine.support.hierarchical.ThrowableCollector.execute(ThrowableCollector.java:73)
	at org.junit.platform.engine.support.hierarchical.NodeTestTask.lambda$executeRecursively$7(NodeTestTask.java:129)
	at org.junit.platform.engine.support.hierarchical.Node.around(Node.java:137)
	at org.junit.platform.engine.support.hierarchical.NodeTestTask.lambda$executeRecursively$8(NodeTestTask.java:127)
	at org.junit.platform.engine.support.hierarchical.ThrowableCollector.execute(ThrowableCollector.java:73)
	at org.junit.platform.engine.support.hierarchical.NodeTestTask.executeRecursively(NodeTestTask.java:126)
	at org.junit.platform.engine.support.hierarchical.NodeTestTask.execute(NodeTestTask.java:84)
	at java.base/java.util.ArrayList.forEach(ArrayList.java:1511)
	at org.junit.platform.engine.support.hierarchical.SameThreadHierarchicalTestExecutorService.invokeAll(SameThreadHierarchicalTestExecutorService.java:38)
	at org.junit.platform.engine.support.hierarchical.NodeTestTask.lambda$executeRecursively$5(NodeTestTask.java:143)
	at org.junit.platform.engine.support.hierarchical.ThrowableCollector.execute(ThrowableCollector.java:73)
	at org.junit.platform.engine.support.hierarchical.NodeTestTask.lambda$executeRecursively$7(NodeTestTask.java:129)
	at org.junit.platform.engine.support.hierarchical.Node.around(Node.java:137)
	at org.junit.platform.engine.support.hierarchical.NodeTestTask.lambda$executeRecursively$8(NodeTestTask.java:127)
	at org.junit.platform.engine.support.hierarchical.ThrowableCollector.execute(ThrowableCollector.java:73)
	at org.junit.platform.engine.support.hierarchical.NodeTestTask.executeRecursively(NodeTestTask.java:126)
	at org.junit.platform.engine.support.hierarchical.NodeTestTask.execute(NodeTestTask.java:84)
	at org.junit.platform.engine.support.hierarchical.SameThreadHierarchicalTestExecutorService.submit(SameThreadHierarchicalTestExecutorService.java:32)
	at org.junit.platform.engine.support.hierarchical.HierarchicalTestExecutor.execute(HierarchicalTestExecutor.java:57)
	at org.junit.platform.engine.support.hierarchical.HierarchicalTestEngine.execute(HierarchicalTestEngine.java:51)
	at org.junit.platform.launcher.core.EngineExecutionOrchestrator.execute(EngineExecutionOrchestrator.java:108)
	at org.junit.platform.launcher.core.EngineExecutionOrchestrator.execute(EngineExecutionOrchestrator.java:88)
	at org.junit.platform.launcher.core.EngineExecutionOrchestrator.lambda$execute$0(EngineExecutionOrchestrator.java:54)
	at org.junit.platform.launcher.core.EngineExecutionOrchestrator.withInterceptedStreams(EngineExecutionOrchestrator.java:67)
	at org.junit.platform.launcher.core.EngineExecutionOrchestrator.execute(EngineExecutionOrchestrator.java:52)
	at org.junit.platform.launcher.core.DefaultLauncher.execute(DefaultLauncher.java:96)
	at org.junit.platform.launcher.core.DefaultLauncher.execute(DefaultLauncher.java:75)
	at org.junit.platform.console.tasks.ConsoleTestExecutor.executeTests(ConsoleTestExecutor.java:66)
	at org.junit.platform.console.tasks.ConsoleTestExecutor.lambda$execute$0(ConsoleTestExecutor.java:58)
	at org.junit.platform.console.tasks.CustomContextClassLoaderExecutor.replaceThreadContextClassLoaderAndInvoke(CustomContextClassLoaderExecutor.java:41)
	at org.junit.platform.console.tasks.CustomContextClassLoaderExecutor.invoke(CustomContextClassLoaderExecutor.java:31)
	at org.junit.platform.console.tasks.ConsoleTestExecutor.execute(ConsoleTestExecutor.java:58)
	at org.junit.platform.console.ConsoleLauncher.executeTests(ConsoleLauncher.java:95)
	at org.junit.platform.console.ConsoleLauncher.execute(ConsoleLauncher.java:73)
	at org.junit.platform.console.ConsoleLauncher.execute(ConsoleLauncher.java:50)
	at org.junit.platform.console.ConsoleLauncher.execute(ConsoleLauncher.java:43)
	at org.junit.platform.console.ConsoleLauncher.main(ConsoleLauncher.java:37)
]]></skipped>
<system-out><![CDATA[
unique-id: [engine:junit-jupiter]/[class:minebayd1.test.TestUser]/[test-template:testnext(minebayd1.User)]/[test-template-invocation:#98]
display-name: [98] Yanis a 61 annonces ouvertes, 4 annonces fermées et 3 achats 

]]></system-out>
</testcase>
<testcase name="testnext(User)[99]" classname="minebayd1.test.TestUser" time="0.005">
<system-out><![CDATA[
unique-id: [engine:junit-jupiter]/[class:minebayd1.test.TestUser]/[test-template:testnext(minebayd1.User)]/[test-template-invocation:#99]
display-name: [99] Ismael a 59 annonces ouvertes, 1 annonces fermées et 3 achats 

]]></system-out>
</testcase>
<testcase name="testnext(User)[100]" classname="minebayd1.test.TestUser" time="0.002">
<system-out><![CDATA[
unique-id: [engine:junit-jupiter]/[class:minebayd1.test.TestUser]/[test-template:testnext(minebayd1.User)]/[test-template-invocation:#100]
display-name: [100] Imam a 45 annonces ouvertes, 5 annonces fermées et 3 achats 

]]></system-out>
</testcase>
<testcase name="testsize(User)[1]" classname="minebayd1.test.TestUser" time="0.003">
<system-out><![CDATA[
unique-id: [engine:junit-jupiter]/[class:minebayd1.test.TestUser]/[test-template:testsize(minebayd1.User)]/[test-template-invocation:#1]
display-name: [1] Pierre a 41 annonces ouvertes, 5 annonces fermées et 2 achats 

]]></system-out>
</testcase>
<testcase name="testsize(User)[2]" classname="minebayd1.test.TestUser" time="0.005">
<system-out><![CDATA[
unique-id: [engine:junit-jupiter]/[class:minebayd1.test.TestUser]/[test-template:testsize(minebayd1.User)]/[test-template-invocation:#2]
display-name: [2] Naila a 60 annonces ouvertes, 3 annonces fermées et 4 achats 

]]></system-out>
</testcase>
<testcase name="testsize(User)[3]" classname="minebayd1.test.TestUser" time="0">
<system-out><![CDATA[
unique-id: [engine:junit-jupiter]/[class:minebayd1.test.TestUser]/[test-template:testsize(minebayd1.User)]/[test-template-invocation:#3]
display-name: [3] Zahra a 42 annonces ouvertes, 0 annonces fermées et 2 achats 

]]></system-out>
</testcase>
<testcase name="testsize(User)[4]" classname="minebayd1.test.TestUser" time="0">
<system-out><![CDATA[
unique-id: [engine:junit-jupiter]/[class:minebayd1.test.TestUser]/[test-template:testsize(minebayd1.User)]/[test-template-invocation:#4]
display-name: [4] Zahra a 42 annonces ouvertes, 0 annonces fermées et 2 achats 

]]></system-out>
</testcase>
<testcase name="testsize(User)[5]" classname="minebayd1.test.TestUser" time="0">
<system-out><![CDATA[
unique-id: [engine:junit-jupiter]/[class:minebayd1.test.TestUser]/[test-template:testsize(minebayd1.User)]/[test-template-invocation:#5]
display-name: [5] Issa a 70 annonces ouvertes, 3 annonces fermées et 3 achats 

]]></system-out>
</testcase>
<testcase name="testsize(User)[6]" classname="minebayd1.test.TestUser" time="0">
<system-out><![CDATA[
unique-id: [engine:junit-jupiter]/[class:minebayd1.test.TestUser]/[test-template:testsize(minebayd1.User)]/[test-template-invocation:#6]
display-name: [6] Issa a 70 annonces ouvertes, 3 annonces fermées et 3 achats 

]]></system-out>
</testcase>
<testcase name="testsize(User)[7]" classname="minebayd1.test.TestUser" time="0">
<system-out><![CDATA[
unique-id: [engine:junit-jupiter]/[class:minebayd1.test.TestUser]/[test-template:testsize(minebayd1.User)]/[test-template-invocation:#7]
display-name: [7] Imam a 45 annonces ouvertes, 5 annonces fermées et 3 achats 

]]></system-out>
</testcase>
<testcase name="testsize(User)[8]" classname="minebayd1.test.TestUser" time="0">
<system-out><![CDATA[
unique-id: [engine:junit-jupiter]/[class:minebayd1.test.TestUser]/[test-template:testsize(minebayd1.User)]/[test-template-invocation:#8]
display-name: [8] Nima a 50 annonces ouvertes, 1 annonces fermées et 4 achats 

]]></system-out>
</testcase>
<testcase name="testsize(User)[9]" classname="minebayd1.test.TestUser" time="0">
<system-out><![CDATA[
unique-id: [engine:junit-jupiter]/[class:minebayd1.test.TestUser]/[test-template:testsize(minebayd1.User)]/[test-template-invocation:#9]
display-name: [9] Yanis a 61 annonces ouvertes, 4 annonces fermées et 3 achats 

]]></system-out>
</testcase>
<testcase name="testsize(User)[10]" classname="minebayd1.test.TestUser" time="0">
<system-out><![CDATA[
unique-id: [engine:junit-jupiter]/[class:minebayd1.test.TestUser]/[test-template:testsize(minebayd1.User)]/[test-template-invocation:#10]
display-name: [10] Chanez a 57 annonces ouvertes, 2 annonces fermées et 1 achats 

]]></system-out>
</testcase>
<testcase name="testsize(User)[11]" classname="minebayd1.test.TestUser" time="0">
<system-out><![CDATA[
unique-id: [engine:junit-jupiter]/[class:minebayd1.test.TestUser]/[test-template:testsize(minebayd1.User)]/[test-template-invocation:#11]
display-name: [11] Aliou a 50 annonces ouvertes, 3 annonces fermées et 2 achats 

]]></system-out>
</testcase>
<testcase name="testsize(User)[12]" classname="minebayd1.test.TestUser" time="0">
<system-out><![CDATA[
unique-id: [engine:junit-jupiter]/[class:minebayd1.test.TestUser]/[test-template:testsize(minebayd1.User)]/[test-template-invocation:#12]
display-name: [12] Naila a 60 annonces ouvertes, 3 annonces fermées et 4 achats 

]]></system-out>
</testcase>
<testcase name="testsize(User)[13]" classname="minebayd1.test.TestUser" time="0">
<system-out><![CDATA[
unique-id: [engine:junit-jupiter]/[class:minebayd1.test.TestUser]/[test-template:testsize(minebayd1.User)]/[test-template-invocation:#13]
display-name: [13] Ali a 57 annonces ouvertes, 6 annonces fermées et 3 achats 

]]></system-out>
</testcase>
<testcase name="testsize(User)[14]" classname="minebayd1.test.TestUser" time="0">
<system-out><![CDATA[
unique-id: [engine:junit-jupiter]/[class:minebayd1.test.TestUser]/[test-template:testsize(minebayd1.User)]/[test-template-invocation:#14]
display-name: [14] Pierre a 41 annonces ouvertes, 5 annonces fermées et 2 achats 

]]></system-out>
</testcase>
<testcase name="testsize(User)[15]" classname="minebayd1.test.TestUser" time="0">
<system-out><![CDATA[
unique-id: [engine:junit-jupiter]/[class:minebayd1.test.TestUser]/[test-template:testsize(minebayd1.User)]/[test-template-invocation:#15]
display-name: [15] Chanez a 57 annonces ouvertes, 2 annonces fermées et 1 achats 

]]></system-out>
</testcase>
<testcase name="testsize(User)[16]" classname="minebayd1.test.TestUser" time="0.001">
<system-out><![CDATA[
unique-id: [engine:junit-jupiter]/[class:minebayd1.test.TestUser]/[test-template:testsize(minebayd1.User)]/[test-template-invocation:#16]
display-name: [16] Pierre a 41 annonces ouvertes, 5 annonces fermées et 2 achats 

]]></system-out>
</testcase>
<testcase name="testsize(User)[17]" classname="minebayd1.test.TestUser" time="0.001">
<system-out><![CDATA[
unique-id: [engine:junit-jupiter]/[class:minebayd1.test.TestUser]/[test-template:testsize(minebayd1.User)]/[test-template-invocation:#17]
display-name: [17] Imam a 45 annonces ouvertes, 5 annonces fermées et 3 achats 

]]></system-out>
</testcase>
<testcase name="testsize(User)[18]" classname="minebayd1.test.TestUser" time="0">
<system-out><![CDATA[
unique-id: [engine:junit-jupiter]/[class:minebayd1.test.TestUser]/[test-template:testsize(minebayd1.User)]/[test-template-invocation:#18]
display-name: [18] Marc a 55 annonces ouvertes, 1 annonces fermées et 2 achats 

]]></system-out>
</testcase>
<testcase name="testsize(User)[19]" classname="minebayd1.test.TestUser" time="0">
<system-out><![CDATA[
unique-id: [engine:junit-jupiter]/[class:minebayd1.test.TestUser]/[test-template:testsize(minebayd1.User)]/[test-template-invocation:#19]
display-name: [19] Zahra a 42 annonces ouvertes, 0 annonces fermées et 2 achats 

]]></system-out>
</testcase>
<testcase name="testsize(User)[20]" classname="minebayd1.test.TestUser" time="0">
<system-out><![CDATA[
unique-id: [engine:junit-jupiter]/[class:minebayd1.test.TestUser]/[test-template:testsize(minebayd1.User)]/[test-template-invocation:#20]
display-name: [20] Ziad a 48 annonces ouvertes, 4 annonces fermées et 2 achats 

]]></system-out>
</testcase>
<testcase name="testsize(User)[21]" classname="minebayd1.test.TestUser" time="0">
<system-out><![CDATA[
unique-id: [engine:junit-jupiter]/[class:minebayd1.test.TestUser]/[test-template:testsize(minebayd1.User)]/[test-template-invocation:#21]
display-name: [21] Ziad a 48 annonces ouvertes, 4 annonces fermées et 2 achats 

]]></system-out>
</testcase>
<testcase name="testsize(User)[22]" classname="minebayd1.test.TestUser" time="0.001">
<system-out><![CDATA[
unique-id: [engine:junit-jupiter]/[class:minebayd1.test.TestUser]/[test-template:testsize(minebayd1.User)]/[test-template-invocation:#22]
display-name: [22] Lamia a 77 annonces ouvertes, 1 annonces fermées et 2 achats 

]]></system-out>
</testcase>
<testcase name="testsize(User)[23]" classname="minebayd1.test.TestUser" time="0.001">
<system-out><![CDATA[
unique-id: [engine:junit-jupiter]/[class:minebayd1.test.TestUser]/[test-template:testsize(minebayd1.User)]/[test-template-invocation:#23]
display-name: [23] Ismael a 59 annonces ouvertes, 1 annonces fermées et 3 achats 

]]></system-out>
</testcase>
<testcase name="testsize(User)[24]" classname="minebayd1.test.TestUser" time="0.001">
<system-out><![CDATA[
unique-id: [engine:junit-jupiter]/[class:minebayd1.test.TestUser]/[test-template:testsize(minebayd1.User)]/[test-template-invocation:#24]
display-name: [24] Ali a 57 annonces ouvertes, 6 annonces fermées et 3 achats 

]]></system-out>
</testcase>
<testcase name="testsize(User)[25]" classname="minebayd1.test.TestUser" time="0.001">
<system-out><![CDATA[
unique-id: [engine:junit-jupiter]/[class:minebayd1.test.TestUser]/[test-template:testsize(minebayd1.User)]/[test-template-invocation:#25]
display-name: [25] Adam a 49 annonces ouvertes, 3 annonces fermées et 3 achats 

]]></system-out>
</testcase>
<testcase name="testsize(User)[26]" classname="minebayd1.test.TestUser" time="0.001">
<system-out><![CDATA[
unique-id: [engine:junit-jupiter]/[class:minebayd1.test.TestUser]/[test-template:testsize(minebayd1.User)]/[test-template-invocation:#26]
display-name: [26] Nima a 50 annonces ouvertes, 1 annonces fermées et 4 achats 

]]></system-out>
</testcase>
<testcase name="testsize(User)[27]" classname="minebayd1.test.TestUser" time="0">
<system-out><![CDATA[
unique-id: [engine:junit-jupiter]/[class:minebayd1.test.TestUser]/[test-template:testsize(minebayd1.User)]/[test-template-invocation:#27]
display-name: [27] Faycal a 51 annonces ouvertes, 3 annonces fermées et 4 achats 

]]></system-out>
</testcase>
<testcase name="testsize(User)[28]" classname="minebayd1.test.TestUser" time="0.001">
<system-out><![CDATA[
unique-id: [engine:junit-jupiter]/[class:minebayd1.test.TestUser]/[test-template:testsize(minebayd1.User)]/[test-template-invocation:#28]
display-name: [28] Nima a 50 annonces ouvertes, 1 annonces fermées et 4 achats 

]]></system-out>
</testcase>
<testcase name="testsize(User)[29]" classname="minebayd1.test.TestUser" time="0.001">
<system-out><![CDATA[
unique-id: [engine:junit-jupiter]/[class:minebayd1.test.TestUser]/[test-template:testsize(minebayd1.User)]/[test-template-invocation:#29]
display-name: [29] Idir a 58 annonces ouvertes, 5 annonces fermées et 4 achats 

]]></system-out>
</testcase>
<testcase name="testsize(User)[30]" classname="minebayd1.test.TestUser" time="0">
<system-out><![CDATA[
unique-id: [engine:junit-jupiter]/[class:minebayd1.test.TestUser]/[test-template:testsize(minebayd1.User)]/[test-template-invocation:#30]
display-name: [30] Sonia a 47 annonces ouvertes, 2 annonces fermées et 2 achats 

]]></system-out>
</testcase>
<testcase name="testsize(User)[31]" classname="minebayd1.test.TestUser" time="0.001">
<system-out><![CDATA[
unique-id: [engine:junit-jupiter]/[class:minebayd1.test.TestUser]/[test-template:testsize(minebayd1.User)]/[test-template-invocation:#31]
display-name: [31] Sheraz a 49 annonces ouvertes, 3 annonces fermées et 6 achats 

]]></system-out>
</testcase>
<testcase name="testsize(User)[32]" classname="minebayd1.test.TestUser" time="0">
<system-out><![CDATA[
unique-id: [engine:junit-jupiter]/[class:minebayd1.test.TestUser]/[test-template:testsize(minebayd1.User)]/[test-template-invocation:#32]
display-name: [32] Faycal a 51 annonces ouvertes, 3 annonces fermées et 4 achats 

]]></system-out>
</testcase>
<testcase name="testsize(User)[33]" classname="minebayd1.test.TestUser" time="0">
<system-out><![CDATA[
unique-id: [engine:junit-jupiter]/[class:minebayd1.test.TestUser]/[test-template:testsize(minebayd1.User)]/[test-template-invocation:#33]
display-name: [33] Marc a 55 annonces ouvertes, 1 annonces fermées et 2 achats 

]]></system-out>
</testcase>
<testcase name="testsize(User)[34]" classname="minebayd1.test.TestUser" time="0">
<system-out><![CDATA[
unique-id: [engine:junit-jupiter]/[class:minebayd1.test.TestUser]/[test-template:testsize(minebayd1.User)]/[test-template-invocation:#34]
display-name: [34] Zahra a 42 annonces ouvertes, 0 annonces fermées et 2 achats 

]]></system-out>
</testcase>
<testcase name="testsize(User)[35]" classname="minebayd1.test.TestUser" time="0">
<system-out><![CDATA[
unique-id: [engine:junit-jupiter]/[class:minebayd1.test.TestUser]/[test-template:testsize(minebayd1.User)]/[test-template-invocation:#35]
display-name: [35] Pierre a 41 annonces ouvertes, 5 annonces fermées et 2 achats 

]]></system-out>
</testcase>
<testcase name="testsize(User)[36]" classname="minebayd1.test.TestUser" time="0">
<system-out><![CDATA[
unique-id: [engine:junit-jupiter]/[class:minebayd1.test.TestUser]/[test-template:testsize(minebayd1.User)]/[test-template-invocation:#36]
display-name: [36] Ayman a 53 annonces ouvertes, 4 annonces fermées et 4 achats 

]]></system-out>
</testcase>
<testcase name="testsize(User)[37]" classname="minebayd1.test.TestUser" time="0">
<system-out><![CDATA[
unique-id: [engine:junit-jupiter]/[class:minebayd1.test.TestUser]/[test-template:testsize(minebayd1.User)]/[test-template-invocation:#37]
display-name: [37] Issa a 70 annonces ouvertes, 3 annonces fermées et 3 achats 

]]></system-out>
</testcase>
<testcase name="testsize(User)[38]" classname="minebayd1.test.TestUser" time="0">
<system-out><![CDATA[
unique-id: [engine:junit-jupiter]/[class:minebayd1.test.TestUser]/[test-template:testsize(minebayd1.User)]/[test-template-invocation:#38]
display-name: [38] Sheraz a 49 annonces ouvertes, 3 annonces fermées et 6 achats 

]]></system-out>
</testcase>
<testcase name="testsize(User)[39]" classname="minebayd1.test.TestUser" time="0">
<system-out><![CDATA[
unique-id: [engine:junit-jupiter]/[class:minebayd1.test.TestUser]/[test-template:testsize(minebayd1.User)]/[test-template-invocation:#39]
display-name: [39] Nima a 50 annonces ouvertes, 1 annonces fermées et 4 achats 

]]></system-out>
</testcase>
<testcase name="testsize(User)[40]" classname="minebayd1.test.TestUser" time="0">
<system-out><![CDATA[
unique-id: [engine:junit-jupiter]/[class:minebayd1.test.TestUser]/[test-template:testsize(minebayd1.User)]/[test-template-invocation:#40]
display-name: [40] Idir a 58 annonces ouvertes, 5 annonces fermées et 4 achats 

]]></system-out>
</testcase>
<testcase name="testsize(User)[41]" classname="minebayd1.test.TestUser" time="0">
<system-out><![CDATA[
unique-id: [engine:junit-jupiter]/[class:minebayd1.test.TestUser]/[test-template:testsize(minebayd1.User)]/[test-template-invocation:#41]
display-name: [41] Ziad a 48 annonces ouvertes, 4 annonces fermées et 2 achats 

]]></system-out>
</testcase>
<testcase name="testsize(User)[42]" classname="minebayd1.test.TestUser" time="0">
<system-out><![CDATA[
unique-id: [engine:junit-jupiter]/[class:minebayd1.test.TestUser]/[test-template:testsize(minebayd1.User)]/[test-template-invocation:#42]
display-name: [42] Marc a 55 annonces ouvertes, 1 annonces fermées et 2 achats 

]]></system-out>
</testcase>
<testcase name="testsize(User)[43]" classname="minebayd1.test.TestUser" time="0">
<system-out><![CDATA[
unique-id: [engine:junit-jupiter]/[class:minebayd1.test.TestUser]/[test-template:testsize(minebayd1.User)]/[test-template-invocation:#43]
display-name: [43] Issa a 70 annonces ouvertes, 3 annonces fermées et 3 achats 

]]></system-out>
</testcase>
<testcase name="testsize(User)[44]" classname="minebayd1.test.TestUser" time="0">
<system-out><![CDATA[
unique-id: [engine:junit-jupiter]/[class:minebayd1.test.TestUser]/[test-template:testsize(minebayd1.User)]/[test-template-invocation:#44]
display-name: [44] Issa a 70 annonces ouvertes, 3 annonces fermées et 3 achats 

]]></system-out>
</testcase>
<testcase name="testsize(User)[45]" classname="minebayd1.test.TestUser" time="0">
<system-out><![CDATA[
unique-id: [engine:junit-jupiter]/[class:minebayd1.test.TestUser]/[test-template:testsize(minebayd1.User)]/[test-template-invocation:#45]
display-name: [45] Idir a 58 annonces ouvertes, 5 annonces fermées et 4 achats 

]]></system-out>
</testcase>
<testcase name="testsize(User)[46]" classname="minebayd1.test.TestUser" time="0.001">
<system-out><![CDATA[
unique-id: [engine:junit-jupiter]/[class:minebayd1.test.TestUser]/[test-template:testsize(minebayd1.User)]/[test-template-invocation:#46]
display-name: [46] Naila a 60 annonces ouvertes, 3 annonces fermées et 4 achats 

]]></system-out>
</testcase>
<testcase name="testsize(User)[47]" classname="minebayd1.test.TestUser" time="0">
<system-out><![CDATA[
unique-id: [engine:junit-jupiter]/[class:minebayd1.test.TestUser]/[test-template:testsize(minebayd1.User)]/[test-template-invocation:#47]
display-name: [47] Chanez a 57 annonces ouvertes, 2 annonces fermées et 1 achats 

]]></system-out>
</testcase>
<testcase name="testsize(User)[48]" classname="minebayd1.test.TestUser" time="0.001">
<system-out><![CDATA[
unique-id: [engine:junit-jupiter]/[class:minebayd1.test.TestUser]/[test-template:testsize(minebayd1.User)]/[test-template-invocation:#48]
display-name: [48] Naila a 60 annonces ouvertes, 3 annonces fermées et 4 achats 

]]></system-out>
</testcase>
<testcase name="testsize(User)[49]" classname="minebayd1.test.TestUser" time="0">
<system-out><![CDATA[
unique-id: [engine:junit-jupiter]/[class:minebayd1.test.TestUser]/[test-template:testsize(minebayd1.User)]/[test-template-invocation:#49]
display-name: [49] Mohamed a 45 annonces ouvertes, 2 annonces fermées et 3 achats 

]]></system-out>
</testcase>
<testcase name="testsize(User)[50]" classname="minebayd1.test.TestUser" time="0">
<system-out><![CDATA[
unique-id: [engine:junit-jupiter]/[class:minebayd1.test.TestUser]/[test-template:testsize(minebayd1.User)]/[test-template-invocation:#50]
display-name: [50] Sonia a 47 annonces ouvertes, 2 annonces fermées et 2 achats 

]]></system-out>
</testcase>
<testcase name="testsize(User)[51]" classname="minebayd1.test.TestUser" time="0">
<system-out><![CDATA[
unique-id: [engine:junit-jupiter]/[class:minebayd1.test.TestUser]/[test-template:testsize(minebayd1.User)]/[test-template-invocation:#51]
display-name: [51] Chanez a 57 annonces ouvertes, 2 annonces fermées et 1 achats 

]]></system-out>
</testcase>
<testcase name="testsize(User)[52]" classname="minebayd1.test.TestUser" time="0.001">
<system-out><![CDATA[
unique-id: [engine:junit-jupiter]/[class:minebayd1.test.TestUser]/[test-template:testsize(minebayd1.User)]/[test-template-invocation:#52]
display-name: [52] Lamia a 77 annonces ouvertes, 1 annonces fermées et 2 achats 

]]></system-out>
</testcase>
<testcase name="testsize(User)[53]" classname="minebayd1.test.TestUser" time="0.001">
<system-out><![CDATA[
unique-id: [engine:junit-jupiter]/[class:minebayd1.test.TestUser]/[test-template:testsize(minebayd1.User)]/[test-template-invocation:#53]
display-name: [53] Ali a 57 annonces ouvertes, 6 annonces fermées et 3 achats 

]]></system-out>
</testcase>
<testcase name="testsize(User)[54]" classname="minebayd1.test.TestUser" time="0">
<system-out><![CDATA[
unique-id: [engine:junit-jupiter]/[class:minebayd1.test.TestUser]/[test-template:testsize(minebayd1.User)]/[test-template-invocation:#54]
display-name: [54] Chanez a 57 annonces ouvertes, 2 annonces fermées et 1 achats 

]]></system-out>
</testcase>
<testcase name="testsize(User)[55]" classname="minebayd1.test.TestUser" time="0.001">
<system-out><![CDATA[
unique-id: [engine:junit-jupiter]/[class:minebayd1.test.TestUser]/[test-template:testsize(minebayd1.User)]/[test-template-invocation:#55]
display-name: [55] Ismael a 59 annonces ouvertes, 1 annonces fermées et 3 achats 

]]></system-out>
</testcase>
<testcase name="testsize(User)[56]" classname="minebayd1.test.TestUser" time="0.001">
<system-out><![CDATA[
unique-id: [engine:junit-jupiter]/[class:minebayd1.test.TestUser]/[test-template:testsize(minebayd1.User)]/[test-template-invocation:#56]
display-name: [56] Marcel a 63 annonces ouvertes, 4 annonces fermées et 4 achats 

]]></system-out>
</testcase>
<testcase name="testsize(User)[57]" classname="minebayd1.test.TestUser" time="0">
<system-out><![CDATA[
unique-id: [engine:junit-jupiter]/[class:minebayd1.test.TestUser]/[test-template:testsize(minebayd1.User)]/[test-template-invocation:#57]
display-name: [57] Zahra a 42 annonces ouvertes, 0 annonces fermées et 2 achats 

]]></system-out>
</testcase>
<testcase name="testsize(User)[58]" classname="minebayd1.test.TestUser" time="0.001">
<system-out><![CDATA[
unique-id: [engine:junit-jupiter]/[class:minebayd1.test.TestUser]/[test-template:testsize(minebayd1.User)]/[test-template-invocation:#58]
display-name: [58] Mounir a 59 annonces ouvertes, 2 annonces fermées et 2 achats 

]]></system-out>
</testcase>
<testcase name="testsize(User)[59]" classname="minebayd1.test.TestUser" time="0.001">
<system-out><![CDATA[
unique-id: [engine:junit-jupiter]/[class:minebayd1.test.TestUser]/[test-template:testsize(minebayd1.User)]/[test-template-invocation:#59]
display-name: [59] Ismael a 59 annonces ouvertes, 1 annonces fermées et 3 achats 

]]></system-out>
</testcase>
<testcase name="testsize(User)[60]" classname="minebayd1.test.TestUser" time="0">
<system-out><![CDATA[
unique-id: [engine:junit-jupiter]/[class:minebayd1.test.TestUser]/[test-template:testsize(minebayd1.User)]/[test-template-invocation:#60]
display-name: [60] Lisa a 45 annonces ouvertes, 4 annonces fermées et 3 achats 

]]></system-out>
</testcase>
<testcase name="testsize(User)[61]" classname="minebayd1.test.TestUser" time="0.001">
<system-out><![CDATA[
unique-id: [engine:junit-jupiter]/[class:minebayd1.test.TestUser]/[test-template:testsize(minebayd1.User)]/[test-template-invocation:#61]
display-name: [61] Aliou a 50 annonces ouvertes, 3 annonces fermées et 2 achats 

]]></system-out>
</testcase>
<testcase name="testsize(User)[62]" classname="minebayd1.test.TestUser" time="0">
<system-out><![CDATA[
unique-id: [engine:junit-jupiter]/[class:minebayd1.test.TestUser]/[test-template:testsize(minebayd1.User)]/[test-template-invocation:#62]
display-name: [62] Mohamed a 45 annonces ouvertes, 2 annonces fermées et 3 achats 

]]></system-out>
</testcase>
<testcase name="testsize(User)[63]" classname="minebayd1.test.TestUser" time="0">
<system-out><![CDATA[
unique-id: [engine:junit-jupiter]/[class:minebayd1.test.TestUser]/[test-template:testsize(minebayd1.User)]/[test-template-invocation:#63]
display-name: [63] Rosa a 40 annonces ouvertes, 4 annonces fermées et 2 achats 

]]></system-out>
</testcase>
<testcase name="testsize(User)[64]" classname="minebayd1.test.TestUser" time="0">
<system-out><![CDATA[
unique-id: [engine:junit-jupiter]/[class:minebayd1.test.TestUser]/[test-template:testsize(minebayd1.User)]/[test-template-invocation:#64]
display-name: [64] Zahra a 42 annonces ouvertes, 0 annonces fermées et 2 achats 

]]></system-out>
</testcase>
<testcase name="testsize(User)[65]" classname="minebayd1.test.TestUser" time="0.001">
<system-out><![CDATA[
unique-id: [engine:junit-jupiter]/[class:minebayd1.test.TestUser]/[test-template:testsize(minebayd1.User)]/[test-template-invocation:#65]
display-name: [65] Ziad a 48 annonces ouvertes, 4 annonces fermées et 2 achats 

]]></system-out>
</testcase>
<testcase name="testsize(User)[66]" classname="minebayd1.test.TestUser" time="0.002">
<system-out><![CDATA[
unique-id: [engine:junit-jupiter]/[class:minebayd1.test.TestUser]/[test-template:testsize(minebayd1.User)]/[test-template-invocation:#66]
display-name: [66] Marcel a 63 annonces ouvertes, 4 annonces fermées et 4 achats 

]]></system-out>
</testcase>
<testcase name="testsize(User)[67]" classname="minebayd1.test.TestUser" time="0.002">
<system-out><![CDATA[
unique-id: [engine:junit-jupiter]/[class:minebayd1.test.TestUser]/[test-template:testsize(minebayd1.User)]/[test-template-invocation:#67]
display-name: [67] Marcel a 63 annonces ouvertes, 4 annonces fermées et 4 achats 

]]></system-out>
</testcase>
<testcase name="testsize(User)[68]" classname="minebayd1.test.TestUser" time="0.001">
<system-out><![CDATA[
unique-id: [engine:junit-jupiter]/[class:minebayd1.test.TestUser]/[test-template:testsize(minebayd1.User)]/[test-template-invocation:#68]
display-name: [68] Aliou a 50 annonces ouvertes, 3 annonces fermées et 2 achats 

]]></system-out>
</testcase>
<testcase name="testsize(User)[69]" classname="minebayd1.test.TestUser" time="0.001">
<system-out><![CDATA[
unique-id: [engine:junit-jupiter]/[class:minebayd1.test.TestUser]/[test-template:testsize(minebayd1.User)]/[test-template-invocation:#69]
display-name: [69] Adam a 49 annonces ouvertes, 3 annonces fermées et 3 achats 

]]></system-out>
</testcase>
<testcase name="testsize(User)[70]" classname="minebayd1.test.TestUser" time="0.001">
<system-out><![CDATA[
unique-id: [engine:junit-jupiter]/[class:minebayd1.test.TestUser]/[test-template:testsize(minebayd1.User)]/[test-template-invocation:#70]
display-name: [70] Ismael a 59 annonces ouvertes, 1 annonces fermées et 3 achats 

]]></system-out>
</testcase>
<testcase name="testsize(User)[71]" classname="minebayd1.test.TestUser" time="0.001">
<system-out><![CDATA[
unique-id: [engine:junit-jupiter]/[class:minebayd1.test.TestUser]/[test-template:testsize(minebayd1.User)]/[test-template-invocation:#71]
display-name: [71] Ziad a 48 annonces ouvertes, 4 annonces fermées et 2 achats 

]]></system-out>
</testcase>
<testcase name="testsize(User)[72]" classname="minebayd1.test.TestUser" time="0.001">
<system-out><![CDATA[
unique-id: [engine:junit-jupiter]/[class:minebayd1.test.TestUser]/[test-template:testsize(minebayd1.User)]/[test-template-invocation:#72]
display-name: [72] Lamia a 77 annonces ouvertes, 1 annonces fermées et 2 achats 

]]></system-out>
</testcase>
<testcase name="testsize(User)[73]" classname="minebayd1.test.TestUser" time="0.001">
<system-out><![CDATA[
unique-id: [engine:junit-jupiter]/[class:minebayd1.test.TestUser]/[test-template:testsize(minebayd1.User)]/[test-template-invocation:#73]
display-name: [73] Aliou a 50 annonces ouvertes, 3 annonces fermées et 2 achats 

]]></system-out>
</testcase>
<testcase name="testsize(User)[74]" classname="minebayd1.test.TestUser" time="0">
<system-out><![CDATA[
unique-id: [engine:junit-jupiter]/[class:minebayd1.test.TestUser]/[test-template:testsize(minebayd1.User)]/[test-template-invocation:#74]
display-name: [74] Faycal a 51 annonces ouvertes, 3 annonces fermées et 4 achats 

]]></system-out>
</testcase>
<testcase name="testsize(User)[75]" classname="minebayd1.test.TestUser" time="0.001">
<system-out><![CDATA[
unique-id: [engine:junit-jupiter]/[class:minebayd1.test.TestUser]/[test-template:testsize(minebayd1.User)]/[test-template-invocation:#75]
display-name: [75] Issa a 70 annonces ouvertes, 3 annonces fermées et 3 achats 

]]></system-out>
</testcase>
<testcase name="testsize(User)[76]" classname="minebayd1.test.TestUser" time="0">
<system-out><![CDATA[
unique-id: [engine:junit-jupiter]/[class:minebayd1.test.TestUser]/[test-template:testsize(minebayd1.User)]/[test-template-invocation:#76]
display-name: [76] Sonia a 47 annonces ouvertes, 2 annonces fermées et 2 achats 

]]></system-out>
</testcase>
<testcase name="testsize(User)[77]" classname="minebayd1.test.TestUser" time="0.001">
<system-out><![CDATA[
unique-id: [engine:junit-jupiter]/[class:minebayd1.test.TestUser]/[test-template:testsize(minebayd1.User)]/[test-template-invocation:#77]
display-name: [77] Ali a 57 annonces ouvertes, 6 annonces fermées et 3 achats 

]]></system-out>
</testcase>
<testcase name="testsize(User)[78]" classname="minebayd1.test.TestUser" time="0.001">
<system-out><![CDATA[
unique-id: [engine:junit-jupiter]/[class:minebayd1.test.TestUser]/[test-template:testsize(minebayd1.User)]/[test-template-invocation:#78]
display-name: [78] Lyes a 65 annonces ouvertes, 1 annonces fermées et 3 achats 

]]></system-out>
</testcase>
<testcase name="testsize(User)[79]" classname="minebayd1.test.TestUser" time="0">
<system-out><![CDATA[
unique-id: [engine:junit-jupiter]/[class:minebayd1.test.TestUser]/[test-template:testsize(minebayd1.User)]/[test-template-invocation:#79]
display-name: [79] Faycal a 51 annonces ouvertes, 3 annonces fermées et 4 achats 

]]></system-out>
</testcase>
<testcase name="testsize(User)[80]" classname="minebayd1.test.TestUser" time="0">
<system-out><![CDATA[
unique-id: [engine:junit-jupiter]/[class:minebayd1.test.TestUser]/[test-template:testsize(minebayd1.User)]/[test-template-invocation:#80]
display-name: [80] Mohamed a 45 annonces ouvertes, 2 annonces fermées et 3 achats 

]]></system-out>
</testcase>
<testcase name="testsize(User)[81]" classname="minebayd1.test.TestUser" time="0">
<system-out><![CDATA[
unique-id: [engine:junit-jupiter]/[class:minebayd1.test.TestUser]/[test-template:testsize(minebayd1.User)]/[test-template-invocation:#81]
display-name: [81] Marc a 55 annonces ouvertes, 1 annonces fermées et 2 achats 

]]></system-out>
</testcase>
<testcase name="testsize(User)[82]" classname="minebayd1.test.TestUser" time="0">
<system-out><![CDATA[
unique-id: [engine:junit-jupiter]/[class:minebayd1.test.TestUser]/[test-template:testsize(minebayd1.User)]/[test-template-invocation:#82]
display-name: [82] Rosa a 40 annonces ouvertes, 4 annonces fermées et 2 achats 

]]></system-out>
</testcase>
<testcase name="testsize(User)[83]" classname="minebayd1.test.TestUser" time="0.001">
<system-out><![CDATA[
unique-id: [engine:junit-jupiter]/[class:minebayd1.test.TestUser]/[test-template:testsize(minebayd1.User)]/[test-template-invocation:#83]
display-name: [83] Adam a 49 annonces ouvertes, 3 annonces fermées et 3 achats 

]]></system-out>
</testcase>
<testcase name="testsize(User)[84]" classname="minebayd1.test.TestUser" time="0.001">
<system-out><![CDATA[
unique-id: [engine:junit-jupiter]/[class:minebayd1.test.TestUser]/[test-template:testsize(minebayd1.User)]/[test-template-invocation:#84]
display-name: [84] Issa a 70 annonces ouvertes, 3 annonces fermées et 3 achats 

]]></system-out>
</testcase>
<testcase name="testsize(User)[85]" classname="minebayd1.test.TestUser" time="0">
<system-out><![CDATA[
unique-id: [engine:junit-jupiter]/[class:minebayd1.test.TestUser]/[test-template:testsize(minebayd1.User)]/[test-template-invocation:#85]
display-name: [85] Rosa a 40 annonces ouvertes, 4 annonces fermées et 2 achats 

]]></system-out>
</testcase>
<testcase name="testsize(User)[86]" classname="minebayd1.test.TestUser" time="0.001">
<system-out><![CDATA[
unique-id: [engine:junit-jupiter]/[class:minebayd1.test.TestUser]/[test-template:testsize(minebayd1.User)]/[test-template-invocation:#86]
display-name: [86] Nima a 50 annonces ouvertes, 1 annonces fermées et 4 achats 

]]></system-out>
</testcase>
<testcase name="testsize(User)[87]" classname="minebayd1.test.TestUser" time="0.001">
<system-out><![CDATA[
unique-id: [engine:junit-jupiter]/[class:minebayd1.test.TestUser]/[test-template:testsize(minebayd1.User)]/[test-template-invocation:#87]
display-name: [87] Ismael a 59 annonces ouvertes, 1 annonces fermées et 3 achats 

]]></system-out>
</testcase>
<testcase name="testsize(User)[88]" classname="minebayd1.test.TestUser" time="0.001">
<system-out><![CDATA[
unique-id: [engine:junit-jupiter]/[class:minebayd1.test.TestUser]/[test-template:testsize(minebayd1.User)]/[test-template-invocation:#88]
display-name: [88] Aliou a 50 annonces ouvertes, 3 annonces fermées et 2 achats 

]]></system-out>
</testcase>
<testcase name="testsize(User)[89]" classname="minebayd1.test.TestUser" time="0">
<system-out><![CDATA[
unique-id: [engine:junit-jupiter]/[class:minebayd1.test.TestUser]/[test-template:testsize(minebayd1.User)]/[test-template-invocation:#89]
display-name: [89] Lyes a 65 annonces ouvertes, 1 annonces fermées et 3 achats 

]]></system-out>
</testcase>
<testcase name="testsize(User)[90]" classname="minebayd1.test.TestUser" time="0">
<system-out><![CDATA[
unique-id: [engine:junit-jupiter]/[class:minebayd1.test.TestUser]/[test-template:testsize(minebayd1.User)]/[test-template-invocation:#90]
display-name: [90] Chanez a 57 annonces ouvertes, 2 annonces fermées et 1 achats 

]]></system-out>
</testcase>
<testcase name="testsize(User)[91]" classname="minebayd1.test.TestUser" time="0">
<system-out><![CDATA[
unique-id: [engine:junit-jupiter]/[class:minebayd1.test.TestUser]/[test-template:testsize(minebayd1.User)]/[test-template-invocation:#91]
display-name: [91] Pierre a 41 annonces ouvertes, 5 annonces fermées et 2 achats 

]]></system-out>
</testcase>
<testcase name="testsize(User)[92]" classname="minebayd1.test.TestUser" time="0.001">
<system-out><![CDATA[
unique-id: [engine:junit-jupiter]/[class:minebayd1.test.TestUser]/[test-template:testsize(minebayd1.User)]/[test-template-invocation:#92]
display-name: [92] Mounir a 59 annonces ouvertes, 2 annonces fermées et 2 achats 

]]></system-out>
</testcase>
<testcase name="testsize(User)[93]" classname="minebayd1.test.TestUser" time="0.001">
<system-out><![CDATA[
unique-id: [engine:junit-jupiter]/[class:minebayd1.test.TestUser]/[test-template:testsize(minebayd1.User)]/[test-template-invocation:#93]
display-name: [93] Ayman a 53 annonces ouvertes, 4 annonces fermées et 4 achats 

]]></system-out>
</testcase>
<testcase name="testsize(User)[94]" classname="minebayd1.test.TestUser" time="0">
<system-out><![CDATA[
unique-id: [engine:junit-jupiter]/[class:minebayd1.test.TestUser]/[test-template:testsize(minebayd1.User)]/[test-template-invocation:#94]
display-name: [94] Rosa a 40 annonces ouvertes, 4 annonces fermées et 2 achats 

]]></system-out>
</testcase>
<testcase name="testsize(User)[95]" classname="minebayd1.test.TestUser" time="0">
<system-out><![CDATA[
unique-id: [engine:junit-jupiter]/[class:minebayd1.test.TestUser]/[test-template:testsize(minebayd1.User)]/[test-template-invocation:#95]
display-name: [95] Faycal a 51 annonces ouvertes, 3 annonces fermées et 4 achats 

]]></system-out>
</testcase>
<testcase name="testsize(User)[96]" classname="minebayd1.test.TestUser" time="0.001">
<system-out><![CDATA[
unique-id: [engine:junit-jupiter]/[class:minebayd1.test.TestUser]/[test-template:testsize(minebayd1.User)]/[test-template-invocation:#96]
display-name: [96] Issa a 70 annonces ouvertes, 3 annonces fermées et 3 achats 

]]></system-out>
</testcase>
<testcase name="testsize(User)[97]" classname="minebayd1.test.TestUser" time="0.001">
<system-out><![CDATA[
unique-id: [engine:junit-jupiter]/[class:minebayd1.test.TestUser]/[test-template:testsize(minebayd1.User)]/[test-template-invocation:#97]
display-name: [97] Marcel a 63 annonces ouvertes, 4 annonces fermées et 4 achats 

]]></system-out>
</testcase>
<testcase name="testsize(User)[98]" classname="minebayd1.test.TestUser" time="0.001">
<system-out><![CDATA[
unique-id: [engine:junit-jupiter]/[class:minebayd1.test.TestUser]/[test-template:testsize(minebayd1.User)]/[test-template-invocation:#98]
display-name: [98] Ayman a 53 annonces ouvertes, 4 annonces fermées et 4 achats 

]]></system-out>
</testcase>
<testcase name="testsize(User)[99]" classname="minebayd1.test.TestUser" time="0.001">
<system-out><![CDATA[
unique-id: [engine:junit-jupiter]/[class:minebayd1.test.TestUser]/[test-template:testsize(minebayd1.User)]/[test-template-invocation:#99]
display-name: [99] Adam a 49 annonces ouvertes, 3 annonces fermées et 3 achats 

]]></system-out>
</testcase>
<testcase name="testsize(User)[100]" classname="minebayd1.test.TestUser" time="0">
<system-out><![CDATA[
unique-id: [engine:junit-jupiter]/[class:minebayd1.test.TestUser]/[test-template:testsize(minebayd1.User)]/[test-template-invocation:#100]
display-name: [100] Faycal a 51 annonces ouvertes, 3 annonces fermées et 4 achats 

]]></system-out>
</testcase>
<testcase name="testsize(User, AdState, Optional)[1]" classname="minebayd1.test.TestUser" time="0.001">
<system-out><![CDATA[
unique-id: [engine:junit-jupiter]/[class:minebayd1.test.TestUser]/[test-template:testsize(minebayd1.User, minebayd1.AdState, java.util.Optional)]/[test-template-invocation:#1]
display-name: [1] Imam a 45 annonces ouvertes, 5 annonces fermées et 3 achats 
, PURCHASE, Optional[BOOKS]
]]></system-out>
</testcase>
<testcase name="testsize(User, AdState, Optional)[2]" classname="minebayd1.test.TestUser" time="0.001">
<system-out><![CDATA[
unique-id: [engine:junit-jupiter]/[class:minebayd1.test.TestUser]/[test-template:testsize(minebayd1.User, minebayd1.AdState, java.util.Optional)]/[test-template-invocation:#2]
display-name: [2] Nima a 50 annonces ouvertes, 1 annonces fermées et 4 achats 
, PURCHASE, Optional[SHOES]
]]></system-out>
</testcase>
<testcase name="testsize(User, AdState, Optional)[3]" classname="minebayd1.test.TestUser" time="0.001">
<system-out><![CDATA[
unique-id: [engine:junit-jupiter]/[class:minebayd1.test.TestUser]/[test-template:testsize(minebayd1.User, minebayd1.AdState, java.util.Optional)]/[test-template-invocation:#3]
display-name: [3] Ziad a 48 annonces ouvertes, 4 annonces fermées et 2 achats 
, OPEN, Optional[GAMES]
]]></system-out>
</testcase>
<testcase name="testsize(User, AdState, Optional)[4]" classname="minebayd1.test.TestUser" time="0.002">
<system-out><![CDATA[
unique-id: [engine:junit-jupiter]/[class:minebayd1.test.TestUser]/[test-template:testsize(minebayd1.User, minebayd1.AdState, java.util.Optional)]/[test-template-invocation:#4]
display-name: [4] Naila a 60 annonces ouvertes, 3 annonces fermées et 4 achats 
, OPEN, Optional[GAMES]
]]></system-out>
</testcase>
<testcase name="testsize(User, AdState, Optional)[5]" classname="minebayd1.test.TestUser" time="0">
<system-out><![CDATA[
unique-id: [engine:junit-jupiter]/[class:minebayd1.test.TestUser]/[test-template:testsize(minebayd1.User, minebayd1.AdState, java.util.Optional)]/[test-template-invocation:#5]
display-name: [5] Rosa a 40 annonces ouvertes, 4 annonces fermées et 2 achats 
, PURCHASE, Optional[CLOTHES]
]]></system-out>
</testcase>
<testcase name="testsize(User, AdState, Optional)[6]" classname="minebayd1.test.TestUser" time="0.001">
<system-out><![CDATA[
unique-id: [engine:junit-jupiter]/[class:minebayd1.test.TestUser]/[test-template:testsize(minebayd1.User, minebayd1.AdState, java.util.Optional)]/[test-template-invocation:#6]
display-name: [6] Marcel a 63 annonces ouvertes, 4 annonces fermées et 4 achats 
, PURCHASE, Optional[GAMES]
]]></system-out>
</testcase>
<testcase name="testsize(User, AdState, Optional)[7]" classname="minebayd1.test.TestUser" time="0.001">
<system-out><![CDATA[
unique-id: [engine:junit-jupiter]/[class:minebayd1.test.TestUser]/[test-template:testsize(minebayd1.User, minebayd1.AdState, java.util.Optional)]/[test-template-invocation:#7]
display-name: [7] Yanis a 61 annonces ouvertes, 4 annonces fermées et 3 achats 
, CLOSED, Optional[COMPUTERS]
]]></system-out>
</testcase>
<testcase name="testsize(User, AdState, Optional)[8]" classname="minebayd1.test.TestUser" time="0.001">
<system-out><![CDATA[
unique-id: [engine:junit-jupiter]/[class:minebayd1.test.TestUser]/[test-template:testsize(minebayd1.User, minebayd1.AdState, java.util.Optional)]/[test-template-invocation:#8]
display-name: [8] Issa a 70 annonces ouvertes, 3 annonces fermées et 3 achats 
, CLOSED, Optional[SHOES]
]]></system-out>
</testcase>
<testcase name="testsize(User, AdState, Optional)[9]" classname="minebayd1.test.TestUser" time="0">
<system-out><![CDATA[
unique-id: [engine:junit-jupiter]/[class:minebayd1.test.TestUser]/[test-template:testsize(minebayd1.User, minebayd1.AdState, java.util.Optional)]/[test-template-invocation:#9]
display-name: [9] Marc a 55 annonces ouvertes, 1 annonces fermées et 2 achats 
, OPEN, Optional[BOOKS]
]]></system-out>
</testcase>
<testcase name="testsize(User, AdState, Optional)[10]" classname="minebayd1.test.TestUser" time="0">
<system-out><![CDATA[
unique-id: [engine:junit-jupiter]/[class:minebayd1.test.TestUser]/[test-template:testsize(minebayd1.User, minebayd1.AdState, java.util.Optional)]/[test-template-invocation:#10]
display-name: [10] Marc a 55 annonces ouvertes, 1 annonces fermées et 2 achats 
, PURCHASE, Optional[COMPUTERS]
]]></system-out>
</testcase>
<testcase name="testsize(User, AdState, Optional)[11]" classname="minebayd1.test.TestUser" time="0">
<system-out><![CDATA[
unique-id: [engine:junit-jupiter]/[class:minebayd1.test.TestUser]/[test-template:testsize(minebayd1.User, minebayd1.AdState, java.util.Optional)]/[test-template-invocation:#11]
display-name: [11] Mohamed a 45 annonces ouvertes, 2 annonces fermées et 3 achats 
, PURCHASE, Optional[COMPUTERS]
]]></system-out>
</testcase>
<testcase name="testsize(User, AdState, Optional)[12]" classname="minebayd1.test.TestUser" time="0">
<system-out><![CDATA[
unique-id: [engine:junit-jupiter]/[class:minebayd1.test.TestUser]/[test-template:testsize(minebayd1.User, minebayd1.AdState, java.util.Optional)]/[test-template-invocation:#12]
display-name: [12] Rosa a 40 annonces ouvertes, 4 annonces fermées et 2 achats 
, CLOSED, Optional[CLOTHES]
]]></system-out>
</testcase>
<testcase name="testsize(User, AdState, Optional)[13]" classname="minebayd1.test.TestUser" time="0.001">
<system-out><![CDATA[
unique-id: [engine:junit-jupiter]/[class:minebayd1.test.TestUser]/[test-template:testsize(minebayd1.User, minebayd1.AdState, java.util.Optional)]/[test-template-invocation:#13]
display-name: [13] Aliou a 50 annonces ouvertes, 3 annonces fermées et 2 achats 
, CLOSED, Optional[SHOES]
]]></system-out>
</testcase>
<testcase name="testsize(User, AdState, Optional)[14]" classname="minebayd1.test.TestUser" time="0.001">
<system-out><![CDATA[
unique-id: [engine:junit-jupiter]/[class:minebayd1.test.TestUser]/[test-template:testsize(minebayd1.User, minebayd1.AdState, java.util.Optional)]/[test-template-invocation:#14]
display-name: [14] Marcel a 63 annonces ouvertes, 4 annonces fermées et 4 achats 
, PURCHASE, Optional[BOOKS]
]]></system-out>
</testcase>
<testcase name="testsize(User, AdState, Optional)[15]" classname="minebayd1.test.TestUser" time="0">
<system-out><![CDATA[
unique-id: [engine:junit-jupiter]/[class:minebayd1.test.TestUser]/[test-template:testsize(minebayd1.User, minebayd1.AdState, java.util.Optional)]/[test-template-invocation:#15]
display-name: [15] Faycal a 51 annonces ouvertes, 3 annonces fermées et 4 achats 
, OPEN, Optional[BOOKS]
]]></system-out>
</testcase>
<testcase name="testsize(User, AdState, Optional)[16]" classname="minebayd1.test.TestUser" time="0.001">
<system-out><![CDATA[
unique-id: [engine:junit-jupiter]/[class:minebayd1.test.TestUser]/[test-template:testsize(minebayd1.User, minebayd1.AdState, java.util.Optional)]/[test-template-invocation:#16]
display-name: [16] Idir a 58 annonces ouvertes, 5 annonces fermées et 4 achats 
, OPEN, Optional[GAMES]
]]></system-out>
</testcase>
<testcase name="testsize(User, AdState, Optional)[17]" classname="minebayd1.test.TestUser" time="0.001">
<system-out><![CDATA[
unique-id: [engine:junit-jupiter]/[class:minebayd1.test.TestUser]/[test-template:testsize(minebayd1.User, minebayd1.AdState, java.util.Optional)]/[test-template-invocation:#17]
display-name: [17] Ali a 57 annonces ouvertes, 6 annonces fermées et 3 achats 
, CLOSED, Optional[CLOTHES]
]]></system-out>
</testcase>
<testcase name="testsize(User, AdState, Optional)[18]" classname="minebayd1.test.TestUser" time="0.001">
<system-out><![CDATA[
unique-id: [engine:junit-jupiter]/[class:minebayd1.test.TestUser]/[test-template:testsize(minebayd1.User, minebayd1.AdState, java.util.Optional)]/[test-template-invocation:#18]
display-name: [18] Mamadou a 59 annonces ouvertes, 2 annonces fermées et 1 achats 
, OPEN, Optional[GAMES]
]]></system-out>
</testcase>
<testcase name="testsize(User, AdState, Optional)[19]" classname="minebayd1.test.TestUser" time="0">
<system-out><![CDATA[
unique-id: [engine:junit-jupiter]/[class:minebayd1.test.TestUser]/[test-template:testsize(minebayd1.User, minebayd1.AdState, java.util.Optional)]/[test-template-invocation:#19]
display-name: [19] Chanez a 57 annonces ouvertes, 2 annonces fermées et 1 achats 
, PURCHASE, Optional[SHOES]
]]></system-out>
</testcase>
<testcase name="testsize(User, AdState, Optional)[20]" classname="minebayd1.test.TestUser" time="0">
<system-out><![CDATA[
unique-id: [engine:junit-jupiter]/[class:minebayd1.test.TestUser]/[test-template:testsize(minebayd1.User, minebayd1.AdState, java.util.Optional)]/[test-template-invocation:#20]
display-name: [20] Mohamed a 45 annonces ouvertes, 2 annonces fermées et 3 achats 
, PURCHASE, Optional[GAMES]
]]></system-out>
</testcase>
<testcase name="testsize(User, AdState, Optional)[21]" classname="minebayd1.test.TestUser" time="0.001">
<system-out><![CDATA[
unique-id: [engine:junit-jupiter]/[class:minebayd1.test.TestUser]/[test-template:testsize(minebayd1.User, minebayd1.AdState, java.util.Optional)]/[test-template-invocation:#21]
display-name: [21] Mamadou a 59 annonces ouvertes, 2 annonces fermées et 1 achats 
, CLOSED, Optional[BOOKS]
]]></system-out>
</testcase>
<testcase name="testsize(User, AdState, Optional)[22]" classname="minebayd1.test.TestUser" time="0.001">
<system-out><![CDATA[
unique-id: [engine:junit-jupiter]/[class:minebayd1.test.TestUser]/[test-template:testsize(minebayd1.User, minebayd1.AdState, java.util.Optional)]/[test-template-invocation:#22]
display-name: [22] Mamadou a 59 annonces ouvertes, 2 annonces fermées et 1 achats 
, CLOSED, Optional[BOOKS]
]]></system-out>
</testcase>
<testcase name="testsize(User, AdState, Optional)[23]" classname="minebayd1.test.TestUser" time="0.002">
<system-out><![CDATA[
unique-id: [engine:junit-jupiter]/[class:minebayd1.test.TestUser]/[test-template:testsize(minebayd1.User, minebayd1.AdState, java.util.Optional)]/[test-template-invocation:#23]
display-name: [23] Mounir a 59 annonces ouvertes, 2 annonces fermées et 2 achats 
, OPEN, Optional[GAMES]
]]></system-out>
</testcase>
<testcase name="testsize(User, AdState, Optional)[24]" classname="minebayd1.test.TestUser" time="0">
<system-out><![CDATA[
unique-id: [engine:junit-jupiter]/[class:minebayd1.test.TestUser]/[test-template:testsize(minebayd1.User, minebayd1.AdState, java.util.Optional)]/[test-template-invocation:#24]
display-name: [24] Faycal a 51 annonces ouvertes, 3 annonces fermées et 4 achats 
, OPEN, Optional[COMPUTERS]
]]></system-out>
</testcase>
<testcase name="testsize(User, AdState, Optional)[25]" classname="minebayd1.test.TestUser" time="0">
<system-out><![CDATA[
unique-id: [engine:junit-jupiter]/[class:minebayd1.test.TestUser]/[test-template:testsize(minebayd1.User, minebayd1.AdState, java.util.Optional)]/[test-template-invocation:#25]
display-name: [25] Lisa a 45 annonces ouvertes, 4 annonces fermées et 3 achats 
, CLOSED, Optional[CLOTHES]
]]></system-out>
</testcase>
<testcase name="testsize(User, AdState, Optional)[26]" classname="minebayd1.test.TestUser" time="0">
<system-out><![CDATA[
unique-id: [engine:junit-jupiter]/[class:minebayd1.test.TestUser]/[test-template:testsize(minebayd1.User, minebayd1.AdState, java.util.Optional)]/[test-template-invocation:#26]
display-name: [26] Idir a 58 annonces ouvertes, 5 annonces fermées et 4 achats 
, CLOSED, Optional[SHOES]
]]></system-out>
</testcase>
<testcase name="testsize(User, AdState, Optional)[27]" classname="minebayd1.test.TestUser" time="0.002">
<system-out><![CDATA[
unique-id: [engine:junit-jupiter]/[class:minebayd1.test.TestUser]/[test-template:testsize(minebayd1.User, minebayd1.AdState, java.util.Optional)]/[test-template-invocation:#27]
display-name: [27] Sheraz a 49 annonces ouvertes, 3 annonces fermées et 6 achats 
, CLOSED, Optional[GAMES]
]]></system-out>
</testcase>
<testcase name="testsize(User, AdState, Optional)[28]" classname="minebayd1.test.TestUser" time="0">
<system-out><![CDATA[
unique-id: [engine:junit-jupiter]/[class:minebayd1.test.TestUser]/[test-template:testsize(minebayd1.User, minebayd1.AdState, java.util.Optional)]/[test-template-invocation:#28]
display-name: [28] Adam a 49 annonces ouvertes, 3 annonces fermées et 3 achats 
, PURCHASE, Optional[CLOTHES]
]]></system-out>
</testcase>
<testcase name="testsize(User, AdState, Optional)[29]" classname="minebayd1.test.TestUser" time="0.001">
<system-out><![CDATA[
unique-id: [engine:junit-jupiter]/[class:minebayd1.test.TestUser]/[test-template:testsize(minebayd1.User, minebayd1.AdState, java.util.Optional)]/[test-template-invocation:#29]
display-name: [29] Marcel a 63 annonces ouvertes, 4 annonces fermées et 4 achats 
, CLOSED, Optional[GAMES]
]]></system-out>
</testcase>
<testcase name="testsize(User, AdState, Optional)[30]" classname="minebayd1.test.TestUser" time="0">
<system-out><![CDATA[
unique-id: [engine:junit-jupiter]/[class:minebayd1.test.TestUser]/[test-template:testsize(minebayd1.User, minebayd1.AdState, java.util.Optional)]/[test-template-invocation:#30]
display-name: [30] Ali a 57 annonces ouvertes, 6 annonces fermées et 3 achats 
, CLOSED, Optional[COMPUTERS]
]]></system-out>
</testcase>
<testcase name="testsize(User, AdState, Optional)[31]" classname="minebayd1.test.TestUser" time="0">
<system-out><![CDATA[
unique-id: [engine:junit-jupiter]/[class:minebayd1.test.TestUser]/[test-template:testsize(minebayd1.User, minebayd1.AdState, java.util.Optional)]/[test-template-invocation:#31]
display-name: [31] Boris a 63 annonces ouvertes, 2 annonces fermées et 3 achats 
, PURCHASE, Optional[BOOKS]
]]></system-out>
</testcase>
<testcase name="testsize(User, AdState, Optional)[32]" classname="minebayd1.test.TestUser" time="0">
<system-out><![CDATA[
unique-id: [engine:junit-jupiter]/[class:minebayd1.test.TestUser]/[test-template:testsize(minebayd1.User, minebayd1.AdState, java.util.Optional)]/[test-template-invocation:#32]
display-name: [32] Ayman a 53 annonces ouvertes, 4 annonces fermées et 4 achats 
, OPEN, Optional[COMPUTERS]
]]></system-out>
</testcase>
<testcase name="testsize(User, AdState, Optional)[33]" classname="minebayd1.test.TestUser" time="0">
<system-out><![CDATA[
unique-id: [engine:junit-jupiter]/[class:minebayd1.test.TestUser]/[test-template:testsize(minebayd1.User, minebayd1.AdState, java.util.Optional)]/[test-template-invocation:#33]
display-name: [33] Ziad a 48 annonces ouvertes, 4 annonces fermées et 2 achats 
, CLOSED, Optional[CLOTHES]
]]></system-out>
</testcase>
<testcase name="testsize(User, AdState, Optional)[34]" classname="minebayd1.test.TestUser" time="0">
<system-out><![CDATA[
unique-id: [engine:junit-jupiter]/[class:minebayd1.test.TestUser]/[test-template:testsize(minebayd1.User, minebayd1.AdState, java.util.Optional)]/[test-template-invocation:#34]
display-name: [34] Ayman a 53 annonces ouvertes, 4 annonces fermées et 4 achats 
, PURCHASE, Optional[GAMES]
]]></system-out>
</testcase>
<testcase name="testsize(User, AdState, Optional)[35]" classname="minebayd1.test.TestUser" time="0">
<system-out><![CDATA[
unique-id: [engine:junit-jupiter]/[class:minebayd1.test.TestUser]/[test-template:testsize(minebayd1.User, minebayd1.AdState, java.util.Optional)]/[test-template-invocation:#35]
display-name: [35] Chanez a 57 annonces ouvertes, 2 annonces fermées et 1 achats 
, PURCHASE, Optional[SHOES]
]]></system-out>
</testcase>
<testcase name="testsize(User, AdState, Optional)[36]" classname="minebayd1.test.TestUser" time="0">
<system-out><![CDATA[
unique-id: [engine:junit-jupiter]/[class:minebayd1.test.TestUser]/[test-template:testsize(minebayd1.User, minebayd1.AdState, java.util.Optional)]/[test-template-invocation:#36]
display-name: [36] Sonia a 47 annonces ouvertes, 2 annonces fermées et 2 achats 
, CLOSED, Optional[COMPUTERS]
]]></system-out>
</testcase>
<testcase name="testsize(User, AdState, Optional)[37]" classname="minebayd1.test.TestUser" time="0">
<system-out><![CDATA[
unique-id: [engine:junit-jupiter]/[class:minebayd1.test.TestUser]/[test-template:testsize(minebayd1.User, minebayd1.AdState, java.util.Optional)]/[test-template-invocation:#37]
display-name: [37] Ziad a 48 annonces ouvertes, 4 annonces fermées et 2 achats 
, CLOSED, Optional[COMPUTERS]
]]></system-out>
</testcase>
<testcase name="testsize(User, AdState, Optional)[38]" classname="minebayd1.test.TestUser" time="0">
<system-out><![CDATA[
unique-id: [engine:junit-jupiter]/[class:minebayd1.test.TestUser]/[test-template:testsize(minebayd1.User, minebayd1.AdState, java.util.Optional)]/[test-template-invocation:#38]
display-name: [38] Zahra a 42 annonces ouvertes, 0 annonces fermées et 2 achats 
, CLOSED, Optional[BOOKS]
]]></system-out>
</testcase>
<testcase name="testsize(User, AdState, Optional)[39]" classname="minebayd1.test.TestUser" time="0">
<system-out><![CDATA[
unique-id: [engine:junit-jupiter]/[class:minebayd1.test.TestUser]/[test-template:testsize(minebayd1.User, minebayd1.AdState, java.util.Optional)]/[test-template-invocation:#39]
display-name: [39] Imam a 45 annonces ouvertes, 5 annonces fermées et 3 achats 
, CLOSED, Optional[BOOKS]
]]></system-out>
</testcase>
<testcase name="testsize(User, AdState, Optional)[40]" classname="minebayd1.test.TestUser" time="0">
<system-out><![CDATA[
unique-id: [engine:junit-jupiter]/[class:minebayd1.test.TestUser]/[test-template:testsize(minebayd1.User, minebayd1.AdState, java.util.Optional)]/[test-template-invocation:#40]
display-name: [40] Aliou a 50 annonces ouvertes, 3 annonces fermées et 2 achats 
, PURCHASE, Optional[SHOES]
]]></system-out>
</testcase>
<testcase name="testsize(User, AdState, Optional)[41]" classname="minebayd1.test.TestUser" time="0">
<system-out><![CDATA[
unique-id: [engine:junit-jupiter]/[class:minebayd1.test.TestUser]/[test-template:testsize(minebayd1.User, minebayd1.AdState, java.util.Optional)]/[test-template-invocation:#41]
display-name: [41] Marcel a 63 annonces ouvertes, 4 annonces fermées et 4 achats 
, PURCHASE, Optional[CLOTHES]
]]></system-out>
</testcase>
<testcase name="testsize(User, AdState, Optional)[42]" classname="minebayd1.test.TestUser" time="0">
<system-out><![CDATA[
unique-id: [engine:junit-jupiter]/[class:minebayd1.test.TestUser]/[test-template:testsize(minebayd1.User, minebayd1.AdState, java.util.Optional)]/[test-template-invocation:#42]
display-name: [42] Ismael a 59 annonces ouvertes, 1 annonces fermées et 3 achats 
, OPEN, Optional[COMPUTERS]
]]></system-out>
</testcase>
<testcase name="testsize(User, AdState, Optional)[43]" classname="minebayd1.test.TestUser" time="0">
<system-out><![CDATA[
unique-id: [engine:junit-jupiter]/[class:minebayd1.test.TestUser]/[test-template:testsize(minebayd1.User, minebayd1.AdState, java.util.Optional)]/[test-template-invocation:#43]
display-name: [43] Pierre a 41 annonces ouvertes, 5 annonces fermées et 2 achats 
, OPEN, Optional[BOOKS]
]]></system-out>
</testcase>
<testcase name="testsize(User, AdState, Optional)[44]" classname="minebayd1.test.TestUser" time="0">
<system-out><![CDATA[
unique-id: [engine:junit-jupiter]/[class:minebayd1.test.TestUser]/[test-template:testsize(minebayd1.User, minebayd1.AdState, java.util.Optional)]/[test-template-invocation:#44]
display-name: [44] Lisa a 45 annonces ouvertes, 4 annonces fermées et 3 achats 
, OPEN, Optional[BOOKS]
]]></system-out>
</testcase>
<testcase name="testsize(User, AdState, Optional)[45]" classname="minebayd1.test.TestUser" time="0">
<system-out><![CDATA[
unique-id: [engine:junit-jupiter]/[class:minebayd1.test.TestUser]/[test-template:testsize(minebayd1.User, minebayd1.AdState, java.util.Optional)]/[test-template-invocation:#45]
display-name: [45] Issa a 70 annonces ouvertes, 3 annonces fermées et 3 achats 
, PURCHASE, Optional[COMPUTERS]
]]></system-out>
</testcase>
<testcase name="testsize(User, AdState, Optional)[46]" classname="minebayd1.test.TestUser" time="0">
<system-out><![CDATA[
unique-id: [engine:junit-jupiter]/[class:minebayd1.test.TestUser]/[test-template:testsize(minebayd1.User, minebayd1.AdState, java.util.Optional)]/[test-template-invocation:#46]
display-name: [46] Ismael a 59 annonces ouvertes, 1 annonces fermées et 3 achats 
, OPEN, Optional[GAMES]
]]></system-out>
</testcase>
<testcase name="testsize(User, AdState, Optional)[47]" classname="minebayd1.test.TestUser" time="0">
<system-out><![CDATA[
unique-id: [engine:junit-jupiter]/[class:minebayd1.test.TestUser]/[test-template:testsize(minebayd1.User, minebayd1.AdState, java.util.Optional)]/[test-template-invocation:#47]
display-name: [47] Issa a 70 annonces ouvertes, 3 annonces fermées et 3 achats 
, CLOSED, Optional[GAMES]
]]></system-out>
</testcase>
<testcase name="testsize(User, AdState, Optional)[48]" classname="minebayd1.test.TestUser" time="0">
<system-out><![CDATA[
unique-id: [engine:junit-jupiter]/[class:minebayd1.test.TestUser]/[test-template:testsize(minebayd1.User, minebayd1.AdState, java.util.Optional)]/[test-template-invocation:#48]
display-name: [48] Mohamed a 45 annonces ouvertes, 2 annonces fermées et 3 achats 
, PURCHASE, Optional[GAMES]
]]></system-out>
</testcase>
<testcase name="testsize(User, AdState, Optional)[49]" classname="minebayd1.test.TestUser" time="0">
<system-out><![CDATA[
unique-id: [engine:junit-jupiter]/[class:minebayd1.test.TestUser]/[test-template:testsize(minebayd1.User, minebayd1.AdState, java.util.Optional)]/[test-template-invocation:#49]
display-name: [49] Adam a 49 annonces ouvertes, 3 annonces fermées et 3 achats 
, CLOSED, Optional[BOOKS]
]]></system-out>
</testcase>
<testcase name="testsize(User, AdState, Optional)[50]" classname="minebayd1.test.TestUser" time="0">
<system-out><![CDATA[
unique-id: [engine:junit-jupiter]/[class:minebayd1.test.TestUser]/[test-template:testsize(minebayd1.User, minebayd1.AdState, java.util.Optional)]/[test-template-invocation:#50]
display-name: [50] Faycal a 51 annonces ouvertes, 3 annonces fermées et 4 achats 
, OPEN, Optional[BOOKS]
]]></system-out>
</testcase>
<testcase name="testsize(User, AdState, Optional)[51]" classname="minebayd1.test.TestUser" time="0">
<system-out><![CDATA[
unique-id: [engine:junit-jupiter]/[class:minebayd1.test.TestUser]/[test-template:testsize(minebayd1.User, minebayd1.AdState, java.util.Optional)]/[test-template-invocation:#51]
display-name: [51] Ayman a 53 annonces ouvertes, 4 annonces fermées et 4 achats 
, PURCHASE, Optional[SHOES]
]]></system-out>
</testcase>
<testcase name="testsize(User, AdState, Optional)[52]" classname="minebayd1.test.TestUser" time="0">
<system-out><![CDATA[
unique-id: [engine:junit-jupiter]/[class:minebayd1.test.TestUser]/[test-template:testsize(minebayd1.User, minebayd1.AdState, java.util.Optional)]/[test-template-invocation:#52]
display-name: [52] Pierre a 41 annonces ouvertes, 5 annonces fermées et 2 achats 
, PURCHASE, Optional[CLOTHES]
]]></system-out>
</testcase>
<testcase name="testsize(User, AdState, Optional)[53]" classname="minebayd1.test.TestUser" time="0.001">
<system-out><![CDATA[
unique-id: [engine:junit-jupiter]/[class:minebayd1.test.TestUser]/[test-template:testsize(minebayd1.User, minebayd1.AdState, java.util.Optional)]/[test-template-invocation:#53]
display-name: [53] Aliou a 50 annonces ouvertes, 3 annonces fermées et 2 achats 
, CLOSED, Optional[COMPUTERS]
]]></system-out>
</testcase>
<testcase name="testsize(User, AdState, Optional)[54]" classname="minebayd1.test.TestUser" time="0">
<system-out><![CDATA[
unique-id: [engine:junit-jupiter]/[class:minebayd1.test.TestUser]/[test-template:testsize(minebayd1.User, minebayd1.AdState, java.util.Optional)]/[test-template-invocation:#54]
display-name: [54] Rosa a 40 annonces ouvertes, 4 annonces fermées et 2 achats 
, OPEN, Optional[GAMES]
]]></system-out>
</testcase>
<testcase name="testsize(User, AdState, Optional)[55]" classname="minebayd1.test.TestUser" time="0.001">
<system-out><![CDATA[
unique-id: [engine:junit-jupiter]/[class:minebayd1.test.TestUser]/[test-template:testsize(minebayd1.User, minebayd1.AdState, java.util.Optional)]/[test-template-invocation:#55]
display-name: [55] Ziad a 48 annonces ouvertes, 4 annonces fermées et 2 achats 
, OPEN, Optional[SHOES]
]]></system-out>
</testcase>
<testcase name="testsize(User, AdState, Optional)[56]" classname="minebayd1.test.TestUser" time="0.001">
<system-out><![CDATA[
unique-id: [engine:junit-jupiter]/[class:minebayd1.test.TestUser]/[test-template:testsize(minebayd1.User, minebayd1.AdState, java.util.Optional)]/[test-template-invocation:#56]
display-name: [56] Ziad a 48 annonces ouvertes, 4 annonces fermées et 2 achats 
, OPEN, Optional[COMPUTERS]
]]></system-out>
</testcase>
<testcase name="testsize(User, AdState, Optional)[57]" classname="minebayd1.test.TestUser" time="0.001">
<system-out><![CDATA[
unique-id: [engine:junit-jupiter]/[class:minebayd1.test.TestUser]/[test-template:testsize(minebayd1.User, minebayd1.AdState, java.util.Optional)]/[test-template-invocation:#57]
display-name: [57] Boris a 63 annonces ouvertes, 2 annonces fermées et 3 achats 
, OPEN, Optional[CLOTHES]
]]></system-out>
</testcase>
<testcase name="testsize(User, AdState, Optional)[58]" classname="minebayd1.test.TestUser" time="0">
<system-out><![CDATA[
unique-id: [engine:junit-jupiter]/[class:minebayd1.test.TestUser]/[test-template:testsize(minebayd1.User, minebayd1.AdState, java.util.Optional)]/[test-template-invocation:#58]
display-name: [58] Ayman a 53 annonces ouvertes, 4 annonces fermées et 4 achats 
, PURCHASE, Optional[GAMES]
]]></system-out>
</testcase>
<testcase name="testsize(User, AdState, Optional)[59]" classname="minebayd1.test.TestUser" time="0">
<system-out><![CDATA[
unique-id: [engine:junit-jupiter]/[class:minebayd1.test.TestUser]/[test-template:testsize(minebayd1.User, minebayd1.AdState, java.util.Optional)]/[test-template-invocation:#59]
display-name: [59] Ayman a 53 annonces ouvertes, 4 annonces fermées et 4 achats 
, CLOSED, Optional[SHOES]
]]></system-out>
</testcase>
<testcase name="testsize(User, AdState, Optional)[60]" classname="minebayd1.test.TestUser" time="0">
<system-out><![CDATA[
unique-id: [engine:junit-jupiter]/[class:minebayd1.test.TestUser]/[test-template:testsize(minebayd1.User, minebayd1.AdState, java.util.Optional)]/[test-template-invocation:#60]
display-name: [60] Marc a 55 annonces ouvertes, 1 annonces fermées et 2 achats 
, OPEN, Optional[CLOTHES]
]]></system-out>
</testcase>
<testcase name="testsize(User, AdState, Optional)[61]" classname="minebayd1.test.TestUser" time="0">
<system-out><![CDATA[
unique-id: [engine:junit-jupiter]/[class:minebayd1.test.TestUser]/[test-template:testsize(minebayd1.User, minebayd1.AdState, java.util.Optional)]/[test-template-invocation:#61]
display-name: [61] Lisa a 45 annonces ouvertes, 4 annonces fermées et 3 achats 
, OPEN, Optional[SHOES]
]]></system-out>
</testcase>
<testcase name="testsize(User, AdState, Optional)[62]" classname="minebayd1.test.TestUser" time="0">
<system-out><![CDATA[
unique-id: [engine:junit-jupiter]/[class:minebayd1.test.TestUser]/[test-template:testsize(minebayd1.User, minebayd1.AdState, java.util.Optional)]/[test-template-invocation:#62]
display-name: [62] Lyes a 65 annonces ouvertes, 1 annonces fermées et 3 achats 
, OPEN, Optional[CLOTHES]
]]></system-out>
</testcase>
<testcase name="testsize(User, AdState, Optional)[63]" classname="minebayd1.test.TestUser" time="0">
<system-out><![CDATA[
unique-id: [engine:junit-jupiter]/[class:minebayd1.test.TestUser]/[test-template:testsize(minebayd1.User, minebayd1.AdState, java.util.Optional)]/[test-template-invocation:#63]
display-name: [63] Yanis a 61 annonces ouvertes, 4 annonces fermées et 3 achats 
, OPEN, Optional[SHOES]
]]></system-out>
</testcase>
<testcase name="testsize(User, AdState, Optional)[64]" classname="minebayd1.test.TestUser" time="0">
<system-out><![CDATA[
unique-id: [engine:junit-jupiter]/[class:minebayd1.test.TestUser]/[test-template:testsize(minebayd1.User, minebayd1.AdState, java.util.Optional)]/[test-template-invocation:#64]
display-name: [64] Sheraz a 49 annonces ouvertes, 3 annonces fermées et 6 achats 
, PURCHASE, Optional[BOOKS]
]]></system-out>
</testcase>
<testcase name="testsize(User, AdState, Optional)[65]" classname="minebayd1.test.TestUser" time="0">
<system-out><![CDATA[
unique-id: [engine:junit-jupiter]/[class:minebayd1.test.TestUser]/[test-template:testsize(minebayd1.User, minebayd1.AdState, java.util.Optional)]/[test-template-invocation:#65]
display-name: [65] Ziad a 48 annonces ouvertes, 4 annonces fermées et 2 achats 
, CLOSED, Optional[GAMES]
]]></system-out>
</testcase>
<testcase name="testsize(User, AdState, Optional)[66]" classname="minebayd1.test.TestUser" time="0">
<system-out><![CDATA[
unique-id: [engine:junit-jupiter]/[class:minebayd1.test.TestUser]/[test-template:testsize(minebayd1.User, minebayd1.AdState, java.util.Optional)]/[test-template-invocation:#66]
display-name: [66] Lamia a 77 annonces ouvertes, 1 annonces fermées et 2 achats 
, CLOSED, Optional[BOOKS]
]]></system-out>
</testcase>
<testcase name="testsize(User, AdState, Optional)[67]" classname="minebayd1.test.TestUser" time="0">
<system-out><![CDATA[
unique-id: [engine:junit-jupiter]/[class:minebayd1.test.TestUser]/[test-template:testsize(minebayd1.User, minebayd1.AdState, java.util.Optional)]/[test-template-invocation:#67]
display-name: [67] Idir a 58 annonces ouvertes, 5 annonces fermées et 4 achats 
, OPEN, Optional[CLOTHES]
]]></system-out>
</testcase>
<testcase name="testsize(User, AdState, Optional)[68]" classname="minebayd1.test.TestUser" time="0">
<system-out><![CDATA[
unique-id: [engine:junit-jupiter]/[class:minebayd1.test.TestUser]/[test-template:testsize(minebayd1.User, minebayd1.AdState, java.util.Optional)]/[test-template-invocation:#68]
display-name: [68] Zahra a 42 annonces ouvertes, 0 annonces fermées et 2 achats 
, CLOSED, Optional[GAMES]
]]></system-out>
</testcase>
<testcase name="testsize(User, AdState, Optional)[69]" classname="minebayd1.test.TestUser" time="0">
<system-out><![CDATA[
unique-id: [engine:junit-jupiter]/[class:minebayd1.test.TestUser]/[test-template:testsize(minebayd1.User, minebayd1.AdState, java.util.Optional)]/[test-template-invocation:#69]
display-name: [69] Naila a 60 annonces ouvertes, 3 annonces fermées et 4 achats 
, CLOSED, Optional[COMPUTERS]
]]></system-out>
</testcase>
<testcase name="testsize(User, AdState, Optional)[70]" classname="minebayd1.test.TestUser" time="0.001">
<system-out><![CDATA[
unique-id: [engine:junit-jupiter]/[class:minebayd1.test.TestUser]/[test-template:testsize(minebayd1.User, minebayd1.AdState, java.util.Optional)]/[test-template-invocation:#70]
display-name: [70] Nima a 50 annonces ouvertes, 1 annonces fermées et 4 achats 
, CLOSED, Optional[CLOTHES]
]]></system-out>
</testcase>
<testcase name="testsize(User, AdState, Optional)[71]" classname="minebayd1.test.TestUser" time="0.002">
<system-out><![CDATA[
unique-id: [engine:junit-jupiter]/[class:minebayd1.test.TestUser]/[test-template:testsize(minebayd1.User, minebayd1.AdState, java.util.Optional)]/[test-template-invocation:#71]
display-name: [71] Idir a 58 annonces ouvertes, 5 annonces fermées et 4 achats 
, OPEN, Optional[COMPUTERS]
]]></system-out>
</testcase>
<testcase name="testsize(User, AdState, Optional)[72]" classname="minebayd1.test.TestUser" time="0">
<system-out><![CDATA[
unique-id: [engine:junit-jupiter]/[class:minebayd1.test.TestUser]/[test-template:testsize(minebayd1.User, minebayd1.AdState, java.util.Optional)]/[test-template-invocation:#72]
display-name: [72] Faycal a 51 annonces ouvertes, 3 annonces fermées et 4 achats 
, OPEN, Optional[SHOES]
]]></system-out>
</testcase>
<testcase name="testsize(User, AdState, Optional)[73]" classname="minebayd1.test.TestUser" time="0">
<system-out><![CDATA[
unique-id: [engine:junit-jupiter]/[class:minebayd1.test.TestUser]/[test-template:testsize(minebayd1.User, minebayd1.AdState, java.util.Optional)]/[test-template-invocation:#73]
display-name: [73] Imam a 45 annonces ouvertes, 5 annonces fermées et 3 achats 
, OPEN, Optional[COMPUTERS]
]]></system-out>
</testcase>
<testcase name="testsize(User, AdState, Optional)[74]" classname="minebayd1.test.TestUser" time="0.002">
<system-out><![CDATA[
unique-id: [engine:junit-jupiter]/[class:minebayd1.test.TestUser]/[test-template:testsize(minebayd1.User, minebayd1.AdState, java.util.Optional)]/[test-template-invocation:#74]
display-name: [74] Idir a 58 annonces ouvertes, 5 annonces fermées et 4 achats 
, PURCHASE, Optional[COMPUTERS]
]]></system-out>
</testcase>
<testcase name="testsize(User, AdState, Optional)[75]" classname="minebayd1.test.TestUser" time="0">
<system-out><![CDATA[
unique-id: [engine:junit-jupiter]/[class:minebayd1.test.TestUser]/[test-template:testsize(minebayd1.User, minebayd1.AdState, java.util.Optional)]/[test-template-invocation:#75]
display-name: [75] Faycal a 51 annonces ouvertes, 3 annonces fermées et 4 achats 
, OPEN, Optional[BOOKS]
]]></system-out>
</testcase>
<testcase name="testsize(User, AdState, Optional)[76]" classname="minebayd1.test.TestUser" time="0.001">
<system-out><![CDATA[
unique-id: [engine:junit-jupiter]/[class:minebayd1.test.TestUser]/[test-template:testsize(minebayd1.User, minebayd1.AdState, java.util.Optional)]/[test-template-invocation:#76]
display-name: [76] Idir a 58 annonces ouvertes, 5 annonces fermées et 4 achats 
, OPEN, Optional[CLOTHES]
]]></system-out>
</testcase>
<testcase name="testsize(User, AdState, Optional)[77]" classname="minebayd1.test.TestUser" time="0">
<system-out><![CDATA[
unique-id: [engine:junit-jupiter]/[class:minebayd1.test.TestUser]/[test-template:testsize(minebayd1.User, minebayd1.AdState, java.util.Optional)]/[test-template-invocation:#77]
display-name: [77] Marc a 55 annonces ouvertes, 1 annonces fermées et 2 achats 
, PURCHASE, Optional[SHOES]
]]></system-out>
</testcase>
<testcase name="testsize(User, AdState, Optional)[78]" classname="minebayd1.test.TestUser" time="0">
<system-out><![CDATA[
unique-id: [engine:junit-jupiter]/[class:minebayd1.test.TestUser]/[test-template:testsize(minebayd1.User, minebayd1.AdState, java.util.Optional)]/[test-template-invocation:#78]
display-name: [78] Lyes a 65 annonces ouvertes, 1 annonces fermées et 3 achats 
, PURCHASE, Optional[GAMES]
]]></system-out>
</testcase>
<testcase name="testsize(User, AdState, Optional)[79]" classname="minebayd1.test.TestUser" time="0.001">
<system-out><![CDATA[
unique-id: [engine:junit-jupiter]/[class:minebayd1.test.TestUser]/[test-template:testsize(minebayd1.User, minebayd1.AdState, java.util.Optional)]/[test-template-invocation:#79]
display-name: [79] Adam a 49 annonces ouvertes, 3 annonces fermées et 3 achats 
, PURCHASE, Optional[COMPUTERS]
]]></system-out>
</testcase>
<testcase name="testsize(User, AdState, Optional)[80]" classname="minebayd1.test.TestUser" time="0.001">
<system-out><![CDATA[
unique-id: [engine:junit-jupiter]/[class:minebayd1.test.TestUser]/[test-template:testsize(minebayd1.User, minebayd1.AdState, java.util.Optional)]/[test-template-invocation:#80]
display-name: [80] Issa a 70 annonces ouvertes, 3 annonces fermées et 3 achats 
, OPEN, Optional[BOOKS]
]]></system-out>
</testcase>
<testcase name="testsize(User, AdState, Optional)[81]" classname="minebayd1.test.TestUser" time="0.001">
<system-out><![CDATA[
unique-id: [engine:junit-jupiter]/[class:minebayd1.test.TestUser]/[test-template:testsize(minebayd1.User, minebayd1.AdState, java.util.Optional)]/[test-template-invocation:#81]
display-name: [81] Mounir a 59 annonces ouvertes, 2 annonces fermées et 2 achats 
, OPEN, Optional[BOOKS]
]]></system-out>
</testcase>
<testcase name="testsize(User, AdState, Optional)[82]" classname="minebayd1.test.TestUser" time="0">
<system-out><![CDATA[
unique-id: [engine:junit-jupiter]/[class:minebayd1.test.TestUser]/[test-template:testsize(minebayd1.User, minebayd1.AdState, java.util.Optional)]/[test-template-invocation:#82]
display-name: [82] Lisa a 45 annonces ouvertes, 4 annonces fermées et 3 achats 
, PURCHASE, Optional[COMPUTERS]
]]></system-out>
</testcase>
<testcase name="testsize(User, AdState, Optional)[83]" classname="minebayd1.test.TestUser" time="0.001">
<system-out><![CDATA[
unique-id: [engine:junit-jupiter]/[class:minebayd1.test.TestUser]/[test-template:testsize(minebayd1.User, minebayd1.AdState, java.util.Optional)]/[test-template-invocation:#83]
display-name: [83] Sheraz a 49 annonces ouvertes, 3 annonces fermées et 6 achats 
, PURCHASE, Optional[BOOKS]
]]></system-out>
</testcase>
<testcase name="testsize(User, AdState, Optional)[84]" classname="minebayd1.test.TestUser" time="0">
<system-out><![CDATA[
unique-id: [engine:junit-jupiter]/[class:minebayd1.test.TestUser]/[test-template:testsize(minebayd1.User, minebayd1.AdState, java.util.Optional)]/[test-template-invocation:#84]
display-name: [84] Lisa a 45 annonces ouvertes, 4 annonces fermées et 3 achats 
, PURCHASE, Optional[CLOTHES]
]]></system-out>
</testcase>
<testcase name="testsize(User, AdState, Optional)[85]" classname="minebayd1.test.TestUser" time="0.001">
<system-out><![CDATA[
unique-id: [engine:junit-jupiter]/[class:minebayd1.test.TestUser]/[test-template:testsize(minebayd1.User, minebayd1.AdState, java.util.Optional)]/[test-template-invocation:#85]
display-name: [85] Ismael a 59 annonces ouvertes, 1 annonces fermées et 3 achats 
, OPEN, Optional[CLOTHES]
]]></system-out>
</testcase>
<testcase name="testsize(User, AdState, Optional)[86]" classname="minebayd1.test.TestUser" time="0">
<system-out><![CDATA[
unique-id: [engine:junit-jupiter]/[class:minebayd1.test.TestUser]/[test-template:testsize(minebayd1.User, minebayd1.AdState, java.util.Optional)]/[test-template-invocation:#86]
display-name: [86] Yanis a 61 annonces ouvertes, 4 annonces fermées et 3 achats 
, OPEN, Optional[GAMES]
]]></system-out>
</testcase>
<testcase name="testsize(User, AdState, Optional)[87]" classname="minebayd1.test.TestUser" time="0.001">
<system-out><![CDATA[
unique-id: [engine:junit-jupiter]/[class:minebayd1.test.TestUser]/[test-template:testsize(minebayd1.User, minebayd1.AdState, java.util.Optional)]/[test-template-invocation:#87]
display-name: [87] Ali a 57 annonces ouvertes, 6 annonces fermées et 3 achats 
, OPEN, Optional[BOOKS]
]]></system-out>
</testcase>
<testcase name="testsize(User, AdState, Optional)[88]" classname="minebayd1.test.TestUser" time="0.001">
<system-out><![CDATA[
unique-id: [engine:junit-jupiter]/[class:minebayd1.test.TestUser]/[test-template:testsize(minebayd1.User, minebayd1.AdState, java.util.Optional)]/[test-template-invocation:#88]
display-name: [88] Adam a 49 annonces ouvertes, 3 annonces fermées et 3 achats 
, PURCHASE, Optional[GAMES]
]]></system-out>
</testcase>
<testcase name="testsize(User, AdState, Optional)[89]" classname="minebayd1.test.TestUser" time="0.001">
<system-out><![CDATA[
unique-id: [engine:junit-jupiter]/[class:minebayd1.test.TestUser]/[test-template:testsize(minebayd1.User, minebayd1.AdState, java.util.Optional)]/[test-template-invocation:#89]
display-name: [89] Mounir a 59 annonces ouvertes, 2 annonces fermées et 2 achats 
, PURCHASE, Optional[BOOKS]
]]></system-out>
</testcase>
<testcase name="testsize(User, AdState, Optional)[90]" classname="minebayd1.test.TestUser" time="0">
<system-out><![CDATA[
unique-id: [engine:junit-jupiter]/[class:minebayd1.test.TestUser]/[test-template:testsize(minebayd1.User, minebayd1.AdState, java.util.Optional)]/[test-template-invocation:#90]
display-name: [90] Sonia a 47 annonces ouvertes, 2 annonces fermées et 2 achats 
, CLOSED, Optional[SHOES]
]]></system-out>
</testcase>
<testcase name="testsize(User, AdState, Optional)[91]" classname="minebayd1.test.TestUser" time="0.001">
<system-out><![CDATA[
unique-id: [engine:junit-jupiter]/[class:minebayd1.test.TestUser]/[test-template:testsize(minebayd1.User, minebayd1.AdState, java.util.Optional)]/[test-template-invocation:#91]
display-name: [91] Lamia a 77 annonces ouvertes, 1 annonces fermées et 2 achats 
, PURCHASE, Optional[CLOTHES]
]]></system-out>
</testcase>
<testcase name="testsize(User, AdState, Optional)[92]" classname="minebayd1.test.TestUser" time="0">
<system-out><![CDATA[
unique-id: [engine:junit-jupiter]/[class:minebayd1.test.TestUser]/[test-template:testsize(minebayd1.User, minebayd1.AdState, java.util.Optional)]/[test-template-invocation:#92]
display-name: [92] Zahra a 42 annonces ouvertes, 0 annonces fermées et 2 achats 
, CLOSED, Optional[SHOES]
]]></system-out>
</testcase>
<testcase name="testsize(User, AdState, Optional)[93]" classname="minebayd1.test.TestUser" time="0">
<system-out><![CDATA[
unique-id: [engine:junit-jupiter]/[class:minebayd1.test.TestUser]/[test-template:testsize(minebayd1.User, minebayd1.AdState, java.util.Optional)]/[test-template-invocation:#93]
display-name: [93] Faycal a 51 annonces ouvertes, 3 annonces fermées et 4 achats 
, PURCHASE, Optional[CLOTHES]
]]></system-out>
</testcase>
<testcase name="testsize(User, AdState, Optional)[94]" classname="minebayd1.test.TestUser" time="0.001">
<system-out><![CDATA[
unique-id: [engine:junit-jupiter]/[class:minebayd1.test.TestUser]/[test-template:testsize(minebayd1.User, minebayd1.AdState, java.util.Optional)]/[test-template-invocation:#94]
display-name: [94] Ayman a 53 annonces ouvertes, 4 annonces fermées et 4 achats 
, PURCHASE, Optional[GAMES]
]]></system-out>
</testcase>
<testcase name="testsize(User, AdState, Optional)[95]" classname="minebayd1.test.TestUser" time="0.001">
<system-out><![CDATA[
unique-id: [engine:junit-jupiter]/[class:minebayd1.test.TestUser]/[test-template:testsize(minebayd1.User, minebayd1.AdState, java.util.Optional)]/[test-template-invocation:#95]
display-name: [95] Lyes a 65 annonces ouvertes, 1 annonces fermées et 3 achats 
, OPEN, Optional[BOOKS]
]]></system-out>
</testcase>
<testcase name="testsize(User, AdState, Optional)[96]" classname="minebayd1.test.TestUser" time="0">
<system-out><![CDATA[
unique-id: [engine:junit-jupiter]/[class:minebayd1.test.TestUser]/[test-template:testsize(minebayd1.User, minebayd1.AdState, java.util.Optional)]/[test-template-invocation:#96]
display-name: [96] Marc a 55 annonces ouvertes, 1 annonces fermées et 2 achats 
, PURCHASE, Optional[SHOES]
]]></system-out>
</testcase>
<testcase name="testsize(User, AdState, Optional)[97]" classname="minebayd1.test.TestUser" time="0">
<system-out><![CDATA[
unique-id: [engine:junit-jupiter]/[class:minebayd1.test.TestUser]/[test-template:testsize(minebayd1.User, minebayd1.AdState, java.util.Optional)]/[test-template-invocation:#97]
display-name: [97] Mamadou a 59 annonces ouvertes, 2 annonces fermées et 1 achats 
, CLOSED, Optional[GAMES]
]]></system-out>
</testcase>
<testcase name="testsize(User, AdState, Optional)[98]" classname="minebayd1.test.TestUser" time="0">
<system-out><![CDATA[
unique-id: [engine:junit-jupiter]/[class:minebayd1.test.TestUser]/[test-template:testsize(minebayd1.User, minebayd1.AdState, java.util.Optional)]/[test-template-invocation:#98]
display-name: [98] Nima a 50 annonces ouvertes, 1 annonces fermées et 4 achats 
, PURCHASE, Optional[BOOKS]
]]></system-out>
</testcase>
<testcase name="testsize(User, AdState, Optional)[99]" classname="minebayd1.test.TestUser" time="0">
<system-out><![CDATA[
unique-id: [engine:junit-jupiter]/[class:minebayd1.test.TestUser]/[test-template:testsize(minebayd1.User, minebayd1.AdState, java.util.Optional)]/[test-template-invocation:#99]
display-name: [99] Adam a 49 annonces ouvertes, 3 annonces fermées et 3 achats 
, OPEN, Optional[COMPUTERS]
]]></system-out>
</testcase>
<testcase name="testsize(User, AdState, Optional)[100]" classname="minebayd1.test.TestUser" time="0">
<system-out><![CDATA[
unique-id: [engine:junit-jupiter]/[class:minebayd1.test.TestUser]/[test-template:testsize(minebayd1.User, minebayd1.AdState, java.util.Optional)]/[test-template-invocation:#100]
display-name: [100] Lyes a 65 annonces ouvertes, 1 annonces fermées et 3 achats 
, PURCHASE, Optional[COMPUTERS]
]]></system-out>
</testcase>
<testcase name="testtoString(User)[1]" classname="minebayd1.test.TestUser" time="0">
<system-out><![CDATA[
unique-id: [engine:junit-jupiter]/[class:minebayd1.test.TestUser]/[test-template:testtoString(minebayd1.User)]/[test-template-invocation:#1]
display-name: [1] Marc a 55 annonces ouvertes, 1 annonces fermées et 2 achats 

]]></system-out>
</testcase>
<testcase name="testtoString(User)[2]" classname="minebayd1.test.TestUser" time="0">
<system-out><![CDATA[
unique-id: [engine:junit-jupiter]/[class:minebayd1.test.TestUser]/[test-template:testtoString(minebayd1.User)]/[test-template-invocation:#2]
display-name: [2] Zahra a 42 annonces ouvertes, 0 annonces fermées et 2 achats 

]]></system-out>
</testcase>
<testcase name="testtoString(User)[3]" classname="minebayd1.test.TestUser" time="0">
<system-out><![CDATA[
unique-id: [engine:junit-jupiter]/[class:minebayd1.test.TestUser]/[test-template:testtoString(minebayd1.User)]/[test-template-invocation:#3]
display-name: [3] Mohamed a 45 annonces ouvertes, 2 annonces fermées et 3 achats 

]]></system-out>
</testcase>
<testcase name="testtoString(User)[4]" classname="minebayd1.test.TestUser" time="0">
<system-out><![CDATA[
unique-id: [engine:junit-jupiter]/[class:minebayd1.test.TestUser]/[test-template:testtoString(minebayd1.User)]/[test-template-invocation:#4]
display-name: [4] Adam a 49 annonces ouvertes, 3 annonces fermées et 3 achats 

]]></system-out>
</testcase>
<testcase name="testtoString(User)[5]" classname="minebayd1.test.TestUser" time="0">
<system-out><![CDATA[
unique-id: [engine:junit-jupiter]/[class:minebayd1.test.TestUser]/[test-template:testtoString(minebayd1.User)]/[test-template-invocation:#5]
display-name: [5] Lyes a 65 annonces ouvertes, 1 annonces fermées et 3 achats 

]]></system-out>
</testcase>
<testcase name="testtoString(User)[6]" classname="minebayd1.test.TestUser" time="0">
<system-out><![CDATA[
unique-id: [engine:junit-jupiter]/[class:minebayd1.test.TestUser]/[test-template:testtoString(minebayd1.User)]/[test-template-invocation:#6]
display-name: [6] Mohamed a 45 annonces ouvertes, 2 annonces fermées et 3 achats 

]]></system-out>
</testcase>
<testcase name="testtoString(User)[7]" classname="minebayd1.test.TestUser" time="0">
<system-out><![CDATA[
unique-id: [engine:junit-jupiter]/[class:minebayd1.test.TestUser]/[test-template:testtoString(minebayd1.User)]/[test-template-invocation:#7]
display-name: [7] Mounir a 59 annonces ouvertes, 2 annonces fermées et 2 achats 

]]></system-out>
</testcase>
<testcase name="testtoString(User)[8]" classname="minebayd1.test.TestUser" time="0">
<system-out><![CDATA[
unique-id: [engine:junit-jupiter]/[class:minebayd1.test.TestUser]/[test-template:testtoString(minebayd1.User)]/[test-template-invocation:#8]
display-name: [8] Lisa a 45 annonces ouvertes, 4 annonces fermées et 3 achats 

]]></system-out>
</testcase>
<testcase name="testtoString(User)[9]" classname="minebayd1.test.TestUser" time="0">
<system-out><![CDATA[
unique-id: [engine:junit-jupiter]/[class:minebayd1.test.TestUser]/[test-template:testtoString(minebayd1.User)]/[test-template-invocation:#9]
display-name: [9] Lyes a 65 annonces ouvertes, 1 annonces fermées et 3 achats 

]]></system-out>
</testcase>
<testcase name="testtoString(User)[10]" classname="minebayd1.test.TestUser" time="0">
<system-out><![CDATA[
unique-id: [engine:junit-jupiter]/[class:minebayd1.test.TestUser]/[test-template:testtoString(minebayd1.User)]/[test-template-invocation:#10]
display-name: [10] Ziad a 48 annonces ouvertes, 4 annonces fermées et 2 achats 

]]></system-out>
</testcase>
<testcase name="testtoString(User)[11]" classname="minebayd1.test.TestUser" time="0">
<system-out><![CDATA[
unique-id: [engine:junit-jupiter]/[class:minebayd1.test.TestUser]/[test-template:testtoString(minebayd1.User)]/[test-template-invocation:#11]
display-name: [11] Ismael a 59 annonces ouvertes, 1 annonces fermées et 3 achats 

]]></system-out>
</testcase>
<testcase name="testtoString(User)[12]" classname="minebayd1.test.TestUser" time="0">
<system-out><![CDATA[
unique-id: [engine:junit-jupiter]/[class:minebayd1.test.TestUser]/[test-template:testtoString(minebayd1.User)]/[test-template-invocation:#12]
display-name: [12] Marcel a 63 annonces ouvertes, 4 annonces fermées et 4 achats 

]]></system-out>
</testcase>
<testcase name="testtoString(User)[13]" classname="minebayd1.test.TestUser" time="0">
<system-out><![CDATA[
unique-id: [engine:junit-jupiter]/[class:minebayd1.test.TestUser]/[test-template:testtoString(minebayd1.User)]/[test-template-invocation:#13]
display-name: [13] Marcel a 63 annonces ouvertes, 4 annonces fermées et 4 achats 

]]></system-out>
</testcase>
<testcase name="testtoString(User)[14]" classname="minebayd1.test.TestUser" time="0">
<system-out><![CDATA[
unique-id: [engine:junit-jupiter]/[class:minebayd1.test.TestUser]/[test-template:testtoString(minebayd1.User)]/[test-template-invocation:#14]
display-name: [14] Nima a 50 annonces ouvertes, 1 annonces fermées et 4 achats 

]]></system-out>
</testcase>
<testcase name="testtoString(User)[15]" classname="minebayd1.test.TestUser" time="0">
<system-out><![CDATA[
unique-id: [engine:junit-jupiter]/[class:minebayd1.test.TestUser]/[test-template:testtoString(minebayd1.User)]/[test-template-invocation:#15]
display-name: [15] Adam a 49 annonces ouvertes, 3 annonces fermées et 3 achats 

]]></system-out>
</testcase>
<testcase name="testtoString(User)[16]" classname="minebayd1.test.TestUser" time="0.002">
<system-out><![CDATA[
unique-id: [engine:junit-jupiter]/[class:minebayd1.test.TestUser]/[test-template:testtoString(minebayd1.User)]/[test-template-invocation:#16]
display-name: [16] Ayman a 53 annonces ouvertes, 4 annonces fermées et 4 achats 

]]></system-out>
</testcase>
<testcase name="testtoString(User)[17]" classname="minebayd1.test.TestUser" time="0.002">
<system-out><![CDATA[
unique-id: [engine:junit-jupiter]/[class:minebayd1.test.TestUser]/[test-template:testtoString(minebayd1.User)]/[test-template-invocation:#17]
display-name: [17] Mounir a 59 annonces ouvertes, 2 annonces fermées et 2 achats 

]]></system-out>
</testcase>
<testcase name="testtoString(User)[18]" classname="minebayd1.test.TestUser" time="0">
<system-out><![CDATA[
unique-id: [engine:junit-jupiter]/[class:minebayd1.test.TestUser]/[test-template:testtoString(minebayd1.User)]/[test-template-invocation:#18]
display-name: [18] Pierre a 41 annonces ouvertes, 5 annonces fermées et 2 achats 

]]></system-out>
</testcase>
<testcase name="testtoString(User)[19]" classname="minebayd1.test.TestUser" time="0">
<system-out><![CDATA[
unique-id: [engine:junit-jupiter]/[class:minebayd1.test.TestUser]/[test-template:testtoString(minebayd1.User)]/[test-template-invocation:#19]
display-name: [19] Mohamed a 45 annonces ouvertes, 2 annonces fermées et 3 achats 

]]></system-out>
</testcase>
<testcase name="testtoString(User)[20]" classname="minebayd1.test.TestUser" time="0">
<system-out><![CDATA[
unique-id: [engine:junit-jupiter]/[class:minebayd1.test.TestUser]/[test-template:testtoString(minebayd1.User)]/[test-template-invocation:#20]
display-name: [20] Chanez a 57 annonces ouvertes, 2 annonces fermées et 1 achats 

]]></system-out>
</testcase>
<testcase name="testtoString(User)[21]" classname="minebayd1.test.TestUser" time="0.001">
<system-out><![CDATA[
unique-id: [engine:junit-jupiter]/[class:minebayd1.test.TestUser]/[test-template:testtoString(minebayd1.User)]/[test-template-invocation:#21]
display-name: [21] Marc a 55 annonces ouvertes, 1 annonces fermées et 2 achats 

]]></system-out>
</testcase>
<testcase name="testtoString(User)[22]" classname="minebayd1.test.TestUser" time="0.002">
<system-out><![CDATA[
unique-id: [engine:junit-jupiter]/[class:minebayd1.test.TestUser]/[test-template:testtoString(minebayd1.User)]/[test-template-invocation:#22]
display-name: [22] Marcel a 63 annonces ouvertes, 4 annonces fermées et 4 achats 

]]></system-out>
</testcase>
<testcase name="testtoString(User)[23]" classname="minebayd1.test.TestUser" time="0.001">
<system-out><![CDATA[
unique-id: [engine:junit-jupiter]/[class:minebayd1.test.TestUser]/[test-template:testtoString(minebayd1.User)]/[test-template-invocation:#23]
display-name: [23] Lamia a 77 annonces ouvertes, 1 annonces fermées et 2 achats 

]]></system-out>
</testcase>
<testcase name="testtoString(User)[24]" classname="minebayd1.test.TestUser" time="0.001">
<system-out><![CDATA[
unique-id: [engine:junit-jupiter]/[class:minebayd1.test.TestUser]/[test-template:testtoString(minebayd1.User)]/[test-template-invocation:#24]
display-name: [24] Sheraz a 49 annonces ouvertes, 3 annonces fermées et 6 achats 

]]></system-out>
</testcase>
<testcase name="testtoString(User)[25]" classname="minebayd1.test.TestUser" time="0.003">
<system-out><![CDATA[
unique-id: [engine:junit-jupiter]/[class:minebayd1.test.TestUser]/[test-template:testtoString(minebayd1.User)]/[test-template-invocation:#25]
display-name: [25] Boris a 63 annonces ouvertes, 2 annonces fermées et 3 achats 

]]></system-out>
</testcase>
<testcase name="testtoString(User)[26]" classname="minebayd1.test.TestUser" time="0.001">
<system-out><![CDATA[
unique-id: [engine:junit-jupiter]/[class:minebayd1.test.TestUser]/[test-template:testtoString(minebayd1.User)]/[test-template-invocation:#26]
display-name: [26] Issa a 70 annonces ouvertes, 3 annonces fermées et 3 achats 

]]></system-out>
</testcase>
<testcase name="testtoString(User)[27]" classname="minebayd1.test.TestUser" time="0.001">
<system-out><![CDATA[
unique-id: [engine:junit-jupiter]/[class:minebayd1.test.TestUser]/[test-template:testtoString(minebayd1.User)]/[test-template-invocation:#27]
display-name: [27] Ziad a 48 annonces ouvertes, 4 annonces fermées et 2 achats 

]]></system-out>
</testcase>
<testcase name="testtoString(User)[28]" classname="minebayd1.test.TestUser" time="0.001">
<system-out><![CDATA[
unique-id: [engine:junit-jupiter]/[class:minebayd1.test.TestUser]/[test-template:testtoString(minebayd1.User)]/[test-template-invocation:#28]
display-name: [28] Aliou a 50 annonces ouvertes, 3 annonces fermées et 2 achats 

]]></system-out>
</testcase>
<testcase name="testtoString(User)[29]" classname="minebayd1.test.TestUser" time="0.001">
<system-out><![CDATA[
unique-id: [engine:junit-jupiter]/[class:minebayd1.test.TestUser]/[test-template:testtoString(minebayd1.User)]/[test-template-invocation:#29]
display-name: [29] Yanis a 61 annonces ouvertes, 4 annonces fermées et 3 achats 

]]></system-out>
</testcase>
<testcase name="testtoString(User)[30]" classname="minebayd1.test.TestUser" time="0.002">
<system-out><![CDATA[
unique-id: [engine:junit-jupiter]/[class:minebayd1.test.TestUser]/[test-template:testtoString(minebayd1.User)]/[test-template-invocation:#30]
display-name: [30] Ismael a 59 annonces ouvertes, 1 annonces fermées et 3 achats 

]]></system-out>
</testcase>
<testcase name="testtoString(User)[31]" classname="minebayd1.test.TestUser" time="0.001">
<system-out><![CDATA[
unique-id: [engine:junit-jupiter]/[class:minebayd1.test.TestUser]/[test-template:testtoString(minebayd1.User)]/[test-template-invocation:#31]
display-name: [31] Chanez a 57 annonces ouvertes, 2 annonces fermées et 1 achats 

]]></system-out>
</testcase>
<testcase name="testtoString(User)[32]" classname="minebayd1.test.TestUser" time="0.001">
<system-out><![CDATA[
unique-id: [engine:junit-jupiter]/[class:minebayd1.test.TestUser]/[test-template:testtoString(minebayd1.User)]/[test-template-invocation:#32]
display-name: [32] Issa a 70 annonces ouvertes, 3 annonces fermées et 3 achats 

]]></system-out>
</testcase>
<testcase name="testtoString(User)[33]" classname="minebayd1.test.TestUser" time="0">
<system-out><![CDATA[
unique-id: [engine:junit-jupiter]/[class:minebayd1.test.TestUser]/[test-template:testtoString(minebayd1.User)]/[test-template-invocation:#33]
display-name: [33] Lisa a 45 annonces ouvertes, 4 annonces fermées et 3 achats 

]]></system-out>
</testcase>
<testcase name="testtoString(User)[34]" classname="minebayd1.test.TestUser" time="0.001">
<system-out><![CDATA[
unique-id: [engine:junit-jupiter]/[class:minebayd1.test.TestUser]/[test-template:testtoString(minebayd1.User)]/[test-template-invocation:#34]
display-name: [34] Ayman a 53 annonces ouvertes, 4 annonces fermées et 4 achats 

]]></system-out>
</testcase>
<testcase name="testtoString(User)[35]" classname="minebayd1.test.TestUser" time="0">
<system-out><![CDATA[
unique-id: [engine:junit-jupiter]/[class:minebayd1.test.TestUser]/[test-template:testtoString(minebayd1.User)]/[test-template-invocation:#35]
display-name: [35] Sonia a 47 annonces ouvertes, 2 annonces fermées et 2 achats 

]]></system-out>
</testcase>
<testcase name="testtoString(User)[36]" classname="minebayd1.test.TestUser" time="0">
<system-out><![CDATA[
unique-id: [engine:junit-jupiter]/[class:minebayd1.test.TestUser]/[test-template:testtoString(minebayd1.User)]/[test-template-invocation:#36]
display-name: [36] Rosa a 40 annonces ouvertes, 4 annonces fermées et 2 achats 

]]></system-out>
</testcase>
<testcase name="testtoString(User)[37]" classname="minebayd1.test.TestUser" time="0.001">
<system-out><![CDATA[
unique-id: [engine:junit-jupiter]/[class:minebayd1.test.TestUser]/[test-template:testtoString(minebayd1.User)]/[test-template-invocation:#37]
display-name: [37] Pierre a 41 annonces ouvertes, 5 annonces fermées et 2 achats 

]]></system-out>
</testcase>
<testcase name="testtoString(User)[38]" classname="minebayd1.test.TestUser" time="0.001">
<system-out><![CDATA[
unique-id: [engine:junit-jupiter]/[class:minebayd1.test.TestUser]/[test-template:testtoString(minebayd1.User)]/[test-template-invocation:#38]
display-name: [38] Pierre a 41 annonces ouvertes, 5 annonces fermées et 2 achats 

]]></system-out>
</testcase>
<testcase name="testtoString(User)[39]" classname="minebayd1.test.TestUser" time="0">
<system-out><![CDATA[
unique-id: [engine:junit-jupiter]/[class:minebayd1.test.TestUser]/[test-template:testtoString(minebayd1.User)]/[test-template-invocation:#39]
display-name: [39] Rosa a 40 annonces ouvertes, 4 annonces fermées et 2 achats 

]]></system-out>
</testcase>
<testcase name="testtoString(User)[40]" classname="minebayd1.test.TestUser" time="0.002">
<system-out><![CDATA[
unique-id: [engine:junit-jupiter]/[class:minebayd1.test.TestUser]/[test-template:testtoString(minebayd1.User)]/[test-template-invocation:#40]
display-name: [40] Ziad a 48 annonces ouvertes, 4 annonces fermées et 2 achats 

]]></system-out>
</testcase>
<testcase name="testtoString(User)[41]" classname="minebayd1.test.TestUser" time="0.001">
<system-out><![CDATA[
unique-id: [engine:junit-jupiter]/[class:minebayd1.test.TestUser]/[test-template:testtoString(minebayd1.User)]/[test-template-invocation:#41]
display-name: [41] Nima a 50 annonces ouvertes, 1 annonces fermées et 4 achats 

]]></system-out>
</testcase>
<testcase name="testtoString(User)[42]" classname="minebayd1.test.TestUser" time="0.002">
<system-out><![CDATA[
unique-id: [engine:junit-jupiter]/[class:minebayd1.test.TestUser]/[test-template:testtoString(minebayd1.User)]/[test-template-invocation:#42]
display-name: [42] Ismael a 59 annonces ouvertes, 1 annonces fermées et 3 achats 

]]></system-out>
</testcase>
<testcase name="testtoString(User)[43]" classname="minebayd1.test.TestUser" time="0.001">
<system-out><![CDATA[
unique-id: [engine:junit-jupiter]/[class:minebayd1.test.TestUser]/[test-template:testtoString(minebayd1.User)]/[test-template-invocation:#43]
display-name: [43] Ismael a 59 annonces ouvertes, 1 annonces fermées et 3 achats 

]]></system-out>
</testcase>
<testcase name="testtoString(User)[44]" classname="minebayd1.test.TestUser" time="0">
<system-out><![CDATA[
unique-id: [engine:junit-jupiter]/[class:minebayd1.test.TestUser]/[test-template:testtoString(minebayd1.User)]/[test-template-invocation:#44]
display-name: [44] Zahra a 42 annonces ouvertes, 0 annonces fermées et 2 achats 

]]></system-out>
</testcase>
<testcase name="testtoString(User)[45]" classname="minebayd1.test.TestUser" time="0">
<system-out><![CDATA[
unique-id: [engine:junit-jupiter]/[class:minebayd1.test.TestUser]/[test-template:testtoString(minebayd1.User)]/[test-template-invocation:#45]
display-name: [45] Marc a 55 annonces ouvertes, 1 annonces fermées et 2 achats 

]]></system-out>
</testcase>
<testcase name="testtoString(User)[46]" classname="minebayd1.test.TestUser" time="0.001">
<system-out><![CDATA[
unique-id: [engine:junit-jupiter]/[class:minebayd1.test.TestUser]/[test-template:testtoString(minebayd1.User)]/[test-template-invocation:#46]
display-name: [46] Issa a 70 annonces ouvertes, 3 annonces fermées et 3 achats 

]]></system-out>
</testcase>
<testcase name="testtoString(User)[47]" classname="minebayd1.test.TestUser" time="0.001">
<system-out><![CDATA[
unique-id: [engine:junit-jupiter]/[class:minebayd1.test.TestUser]/[test-template:testtoString(minebayd1.User)]/[test-template-invocation:#47]
display-name: [47] Naila a 60 annonces ouvertes, 3 annonces fermées et 4 achats 

]]></system-out>
</testcase>
<testcase name="testtoString(User)[48]" classname="minebayd1.test.TestUser" time="0.001">
<system-out><![CDATA[
unique-id: [engine:junit-jupiter]/[class:minebayd1.test.TestUser]/[test-template:testtoString(minebayd1.User)]/[test-template-invocation:#48]
display-name: [48] Lyes a 65 annonces ouvertes, 1 annonces fermées et 3 achats 

]]></system-out>
</testcase>
<testcase name="testtoString(User)[49]" classname="minebayd1.test.TestUser" time="0.001">
<system-out><![CDATA[
unique-id: [engine:junit-jupiter]/[class:minebayd1.test.TestUser]/[test-template:testtoString(minebayd1.User)]/[test-template-invocation:#49]
display-name: [49] Ayman a 53 annonces ouvertes, 4 annonces fermées et 4 achats 

]]></system-out>
</testcase>
<testcase name="testtoString(User)[50]" classname="minebayd1.test.TestUser" time="0.001">
<system-out><![CDATA[
unique-id: [engine:junit-jupiter]/[class:minebayd1.test.TestUser]/[test-template:testtoString(minebayd1.User)]/[test-template-invocation:#50]
display-name: [50] Sheraz a 49 annonces ouvertes, 3 annonces fermées et 6 achats 

]]></system-out>
</testcase>
<testcase name="testtoString(User)[51]" classname="minebayd1.test.TestUser" time="0.001">
<system-out><![CDATA[
unique-id: [engine:junit-jupiter]/[class:minebayd1.test.TestUser]/[test-template:testtoString(minebayd1.User)]/[test-template-invocation:#51]
display-name: [51] Ayman a 53 annonces ouvertes, 4 annonces fermées et 4 achats 

]]></system-out>
</testcase>
<testcase name="testtoString(User)[52]" classname="minebayd1.test.TestUser" time="0">
<system-out><![CDATA[
unique-id: [engine:junit-jupiter]/[class:minebayd1.test.TestUser]/[test-template:testtoString(minebayd1.User)]/[test-template-invocation:#52]
display-name: [52] Pierre a 41 annonces ouvertes, 5 annonces fermées et 2 achats 

]]></system-out>
</testcase>
<testcase name="testtoString(User)[53]" classname="minebayd1.test.TestUser" time="0">
<system-out><![CDATA[
unique-id: [engine:junit-jupiter]/[class:minebayd1.test.TestUser]/[test-template:testtoString(minebayd1.User)]/[test-template-invocation:#53]
display-name: [53] Marc a 55 annonces ouvertes, 1 annonces fermées et 2 achats 

]]></system-out>
</testcase>
<testcase name="testtoString(User)[54]" classname="minebayd1.test.TestUser" time="0">
<system-out><![CDATA[
unique-id: [engine:junit-jupiter]/[class:minebayd1.test.TestUser]/[test-template:testtoString(minebayd1.User)]/[test-template-invocation:#54]
display-name: [54] Rosa a 40 annonces ouvertes, 4 annonces fermées et 2 achats 

]]></system-out>
</testcase>
<testcase name="testtoString(User)[55]" classname="minebayd1.test.TestUser" time="0">
<system-out><![CDATA[
unique-id: [engine:junit-jupiter]/[class:minebayd1.test.TestUser]/[test-template:testtoString(minebayd1.User)]/[test-template-invocation:#55]
display-name: [55] Faycal a 51 annonces ouvertes, 3 annonces fermées et 4 achats 

]]></system-out>
</testcase>
<testcase name="testtoString(User)[56]" classname="minebayd1.test.TestUser" time="0.003">
<system-out><![CDATA[
unique-id: [engine:junit-jupiter]/[class:minebayd1.test.TestUser]/[test-template:testtoString(minebayd1.User)]/[test-template-invocation:#56]
display-name: [56] Idir a 58 annonces ouvertes, 5 annonces fermées et 4 achats 

]]></system-out>
</testcase>
<testcase name="testtoString(User)[57]" classname="minebayd1.test.TestUser" time="0.003">
<system-out><![CDATA[
unique-id: [engine:junit-jupiter]/[class:minebayd1.test.TestUser]/[test-template:testtoString(minebayd1.User)]/[test-template-invocation:#57]
display-name: [57] Ali a 57 annonces ouvertes, 6 annonces fermées et 3 achats 

]]></system-out>
</testcase>
<testcase name="testtoString(User)[58]" classname="minebayd1.test.TestUser" time="0.003">
<system-out><![CDATA[
unique-id: [engine:junit-jupiter]/[class:minebayd1.test.TestUser]/[test-template:testtoString(minebayd1.User)]/[test-template-invocation:#58]
display-name: [58] Issa a 70 annonces ouvertes, 3 annonces fermées et 3 achats 

]]></system-out>
</testcase>
<testcase name="testtoString(User)[59]" classname="minebayd1.test.TestUser" time="0.001">
<system-out><![CDATA[
unique-id: [engine:junit-jupiter]/[class:minebayd1.test.TestUser]/[test-template:testtoString(minebayd1.User)]/[test-template-invocation:#59]
display-name: [59] Zahra a 42 annonces ouvertes, 0 annonces fermées et 2 achats 

]]></system-out>
</testcase>
<testcase name="testtoString(User)[60]" classname="minebayd1.test.TestUser" time="0">
<system-out><![CDATA[
unique-id: [engine:junit-jupiter]/[class:minebayd1.test.TestUser]/[test-template:testtoString(minebayd1.User)]/[test-template-invocation:#60]
display-name: [60] Sonia a 47 annonces ouvertes, 2 annonces fermées et 2 achats 

]]></system-out>
</testcase>
<testcase name="testtoString(User)[61]" classname="minebayd1.test.TestUser" time="0.002">
<system-out><![CDATA[
unique-id: [engine:junit-jupiter]/[class:minebayd1.test.TestUser]/[test-template:testtoString(minebayd1.User)]/[test-template-invocation:#61]
display-name: [61] Marcel a 63 annonces ouvertes, 4 annonces fermées et 4 achats 

]]></system-out>
</testcase>
<testcase name="testtoString(User)[62]" classname="minebayd1.test.TestUser" time="0.001">
<system-out><![CDATA[
unique-id: [engine:junit-jupiter]/[class:minebayd1.test.TestUser]/[test-template:testtoString(minebayd1.User)]/[test-template-invocation:#62]
display-name: [62] Imam a 45 annonces ouvertes, 5 annonces fermées et 3 achats 

]]></system-out>
</testcase>
<testcase name="testtoString(User)[63]" classname="minebayd1.test.TestUser" time="0.001">
<system-out><![CDATA[
unique-id: [engine:junit-jupiter]/[class:minebayd1.test.TestUser]/[test-template:testtoString(minebayd1.User)]/[test-template-invocation:#63]
display-name: [63] Ayman a 53 annonces ouvertes, 4 annonces fermées et 4 achats 

]]></system-out>
</testcase>
<testcase name="testtoString(User)[64]" classname="minebayd1.test.TestUser" time="0.001">
<system-out><![CDATA[
unique-id: [engine:junit-jupiter]/[class:minebayd1.test.TestUser]/[test-template:testtoString(minebayd1.User)]/[test-template-invocation:#64]
display-name: [64] Yanis a 61 annonces ouvertes, 4 annonces fermées et 3 achats 

]]></system-out>
</testcase>
<testcase name="testtoString(User)[65]" classname="minebayd1.test.TestUser" time="0.002">
<system-out><![CDATA[
unique-id: [engine:junit-jupiter]/[class:minebayd1.test.TestUser]/[test-template:testtoString(minebayd1.User)]/[test-template-invocation:#65]
display-name: [65] Boris a 63 annonces ouvertes, 2 annonces fermées et 3 achats 

]]></system-out>
</testcase>
<testcase name="testtoString(User)[66]" classname="minebayd1.test.TestUser" time="0.001">
<system-out><![CDATA[
unique-id: [engine:junit-jupiter]/[class:minebayd1.test.TestUser]/[test-template:testtoString(minebayd1.User)]/[test-template-invocation:#66]
display-name: [66] Issa a 70 annonces ouvertes, 3 annonces fermées et 3 achats 

]]></system-out>
</testcase>
<testcase name="testtoString(User)[67]" classname="minebayd1.test.TestUser" time="0.001">
<system-out><![CDATA[
unique-id: [engine:junit-jupiter]/[class:minebayd1.test.TestUser]/[test-template:testtoString(minebayd1.User)]/[test-template-invocation:#67]
display-name: [67] Nima a 50 annonces ouvertes, 1 annonces fermées et 4 achats 

]]></system-out>
</testcase>
<testcase name="testtoString(User)[68]" classname="minebayd1.test.TestUser" time="0.001">
<system-out><![CDATA[
unique-id: [engine:junit-jupiter]/[class:minebayd1.test.TestUser]/[test-template:testtoString(minebayd1.User)]/[test-template-invocation:#68]
display-name: [68] Adam a 49 annonces ouvertes, 3 annonces fermées et 3 achats 

]]></system-out>
</testcase>
<testcase name="testtoString(User)[69]" classname="minebayd1.test.TestUser" time="0.001">
<system-out><![CDATA[
unique-id: [engine:junit-jupiter]/[class:minebayd1.test.TestUser]/[test-template:testtoString(minebayd1.User)]/[test-template-invocation:#69]
display-name: [69] Idir a 58 annonces ouvertes, 5 annonces fermées et 4 achats 

]]></system-out>
</testcase>
<testcase name="testtoString(User)[70]" classname="minebayd1.test.TestUser" time="0.001">
<system-out><![CDATA[
unique-id: [engine:junit-jupiter]/[class:minebayd1.test.TestUser]/[test-template:testtoString(minebayd1.User)]/[test-template-invocation:#70]
display-name: [70] Sheraz a 49 annonces ouvertes, 3 annonces fermées et 6 achats 

]]></system-out>
</testcase>
<testcase name="testtoString(User)[71]" classname="minebayd1.test.TestUser" time="0.001">
<system-out><![CDATA[
unique-id: [engine:junit-jupiter]/[class:minebayd1.test.TestUser]/[test-template:testtoString(minebayd1.User)]/[test-template-invocation:#71]
display-name: [71] Mamadou a 59 annonces ouvertes, 2 annonces fermées et 1 achats 

]]></system-out>
</testcase>
<testcase name="testtoString(User)[72]" classname="minebayd1.test.TestUser" time="0.001">
<system-out><![CDATA[
unique-id: [engine:junit-jupiter]/[class:minebayd1.test.TestUser]/[test-template:testtoString(minebayd1.User)]/[test-template-invocation:#72]
display-name: [72] Lamia a 77 annonces ouvertes, 1 annonces fermées et 2 achats 

]]></system-out>
</testcase>
<testcase name="testtoString(User)[73]" classname="minebayd1.test.TestUser" time="0.001">
<system-out><![CDATA[
unique-id: [engine:junit-jupiter]/[class:minebayd1.test.TestUser]/[test-template:testtoString(minebayd1.User)]/[test-template-invocation:#73]
display-name: [73] Sheraz a 49 annonces ouvertes, 3 annonces fermées et 6 achats 

]]></system-out>
</testcase>
<testcase name="testtoString(User)[74]" classname="minebayd1.test.TestUser" time="0">
<system-out><![CDATA[
unique-id: [engine:junit-jupiter]/[class:minebayd1.test.TestUser]/[test-template:testtoString(minebayd1.User)]/[test-template-invocation:#74]
display-name: [74] Pierre a 41 annonces ouvertes, 5 annonces fermées et 2 achats 

]]></system-out>
</testcase>
<testcase name="testtoString(User)[75]" classname="minebayd1.test.TestUser" time="0.002">
<system-out><![CDATA[
unique-id: [engine:junit-jupiter]/[class:minebayd1.test.TestUser]/[test-template:testtoString(minebayd1.User)]/[test-template-invocation:#75]
display-name: [75] Lyes a 65 annonces ouvertes, 1 annonces fermées et 3 achats 

]]></system-out>
</testcase>
<testcase name="testtoString(User)[76]" classname="minebayd1.test.TestUser" time="0">
<system-out><![CDATA[
unique-id: [engine:junit-jupiter]/[class:minebayd1.test.TestUser]/[test-template:testtoString(minebayd1.User)]/[test-template-invocation:#76]
display-name: [76] Marc a 55 annonces ouvertes, 1 annonces fermées et 2 achats 

]]></system-out>
</testcase>
<testcase name="testtoString(User)[77]" classname="minebayd1.test.TestUser" time="0.001">
<system-out><![CDATA[
unique-id: [engine:junit-jupiter]/[class:minebayd1.test.TestUser]/[test-template:testtoString(minebayd1.User)]/[test-template-invocation:#77]
display-name: [77] Imam a 45 annonces ouvertes, 5 annonces fermées et 3 achats 

]]></system-out>
</testcase>
<testcase name="testtoString(User)[78]" classname="minebayd1.test.TestUser" time="0.001">
<system-out><![CDATA[
unique-id: [engine:junit-jupiter]/[class:minebayd1.test.TestUser]/[test-template:testtoString(minebayd1.User)]/[test-template-invocation:#78]
display-name: [78] Lamia a 77 annonces ouvertes, 1 annonces fermées et 2 achats 

]]></system-out>
</testcase>
<testcase name="testtoString(User)[79]" classname="minebayd1.test.TestUser" time="0.001">
<system-out><![CDATA[
unique-id: [engine:junit-jupiter]/[class:minebayd1.test.TestUser]/[test-template:testtoString(minebayd1.User)]/[test-template-invocation:#79]
display-name: [79] Zahra a 42 annonces ouvertes, 0 annonces fermées et 2 achats 

]]></system-out>
</testcase>
<testcase name="testtoString(User)[80]" classname="minebayd1.test.TestUser" time="0.002">
<system-out><![CDATA[
unique-id: [engine:junit-jupiter]/[class:minebayd1.test.TestUser]/[test-template:testtoString(minebayd1.User)]/[test-template-invocation:#80]
display-name: [80] Chanez a 57 annonces ouvertes, 2 annonces fermées et 1 achats 

]]></system-out>
</testcase>
<testcase name="testtoString(User)[81]" classname="minebayd1.test.TestUser" time="0.002">
<system-out><![CDATA[
unique-id: [engine:junit-jupiter]/[class:minebayd1.test.TestUser]/[test-template:testtoString(minebayd1.User)]/[test-template-invocation:#81]
display-name: [81] Ziad a 48 annonces ouvertes, 4 annonces fermées et 2 achats 

]]></system-out>
</testcase>
<testcase name="testtoString(User)[82]" classname="minebayd1.test.TestUser" time="0.001">
<system-out><![CDATA[
unique-id: [engine:junit-jupiter]/[class:minebayd1.test.TestUser]/[test-template:testtoString(minebayd1.User)]/[test-template-invocation:#82]
display-name: [82] Marc a 55 annonces ouvertes, 1 annonces fermées et 2 achats 

]]></system-out>
</testcase>
<testcase name="testtoString(User)[83]" classname="minebayd1.test.TestUser" time="0.003">
<system-out><![CDATA[
unique-id: [engine:junit-jupiter]/[class:minebayd1.test.TestUser]/[test-template:testtoString(minebayd1.User)]/[test-template-invocation:#83]
display-name: [83] Nima a 50 annonces ouvertes, 1 annonces fermées et 4 achats 

]]></system-out>
</testcase>
<testcase name="testtoString(User)[84]" classname="minebayd1.test.TestUser" time="0.001">
<system-out><![CDATA[
unique-id: [engine:junit-jupiter]/[class:minebayd1.test.TestUser]/[test-template:testtoString(minebayd1.User)]/[test-template-invocation:#84]
display-name: [84] Zahra a 42 annonces ouvertes, 0 annonces fermées et 2 achats 

]]></system-out>
</testcase>
<testcase name="testtoString(User)[85]" classname="minebayd1.test.TestUser" time="0.002">
<system-out><![CDATA[
unique-id: [engine:junit-jupiter]/[class:minebayd1.test.TestUser]/[test-template:testtoString(minebayd1.User)]/[test-template-invocation:#85]
display-name: [85] Lyes a 65 annonces ouvertes, 1 annonces fermées et 3 achats 

]]></system-out>
</testcase>
<testcase name="testtoString(User)[86]" classname="minebayd1.test.TestUser" time="0.001">
<system-out><![CDATA[
unique-id: [engine:junit-jupiter]/[class:minebayd1.test.TestUser]/[test-template:testtoString(minebayd1.User)]/[test-template-invocation:#86]
display-name: [86] Pierre a 41 annonces ouvertes, 5 annonces fermées et 2 achats 

]]></system-out>
</testcase>
<testcase name="testtoString(User)[87]" classname="minebayd1.test.TestUser" time="0.002">
<system-out><![CDATA[
unique-id: [engine:junit-jupiter]/[class:minebayd1.test.TestUser]/[test-template:testtoString(minebayd1.User)]/[test-template-invocation:#87]
display-name: [87] Yanis a 61 annonces ouvertes, 4 annonces fermées et 3 achats 

]]></system-out>
</testcase>
<testcase name="testtoString(User)[88]" classname="minebayd1.test.TestUser" time="0.002">
<system-out><![CDATA[
unique-id: [engine:junit-jupiter]/[class:minebayd1.test.TestUser]/[test-template:testtoString(minebayd1.User)]/[test-template-invocation:#88]
display-name: [88] Ziad a 48 annonces ouvertes, 4 annonces fermées et 2 achats 

]]></system-out>
</testcase>
<testcase name="testtoString(User)[89]" classname="minebayd1.test.TestUser" time="0.002">
<system-out><![CDATA[
unique-id: [engine:junit-jupiter]/[class:minebayd1.test.TestUser]/[test-template:testtoString(minebayd1.User)]/[test-template-invocation:#89]
display-name: [89] Sheraz a 49 annonces ouvertes, 3 annonces fermées et 6 achats 

]]></system-out>
</testcase>
<testcase name="testtoString(User)[90]" classname="minebayd1.test.TestUser" time="0.001">
<system-out><![CDATA[
unique-id: [engine:junit-jupiter]/[class:minebayd1.test.TestUser]/[test-template:testtoString(minebayd1.User)]/[test-template-invocation:#90]
display-name: [90] Sheraz a 49 annonces ouvertes, 3 annonces fermées et 6 achats 

]]></system-out>
</testcase>
<testcase name="testtoString(User)[91]" classname="minebayd1.test.TestUser" time="0.001">
<system-out><![CDATA[
unique-id: [engine:junit-jupiter]/[class:minebayd1.test.TestUser]/[test-template:testtoString(minebayd1.User)]/[test-template-invocation:#91]
display-name: [91] Marc a 55 annonces ouvertes, 1 annonces fermées et 2 achats 

]]></system-out>
</testcase>
<testcase name="testtoString(User)[92]" classname="minebayd1.test.TestUser" time="0">
<system-out><![CDATA[
unique-id: [engine:junit-jupiter]/[class:minebayd1.test.TestUser]/[test-template:testtoString(minebayd1.User)]/[test-template-invocation:#92]
display-name: [92] Lisa a 45 annonces ouvertes, 4 annonces fermées et 3 achats 

]]></system-out>
</testcase>
<testcase name="testtoString(User)[93]" classname="minebayd1.test.TestUser" time="0.001">
<system-out><![CDATA[
unique-id: [engine:junit-jupiter]/[class:minebayd1.test.TestUser]/[test-template:testtoString(minebayd1.User)]/[test-template-invocation:#93]
display-name: [93] Nima a 50 annonces ouvertes, 1 annonces fermées et 4 achats 

]]></system-out>
</testcase>
<testcase name="testtoString(User)[94]" classname="minebayd1.test.TestUser" time="0">
<system-out><![CDATA[
unique-id: [engine:junit-jupiter]/[class:minebayd1.test.TestUser]/[test-template:testtoString(minebayd1.User)]/[test-template-invocation:#94]
display-name: [94] Pierre a 41 annonces ouvertes, 5 annonces fermées et 2 achats 

]]></system-out>
</testcase>
<testcase name="testtoString(User)[95]" classname="minebayd1.test.TestUser" time="0">
<system-out><![CDATA[
unique-id: [engine:junit-jupiter]/[class:minebayd1.test.TestUser]/[test-template:testtoString(minebayd1.User)]/[test-template-invocation:#95]
display-name: [95] Imam a 45 annonces ouvertes, 5 annonces fermées et 3 achats 

]]></system-out>
</testcase>
<testcase name="testtoString(User)[96]" classname="minebayd1.test.TestUser" time="0">
<system-out><![CDATA[
unique-id: [engine:junit-jupiter]/[class:minebayd1.test.TestUser]/[test-template:testtoString(minebayd1.User)]/[test-template-invocation:#96]
display-name: [96] Rosa a 40 annonces ouvertes, 4 annonces fermées et 2 achats 

]]></system-out>
</testcase>
<testcase name="testtoString(User)[97]" classname="minebayd1.test.TestUser" time="0">
<system-out><![CDATA[
unique-id: [engine:junit-jupiter]/[class:minebayd1.test.TestUser]/[test-template:testtoString(minebayd1.User)]/[test-template-invocation:#97]
display-name: [97] Chanez a 57 annonces ouvertes, 2 annonces fermées et 1 achats 

]]></system-out>
</testcase>
<testcase name="testtoString(User)[98]" classname="minebayd1.test.TestUser" time="0">
<system-out><![CDATA[
unique-id: [engine:junit-jupiter]/[class:minebayd1.test.TestUser]/[test-template:testtoString(minebayd1.User)]/[test-template-invocation:#98]
display-name: [98] Mohamed a 45 annonces ouvertes, 2 annonces fermées et 3 achats 

]]></system-out>
</testcase>
<testcase name="testtoString(User)[99]" classname="minebayd1.test.TestUser" time="0">
<system-out><![CDATA[
unique-id: [engine:junit-jupiter]/[class:minebayd1.test.TestUser]/[test-template:testtoString(minebayd1.User)]/[test-template-invocation:#99]
display-name: [99] Pierre a 41 annonces ouvertes, 5 annonces fermées et 2 achats 

]]></system-out>
</testcase>
<testcase name="testtoString(User)[100]" classname="minebayd1.test.TestUser" time="0">
<system-out><![CDATA[
unique-id: [engine:junit-jupiter]/[class:minebayd1.test.TestUser]/[test-template:testtoString(minebayd1.User)]/[test-template-invocation:#100]
display-name: [100] Issa a 70 annonces ouvertes, 3 annonces fermées et 3 achats 

]]></system-out>
</testcase>
<testcase name="testhasPrevious(User)[1]" classname="minebayd1.test.TestUser" time="0">
<system-out><![CDATA[
unique-id: [engine:junit-jupiter]/[class:minebayd1.test.TestUser]/[test-template:testhasPrevious(minebayd1.User)]/[test-template-invocation:#1]
display-name: [1] Pierre a 41 annonces ouvertes, 5 annonces fermées et 2 achats 

]]></system-out>
</testcase>
<testcase name="testhasPrevious(User)[2]" classname="minebayd1.test.TestUser" time="0.001">
<system-out><![CDATA[
unique-id: [engine:junit-jupiter]/[class:minebayd1.test.TestUser]/[test-template:testhasPrevious(minebayd1.User)]/[test-template-invocation:#2]
display-name: [2] Ali a 57 annonces ouvertes, 6 annonces fermées et 3 achats 

]]></system-out>
</testcase>
<testcase name="testhasPrevious(User)[3]" classname="minebayd1.test.TestUser" time="0">
<system-out><![CDATA[
unique-id: [engine:junit-jupiter]/[class:minebayd1.test.TestUser]/[test-template:testhasPrevious(minebayd1.User)]/[test-template-invocation:#3]
display-name: [3] Aliou a 50 annonces ouvertes, 3 annonces fermées et 2 achats 

]]></system-out>
</testcase>
<testcase name="testhasPrevious(User)[4]" classname="minebayd1.test.TestUser" time="0">
<system-out><![CDATA[
unique-id: [engine:junit-jupiter]/[class:minebayd1.test.TestUser]/[test-template:testhasPrevious(minebayd1.User)]/[test-template-invocation:#4]
display-name: [4] Lyes a 65 annonces ouvertes, 1 annonces fermées et 3 achats 

]]></system-out>
</testcase>
<testcase name="testhasPrevious(User)[5]" classname="minebayd1.test.TestUser" time="0">
<system-out><![CDATA[
unique-id: [engine:junit-jupiter]/[class:minebayd1.test.TestUser]/[test-template:testhasPrevious(minebayd1.User)]/[test-template-invocation:#5]
display-name: [5] Nima a 50 annonces ouvertes, 1 annonces fermées et 4 achats 

]]></system-out>
</testcase>
<testcase name="testhasPrevious(User)[6]" classname="minebayd1.test.TestUser" time="0.001">
<system-out><![CDATA[
unique-id: [engine:junit-jupiter]/[class:minebayd1.test.TestUser]/[test-template:testhasPrevious(minebayd1.User)]/[test-template-invocation:#6]
display-name: [6] Ismael a 59 annonces ouvertes, 1 annonces fermées et 3 achats 

]]></system-out>
</testcase>
<testcase name="testhasPrevious(User)[7]" classname="minebayd1.test.TestUser" time="0">
<system-out><![CDATA[
unique-id: [engine:junit-jupiter]/[class:minebayd1.test.TestUser]/[test-template:testhasPrevious(minebayd1.User)]/[test-template-invocation:#7]
display-name: [7] Aliou a 50 annonces ouvertes, 3 annonces fermées et 2 achats 

]]></system-out>
</testcase>
<testcase name="testhasPrevious(User)[8]" classname="minebayd1.test.TestUser" time="0">
<system-out><![CDATA[
unique-id: [engine:junit-jupiter]/[class:minebayd1.test.TestUser]/[test-template:testhasPrevious(minebayd1.User)]/[test-template-invocation:#8]
display-name: [8] Sonia a 47 annonces ouvertes, 2 annonces fermées et 2 achats 

]]></system-out>
</testcase>
<testcase name="testhasPrevious(User)[9]" classname="minebayd1.test.TestUser" time="0">
<system-out><![CDATA[
unique-id: [engine:junit-jupiter]/[class:minebayd1.test.TestUser]/[test-template:testhasPrevious(minebayd1.User)]/[test-template-invocation:#9]
display-name: [9] Mohamed a 45 annonces ouvertes, 2 annonces fermées et 3 achats 

]]></system-out>
</testcase>
<testcase name="testhasPrevious(User)[10]" classname="minebayd1.test.TestUser" time="0.001">
<system-out><![CDATA[
unique-id: [engine:junit-jupiter]/[class:minebayd1.test.TestUser]/[test-template:testhasPrevious(minebayd1.User)]/[test-template-invocation:#10]
display-name: [10] Naila a 60 annonces ouvertes, 3 annonces fermées et 4 achats 

]]></system-out>
</testcase>
<testcase name="testhasPrevious(User)[11]" classname="minebayd1.test.TestUser" time="0">
<system-out><![CDATA[
unique-id: [engine:junit-jupiter]/[class:minebayd1.test.TestUser]/[test-template:testhasPrevious(minebayd1.User)]/[test-template-invocation:#11]
display-name: [11] Marc a 55 annonces ouvertes, 1 annonces fermées et 2 achats 

]]></system-out>
</testcase>
<testcase name="testhasPrevious(User)[12]" classname="minebayd1.test.TestUser" time="0">
<system-out><![CDATA[
unique-id: [engine:junit-jupiter]/[class:minebayd1.test.TestUser]/[test-template:testhasPrevious(minebayd1.User)]/[test-template-invocation:#12]
display-name: [12] Zahra a 42 annonces ouvertes, 0 annonces fermées et 2 achats 

]]></system-out>
</testcase>
<testcase name="testhasPrevious(User)[13]" classname="minebayd1.test.TestUser" time="0">
<system-out><![CDATA[
unique-id: [engine:junit-jupiter]/[class:minebayd1.test.TestUser]/[test-template:testhasPrevious(minebayd1.User)]/[test-template-invocation:#13]
display-name: [13] Sonia a 47 annonces ouvertes, 2 annonces fermées et 2 achats 

]]></system-out>
</testcase>
<testcase name="testhasPrevious(User)[14]" classname="minebayd1.test.TestUser" time="0.001">
<system-out><![CDATA[
unique-id: [engine:junit-jupiter]/[class:minebayd1.test.TestUser]/[test-template:testhasPrevious(minebayd1.User)]/[test-template-invocation:#14]
display-name: [14] Boris a 63 annonces ouvertes, 2 annonces fermées et 3 achats 

]]></system-out>
</testcase>
<testcase name="testhasPrevious(User)[15]" classname="minebayd1.test.TestUser" time="0.001">
<system-out><![CDATA[
unique-id: [engine:junit-jupiter]/[class:minebayd1.test.TestUser]/[test-template:testhasPrevious(minebayd1.User)]/[test-template-invocation:#15]
display-name: [15] Nima a 50 annonces ouvertes, 1 annonces fermées et 4 achats 

]]></system-out>
</testcase>
<testcase name="testhasPrevious(User)[16]" classname="minebayd1.test.TestUser" time="0.001">
<system-out><![CDATA[
unique-id: [engine:junit-jupiter]/[class:minebayd1.test.TestUser]/[test-template:testhasPrevious(minebayd1.User)]/[test-template-invocation:#16]
display-name: [16] Lyes a 65 annonces ouvertes, 1 annonces fermées et 3 achats 

]]></system-out>
</testcase>
<testcase name="testhasPrevious(User)[17]" classname="minebayd1.test.TestUser" time="0.002">
<system-out><![CDATA[
unique-id: [engine:junit-jupiter]/[class:minebayd1.test.TestUser]/[test-template:testhasPrevious(minebayd1.User)]/[test-template-invocation:#17]
display-name: [17] Boris a 63 annonces ouvertes, 2 annonces fermées et 3 achats 

]]></system-out>
</testcase>
<testcase name="testhasPrevious(User)[18]" classname="minebayd1.test.TestUser" time="0.001">
<system-out><![CDATA[
unique-id: [engine:junit-jupiter]/[class:minebayd1.test.TestUser]/[test-template:testhasPrevious(minebayd1.User)]/[test-template-invocation:#18]
display-name: [18] Issa a 70 annonces ouvertes, 3 annonces fermées et 3 achats 

]]></system-out>
</testcase>
<testcase name="testhasPrevious(User)[19]" classname="minebayd1.test.TestUser" time="0">
<system-out><![CDATA[
unique-id: [engine:junit-jupiter]/[class:minebayd1.test.TestUser]/[test-template:testhasPrevious(minebayd1.User)]/[test-template-invocation:#19]
display-name: [19] Faycal a 51 annonces ouvertes, 3 annonces fermées et 4 achats 

]]></system-out>
</testcase>
<testcase name="testhasPrevious(User)[20]" classname="minebayd1.test.TestUser" time="0">
<system-out><![CDATA[
unique-id: [engine:junit-jupiter]/[class:minebayd1.test.TestUser]/[test-template:testhasPrevious(minebayd1.User)]/[test-template-invocation:#20]
display-name: [20] Zahra a 42 annonces ouvertes, 0 annonces fermées et 2 achats 

]]></system-out>
</testcase>
<testcase name="testhasPrevious(User)[21]" classname="minebayd1.test.TestUser" time="0.001">
<system-out><![CDATA[
unique-id: [engine:junit-jupiter]/[class:minebayd1.test.TestUser]/[test-template:testhasPrevious(minebayd1.User)]/[test-template-invocation:#21]
display-name: [21] Ali a 57 annonces ouvertes, 6 annonces fermées et 3 achats 

]]></system-out>
</testcase>
<testcase name="testhasPrevious(User)[22]" classname="minebayd1.test.TestUser" time="0">
<system-out><![CDATA[
unique-id: [engine:junit-jupiter]/[class:minebayd1.test.TestUser]/[test-template:testhasPrevious(minebayd1.User)]/[test-template-invocation:#22]
display-name: [22] Mohamed a 45 annonces ouvertes, 2 annonces fermées et 3 achats 

]]></system-out>
</testcase>
<testcase name="testhasPrevious(User)[23]" classname="minebayd1.test.TestUser" time="0.001">
<system-out><![CDATA[
unique-id: [engine:junit-jupiter]/[class:minebayd1.test.TestUser]/[test-template:testhasPrevious(minebayd1.User)]/[test-template-invocation:#23]
display-name: [23] Adam a 49 annonces ouvertes, 3 annonces fermées et 3 achats 

]]></system-out>
</testcase>
<testcase name="testhasPrevious(User)[24]" classname="minebayd1.test.TestUser" time="0.002">
<system-out><![CDATA[
unique-id: [engine:junit-jupiter]/[class:minebayd1.test.TestUser]/[test-template:testhasPrevious(minebayd1.User)]/[test-template-invocation:#24]
display-name: [24] Mamadou a 59 annonces ouvertes, 2 annonces fermées et 1 achats 

]]></system-out>
</testcase>
<testcase name="testhasPrevious(User)[25]" classname="minebayd1.test.TestUser" time="0">
<system-out><![CDATA[
unique-id: [engine:junit-jupiter]/[class:minebayd1.test.TestUser]/[test-template:testhasPrevious(minebayd1.User)]/[test-template-invocation:#25]
display-name: [25] Rosa a 40 annonces ouvertes, 4 annonces fermées et 2 achats 

]]></system-out>
</testcase>
<testcase name="testhasPrevious(User)[26]" classname="minebayd1.test.TestUser" time="0">
<system-out><![CDATA[
unique-id: [engine:junit-jupiter]/[class:minebayd1.test.TestUser]/[test-template:testhasPrevious(minebayd1.User)]/[test-template-invocation:#26]
display-name: [26] Rosa a 40 annonces ouvertes, 4 annonces fermées et 2 achats 

]]></system-out>
</testcase>
<testcase name="testhasPrevious(User)[27]" classname="minebayd1.test.TestUser" time="0.001">
<system-out><![CDATA[
unique-id: [engine:junit-jupiter]/[class:minebayd1.test.TestUser]/[test-template:testhasPrevious(minebayd1.User)]/[test-template-invocation:#27]
display-name: [27] Sonia a 47 annonces ouvertes, 2 annonces fermées et 2 achats 

]]></system-out>
</testcase>
<testcase name="testhasPrevious(User)[28]" classname="minebayd1.test.TestUser" time="0.002">
<system-out><![CDATA[
unique-id: [engine:junit-jupiter]/[class:minebayd1.test.TestUser]/[test-template:testhasPrevious(minebayd1.User)]/[test-template-invocation:#28]
display-name: [28] Imam a 45 annonces ouvertes, 5 annonces fermées et 3 achats 

]]></system-out>
</testcase>
<testcase name="testhasPrevious(User)[29]" classname="minebayd1.test.TestUser" time="0.002">
<system-out><![CDATA[
unique-id: [engine:junit-jupiter]/[class:minebayd1.test.TestUser]/[test-template:testhasPrevious(minebayd1.User)]/[test-template-invocation:#29]
display-name: [29] Yanis a 61 annonces ouvertes, 4 annonces fermées et 3 achats 

]]></system-out>
</testcase>
<testcase name="testhasPrevious(User)[30]" classname="minebayd1.test.TestUser" time="0.002">
<system-out><![CDATA[
unique-id: [engine:junit-jupiter]/[class:minebayd1.test.TestUser]/[test-template:testhasPrevious(minebayd1.User)]/[test-template-invocation:#30]
display-name: [30] Lyes a 65 annonces ouvertes, 1 annonces fermées et 3 achats 

]]></system-out>
</testcase>
<testcase name="testhasPrevious(User)[31]" classname="minebayd1.test.TestUser" time="0.001">
<system-out><![CDATA[
unique-id: [engine:junit-jupiter]/[class:minebayd1.test.TestUser]/[test-template:testhasPrevious(minebayd1.User)]/[test-template-invocation:#31]
display-name: [31] Yanis a 61 annonces ouvertes, 4 annonces fermées et 3 achats 

]]></system-out>
</testcase>
<testcase name="testhasPrevious(User)[32]" classname="minebayd1.test.TestUser" time="0.004">
<system-out><![CDATA[
unique-id: [engine:junit-jupiter]/[class:minebayd1.test.TestUser]/[test-template:testhasPrevious(minebayd1.User)]/[test-template-invocation:#32]
display-name: [32] Ismael a 59 annonces ouvertes, 1 annonces fermées et 3 achats 

]]></system-out>
</testcase>
<testcase name="testhasPrevious(User)[33]" classname="minebayd1.test.TestUser" time="0.002">
<system-out><![CDATA[
unique-id: [engine:junit-jupiter]/[class:minebayd1.test.TestUser]/[test-template:testhasPrevious(minebayd1.User)]/[test-template-invocation:#33]
display-name: [33] Lyes a 65 annonces ouvertes, 1 annonces fermées et 3 achats 

]]></system-out>
</testcase>
<testcase name="testhasPrevious(User)[34]" classname="minebayd1.test.TestUser" time="0.001">
<system-out><![CDATA[
unique-id: [engine:junit-jupiter]/[class:minebayd1.test.TestUser]/[test-template:testhasPrevious(minebayd1.User)]/[test-template-invocation:#34]
display-name: [34] Pierre a 41 annonces ouvertes, 5 annonces fermées et 2 achats 

]]></system-out>
</testcase>
<testcase name="testhasPrevious(User)[35]" classname="minebayd1.test.TestUser" time="0.002">
<system-out><![CDATA[
unique-id: [engine:junit-jupiter]/[class:minebayd1.test.TestUser]/[test-template:testhasPrevious(minebayd1.User)]/[test-template-invocation:#35]
display-name: [35] Adam a 49 annonces ouvertes, 3 annonces fermées et 3 achats 

]]></system-out>
</testcase>
<testcase name="testhasPrevious(User)[36]" classname="minebayd1.test.TestUser" time="0.002">
<system-out><![CDATA[
unique-id: [engine:junit-jupiter]/[class:minebayd1.test.TestUser]/[test-template:testhasPrevious(minebayd1.User)]/[test-template-invocation:#36]
display-name: [36] Ayman a 53 annonces ouvertes, 4 annonces fermées et 4 achats 

]]></system-out>
</testcase>
<testcase name="testhasPrevious(User)[37]" classname="minebayd1.test.TestUser" time="0.002">
<system-out><![CDATA[
unique-id: [engine:junit-jupiter]/[class:minebayd1.test.TestUser]/[test-template:testhasPrevious(minebayd1.User)]/[test-template-invocation:#37]
display-name: [37] Ziad a 48 annonces ouvertes, 4 annonces fermées et 2 achats 

]]></system-out>
</testcase>
<testcase name="testhasPrevious(User)[38]" classname="minebayd1.test.TestUser" time="0.002">
<system-out><![CDATA[
unique-id: [engine:junit-jupiter]/[class:minebayd1.test.TestUser]/[test-template:testhasPrevious(minebayd1.User)]/[test-template-invocation:#38]
display-name: [38] Ayman a 53 annonces ouvertes, 4 annonces fermées et 4 achats 

]]></system-out>
</testcase>
<testcase name="testhasPrevious(User)[39]" classname="minebayd1.test.TestUser" time="0.002">
<system-out><![CDATA[
unique-id: [engine:junit-jupiter]/[class:minebayd1.test.TestUser]/[test-template:testhasPrevious(minebayd1.User)]/[test-template-invocation:#39]
display-name: [39] Issa a 70 annonces ouvertes, 3 annonces fermées et 3 achats 

]]></system-out>
</testcase>
<testcase name="testhasPrevious(User)[40]" classname="minebayd1.test.TestUser" time="0.001">
<system-out><![CDATA[
unique-id: [engine:junit-jupiter]/[class:minebayd1.test.TestUser]/[test-template:testhasPrevious(minebayd1.User)]/[test-template-invocation:#40]
display-name: [40] Pierre a 41 annonces ouvertes, 5 annonces fermées et 2 achats 

]]></system-out>
</testcase>
<testcase name="testhasPrevious(User)[41]" classname="minebayd1.test.TestUser" time="0.001">
<system-out><![CDATA[
unique-id: [engine:junit-jupiter]/[class:minebayd1.test.TestUser]/[test-template:testhasPrevious(minebayd1.User)]/[test-template-invocation:#41]
display-name: [41] Pierre a 41 annonces ouvertes, 5 annonces fermées et 2 achats 

]]></system-out>
</testcase>
<testcase name="testhasPrevious(User)[42]" classname="minebayd1.test.TestUser" time="0">
<system-out><![CDATA[
unique-id: [engine:junit-jupiter]/[class:minebayd1.test.TestUser]/[test-template:testhasPrevious(minebayd1.User)]/[test-template-invocation:#42]
display-name: [42] Lisa a 45 annonces ouvertes, 4 annonces fermées et 3 achats 

]]></system-out>
</testcase>
<testcase name="testhasPrevious(User)[43]" classname="minebayd1.test.TestUser" time="0.002">
<system-out><![CDATA[
unique-id: [engine:junit-jupiter]/[class:minebayd1.test.TestUser]/[test-template:testhasPrevious(minebayd1.User)]/[test-template-invocation:#43]
display-name: [43] Aliou a 50 annonces ouvertes, 3 annonces fermées et 2 achats 

]]></system-out>
</testcase>
<testcase name="testhasPrevious(User)[44]" classname="minebayd1.test.TestUser" time="0.001">
<system-out><![CDATA[
unique-id: [engine:junit-jupiter]/[class:minebayd1.test.TestUser]/[test-template:testhasPrevious(minebayd1.User)]/[test-template-invocation:#44]
display-name: [44] Lyes a 65 annonces ouvertes, 1 annonces fermées et 3 achats 

]]></system-out>
</testcase>
<testcase name="testhasPrevious(User)[45]" classname="minebayd1.test.TestUser" time="0">
<system-out><![CDATA[
unique-id: [engine:junit-jupiter]/[class:minebayd1.test.TestUser]/[test-template:testhasPrevious(minebayd1.User)]/[test-template-invocation:#45]
display-name: [45] Rosa a 40 annonces ouvertes, 4 annonces fermées et 2 achats 

]]></system-out>
</testcase>
<testcase name="testhasPrevious(User)[46]" classname="minebayd1.test.TestUser" time="0.001">
<system-out><![CDATA[
unique-id: [engine:junit-jupiter]/[class:minebayd1.test.TestUser]/[test-template:testhasPrevious(minebayd1.User)]/[test-template-invocation:#46]
display-name: [46] Nima a 50 annonces ouvertes, 1 annonces fermées et 4 achats 

]]></system-out>
</testcase>
<testcase name="testhasPrevious(User)[47]" classname="minebayd1.test.TestUser" time="0">
<system-out><![CDATA[
unique-id: [engine:junit-jupiter]/[class:minebayd1.test.TestUser]/[test-template:testhasPrevious(minebayd1.User)]/[test-template-invocation:#47]
display-name: [47] Faycal a 51 annonces ouvertes, 3 annonces fermées et 4 achats 

]]></system-out>
</testcase>
<testcase name="testhasPrevious(User)[48]" classname="minebayd1.test.TestUser" time="0.001">
<system-out><![CDATA[
unique-id: [engine:junit-jupiter]/[class:minebayd1.test.TestUser]/[test-template:testhasPrevious(minebayd1.User)]/[test-template-invocation:#48]
display-name: [48] Lyes a 65 annonces ouvertes, 1 annonces fermées et 3 achats 

]]></system-out>
</testcase>
<testcase name="testhasPrevious(User)[49]" classname="minebayd1.test.TestUser" time="0.002">
<system-out><![CDATA[
unique-id: [engine:junit-jupiter]/[class:minebayd1.test.TestUser]/[test-template:testhasPrevious(minebayd1.User)]/[test-template-invocation:#49]
display-name: [49] Boris a 63 annonces ouvertes, 2 annonces fermées et 3 achats 

]]></system-out>
</testcase>
<testcase name="testhasPrevious(User)[50]" classname="minebayd1.test.TestUser" time="0">
<system-out><![CDATA[
unique-id: [engine:junit-jupiter]/[class:minebayd1.test.TestUser]/[test-template:testhasPrevious(minebayd1.User)]/[test-template-invocation:#50]
display-name: [50] Marc a 55 annonces ouvertes, 1 annonces fermées et 2 achats 

]]></system-out>
</testcase>
<testcase name="testhasPrevious(User)[51]" classname="minebayd1.test.TestUser" time="0.002">
<system-out><![CDATA[
unique-id: [engine:junit-jupiter]/[class:minebayd1.test.TestUser]/[test-template:testhasPrevious(minebayd1.User)]/[test-template-invocation:#51]
display-name: [51] Ali a 57 annonces ouvertes, 6 annonces fermées et 3 achats 

]]></system-out>
</testcase>
<testcase name="testhasPrevious(User)[52]" classname="minebayd1.test.TestUser" time="0.001">
<system-out><![CDATA[
unique-id: [engine:junit-jupiter]/[class:minebayd1.test.TestUser]/[test-template:testhasPrevious(minebayd1.User)]/[test-template-invocation:#52]
display-name: [52] Issa a 70 annonces ouvertes, 3 annonces fermées et 3 achats 

]]></system-out>
</testcase>
<testcase name="testhasPrevious(User)[53]" classname="minebayd1.test.TestUser" time="0.001">
<system-out><![CDATA[
unique-id: [engine:junit-jupiter]/[class:minebayd1.test.TestUser]/[test-template:testhasPrevious(minebayd1.User)]/[test-template-invocation:#53]
display-name: [53] Ismael a 59 annonces ouvertes, 1 annonces fermées et 3 achats 

]]></system-out>
</testcase>
<testcase name="testhasPrevious(User)[54]" classname="minebayd1.test.TestUser" time="0.001">
<system-out><![CDATA[
unique-id: [engine:junit-jupiter]/[class:minebayd1.test.TestUser]/[test-template:testhasPrevious(minebayd1.User)]/[test-template-invocation:#54]
display-name: [54] Nima a 50 annonces ouvertes, 1 annonces fermées et 4 achats 

]]></system-out>
</testcase>
<testcase name="testhasPrevious(User)[55]" classname="minebayd1.test.TestUser" time="0">
<system-out><![CDATA[
unique-id: [engine:junit-jupiter]/[class:minebayd1.test.TestUser]/[test-template:testhasPrevious(minebayd1.User)]/[test-template-invocation:#55]
display-name: [55] Pierre a 41 annonces ouvertes, 5 annonces fermées et 2 achats 

]]></system-out>
</testcase>
<testcase name="testhasPrevious(User)[56]" classname="minebayd1.test.TestUser" time="0">
<system-out><![CDATA[
unique-id: [engine:junit-jupiter]/[class:minebayd1.test.TestUser]/[test-template:testhasPrevious(minebayd1.User)]/[test-template-invocation:#56]
display-name: [56] Rosa a 40 annonces ouvertes, 4 annonces fermées et 2 achats 

]]></system-out>
</testcase>
<testcase name="testhasPrevious(User)[57]" classname="minebayd1.test.TestUser" time="0">
<system-out><![CDATA[
unique-id: [engine:junit-jupiter]/[class:minebayd1.test.TestUser]/[test-template:testhasPrevious(minebayd1.User)]/[test-template-invocation:#57]
display-name: [57] Imam a 45 annonces ouvertes, 5 annonces fermées et 3 achats 

]]></system-out>
</testcase>
<testcase name="testhasPrevious(User)[58]" classname="minebayd1.test.TestUser" time="0">
<system-out><![CDATA[
unique-id: [engine:junit-jupiter]/[class:minebayd1.test.TestUser]/[test-template:testhasPrevious(minebayd1.User)]/[test-template-invocation:#58]
display-name: [58] Yanis a 61 annonces ouvertes, 4 annonces fermées et 3 achats 

]]></system-out>
</testcase>
<testcase name="testhasPrevious(User)[59]" classname="minebayd1.test.TestUser" time="0">
<system-out><![CDATA[
unique-id: [engine:junit-jupiter]/[class:minebayd1.test.TestUser]/[test-template:testhasPrevious(minebayd1.User)]/[test-template-invocation:#59]
display-name: [59] Zahra a 42 annonces ouvertes, 0 annonces fermées et 2 achats 

]]></system-out>
</testcase>
<testcase name="testhasPrevious(User)[60]" classname="minebayd1.test.TestUser" time="0.001">
<system-out><![CDATA[
unique-id: [engine:junit-jupiter]/[class:minebayd1.test.TestUser]/[test-template:testhasPrevious(minebayd1.User)]/[test-template-invocation:#60]
display-name: [60] Sheraz a 49 annonces ouvertes, 3 annonces fermées et 6 achats 

]]></system-out>
</testcase>
<testcase name="testhasPrevious(User)[61]" classname="minebayd1.test.TestUser" time="0.001">
<system-out><![CDATA[
unique-id: [engine:junit-jupiter]/[class:minebayd1.test.TestUser]/[test-template:testhasPrevious(minebayd1.User)]/[test-template-invocation:#61]
display-name: [61] Mamadou a 59 annonces ouvertes, 2 annonces fermées et 1 achats 

]]></system-out>
</testcase>
<testcase name="testhasPrevious(User)[62]" classname="minebayd1.test.TestUser" time="0.001">
<system-out><![CDATA[
unique-id: [engine:junit-jupiter]/[class:minebayd1.test.TestUser]/[test-template:testhasPrevious(minebayd1.User)]/[test-template-invocation:#62]
display-name: [62] Ziad a 48 annonces ouvertes, 4 annonces fermées et 2 achats 

]]></system-out>
</testcase>
<testcase name="testhasPrevious(User)[63]" classname="minebayd1.test.TestUser" time="0">
<system-out><![CDATA[
unique-id: [engine:junit-jupiter]/[class:minebayd1.test.TestUser]/[test-template:testhasPrevious(minebayd1.User)]/[test-template-invocation:#63]
display-name: [63] Marc a 55 annonces ouvertes, 1 annonces fermées et 2 achats 

]]></system-out>
</testcase>
<testcase name="testhasPrevious(User)[64]" classname="minebayd1.test.TestUser" time="0.001">
<system-out><![CDATA[
unique-id: [engine:junit-jupiter]/[class:minebayd1.test.TestUser]/[test-template:testhasPrevious(minebayd1.User)]/[test-template-invocation:#64]
display-name: [64] Ziad a 48 annonces ouvertes, 4 annonces fermées et 2 achats 

]]></system-out>
</testcase>
<testcase name="testhasPrevious(User)[65]" classname="minebayd1.test.TestUser" time="0.001">
<system-out><![CDATA[
unique-id: [engine:junit-jupiter]/[class:minebayd1.test.TestUser]/[test-template:testhasPrevious(minebayd1.User)]/[test-template-invocation:#65]
display-name: [65] Aliou a 50 annonces ouvertes, 3 annonces fermées et 2 achats 

]]></system-out>
</testcase>
<testcase name="testhasPrevious(User)[66]" classname="minebayd1.test.TestUser" time="0.001">
<system-out><![CDATA[
unique-id: [engine:junit-jupiter]/[class:minebayd1.test.TestUser]/[test-template:testhasPrevious(minebayd1.User)]/[test-template-invocation:#66]
display-name: [66] Aliou a 50 annonces ouvertes, 3 annonces fermées et 2 achats 

]]></system-out>
</testcase>
<testcase name="testhasPrevious(User)[67]" classname="minebayd1.test.TestUser" time="0.001">
<system-out><![CDATA[
unique-id: [engine:junit-jupiter]/[class:minebayd1.test.TestUser]/[test-template:testhasPrevious(minebayd1.User)]/[test-template-invocation:#67]
display-name: [67] Mamadou a 59 annonces ouvertes, 2 annonces fermées et 1 achats 

]]></system-out>
</testcase>
<testcase name="testhasPrevious(User)[68]" classname="minebayd1.test.TestUser" time="0.001">
<system-out><![CDATA[
unique-id: [engine:junit-jupiter]/[class:minebayd1.test.TestUser]/[test-template:testhasPrevious(minebayd1.User)]/[test-template-invocation:#68]
display-name: [68] Mamadou a 59 annonces ouvertes, 2 annonces fermées et 1 achats 

]]></system-out>
</testcase>
<testcase name="testhasPrevious(User)[69]" classname="minebayd1.test.TestUser" time="0">
<system-out><![CDATA[
unique-id: [engine:junit-jupiter]/[class:minebayd1.test.TestUser]/[test-template:testhasPrevious(minebayd1.User)]/[test-template-invocation:#69]
display-name: [69] Sonia a 47 annonces ouvertes, 2 annonces fermées et 2 achats 

]]></system-out>
</testcase>
<testcase name="testhasPrevious(User)[70]" classname="minebayd1.test.TestUser" time="0.001">
<system-out><![CDATA[
unique-id: [engine:junit-jupiter]/[class:minebayd1.test.TestUser]/[test-template:testhasPrevious(minebayd1.User)]/[test-template-invocation:#70]
display-name: [70] Mamadou a 59 annonces ouvertes, 2 annonces fermées et 1 achats 

]]></system-out>
</testcase>
<testcase name="testhasPrevious(User)[71]" classname="minebayd1.test.TestUser" time="0">
<system-out><![CDATA[
unique-id: [engine:junit-jupiter]/[class:minebayd1.test.TestUser]/[test-template:testhasPrevious(minebayd1.User)]/[test-template-invocation:#71]
display-name: [71] Sonia a 47 annonces ouvertes, 2 annonces fermées et 2 achats 

]]></system-out>
</testcase>
<testcase name="testhasPrevious(User)[72]" classname="minebayd1.test.TestUser" time="0">
<system-out><![CDATA[
unique-id: [engine:junit-jupiter]/[class:minebayd1.test.TestUser]/[test-template:testhasPrevious(minebayd1.User)]/[test-template-invocation:#72]
display-name: [72] Ziad a 48 annonces ouvertes, 4 annonces fermées et 2 achats 

]]></system-out>
</testcase>
<testcase name="testhasPrevious(User)[73]" classname="minebayd1.test.TestUser" time="0.001">
<system-out><![CDATA[
unique-id: [engine:junit-jupiter]/[class:minebayd1.test.TestUser]/[test-template:testhasPrevious(minebayd1.User)]/[test-template-invocation:#73]
display-name: [73] Ayman a 53 annonces ouvertes, 4 annonces fermées et 4 achats 

]]></system-out>
</testcase>
<testcase name="testhasPrevious(User)[74]" classname="minebayd1.test.TestUser" time="0.002">
<system-out><![CDATA[
unique-id: [engine:junit-jupiter]/[class:minebayd1.test.TestUser]/[test-template:testhasPrevious(minebayd1.User)]/[test-template-invocation:#74]
display-name: [74] Issa a 70 annonces ouvertes, 3 annonces fermées et 3 achats 

]]></system-out>
</testcase>
<testcase name="testhasPrevious(User)[75]" classname="minebayd1.test.TestUser" time="0.001">
<system-out><![CDATA[
unique-id: [engine:junit-jupiter]/[class:minebayd1.test.TestUser]/[test-template:testhasPrevious(minebayd1.User)]/[test-template-invocation:#75]
display-name: [75] Nima a 50 annonces ouvertes, 1 annonces fermées et 4 achats 

]]></system-out>
</testcase>
<testcase name="testhasPrevious(User)[76]" classname="minebayd1.test.TestUser" time="0.001">
<system-out><![CDATA[
unique-id: [engine:junit-jupiter]/[class:minebayd1.test.TestUser]/[test-template:testhasPrevious(minebayd1.User)]/[test-template-invocation:#76]
display-name: [76] Yanis a 61 annonces ouvertes, 4 annonces fermées et 3 achats 

]]></system-out>
</testcase>
<testcase name="testhasPrevious(User)[77]" classname="minebayd1.test.TestUser" time="0.001">
<system-out><![CDATA[
unique-id: [engine:junit-jupiter]/[class:minebayd1.test.TestUser]/[test-template:testhasPrevious(minebayd1.User)]/[test-template-invocation:#77]
display-name: [77] Naila a 60 annonces ouvertes, 3 annonces fermées et 4 achats 

]]></system-out>
</testcase>
<testcase name="testhasPrevious(User)[78]" classname="minebayd1.test.TestUser" time="0.001">
<system-out><![CDATA[
unique-id: [engine:junit-jupiter]/[class:minebayd1.test.TestUser]/[test-template:testhasPrevious(minebayd1.User)]/[test-template-invocation:#78]
display-name: [78] Ismael a 59 annonces ouvertes, 1 annonces fermées et 3 achats 

]]></system-out>
</testcase>
<testcase name="testhasPrevious(User)[79]" classname="minebayd1.test.TestUser" time="0">
<system-out><![CDATA[
unique-id: [engine:junit-jupiter]/[class:minebayd1.test.TestUser]/[test-template:testhasPrevious(minebayd1.User)]/[test-template-invocation:#79]
display-name: [79] Lyes a 65 annonces ouvertes, 1 annonces fermées et 3 achats 

]]></system-out>
</testcase>
<testcase name="testhasPrevious(User)[80]" classname="minebayd1.test.TestUser" time="0.001">
<system-out><![CDATA[
unique-id: [engine:junit-jupiter]/[class:minebayd1.test.TestUser]/[test-template:testhasPrevious(minebayd1.User)]/[test-template-invocation:#80]
display-name: [80] Mamadou a 59 annonces ouvertes, 2 annonces fermées et 1 achats 

]]></system-out>
</testcase>
<testcase name="testhasPrevious(User)[81]" classname="minebayd1.test.TestUser" time="0.001">
<system-out><![CDATA[
unique-id: [engine:junit-jupiter]/[class:minebayd1.test.TestUser]/[test-template:testhasPrevious(minebayd1.User)]/[test-template-invocation:#81]
display-name: [81] Aliou a 50 annonces ouvertes, 3 annonces fermées et 2 achats 

]]></system-out>
</testcase>
<testcase name="testhasPrevious(User)[82]" classname="minebayd1.test.TestUser" time="0.001">
<system-out><![CDATA[
unique-id: [engine:junit-jupiter]/[class:minebayd1.test.TestUser]/[test-template:testhasPrevious(minebayd1.User)]/[test-template-invocation:#82]
display-name: [82] Boris a 63 annonces ouvertes, 2 annonces fermées et 3 achats 

]]></system-out>
</testcase>
<testcase name="testhasPrevious(User)[83]" classname="minebayd1.test.TestUser" time="0.001">
<system-out><![CDATA[
unique-id: [engine:junit-jupiter]/[class:minebayd1.test.TestUser]/[test-template:testhasPrevious(minebayd1.User)]/[test-template-invocation:#83]
display-name: [83] Ali a 57 annonces ouvertes, 6 annonces fermées et 3 achats 

]]></system-out>
</testcase>
<testcase name="testhasPrevious(User)[84]" classname="minebayd1.test.TestUser" time="0">
<system-out><![CDATA[
unique-id: [engine:junit-jupiter]/[class:minebayd1.test.TestUser]/[test-template:testhasPrevious(minebayd1.User)]/[test-template-invocation:#84]
display-name: [84] Yanis a 61 annonces ouvertes, 4 annonces fermées et 3 achats 

]]></system-out>
</testcase>
<testcase name="testhasPrevious(User)[85]" classname="minebayd1.test.TestUser" time="0">
<system-out><![CDATA[
unique-id: [engine:junit-jupiter]/[class:minebayd1.test.TestUser]/[test-template:testhasPrevious(minebayd1.User)]/[test-template-invocation:#85]
display-name: [85] Mohamed a 45 annonces ouvertes, 2 annonces fermées et 3 achats 

]]></system-out>
</testcase>
<testcase name="testhasPrevious(User)[86]" classname="minebayd1.test.TestUser" time="0">
<system-out><![CDATA[
unique-id: [engine:junit-jupiter]/[class:minebayd1.test.TestUser]/[test-template:testhasPrevious(minebayd1.User)]/[test-template-invocation:#86]
display-name: [86] Mohamed a 45 annonces ouvertes, 2 annonces fermées et 3 achats 

]]></system-out>
</testcase>
<testcase name="testhasPrevious(User)[87]" classname="minebayd1.test.TestUser" time="0.002">
<system-out><![CDATA[
unique-id: [engine:junit-jupiter]/[class:minebayd1.test.TestUser]/[test-template:testhasPrevious(minebayd1.User)]/[test-template-invocation:#87]
display-name: [87] Marcel a 63 annonces ouvertes, 4 annonces fermées et 4 achats 

]]></system-out>
</testcase>
<testcase name="testhasPrevious(User)[88]" classname="minebayd1.test.TestUser" time="0.001">
<system-out><![CDATA[
unique-id: [engine:junit-jupiter]/[class:minebayd1.test.TestUser]/[test-template:testhasPrevious(minebayd1.User)]/[test-template-invocation:#88]
display-name: [88] Nima a 50 annonces ouvertes, 1 annonces fermées et 4 achats 

]]></system-out>
</testcase>
<testcase name="testhasPrevious(User)[89]" classname="minebayd1.test.TestUser" time="0">
<system-out><![CDATA[
unique-id: [engine:junit-jupiter]/[class:minebayd1.test.TestUser]/[test-template:testhasPrevious(minebayd1.User)]/[test-template-invocation:#89]
display-name: [89] Issa a 70 annonces ouvertes, 3 annonces fermées et 3 achats 

]]></system-out>
</testcase>
<testcase name="testhasPrevious(User)[90]" classname="minebayd1.test.TestUser" time="0">
<system-out><![CDATA[
unique-id: [engine:junit-jupiter]/[class:minebayd1.test.TestUser]/[test-template:testhasPrevious(minebayd1.User)]/[test-template-invocation:#90]
display-name: [90] Sonia a 47 annonces ouvertes, 2 annonces fermées et 2 achats 

]]></system-out>
</testcase>
<testcase name="testhasPrevious(User)[91]" classname="minebayd1.test.TestUser" time="0">
<system-out><![CDATA[
unique-id: [engine:junit-jupiter]/[class:minebayd1.test.TestUser]/[test-template:testhasPrevious(minebayd1.User)]/[test-template-invocation:#91]
display-name: [91] Sonia a 47 annonces ouvertes, 2 annonces fermées et 2 achats 

]]></system-out>
</testcase>
<testcase name="testhasPrevious(User)[92]" classname="minebayd1.test.TestUser" time="0">
<system-out><![CDATA[
unique-id: [engine:junit-jupiter]/[class:minebayd1.test.TestUser]/[test-template:testhasPrevious(minebayd1.User)]/[test-template-invocation:#92]
display-name: [92] Ziad a 48 annonces ouvertes, 4 annonces fermées et 2 achats 

]]></system-out>
</testcase>
<testcase name="testhasPrevious(User)[93]" classname="minebayd1.test.TestUser" time="0">
<system-out><![CDATA[
unique-id: [engine:junit-jupiter]/[class:minebayd1.test.TestUser]/[test-template:testhasPrevious(minebayd1.User)]/[test-template-invocation:#93]
display-name: [93] Idir a 58 annonces ouvertes, 5 annonces fermées et 4 achats 

]]></system-out>
</testcase>
<testcase name="testhasPrevious(User)[94]" classname="minebayd1.test.TestUser" time="0">
<system-out><![CDATA[
unique-id: [engine:junit-jupiter]/[class:minebayd1.test.TestUser]/[test-template:testhasPrevious(minebayd1.User)]/[test-template-invocation:#94]
display-name: [94] Aliou a 50 annonces ouvertes, 3 annonces fermées et 2 achats 

]]></system-out>
</testcase>
<testcase name="testhasPrevious(User)[95]" classname="minebayd1.test.TestUser" time="0.001">
<system-out><![CDATA[
unique-id: [engine:junit-jupiter]/[class:minebayd1.test.TestUser]/[test-template:testhasPrevious(minebayd1.User)]/[test-template-invocation:#95]
display-name: [95] Naila a 60 annonces ouvertes, 3 annonces fermées et 4 achats 

]]></system-out>
</testcase>
<testcase name="testhasPrevious(User)[96]" classname="minebayd1.test.TestUser" time="0.001">
<system-out><![CDATA[
unique-id: [engine:junit-jupiter]/[class:minebayd1.test.TestUser]/[test-template:testhasPrevious(minebayd1.User)]/[test-template-invocation:#96]
display-name: [96] Mamadou a 59 annonces ouvertes, 2 annonces fermées et 1 achats 

]]></system-out>
</testcase>
<testcase name="testhasPrevious(User)[97]" classname="minebayd1.test.TestUser" time="0.001">
<system-out><![CDATA[
unique-id: [engine:junit-jupiter]/[class:minebayd1.test.TestUser]/[test-template:testhasPrevious(minebayd1.User)]/[test-template-invocation:#97]
display-name: [97] Ali a 57 annonces ouvertes, 6 annonces fermées et 3 achats 

]]></system-out>
</testcase>
<testcase name="testhasPrevious(User)[98]" classname="minebayd1.test.TestUser" time="0.001">
<system-out><![CDATA[
unique-id: [engine:junit-jupiter]/[class:minebayd1.test.TestUser]/[test-template:testhasPrevious(minebayd1.User)]/[test-template-invocation:#98]
display-name: [98] Mamadou a 59 annonces ouvertes, 2 annonces fermées et 1 achats 

]]></system-out>
</testcase>
<testcase name="testhasPrevious(User)[99]" classname="minebayd1.test.TestUser" time="0">
<system-out><![CDATA[
unique-id: [engine:junit-jupiter]/[class:minebayd1.test.TestUser]/[test-template:testhasPrevious(minebayd1.User)]/[test-template-invocation:#99]
display-name: [99] Mounir a 59 annonces ouvertes, 2 annonces fermées et 2 achats 

]]></system-out>
</testcase>
<testcase name="testhasPrevious(User)[100]" classname="minebayd1.test.TestUser" time="0">
<system-out><![CDATA[
unique-id: [engine:junit-jupiter]/[class:minebayd1.test.TestUser]/[test-template:testhasPrevious(minebayd1.User)]/[test-template-invocation:#100]
display-name: [100] Rosa a 40 annonces ouvertes, 4 annonces fermées et 2 achats 

]]></system-out>
</testcase>
<testcase name="testprevious(User)[1]" classname="minebayd1.test.TestUser" time="0">
<system-out><![CDATA[
unique-id: [engine:junit-jupiter]/[class:minebayd1.test.TestUser]/[test-template:testprevious(minebayd1.User)]/[test-template-invocation:#1]
display-name: [1] Idir a 58 annonces ouvertes, 5 annonces fermées et 4 achats 

]]></system-out>
</testcase>
<testcase name="testprevious(User)[2]" classname="minebayd1.test.TestUser" time="0">
<system-out><![CDATA[
unique-id: [engine:junit-jupiter]/[class:minebayd1.test.TestUser]/[test-template:testprevious(minebayd1.User)]/[test-template-invocation:#2]
display-name: [2] Idir a 58 annonces ouvertes, 5 annonces fermées et 4 achats 

]]></system-out>
</testcase>
<testcase name="testprevious(User)[3]" classname="minebayd1.test.TestUser" time="0">
<skipped><![CDATA[org.opentest4j.TestAbortedException: Assumption failed: assumption is not true
	at org.junit.jupiter.api.Assumptions.throwTestAbortedException(Assumptions.java:256)
	at org.junit.jupiter.api.Assumptions.assumeTrue(Assumptions.java:115)
	at org.junit.jupiter.api.Assumptions.assumeTrue(Assumptions.java:66)
	at minebayd1.test.TestUser.testprevious(TestUser.java:1288)
	at java.base/jdk.internal.reflect.NativeMethodAccessorImpl.invoke0(Native Method)
	at java.base/jdk.internal.reflect.NativeMethodAccessorImpl.invoke(NativeMethodAccessorImpl.java:77)
	at java.base/jdk.internal.reflect.DelegatingMethodAccessorImpl.invoke(DelegatingMethodAccessorImpl.java:43)
	at java.base/java.lang.reflect.Method.invoke(Method.java:569)
	at org.junit.platform.commons.util.ReflectionUtils.invokeMethod(ReflectionUtils.java:688)
	at org.junit.jupiter.engine.execution.MethodInvocation.proceed(MethodInvocation.java:60)
	at org.junit.jupiter.engine.execution.InvocationInterceptorChain$ValidatingInvocation.proceed(InvocationInterceptorChain.java:131)
	at org.junit.jupiter.engine.extension.TimeoutExtension.intercept(TimeoutExtension.java:149)
	at org.junit.jupiter.engine.extension.TimeoutExtension.interceptTestableMethod(TimeoutExtension.java:140)
	at org.junit.jupiter.engine.extension.TimeoutExtension.interceptTestTemplateMethod(TimeoutExtension.java:92)
	at org.junit.jupiter.engine.execution.ExecutableInvoker$ReflectiveInterceptorCall.lambda$ofVoidMethod$0(ExecutableInvoker.java:115)
	at org.junit.jupiter.engine.execution.ExecutableInvoker.lambda$invoke$0(ExecutableInvoker.java:105)
	at org.junit.jupiter.engine.execution.InvocationInterceptorChain$InterceptedInvocation.proceed(InvocationInterceptorChain.java:106)
	at org.junit.jupiter.engine.execution.InvocationInterceptorChain.proceed(InvocationInterceptorChain.java:64)
	at org.junit.jupiter.engine.execution.InvocationInterceptorChain.chainAndInvoke(InvocationInterceptorChain.java:45)
	at org.junit.jupiter.engine.execution.InvocationInterceptorChain.invoke(InvocationInterceptorChain.java:37)
	at org.junit.jupiter.engine.execution.ExecutableInvoker.invoke(ExecutableInvoker.java:104)
	at org.junit.jupiter.engine.execution.ExecutableInvoker.invoke(ExecutableInvoker.java:98)
	at org.junit.jupiter.engine.descriptor.TestMethodTestDescriptor.lambda$invokeTestMethod$6(TestMethodTestDescriptor.java:210)
	at org.junit.platform.engine.support.hierarchical.ThrowableCollector.execute(ThrowableCollector.java:73)
	at org.junit.jupiter.engine.descriptor.TestMethodTestDescriptor.invokeTestMethod(TestMethodTestDescriptor.java:206)
	at org.junit.jupiter.engine.descriptor.TestMethodTestDescriptor.execute(TestMethodTestDescriptor.java:131)
	at org.junit.jupiter.engine.descriptor.TestMethodTestDescriptor.execute(TestMethodTestDescriptor.java:65)
	at org.junit.platform.engine.support.hierarchical.NodeTestTask.lambda$executeRecursively$5(NodeTestTask.java:139)
	at org.junit.platform.engine.support.hierarchical.ThrowableCollector.execute(ThrowableCollector.java:73)
	at org.junit.platform.engine.support.hierarchical.NodeTestTask.lambda$executeRecursively$7(NodeTestTask.java:129)
	at org.junit.platform.engine.support.hierarchical.Node.around(Node.java:137)
	at org.junit.platform.engine.support.hierarchical.NodeTestTask.lambda$executeRecursively$8(NodeTestTask.java:127)
	at org.junit.platform.engine.support.hierarchical.ThrowableCollector.execute(ThrowableCollector.java:73)
	at org.junit.platform.engine.support.hierarchical.NodeTestTask.executeRecursively(NodeTestTask.java:126)
	at org.junit.platform.engine.support.hierarchical.NodeTestTask.execute(NodeTestTask.java:84)
	at org.junit.platform.engine.support.hierarchical.SameThreadHierarchicalTestExecutorService.submit(SameThreadHierarchicalTestExecutorService.java:32)
	at org.junit.platform.engine.support.hierarchical.NodeTestTask$DefaultDynamicTestExecutor.execute(NodeTestTask.java:212)
	at org.junit.platform.engine.support.hierarchical.NodeTestTask$DefaultDynamicTestExecutor.execute(NodeTestTask.java:192)
	at org.junit.jupiter.engine.descriptor.TestTemplateTestDescriptor.execute(TestTemplateTestDescriptor.java:139)
	at org.junit.jupiter.engine.descriptor.TestTemplateTestDescriptor.lambda$execute$2(TestTemplateTestDescriptor.java:107)
	at java.base/java.util.stream.ForEachOps$ForEachOp$OfRef.accept(ForEachOps.java:183)
	at java.base/java.util.stream.ReferencePipeline$3$1.accept(ReferencePipeline.java:197)
	at java.base/java.util.stream.ReferencePipeline$2$1.accept(ReferencePipeline.java:179)
	at java.base/java.util.stream.ReferencePipeline$3$1.accept(ReferencePipeline.java:197)
	at java.base/java.util.stream.ForEachOps$ForEachOp$OfRef.accept(ForEachOps.java:183)
	at java.base/java.util.stream.ReferencePipeline$15$1.accept(ReferencePipeline.java:541)
	at java.base/java.util.stream.ReferencePipeline$3$1.accept(ReferencePipeline.java:197)
	at java.base/java.util.stream.ReferencePipeline$3$1.accept(ReferencePipeline.java:197)
	at java.base/java.util.stream.ReferencePipeline$3$1.accept(ReferencePipeline.java:197)
	at java.base/java.util.stream.ForEachOps$ForEachOp$OfRef.accept(ForEachOps.java:183)
	at java.base/java.util.stream.ReferencePipeline$3$1.accept(ReferencePipeline.java:197)
	at java.base/java.util.stream.ForEachOps$ForEachOp$OfRef.accept(ForEachOps.java:183)
	at java.base/java.util.stream.SliceOps$1$1.accept(SliceOps.java:200)
	at java.base/java.util.stream.StreamSpliterators$InfiniteSupplyingSpliterator$OfRef.tryAdvance(StreamSpliterators.java:1358)
	at java.base/java.util.stream.ReferencePipeline.forEachWithCancel(ReferencePipeline.java:129)
	at java.base/java.util.stream.AbstractPipeline.copyIntoWithCancel(AbstractPipeline.java:527)
	at java.base/java.util.stream.AbstractPipeline.copyInto(AbstractPipeline.java:513)
	at java.base/java.util.stream.AbstractPipeline.wrapAndCopyInto(AbstractPipeline.java:499)
	at java.base/java.util.stream.ForEachOps$ForEachOp.evaluateSequential(ForEachOps.java:150)
	at java.base/java.util.stream.ForEachOps$ForEachOp$OfRef.evaluateSequential(ForEachOps.java:173)
	at java.base/java.util.stream.AbstractPipeline.evaluate(AbstractPipeline.java:234)
	at java.base/java.util.stream.ReferencePipeline.forEach(ReferencePipeline.java:596)
	at java.base/java.util.stream.ReferencePipeline$7$1.accept(ReferencePipeline.java:276)
	at java.base/java.util.stream.ReferencePipeline$3$1.accept(ReferencePipeline.java:197)
	at java.base/java.util.stream.ReferencePipeline$3$1.accept(ReferencePipeline.java:197)
	at java.base/java.util.Spliterators$ArraySpliterator.forEachRemaining(Spliterators.java:992)
	at java.base/java.util.stream.AbstractPipeline.copyInto(AbstractPipeline.java:509)
	at java.base/java.util.stream.AbstractPipeline.wrapAndCopyInto(AbstractPipeline.java:499)
	at java.base/java.util.stream.ForEachOps$ForEachOp.evaluateSequential(ForEachOps.java:150)
	at java.base/java.util.stream.ForEachOps$ForEachOp$OfRef.evaluateSequential(ForEachOps.java:173)
	at java.base/java.util.stream.AbstractPipeline.evaluate(AbstractPipeline.java:234)
	at java.base/java.util.stream.ReferencePipeline.forEach(ReferencePipeline.java:596)
	at java.base/java.util.stream.ReferencePipeline$7$1.accept(ReferencePipeline.java:276)
	at java.base/java.util.stream.ReferencePipeline$3$1.accept(ReferencePipeline.java:197)
	at java.base/java.util.stream.ReferencePipeline$3$1.accept(ReferencePipeline.java:197)
	at java.base/java.util.stream.ReferencePipeline$3$1.accept(ReferencePipeline.java:197)
	at java.base/java.util.ArrayList$ArrayListSpliterator.forEachRemaining(ArrayList.java:1625)
	at java.base/java.util.stream.AbstractPipeline.copyInto(AbstractPipeline.java:509)
	at java.base/java.util.stream.AbstractPipeline.wrapAndCopyInto(AbstractPipeline.java:499)
	at java.base/java.util.stream.ForEachOps$ForEachOp.evaluateSequential(ForEachOps.java:150)
	at java.base/java.util.stream.ForEachOps$ForEachOp$OfRef.evaluateSequential(ForEachOps.java:173)
	at java.base/java.util.stream.AbstractPipeline.evaluate(AbstractPipeline.java:234)
	at java.base/java.util.stream.ReferencePipeline.forEach(ReferencePipeline.java:596)
	at java.base/java.util.stream.ReferencePipeline$7$1.accept(ReferencePipeline.java:276)
	at java.base/java.util.ArrayList$ArrayListSpliterator.forEachRemaining(ArrayList.java:1625)
	at java.base/java.util.stream.AbstractPipeline.copyInto(AbstractPipeline.java:509)
	at java.base/java.util.stream.AbstractPipeline.wrapAndCopyInto(AbstractPipeline.java:499)
	at java.base/java.util.stream.ForEachOps$ForEachOp.evaluateSequential(ForEachOps.java:150)
	at java.base/java.util.stream.ForEachOps$ForEachOp$OfRef.evaluateSequential(ForEachOps.java:173)
	at java.base/java.util.stream.AbstractPipeline.evaluate(AbstractPipeline.java:234)
	at java.base/java.util.stream.ReferencePipeline.forEach(ReferencePipeline.java:596)
	at org.junit.jupiter.engine.descriptor.TestTemplateTestDescriptor.execute(TestTemplateTestDescriptor.java:107)
	at org.junit.jupiter.engine.descriptor.TestTemplateTestDescriptor.execute(TestTemplateTestDescriptor.java:42)
	at org.junit.platform.engine.support.hierarchical.NodeTestTask.lambda$executeRecursively$5(NodeTestTask.java:139)
	at org.junit.platform.engine.support.hierarchical.ThrowableCollector.execute(ThrowableCollector.java:73)
	at org.junit.platform.engine.support.hierarchical.NodeTestTask.lambda$executeRecursively$7(NodeTestTask.java:129)
	at org.junit.platform.engine.support.hierarchical.Node.around(Node.java:137)
	at org.junit.platform.engine.support.hierarchical.NodeTestTask.lambda$executeRecursively$8(NodeTestTask.java:127)
	at org.junit.platform.engine.support.hierarchical.ThrowableCollector.execute(ThrowableCollector.java:73)
	at org.junit.platform.engine.support.hierarchical.NodeTestTask.executeRecursively(NodeTestTask.java:126)
	at org.junit.platform.engine.support.hierarchical.NodeTestTask.execute(NodeTestTask.java:84)
	at java.base/java.util.ArrayList.forEach(ArrayList.java:1511)
	at org.junit.platform.engine.support.hierarchical.SameThreadHierarchicalTestExecutorService.invokeAll(SameThreadHierarchicalTestExecutorService.java:38)
	at org.junit.platform.engine.support.hierarchical.NodeTestTask.lambda$executeRecursively$5(NodeTestTask.java:143)
	at org.junit.platform.engine.support.hierarchical.ThrowableCollector.execute(ThrowableCollector.java:73)
	at org.junit.platform.engine.support.hierarchical.NodeTestTask.lambda$executeRecursively$7(NodeTestTask.java:129)
	at org.junit.platform.engine.support.hierarchical.Node.around(Node.java:137)
	at org.junit.platform.engine.support.hierarchical.NodeTestTask.lambda$executeRecursively$8(NodeTestTask.java:127)
	at org.junit.platform.engine.support.hierarchical.ThrowableCollector.execute(ThrowableCollector.java:73)
	at org.junit.platform.engine.support.hierarchical.NodeTestTask.executeRecursively(NodeTestTask.java:126)
	at org.junit.platform.engine.support.hierarchical.NodeTestTask.execute(NodeTestTask.java:84)
	at java.base/java.util.ArrayList.forEach(ArrayList.java:1511)
	at org.junit.platform.engine.support.hierarchical.SameThreadHierarchicalTestExecutorService.invokeAll(SameThreadHierarchicalTestExecutorService.java:38)
	at org.junit.platform.engine.support.hierarchical.NodeTestTask.lambda$executeRecursively$5(NodeTestTask.java:143)
	at org.junit.platform.engine.support.hierarchical.ThrowableCollector.execute(ThrowableCollector.java:73)
	at org.junit.platform.engine.support.hierarchical.NodeTestTask.lambda$executeRecursively$7(NodeTestTask.java:129)
	at org.junit.platform.engine.support.hierarchical.Node.around(Node.java:137)
	at org.junit.platform.engine.support.hierarchical.NodeTestTask.lambda$executeRecursively$8(NodeTestTask.java:127)
	at org.junit.platform.engine.support.hierarchical.ThrowableCollector.execute(ThrowableCollector.java:73)
	at org.junit.platform.engine.support.hierarchical.NodeTestTask.executeRecursively(NodeTestTask.java:126)
	at org.junit.platform.engine.support.hierarchical.NodeTestTask.execute(NodeTestTask.java:84)
	at org.junit.platform.engine.support.hierarchical.SameThreadHierarchicalTestExecutorService.submit(SameThreadHierarchicalTestExecutorService.java:32)
	at org.junit.platform.engine.support.hierarchical.HierarchicalTestExecutor.execute(HierarchicalTestExecutor.java:57)
	at org.junit.platform.engine.support.hierarchical.HierarchicalTestEngine.execute(HierarchicalTestEngine.java:51)
	at org.junit.platform.launcher.core.EngineExecutionOrchestrator.execute(EngineExecutionOrchestrator.java:108)
	at org.junit.platform.launcher.core.EngineExecutionOrchestrator.execute(EngineExecutionOrchestrator.java:88)
	at org.junit.platform.launcher.core.EngineExecutionOrchestrator.lambda$execute$0(EngineExecutionOrchestrator.java:54)
	at org.junit.platform.launcher.core.EngineExecutionOrchestrator.withInterceptedStreams(EngineExecutionOrchestrator.java:67)
	at org.junit.platform.launcher.core.EngineExecutionOrchestrator.execute(EngineExecutionOrchestrator.java:52)
	at org.junit.platform.launcher.core.DefaultLauncher.execute(DefaultLauncher.java:96)
	at org.junit.platform.launcher.core.DefaultLauncher.execute(DefaultLauncher.java:75)
	at org.junit.platform.console.tasks.ConsoleTestExecutor.executeTests(ConsoleTestExecutor.java:66)
	at org.junit.platform.console.tasks.ConsoleTestExecutor.lambda$execute$0(ConsoleTestExecutor.java:58)
	at org.junit.platform.console.tasks.CustomContextClassLoaderExecutor.replaceThreadContextClassLoaderAndInvoke(CustomContextClassLoaderExecutor.java:41)
	at org.junit.platform.console.tasks.CustomContextClassLoaderExecutor.invoke(CustomContextClassLoaderExecutor.java:31)
	at org.junit.platform.console.tasks.ConsoleTestExecutor.execute(ConsoleTestExecutor.java:58)
	at org.junit.platform.console.ConsoleLauncher.executeTests(ConsoleLauncher.java:95)
	at org.junit.platform.console.ConsoleLauncher.execute(ConsoleLauncher.java:73)
	at org.junit.platform.console.ConsoleLauncher.execute(ConsoleLauncher.java:50)
	at org.junit.platform.console.ConsoleLauncher.execute(ConsoleLauncher.java:43)
	at org.junit.platform.console.ConsoleLauncher.main(ConsoleLauncher.java:37)
]]></skipped>
<system-out><![CDATA[
unique-id: [engine:junit-jupiter]/[class:minebayd1.test.TestUser]/[test-template:testprevious(minebayd1.User)]/[test-template-invocation:#3]
display-name: [3] Sheraz a 49 annonces ouvertes, 3 annonces fermées et 6 achats 

]]></system-out>
</testcase>
<testcase name="testprevious(User)[4]" classname="minebayd1.test.TestUser" time="0">
<system-out><![CDATA[
unique-id: [engine:junit-jupiter]/[class:minebayd1.test.TestUser]/[test-template:testprevious(minebayd1.User)]/[test-template-invocation:#4]
display-name: [4] Nima a 50 annonces ouvertes, 1 annonces fermées et 4 achats 

]]></system-out>
</testcase>
<testcase name="testprevious(User)[5]" classname="minebayd1.test.TestUser" time="0">
<system-out><![CDATA[
unique-id: [engine:junit-jupiter]/[class:minebayd1.test.TestUser]/[test-template:testprevious(minebayd1.User)]/[test-template-invocation:#5]
display-name: [5] Yanis a 61 annonces ouvertes, 4 annonces fermées et 3 achats 

]]></system-out>
</testcase>
<testcase name="testprevious(User)[6]" classname="minebayd1.test.TestUser" time="0">
<system-out><![CDATA[
unique-id: [engine:junit-jupiter]/[class:minebayd1.test.TestUser]/[test-template:testprevious(minebayd1.User)]/[test-template-invocation:#6]
display-name: [6] Pierre a 41 annonces ouvertes, 5 annonces fermées et 2 achats 

]]></system-out>
</testcase>
<testcase name="testprevious(User)[7]" classname="minebayd1.test.TestUser" time="0">
<system-out><![CDATA[
unique-id: [engine:junit-jupiter]/[class:minebayd1.test.TestUser]/[test-template:testprevious(minebayd1.User)]/[test-template-invocation:#7]
display-name: [7] Faycal a 51 annonces ouvertes, 3 annonces fermées et 4 achats 

]]></system-out>
</testcase>
<testcase name="testprevious(User)[8]" classname="minebayd1.test.TestUser" time="0">
<skipped><![CDATA[org.opentest4j.TestAbortedException: Assumption failed: assumption is not true
	at org.junit.jupiter.api.Assumptions.throwTestAbortedException(Assumptions.java:256)
	at org.junit.jupiter.api.Assumptions.assumeTrue(Assumptions.java:115)
	at org.junit.jupiter.api.Assumptions.assumeTrue(Assumptions.java:66)
	at minebayd1.test.TestUser.testprevious(TestUser.java:1288)
	at java.base/jdk.internal.reflect.NativeMethodAccessorImpl.invoke0(Native Method)
	at java.base/jdk.internal.reflect.NativeMethodAccessorImpl.invoke(NativeMethodAccessorImpl.java:77)
	at java.base/jdk.internal.reflect.DelegatingMethodAccessorImpl.invoke(DelegatingMethodAccessorImpl.java:43)
	at java.base/java.lang.reflect.Method.invoke(Method.java:569)
	at org.junit.platform.commons.util.ReflectionUtils.invokeMethod(ReflectionUtils.java:688)
	at org.junit.jupiter.engine.execution.MethodInvocation.proceed(MethodInvocation.java:60)
	at org.junit.jupiter.engine.execution.InvocationInterceptorChain$ValidatingInvocation.proceed(InvocationInterceptorChain.java:131)
	at org.junit.jupiter.engine.extension.TimeoutExtension.intercept(TimeoutExtension.java:149)
	at org.junit.jupiter.engine.extension.TimeoutExtension.interceptTestableMethod(TimeoutExtension.java:140)
	at org.junit.jupiter.engine.extension.TimeoutExtension.interceptTestTemplateMethod(TimeoutExtension.java:92)
	at org.junit.jupiter.engine.execution.ExecutableInvoker$ReflectiveInterceptorCall.lambda$ofVoidMethod$0(ExecutableInvoker.java:115)
	at org.junit.jupiter.engine.execution.ExecutableInvoker.lambda$invoke$0(ExecutableInvoker.java:105)
	at org.junit.jupiter.engine.execution.InvocationInterceptorChain$InterceptedInvocation.proceed(InvocationInterceptorChain.java:106)
	at org.junit.jupiter.engine.execution.InvocationInterceptorChain.proceed(InvocationInterceptorChain.java:64)
	at org.junit.jupiter.engine.execution.InvocationInterceptorChain.chainAndInvoke(InvocationInterceptorChain.java:45)
	at org.junit.jupiter.engine.execution.InvocationInterceptorChain.invoke(InvocationInterceptorChain.java:37)
	at org.junit.jupiter.engine.execution.ExecutableInvoker.invoke(ExecutableInvoker.java:104)
	at org.junit.jupiter.engine.execution.ExecutableInvoker.invoke(ExecutableInvoker.java:98)
	at org.junit.jupiter.engine.descriptor.TestMethodTestDescriptor.lambda$invokeTestMethod$6(TestMethodTestDescriptor.java:210)
	at org.junit.platform.engine.support.hierarchical.ThrowableCollector.execute(ThrowableCollector.java:73)
	at org.junit.jupiter.engine.descriptor.TestMethodTestDescriptor.invokeTestMethod(TestMethodTestDescriptor.java:206)
	at org.junit.jupiter.engine.descriptor.TestMethodTestDescriptor.execute(TestMethodTestDescriptor.java:131)
	at org.junit.jupiter.engine.descriptor.TestMethodTestDescriptor.execute(TestMethodTestDescriptor.java:65)
	at org.junit.platform.engine.support.hierarchical.NodeTestTask.lambda$executeRecursively$5(NodeTestTask.java:139)
	at org.junit.platform.engine.support.hierarchical.ThrowableCollector.execute(ThrowableCollector.java:73)
	at org.junit.platform.engine.support.hierarchical.NodeTestTask.lambda$executeRecursively$7(NodeTestTask.java:129)
	at org.junit.platform.engine.support.hierarchical.Node.around(Node.java:137)
	at org.junit.platform.engine.support.hierarchical.NodeTestTask.lambda$executeRecursively$8(NodeTestTask.java:127)
	at org.junit.platform.engine.support.hierarchical.ThrowableCollector.execute(ThrowableCollector.java:73)
	at org.junit.platform.engine.support.hierarchical.NodeTestTask.executeRecursively(NodeTestTask.java:126)
	at org.junit.platform.engine.support.hierarchical.NodeTestTask.execute(NodeTestTask.java:84)
	at org.junit.platform.engine.support.hierarchical.SameThreadHierarchicalTestExecutorService.submit(SameThreadHierarchicalTestExecutorService.java:32)
	at org.junit.platform.engine.support.hierarchical.NodeTestTask$DefaultDynamicTestExecutor.execute(NodeTestTask.java:212)
	at org.junit.platform.engine.support.hierarchical.NodeTestTask$DefaultDynamicTestExecutor.execute(NodeTestTask.java:192)
	at org.junit.jupiter.engine.descriptor.TestTemplateTestDescriptor.execute(TestTemplateTestDescriptor.java:139)
	at org.junit.jupiter.engine.descriptor.TestTemplateTestDescriptor.lambda$execute$2(TestTemplateTestDescriptor.java:107)
	at java.base/java.util.stream.ForEachOps$ForEachOp$OfRef.accept(ForEachOps.java:183)
	at java.base/java.util.stream.ReferencePipeline$3$1.accept(ReferencePipeline.java:197)
	at java.base/java.util.stream.ReferencePipeline$2$1.accept(ReferencePipeline.java:179)
	at java.base/java.util.stream.ReferencePipeline$3$1.accept(ReferencePipeline.java:197)
	at java.base/java.util.stream.ForEachOps$ForEachOp$OfRef.accept(ForEachOps.java:183)
	at java.base/java.util.stream.ReferencePipeline$15$1.accept(ReferencePipeline.java:541)
	at java.base/java.util.stream.ReferencePipeline$3$1.accept(ReferencePipeline.java:197)
	at java.base/java.util.stream.ReferencePipeline$3$1.accept(ReferencePipeline.java:197)
	at java.base/java.util.stream.ReferencePipeline$3$1.accept(ReferencePipeline.java:197)
	at java.base/java.util.stream.ForEachOps$ForEachOp$OfRef.accept(ForEachOps.java:183)
	at java.base/java.util.stream.ReferencePipeline$3$1.accept(ReferencePipeline.java:197)
	at java.base/java.util.stream.ForEachOps$ForEachOp$OfRef.accept(ForEachOps.java:183)
	at java.base/java.util.stream.SliceOps$1$1.accept(SliceOps.java:200)
	at java.base/java.util.stream.StreamSpliterators$InfiniteSupplyingSpliterator$OfRef.tryAdvance(StreamSpliterators.java:1358)
	at java.base/java.util.stream.ReferencePipeline.forEachWithCancel(ReferencePipeline.java:129)
	at java.base/java.util.stream.AbstractPipeline.copyIntoWithCancel(AbstractPipeline.java:527)
	at java.base/java.util.stream.AbstractPipeline.copyInto(AbstractPipeline.java:513)
	at java.base/java.util.stream.AbstractPipeline.wrapAndCopyInto(AbstractPipeline.java:499)
	at java.base/java.util.stream.ForEachOps$ForEachOp.evaluateSequential(ForEachOps.java:150)
	at java.base/java.util.stream.ForEachOps$ForEachOp$OfRef.evaluateSequential(ForEachOps.java:173)
	at java.base/java.util.stream.AbstractPipeline.evaluate(AbstractPipeline.java:234)
	at java.base/java.util.stream.ReferencePipeline.forEach(ReferencePipeline.java:596)
	at java.base/java.util.stream.ReferencePipeline$7$1.accept(ReferencePipeline.java:276)
	at java.base/java.util.stream.ReferencePipeline$3$1.accept(ReferencePipeline.java:197)
	at java.base/java.util.stream.ReferencePipeline$3$1.accept(ReferencePipeline.java:197)
	at java.base/java.util.Spliterators$ArraySpliterator.forEachRemaining(Spliterators.java:992)
	at java.base/java.util.stream.AbstractPipeline.copyInto(AbstractPipeline.java:509)
	at java.base/java.util.stream.AbstractPipeline.wrapAndCopyInto(AbstractPipeline.java:499)
	at java.base/java.util.stream.ForEachOps$ForEachOp.evaluateSequential(ForEachOps.java:150)
	at java.base/java.util.stream.ForEachOps$ForEachOp$OfRef.evaluateSequential(ForEachOps.java:173)
	at java.base/java.util.stream.AbstractPipeline.evaluate(AbstractPipeline.java:234)
	at java.base/java.util.stream.ReferencePipeline.forEach(ReferencePipeline.java:596)
	at java.base/java.util.stream.ReferencePipeline$7$1.accept(ReferencePipeline.java:276)
	at java.base/java.util.stream.ReferencePipeline$3$1.accept(ReferencePipeline.java:197)
	at java.base/java.util.stream.ReferencePipeline$3$1.accept(ReferencePipeline.java:197)
	at java.base/java.util.stream.ReferencePipeline$3$1.accept(ReferencePipeline.java:197)
	at java.base/java.util.ArrayList$ArrayListSpliterator.forEachRemaining(ArrayList.java:1625)
	at java.base/java.util.stream.AbstractPipeline.copyInto(AbstractPipeline.java:509)
	at java.base/java.util.stream.AbstractPipeline.wrapAndCopyInto(AbstractPipeline.java:499)
	at java.base/java.util.stream.ForEachOps$ForEachOp.evaluateSequential(ForEachOps.java:150)
	at java.base/java.util.stream.ForEachOps$ForEachOp$OfRef.evaluateSequential(ForEachOps.java:173)
	at java.base/java.util.stream.AbstractPipeline.evaluate(AbstractPipeline.java:234)
	at java.base/java.util.stream.ReferencePipeline.forEach(ReferencePipeline.java:596)
	at java.base/java.util.stream.ReferencePipeline$7$1.accept(ReferencePipeline.java:276)
	at java.base/java.util.ArrayList$ArrayListSpliterator.forEachRemaining(ArrayList.java:1625)
	at java.base/java.util.stream.AbstractPipeline.copyInto(AbstractPipeline.java:509)
	at java.base/java.util.stream.AbstractPipeline.wrapAndCopyInto(AbstractPipeline.java:499)
	at java.base/java.util.stream.ForEachOps$ForEachOp.evaluateSequential(ForEachOps.java:150)
	at java.base/java.util.stream.ForEachOps$ForEachOp$OfRef.evaluateSequential(ForEachOps.java:173)
	at java.base/java.util.stream.AbstractPipeline.evaluate(AbstractPipeline.java:234)
	at java.base/java.util.stream.ReferencePipeline.forEach(ReferencePipeline.java:596)
	at org.junit.jupiter.engine.descriptor.TestTemplateTestDescriptor.execute(TestTemplateTestDescriptor.java:107)
	at org.junit.jupiter.engine.descriptor.TestTemplateTestDescriptor.execute(TestTemplateTestDescriptor.java:42)
	at org.junit.platform.engine.support.hierarchical.NodeTestTask.lambda$executeRecursively$5(NodeTestTask.java:139)
	at org.junit.platform.engine.support.hierarchical.ThrowableCollector.execute(ThrowableCollector.java:73)
	at org.junit.platform.engine.support.hierarchical.NodeTestTask.lambda$executeRecursively$7(NodeTestTask.java:129)
	at org.junit.platform.engine.support.hierarchical.Node.around(Node.java:137)
	at org.junit.platform.engine.support.hierarchical.NodeTestTask.lambda$executeRecursively$8(NodeTestTask.java:127)
	at org.junit.platform.engine.support.hierarchical.ThrowableCollector.execute(ThrowableCollector.java:73)
	at org.junit.platform.engine.support.hierarchical.NodeTestTask.executeRecursively(NodeTestTask.java:126)
	at org.junit.platform.engine.support.hierarchical.NodeTestTask.execute(NodeTestTask.java:84)
	at java.base/java.util.ArrayList.forEach(ArrayList.java:1511)
	at org.junit.platform.engine.support.hierarchical.SameThreadHierarchicalTestExecutorService.invokeAll(SameThreadHierarchicalTestExecutorService.java:38)
	at org.junit.platform.engine.support.hierarchical.NodeTestTask.lambda$executeRecursively$5(NodeTestTask.java:143)
	at org.junit.platform.engine.support.hierarchical.ThrowableCollector.execute(ThrowableCollector.java:73)
	at org.junit.platform.engine.support.hierarchical.NodeTestTask.lambda$executeRecursively$7(NodeTestTask.java:129)
	at org.junit.platform.engine.support.hierarchical.Node.around(Node.java:137)
	at org.junit.platform.engine.support.hierarchical.NodeTestTask.lambda$executeRecursively$8(NodeTestTask.java:127)
	at org.junit.platform.engine.support.hierarchical.ThrowableCollector.execute(ThrowableCollector.java:73)
	at org.junit.platform.engine.support.hierarchical.NodeTestTask.executeRecursively(NodeTestTask.java:126)
	at org.junit.platform.engine.support.hierarchical.NodeTestTask.execute(NodeTestTask.java:84)
	at java.base/java.util.ArrayList.forEach(ArrayList.java:1511)
	at org.junit.platform.engine.support.hierarchical.SameThreadHierarchicalTestExecutorService.invokeAll(SameThreadHierarchicalTestExecutorService.java:38)
	at org.junit.platform.engine.support.hierarchical.NodeTestTask.lambda$executeRecursively$5(NodeTestTask.java:143)
	at org.junit.platform.engine.support.hierarchical.ThrowableCollector.execute(ThrowableCollector.java:73)
	at org.junit.platform.engine.support.hierarchical.NodeTestTask.lambda$executeRecursively$7(NodeTestTask.java:129)
	at org.junit.platform.engine.support.hierarchical.Node.around(Node.java:137)
	at org.junit.platform.engine.support.hierarchical.NodeTestTask.lambda$executeRecursively$8(NodeTestTask.java:127)
	at org.junit.platform.engine.support.hierarchical.ThrowableCollector.execute(ThrowableCollector.java:73)
	at org.junit.platform.engine.support.hierarchical.NodeTestTask.executeRecursively(NodeTestTask.java:126)
	at org.junit.platform.engine.support.hierarchical.NodeTestTask.execute(NodeTestTask.java:84)
	at org.junit.platform.engine.support.hierarchical.SameThreadHierarchicalTestExecutorService.submit(SameThreadHierarchicalTestExecutorService.java:32)
	at org.junit.platform.engine.support.hierarchical.HierarchicalTestExecutor.execute(HierarchicalTestExecutor.java:57)
	at org.junit.platform.engine.support.hierarchical.HierarchicalTestEngine.execute(HierarchicalTestEngine.java:51)
	at org.junit.platform.launcher.core.EngineExecutionOrchestrator.execute(EngineExecutionOrchestrator.java:108)
	at org.junit.platform.launcher.core.EngineExecutionOrchestrator.execute(EngineExecutionOrchestrator.java:88)
	at org.junit.platform.launcher.core.EngineExecutionOrchestrator.lambda$execute$0(EngineExecutionOrchestrator.java:54)
	at org.junit.platform.launcher.core.EngineExecutionOrchestrator.withInterceptedStreams(EngineExecutionOrchestrator.java:67)
	at org.junit.platform.launcher.core.EngineExecutionOrchestrator.execute(EngineExecutionOrchestrator.java:52)
	at org.junit.platform.launcher.core.DefaultLauncher.execute(DefaultLauncher.java:96)
	at org.junit.platform.launcher.core.DefaultLauncher.execute(DefaultLauncher.java:75)
	at org.junit.platform.console.tasks.ConsoleTestExecutor.executeTests(ConsoleTestExecutor.java:66)
	at org.junit.platform.console.tasks.ConsoleTestExecutor.lambda$execute$0(ConsoleTestExecutor.java:58)
	at org.junit.platform.console.tasks.CustomContextClassLoaderExecutor.replaceThreadContextClassLoaderAndInvoke(CustomContextClassLoaderExecutor.java:41)
	at org.junit.platform.console.tasks.CustomContextClassLoaderExecutor.invoke(CustomContextClassLoaderExecutor.java:31)
	at org.junit.platform.console.tasks.ConsoleTestExecutor.execute(ConsoleTestExecutor.java:58)
	at org.junit.platform.console.ConsoleLauncher.executeTests(ConsoleLauncher.java:95)
	at org.junit.platform.console.ConsoleLauncher.execute(ConsoleLauncher.java:73)
	at org.junit.platform.console.ConsoleLauncher.execute(ConsoleLauncher.java:50)
	at org.junit.platform.console.ConsoleLauncher.execute(ConsoleLauncher.java:43)
	at org.junit.platform.console.ConsoleLauncher.main(ConsoleLauncher.java:37)
]]></skipped>
<system-out><![CDATA[
unique-id: [engine:junit-jupiter]/[class:minebayd1.test.TestUser]/[test-template:testprevious(minebayd1.User)]/[test-template-invocation:#8]
display-name: [8] Sheraz a 49 annonces ouvertes, 3 annonces fermées et 6 achats 

]]></system-out>
</testcase>
<testcase name="testprevious(User)[9]" classname="minebayd1.test.TestUser" time="0">
<system-out><![CDATA[
unique-id: [engine:junit-jupiter]/[class:minebayd1.test.TestUser]/[test-template:testprevious(minebayd1.User)]/[test-template-invocation:#9]
display-name: [9] Aliou a 50 annonces ouvertes, 3 annonces fermées et 2 achats 

]]></system-out>
</testcase>
<testcase name="testprevious(User)[10]" classname="minebayd1.test.TestUser" time="0">
<skipped><![CDATA[org.opentest4j.TestAbortedException: Assumption failed: assumption is not true
	at org.junit.jupiter.api.Assumptions.throwTestAbortedException(Assumptions.java:256)
	at org.junit.jupiter.api.Assumptions.assumeTrue(Assumptions.java:115)
	at org.junit.jupiter.api.Assumptions.assumeTrue(Assumptions.java:66)
	at minebayd1.test.TestUser.testprevious(TestUser.java:1288)
	at java.base/jdk.internal.reflect.NativeMethodAccessorImpl.invoke0(Native Method)
	at java.base/jdk.internal.reflect.NativeMethodAccessorImpl.invoke(NativeMethodAccessorImpl.java:77)
	at java.base/jdk.internal.reflect.DelegatingMethodAccessorImpl.invoke(DelegatingMethodAccessorImpl.java:43)
	at java.base/java.lang.reflect.Method.invoke(Method.java:569)
	at org.junit.platform.commons.util.ReflectionUtils.invokeMethod(ReflectionUtils.java:688)
	at org.junit.jupiter.engine.execution.MethodInvocation.proceed(MethodInvocation.java:60)
	at org.junit.jupiter.engine.execution.InvocationInterceptorChain$ValidatingInvocation.proceed(InvocationInterceptorChain.java:131)
	at org.junit.jupiter.engine.extension.TimeoutExtension.intercept(TimeoutExtension.java:149)
	at org.junit.jupiter.engine.extension.TimeoutExtension.interceptTestableMethod(TimeoutExtension.java:140)
	at org.junit.jupiter.engine.extension.TimeoutExtension.interceptTestTemplateMethod(TimeoutExtension.java:92)
	at org.junit.jupiter.engine.execution.ExecutableInvoker$ReflectiveInterceptorCall.lambda$ofVoidMethod$0(ExecutableInvoker.java:115)
	at org.junit.jupiter.engine.execution.ExecutableInvoker.lambda$invoke$0(ExecutableInvoker.java:105)
	at org.junit.jupiter.engine.execution.InvocationInterceptorChain$InterceptedInvocation.proceed(InvocationInterceptorChain.java:106)
	at org.junit.jupiter.engine.execution.InvocationInterceptorChain.proceed(InvocationInterceptorChain.java:64)
	at org.junit.jupiter.engine.execution.InvocationInterceptorChain.chainAndInvoke(InvocationInterceptorChain.java:45)
	at org.junit.jupiter.engine.execution.InvocationInterceptorChain.invoke(InvocationInterceptorChain.java:37)
	at org.junit.jupiter.engine.execution.ExecutableInvoker.invoke(ExecutableInvoker.java:104)
	at org.junit.jupiter.engine.execution.ExecutableInvoker.invoke(ExecutableInvoker.java:98)
	at org.junit.jupiter.engine.descriptor.TestMethodTestDescriptor.lambda$invokeTestMethod$6(TestMethodTestDescriptor.java:210)
	at org.junit.platform.engine.support.hierarchical.ThrowableCollector.execute(ThrowableCollector.java:73)
	at org.junit.jupiter.engine.descriptor.TestMethodTestDescriptor.invokeTestMethod(TestMethodTestDescriptor.java:206)
	at org.junit.jupiter.engine.descriptor.TestMethodTestDescriptor.execute(TestMethodTestDescriptor.java:131)
	at org.junit.jupiter.engine.descriptor.TestMethodTestDescriptor.execute(TestMethodTestDescriptor.java:65)
	at org.junit.platform.engine.support.hierarchical.NodeTestTask.lambda$executeRecursively$5(NodeTestTask.java:139)
	at org.junit.platform.engine.support.hierarchical.ThrowableCollector.execute(ThrowableCollector.java:73)
	at org.junit.platform.engine.support.hierarchical.NodeTestTask.lambda$executeRecursively$7(NodeTestTask.java:129)
	at org.junit.platform.engine.support.hierarchical.Node.around(Node.java:137)
	at org.junit.platform.engine.support.hierarchical.NodeTestTask.lambda$executeRecursively$8(NodeTestTask.java:127)
	at org.junit.platform.engine.support.hierarchical.ThrowableCollector.execute(ThrowableCollector.java:73)
	at org.junit.platform.engine.support.hierarchical.NodeTestTask.executeRecursively(NodeTestTask.java:126)
	at org.junit.platform.engine.support.hierarchical.NodeTestTask.execute(NodeTestTask.java:84)
	at org.junit.platform.engine.support.hierarchical.SameThreadHierarchicalTestExecutorService.submit(SameThreadHierarchicalTestExecutorService.java:32)
	at org.junit.platform.engine.support.hierarchical.NodeTestTask$DefaultDynamicTestExecutor.execute(NodeTestTask.java:212)
	at org.junit.platform.engine.support.hierarchical.NodeTestTask$DefaultDynamicTestExecutor.execute(NodeTestTask.java:192)
	at org.junit.jupiter.engine.descriptor.TestTemplateTestDescriptor.execute(TestTemplateTestDescriptor.java:139)
	at org.junit.jupiter.engine.descriptor.TestTemplateTestDescriptor.lambda$execute$2(TestTemplateTestDescriptor.java:107)
	at java.base/java.util.stream.ForEachOps$ForEachOp$OfRef.accept(ForEachOps.java:183)
	at java.base/java.util.stream.ReferencePipeline$3$1.accept(ReferencePipeline.java:197)
	at java.base/java.util.stream.ReferencePipeline$2$1.accept(ReferencePipeline.java:179)
	at java.base/java.util.stream.ReferencePipeline$3$1.accept(ReferencePipeline.java:197)
	at java.base/java.util.stream.ForEachOps$ForEachOp$OfRef.accept(ForEachOps.java:183)
	at java.base/java.util.stream.ReferencePipeline$15$1.accept(ReferencePipeline.java:541)
	at java.base/java.util.stream.ReferencePipeline$3$1.accept(ReferencePipeline.java:197)
	at java.base/java.util.stream.ReferencePipeline$3$1.accept(ReferencePipeline.java:197)
	at java.base/java.util.stream.ReferencePipeline$3$1.accept(ReferencePipeline.java:197)
	at java.base/java.util.stream.ForEachOps$ForEachOp$OfRef.accept(ForEachOps.java:183)
	at java.base/java.util.stream.ReferencePipeline$3$1.accept(ReferencePipeline.java:197)
	at java.base/java.util.stream.ForEachOps$ForEachOp$OfRef.accept(ForEachOps.java:183)
	at java.base/java.util.stream.SliceOps$1$1.accept(SliceOps.java:200)
	at java.base/java.util.stream.StreamSpliterators$InfiniteSupplyingSpliterator$OfRef.tryAdvance(StreamSpliterators.java:1358)
	at java.base/java.util.stream.ReferencePipeline.forEachWithCancel(ReferencePipeline.java:129)
	at java.base/java.util.stream.AbstractPipeline.copyIntoWithCancel(AbstractPipeline.java:527)
	at java.base/java.util.stream.AbstractPipeline.copyInto(AbstractPipeline.java:513)
	at java.base/java.util.stream.AbstractPipeline.wrapAndCopyInto(AbstractPipeline.java:499)
	at java.base/java.util.stream.ForEachOps$ForEachOp.evaluateSequential(ForEachOps.java:150)
	at java.base/java.util.stream.ForEachOps$ForEachOp$OfRef.evaluateSequential(ForEachOps.java:173)
	at java.base/java.util.stream.AbstractPipeline.evaluate(AbstractPipeline.java:234)
	at java.base/java.util.stream.ReferencePipeline.forEach(ReferencePipeline.java:596)
	at java.base/java.util.stream.ReferencePipeline$7$1.accept(ReferencePipeline.java:276)
	at java.base/java.util.stream.ReferencePipeline$3$1.accept(ReferencePipeline.java:197)
	at java.base/java.util.stream.ReferencePipeline$3$1.accept(ReferencePipeline.java:197)
	at java.base/java.util.Spliterators$ArraySpliterator.forEachRemaining(Spliterators.java:992)
	at java.base/java.util.stream.AbstractPipeline.copyInto(AbstractPipeline.java:509)
	at java.base/java.util.stream.AbstractPipeline.wrapAndCopyInto(AbstractPipeline.java:499)
	at java.base/java.util.stream.ForEachOps$ForEachOp.evaluateSequential(ForEachOps.java:150)
	at java.base/java.util.stream.ForEachOps$ForEachOp$OfRef.evaluateSequential(ForEachOps.java:173)
	at java.base/java.util.stream.AbstractPipeline.evaluate(AbstractPipeline.java:234)
	at java.base/java.util.stream.ReferencePipeline.forEach(ReferencePipeline.java:596)
	at java.base/java.util.stream.ReferencePipeline$7$1.accept(ReferencePipeline.java:276)
	at java.base/java.util.stream.ReferencePipeline$3$1.accept(ReferencePipeline.java:197)
	at java.base/java.util.stream.ReferencePipeline$3$1.accept(ReferencePipeline.java:197)
	at java.base/java.util.stream.ReferencePipeline$3$1.accept(ReferencePipeline.java:197)
	at java.base/java.util.ArrayList$ArrayListSpliterator.forEachRemaining(ArrayList.java:1625)
	at java.base/java.util.stream.AbstractPipeline.copyInto(AbstractPipeline.java:509)
	at java.base/java.util.stream.AbstractPipeline.wrapAndCopyInto(AbstractPipeline.java:499)
	at java.base/java.util.stream.ForEachOps$ForEachOp.evaluateSequential(ForEachOps.java:150)
	at java.base/java.util.stream.ForEachOps$ForEachOp$OfRef.evaluateSequential(ForEachOps.java:173)
	at java.base/java.util.stream.AbstractPipeline.evaluate(AbstractPipeline.java:234)
	at java.base/java.util.stream.ReferencePipeline.forEach(ReferencePipeline.java:596)
	at java.base/java.util.stream.ReferencePipeline$7$1.accept(ReferencePipeline.java:276)
	at java.base/java.util.ArrayList$ArrayListSpliterator.forEachRemaining(ArrayList.java:1625)
	at java.base/java.util.stream.AbstractPipeline.copyInto(AbstractPipeline.java:509)
	at java.base/java.util.stream.AbstractPipeline.wrapAndCopyInto(AbstractPipeline.java:499)
	at java.base/java.util.stream.ForEachOps$ForEachOp.evaluateSequential(ForEachOps.java:150)
	at java.base/java.util.stream.ForEachOps$ForEachOp$OfRef.evaluateSequential(ForEachOps.java:173)
	at java.base/java.util.stream.AbstractPipeline.evaluate(AbstractPipeline.java:234)
	at java.base/java.util.stream.ReferencePipeline.forEach(ReferencePipeline.java:596)
	at org.junit.jupiter.engine.descriptor.TestTemplateTestDescriptor.execute(TestTemplateTestDescriptor.java:107)
	at org.junit.jupiter.engine.descriptor.TestTemplateTestDescriptor.execute(TestTemplateTestDescriptor.java:42)
	at org.junit.platform.engine.support.hierarchical.NodeTestTask.lambda$executeRecursively$5(NodeTestTask.java:139)
	at org.junit.platform.engine.support.hierarchical.ThrowableCollector.execute(ThrowableCollector.java:73)
	at org.junit.platform.engine.support.hierarchical.NodeTestTask.lambda$executeRecursively$7(NodeTestTask.java:129)
	at org.junit.platform.engine.support.hierarchical.Node.around(Node.java:137)
	at org.junit.platform.engine.support.hierarchical.NodeTestTask.lambda$executeRecursively$8(NodeTestTask.java:127)
	at org.junit.platform.engine.support.hierarchical.ThrowableCollector.execute(ThrowableCollector.java:73)
	at org.junit.platform.engine.support.hierarchical.NodeTestTask.executeRecursively(NodeTestTask.java:126)
	at org.junit.platform.engine.support.hierarchical.NodeTestTask.execute(NodeTestTask.java:84)
	at java.base/java.util.ArrayList.forEach(ArrayList.java:1511)
	at org.junit.platform.engine.support.hierarchical.SameThreadHierarchicalTestExecutorService.invokeAll(SameThreadHierarchicalTestExecutorService.java:38)
	at org.junit.platform.engine.support.hierarchical.NodeTestTask.lambda$executeRecursively$5(NodeTestTask.java:143)
	at org.junit.platform.engine.support.hierarchical.ThrowableCollector.execute(ThrowableCollector.java:73)
	at org.junit.platform.engine.support.hierarchical.NodeTestTask.lambda$executeRecursively$7(NodeTestTask.java:129)
	at org.junit.platform.engine.support.hierarchical.Node.around(Node.java:137)
	at org.junit.platform.engine.support.hierarchical.NodeTestTask.lambda$executeRecursively$8(NodeTestTask.java:127)
	at org.junit.platform.engine.support.hierarchical.ThrowableCollector.execute(ThrowableCollector.java:73)
	at org.junit.platform.engine.support.hierarchical.NodeTestTask.executeRecursively(NodeTestTask.java:126)
	at org.junit.platform.engine.support.hierarchical.NodeTestTask.execute(NodeTestTask.java:84)
	at java.base/java.util.ArrayList.forEach(ArrayList.java:1511)
	at org.junit.platform.engine.support.hierarchical.SameThreadHierarchicalTestExecutorService.invokeAll(SameThreadHierarchicalTestExecutorService.java:38)
	at org.junit.platform.engine.support.hierarchical.NodeTestTask.lambda$executeRecursively$5(NodeTestTask.java:143)
	at org.junit.platform.engine.support.hierarchical.ThrowableCollector.execute(ThrowableCollector.java:73)
	at org.junit.platform.engine.support.hierarchical.NodeTestTask.lambda$executeRecursively$7(NodeTestTask.java:129)
	at org.junit.platform.engine.support.hierarchical.Node.around(Node.java:137)
	at org.junit.platform.engine.support.hierarchical.NodeTestTask.lambda$executeRecursively$8(NodeTestTask.java:127)
	at org.junit.platform.engine.support.hierarchical.ThrowableCollector.execute(ThrowableCollector.java:73)
	at org.junit.platform.engine.support.hierarchical.NodeTestTask.executeRecursively(NodeTestTask.java:126)
	at org.junit.platform.engine.support.hierarchical.NodeTestTask.execute(NodeTestTask.java:84)
	at org.junit.platform.engine.support.hierarchical.SameThreadHierarchicalTestExecutorService.submit(SameThreadHierarchicalTestExecutorService.java:32)
	at org.junit.platform.engine.support.hierarchical.HierarchicalTestExecutor.execute(HierarchicalTestExecutor.java:57)
	at org.junit.platform.engine.support.hierarchical.HierarchicalTestEngine.execute(HierarchicalTestEngine.java:51)
	at org.junit.platform.launcher.core.EngineExecutionOrchestrator.execute(EngineExecutionOrchestrator.java:108)
	at org.junit.platform.launcher.core.EngineExecutionOrchestrator.execute(EngineExecutionOrchestrator.java:88)
	at org.junit.platform.launcher.core.EngineExecutionOrchestrator.lambda$execute$0(EngineExecutionOrchestrator.java:54)
	at org.junit.platform.launcher.core.EngineExecutionOrchestrator.withInterceptedStreams(EngineExecutionOrchestrator.java:67)
	at org.junit.platform.launcher.core.EngineExecutionOrchestrator.execute(EngineExecutionOrchestrator.java:52)
	at org.junit.platform.launcher.core.DefaultLauncher.execute(DefaultLauncher.java:96)
	at org.junit.platform.launcher.core.DefaultLauncher.execute(DefaultLauncher.java:75)
	at org.junit.platform.console.tasks.ConsoleTestExecutor.executeTests(ConsoleTestExecutor.java:66)
	at org.junit.platform.console.tasks.ConsoleTestExecutor.lambda$execute$0(ConsoleTestExecutor.java:58)
	at org.junit.platform.console.tasks.CustomContextClassLoaderExecutor.replaceThreadContextClassLoaderAndInvoke(CustomContextClassLoaderExecutor.java:41)
	at org.junit.platform.console.tasks.CustomContextClassLoaderExecutor.invoke(CustomContextClassLoaderExecutor.java:31)
	at org.junit.platform.console.tasks.ConsoleTestExecutor.execute(ConsoleTestExecutor.java:58)
	at org.junit.platform.console.ConsoleLauncher.executeTests(ConsoleLauncher.java:95)
	at org.junit.platform.console.ConsoleLauncher.execute(ConsoleLauncher.java:73)
	at org.junit.platform.console.ConsoleLauncher.execute(ConsoleLauncher.java:50)
	at org.junit.platform.console.ConsoleLauncher.execute(ConsoleLauncher.java:43)
	at org.junit.platform.console.ConsoleLauncher.main(ConsoleLauncher.java:37)
]]></skipped>
<system-out><![CDATA[
unique-id: [engine:junit-jupiter]/[class:minebayd1.test.TestUser]/[test-template:testprevious(minebayd1.User)]/[test-template-invocation:#10]
display-name: [10] Yanis a 61 annonces ouvertes, 4 annonces fermées et 3 achats 

]]></system-out>
</testcase>
<testcase name="testprevious(User)[11]" classname="minebayd1.test.TestUser" time="0">
<skipped><![CDATA[org.opentest4j.TestAbortedException: Assumption failed: assumption is not true
	at org.junit.jupiter.api.Assumptions.throwTestAbortedException(Assumptions.java:256)
	at org.junit.jupiter.api.Assumptions.assumeTrue(Assumptions.java:115)
	at org.junit.jupiter.api.Assumptions.assumeTrue(Assumptions.java:66)
	at minebayd1.test.TestUser.testprevious(TestUser.java:1288)
	at java.base/jdk.internal.reflect.NativeMethodAccessorImpl.invoke0(Native Method)
	at java.base/jdk.internal.reflect.NativeMethodAccessorImpl.invoke(NativeMethodAccessorImpl.java:77)
	at java.base/jdk.internal.reflect.DelegatingMethodAccessorImpl.invoke(DelegatingMethodAccessorImpl.java:43)
	at java.base/java.lang.reflect.Method.invoke(Method.java:569)
	at org.junit.platform.commons.util.ReflectionUtils.invokeMethod(ReflectionUtils.java:688)
	at org.junit.jupiter.engine.execution.MethodInvocation.proceed(MethodInvocation.java:60)
	at org.junit.jupiter.engine.execution.InvocationInterceptorChain$ValidatingInvocation.proceed(InvocationInterceptorChain.java:131)
	at org.junit.jupiter.engine.extension.TimeoutExtension.intercept(TimeoutExtension.java:149)
	at org.junit.jupiter.engine.extension.TimeoutExtension.interceptTestableMethod(TimeoutExtension.java:140)
	at org.junit.jupiter.engine.extension.TimeoutExtension.interceptTestTemplateMethod(TimeoutExtension.java:92)
	at org.junit.jupiter.engine.execution.ExecutableInvoker$ReflectiveInterceptorCall.lambda$ofVoidMethod$0(ExecutableInvoker.java:115)
	at org.junit.jupiter.engine.execution.ExecutableInvoker.lambda$invoke$0(ExecutableInvoker.java:105)
	at org.junit.jupiter.engine.execution.InvocationInterceptorChain$InterceptedInvocation.proceed(InvocationInterceptorChain.java:106)
	at org.junit.jupiter.engine.execution.InvocationInterceptorChain.proceed(InvocationInterceptorChain.java:64)
	at org.junit.jupiter.engine.execution.InvocationInterceptorChain.chainAndInvoke(InvocationInterceptorChain.java:45)
	at org.junit.jupiter.engine.execution.InvocationInterceptorChain.invoke(InvocationInterceptorChain.java:37)
	at org.junit.jupiter.engine.execution.ExecutableInvoker.invoke(ExecutableInvoker.java:104)
	at org.junit.jupiter.engine.execution.ExecutableInvoker.invoke(ExecutableInvoker.java:98)
	at org.junit.jupiter.engine.descriptor.TestMethodTestDescriptor.lambda$invokeTestMethod$6(TestMethodTestDescriptor.java:210)
	at org.junit.platform.engine.support.hierarchical.ThrowableCollector.execute(ThrowableCollector.java:73)
	at org.junit.jupiter.engine.descriptor.TestMethodTestDescriptor.invokeTestMethod(TestMethodTestDescriptor.java:206)
	at org.junit.jupiter.engine.descriptor.TestMethodTestDescriptor.execute(TestMethodTestDescriptor.java:131)
	at org.junit.jupiter.engine.descriptor.TestMethodTestDescriptor.execute(TestMethodTestDescriptor.java:65)
	at org.junit.platform.engine.support.hierarchical.NodeTestTask.lambda$executeRecursively$5(NodeTestTask.java:139)
	at org.junit.platform.engine.support.hierarchical.ThrowableCollector.execute(ThrowableCollector.java:73)
	at org.junit.platform.engine.support.hierarchical.NodeTestTask.lambda$executeRecursively$7(NodeTestTask.java:129)
	at org.junit.platform.engine.support.hierarchical.Node.around(Node.java:137)
	at org.junit.platform.engine.support.hierarchical.NodeTestTask.lambda$executeRecursively$8(NodeTestTask.java:127)
	at org.junit.platform.engine.support.hierarchical.ThrowableCollector.execute(ThrowableCollector.java:73)
	at org.junit.platform.engine.support.hierarchical.NodeTestTask.executeRecursively(NodeTestTask.java:126)
	at org.junit.platform.engine.support.hierarchical.NodeTestTask.execute(NodeTestTask.java:84)
	at org.junit.platform.engine.support.hierarchical.SameThreadHierarchicalTestExecutorService.submit(SameThreadHierarchicalTestExecutorService.java:32)
	at org.junit.platform.engine.support.hierarchical.NodeTestTask$DefaultDynamicTestExecutor.execute(NodeTestTask.java:212)
	at org.junit.platform.engine.support.hierarchical.NodeTestTask$DefaultDynamicTestExecutor.execute(NodeTestTask.java:192)
	at org.junit.jupiter.engine.descriptor.TestTemplateTestDescriptor.execute(TestTemplateTestDescriptor.java:139)
	at org.junit.jupiter.engine.descriptor.TestTemplateTestDescriptor.lambda$execute$2(TestTemplateTestDescriptor.java:107)
	at java.base/java.util.stream.ForEachOps$ForEachOp$OfRef.accept(ForEachOps.java:183)
	at java.base/java.util.stream.ReferencePipeline$3$1.accept(ReferencePipeline.java:197)
	at java.base/java.util.stream.ReferencePipeline$2$1.accept(ReferencePipeline.java:179)
	at java.base/java.util.stream.ReferencePipeline$3$1.accept(ReferencePipeline.java:197)
	at java.base/java.util.stream.ForEachOps$ForEachOp$OfRef.accept(ForEachOps.java:183)
	at java.base/java.util.stream.ReferencePipeline$15$1.accept(ReferencePipeline.java:541)
	at java.base/java.util.stream.ReferencePipeline$3$1.accept(ReferencePipeline.java:197)
	at java.base/java.util.stream.ReferencePipeline$3$1.accept(ReferencePipeline.java:197)
	at java.base/java.util.stream.ReferencePipeline$3$1.accept(ReferencePipeline.java:197)
	at java.base/java.util.stream.ForEachOps$ForEachOp$OfRef.accept(ForEachOps.java:183)
	at java.base/java.util.stream.ReferencePipeline$3$1.accept(ReferencePipeline.java:197)
	at java.base/java.util.stream.ForEachOps$ForEachOp$OfRef.accept(ForEachOps.java:183)
	at java.base/java.util.stream.SliceOps$1$1.accept(SliceOps.java:200)
	at java.base/java.util.stream.StreamSpliterators$InfiniteSupplyingSpliterator$OfRef.tryAdvance(StreamSpliterators.java:1358)
	at java.base/java.util.stream.ReferencePipeline.forEachWithCancel(ReferencePipeline.java:129)
	at java.base/java.util.stream.AbstractPipeline.copyIntoWithCancel(AbstractPipeline.java:527)
	at java.base/java.util.stream.AbstractPipeline.copyInto(AbstractPipeline.java:513)
	at java.base/java.util.stream.AbstractPipeline.wrapAndCopyInto(AbstractPipeline.java:499)
	at java.base/java.util.stream.ForEachOps$ForEachOp.evaluateSequential(ForEachOps.java:150)
	at java.base/java.util.stream.ForEachOps$ForEachOp$OfRef.evaluateSequential(ForEachOps.java:173)
	at java.base/java.util.stream.AbstractPipeline.evaluate(AbstractPipeline.java:234)
	at java.base/java.util.stream.ReferencePipeline.forEach(ReferencePipeline.java:596)
	at java.base/java.util.stream.ReferencePipeline$7$1.accept(ReferencePipeline.java:276)
	at java.base/java.util.stream.ReferencePipeline$3$1.accept(ReferencePipeline.java:197)
	at java.base/java.util.stream.ReferencePipeline$3$1.accept(ReferencePipeline.java:197)
	at java.base/java.util.Spliterators$ArraySpliterator.forEachRemaining(Spliterators.java:992)
	at java.base/java.util.stream.AbstractPipeline.copyInto(AbstractPipeline.java:509)
	at java.base/java.util.stream.AbstractPipeline.wrapAndCopyInto(AbstractPipeline.java:499)
	at java.base/java.util.stream.ForEachOps$ForEachOp.evaluateSequential(ForEachOps.java:150)
	at java.base/java.util.stream.ForEachOps$ForEachOp$OfRef.evaluateSequential(ForEachOps.java:173)
	at java.base/java.util.stream.AbstractPipeline.evaluate(AbstractPipeline.java:234)
	at java.base/java.util.stream.ReferencePipeline.forEach(ReferencePipeline.java:596)
	at java.base/java.util.stream.ReferencePipeline$7$1.accept(ReferencePipeline.java:276)
	at java.base/java.util.stream.ReferencePipeline$3$1.accept(ReferencePipeline.java:197)
	at java.base/java.util.stream.ReferencePipeline$3$1.accept(ReferencePipeline.java:197)
	at java.base/java.util.stream.ReferencePipeline$3$1.accept(ReferencePipeline.java:197)
	at java.base/java.util.ArrayList$ArrayListSpliterator.forEachRemaining(ArrayList.java:1625)
	at java.base/java.util.stream.AbstractPipeline.copyInto(AbstractPipeline.java:509)
	at java.base/java.util.stream.AbstractPipeline.wrapAndCopyInto(AbstractPipeline.java:499)
	at java.base/java.util.stream.ForEachOps$ForEachOp.evaluateSequential(ForEachOps.java:150)
	at java.base/java.util.stream.ForEachOps$ForEachOp$OfRef.evaluateSequential(ForEachOps.java:173)
	at java.base/java.util.stream.AbstractPipeline.evaluate(AbstractPipeline.java:234)
	at java.base/java.util.stream.ReferencePipeline.forEach(ReferencePipeline.java:596)
	at java.base/java.util.stream.ReferencePipeline$7$1.accept(ReferencePipeline.java:276)
	at java.base/java.util.ArrayList$ArrayListSpliterator.forEachRemaining(ArrayList.java:1625)
	at java.base/java.util.stream.AbstractPipeline.copyInto(AbstractPipeline.java:509)
	at java.base/java.util.stream.AbstractPipeline.wrapAndCopyInto(AbstractPipeline.java:499)
	at java.base/java.util.stream.ForEachOps$ForEachOp.evaluateSequential(ForEachOps.java:150)
	at java.base/java.util.stream.ForEachOps$ForEachOp$OfRef.evaluateSequential(ForEachOps.java:173)
	at java.base/java.util.stream.AbstractPipeline.evaluate(AbstractPipeline.java:234)
	at java.base/java.util.stream.ReferencePipeline.forEach(ReferencePipeline.java:596)
	at org.junit.jupiter.engine.descriptor.TestTemplateTestDescriptor.execute(TestTemplateTestDescriptor.java:107)
	at org.junit.jupiter.engine.descriptor.TestTemplateTestDescriptor.execute(TestTemplateTestDescriptor.java:42)
	at org.junit.platform.engine.support.hierarchical.NodeTestTask.lambda$executeRecursively$5(NodeTestTask.java:139)
	at org.junit.platform.engine.support.hierarchical.ThrowableCollector.execute(ThrowableCollector.java:73)
	at org.junit.platform.engine.support.hierarchical.NodeTestTask.lambda$executeRecursively$7(NodeTestTask.java:129)
	at org.junit.platform.engine.support.hierarchical.Node.around(Node.java:137)
	at org.junit.platform.engine.support.hierarchical.NodeTestTask.lambda$executeRecursively$8(NodeTestTask.java:127)
	at org.junit.platform.engine.support.hierarchical.ThrowableCollector.execute(ThrowableCollector.java:73)
	at org.junit.platform.engine.support.hierarchical.NodeTestTask.executeRecursively(NodeTestTask.java:126)
	at org.junit.platform.engine.support.hierarchical.NodeTestTask.execute(NodeTestTask.java:84)
	at java.base/java.util.ArrayList.forEach(ArrayList.java:1511)
	at org.junit.platform.engine.support.hierarchical.SameThreadHierarchicalTestExecutorService.invokeAll(SameThreadHierarchicalTestExecutorService.java:38)
	at org.junit.platform.engine.support.hierarchical.NodeTestTask.lambda$executeRecursively$5(NodeTestTask.java:143)
	at org.junit.platform.engine.support.hierarchical.ThrowableCollector.execute(ThrowableCollector.java:73)
	at org.junit.platform.engine.support.hierarchical.NodeTestTask.lambda$executeRecursively$7(NodeTestTask.java:129)
	at org.junit.platform.engine.support.hierarchical.Node.around(Node.java:137)
	at org.junit.platform.engine.support.hierarchical.NodeTestTask.lambda$executeRecursively$8(NodeTestTask.java:127)
	at org.junit.platform.engine.support.hierarchical.ThrowableCollector.execute(ThrowableCollector.java:73)
	at org.junit.platform.engine.support.hierarchical.NodeTestTask.executeRecursively(NodeTestTask.java:126)
	at org.junit.platform.engine.support.hierarchical.NodeTestTask.execute(NodeTestTask.java:84)
	at java.base/java.util.ArrayList.forEach(ArrayList.java:1511)
	at org.junit.platform.engine.support.hierarchical.SameThreadHierarchicalTestExecutorService.invokeAll(SameThreadHierarchicalTestExecutorService.java:38)
	at org.junit.platform.engine.support.hierarchical.NodeTestTask.lambda$executeRecursively$5(NodeTestTask.java:143)
	at org.junit.platform.engine.support.hierarchical.ThrowableCollector.execute(ThrowableCollector.java:73)
	at org.junit.platform.engine.support.hierarchical.NodeTestTask.lambda$executeRecursively$7(NodeTestTask.java:129)
	at org.junit.platform.engine.support.hierarchical.Node.around(Node.java:137)
	at org.junit.platform.engine.support.hierarchical.NodeTestTask.lambda$executeRecursively$8(NodeTestTask.java:127)
	at org.junit.platform.engine.support.hierarchical.ThrowableCollector.execute(ThrowableCollector.java:73)
	at org.junit.platform.engine.support.hierarchical.NodeTestTask.executeRecursively(NodeTestTask.java:126)
	at org.junit.platform.engine.support.hierarchical.NodeTestTask.execute(NodeTestTask.java:84)
	at org.junit.platform.engine.support.hierarchical.SameThreadHierarchicalTestExecutorService.submit(SameThreadHierarchicalTestExecutorService.java:32)
	at org.junit.platform.engine.support.hierarchical.HierarchicalTestExecutor.execute(HierarchicalTestExecutor.java:57)
	at org.junit.platform.engine.support.hierarchical.HierarchicalTestEngine.execute(HierarchicalTestEngine.java:51)
	at org.junit.platform.launcher.core.EngineExecutionOrchestrator.execute(EngineExecutionOrchestrator.java:108)
	at org.junit.platform.launcher.core.EngineExecutionOrchestrator.execute(EngineExecutionOrchestrator.java:88)
	at org.junit.platform.launcher.core.EngineExecutionOrchestrator.lambda$execute$0(EngineExecutionOrchestrator.java:54)
	at org.junit.platform.launcher.core.EngineExecutionOrchestrator.withInterceptedStreams(EngineExecutionOrchestrator.java:67)
	at org.junit.platform.launcher.core.EngineExecutionOrchestrator.execute(EngineExecutionOrchestrator.java:52)
	at org.junit.platform.launcher.core.DefaultLauncher.execute(DefaultLauncher.java:96)
	at org.junit.platform.launcher.core.DefaultLauncher.execute(DefaultLauncher.java:75)
	at org.junit.platform.console.tasks.ConsoleTestExecutor.executeTests(ConsoleTestExecutor.java:66)
	at org.junit.platform.console.tasks.ConsoleTestExecutor.lambda$execute$0(ConsoleTestExecutor.java:58)
	at org.junit.platform.console.tasks.CustomContextClassLoaderExecutor.replaceThreadContextClassLoaderAndInvoke(CustomContextClassLoaderExecutor.java:41)
	at org.junit.platform.console.tasks.CustomContextClassLoaderExecutor.invoke(CustomContextClassLoaderExecutor.java:31)
	at org.junit.platform.console.tasks.ConsoleTestExecutor.execute(ConsoleTestExecutor.java:58)
	at org.junit.platform.console.ConsoleLauncher.executeTests(ConsoleLauncher.java:95)
	at org.junit.platform.console.ConsoleLauncher.execute(ConsoleLauncher.java:73)
	at org.junit.platform.console.ConsoleLauncher.execute(ConsoleLauncher.java:50)
	at org.junit.platform.console.ConsoleLauncher.execute(ConsoleLauncher.java:43)
	at org.junit.platform.console.ConsoleLauncher.main(ConsoleLauncher.java:37)
]]></skipped>
<system-out><![CDATA[
unique-id: [engine:junit-jupiter]/[class:minebayd1.test.TestUser]/[test-template:testprevious(minebayd1.User)]/[test-template-invocation:#11]
display-name: [11] Sonia a 47 annonces ouvertes, 2 annonces fermées et 2 achats 

]]></system-out>
</testcase>
<testcase name="testprevious(User)[12]" classname="minebayd1.test.TestUser" time="0">
<system-out><![CDATA[
unique-id: [engine:junit-jupiter]/[class:minebayd1.test.TestUser]/[test-template:testprevious(minebayd1.User)]/[test-template-invocation:#12]
display-name: [12] Idir a 58 annonces ouvertes, 5 annonces fermées et 4 achats 

]]></system-out>
</testcase>
<testcase name="testprevious(User)[13]" classname="minebayd1.test.TestUser" time="0">
<system-out><![CDATA[
unique-id: [engine:junit-jupiter]/[class:minebayd1.test.TestUser]/[test-template:testprevious(minebayd1.User)]/[test-template-invocation:#13]
display-name: [13] Imam a 45 annonces ouvertes, 5 annonces fermées et 3 achats 

]]></system-out>
</testcase>
<testcase name="testprevious(User)[14]" classname="minebayd1.test.TestUser" time="0">
<system-out><![CDATA[
unique-id: [engine:junit-jupiter]/[class:minebayd1.test.TestUser]/[test-template:testprevious(minebayd1.User)]/[test-template-invocation:#14]
display-name: [14] Mamadou a 59 annonces ouvertes, 2 annonces fermées et 1 achats 

]]></system-out>
</testcase>
<testcase name="testprevious(User)[15]" classname="minebayd1.test.TestUser" time="0">
<system-out><![CDATA[
unique-id: [engine:junit-jupiter]/[class:minebayd1.test.TestUser]/[test-template:testprevious(minebayd1.User)]/[test-template-invocation:#15]
display-name: [15] Ismael a 59 annonces ouvertes, 1 annonces fermées et 3 achats 

]]></system-out>
</testcase>
<testcase name="testprevious(User)[16]" classname="minebayd1.test.TestUser" time="0">
<skipped><![CDATA[org.opentest4j.TestAbortedException: Assumption failed: assumption is not true
	at org.junit.jupiter.api.Assumptions.throwTestAbortedException(Assumptions.java:256)
	at org.junit.jupiter.api.Assumptions.assumeTrue(Assumptions.java:115)
	at org.junit.jupiter.api.Assumptions.assumeTrue(Assumptions.java:66)
	at minebayd1.test.TestUser.testprevious(TestUser.java:1288)
	at java.base/jdk.internal.reflect.NativeMethodAccessorImpl.invoke0(Native Method)
	at java.base/jdk.internal.reflect.NativeMethodAccessorImpl.invoke(NativeMethodAccessorImpl.java:77)
	at java.base/jdk.internal.reflect.DelegatingMethodAccessorImpl.invoke(DelegatingMethodAccessorImpl.java:43)
	at java.base/java.lang.reflect.Method.invoke(Method.java:569)
	at org.junit.platform.commons.util.ReflectionUtils.invokeMethod(ReflectionUtils.java:688)
	at org.junit.jupiter.engine.execution.MethodInvocation.proceed(MethodInvocation.java:60)
	at org.junit.jupiter.engine.execution.InvocationInterceptorChain$ValidatingInvocation.proceed(InvocationInterceptorChain.java:131)
	at org.junit.jupiter.engine.extension.TimeoutExtension.intercept(TimeoutExtension.java:149)
	at org.junit.jupiter.engine.extension.TimeoutExtension.interceptTestableMethod(TimeoutExtension.java:140)
	at org.junit.jupiter.engine.extension.TimeoutExtension.interceptTestTemplateMethod(TimeoutExtension.java:92)
	at org.junit.jupiter.engine.execution.ExecutableInvoker$ReflectiveInterceptorCall.lambda$ofVoidMethod$0(ExecutableInvoker.java:115)
	at org.junit.jupiter.engine.execution.ExecutableInvoker.lambda$invoke$0(ExecutableInvoker.java:105)
	at org.junit.jupiter.engine.execution.InvocationInterceptorChain$InterceptedInvocation.proceed(InvocationInterceptorChain.java:106)
	at org.junit.jupiter.engine.execution.InvocationInterceptorChain.proceed(InvocationInterceptorChain.java:64)
	at org.junit.jupiter.engine.execution.InvocationInterceptorChain.chainAndInvoke(InvocationInterceptorChain.java:45)
	at org.junit.jupiter.engine.execution.InvocationInterceptorChain.invoke(InvocationInterceptorChain.java:37)
	at org.junit.jupiter.engine.execution.ExecutableInvoker.invoke(ExecutableInvoker.java:104)
	at org.junit.jupiter.engine.execution.ExecutableInvoker.invoke(ExecutableInvoker.java:98)
	at org.junit.jupiter.engine.descriptor.TestMethodTestDescriptor.lambda$invokeTestMethod$6(TestMethodTestDescriptor.java:210)
	at org.junit.platform.engine.support.hierarchical.ThrowableCollector.execute(ThrowableCollector.java:73)
	at org.junit.jupiter.engine.descriptor.TestMethodTestDescriptor.invokeTestMethod(TestMethodTestDescriptor.java:206)
	at org.junit.jupiter.engine.descriptor.TestMethodTestDescriptor.execute(TestMethodTestDescriptor.java:131)
	at org.junit.jupiter.engine.descriptor.TestMethodTestDescriptor.execute(TestMethodTestDescriptor.java:65)
	at org.junit.platform.engine.support.hierarchical.NodeTestTask.lambda$executeRecursively$5(NodeTestTask.java:139)
	at org.junit.platform.engine.support.hierarchical.ThrowableCollector.execute(ThrowableCollector.java:73)
	at org.junit.platform.engine.support.hierarchical.NodeTestTask.lambda$executeRecursively$7(NodeTestTask.java:129)
	at org.junit.platform.engine.support.hierarchical.Node.around(Node.java:137)
	at org.junit.platform.engine.support.hierarchical.NodeTestTask.lambda$executeRecursively$8(NodeTestTask.java:127)
	at org.junit.platform.engine.support.hierarchical.ThrowableCollector.execute(ThrowableCollector.java:73)
	at org.junit.platform.engine.support.hierarchical.NodeTestTask.executeRecursively(NodeTestTask.java:126)
	at org.junit.platform.engine.support.hierarchical.NodeTestTask.execute(NodeTestTask.java:84)
	at org.junit.platform.engine.support.hierarchical.SameThreadHierarchicalTestExecutorService.submit(SameThreadHierarchicalTestExecutorService.java:32)
	at org.junit.platform.engine.support.hierarchical.NodeTestTask$DefaultDynamicTestExecutor.execute(NodeTestTask.java:212)
	at org.junit.platform.engine.support.hierarchical.NodeTestTask$DefaultDynamicTestExecutor.execute(NodeTestTask.java:192)
	at org.junit.jupiter.engine.descriptor.TestTemplateTestDescriptor.execute(TestTemplateTestDescriptor.java:139)
	at org.junit.jupiter.engine.descriptor.TestTemplateTestDescriptor.lambda$execute$2(TestTemplateTestDescriptor.java:107)
	at java.base/java.util.stream.ForEachOps$ForEachOp$OfRef.accept(ForEachOps.java:183)
	at java.base/java.util.stream.ReferencePipeline$3$1.accept(ReferencePipeline.java:197)
	at java.base/java.util.stream.ReferencePipeline$2$1.accept(ReferencePipeline.java:179)
	at java.base/java.util.stream.ReferencePipeline$3$1.accept(ReferencePipeline.java:197)
	at java.base/java.util.stream.ForEachOps$ForEachOp$OfRef.accept(ForEachOps.java:183)
	at java.base/java.util.stream.ReferencePipeline$15$1.accept(ReferencePipeline.java:541)
	at java.base/java.util.stream.ReferencePipeline$3$1.accept(ReferencePipeline.java:197)
	at java.base/java.util.stream.ReferencePipeline$3$1.accept(ReferencePipeline.java:197)
	at java.base/java.util.stream.ReferencePipeline$3$1.accept(ReferencePipeline.java:197)
	at java.base/java.util.stream.ForEachOps$ForEachOp$OfRef.accept(ForEachOps.java:183)
	at java.base/java.util.stream.ReferencePipeline$3$1.accept(ReferencePipeline.java:197)
	at java.base/java.util.stream.ForEachOps$ForEachOp$OfRef.accept(ForEachOps.java:183)
	at java.base/java.util.stream.SliceOps$1$1.accept(SliceOps.java:200)
	at java.base/java.util.stream.StreamSpliterators$InfiniteSupplyingSpliterator$OfRef.tryAdvance(StreamSpliterators.java:1358)
	at java.base/java.util.stream.ReferencePipeline.forEachWithCancel(ReferencePipeline.java:129)
	at java.base/java.util.stream.AbstractPipeline.copyIntoWithCancel(AbstractPipeline.java:527)
	at java.base/java.util.stream.AbstractPipeline.copyInto(AbstractPipeline.java:513)
	at java.base/java.util.stream.AbstractPipeline.wrapAndCopyInto(AbstractPipeline.java:499)
	at java.base/java.util.stream.ForEachOps$ForEachOp.evaluateSequential(ForEachOps.java:150)
	at java.base/java.util.stream.ForEachOps$ForEachOp$OfRef.evaluateSequential(ForEachOps.java:173)
	at java.base/java.util.stream.AbstractPipeline.evaluate(AbstractPipeline.java:234)
	at java.base/java.util.stream.ReferencePipeline.forEach(ReferencePipeline.java:596)
	at java.base/java.util.stream.ReferencePipeline$7$1.accept(ReferencePipeline.java:276)
	at java.base/java.util.stream.ReferencePipeline$3$1.accept(ReferencePipeline.java:197)
	at java.base/java.util.stream.ReferencePipeline$3$1.accept(ReferencePipeline.java:197)
	at java.base/java.util.Spliterators$ArraySpliterator.forEachRemaining(Spliterators.java:992)
	at java.base/java.util.stream.AbstractPipeline.copyInto(AbstractPipeline.java:509)
	at java.base/java.util.stream.AbstractPipeline.wrapAndCopyInto(AbstractPipeline.java:499)
	at java.base/java.util.stream.ForEachOps$ForEachOp.evaluateSequential(ForEachOps.java:150)
	at java.base/java.util.stream.ForEachOps$ForEachOp$OfRef.evaluateSequential(ForEachOps.java:173)
	at java.base/java.util.stream.AbstractPipeline.evaluate(AbstractPipeline.java:234)
	at java.base/java.util.stream.ReferencePipeline.forEach(ReferencePipeline.java:596)
	at java.base/java.util.stream.ReferencePipeline$7$1.accept(ReferencePipeline.java:276)
	at java.base/java.util.stream.ReferencePipeline$3$1.accept(ReferencePipeline.java:197)
	at java.base/java.util.stream.ReferencePipeline$3$1.accept(ReferencePipeline.java:197)
	at java.base/java.util.stream.ReferencePipeline$3$1.accept(ReferencePipeline.java:197)
	at java.base/java.util.ArrayList$ArrayListSpliterator.forEachRemaining(ArrayList.java:1625)
	at java.base/java.util.stream.AbstractPipeline.copyInto(AbstractPipeline.java:509)
	at java.base/java.util.stream.AbstractPipeline.wrapAndCopyInto(AbstractPipeline.java:499)
	at java.base/java.util.stream.ForEachOps$ForEachOp.evaluateSequential(ForEachOps.java:150)
	at java.base/java.util.stream.ForEachOps$ForEachOp$OfRef.evaluateSequential(ForEachOps.java:173)
	at java.base/java.util.stream.AbstractPipeline.evaluate(AbstractPipeline.java:234)
	at java.base/java.util.stream.ReferencePipeline.forEach(ReferencePipeline.java:596)
	at java.base/java.util.stream.ReferencePipeline$7$1.accept(ReferencePipeline.java:276)
	at java.base/java.util.ArrayList$ArrayListSpliterator.forEachRemaining(ArrayList.java:1625)
	at java.base/java.util.stream.AbstractPipeline.copyInto(AbstractPipeline.java:509)
	at java.base/java.util.stream.AbstractPipeline.wrapAndCopyInto(AbstractPipeline.java:499)
	at java.base/java.util.stream.ForEachOps$ForEachOp.evaluateSequential(ForEachOps.java:150)
	at java.base/java.util.stream.ForEachOps$ForEachOp$OfRef.evaluateSequential(ForEachOps.java:173)
	at java.base/java.util.stream.AbstractPipeline.evaluate(AbstractPipeline.java:234)
	at java.base/java.util.stream.ReferencePipeline.forEach(ReferencePipeline.java:596)
	at org.junit.jupiter.engine.descriptor.TestTemplateTestDescriptor.execute(TestTemplateTestDescriptor.java:107)
	at org.junit.jupiter.engine.descriptor.TestTemplateTestDescriptor.execute(TestTemplateTestDescriptor.java:42)
	at org.junit.platform.engine.support.hierarchical.NodeTestTask.lambda$executeRecursively$5(NodeTestTask.java:139)
	at org.junit.platform.engine.support.hierarchical.ThrowableCollector.execute(ThrowableCollector.java:73)
	at org.junit.platform.engine.support.hierarchical.NodeTestTask.lambda$executeRecursively$7(NodeTestTask.java:129)
	at org.junit.platform.engine.support.hierarchical.Node.around(Node.java:137)
	at org.junit.platform.engine.support.hierarchical.NodeTestTask.lambda$executeRecursively$8(NodeTestTask.java:127)
	at org.junit.platform.engine.support.hierarchical.ThrowableCollector.execute(ThrowableCollector.java:73)
	at org.junit.platform.engine.support.hierarchical.NodeTestTask.executeRecursively(NodeTestTask.java:126)
	at org.junit.platform.engine.support.hierarchical.NodeTestTask.execute(NodeTestTask.java:84)
	at java.base/java.util.ArrayList.forEach(ArrayList.java:1511)
	at org.junit.platform.engine.support.hierarchical.SameThreadHierarchicalTestExecutorService.invokeAll(SameThreadHierarchicalTestExecutorService.java:38)
	at org.junit.platform.engine.support.hierarchical.NodeTestTask.lambda$executeRecursively$5(NodeTestTask.java:143)
	at org.junit.platform.engine.support.hierarchical.ThrowableCollector.execute(ThrowableCollector.java:73)
	at org.junit.platform.engine.support.hierarchical.NodeTestTask.lambda$executeRecursively$7(NodeTestTask.java:129)
	at org.junit.platform.engine.support.hierarchical.Node.around(Node.java:137)
	at org.junit.platform.engine.support.hierarchical.NodeTestTask.lambda$executeRecursively$8(NodeTestTask.java:127)
	at org.junit.platform.engine.support.hierarchical.ThrowableCollector.execute(ThrowableCollector.java:73)
	at org.junit.platform.engine.support.hierarchical.NodeTestTask.executeRecursively(NodeTestTask.java:126)
	at org.junit.platform.engine.support.hierarchical.NodeTestTask.execute(NodeTestTask.java:84)
	at java.base/java.util.ArrayList.forEach(ArrayList.java:1511)
	at org.junit.platform.engine.support.hierarchical.SameThreadHierarchicalTestExecutorService.invokeAll(SameThreadHierarchicalTestExecutorService.java:38)
	at org.junit.platform.engine.support.hierarchical.NodeTestTask.lambda$executeRecursively$5(NodeTestTask.java:143)
	at org.junit.platform.engine.support.hierarchical.ThrowableCollector.execute(ThrowableCollector.java:73)
	at org.junit.platform.engine.support.hierarchical.NodeTestTask.lambda$executeRecursively$7(NodeTestTask.java:129)
	at org.junit.platform.engine.support.hierarchical.Node.around(Node.java:137)
	at org.junit.platform.engine.support.hierarchical.NodeTestTask.lambda$executeRecursively$8(NodeTestTask.java:127)
	at org.junit.platform.engine.support.hierarchical.ThrowableCollector.execute(ThrowableCollector.java:73)
	at org.junit.platform.engine.support.hierarchical.NodeTestTask.executeRecursively(NodeTestTask.java:126)
	at org.junit.platform.engine.support.hierarchical.NodeTestTask.execute(NodeTestTask.java:84)
	at org.junit.platform.engine.support.hierarchical.SameThreadHierarchicalTestExecutorService.submit(SameThreadHierarchicalTestExecutorService.java:32)
	at org.junit.platform.engine.support.hierarchical.HierarchicalTestExecutor.execute(HierarchicalTestExecutor.java:57)
	at org.junit.platform.engine.support.hierarchical.HierarchicalTestEngine.execute(HierarchicalTestEngine.java:51)
	at org.junit.platform.launcher.core.EngineExecutionOrchestrator.execute(EngineExecutionOrchestrator.java:108)
	at org.junit.platform.launcher.core.EngineExecutionOrchestrator.execute(EngineExecutionOrchestrator.java:88)
	at org.junit.platform.launcher.core.EngineExecutionOrchestrator.lambda$execute$0(EngineExecutionOrchestrator.java:54)
	at org.junit.platform.launcher.core.EngineExecutionOrchestrator.withInterceptedStreams(EngineExecutionOrchestrator.java:67)
	at org.junit.platform.launcher.core.EngineExecutionOrchestrator.execute(EngineExecutionOrchestrator.java:52)
	at org.junit.platform.launcher.core.DefaultLauncher.execute(DefaultLauncher.java:96)
	at org.junit.platform.launcher.core.DefaultLauncher.execute(DefaultLauncher.java:75)
	at org.junit.platform.console.tasks.ConsoleTestExecutor.executeTests(ConsoleTestExecutor.java:66)
	at org.junit.platform.console.tasks.ConsoleTestExecutor.lambda$execute$0(ConsoleTestExecutor.java:58)
	at org.junit.platform.console.tasks.CustomContextClassLoaderExecutor.replaceThreadContextClassLoaderAndInvoke(CustomContextClassLoaderExecutor.java:41)
	at org.junit.platform.console.tasks.CustomContextClassLoaderExecutor.invoke(CustomContextClassLoaderExecutor.java:31)
	at org.junit.platform.console.tasks.ConsoleTestExecutor.execute(ConsoleTestExecutor.java:58)
	at org.junit.platform.console.ConsoleLauncher.executeTests(ConsoleLauncher.java:95)
	at org.junit.platform.console.ConsoleLauncher.execute(ConsoleLauncher.java:73)
	at org.junit.platform.console.ConsoleLauncher.execute(ConsoleLauncher.java:50)
	at org.junit.platform.console.ConsoleLauncher.execute(ConsoleLauncher.java:43)
	at org.junit.platform.console.ConsoleLauncher.main(ConsoleLauncher.java:37)
]]></skipped>
<system-out><![CDATA[
unique-id: [engine:junit-jupiter]/[class:minebayd1.test.TestUser]/[test-template:testprevious(minebayd1.User)]/[test-template-invocation:#16]
display-name: [16] Mamadou a 59 annonces ouvertes, 2 annonces fermées et 1 achats 

]]></system-out>
</testcase>
<testcase name="testprevious(User)[17]" classname="minebayd1.test.TestUser" time="0">
<skipped><![CDATA[org.opentest4j.TestAbortedException: Assumption failed: assumption is not true
	at org.junit.jupiter.api.Assumptions.throwTestAbortedException(Assumptions.java:256)
	at org.junit.jupiter.api.Assumptions.assumeTrue(Assumptions.java:115)
	at org.junit.jupiter.api.Assumptions.assumeTrue(Assumptions.java:66)
	at minebayd1.test.TestUser.testprevious(TestUser.java:1288)
	at jdk.internal.reflect.GeneratedMethodAccessor15.invoke(Unknown Source)
	at java.base/jdk.internal.reflect.DelegatingMethodAccessorImpl.invoke(DelegatingMethodAccessorImpl.java:43)
	at java.base/java.lang.reflect.Method.invoke(Method.java:569)
	at org.junit.platform.commons.util.ReflectionUtils.invokeMethod(ReflectionUtils.java:688)
	at org.junit.jupiter.engine.execution.MethodInvocation.proceed(MethodInvocation.java:60)
	at org.junit.jupiter.engine.execution.InvocationInterceptorChain$ValidatingInvocation.proceed(InvocationInterceptorChain.java:131)
	at org.junit.jupiter.engine.extension.TimeoutExtension.intercept(TimeoutExtension.java:149)
	at org.junit.jupiter.engine.extension.TimeoutExtension.interceptTestableMethod(TimeoutExtension.java:140)
	at org.junit.jupiter.engine.extension.TimeoutExtension.interceptTestTemplateMethod(TimeoutExtension.java:92)
	at org.junit.jupiter.engine.execution.ExecutableInvoker$ReflectiveInterceptorCall.lambda$ofVoidMethod$0(ExecutableInvoker.java:115)
	at org.junit.jupiter.engine.execution.ExecutableInvoker.lambda$invoke$0(ExecutableInvoker.java:105)
	at org.junit.jupiter.engine.execution.InvocationInterceptorChain$InterceptedInvocation.proceed(InvocationInterceptorChain.java:106)
	at org.junit.jupiter.engine.execution.InvocationInterceptorChain.proceed(InvocationInterceptorChain.java:64)
	at org.junit.jupiter.engine.execution.InvocationInterceptorChain.chainAndInvoke(InvocationInterceptorChain.java:45)
	at org.junit.jupiter.engine.execution.InvocationInterceptorChain.invoke(InvocationInterceptorChain.java:37)
	at org.junit.jupiter.engine.execution.ExecutableInvoker.invoke(ExecutableInvoker.java:104)
	at org.junit.jupiter.engine.execution.ExecutableInvoker.invoke(ExecutableInvoker.java:98)
	at org.junit.jupiter.engine.descriptor.TestMethodTestDescriptor.lambda$invokeTestMethod$6(TestMethodTestDescriptor.java:210)
	at org.junit.platform.engine.support.hierarchical.ThrowableCollector.execute(ThrowableCollector.java:73)
	at org.junit.jupiter.engine.descriptor.TestMethodTestDescriptor.invokeTestMethod(TestMethodTestDescriptor.java:206)
	at org.junit.jupiter.engine.descriptor.TestMethodTestDescriptor.execute(TestMethodTestDescriptor.java:131)
	at org.junit.jupiter.engine.descriptor.TestMethodTestDescriptor.execute(TestMethodTestDescriptor.java:65)
	at org.junit.platform.engine.support.hierarchical.NodeTestTask.lambda$executeRecursively$5(NodeTestTask.java:139)
	at org.junit.platform.engine.support.hierarchical.ThrowableCollector.execute(ThrowableCollector.java:73)
	at org.junit.platform.engine.support.hierarchical.NodeTestTask.lambda$executeRecursively$7(NodeTestTask.java:129)
	at org.junit.platform.engine.support.hierarchical.Node.around(Node.java:137)
	at org.junit.platform.engine.support.hierarchical.NodeTestTask.lambda$executeRecursively$8(NodeTestTask.java:127)
	at org.junit.platform.engine.support.hierarchical.ThrowableCollector.execute(ThrowableCollector.java:73)
	at org.junit.platform.engine.support.hierarchical.NodeTestTask.executeRecursively(NodeTestTask.java:126)
	at org.junit.platform.engine.support.hierarchical.NodeTestTask.execute(NodeTestTask.java:84)
	at org.junit.platform.engine.support.hierarchical.SameThreadHierarchicalTestExecutorService.submit(SameThreadHierarchicalTestExecutorService.java:32)
	at org.junit.platform.engine.support.hierarchical.NodeTestTask$DefaultDynamicTestExecutor.execute(NodeTestTask.java:212)
	at org.junit.platform.engine.support.hierarchical.NodeTestTask$DefaultDynamicTestExecutor.execute(NodeTestTask.java:192)
	at org.junit.jupiter.engine.descriptor.TestTemplateTestDescriptor.execute(TestTemplateTestDescriptor.java:139)
	at org.junit.jupiter.engine.descriptor.TestTemplateTestDescriptor.lambda$execute$2(TestTemplateTestDescriptor.java:107)
	at java.base/java.util.stream.ForEachOps$ForEachOp$OfRef.accept(ForEachOps.java:183)
	at java.base/java.util.stream.ReferencePipeline$3$1.accept(ReferencePipeline.java:197)
	at java.base/java.util.stream.ReferencePipeline$2$1.accept(ReferencePipeline.java:179)
	at java.base/java.util.stream.ReferencePipeline$3$1.accept(ReferencePipeline.java:197)
	at java.base/java.util.stream.ForEachOps$ForEachOp$OfRef.accept(ForEachOps.java:183)
	at java.base/java.util.stream.ReferencePipeline$15$1.accept(ReferencePipeline.java:541)
	at java.base/java.util.stream.ReferencePipeline$3$1.accept(ReferencePipeline.java:197)
	at java.base/java.util.stream.ReferencePipeline$3$1.accept(ReferencePipeline.java:197)
	at java.base/java.util.stream.ReferencePipeline$3$1.accept(ReferencePipeline.java:197)
	at java.base/java.util.stream.ForEachOps$ForEachOp$OfRef.accept(ForEachOps.java:183)
	at java.base/java.util.stream.ReferencePipeline$3$1.accept(ReferencePipeline.java:197)
	at java.base/java.util.stream.ForEachOps$ForEachOp$OfRef.accept(ForEachOps.java:183)
	at java.base/java.util.stream.SliceOps$1$1.accept(SliceOps.java:200)
	at java.base/java.util.stream.StreamSpliterators$InfiniteSupplyingSpliterator$OfRef.tryAdvance(StreamSpliterators.java:1358)
	at java.base/java.util.stream.ReferencePipeline.forEachWithCancel(ReferencePipeline.java:129)
	at java.base/java.util.stream.AbstractPipeline.copyIntoWithCancel(AbstractPipeline.java:527)
	at java.base/java.util.stream.AbstractPipeline.copyInto(AbstractPipeline.java:513)
	at java.base/java.util.stream.AbstractPipeline.wrapAndCopyInto(AbstractPipeline.java:499)
	at java.base/java.util.stream.ForEachOps$ForEachOp.evaluateSequential(ForEachOps.java:150)
	at java.base/java.util.stream.ForEachOps$ForEachOp$OfRef.evaluateSequential(ForEachOps.java:173)
	at java.base/java.util.stream.AbstractPipeline.evaluate(AbstractPipeline.java:234)
	at java.base/java.util.stream.ReferencePipeline.forEach(ReferencePipeline.java:596)
	at java.base/java.util.stream.ReferencePipeline$7$1.accept(ReferencePipeline.java:276)
	at java.base/java.util.stream.ReferencePipeline$3$1.accept(ReferencePipeline.java:197)
	at java.base/java.util.stream.ReferencePipeline$3$1.accept(ReferencePipeline.java:197)
	at java.base/java.util.Spliterators$ArraySpliterator.forEachRemaining(Spliterators.java:992)
	at java.base/java.util.stream.AbstractPipeline.copyInto(AbstractPipeline.java:509)
	at java.base/java.util.stream.AbstractPipeline.wrapAndCopyInto(AbstractPipeline.java:499)
	at java.base/java.util.stream.ForEachOps$ForEachOp.evaluateSequential(ForEachOps.java:150)
	at java.base/java.util.stream.ForEachOps$ForEachOp$OfRef.evaluateSequential(ForEachOps.java:173)
	at java.base/java.util.stream.AbstractPipeline.evaluate(AbstractPipeline.java:234)
	at java.base/java.util.stream.ReferencePipeline.forEach(ReferencePipeline.java:596)
	at java.base/java.util.stream.ReferencePipeline$7$1.accept(ReferencePipeline.java:276)
	at java.base/java.util.stream.ReferencePipeline$3$1.accept(ReferencePipeline.java:197)
	at java.base/java.util.stream.ReferencePipeline$3$1.accept(ReferencePipeline.java:197)
	at java.base/java.util.stream.ReferencePipeline$3$1.accept(ReferencePipeline.java:197)
	at java.base/java.util.ArrayList$ArrayListSpliterator.forEachRemaining(ArrayList.java:1625)
	at java.base/java.util.stream.AbstractPipeline.copyInto(AbstractPipeline.java:509)
	at java.base/java.util.stream.AbstractPipeline.wrapAndCopyInto(AbstractPipeline.java:499)
	at java.base/java.util.stream.ForEachOps$ForEachOp.evaluateSequential(ForEachOps.java:150)
	at java.base/java.util.stream.ForEachOps$ForEachOp$OfRef.evaluateSequential(ForEachOps.java:173)
	at java.base/java.util.stream.AbstractPipeline.evaluate(AbstractPipeline.java:234)
	at java.base/java.util.stream.ReferencePipeline.forEach(ReferencePipeline.java:596)
	at java.base/java.util.stream.ReferencePipeline$7$1.accept(ReferencePipeline.java:276)
	at java.base/java.util.ArrayList$ArrayListSpliterator.forEachRemaining(ArrayList.java:1625)
	at java.base/java.util.stream.AbstractPipeline.copyInto(AbstractPipeline.java:509)
	at java.base/java.util.stream.AbstractPipeline.wrapAndCopyInto(AbstractPipeline.java:499)
	at java.base/java.util.stream.ForEachOps$ForEachOp.evaluateSequential(ForEachOps.java:150)
	at java.base/java.util.stream.ForEachOps$ForEachOp$OfRef.evaluateSequential(ForEachOps.java:173)
	at java.base/java.util.stream.AbstractPipeline.evaluate(AbstractPipeline.java:234)
	at java.base/java.util.stream.ReferencePipeline.forEach(ReferencePipeline.java:596)
	at org.junit.jupiter.engine.descriptor.TestTemplateTestDescriptor.execute(TestTemplateTestDescriptor.java:107)
	at org.junit.jupiter.engine.descriptor.TestTemplateTestDescriptor.execute(TestTemplateTestDescriptor.java:42)
	at org.junit.platform.engine.support.hierarchical.NodeTestTask.lambda$executeRecursively$5(NodeTestTask.java:139)
	at org.junit.platform.engine.support.hierarchical.ThrowableCollector.execute(ThrowableCollector.java:73)
	at org.junit.platform.engine.support.hierarchical.NodeTestTask.lambda$executeRecursively$7(NodeTestTask.java:129)
	at org.junit.platform.engine.support.hierarchical.Node.around(Node.java:137)
	at org.junit.platform.engine.support.hierarchical.NodeTestTask.lambda$executeRecursively$8(NodeTestTask.java:127)
	at org.junit.platform.engine.support.hierarchical.ThrowableCollector.execute(ThrowableCollector.java:73)
	at org.junit.platform.engine.support.hierarchical.NodeTestTask.executeRecursively(NodeTestTask.java:126)
	at org.junit.platform.engine.support.hierarchical.NodeTestTask.execute(NodeTestTask.java:84)
	at java.base/java.util.ArrayList.forEach(ArrayList.java:1511)
	at org.junit.platform.engine.support.hierarchical.SameThreadHierarchicalTestExecutorService.invokeAll(SameThreadHierarchicalTestExecutorService.java:38)
	at org.junit.platform.engine.support.hierarchical.NodeTestTask.lambda$executeRecursively$5(NodeTestTask.java:143)
	at org.junit.platform.engine.support.hierarchical.ThrowableCollector.execute(ThrowableCollector.java:73)
	at org.junit.platform.engine.support.hierarchical.NodeTestTask.lambda$executeRecursively$7(NodeTestTask.java:129)
	at org.junit.platform.engine.support.hierarchical.Node.around(Node.java:137)
	at org.junit.platform.engine.support.hierarchical.NodeTestTask.lambda$executeRecursively$8(NodeTestTask.java:127)
	at org.junit.platform.engine.support.hierarchical.ThrowableCollector.execute(ThrowableCollector.java:73)
	at org.junit.platform.engine.support.hierarchical.NodeTestTask.executeRecursively(NodeTestTask.java:126)
	at org.junit.platform.engine.support.hierarchical.NodeTestTask.execute(NodeTestTask.java:84)
	at java.base/java.util.ArrayList.forEach(ArrayList.java:1511)
	at org.junit.platform.engine.support.hierarchical.SameThreadHierarchicalTestExecutorService.invokeAll(SameThreadHierarchicalTestExecutorService.java:38)
	at org.junit.platform.engine.support.hierarchical.NodeTestTask.lambda$executeRecursively$5(NodeTestTask.java:143)
	at org.junit.platform.engine.support.hierarchical.ThrowableCollector.execute(ThrowableCollector.java:73)
	at org.junit.platform.engine.support.hierarchical.NodeTestTask.lambda$executeRecursively$7(NodeTestTask.java:129)
	at org.junit.platform.engine.support.hierarchical.Node.around(Node.java:137)
	at org.junit.platform.engine.support.hierarchical.NodeTestTask.lambda$executeRecursively$8(NodeTestTask.java:127)
	at org.junit.platform.engine.support.hierarchical.ThrowableCollector.execute(ThrowableCollector.java:73)
	at org.junit.platform.engine.support.hierarchical.NodeTestTask.executeRecursively(NodeTestTask.java:126)
	at org.junit.platform.engine.support.hierarchical.NodeTestTask.execute(NodeTestTask.java:84)
	at org.junit.platform.engine.support.hierarchical.SameThreadHierarchicalTestExecutorService.submit(SameThreadHierarchicalTestExecutorService.java:32)
	at org.junit.platform.engine.support.hierarchical.HierarchicalTestExecutor.execute(HierarchicalTestExecutor.java:57)
	at org.junit.platform.engine.support.hierarchical.HierarchicalTestEngine.execute(HierarchicalTestEngine.java:51)
	at org.junit.platform.launcher.core.EngineExecutionOrchestrator.execute(EngineExecutionOrchestrator.java:108)
	at org.junit.platform.launcher.core.EngineExecutionOrchestrator.execute(EngineExecutionOrchestrator.java:88)
	at org.junit.platform.launcher.core.EngineExecutionOrchestrator.lambda$execute$0(EngineExecutionOrchestrator.java:54)
	at org.junit.platform.launcher.core.EngineExecutionOrchestrator.withInterceptedStreams(EngineExecutionOrchestrator.java:67)
	at org.junit.platform.launcher.core.EngineExecutionOrchestrator.execute(EngineExecutionOrchestrator.java:52)
	at org.junit.platform.launcher.core.DefaultLauncher.execute(DefaultLauncher.java:96)
	at org.junit.platform.launcher.core.DefaultLauncher.execute(DefaultLauncher.java:75)
	at org.junit.platform.console.tasks.ConsoleTestExecutor.executeTests(ConsoleTestExecutor.java:66)
	at org.junit.platform.console.tasks.ConsoleTestExecutor.lambda$execute$0(ConsoleTestExecutor.java:58)
	at org.junit.platform.console.tasks.CustomContextClassLoaderExecutor.replaceThreadContextClassLoaderAndInvoke(CustomContextClassLoaderExecutor.java:41)
	at org.junit.platform.console.tasks.CustomContextClassLoaderExecutor.invoke(CustomContextClassLoaderExecutor.java:31)
	at org.junit.platform.console.tasks.ConsoleTestExecutor.execute(ConsoleTestExecutor.java:58)
	at org.junit.platform.console.ConsoleLauncher.executeTests(ConsoleLauncher.java:95)
	at org.junit.platform.console.ConsoleLauncher.execute(ConsoleLauncher.java:73)
	at org.junit.platform.console.ConsoleLauncher.execute(ConsoleLauncher.java:50)
	at org.junit.platform.console.ConsoleLauncher.execute(ConsoleLauncher.java:43)
	at org.junit.platform.console.ConsoleLauncher.main(ConsoleLauncher.java:37)
]]></skipped>
<system-out><![CDATA[
unique-id: [engine:junit-jupiter]/[class:minebayd1.test.TestUser]/[test-template:testprevious(minebayd1.User)]/[test-template-invocation:#17]
display-name: [17] Faycal a 51 annonces ouvertes, 3 annonces fermées et 4 achats 

]]></system-out>
</testcase>
<testcase name="testprevious(User)[18]" classname="minebayd1.test.TestUser" time="0">
<skipped><![CDATA[org.opentest4j.TestAbortedException: Assumption failed: assumption is not true
	at org.junit.jupiter.api.Assumptions.throwTestAbortedException(Assumptions.java:256)
	at org.junit.jupiter.api.Assumptions.assumeTrue(Assumptions.java:115)
	at org.junit.jupiter.api.Assumptions.assumeTrue(Assumptions.java:66)
	at minebayd1.test.TestUser.testprevious(TestUser.java:1288)
	at jdk.internal.reflect.GeneratedMethodAccessor15.invoke(Unknown Source)
	at java.base/jdk.internal.reflect.DelegatingMethodAccessorImpl.invoke(DelegatingMethodAccessorImpl.java:43)
	at java.base/java.lang.reflect.Method.invoke(Method.java:569)
	at org.junit.platform.commons.util.ReflectionUtils.invokeMethod(ReflectionUtils.java:688)
	at org.junit.jupiter.engine.execution.MethodInvocation.proceed(MethodInvocation.java:60)
	at org.junit.jupiter.engine.execution.InvocationInterceptorChain$ValidatingInvocation.proceed(InvocationInterceptorChain.java:131)
	at org.junit.jupiter.engine.extension.TimeoutExtension.intercept(TimeoutExtension.java:149)
	at org.junit.jupiter.engine.extension.TimeoutExtension.interceptTestableMethod(TimeoutExtension.java:140)
	at org.junit.jupiter.engine.extension.TimeoutExtension.interceptTestTemplateMethod(TimeoutExtension.java:92)
	at org.junit.jupiter.engine.execution.ExecutableInvoker$ReflectiveInterceptorCall.lambda$ofVoidMethod$0(ExecutableInvoker.java:115)
	at org.junit.jupiter.engine.execution.ExecutableInvoker.lambda$invoke$0(ExecutableInvoker.java:105)
	at org.junit.jupiter.engine.execution.InvocationInterceptorChain$InterceptedInvocation.proceed(InvocationInterceptorChain.java:106)
	at org.junit.jupiter.engine.execution.InvocationInterceptorChain.proceed(InvocationInterceptorChain.java:64)
	at org.junit.jupiter.engine.execution.InvocationInterceptorChain.chainAndInvoke(InvocationInterceptorChain.java:45)
	at org.junit.jupiter.engine.execution.InvocationInterceptorChain.invoke(InvocationInterceptorChain.java:37)
	at org.junit.jupiter.engine.execution.ExecutableInvoker.invoke(ExecutableInvoker.java:104)
	at org.junit.jupiter.engine.execution.ExecutableInvoker.invoke(ExecutableInvoker.java:98)
	at org.junit.jupiter.engine.descriptor.TestMethodTestDescriptor.lambda$invokeTestMethod$6(TestMethodTestDescriptor.java:210)
	at org.junit.platform.engine.support.hierarchical.ThrowableCollector.execute(ThrowableCollector.java:73)
	at org.junit.jupiter.engine.descriptor.TestMethodTestDescriptor.invokeTestMethod(TestMethodTestDescriptor.java:206)
	at org.junit.jupiter.engine.descriptor.TestMethodTestDescriptor.execute(TestMethodTestDescriptor.java:131)
	at org.junit.jupiter.engine.descriptor.TestMethodTestDescriptor.execute(TestMethodTestDescriptor.java:65)
	at org.junit.platform.engine.support.hierarchical.NodeTestTask.lambda$executeRecursively$5(NodeTestTask.java:139)
	at org.junit.platform.engine.support.hierarchical.ThrowableCollector.execute(ThrowableCollector.java:73)
	at org.junit.platform.engine.support.hierarchical.NodeTestTask.lambda$executeRecursively$7(NodeTestTask.java:129)
	at org.junit.platform.engine.support.hierarchical.Node.around(Node.java:137)
	at org.junit.platform.engine.support.hierarchical.NodeTestTask.lambda$executeRecursively$8(NodeTestTask.java:127)
	at org.junit.platform.engine.support.hierarchical.ThrowableCollector.execute(ThrowableCollector.java:73)
	at org.junit.platform.engine.support.hierarchical.NodeTestTask.executeRecursively(NodeTestTask.java:126)
	at org.junit.platform.engine.support.hierarchical.NodeTestTask.execute(NodeTestTask.java:84)
	at org.junit.platform.engine.support.hierarchical.SameThreadHierarchicalTestExecutorService.submit(SameThreadHierarchicalTestExecutorService.java:32)
	at org.junit.platform.engine.support.hierarchical.NodeTestTask$DefaultDynamicTestExecutor.execute(NodeTestTask.java:212)
	at org.junit.platform.engine.support.hierarchical.NodeTestTask$DefaultDynamicTestExecutor.execute(NodeTestTask.java:192)
	at org.junit.jupiter.engine.descriptor.TestTemplateTestDescriptor.execute(TestTemplateTestDescriptor.java:139)
	at org.junit.jupiter.engine.descriptor.TestTemplateTestDescriptor.lambda$execute$2(TestTemplateTestDescriptor.java:107)
	at java.base/java.util.stream.ForEachOps$ForEachOp$OfRef.accept(ForEachOps.java:183)
	at java.base/java.util.stream.ReferencePipeline$3$1.accept(ReferencePipeline.java:197)
	at java.base/java.util.stream.ReferencePipeline$2$1.accept(ReferencePipeline.java:179)
	at java.base/java.util.stream.ReferencePipeline$3$1.accept(ReferencePipeline.java:197)
	at java.base/java.util.stream.ForEachOps$ForEachOp$OfRef.accept(ForEachOps.java:183)
	at java.base/java.util.stream.ReferencePipeline$15$1.accept(ReferencePipeline.java:541)
	at java.base/java.util.stream.ReferencePipeline$3$1.accept(ReferencePipeline.java:197)
	at java.base/java.util.stream.ReferencePipeline$3$1.accept(ReferencePipeline.java:197)
	at java.base/java.util.stream.ReferencePipeline$3$1.accept(ReferencePipeline.java:197)
	at java.base/java.util.stream.ForEachOps$ForEachOp$OfRef.accept(ForEachOps.java:183)
	at java.base/java.util.stream.ReferencePipeline$3$1.accept(ReferencePipeline.java:197)
	at java.base/java.util.stream.ForEachOps$ForEachOp$OfRef.accept(ForEachOps.java:183)
	at java.base/java.util.stream.SliceOps$1$1.accept(SliceOps.java:200)
	at java.base/java.util.stream.StreamSpliterators$InfiniteSupplyingSpliterator$OfRef.tryAdvance(StreamSpliterators.java:1358)
	at java.base/java.util.stream.ReferencePipeline.forEachWithCancel(ReferencePipeline.java:129)
	at java.base/java.util.stream.AbstractPipeline.copyIntoWithCancel(AbstractPipeline.java:527)
	at java.base/java.util.stream.AbstractPipeline.copyInto(AbstractPipeline.java:513)
	at java.base/java.util.stream.AbstractPipeline.wrapAndCopyInto(AbstractPipeline.java:499)
	at java.base/java.util.stream.ForEachOps$ForEachOp.evaluateSequential(ForEachOps.java:150)
	at java.base/java.util.stream.ForEachOps$ForEachOp$OfRef.evaluateSequential(ForEachOps.java:173)
	at java.base/java.util.stream.AbstractPipeline.evaluate(AbstractPipeline.java:234)
	at java.base/java.util.stream.ReferencePipeline.forEach(ReferencePipeline.java:596)
	at java.base/java.util.stream.ReferencePipeline$7$1.accept(ReferencePipeline.java:276)
	at java.base/java.util.stream.ReferencePipeline$3$1.accept(ReferencePipeline.java:197)
	at java.base/java.util.stream.ReferencePipeline$3$1.accept(ReferencePipeline.java:197)
	at java.base/java.util.Spliterators$ArraySpliterator.forEachRemaining(Spliterators.java:992)
	at java.base/java.util.stream.AbstractPipeline.copyInto(AbstractPipeline.java:509)
	at java.base/java.util.stream.AbstractPipeline.wrapAndCopyInto(AbstractPipeline.java:499)
	at java.base/java.util.stream.ForEachOps$ForEachOp.evaluateSequential(ForEachOps.java:150)
	at java.base/java.util.stream.ForEachOps$ForEachOp$OfRef.evaluateSequential(ForEachOps.java:173)
	at java.base/java.util.stream.AbstractPipeline.evaluate(AbstractPipeline.java:234)
	at java.base/java.util.stream.ReferencePipeline.forEach(ReferencePipeline.java:596)
	at java.base/java.util.stream.ReferencePipeline$7$1.accept(ReferencePipeline.java:276)
	at java.base/java.util.stream.ReferencePipeline$3$1.accept(ReferencePipeline.java:197)
	at java.base/java.util.stream.ReferencePipeline$3$1.accept(ReferencePipeline.java:197)
	at java.base/java.util.stream.ReferencePipeline$3$1.accept(ReferencePipeline.java:197)
	at java.base/java.util.ArrayList$ArrayListSpliterator.forEachRemaining(ArrayList.java:1625)
	at java.base/java.util.stream.AbstractPipeline.copyInto(AbstractPipeline.java:509)
	at java.base/java.util.stream.AbstractPipeline.wrapAndCopyInto(AbstractPipeline.java:499)
	at java.base/java.util.stream.ForEachOps$ForEachOp.evaluateSequential(ForEachOps.java:150)
	at java.base/java.util.stream.ForEachOps$ForEachOp$OfRef.evaluateSequential(ForEachOps.java:173)
	at java.base/java.util.stream.AbstractPipeline.evaluate(AbstractPipeline.java:234)
	at java.base/java.util.stream.ReferencePipeline.forEach(ReferencePipeline.java:596)
	at java.base/java.util.stream.ReferencePipeline$7$1.accept(ReferencePipeline.java:276)
	at java.base/java.util.ArrayList$ArrayListSpliterator.forEachRemaining(ArrayList.java:1625)
	at java.base/java.util.stream.AbstractPipeline.copyInto(AbstractPipeline.java:509)
	at java.base/java.util.stream.AbstractPipeline.wrapAndCopyInto(AbstractPipeline.java:499)
	at java.base/java.util.stream.ForEachOps$ForEachOp.evaluateSequential(ForEachOps.java:150)
	at java.base/java.util.stream.ForEachOps$ForEachOp$OfRef.evaluateSequential(ForEachOps.java:173)
	at java.base/java.util.stream.AbstractPipeline.evaluate(AbstractPipeline.java:234)
	at java.base/java.util.stream.ReferencePipeline.forEach(ReferencePipeline.java:596)
	at org.junit.jupiter.engine.descriptor.TestTemplateTestDescriptor.execute(TestTemplateTestDescriptor.java:107)
	at org.junit.jupiter.engine.descriptor.TestTemplateTestDescriptor.execute(TestTemplateTestDescriptor.java:42)
	at org.junit.platform.engine.support.hierarchical.NodeTestTask.lambda$executeRecursively$5(NodeTestTask.java:139)
	at org.junit.platform.engine.support.hierarchical.ThrowableCollector.execute(ThrowableCollector.java:73)
	at org.junit.platform.engine.support.hierarchical.NodeTestTask.lambda$executeRecursively$7(NodeTestTask.java:129)
	at org.junit.platform.engine.support.hierarchical.Node.around(Node.java:137)
	at org.junit.platform.engine.support.hierarchical.NodeTestTask.lambda$executeRecursively$8(NodeTestTask.java:127)
	at org.junit.platform.engine.support.hierarchical.ThrowableCollector.execute(ThrowableCollector.java:73)
	at org.junit.platform.engine.support.hierarchical.NodeTestTask.executeRecursively(NodeTestTask.java:126)
	at org.junit.platform.engine.support.hierarchical.NodeTestTask.execute(NodeTestTask.java:84)
	at java.base/java.util.ArrayList.forEach(ArrayList.java:1511)
	at org.junit.platform.engine.support.hierarchical.SameThreadHierarchicalTestExecutorService.invokeAll(SameThreadHierarchicalTestExecutorService.java:38)
	at org.junit.platform.engine.support.hierarchical.NodeTestTask.lambda$executeRecursively$5(NodeTestTask.java:143)
	at org.junit.platform.engine.support.hierarchical.ThrowableCollector.execute(ThrowableCollector.java:73)
	at org.junit.platform.engine.support.hierarchical.NodeTestTask.lambda$executeRecursively$7(NodeTestTask.java:129)
	at org.junit.platform.engine.support.hierarchical.Node.around(Node.java:137)
	at org.junit.platform.engine.support.hierarchical.NodeTestTask.lambda$executeRecursively$8(NodeTestTask.java:127)
	at org.junit.platform.engine.support.hierarchical.ThrowableCollector.execute(ThrowableCollector.java:73)
	at org.junit.platform.engine.support.hierarchical.NodeTestTask.executeRecursively(NodeTestTask.java:126)
	at org.junit.platform.engine.support.hierarchical.NodeTestTask.execute(NodeTestTask.java:84)
	at java.base/java.util.ArrayList.forEach(ArrayList.java:1511)
	at org.junit.platform.engine.support.hierarchical.SameThreadHierarchicalTestExecutorService.invokeAll(SameThreadHierarchicalTestExecutorService.java:38)
	at org.junit.platform.engine.support.hierarchical.NodeTestTask.lambda$executeRecursively$5(NodeTestTask.java:143)
	at org.junit.platform.engine.support.hierarchical.ThrowableCollector.execute(ThrowableCollector.java:73)
	at org.junit.platform.engine.support.hierarchical.NodeTestTask.lambda$executeRecursively$7(NodeTestTask.java:129)
	at org.junit.platform.engine.support.hierarchical.Node.around(Node.java:137)
	at org.junit.platform.engine.support.hierarchical.NodeTestTask.lambda$executeRecursively$8(NodeTestTask.java:127)
	at org.junit.platform.engine.support.hierarchical.ThrowableCollector.execute(ThrowableCollector.java:73)
	at org.junit.platform.engine.support.hierarchical.NodeTestTask.executeRecursively(NodeTestTask.java:126)
	at org.junit.platform.engine.support.hierarchical.NodeTestTask.execute(NodeTestTask.java:84)
	at org.junit.platform.engine.support.hierarchical.SameThreadHierarchicalTestExecutorService.submit(SameThreadHierarchicalTestExecutorService.java:32)
	at org.junit.platform.engine.support.hierarchical.HierarchicalTestExecutor.execute(HierarchicalTestExecutor.java:57)
	at org.junit.platform.engine.support.hierarchical.HierarchicalTestEngine.execute(HierarchicalTestEngine.java:51)
	at org.junit.platform.launcher.core.EngineExecutionOrchestrator.execute(EngineExecutionOrchestrator.java:108)
	at org.junit.platform.launcher.core.EngineExecutionOrchestrator.execute(EngineExecutionOrchestrator.java:88)
	at org.junit.platform.launcher.core.EngineExecutionOrchestrator.lambda$execute$0(EngineExecutionOrchestrator.java:54)
	at org.junit.platform.launcher.core.EngineExecutionOrchestrator.withInterceptedStreams(EngineExecutionOrchestrator.java:67)
	at org.junit.platform.launcher.core.EngineExecutionOrchestrator.execute(EngineExecutionOrchestrator.java:52)
	at org.junit.platform.launcher.core.DefaultLauncher.execute(DefaultLauncher.java:96)
	at org.junit.platform.launcher.core.DefaultLauncher.execute(DefaultLauncher.java:75)
	at org.junit.platform.console.tasks.ConsoleTestExecutor.executeTests(ConsoleTestExecutor.java:66)
	at org.junit.platform.console.tasks.ConsoleTestExecutor.lambda$execute$0(ConsoleTestExecutor.java:58)
	at org.junit.platform.console.tasks.CustomContextClassLoaderExecutor.replaceThreadContextClassLoaderAndInvoke(CustomContextClassLoaderExecutor.java:41)
	at org.junit.platform.console.tasks.CustomContextClassLoaderExecutor.invoke(CustomContextClassLoaderExecutor.java:31)
	at org.junit.platform.console.tasks.ConsoleTestExecutor.execute(ConsoleTestExecutor.java:58)
	at org.junit.platform.console.ConsoleLauncher.executeTests(ConsoleLauncher.java:95)
	at org.junit.platform.console.ConsoleLauncher.execute(ConsoleLauncher.java:73)
	at org.junit.platform.console.ConsoleLauncher.execute(ConsoleLauncher.java:50)
	at org.junit.platform.console.ConsoleLauncher.execute(ConsoleLauncher.java:43)
	at org.junit.platform.console.ConsoleLauncher.main(ConsoleLauncher.java:37)
]]></skipped>
<system-out><![CDATA[
unique-id: [engine:junit-jupiter]/[class:minebayd1.test.TestUser]/[test-template:testprevious(minebayd1.User)]/[test-template-invocation:#18]
display-name: [18] Sheraz a 49 annonces ouvertes, 3 annonces fermées et 6 achats 

]]></system-out>
</testcase>
<testcase name="testprevious(User)[19]" classname="minebayd1.test.TestUser" time="0">
<system-out><![CDATA[
unique-id: [engine:junit-jupiter]/[class:minebayd1.test.TestUser]/[test-template:testprevious(minebayd1.User)]/[test-template-invocation:#19]
display-name: [19] Naila a 60 annonces ouvertes, 3 annonces fermées et 4 achats 

]]></system-out>
</testcase>
<testcase name="testprevious(User)[20]" classname="minebayd1.test.TestUser" time="0.001">
<system-out><![CDATA[
unique-id: [engine:junit-jupiter]/[class:minebayd1.test.TestUser]/[test-template:testprevious(minebayd1.User)]/[test-template-invocation:#20]
display-name: [20] Boris a 63 annonces ouvertes, 2 annonces fermées et 3 achats 

]]></system-out>
</testcase>
<testcase name="testprevious(User)[21]" classname="minebayd1.test.TestUser" time="0">
<system-out><![CDATA[
unique-id: [engine:junit-jupiter]/[class:minebayd1.test.TestUser]/[test-template:testprevious(minebayd1.User)]/[test-template-invocation:#21]
display-name: [21] Imam a 45 annonces ouvertes, 5 annonces fermées et 3 achats 

]]></system-out>
</testcase>
<testcase name="testprevious(User)[22]" classname="minebayd1.test.TestUser" time="0">
<system-out><![CDATA[
unique-id: [engine:junit-jupiter]/[class:minebayd1.test.TestUser]/[test-template:testprevious(minebayd1.User)]/[test-template-invocation:#22]
display-name: [22] Zahra a 42 annonces ouvertes, 0 annonces fermées et 2 achats 

]]></system-out>
</testcase>
<testcase name="testprevious(User)[23]" classname="minebayd1.test.TestUser" time="0">
<skipped><![CDATA[org.opentest4j.TestAbortedException: Assumption failed: assumption is not true
	at org.junit.jupiter.api.Assumptions.throwTestAbortedException(Assumptions.java:256)
	at org.junit.jupiter.api.Assumptions.assumeTrue(Assumptions.java:115)
	at org.junit.jupiter.api.Assumptions.assumeTrue(Assumptions.java:66)
	at minebayd1.test.TestUser.testprevious(TestUser.java:1288)
	at jdk.internal.reflect.GeneratedMethodAccessor15.invoke(Unknown Source)
	at java.base/jdk.internal.reflect.DelegatingMethodAccessorImpl.invoke(DelegatingMethodAccessorImpl.java:43)
	at java.base/java.lang.reflect.Method.invoke(Method.java:569)
	at org.junit.platform.commons.util.ReflectionUtils.invokeMethod(ReflectionUtils.java:688)
	at org.junit.jupiter.engine.execution.MethodInvocation.proceed(MethodInvocation.java:60)
	at org.junit.jupiter.engine.execution.InvocationInterceptorChain$ValidatingInvocation.proceed(InvocationInterceptorChain.java:131)
	at org.junit.jupiter.engine.extension.TimeoutExtension.intercept(TimeoutExtension.java:149)
	at org.junit.jupiter.engine.extension.TimeoutExtension.interceptTestableMethod(TimeoutExtension.java:140)
	at org.junit.jupiter.engine.extension.TimeoutExtension.interceptTestTemplateMethod(TimeoutExtension.java:92)
	at org.junit.jupiter.engine.execution.ExecutableInvoker$ReflectiveInterceptorCall.lambda$ofVoidMethod$0(ExecutableInvoker.java:115)
	at org.junit.jupiter.engine.execution.ExecutableInvoker.lambda$invoke$0(ExecutableInvoker.java:105)
	at org.junit.jupiter.engine.execution.InvocationInterceptorChain$InterceptedInvocation.proceed(InvocationInterceptorChain.java:106)
	at org.junit.jupiter.engine.execution.InvocationInterceptorChain.proceed(InvocationInterceptorChain.java:64)
	at org.junit.jupiter.engine.execution.InvocationInterceptorChain.chainAndInvoke(InvocationInterceptorChain.java:45)
	at org.junit.jupiter.engine.execution.InvocationInterceptorChain.invoke(InvocationInterceptorChain.java:37)
	at org.junit.jupiter.engine.execution.ExecutableInvoker.invoke(ExecutableInvoker.java:104)
	at org.junit.jupiter.engine.execution.ExecutableInvoker.invoke(ExecutableInvoker.java:98)
	at org.junit.jupiter.engine.descriptor.TestMethodTestDescriptor.lambda$invokeTestMethod$6(TestMethodTestDescriptor.java:210)
	at org.junit.platform.engine.support.hierarchical.ThrowableCollector.execute(ThrowableCollector.java:73)
	at org.junit.jupiter.engine.descriptor.TestMethodTestDescriptor.invokeTestMethod(TestMethodTestDescriptor.java:206)
	at org.junit.jupiter.engine.descriptor.TestMethodTestDescriptor.execute(TestMethodTestDescriptor.java:131)
	at org.junit.jupiter.engine.descriptor.TestMethodTestDescriptor.execute(TestMethodTestDescriptor.java:65)
	at org.junit.platform.engine.support.hierarchical.NodeTestTask.lambda$executeRecursively$5(NodeTestTask.java:139)
	at org.junit.platform.engine.support.hierarchical.ThrowableCollector.execute(ThrowableCollector.java:73)
	at org.junit.platform.engine.support.hierarchical.NodeTestTask.lambda$executeRecursively$7(NodeTestTask.java:129)
	at org.junit.platform.engine.support.hierarchical.Node.around(Node.java:137)
	at org.junit.platform.engine.support.hierarchical.NodeTestTask.lambda$executeRecursively$8(NodeTestTask.java:127)
	at org.junit.platform.engine.support.hierarchical.ThrowableCollector.execute(ThrowableCollector.java:73)
	at org.junit.platform.engine.support.hierarchical.NodeTestTask.executeRecursively(NodeTestTask.java:126)
	at org.junit.platform.engine.support.hierarchical.NodeTestTask.execute(NodeTestTask.java:84)
	at org.junit.platform.engine.support.hierarchical.SameThreadHierarchicalTestExecutorService.submit(SameThreadHierarchicalTestExecutorService.java:32)
	at org.junit.platform.engine.support.hierarchical.NodeTestTask$DefaultDynamicTestExecutor.execute(NodeTestTask.java:212)
	at org.junit.platform.engine.support.hierarchical.NodeTestTask$DefaultDynamicTestExecutor.execute(NodeTestTask.java:192)
	at org.junit.jupiter.engine.descriptor.TestTemplateTestDescriptor.execute(TestTemplateTestDescriptor.java:139)
	at org.junit.jupiter.engine.descriptor.TestTemplateTestDescriptor.lambda$execute$2(TestTemplateTestDescriptor.java:107)
	at java.base/java.util.stream.ForEachOps$ForEachOp$OfRef.accept(ForEachOps.java:183)
	at java.base/java.util.stream.ReferencePipeline$3$1.accept(ReferencePipeline.java:197)
	at java.base/java.util.stream.ReferencePipeline$2$1.accept(ReferencePipeline.java:179)
	at java.base/java.util.stream.ReferencePipeline$3$1.accept(ReferencePipeline.java:197)
	at java.base/java.util.stream.ForEachOps$ForEachOp$OfRef.accept(ForEachOps.java:183)
	at java.base/java.util.stream.ReferencePipeline$15$1.accept(ReferencePipeline.java:541)
	at java.base/java.util.stream.ReferencePipeline$3$1.accept(ReferencePipeline.java:197)
	at java.base/java.util.stream.ReferencePipeline$3$1.accept(ReferencePipeline.java:197)
	at java.base/java.util.stream.ReferencePipeline$3$1.accept(ReferencePipeline.java:197)
	at java.base/java.util.stream.ForEachOps$ForEachOp$OfRef.accept(ForEachOps.java:183)
	at java.base/java.util.stream.ReferencePipeline$3$1.accept(ReferencePipeline.java:197)
	at java.base/java.util.stream.ForEachOps$ForEachOp$OfRef.accept(ForEachOps.java:183)
	at java.base/java.util.stream.SliceOps$1$1.accept(SliceOps.java:200)
	at java.base/java.util.stream.StreamSpliterators$InfiniteSupplyingSpliterator$OfRef.tryAdvance(StreamSpliterators.java:1358)
	at java.base/java.util.stream.ReferencePipeline.forEachWithCancel(ReferencePipeline.java:129)
	at java.base/java.util.stream.AbstractPipeline.copyIntoWithCancel(AbstractPipeline.java:527)
	at java.base/java.util.stream.AbstractPipeline.copyInto(AbstractPipeline.java:513)
	at java.base/java.util.stream.AbstractPipeline.wrapAndCopyInto(AbstractPipeline.java:499)
	at java.base/java.util.stream.ForEachOps$ForEachOp.evaluateSequential(ForEachOps.java:150)
	at java.base/java.util.stream.ForEachOps$ForEachOp$OfRef.evaluateSequential(ForEachOps.java:173)
	at java.base/java.util.stream.AbstractPipeline.evaluate(AbstractPipeline.java:234)
	at java.base/java.util.stream.ReferencePipeline.forEach(ReferencePipeline.java:596)
	at java.base/java.util.stream.ReferencePipeline$7$1.accept(ReferencePipeline.java:276)
	at java.base/java.util.stream.ReferencePipeline$3$1.accept(ReferencePipeline.java:197)
	at java.base/java.util.stream.ReferencePipeline$3$1.accept(ReferencePipeline.java:197)
	at java.base/java.util.Spliterators$ArraySpliterator.forEachRemaining(Spliterators.java:992)
	at java.base/java.util.stream.AbstractPipeline.copyInto(AbstractPipeline.java:509)
	at java.base/java.util.stream.AbstractPipeline.wrapAndCopyInto(AbstractPipeline.java:499)
	at java.base/java.util.stream.ForEachOps$ForEachOp.evaluateSequential(ForEachOps.java:150)
	at java.base/java.util.stream.ForEachOps$ForEachOp$OfRef.evaluateSequential(ForEachOps.java:173)
	at java.base/java.util.stream.AbstractPipeline.evaluate(AbstractPipeline.java:234)
	at java.base/java.util.stream.ReferencePipeline.forEach(ReferencePipeline.java:596)
	at java.base/java.util.stream.ReferencePipeline$7$1.accept(ReferencePipeline.java:276)
	at java.base/java.util.stream.ReferencePipeline$3$1.accept(ReferencePipeline.java:197)
	at java.base/java.util.stream.ReferencePipeline$3$1.accept(ReferencePipeline.java:197)
	at java.base/java.util.stream.ReferencePipeline$3$1.accept(ReferencePipeline.java:197)
	at java.base/java.util.ArrayList$ArrayListSpliterator.forEachRemaining(ArrayList.java:1625)
	at java.base/java.util.stream.AbstractPipeline.copyInto(AbstractPipeline.java:509)
	at java.base/java.util.stream.AbstractPipeline.wrapAndCopyInto(AbstractPipeline.java:499)
	at java.base/java.util.stream.ForEachOps$ForEachOp.evaluateSequential(ForEachOps.java:150)
	at java.base/java.util.stream.ForEachOps$ForEachOp$OfRef.evaluateSequential(ForEachOps.java:173)
	at java.base/java.util.stream.AbstractPipeline.evaluate(AbstractPipeline.java:234)
	at java.base/java.util.stream.ReferencePipeline.forEach(ReferencePipeline.java:596)
	at java.base/java.util.stream.ReferencePipeline$7$1.accept(ReferencePipeline.java:276)
	at java.base/java.util.ArrayList$ArrayListSpliterator.forEachRemaining(ArrayList.java:1625)
	at java.base/java.util.stream.AbstractPipeline.copyInto(AbstractPipeline.java:509)
	at java.base/java.util.stream.AbstractPipeline.wrapAndCopyInto(AbstractPipeline.java:499)
	at java.base/java.util.stream.ForEachOps$ForEachOp.evaluateSequential(ForEachOps.java:150)
	at java.base/java.util.stream.ForEachOps$ForEachOp$OfRef.evaluateSequential(ForEachOps.java:173)
	at java.base/java.util.stream.AbstractPipeline.evaluate(AbstractPipeline.java:234)
	at java.base/java.util.stream.ReferencePipeline.forEach(ReferencePipeline.java:596)
	at org.junit.jupiter.engine.descriptor.TestTemplateTestDescriptor.execute(TestTemplateTestDescriptor.java:107)
	at org.junit.jupiter.engine.descriptor.TestTemplateTestDescriptor.execute(TestTemplateTestDescriptor.java:42)
	at org.junit.platform.engine.support.hierarchical.NodeTestTask.lambda$executeRecursively$5(NodeTestTask.java:139)
	at org.junit.platform.engine.support.hierarchical.ThrowableCollector.execute(ThrowableCollector.java:73)
	at org.junit.platform.engine.support.hierarchical.NodeTestTask.lambda$executeRecursively$7(NodeTestTask.java:129)
	at org.junit.platform.engine.support.hierarchical.Node.around(Node.java:137)
	at org.junit.platform.engine.support.hierarchical.NodeTestTask.lambda$executeRecursively$8(NodeTestTask.java:127)
	at org.junit.platform.engine.support.hierarchical.ThrowableCollector.execute(ThrowableCollector.java:73)
	at org.junit.platform.engine.support.hierarchical.NodeTestTask.executeRecursively(NodeTestTask.java:126)
	at org.junit.platform.engine.support.hierarchical.NodeTestTask.execute(NodeTestTask.java:84)
	at java.base/java.util.ArrayList.forEach(ArrayList.java:1511)
	at org.junit.platform.engine.support.hierarchical.SameThreadHierarchicalTestExecutorService.invokeAll(SameThreadHierarchicalTestExecutorService.java:38)
	at org.junit.platform.engine.support.hierarchical.NodeTestTask.lambda$executeRecursively$5(NodeTestTask.java:143)
	at org.junit.platform.engine.support.hierarchical.ThrowableCollector.execute(ThrowableCollector.java:73)
	at org.junit.platform.engine.support.hierarchical.NodeTestTask.lambda$executeRecursively$7(NodeTestTask.java:129)
	at org.junit.platform.engine.support.hierarchical.Node.around(Node.java:137)
	at org.junit.platform.engine.support.hierarchical.NodeTestTask.lambda$executeRecursively$8(NodeTestTask.java:127)
	at org.junit.platform.engine.support.hierarchical.ThrowableCollector.execute(ThrowableCollector.java:73)
	at org.junit.platform.engine.support.hierarchical.NodeTestTask.executeRecursively(NodeTestTask.java:126)
	at org.junit.platform.engine.support.hierarchical.NodeTestTask.execute(NodeTestTask.java:84)
	at java.base/java.util.ArrayList.forEach(ArrayList.java:1511)
	at org.junit.platform.engine.support.hierarchical.SameThreadHierarchicalTestExecutorService.invokeAll(SameThreadHierarchicalTestExecutorService.java:38)
	at org.junit.platform.engine.support.hierarchical.NodeTestTask.lambda$executeRecursively$5(NodeTestTask.java:143)
	at org.junit.platform.engine.support.hierarchical.ThrowableCollector.execute(ThrowableCollector.java:73)
	at org.junit.platform.engine.support.hierarchical.NodeTestTask.lambda$executeRecursively$7(NodeTestTask.java:129)
	at org.junit.platform.engine.support.hierarchical.Node.around(Node.java:137)
	at org.junit.platform.engine.support.hierarchical.NodeTestTask.lambda$executeRecursively$8(NodeTestTask.java:127)
	at org.junit.platform.engine.support.hierarchical.ThrowableCollector.execute(ThrowableCollector.java:73)
	at org.junit.platform.engine.support.hierarchical.NodeTestTask.executeRecursively(NodeTestTask.java:126)
	at org.junit.platform.engine.support.hierarchical.NodeTestTask.execute(NodeTestTask.java:84)
	at org.junit.platform.engine.support.hierarchical.SameThreadHierarchicalTestExecutorService.submit(SameThreadHierarchicalTestExecutorService.java:32)
	at org.junit.platform.engine.support.hierarchical.HierarchicalTestExecutor.execute(HierarchicalTestExecutor.java:57)
	at org.junit.platform.engine.support.hierarchical.HierarchicalTestEngine.execute(HierarchicalTestEngine.java:51)
	at org.junit.platform.launcher.core.EngineExecutionOrchestrator.execute(EngineExecutionOrchestrator.java:108)
	at org.junit.platform.launcher.core.EngineExecutionOrchestrator.execute(EngineExecutionOrchestrator.java:88)
	at org.junit.platform.launcher.core.EngineExecutionOrchestrator.lambda$execute$0(EngineExecutionOrchestrator.java:54)
	at org.junit.platform.launcher.core.EngineExecutionOrchestrator.withInterceptedStreams(EngineExecutionOrchestrator.java:67)
	at org.junit.platform.launcher.core.EngineExecutionOrchestrator.execute(EngineExecutionOrchestrator.java:52)
	at org.junit.platform.launcher.core.DefaultLauncher.execute(DefaultLauncher.java:96)
	at org.junit.platform.launcher.core.DefaultLauncher.execute(DefaultLauncher.java:75)
	at org.junit.platform.console.tasks.ConsoleTestExecutor.executeTests(ConsoleTestExecutor.java:66)
	at org.junit.platform.console.tasks.ConsoleTestExecutor.lambda$execute$0(ConsoleTestExecutor.java:58)
	at org.junit.platform.console.tasks.CustomContextClassLoaderExecutor.replaceThreadContextClassLoaderAndInvoke(CustomContextClassLoaderExecutor.java:41)
	at org.junit.platform.console.tasks.CustomContextClassLoaderExecutor.invoke(CustomContextClassLoaderExecutor.java:31)
	at org.junit.platform.console.tasks.ConsoleTestExecutor.execute(ConsoleTestExecutor.java:58)
	at org.junit.platform.console.ConsoleLauncher.executeTests(ConsoleLauncher.java:95)
	at org.junit.platform.console.ConsoleLauncher.execute(ConsoleLauncher.java:73)
	at org.junit.platform.console.ConsoleLauncher.execute(ConsoleLauncher.java:50)
	at org.junit.platform.console.ConsoleLauncher.execute(ConsoleLauncher.java:43)
	at org.junit.platform.console.ConsoleLauncher.main(ConsoleLauncher.java:37)
]]></skipped>
<system-out><![CDATA[
unique-id: [engine:junit-jupiter]/[class:minebayd1.test.TestUser]/[test-template:testprevious(minebayd1.User)]/[test-template-invocation:#23]
display-name: [23] Faycal a 51 annonces ouvertes, 3 annonces fermées et 4 achats 

]]></system-out>
</testcase>
<testcase name="testprevious(User)[24]" classname="minebayd1.test.TestUser" time="0">
<skipped><![CDATA[org.opentest4j.TestAbortedException: Assumption failed: assumption is not true
	at org.junit.jupiter.api.Assumptions.throwTestAbortedException(Assumptions.java:256)
	at org.junit.jupiter.api.Assumptions.assumeTrue(Assumptions.java:115)
	at org.junit.jupiter.api.Assumptions.assumeTrue(Assumptions.java:66)
	at minebayd1.test.TestUser.testprevious(TestUser.java:1288)
	at jdk.internal.reflect.GeneratedMethodAccessor15.invoke(Unknown Source)
	at java.base/jdk.internal.reflect.DelegatingMethodAccessorImpl.invoke(DelegatingMethodAccessorImpl.java:43)
	at java.base/java.lang.reflect.Method.invoke(Method.java:569)
	at org.junit.platform.commons.util.ReflectionUtils.invokeMethod(ReflectionUtils.java:688)
	at org.junit.jupiter.engine.execution.MethodInvocation.proceed(MethodInvocation.java:60)
	at org.junit.jupiter.engine.execution.InvocationInterceptorChain$ValidatingInvocation.proceed(InvocationInterceptorChain.java:131)
	at org.junit.jupiter.engine.extension.TimeoutExtension.intercept(TimeoutExtension.java:149)
	at org.junit.jupiter.engine.extension.TimeoutExtension.interceptTestableMethod(TimeoutExtension.java:140)
	at org.junit.jupiter.engine.extension.TimeoutExtension.interceptTestTemplateMethod(TimeoutExtension.java:92)
	at org.junit.jupiter.engine.execution.ExecutableInvoker$ReflectiveInterceptorCall.lambda$ofVoidMethod$0(ExecutableInvoker.java:115)
	at org.junit.jupiter.engine.execution.ExecutableInvoker.lambda$invoke$0(ExecutableInvoker.java:105)
	at org.junit.jupiter.engine.execution.InvocationInterceptorChain$InterceptedInvocation.proceed(InvocationInterceptorChain.java:106)
	at org.junit.jupiter.engine.execution.InvocationInterceptorChain.proceed(InvocationInterceptorChain.java:64)
	at org.junit.jupiter.engine.execution.InvocationInterceptorChain.chainAndInvoke(InvocationInterceptorChain.java:45)
	at org.junit.jupiter.engine.execution.InvocationInterceptorChain.invoke(InvocationInterceptorChain.java:37)
	at org.junit.jupiter.engine.execution.ExecutableInvoker.invoke(ExecutableInvoker.java:104)
	at org.junit.jupiter.engine.execution.ExecutableInvoker.invoke(ExecutableInvoker.java:98)
	at org.junit.jupiter.engine.descriptor.TestMethodTestDescriptor.lambda$invokeTestMethod$6(TestMethodTestDescriptor.java:210)
	at org.junit.platform.engine.support.hierarchical.ThrowableCollector.execute(ThrowableCollector.java:73)
	at org.junit.jupiter.engine.descriptor.TestMethodTestDescriptor.invokeTestMethod(TestMethodTestDescriptor.java:206)
	at org.junit.jupiter.engine.descriptor.TestMethodTestDescriptor.execute(TestMethodTestDescriptor.java:131)
	at org.junit.jupiter.engine.descriptor.TestMethodTestDescriptor.execute(TestMethodTestDescriptor.java:65)
	at org.junit.platform.engine.support.hierarchical.NodeTestTask.lambda$executeRecursively$5(NodeTestTask.java:139)
	at org.junit.platform.engine.support.hierarchical.ThrowableCollector.execute(ThrowableCollector.java:73)
	at org.junit.platform.engine.support.hierarchical.NodeTestTask.lambda$executeRecursively$7(NodeTestTask.java:129)
	at org.junit.platform.engine.support.hierarchical.Node.around(Node.java:137)
	at org.junit.platform.engine.support.hierarchical.NodeTestTask.lambda$executeRecursively$8(NodeTestTask.java:127)
	at org.junit.platform.engine.support.hierarchical.ThrowableCollector.execute(ThrowableCollector.java:73)
	at org.junit.platform.engine.support.hierarchical.NodeTestTask.executeRecursively(NodeTestTask.java:126)
	at org.junit.platform.engine.support.hierarchical.NodeTestTask.execute(NodeTestTask.java:84)
	at org.junit.platform.engine.support.hierarchical.SameThreadHierarchicalTestExecutorService.submit(SameThreadHierarchicalTestExecutorService.java:32)
	at org.junit.platform.engine.support.hierarchical.NodeTestTask$DefaultDynamicTestExecutor.execute(NodeTestTask.java:212)
	at org.junit.platform.engine.support.hierarchical.NodeTestTask$DefaultDynamicTestExecutor.execute(NodeTestTask.java:192)
	at org.junit.jupiter.engine.descriptor.TestTemplateTestDescriptor.execute(TestTemplateTestDescriptor.java:139)
	at org.junit.jupiter.engine.descriptor.TestTemplateTestDescriptor.lambda$execute$2(TestTemplateTestDescriptor.java:107)
	at java.base/java.util.stream.ForEachOps$ForEachOp$OfRef.accept(ForEachOps.java:183)
	at java.base/java.util.stream.ReferencePipeline$3$1.accept(ReferencePipeline.java:197)
	at java.base/java.util.stream.ReferencePipeline$2$1.accept(ReferencePipeline.java:179)
	at java.base/java.util.stream.ReferencePipeline$3$1.accept(ReferencePipeline.java:197)
	at java.base/java.util.stream.ForEachOps$ForEachOp$OfRef.accept(ForEachOps.java:183)
	at java.base/java.util.stream.ReferencePipeline$15$1.accept(ReferencePipeline.java:541)
	at java.base/java.util.stream.ReferencePipeline$3$1.accept(ReferencePipeline.java:197)
	at java.base/java.util.stream.ReferencePipeline$3$1.accept(ReferencePipeline.java:197)
	at java.base/java.util.stream.ReferencePipeline$3$1.accept(ReferencePipeline.java:197)
	at java.base/java.util.stream.ForEachOps$ForEachOp$OfRef.accept(ForEachOps.java:183)
	at java.base/java.util.stream.ReferencePipeline$3$1.accept(ReferencePipeline.java:197)
	at java.base/java.util.stream.ForEachOps$ForEachOp$OfRef.accept(ForEachOps.java:183)
	at java.base/java.util.stream.SliceOps$1$1.accept(SliceOps.java:200)
	at java.base/java.util.stream.StreamSpliterators$InfiniteSupplyingSpliterator$OfRef.tryAdvance(StreamSpliterators.java:1358)
	at java.base/java.util.stream.ReferencePipeline.forEachWithCancel(ReferencePipeline.java:129)
	at java.base/java.util.stream.AbstractPipeline.copyIntoWithCancel(AbstractPipeline.java:527)
	at java.base/java.util.stream.AbstractPipeline.copyInto(AbstractPipeline.java:513)
	at java.base/java.util.stream.AbstractPipeline.wrapAndCopyInto(AbstractPipeline.java:499)
	at java.base/java.util.stream.ForEachOps$ForEachOp.evaluateSequential(ForEachOps.java:150)
	at java.base/java.util.stream.ForEachOps$ForEachOp$OfRef.evaluateSequential(ForEachOps.java:173)
	at java.base/java.util.stream.AbstractPipeline.evaluate(AbstractPipeline.java:234)
	at java.base/java.util.stream.ReferencePipeline.forEach(ReferencePipeline.java:596)
	at java.base/java.util.stream.ReferencePipeline$7$1.accept(ReferencePipeline.java:276)
	at java.base/java.util.stream.ReferencePipeline$3$1.accept(ReferencePipeline.java:197)
	at java.base/java.util.stream.ReferencePipeline$3$1.accept(ReferencePipeline.java:197)
	at java.base/java.util.Spliterators$ArraySpliterator.forEachRemaining(Spliterators.java:992)
	at java.base/java.util.stream.AbstractPipeline.copyInto(AbstractPipeline.java:509)
	at java.base/java.util.stream.AbstractPipeline.wrapAndCopyInto(AbstractPipeline.java:499)
	at java.base/java.util.stream.ForEachOps$ForEachOp.evaluateSequential(ForEachOps.java:150)
	at java.base/java.util.stream.ForEachOps$ForEachOp$OfRef.evaluateSequential(ForEachOps.java:173)
	at java.base/java.util.stream.AbstractPipeline.evaluate(AbstractPipeline.java:234)
	at java.base/java.util.stream.ReferencePipeline.forEach(ReferencePipeline.java:596)
	at java.base/java.util.stream.ReferencePipeline$7$1.accept(ReferencePipeline.java:276)
	at java.base/java.util.stream.ReferencePipeline$3$1.accept(ReferencePipeline.java:197)
	at java.base/java.util.stream.ReferencePipeline$3$1.accept(ReferencePipeline.java:197)
	at java.base/java.util.stream.ReferencePipeline$3$1.accept(ReferencePipeline.java:197)
	at java.base/java.util.ArrayList$ArrayListSpliterator.forEachRemaining(ArrayList.java:1625)
	at java.base/java.util.stream.AbstractPipeline.copyInto(AbstractPipeline.java:509)
	at java.base/java.util.stream.AbstractPipeline.wrapAndCopyInto(AbstractPipeline.java:499)
	at java.base/java.util.stream.ForEachOps$ForEachOp.evaluateSequential(ForEachOps.java:150)
	at java.base/java.util.stream.ForEachOps$ForEachOp$OfRef.evaluateSequential(ForEachOps.java:173)
	at java.base/java.util.stream.AbstractPipeline.evaluate(AbstractPipeline.java:234)
	at java.base/java.util.stream.ReferencePipeline.forEach(ReferencePipeline.java:596)
	at java.base/java.util.stream.ReferencePipeline$7$1.accept(ReferencePipeline.java:276)
	at java.base/java.util.ArrayList$ArrayListSpliterator.forEachRemaining(ArrayList.java:1625)
	at java.base/java.util.stream.AbstractPipeline.copyInto(AbstractPipeline.java:509)
	at java.base/java.util.stream.AbstractPipeline.wrapAndCopyInto(AbstractPipeline.java:499)
	at java.base/java.util.stream.ForEachOps$ForEachOp.evaluateSequential(ForEachOps.java:150)
	at java.base/java.util.stream.ForEachOps$ForEachOp$OfRef.evaluateSequential(ForEachOps.java:173)
	at java.base/java.util.stream.AbstractPipeline.evaluate(AbstractPipeline.java:234)
	at java.base/java.util.stream.ReferencePipeline.forEach(ReferencePipeline.java:596)
	at org.junit.jupiter.engine.descriptor.TestTemplateTestDescriptor.execute(TestTemplateTestDescriptor.java:107)
	at org.junit.jupiter.engine.descriptor.TestTemplateTestDescriptor.execute(TestTemplateTestDescriptor.java:42)
	at org.junit.platform.engine.support.hierarchical.NodeTestTask.lambda$executeRecursively$5(NodeTestTask.java:139)
	at org.junit.platform.engine.support.hierarchical.ThrowableCollector.execute(ThrowableCollector.java:73)
	at org.junit.platform.engine.support.hierarchical.NodeTestTask.lambda$executeRecursively$7(NodeTestTask.java:129)
	at org.junit.platform.engine.support.hierarchical.Node.around(Node.java:137)
	at org.junit.platform.engine.support.hierarchical.NodeTestTask.lambda$executeRecursively$8(NodeTestTask.java:127)
	at org.junit.platform.engine.support.hierarchical.ThrowableCollector.execute(ThrowableCollector.java:73)
	at org.junit.platform.engine.support.hierarchical.NodeTestTask.executeRecursively(NodeTestTask.java:126)
	at org.junit.platform.engine.support.hierarchical.NodeTestTask.execute(NodeTestTask.java:84)
	at java.base/java.util.ArrayList.forEach(ArrayList.java:1511)
	at org.junit.platform.engine.support.hierarchical.SameThreadHierarchicalTestExecutorService.invokeAll(SameThreadHierarchicalTestExecutorService.java:38)
	at org.junit.platform.engine.support.hierarchical.NodeTestTask.lambda$executeRecursively$5(NodeTestTask.java:143)
	at org.junit.platform.engine.support.hierarchical.ThrowableCollector.execute(ThrowableCollector.java:73)
	at org.junit.platform.engine.support.hierarchical.NodeTestTask.lambda$executeRecursively$7(NodeTestTask.java:129)
	at org.junit.platform.engine.support.hierarchical.Node.around(Node.java:137)
	at org.junit.platform.engine.support.hierarchical.NodeTestTask.lambda$executeRecursively$8(NodeTestTask.java:127)
	at org.junit.platform.engine.support.hierarchical.ThrowableCollector.execute(ThrowableCollector.java:73)
	at org.junit.platform.engine.support.hierarchical.NodeTestTask.executeRecursively(NodeTestTask.java:126)
	at org.junit.platform.engine.support.hierarchical.NodeTestTask.execute(NodeTestTask.java:84)
	at java.base/java.util.ArrayList.forEach(ArrayList.java:1511)
	at org.junit.platform.engine.support.hierarchical.SameThreadHierarchicalTestExecutorService.invokeAll(SameThreadHierarchicalTestExecutorService.java:38)
	at org.junit.platform.engine.support.hierarchical.NodeTestTask.lambda$executeRecursively$5(NodeTestTask.java:143)
	at org.junit.platform.engine.support.hierarchical.ThrowableCollector.execute(ThrowableCollector.java:73)
	at org.junit.platform.engine.support.hierarchical.NodeTestTask.lambda$executeRecursively$7(NodeTestTask.java:129)
	at org.junit.platform.engine.support.hierarchical.Node.around(Node.java:137)
	at org.junit.platform.engine.support.hierarchical.NodeTestTask.lambda$executeRecursively$8(NodeTestTask.java:127)
	at org.junit.platform.engine.support.hierarchical.ThrowableCollector.execute(ThrowableCollector.java:73)
	at org.junit.platform.engine.support.hierarchical.NodeTestTask.executeRecursively(NodeTestTask.java:126)
	at org.junit.platform.engine.support.hierarchical.NodeTestTask.execute(NodeTestTask.java:84)
	at org.junit.platform.engine.support.hierarchical.SameThreadHierarchicalTestExecutorService.submit(SameThreadHierarchicalTestExecutorService.java:32)
	at org.junit.platform.engine.support.hierarchical.HierarchicalTestExecutor.execute(HierarchicalTestExecutor.java:57)
	at org.junit.platform.engine.support.hierarchical.HierarchicalTestEngine.execute(HierarchicalTestEngine.java:51)
	at org.junit.platform.launcher.core.EngineExecutionOrchestrator.execute(EngineExecutionOrchestrator.java:108)
	at org.junit.platform.launcher.core.EngineExecutionOrchestrator.execute(EngineExecutionOrchestrator.java:88)
	at org.junit.platform.launcher.core.EngineExecutionOrchestrator.lambda$execute$0(EngineExecutionOrchestrator.java:54)
	at org.junit.platform.launcher.core.EngineExecutionOrchestrator.withInterceptedStreams(EngineExecutionOrchestrator.java:67)
	at org.junit.platform.launcher.core.EngineExecutionOrchestrator.execute(EngineExecutionOrchestrator.java:52)
	at org.junit.platform.launcher.core.DefaultLauncher.execute(DefaultLauncher.java:96)
	at org.junit.platform.launcher.core.DefaultLauncher.execute(DefaultLauncher.java:75)
	at org.junit.platform.console.tasks.ConsoleTestExecutor.executeTests(ConsoleTestExecutor.java:66)
	at org.junit.platform.console.tasks.ConsoleTestExecutor.lambda$execute$0(ConsoleTestExecutor.java:58)
	at org.junit.platform.console.tasks.CustomContextClassLoaderExecutor.replaceThreadContextClassLoaderAndInvoke(CustomContextClassLoaderExecutor.java:41)
	at org.junit.platform.console.tasks.CustomContextClassLoaderExecutor.invoke(CustomContextClassLoaderExecutor.java:31)
	at org.junit.platform.console.tasks.ConsoleTestExecutor.execute(ConsoleTestExecutor.java:58)
	at org.junit.platform.console.ConsoleLauncher.executeTests(ConsoleLauncher.java:95)
	at org.junit.platform.console.ConsoleLauncher.execute(ConsoleLauncher.java:73)
	at org.junit.platform.console.ConsoleLauncher.execute(ConsoleLauncher.java:50)
	at org.junit.platform.console.ConsoleLauncher.execute(ConsoleLauncher.java:43)
	at org.junit.platform.console.ConsoleLauncher.main(ConsoleLauncher.java:37)
]]></skipped>
<system-out><![CDATA[
unique-id: [engine:junit-jupiter]/[class:minebayd1.test.TestUser]/[test-template:testprevious(minebayd1.User)]/[test-template-invocation:#24]
display-name: [24] Lyes a 65 annonces ouvertes, 1 annonces fermées et 3 achats 

]]></system-out>
</testcase>
<testcase name="testprevious(User)[25]" classname="minebayd1.test.TestUser" time="0">
<skipped><![CDATA[org.opentest4j.TestAbortedException: Assumption failed: assumption is not true
	at org.junit.jupiter.api.Assumptions.throwTestAbortedException(Assumptions.java:256)
	at org.junit.jupiter.api.Assumptions.assumeTrue(Assumptions.java:115)
	at org.junit.jupiter.api.Assumptions.assumeTrue(Assumptions.java:66)
	at minebayd1.test.TestUser.testprevious(TestUser.java:1288)
	at jdk.internal.reflect.GeneratedMethodAccessor15.invoke(Unknown Source)
	at java.base/jdk.internal.reflect.DelegatingMethodAccessorImpl.invoke(DelegatingMethodAccessorImpl.java:43)
	at java.base/java.lang.reflect.Method.invoke(Method.java:569)
	at org.junit.platform.commons.util.ReflectionUtils.invokeMethod(ReflectionUtils.java:688)
	at org.junit.jupiter.engine.execution.MethodInvocation.proceed(MethodInvocation.java:60)
	at org.junit.jupiter.engine.execution.InvocationInterceptorChain$ValidatingInvocation.proceed(InvocationInterceptorChain.java:131)
	at org.junit.jupiter.engine.extension.TimeoutExtension.intercept(TimeoutExtension.java:149)
	at org.junit.jupiter.engine.extension.TimeoutExtension.interceptTestableMethod(TimeoutExtension.java:140)
	at org.junit.jupiter.engine.extension.TimeoutExtension.interceptTestTemplateMethod(TimeoutExtension.java:92)
	at org.junit.jupiter.engine.execution.ExecutableInvoker$ReflectiveInterceptorCall.lambda$ofVoidMethod$0(ExecutableInvoker.java:115)
	at org.junit.jupiter.engine.execution.ExecutableInvoker.lambda$invoke$0(ExecutableInvoker.java:105)
	at org.junit.jupiter.engine.execution.InvocationInterceptorChain$InterceptedInvocation.proceed(InvocationInterceptorChain.java:106)
	at org.junit.jupiter.engine.execution.InvocationInterceptorChain.proceed(InvocationInterceptorChain.java:64)
	at org.junit.jupiter.engine.execution.InvocationInterceptorChain.chainAndInvoke(InvocationInterceptorChain.java:45)
	at org.junit.jupiter.engine.execution.InvocationInterceptorChain.invoke(InvocationInterceptorChain.java:37)
	at org.junit.jupiter.engine.execution.ExecutableInvoker.invoke(ExecutableInvoker.java:104)
	at org.junit.jupiter.engine.execution.ExecutableInvoker.invoke(ExecutableInvoker.java:98)
	at org.junit.jupiter.engine.descriptor.TestMethodTestDescriptor.lambda$invokeTestMethod$6(TestMethodTestDescriptor.java:210)
	at org.junit.platform.engine.support.hierarchical.ThrowableCollector.execute(ThrowableCollector.java:73)
	at org.junit.jupiter.engine.descriptor.TestMethodTestDescriptor.invokeTestMethod(TestMethodTestDescriptor.java:206)
	at org.junit.jupiter.engine.descriptor.TestMethodTestDescriptor.execute(TestMethodTestDescriptor.java:131)
	at org.junit.jupiter.engine.descriptor.TestMethodTestDescriptor.execute(TestMethodTestDescriptor.java:65)
	at org.junit.platform.engine.support.hierarchical.NodeTestTask.lambda$executeRecursively$5(NodeTestTask.java:139)
	at org.junit.platform.engine.support.hierarchical.ThrowableCollector.execute(ThrowableCollector.java:73)
	at org.junit.platform.engine.support.hierarchical.NodeTestTask.lambda$executeRecursively$7(NodeTestTask.java:129)
	at org.junit.platform.engine.support.hierarchical.Node.around(Node.java:137)
	at org.junit.platform.engine.support.hierarchical.NodeTestTask.lambda$executeRecursively$8(NodeTestTask.java:127)
	at org.junit.platform.engine.support.hierarchical.ThrowableCollector.execute(ThrowableCollector.java:73)
	at org.junit.platform.engine.support.hierarchical.NodeTestTask.executeRecursively(NodeTestTask.java:126)
	at org.junit.platform.engine.support.hierarchical.NodeTestTask.execute(NodeTestTask.java:84)
	at org.junit.platform.engine.support.hierarchical.SameThreadHierarchicalTestExecutorService.submit(SameThreadHierarchicalTestExecutorService.java:32)
	at org.junit.platform.engine.support.hierarchical.NodeTestTask$DefaultDynamicTestExecutor.execute(NodeTestTask.java:212)
	at org.junit.platform.engine.support.hierarchical.NodeTestTask$DefaultDynamicTestExecutor.execute(NodeTestTask.java:192)
	at org.junit.jupiter.engine.descriptor.TestTemplateTestDescriptor.execute(TestTemplateTestDescriptor.java:139)
	at org.junit.jupiter.engine.descriptor.TestTemplateTestDescriptor.lambda$execute$2(TestTemplateTestDescriptor.java:107)
	at java.base/java.util.stream.ForEachOps$ForEachOp$OfRef.accept(ForEachOps.java:183)
	at java.base/java.util.stream.ReferencePipeline$3$1.accept(ReferencePipeline.java:197)
	at java.base/java.util.stream.ReferencePipeline$2$1.accept(ReferencePipeline.java:179)
	at java.base/java.util.stream.ReferencePipeline$3$1.accept(ReferencePipeline.java:197)
	at java.base/java.util.stream.ForEachOps$ForEachOp$OfRef.accept(ForEachOps.java:183)
	at java.base/java.util.stream.ReferencePipeline$15$1.accept(ReferencePipeline.java:541)
	at java.base/java.util.stream.ReferencePipeline$3$1.accept(ReferencePipeline.java:197)
	at java.base/java.util.stream.ReferencePipeline$3$1.accept(ReferencePipeline.java:197)
	at java.base/java.util.stream.ReferencePipeline$3$1.accept(ReferencePipeline.java:197)
	at java.base/java.util.stream.ForEachOps$ForEachOp$OfRef.accept(ForEachOps.java:183)
	at java.base/java.util.stream.ReferencePipeline$3$1.accept(ReferencePipeline.java:197)
	at java.base/java.util.stream.ForEachOps$ForEachOp$OfRef.accept(ForEachOps.java:183)
	at java.base/java.util.stream.SliceOps$1$1.accept(SliceOps.java:200)
	at java.base/java.util.stream.StreamSpliterators$InfiniteSupplyingSpliterator$OfRef.tryAdvance(StreamSpliterators.java:1358)
	at java.base/java.util.stream.ReferencePipeline.forEachWithCancel(ReferencePipeline.java:129)
	at java.base/java.util.stream.AbstractPipeline.copyIntoWithCancel(AbstractPipeline.java:527)
	at java.base/java.util.stream.AbstractPipeline.copyInto(AbstractPipeline.java:513)
	at java.base/java.util.stream.AbstractPipeline.wrapAndCopyInto(AbstractPipeline.java:499)
	at java.base/java.util.stream.ForEachOps$ForEachOp.evaluateSequential(ForEachOps.java:150)
	at java.base/java.util.stream.ForEachOps$ForEachOp$OfRef.evaluateSequential(ForEachOps.java:173)
	at java.base/java.util.stream.AbstractPipeline.evaluate(AbstractPipeline.java:234)
	at java.base/java.util.stream.ReferencePipeline.forEach(ReferencePipeline.java:596)
	at java.base/java.util.stream.ReferencePipeline$7$1.accept(ReferencePipeline.java:276)
	at java.base/java.util.stream.ReferencePipeline$3$1.accept(ReferencePipeline.java:197)
	at java.base/java.util.stream.ReferencePipeline$3$1.accept(ReferencePipeline.java:197)
	at java.base/java.util.Spliterators$ArraySpliterator.forEachRemaining(Spliterators.java:992)
	at java.base/java.util.stream.AbstractPipeline.copyInto(AbstractPipeline.java:509)
	at java.base/java.util.stream.AbstractPipeline.wrapAndCopyInto(AbstractPipeline.java:499)
	at java.base/java.util.stream.ForEachOps$ForEachOp.evaluateSequential(ForEachOps.java:150)
	at java.base/java.util.stream.ForEachOps$ForEachOp$OfRef.evaluateSequential(ForEachOps.java:173)
	at java.base/java.util.stream.AbstractPipeline.evaluate(AbstractPipeline.java:234)
	at java.base/java.util.stream.ReferencePipeline.forEach(ReferencePipeline.java:596)
	at java.base/java.util.stream.ReferencePipeline$7$1.accept(ReferencePipeline.java:276)
	at java.base/java.util.stream.ReferencePipeline$3$1.accept(ReferencePipeline.java:197)
	at java.base/java.util.stream.ReferencePipeline$3$1.accept(ReferencePipeline.java:197)
	at java.base/java.util.stream.ReferencePipeline$3$1.accept(ReferencePipeline.java:197)
	at java.base/java.util.ArrayList$ArrayListSpliterator.forEachRemaining(ArrayList.java:1625)
	at java.base/java.util.stream.AbstractPipeline.copyInto(AbstractPipeline.java:509)
	at java.base/java.util.stream.AbstractPipeline.wrapAndCopyInto(AbstractPipeline.java:499)
	at java.base/java.util.stream.ForEachOps$ForEachOp.evaluateSequential(ForEachOps.java:150)
	at java.base/java.util.stream.ForEachOps$ForEachOp$OfRef.evaluateSequential(ForEachOps.java:173)
	at java.base/java.util.stream.AbstractPipeline.evaluate(AbstractPipeline.java:234)
	at java.base/java.util.stream.ReferencePipeline.forEach(ReferencePipeline.java:596)
	at java.base/java.util.stream.ReferencePipeline$7$1.accept(ReferencePipeline.java:276)
	at java.base/java.util.ArrayList$ArrayListSpliterator.forEachRemaining(ArrayList.java:1625)
	at java.base/java.util.stream.AbstractPipeline.copyInto(AbstractPipeline.java:509)
	at java.base/java.util.stream.AbstractPipeline.wrapAndCopyInto(AbstractPipeline.java:499)
	at java.base/java.util.stream.ForEachOps$ForEachOp.evaluateSequential(ForEachOps.java:150)
	at java.base/java.util.stream.ForEachOps$ForEachOp$OfRef.evaluateSequential(ForEachOps.java:173)
	at java.base/java.util.stream.AbstractPipeline.evaluate(AbstractPipeline.java:234)
	at java.base/java.util.stream.ReferencePipeline.forEach(ReferencePipeline.java:596)
	at org.junit.jupiter.engine.descriptor.TestTemplateTestDescriptor.execute(TestTemplateTestDescriptor.java:107)
	at org.junit.jupiter.engine.descriptor.TestTemplateTestDescriptor.execute(TestTemplateTestDescriptor.java:42)
	at org.junit.platform.engine.support.hierarchical.NodeTestTask.lambda$executeRecursively$5(NodeTestTask.java:139)
	at org.junit.platform.engine.support.hierarchical.ThrowableCollector.execute(ThrowableCollector.java:73)
	at org.junit.platform.engine.support.hierarchical.NodeTestTask.lambda$executeRecursively$7(NodeTestTask.java:129)
	at org.junit.platform.engine.support.hierarchical.Node.around(Node.java:137)
	at org.junit.platform.engine.support.hierarchical.NodeTestTask.lambda$executeRecursively$8(NodeTestTask.java:127)
	at org.junit.platform.engine.support.hierarchical.ThrowableCollector.execute(ThrowableCollector.java:73)
	at org.junit.platform.engine.support.hierarchical.NodeTestTask.executeRecursively(NodeTestTask.java:126)
	at org.junit.platform.engine.support.hierarchical.NodeTestTask.execute(NodeTestTask.java:84)
	at java.base/java.util.ArrayList.forEach(ArrayList.java:1511)
	at org.junit.platform.engine.support.hierarchical.SameThreadHierarchicalTestExecutorService.invokeAll(SameThreadHierarchicalTestExecutorService.java:38)
	at org.junit.platform.engine.support.hierarchical.NodeTestTask.lambda$executeRecursively$5(NodeTestTask.java:143)
	at org.junit.platform.engine.support.hierarchical.ThrowableCollector.execute(ThrowableCollector.java:73)
	at org.junit.platform.engine.support.hierarchical.NodeTestTask.lambda$executeRecursively$7(NodeTestTask.java:129)
	at org.junit.platform.engine.support.hierarchical.Node.around(Node.java:137)
	at org.junit.platform.engine.support.hierarchical.NodeTestTask.lambda$executeRecursively$8(NodeTestTask.java:127)
	at org.junit.platform.engine.support.hierarchical.ThrowableCollector.execute(ThrowableCollector.java:73)
	at org.junit.platform.engine.support.hierarchical.NodeTestTask.executeRecursively(NodeTestTask.java:126)
	at org.junit.platform.engine.support.hierarchical.NodeTestTask.execute(NodeTestTask.java:84)
	at java.base/java.util.ArrayList.forEach(ArrayList.java:1511)
	at org.junit.platform.engine.support.hierarchical.SameThreadHierarchicalTestExecutorService.invokeAll(SameThreadHierarchicalTestExecutorService.java:38)
	at org.junit.platform.engine.support.hierarchical.NodeTestTask.lambda$executeRecursively$5(NodeTestTask.java:143)
	at org.junit.platform.engine.support.hierarchical.ThrowableCollector.execute(ThrowableCollector.java:73)
	at org.junit.platform.engine.support.hierarchical.NodeTestTask.lambda$executeRecursively$7(NodeTestTask.java:129)
	at org.junit.platform.engine.support.hierarchical.Node.around(Node.java:137)
	at org.junit.platform.engine.support.hierarchical.NodeTestTask.lambda$executeRecursively$8(NodeTestTask.java:127)
	at org.junit.platform.engine.support.hierarchical.ThrowableCollector.execute(ThrowableCollector.java:73)
	at org.junit.platform.engine.support.hierarchical.NodeTestTask.executeRecursively(NodeTestTask.java:126)
	at org.junit.platform.engine.support.hierarchical.NodeTestTask.execute(NodeTestTask.java:84)
	at org.junit.platform.engine.support.hierarchical.SameThreadHierarchicalTestExecutorService.submit(SameThreadHierarchicalTestExecutorService.java:32)
	at org.junit.platform.engine.support.hierarchical.HierarchicalTestExecutor.execute(HierarchicalTestExecutor.java:57)
	at org.junit.platform.engine.support.hierarchical.HierarchicalTestEngine.execute(HierarchicalTestEngine.java:51)
	at org.junit.platform.launcher.core.EngineExecutionOrchestrator.execute(EngineExecutionOrchestrator.java:108)
	at org.junit.platform.launcher.core.EngineExecutionOrchestrator.execute(EngineExecutionOrchestrator.java:88)
	at org.junit.platform.launcher.core.EngineExecutionOrchestrator.lambda$execute$0(EngineExecutionOrchestrator.java:54)
	at org.junit.platform.launcher.core.EngineExecutionOrchestrator.withInterceptedStreams(EngineExecutionOrchestrator.java:67)
	at org.junit.platform.launcher.core.EngineExecutionOrchestrator.execute(EngineExecutionOrchestrator.java:52)
	at org.junit.platform.launcher.core.DefaultLauncher.execute(DefaultLauncher.java:96)
	at org.junit.platform.launcher.core.DefaultLauncher.execute(DefaultLauncher.java:75)
	at org.junit.platform.console.tasks.ConsoleTestExecutor.executeTests(ConsoleTestExecutor.java:66)
	at org.junit.platform.console.tasks.ConsoleTestExecutor.lambda$execute$0(ConsoleTestExecutor.java:58)
	at org.junit.platform.console.tasks.CustomContextClassLoaderExecutor.replaceThreadContextClassLoaderAndInvoke(CustomContextClassLoaderExecutor.java:41)
	at org.junit.platform.console.tasks.CustomContextClassLoaderExecutor.invoke(CustomContextClassLoaderExecutor.java:31)
	at org.junit.platform.console.tasks.ConsoleTestExecutor.execute(ConsoleTestExecutor.java:58)
	at org.junit.platform.console.ConsoleLauncher.executeTests(ConsoleLauncher.java:95)
	at org.junit.platform.console.ConsoleLauncher.execute(ConsoleLauncher.java:73)
	at org.junit.platform.console.ConsoleLauncher.execute(ConsoleLauncher.java:50)
	at org.junit.platform.console.ConsoleLauncher.execute(ConsoleLauncher.java:43)
	at org.junit.platform.console.ConsoleLauncher.main(ConsoleLauncher.java:37)
]]></skipped>
<system-out><![CDATA[
unique-id: [engine:junit-jupiter]/[class:minebayd1.test.TestUser]/[test-template:testprevious(minebayd1.User)]/[test-template-invocation:#25]
display-name: [25] Sonia a 47 annonces ouvertes, 2 annonces fermées et 2 achats 

]]></system-out>
</testcase>
<testcase name="testprevious(User)[26]" classname="minebayd1.test.TestUser" time="0">
<system-out><![CDATA[
unique-id: [engine:junit-jupiter]/[class:minebayd1.test.TestUser]/[test-template:testprevious(minebayd1.User)]/[test-template-invocation:#26]
display-name: [26] Ziad a 48 annonces ouvertes, 4 annonces fermées et 2 achats 

]]></system-out>
</testcase>
<testcase name="testprevious(User)[27]" classname="minebayd1.test.TestUser" time="0">
<skipped><![CDATA[org.opentest4j.TestAbortedException: Assumption failed: assumption is not true
	at org.junit.jupiter.api.Assumptions.throwTestAbortedException(Assumptions.java:256)
	at org.junit.jupiter.api.Assumptions.assumeTrue(Assumptions.java:115)
	at org.junit.jupiter.api.Assumptions.assumeTrue(Assumptions.java:66)
	at minebayd1.test.TestUser.testprevious(TestUser.java:1288)
	at jdk.internal.reflect.GeneratedMethodAccessor15.invoke(Unknown Source)
	at java.base/jdk.internal.reflect.DelegatingMethodAccessorImpl.invoke(DelegatingMethodAccessorImpl.java:43)
	at java.base/java.lang.reflect.Method.invoke(Method.java:569)
	at org.junit.platform.commons.util.ReflectionUtils.invokeMethod(ReflectionUtils.java:688)
	at org.junit.jupiter.engine.execution.MethodInvocation.proceed(MethodInvocation.java:60)
	at org.junit.jupiter.engine.execution.InvocationInterceptorChain$ValidatingInvocation.proceed(InvocationInterceptorChain.java:131)
	at org.junit.jupiter.engine.extension.TimeoutExtension.intercept(TimeoutExtension.java:149)
	at org.junit.jupiter.engine.extension.TimeoutExtension.interceptTestableMethod(TimeoutExtension.java:140)
	at org.junit.jupiter.engine.extension.TimeoutExtension.interceptTestTemplateMethod(TimeoutExtension.java:92)
	at org.junit.jupiter.engine.execution.ExecutableInvoker$ReflectiveInterceptorCall.lambda$ofVoidMethod$0(ExecutableInvoker.java:115)
	at org.junit.jupiter.engine.execution.ExecutableInvoker.lambda$invoke$0(ExecutableInvoker.java:105)
	at org.junit.jupiter.engine.execution.InvocationInterceptorChain$InterceptedInvocation.proceed(InvocationInterceptorChain.java:106)
	at org.junit.jupiter.engine.execution.InvocationInterceptorChain.proceed(InvocationInterceptorChain.java:64)
	at org.junit.jupiter.engine.execution.InvocationInterceptorChain.chainAndInvoke(InvocationInterceptorChain.java:45)
	at org.junit.jupiter.engine.execution.InvocationInterceptorChain.invoke(InvocationInterceptorChain.java:37)
	at org.junit.jupiter.engine.execution.ExecutableInvoker.invoke(ExecutableInvoker.java:104)
	at org.junit.jupiter.engine.execution.ExecutableInvoker.invoke(ExecutableInvoker.java:98)
	at org.junit.jupiter.engine.descriptor.TestMethodTestDescriptor.lambda$invokeTestMethod$6(TestMethodTestDescriptor.java:210)
	at org.junit.platform.engine.support.hierarchical.ThrowableCollector.execute(ThrowableCollector.java:73)
	at org.junit.jupiter.engine.descriptor.TestMethodTestDescriptor.invokeTestMethod(TestMethodTestDescriptor.java:206)
	at org.junit.jupiter.engine.descriptor.TestMethodTestDescriptor.execute(TestMethodTestDescriptor.java:131)
	at org.junit.jupiter.engine.descriptor.TestMethodTestDescriptor.execute(TestMethodTestDescriptor.java:65)
	at org.junit.platform.engine.support.hierarchical.NodeTestTask.lambda$executeRecursively$5(NodeTestTask.java:139)
	at org.junit.platform.engine.support.hierarchical.ThrowableCollector.execute(ThrowableCollector.java:73)
	at org.junit.platform.engine.support.hierarchical.NodeTestTask.lambda$executeRecursively$7(NodeTestTask.java:129)
	at org.junit.platform.engine.support.hierarchical.Node.around(Node.java:137)
	at org.junit.platform.engine.support.hierarchical.NodeTestTask.lambda$executeRecursively$8(NodeTestTask.java:127)
	at org.junit.platform.engine.support.hierarchical.ThrowableCollector.execute(ThrowableCollector.java:73)
	at org.junit.platform.engine.support.hierarchical.NodeTestTask.executeRecursively(NodeTestTask.java:126)
	at org.junit.platform.engine.support.hierarchical.NodeTestTask.execute(NodeTestTask.java:84)
	at org.junit.platform.engine.support.hierarchical.SameThreadHierarchicalTestExecutorService.submit(SameThreadHierarchicalTestExecutorService.java:32)
	at org.junit.platform.engine.support.hierarchical.NodeTestTask$DefaultDynamicTestExecutor.execute(NodeTestTask.java:212)
	at org.junit.platform.engine.support.hierarchical.NodeTestTask$DefaultDynamicTestExecutor.execute(NodeTestTask.java:192)
	at org.junit.jupiter.engine.descriptor.TestTemplateTestDescriptor.execute(TestTemplateTestDescriptor.java:139)
	at org.junit.jupiter.engine.descriptor.TestTemplateTestDescriptor.lambda$execute$2(TestTemplateTestDescriptor.java:107)
	at java.base/java.util.stream.ForEachOps$ForEachOp$OfRef.accept(ForEachOps.java:183)
	at java.base/java.util.stream.ReferencePipeline$3$1.accept(ReferencePipeline.java:197)
	at java.base/java.util.stream.ReferencePipeline$2$1.accept(ReferencePipeline.java:179)
	at java.base/java.util.stream.ReferencePipeline$3$1.accept(ReferencePipeline.java:197)
	at java.base/java.util.stream.ForEachOps$ForEachOp$OfRef.accept(ForEachOps.java:183)
	at java.base/java.util.stream.ReferencePipeline$15$1.accept(ReferencePipeline.java:541)
	at java.base/java.util.stream.ReferencePipeline$3$1.accept(ReferencePipeline.java:197)
	at java.base/java.util.stream.ReferencePipeline$3$1.accept(ReferencePipeline.java:197)
	at java.base/java.util.stream.ReferencePipeline$3$1.accept(ReferencePipeline.java:197)
	at java.base/java.util.stream.ForEachOps$ForEachOp$OfRef.accept(ForEachOps.java:183)
	at java.base/java.util.stream.ReferencePipeline$3$1.accept(ReferencePipeline.java:197)
	at java.base/java.util.stream.ForEachOps$ForEachOp$OfRef.accept(ForEachOps.java:183)
	at java.base/java.util.stream.SliceOps$1$1.accept(SliceOps.java:200)
	at java.base/java.util.stream.StreamSpliterators$InfiniteSupplyingSpliterator$OfRef.tryAdvance(StreamSpliterators.java:1358)
	at java.base/java.util.stream.ReferencePipeline.forEachWithCancel(ReferencePipeline.java:129)
	at java.base/java.util.stream.AbstractPipeline.copyIntoWithCancel(AbstractPipeline.java:527)
	at java.base/java.util.stream.AbstractPipeline.copyInto(AbstractPipeline.java:513)
	at java.base/java.util.stream.AbstractPipeline.wrapAndCopyInto(AbstractPipeline.java:499)
	at java.base/java.util.stream.ForEachOps$ForEachOp.evaluateSequential(ForEachOps.java:150)
	at java.base/java.util.stream.ForEachOps$ForEachOp$OfRef.evaluateSequential(ForEachOps.java:173)
	at java.base/java.util.stream.AbstractPipeline.evaluate(AbstractPipeline.java:234)
	at java.base/java.util.stream.ReferencePipeline.forEach(ReferencePipeline.java:596)
	at java.base/java.util.stream.ReferencePipeline$7$1.accept(ReferencePipeline.java:276)
	at java.base/java.util.stream.ReferencePipeline$3$1.accept(ReferencePipeline.java:197)
	at java.base/java.util.stream.ReferencePipeline$3$1.accept(ReferencePipeline.java:197)
	at java.base/java.util.Spliterators$ArraySpliterator.forEachRemaining(Spliterators.java:992)
	at java.base/java.util.stream.AbstractPipeline.copyInto(AbstractPipeline.java:509)
	at java.base/java.util.stream.AbstractPipeline.wrapAndCopyInto(AbstractPipeline.java:499)
	at java.base/java.util.stream.ForEachOps$ForEachOp.evaluateSequential(ForEachOps.java:150)
	at java.base/java.util.stream.ForEachOps$ForEachOp$OfRef.evaluateSequential(ForEachOps.java:173)
	at java.base/java.util.stream.AbstractPipeline.evaluate(AbstractPipeline.java:234)
	at java.base/java.util.stream.ReferencePipeline.forEach(ReferencePipeline.java:596)
	at java.base/java.util.stream.ReferencePipeline$7$1.accept(ReferencePipeline.java:276)
	at java.base/java.util.stream.ReferencePipeline$3$1.accept(ReferencePipeline.java:197)
	at java.base/java.util.stream.ReferencePipeline$3$1.accept(ReferencePipeline.java:197)
	at java.base/java.util.stream.ReferencePipeline$3$1.accept(ReferencePipeline.java:197)
	at java.base/java.util.ArrayList$ArrayListSpliterator.forEachRemaining(ArrayList.java:1625)
	at java.base/java.util.stream.AbstractPipeline.copyInto(AbstractPipeline.java:509)
	at java.base/java.util.stream.AbstractPipeline.wrapAndCopyInto(AbstractPipeline.java:499)
	at java.base/java.util.stream.ForEachOps$ForEachOp.evaluateSequential(ForEachOps.java:150)
	at java.base/java.util.stream.ForEachOps$ForEachOp$OfRef.evaluateSequential(ForEachOps.java:173)
	at java.base/java.util.stream.AbstractPipeline.evaluate(AbstractPipeline.java:234)
	at java.base/java.util.stream.ReferencePipeline.forEach(ReferencePipeline.java:596)
	at java.base/java.util.stream.ReferencePipeline$7$1.accept(ReferencePipeline.java:276)
	at java.base/java.util.ArrayList$ArrayListSpliterator.forEachRemaining(ArrayList.java:1625)
	at java.base/java.util.stream.AbstractPipeline.copyInto(AbstractPipeline.java:509)
	at java.base/java.util.stream.AbstractPipeline.wrapAndCopyInto(AbstractPipeline.java:499)
	at java.base/java.util.stream.ForEachOps$ForEachOp.evaluateSequential(ForEachOps.java:150)
	at java.base/java.util.stream.ForEachOps$ForEachOp$OfRef.evaluateSequential(ForEachOps.java:173)
	at java.base/java.util.stream.AbstractPipeline.evaluate(AbstractPipeline.java:234)
	at java.base/java.util.stream.ReferencePipeline.forEach(ReferencePipeline.java:596)
	at org.junit.jupiter.engine.descriptor.TestTemplateTestDescriptor.execute(TestTemplateTestDescriptor.java:107)
	at org.junit.jupiter.engine.descriptor.TestTemplateTestDescriptor.execute(TestTemplateTestDescriptor.java:42)
	at org.junit.platform.engine.support.hierarchical.NodeTestTask.lambda$executeRecursively$5(NodeTestTask.java:139)
	at org.junit.platform.engine.support.hierarchical.ThrowableCollector.execute(ThrowableCollector.java:73)
	at org.junit.platform.engine.support.hierarchical.NodeTestTask.lambda$executeRecursively$7(NodeTestTask.java:129)
	at org.junit.platform.engine.support.hierarchical.Node.around(Node.java:137)
	at org.junit.platform.engine.support.hierarchical.NodeTestTask.lambda$executeRecursively$8(NodeTestTask.java:127)
	at org.junit.platform.engine.support.hierarchical.ThrowableCollector.execute(ThrowableCollector.java:73)
	at org.junit.platform.engine.support.hierarchical.NodeTestTask.executeRecursively(NodeTestTask.java:126)
	at org.junit.platform.engine.support.hierarchical.NodeTestTask.execute(NodeTestTask.java:84)
	at java.base/java.util.ArrayList.forEach(ArrayList.java:1511)
	at org.junit.platform.engine.support.hierarchical.SameThreadHierarchicalTestExecutorService.invokeAll(SameThreadHierarchicalTestExecutorService.java:38)
	at org.junit.platform.engine.support.hierarchical.NodeTestTask.lambda$executeRecursively$5(NodeTestTask.java:143)
	at org.junit.platform.engine.support.hierarchical.ThrowableCollector.execute(ThrowableCollector.java:73)
	at org.junit.platform.engine.support.hierarchical.NodeTestTask.lambda$executeRecursively$7(NodeTestTask.java:129)
	at org.junit.platform.engine.support.hierarchical.Node.around(Node.java:137)
	at org.junit.platform.engine.support.hierarchical.NodeTestTask.lambda$executeRecursively$8(NodeTestTask.java:127)
	at org.junit.platform.engine.support.hierarchical.ThrowableCollector.execute(ThrowableCollector.java:73)
	at org.junit.platform.engine.support.hierarchical.NodeTestTask.executeRecursively(NodeTestTask.java:126)
	at org.junit.platform.engine.support.hierarchical.NodeTestTask.execute(NodeTestTask.java:84)
	at java.base/java.util.ArrayList.forEach(ArrayList.java:1511)
	at org.junit.platform.engine.support.hierarchical.SameThreadHierarchicalTestExecutorService.invokeAll(SameThreadHierarchicalTestExecutorService.java:38)
	at org.junit.platform.engine.support.hierarchical.NodeTestTask.lambda$executeRecursively$5(NodeTestTask.java:143)
	at org.junit.platform.engine.support.hierarchical.ThrowableCollector.execute(ThrowableCollector.java:73)
	at org.junit.platform.engine.support.hierarchical.NodeTestTask.lambda$executeRecursively$7(NodeTestTask.java:129)
	at org.junit.platform.engine.support.hierarchical.Node.around(Node.java:137)
	at org.junit.platform.engine.support.hierarchical.NodeTestTask.lambda$executeRecursively$8(NodeTestTask.java:127)
	at org.junit.platform.engine.support.hierarchical.ThrowableCollector.execute(ThrowableCollector.java:73)
	at org.junit.platform.engine.support.hierarchical.NodeTestTask.executeRecursively(NodeTestTask.java:126)
	at org.junit.platform.engine.support.hierarchical.NodeTestTask.execute(NodeTestTask.java:84)
	at org.junit.platform.engine.support.hierarchical.SameThreadHierarchicalTestExecutorService.submit(SameThreadHierarchicalTestExecutorService.java:32)
	at org.junit.platform.engine.support.hierarchical.HierarchicalTestExecutor.execute(HierarchicalTestExecutor.java:57)
	at org.junit.platform.engine.support.hierarchical.HierarchicalTestEngine.execute(HierarchicalTestEngine.java:51)
	at org.junit.platform.launcher.core.EngineExecutionOrchestrator.execute(EngineExecutionOrchestrator.java:108)
	at org.junit.platform.launcher.core.EngineExecutionOrchestrator.execute(EngineExecutionOrchestrator.java:88)
	at org.junit.platform.launcher.core.EngineExecutionOrchestrator.lambda$execute$0(EngineExecutionOrchestrator.java:54)
	at org.junit.platform.launcher.core.EngineExecutionOrchestrator.withInterceptedStreams(EngineExecutionOrchestrator.java:67)
	at org.junit.platform.launcher.core.EngineExecutionOrchestrator.execute(EngineExecutionOrchestrator.java:52)
	at org.junit.platform.launcher.core.DefaultLauncher.execute(DefaultLauncher.java:96)
	at org.junit.platform.launcher.core.DefaultLauncher.execute(DefaultLauncher.java:75)
	at org.junit.platform.console.tasks.ConsoleTestExecutor.executeTests(ConsoleTestExecutor.java:66)
	at org.junit.platform.console.tasks.ConsoleTestExecutor.lambda$execute$0(ConsoleTestExecutor.java:58)
	at org.junit.platform.console.tasks.CustomContextClassLoaderExecutor.replaceThreadContextClassLoaderAndInvoke(CustomContextClassLoaderExecutor.java:41)
	at org.junit.platform.console.tasks.CustomContextClassLoaderExecutor.invoke(CustomContextClassLoaderExecutor.java:31)
	at org.junit.platform.console.tasks.ConsoleTestExecutor.execute(ConsoleTestExecutor.java:58)
	at org.junit.platform.console.ConsoleLauncher.executeTests(ConsoleLauncher.java:95)
	at org.junit.platform.console.ConsoleLauncher.execute(ConsoleLauncher.java:73)
	at org.junit.platform.console.ConsoleLauncher.execute(ConsoleLauncher.java:50)
	at org.junit.platform.console.ConsoleLauncher.execute(ConsoleLauncher.java:43)
	at org.junit.platform.console.ConsoleLauncher.main(ConsoleLauncher.java:37)
]]></skipped>
<system-out><![CDATA[
unique-id: [engine:junit-jupiter]/[class:minebayd1.test.TestUser]/[test-template:testprevious(minebayd1.User)]/[test-template-invocation:#27]
display-name: [27] Mamadou a 59 annonces ouvertes, 2 annonces fermées et 1 achats 

]]></system-out>
</testcase>
<testcase name="testprevious(User)[28]" classname="minebayd1.test.TestUser" time="0">
<skipped><![CDATA[org.opentest4j.TestAbortedException: Assumption failed: assumption is not true
	at org.junit.jupiter.api.Assumptions.throwTestAbortedException(Assumptions.java:256)
	at org.junit.jupiter.api.Assumptions.assumeTrue(Assumptions.java:115)
	at org.junit.jupiter.api.Assumptions.assumeTrue(Assumptions.java:66)
	at minebayd1.test.TestUser.testprevious(TestUser.java:1288)
	at jdk.internal.reflect.GeneratedMethodAccessor15.invoke(Unknown Source)
	at java.base/jdk.internal.reflect.DelegatingMethodAccessorImpl.invoke(DelegatingMethodAccessorImpl.java:43)
	at java.base/java.lang.reflect.Method.invoke(Method.java:569)
	at org.junit.platform.commons.util.ReflectionUtils.invokeMethod(ReflectionUtils.java:688)
	at org.junit.jupiter.engine.execution.MethodInvocation.proceed(MethodInvocation.java:60)
	at org.junit.jupiter.engine.execution.InvocationInterceptorChain$ValidatingInvocation.proceed(InvocationInterceptorChain.java:131)
	at org.junit.jupiter.engine.extension.TimeoutExtension.intercept(TimeoutExtension.java:149)
	at org.junit.jupiter.engine.extension.TimeoutExtension.interceptTestableMethod(TimeoutExtension.java:140)
	at org.junit.jupiter.engine.extension.TimeoutExtension.interceptTestTemplateMethod(TimeoutExtension.java:92)
	at org.junit.jupiter.engine.execution.ExecutableInvoker$ReflectiveInterceptorCall.lambda$ofVoidMethod$0(ExecutableInvoker.java:115)
	at org.junit.jupiter.engine.execution.ExecutableInvoker.lambda$invoke$0(ExecutableInvoker.java:105)
	at org.junit.jupiter.engine.execution.InvocationInterceptorChain$InterceptedInvocation.proceed(InvocationInterceptorChain.java:106)
	at org.junit.jupiter.engine.execution.InvocationInterceptorChain.proceed(InvocationInterceptorChain.java:64)
	at org.junit.jupiter.engine.execution.InvocationInterceptorChain.chainAndInvoke(InvocationInterceptorChain.java:45)
	at org.junit.jupiter.engine.execution.InvocationInterceptorChain.invoke(InvocationInterceptorChain.java:37)
	at org.junit.jupiter.engine.execution.ExecutableInvoker.invoke(ExecutableInvoker.java:104)
	at org.junit.jupiter.engine.execution.ExecutableInvoker.invoke(ExecutableInvoker.java:98)
	at org.junit.jupiter.engine.descriptor.TestMethodTestDescriptor.lambda$invokeTestMethod$6(TestMethodTestDescriptor.java:210)
	at org.junit.platform.engine.support.hierarchical.ThrowableCollector.execute(ThrowableCollector.java:73)
	at org.junit.jupiter.engine.descriptor.TestMethodTestDescriptor.invokeTestMethod(TestMethodTestDescriptor.java:206)
	at org.junit.jupiter.engine.descriptor.TestMethodTestDescriptor.execute(TestMethodTestDescriptor.java:131)
	at org.junit.jupiter.engine.descriptor.TestMethodTestDescriptor.execute(TestMethodTestDescriptor.java:65)
	at org.junit.platform.engine.support.hierarchical.NodeTestTask.lambda$executeRecursively$5(NodeTestTask.java:139)
	at org.junit.platform.engine.support.hierarchical.ThrowableCollector.execute(ThrowableCollector.java:73)
	at org.junit.platform.engine.support.hierarchical.NodeTestTask.lambda$executeRecursively$7(NodeTestTask.java:129)
	at org.junit.platform.engine.support.hierarchical.Node.around(Node.java:137)
	at org.junit.platform.engine.support.hierarchical.NodeTestTask.lambda$executeRecursively$8(NodeTestTask.java:127)
	at org.junit.platform.engine.support.hierarchical.ThrowableCollector.execute(ThrowableCollector.java:73)
	at org.junit.platform.engine.support.hierarchical.NodeTestTask.executeRecursively(NodeTestTask.java:126)
	at org.junit.platform.engine.support.hierarchical.NodeTestTask.execute(NodeTestTask.java:84)
	at org.junit.platform.engine.support.hierarchical.SameThreadHierarchicalTestExecutorService.submit(SameThreadHierarchicalTestExecutorService.java:32)
	at org.junit.platform.engine.support.hierarchical.NodeTestTask$DefaultDynamicTestExecutor.execute(NodeTestTask.java:212)
	at org.junit.platform.engine.support.hierarchical.NodeTestTask$DefaultDynamicTestExecutor.execute(NodeTestTask.java:192)
	at org.junit.jupiter.engine.descriptor.TestTemplateTestDescriptor.execute(TestTemplateTestDescriptor.java:139)
	at org.junit.jupiter.engine.descriptor.TestTemplateTestDescriptor.lambda$execute$2(TestTemplateTestDescriptor.java:107)
	at java.base/java.util.stream.ForEachOps$ForEachOp$OfRef.accept(ForEachOps.java:183)
	at java.base/java.util.stream.ReferencePipeline$3$1.accept(ReferencePipeline.java:197)
	at java.base/java.util.stream.ReferencePipeline$2$1.accept(ReferencePipeline.java:179)
	at java.base/java.util.stream.ReferencePipeline$3$1.accept(ReferencePipeline.java:197)
	at java.base/java.util.stream.ForEachOps$ForEachOp$OfRef.accept(ForEachOps.java:183)
	at java.base/java.util.stream.ReferencePipeline$15$1.accept(ReferencePipeline.java:541)
	at java.base/java.util.stream.ReferencePipeline$3$1.accept(ReferencePipeline.java:197)
	at java.base/java.util.stream.ReferencePipeline$3$1.accept(ReferencePipeline.java:197)
	at java.base/java.util.stream.ReferencePipeline$3$1.accept(ReferencePipeline.java:197)
	at java.base/java.util.stream.ForEachOps$ForEachOp$OfRef.accept(ForEachOps.java:183)
	at java.base/java.util.stream.ReferencePipeline$3$1.accept(ReferencePipeline.java:197)
	at java.base/java.util.stream.ForEachOps$ForEachOp$OfRef.accept(ForEachOps.java:183)
	at java.base/java.util.stream.SliceOps$1$1.accept(SliceOps.java:200)
	at java.base/java.util.stream.StreamSpliterators$InfiniteSupplyingSpliterator$OfRef.tryAdvance(StreamSpliterators.java:1358)
	at java.base/java.util.stream.ReferencePipeline.forEachWithCancel(ReferencePipeline.java:129)
	at java.base/java.util.stream.AbstractPipeline.copyIntoWithCancel(AbstractPipeline.java:527)
	at java.base/java.util.stream.AbstractPipeline.copyInto(AbstractPipeline.java:513)
	at java.base/java.util.stream.AbstractPipeline.wrapAndCopyInto(AbstractPipeline.java:499)
	at java.base/java.util.stream.ForEachOps$ForEachOp.evaluateSequential(ForEachOps.java:150)
	at java.base/java.util.stream.ForEachOps$ForEachOp$OfRef.evaluateSequential(ForEachOps.java:173)
	at java.base/java.util.stream.AbstractPipeline.evaluate(AbstractPipeline.java:234)
	at java.base/java.util.stream.ReferencePipeline.forEach(ReferencePipeline.java:596)
	at java.base/java.util.stream.ReferencePipeline$7$1.accept(ReferencePipeline.java:276)
	at java.base/java.util.stream.ReferencePipeline$3$1.accept(ReferencePipeline.java:197)
	at java.base/java.util.stream.ReferencePipeline$3$1.accept(ReferencePipeline.java:197)
	at java.base/java.util.Spliterators$ArraySpliterator.forEachRemaining(Spliterators.java:992)
	at java.base/java.util.stream.AbstractPipeline.copyInto(AbstractPipeline.java:509)
	at java.base/java.util.stream.AbstractPipeline.wrapAndCopyInto(AbstractPipeline.java:499)
	at java.base/java.util.stream.ForEachOps$ForEachOp.evaluateSequential(ForEachOps.java:150)
	at java.base/java.util.stream.ForEachOps$ForEachOp$OfRef.evaluateSequential(ForEachOps.java:173)
	at java.base/java.util.stream.AbstractPipeline.evaluate(AbstractPipeline.java:234)
	at java.base/java.util.stream.ReferencePipeline.forEach(ReferencePipeline.java:596)
	at java.base/java.util.stream.ReferencePipeline$7$1.accept(ReferencePipeline.java:276)
	at java.base/java.util.stream.ReferencePipeline$3$1.accept(ReferencePipeline.java:197)
	at java.base/java.util.stream.ReferencePipeline$3$1.accept(ReferencePipeline.java:197)
	at java.base/java.util.stream.ReferencePipeline$3$1.accept(ReferencePipeline.java:197)
	at java.base/java.util.ArrayList$ArrayListSpliterator.forEachRemaining(ArrayList.java:1625)
	at java.base/java.util.stream.AbstractPipeline.copyInto(AbstractPipeline.java:509)
	at java.base/java.util.stream.AbstractPipeline.wrapAndCopyInto(AbstractPipeline.java:499)
	at java.base/java.util.stream.ForEachOps$ForEachOp.evaluateSequential(ForEachOps.java:150)
	at java.base/java.util.stream.ForEachOps$ForEachOp$OfRef.evaluateSequential(ForEachOps.java:173)
	at java.base/java.util.stream.AbstractPipeline.evaluate(AbstractPipeline.java:234)
	at java.base/java.util.stream.ReferencePipeline.forEach(ReferencePipeline.java:596)
	at java.base/java.util.stream.ReferencePipeline$7$1.accept(ReferencePipeline.java:276)
	at java.base/java.util.ArrayList$ArrayListSpliterator.forEachRemaining(ArrayList.java:1625)
	at java.base/java.util.stream.AbstractPipeline.copyInto(AbstractPipeline.java:509)
	at java.base/java.util.stream.AbstractPipeline.wrapAndCopyInto(AbstractPipeline.java:499)
	at java.base/java.util.stream.ForEachOps$ForEachOp.evaluateSequential(ForEachOps.java:150)
	at java.base/java.util.stream.ForEachOps$ForEachOp$OfRef.evaluateSequential(ForEachOps.java:173)
	at java.base/java.util.stream.AbstractPipeline.evaluate(AbstractPipeline.java:234)
	at java.base/java.util.stream.ReferencePipeline.forEach(ReferencePipeline.java:596)
	at org.junit.jupiter.engine.descriptor.TestTemplateTestDescriptor.execute(TestTemplateTestDescriptor.java:107)
	at org.junit.jupiter.engine.descriptor.TestTemplateTestDescriptor.execute(TestTemplateTestDescriptor.java:42)
	at org.junit.platform.engine.support.hierarchical.NodeTestTask.lambda$executeRecursively$5(NodeTestTask.java:139)
	at org.junit.platform.engine.support.hierarchical.ThrowableCollector.execute(ThrowableCollector.java:73)
	at org.junit.platform.engine.support.hierarchical.NodeTestTask.lambda$executeRecursively$7(NodeTestTask.java:129)
	at org.junit.platform.engine.support.hierarchical.Node.around(Node.java:137)
	at org.junit.platform.engine.support.hierarchical.NodeTestTask.lambda$executeRecursively$8(NodeTestTask.java:127)
	at org.junit.platform.engine.support.hierarchical.ThrowableCollector.execute(ThrowableCollector.java:73)
	at org.junit.platform.engine.support.hierarchical.NodeTestTask.executeRecursively(NodeTestTask.java:126)
	at org.junit.platform.engine.support.hierarchical.NodeTestTask.execute(NodeTestTask.java:84)
	at java.base/java.util.ArrayList.forEach(ArrayList.java:1511)
	at org.junit.platform.engine.support.hierarchical.SameThreadHierarchicalTestExecutorService.invokeAll(SameThreadHierarchicalTestExecutorService.java:38)
	at org.junit.platform.engine.support.hierarchical.NodeTestTask.lambda$executeRecursively$5(NodeTestTask.java:143)
	at org.junit.platform.engine.support.hierarchical.ThrowableCollector.execute(ThrowableCollector.java:73)
	at org.junit.platform.engine.support.hierarchical.NodeTestTask.lambda$executeRecursively$7(NodeTestTask.java:129)
	at org.junit.platform.engine.support.hierarchical.Node.around(Node.java:137)
	at org.junit.platform.engine.support.hierarchical.NodeTestTask.lambda$executeRecursively$8(NodeTestTask.java:127)
	at org.junit.platform.engine.support.hierarchical.ThrowableCollector.execute(ThrowableCollector.java:73)
	at org.junit.platform.engine.support.hierarchical.NodeTestTask.executeRecursively(NodeTestTask.java:126)
	at org.junit.platform.engine.support.hierarchical.NodeTestTask.execute(NodeTestTask.java:84)
	at java.base/java.util.ArrayList.forEach(ArrayList.java:1511)
	at org.junit.platform.engine.support.hierarchical.SameThreadHierarchicalTestExecutorService.invokeAll(SameThreadHierarchicalTestExecutorService.java:38)
	at org.junit.platform.engine.support.hierarchical.NodeTestTask.lambda$executeRecursively$5(NodeTestTask.java:143)
	at org.junit.platform.engine.support.hierarchical.ThrowableCollector.execute(ThrowableCollector.java:73)
	at org.junit.platform.engine.support.hierarchical.NodeTestTask.lambda$executeRecursively$7(NodeTestTask.java:129)
	at org.junit.platform.engine.support.hierarchical.Node.around(Node.java:137)
	at org.junit.platform.engine.support.hierarchical.NodeTestTask.lambda$executeRecursively$8(NodeTestTask.java:127)
	at org.junit.platform.engine.support.hierarchical.ThrowableCollector.execute(ThrowableCollector.java:73)
	at org.junit.platform.engine.support.hierarchical.NodeTestTask.executeRecursively(NodeTestTask.java:126)
	at org.junit.platform.engine.support.hierarchical.NodeTestTask.execute(NodeTestTask.java:84)
	at org.junit.platform.engine.support.hierarchical.SameThreadHierarchicalTestExecutorService.submit(SameThreadHierarchicalTestExecutorService.java:32)
	at org.junit.platform.engine.support.hierarchical.HierarchicalTestExecutor.execute(HierarchicalTestExecutor.java:57)
	at org.junit.platform.engine.support.hierarchical.HierarchicalTestEngine.execute(HierarchicalTestEngine.java:51)
	at org.junit.platform.launcher.core.EngineExecutionOrchestrator.execute(EngineExecutionOrchestrator.java:108)
	at org.junit.platform.launcher.core.EngineExecutionOrchestrator.execute(EngineExecutionOrchestrator.java:88)
	at org.junit.platform.launcher.core.EngineExecutionOrchestrator.lambda$execute$0(EngineExecutionOrchestrator.java:54)
	at org.junit.platform.launcher.core.EngineExecutionOrchestrator.withInterceptedStreams(EngineExecutionOrchestrator.java:67)
	at org.junit.platform.launcher.core.EngineExecutionOrchestrator.execute(EngineExecutionOrchestrator.java:52)
	at org.junit.platform.launcher.core.DefaultLauncher.execute(DefaultLauncher.java:96)
	at org.junit.platform.launcher.core.DefaultLauncher.execute(DefaultLauncher.java:75)
	at org.junit.platform.console.tasks.ConsoleTestExecutor.executeTests(ConsoleTestExecutor.java:66)
	at org.junit.platform.console.tasks.ConsoleTestExecutor.lambda$execute$0(ConsoleTestExecutor.java:58)
	at org.junit.platform.console.tasks.CustomContextClassLoaderExecutor.replaceThreadContextClassLoaderAndInvoke(CustomContextClassLoaderExecutor.java:41)
	at org.junit.platform.console.tasks.CustomContextClassLoaderExecutor.invoke(CustomContextClassLoaderExecutor.java:31)
	at org.junit.platform.console.tasks.ConsoleTestExecutor.execute(ConsoleTestExecutor.java:58)
	at org.junit.platform.console.ConsoleLauncher.executeTests(ConsoleLauncher.java:95)
	at org.junit.platform.console.ConsoleLauncher.execute(ConsoleLauncher.java:73)
	at org.junit.platform.console.ConsoleLauncher.execute(ConsoleLauncher.java:50)
	at org.junit.platform.console.ConsoleLauncher.execute(ConsoleLauncher.java:43)
	at org.junit.platform.console.ConsoleLauncher.main(ConsoleLauncher.java:37)
]]></skipped>
<system-out><![CDATA[
unique-id: [engine:junit-jupiter]/[class:minebayd1.test.TestUser]/[test-template:testprevious(minebayd1.User)]/[test-template-invocation:#28]
display-name: [28] Faycal a 51 annonces ouvertes, 3 annonces fermées et 4 achats 

]]></system-out>
</testcase>
<testcase name="testprevious(User)[29]" classname="minebayd1.test.TestUser" time="0">
<skipped><![CDATA[org.opentest4j.TestAbortedException: Assumption failed: assumption is not true
	at org.junit.jupiter.api.Assumptions.throwTestAbortedException(Assumptions.java:256)
	at org.junit.jupiter.api.Assumptions.assumeTrue(Assumptions.java:115)
	at org.junit.jupiter.api.Assumptions.assumeTrue(Assumptions.java:66)
	at minebayd1.test.TestUser.testprevious(TestUser.java:1288)
	at jdk.internal.reflect.GeneratedMethodAccessor15.invoke(Unknown Source)
	at java.base/jdk.internal.reflect.DelegatingMethodAccessorImpl.invoke(DelegatingMethodAccessorImpl.java:43)
	at java.base/java.lang.reflect.Method.invoke(Method.java:569)
	at org.junit.platform.commons.util.ReflectionUtils.invokeMethod(ReflectionUtils.java:688)
	at org.junit.jupiter.engine.execution.MethodInvocation.proceed(MethodInvocation.java:60)
	at org.junit.jupiter.engine.execution.InvocationInterceptorChain$ValidatingInvocation.proceed(InvocationInterceptorChain.java:131)
	at org.junit.jupiter.engine.extension.TimeoutExtension.intercept(TimeoutExtension.java:149)
	at org.junit.jupiter.engine.extension.TimeoutExtension.interceptTestableMethod(TimeoutExtension.java:140)
	at org.junit.jupiter.engine.extension.TimeoutExtension.interceptTestTemplateMethod(TimeoutExtension.java:92)
	at org.junit.jupiter.engine.execution.ExecutableInvoker$ReflectiveInterceptorCall.lambda$ofVoidMethod$0(ExecutableInvoker.java:115)
	at org.junit.jupiter.engine.execution.ExecutableInvoker.lambda$invoke$0(ExecutableInvoker.java:105)
	at org.junit.jupiter.engine.execution.InvocationInterceptorChain$InterceptedInvocation.proceed(InvocationInterceptorChain.java:106)
	at org.junit.jupiter.engine.execution.InvocationInterceptorChain.proceed(InvocationInterceptorChain.java:64)
	at org.junit.jupiter.engine.execution.InvocationInterceptorChain.chainAndInvoke(InvocationInterceptorChain.java:45)
	at org.junit.jupiter.engine.execution.InvocationInterceptorChain.invoke(InvocationInterceptorChain.java:37)
	at org.junit.jupiter.engine.execution.ExecutableInvoker.invoke(ExecutableInvoker.java:104)
	at org.junit.jupiter.engine.execution.ExecutableInvoker.invoke(ExecutableInvoker.java:98)
	at org.junit.jupiter.engine.descriptor.TestMethodTestDescriptor.lambda$invokeTestMethod$6(TestMethodTestDescriptor.java:210)
	at org.junit.platform.engine.support.hierarchical.ThrowableCollector.execute(ThrowableCollector.java:73)
	at org.junit.jupiter.engine.descriptor.TestMethodTestDescriptor.invokeTestMethod(TestMethodTestDescriptor.java:206)
	at org.junit.jupiter.engine.descriptor.TestMethodTestDescriptor.execute(TestMethodTestDescriptor.java:131)
	at org.junit.jupiter.engine.descriptor.TestMethodTestDescriptor.execute(TestMethodTestDescriptor.java:65)
	at org.junit.platform.engine.support.hierarchical.NodeTestTask.lambda$executeRecursively$5(NodeTestTask.java:139)
	at org.junit.platform.engine.support.hierarchical.ThrowableCollector.execute(ThrowableCollector.java:73)
	at org.junit.platform.engine.support.hierarchical.NodeTestTask.lambda$executeRecursively$7(NodeTestTask.java:129)
	at org.junit.platform.engine.support.hierarchical.Node.around(Node.java:137)
	at org.junit.platform.engine.support.hierarchical.NodeTestTask.lambda$executeRecursively$8(NodeTestTask.java:127)
	at org.junit.platform.engine.support.hierarchical.ThrowableCollector.execute(ThrowableCollector.java:73)
	at org.junit.platform.engine.support.hierarchical.NodeTestTask.executeRecursively(NodeTestTask.java:126)
	at org.junit.platform.engine.support.hierarchical.NodeTestTask.execute(NodeTestTask.java:84)
	at org.junit.platform.engine.support.hierarchical.SameThreadHierarchicalTestExecutorService.submit(SameThreadHierarchicalTestExecutorService.java:32)
	at org.junit.platform.engine.support.hierarchical.NodeTestTask$DefaultDynamicTestExecutor.execute(NodeTestTask.java:212)
	at org.junit.platform.engine.support.hierarchical.NodeTestTask$DefaultDynamicTestExecutor.execute(NodeTestTask.java:192)
	at org.junit.jupiter.engine.descriptor.TestTemplateTestDescriptor.execute(TestTemplateTestDescriptor.java:139)
	at org.junit.jupiter.engine.descriptor.TestTemplateTestDescriptor.lambda$execute$2(TestTemplateTestDescriptor.java:107)
	at java.base/java.util.stream.ForEachOps$ForEachOp$OfRef.accept(ForEachOps.java:183)
	at java.base/java.util.stream.ReferencePipeline$3$1.accept(ReferencePipeline.java:197)
	at java.base/java.util.stream.ReferencePipeline$2$1.accept(ReferencePipeline.java:179)
	at java.base/java.util.stream.ReferencePipeline$3$1.accept(ReferencePipeline.java:197)
	at java.base/java.util.stream.ForEachOps$ForEachOp$OfRef.accept(ForEachOps.java:183)
	at java.base/java.util.stream.ReferencePipeline$15$1.accept(ReferencePipeline.java:541)
	at java.base/java.util.stream.ReferencePipeline$3$1.accept(ReferencePipeline.java:197)
	at java.base/java.util.stream.ReferencePipeline$3$1.accept(ReferencePipeline.java:197)
	at java.base/java.util.stream.ReferencePipeline$3$1.accept(ReferencePipeline.java:197)
	at java.base/java.util.stream.ForEachOps$ForEachOp$OfRef.accept(ForEachOps.java:183)
	at java.base/java.util.stream.ReferencePipeline$3$1.accept(ReferencePipeline.java:197)
	at java.base/java.util.stream.ForEachOps$ForEachOp$OfRef.accept(ForEachOps.java:183)
	at java.base/java.util.stream.SliceOps$1$1.accept(SliceOps.java:200)
	at java.base/java.util.stream.StreamSpliterators$InfiniteSupplyingSpliterator$OfRef.tryAdvance(StreamSpliterators.java:1358)
	at java.base/java.util.stream.ReferencePipeline.forEachWithCancel(ReferencePipeline.java:129)
	at java.base/java.util.stream.AbstractPipeline.copyIntoWithCancel(AbstractPipeline.java:527)
	at java.base/java.util.stream.AbstractPipeline.copyInto(AbstractPipeline.java:513)
	at java.base/java.util.stream.AbstractPipeline.wrapAndCopyInto(AbstractPipeline.java:499)
	at java.base/java.util.stream.ForEachOps$ForEachOp.evaluateSequential(ForEachOps.java:150)
	at java.base/java.util.stream.ForEachOps$ForEachOp$OfRef.evaluateSequential(ForEachOps.java:173)
	at java.base/java.util.stream.AbstractPipeline.evaluate(AbstractPipeline.java:234)
	at java.base/java.util.stream.ReferencePipeline.forEach(ReferencePipeline.java:596)
	at java.base/java.util.stream.ReferencePipeline$7$1.accept(ReferencePipeline.java:276)
	at java.base/java.util.stream.ReferencePipeline$3$1.accept(ReferencePipeline.java:197)
	at java.base/java.util.stream.ReferencePipeline$3$1.accept(ReferencePipeline.java:197)
	at java.base/java.util.Spliterators$ArraySpliterator.forEachRemaining(Spliterators.java:992)
	at java.base/java.util.stream.AbstractPipeline.copyInto(AbstractPipeline.java:509)
	at java.base/java.util.stream.AbstractPipeline.wrapAndCopyInto(AbstractPipeline.java:499)
	at java.base/java.util.stream.ForEachOps$ForEachOp.evaluateSequential(ForEachOps.java:150)
	at java.base/java.util.stream.ForEachOps$ForEachOp$OfRef.evaluateSequential(ForEachOps.java:173)
	at java.base/java.util.stream.AbstractPipeline.evaluate(AbstractPipeline.java:234)
	at java.base/java.util.stream.ReferencePipeline.forEach(ReferencePipeline.java:596)
	at java.base/java.util.stream.ReferencePipeline$7$1.accept(ReferencePipeline.java:276)
	at java.base/java.util.stream.ReferencePipeline$3$1.accept(ReferencePipeline.java:197)
	at java.base/java.util.stream.ReferencePipeline$3$1.accept(ReferencePipeline.java:197)
	at java.base/java.util.stream.ReferencePipeline$3$1.accept(ReferencePipeline.java:197)
	at java.base/java.util.ArrayList$ArrayListSpliterator.forEachRemaining(ArrayList.java:1625)
	at java.base/java.util.stream.AbstractPipeline.copyInto(AbstractPipeline.java:509)
	at java.base/java.util.stream.AbstractPipeline.wrapAndCopyInto(AbstractPipeline.java:499)
	at java.base/java.util.stream.ForEachOps$ForEachOp.evaluateSequential(ForEachOps.java:150)
	at java.base/java.util.stream.ForEachOps$ForEachOp$OfRef.evaluateSequential(ForEachOps.java:173)
	at java.base/java.util.stream.AbstractPipeline.evaluate(AbstractPipeline.java:234)
	at java.base/java.util.stream.ReferencePipeline.forEach(ReferencePipeline.java:596)
	at java.base/java.util.stream.ReferencePipeline$7$1.accept(ReferencePipeline.java:276)
	at java.base/java.util.ArrayList$ArrayListSpliterator.forEachRemaining(ArrayList.java:1625)
	at java.base/java.util.stream.AbstractPipeline.copyInto(AbstractPipeline.java:509)
	at java.base/java.util.stream.AbstractPipeline.wrapAndCopyInto(AbstractPipeline.java:499)
	at java.base/java.util.stream.ForEachOps$ForEachOp.evaluateSequential(ForEachOps.java:150)
	at java.base/java.util.stream.ForEachOps$ForEachOp$OfRef.evaluateSequential(ForEachOps.java:173)
	at java.base/java.util.stream.AbstractPipeline.evaluate(AbstractPipeline.java:234)
	at java.base/java.util.stream.ReferencePipeline.forEach(ReferencePipeline.java:596)
	at org.junit.jupiter.engine.descriptor.TestTemplateTestDescriptor.execute(TestTemplateTestDescriptor.java:107)
	at org.junit.jupiter.engine.descriptor.TestTemplateTestDescriptor.execute(TestTemplateTestDescriptor.java:42)
	at org.junit.platform.engine.support.hierarchical.NodeTestTask.lambda$executeRecursively$5(NodeTestTask.java:139)
	at org.junit.platform.engine.support.hierarchical.ThrowableCollector.execute(ThrowableCollector.java:73)
	at org.junit.platform.engine.support.hierarchical.NodeTestTask.lambda$executeRecursively$7(NodeTestTask.java:129)
	at org.junit.platform.engine.support.hierarchical.Node.around(Node.java:137)
	at org.junit.platform.engine.support.hierarchical.NodeTestTask.lambda$executeRecursively$8(NodeTestTask.java:127)
	at org.junit.platform.engine.support.hierarchical.ThrowableCollector.execute(ThrowableCollector.java:73)
	at org.junit.platform.engine.support.hierarchical.NodeTestTask.executeRecursively(NodeTestTask.java:126)
	at org.junit.platform.engine.support.hierarchical.NodeTestTask.execute(NodeTestTask.java:84)
	at java.base/java.util.ArrayList.forEach(ArrayList.java:1511)
	at org.junit.platform.engine.support.hierarchical.SameThreadHierarchicalTestExecutorService.invokeAll(SameThreadHierarchicalTestExecutorService.java:38)
	at org.junit.platform.engine.support.hierarchical.NodeTestTask.lambda$executeRecursively$5(NodeTestTask.java:143)
	at org.junit.platform.engine.support.hierarchical.ThrowableCollector.execute(ThrowableCollector.java:73)
	at org.junit.platform.engine.support.hierarchical.NodeTestTask.lambda$executeRecursively$7(NodeTestTask.java:129)
	at org.junit.platform.engine.support.hierarchical.Node.around(Node.java:137)
	at org.junit.platform.engine.support.hierarchical.NodeTestTask.lambda$executeRecursively$8(NodeTestTask.java:127)
	at org.junit.platform.engine.support.hierarchical.ThrowableCollector.execute(ThrowableCollector.java:73)
	at org.junit.platform.engine.support.hierarchical.NodeTestTask.executeRecursively(NodeTestTask.java:126)
	at org.junit.platform.engine.support.hierarchical.NodeTestTask.execute(NodeTestTask.java:84)
	at java.base/java.util.ArrayList.forEach(ArrayList.java:1511)
	at org.junit.platform.engine.support.hierarchical.SameThreadHierarchicalTestExecutorService.invokeAll(SameThreadHierarchicalTestExecutorService.java:38)
	at org.junit.platform.engine.support.hierarchical.NodeTestTask.lambda$executeRecursively$5(NodeTestTask.java:143)
	at org.junit.platform.engine.support.hierarchical.ThrowableCollector.execute(ThrowableCollector.java:73)
	at org.junit.platform.engine.support.hierarchical.NodeTestTask.lambda$executeRecursively$7(NodeTestTask.java:129)
	at org.junit.platform.engine.support.hierarchical.Node.around(Node.java:137)
	at org.junit.platform.engine.support.hierarchical.NodeTestTask.lambda$executeRecursively$8(NodeTestTask.java:127)
	at org.junit.platform.engine.support.hierarchical.ThrowableCollector.execute(ThrowableCollector.java:73)
	at org.junit.platform.engine.support.hierarchical.NodeTestTask.executeRecursively(NodeTestTask.java:126)
	at org.junit.platform.engine.support.hierarchical.NodeTestTask.execute(NodeTestTask.java:84)
	at org.junit.platform.engine.support.hierarchical.SameThreadHierarchicalTestExecutorService.submit(SameThreadHierarchicalTestExecutorService.java:32)
	at org.junit.platform.engine.support.hierarchical.HierarchicalTestExecutor.execute(HierarchicalTestExecutor.java:57)
	at org.junit.platform.engine.support.hierarchical.HierarchicalTestEngine.execute(HierarchicalTestEngine.java:51)
	at org.junit.platform.launcher.core.EngineExecutionOrchestrator.execute(EngineExecutionOrchestrator.java:108)
	at org.junit.platform.launcher.core.EngineExecutionOrchestrator.execute(EngineExecutionOrchestrator.java:88)
	at org.junit.platform.launcher.core.EngineExecutionOrchestrator.lambda$execute$0(EngineExecutionOrchestrator.java:54)
	at org.junit.platform.launcher.core.EngineExecutionOrchestrator.withInterceptedStreams(EngineExecutionOrchestrator.java:67)
	at org.junit.platform.launcher.core.EngineExecutionOrchestrator.execute(EngineExecutionOrchestrator.java:52)
	at org.junit.platform.launcher.core.DefaultLauncher.execute(DefaultLauncher.java:96)
	at org.junit.platform.launcher.core.DefaultLauncher.execute(DefaultLauncher.java:75)
	at org.junit.platform.console.tasks.ConsoleTestExecutor.executeTests(ConsoleTestExecutor.java:66)
	at org.junit.platform.console.tasks.ConsoleTestExecutor.lambda$execute$0(ConsoleTestExecutor.java:58)
	at org.junit.platform.console.tasks.CustomContextClassLoaderExecutor.replaceThreadContextClassLoaderAndInvoke(CustomContextClassLoaderExecutor.java:41)
	at org.junit.platform.console.tasks.CustomContextClassLoaderExecutor.invoke(CustomContextClassLoaderExecutor.java:31)
	at org.junit.platform.console.tasks.ConsoleTestExecutor.execute(ConsoleTestExecutor.java:58)
	at org.junit.platform.console.ConsoleLauncher.executeTests(ConsoleLauncher.java:95)
	at org.junit.platform.console.ConsoleLauncher.execute(ConsoleLauncher.java:73)
	at org.junit.platform.console.ConsoleLauncher.execute(ConsoleLauncher.java:50)
	at org.junit.platform.console.ConsoleLauncher.execute(ConsoleLauncher.java:43)
	at org.junit.platform.console.ConsoleLauncher.main(ConsoleLauncher.java:37)
]]></skipped>
<system-out><![CDATA[
unique-id: [engine:junit-jupiter]/[class:minebayd1.test.TestUser]/[test-template:testprevious(minebayd1.User)]/[test-template-invocation:#29]
display-name: [29] Yanis a 61 annonces ouvertes, 4 annonces fermées et 3 achats 

]]></system-out>
</testcase>
<testcase name="testprevious(User)[30]" classname="minebayd1.test.TestUser" time="0">
<system-out><![CDATA[
unique-id: [engine:junit-jupiter]/[class:minebayd1.test.TestUser]/[test-template:testprevious(minebayd1.User)]/[test-template-invocation:#30]
display-name: [30] Marcel a 63 annonces ouvertes, 4 annonces fermées et 4 achats 

]]></system-out>
</testcase>
<testcase name="testprevious(User)[31]" classname="minebayd1.test.TestUser" time="0">
<system-out><![CDATA[
unique-id: [engine:junit-jupiter]/[class:minebayd1.test.TestUser]/[test-template:testprevious(minebayd1.User)]/[test-template-invocation:#31]
display-name: [31] Naila a 60 annonces ouvertes, 3 annonces fermées et 4 achats 

]]></system-out>
</testcase>
<testcase name="testprevious(User)[32]" classname="minebayd1.test.TestUser" time="0">
<system-out><![CDATA[
unique-id: [engine:junit-jupiter]/[class:minebayd1.test.TestUser]/[test-template:testprevious(minebayd1.User)]/[test-template-invocation:#32]
display-name: [32] Zahra a 42 annonces ouvertes, 0 annonces fermées et 2 achats 

]]></system-out>
</testcase>
<testcase name="testprevious(User)[33]" classname="minebayd1.test.TestUser" time="0">
<skipped><![CDATA[org.opentest4j.TestAbortedException: Assumption failed: assumption is not true
	at org.junit.jupiter.api.Assumptions.throwTestAbortedException(Assumptions.java:256)
	at org.junit.jupiter.api.Assumptions.assumeTrue(Assumptions.java:115)
	at org.junit.jupiter.api.Assumptions.assumeTrue(Assumptions.java:66)
	at minebayd1.test.TestUser.testprevious(TestUser.java:1288)
	at jdk.internal.reflect.GeneratedMethodAccessor15.invoke(Unknown Source)
	at java.base/jdk.internal.reflect.DelegatingMethodAccessorImpl.invoke(DelegatingMethodAccessorImpl.java:43)
	at java.base/java.lang.reflect.Method.invoke(Method.java:569)
	at org.junit.platform.commons.util.ReflectionUtils.invokeMethod(ReflectionUtils.java:688)
	at org.junit.jupiter.engine.execution.MethodInvocation.proceed(MethodInvocation.java:60)
	at org.junit.jupiter.engine.execution.InvocationInterceptorChain$ValidatingInvocation.proceed(InvocationInterceptorChain.java:131)
	at org.junit.jupiter.engine.extension.TimeoutExtension.intercept(TimeoutExtension.java:149)
	at org.junit.jupiter.engine.extension.TimeoutExtension.interceptTestableMethod(TimeoutExtension.java:140)
	at org.junit.jupiter.engine.extension.TimeoutExtension.interceptTestTemplateMethod(TimeoutExtension.java:92)
	at org.junit.jupiter.engine.execution.ExecutableInvoker$ReflectiveInterceptorCall.lambda$ofVoidMethod$0(ExecutableInvoker.java:115)
	at org.junit.jupiter.engine.execution.ExecutableInvoker.lambda$invoke$0(ExecutableInvoker.java:105)
	at org.junit.jupiter.engine.execution.InvocationInterceptorChain$InterceptedInvocation.proceed(InvocationInterceptorChain.java:106)
	at org.junit.jupiter.engine.execution.InvocationInterceptorChain.proceed(InvocationInterceptorChain.java:64)
	at org.junit.jupiter.engine.execution.InvocationInterceptorChain.chainAndInvoke(InvocationInterceptorChain.java:45)
	at org.junit.jupiter.engine.execution.InvocationInterceptorChain.invoke(InvocationInterceptorChain.java:37)
	at org.junit.jupiter.engine.execution.ExecutableInvoker.invoke(ExecutableInvoker.java:104)
	at org.junit.jupiter.engine.execution.ExecutableInvoker.invoke(ExecutableInvoker.java:98)
	at org.junit.jupiter.engine.descriptor.TestMethodTestDescriptor.lambda$invokeTestMethod$6(TestMethodTestDescriptor.java:210)
	at org.junit.platform.engine.support.hierarchical.ThrowableCollector.execute(ThrowableCollector.java:73)
	at org.junit.jupiter.engine.descriptor.TestMethodTestDescriptor.invokeTestMethod(TestMethodTestDescriptor.java:206)
	at org.junit.jupiter.engine.descriptor.TestMethodTestDescriptor.execute(TestMethodTestDescriptor.java:131)
	at org.junit.jupiter.engine.descriptor.TestMethodTestDescriptor.execute(TestMethodTestDescriptor.java:65)
	at org.junit.platform.engine.support.hierarchical.NodeTestTask.lambda$executeRecursively$5(NodeTestTask.java:139)
	at org.junit.platform.engine.support.hierarchical.ThrowableCollector.execute(ThrowableCollector.java:73)
	at org.junit.platform.engine.support.hierarchical.NodeTestTask.lambda$executeRecursively$7(NodeTestTask.java:129)
	at org.junit.platform.engine.support.hierarchical.Node.around(Node.java:137)
	at org.junit.platform.engine.support.hierarchical.NodeTestTask.lambda$executeRecursively$8(NodeTestTask.java:127)
	at org.junit.platform.engine.support.hierarchical.ThrowableCollector.execute(ThrowableCollector.java:73)
	at org.junit.platform.engine.support.hierarchical.NodeTestTask.executeRecursively(NodeTestTask.java:126)
	at org.junit.platform.engine.support.hierarchical.NodeTestTask.execute(NodeTestTask.java:84)
	at org.junit.platform.engine.support.hierarchical.SameThreadHierarchicalTestExecutorService.submit(SameThreadHierarchicalTestExecutorService.java:32)
	at org.junit.platform.engine.support.hierarchical.NodeTestTask$DefaultDynamicTestExecutor.execute(NodeTestTask.java:212)
	at org.junit.platform.engine.support.hierarchical.NodeTestTask$DefaultDynamicTestExecutor.execute(NodeTestTask.java:192)
	at org.junit.jupiter.engine.descriptor.TestTemplateTestDescriptor.execute(TestTemplateTestDescriptor.java:139)
	at org.junit.jupiter.engine.descriptor.TestTemplateTestDescriptor.lambda$execute$2(TestTemplateTestDescriptor.java:107)
	at java.base/java.util.stream.ForEachOps$ForEachOp$OfRef.accept(ForEachOps.java:183)
	at java.base/java.util.stream.ReferencePipeline$3$1.accept(ReferencePipeline.java:197)
	at java.base/java.util.stream.ReferencePipeline$2$1.accept(ReferencePipeline.java:179)
	at java.base/java.util.stream.ReferencePipeline$3$1.accept(ReferencePipeline.java:197)
	at java.base/java.util.stream.ForEachOps$ForEachOp$OfRef.accept(ForEachOps.java:183)
	at java.base/java.util.stream.ReferencePipeline$15$1.accept(ReferencePipeline.java:541)
	at java.base/java.util.stream.ReferencePipeline$3$1.accept(ReferencePipeline.java:197)
	at java.base/java.util.stream.ReferencePipeline$3$1.accept(ReferencePipeline.java:197)
	at java.base/java.util.stream.ReferencePipeline$3$1.accept(ReferencePipeline.java:197)
	at java.base/java.util.stream.ForEachOps$ForEachOp$OfRef.accept(ForEachOps.java:183)
	at java.base/java.util.stream.ReferencePipeline$3$1.accept(ReferencePipeline.java:197)
	at java.base/java.util.stream.ForEachOps$ForEachOp$OfRef.accept(ForEachOps.java:183)
	at java.base/java.util.stream.SliceOps$1$1.accept(SliceOps.java:200)
	at java.base/java.util.stream.StreamSpliterators$InfiniteSupplyingSpliterator$OfRef.tryAdvance(StreamSpliterators.java:1358)
	at java.base/java.util.stream.ReferencePipeline.forEachWithCancel(ReferencePipeline.java:129)
	at java.base/java.util.stream.AbstractPipeline.copyIntoWithCancel(AbstractPipeline.java:527)
	at java.base/java.util.stream.AbstractPipeline.copyInto(AbstractPipeline.java:513)
	at java.base/java.util.stream.AbstractPipeline.wrapAndCopyInto(AbstractPipeline.java:499)
	at java.base/java.util.stream.ForEachOps$ForEachOp.evaluateSequential(ForEachOps.java:150)
	at java.base/java.util.stream.ForEachOps$ForEachOp$OfRef.evaluateSequential(ForEachOps.java:173)
	at java.base/java.util.stream.AbstractPipeline.evaluate(AbstractPipeline.java:234)
	at java.base/java.util.stream.ReferencePipeline.forEach(ReferencePipeline.java:596)
	at java.base/java.util.stream.ReferencePipeline$7$1.accept(ReferencePipeline.java:276)
	at java.base/java.util.stream.ReferencePipeline$3$1.accept(ReferencePipeline.java:197)
	at java.base/java.util.stream.ReferencePipeline$3$1.accept(ReferencePipeline.java:197)
	at java.base/java.util.Spliterators$ArraySpliterator.forEachRemaining(Spliterators.java:992)
	at java.base/java.util.stream.AbstractPipeline.copyInto(AbstractPipeline.java:509)
	at java.base/java.util.stream.AbstractPipeline.wrapAndCopyInto(AbstractPipeline.java:499)
	at java.base/java.util.stream.ForEachOps$ForEachOp.evaluateSequential(ForEachOps.java:150)
	at java.base/java.util.stream.ForEachOps$ForEachOp$OfRef.evaluateSequential(ForEachOps.java:173)
	at java.base/java.util.stream.AbstractPipeline.evaluate(AbstractPipeline.java:234)
	at java.base/java.util.stream.ReferencePipeline.forEach(ReferencePipeline.java:596)
	at java.base/java.util.stream.ReferencePipeline$7$1.accept(ReferencePipeline.java:276)
	at java.base/java.util.stream.ReferencePipeline$3$1.accept(ReferencePipeline.java:197)
	at java.base/java.util.stream.ReferencePipeline$3$1.accept(ReferencePipeline.java:197)
	at java.base/java.util.stream.ReferencePipeline$3$1.accept(ReferencePipeline.java:197)
	at java.base/java.util.ArrayList$ArrayListSpliterator.forEachRemaining(ArrayList.java:1625)
	at java.base/java.util.stream.AbstractPipeline.copyInto(AbstractPipeline.java:509)
	at java.base/java.util.stream.AbstractPipeline.wrapAndCopyInto(AbstractPipeline.java:499)
	at java.base/java.util.stream.ForEachOps$ForEachOp.evaluateSequential(ForEachOps.java:150)
	at java.base/java.util.stream.ForEachOps$ForEachOp$OfRef.evaluateSequential(ForEachOps.java:173)
	at java.base/java.util.stream.AbstractPipeline.evaluate(AbstractPipeline.java:234)
	at java.base/java.util.stream.ReferencePipeline.forEach(ReferencePipeline.java:596)
	at java.base/java.util.stream.ReferencePipeline$7$1.accept(ReferencePipeline.java:276)
	at java.base/java.util.ArrayList$ArrayListSpliterator.forEachRemaining(ArrayList.java:1625)
	at java.base/java.util.stream.AbstractPipeline.copyInto(AbstractPipeline.java:509)
	at java.base/java.util.stream.AbstractPipeline.wrapAndCopyInto(AbstractPipeline.java:499)
	at java.base/java.util.stream.ForEachOps$ForEachOp.evaluateSequential(ForEachOps.java:150)
	at java.base/java.util.stream.ForEachOps$ForEachOp$OfRef.evaluateSequential(ForEachOps.java:173)
	at java.base/java.util.stream.AbstractPipeline.evaluate(AbstractPipeline.java:234)
	at java.base/java.util.stream.ReferencePipeline.forEach(ReferencePipeline.java:596)
	at org.junit.jupiter.engine.descriptor.TestTemplateTestDescriptor.execute(TestTemplateTestDescriptor.java:107)
	at org.junit.jupiter.engine.descriptor.TestTemplateTestDescriptor.execute(TestTemplateTestDescriptor.java:42)
	at org.junit.platform.engine.support.hierarchical.NodeTestTask.lambda$executeRecursively$5(NodeTestTask.java:139)
	at org.junit.platform.engine.support.hierarchical.ThrowableCollector.execute(ThrowableCollector.java:73)
	at org.junit.platform.engine.support.hierarchical.NodeTestTask.lambda$executeRecursively$7(NodeTestTask.java:129)
	at org.junit.platform.engine.support.hierarchical.Node.around(Node.java:137)
	at org.junit.platform.engine.support.hierarchical.NodeTestTask.lambda$executeRecursively$8(NodeTestTask.java:127)
	at org.junit.platform.engine.support.hierarchical.ThrowableCollector.execute(ThrowableCollector.java:73)
	at org.junit.platform.engine.support.hierarchical.NodeTestTask.executeRecursively(NodeTestTask.java:126)
	at org.junit.platform.engine.support.hierarchical.NodeTestTask.execute(NodeTestTask.java:84)
	at java.base/java.util.ArrayList.forEach(ArrayList.java:1511)
	at org.junit.platform.engine.support.hierarchical.SameThreadHierarchicalTestExecutorService.invokeAll(SameThreadHierarchicalTestExecutorService.java:38)
	at org.junit.platform.engine.support.hierarchical.NodeTestTask.lambda$executeRecursively$5(NodeTestTask.java:143)
	at org.junit.platform.engine.support.hierarchical.ThrowableCollector.execute(ThrowableCollector.java:73)
	at org.junit.platform.engine.support.hierarchical.NodeTestTask.lambda$executeRecursively$7(NodeTestTask.java:129)
	at org.junit.platform.engine.support.hierarchical.Node.around(Node.java:137)
	at org.junit.platform.engine.support.hierarchical.NodeTestTask.lambda$executeRecursively$8(NodeTestTask.java:127)
	at org.junit.platform.engine.support.hierarchical.ThrowableCollector.execute(ThrowableCollector.java:73)
	at org.junit.platform.engine.support.hierarchical.NodeTestTask.executeRecursively(NodeTestTask.java:126)
	at org.junit.platform.engine.support.hierarchical.NodeTestTask.execute(NodeTestTask.java:84)
	at java.base/java.util.ArrayList.forEach(ArrayList.java:1511)
	at org.junit.platform.engine.support.hierarchical.SameThreadHierarchicalTestExecutorService.invokeAll(SameThreadHierarchicalTestExecutorService.java:38)
	at org.junit.platform.engine.support.hierarchical.NodeTestTask.lambda$executeRecursively$5(NodeTestTask.java:143)
	at org.junit.platform.engine.support.hierarchical.ThrowableCollector.execute(ThrowableCollector.java:73)
	at org.junit.platform.engine.support.hierarchical.NodeTestTask.lambda$executeRecursively$7(NodeTestTask.java:129)
	at org.junit.platform.engine.support.hierarchical.Node.around(Node.java:137)
	at org.junit.platform.engine.support.hierarchical.NodeTestTask.lambda$executeRecursively$8(NodeTestTask.java:127)
	at org.junit.platform.engine.support.hierarchical.ThrowableCollector.execute(ThrowableCollector.java:73)
	at org.junit.platform.engine.support.hierarchical.NodeTestTask.executeRecursively(NodeTestTask.java:126)
	at org.junit.platform.engine.support.hierarchical.NodeTestTask.execute(NodeTestTask.java:84)
	at org.junit.platform.engine.support.hierarchical.SameThreadHierarchicalTestExecutorService.submit(SameThreadHierarchicalTestExecutorService.java:32)
	at org.junit.platform.engine.support.hierarchical.HierarchicalTestExecutor.execute(HierarchicalTestExecutor.java:57)
	at org.junit.platform.engine.support.hierarchical.HierarchicalTestEngine.execute(HierarchicalTestEngine.java:51)
	at org.junit.platform.launcher.core.EngineExecutionOrchestrator.execute(EngineExecutionOrchestrator.java:108)
	at org.junit.platform.launcher.core.EngineExecutionOrchestrator.execute(EngineExecutionOrchestrator.java:88)
	at org.junit.platform.launcher.core.EngineExecutionOrchestrator.lambda$execute$0(EngineExecutionOrchestrator.java:54)
	at org.junit.platform.launcher.core.EngineExecutionOrchestrator.withInterceptedStreams(EngineExecutionOrchestrator.java:67)
	at org.junit.platform.launcher.core.EngineExecutionOrchestrator.execute(EngineExecutionOrchestrator.java:52)
	at org.junit.platform.launcher.core.DefaultLauncher.execute(DefaultLauncher.java:96)
	at org.junit.platform.launcher.core.DefaultLauncher.execute(DefaultLauncher.java:75)
	at org.junit.platform.console.tasks.ConsoleTestExecutor.executeTests(ConsoleTestExecutor.java:66)
	at org.junit.platform.console.tasks.ConsoleTestExecutor.lambda$execute$0(ConsoleTestExecutor.java:58)
	at org.junit.platform.console.tasks.CustomContextClassLoaderExecutor.replaceThreadContextClassLoaderAndInvoke(CustomContextClassLoaderExecutor.java:41)
	at org.junit.platform.console.tasks.CustomContextClassLoaderExecutor.invoke(CustomContextClassLoaderExecutor.java:31)
	at org.junit.platform.console.tasks.ConsoleTestExecutor.execute(ConsoleTestExecutor.java:58)
	at org.junit.platform.console.ConsoleLauncher.executeTests(ConsoleLauncher.java:95)
	at org.junit.platform.console.ConsoleLauncher.execute(ConsoleLauncher.java:73)
	at org.junit.platform.console.ConsoleLauncher.execute(ConsoleLauncher.java:50)
	at org.junit.platform.console.ConsoleLauncher.execute(ConsoleLauncher.java:43)
	at org.junit.platform.console.ConsoleLauncher.main(ConsoleLauncher.java:37)
]]></skipped>
<system-out><![CDATA[
unique-id: [engine:junit-jupiter]/[class:minebayd1.test.TestUser]/[test-template:testprevious(minebayd1.User)]/[test-template-invocation:#33]
display-name: [33] Boris a 63 annonces ouvertes, 2 annonces fermées et 3 achats 

]]></system-out>
</testcase>
<testcase name="testprevious(User)[34]" classname="minebayd1.test.TestUser" time="0">
<system-out><![CDATA[
unique-id: [engine:junit-jupiter]/[class:minebayd1.test.TestUser]/[test-template:testprevious(minebayd1.User)]/[test-template-invocation:#34]
display-name: [34] Idir a 58 annonces ouvertes, 5 annonces fermées et 4 achats 

]]></system-out>
</testcase>
<testcase name="testprevious(User)[35]" classname="minebayd1.test.TestUser" time="0">
<skipped><![CDATA[org.opentest4j.TestAbortedException: Assumption failed: assumption is not true
	at org.junit.jupiter.api.Assumptions.throwTestAbortedException(Assumptions.java:256)
	at org.junit.jupiter.api.Assumptions.assumeTrue(Assumptions.java:115)
	at org.junit.jupiter.api.Assumptions.assumeTrue(Assumptions.java:66)
	at minebayd1.test.TestUser.testprevious(TestUser.java:1288)
	at jdk.internal.reflect.GeneratedMethodAccessor15.invoke(Unknown Source)
	at java.base/jdk.internal.reflect.DelegatingMethodAccessorImpl.invoke(DelegatingMethodAccessorImpl.java:43)
	at java.base/java.lang.reflect.Method.invoke(Method.java:569)
	at org.junit.platform.commons.util.ReflectionUtils.invokeMethod(ReflectionUtils.java:688)
	at org.junit.jupiter.engine.execution.MethodInvocation.proceed(MethodInvocation.java:60)
	at org.junit.jupiter.engine.execution.InvocationInterceptorChain$ValidatingInvocation.proceed(InvocationInterceptorChain.java:131)
	at org.junit.jupiter.engine.extension.TimeoutExtension.intercept(TimeoutExtension.java:149)
	at org.junit.jupiter.engine.extension.TimeoutExtension.interceptTestableMethod(TimeoutExtension.java:140)
	at org.junit.jupiter.engine.extension.TimeoutExtension.interceptTestTemplateMethod(TimeoutExtension.java:92)
	at org.junit.jupiter.engine.execution.ExecutableInvoker$ReflectiveInterceptorCall.lambda$ofVoidMethod$0(ExecutableInvoker.java:115)
	at org.junit.jupiter.engine.execution.ExecutableInvoker.lambda$invoke$0(ExecutableInvoker.java:105)
	at org.junit.jupiter.engine.execution.InvocationInterceptorChain$InterceptedInvocation.proceed(InvocationInterceptorChain.java:106)
	at org.junit.jupiter.engine.execution.InvocationInterceptorChain.proceed(InvocationInterceptorChain.java:64)
	at org.junit.jupiter.engine.execution.InvocationInterceptorChain.chainAndInvoke(InvocationInterceptorChain.java:45)
	at org.junit.jupiter.engine.execution.InvocationInterceptorChain.invoke(InvocationInterceptorChain.java:37)
	at org.junit.jupiter.engine.execution.ExecutableInvoker.invoke(ExecutableInvoker.java:104)
	at org.junit.jupiter.engine.execution.ExecutableInvoker.invoke(ExecutableInvoker.java:98)
	at org.junit.jupiter.engine.descriptor.TestMethodTestDescriptor.lambda$invokeTestMethod$6(TestMethodTestDescriptor.java:210)
	at org.junit.platform.engine.support.hierarchical.ThrowableCollector.execute(ThrowableCollector.java:73)
	at org.junit.jupiter.engine.descriptor.TestMethodTestDescriptor.invokeTestMethod(TestMethodTestDescriptor.java:206)
	at org.junit.jupiter.engine.descriptor.TestMethodTestDescriptor.execute(TestMethodTestDescriptor.java:131)
	at org.junit.jupiter.engine.descriptor.TestMethodTestDescriptor.execute(TestMethodTestDescriptor.java:65)
	at org.junit.platform.engine.support.hierarchical.NodeTestTask.lambda$executeRecursively$5(NodeTestTask.java:139)
	at org.junit.platform.engine.support.hierarchical.ThrowableCollector.execute(ThrowableCollector.java:73)
	at org.junit.platform.engine.support.hierarchical.NodeTestTask.lambda$executeRecursively$7(NodeTestTask.java:129)
	at org.junit.platform.engine.support.hierarchical.Node.around(Node.java:137)
	at org.junit.platform.engine.support.hierarchical.NodeTestTask.lambda$executeRecursively$8(NodeTestTask.java:127)
	at org.junit.platform.engine.support.hierarchical.ThrowableCollector.execute(ThrowableCollector.java:73)
	at org.junit.platform.engine.support.hierarchical.NodeTestTask.executeRecursively(NodeTestTask.java:126)
	at org.junit.platform.engine.support.hierarchical.NodeTestTask.execute(NodeTestTask.java:84)
	at org.junit.platform.engine.support.hierarchical.SameThreadHierarchicalTestExecutorService.submit(SameThreadHierarchicalTestExecutorService.java:32)
	at org.junit.platform.engine.support.hierarchical.NodeTestTask$DefaultDynamicTestExecutor.execute(NodeTestTask.java:212)
	at org.junit.platform.engine.support.hierarchical.NodeTestTask$DefaultDynamicTestExecutor.execute(NodeTestTask.java:192)
	at org.junit.jupiter.engine.descriptor.TestTemplateTestDescriptor.execute(TestTemplateTestDescriptor.java:139)
	at org.junit.jupiter.engine.descriptor.TestTemplateTestDescriptor.lambda$execute$2(TestTemplateTestDescriptor.java:107)
	at java.base/java.util.stream.ForEachOps$ForEachOp$OfRef.accept(ForEachOps.java:183)
	at java.base/java.util.stream.ReferencePipeline$3$1.accept(ReferencePipeline.java:197)
	at java.base/java.util.stream.ReferencePipeline$2$1.accept(ReferencePipeline.java:179)
	at java.base/java.util.stream.ReferencePipeline$3$1.accept(ReferencePipeline.java:197)
	at java.base/java.util.stream.ForEachOps$ForEachOp$OfRef.accept(ForEachOps.java:183)
	at java.base/java.util.stream.ReferencePipeline$15$1.accept(ReferencePipeline.java:541)
	at java.base/java.util.stream.ReferencePipeline$3$1.accept(ReferencePipeline.java:197)
	at java.base/java.util.stream.ReferencePipeline$3$1.accept(ReferencePipeline.java:197)
	at java.base/java.util.stream.ReferencePipeline$3$1.accept(ReferencePipeline.java:197)
	at java.base/java.util.stream.ForEachOps$ForEachOp$OfRef.accept(ForEachOps.java:183)
	at java.base/java.util.stream.ReferencePipeline$3$1.accept(ReferencePipeline.java:197)
	at java.base/java.util.stream.ForEachOps$ForEachOp$OfRef.accept(ForEachOps.java:183)
	at java.base/java.util.stream.SliceOps$1$1.accept(SliceOps.java:200)
	at java.base/java.util.stream.StreamSpliterators$InfiniteSupplyingSpliterator$OfRef.tryAdvance(StreamSpliterators.java:1358)
	at java.base/java.util.stream.ReferencePipeline.forEachWithCancel(ReferencePipeline.java:129)
	at java.base/java.util.stream.AbstractPipeline.copyIntoWithCancel(AbstractPipeline.java:527)
	at java.base/java.util.stream.AbstractPipeline.copyInto(AbstractPipeline.java:513)
	at java.base/java.util.stream.AbstractPipeline.wrapAndCopyInto(AbstractPipeline.java:499)
	at java.base/java.util.stream.ForEachOps$ForEachOp.evaluateSequential(ForEachOps.java:150)
	at java.base/java.util.stream.ForEachOps$ForEachOp$OfRef.evaluateSequential(ForEachOps.java:173)
	at java.base/java.util.stream.AbstractPipeline.evaluate(AbstractPipeline.java:234)
	at java.base/java.util.stream.ReferencePipeline.forEach(ReferencePipeline.java:596)
	at java.base/java.util.stream.ReferencePipeline$7$1.accept(ReferencePipeline.java:276)
	at java.base/java.util.stream.ReferencePipeline$3$1.accept(ReferencePipeline.java:197)
	at java.base/java.util.stream.ReferencePipeline$3$1.accept(ReferencePipeline.java:197)
	at java.base/java.util.Spliterators$ArraySpliterator.forEachRemaining(Spliterators.java:992)
	at java.base/java.util.stream.AbstractPipeline.copyInto(AbstractPipeline.java:509)
	at java.base/java.util.stream.AbstractPipeline.wrapAndCopyInto(AbstractPipeline.java:499)
	at java.base/java.util.stream.ForEachOps$ForEachOp.evaluateSequential(ForEachOps.java:150)
	at java.base/java.util.stream.ForEachOps$ForEachOp$OfRef.evaluateSequential(ForEachOps.java:173)
	at java.base/java.util.stream.AbstractPipeline.evaluate(AbstractPipeline.java:234)
	at java.base/java.util.stream.ReferencePipeline.forEach(ReferencePipeline.java:596)
	at java.base/java.util.stream.ReferencePipeline$7$1.accept(ReferencePipeline.java:276)
	at java.base/java.util.stream.ReferencePipeline$3$1.accept(ReferencePipeline.java:197)
	at java.base/java.util.stream.ReferencePipeline$3$1.accept(ReferencePipeline.java:197)
	at java.base/java.util.stream.ReferencePipeline$3$1.accept(ReferencePipeline.java:197)
	at java.base/java.util.ArrayList$ArrayListSpliterator.forEachRemaining(ArrayList.java:1625)
	at java.base/java.util.stream.AbstractPipeline.copyInto(AbstractPipeline.java:509)
	at java.base/java.util.stream.AbstractPipeline.wrapAndCopyInto(AbstractPipeline.java:499)
	at java.base/java.util.stream.ForEachOps$ForEachOp.evaluateSequential(ForEachOps.java:150)
	at java.base/java.util.stream.ForEachOps$ForEachOp$OfRef.evaluateSequential(ForEachOps.java:173)
	at java.base/java.util.stream.AbstractPipeline.evaluate(AbstractPipeline.java:234)
	at java.base/java.util.stream.ReferencePipeline.forEach(ReferencePipeline.java:596)
	at java.base/java.util.stream.ReferencePipeline$7$1.accept(ReferencePipeline.java:276)
	at java.base/java.util.ArrayList$ArrayListSpliterator.forEachRemaining(ArrayList.java:1625)
	at java.base/java.util.stream.AbstractPipeline.copyInto(AbstractPipeline.java:509)
	at java.base/java.util.stream.AbstractPipeline.wrapAndCopyInto(AbstractPipeline.java:499)
	at java.base/java.util.stream.ForEachOps$ForEachOp.evaluateSequential(ForEachOps.java:150)
	at java.base/java.util.stream.ForEachOps$ForEachOp$OfRef.evaluateSequential(ForEachOps.java:173)
	at java.base/java.util.stream.AbstractPipeline.evaluate(AbstractPipeline.java:234)
	at java.base/java.util.stream.ReferencePipeline.forEach(ReferencePipeline.java:596)
	at org.junit.jupiter.engine.descriptor.TestTemplateTestDescriptor.execute(TestTemplateTestDescriptor.java:107)
	at org.junit.jupiter.engine.descriptor.TestTemplateTestDescriptor.execute(TestTemplateTestDescriptor.java:42)
	at org.junit.platform.engine.support.hierarchical.NodeTestTask.lambda$executeRecursively$5(NodeTestTask.java:139)
	at org.junit.platform.engine.support.hierarchical.ThrowableCollector.execute(ThrowableCollector.java:73)
	at org.junit.platform.engine.support.hierarchical.NodeTestTask.lambda$executeRecursively$7(NodeTestTask.java:129)
	at org.junit.platform.engine.support.hierarchical.Node.around(Node.java:137)
	at org.junit.platform.engine.support.hierarchical.NodeTestTask.lambda$executeRecursively$8(NodeTestTask.java:127)
	at org.junit.platform.engine.support.hierarchical.ThrowableCollector.execute(ThrowableCollector.java:73)
	at org.junit.platform.engine.support.hierarchical.NodeTestTask.executeRecursively(NodeTestTask.java:126)
	at org.junit.platform.engine.support.hierarchical.NodeTestTask.execute(NodeTestTask.java:84)
	at java.base/java.util.ArrayList.forEach(ArrayList.java:1511)
	at org.junit.platform.engine.support.hierarchical.SameThreadHierarchicalTestExecutorService.invokeAll(SameThreadHierarchicalTestExecutorService.java:38)
	at org.junit.platform.engine.support.hierarchical.NodeTestTask.lambda$executeRecursively$5(NodeTestTask.java:143)
	at org.junit.platform.engine.support.hierarchical.ThrowableCollector.execute(ThrowableCollector.java:73)
	at org.junit.platform.engine.support.hierarchical.NodeTestTask.lambda$executeRecursively$7(NodeTestTask.java:129)
	at org.junit.platform.engine.support.hierarchical.Node.around(Node.java:137)
	at org.junit.platform.engine.support.hierarchical.NodeTestTask.lambda$executeRecursively$8(NodeTestTask.java:127)
	at org.junit.platform.engine.support.hierarchical.ThrowableCollector.execute(ThrowableCollector.java:73)
	at org.junit.platform.engine.support.hierarchical.NodeTestTask.executeRecursively(NodeTestTask.java:126)
	at org.junit.platform.engine.support.hierarchical.NodeTestTask.execute(NodeTestTask.java:84)
	at java.base/java.util.ArrayList.forEach(ArrayList.java:1511)
	at org.junit.platform.engine.support.hierarchical.SameThreadHierarchicalTestExecutorService.invokeAll(SameThreadHierarchicalTestExecutorService.java:38)
	at org.junit.platform.engine.support.hierarchical.NodeTestTask.lambda$executeRecursively$5(NodeTestTask.java:143)
	at org.junit.platform.engine.support.hierarchical.ThrowableCollector.execute(ThrowableCollector.java:73)
	at org.junit.platform.engine.support.hierarchical.NodeTestTask.lambda$executeRecursively$7(NodeTestTask.java:129)
	at org.junit.platform.engine.support.hierarchical.Node.around(Node.java:137)
	at org.junit.platform.engine.support.hierarchical.NodeTestTask.lambda$executeRecursively$8(NodeTestTask.java:127)
	at org.junit.platform.engine.support.hierarchical.ThrowableCollector.execute(ThrowableCollector.java:73)
	at org.junit.platform.engine.support.hierarchical.NodeTestTask.executeRecursively(NodeTestTask.java:126)
	at org.junit.platform.engine.support.hierarchical.NodeTestTask.execute(NodeTestTask.java:84)
	at org.junit.platform.engine.support.hierarchical.SameThreadHierarchicalTestExecutorService.submit(SameThreadHierarchicalTestExecutorService.java:32)
	at org.junit.platform.engine.support.hierarchical.HierarchicalTestExecutor.execute(HierarchicalTestExecutor.java:57)
	at org.junit.platform.engine.support.hierarchical.HierarchicalTestEngine.execute(HierarchicalTestEngine.java:51)
	at org.junit.platform.launcher.core.EngineExecutionOrchestrator.execute(EngineExecutionOrchestrator.java:108)
	at org.junit.platform.launcher.core.EngineExecutionOrchestrator.execute(EngineExecutionOrchestrator.java:88)
	at org.junit.platform.launcher.core.EngineExecutionOrchestrator.lambda$execute$0(EngineExecutionOrchestrator.java:54)
	at org.junit.platform.launcher.core.EngineExecutionOrchestrator.withInterceptedStreams(EngineExecutionOrchestrator.java:67)
	at org.junit.platform.launcher.core.EngineExecutionOrchestrator.execute(EngineExecutionOrchestrator.java:52)
	at org.junit.platform.launcher.core.DefaultLauncher.execute(DefaultLauncher.java:96)
	at org.junit.platform.launcher.core.DefaultLauncher.execute(DefaultLauncher.java:75)
	at org.junit.platform.console.tasks.ConsoleTestExecutor.executeTests(ConsoleTestExecutor.java:66)
	at org.junit.platform.console.tasks.ConsoleTestExecutor.lambda$execute$0(ConsoleTestExecutor.java:58)
	at org.junit.platform.console.tasks.CustomContextClassLoaderExecutor.replaceThreadContextClassLoaderAndInvoke(CustomContextClassLoaderExecutor.java:41)
	at org.junit.platform.console.tasks.CustomContextClassLoaderExecutor.invoke(CustomContextClassLoaderExecutor.java:31)
	at org.junit.platform.console.tasks.ConsoleTestExecutor.execute(ConsoleTestExecutor.java:58)
	at org.junit.platform.console.ConsoleLauncher.executeTests(ConsoleLauncher.java:95)
	at org.junit.platform.console.ConsoleLauncher.execute(ConsoleLauncher.java:73)
	at org.junit.platform.console.ConsoleLauncher.execute(ConsoleLauncher.java:50)
	at org.junit.platform.console.ConsoleLauncher.execute(ConsoleLauncher.java:43)
	at org.junit.platform.console.ConsoleLauncher.main(ConsoleLauncher.java:37)
]]></skipped>
<system-out><![CDATA[
unique-id: [engine:junit-jupiter]/[class:minebayd1.test.TestUser]/[test-template:testprevious(minebayd1.User)]/[test-template-invocation:#35]
display-name: [35] Faycal a 51 annonces ouvertes, 3 annonces fermées et 4 achats 

]]></system-out>
</testcase>
<testcase name="testprevious(User)[36]" classname="minebayd1.test.TestUser" time="0">
<skipped><![CDATA[org.opentest4j.TestAbortedException: Assumption failed: assumption is not true
	at org.junit.jupiter.api.Assumptions.throwTestAbortedException(Assumptions.java:256)
	at org.junit.jupiter.api.Assumptions.assumeTrue(Assumptions.java:115)
	at org.junit.jupiter.api.Assumptions.assumeTrue(Assumptions.java:66)
	at minebayd1.test.TestUser.testprevious(TestUser.java:1288)
	at jdk.internal.reflect.GeneratedMethodAccessor15.invoke(Unknown Source)
	at java.base/jdk.internal.reflect.DelegatingMethodAccessorImpl.invoke(DelegatingMethodAccessorImpl.java:43)
	at java.base/java.lang.reflect.Method.invoke(Method.java:569)
	at org.junit.platform.commons.util.ReflectionUtils.invokeMethod(ReflectionUtils.java:688)
	at org.junit.jupiter.engine.execution.MethodInvocation.proceed(MethodInvocation.java:60)
	at org.junit.jupiter.engine.execution.InvocationInterceptorChain$ValidatingInvocation.proceed(InvocationInterceptorChain.java:131)
	at org.junit.jupiter.engine.extension.TimeoutExtension.intercept(TimeoutExtension.java:149)
	at org.junit.jupiter.engine.extension.TimeoutExtension.interceptTestableMethod(TimeoutExtension.java:140)
	at org.junit.jupiter.engine.extension.TimeoutExtension.interceptTestTemplateMethod(TimeoutExtension.java:92)
	at org.junit.jupiter.engine.execution.ExecutableInvoker$ReflectiveInterceptorCall.lambda$ofVoidMethod$0(ExecutableInvoker.java:115)
	at org.junit.jupiter.engine.execution.ExecutableInvoker.lambda$invoke$0(ExecutableInvoker.java:105)
	at org.junit.jupiter.engine.execution.InvocationInterceptorChain$InterceptedInvocation.proceed(InvocationInterceptorChain.java:106)
	at org.junit.jupiter.engine.execution.InvocationInterceptorChain.proceed(InvocationInterceptorChain.java:64)
	at org.junit.jupiter.engine.execution.InvocationInterceptorChain.chainAndInvoke(InvocationInterceptorChain.java:45)
	at org.junit.jupiter.engine.execution.InvocationInterceptorChain.invoke(InvocationInterceptorChain.java:37)
	at org.junit.jupiter.engine.execution.ExecutableInvoker.invoke(ExecutableInvoker.java:104)
	at org.junit.jupiter.engine.execution.ExecutableInvoker.invoke(ExecutableInvoker.java:98)
	at org.junit.jupiter.engine.descriptor.TestMethodTestDescriptor.lambda$invokeTestMethod$6(TestMethodTestDescriptor.java:210)
	at org.junit.platform.engine.support.hierarchical.ThrowableCollector.execute(ThrowableCollector.java:73)
	at org.junit.jupiter.engine.descriptor.TestMethodTestDescriptor.invokeTestMethod(TestMethodTestDescriptor.java:206)
	at org.junit.jupiter.engine.descriptor.TestMethodTestDescriptor.execute(TestMethodTestDescriptor.java:131)
	at org.junit.jupiter.engine.descriptor.TestMethodTestDescriptor.execute(TestMethodTestDescriptor.java:65)
	at org.junit.platform.engine.support.hierarchical.NodeTestTask.lambda$executeRecursively$5(NodeTestTask.java:139)
	at org.junit.platform.engine.support.hierarchical.ThrowableCollector.execute(ThrowableCollector.java:73)
	at org.junit.platform.engine.support.hierarchical.NodeTestTask.lambda$executeRecursively$7(NodeTestTask.java:129)
	at org.junit.platform.engine.support.hierarchical.Node.around(Node.java:137)
	at org.junit.platform.engine.support.hierarchical.NodeTestTask.lambda$executeRecursively$8(NodeTestTask.java:127)
	at org.junit.platform.engine.support.hierarchical.ThrowableCollector.execute(ThrowableCollector.java:73)
	at org.junit.platform.engine.support.hierarchical.NodeTestTask.executeRecursively(NodeTestTask.java:126)
	at org.junit.platform.engine.support.hierarchical.NodeTestTask.execute(NodeTestTask.java:84)
	at org.junit.platform.engine.support.hierarchical.SameThreadHierarchicalTestExecutorService.submit(SameThreadHierarchicalTestExecutorService.java:32)
	at org.junit.platform.engine.support.hierarchical.NodeTestTask$DefaultDynamicTestExecutor.execute(NodeTestTask.java:212)
	at org.junit.platform.engine.support.hierarchical.NodeTestTask$DefaultDynamicTestExecutor.execute(NodeTestTask.java:192)
	at org.junit.jupiter.engine.descriptor.TestTemplateTestDescriptor.execute(TestTemplateTestDescriptor.java:139)
	at org.junit.jupiter.engine.descriptor.TestTemplateTestDescriptor.lambda$execute$2(TestTemplateTestDescriptor.java:107)
	at java.base/java.util.stream.ForEachOps$ForEachOp$OfRef.accept(ForEachOps.java:183)
	at java.base/java.util.stream.ReferencePipeline$3$1.accept(ReferencePipeline.java:197)
	at java.base/java.util.stream.ReferencePipeline$2$1.accept(ReferencePipeline.java:179)
	at java.base/java.util.stream.ReferencePipeline$3$1.accept(ReferencePipeline.java:197)
	at java.base/java.util.stream.ForEachOps$ForEachOp$OfRef.accept(ForEachOps.java:183)
	at java.base/java.util.stream.ReferencePipeline$15$1.accept(ReferencePipeline.java:541)
	at java.base/java.util.stream.ReferencePipeline$3$1.accept(ReferencePipeline.java:197)
	at java.base/java.util.stream.ReferencePipeline$3$1.accept(ReferencePipeline.java:197)
	at java.base/java.util.stream.ReferencePipeline$3$1.accept(ReferencePipeline.java:197)
	at java.base/java.util.stream.ForEachOps$ForEachOp$OfRef.accept(ForEachOps.java:183)
	at java.base/java.util.stream.ReferencePipeline$3$1.accept(ReferencePipeline.java:197)
	at java.base/java.util.stream.ForEachOps$ForEachOp$OfRef.accept(ForEachOps.java:183)
	at java.base/java.util.stream.SliceOps$1$1.accept(SliceOps.java:200)
	at java.base/java.util.stream.StreamSpliterators$InfiniteSupplyingSpliterator$OfRef.tryAdvance(StreamSpliterators.java:1358)
	at java.base/java.util.stream.ReferencePipeline.forEachWithCancel(ReferencePipeline.java:129)
	at java.base/java.util.stream.AbstractPipeline.copyIntoWithCancel(AbstractPipeline.java:527)
	at java.base/java.util.stream.AbstractPipeline.copyInto(AbstractPipeline.java:513)
	at java.base/java.util.stream.AbstractPipeline.wrapAndCopyInto(AbstractPipeline.java:499)
	at java.base/java.util.stream.ForEachOps$ForEachOp.evaluateSequential(ForEachOps.java:150)
	at java.base/java.util.stream.ForEachOps$ForEachOp$OfRef.evaluateSequential(ForEachOps.java:173)
	at java.base/java.util.stream.AbstractPipeline.evaluate(AbstractPipeline.java:234)
	at java.base/java.util.stream.ReferencePipeline.forEach(ReferencePipeline.java:596)
	at java.base/java.util.stream.ReferencePipeline$7$1.accept(ReferencePipeline.java:276)
	at java.base/java.util.stream.ReferencePipeline$3$1.accept(ReferencePipeline.java:197)
	at java.base/java.util.stream.ReferencePipeline$3$1.accept(ReferencePipeline.java:197)
	at java.base/java.util.Spliterators$ArraySpliterator.forEachRemaining(Spliterators.java:992)
	at java.base/java.util.stream.AbstractPipeline.copyInto(AbstractPipeline.java:509)
	at java.base/java.util.stream.AbstractPipeline.wrapAndCopyInto(AbstractPipeline.java:499)
	at java.base/java.util.stream.ForEachOps$ForEachOp.evaluateSequential(ForEachOps.java:150)
	at java.base/java.util.stream.ForEachOps$ForEachOp$OfRef.evaluateSequential(ForEachOps.java:173)
	at java.base/java.util.stream.AbstractPipeline.evaluate(AbstractPipeline.java:234)
	at java.base/java.util.stream.ReferencePipeline.forEach(ReferencePipeline.java:596)
	at java.base/java.util.stream.ReferencePipeline$7$1.accept(ReferencePipeline.java:276)
	at java.base/java.util.stream.ReferencePipeline$3$1.accept(ReferencePipeline.java:197)
	at java.base/java.util.stream.ReferencePipeline$3$1.accept(ReferencePipeline.java:197)
	at java.base/java.util.stream.ReferencePipeline$3$1.accept(ReferencePipeline.java:197)
	at java.base/java.util.ArrayList$ArrayListSpliterator.forEachRemaining(ArrayList.java:1625)
	at java.base/java.util.stream.AbstractPipeline.copyInto(AbstractPipeline.java:509)
	at java.base/java.util.stream.AbstractPipeline.wrapAndCopyInto(AbstractPipeline.java:499)
	at java.base/java.util.stream.ForEachOps$ForEachOp.evaluateSequential(ForEachOps.java:150)
	at java.base/java.util.stream.ForEachOps$ForEachOp$OfRef.evaluateSequential(ForEachOps.java:173)
	at java.base/java.util.stream.AbstractPipeline.evaluate(AbstractPipeline.java:234)
	at java.base/java.util.stream.ReferencePipeline.forEach(ReferencePipeline.java:596)
	at java.base/java.util.stream.ReferencePipeline$7$1.accept(ReferencePipeline.java:276)
	at java.base/java.util.ArrayList$ArrayListSpliterator.forEachRemaining(ArrayList.java:1625)
	at java.base/java.util.stream.AbstractPipeline.copyInto(AbstractPipeline.java:509)
	at java.base/java.util.stream.AbstractPipeline.wrapAndCopyInto(AbstractPipeline.java:499)
	at java.base/java.util.stream.ForEachOps$ForEachOp.evaluateSequential(ForEachOps.java:150)
	at java.base/java.util.stream.ForEachOps$ForEachOp$OfRef.evaluateSequential(ForEachOps.java:173)
	at java.base/java.util.stream.AbstractPipeline.evaluate(AbstractPipeline.java:234)
	at java.base/java.util.stream.ReferencePipeline.forEach(ReferencePipeline.java:596)
	at org.junit.jupiter.engine.descriptor.TestTemplateTestDescriptor.execute(TestTemplateTestDescriptor.java:107)
	at org.junit.jupiter.engine.descriptor.TestTemplateTestDescriptor.execute(TestTemplateTestDescriptor.java:42)
	at org.junit.platform.engine.support.hierarchical.NodeTestTask.lambda$executeRecursively$5(NodeTestTask.java:139)
	at org.junit.platform.engine.support.hierarchical.ThrowableCollector.execute(ThrowableCollector.java:73)
	at org.junit.platform.engine.support.hierarchical.NodeTestTask.lambda$executeRecursively$7(NodeTestTask.java:129)
	at org.junit.platform.engine.support.hierarchical.Node.around(Node.java:137)
	at org.junit.platform.engine.support.hierarchical.NodeTestTask.lambda$executeRecursively$8(NodeTestTask.java:127)
	at org.junit.platform.engine.support.hierarchical.ThrowableCollector.execute(ThrowableCollector.java:73)
	at org.junit.platform.engine.support.hierarchical.NodeTestTask.executeRecursively(NodeTestTask.java:126)
	at org.junit.platform.engine.support.hierarchical.NodeTestTask.execute(NodeTestTask.java:84)
	at java.base/java.util.ArrayList.forEach(ArrayList.java:1511)
	at org.junit.platform.engine.support.hierarchical.SameThreadHierarchicalTestExecutorService.invokeAll(SameThreadHierarchicalTestExecutorService.java:38)
	at org.junit.platform.engine.support.hierarchical.NodeTestTask.lambda$executeRecursively$5(NodeTestTask.java:143)
	at org.junit.platform.engine.support.hierarchical.ThrowableCollector.execute(ThrowableCollector.java:73)
	at org.junit.platform.engine.support.hierarchical.NodeTestTask.lambda$executeRecursively$7(NodeTestTask.java:129)
	at org.junit.platform.engine.support.hierarchical.Node.around(Node.java:137)
	at org.junit.platform.engine.support.hierarchical.NodeTestTask.lambda$executeRecursively$8(NodeTestTask.java:127)
	at org.junit.platform.engine.support.hierarchical.ThrowableCollector.execute(ThrowableCollector.java:73)
	at org.junit.platform.engine.support.hierarchical.NodeTestTask.executeRecursively(NodeTestTask.java:126)
	at org.junit.platform.engine.support.hierarchical.NodeTestTask.execute(NodeTestTask.java:84)
	at java.base/java.util.ArrayList.forEach(ArrayList.java:1511)
	at org.junit.platform.engine.support.hierarchical.SameThreadHierarchicalTestExecutorService.invokeAll(SameThreadHierarchicalTestExecutorService.java:38)
	at org.junit.platform.engine.support.hierarchical.NodeTestTask.lambda$executeRecursively$5(NodeTestTask.java:143)
	at org.junit.platform.engine.support.hierarchical.ThrowableCollector.execute(ThrowableCollector.java:73)
	at org.junit.platform.engine.support.hierarchical.NodeTestTask.lambda$executeRecursively$7(NodeTestTask.java:129)
	at org.junit.platform.engine.support.hierarchical.Node.around(Node.java:137)
	at org.junit.platform.engine.support.hierarchical.NodeTestTask.lambda$executeRecursively$8(NodeTestTask.java:127)
	at org.junit.platform.engine.support.hierarchical.ThrowableCollector.execute(ThrowableCollector.java:73)
	at org.junit.platform.engine.support.hierarchical.NodeTestTask.executeRecursively(NodeTestTask.java:126)
	at org.junit.platform.engine.support.hierarchical.NodeTestTask.execute(NodeTestTask.java:84)
	at org.junit.platform.engine.support.hierarchical.SameThreadHierarchicalTestExecutorService.submit(SameThreadHierarchicalTestExecutorService.java:32)
	at org.junit.platform.engine.support.hierarchical.HierarchicalTestExecutor.execute(HierarchicalTestExecutor.java:57)
	at org.junit.platform.engine.support.hierarchical.HierarchicalTestEngine.execute(HierarchicalTestEngine.java:51)
	at org.junit.platform.launcher.core.EngineExecutionOrchestrator.execute(EngineExecutionOrchestrator.java:108)
	at org.junit.platform.launcher.core.EngineExecutionOrchestrator.execute(EngineExecutionOrchestrator.java:88)
	at org.junit.platform.launcher.core.EngineExecutionOrchestrator.lambda$execute$0(EngineExecutionOrchestrator.java:54)
	at org.junit.platform.launcher.core.EngineExecutionOrchestrator.withInterceptedStreams(EngineExecutionOrchestrator.java:67)
	at org.junit.platform.launcher.core.EngineExecutionOrchestrator.execute(EngineExecutionOrchestrator.java:52)
	at org.junit.platform.launcher.core.DefaultLauncher.execute(DefaultLauncher.java:96)
	at org.junit.platform.launcher.core.DefaultLauncher.execute(DefaultLauncher.java:75)
	at org.junit.platform.console.tasks.ConsoleTestExecutor.executeTests(ConsoleTestExecutor.java:66)
	at org.junit.platform.console.tasks.ConsoleTestExecutor.lambda$execute$0(ConsoleTestExecutor.java:58)
	at org.junit.platform.console.tasks.CustomContextClassLoaderExecutor.replaceThreadContextClassLoaderAndInvoke(CustomContextClassLoaderExecutor.java:41)
	at org.junit.platform.console.tasks.CustomContextClassLoaderExecutor.invoke(CustomContextClassLoaderExecutor.java:31)
	at org.junit.platform.console.tasks.ConsoleTestExecutor.execute(ConsoleTestExecutor.java:58)
	at org.junit.platform.console.ConsoleLauncher.executeTests(ConsoleLauncher.java:95)
	at org.junit.platform.console.ConsoleLauncher.execute(ConsoleLauncher.java:73)
	at org.junit.platform.console.ConsoleLauncher.execute(ConsoleLauncher.java:50)
	at org.junit.platform.console.ConsoleLauncher.execute(ConsoleLauncher.java:43)
	at org.junit.platform.console.ConsoleLauncher.main(ConsoleLauncher.java:37)
]]></skipped>
<system-out><![CDATA[
unique-id: [engine:junit-jupiter]/[class:minebayd1.test.TestUser]/[test-template:testprevious(minebayd1.User)]/[test-template-invocation:#36]
display-name: [36] Sheraz a 49 annonces ouvertes, 3 annonces fermées et 6 achats 

]]></system-out>
</testcase>
<testcase name="testprevious(User)[37]" classname="minebayd1.test.TestUser" time="0">
<skipped><![CDATA[org.opentest4j.TestAbortedException: Assumption failed: assumption is not true
	at org.junit.jupiter.api.Assumptions.throwTestAbortedException(Assumptions.java:256)
	at org.junit.jupiter.api.Assumptions.assumeTrue(Assumptions.java:115)
	at org.junit.jupiter.api.Assumptions.assumeTrue(Assumptions.java:66)
	at minebayd1.test.TestUser.testprevious(TestUser.java:1288)
	at jdk.internal.reflect.GeneratedMethodAccessor15.invoke(Unknown Source)
	at java.base/jdk.internal.reflect.DelegatingMethodAccessorImpl.invoke(DelegatingMethodAccessorImpl.java:43)
	at java.base/java.lang.reflect.Method.invoke(Method.java:569)
	at org.junit.platform.commons.util.ReflectionUtils.invokeMethod(ReflectionUtils.java:688)
	at org.junit.jupiter.engine.execution.MethodInvocation.proceed(MethodInvocation.java:60)
	at org.junit.jupiter.engine.execution.InvocationInterceptorChain$ValidatingInvocation.proceed(InvocationInterceptorChain.java:131)
	at org.junit.jupiter.engine.extension.TimeoutExtension.intercept(TimeoutExtension.java:149)
	at org.junit.jupiter.engine.extension.TimeoutExtension.interceptTestableMethod(TimeoutExtension.java:140)
	at org.junit.jupiter.engine.extension.TimeoutExtension.interceptTestTemplateMethod(TimeoutExtension.java:92)
	at org.junit.jupiter.engine.execution.ExecutableInvoker$ReflectiveInterceptorCall.lambda$ofVoidMethod$0(ExecutableInvoker.java:115)
	at org.junit.jupiter.engine.execution.ExecutableInvoker.lambda$invoke$0(ExecutableInvoker.java:105)
	at org.junit.jupiter.engine.execution.InvocationInterceptorChain$InterceptedInvocation.proceed(InvocationInterceptorChain.java:106)
	at org.junit.jupiter.engine.execution.InvocationInterceptorChain.proceed(InvocationInterceptorChain.java:64)
	at org.junit.jupiter.engine.execution.InvocationInterceptorChain.chainAndInvoke(InvocationInterceptorChain.java:45)
	at org.junit.jupiter.engine.execution.InvocationInterceptorChain.invoke(InvocationInterceptorChain.java:37)
	at org.junit.jupiter.engine.execution.ExecutableInvoker.invoke(ExecutableInvoker.java:104)
	at org.junit.jupiter.engine.execution.ExecutableInvoker.invoke(ExecutableInvoker.java:98)
	at org.junit.jupiter.engine.descriptor.TestMethodTestDescriptor.lambda$invokeTestMethod$6(TestMethodTestDescriptor.java:210)
	at org.junit.platform.engine.support.hierarchical.ThrowableCollector.execute(ThrowableCollector.java:73)
	at org.junit.jupiter.engine.descriptor.TestMethodTestDescriptor.invokeTestMethod(TestMethodTestDescriptor.java:206)
	at org.junit.jupiter.engine.descriptor.TestMethodTestDescriptor.execute(TestMethodTestDescriptor.java:131)
	at org.junit.jupiter.engine.descriptor.TestMethodTestDescriptor.execute(TestMethodTestDescriptor.java:65)
	at org.junit.platform.engine.support.hierarchical.NodeTestTask.lambda$executeRecursively$5(NodeTestTask.java:139)
	at org.junit.platform.engine.support.hierarchical.ThrowableCollector.execute(ThrowableCollector.java:73)
	at org.junit.platform.engine.support.hierarchical.NodeTestTask.lambda$executeRecursively$7(NodeTestTask.java:129)
	at org.junit.platform.engine.support.hierarchical.Node.around(Node.java:137)
	at org.junit.platform.engine.support.hierarchical.NodeTestTask.lambda$executeRecursively$8(NodeTestTask.java:127)
	at org.junit.platform.engine.support.hierarchical.ThrowableCollector.execute(ThrowableCollector.java:73)
	at org.junit.platform.engine.support.hierarchical.NodeTestTask.executeRecursively(NodeTestTask.java:126)
	at org.junit.platform.engine.support.hierarchical.NodeTestTask.execute(NodeTestTask.java:84)
	at org.junit.platform.engine.support.hierarchical.SameThreadHierarchicalTestExecutorService.submit(SameThreadHierarchicalTestExecutorService.java:32)
	at org.junit.platform.engine.support.hierarchical.NodeTestTask$DefaultDynamicTestExecutor.execute(NodeTestTask.java:212)
	at org.junit.platform.engine.support.hierarchical.NodeTestTask$DefaultDynamicTestExecutor.execute(NodeTestTask.java:192)
	at org.junit.jupiter.engine.descriptor.TestTemplateTestDescriptor.execute(TestTemplateTestDescriptor.java:139)
	at org.junit.jupiter.engine.descriptor.TestTemplateTestDescriptor.lambda$execute$2(TestTemplateTestDescriptor.java:107)
	at java.base/java.util.stream.ForEachOps$ForEachOp$OfRef.accept(ForEachOps.java:183)
	at java.base/java.util.stream.ReferencePipeline$3$1.accept(ReferencePipeline.java:197)
	at java.base/java.util.stream.ReferencePipeline$2$1.accept(ReferencePipeline.java:179)
	at java.base/java.util.stream.ReferencePipeline$3$1.accept(ReferencePipeline.java:197)
	at java.base/java.util.stream.ForEachOps$ForEachOp$OfRef.accept(ForEachOps.java:183)
	at java.base/java.util.stream.ReferencePipeline$15$1.accept(ReferencePipeline.java:541)
	at java.base/java.util.stream.ReferencePipeline$3$1.accept(ReferencePipeline.java:197)
	at java.base/java.util.stream.ReferencePipeline$3$1.accept(ReferencePipeline.java:197)
	at java.base/java.util.stream.ReferencePipeline$3$1.accept(ReferencePipeline.java:197)
	at java.base/java.util.stream.ForEachOps$ForEachOp$OfRef.accept(ForEachOps.java:183)
	at java.base/java.util.stream.ReferencePipeline$3$1.accept(ReferencePipeline.java:197)
	at java.base/java.util.stream.ForEachOps$ForEachOp$OfRef.accept(ForEachOps.java:183)
	at java.base/java.util.stream.SliceOps$1$1.accept(SliceOps.java:200)
	at java.base/java.util.stream.StreamSpliterators$InfiniteSupplyingSpliterator$OfRef.tryAdvance(StreamSpliterators.java:1358)
	at java.base/java.util.stream.ReferencePipeline.forEachWithCancel(ReferencePipeline.java:129)
	at java.base/java.util.stream.AbstractPipeline.copyIntoWithCancel(AbstractPipeline.java:527)
	at java.base/java.util.stream.AbstractPipeline.copyInto(AbstractPipeline.java:513)
	at java.base/java.util.stream.AbstractPipeline.wrapAndCopyInto(AbstractPipeline.java:499)
	at java.base/java.util.stream.ForEachOps$ForEachOp.evaluateSequential(ForEachOps.java:150)
	at java.base/java.util.stream.ForEachOps$ForEachOp$OfRef.evaluateSequential(ForEachOps.java:173)
	at java.base/java.util.stream.AbstractPipeline.evaluate(AbstractPipeline.java:234)
	at java.base/java.util.stream.ReferencePipeline.forEach(ReferencePipeline.java:596)
	at java.base/java.util.stream.ReferencePipeline$7$1.accept(ReferencePipeline.java:276)
	at java.base/java.util.stream.ReferencePipeline$3$1.accept(ReferencePipeline.java:197)
	at java.base/java.util.stream.ReferencePipeline$3$1.accept(ReferencePipeline.java:197)
	at java.base/java.util.Spliterators$ArraySpliterator.forEachRemaining(Spliterators.java:992)
	at java.base/java.util.stream.AbstractPipeline.copyInto(AbstractPipeline.java:509)
	at java.base/java.util.stream.AbstractPipeline.wrapAndCopyInto(AbstractPipeline.java:499)
	at java.base/java.util.stream.ForEachOps$ForEachOp.evaluateSequential(ForEachOps.java:150)
	at java.base/java.util.stream.ForEachOps$ForEachOp$OfRef.evaluateSequential(ForEachOps.java:173)
	at java.base/java.util.stream.AbstractPipeline.evaluate(AbstractPipeline.java:234)
	at java.base/java.util.stream.ReferencePipeline.forEach(ReferencePipeline.java:596)
	at java.base/java.util.stream.ReferencePipeline$7$1.accept(ReferencePipeline.java:276)
	at java.base/java.util.stream.ReferencePipeline$3$1.accept(ReferencePipeline.java:197)
	at java.base/java.util.stream.ReferencePipeline$3$1.accept(ReferencePipeline.java:197)
	at java.base/java.util.stream.ReferencePipeline$3$1.accept(ReferencePipeline.java:197)
	at java.base/java.util.ArrayList$ArrayListSpliterator.forEachRemaining(ArrayList.java:1625)
	at java.base/java.util.stream.AbstractPipeline.copyInto(AbstractPipeline.java:509)
	at java.base/java.util.stream.AbstractPipeline.wrapAndCopyInto(AbstractPipeline.java:499)
	at java.base/java.util.stream.ForEachOps$ForEachOp.evaluateSequential(ForEachOps.java:150)
	at java.base/java.util.stream.ForEachOps$ForEachOp$OfRef.evaluateSequential(ForEachOps.java:173)
	at java.base/java.util.stream.AbstractPipeline.evaluate(AbstractPipeline.java:234)
	at java.base/java.util.stream.ReferencePipeline.forEach(ReferencePipeline.java:596)
	at java.base/java.util.stream.ReferencePipeline$7$1.accept(ReferencePipeline.java:276)
	at java.base/java.util.ArrayList$ArrayListSpliterator.forEachRemaining(ArrayList.java:1625)
	at java.base/java.util.stream.AbstractPipeline.copyInto(AbstractPipeline.java:509)
	at java.base/java.util.stream.AbstractPipeline.wrapAndCopyInto(AbstractPipeline.java:499)
	at java.base/java.util.stream.ForEachOps$ForEachOp.evaluateSequential(ForEachOps.java:150)
	at java.base/java.util.stream.ForEachOps$ForEachOp$OfRef.evaluateSequential(ForEachOps.java:173)
	at java.base/java.util.stream.AbstractPipeline.evaluate(AbstractPipeline.java:234)
	at java.base/java.util.stream.ReferencePipeline.forEach(ReferencePipeline.java:596)
	at org.junit.jupiter.engine.descriptor.TestTemplateTestDescriptor.execute(TestTemplateTestDescriptor.java:107)
	at org.junit.jupiter.engine.descriptor.TestTemplateTestDescriptor.execute(TestTemplateTestDescriptor.java:42)
	at org.junit.platform.engine.support.hierarchical.NodeTestTask.lambda$executeRecursively$5(NodeTestTask.java:139)
	at org.junit.platform.engine.support.hierarchical.ThrowableCollector.execute(ThrowableCollector.java:73)
	at org.junit.platform.engine.support.hierarchical.NodeTestTask.lambda$executeRecursively$7(NodeTestTask.java:129)
	at org.junit.platform.engine.support.hierarchical.Node.around(Node.java:137)
	at org.junit.platform.engine.support.hierarchical.NodeTestTask.lambda$executeRecursively$8(NodeTestTask.java:127)
	at org.junit.platform.engine.support.hierarchical.ThrowableCollector.execute(ThrowableCollector.java:73)
	at org.junit.platform.engine.support.hierarchical.NodeTestTask.executeRecursively(NodeTestTask.java:126)
	at org.junit.platform.engine.support.hierarchical.NodeTestTask.execute(NodeTestTask.java:84)
	at java.base/java.util.ArrayList.forEach(ArrayList.java:1511)
	at org.junit.platform.engine.support.hierarchical.SameThreadHierarchicalTestExecutorService.invokeAll(SameThreadHierarchicalTestExecutorService.java:38)
	at org.junit.platform.engine.support.hierarchical.NodeTestTask.lambda$executeRecursively$5(NodeTestTask.java:143)
	at org.junit.platform.engine.support.hierarchical.ThrowableCollector.execute(ThrowableCollector.java:73)
	at org.junit.platform.engine.support.hierarchical.NodeTestTask.lambda$executeRecursively$7(NodeTestTask.java:129)
	at org.junit.platform.engine.support.hierarchical.Node.around(Node.java:137)
	at org.junit.platform.engine.support.hierarchical.NodeTestTask.lambda$executeRecursively$8(NodeTestTask.java:127)
	at org.junit.platform.engine.support.hierarchical.ThrowableCollector.execute(ThrowableCollector.java:73)
	at org.junit.platform.engine.support.hierarchical.NodeTestTask.executeRecursively(NodeTestTask.java:126)
	at org.junit.platform.engine.support.hierarchical.NodeTestTask.execute(NodeTestTask.java:84)
	at java.base/java.util.ArrayList.forEach(ArrayList.java:1511)
	at org.junit.platform.engine.support.hierarchical.SameThreadHierarchicalTestExecutorService.invokeAll(SameThreadHierarchicalTestExecutorService.java:38)
	at org.junit.platform.engine.support.hierarchical.NodeTestTask.lambda$executeRecursively$5(NodeTestTask.java:143)
	at org.junit.platform.engine.support.hierarchical.ThrowableCollector.execute(ThrowableCollector.java:73)
	at org.junit.platform.engine.support.hierarchical.NodeTestTask.lambda$executeRecursively$7(NodeTestTask.java:129)
	at org.junit.platform.engine.support.hierarchical.Node.around(Node.java:137)
	at org.junit.platform.engine.support.hierarchical.NodeTestTask.lambda$executeRecursively$8(NodeTestTask.java:127)
	at org.junit.platform.engine.support.hierarchical.ThrowableCollector.execute(ThrowableCollector.java:73)
	at org.junit.platform.engine.support.hierarchical.NodeTestTask.executeRecursively(NodeTestTask.java:126)
	at org.junit.platform.engine.support.hierarchical.NodeTestTask.execute(NodeTestTask.java:84)
	at org.junit.platform.engine.support.hierarchical.SameThreadHierarchicalTestExecutorService.submit(SameThreadHierarchicalTestExecutorService.java:32)
	at org.junit.platform.engine.support.hierarchical.HierarchicalTestExecutor.execute(HierarchicalTestExecutor.java:57)
	at org.junit.platform.engine.support.hierarchical.HierarchicalTestEngine.execute(HierarchicalTestEngine.java:51)
	at org.junit.platform.launcher.core.EngineExecutionOrchestrator.execute(EngineExecutionOrchestrator.java:108)
	at org.junit.platform.launcher.core.EngineExecutionOrchestrator.execute(EngineExecutionOrchestrator.java:88)
	at org.junit.platform.launcher.core.EngineExecutionOrchestrator.lambda$execute$0(EngineExecutionOrchestrator.java:54)
	at org.junit.platform.launcher.core.EngineExecutionOrchestrator.withInterceptedStreams(EngineExecutionOrchestrator.java:67)
	at org.junit.platform.launcher.core.EngineExecutionOrchestrator.execute(EngineExecutionOrchestrator.java:52)
	at org.junit.platform.launcher.core.DefaultLauncher.execute(DefaultLauncher.java:96)
	at org.junit.platform.launcher.core.DefaultLauncher.execute(DefaultLauncher.java:75)
	at org.junit.platform.console.tasks.ConsoleTestExecutor.executeTests(ConsoleTestExecutor.java:66)
	at org.junit.platform.console.tasks.ConsoleTestExecutor.lambda$execute$0(ConsoleTestExecutor.java:58)
	at org.junit.platform.console.tasks.CustomContextClassLoaderExecutor.replaceThreadContextClassLoaderAndInvoke(CustomContextClassLoaderExecutor.java:41)
	at org.junit.platform.console.tasks.CustomContextClassLoaderExecutor.invoke(CustomContextClassLoaderExecutor.java:31)
	at org.junit.platform.console.tasks.ConsoleTestExecutor.execute(ConsoleTestExecutor.java:58)
	at org.junit.platform.console.ConsoleLauncher.executeTests(ConsoleLauncher.java:95)
	at org.junit.platform.console.ConsoleLauncher.execute(ConsoleLauncher.java:73)
	at org.junit.platform.console.ConsoleLauncher.execute(ConsoleLauncher.java:50)
	at org.junit.platform.console.ConsoleLauncher.execute(ConsoleLauncher.java:43)
	at org.junit.platform.console.ConsoleLauncher.main(ConsoleLauncher.java:37)
]]></skipped>
<system-out><![CDATA[
unique-id: [engine:junit-jupiter]/[class:minebayd1.test.TestUser]/[test-template:testprevious(minebayd1.User)]/[test-template-invocation:#37]
display-name: [37] Naila a 60 annonces ouvertes, 3 annonces fermées et 4 achats 

]]></system-out>
</testcase>
<testcase name="testprevious(User)[38]" classname="minebayd1.test.TestUser" time="0">
<system-out><![CDATA[
unique-id: [engine:junit-jupiter]/[class:minebayd1.test.TestUser]/[test-template:testprevious(minebayd1.User)]/[test-template-invocation:#38]
display-name: [38] Idir a 58 annonces ouvertes, 5 annonces fermées et 4 achats 

]]></system-out>
</testcase>
<testcase name="testprevious(User)[39]" classname="minebayd1.test.TestUser" time="0">
<skipped><![CDATA[org.opentest4j.TestAbortedException: Assumption failed: assumption is not true
	at org.junit.jupiter.api.Assumptions.throwTestAbortedException(Assumptions.java:256)
	at org.junit.jupiter.api.Assumptions.assumeTrue(Assumptions.java:115)
	at org.junit.jupiter.api.Assumptions.assumeTrue(Assumptions.java:66)
	at minebayd1.test.TestUser.testprevious(TestUser.java:1288)
	at jdk.internal.reflect.GeneratedMethodAccessor15.invoke(Unknown Source)
	at java.base/jdk.internal.reflect.DelegatingMethodAccessorImpl.invoke(DelegatingMethodAccessorImpl.java:43)
	at java.base/java.lang.reflect.Method.invoke(Method.java:569)
	at org.junit.platform.commons.util.ReflectionUtils.invokeMethod(ReflectionUtils.java:688)
	at org.junit.jupiter.engine.execution.MethodInvocation.proceed(MethodInvocation.java:60)
	at org.junit.jupiter.engine.execution.InvocationInterceptorChain$ValidatingInvocation.proceed(InvocationInterceptorChain.java:131)
	at org.junit.jupiter.engine.extension.TimeoutExtension.intercept(TimeoutExtension.java:149)
	at org.junit.jupiter.engine.extension.TimeoutExtension.interceptTestableMethod(TimeoutExtension.java:140)
	at org.junit.jupiter.engine.extension.TimeoutExtension.interceptTestTemplateMethod(TimeoutExtension.java:92)
	at org.junit.jupiter.engine.execution.ExecutableInvoker$ReflectiveInterceptorCall.lambda$ofVoidMethod$0(ExecutableInvoker.java:115)
	at org.junit.jupiter.engine.execution.ExecutableInvoker.lambda$invoke$0(ExecutableInvoker.java:105)
	at org.junit.jupiter.engine.execution.InvocationInterceptorChain$InterceptedInvocation.proceed(InvocationInterceptorChain.java:106)
	at org.junit.jupiter.engine.execution.InvocationInterceptorChain.proceed(InvocationInterceptorChain.java:64)
	at org.junit.jupiter.engine.execution.InvocationInterceptorChain.chainAndInvoke(InvocationInterceptorChain.java:45)
	at org.junit.jupiter.engine.execution.InvocationInterceptorChain.invoke(InvocationInterceptorChain.java:37)
	at org.junit.jupiter.engine.execution.ExecutableInvoker.invoke(ExecutableInvoker.java:104)
	at org.junit.jupiter.engine.execution.ExecutableInvoker.invoke(ExecutableInvoker.java:98)
	at org.junit.jupiter.engine.descriptor.TestMethodTestDescriptor.lambda$invokeTestMethod$6(TestMethodTestDescriptor.java:210)
	at org.junit.platform.engine.support.hierarchical.ThrowableCollector.execute(ThrowableCollector.java:73)
	at org.junit.jupiter.engine.descriptor.TestMethodTestDescriptor.invokeTestMethod(TestMethodTestDescriptor.java:206)
	at org.junit.jupiter.engine.descriptor.TestMethodTestDescriptor.execute(TestMethodTestDescriptor.java:131)
	at org.junit.jupiter.engine.descriptor.TestMethodTestDescriptor.execute(TestMethodTestDescriptor.java:65)
	at org.junit.platform.engine.support.hierarchical.NodeTestTask.lambda$executeRecursively$5(NodeTestTask.java:139)
	at org.junit.platform.engine.support.hierarchical.ThrowableCollector.execute(ThrowableCollector.java:73)
	at org.junit.platform.engine.support.hierarchical.NodeTestTask.lambda$executeRecursively$7(NodeTestTask.java:129)
	at org.junit.platform.engine.support.hierarchical.Node.around(Node.java:137)
	at org.junit.platform.engine.support.hierarchical.NodeTestTask.lambda$executeRecursively$8(NodeTestTask.java:127)
	at org.junit.platform.engine.support.hierarchical.ThrowableCollector.execute(ThrowableCollector.java:73)
	at org.junit.platform.engine.support.hierarchical.NodeTestTask.executeRecursively(NodeTestTask.java:126)
	at org.junit.platform.engine.support.hierarchical.NodeTestTask.execute(NodeTestTask.java:84)
	at org.junit.platform.engine.support.hierarchical.SameThreadHierarchicalTestExecutorService.submit(SameThreadHierarchicalTestExecutorService.java:32)
	at org.junit.platform.engine.support.hierarchical.NodeTestTask$DefaultDynamicTestExecutor.execute(NodeTestTask.java:212)
	at org.junit.platform.engine.support.hierarchical.NodeTestTask$DefaultDynamicTestExecutor.execute(NodeTestTask.java:192)
	at org.junit.jupiter.engine.descriptor.TestTemplateTestDescriptor.execute(TestTemplateTestDescriptor.java:139)
	at org.junit.jupiter.engine.descriptor.TestTemplateTestDescriptor.lambda$execute$2(TestTemplateTestDescriptor.java:107)
	at java.base/java.util.stream.ForEachOps$ForEachOp$OfRef.accept(ForEachOps.java:183)
	at java.base/java.util.stream.ReferencePipeline$3$1.accept(ReferencePipeline.java:197)
	at java.base/java.util.stream.ReferencePipeline$2$1.accept(ReferencePipeline.java:179)
	at java.base/java.util.stream.ReferencePipeline$3$1.accept(ReferencePipeline.java:197)
	at java.base/java.util.stream.ForEachOps$ForEachOp$OfRef.accept(ForEachOps.java:183)
	at java.base/java.util.stream.ReferencePipeline$15$1.accept(ReferencePipeline.java:541)
	at java.base/java.util.stream.ReferencePipeline$3$1.accept(ReferencePipeline.java:197)
	at java.base/java.util.stream.ReferencePipeline$3$1.accept(ReferencePipeline.java:197)
	at java.base/java.util.stream.ReferencePipeline$3$1.accept(ReferencePipeline.java:197)
	at java.base/java.util.stream.ForEachOps$ForEachOp$OfRef.accept(ForEachOps.java:183)
	at java.base/java.util.stream.ReferencePipeline$3$1.accept(ReferencePipeline.java:197)
	at java.base/java.util.stream.ForEachOps$ForEachOp$OfRef.accept(ForEachOps.java:183)
	at java.base/java.util.stream.SliceOps$1$1.accept(SliceOps.java:200)
	at java.base/java.util.stream.StreamSpliterators$InfiniteSupplyingSpliterator$OfRef.tryAdvance(StreamSpliterators.java:1358)
	at java.base/java.util.stream.ReferencePipeline.forEachWithCancel(ReferencePipeline.java:129)
	at java.base/java.util.stream.AbstractPipeline.copyIntoWithCancel(AbstractPipeline.java:527)
	at java.base/java.util.stream.AbstractPipeline.copyInto(AbstractPipeline.java:513)
	at java.base/java.util.stream.AbstractPipeline.wrapAndCopyInto(AbstractPipeline.java:499)
	at java.base/java.util.stream.ForEachOps$ForEachOp.evaluateSequential(ForEachOps.java:150)
	at java.base/java.util.stream.ForEachOps$ForEachOp$OfRef.evaluateSequential(ForEachOps.java:173)
	at java.base/java.util.stream.AbstractPipeline.evaluate(AbstractPipeline.java:234)
	at java.base/java.util.stream.ReferencePipeline.forEach(ReferencePipeline.java:596)
	at java.base/java.util.stream.ReferencePipeline$7$1.accept(ReferencePipeline.java:276)
	at java.base/java.util.stream.ReferencePipeline$3$1.accept(ReferencePipeline.java:197)
	at java.base/java.util.stream.ReferencePipeline$3$1.accept(ReferencePipeline.java:197)
	at java.base/java.util.Spliterators$ArraySpliterator.forEachRemaining(Spliterators.java:992)
	at java.base/java.util.stream.AbstractPipeline.copyInto(AbstractPipeline.java:509)
	at java.base/java.util.stream.AbstractPipeline.wrapAndCopyInto(AbstractPipeline.java:499)
	at java.base/java.util.stream.ForEachOps$ForEachOp.evaluateSequential(ForEachOps.java:150)
	at java.base/java.util.stream.ForEachOps$ForEachOp$OfRef.evaluateSequential(ForEachOps.java:173)
	at java.base/java.util.stream.AbstractPipeline.evaluate(AbstractPipeline.java:234)
	at java.base/java.util.stream.ReferencePipeline.forEach(ReferencePipeline.java:596)
	at java.base/java.util.stream.ReferencePipeline$7$1.accept(ReferencePipeline.java:276)
	at java.base/java.util.stream.ReferencePipeline$3$1.accept(ReferencePipeline.java:197)
	at java.base/java.util.stream.ReferencePipeline$3$1.accept(ReferencePipeline.java:197)
	at java.base/java.util.stream.ReferencePipeline$3$1.accept(ReferencePipeline.java:197)
	at java.base/java.util.ArrayList$ArrayListSpliterator.forEachRemaining(ArrayList.java:1625)
	at java.base/java.util.stream.AbstractPipeline.copyInto(AbstractPipeline.java:509)
	at java.base/java.util.stream.AbstractPipeline.wrapAndCopyInto(AbstractPipeline.java:499)
	at java.base/java.util.stream.ForEachOps$ForEachOp.evaluateSequential(ForEachOps.java:150)
	at java.base/java.util.stream.ForEachOps$ForEachOp$OfRef.evaluateSequential(ForEachOps.java:173)
	at java.base/java.util.stream.AbstractPipeline.evaluate(AbstractPipeline.java:234)
	at java.base/java.util.stream.ReferencePipeline.forEach(ReferencePipeline.java:596)
	at java.base/java.util.stream.ReferencePipeline$7$1.accept(ReferencePipeline.java:276)
	at java.base/java.util.ArrayList$ArrayListSpliterator.forEachRemaining(ArrayList.java:1625)
	at java.base/java.util.stream.AbstractPipeline.copyInto(AbstractPipeline.java:509)
	at java.base/java.util.stream.AbstractPipeline.wrapAndCopyInto(AbstractPipeline.java:499)
	at java.base/java.util.stream.ForEachOps$ForEachOp.evaluateSequential(ForEachOps.java:150)
	at java.base/java.util.stream.ForEachOps$ForEachOp$OfRef.evaluateSequential(ForEachOps.java:173)
	at java.base/java.util.stream.AbstractPipeline.evaluate(AbstractPipeline.java:234)
	at java.base/java.util.stream.ReferencePipeline.forEach(ReferencePipeline.java:596)
	at org.junit.jupiter.engine.descriptor.TestTemplateTestDescriptor.execute(TestTemplateTestDescriptor.java:107)
	at org.junit.jupiter.engine.descriptor.TestTemplateTestDescriptor.execute(TestTemplateTestDescriptor.java:42)
	at org.junit.platform.engine.support.hierarchical.NodeTestTask.lambda$executeRecursively$5(NodeTestTask.java:139)
	at org.junit.platform.engine.support.hierarchical.ThrowableCollector.execute(ThrowableCollector.java:73)
	at org.junit.platform.engine.support.hierarchical.NodeTestTask.lambda$executeRecursively$7(NodeTestTask.java:129)
	at org.junit.platform.engine.support.hierarchical.Node.around(Node.java:137)
	at org.junit.platform.engine.support.hierarchical.NodeTestTask.lambda$executeRecursively$8(NodeTestTask.java:127)
	at org.junit.platform.engine.support.hierarchical.ThrowableCollector.execute(ThrowableCollector.java:73)
	at org.junit.platform.engine.support.hierarchical.NodeTestTask.executeRecursively(NodeTestTask.java:126)
	at org.junit.platform.engine.support.hierarchical.NodeTestTask.execute(NodeTestTask.java:84)
	at java.base/java.util.ArrayList.forEach(ArrayList.java:1511)
	at org.junit.platform.engine.support.hierarchical.SameThreadHierarchicalTestExecutorService.invokeAll(SameThreadHierarchicalTestExecutorService.java:38)
	at org.junit.platform.engine.support.hierarchical.NodeTestTask.lambda$executeRecursively$5(NodeTestTask.java:143)
	at org.junit.platform.engine.support.hierarchical.ThrowableCollector.execute(ThrowableCollector.java:73)
	at org.junit.platform.engine.support.hierarchical.NodeTestTask.lambda$executeRecursively$7(NodeTestTask.java:129)
	at org.junit.platform.engine.support.hierarchical.Node.around(Node.java:137)
	at org.junit.platform.engine.support.hierarchical.NodeTestTask.lambda$executeRecursively$8(NodeTestTask.java:127)
	at org.junit.platform.engine.support.hierarchical.ThrowableCollector.execute(ThrowableCollector.java:73)
	at org.junit.platform.engine.support.hierarchical.NodeTestTask.executeRecursively(NodeTestTask.java:126)
	at org.junit.platform.engine.support.hierarchical.NodeTestTask.execute(NodeTestTask.java:84)
	at java.base/java.util.ArrayList.forEach(ArrayList.java:1511)
	at org.junit.platform.engine.support.hierarchical.SameThreadHierarchicalTestExecutorService.invokeAll(SameThreadHierarchicalTestExecutorService.java:38)
	at org.junit.platform.engine.support.hierarchical.NodeTestTask.lambda$executeRecursively$5(NodeTestTask.java:143)
	at org.junit.platform.engine.support.hierarchical.ThrowableCollector.execute(ThrowableCollector.java:73)
	at org.junit.platform.engine.support.hierarchical.NodeTestTask.lambda$executeRecursively$7(NodeTestTask.java:129)
	at org.junit.platform.engine.support.hierarchical.Node.around(Node.java:137)
	at org.junit.platform.engine.support.hierarchical.NodeTestTask.lambda$executeRecursively$8(NodeTestTask.java:127)
	at org.junit.platform.engine.support.hierarchical.ThrowableCollector.execute(ThrowableCollector.java:73)
	at org.junit.platform.engine.support.hierarchical.NodeTestTask.executeRecursively(NodeTestTask.java:126)
	at org.junit.platform.engine.support.hierarchical.NodeTestTask.execute(NodeTestTask.java:84)
	at org.junit.platform.engine.support.hierarchical.SameThreadHierarchicalTestExecutorService.submit(SameThreadHierarchicalTestExecutorService.java:32)
	at org.junit.platform.engine.support.hierarchical.HierarchicalTestExecutor.execute(HierarchicalTestExecutor.java:57)
	at org.junit.platform.engine.support.hierarchical.HierarchicalTestEngine.execute(HierarchicalTestEngine.java:51)
	at org.junit.platform.launcher.core.EngineExecutionOrchestrator.execute(EngineExecutionOrchestrator.java:108)
	at org.junit.platform.launcher.core.EngineExecutionOrchestrator.execute(EngineExecutionOrchestrator.java:88)
	at org.junit.platform.launcher.core.EngineExecutionOrchestrator.lambda$execute$0(EngineExecutionOrchestrator.java:54)
	at org.junit.platform.launcher.core.EngineExecutionOrchestrator.withInterceptedStreams(EngineExecutionOrchestrator.java:67)
	at org.junit.platform.launcher.core.EngineExecutionOrchestrator.execute(EngineExecutionOrchestrator.java:52)
	at org.junit.platform.launcher.core.DefaultLauncher.execute(DefaultLauncher.java:96)
	at org.junit.platform.launcher.core.DefaultLauncher.execute(DefaultLauncher.java:75)
	at org.junit.platform.console.tasks.ConsoleTestExecutor.executeTests(ConsoleTestExecutor.java:66)
	at org.junit.platform.console.tasks.ConsoleTestExecutor.lambda$execute$0(ConsoleTestExecutor.java:58)
	at org.junit.platform.console.tasks.CustomContextClassLoaderExecutor.replaceThreadContextClassLoaderAndInvoke(CustomContextClassLoaderExecutor.java:41)
	at org.junit.platform.console.tasks.CustomContextClassLoaderExecutor.invoke(CustomContextClassLoaderExecutor.java:31)
	at org.junit.platform.console.tasks.ConsoleTestExecutor.execute(ConsoleTestExecutor.java:58)
	at org.junit.platform.console.ConsoleLauncher.executeTests(ConsoleLauncher.java:95)
	at org.junit.platform.console.ConsoleLauncher.execute(ConsoleLauncher.java:73)
	at org.junit.platform.console.ConsoleLauncher.execute(ConsoleLauncher.java:50)
	at org.junit.platform.console.ConsoleLauncher.execute(ConsoleLauncher.java:43)
	at org.junit.platform.console.ConsoleLauncher.main(ConsoleLauncher.java:37)
]]></skipped>
<system-out><![CDATA[
unique-id: [engine:junit-jupiter]/[class:minebayd1.test.TestUser]/[test-template:testprevious(minebayd1.User)]/[test-template-invocation:#39]
display-name: [39] Faycal a 51 annonces ouvertes, 3 annonces fermées et 4 achats 

]]></system-out>
</testcase>
<testcase name="testprevious(User)[40]" classname="minebayd1.test.TestUser" time="0">
<skipped><![CDATA[org.opentest4j.TestAbortedException: Assumption failed: assumption is not true
	at org.junit.jupiter.api.Assumptions.throwTestAbortedException(Assumptions.java:256)
	at org.junit.jupiter.api.Assumptions.assumeTrue(Assumptions.java:115)
	at org.junit.jupiter.api.Assumptions.assumeTrue(Assumptions.java:66)
	at minebayd1.test.TestUser.testprevious(TestUser.java:1288)
	at jdk.internal.reflect.GeneratedMethodAccessor15.invoke(Unknown Source)
	at java.base/jdk.internal.reflect.DelegatingMethodAccessorImpl.invoke(DelegatingMethodAccessorImpl.java:43)
	at java.base/java.lang.reflect.Method.invoke(Method.java:569)
	at org.junit.platform.commons.util.ReflectionUtils.invokeMethod(ReflectionUtils.java:688)
	at org.junit.jupiter.engine.execution.MethodInvocation.proceed(MethodInvocation.java:60)
	at org.junit.jupiter.engine.execution.InvocationInterceptorChain$ValidatingInvocation.proceed(InvocationInterceptorChain.java:131)
	at org.junit.jupiter.engine.extension.TimeoutExtension.intercept(TimeoutExtension.java:149)
	at org.junit.jupiter.engine.extension.TimeoutExtension.interceptTestableMethod(TimeoutExtension.java:140)
	at org.junit.jupiter.engine.extension.TimeoutExtension.interceptTestTemplateMethod(TimeoutExtension.java:92)
	at org.junit.jupiter.engine.execution.ExecutableInvoker$ReflectiveInterceptorCall.lambda$ofVoidMethod$0(ExecutableInvoker.java:115)
	at org.junit.jupiter.engine.execution.ExecutableInvoker.lambda$invoke$0(ExecutableInvoker.java:105)
	at org.junit.jupiter.engine.execution.InvocationInterceptorChain$InterceptedInvocation.proceed(InvocationInterceptorChain.java:106)
	at org.junit.jupiter.engine.execution.InvocationInterceptorChain.proceed(InvocationInterceptorChain.java:64)
	at org.junit.jupiter.engine.execution.InvocationInterceptorChain.chainAndInvoke(InvocationInterceptorChain.java:45)
	at org.junit.jupiter.engine.execution.InvocationInterceptorChain.invoke(InvocationInterceptorChain.java:37)
	at org.junit.jupiter.engine.execution.ExecutableInvoker.invoke(ExecutableInvoker.java:104)
	at org.junit.jupiter.engine.execution.ExecutableInvoker.invoke(ExecutableInvoker.java:98)
	at org.junit.jupiter.engine.descriptor.TestMethodTestDescriptor.lambda$invokeTestMethod$6(TestMethodTestDescriptor.java:210)
	at org.junit.platform.engine.support.hierarchical.ThrowableCollector.execute(ThrowableCollector.java:73)
	at org.junit.jupiter.engine.descriptor.TestMethodTestDescriptor.invokeTestMethod(TestMethodTestDescriptor.java:206)
	at org.junit.jupiter.engine.descriptor.TestMethodTestDescriptor.execute(TestMethodTestDescriptor.java:131)
	at org.junit.jupiter.engine.descriptor.TestMethodTestDescriptor.execute(TestMethodTestDescriptor.java:65)
	at org.junit.platform.engine.support.hierarchical.NodeTestTask.lambda$executeRecursively$5(NodeTestTask.java:139)
	at org.junit.platform.engine.support.hierarchical.ThrowableCollector.execute(ThrowableCollector.java:73)
	at org.junit.platform.engine.support.hierarchical.NodeTestTask.lambda$executeRecursively$7(NodeTestTask.java:129)
	at org.junit.platform.engine.support.hierarchical.Node.around(Node.java:137)
	at org.junit.platform.engine.support.hierarchical.NodeTestTask.lambda$executeRecursively$8(NodeTestTask.java:127)
	at org.junit.platform.engine.support.hierarchical.ThrowableCollector.execute(ThrowableCollector.java:73)
	at org.junit.platform.engine.support.hierarchical.NodeTestTask.executeRecursively(NodeTestTask.java:126)
	at org.junit.platform.engine.support.hierarchical.NodeTestTask.execute(NodeTestTask.java:84)
	at org.junit.platform.engine.support.hierarchical.SameThreadHierarchicalTestExecutorService.submit(SameThreadHierarchicalTestExecutorService.java:32)
	at org.junit.platform.engine.support.hierarchical.NodeTestTask$DefaultDynamicTestExecutor.execute(NodeTestTask.java:212)
	at org.junit.platform.engine.support.hierarchical.NodeTestTask$DefaultDynamicTestExecutor.execute(NodeTestTask.java:192)
	at org.junit.jupiter.engine.descriptor.TestTemplateTestDescriptor.execute(TestTemplateTestDescriptor.java:139)
	at org.junit.jupiter.engine.descriptor.TestTemplateTestDescriptor.lambda$execute$2(TestTemplateTestDescriptor.java:107)
	at java.base/java.util.stream.ForEachOps$ForEachOp$OfRef.accept(ForEachOps.java:183)
	at java.base/java.util.stream.ReferencePipeline$3$1.accept(ReferencePipeline.java:197)
	at java.base/java.util.stream.ReferencePipeline$2$1.accept(ReferencePipeline.java:179)
	at java.base/java.util.stream.ReferencePipeline$3$1.accept(ReferencePipeline.java:197)
	at java.base/java.util.stream.ForEachOps$ForEachOp$OfRef.accept(ForEachOps.java:183)
	at java.base/java.util.stream.ReferencePipeline$15$1.accept(ReferencePipeline.java:541)
	at java.base/java.util.stream.ReferencePipeline$3$1.accept(ReferencePipeline.java:197)
	at java.base/java.util.stream.ReferencePipeline$3$1.accept(ReferencePipeline.java:197)
	at java.base/java.util.stream.ReferencePipeline$3$1.accept(ReferencePipeline.java:197)
	at java.base/java.util.stream.ForEachOps$ForEachOp$OfRef.accept(ForEachOps.java:183)
	at java.base/java.util.stream.ReferencePipeline$3$1.accept(ReferencePipeline.java:197)
	at java.base/java.util.stream.ForEachOps$ForEachOp$OfRef.accept(ForEachOps.java:183)
	at java.base/java.util.stream.SliceOps$1$1.accept(SliceOps.java:200)
	at java.base/java.util.stream.StreamSpliterators$InfiniteSupplyingSpliterator$OfRef.tryAdvance(StreamSpliterators.java:1358)
	at java.base/java.util.stream.ReferencePipeline.forEachWithCancel(ReferencePipeline.java:129)
	at java.base/java.util.stream.AbstractPipeline.copyIntoWithCancel(AbstractPipeline.java:527)
	at java.base/java.util.stream.AbstractPipeline.copyInto(AbstractPipeline.java:513)
	at java.base/java.util.stream.AbstractPipeline.wrapAndCopyInto(AbstractPipeline.java:499)
	at java.base/java.util.stream.ForEachOps$ForEachOp.evaluateSequential(ForEachOps.java:150)
	at java.base/java.util.stream.ForEachOps$ForEachOp$OfRef.evaluateSequential(ForEachOps.java:173)
	at java.base/java.util.stream.AbstractPipeline.evaluate(AbstractPipeline.java:234)
	at java.base/java.util.stream.ReferencePipeline.forEach(ReferencePipeline.java:596)
	at java.base/java.util.stream.ReferencePipeline$7$1.accept(ReferencePipeline.java:276)
	at java.base/java.util.stream.ReferencePipeline$3$1.accept(ReferencePipeline.java:197)
	at java.base/java.util.stream.ReferencePipeline$3$1.accept(ReferencePipeline.java:197)
	at java.base/java.util.Spliterators$ArraySpliterator.forEachRemaining(Spliterators.java:992)
	at java.base/java.util.stream.AbstractPipeline.copyInto(AbstractPipeline.java:509)
	at java.base/java.util.stream.AbstractPipeline.wrapAndCopyInto(AbstractPipeline.java:499)
	at java.base/java.util.stream.ForEachOps$ForEachOp.evaluateSequential(ForEachOps.java:150)
	at java.base/java.util.stream.ForEachOps$ForEachOp$OfRef.evaluateSequential(ForEachOps.java:173)
	at java.base/java.util.stream.AbstractPipeline.evaluate(AbstractPipeline.java:234)
	at java.base/java.util.stream.ReferencePipeline.forEach(ReferencePipeline.java:596)
	at java.base/java.util.stream.ReferencePipeline$7$1.accept(ReferencePipeline.java:276)
	at java.base/java.util.stream.ReferencePipeline$3$1.accept(ReferencePipeline.java:197)
	at java.base/java.util.stream.ReferencePipeline$3$1.accept(ReferencePipeline.java:197)
	at java.base/java.util.stream.ReferencePipeline$3$1.accept(ReferencePipeline.java:197)
	at java.base/java.util.ArrayList$ArrayListSpliterator.forEachRemaining(ArrayList.java:1625)
	at java.base/java.util.stream.AbstractPipeline.copyInto(AbstractPipeline.java:509)
	at java.base/java.util.stream.AbstractPipeline.wrapAndCopyInto(AbstractPipeline.java:499)
	at java.base/java.util.stream.ForEachOps$ForEachOp.evaluateSequential(ForEachOps.java:150)
	at java.base/java.util.stream.ForEachOps$ForEachOp$OfRef.evaluateSequential(ForEachOps.java:173)
	at java.base/java.util.stream.AbstractPipeline.evaluate(AbstractPipeline.java:234)
	at java.base/java.util.stream.ReferencePipeline.forEach(ReferencePipeline.java:596)
	at java.base/java.util.stream.ReferencePipeline$7$1.accept(ReferencePipeline.java:276)
	at java.base/java.util.ArrayList$ArrayListSpliterator.forEachRemaining(ArrayList.java:1625)
	at java.base/java.util.stream.AbstractPipeline.copyInto(AbstractPipeline.java:509)
	at java.base/java.util.stream.AbstractPipeline.wrapAndCopyInto(AbstractPipeline.java:499)
	at java.base/java.util.stream.ForEachOps$ForEachOp.evaluateSequential(ForEachOps.java:150)
	at java.base/java.util.stream.ForEachOps$ForEachOp$OfRef.evaluateSequential(ForEachOps.java:173)
	at java.base/java.util.stream.AbstractPipeline.evaluate(AbstractPipeline.java:234)
	at java.base/java.util.stream.ReferencePipeline.forEach(ReferencePipeline.java:596)
	at org.junit.jupiter.engine.descriptor.TestTemplateTestDescriptor.execute(TestTemplateTestDescriptor.java:107)
	at org.junit.jupiter.engine.descriptor.TestTemplateTestDescriptor.execute(TestTemplateTestDescriptor.java:42)
	at org.junit.platform.engine.support.hierarchical.NodeTestTask.lambda$executeRecursively$5(NodeTestTask.java:139)
	at org.junit.platform.engine.support.hierarchical.ThrowableCollector.execute(ThrowableCollector.java:73)
	at org.junit.platform.engine.support.hierarchical.NodeTestTask.lambda$executeRecursively$7(NodeTestTask.java:129)
	at org.junit.platform.engine.support.hierarchical.Node.around(Node.java:137)
	at org.junit.platform.engine.support.hierarchical.NodeTestTask.lambda$executeRecursively$8(NodeTestTask.java:127)
	at org.junit.platform.engine.support.hierarchical.ThrowableCollector.execute(ThrowableCollector.java:73)
	at org.junit.platform.engine.support.hierarchical.NodeTestTask.executeRecursively(NodeTestTask.java:126)
	at org.junit.platform.engine.support.hierarchical.NodeTestTask.execute(NodeTestTask.java:84)
	at java.base/java.util.ArrayList.forEach(ArrayList.java:1511)
	at org.junit.platform.engine.support.hierarchical.SameThreadHierarchicalTestExecutorService.invokeAll(SameThreadHierarchicalTestExecutorService.java:38)
	at org.junit.platform.engine.support.hierarchical.NodeTestTask.lambda$executeRecursively$5(NodeTestTask.java:143)
	at org.junit.platform.engine.support.hierarchical.ThrowableCollector.execute(ThrowableCollector.java:73)
	at org.junit.platform.engine.support.hierarchical.NodeTestTask.lambda$executeRecursively$7(NodeTestTask.java:129)
	at org.junit.platform.engine.support.hierarchical.Node.around(Node.java:137)
	at org.junit.platform.engine.support.hierarchical.NodeTestTask.lambda$executeRecursively$8(NodeTestTask.java:127)
	at org.junit.platform.engine.support.hierarchical.ThrowableCollector.execute(ThrowableCollector.java:73)
	at org.junit.platform.engine.support.hierarchical.NodeTestTask.executeRecursively(NodeTestTask.java:126)
	at org.junit.platform.engine.support.hierarchical.NodeTestTask.execute(NodeTestTask.java:84)
	at java.base/java.util.ArrayList.forEach(ArrayList.java:1511)
	at org.junit.platform.engine.support.hierarchical.SameThreadHierarchicalTestExecutorService.invokeAll(SameThreadHierarchicalTestExecutorService.java:38)
	at org.junit.platform.engine.support.hierarchical.NodeTestTask.lambda$executeRecursively$5(NodeTestTask.java:143)
	at org.junit.platform.engine.support.hierarchical.ThrowableCollector.execute(ThrowableCollector.java:73)
	at org.junit.platform.engine.support.hierarchical.NodeTestTask.lambda$executeRecursively$7(NodeTestTask.java:129)
	at org.junit.platform.engine.support.hierarchical.Node.around(Node.java:137)
	at org.junit.platform.engine.support.hierarchical.NodeTestTask.lambda$executeRecursively$8(NodeTestTask.java:127)
	at org.junit.platform.engine.support.hierarchical.ThrowableCollector.execute(ThrowableCollector.java:73)
	at org.junit.platform.engine.support.hierarchical.NodeTestTask.executeRecursively(NodeTestTask.java:126)
	at org.junit.platform.engine.support.hierarchical.NodeTestTask.execute(NodeTestTask.java:84)
	at org.junit.platform.engine.support.hierarchical.SameThreadHierarchicalTestExecutorService.submit(SameThreadHierarchicalTestExecutorService.java:32)
	at org.junit.platform.engine.support.hierarchical.HierarchicalTestExecutor.execute(HierarchicalTestExecutor.java:57)
	at org.junit.platform.engine.support.hierarchical.HierarchicalTestEngine.execute(HierarchicalTestEngine.java:51)
	at org.junit.platform.launcher.core.EngineExecutionOrchestrator.execute(EngineExecutionOrchestrator.java:108)
	at org.junit.platform.launcher.core.EngineExecutionOrchestrator.execute(EngineExecutionOrchestrator.java:88)
	at org.junit.platform.launcher.core.EngineExecutionOrchestrator.lambda$execute$0(EngineExecutionOrchestrator.java:54)
	at org.junit.platform.launcher.core.EngineExecutionOrchestrator.withInterceptedStreams(EngineExecutionOrchestrator.java:67)
	at org.junit.platform.launcher.core.EngineExecutionOrchestrator.execute(EngineExecutionOrchestrator.java:52)
	at org.junit.platform.launcher.core.DefaultLauncher.execute(DefaultLauncher.java:96)
	at org.junit.platform.launcher.core.DefaultLauncher.execute(DefaultLauncher.java:75)
	at org.junit.platform.console.tasks.ConsoleTestExecutor.executeTests(ConsoleTestExecutor.java:66)
	at org.junit.platform.console.tasks.ConsoleTestExecutor.lambda$execute$0(ConsoleTestExecutor.java:58)
	at org.junit.platform.console.tasks.CustomContextClassLoaderExecutor.replaceThreadContextClassLoaderAndInvoke(CustomContextClassLoaderExecutor.java:41)
	at org.junit.platform.console.tasks.CustomContextClassLoaderExecutor.invoke(CustomContextClassLoaderExecutor.java:31)
	at org.junit.platform.console.tasks.ConsoleTestExecutor.execute(ConsoleTestExecutor.java:58)
	at org.junit.platform.console.ConsoleLauncher.executeTests(ConsoleLauncher.java:95)
	at org.junit.platform.console.ConsoleLauncher.execute(ConsoleLauncher.java:73)
	at org.junit.platform.console.ConsoleLauncher.execute(ConsoleLauncher.java:50)
	at org.junit.platform.console.ConsoleLauncher.execute(ConsoleLauncher.java:43)
	at org.junit.platform.console.ConsoleLauncher.main(ConsoleLauncher.java:37)
]]></skipped>
<system-out><![CDATA[
unique-id: [engine:junit-jupiter]/[class:minebayd1.test.TestUser]/[test-template:testprevious(minebayd1.User)]/[test-template-invocation:#40]
display-name: [40] Marc a 55 annonces ouvertes, 1 annonces fermées et 2 achats 

]]></system-out>
</testcase>
<testcase name="testprevious(User)[41]" classname="minebayd1.test.TestUser" time="0">
<skipped><![CDATA[org.opentest4j.TestAbortedException: Assumption failed: assumption is not true
	at org.junit.jupiter.api.Assumptions.throwTestAbortedException(Assumptions.java:256)
	at org.junit.jupiter.api.Assumptions.assumeTrue(Assumptions.java:115)
	at org.junit.jupiter.api.Assumptions.assumeTrue(Assumptions.java:66)
	at minebayd1.test.TestUser.testprevious(TestUser.java:1288)
	at jdk.internal.reflect.GeneratedMethodAccessor15.invoke(Unknown Source)
	at java.base/jdk.internal.reflect.DelegatingMethodAccessorImpl.invoke(DelegatingMethodAccessorImpl.java:43)
	at java.base/java.lang.reflect.Method.invoke(Method.java:569)
	at org.junit.platform.commons.util.ReflectionUtils.invokeMethod(ReflectionUtils.java:688)
	at org.junit.jupiter.engine.execution.MethodInvocation.proceed(MethodInvocation.java:60)
	at org.junit.jupiter.engine.execution.InvocationInterceptorChain$ValidatingInvocation.proceed(InvocationInterceptorChain.java:131)
	at org.junit.jupiter.engine.extension.TimeoutExtension.intercept(TimeoutExtension.java:149)
	at org.junit.jupiter.engine.extension.TimeoutExtension.interceptTestableMethod(TimeoutExtension.java:140)
	at org.junit.jupiter.engine.extension.TimeoutExtension.interceptTestTemplateMethod(TimeoutExtension.java:92)
	at org.junit.jupiter.engine.execution.ExecutableInvoker$ReflectiveInterceptorCall.lambda$ofVoidMethod$0(ExecutableInvoker.java:115)
	at org.junit.jupiter.engine.execution.ExecutableInvoker.lambda$invoke$0(ExecutableInvoker.java:105)
	at org.junit.jupiter.engine.execution.InvocationInterceptorChain$InterceptedInvocation.proceed(InvocationInterceptorChain.java:106)
	at org.junit.jupiter.engine.execution.InvocationInterceptorChain.proceed(InvocationInterceptorChain.java:64)
	at org.junit.jupiter.engine.execution.InvocationInterceptorChain.chainAndInvoke(InvocationInterceptorChain.java:45)
	at org.junit.jupiter.engine.execution.InvocationInterceptorChain.invoke(InvocationInterceptorChain.java:37)
	at org.junit.jupiter.engine.execution.ExecutableInvoker.invoke(ExecutableInvoker.java:104)
	at org.junit.jupiter.engine.execution.ExecutableInvoker.invoke(ExecutableInvoker.java:98)
	at org.junit.jupiter.engine.descriptor.TestMethodTestDescriptor.lambda$invokeTestMethod$6(TestMethodTestDescriptor.java:210)
	at org.junit.platform.engine.support.hierarchical.ThrowableCollector.execute(ThrowableCollector.java:73)
	at org.junit.jupiter.engine.descriptor.TestMethodTestDescriptor.invokeTestMethod(TestMethodTestDescriptor.java:206)
	at org.junit.jupiter.engine.descriptor.TestMethodTestDescriptor.execute(TestMethodTestDescriptor.java:131)
	at org.junit.jupiter.engine.descriptor.TestMethodTestDescriptor.execute(TestMethodTestDescriptor.java:65)
	at org.junit.platform.engine.support.hierarchical.NodeTestTask.lambda$executeRecursively$5(NodeTestTask.java:139)
	at org.junit.platform.engine.support.hierarchical.ThrowableCollector.execute(ThrowableCollector.java:73)
	at org.junit.platform.engine.support.hierarchical.NodeTestTask.lambda$executeRecursively$7(NodeTestTask.java:129)
	at org.junit.platform.engine.support.hierarchical.Node.around(Node.java:137)
	at org.junit.platform.engine.support.hierarchical.NodeTestTask.lambda$executeRecursively$8(NodeTestTask.java:127)
	at org.junit.platform.engine.support.hierarchical.ThrowableCollector.execute(ThrowableCollector.java:73)
	at org.junit.platform.engine.support.hierarchical.NodeTestTask.executeRecursively(NodeTestTask.java:126)
	at org.junit.platform.engine.support.hierarchical.NodeTestTask.execute(NodeTestTask.java:84)
	at org.junit.platform.engine.support.hierarchical.SameThreadHierarchicalTestExecutorService.submit(SameThreadHierarchicalTestExecutorService.java:32)
	at org.junit.platform.engine.support.hierarchical.NodeTestTask$DefaultDynamicTestExecutor.execute(NodeTestTask.java:212)
	at org.junit.platform.engine.support.hierarchical.NodeTestTask$DefaultDynamicTestExecutor.execute(NodeTestTask.java:192)
	at org.junit.jupiter.engine.descriptor.TestTemplateTestDescriptor.execute(TestTemplateTestDescriptor.java:139)
	at org.junit.jupiter.engine.descriptor.TestTemplateTestDescriptor.lambda$execute$2(TestTemplateTestDescriptor.java:107)
	at java.base/java.util.stream.ForEachOps$ForEachOp$OfRef.accept(ForEachOps.java:183)
	at java.base/java.util.stream.ReferencePipeline$3$1.accept(ReferencePipeline.java:197)
	at java.base/java.util.stream.ReferencePipeline$2$1.accept(ReferencePipeline.java:179)
	at java.base/java.util.stream.ReferencePipeline$3$1.accept(ReferencePipeline.java:197)
	at java.base/java.util.stream.ForEachOps$ForEachOp$OfRef.accept(ForEachOps.java:183)
	at java.base/java.util.stream.ReferencePipeline$15$1.accept(ReferencePipeline.java:541)
	at java.base/java.util.stream.ReferencePipeline$3$1.accept(ReferencePipeline.java:197)
	at java.base/java.util.stream.ReferencePipeline$3$1.accept(ReferencePipeline.java:197)
	at java.base/java.util.stream.ReferencePipeline$3$1.accept(ReferencePipeline.java:197)
	at java.base/java.util.stream.ForEachOps$ForEachOp$OfRef.accept(ForEachOps.java:183)
	at java.base/java.util.stream.ReferencePipeline$3$1.accept(ReferencePipeline.java:197)
	at java.base/java.util.stream.ForEachOps$ForEachOp$OfRef.accept(ForEachOps.java:183)
	at java.base/java.util.stream.SliceOps$1$1.accept(SliceOps.java:200)
	at java.base/java.util.stream.StreamSpliterators$InfiniteSupplyingSpliterator$OfRef.tryAdvance(StreamSpliterators.java:1358)
	at java.base/java.util.stream.ReferencePipeline.forEachWithCancel(ReferencePipeline.java:129)
	at java.base/java.util.stream.AbstractPipeline.copyIntoWithCancel(AbstractPipeline.java:527)
	at java.base/java.util.stream.AbstractPipeline.copyInto(AbstractPipeline.java:513)
	at java.base/java.util.stream.AbstractPipeline.wrapAndCopyInto(AbstractPipeline.java:499)
	at java.base/java.util.stream.ForEachOps$ForEachOp.evaluateSequential(ForEachOps.java:150)
	at java.base/java.util.stream.ForEachOps$ForEachOp$OfRef.evaluateSequential(ForEachOps.java:173)
	at java.base/java.util.stream.AbstractPipeline.evaluate(AbstractPipeline.java:234)
	at java.base/java.util.stream.ReferencePipeline.forEach(ReferencePipeline.java:596)
	at java.base/java.util.stream.ReferencePipeline$7$1.accept(ReferencePipeline.java:276)
	at java.base/java.util.stream.ReferencePipeline$3$1.accept(ReferencePipeline.java:197)
	at java.base/java.util.stream.ReferencePipeline$3$1.accept(ReferencePipeline.java:197)
	at java.base/java.util.Spliterators$ArraySpliterator.forEachRemaining(Spliterators.java:992)
	at java.base/java.util.stream.AbstractPipeline.copyInto(AbstractPipeline.java:509)
	at java.base/java.util.stream.AbstractPipeline.wrapAndCopyInto(AbstractPipeline.java:499)
	at java.base/java.util.stream.ForEachOps$ForEachOp.evaluateSequential(ForEachOps.java:150)
	at java.base/java.util.stream.ForEachOps$ForEachOp$OfRef.evaluateSequential(ForEachOps.java:173)
	at java.base/java.util.stream.AbstractPipeline.evaluate(AbstractPipeline.java:234)
	at java.base/java.util.stream.ReferencePipeline.forEach(ReferencePipeline.java:596)
	at java.base/java.util.stream.ReferencePipeline$7$1.accept(ReferencePipeline.java:276)
	at java.base/java.util.stream.ReferencePipeline$3$1.accept(ReferencePipeline.java:197)
	at java.base/java.util.stream.ReferencePipeline$3$1.accept(ReferencePipeline.java:197)
	at java.base/java.util.stream.ReferencePipeline$3$1.accept(ReferencePipeline.java:197)
	at java.base/java.util.ArrayList$ArrayListSpliterator.forEachRemaining(ArrayList.java:1625)
	at java.base/java.util.stream.AbstractPipeline.copyInto(AbstractPipeline.java:509)
	at java.base/java.util.stream.AbstractPipeline.wrapAndCopyInto(AbstractPipeline.java:499)
	at java.base/java.util.stream.ForEachOps$ForEachOp.evaluateSequential(ForEachOps.java:150)
	at java.base/java.util.stream.ForEachOps$ForEachOp$OfRef.evaluateSequential(ForEachOps.java:173)
	at java.base/java.util.stream.AbstractPipeline.evaluate(AbstractPipeline.java:234)
	at java.base/java.util.stream.ReferencePipeline.forEach(ReferencePipeline.java:596)
	at java.base/java.util.stream.ReferencePipeline$7$1.accept(ReferencePipeline.java:276)
	at java.base/java.util.ArrayList$ArrayListSpliterator.forEachRemaining(ArrayList.java:1625)
	at java.base/java.util.stream.AbstractPipeline.copyInto(AbstractPipeline.java:509)
	at java.base/java.util.stream.AbstractPipeline.wrapAndCopyInto(AbstractPipeline.java:499)
	at java.base/java.util.stream.ForEachOps$ForEachOp.evaluateSequential(ForEachOps.java:150)
	at java.base/java.util.stream.ForEachOps$ForEachOp$OfRef.evaluateSequential(ForEachOps.java:173)
	at java.base/java.util.stream.AbstractPipeline.evaluate(AbstractPipeline.java:234)
	at java.base/java.util.stream.ReferencePipeline.forEach(ReferencePipeline.java:596)
	at org.junit.jupiter.engine.descriptor.TestTemplateTestDescriptor.execute(TestTemplateTestDescriptor.java:107)
	at org.junit.jupiter.engine.descriptor.TestTemplateTestDescriptor.execute(TestTemplateTestDescriptor.java:42)
	at org.junit.platform.engine.support.hierarchical.NodeTestTask.lambda$executeRecursively$5(NodeTestTask.java:139)
	at org.junit.platform.engine.support.hierarchical.ThrowableCollector.execute(ThrowableCollector.java:73)
	at org.junit.platform.engine.support.hierarchical.NodeTestTask.lambda$executeRecursively$7(NodeTestTask.java:129)
	at org.junit.platform.engine.support.hierarchical.Node.around(Node.java:137)
	at org.junit.platform.engine.support.hierarchical.NodeTestTask.lambda$executeRecursively$8(NodeTestTask.java:127)
	at org.junit.platform.engine.support.hierarchical.ThrowableCollector.execute(ThrowableCollector.java:73)
	at org.junit.platform.engine.support.hierarchical.NodeTestTask.executeRecursively(NodeTestTask.java:126)
	at org.junit.platform.engine.support.hierarchical.NodeTestTask.execute(NodeTestTask.java:84)
	at java.base/java.util.ArrayList.forEach(ArrayList.java:1511)
	at org.junit.platform.engine.support.hierarchical.SameThreadHierarchicalTestExecutorService.invokeAll(SameThreadHierarchicalTestExecutorService.java:38)
	at org.junit.platform.engine.support.hierarchical.NodeTestTask.lambda$executeRecursively$5(NodeTestTask.java:143)
	at org.junit.platform.engine.support.hierarchical.ThrowableCollector.execute(ThrowableCollector.java:73)
	at org.junit.platform.engine.support.hierarchical.NodeTestTask.lambda$executeRecursively$7(NodeTestTask.java:129)
	at org.junit.platform.engine.support.hierarchical.Node.around(Node.java:137)
	at org.junit.platform.engine.support.hierarchical.NodeTestTask.lambda$executeRecursively$8(NodeTestTask.java:127)
	at org.junit.platform.engine.support.hierarchical.ThrowableCollector.execute(ThrowableCollector.java:73)
	at org.junit.platform.engine.support.hierarchical.NodeTestTask.executeRecursively(NodeTestTask.java:126)
	at org.junit.platform.engine.support.hierarchical.NodeTestTask.execute(NodeTestTask.java:84)
	at java.base/java.util.ArrayList.forEach(ArrayList.java:1511)
	at org.junit.platform.engine.support.hierarchical.SameThreadHierarchicalTestExecutorService.invokeAll(SameThreadHierarchicalTestExecutorService.java:38)
	at org.junit.platform.engine.support.hierarchical.NodeTestTask.lambda$executeRecursively$5(NodeTestTask.java:143)
	at org.junit.platform.engine.support.hierarchical.ThrowableCollector.execute(ThrowableCollector.java:73)
	at org.junit.platform.engine.support.hierarchical.NodeTestTask.lambda$executeRecursively$7(NodeTestTask.java:129)
	at org.junit.platform.engine.support.hierarchical.Node.around(Node.java:137)
	at org.junit.platform.engine.support.hierarchical.NodeTestTask.lambda$executeRecursively$8(NodeTestTask.java:127)
	at org.junit.platform.engine.support.hierarchical.ThrowableCollector.execute(ThrowableCollector.java:73)
	at org.junit.platform.engine.support.hierarchical.NodeTestTask.executeRecursively(NodeTestTask.java:126)
	at org.junit.platform.engine.support.hierarchical.NodeTestTask.execute(NodeTestTask.java:84)
	at org.junit.platform.engine.support.hierarchical.SameThreadHierarchicalTestExecutorService.submit(SameThreadHierarchicalTestExecutorService.java:32)
	at org.junit.platform.engine.support.hierarchical.HierarchicalTestExecutor.execute(HierarchicalTestExecutor.java:57)
	at org.junit.platform.engine.support.hierarchical.HierarchicalTestEngine.execute(HierarchicalTestEngine.java:51)
	at org.junit.platform.launcher.core.EngineExecutionOrchestrator.execute(EngineExecutionOrchestrator.java:108)
	at org.junit.platform.launcher.core.EngineExecutionOrchestrator.execute(EngineExecutionOrchestrator.java:88)
	at org.junit.platform.launcher.core.EngineExecutionOrchestrator.lambda$execute$0(EngineExecutionOrchestrator.java:54)
	at org.junit.platform.launcher.core.EngineExecutionOrchestrator.withInterceptedStreams(EngineExecutionOrchestrator.java:67)
	at org.junit.platform.launcher.core.EngineExecutionOrchestrator.execute(EngineExecutionOrchestrator.java:52)
	at org.junit.platform.launcher.core.DefaultLauncher.execute(DefaultLauncher.java:96)
	at org.junit.platform.launcher.core.DefaultLauncher.execute(DefaultLauncher.java:75)
	at org.junit.platform.console.tasks.ConsoleTestExecutor.executeTests(ConsoleTestExecutor.java:66)
	at org.junit.platform.console.tasks.ConsoleTestExecutor.lambda$execute$0(ConsoleTestExecutor.java:58)
	at org.junit.platform.console.tasks.CustomContextClassLoaderExecutor.replaceThreadContextClassLoaderAndInvoke(CustomContextClassLoaderExecutor.java:41)
	at org.junit.platform.console.tasks.CustomContextClassLoaderExecutor.invoke(CustomContextClassLoaderExecutor.java:31)
	at org.junit.platform.console.tasks.ConsoleTestExecutor.execute(ConsoleTestExecutor.java:58)
	at org.junit.platform.console.ConsoleLauncher.executeTests(ConsoleLauncher.java:95)
	at org.junit.platform.console.ConsoleLauncher.execute(ConsoleLauncher.java:73)
	at org.junit.platform.console.ConsoleLauncher.execute(ConsoleLauncher.java:50)
	at org.junit.platform.console.ConsoleLauncher.execute(ConsoleLauncher.java:43)
	at org.junit.platform.console.ConsoleLauncher.main(ConsoleLauncher.java:37)
]]></skipped>
<system-out><![CDATA[
unique-id: [engine:junit-jupiter]/[class:minebayd1.test.TestUser]/[test-template:testprevious(minebayd1.User)]/[test-template-invocation:#41]
display-name: [41] Sonia a 47 annonces ouvertes, 2 annonces fermées et 2 achats 

]]></system-out>
</testcase>
<testcase name="testprevious(User)[42]" classname="minebayd1.test.TestUser" time="0">
<skipped><![CDATA[org.opentest4j.TestAbortedException: Assumption failed: assumption is not true
	at org.junit.jupiter.api.Assumptions.throwTestAbortedException(Assumptions.java:256)
	at org.junit.jupiter.api.Assumptions.assumeTrue(Assumptions.java:115)
	at org.junit.jupiter.api.Assumptions.assumeTrue(Assumptions.java:66)
	at minebayd1.test.TestUser.testprevious(TestUser.java:1288)
	at jdk.internal.reflect.GeneratedMethodAccessor15.invoke(Unknown Source)
	at java.base/jdk.internal.reflect.DelegatingMethodAccessorImpl.invoke(DelegatingMethodAccessorImpl.java:43)
	at java.base/java.lang.reflect.Method.invoke(Method.java:569)
	at org.junit.platform.commons.util.ReflectionUtils.invokeMethod(ReflectionUtils.java:688)
	at org.junit.jupiter.engine.execution.MethodInvocation.proceed(MethodInvocation.java:60)
	at org.junit.jupiter.engine.execution.InvocationInterceptorChain$ValidatingInvocation.proceed(InvocationInterceptorChain.java:131)
	at org.junit.jupiter.engine.extension.TimeoutExtension.intercept(TimeoutExtension.java:149)
	at org.junit.jupiter.engine.extension.TimeoutExtension.interceptTestableMethod(TimeoutExtension.java:140)
	at org.junit.jupiter.engine.extension.TimeoutExtension.interceptTestTemplateMethod(TimeoutExtension.java:92)
	at org.junit.jupiter.engine.execution.ExecutableInvoker$ReflectiveInterceptorCall.lambda$ofVoidMethod$0(ExecutableInvoker.java:115)
	at org.junit.jupiter.engine.execution.ExecutableInvoker.lambda$invoke$0(ExecutableInvoker.java:105)
	at org.junit.jupiter.engine.execution.InvocationInterceptorChain$InterceptedInvocation.proceed(InvocationInterceptorChain.java:106)
	at org.junit.jupiter.engine.execution.InvocationInterceptorChain.proceed(InvocationInterceptorChain.java:64)
	at org.junit.jupiter.engine.execution.InvocationInterceptorChain.chainAndInvoke(InvocationInterceptorChain.java:45)
	at org.junit.jupiter.engine.execution.InvocationInterceptorChain.invoke(InvocationInterceptorChain.java:37)
	at org.junit.jupiter.engine.execution.ExecutableInvoker.invoke(ExecutableInvoker.java:104)
	at org.junit.jupiter.engine.execution.ExecutableInvoker.invoke(ExecutableInvoker.java:98)
	at org.junit.jupiter.engine.descriptor.TestMethodTestDescriptor.lambda$invokeTestMethod$6(TestMethodTestDescriptor.java:210)
	at org.junit.platform.engine.support.hierarchical.ThrowableCollector.execute(ThrowableCollector.java:73)
	at org.junit.jupiter.engine.descriptor.TestMethodTestDescriptor.invokeTestMethod(TestMethodTestDescriptor.java:206)
	at org.junit.jupiter.engine.descriptor.TestMethodTestDescriptor.execute(TestMethodTestDescriptor.java:131)
	at org.junit.jupiter.engine.descriptor.TestMethodTestDescriptor.execute(TestMethodTestDescriptor.java:65)
	at org.junit.platform.engine.support.hierarchical.NodeTestTask.lambda$executeRecursively$5(NodeTestTask.java:139)
	at org.junit.platform.engine.support.hierarchical.ThrowableCollector.execute(ThrowableCollector.java:73)
	at org.junit.platform.engine.support.hierarchical.NodeTestTask.lambda$executeRecursively$7(NodeTestTask.java:129)
	at org.junit.platform.engine.support.hierarchical.Node.around(Node.java:137)
	at org.junit.platform.engine.support.hierarchical.NodeTestTask.lambda$executeRecursively$8(NodeTestTask.java:127)
	at org.junit.platform.engine.support.hierarchical.ThrowableCollector.execute(ThrowableCollector.java:73)
	at org.junit.platform.engine.support.hierarchical.NodeTestTask.executeRecursively(NodeTestTask.java:126)
	at org.junit.platform.engine.support.hierarchical.NodeTestTask.execute(NodeTestTask.java:84)
	at org.junit.platform.engine.support.hierarchical.SameThreadHierarchicalTestExecutorService.submit(SameThreadHierarchicalTestExecutorService.java:32)
	at org.junit.platform.engine.support.hierarchical.NodeTestTask$DefaultDynamicTestExecutor.execute(NodeTestTask.java:212)
	at org.junit.platform.engine.support.hierarchical.NodeTestTask$DefaultDynamicTestExecutor.execute(NodeTestTask.java:192)
	at org.junit.jupiter.engine.descriptor.TestTemplateTestDescriptor.execute(TestTemplateTestDescriptor.java:139)
	at org.junit.jupiter.engine.descriptor.TestTemplateTestDescriptor.lambda$execute$2(TestTemplateTestDescriptor.java:107)
	at java.base/java.util.stream.ForEachOps$ForEachOp$OfRef.accept(ForEachOps.java:183)
	at java.base/java.util.stream.ReferencePipeline$3$1.accept(ReferencePipeline.java:197)
	at java.base/java.util.stream.ReferencePipeline$2$1.accept(ReferencePipeline.java:179)
	at java.base/java.util.stream.ReferencePipeline$3$1.accept(ReferencePipeline.java:197)
	at java.base/java.util.stream.ForEachOps$ForEachOp$OfRef.accept(ForEachOps.java:183)
	at java.base/java.util.stream.ReferencePipeline$15$1.accept(ReferencePipeline.java:541)
	at java.base/java.util.stream.ReferencePipeline$3$1.accept(ReferencePipeline.java:197)
	at java.base/java.util.stream.ReferencePipeline$3$1.accept(ReferencePipeline.java:197)
	at java.base/java.util.stream.ReferencePipeline$3$1.accept(ReferencePipeline.java:197)
	at java.base/java.util.stream.ForEachOps$ForEachOp$OfRef.accept(ForEachOps.java:183)
	at java.base/java.util.stream.ReferencePipeline$3$1.accept(ReferencePipeline.java:197)
	at java.base/java.util.stream.ForEachOps$ForEachOp$OfRef.accept(ForEachOps.java:183)
	at java.base/java.util.stream.SliceOps$1$1.accept(SliceOps.java:200)
	at java.base/java.util.stream.StreamSpliterators$InfiniteSupplyingSpliterator$OfRef.tryAdvance(StreamSpliterators.java:1358)
	at java.base/java.util.stream.ReferencePipeline.forEachWithCancel(ReferencePipeline.java:129)
	at java.base/java.util.stream.AbstractPipeline.copyIntoWithCancel(AbstractPipeline.java:527)
	at java.base/java.util.stream.AbstractPipeline.copyInto(AbstractPipeline.java:513)
	at java.base/java.util.stream.AbstractPipeline.wrapAndCopyInto(AbstractPipeline.java:499)
	at java.base/java.util.stream.ForEachOps$ForEachOp.evaluateSequential(ForEachOps.java:150)
	at java.base/java.util.stream.ForEachOps$ForEachOp$OfRef.evaluateSequential(ForEachOps.java:173)
	at java.base/java.util.stream.AbstractPipeline.evaluate(AbstractPipeline.java:234)
	at java.base/java.util.stream.ReferencePipeline.forEach(ReferencePipeline.java:596)
	at java.base/java.util.stream.ReferencePipeline$7$1.accept(ReferencePipeline.java:276)
	at java.base/java.util.stream.ReferencePipeline$3$1.accept(ReferencePipeline.java:197)
	at java.base/java.util.stream.ReferencePipeline$3$1.accept(ReferencePipeline.java:197)
	at java.base/java.util.Spliterators$ArraySpliterator.forEachRemaining(Spliterators.java:992)
	at java.base/java.util.stream.AbstractPipeline.copyInto(AbstractPipeline.java:509)
	at java.base/java.util.stream.AbstractPipeline.wrapAndCopyInto(AbstractPipeline.java:499)
	at java.base/java.util.stream.ForEachOps$ForEachOp.evaluateSequential(ForEachOps.java:150)
	at java.base/java.util.stream.ForEachOps$ForEachOp$OfRef.evaluateSequential(ForEachOps.java:173)
	at java.base/java.util.stream.AbstractPipeline.evaluate(AbstractPipeline.java:234)
	at java.base/java.util.stream.ReferencePipeline.forEach(ReferencePipeline.java:596)
	at java.base/java.util.stream.ReferencePipeline$7$1.accept(ReferencePipeline.java:276)
	at java.base/java.util.stream.ReferencePipeline$3$1.accept(ReferencePipeline.java:197)
	at java.base/java.util.stream.ReferencePipeline$3$1.accept(ReferencePipeline.java:197)
	at java.base/java.util.stream.ReferencePipeline$3$1.accept(ReferencePipeline.java:197)
	at java.base/java.util.ArrayList$ArrayListSpliterator.forEachRemaining(ArrayList.java:1625)
	at java.base/java.util.stream.AbstractPipeline.copyInto(AbstractPipeline.java:509)
	at java.base/java.util.stream.AbstractPipeline.wrapAndCopyInto(AbstractPipeline.java:499)
	at java.base/java.util.stream.ForEachOps$ForEachOp.evaluateSequential(ForEachOps.java:150)
	at java.base/java.util.stream.ForEachOps$ForEachOp$OfRef.evaluateSequential(ForEachOps.java:173)
	at java.base/java.util.stream.AbstractPipeline.evaluate(AbstractPipeline.java:234)
	at java.base/java.util.stream.ReferencePipeline.forEach(ReferencePipeline.java:596)
	at java.base/java.util.stream.ReferencePipeline$7$1.accept(ReferencePipeline.java:276)
	at java.base/java.util.ArrayList$ArrayListSpliterator.forEachRemaining(ArrayList.java:1625)
	at java.base/java.util.stream.AbstractPipeline.copyInto(AbstractPipeline.java:509)
	at java.base/java.util.stream.AbstractPipeline.wrapAndCopyInto(AbstractPipeline.java:499)
	at java.base/java.util.stream.ForEachOps$ForEachOp.evaluateSequential(ForEachOps.java:150)
	at java.base/java.util.stream.ForEachOps$ForEachOp$OfRef.evaluateSequential(ForEachOps.java:173)
	at java.base/java.util.stream.AbstractPipeline.evaluate(AbstractPipeline.java:234)
	at java.base/java.util.stream.ReferencePipeline.forEach(ReferencePipeline.java:596)
	at org.junit.jupiter.engine.descriptor.TestTemplateTestDescriptor.execute(TestTemplateTestDescriptor.java:107)
	at org.junit.jupiter.engine.descriptor.TestTemplateTestDescriptor.execute(TestTemplateTestDescriptor.java:42)
	at org.junit.platform.engine.support.hierarchical.NodeTestTask.lambda$executeRecursively$5(NodeTestTask.java:139)
	at org.junit.platform.engine.support.hierarchical.ThrowableCollector.execute(ThrowableCollector.java:73)
	at org.junit.platform.engine.support.hierarchical.NodeTestTask.lambda$executeRecursively$7(NodeTestTask.java:129)
	at org.junit.platform.engine.support.hierarchical.Node.around(Node.java:137)
	at org.junit.platform.engine.support.hierarchical.NodeTestTask.lambda$executeRecursively$8(NodeTestTask.java:127)
	at org.junit.platform.engine.support.hierarchical.ThrowableCollector.execute(ThrowableCollector.java:73)
	at org.junit.platform.engine.support.hierarchical.NodeTestTask.executeRecursively(NodeTestTask.java:126)
	at org.junit.platform.engine.support.hierarchical.NodeTestTask.execute(NodeTestTask.java:84)
	at java.base/java.util.ArrayList.forEach(ArrayList.java:1511)
	at org.junit.platform.engine.support.hierarchical.SameThreadHierarchicalTestExecutorService.invokeAll(SameThreadHierarchicalTestExecutorService.java:38)
	at org.junit.platform.engine.support.hierarchical.NodeTestTask.lambda$executeRecursively$5(NodeTestTask.java:143)
	at org.junit.platform.engine.support.hierarchical.ThrowableCollector.execute(ThrowableCollector.java:73)
	at org.junit.platform.engine.support.hierarchical.NodeTestTask.lambda$executeRecursively$7(NodeTestTask.java:129)
	at org.junit.platform.engine.support.hierarchical.Node.around(Node.java:137)
	at org.junit.platform.engine.support.hierarchical.NodeTestTask.lambda$executeRecursively$8(NodeTestTask.java:127)
	at org.junit.platform.engine.support.hierarchical.ThrowableCollector.execute(ThrowableCollector.java:73)
	at org.junit.platform.engine.support.hierarchical.NodeTestTask.executeRecursively(NodeTestTask.java:126)
	at org.junit.platform.engine.support.hierarchical.NodeTestTask.execute(NodeTestTask.java:84)
	at java.base/java.util.ArrayList.forEach(ArrayList.java:1511)
	at org.junit.platform.engine.support.hierarchical.SameThreadHierarchicalTestExecutorService.invokeAll(SameThreadHierarchicalTestExecutorService.java:38)
	at org.junit.platform.engine.support.hierarchical.NodeTestTask.lambda$executeRecursively$5(NodeTestTask.java:143)
	at org.junit.platform.engine.support.hierarchical.ThrowableCollector.execute(ThrowableCollector.java:73)
	at org.junit.platform.engine.support.hierarchical.NodeTestTask.lambda$executeRecursively$7(NodeTestTask.java:129)
	at org.junit.platform.engine.support.hierarchical.Node.around(Node.java:137)
	at org.junit.platform.engine.support.hierarchical.NodeTestTask.lambda$executeRecursively$8(NodeTestTask.java:127)
	at org.junit.platform.engine.support.hierarchical.ThrowableCollector.execute(ThrowableCollector.java:73)
	at org.junit.platform.engine.support.hierarchical.NodeTestTask.executeRecursively(NodeTestTask.java:126)
	at org.junit.platform.engine.support.hierarchical.NodeTestTask.execute(NodeTestTask.java:84)
	at org.junit.platform.engine.support.hierarchical.SameThreadHierarchicalTestExecutorService.submit(SameThreadHierarchicalTestExecutorService.java:32)
	at org.junit.platform.engine.support.hierarchical.HierarchicalTestExecutor.execute(HierarchicalTestExecutor.java:57)
	at org.junit.platform.engine.support.hierarchical.HierarchicalTestEngine.execute(HierarchicalTestEngine.java:51)
	at org.junit.platform.launcher.core.EngineExecutionOrchestrator.execute(EngineExecutionOrchestrator.java:108)
	at org.junit.platform.launcher.core.EngineExecutionOrchestrator.execute(EngineExecutionOrchestrator.java:88)
	at org.junit.platform.launcher.core.EngineExecutionOrchestrator.lambda$execute$0(EngineExecutionOrchestrator.java:54)
	at org.junit.platform.launcher.core.EngineExecutionOrchestrator.withInterceptedStreams(EngineExecutionOrchestrator.java:67)
	at org.junit.platform.launcher.core.EngineExecutionOrchestrator.execute(EngineExecutionOrchestrator.java:52)
	at org.junit.platform.launcher.core.DefaultLauncher.execute(DefaultLauncher.java:96)
	at org.junit.platform.launcher.core.DefaultLauncher.execute(DefaultLauncher.java:75)
	at org.junit.platform.console.tasks.ConsoleTestExecutor.executeTests(ConsoleTestExecutor.java:66)
	at org.junit.platform.console.tasks.ConsoleTestExecutor.lambda$execute$0(ConsoleTestExecutor.java:58)
	at org.junit.platform.console.tasks.CustomContextClassLoaderExecutor.replaceThreadContextClassLoaderAndInvoke(CustomContextClassLoaderExecutor.java:41)
	at org.junit.platform.console.tasks.CustomContextClassLoaderExecutor.invoke(CustomContextClassLoaderExecutor.java:31)
	at org.junit.platform.console.tasks.ConsoleTestExecutor.execute(ConsoleTestExecutor.java:58)
	at org.junit.platform.console.ConsoleLauncher.executeTests(ConsoleLauncher.java:95)
	at org.junit.platform.console.ConsoleLauncher.execute(ConsoleLauncher.java:73)
	at org.junit.platform.console.ConsoleLauncher.execute(ConsoleLauncher.java:50)
	at org.junit.platform.console.ConsoleLauncher.execute(ConsoleLauncher.java:43)
	at org.junit.platform.console.ConsoleLauncher.main(ConsoleLauncher.java:37)
]]></skipped>
<system-out><![CDATA[
unique-id: [engine:junit-jupiter]/[class:minebayd1.test.TestUser]/[test-template:testprevious(minebayd1.User)]/[test-template-invocation:#42]
display-name: [42] Yanis a 61 annonces ouvertes, 4 annonces fermées et 3 achats 

]]></system-out>
</testcase>
<testcase name="testprevious(User)[43]" classname="minebayd1.test.TestUser" time="0">
<skipped><![CDATA[org.opentest4j.TestAbortedException: Assumption failed: assumption is not true
	at org.junit.jupiter.api.Assumptions.throwTestAbortedException(Assumptions.java:256)
	at org.junit.jupiter.api.Assumptions.assumeTrue(Assumptions.java:115)
	at org.junit.jupiter.api.Assumptions.assumeTrue(Assumptions.java:66)
	at minebayd1.test.TestUser.testprevious(TestUser.java:1288)
	at jdk.internal.reflect.GeneratedMethodAccessor15.invoke(Unknown Source)
	at java.base/jdk.internal.reflect.DelegatingMethodAccessorImpl.invoke(DelegatingMethodAccessorImpl.java:43)
	at java.base/java.lang.reflect.Method.invoke(Method.java:569)
	at org.junit.platform.commons.util.ReflectionUtils.invokeMethod(ReflectionUtils.java:688)
	at org.junit.jupiter.engine.execution.MethodInvocation.proceed(MethodInvocation.java:60)
	at org.junit.jupiter.engine.execution.InvocationInterceptorChain$ValidatingInvocation.proceed(InvocationInterceptorChain.java:131)
	at org.junit.jupiter.engine.extension.TimeoutExtension.intercept(TimeoutExtension.java:149)
	at org.junit.jupiter.engine.extension.TimeoutExtension.interceptTestableMethod(TimeoutExtension.java:140)
	at org.junit.jupiter.engine.extension.TimeoutExtension.interceptTestTemplateMethod(TimeoutExtension.java:92)
	at org.junit.jupiter.engine.execution.ExecutableInvoker$ReflectiveInterceptorCall.lambda$ofVoidMethod$0(ExecutableInvoker.java:115)
	at org.junit.jupiter.engine.execution.ExecutableInvoker.lambda$invoke$0(ExecutableInvoker.java:105)
	at org.junit.jupiter.engine.execution.InvocationInterceptorChain$InterceptedInvocation.proceed(InvocationInterceptorChain.java:106)
	at org.junit.jupiter.engine.execution.InvocationInterceptorChain.proceed(InvocationInterceptorChain.java:64)
	at org.junit.jupiter.engine.execution.InvocationInterceptorChain.chainAndInvoke(InvocationInterceptorChain.java:45)
	at org.junit.jupiter.engine.execution.InvocationInterceptorChain.invoke(InvocationInterceptorChain.java:37)
	at org.junit.jupiter.engine.execution.ExecutableInvoker.invoke(ExecutableInvoker.java:104)
	at org.junit.jupiter.engine.execution.ExecutableInvoker.invoke(ExecutableInvoker.java:98)
	at org.junit.jupiter.engine.descriptor.TestMethodTestDescriptor.lambda$invokeTestMethod$6(TestMethodTestDescriptor.java:210)
	at org.junit.platform.engine.support.hierarchical.ThrowableCollector.execute(ThrowableCollector.java:73)
	at org.junit.jupiter.engine.descriptor.TestMethodTestDescriptor.invokeTestMethod(TestMethodTestDescriptor.java:206)
	at org.junit.jupiter.engine.descriptor.TestMethodTestDescriptor.execute(TestMethodTestDescriptor.java:131)
	at org.junit.jupiter.engine.descriptor.TestMethodTestDescriptor.execute(TestMethodTestDescriptor.java:65)
	at org.junit.platform.engine.support.hierarchical.NodeTestTask.lambda$executeRecursively$5(NodeTestTask.java:139)
	at org.junit.platform.engine.support.hierarchical.ThrowableCollector.execute(ThrowableCollector.java:73)
	at org.junit.platform.engine.support.hierarchical.NodeTestTask.lambda$executeRecursively$7(NodeTestTask.java:129)
	at org.junit.platform.engine.support.hierarchical.Node.around(Node.java:137)
	at org.junit.platform.engine.support.hierarchical.NodeTestTask.lambda$executeRecursively$8(NodeTestTask.java:127)
	at org.junit.platform.engine.support.hierarchical.ThrowableCollector.execute(ThrowableCollector.java:73)
	at org.junit.platform.engine.support.hierarchical.NodeTestTask.executeRecursively(NodeTestTask.java:126)
	at org.junit.platform.engine.support.hierarchical.NodeTestTask.execute(NodeTestTask.java:84)
	at org.junit.platform.engine.support.hierarchical.SameThreadHierarchicalTestExecutorService.submit(SameThreadHierarchicalTestExecutorService.java:32)
	at org.junit.platform.engine.support.hierarchical.NodeTestTask$DefaultDynamicTestExecutor.execute(NodeTestTask.java:212)
	at org.junit.platform.engine.support.hierarchical.NodeTestTask$DefaultDynamicTestExecutor.execute(NodeTestTask.java:192)
	at org.junit.jupiter.engine.descriptor.TestTemplateTestDescriptor.execute(TestTemplateTestDescriptor.java:139)
	at org.junit.jupiter.engine.descriptor.TestTemplateTestDescriptor.lambda$execute$2(TestTemplateTestDescriptor.java:107)
	at java.base/java.util.stream.ForEachOps$ForEachOp$OfRef.accept(ForEachOps.java:183)
	at java.base/java.util.stream.ReferencePipeline$3$1.accept(ReferencePipeline.java:197)
	at java.base/java.util.stream.ReferencePipeline$2$1.accept(ReferencePipeline.java:179)
	at java.base/java.util.stream.ReferencePipeline$3$1.accept(ReferencePipeline.java:197)
	at java.base/java.util.stream.ForEachOps$ForEachOp$OfRef.accept(ForEachOps.java:183)
	at java.base/java.util.stream.ReferencePipeline$15$1.accept(ReferencePipeline.java:541)
	at java.base/java.util.stream.ReferencePipeline$3$1.accept(ReferencePipeline.java:197)
	at java.base/java.util.stream.ReferencePipeline$3$1.accept(ReferencePipeline.java:197)
	at java.base/java.util.stream.ReferencePipeline$3$1.accept(ReferencePipeline.java:197)
	at java.base/java.util.stream.ForEachOps$ForEachOp$OfRef.accept(ForEachOps.java:183)
	at java.base/java.util.stream.ReferencePipeline$3$1.accept(ReferencePipeline.java:197)
	at java.base/java.util.stream.ForEachOps$ForEachOp$OfRef.accept(ForEachOps.java:183)
	at java.base/java.util.stream.SliceOps$1$1.accept(SliceOps.java:200)
	at java.base/java.util.stream.StreamSpliterators$InfiniteSupplyingSpliterator$OfRef.tryAdvance(StreamSpliterators.java:1358)
	at java.base/java.util.stream.ReferencePipeline.forEachWithCancel(ReferencePipeline.java:129)
	at java.base/java.util.stream.AbstractPipeline.copyIntoWithCancel(AbstractPipeline.java:527)
	at java.base/java.util.stream.AbstractPipeline.copyInto(AbstractPipeline.java:513)
	at java.base/java.util.stream.AbstractPipeline.wrapAndCopyInto(AbstractPipeline.java:499)
	at java.base/java.util.stream.ForEachOps$ForEachOp.evaluateSequential(ForEachOps.java:150)
	at java.base/java.util.stream.ForEachOps$ForEachOp$OfRef.evaluateSequential(ForEachOps.java:173)
	at java.base/java.util.stream.AbstractPipeline.evaluate(AbstractPipeline.java:234)
	at java.base/java.util.stream.ReferencePipeline.forEach(ReferencePipeline.java:596)
	at java.base/java.util.stream.ReferencePipeline$7$1.accept(ReferencePipeline.java:276)
	at java.base/java.util.stream.ReferencePipeline$3$1.accept(ReferencePipeline.java:197)
	at java.base/java.util.stream.ReferencePipeline$3$1.accept(ReferencePipeline.java:197)
	at java.base/java.util.Spliterators$ArraySpliterator.forEachRemaining(Spliterators.java:992)
	at java.base/java.util.stream.AbstractPipeline.copyInto(AbstractPipeline.java:509)
	at java.base/java.util.stream.AbstractPipeline.wrapAndCopyInto(AbstractPipeline.java:499)
	at java.base/java.util.stream.ForEachOps$ForEachOp.evaluateSequential(ForEachOps.java:150)
	at java.base/java.util.stream.ForEachOps$ForEachOp$OfRef.evaluateSequential(ForEachOps.java:173)
	at java.base/java.util.stream.AbstractPipeline.evaluate(AbstractPipeline.java:234)
	at java.base/java.util.stream.ReferencePipeline.forEach(ReferencePipeline.java:596)
	at java.base/java.util.stream.ReferencePipeline$7$1.accept(ReferencePipeline.java:276)
	at java.base/java.util.stream.ReferencePipeline$3$1.accept(ReferencePipeline.java:197)
	at java.base/java.util.stream.ReferencePipeline$3$1.accept(ReferencePipeline.java:197)
	at java.base/java.util.stream.ReferencePipeline$3$1.accept(ReferencePipeline.java:197)
	at java.base/java.util.ArrayList$ArrayListSpliterator.forEachRemaining(ArrayList.java:1625)
	at java.base/java.util.stream.AbstractPipeline.copyInto(AbstractPipeline.java:509)
	at java.base/java.util.stream.AbstractPipeline.wrapAndCopyInto(AbstractPipeline.java:499)
	at java.base/java.util.stream.ForEachOps$ForEachOp.evaluateSequential(ForEachOps.java:150)
	at java.base/java.util.stream.ForEachOps$ForEachOp$OfRef.evaluateSequential(ForEachOps.java:173)
	at java.base/java.util.stream.AbstractPipeline.evaluate(AbstractPipeline.java:234)
	at java.base/java.util.stream.ReferencePipeline.forEach(ReferencePipeline.java:596)
	at java.base/java.util.stream.ReferencePipeline$7$1.accept(ReferencePipeline.java:276)
	at java.base/java.util.ArrayList$ArrayListSpliterator.forEachRemaining(ArrayList.java:1625)
	at java.base/java.util.stream.AbstractPipeline.copyInto(AbstractPipeline.java:509)
	at java.base/java.util.stream.AbstractPipeline.wrapAndCopyInto(AbstractPipeline.java:499)
	at java.base/java.util.stream.ForEachOps$ForEachOp.evaluateSequential(ForEachOps.java:150)
	at java.base/java.util.stream.ForEachOps$ForEachOp$OfRef.evaluateSequential(ForEachOps.java:173)
	at java.base/java.util.stream.AbstractPipeline.evaluate(AbstractPipeline.java:234)
	at java.base/java.util.stream.ReferencePipeline.forEach(ReferencePipeline.java:596)
	at org.junit.jupiter.engine.descriptor.TestTemplateTestDescriptor.execute(TestTemplateTestDescriptor.java:107)
	at org.junit.jupiter.engine.descriptor.TestTemplateTestDescriptor.execute(TestTemplateTestDescriptor.java:42)
	at org.junit.platform.engine.support.hierarchical.NodeTestTask.lambda$executeRecursively$5(NodeTestTask.java:139)
	at org.junit.platform.engine.support.hierarchical.ThrowableCollector.execute(ThrowableCollector.java:73)
	at org.junit.platform.engine.support.hierarchical.NodeTestTask.lambda$executeRecursively$7(NodeTestTask.java:129)
	at org.junit.platform.engine.support.hierarchical.Node.around(Node.java:137)
	at org.junit.platform.engine.support.hierarchical.NodeTestTask.lambda$executeRecursively$8(NodeTestTask.java:127)
	at org.junit.platform.engine.support.hierarchical.ThrowableCollector.execute(ThrowableCollector.java:73)
	at org.junit.platform.engine.support.hierarchical.NodeTestTask.executeRecursively(NodeTestTask.java:126)
	at org.junit.platform.engine.support.hierarchical.NodeTestTask.execute(NodeTestTask.java:84)
	at java.base/java.util.ArrayList.forEach(ArrayList.java:1511)
	at org.junit.platform.engine.support.hierarchical.SameThreadHierarchicalTestExecutorService.invokeAll(SameThreadHierarchicalTestExecutorService.java:38)
	at org.junit.platform.engine.support.hierarchical.NodeTestTask.lambda$executeRecursively$5(NodeTestTask.java:143)
	at org.junit.platform.engine.support.hierarchical.ThrowableCollector.execute(ThrowableCollector.java:73)
	at org.junit.platform.engine.support.hierarchical.NodeTestTask.lambda$executeRecursively$7(NodeTestTask.java:129)
	at org.junit.platform.engine.support.hierarchical.Node.around(Node.java:137)
	at org.junit.platform.engine.support.hierarchical.NodeTestTask.lambda$executeRecursively$8(NodeTestTask.java:127)
	at org.junit.platform.engine.support.hierarchical.ThrowableCollector.execute(ThrowableCollector.java:73)
	at org.junit.platform.engine.support.hierarchical.NodeTestTask.executeRecursively(NodeTestTask.java:126)
	at org.junit.platform.engine.support.hierarchical.NodeTestTask.execute(NodeTestTask.java:84)
	at java.base/java.util.ArrayList.forEach(ArrayList.java:1511)
	at org.junit.platform.engine.support.hierarchical.SameThreadHierarchicalTestExecutorService.invokeAll(SameThreadHierarchicalTestExecutorService.java:38)
	at org.junit.platform.engine.support.hierarchical.NodeTestTask.lambda$executeRecursively$5(NodeTestTask.java:143)
	at org.junit.platform.engine.support.hierarchical.ThrowableCollector.execute(ThrowableCollector.java:73)
	at org.junit.platform.engine.support.hierarchical.NodeTestTask.lambda$executeRecursively$7(NodeTestTask.java:129)
	at org.junit.platform.engine.support.hierarchical.Node.around(Node.java:137)
	at org.junit.platform.engine.support.hierarchical.NodeTestTask.lambda$executeRecursively$8(NodeTestTask.java:127)
	at org.junit.platform.engine.support.hierarchical.ThrowableCollector.execute(ThrowableCollector.java:73)
	at org.junit.platform.engine.support.hierarchical.NodeTestTask.executeRecursively(NodeTestTask.java:126)
	at org.junit.platform.engine.support.hierarchical.NodeTestTask.execute(NodeTestTask.java:84)
	at org.junit.platform.engine.support.hierarchical.SameThreadHierarchicalTestExecutorService.submit(SameThreadHierarchicalTestExecutorService.java:32)
	at org.junit.platform.engine.support.hierarchical.HierarchicalTestExecutor.execute(HierarchicalTestExecutor.java:57)
	at org.junit.platform.engine.support.hierarchical.HierarchicalTestEngine.execute(HierarchicalTestEngine.java:51)
	at org.junit.platform.launcher.core.EngineExecutionOrchestrator.execute(EngineExecutionOrchestrator.java:108)
	at org.junit.platform.launcher.core.EngineExecutionOrchestrator.execute(EngineExecutionOrchestrator.java:88)
	at org.junit.platform.launcher.core.EngineExecutionOrchestrator.lambda$execute$0(EngineExecutionOrchestrator.java:54)
	at org.junit.platform.launcher.core.EngineExecutionOrchestrator.withInterceptedStreams(EngineExecutionOrchestrator.java:67)
	at org.junit.platform.launcher.core.EngineExecutionOrchestrator.execute(EngineExecutionOrchestrator.java:52)
	at org.junit.platform.launcher.core.DefaultLauncher.execute(DefaultLauncher.java:96)
	at org.junit.platform.launcher.core.DefaultLauncher.execute(DefaultLauncher.java:75)
	at org.junit.platform.console.tasks.ConsoleTestExecutor.executeTests(ConsoleTestExecutor.java:66)
	at org.junit.platform.console.tasks.ConsoleTestExecutor.lambda$execute$0(ConsoleTestExecutor.java:58)
	at org.junit.platform.console.tasks.CustomContextClassLoaderExecutor.replaceThreadContextClassLoaderAndInvoke(CustomContextClassLoaderExecutor.java:41)
	at org.junit.platform.console.tasks.CustomContextClassLoaderExecutor.invoke(CustomContextClassLoaderExecutor.java:31)
	at org.junit.platform.console.tasks.ConsoleTestExecutor.execute(ConsoleTestExecutor.java:58)
	at org.junit.platform.console.ConsoleLauncher.executeTests(ConsoleLauncher.java:95)
	at org.junit.platform.console.ConsoleLauncher.execute(ConsoleLauncher.java:73)
	at org.junit.platform.console.ConsoleLauncher.execute(ConsoleLauncher.java:50)
	at org.junit.platform.console.ConsoleLauncher.execute(ConsoleLauncher.java:43)
	at org.junit.platform.console.ConsoleLauncher.main(ConsoleLauncher.java:37)
]]></skipped>
<system-out><![CDATA[
unique-id: [engine:junit-jupiter]/[class:minebayd1.test.TestUser]/[test-template:testprevious(minebayd1.User)]/[test-template-invocation:#43]
display-name: [43] Sonia a 47 annonces ouvertes, 2 annonces fermées et 2 achats 

]]></system-out>
</testcase>
<testcase name="testprevious(User)[44]" classname="minebayd1.test.TestUser" time="0">
<skipped><![CDATA[org.opentest4j.TestAbortedException: Assumption failed: assumption is not true
	at org.junit.jupiter.api.Assumptions.throwTestAbortedException(Assumptions.java:256)
	at org.junit.jupiter.api.Assumptions.assumeTrue(Assumptions.java:115)
	at org.junit.jupiter.api.Assumptions.assumeTrue(Assumptions.java:66)
	at minebayd1.test.TestUser.testprevious(TestUser.java:1288)
	at jdk.internal.reflect.GeneratedMethodAccessor15.invoke(Unknown Source)
	at java.base/jdk.internal.reflect.DelegatingMethodAccessorImpl.invoke(DelegatingMethodAccessorImpl.java:43)
	at java.base/java.lang.reflect.Method.invoke(Method.java:569)
	at org.junit.platform.commons.util.ReflectionUtils.invokeMethod(ReflectionUtils.java:688)
	at org.junit.jupiter.engine.execution.MethodInvocation.proceed(MethodInvocation.java:60)
	at org.junit.jupiter.engine.execution.InvocationInterceptorChain$ValidatingInvocation.proceed(InvocationInterceptorChain.java:131)
	at org.junit.jupiter.engine.extension.TimeoutExtension.intercept(TimeoutExtension.java:149)
	at org.junit.jupiter.engine.extension.TimeoutExtension.interceptTestableMethod(TimeoutExtension.java:140)
	at org.junit.jupiter.engine.extension.TimeoutExtension.interceptTestTemplateMethod(TimeoutExtension.java:92)
	at org.junit.jupiter.engine.execution.ExecutableInvoker$ReflectiveInterceptorCall.lambda$ofVoidMethod$0(ExecutableInvoker.java:115)
	at org.junit.jupiter.engine.execution.ExecutableInvoker.lambda$invoke$0(ExecutableInvoker.java:105)
	at org.junit.jupiter.engine.execution.InvocationInterceptorChain$InterceptedInvocation.proceed(InvocationInterceptorChain.java:106)
	at org.junit.jupiter.engine.execution.InvocationInterceptorChain.proceed(InvocationInterceptorChain.java:64)
	at org.junit.jupiter.engine.execution.InvocationInterceptorChain.chainAndInvoke(InvocationInterceptorChain.java:45)
	at org.junit.jupiter.engine.execution.InvocationInterceptorChain.invoke(InvocationInterceptorChain.java:37)
	at org.junit.jupiter.engine.execution.ExecutableInvoker.invoke(ExecutableInvoker.java:104)
	at org.junit.jupiter.engine.execution.ExecutableInvoker.invoke(ExecutableInvoker.java:98)
	at org.junit.jupiter.engine.descriptor.TestMethodTestDescriptor.lambda$invokeTestMethod$6(TestMethodTestDescriptor.java:210)
	at org.junit.platform.engine.support.hierarchical.ThrowableCollector.execute(ThrowableCollector.java:73)
	at org.junit.jupiter.engine.descriptor.TestMethodTestDescriptor.invokeTestMethod(TestMethodTestDescriptor.java:206)
	at org.junit.jupiter.engine.descriptor.TestMethodTestDescriptor.execute(TestMethodTestDescriptor.java:131)
	at org.junit.jupiter.engine.descriptor.TestMethodTestDescriptor.execute(TestMethodTestDescriptor.java:65)
	at org.junit.platform.engine.support.hierarchical.NodeTestTask.lambda$executeRecursively$5(NodeTestTask.java:139)
	at org.junit.platform.engine.support.hierarchical.ThrowableCollector.execute(ThrowableCollector.java:73)
	at org.junit.platform.engine.support.hierarchical.NodeTestTask.lambda$executeRecursively$7(NodeTestTask.java:129)
	at org.junit.platform.engine.support.hierarchical.Node.around(Node.java:137)
	at org.junit.platform.engine.support.hierarchical.NodeTestTask.lambda$executeRecursively$8(NodeTestTask.java:127)
	at org.junit.platform.engine.support.hierarchical.ThrowableCollector.execute(ThrowableCollector.java:73)
	at org.junit.platform.engine.support.hierarchical.NodeTestTask.executeRecursively(NodeTestTask.java:126)
	at org.junit.platform.engine.support.hierarchical.NodeTestTask.execute(NodeTestTask.java:84)
	at org.junit.platform.engine.support.hierarchical.SameThreadHierarchicalTestExecutorService.submit(SameThreadHierarchicalTestExecutorService.java:32)
	at org.junit.platform.engine.support.hierarchical.NodeTestTask$DefaultDynamicTestExecutor.execute(NodeTestTask.java:212)
	at org.junit.platform.engine.support.hierarchical.NodeTestTask$DefaultDynamicTestExecutor.execute(NodeTestTask.java:192)
	at org.junit.jupiter.engine.descriptor.TestTemplateTestDescriptor.execute(TestTemplateTestDescriptor.java:139)
	at org.junit.jupiter.engine.descriptor.TestTemplateTestDescriptor.lambda$execute$2(TestTemplateTestDescriptor.java:107)
	at java.base/java.util.stream.ForEachOps$ForEachOp$OfRef.accept(ForEachOps.java:183)
	at java.base/java.util.stream.ReferencePipeline$3$1.accept(ReferencePipeline.java:197)
	at java.base/java.util.stream.ReferencePipeline$2$1.accept(ReferencePipeline.java:179)
	at java.base/java.util.stream.ReferencePipeline$3$1.accept(ReferencePipeline.java:197)
	at java.base/java.util.stream.ForEachOps$ForEachOp$OfRef.accept(ForEachOps.java:183)
	at java.base/java.util.stream.ReferencePipeline$15$1.accept(ReferencePipeline.java:541)
	at java.base/java.util.stream.ReferencePipeline$3$1.accept(ReferencePipeline.java:197)
	at java.base/java.util.stream.ReferencePipeline$3$1.accept(ReferencePipeline.java:197)
	at java.base/java.util.stream.ReferencePipeline$3$1.accept(ReferencePipeline.java:197)
	at java.base/java.util.stream.ForEachOps$ForEachOp$OfRef.accept(ForEachOps.java:183)
	at java.base/java.util.stream.ReferencePipeline$3$1.accept(ReferencePipeline.java:197)
	at java.base/java.util.stream.ForEachOps$ForEachOp$OfRef.accept(ForEachOps.java:183)
	at java.base/java.util.stream.SliceOps$1$1.accept(SliceOps.java:200)
	at java.base/java.util.stream.StreamSpliterators$InfiniteSupplyingSpliterator$OfRef.tryAdvance(StreamSpliterators.java:1358)
	at java.base/java.util.stream.ReferencePipeline.forEachWithCancel(ReferencePipeline.java:129)
	at java.base/java.util.stream.AbstractPipeline.copyIntoWithCancel(AbstractPipeline.java:527)
	at java.base/java.util.stream.AbstractPipeline.copyInto(AbstractPipeline.java:513)
	at java.base/java.util.stream.AbstractPipeline.wrapAndCopyInto(AbstractPipeline.java:499)
	at java.base/java.util.stream.ForEachOps$ForEachOp.evaluateSequential(ForEachOps.java:150)
	at java.base/java.util.stream.ForEachOps$ForEachOp$OfRef.evaluateSequential(ForEachOps.java:173)
	at java.base/java.util.stream.AbstractPipeline.evaluate(AbstractPipeline.java:234)
	at java.base/java.util.stream.ReferencePipeline.forEach(ReferencePipeline.java:596)
	at java.base/java.util.stream.ReferencePipeline$7$1.accept(ReferencePipeline.java:276)
	at java.base/java.util.stream.ReferencePipeline$3$1.accept(ReferencePipeline.java:197)
	at java.base/java.util.stream.ReferencePipeline$3$1.accept(ReferencePipeline.java:197)
	at java.base/java.util.Spliterators$ArraySpliterator.forEachRemaining(Spliterators.java:992)
	at java.base/java.util.stream.AbstractPipeline.copyInto(AbstractPipeline.java:509)
	at java.base/java.util.stream.AbstractPipeline.wrapAndCopyInto(AbstractPipeline.java:499)
	at java.base/java.util.stream.ForEachOps$ForEachOp.evaluateSequential(ForEachOps.java:150)
	at java.base/java.util.stream.ForEachOps$ForEachOp$OfRef.evaluateSequential(ForEachOps.java:173)
	at java.base/java.util.stream.AbstractPipeline.evaluate(AbstractPipeline.java:234)
	at java.base/java.util.stream.ReferencePipeline.forEach(ReferencePipeline.java:596)
	at java.base/java.util.stream.ReferencePipeline$7$1.accept(ReferencePipeline.java:276)
	at java.base/java.util.stream.ReferencePipeline$3$1.accept(ReferencePipeline.java:197)
	at java.base/java.util.stream.ReferencePipeline$3$1.accept(ReferencePipeline.java:197)
	at java.base/java.util.stream.ReferencePipeline$3$1.accept(ReferencePipeline.java:197)
	at java.base/java.util.ArrayList$ArrayListSpliterator.forEachRemaining(ArrayList.java:1625)
	at java.base/java.util.stream.AbstractPipeline.copyInto(AbstractPipeline.java:509)
	at java.base/java.util.stream.AbstractPipeline.wrapAndCopyInto(AbstractPipeline.java:499)
	at java.base/java.util.stream.ForEachOps$ForEachOp.evaluateSequential(ForEachOps.java:150)
	at java.base/java.util.stream.ForEachOps$ForEachOp$OfRef.evaluateSequential(ForEachOps.java:173)
	at java.base/java.util.stream.AbstractPipeline.evaluate(AbstractPipeline.java:234)
	at java.base/java.util.stream.ReferencePipeline.forEach(ReferencePipeline.java:596)
	at java.base/java.util.stream.ReferencePipeline$7$1.accept(ReferencePipeline.java:276)
	at java.base/java.util.ArrayList$ArrayListSpliterator.forEachRemaining(ArrayList.java:1625)
	at java.base/java.util.stream.AbstractPipeline.copyInto(AbstractPipeline.java:509)
	at java.base/java.util.stream.AbstractPipeline.wrapAndCopyInto(AbstractPipeline.java:499)
	at java.base/java.util.stream.ForEachOps$ForEachOp.evaluateSequential(ForEachOps.java:150)
	at java.base/java.util.stream.ForEachOps$ForEachOp$OfRef.evaluateSequential(ForEachOps.java:173)
	at java.base/java.util.stream.AbstractPipeline.evaluate(AbstractPipeline.java:234)
	at java.base/java.util.stream.ReferencePipeline.forEach(ReferencePipeline.java:596)
	at org.junit.jupiter.engine.descriptor.TestTemplateTestDescriptor.execute(TestTemplateTestDescriptor.java:107)
	at org.junit.jupiter.engine.descriptor.TestTemplateTestDescriptor.execute(TestTemplateTestDescriptor.java:42)
	at org.junit.platform.engine.support.hierarchical.NodeTestTask.lambda$executeRecursively$5(NodeTestTask.java:139)
	at org.junit.platform.engine.support.hierarchical.ThrowableCollector.execute(ThrowableCollector.java:73)
	at org.junit.platform.engine.support.hierarchical.NodeTestTask.lambda$executeRecursively$7(NodeTestTask.java:129)
	at org.junit.platform.engine.support.hierarchical.Node.around(Node.java:137)
	at org.junit.platform.engine.support.hierarchical.NodeTestTask.lambda$executeRecursively$8(NodeTestTask.java:127)
	at org.junit.platform.engine.support.hierarchical.ThrowableCollector.execute(ThrowableCollector.java:73)
	at org.junit.platform.engine.support.hierarchical.NodeTestTask.executeRecursively(NodeTestTask.java:126)
	at org.junit.platform.engine.support.hierarchical.NodeTestTask.execute(NodeTestTask.java:84)
	at java.base/java.util.ArrayList.forEach(ArrayList.java:1511)
	at org.junit.platform.engine.support.hierarchical.SameThreadHierarchicalTestExecutorService.invokeAll(SameThreadHierarchicalTestExecutorService.java:38)
	at org.junit.platform.engine.support.hierarchical.NodeTestTask.lambda$executeRecursively$5(NodeTestTask.java:143)
	at org.junit.platform.engine.support.hierarchical.ThrowableCollector.execute(ThrowableCollector.java:73)
	at org.junit.platform.engine.support.hierarchical.NodeTestTask.lambda$executeRecursively$7(NodeTestTask.java:129)
	at org.junit.platform.engine.support.hierarchical.Node.around(Node.java:137)
	at org.junit.platform.engine.support.hierarchical.NodeTestTask.lambda$executeRecursively$8(NodeTestTask.java:127)
	at org.junit.platform.engine.support.hierarchical.ThrowableCollector.execute(ThrowableCollector.java:73)
	at org.junit.platform.engine.support.hierarchical.NodeTestTask.executeRecursively(NodeTestTask.java:126)
	at org.junit.platform.engine.support.hierarchical.NodeTestTask.execute(NodeTestTask.java:84)
	at java.base/java.util.ArrayList.forEach(ArrayList.java:1511)
	at org.junit.platform.engine.support.hierarchical.SameThreadHierarchicalTestExecutorService.invokeAll(SameThreadHierarchicalTestExecutorService.java:38)
	at org.junit.platform.engine.support.hierarchical.NodeTestTask.lambda$executeRecursively$5(NodeTestTask.java:143)
	at org.junit.platform.engine.support.hierarchical.ThrowableCollector.execute(ThrowableCollector.java:73)
	at org.junit.platform.engine.support.hierarchical.NodeTestTask.lambda$executeRecursively$7(NodeTestTask.java:129)
	at org.junit.platform.engine.support.hierarchical.Node.around(Node.java:137)
	at org.junit.platform.engine.support.hierarchical.NodeTestTask.lambda$executeRecursively$8(NodeTestTask.java:127)
	at org.junit.platform.engine.support.hierarchical.ThrowableCollector.execute(ThrowableCollector.java:73)
	at org.junit.platform.engine.support.hierarchical.NodeTestTask.executeRecursively(NodeTestTask.java:126)
	at org.junit.platform.engine.support.hierarchical.NodeTestTask.execute(NodeTestTask.java:84)
	at org.junit.platform.engine.support.hierarchical.SameThreadHierarchicalTestExecutorService.submit(SameThreadHierarchicalTestExecutorService.java:32)
	at org.junit.platform.engine.support.hierarchical.HierarchicalTestExecutor.execute(HierarchicalTestExecutor.java:57)
	at org.junit.platform.engine.support.hierarchical.HierarchicalTestEngine.execute(HierarchicalTestEngine.java:51)
	at org.junit.platform.launcher.core.EngineExecutionOrchestrator.execute(EngineExecutionOrchestrator.java:108)
	at org.junit.platform.launcher.core.EngineExecutionOrchestrator.execute(EngineExecutionOrchestrator.java:88)
	at org.junit.platform.launcher.core.EngineExecutionOrchestrator.lambda$execute$0(EngineExecutionOrchestrator.java:54)
	at org.junit.platform.launcher.core.EngineExecutionOrchestrator.withInterceptedStreams(EngineExecutionOrchestrator.java:67)
	at org.junit.platform.launcher.core.EngineExecutionOrchestrator.execute(EngineExecutionOrchestrator.java:52)
	at org.junit.platform.launcher.core.DefaultLauncher.execute(DefaultLauncher.java:96)
	at org.junit.platform.launcher.core.DefaultLauncher.execute(DefaultLauncher.java:75)
	at org.junit.platform.console.tasks.ConsoleTestExecutor.executeTests(ConsoleTestExecutor.java:66)
	at org.junit.platform.console.tasks.ConsoleTestExecutor.lambda$execute$0(ConsoleTestExecutor.java:58)
	at org.junit.platform.console.tasks.CustomContextClassLoaderExecutor.replaceThreadContextClassLoaderAndInvoke(CustomContextClassLoaderExecutor.java:41)
	at org.junit.platform.console.tasks.CustomContextClassLoaderExecutor.invoke(CustomContextClassLoaderExecutor.java:31)
	at org.junit.platform.console.tasks.ConsoleTestExecutor.execute(ConsoleTestExecutor.java:58)
	at org.junit.platform.console.ConsoleLauncher.executeTests(ConsoleLauncher.java:95)
	at org.junit.platform.console.ConsoleLauncher.execute(ConsoleLauncher.java:73)
	at org.junit.platform.console.ConsoleLauncher.execute(ConsoleLauncher.java:50)
	at org.junit.platform.console.ConsoleLauncher.execute(ConsoleLauncher.java:43)
	at org.junit.platform.console.ConsoleLauncher.main(ConsoleLauncher.java:37)
]]></skipped>
<system-out><![CDATA[
unique-id: [engine:junit-jupiter]/[class:minebayd1.test.TestUser]/[test-template:testprevious(minebayd1.User)]/[test-template-invocation:#44]
display-name: [44] Lisa a 45 annonces ouvertes, 4 annonces fermées et 3 achats 

]]></system-out>
</testcase>
<testcase name="testprevious(User)[45]" classname="minebayd1.test.TestUser" time="0">
<skipped><![CDATA[org.opentest4j.TestAbortedException: Assumption failed: assumption is not true
	at org.junit.jupiter.api.Assumptions.throwTestAbortedException(Assumptions.java:256)
	at org.junit.jupiter.api.Assumptions.assumeTrue(Assumptions.java:115)
	at org.junit.jupiter.api.Assumptions.assumeTrue(Assumptions.java:66)
	at minebayd1.test.TestUser.testprevious(TestUser.java:1288)
	at jdk.internal.reflect.GeneratedMethodAccessor15.invoke(Unknown Source)
	at java.base/jdk.internal.reflect.DelegatingMethodAccessorImpl.invoke(DelegatingMethodAccessorImpl.java:43)
	at java.base/java.lang.reflect.Method.invoke(Method.java:569)
	at org.junit.platform.commons.util.ReflectionUtils.invokeMethod(ReflectionUtils.java:688)
	at org.junit.jupiter.engine.execution.MethodInvocation.proceed(MethodInvocation.java:60)
	at org.junit.jupiter.engine.execution.InvocationInterceptorChain$ValidatingInvocation.proceed(InvocationInterceptorChain.java:131)
	at org.junit.jupiter.engine.extension.TimeoutExtension.intercept(TimeoutExtension.java:149)
	at org.junit.jupiter.engine.extension.TimeoutExtension.interceptTestableMethod(TimeoutExtension.java:140)
	at org.junit.jupiter.engine.extension.TimeoutExtension.interceptTestTemplateMethod(TimeoutExtension.java:92)
	at org.junit.jupiter.engine.execution.ExecutableInvoker$ReflectiveInterceptorCall.lambda$ofVoidMethod$0(ExecutableInvoker.java:115)
	at org.junit.jupiter.engine.execution.ExecutableInvoker.lambda$invoke$0(ExecutableInvoker.java:105)
	at org.junit.jupiter.engine.execution.InvocationInterceptorChain$InterceptedInvocation.proceed(InvocationInterceptorChain.java:106)
	at org.junit.jupiter.engine.execution.InvocationInterceptorChain.proceed(InvocationInterceptorChain.java:64)
	at org.junit.jupiter.engine.execution.InvocationInterceptorChain.chainAndInvoke(InvocationInterceptorChain.java:45)
	at org.junit.jupiter.engine.execution.InvocationInterceptorChain.invoke(InvocationInterceptorChain.java:37)
	at org.junit.jupiter.engine.execution.ExecutableInvoker.invoke(ExecutableInvoker.java:104)
	at org.junit.jupiter.engine.execution.ExecutableInvoker.invoke(ExecutableInvoker.java:98)
	at org.junit.jupiter.engine.descriptor.TestMethodTestDescriptor.lambda$invokeTestMethod$6(TestMethodTestDescriptor.java:210)
	at org.junit.platform.engine.support.hierarchical.ThrowableCollector.execute(ThrowableCollector.java:73)
	at org.junit.jupiter.engine.descriptor.TestMethodTestDescriptor.invokeTestMethod(TestMethodTestDescriptor.java:206)
	at org.junit.jupiter.engine.descriptor.TestMethodTestDescriptor.execute(TestMethodTestDescriptor.java:131)
	at org.junit.jupiter.engine.descriptor.TestMethodTestDescriptor.execute(TestMethodTestDescriptor.java:65)
	at org.junit.platform.engine.support.hierarchical.NodeTestTask.lambda$executeRecursively$5(NodeTestTask.java:139)
	at org.junit.platform.engine.support.hierarchical.ThrowableCollector.execute(ThrowableCollector.java:73)
	at org.junit.platform.engine.support.hierarchical.NodeTestTask.lambda$executeRecursively$7(NodeTestTask.java:129)
	at org.junit.platform.engine.support.hierarchical.Node.around(Node.java:137)
	at org.junit.platform.engine.support.hierarchical.NodeTestTask.lambda$executeRecursively$8(NodeTestTask.java:127)
	at org.junit.platform.engine.support.hierarchical.ThrowableCollector.execute(ThrowableCollector.java:73)
	at org.junit.platform.engine.support.hierarchical.NodeTestTask.executeRecursively(NodeTestTask.java:126)
	at org.junit.platform.engine.support.hierarchical.NodeTestTask.execute(NodeTestTask.java:84)
	at org.junit.platform.engine.support.hierarchical.SameThreadHierarchicalTestExecutorService.submit(SameThreadHierarchicalTestExecutorService.java:32)
	at org.junit.platform.engine.support.hierarchical.NodeTestTask$DefaultDynamicTestExecutor.execute(NodeTestTask.java:212)
	at org.junit.platform.engine.support.hierarchical.NodeTestTask$DefaultDynamicTestExecutor.execute(NodeTestTask.java:192)
	at org.junit.jupiter.engine.descriptor.TestTemplateTestDescriptor.execute(TestTemplateTestDescriptor.java:139)
	at org.junit.jupiter.engine.descriptor.TestTemplateTestDescriptor.lambda$execute$2(TestTemplateTestDescriptor.java:107)
	at java.base/java.util.stream.ForEachOps$ForEachOp$OfRef.accept(ForEachOps.java:183)
	at java.base/java.util.stream.ReferencePipeline$3$1.accept(ReferencePipeline.java:197)
	at java.base/java.util.stream.ReferencePipeline$2$1.accept(ReferencePipeline.java:179)
	at java.base/java.util.stream.ReferencePipeline$3$1.accept(ReferencePipeline.java:197)
	at java.base/java.util.stream.ForEachOps$ForEachOp$OfRef.accept(ForEachOps.java:183)
	at java.base/java.util.stream.ReferencePipeline$15$1.accept(ReferencePipeline.java:541)
	at java.base/java.util.stream.ReferencePipeline$3$1.accept(ReferencePipeline.java:197)
	at java.base/java.util.stream.ReferencePipeline$3$1.accept(ReferencePipeline.java:197)
	at java.base/java.util.stream.ReferencePipeline$3$1.accept(ReferencePipeline.java:197)
	at java.base/java.util.stream.ForEachOps$ForEachOp$OfRef.accept(ForEachOps.java:183)
	at java.base/java.util.stream.ReferencePipeline$3$1.accept(ReferencePipeline.java:197)
	at java.base/java.util.stream.ForEachOps$ForEachOp$OfRef.accept(ForEachOps.java:183)
	at java.base/java.util.stream.SliceOps$1$1.accept(SliceOps.java:200)
	at java.base/java.util.stream.StreamSpliterators$InfiniteSupplyingSpliterator$OfRef.tryAdvance(StreamSpliterators.java:1358)
	at java.base/java.util.stream.ReferencePipeline.forEachWithCancel(ReferencePipeline.java:129)
	at java.base/java.util.stream.AbstractPipeline.copyIntoWithCancel(AbstractPipeline.java:527)
	at java.base/java.util.stream.AbstractPipeline.copyInto(AbstractPipeline.java:513)
	at java.base/java.util.stream.AbstractPipeline.wrapAndCopyInto(AbstractPipeline.java:499)
	at java.base/java.util.stream.ForEachOps$ForEachOp.evaluateSequential(ForEachOps.java:150)
	at java.base/java.util.stream.ForEachOps$ForEachOp$OfRef.evaluateSequential(ForEachOps.java:173)
	at java.base/java.util.stream.AbstractPipeline.evaluate(AbstractPipeline.java:234)
	at java.base/java.util.stream.ReferencePipeline.forEach(ReferencePipeline.java:596)
	at java.base/java.util.stream.ReferencePipeline$7$1.accept(ReferencePipeline.java:276)
	at java.base/java.util.stream.ReferencePipeline$3$1.accept(ReferencePipeline.java:197)
	at java.base/java.util.stream.ReferencePipeline$3$1.accept(ReferencePipeline.java:197)
	at java.base/java.util.Spliterators$ArraySpliterator.forEachRemaining(Spliterators.java:992)
	at java.base/java.util.stream.AbstractPipeline.copyInto(AbstractPipeline.java:509)
	at java.base/java.util.stream.AbstractPipeline.wrapAndCopyInto(AbstractPipeline.java:499)
	at java.base/java.util.stream.ForEachOps$ForEachOp.evaluateSequential(ForEachOps.java:150)
	at java.base/java.util.stream.ForEachOps$ForEachOp$OfRef.evaluateSequential(ForEachOps.java:173)
	at java.base/java.util.stream.AbstractPipeline.evaluate(AbstractPipeline.java:234)
	at java.base/java.util.stream.ReferencePipeline.forEach(ReferencePipeline.java:596)
	at java.base/java.util.stream.ReferencePipeline$7$1.accept(ReferencePipeline.java:276)
	at java.base/java.util.stream.ReferencePipeline$3$1.accept(ReferencePipeline.java:197)
	at java.base/java.util.stream.ReferencePipeline$3$1.accept(ReferencePipeline.java:197)
	at java.base/java.util.stream.ReferencePipeline$3$1.accept(ReferencePipeline.java:197)
	at java.base/java.util.ArrayList$ArrayListSpliterator.forEachRemaining(ArrayList.java:1625)
	at java.base/java.util.stream.AbstractPipeline.copyInto(AbstractPipeline.java:509)
	at java.base/java.util.stream.AbstractPipeline.wrapAndCopyInto(AbstractPipeline.java:499)
	at java.base/java.util.stream.ForEachOps$ForEachOp.evaluateSequential(ForEachOps.java:150)
	at java.base/java.util.stream.ForEachOps$ForEachOp$OfRef.evaluateSequential(ForEachOps.java:173)
	at java.base/java.util.stream.AbstractPipeline.evaluate(AbstractPipeline.java:234)
	at java.base/java.util.stream.ReferencePipeline.forEach(ReferencePipeline.java:596)
	at java.base/java.util.stream.ReferencePipeline$7$1.accept(ReferencePipeline.java:276)
	at java.base/java.util.ArrayList$ArrayListSpliterator.forEachRemaining(ArrayList.java:1625)
	at java.base/java.util.stream.AbstractPipeline.copyInto(AbstractPipeline.java:509)
	at java.base/java.util.stream.AbstractPipeline.wrapAndCopyInto(AbstractPipeline.java:499)
	at java.base/java.util.stream.ForEachOps$ForEachOp.evaluateSequential(ForEachOps.java:150)
	at java.base/java.util.stream.ForEachOps$ForEachOp$OfRef.evaluateSequential(ForEachOps.java:173)
	at java.base/java.util.stream.AbstractPipeline.evaluate(AbstractPipeline.java:234)
	at java.base/java.util.stream.ReferencePipeline.forEach(ReferencePipeline.java:596)
	at org.junit.jupiter.engine.descriptor.TestTemplateTestDescriptor.execute(TestTemplateTestDescriptor.java:107)
	at org.junit.jupiter.engine.descriptor.TestTemplateTestDescriptor.execute(TestTemplateTestDescriptor.java:42)
	at org.junit.platform.engine.support.hierarchical.NodeTestTask.lambda$executeRecursively$5(NodeTestTask.java:139)
	at org.junit.platform.engine.support.hierarchical.ThrowableCollector.execute(ThrowableCollector.java:73)
	at org.junit.platform.engine.support.hierarchical.NodeTestTask.lambda$executeRecursively$7(NodeTestTask.java:129)
	at org.junit.platform.engine.support.hierarchical.Node.around(Node.java:137)
	at org.junit.platform.engine.support.hierarchical.NodeTestTask.lambda$executeRecursively$8(NodeTestTask.java:127)
	at org.junit.platform.engine.support.hierarchical.ThrowableCollector.execute(ThrowableCollector.java:73)
	at org.junit.platform.engine.support.hierarchical.NodeTestTask.executeRecursively(NodeTestTask.java:126)
	at org.junit.platform.engine.support.hierarchical.NodeTestTask.execute(NodeTestTask.java:84)
	at java.base/java.util.ArrayList.forEach(ArrayList.java:1511)
	at org.junit.platform.engine.support.hierarchical.SameThreadHierarchicalTestExecutorService.invokeAll(SameThreadHierarchicalTestExecutorService.java:38)
	at org.junit.platform.engine.support.hierarchical.NodeTestTask.lambda$executeRecursively$5(NodeTestTask.java:143)
	at org.junit.platform.engine.support.hierarchical.ThrowableCollector.execute(ThrowableCollector.java:73)
	at org.junit.platform.engine.support.hierarchical.NodeTestTask.lambda$executeRecursively$7(NodeTestTask.java:129)
	at org.junit.platform.engine.support.hierarchical.Node.around(Node.java:137)
	at org.junit.platform.engine.support.hierarchical.NodeTestTask.lambda$executeRecursively$8(NodeTestTask.java:127)
	at org.junit.platform.engine.support.hierarchical.ThrowableCollector.execute(ThrowableCollector.java:73)
	at org.junit.platform.engine.support.hierarchical.NodeTestTask.executeRecursively(NodeTestTask.java:126)
	at org.junit.platform.engine.support.hierarchical.NodeTestTask.execute(NodeTestTask.java:84)
	at java.base/java.util.ArrayList.forEach(ArrayList.java:1511)
	at org.junit.platform.engine.support.hierarchical.SameThreadHierarchicalTestExecutorService.invokeAll(SameThreadHierarchicalTestExecutorService.java:38)
	at org.junit.platform.engine.support.hierarchical.NodeTestTask.lambda$executeRecursively$5(NodeTestTask.java:143)
	at org.junit.platform.engine.support.hierarchical.ThrowableCollector.execute(ThrowableCollector.java:73)
	at org.junit.platform.engine.support.hierarchical.NodeTestTask.lambda$executeRecursively$7(NodeTestTask.java:129)
	at org.junit.platform.engine.support.hierarchical.Node.around(Node.java:137)
	at org.junit.platform.engine.support.hierarchical.NodeTestTask.lambda$executeRecursively$8(NodeTestTask.java:127)
	at org.junit.platform.engine.support.hierarchical.ThrowableCollector.execute(ThrowableCollector.java:73)
	at org.junit.platform.engine.support.hierarchical.NodeTestTask.executeRecursively(NodeTestTask.java:126)
	at org.junit.platform.engine.support.hierarchical.NodeTestTask.execute(NodeTestTask.java:84)
	at org.junit.platform.engine.support.hierarchical.SameThreadHierarchicalTestExecutorService.submit(SameThreadHierarchicalTestExecutorService.java:32)
	at org.junit.platform.engine.support.hierarchical.HierarchicalTestExecutor.execute(HierarchicalTestExecutor.java:57)
	at org.junit.platform.engine.support.hierarchical.HierarchicalTestEngine.execute(HierarchicalTestEngine.java:51)
	at org.junit.platform.launcher.core.EngineExecutionOrchestrator.execute(EngineExecutionOrchestrator.java:108)
	at org.junit.platform.launcher.core.EngineExecutionOrchestrator.execute(EngineExecutionOrchestrator.java:88)
	at org.junit.platform.launcher.core.EngineExecutionOrchestrator.lambda$execute$0(EngineExecutionOrchestrator.java:54)
	at org.junit.platform.launcher.core.EngineExecutionOrchestrator.withInterceptedStreams(EngineExecutionOrchestrator.java:67)
	at org.junit.platform.launcher.core.EngineExecutionOrchestrator.execute(EngineExecutionOrchestrator.java:52)
	at org.junit.platform.launcher.core.DefaultLauncher.execute(DefaultLauncher.java:96)
	at org.junit.platform.launcher.core.DefaultLauncher.execute(DefaultLauncher.java:75)
	at org.junit.platform.console.tasks.ConsoleTestExecutor.executeTests(ConsoleTestExecutor.java:66)
	at org.junit.platform.console.tasks.ConsoleTestExecutor.lambda$execute$0(ConsoleTestExecutor.java:58)
	at org.junit.platform.console.tasks.CustomContextClassLoaderExecutor.replaceThreadContextClassLoaderAndInvoke(CustomContextClassLoaderExecutor.java:41)
	at org.junit.platform.console.tasks.CustomContextClassLoaderExecutor.invoke(CustomContextClassLoaderExecutor.java:31)
	at org.junit.platform.console.tasks.ConsoleTestExecutor.execute(ConsoleTestExecutor.java:58)
	at org.junit.platform.console.ConsoleLauncher.executeTests(ConsoleLauncher.java:95)
	at org.junit.platform.console.ConsoleLauncher.execute(ConsoleLauncher.java:73)
	at org.junit.platform.console.ConsoleLauncher.execute(ConsoleLauncher.java:50)
	at org.junit.platform.console.ConsoleLauncher.execute(ConsoleLauncher.java:43)
	at org.junit.platform.console.ConsoleLauncher.main(ConsoleLauncher.java:37)
]]></skipped>
<system-out><![CDATA[
unique-id: [engine:junit-jupiter]/[class:minebayd1.test.TestUser]/[test-template:testprevious(minebayd1.User)]/[test-template-invocation:#45]
display-name: [45] Yanis a 61 annonces ouvertes, 4 annonces fermées et 3 achats 

]]></system-out>
</testcase>
<testcase name="testprevious(User)[46]" classname="minebayd1.test.TestUser" time="0">
<skipped><![CDATA[org.opentest4j.TestAbortedException: Assumption failed: assumption is not true
	at org.junit.jupiter.api.Assumptions.throwTestAbortedException(Assumptions.java:256)
	at org.junit.jupiter.api.Assumptions.assumeTrue(Assumptions.java:115)
	at org.junit.jupiter.api.Assumptions.assumeTrue(Assumptions.java:66)
	at minebayd1.test.TestUser.testprevious(TestUser.java:1288)
	at jdk.internal.reflect.GeneratedMethodAccessor15.invoke(Unknown Source)
	at java.base/jdk.internal.reflect.DelegatingMethodAccessorImpl.invoke(DelegatingMethodAccessorImpl.java:43)
	at java.base/java.lang.reflect.Method.invoke(Method.java:569)
	at org.junit.platform.commons.util.ReflectionUtils.invokeMethod(ReflectionUtils.java:688)
	at org.junit.jupiter.engine.execution.MethodInvocation.proceed(MethodInvocation.java:60)
	at org.junit.jupiter.engine.execution.InvocationInterceptorChain$ValidatingInvocation.proceed(InvocationInterceptorChain.java:131)
	at org.junit.jupiter.engine.extension.TimeoutExtension.intercept(TimeoutExtension.java:149)
	at org.junit.jupiter.engine.extension.TimeoutExtension.interceptTestableMethod(TimeoutExtension.java:140)
	at org.junit.jupiter.engine.extension.TimeoutExtension.interceptTestTemplateMethod(TimeoutExtension.java:92)
	at org.junit.jupiter.engine.execution.ExecutableInvoker$ReflectiveInterceptorCall.lambda$ofVoidMethod$0(ExecutableInvoker.java:115)
	at org.junit.jupiter.engine.execution.ExecutableInvoker.lambda$invoke$0(ExecutableInvoker.java:105)
	at org.junit.jupiter.engine.execution.InvocationInterceptorChain$InterceptedInvocation.proceed(InvocationInterceptorChain.java:106)
	at org.junit.jupiter.engine.execution.InvocationInterceptorChain.proceed(InvocationInterceptorChain.java:64)
	at org.junit.jupiter.engine.execution.InvocationInterceptorChain.chainAndInvoke(InvocationInterceptorChain.java:45)
	at org.junit.jupiter.engine.execution.InvocationInterceptorChain.invoke(InvocationInterceptorChain.java:37)
	at org.junit.jupiter.engine.execution.ExecutableInvoker.invoke(ExecutableInvoker.java:104)
	at org.junit.jupiter.engine.execution.ExecutableInvoker.invoke(ExecutableInvoker.java:98)
	at org.junit.jupiter.engine.descriptor.TestMethodTestDescriptor.lambda$invokeTestMethod$6(TestMethodTestDescriptor.java:210)
	at org.junit.platform.engine.support.hierarchical.ThrowableCollector.execute(ThrowableCollector.java:73)
	at org.junit.jupiter.engine.descriptor.TestMethodTestDescriptor.invokeTestMethod(TestMethodTestDescriptor.java:206)
	at org.junit.jupiter.engine.descriptor.TestMethodTestDescriptor.execute(TestMethodTestDescriptor.java:131)
	at org.junit.jupiter.engine.descriptor.TestMethodTestDescriptor.execute(TestMethodTestDescriptor.java:65)
	at org.junit.platform.engine.support.hierarchical.NodeTestTask.lambda$executeRecursively$5(NodeTestTask.java:139)
	at org.junit.platform.engine.support.hierarchical.ThrowableCollector.execute(ThrowableCollector.java:73)
	at org.junit.platform.engine.support.hierarchical.NodeTestTask.lambda$executeRecursively$7(NodeTestTask.java:129)
	at org.junit.platform.engine.support.hierarchical.Node.around(Node.java:137)
	at org.junit.platform.engine.support.hierarchical.NodeTestTask.lambda$executeRecursively$8(NodeTestTask.java:127)
	at org.junit.platform.engine.support.hierarchical.ThrowableCollector.execute(ThrowableCollector.java:73)
	at org.junit.platform.engine.support.hierarchical.NodeTestTask.executeRecursively(NodeTestTask.java:126)
	at org.junit.platform.engine.support.hierarchical.NodeTestTask.execute(NodeTestTask.java:84)
	at org.junit.platform.engine.support.hierarchical.SameThreadHierarchicalTestExecutorService.submit(SameThreadHierarchicalTestExecutorService.java:32)
	at org.junit.platform.engine.support.hierarchical.NodeTestTask$DefaultDynamicTestExecutor.execute(NodeTestTask.java:212)
	at org.junit.platform.engine.support.hierarchical.NodeTestTask$DefaultDynamicTestExecutor.execute(NodeTestTask.java:192)
	at org.junit.jupiter.engine.descriptor.TestTemplateTestDescriptor.execute(TestTemplateTestDescriptor.java:139)
	at org.junit.jupiter.engine.descriptor.TestTemplateTestDescriptor.lambda$execute$2(TestTemplateTestDescriptor.java:107)
	at java.base/java.util.stream.ForEachOps$ForEachOp$OfRef.accept(ForEachOps.java:183)
	at java.base/java.util.stream.ReferencePipeline$3$1.accept(ReferencePipeline.java:197)
	at java.base/java.util.stream.ReferencePipeline$2$1.accept(ReferencePipeline.java:179)
	at java.base/java.util.stream.ReferencePipeline$3$1.accept(ReferencePipeline.java:197)
	at java.base/java.util.stream.ForEachOps$ForEachOp$OfRef.accept(ForEachOps.java:183)
	at java.base/java.util.stream.ReferencePipeline$15$1.accept(ReferencePipeline.java:541)
	at java.base/java.util.stream.ReferencePipeline$3$1.accept(ReferencePipeline.java:197)
	at java.base/java.util.stream.ReferencePipeline$3$1.accept(ReferencePipeline.java:197)
	at java.base/java.util.stream.ReferencePipeline$3$1.accept(ReferencePipeline.java:197)
	at java.base/java.util.stream.ForEachOps$ForEachOp$OfRef.accept(ForEachOps.java:183)
	at java.base/java.util.stream.ReferencePipeline$3$1.accept(ReferencePipeline.java:197)
	at java.base/java.util.stream.ForEachOps$ForEachOp$OfRef.accept(ForEachOps.java:183)
	at java.base/java.util.stream.SliceOps$1$1.accept(SliceOps.java:200)
	at java.base/java.util.stream.StreamSpliterators$InfiniteSupplyingSpliterator$OfRef.tryAdvance(StreamSpliterators.java:1358)
	at java.base/java.util.stream.ReferencePipeline.forEachWithCancel(ReferencePipeline.java:129)
	at java.base/java.util.stream.AbstractPipeline.copyIntoWithCancel(AbstractPipeline.java:527)
	at java.base/java.util.stream.AbstractPipeline.copyInto(AbstractPipeline.java:513)
	at java.base/java.util.stream.AbstractPipeline.wrapAndCopyInto(AbstractPipeline.java:499)
	at java.base/java.util.stream.ForEachOps$ForEachOp.evaluateSequential(ForEachOps.java:150)
	at java.base/java.util.stream.ForEachOps$ForEachOp$OfRef.evaluateSequential(ForEachOps.java:173)
	at java.base/java.util.stream.AbstractPipeline.evaluate(AbstractPipeline.java:234)
	at java.base/java.util.stream.ReferencePipeline.forEach(ReferencePipeline.java:596)
	at java.base/java.util.stream.ReferencePipeline$7$1.accept(ReferencePipeline.java:276)
	at java.base/java.util.stream.ReferencePipeline$3$1.accept(ReferencePipeline.java:197)
	at java.base/java.util.stream.ReferencePipeline$3$1.accept(ReferencePipeline.java:197)
	at java.base/java.util.Spliterators$ArraySpliterator.forEachRemaining(Spliterators.java:992)
	at java.base/java.util.stream.AbstractPipeline.copyInto(AbstractPipeline.java:509)
	at java.base/java.util.stream.AbstractPipeline.wrapAndCopyInto(AbstractPipeline.java:499)
	at java.base/java.util.stream.ForEachOps$ForEachOp.evaluateSequential(ForEachOps.java:150)
	at java.base/java.util.stream.ForEachOps$ForEachOp$OfRef.evaluateSequential(ForEachOps.java:173)
	at java.base/java.util.stream.AbstractPipeline.evaluate(AbstractPipeline.java:234)
	at java.base/java.util.stream.ReferencePipeline.forEach(ReferencePipeline.java:596)
	at java.base/java.util.stream.ReferencePipeline$7$1.accept(ReferencePipeline.java:276)
	at java.base/java.util.stream.ReferencePipeline$3$1.accept(ReferencePipeline.java:197)
	at java.base/java.util.stream.ReferencePipeline$3$1.accept(ReferencePipeline.java:197)
	at java.base/java.util.stream.ReferencePipeline$3$1.accept(ReferencePipeline.java:197)
	at java.base/java.util.ArrayList$ArrayListSpliterator.forEachRemaining(ArrayList.java:1625)
	at java.base/java.util.stream.AbstractPipeline.copyInto(AbstractPipeline.java:509)
	at java.base/java.util.stream.AbstractPipeline.wrapAndCopyInto(AbstractPipeline.java:499)
	at java.base/java.util.stream.ForEachOps$ForEachOp.evaluateSequential(ForEachOps.java:150)
	at java.base/java.util.stream.ForEachOps$ForEachOp$OfRef.evaluateSequential(ForEachOps.java:173)
	at java.base/java.util.stream.AbstractPipeline.evaluate(AbstractPipeline.java:234)
	at java.base/java.util.stream.ReferencePipeline.forEach(ReferencePipeline.java:596)
	at java.base/java.util.stream.ReferencePipeline$7$1.accept(ReferencePipeline.java:276)
	at java.base/java.util.ArrayList$ArrayListSpliterator.forEachRemaining(ArrayList.java:1625)
	at java.base/java.util.stream.AbstractPipeline.copyInto(AbstractPipeline.java:509)
	at java.base/java.util.stream.AbstractPipeline.wrapAndCopyInto(AbstractPipeline.java:499)
	at java.base/java.util.stream.ForEachOps$ForEachOp.evaluateSequential(ForEachOps.java:150)
	at java.base/java.util.stream.ForEachOps$ForEachOp$OfRef.evaluateSequential(ForEachOps.java:173)
	at java.base/java.util.stream.AbstractPipeline.evaluate(AbstractPipeline.java:234)
	at java.base/java.util.stream.ReferencePipeline.forEach(ReferencePipeline.java:596)
	at org.junit.jupiter.engine.descriptor.TestTemplateTestDescriptor.execute(TestTemplateTestDescriptor.java:107)
	at org.junit.jupiter.engine.descriptor.TestTemplateTestDescriptor.execute(TestTemplateTestDescriptor.java:42)
	at org.junit.platform.engine.support.hierarchical.NodeTestTask.lambda$executeRecursively$5(NodeTestTask.java:139)
	at org.junit.platform.engine.support.hierarchical.ThrowableCollector.execute(ThrowableCollector.java:73)
	at org.junit.platform.engine.support.hierarchical.NodeTestTask.lambda$executeRecursively$7(NodeTestTask.java:129)
	at org.junit.platform.engine.support.hierarchical.Node.around(Node.java:137)
	at org.junit.platform.engine.support.hierarchical.NodeTestTask.lambda$executeRecursively$8(NodeTestTask.java:127)
	at org.junit.platform.engine.support.hierarchical.ThrowableCollector.execute(ThrowableCollector.java:73)
	at org.junit.platform.engine.support.hierarchical.NodeTestTask.executeRecursively(NodeTestTask.java:126)
	at org.junit.platform.engine.support.hierarchical.NodeTestTask.execute(NodeTestTask.java:84)
	at java.base/java.util.ArrayList.forEach(ArrayList.java:1511)
	at org.junit.platform.engine.support.hierarchical.SameThreadHierarchicalTestExecutorService.invokeAll(SameThreadHierarchicalTestExecutorService.java:38)
	at org.junit.platform.engine.support.hierarchical.NodeTestTask.lambda$executeRecursively$5(NodeTestTask.java:143)
	at org.junit.platform.engine.support.hierarchical.ThrowableCollector.execute(ThrowableCollector.java:73)
	at org.junit.platform.engine.support.hierarchical.NodeTestTask.lambda$executeRecursively$7(NodeTestTask.java:129)
	at org.junit.platform.engine.support.hierarchical.Node.around(Node.java:137)
	at org.junit.platform.engine.support.hierarchical.NodeTestTask.lambda$executeRecursively$8(NodeTestTask.java:127)
	at org.junit.platform.engine.support.hierarchical.ThrowableCollector.execute(ThrowableCollector.java:73)
	at org.junit.platform.engine.support.hierarchical.NodeTestTask.executeRecursively(NodeTestTask.java:126)
	at org.junit.platform.engine.support.hierarchical.NodeTestTask.execute(NodeTestTask.java:84)
	at java.base/java.util.ArrayList.forEach(ArrayList.java:1511)
	at org.junit.platform.engine.support.hierarchical.SameThreadHierarchicalTestExecutorService.invokeAll(SameThreadHierarchicalTestExecutorService.java:38)
	at org.junit.platform.engine.support.hierarchical.NodeTestTask.lambda$executeRecursively$5(NodeTestTask.java:143)
	at org.junit.platform.engine.support.hierarchical.ThrowableCollector.execute(ThrowableCollector.java:73)
	at org.junit.platform.engine.support.hierarchical.NodeTestTask.lambda$executeRecursively$7(NodeTestTask.java:129)
	at org.junit.platform.engine.support.hierarchical.Node.around(Node.java:137)
	at org.junit.platform.engine.support.hierarchical.NodeTestTask.lambda$executeRecursively$8(NodeTestTask.java:127)
	at org.junit.platform.engine.support.hierarchical.ThrowableCollector.execute(ThrowableCollector.java:73)
	at org.junit.platform.engine.support.hierarchical.NodeTestTask.executeRecursively(NodeTestTask.java:126)
	at org.junit.platform.engine.support.hierarchical.NodeTestTask.execute(NodeTestTask.java:84)
	at org.junit.platform.engine.support.hierarchical.SameThreadHierarchicalTestExecutorService.submit(SameThreadHierarchicalTestExecutorService.java:32)
	at org.junit.platform.engine.support.hierarchical.HierarchicalTestExecutor.execute(HierarchicalTestExecutor.java:57)
	at org.junit.platform.engine.support.hierarchical.HierarchicalTestEngine.execute(HierarchicalTestEngine.java:51)
	at org.junit.platform.launcher.core.EngineExecutionOrchestrator.execute(EngineExecutionOrchestrator.java:108)
	at org.junit.platform.launcher.core.EngineExecutionOrchestrator.execute(EngineExecutionOrchestrator.java:88)
	at org.junit.platform.launcher.core.EngineExecutionOrchestrator.lambda$execute$0(EngineExecutionOrchestrator.java:54)
	at org.junit.platform.launcher.core.EngineExecutionOrchestrator.withInterceptedStreams(EngineExecutionOrchestrator.java:67)
	at org.junit.platform.launcher.core.EngineExecutionOrchestrator.execute(EngineExecutionOrchestrator.java:52)
	at org.junit.platform.launcher.core.DefaultLauncher.execute(DefaultLauncher.java:96)
	at org.junit.platform.launcher.core.DefaultLauncher.execute(DefaultLauncher.java:75)
	at org.junit.platform.console.tasks.ConsoleTestExecutor.executeTests(ConsoleTestExecutor.java:66)
	at org.junit.platform.console.tasks.ConsoleTestExecutor.lambda$execute$0(ConsoleTestExecutor.java:58)
	at org.junit.platform.console.tasks.CustomContextClassLoaderExecutor.replaceThreadContextClassLoaderAndInvoke(CustomContextClassLoaderExecutor.java:41)
	at org.junit.platform.console.tasks.CustomContextClassLoaderExecutor.invoke(CustomContextClassLoaderExecutor.java:31)
	at org.junit.platform.console.tasks.ConsoleTestExecutor.execute(ConsoleTestExecutor.java:58)
	at org.junit.platform.console.ConsoleLauncher.executeTests(ConsoleLauncher.java:95)
	at org.junit.platform.console.ConsoleLauncher.execute(ConsoleLauncher.java:73)
	at org.junit.platform.console.ConsoleLauncher.execute(ConsoleLauncher.java:50)
	at org.junit.platform.console.ConsoleLauncher.execute(ConsoleLauncher.java:43)
	at org.junit.platform.console.ConsoleLauncher.main(ConsoleLauncher.java:37)
]]></skipped>
<system-out><![CDATA[
unique-id: [engine:junit-jupiter]/[class:minebayd1.test.TestUser]/[test-template:testprevious(minebayd1.User)]/[test-template-invocation:#46]
display-name: [46] Sheraz a 49 annonces ouvertes, 3 annonces fermées et 6 achats 

]]></system-out>
</testcase>
<testcase name="testprevious(User)[47]" classname="minebayd1.test.TestUser" time="0">
<skipped><![CDATA[org.opentest4j.TestAbortedException: Assumption failed: assumption is not true
	at org.junit.jupiter.api.Assumptions.throwTestAbortedException(Assumptions.java:256)
	at org.junit.jupiter.api.Assumptions.assumeTrue(Assumptions.java:115)
	at org.junit.jupiter.api.Assumptions.assumeTrue(Assumptions.java:66)
	at minebayd1.test.TestUser.testprevious(TestUser.java:1288)
	at jdk.internal.reflect.GeneratedMethodAccessor15.invoke(Unknown Source)
	at java.base/jdk.internal.reflect.DelegatingMethodAccessorImpl.invoke(DelegatingMethodAccessorImpl.java:43)
	at java.base/java.lang.reflect.Method.invoke(Method.java:569)
	at org.junit.platform.commons.util.ReflectionUtils.invokeMethod(ReflectionUtils.java:688)
	at org.junit.jupiter.engine.execution.MethodInvocation.proceed(MethodInvocation.java:60)
	at org.junit.jupiter.engine.execution.InvocationInterceptorChain$ValidatingInvocation.proceed(InvocationInterceptorChain.java:131)
	at org.junit.jupiter.engine.extension.TimeoutExtension.intercept(TimeoutExtension.java:149)
	at org.junit.jupiter.engine.extension.TimeoutExtension.interceptTestableMethod(TimeoutExtension.java:140)
	at org.junit.jupiter.engine.extension.TimeoutExtension.interceptTestTemplateMethod(TimeoutExtension.java:92)
	at org.junit.jupiter.engine.execution.ExecutableInvoker$ReflectiveInterceptorCall.lambda$ofVoidMethod$0(ExecutableInvoker.java:115)
	at org.junit.jupiter.engine.execution.ExecutableInvoker.lambda$invoke$0(ExecutableInvoker.java:105)
	at org.junit.jupiter.engine.execution.InvocationInterceptorChain$InterceptedInvocation.proceed(InvocationInterceptorChain.java:106)
	at org.junit.jupiter.engine.execution.InvocationInterceptorChain.proceed(InvocationInterceptorChain.java:64)
	at org.junit.jupiter.engine.execution.InvocationInterceptorChain.chainAndInvoke(InvocationInterceptorChain.java:45)
	at org.junit.jupiter.engine.execution.InvocationInterceptorChain.invoke(InvocationInterceptorChain.java:37)
	at org.junit.jupiter.engine.execution.ExecutableInvoker.invoke(ExecutableInvoker.java:104)
	at org.junit.jupiter.engine.execution.ExecutableInvoker.invoke(ExecutableInvoker.java:98)
	at org.junit.jupiter.engine.descriptor.TestMethodTestDescriptor.lambda$invokeTestMethod$6(TestMethodTestDescriptor.java:210)
	at org.junit.platform.engine.support.hierarchical.ThrowableCollector.execute(ThrowableCollector.java:73)
	at org.junit.jupiter.engine.descriptor.TestMethodTestDescriptor.invokeTestMethod(TestMethodTestDescriptor.java:206)
	at org.junit.jupiter.engine.descriptor.TestMethodTestDescriptor.execute(TestMethodTestDescriptor.java:131)
	at org.junit.jupiter.engine.descriptor.TestMethodTestDescriptor.execute(TestMethodTestDescriptor.java:65)
	at org.junit.platform.engine.support.hierarchical.NodeTestTask.lambda$executeRecursively$5(NodeTestTask.java:139)
	at org.junit.platform.engine.support.hierarchical.ThrowableCollector.execute(ThrowableCollector.java:73)
	at org.junit.platform.engine.support.hierarchical.NodeTestTask.lambda$executeRecursively$7(NodeTestTask.java:129)
	at org.junit.platform.engine.support.hierarchical.Node.around(Node.java:137)
	at org.junit.platform.engine.support.hierarchical.NodeTestTask.lambda$executeRecursively$8(NodeTestTask.java:127)
	at org.junit.platform.engine.support.hierarchical.ThrowableCollector.execute(ThrowableCollector.java:73)
	at org.junit.platform.engine.support.hierarchical.NodeTestTask.executeRecursively(NodeTestTask.java:126)
	at org.junit.platform.engine.support.hierarchical.NodeTestTask.execute(NodeTestTask.java:84)
	at org.junit.platform.engine.support.hierarchical.SameThreadHierarchicalTestExecutorService.submit(SameThreadHierarchicalTestExecutorService.java:32)
	at org.junit.platform.engine.support.hierarchical.NodeTestTask$DefaultDynamicTestExecutor.execute(NodeTestTask.java:212)
	at org.junit.platform.engine.support.hierarchical.NodeTestTask$DefaultDynamicTestExecutor.execute(NodeTestTask.java:192)
	at org.junit.jupiter.engine.descriptor.TestTemplateTestDescriptor.execute(TestTemplateTestDescriptor.java:139)
	at org.junit.jupiter.engine.descriptor.TestTemplateTestDescriptor.lambda$execute$2(TestTemplateTestDescriptor.java:107)
	at java.base/java.util.stream.ForEachOps$ForEachOp$OfRef.accept(ForEachOps.java:183)
	at java.base/java.util.stream.ReferencePipeline$3$1.accept(ReferencePipeline.java:197)
	at java.base/java.util.stream.ReferencePipeline$2$1.accept(ReferencePipeline.java:179)
	at java.base/java.util.stream.ReferencePipeline$3$1.accept(ReferencePipeline.java:197)
	at java.base/java.util.stream.ForEachOps$ForEachOp$OfRef.accept(ForEachOps.java:183)
	at java.base/java.util.stream.ReferencePipeline$15$1.accept(ReferencePipeline.java:541)
	at java.base/java.util.stream.ReferencePipeline$3$1.accept(ReferencePipeline.java:197)
	at java.base/java.util.stream.ReferencePipeline$3$1.accept(ReferencePipeline.java:197)
	at java.base/java.util.stream.ReferencePipeline$3$1.accept(ReferencePipeline.java:197)
	at java.base/java.util.stream.ForEachOps$ForEachOp$OfRef.accept(ForEachOps.java:183)
	at java.base/java.util.stream.ReferencePipeline$3$1.accept(ReferencePipeline.java:197)
	at java.base/java.util.stream.ForEachOps$ForEachOp$OfRef.accept(ForEachOps.java:183)
	at java.base/java.util.stream.SliceOps$1$1.accept(SliceOps.java:200)
	at java.base/java.util.stream.StreamSpliterators$InfiniteSupplyingSpliterator$OfRef.tryAdvance(StreamSpliterators.java:1358)
	at java.base/java.util.stream.ReferencePipeline.forEachWithCancel(ReferencePipeline.java:129)
	at java.base/java.util.stream.AbstractPipeline.copyIntoWithCancel(AbstractPipeline.java:527)
	at java.base/java.util.stream.AbstractPipeline.copyInto(AbstractPipeline.java:513)
	at java.base/java.util.stream.AbstractPipeline.wrapAndCopyInto(AbstractPipeline.java:499)
	at java.base/java.util.stream.ForEachOps$ForEachOp.evaluateSequential(ForEachOps.java:150)
	at java.base/java.util.stream.ForEachOps$ForEachOp$OfRef.evaluateSequential(ForEachOps.java:173)
	at java.base/java.util.stream.AbstractPipeline.evaluate(AbstractPipeline.java:234)
	at java.base/java.util.stream.ReferencePipeline.forEach(ReferencePipeline.java:596)
	at java.base/java.util.stream.ReferencePipeline$7$1.accept(ReferencePipeline.java:276)
	at java.base/java.util.stream.ReferencePipeline$3$1.accept(ReferencePipeline.java:197)
	at java.base/java.util.stream.ReferencePipeline$3$1.accept(ReferencePipeline.java:197)
	at java.base/java.util.Spliterators$ArraySpliterator.forEachRemaining(Spliterators.java:992)
	at java.base/java.util.stream.AbstractPipeline.copyInto(AbstractPipeline.java:509)
	at java.base/java.util.stream.AbstractPipeline.wrapAndCopyInto(AbstractPipeline.java:499)
	at java.base/java.util.stream.ForEachOps$ForEachOp.evaluateSequential(ForEachOps.java:150)
	at java.base/java.util.stream.ForEachOps$ForEachOp$OfRef.evaluateSequential(ForEachOps.java:173)
	at java.base/java.util.stream.AbstractPipeline.evaluate(AbstractPipeline.java:234)
	at java.base/java.util.stream.ReferencePipeline.forEach(ReferencePipeline.java:596)
	at java.base/java.util.stream.ReferencePipeline$7$1.accept(ReferencePipeline.java:276)
	at java.base/java.util.stream.ReferencePipeline$3$1.accept(ReferencePipeline.java:197)
	at java.base/java.util.stream.ReferencePipeline$3$1.accept(ReferencePipeline.java:197)
	at java.base/java.util.stream.ReferencePipeline$3$1.accept(ReferencePipeline.java:197)
	at java.base/java.util.ArrayList$ArrayListSpliterator.forEachRemaining(ArrayList.java:1625)
	at java.base/java.util.stream.AbstractPipeline.copyInto(AbstractPipeline.java:509)
	at java.base/java.util.stream.AbstractPipeline.wrapAndCopyInto(AbstractPipeline.java:499)
	at java.base/java.util.stream.ForEachOps$ForEachOp.evaluateSequential(ForEachOps.java:150)
	at java.base/java.util.stream.ForEachOps$ForEachOp$OfRef.evaluateSequential(ForEachOps.java:173)
	at java.base/java.util.stream.AbstractPipeline.evaluate(AbstractPipeline.java:234)
	at java.base/java.util.stream.ReferencePipeline.forEach(ReferencePipeline.java:596)
	at java.base/java.util.stream.ReferencePipeline$7$1.accept(ReferencePipeline.java:276)
	at java.base/java.util.ArrayList$ArrayListSpliterator.forEachRemaining(ArrayList.java:1625)
	at java.base/java.util.stream.AbstractPipeline.copyInto(AbstractPipeline.java:509)
	at java.base/java.util.stream.AbstractPipeline.wrapAndCopyInto(AbstractPipeline.java:499)
	at java.base/java.util.stream.ForEachOps$ForEachOp.evaluateSequential(ForEachOps.java:150)
	at java.base/java.util.stream.ForEachOps$ForEachOp$OfRef.evaluateSequential(ForEachOps.java:173)
	at java.base/java.util.stream.AbstractPipeline.evaluate(AbstractPipeline.java:234)
	at java.base/java.util.stream.ReferencePipeline.forEach(ReferencePipeline.java:596)
	at org.junit.jupiter.engine.descriptor.TestTemplateTestDescriptor.execute(TestTemplateTestDescriptor.java:107)
	at org.junit.jupiter.engine.descriptor.TestTemplateTestDescriptor.execute(TestTemplateTestDescriptor.java:42)
	at org.junit.platform.engine.support.hierarchical.NodeTestTask.lambda$executeRecursively$5(NodeTestTask.java:139)
	at org.junit.platform.engine.support.hierarchical.ThrowableCollector.execute(ThrowableCollector.java:73)
	at org.junit.platform.engine.support.hierarchical.NodeTestTask.lambda$executeRecursively$7(NodeTestTask.java:129)
	at org.junit.platform.engine.support.hierarchical.Node.around(Node.java:137)
	at org.junit.platform.engine.support.hierarchical.NodeTestTask.lambda$executeRecursively$8(NodeTestTask.java:127)
	at org.junit.platform.engine.support.hierarchical.ThrowableCollector.execute(ThrowableCollector.java:73)
	at org.junit.platform.engine.support.hierarchical.NodeTestTask.executeRecursively(NodeTestTask.java:126)
	at org.junit.platform.engine.support.hierarchical.NodeTestTask.execute(NodeTestTask.java:84)
	at java.base/java.util.ArrayList.forEach(ArrayList.java:1511)
	at org.junit.platform.engine.support.hierarchical.SameThreadHierarchicalTestExecutorService.invokeAll(SameThreadHierarchicalTestExecutorService.java:38)
	at org.junit.platform.engine.support.hierarchical.NodeTestTask.lambda$executeRecursively$5(NodeTestTask.java:143)
	at org.junit.platform.engine.support.hierarchical.ThrowableCollector.execute(ThrowableCollector.java:73)
	at org.junit.platform.engine.support.hierarchical.NodeTestTask.lambda$executeRecursively$7(NodeTestTask.java:129)
	at org.junit.platform.engine.support.hierarchical.Node.around(Node.java:137)
	at org.junit.platform.engine.support.hierarchical.NodeTestTask.lambda$executeRecursively$8(NodeTestTask.java:127)
	at org.junit.platform.engine.support.hierarchical.ThrowableCollector.execute(ThrowableCollector.java:73)
	at org.junit.platform.engine.support.hierarchical.NodeTestTask.executeRecursively(NodeTestTask.java:126)
	at org.junit.platform.engine.support.hierarchical.NodeTestTask.execute(NodeTestTask.java:84)
	at java.base/java.util.ArrayList.forEach(ArrayList.java:1511)
	at org.junit.platform.engine.support.hierarchical.SameThreadHierarchicalTestExecutorService.invokeAll(SameThreadHierarchicalTestExecutorService.java:38)
	at org.junit.platform.engine.support.hierarchical.NodeTestTask.lambda$executeRecursively$5(NodeTestTask.java:143)
	at org.junit.platform.engine.support.hierarchical.ThrowableCollector.execute(ThrowableCollector.java:73)
	at org.junit.platform.engine.support.hierarchical.NodeTestTask.lambda$executeRecursively$7(NodeTestTask.java:129)
	at org.junit.platform.engine.support.hierarchical.Node.around(Node.java:137)
	at org.junit.platform.engine.support.hierarchical.NodeTestTask.lambda$executeRecursively$8(NodeTestTask.java:127)
	at org.junit.platform.engine.support.hierarchical.ThrowableCollector.execute(ThrowableCollector.java:73)
	at org.junit.platform.engine.support.hierarchical.NodeTestTask.executeRecursively(NodeTestTask.java:126)
	at org.junit.platform.engine.support.hierarchical.NodeTestTask.execute(NodeTestTask.java:84)
	at org.junit.platform.engine.support.hierarchical.SameThreadHierarchicalTestExecutorService.submit(SameThreadHierarchicalTestExecutorService.java:32)
	at org.junit.platform.engine.support.hierarchical.HierarchicalTestExecutor.execute(HierarchicalTestExecutor.java:57)
	at org.junit.platform.engine.support.hierarchical.HierarchicalTestEngine.execute(HierarchicalTestEngine.java:51)
	at org.junit.platform.launcher.core.EngineExecutionOrchestrator.execute(EngineExecutionOrchestrator.java:108)
	at org.junit.platform.launcher.core.EngineExecutionOrchestrator.execute(EngineExecutionOrchestrator.java:88)
	at org.junit.platform.launcher.core.EngineExecutionOrchestrator.lambda$execute$0(EngineExecutionOrchestrator.java:54)
	at org.junit.platform.launcher.core.EngineExecutionOrchestrator.withInterceptedStreams(EngineExecutionOrchestrator.java:67)
	at org.junit.platform.launcher.core.EngineExecutionOrchestrator.execute(EngineExecutionOrchestrator.java:52)
	at org.junit.platform.launcher.core.DefaultLauncher.execute(DefaultLauncher.java:96)
	at org.junit.platform.launcher.core.DefaultLauncher.execute(DefaultLauncher.java:75)
	at org.junit.platform.console.tasks.ConsoleTestExecutor.executeTests(ConsoleTestExecutor.java:66)
	at org.junit.platform.console.tasks.ConsoleTestExecutor.lambda$execute$0(ConsoleTestExecutor.java:58)
	at org.junit.platform.console.tasks.CustomContextClassLoaderExecutor.replaceThreadContextClassLoaderAndInvoke(CustomContextClassLoaderExecutor.java:41)
	at org.junit.platform.console.tasks.CustomContextClassLoaderExecutor.invoke(CustomContextClassLoaderExecutor.java:31)
	at org.junit.platform.console.tasks.ConsoleTestExecutor.execute(ConsoleTestExecutor.java:58)
	at org.junit.platform.console.ConsoleLauncher.executeTests(ConsoleLauncher.java:95)
	at org.junit.platform.console.ConsoleLauncher.execute(ConsoleLauncher.java:73)
	at org.junit.platform.console.ConsoleLauncher.execute(ConsoleLauncher.java:50)
	at org.junit.platform.console.ConsoleLauncher.execute(ConsoleLauncher.java:43)
	at org.junit.platform.console.ConsoleLauncher.main(ConsoleLauncher.java:37)
]]></skipped>
<system-out><![CDATA[
unique-id: [engine:junit-jupiter]/[class:minebayd1.test.TestUser]/[test-template:testprevious(minebayd1.User)]/[test-template-invocation:#47]
display-name: [47] Sheraz a 49 annonces ouvertes, 3 annonces fermées et 6 achats 

]]></system-out>
</testcase>
<testcase name="testprevious(User)[48]" classname="minebayd1.test.TestUser" time="0">
<skipped><![CDATA[org.opentest4j.TestAbortedException: Assumption failed: assumption is not true
	at org.junit.jupiter.api.Assumptions.throwTestAbortedException(Assumptions.java:256)
	at org.junit.jupiter.api.Assumptions.assumeTrue(Assumptions.java:115)
	at org.junit.jupiter.api.Assumptions.assumeTrue(Assumptions.java:66)
	at minebayd1.test.TestUser.testprevious(TestUser.java:1288)
	at jdk.internal.reflect.GeneratedMethodAccessor15.invoke(Unknown Source)
	at java.base/jdk.internal.reflect.DelegatingMethodAccessorImpl.invoke(DelegatingMethodAccessorImpl.java:43)
	at java.base/java.lang.reflect.Method.invoke(Method.java:569)
	at org.junit.platform.commons.util.ReflectionUtils.invokeMethod(ReflectionUtils.java:688)
	at org.junit.jupiter.engine.execution.MethodInvocation.proceed(MethodInvocation.java:60)
	at org.junit.jupiter.engine.execution.InvocationInterceptorChain$ValidatingInvocation.proceed(InvocationInterceptorChain.java:131)
	at org.junit.jupiter.engine.extension.TimeoutExtension.intercept(TimeoutExtension.java:149)
	at org.junit.jupiter.engine.extension.TimeoutExtension.interceptTestableMethod(TimeoutExtension.java:140)
	at org.junit.jupiter.engine.extension.TimeoutExtension.interceptTestTemplateMethod(TimeoutExtension.java:92)
	at org.junit.jupiter.engine.execution.ExecutableInvoker$ReflectiveInterceptorCall.lambda$ofVoidMethod$0(ExecutableInvoker.java:115)
	at org.junit.jupiter.engine.execution.ExecutableInvoker.lambda$invoke$0(ExecutableInvoker.java:105)
	at org.junit.jupiter.engine.execution.InvocationInterceptorChain$InterceptedInvocation.proceed(InvocationInterceptorChain.java:106)
	at org.junit.jupiter.engine.execution.InvocationInterceptorChain.proceed(InvocationInterceptorChain.java:64)
	at org.junit.jupiter.engine.execution.InvocationInterceptorChain.chainAndInvoke(InvocationInterceptorChain.java:45)
	at org.junit.jupiter.engine.execution.InvocationInterceptorChain.invoke(InvocationInterceptorChain.java:37)
	at org.junit.jupiter.engine.execution.ExecutableInvoker.invoke(ExecutableInvoker.java:104)
	at org.junit.jupiter.engine.execution.ExecutableInvoker.invoke(ExecutableInvoker.java:98)
	at org.junit.jupiter.engine.descriptor.TestMethodTestDescriptor.lambda$invokeTestMethod$6(TestMethodTestDescriptor.java:210)
	at org.junit.platform.engine.support.hierarchical.ThrowableCollector.execute(ThrowableCollector.java:73)
	at org.junit.jupiter.engine.descriptor.TestMethodTestDescriptor.invokeTestMethod(TestMethodTestDescriptor.java:206)
	at org.junit.jupiter.engine.descriptor.TestMethodTestDescriptor.execute(TestMethodTestDescriptor.java:131)
	at org.junit.jupiter.engine.descriptor.TestMethodTestDescriptor.execute(TestMethodTestDescriptor.java:65)
	at org.junit.platform.engine.support.hierarchical.NodeTestTask.lambda$executeRecursively$5(NodeTestTask.java:139)
	at org.junit.platform.engine.support.hierarchical.ThrowableCollector.execute(ThrowableCollector.java:73)
	at org.junit.platform.engine.support.hierarchical.NodeTestTask.lambda$executeRecursively$7(NodeTestTask.java:129)
	at org.junit.platform.engine.support.hierarchical.Node.around(Node.java:137)
	at org.junit.platform.engine.support.hierarchical.NodeTestTask.lambda$executeRecursively$8(NodeTestTask.java:127)
	at org.junit.platform.engine.support.hierarchical.ThrowableCollector.execute(ThrowableCollector.java:73)
	at org.junit.platform.engine.support.hierarchical.NodeTestTask.executeRecursively(NodeTestTask.java:126)
	at org.junit.platform.engine.support.hierarchical.NodeTestTask.execute(NodeTestTask.java:84)
	at org.junit.platform.engine.support.hierarchical.SameThreadHierarchicalTestExecutorService.submit(SameThreadHierarchicalTestExecutorService.java:32)
	at org.junit.platform.engine.support.hierarchical.NodeTestTask$DefaultDynamicTestExecutor.execute(NodeTestTask.java:212)
	at org.junit.platform.engine.support.hierarchical.NodeTestTask$DefaultDynamicTestExecutor.execute(NodeTestTask.java:192)
	at org.junit.jupiter.engine.descriptor.TestTemplateTestDescriptor.execute(TestTemplateTestDescriptor.java:139)
	at org.junit.jupiter.engine.descriptor.TestTemplateTestDescriptor.lambda$execute$2(TestTemplateTestDescriptor.java:107)
	at java.base/java.util.stream.ForEachOps$ForEachOp$OfRef.accept(ForEachOps.java:183)
	at java.base/java.util.stream.ReferencePipeline$3$1.accept(ReferencePipeline.java:197)
	at java.base/java.util.stream.ReferencePipeline$2$1.accept(ReferencePipeline.java:179)
	at java.base/java.util.stream.ReferencePipeline$3$1.accept(ReferencePipeline.java:197)
	at java.base/java.util.stream.ForEachOps$ForEachOp$OfRef.accept(ForEachOps.java:183)
	at java.base/java.util.stream.ReferencePipeline$15$1.accept(ReferencePipeline.java:541)
	at java.base/java.util.stream.ReferencePipeline$3$1.accept(ReferencePipeline.java:197)
	at java.base/java.util.stream.ReferencePipeline$3$1.accept(ReferencePipeline.java:197)
	at java.base/java.util.stream.ReferencePipeline$3$1.accept(ReferencePipeline.java:197)
	at java.base/java.util.stream.ForEachOps$ForEachOp$OfRef.accept(ForEachOps.java:183)
	at java.base/java.util.stream.ReferencePipeline$3$1.accept(ReferencePipeline.java:197)
	at java.base/java.util.stream.ForEachOps$ForEachOp$OfRef.accept(ForEachOps.java:183)
	at java.base/java.util.stream.SliceOps$1$1.accept(SliceOps.java:200)
	at java.base/java.util.stream.StreamSpliterators$InfiniteSupplyingSpliterator$OfRef.tryAdvance(StreamSpliterators.java:1358)
	at java.base/java.util.stream.ReferencePipeline.forEachWithCancel(ReferencePipeline.java:129)
	at java.base/java.util.stream.AbstractPipeline.copyIntoWithCancel(AbstractPipeline.java:527)
	at java.base/java.util.stream.AbstractPipeline.copyInto(AbstractPipeline.java:513)
	at java.base/java.util.stream.AbstractPipeline.wrapAndCopyInto(AbstractPipeline.java:499)
	at java.base/java.util.stream.ForEachOps$ForEachOp.evaluateSequential(ForEachOps.java:150)
	at java.base/java.util.stream.ForEachOps$ForEachOp$OfRef.evaluateSequential(ForEachOps.java:173)
	at java.base/java.util.stream.AbstractPipeline.evaluate(AbstractPipeline.java:234)
	at java.base/java.util.stream.ReferencePipeline.forEach(ReferencePipeline.java:596)
	at java.base/java.util.stream.ReferencePipeline$7$1.accept(ReferencePipeline.java:276)
	at java.base/java.util.stream.ReferencePipeline$3$1.accept(ReferencePipeline.java:197)
	at java.base/java.util.stream.ReferencePipeline$3$1.accept(ReferencePipeline.java:197)
	at java.base/java.util.Spliterators$ArraySpliterator.forEachRemaining(Spliterators.java:992)
	at java.base/java.util.stream.AbstractPipeline.copyInto(AbstractPipeline.java:509)
	at java.base/java.util.stream.AbstractPipeline.wrapAndCopyInto(AbstractPipeline.java:499)
	at java.base/java.util.stream.ForEachOps$ForEachOp.evaluateSequential(ForEachOps.java:150)
	at java.base/java.util.stream.ForEachOps$ForEachOp$OfRef.evaluateSequential(ForEachOps.java:173)
	at java.base/java.util.stream.AbstractPipeline.evaluate(AbstractPipeline.java:234)
	at java.base/java.util.stream.ReferencePipeline.forEach(ReferencePipeline.java:596)
	at java.base/java.util.stream.ReferencePipeline$7$1.accept(ReferencePipeline.java:276)
	at java.base/java.util.stream.ReferencePipeline$3$1.accept(ReferencePipeline.java:197)
	at java.base/java.util.stream.ReferencePipeline$3$1.accept(ReferencePipeline.java:197)
	at java.base/java.util.stream.ReferencePipeline$3$1.accept(ReferencePipeline.java:197)
	at java.base/java.util.ArrayList$ArrayListSpliterator.forEachRemaining(ArrayList.java:1625)
	at java.base/java.util.stream.AbstractPipeline.copyInto(AbstractPipeline.java:509)
	at java.base/java.util.stream.AbstractPipeline.wrapAndCopyInto(AbstractPipeline.java:499)
	at java.base/java.util.stream.ForEachOps$ForEachOp.evaluateSequential(ForEachOps.java:150)
	at java.base/java.util.stream.ForEachOps$ForEachOp$OfRef.evaluateSequential(ForEachOps.java:173)
	at java.base/java.util.stream.AbstractPipeline.evaluate(AbstractPipeline.java:234)
	at java.base/java.util.stream.ReferencePipeline.forEach(ReferencePipeline.java:596)
	at java.base/java.util.stream.ReferencePipeline$7$1.accept(ReferencePipeline.java:276)
	at java.base/java.util.ArrayList$ArrayListSpliterator.forEachRemaining(ArrayList.java:1625)
	at java.base/java.util.stream.AbstractPipeline.copyInto(AbstractPipeline.java:509)
	at java.base/java.util.stream.AbstractPipeline.wrapAndCopyInto(AbstractPipeline.java:499)
	at java.base/java.util.stream.ForEachOps$ForEachOp.evaluateSequential(ForEachOps.java:150)
	at java.base/java.util.stream.ForEachOps$ForEachOp$OfRef.evaluateSequential(ForEachOps.java:173)
	at java.base/java.util.stream.AbstractPipeline.evaluate(AbstractPipeline.java:234)
	at java.base/java.util.stream.ReferencePipeline.forEach(ReferencePipeline.java:596)
	at org.junit.jupiter.engine.descriptor.TestTemplateTestDescriptor.execute(TestTemplateTestDescriptor.java:107)
	at org.junit.jupiter.engine.descriptor.TestTemplateTestDescriptor.execute(TestTemplateTestDescriptor.java:42)
	at org.junit.platform.engine.support.hierarchical.NodeTestTask.lambda$executeRecursively$5(NodeTestTask.java:139)
	at org.junit.platform.engine.support.hierarchical.ThrowableCollector.execute(ThrowableCollector.java:73)
	at org.junit.platform.engine.support.hierarchical.NodeTestTask.lambda$executeRecursively$7(NodeTestTask.java:129)
	at org.junit.platform.engine.support.hierarchical.Node.around(Node.java:137)
	at org.junit.platform.engine.support.hierarchical.NodeTestTask.lambda$executeRecursively$8(NodeTestTask.java:127)
	at org.junit.platform.engine.support.hierarchical.ThrowableCollector.execute(ThrowableCollector.java:73)
	at org.junit.platform.engine.support.hierarchical.NodeTestTask.executeRecursively(NodeTestTask.java:126)
	at org.junit.platform.engine.support.hierarchical.NodeTestTask.execute(NodeTestTask.java:84)
	at java.base/java.util.ArrayList.forEach(ArrayList.java:1511)
	at org.junit.platform.engine.support.hierarchical.SameThreadHierarchicalTestExecutorService.invokeAll(SameThreadHierarchicalTestExecutorService.java:38)
	at org.junit.platform.engine.support.hierarchical.NodeTestTask.lambda$executeRecursively$5(NodeTestTask.java:143)
	at org.junit.platform.engine.support.hierarchical.ThrowableCollector.execute(ThrowableCollector.java:73)
	at org.junit.platform.engine.support.hierarchical.NodeTestTask.lambda$executeRecursively$7(NodeTestTask.java:129)
	at org.junit.platform.engine.support.hierarchical.Node.around(Node.java:137)
	at org.junit.platform.engine.support.hierarchical.NodeTestTask.lambda$executeRecursively$8(NodeTestTask.java:127)
	at org.junit.platform.engine.support.hierarchical.ThrowableCollector.execute(ThrowableCollector.java:73)
	at org.junit.platform.engine.support.hierarchical.NodeTestTask.executeRecursively(NodeTestTask.java:126)
	at org.junit.platform.engine.support.hierarchical.NodeTestTask.execute(NodeTestTask.java:84)
	at java.base/java.util.ArrayList.forEach(ArrayList.java:1511)
	at org.junit.platform.engine.support.hierarchical.SameThreadHierarchicalTestExecutorService.invokeAll(SameThreadHierarchicalTestExecutorService.java:38)
	at org.junit.platform.engine.support.hierarchical.NodeTestTask.lambda$executeRecursively$5(NodeTestTask.java:143)
	at org.junit.platform.engine.support.hierarchical.ThrowableCollector.execute(ThrowableCollector.java:73)
	at org.junit.platform.engine.support.hierarchical.NodeTestTask.lambda$executeRecursively$7(NodeTestTask.java:129)
	at org.junit.platform.engine.support.hierarchical.Node.around(Node.java:137)
	at org.junit.platform.engine.support.hierarchical.NodeTestTask.lambda$executeRecursively$8(NodeTestTask.java:127)
	at org.junit.platform.engine.support.hierarchical.ThrowableCollector.execute(ThrowableCollector.java:73)
	at org.junit.platform.engine.support.hierarchical.NodeTestTask.executeRecursively(NodeTestTask.java:126)
	at org.junit.platform.engine.support.hierarchical.NodeTestTask.execute(NodeTestTask.java:84)
	at org.junit.platform.engine.support.hierarchical.SameThreadHierarchicalTestExecutorService.submit(SameThreadHierarchicalTestExecutorService.java:32)
	at org.junit.platform.engine.support.hierarchical.HierarchicalTestExecutor.execute(HierarchicalTestExecutor.java:57)
	at org.junit.platform.engine.support.hierarchical.HierarchicalTestEngine.execute(HierarchicalTestEngine.java:51)
	at org.junit.platform.launcher.core.EngineExecutionOrchestrator.execute(EngineExecutionOrchestrator.java:108)
	at org.junit.platform.launcher.core.EngineExecutionOrchestrator.execute(EngineExecutionOrchestrator.java:88)
	at org.junit.platform.launcher.core.EngineExecutionOrchestrator.lambda$execute$0(EngineExecutionOrchestrator.java:54)
	at org.junit.platform.launcher.core.EngineExecutionOrchestrator.withInterceptedStreams(EngineExecutionOrchestrator.java:67)
	at org.junit.platform.launcher.core.EngineExecutionOrchestrator.execute(EngineExecutionOrchestrator.java:52)
	at org.junit.platform.launcher.core.DefaultLauncher.execute(DefaultLauncher.java:96)
	at org.junit.platform.launcher.core.DefaultLauncher.execute(DefaultLauncher.java:75)
	at org.junit.platform.console.tasks.ConsoleTestExecutor.executeTests(ConsoleTestExecutor.java:66)
	at org.junit.platform.console.tasks.ConsoleTestExecutor.lambda$execute$0(ConsoleTestExecutor.java:58)
	at org.junit.platform.console.tasks.CustomContextClassLoaderExecutor.replaceThreadContextClassLoaderAndInvoke(CustomContextClassLoaderExecutor.java:41)
	at org.junit.platform.console.tasks.CustomContextClassLoaderExecutor.invoke(CustomContextClassLoaderExecutor.java:31)
	at org.junit.platform.console.tasks.ConsoleTestExecutor.execute(ConsoleTestExecutor.java:58)
	at org.junit.platform.console.ConsoleLauncher.executeTests(ConsoleLauncher.java:95)
	at org.junit.platform.console.ConsoleLauncher.execute(ConsoleLauncher.java:73)
	at org.junit.platform.console.ConsoleLauncher.execute(ConsoleLauncher.java:50)
	at org.junit.platform.console.ConsoleLauncher.execute(ConsoleLauncher.java:43)
	at org.junit.platform.console.ConsoleLauncher.main(ConsoleLauncher.java:37)
]]></skipped>
<system-out><![CDATA[
unique-id: [engine:junit-jupiter]/[class:minebayd1.test.TestUser]/[test-template:testprevious(minebayd1.User)]/[test-template-invocation:#48]
display-name: [48] Lisa a 45 annonces ouvertes, 4 annonces fermées et 3 achats 

]]></system-out>
</testcase>
<testcase name="testprevious(User)[49]" classname="minebayd1.test.TestUser" time="0">
<skipped><![CDATA[org.opentest4j.TestAbortedException: Assumption failed: assumption is not true
	at org.junit.jupiter.api.Assumptions.throwTestAbortedException(Assumptions.java:256)
	at org.junit.jupiter.api.Assumptions.assumeTrue(Assumptions.java:115)
	at org.junit.jupiter.api.Assumptions.assumeTrue(Assumptions.java:66)
	at minebayd1.test.TestUser.testprevious(TestUser.java:1288)
	at jdk.internal.reflect.GeneratedMethodAccessor15.invoke(Unknown Source)
	at java.base/jdk.internal.reflect.DelegatingMethodAccessorImpl.invoke(DelegatingMethodAccessorImpl.java:43)
	at java.base/java.lang.reflect.Method.invoke(Method.java:569)
	at org.junit.platform.commons.util.ReflectionUtils.invokeMethod(ReflectionUtils.java:688)
	at org.junit.jupiter.engine.execution.MethodInvocation.proceed(MethodInvocation.java:60)
	at org.junit.jupiter.engine.execution.InvocationInterceptorChain$ValidatingInvocation.proceed(InvocationInterceptorChain.java:131)
	at org.junit.jupiter.engine.extension.TimeoutExtension.intercept(TimeoutExtension.java:149)
	at org.junit.jupiter.engine.extension.TimeoutExtension.interceptTestableMethod(TimeoutExtension.java:140)
	at org.junit.jupiter.engine.extension.TimeoutExtension.interceptTestTemplateMethod(TimeoutExtension.java:92)
	at org.junit.jupiter.engine.execution.ExecutableInvoker$ReflectiveInterceptorCall.lambda$ofVoidMethod$0(ExecutableInvoker.java:115)
	at org.junit.jupiter.engine.execution.ExecutableInvoker.lambda$invoke$0(ExecutableInvoker.java:105)
	at org.junit.jupiter.engine.execution.InvocationInterceptorChain$InterceptedInvocation.proceed(InvocationInterceptorChain.java:106)
	at org.junit.jupiter.engine.execution.InvocationInterceptorChain.proceed(InvocationInterceptorChain.java:64)
	at org.junit.jupiter.engine.execution.InvocationInterceptorChain.chainAndInvoke(InvocationInterceptorChain.java:45)
	at org.junit.jupiter.engine.execution.InvocationInterceptorChain.invoke(InvocationInterceptorChain.java:37)
	at org.junit.jupiter.engine.execution.ExecutableInvoker.invoke(ExecutableInvoker.java:104)
	at org.junit.jupiter.engine.execution.ExecutableInvoker.invoke(ExecutableInvoker.java:98)
	at org.junit.jupiter.engine.descriptor.TestMethodTestDescriptor.lambda$invokeTestMethod$6(TestMethodTestDescriptor.java:210)
	at org.junit.platform.engine.support.hierarchical.ThrowableCollector.execute(ThrowableCollector.java:73)
	at org.junit.jupiter.engine.descriptor.TestMethodTestDescriptor.invokeTestMethod(TestMethodTestDescriptor.java:206)
	at org.junit.jupiter.engine.descriptor.TestMethodTestDescriptor.execute(TestMethodTestDescriptor.java:131)
	at org.junit.jupiter.engine.descriptor.TestMethodTestDescriptor.execute(TestMethodTestDescriptor.java:65)
	at org.junit.platform.engine.support.hierarchical.NodeTestTask.lambda$executeRecursively$5(NodeTestTask.java:139)
	at org.junit.platform.engine.support.hierarchical.ThrowableCollector.execute(ThrowableCollector.java:73)
	at org.junit.platform.engine.support.hierarchical.NodeTestTask.lambda$executeRecursively$7(NodeTestTask.java:129)
	at org.junit.platform.engine.support.hierarchical.Node.around(Node.java:137)
	at org.junit.platform.engine.support.hierarchical.NodeTestTask.lambda$executeRecursively$8(NodeTestTask.java:127)
	at org.junit.platform.engine.support.hierarchical.ThrowableCollector.execute(ThrowableCollector.java:73)
	at org.junit.platform.engine.support.hierarchical.NodeTestTask.executeRecursively(NodeTestTask.java:126)
	at org.junit.platform.engine.support.hierarchical.NodeTestTask.execute(NodeTestTask.java:84)
	at org.junit.platform.engine.support.hierarchical.SameThreadHierarchicalTestExecutorService.submit(SameThreadHierarchicalTestExecutorService.java:32)
	at org.junit.platform.engine.support.hierarchical.NodeTestTask$DefaultDynamicTestExecutor.execute(NodeTestTask.java:212)
	at org.junit.platform.engine.support.hierarchical.NodeTestTask$DefaultDynamicTestExecutor.execute(NodeTestTask.java:192)
	at org.junit.jupiter.engine.descriptor.TestTemplateTestDescriptor.execute(TestTemplateTestDescriptor.java:139)
	at org.junit.jupiter.engine.descriptor.TestTemplateTestDescriptor.lambda$execute$2(TestTemplateTestDescriptor.java:107)
	at java.base/java.util.stream.ForEachOps$ForEachOp$OfRef.accept(ForEachOps.java:183)
	at java.base/java.util.stream.ReferencePipeline$3$1.accept(ReferencePipeline.java:197)
	at java.base/java.util.stream.ReferencePipeline$2$1.accept(ReferencePipeline.java:179)
	at java.base/java.util.stream.ReferencePipeline$3$1.accept(ReferencePipeline.java:197)
	at java.base/java.util.stream.ForEachOps$ForEachOp$OfRef.accept(ForEachOps.java:183)
	at java.base/java.util.stream.ReferencePipeline$15$1.accept(ReferencePipeline.java:541)
	at java.base/java.util.stream.ReferencePipeline$3$1.accept(ReferencePipeline.java:197)
	at java.base/java.util.stream.ReferencePipeline$3$1.accept(ReferencePipeline.java:197)
	at java.base/java.util.stream.ReferencePipeline$3$1.accept(ReferencePipeline.java:197)
	at java.base/java.util.stream.ForEachOps$ForEachOp$OfRef.accept(ForEachOps.java:183)
	at java.base/java.util.stream.ReferencePipeline$3$1.accept(ReferencePipeline.java:197)
	at java.base/java.util.stream.ForEachOps$ForEachOp$OfRef.accept(ForEachOps.java:183)
	at java.base/java.util.stream.SliceOps$1$1.accept(SliceOps.java:200)
	at java.base/java.util.stream.StreamSpliterators$InfiniteSupplyingSpliterator$OfRef.tryAdvance(StreamSpliterators.java:1358)
	at java.base/java.util.stream.ReferencePipeline.forEachWithCancel(ReferencePipeline.java:129)
	at java.base/java.util.stream.AbstractPipeline.copyIntoWithCancel(AbstractPipeline.java:527)
	at java.base/java.util.stream.AbstractPipeline.copyInto(AbstractPipeline.java:513)
	at java.base/java.util.stream.AbstractPipeline.wrapAndCopyInto(AbstractPipeline.java:499)
	at java.base/java.util.stream.ForEachOps$ForEachOp.evaluateSequential(ForEachOps.java:150)
	at java.base/java.util.stream.ForEachOps$ForEachOp$OfRef.evaluateSequential(ForEachOps.java:173)
	at java.base/java.util.stream.AbstractPipeline.evaluate(AbstractPipeline.java:234)
	at java.base/java.util.stream.ReferencePipeline.forEach(ReferencePipeline.java:596)
	at java.base/java.util.stream.ReferencePipeline$7$1.accept(ReferencePipeline.java:276)
	at java.base/java.util.stream.ReferencePipeline$3$1.accept(ReferencePipeline.java:197)
	at java.base/java.util.stream.ReferencePipeline$3$1.accept(ReferencePipeline.java:197)
	at java.base/java.util.Spliterators$ArraySpliterator.forEachRemaining(Spliterators.java:992)
	at java.base/java.util.stream.AbstractPipeline.copyInto(AbstractPipeline.java:509)
	at java.base/java.util.stream.AbstractPipeline.wrapAndCopyInto(AbstractPipeline.java:499)
	at java.base/java.util.stream.ForEachOps$ForEachOp.evaluateSequential(ForEachOps.java:150)
	at java.base/java.util.stream.ForEachOps$ForEachOp$OfRef.evaluateSequential(ForEachOps.java:173)
	at java.base/java.util.stream.AbstractPipeline.evaluate(AbstractPipeline.java:234)
	at java.base/java.util.stream.ReferencePipeline.forEach(ReferencePipeline.java:596)
	at java.base/java.util.stream.ReferencePipeline$7$1.accept(ReferencePipeline.java:276)
	at java.base/java.util.stream.ReferencePipeline$3$1.accept(ReferencePipeline.java:197)
	at java.base/java.util.stream.ReferencePipeline$3$1.accept(ReferencePipeline.java:197)
	at java.base/java.util.stream.ReferencePipeline$3$1.accept(ReferencePipeline.java:197)
	at java.base/java.util.ArrayList$ArrayListSpliterator.forEachRemaining(ArrayList.java:1625)
	at java.base/java.util.stream.AbstractPipeline.copyInto(AbstractPipeline.java:509)
	at java.base/java.util.stream.AbstractPipeline.wrapAndCopyInto(AbstractPipeline.java:499)
	at java.base/java.util.stream.ForEachOps$ForEachOp.evaluateSequential(ForEachOps.java:150)
	at java.base/java.util.stream.ForEachOps$ForEachOp$OfRef.evaluateSequential(ForEachOps.java:173)
	at java.base/java.util.stream.AbstractPipeline.evaluate(AbstractPipeline.java:234)
	at java.base/java.util.stream.ReferencePipeline.forEach(ReferencePipeline.java:596)
	at java.base/java.util.stream.ReferencePipeline$7$1.accept(ReferencePipeline.java:276)
	at java.base/java.util.ArrayList$ArrayListSpliterator.forEachRemaining(ArrayList.java:1625)
	at java.base/java.util.stream.AbstractPipeline.copyInto(AbstractPipeline.java:509)
	at java.base/java.util.stream.AbstractPipeline.wrapAndCopyInto(AbstractPipeline.java:499)
	at java.base/java.util.stream.ForEachOps$ForEachOp.evaluateSequential(ForEachOps.java:150)
	at java.base/java.util.stream.ForEachOps$ForEachOp$OfRef.evaluateSequential(ForEachOps.java:173)
	at java.base/java.util.stream.AbstractPipeline.evaluate(AbstractPipeline.java:234)
	at java.base/java.util.stream.ReferencePipeline.forEach(ReferencePipeline.java:596)
	at org.junit.jupiter.engine.descriptor.TestTemplateTestDescriptor.execute(TestTemplateTestDescriptor.java:107)
	at org.junit.jupiter.engine.descriptor.TestTemplateTestDescriptor.execute(TestTemplateTestDescriptor.java:42)
	at org.junit.platform.engine.support.hierarchical.NodeTestTask.lambda$executeRecursively$5(NodeTestTask.java:139)
	at org.junit.platform.engine.support.hierarchical.ThrowableCollector.execute(ThrowableCollector.java:73)
	at org.junit.platform.engine.support.hierarchical.NodeTestTask.lambda$executeRecursively$7(NodeTestTask.java:129)
	at org.junit.platform.engine.support.hierarchical.Node.around(Node.java:137)
	at org.junit.platform.engine.support.hierarchical.NodeTestTask.lambda$executeRecursively$8(NodeTestTask.java:127)
	at org.junit.platform.engine.support.hierarchical.ThrowableCollector.execute(ThrowableCollector.java:73)
	at org.junit.platform.engine.support.hierarchical.NodeTestTask.executeRecursively(NodeTestTask.java:126)
	at org.junit.platform.engine.support.hierarchical.NodeTestTask.execute(NodeTestTask.java:84)
	at java.base/java.util.ArrayList.forEach(ArrayList.java:1511)
	at org.junit.platform.engine.support.hierarchical.SameThreadHierarchicalTestExecutorService.invokeAll(SameThreadHierarchicalTestExecutorService.java:38)
	at org.junit.platform.engine.support.hierarchical.NodeTestTask.lambda$executeRecursively$5(NodeTestTask.java:143)
	at org.junit.platform.engine.support.hierarchical.ThrowableCollector.execute(ThrowableCollector.java:73)
	at org.junit.platform.engine.support.hierarchical.NodeTestTask.lambda$executeRecursively$7(NodeTestTask.java:129)
	at org.junit.platform.engine.support.hierarchical.Node.around(Node.java:137)
	at org.junit.platform.engine.support.hierarchical.NodeTestTask.lambda$executeRecursively$8(NodeTestTask.java:127)
	at org.junit.platform.engine.support.hierarchical.ThrowableCollector.execute(ThrowableCollector.java:73)
	at org.junit.platform.engine.support.hierarchical.NodeTestTask.executeRecursively(NodeTestTask.java:126)
	at org.junit.platform.engine.support.hierarchical.NodeTestTask.execute(NodeTestTask.java:84)
	at java.base/java.util.ArrayList.forEach(ArrayList.java:1511)
	at org.junit.platform.engine.support.hierarchical.SameThreadHierarchicalTestExecutorService.invokeAll(SameThreadHierarchicalTestExecutorService.java:38)
	at org.junit.platform.engine.support.hierarchical.NodeTestTask.lambda$executeRecursively$5(NodeTestTask.java:143)
	at org.junit.platform.engine.support.hierarchical.ThrowableCollector.execute(ThrowableCollector.java:73)
	at org.junit.platform.engine.support.hierarchical.NodeTestTask.lambda$executeRecursively$7(NodeTestTask.java:129)
	at org.junit.platform.engine.support.hierarchical.Node.around(Node.java:137)
	at org.junit.platform.engine.support.hierarchical.NodeTestTask.lambda$executeRecursively$8(NodeTestTask.java:127)
	at org.junit.platform.engine.support.hierarchical.ThrowableCollector.execute(ThrowableCollector.java:73)
	at org.junit.platform.engine.support.hierarchical.NodeTestTask.executeRecursively(NodeTestTask.java:126)
	at org.junit.platform.engine.support.hierarchical.NodeTestTask.execute(NodeTestTask.java:84)
	at org.junit.platform.engine.support.hierarchical.SameThreadHierarchicalTestExecutorService.submit(SameThreadHierarchicalTestExecutorService.java:32)
	at org.junit.platform.engine.support.hierarchical.HierarchicalTestExecutor.execute(HierarchicalTestExecutor.java:57)
	at org.junit.platform.engine.support.hierarchical.HierarchicalTestEngine.execute(HierarchicalTestEngine.java:51)
	at org.junit.platform.launcher.core.EngineExecutionOrchestrator.execute(EngineExecutionOrchestrator.java:108)
	at org.junit.platform.launcher.core.EngineExecutionOrchestrator.execute(EngineExecutionOrchestrator.java:88)
	at org.junit.platform.launcher.core.EngineExecutionOrchestrator.lambda$execute$0(EngineExecutionOrchestrator.java:54)
	at org.junit.platform.launcher.core.EngineExecutionOrchestrator.withInterceptedStreams(EngineExecutionOrchestrator.java:67)
	at org.junit.platform.launcher.core.EngineExecutionOrchestrator.execute(EngineExecutionOrchestrator.java:52)
	at org.junit.platform.launcher.core.DefaultLauncher.execute(DefaultLauncher.java:96)
	at org.junit.platform.launcher.core.DefaultLauncher.execute(DefaultLauncher.java:75)
	at org.junit.platform.console.tasks.ConsoleTestExecutor.executeTests(ConsoleTestExecutor.java:66)
	at org.junit.platform.console.tasks.ConsoleTestExecutor.lambda$execute$0(ConsoleTestExecutor.java:58)
	at org.junit.platform.console.tasks.CustomContextClassLoaderExecutor.replaceThreadContextClassLoaderAndInvoke(CustomContextClassLoaderExecutor.java:41)
	at org.junit.platform.console.tasks.CustomContextClassLoaderExecutor.invoke(CustomContextClassLoaderExecutor.java:31)
	at org.junit.platform.console.tasks.ConsoleTestExecutor.execute(ConsoleTestExecutor.java:58)
	at org.junit.platform.console.ConsoleLauncher.executeTests(ConsoleLauncher.java:95)
	at org.junit.platform.console.ConsoleLauncher.execute(ConsoleLauncher.java:73)
	at org.junit.platform.console.ConsoleLauncher.execute(ConsoleLauncher.java:50)
	at org.junit.platform.console.ConsoleLauncher.execute(ConsoleLauncher.java:43)
	at org.junit.platform.console.ConsoleLauncher.main(ConsoleLauncher.java:37)
]]></skipped>
<system-out><![CDATA[
unique-id: [engine:junit-jupiter]/[class:minebayd1.test.TestUser]/[test-template:testprevious(minebayd1.User)]/[test-template-invocation:#49]
display-name: [49] Yanis a 61 annonces ouvertes, 4 annonces fermées et 3 achats 

]]></system-out>
</testcase>
<testcase name="testprevious(User)[50]" classname="minebayd1.test.TestUser" time="0">
<skipped><![CDATA[org.opentest4j.TestAbortedException: Assumption failed: assumption is not true
	at org.junit.jupiter.api.Assumptions.throwTestAbortedException(Assumptions.java:256)
	at org.junit.jupiter.api.Assumptions.assumeTrue(Assumptions.java:115)
	at org.junit.jupiter.api.Assumptions.assumeTrue(Assumptions.java:66)
	at minebayd1.test.TestUser.testprevious(TestUser.java:1288)
	at jdk.internal.reflect.GeneratedMethodAccessor15.invoke(Unknown Source)
	at java.base/jdk.internal.reflect.DelegatingMethodAccessorImpl.invoke(DelegatingMethodAccessorImpl.java:43)
	at java.base/java.lang.reflect.Method.invoke(Method.java:569)
	at org.junit.platform.commons.util.ReflectionUtils.invokeMethod(ReflectionUtils.java:688)
	at org.junit.jupiter.engine.execution.MethodInvocation.proceed(MethodInvocation.java:60)
	at org.junit.jupiter.engine.execution.InvocationInterceptorChain$ValidatingInvocation.proceed(InvocationInterceptorChain.java:131)
	at org.junit.jupiter.engine.extension.TimeoutExtension.intercept(TimeoutExtension.java:149)
	at org.junit.jupiter.engine.extension.TimeoutExtension.interceptTestableMethod(TimeoutExtension.java:140)
	at org.junit.jupiter.engine.extension.TimeoutExtension.interceptTestTemplateMethod(TimeoutExtension.java:92)
	at org.junit.jupiter.engine.execution.ExecutableInvoker$ReflectiveInterceptorCall.lambda$ofVoidMethod$0(ExecutableInvoker.java:115)
	at org.junit.jupiter.engine.execution.ExecutableInvoker.lambda$invoke$0(ExecutableInvoker.java:105)
	at org.junit.jupiter.engine.execution.InvocationInterceptorChain$InterceptedInvocation.proceed(InvocationInterceptorChain.java:106)
	at org.junit.jupiter.engine.execution.InvocationInterceptorChain.proceed(InvocationInterceptorChain.java:64)
	at org.junit.jupiter.engine.execution.InvocationInterceptorChain.chainAndInvoke(InvocationInterceptorChain.java:45)
	at org.junit.jupiter.engine.execution.InvocationInterceptorChain.invoke(InvocationInterceptorChain.java:37)
	at org.junit.jupiter.engine.execution.ExecutableInvoker.invoke(ExecutableInvoker.java:104)
	at org.junit.jupiter.engine.execution.ExecutableInvoker.invoke(ExecutableInvoker.java:98)
	at org.junit.jupiter.engine.descriptor.TestMethodTestDescriptor.lambda$invokeTestMethod$6(TestMethodTestDescriptor.java:210)
	at org.junit.platform.engine.support.hierarchical.ThrowableCollector.execute(ThrowableCollector.java:73)
	at org.junit.jupiter.engine.descriptor.TestMethodTestDescriptor.invokeTestMethod(TestMethodTestDescriptor.java:206)
	at org.junit.jupiter.engine.descriptor.TestMethodTestDescriptor.execute(TestMethodTestDescriptor.java:131)
	at org.junit.jupiter.engine.descriptor.TestMethodTestDescriptor.execute(TestMethodTestDescriptor.java:65)
	at org.junit.platform.engine.support.hierarchical.NodeTestTask.lambda$executeRecursively$5(NodeTestTask.java:139)
	at org.junit.platform.engine.support.hierarchical.ThrowableCollector.execute(ThrowableCollector.java:73)
	at org.junit.platform.engine.support.hierarchical.NodeTestTask.lambda$executeRecursively$7(NodeTestTask.java:129)
	at org.junit.platform.engine.support.hierarchical.Node.around(Node.java:137)
	at org.junit.platform.engine.support.hierarchical.NodeTestTask.lambda$executeRecursively$8(NodeTestTask.java:127)
	at org.junit.platform.engine.support.hierarchical.ThrowableCollector.execute(ThrowableCollector.java:73)
	at org.junit.platform.engine.support.hierarchical.NodeTestTask.executeRecursively(NodeTestTask.java:126)
	at org.junit.platform.engine.support.hierarchical.NodeTestTask.execute(NodeTestTask.java:84)
	at org.junit.platform.engine.support.hierarchical.SameThreadHierarchicalTestExecutorService.submit(SameThreadHierarchicalTestExecutorService.java:32)
	at org.junit.platform.engine.support.hierarchical.NodeTestTask$DefaultDynamicTestExecutor.execute(NodeTestTask.java:212)
	at org.junit.platform.engine.support.hierarchical.NodeTestTask$DefaultDynamicTestExecutor.execute(NodeTestTask.java:192)
	at org.junit.jupiter.engine.descriptor.TestTemplateTestDescriptor.execute(TestTemplateTestDescriptor.java:139)
	at org.junit.jupiter.engine.descriptor.TestTemplateTestDescriptor.lambda$execute$2(TestTemplateTestDescriptor.java:107)
	at java.base/java.util.stream.ForEachOps$ForEachOp$OfRef.accept(ForEachOps.java:183)
	at java.base/java.util.stream.ReferencePipeline$3$1.accept(ReferencePipeline.java:197)
	at java.base/java.util.stream.ReferencePipeline$2$1.accept(ReferencePipeline.java:179)
	at java.base/java.util.stream.ReferencePipeline$3$1.accept(ReferencePipeline.java:197)
	at java.base/java.util.stream.ForEachOps$ForEachOp$OfRef.accept(ForEachOps.java:183)
	at java.base/java.util.stream.ReferencePipeline$15$1.accept(ReferencePipeline.java:541)
	at java.base/java.util.stream.ReferencePipeline$3$1.accept(ReferencePipeline.java:197)
	at java.base/java.util.stream.ReferencePipeline$3$1.accept(ReferencePipeline.java:197)
	at java.base/java.util.stream.ReferencePipeline$3$1.accept(ReferencePipeline.java:197)
	at java.base/java.util.stream.ForEachOps$ForEachOp$OfRef.accept(ForEachOps.java:183)
	at java.base/java.util.stream.ReferencePipeline$3$1.accept(ReferencePipeline.java:197)
	at java.base/java.util.stream.ForEachOps$ForEachOp$OfRef.accept(ForEachOps.java:183)
	at java.base/java.util.stream.SliceOps$1$1.accept(SliceOps.java:200)
	at java.base/java.util.stream.StreamSpliterators$InfiniteSupplyingSpliterator$OfRef.tryAdvance(StreamSpliterators.java:1358)
	at java.base/java.util.stream.ReferencePipeline.forEachWithCancel(ReferencePipeline.java:129)
	at java.base/java.util.stream.AbstractPipeline.copyIntoWithCancel(AbstractPipeline.java:527)
	at java.base/java.util.stream.AbstractPipeline.copyInto(AbstractPipeline.java:513)
	at java.base/java.util.stream.AbstractPipeline.wrapAndCopyInto(AbstractPipeline.java:499)
	at java.base/java.util.stream.ForEachOps$ForEachOp.evaluateSequential(ForEachOps.java:150)
	at java.base/java.util.stream.ForEachOps$ForEachOp$OfRef.evaluateSequential(ForEachOps.java:173)
	at java.base/java.util.stream.AbstractPipeline.evaluate(AbstractPipeline.java:234)
	at java.base/java.util.stream.ReferencePipeline.forEach(ReferencePipeline.java:596)
	at java.base/java.util.stream.ReferencePipeline$7$1.accept(ReferencePipeline.java:276)
	at java.base/java.util.stream.ReferencePipeline$3$1.accept(ReferencePipeline.java:197)
	at java.base/java.util.stream.ReferencePipeline$3$1.accept(ReferencePipeline.java:197)
	at java.base/java.util.Spliterators$ArraySpliterator.forEachRemaining(Spliterators.java:992)
	at java.base/java.util.stream.AbstractPipeline.copyInto(AbstractPipeline.java:509)
	at java.base/java.util.stream.AbstractPipeline.wrapAndCopyInto(AbstractPipeline.java:499)
	at java.base/java.util.stream.ForEachOps$ForEachOp.evaluateSequential(ForEachOps.java:150)
	at java.base/java.util.stream.ForEachOps$ForEachOp$OfRef.evaluateSequential(ForEachOps.java:173)
	at java.base/java.util.stream.AbstractPipeline.evaluate(AbstractPipeline.java:234)
	at java.base/java.util.stream.ReferencePipeline.forEach(ReferencePipeline.java:596)
	at java.base/java.util.stream.ReferencePipeline$7$1.accept(ReferencePipeline.java:276)
	at java.base/java.util.stream.ReferencePipeline$3$1.accept(ReferencePipeline.java:197)
	at java.base/java.util.stream.ReferencePipeline$3$1.accept(ReferencePipeline.java:197)
	at java.base/java.util.stream.ReferencePipeline$3$1.accept(ReferencePipeline.java:197)
	at java.base/java.util.ArrayList$ArrayListSpliterator.forEachRemaining(ArrayList.java:1625)
	at java.base/java.util.stream.AbstractPipeline.copyInto(AbstractPipeline.java:509)
	at java.base/java.util.stream.AbstractPipeline.wrapAndCopyInto(AbstractPipeline.java:499)
	at java.base/java.util.stream.ForEachOps$ForEachOp.evaluateSequential(ForEachOps.java:150)
	at java.base/java.util.stream.ForEachOps$ForEachOp$OfRef.evaluateSequential(ForEachOps.java:173)
	at java.base/java.util.stream.AbstractPipeline.evaluate(AbstractPipeline.java:234)
	at java.base/java.util.stream.ReferencePipeline.forEach(ReferencePipeline.java:596)
	at java.base/java.util.stream.ReferencePipeline$7$1.accept(ReferencePipeline.java:276)
	at java.base/java.util.ArrayList$ArrayListSpliterator.forEachRemaining(ArrayList.java:1625)
	at java.base/java.util.stream.AbstractPipeline.copyInto(AbstractPipeline.java:509)
	at java.base/java.util.stream.AbstractPipeline.wrapAndCopyInto(AbstractPipeline.java:499)
	at java.base/java.util.stream.ForEachOps$ForEachOp.evaluateSequential(ForEachOps.java:150)
	at java.base/java.util.stream.ForEachOps$ForEachOp$OfRef.evaluateSequential(ForEachOps.java:173)
	at java.base/java.util.stream.AbstractPipeline.evaluate(AbstractPipeline.java:234)
	at java.base/java.util.stream.ReferencePipeline.forEach(ReferencePipeline.java:596)
	at org.junit.jupiter.engine.descriptor.TestTemplateTestDescriptor.execute(TestTemplateTestDescriptor.java:107)
	at org.junit.jupiter.engine.descriptor.TestTemplateTestDescriptor.execute(TestTemplateTestDescriptor.java:42)
	at org.junit.platform.engine.support.hierarchical.NodeTestTask.lambda$executeRecursively$5(NodeTestTask.java:139)
	at org.junit.platform.engine.support.hierarchical.ThrowableCollector.execute(ThrowableCollector.java:73)
	at org.junit.platform.engine.support.hierarchical.NodeTestTask.lambda$executeRecursively$7(NodeTestTask.java:129)
	at org.junit.platform.engine.support.hierarchical.Node.around(Node.java:137)
	at org.junit.platform.engine.support.hierarchical.NodeTestTask.lambda$executeRecursively$8(NodeTestTask.java:127)
	at org.junit.platform.engine.support.hierarchical.ThrowableCollector.execute(ThrowableCollector.java:73)
	at org.junit.platform.engine.support.hierarchical.NodeTestTask.executeRecursively(NodeTestTask.java:126)
	at org.junit.platform.engine.support.hierarchical.NodeTestTask.execute(NodeTestTask.java:84)
	at java.base/java.util.ArrayList.forEach(ArrayList.java:1511)
	at org.junit.platform.engine.support.hierarchical.SameThreadHierarchicalTestExecutorService.invokeAll(SameThreadHierarchicalTestExecutorService.java:38)
	at org.junit.platform.engine.support.hierarchical.NodeTestTask.lambda$executeRecursively$5(NodeTestTask.java:143)
	at org.junit.platform.engine.support.hierarchical.ThrowableCollector.execute(ThrowableCollector.java:73)
	at org.junit.platform.engine.support.hierarchical.NodeTestTask.lambda$executeRecursively$7(NodeTestTask.java:129)
	at org.junit.platform.engine.support.hierarchical.Node.around(Node.java:137)
	at org.junit.platform.engine.support.hierarchical.NodeTestTask.lambda$executeRecursively$8(NodeTestTask.java:127)
	at org.junit.platform.engine.support.hierarchical.ThrowableCollector.execute(ThrowableCollector.java:73)
	at org.junit.platform.engine.support.hierarchical.NodeTestTask.executeRecursively(NodeTestTask.java:126)
	at org.junit.platform.engine.support.hierarchical.NodeTestTask.execute(NodeTestTask.java:84)
	at java.base/java.util.ArrayList.forEach(ArrayList.java:1511)
	at org.junit.platform.engine.support.hierarchical.SameThreadHierarchicalTestExecutorService.invokeAll(SameThreadHierarchicalTestExecutorService.java:38)
	at org.junit.platform.engine.support.hierarchical.NodeTestTask.lambda$executeRecursively$5(NodeTestTask.java:143)
	at org.junit.platform.engine.support.hierarchical.ThrowableCollector.execute(ThrowableCollector.java:73)
	at org.junit.platform.engine.support.hierarchical.NodeTestTask.lambda$executeRecursively$7(NodeTestTask.java:129)
	at org.junit.platform.engine.support.hierarchical.Node.around(Node.java:137)
	at org.junit.platform.engine.support.hierarchical.NodeTestTask.lambda$executeRecursively$8(NodeTestTask.java:127)
	at org.junit.platform.engine.support.hierarchical.ThrowableCollector.execute(ThrowableCollector.java:73)
	at org.junit.platform.engine.support.hierarchical.NodeTestTask.executeRecursively(NodeTestTask.java:126)
	at org.junit.platform.engine.support.hierarchical.NodeTestTask.execute(NodeTestTask.java:84)
	at org.junit.platform.engine.support.hierarchical.SameThreadHierarchicalTestExecutorService.submit(SameThreadHierarchicalTestExecutorService.java:32)
	at org.junit.platform.engine.support.hierarchical.HierarchicalTestExecutor.execute(HierarchicalTestExecutor.java:57)
	at org.junit.platform.engine.support.hierarchical.HierarchicalTestEngine.execute(HierarchicalTestEngine.java:51)
	at org.junit.platform.launcher.core.EngineExecutionOrchestrator.execute(EngineExecutionOrchestrator.java:108)
	at org.junit.platform.launcher.core.EngineExecutionOrchestrator.execute(EngineExecutionOrchestrator.java:88)
	at org.junit.platform.launcher.core.EngineExecutionOrchestrator.lambda$execute$0(EngineExecutionOrchestrator.java:54)
	at org.junit.platform.launcher.core.EngineExecutionOrchestrator.withInterceptedStreams(EngineExecutionOrchestrator.java:67)
	at org.junit.platform.launcher.core.EngineExecutionOrchestrator.execute(EngineExecutionOrchestrator.java:52)
	at org.junit.platform.launcher.core.DefaultLauncher.execute(DefaultLauncher.java:96)
	at org.junit.platform.launcher.core.DefaultLauncher.execute(DefaultLauncher.java:75)
	at org.junit.platform.console.tasks.ConsoleTestExecutor.executeTests(ConsoleTestExecutor.java:66)
	at org.junit.platform.console.tasks.ConsoleTestExecutor.lambda$execute$0(ConsoleTestExecutor.java:58)
	at org.junit.platform.console.tasks.CustomContextClassLoaderExecutor.replaceThreadContextClassLoaderAndInvoke(CustomContextClassLoaderExecutor.java:41)
	at org.junit.platform.console.tasks.CustomContextClassLoaderExecutor.invoke(CustomContextClassLoaderExecutor.java:31)
	at org.junit.platform.console.tasks.ConsoleTestExecutor.execute(ConsoleTestExecutor.java:58)
	at org.junit.platform.console.ConsoleLauncher.executeTests(ConsoleLauncher.java:95)
	at org.junit.platform.console.ConsoleLauncher.execute(ConsoleLauncher.java:73)
	at org.junit.platform.console.ConsoleLauncher.execute(ConsoleLauncher.java:50)
	at org.junit.platform.console.ConsoleLauncher.execute(ConsoleLauncher.java:43)
	at org.junit.platform.console.ConsoleLauncher.main(ConsoleLauncher.java:37)
]]></skipped>
<system-out><![CDATA[
unique-id: [engine:junit-jupiter]/[class:minebayd1.test.TestUser]/[test-template:testprevious(minebayd1.User)]/[test-template-invocation:#50]
display-name: [50] Boris a 63 annonces ouvertes, 2 annonces fermées et 3 achats 

]]></system-out>
</testcase>
<testcase name="testprevious(User)[51]" classname="minebayd1.test.TestUser" time="0">
<system-out><![CDATA[
unique-id: [engine:junit-jupiter]/[class:minebayd1.test.TestUser]/[test-template:testprevious(minebayd1.User)]/[test-template-invocation:#51]
display-name: [51] Mounir a 59 annonces ouvertes, 2 annonces fermées et 2 achats 

]]></system-out>
</testcase>
<testcase name="testprevious(User)[52]" classname="minebayd1.test.TestUser" time="0">
<system-out><![CDATA[
unique-id: [engine:junit-jupiter]/[class:minebayd1.test.TestUser]/[test-template:testprevious(minebayd1.User)]/[test-template-invocation:#52]
display-name: [52] Mounir a 59 annonces ouvertes, 2 annonces fermées et 2 achats 

]]></system-out>
</testcase>
<testcase name="testprevious(User)[53]" classname="minebayd1.test.TestUser" time="0">
<skipped><![CDATA[org.opentest4j.TestAbortedException: Assumption failed: assumption is not true
	at org.junit.jupiter.api.Assumptions.throwTestAbortedException(Assumptions.java:256)
	at org.junit.jupiter.api.Assumptions.assumeTrue(Assumptions.java:115)
	at org.junit.jupiter.api.Assumptions.assumeTrue(Assumptions.java:66)
	at minebayd1.test.TestUser.testprevious(TestUser.java:1288)
	at jdk.internal.reflect.GeneratedMethodAccessor15.invoke(Unknown Source)
	at java.base/jdk.internal.reflect.DelegatingMethodAccessorImpl.invoke(DelegatingMethodAccessorImpl.java:43)
	at java.base/java.lang.reflect.Method.invoke(Method.java:569)
	at org.junit.platform.commons.util.ReflectionUtils.invokeMethod(ReflectionUtils.java:688)
	at org.junit.jupiter.engine.execution.MethodInvocation.proceed(MethodInvocation.java:60)
	at org.junit.jupiter.engine.execution.InvocationInterceptorChain$ValidatingInvocation.proceed(InvocationInterceptorChain.java:131)
	at org.junit.jupiter.engine.extension.TimeoutExtension.intercept(TimeoutExtension.java:149)
	at org.junit.jupiter.engine.extension.TimeoutExtension.interceptTestableMethod(TimeoutExtension.java:140)
	at org.junit.jupiter.engine.extension.TimeoutExtension.interceptTestTemplateMethod(TimeoutExtension.java:92)
	at org.junit.jupiter.engine.execution.ExecutableInvoker$ReflectiveInterceptorCall.lambda$ofVoidMethod$0(ExecutableInvoker.java:115)
	at org.junit.jupiter.engine.execution.ExecutableInvoker.lambda$invoke$0(ExecutableInvoker.java:105)
	at org.junit.jupiter.engine.execution.InvocationInterceptorChain$InterceptedInvocation.proceed(InvocationInterceptorChain.java:106)
	at org.junit.jupiter.engine.execution.InvocationInterceptorChain.proceed(InvocationInterceptorChain.java:64)
	at org.junit.jupiter.engine.execution.InvocationInterceptorChain.chainAndInvoke(InvocationInterceptorChain.java:45)
	at org.junit.jupiter.engine.execution.InvocationInterceptorChain.invoke(InvocationInterceptorChain.java:37)
	at org.junit.jupiter.engine.execution.ExecutableInvoker.invoke(ExecutableInvoker.java:104)
	at org.junit.jupiter.engine.execution.ExecutableInvoker.invoke(ExecutableInvoker.java:98)
	at org.junit.jupiter.engine.descriptor.TestMethodTestDescriptor.lambda$invokeTestMethod$6(TestMethodTestDescriptor.java:210)
	at org.junit.platform.engine.support.hierarchical.ThrowableCollector.execute(ThrowableCollector.java:73)
	at org.junit.jupiter.engine.descriptor.TestMethodTestDescriptor.invokeTestMethod(TestMethodTestDescriptor.java:206)
	at org.junit.jupiter.engine.descriptor.TestMethodTestDescriptor.execute(TestMethodTestDescriptor.java:131)
	at org.junit.jupiter.engine.descriptor.TestMethodTestDescriptor.execute(TestMethodTestDescriptor.java:65)
	at org.junit.platform.engine.support.hierarchical.NodeTestTask.lambda$executeRecursively$5(NodeTestTask.java:139)
	at org.junit.platform.engine.support.hierarchical.ThrowableCollector.execute(ThrowableCollector.java:73)
	at org.junit.platform.engine.support.hierarchical.NodeTestTask.lambda$executeRecursively$7(NodeTestTask.java:129)
	at org.junit.platform.engine.support.hierarchical.Node.around(Node.java:137)
	at org.junit.platform.engine.support.hierarchical.NodeTestTask.lambda$executeRecursively$8(NodeTestTask.java:127)
	at org.junit.platform.engine.support.hierarchical.ThrowableCollector.execute(ThrowableCollector.java:73)
	at org.junit.platform.engine.support.hierarchical.NodeTestTask.executeRecursively(NodeTestTask.java:126)
	at org.junit.platform.engine.support.hierarchical.NodeTestTask.execute(NodeTestTask.java:84)
	at org.junit.platform.engine.support.hierarchical.SameThreadHierarchicalTestExecutorService.submit(SameThreadHierarchicalTestExecutorService.java:32)
	at org.junit.platform.engine.support.hierarchical.NodeTestTask$DefaultDynamicTestExecutor.execute(NodeTestTask.java:212)
	at org.junit.platform.engine.support.hierarchical.NodeTestTask$DefaultDynamicTestExecutor.execute(NodeTestTask.java:192)
	at org.junit.jupiter.engine.descriptor.TestTemplateTestDescriptor.execute(TestTemplateTestDescriptor.java:139)
	at org.junit.jupiter.engine.descriptor.TestTemplateTestDescriptor.lambda$execute$2(TestTemplateTestDescriptor.java:107)
	at java.base/java.util.stream.ForEachOps$ForEachOp$OfRef.accept(ForEachOps.java:183)
	at java.base/java.util.stream.ReferencePipeline$3$1.accept(ReferencePipeline.java:197)
	at java.base/java.util.stream.ReferencePipeline$2$1.accept(ReferencePipeline.java:179)
	at java.base/java.util.stream.ReferencePipeline$3$1.accept(ReferencePipeline.java:197)
	at java.base/java.util.stream.ForEachOps$ForEachOp$OfRef.accept(ForEachOps.java:183)
	at java.base/java.util.stream.ReferencePipeline$15$1.accept(ReferencePipeline.java:541)
	at java.base/java.util.stream.ReferencePipeline$3$1.accept(ReferencePipeline.java:197)
	at java.base/java.util.stream.ReferencePipeline$3$1.accept(ReferencePipeline.java:197)
	at java.base/java.util.stream.ReferencePipeline$3$1.accept(ReferencePipeline.java:197)
	at java.base/java.util.stream.ForEachOps$ForEachOp$OfRef.accept(ForEachOps.java:183)
	at java.base/java.util.stream.ReferencePipeline$3$1.accept(ReferencePipeline.java:197)
	at java.base/java.util.stream.ForEachOps$ForEachOp$OfRef.accept(ForEachOps.java:183)
	at java.base/java.util.stream.SliceOps$1$1.accept(SliceOps.java:200)
	at java.base/java.util.stream.StreamSpliterators$InfiniteSupplyingSpliterator$OfRef.tryAdvance(StreamSpliterators.java:1358)
	at java.base/java.util.stream.ReferencePipeline.forEachWithCancel(ReferencePipeline.java:129)
	at java.base/java.util.stream.AbstractPipeline.copyIntoWithCancel(AbstractPipeline.java:527)
	at java.base/java.util.stream.AbstractPipeline.copyInto(AbstractPipeline.java:513)
	at java.base/java.util.stream.AbstractPipeline.wrapAndCopyInto(AbstractPipeline.java:499)
	at java.base/java.util.stream.ForEachOps$ForEachOp.evaluateSequential(ForEachOps.java:150)
	at java.base/java.util.stream.ForEachOps$ForEachOp$OfRef.evaluateSequential(ForEachOps.java:173)
	at java.base/java.util.stream.AbstractPipeline.evaluate(AbstractPipeline.java:234)
	at java.base/java.util.stream.ReferencePipeline.forEach(ReferencePipeline.java:596)
	at java.base/java.util.stream.ReferencePipeline$7$1.accept(ReferencePipeline.java:276)
	at java.base/java.util.stream.ReferencePipeline$3$1.accept(ReferencePipeline.java:197)
	at java.base/java.util.stream.ReferencePipeline$3$1.accept(ReferencePipeline.java:197)
	at java.base/java.util.Spliterators$ArraySpliterator.forEachRemaining(Spliterators.java:992)
	at java.base/java.util.stream.AbstractPipeline.copyInto(AbstractPipeline.java:509)
	at java.base/java.util.stream.AbstractPipeline.wrapAndCopyInto(AbstractPipeline.java:499)
	at java.base/java.util.stream.ForEachOps$ForEachOp.evaluateSequential(ForEachOps.java:150)
	at java.base/java.util.stream.ForEachOps$ForEachOp$OfRef.evaluateSequential(ForEachOps.java:173)
	at java.base/java.util.stream.AbstractPipeline.evaluate(AbstractPipeline.java:234)
	at java.base/java.util.stream.ReferencePipeline.forEach(ReferencePipeline.java:596)
	at java.base/java.util.stream.ReferencePipeline$7$1.accept(ReferencePipeline.java:276)
	at java.base/java.util.stream.ReferencePipeline$3$1.accept(ReferencePipeline.java:197)
	at java.base/java.util.stream.ReferencePipeline$3$1.accept(ReferencePipeline.java:197)
	at java.base/java.util.stream.ReferencePipeline$3$1.accept(ReferencePipeline.java:197)
	at java.base/java.util.ArrayList$ArrayListSpliterator.forEachRemaining(ArrayList.java:1625)
	at java.base/java.util.stream.AbstractPipeline.copyInto(AbstractPipeline.java:509)
	at java.base/java.util.stream.AbstractPipeline.wrapAndCopyInto(AbstractPipeline.java:499)
	at java.base/java.util.stream.ForEachOps$ForEachOp.evaluateSequential(ForEachOps.java:150)
	at java.base/java.util.stream.ForEachOps$ForEachOp$OfRef.evaluateSequential(ForEachOps.java:173)
	at java.base/java.util.stream.AbstractPipeline.evaluate(AbstractPipeline.java:234)
	at java.base/java.util.stream.ReferencePipeline.forEach(ReferencePipeline.java:596)
	at java.base/java.util.stream.ReferencePipeline$7$1.accept(ReferencePipeline.java:276)
	at java.base/java.util.ArrayList$ArrayListSpliterator.forEachRemaining(ArrayList.java:1625)
	at java.base/java.util.stream.AbstractPipeline.copyInto(AbstractPipeline.java:509)
	at java.base/java.util.stream.AbstractPipeline.wrapAndCopyInto(AbstractPipeline.java:499)
	at java.base/java.util.stream.ForEachOps$ForEachOp.evaluateSequential(ForEachOps.java:150)
	at java.base/java.util.stream.ForEachOps$ForEachOp$OfRef.evaluateSequential(ForEachOps.java:173)
	at java.base/java.util.stream.AbstractPipeline.evaluate(AbstractPipeline.java:234)
	at java.base/java.util.stream.ReferencePipeline.forEach(ReferencePipeline.java:596)
	at org.junit.jupiter.engine.descriptor.TestTemplateTestDescriptor.execute(TestTemplateTestDescriptor.java:107)
	at org.junit.jupiter.engine.descriptor.TestTemplateTestDescriptor.execute(TestTemplateTestDescriptor.java:42)
	at org.junit.platform.engine.support.hierarchical.NodeTestTask.lambda$executeRecursively$5(NodeTestTask.java:139)
	at org.junit.platform.engine.support.hierarchical.ThrowableCollector.execute(ThrowableCollector.java:73)
	at org.junit.platform.engine.support.hierarchical.NodeTestTask.lambda$executeRecursively$7(NodeTestTask.java:129)
	at org.junit.platform.engine.support.hierarchical.Node.around(Node.java:137)
	at org.junit.platform.engine.support.hierarchical.NodeTestTask.lambda$executeRecursively$8(NodeTestTask.java:127)
	at org.junit.platform.engine.support.hierarchical.ThrowableCollector.execute(ThrowableCollector.java:73)
	at org.junit.platform.engine.support.hierarchical.NodeTestTask.executeRecursively(NodeTestTask.java:126)
	at org.junit.platform.engine.support.hierarchical.NodeTestTask.execute(NodeTestTask.java:84)
	at java.base/java.util.ArrayList.forEach(ArrayList.java:1511)
	at org.junit.platform.engine.support.hierarchical.SameThreadHierarchicalTestExecutorService.invokeAll(SameThreadHierarchicalTestExecutorService.java:38)
	at org.junit.platform.engine.support.hierarchical.NodeTestTask.lambda$executeRecursively$5(NodeTestTask.java:143)
	at org.junit.platform.engine.support.hierarchical.ThrowableCollector.execute(ThrowableCollector.java:73)
	at org.junit.platform.engine.support.hierarchical.NodeTestTask.lambda$executeRecursively$7(NodeTestTask.java:129)
	at org.junit.platform.engine.support.hierarchical.Node.around(Node.java:137)
	at org.junit.platform.engine.support.hierarchical.NodeTestTask.lambda$executeRecursively$8(NodeTestTask.java:127)
	at org.junit.platform.engine.support.hierarchical.ThrowableCollector.execute(ThrowableCollector.java:73)
	at org.junit.platform.engine.support.hierarchical.NodeTestTask.executeRecursively(NodeTestTask.java:126)
	at org.junit.platform.engine.support.hierarchical.NodeTestTask.execute(NodeTestTask.java:84)
	at java.base/java.util.ArrayList.forEach(ArrayList.java:1511)
	at org.junit.platform.engine.support.hierarchical.SameThreadHierarchicalTestExecutorService.invokeAll(SameThreadHierarchicalTestExecutorService.java:38)
	at org.junit.platform.engine.support.hierarchical.NodeTestTask.lambda$executeRecursively$5(NodeTestTask.java:143)
	at org.junit.platform.engine.support.hierarchical.ThrowableCollector.execute(ThrowableCollector.java:73)
	at org.junit.platform.engine.support.hierarchical.NodeTestTask.lambda$executeRecursively$7(NodeTestTask.java:129)
	at org.junit.platform.engine.support.hierarchical.Node.around(Node.java:137)
	at org.junit.platform.engine.support.hierarchical.NodeTestTask.lambda$executeRecursively$8(NodeTestTask.java:127)
	at org.junit.platform.engine.support.hierarchical.ThrowableCollector.execute(ThrowableCollector.java:73)
	at org.junit.platform.engine.support.hierarchical.NodeTestTask.executeRecursively(NodeTestTask.java:126)
	at org.junit.platform.engine.support.hierarchical.NodeTestTask.execute(NodeTestTask.java:84)
	at org.junit.platform.engine.support.hierarchical.SameThreadHierarchicalTestExecutorService.submit(SameThreadHierarchicalTestExecutorService.java:32)
	at org.junit.platform.engine.support.hierarchical.HierarchicalTestExecutor.execute(HierarchicalTestExecutor.java:57)
	at org.junit.platform.engine.support.hierarchical.HierarchicalTestEngine.execute(HierarchicalTestEngine.java:51)
	at org.junit.platform.launcher.core.EngineExecutionOrchestrator.execute(EngineExecutionOrchestrator.java:108)
	at org.junit.platform.launcher.core.EngineExecutionOrchestrator.execute(EngineExecutionOrchestrator.java:88)
	at org.junit.platform.launcher.core.EngineExecutionOrchestrator.lambda$execute$0(EngineExecutionOrchestrator.java:54)
	at org.junit.platform.launcher.core.EngineExecutionOrchestrator.withInterceptedStreams(EngineExecutionOrchestrator.java:67)
	at org.junit.platform.launcher.core.EngineExecutionOrchestrator.execute(EngineExecutionOrchestrator.java:52)
	at org.junit.platform.launcher.core.DefaultLauncher.execute(DefaultLauncher.java:96)
	at org.junit.platform.launcher.core.DefaultLauncher.execute(DefaultLauncher.java:75)
	at org.junit.platform.console.tasks.ConsoleTestExecutor.executeTests(ConsoleTestExecutor.java:66)
	at org.junit.platform.console.tasks.ConsoleTestExecutor.lambda$execute$0(ConsoleTestExecutor.java:58)
	at org.junit.platform.console.tasks.CustomContextClassLoaderExecutor.replaceThreadContextClassLoaderAndInvoke(CustomContextClassLoaderExecutor.java:41)
	at org.junit.platform.console.tasks.CustomContextClassLoaderExecutor.invoke(CustomContextClassLoaderExecutor.java:31)
	at org.junit.platform.console.tasks.ConsoleTestExecutor.execute(ConsoleTestExecutor.java:58)
	at org.junit.platform.console.ConsoleLauncher.executeTests(ConsoleLauncher.java:95)
	at org.junit.platform.console.ConsoleLauncher.execute(ConsoleLauncher.java:73)
	at org.junit.platform.console.ConsoleLauncher.execute(ConsoleLauncher.java:50)
	at org.junit.platform.console.ConsoleLauncher.execute(ConsoleLauncher.java:43)
	at org.junit.platform.console.ConsoleLauncher.main(ConsoleLauncher.java:37)
]]></skipped>
<system-out><![CDATA[
unique-id: [engine:junit-jupiter]/[class:minebayd1.test.TestUser]/[test-template:testprevious(minebayd1.User)]/[test-template-invocation:#53]
display-name: [53] Sheraz a 49 annonces ouvertes, 3 annonces fermées et 6 achats 

]]></system-out>
</testcase>
<testcase name="testprevious(User)[54]" classname="minebayd1.test.TestUser" time="0">
<system-out><![CDATA[
unique-id: [engine:junit-jupiter]/[class:minebayd1.test.TestUser]/[test-template:testprevious(minebayd1.User)]/[test-template-invocation:#54]
display-name: [54] Ziad a 48 annonces ouvertes, 4 annonces fermées et 2 achats 

]]></system-out>
</testcase>
<testcase name="testprevious(User)[55]" classname="minebayd1.test.TestUser" time="0">
<system-out><![CDATA[
unique-id: [engine:junit-jupiter]/[class:minebayd1.test.TestUser]/[test-template:testprevious(minebayd1.User)]/[test-template-invocation:#55]
display-name: [55] Nima a 50 annonces ouvertes, 1 annonces fermées et 4 achats 

]]></system-out>
</testcase>
<testcase name="testprevious(User)[56]" classname="minebayd1.test.TestUser" time="0">
<system-out><![CDATA[
unique-id: [engine:junit-jupiter]/[class:minebayd1.test.TestUser]/[test-template:testprevious(minebayd1.User)]/[test-template-invocation:#56]
display-name: [56] Chanez a 57 annonces ouvertes, 2 annonces fermées et 1 achats 

]]></system-out>
</testcase>
<testcase name="testprevious(User)[57]" classname="minebayd1.test.TestUser" time="0">
<system-out><![CDATA[
unique-id: [engine:junit-jupiter]/[class:minebayd1.test.TestUser]/[test-template:testprevious(minebayd1.User)]/[test-template-invocation:#57]
display-name: [57] Pierre a 41 annonces ouvertes, 5 annonces fermées et 2 achats 

]]></system-out>
</testcase>
<testcase name="testprevious(User)[58]" classname="minebayd1.test.TestUser" time="0">
<skipped><![CDATA[org.opentest4j.TestAbortedException: Assumption failed: assumption is not true
	at org.junit.jupiter.api.Assumptions.throwTestAbortedException(Assumptions.java:256)
	at org.junit.jupiter.api.Assumptions.assumeTrue(Assumptions.java:115)
	at org.junit.jupiter.api.Assumptions.assumeTrue(Assumptions.java:66)
	at minebayd1.test.TestUser.testprevious(TestUser.java:1288)
	at jdk.internal.reflect.GeneratedMethodAccessor15.invoke(Unknown Source)
	at java.base/jdk.internal.reflect.DelegatingMethodAccessorImpl.invoke(DelegatingMethodAccessorImpl.java:43)
	at java.base/java.lang.reflect.Method.invoke(Method.java:569)
	at org.junit.platform.commons.util.ReflectionUtils.invokeMethod(ReflectionUtils.java:688)
	at org.junit.jupiter.engine.execution.MethodInvocation.proceed(MethodInvocation.java:60)
	at org.junit.jupiter.engine.execution.InvocationInterceptorChain$ValidatingInvocation.proceed(InvocationInterceptorChain.java:131)
	at org.junit.jupiter.engine.extension.TimeoutExtension.intercept(TimeoutExtension.java:149)
	at org.junit.jupiter.engine.extension.TimeoutExtension.interceptTestableMethod(TimeoutExtension.java:140)
	at org.junit.jupiter.engine.extension.TimeoutExtension.interceptTestTemplateMethod(TimeoutExtension.java:92)
	at org.junit.jupiter.engine.execution.ExecutableInvoker$ReflectiveInterceptorCall.lambda$ofVoidMethod$0(ExecutableInvoker.java:115)
	at org.junit.jupiter.engine.execution.ExecutableInvoker.lambda$invoke$0(ExecutableInvoker.java:105)
	at org.junit.jupiter.engine.execution.InvocationInterceptorChain$InterceptedInvocation.proceed(InvocationInterceptorChain.java:106)
	at org.junit.jupiter.engine.execution.InvocationInterceptorChain.proceed(InvocationInterceptorChain.java:64)
	at org.junit.jupiter.engine.execution.InvocationInterceptorChain.chainAndInvoke(InvocationInterceptorChain.java:45)
	at org.junit.jupiter.engine.execution.InvocationInterceptorChain.invoke(InvocationInterceptorChain.java:37)
	at org.junit.jupiter.engine.execution.ExecutableInvoker.invoke(ExecutableInvoker.java:104)
	at org.junit.jupiter.engine.execution.ExecutableInvoker.invoke(ExecutableInvoker.java:98)
	at org.junit.jupiter.engine.descriptor.TestMethodTestDescriptor.lambda$invokeTestMethod$6(TestMethodTestDescriptor.java:210)
	at org.junit.platform.engine.support.hierarchical.ThrowableCollector.execute(ThrowableCollector.java:73)
	at org.junit.jupiter.engine.descriptor.TestMethodTestDescriptor.invokeTestMethod(TestMethodTestDescriptor.java:206)
	at org.junit.jupiter.engine.descriptor.TestMethodTestDescriptor.execute(TestMethodTestDescriptor.java:131)
	at org.junit.jupiter.engine.descriptor.TestMethodTestDescriptor.execute(TestMethodTestDescriptor.java:65)
	at org.junit.platform.engine.support.hierarchical.NodeTestTask.lambda$executeRecursively$5(NodeTestTask.java:139)
	at org.junit.platform.engine.support.hierarchical.ThrowableCollector.execute(ThrowableCollector.java:73)
	at org.junit.platform.engine.support.hierarchical.NodeTestTask.lambda$executeRecursively$7(NodeTestTask.java:129)
	at org.junit.platform.engine.support.hierarchical.Node.around(Node.java:137)
	at org.junit.platform.engine.support.hierarchical.NodeTestTask.lambda$executeRecursively$8(NodeTestTask.java:127)
	at org.junit.platform.engine.support.hierarchical.ThrowableCollector.execute(ThrowableCollector.java:73)
	at org.junit.platform.engine.support.hierarchical.NodeTestTask.executeRecursively(NodeTestTask.java:126)
	at org.junit.platform.engine.support.hierarchical.NodeTestTask.execute(NodeTestTask.java:84)
	at org.junit.platform.engine.support.hierarchical.SameThreadHierarchicalTestExecutorService.submit(SameThreadHierarchicalTestExecutorService.java:32)
	at org.junit.platform.engine.support.hierarchical.NodeTestTask$DefaultDynamicTestExecutor.execute(NodeTestTask.java:212)
	at org.junit.platform.engine.support.hierarchical.NodeTestTask$DefaultDynamicTestExecutor.execute(NodeTestTask.java:192)
	at org.junit.jupiter.engine.descriptor.TestTemplateTestDescriptor.execute(TestTemplateTestDescriptor.java:139)
	at org.junit.jupiter.engine.descriptor.TestTemplateTestDescriptor.lambda$execute$2(TestTemplateTestDescriptor.java:107)
	at java.base/java.util.stream.ForEachOps$ForEachOp$OfRef.accept(ForEachOps.java:183)
	at java.base/java.util.stream.ReferencePipeline$3$1.accept(ReferencePipeline.java:197)
	at java.base/java.util.stream.ReferencePipeline$2$1.accept(ReferencePipeline.java:179)
	at java.base/java.util.stream.ReferencePipeline$3$1.accept(ReferencePipeline.java:197)
	at java.base/java.util.stream.ForEachOps$ForEachOp$OfRef.accept(ForEachOps.java:183)
	at java.base/java.util.stream.ReferencePipeline$15$1.accept(ReferencePipeline.java:541)
	at java.base/java.util.stream.ReferencePipeline$3$1.accept(ReferencePipeline.java:197)
	at java.base/java.util.stream.ReferencePipeline$3$1.accept(ReferencePipeline.java:197)
	at java.base/java.util.stream.ReferencePipeline$3$1.accept(ReferencePipeline.java:197)
	at java.base/java.util.stream.ForEachOps$ForEachOp$OfRef.accept(ForEachOps.java:183)
	at java.base/java.util.stream.ReferencePipeline$3$1.accept(ReferencePipeline.java:197)
	at java.base/java.util.stream.ForEachOps$ForEachOp$OfRef.accept(ForEachOps.java:183)
	at java.base/java.util.stream.SliceOps$1$1.accept(SliceOps.java:200)
	at java.base/java.util.stream.StreamSpliterators$InfiniteSupplyingSpliterator$OfRef.tryAdvance(StreamSpliterators.java:1358)
	at java.base/java.util.stream.ReferencePipeline.forEachWithCancel(ReferencePipeline.java:129)
	at java.base/java.util.stream.AbstractPipeline.copyIntoWithCancel(AbstractPipeline.java:527)
	at java.base/java.util.stream.AbstractPipeline.copyInto(AbstractPipeline.java:513)
	at java.base/java.util.stream.AbstractPipeline.wrapAndCopyInto(AbstractPipeline.java:499)
	at java.base/java.util.stream.ForEachOps$ForEachOp.evaluateSequential(ForEachOps.java:150)
	at java.base/java.util.stream.ForEachOps$ForEachOp$OfRef.evaluateSequential(ForEachOps.java:173)
	at java.base/java.util.stream.AbstractPipeline.evaluate(AbstractPipeline.java:234)
	at java.base/java.util.stream.ReferencePipeline.forEach(ReferencePipeline.java:596)
	at java.base/java.util.stream.ReferencePipeline$7$1.accept(ReferencePipeline.java:276)
	at java.base/java.util.stream.ReferencePipeline$3$1.accept(ReferencePipeline.java:197)
	at java.base/java.util.stream.ReferencePipeline$3$1.accept(ReferencePipeline.java:197)
	at java.base/java.util.Spliterators$ArraySpliterator.forEachRemaining(Spliterators.java:992)
	at java.base/java.util.stream.AbstractPipeline.copyInto(AbstractPipeline.java:509)
	at java.base/java.util.stream.AbstractPipeline.wrapAndCopyInto(AbstractPipeline.java:499)
	at java.base/java.util.stream.ForEachOps$ForEachOp.evaluateSequential(ForEachOps.java:150)
	at java.base/java.util.stream.ForEachOps$ForEachOp$OfRef.evaluateSequential(ForEachOps.java:173)
	at java.base/java.util.stream.AbstractPipeline.evaluate(AbstractPipeline.java:234)
	at java.base/java.util.stream.ReferencePipeline.forEach(ReferencePipeline.java:596)
	at java.base/java.util.stream.ReferencePipeline$7$1.accept(ReferencePipeline.java:276)
	at java.base/java.util.stream.ReferencePipeline$3$1.accept(ReferencePipeline.java:197)
	at java.base/java.util.stream.ReferencePipeline$3$1.accept(ReferencePipeline.java:197)
	at java.base/java.util.stream.ReferencePipeline$3$1.accept(ReferencePipeline.java:197)
	at java.base/java.util.ArrayList$ArrayListSpliterator.forEachRemaining(ArrayList.java:1625)
	at java.base/java.util.stream.AbstractPipeline.copyInto(AbstractPipeline.java:509)
	at java.base/java.util.stream.AbstractPipeline.wrapAndCopyInto(AbstractPipeline.java:499)
	at java.base/java.util.stream.ForEachOps$ForEachOp.evaluateSequential(ForEachOps.java:150)
	at java.base/java.util.stream.ForEachOps$ForEachOp$OfRef.evaluateSequential(ForEachOps.java:173)
	at java.base/java.util.stream.AbstractPipeline.evaluate(AbstractPipeline.java:234)
	at java.base/java.util.stream.ReferencePipeline.forEach(ReferencePipeline.java:596)
	at java.base/java.util.stream.ReferencePipeline$7$1.accept(ReferencePipeline.java:276)
	at java.base/java.util.ArrayList$ArrayListSpliterator.forEachRemaining(ArrayList.java:1625)
	at java.base/java.util.stream.AbstractPipeline.copyInto(AbstractPipeline.java:509)
	at java.base/java.util.stream.AbstractPipeline.wrapAndCopyInto(AbstractPipeline.java:499)
	at java.base/java.util.stream.ForEachOps$ForEachOp.evaluateSequential(ForEachOps.java:150)
	at java.base/java.util.stream.ForEachOps$ForEachOp$OfRef.evaluateSequential(ForEachOps.java:173)
	at java.base/java.util.stream.AbstractPipeline.evaluate(AbstractPipeline.java:234)
	at java.base/java.util.stream.ReferencePipeline.forEach(ReferencePipeline.java:596)
	at org.junit.jupiter.engine.descriptor.TestTemplateTestDescriptor.execute(TestTemplateTestDescriptor.java:107)
	at org.junit.jupiter.engine.descriptor.TestTemplateTestDescriptor.execute(TestTemplateTestDescriptor.java:42)
	at org.junit.platform.engine.support.hierarchical.NodeTestTask.lambda$executeRecursively$5(NodeTestTask.java:139)
	at org.junit.platform.engine.support.hierarchical.ThrowableCollector.execute(ThrowableCollector.java:73)
	at org.junit.platform.engine.support.hierarchical.NodeTestTask.lambda$executeRecursively$7(NodeTestTask.java:129)
	at org.junit.platform.engine.support.hierarchical.Node.around(Node.java:137)
	at org.junit.platform.engine.support.hierarchical.NodeTestTask.lambda$executeRecursively$8(NodeTestTask.java:127)
	at org.junit.platform.engine.support.hierarchical.ThrowableCollector.execute(ThrowableCollector.java:73)
	at org.junit.platform.engine.support.hierarchical.NodeTestTask.executeRecursively(NodeTestTask.java:126)
	at org.junit.platform.engine.support.hierarchical.NodeTestTask.execute(NodeTestTask.java:84)
	at java.base/java.util.ArrayList.forEach(ArrayList.java:1511)
	at org.junit.platform.engine.support.hierarchical.SameThreadHierarchicalTestExecutorService.invokeAll(SameThreadHierarchicalTestExecutorService.java:38)
	at org.junit.platform.engine.support.hierarchical.NodeTestTask.lambda$executeRecursively$5(NodeTestTask.java:143)
	at org.junit.platform.engine.support.hierarchical.ThrowableCollector.execute(ThrowableCollector.java:73)
	at org.junit.platform.engine.support.hierarchical.NodeTestTask.lambda$executeRecursively$7(NodeTestTask.java:129)
	at org.junit.platform.engine.support.hierarchical.Node.around(Node.java:137)
	at org.junit.platform.engine.support.hierarchical.NodeTestTask.lambda$executeRecursively$8(NodeTestTask.java:127)
	at org.junit.platform.engine.support.hierarchical.ThrowableCollector.execute(ThrowableCollector.java:73)
	at org.junit.platform.engine.support.hierarchical.NodeTestTask.executeRecursively(NodeTestTask.java:126)
	at org.junit.platform.engine.support.hierarchical.NodeTestTask.execute(NodeTestTask.java:84)
	at java.base/java.util.ArrayList.forEach(ArrayList.java:1511)
	at org.junit.platform.engine.support.hierarchical.SameThreadHierarchicalTestExecutorService.invokeAll(SameThreadHierarchicalTestExecutorService.java:38)
	at org.junit.platform.engine.support.hierarchical.NodeTestTask.lambda$executeRecursively$5(NodeTestTask.java:143)
	at org.junit.platform.engine.support.hierarchical.ThrowableCollector.execute(ThrowableCollector.java:73)
	at org.junit.platform.engine.support.hierarchical.NodeTestTask.lambda$executeRecursively$7(NodeTestTask.java:129)
	at org.junit.platform.engine.support.hierarchical.Node.around(Node.java:137)
	at org.junit.platform.engine.support.hierarchical.NodeTestTask.lambda$executeRecursively$8(NodeTestTask.java:127)
	at org.junit.platform.engine.support.hierarchical.ThrowableCollector.execute(ThrowableCollector.java:73)
	at org.junit.platform.engine.support.hierarchical.NodeTestTask.executeRecursively(NodeTestTask.java:126)
	at org.junit.platform.engine.support.hierarchical.NodeTestTask.execute(NodeTestTask.java:84)
	at org.junit.platform.engine.support.hierarchical.SameThreadHierarchicalTestExecutorService.submit(SameThreadHierarchicalTestExecutorService.java:32)
	at org.junit.platform.engine.support.hierarchical.HierarchicalTestExecutor.execute(HierarchicalTestExecutor.java:57)
	at org.junit.platform.engine.support.hierarchical.HierarchicalTestEngine.execute(HierarchicalTestEngine.java:51)
	at org.junit.platform.launcher.core.EngineExecutionOrchestrator.execute(EngineExecutionOrchestrator.java:108)
	at org.junit.platform.launcher.core.EngineExecutionOrchestrator.execute(EngineExecutionOrchestrator.java:88)
	at org.junit.platform.launcher.core.EngineExecutionOrchestrator.lambda$execute$0(EngineExecutionOrchestrator.java:54)
	at org.junit.platform.launcher.core.EngineExecutionOrchestrator.withInterceptedStreams(EngineExecutionOrchestrator.java:67)
	at org.junit.platform.launcher.core.EngineExecutionOrchestrator.execute(EngineExecutionOrchestrator.java:52)
	at org.junit.platform.launcher.core.DefaultLauncher.execute(DefaultLauncher.java:96)
	at org.junit.platform.launcher.core.DefaultLauncher.execute(DefaultLauncher.java:75)
	at org.junit.platform.console.tasks.ConsoleTestExecutor.executeTests(ConsoleTestExecutor.java:66)
	at org.junit.platform.console.tasks.ConsoleTestExecutor.lambda$execute$0(ConsoleTestExecutor.java:58)
	at org.junit.platform.console.tasks.CustomContextClassLoaderExecutor.replaceThreadContextClassLoaderAndInvoke(CustomContextClassLoaderExecutor.java:41)
	at org.junit.platform.console.tasks.CustomContextClassLoaderExecutor.invoke(CustomContextClassLoaderExecutor.java:31)
	at org.junit.platform.console.tasks.ConsoleTestExecutor.execute(ConsoleTestExecutor.java:58)
	at org.junit.platform.console.ConsoleLauncher.executeTests(ConsoleLauncher.java:95)
	at org.junit.platform.console.ConsoleLauncher.execute(ConsoleLauncher.java:73)
	at org.junit.platform.console.ConsoleLauncher.execute(ConsoleLauncher.java:50)
	at org.junit.platform.console.ConsoleLauncher.execute(ConsoleLauncher.java:43)
	at org.junit.platform.console.ConsoleLauncher.main(ConsoleLauncher.java:37)
]]></skipped>
<system-out><![CDATA[
unique-id: [engine:junit-jupiter]/[class:minebayd1.test.TestUser]/[test-template:testprevious(minebayd1.User)]/[test-template-invocation:#58]
display-name: [58] Lyes a 65 annonces ouvertes, 1 annonces fermées et 3 achats 

]]></system-out>
</testcase>
<testcase name="testprevious(User)[59]" classname="minebayd1.test.TestUser" time="0">
<system-out><![CDATA[
unique-id: [engine:junit-jupiter]/[class:minebayd1.test.TestUser]/[test-template:testprevious(minebayd1.User)]/[test-template-invocation:#59]
display-name: [59] Imam a 45 annonces ouvertes, 5 annonces fermées et 3 achats 

]]></system-out>
</testcase>
<testcase name="testprevious(User)[60]" classname="minebayd1.test.TestUser" time="0">
<system-out><![CDATA[
unique-id: [engine:junit-jupiter]/[class:minebayd1.test.TestUser]/[test-template:testprevious(minebayd1.User)]/[test-template-invocation:#60]
display-name: [60] Idir a 58 annonces ouvertes, 5 annonces fermées et 4 achats 

]]></system-out>
</testcase>
<testcase name="testprevious(User)[61]" classname="minebayd1.test.TestUser" time="0">
<skipped><![CDATA[org.opentest4j.TestAbortedException: Assumption failed: assumption is not true
	at org.junit.jupiter.api.Assumptions.throwTestAbortedException(Assumptions.java:256)
	at org.junit.jupiter.api.Assumptions.assumeTrue(Assumptions.java:115)
	at org.junit.jupiter.api.Assumptions.assumeTrue(Assumptions.java:66)
	at minebayd1.test.TestUser.testprevious(TestUser.java:1288)
	at jdk.internal.reflect.GeneratedMethodAccessor15.invoke(Unknown Source)
	at java.base/jdk.internal.reflect.DelegatingMethodAccessorImpl.invoke(DelegatingMethodAccessorImpl.java:43)
	at java.base/java.lang.reflect.Method.invoke(Method.java:569)
	at org.junit.platform.commons.util.ReflectionUtils.invokeMethod(ReflectionUtils.java:688)
	at org.junit.jupiter.engine.execution.MethodInvocation.proceed(MethodInvocation.java:60)
	at org.junit.jupiter.engine.execution.InvocationInterceptorChain$ValidatingInvocation.proceed(InvocationInterceptorChain.java:131)
	at org.junit.jupiter.engine.extension.TimeoutExtension.intercept(TimeoutExtension.java:149)
	at org.junit.jupiter.engine.extension.TimeoutExtension.interceptTestableMethod(TimeoutExtension.java:140)
	at org.junit.jupiter.engine.extension.TimeoutExtension.interceptTestTemplateMethod(TimeoutExtension.java:92)
	at org.junit.jupiter.engine.execution.ExecutableInvoker$ReflectiveInterceptorCall.lambda$ofVoidMethod$0(ExecutableInvoker.java:115)
	at org.junit.jupiter.engine.execution.ExecutableInvoker.lambda$invoke$0(ExecutableInvoker.java:105)
	at org.junit.jupiter.engine.execution.InvocationInterceptorChain$InterceptedInvocation.proceed(InvocationInterceptorChain.java:106)
	at org.junit.jupiter.engine.execution.InvocationInterceptorChain.proceed(InvocationInterceptorChain.java:64)
	at org.junit.jupiter.engine.execution.InvocationInterceptorChain.chainAndInvoke(InvocationInterceptorChain.java:45)
	at org.junit.jupiter.engine.execution.InvocationInterceptorChain.invoke(InvocationInterceptorChain.java:37)
	at org.junit.jupiter.engine.execution.ExecutableInvoker.invoke(ExecutableInvoker.java:104)
	at org.junit.jupiter.engine.execution.ExecutableInvoker.invoke(ExecutableInvoker.java:98)
	at org.junit.jupiter.engine.descriptor.TestMethodTestDescriptor.lambda$invokeTestMethod$6(TestMethodTestDescriptor.java:210)
	at org.junit.platform.engine.support.hierarchical.ThrowableCollector.execute(ThrowableCollector.java:73)
	at org.junit.jupiter.engine.descriptor.TestMethodTestDescriptor.invokeTestMethod(TestMethodTestDescriptor.java:206)
	at org.junit.jupiter.engine.descriptor.TestMethodTestDescriptor.execute(TestMethodTestDescriptor.java:131)
	at org.junit.jupiter.engine.descriptor.TestMethodTestDescriptor.execute(TestMethodTestDescriptor.java:65)
	at org.junit.platform.engine.support.hierarchical.NodeTestTask.lambda$executeRecursively$5(NodeTestTask.java:139)
	at org.junit.platform.engine.support.hierarchical.ThrowableCollector.execute(ThrowableCollector.java:73)
	at org.junit.platform.engine.support.hierarchical.NodeTestTask.lambda$executeRecursively$7(NodeTestTask.java:129)
	at org.junit.platform.engine.support.hierarchical.Node.around(Node.java:137)
	at org.junit.platform.engine.support.hierarchical.NodeTestTask.lambda$executeRecursively$8(NodeTestTask.java:127)
	at org.junit.platform.engine.support.hierarchical.ThrowableCollector.execute(ThrowableCollector.java:73)
	at org.junit.platform.engine.support.hierarchical.NodeTestTask.executeRecursively(NodeTestTask.java:126)
	at org.junit.platform.engine.support.hierarchical.NodeTestTask.execute(NodeTestTask.java:84)
	at org.junit.platform.engine.support.hierarchical.SameThreadHierarchicalTestExecutorService.submit(SameThreadHierarchicalTestExecutorService.java:32)
	at org.junit.platform.engine.support.hierarchical.NodeTestTask$DefaultDynamicTestExecutor.execute(NodeTestTask.java:212)
	at org.junit.platform.engine.support.hierarchical.NodeTestTask$DefaultDynamicTestExecutor.execute(NodeTestTask.java:192)
	at org.junit.jupiter.engine.descriptor.TestTemplateTestDescriptor.execute(TestTemplateTestDescriptor.java:139)
	at org.junit.jupiter.engine.descriptor.TestTemplateTestDescriptor.lambda$execute$2(TestTemplateTestDescriptor.java:107)
	at java.base/java.util.stream.ForEachOps$ForEachOp$OfRef.accept(ForEachOps.java:183)
	at java.base/java.util.stream.ReferencePipeline$3$1.accept(ReferencePipeline.java:197)
	at java.base/java.util.stream.ReferencePipeline$2$1.accept(ReferencePipeline.java:179)
	at java.base/java.util.stream.ReferencePipeline$3$1.accept(ReferencePipeline.java:197)
	at java.base/java.util.stream.ForEachOps$ForEachOp$OfRef.accept(ForEachOps.java:183)
	at java.base/java.util.stream.ReferencePipeline$15$1.accept(ReferencePipeline.java:541)
	at java.base/java.util.stream.ReferencePipeline$3$1.accept(ReferencePipeline.java:197)
	at java.base/java.util.stream.ReferencePipeline$3$1.accept(ReferencePipeline.java:197)
	at java.base/java.util.stream.ReferencePipeline$3$1.accept(ReferencePipeline.java:197)
	at java.base/java.util.stream.ForEachOps$ForEachOp$OfRef.accept(ForEachOps.java:183)
	at java.base/java.util.stream.ReferencePipeline$3$1.accept(ReferencePipeline.java:197)
	at java.base/java.util.stream.ForEachOps$ForEachOp$OfRef.accept(ForEachOps.java:183)
	at java.base/java.util.stream.SliceOps$1$1.accept(SliceOps.java:200)
	at java.base/java.util.stream.StreamSpliterators$InfiniteSupplyingSpliterator$OfRef.tryAdvance(StreamSpliterators.java:1358)
	at java.base/java.util.stream.ReferencePipeline.forEachWithCancel(ReferencePipeline.java:129)
	at java.base/java.util.stream.AbstractPipeline.copyIntoWithCancel(AbstractPipeline.java:527)
	at java.base/java.util.stream.AbstractPipeline.copyInto(AbstractPipeline.java:513)
	at java.base/java.util.stream.AbstractPipeline.wrapAndCopyInto(AbstractPipeline.java:499)
	at java.base/java.util.stream.ForEachOps$ForEachOp.evaluateSequential(ForEachOps.java:150)
	at java.base/java.util.stream.ForEachOps$ForEachOp$OfRef.evaluateSequential(ForEachOps.java:173)
	at java.base/java.util.stream.AbstractPipeline.evaluate(AbstractPipeline.java:234)
	at java.base/java.util.stream.ReferencePipeline.forEach(ReferencePipeline.java:596)
	at java.base/java.util.stream.ReferencePipeline$7$1.accept(ReferencePipeline.java:276)
	at java.base/java.util.stream.ReferencePipeline$3$1.accept(ReferencePipeline.java:197)
	at java.base/java.util.stream.ReferencePipeline$3$1.accept(ReferencePipeline.java:197)
	at java.base/java.util.Spliterators$ArraySpliterator.forEachRemaining(Spliterators.java:992)
	at java.base/java.util.stream.AbstractPipeline.copyInto(AbstractPipeline.java:509)
	at java.base/java.util.stream.AbstractPipeline.wrapAndCopyInto(AbstractPipeline.java:499)
	at java.base/java.util.stream.ForEachOps$ForEachOp.evaluateSequential(ForEachOps.java:150)
	at java.base/java.util.stream.ForEachOps$ForEachOp$OfRef.evaluateSequential(ForEachOps.java:173)
	at java.base/java.util.stream.AbstractPipeline.evaluate(AbstractPipeline.java:234)
	at java.base/java.util.stream.ReferencePipeline.forEach(ReferencePipeline.java:596)
	at java.base/java.util.stream.ReferencePipeline$7$1.accept(ReferencePipeline.java:276)
	at java.base/java.util.stream.ReferencePipeline$3$1.accept(ReferencePipeline.java:197)
	at java.base/java.util.stream.ReferencePipeline$3$1.accept(ReferencePipeline.java:197)
	at java.base/java.util.stream.ReferencePipeline$3$1.accept(ReferencePipeline.java:197)
	at java.base/java.util.ArrayList$ArrayListSpliterator.forEachRemaining(ArrayList.java:1625)
	at java.base/java.util.stream.AbstractPipeline.copyInto(AbstractPipeline.java:509)
	at java.base/java.util.stream.AbstractPipeline.wrapAndCopyInto(AbstractPipeline.java:499)
	at java.base/java.util.stream.ForEachOps$ForEachOp.evaluateSequential(ForEachOps.java:150)
	at java.base/java.util.stream.ForEachOps$ForEachOp$OfRef.evaluateSequential(ForEachOps.java:173)
	at java.base/java.util.stream.AbstractPipeline.evaluate(AbstractPipeline.java:234)
	at java.base/java.util.stream.ReferencePipeline.forEach(ReferencePipeline.java:596)
	at java.base/java.util.stream.ReferencePipeline$7$1.accept(ReferencePipeline.java:276)
	at java.base/java.util.ArrayList$ArrayListSpliterator.forEachRemaining(ArrayList.java:1625)
	at java.base/java.util.stream.AbstractPipeline.copyInto(AbstractPipeline.java:509)
	at java.base/java.util.stream.AbstractPipeline.wrapAndCopyInto(AbstractPipeline.java:499)
	at java.base/java.util.stream.ForEachOps$ForEachOp.evaluateSequential(ForEachOps.java:150)
	at java.base/java.util.stream.ForEachOps$ForEachOp$OfRef.evaluateSequential(ForEachOps.java:173)
	at java.base/java.util.stream.AbstractPipeline.evaluate(AbstractPipeline.java:234)
	at java.base/java.util.stream.ReferencePipeline.forEach(ReferencePipeline.java:596)
	at org.junit.jupiter.engine.descriptor.TestTemplateTestDescriptor.execute(TestTemplateTestDescriptor.java:107)
	at org.junit.jupiter.engine.descriptor.TestTemplateTestDescriptor.execute(TestTemplateTestDescriptor.java:42)
	at org.junit.platform.engine.support.hierarchical.NodeTestTask.lambda$executeRecursively$5(NodeTestTask.java:139)
	at org.junit.platform.engine.support.hierarchical.ThrowableCollector.execute(ThrowableCollector.java:73)
	at org.junit.platform.engine.support.hierarchical.NodeTestTask.lambda$executeRecursively$7(NodeTestTask.java:129)
	at org.junit.platform.engine.support.hierarchical.Node.around(Node.java:137)
	at org.junit.platform.engine.support.hierarchical.NodeTestTask.lambda$executeRecursively$8(NodeTestTask.java:127)
	at org.junit.platform.engine.support.hierarchical.ThrowableCollector.execute(ThrowableCollector.java:73)
	at org.junit.platform.engine.support.hierarchical.NodeTestTask.executeRecursively(NodeTestTask.java:126)
	at org.junit.platform.engine.support.hierarchical.NodeTestTask.execute(NodeTestTask.java:84)
	at java.base/java.util.ArrayList.forEach(ArrayList.java:1511)
	at org.junit.platform.engine.support.hierarchical.SameThreadHierarchicalTestExecutorService.invokeAll(SameThreadHierarchicalTestExecutorService.java:38)
	at org.junit.platform.engine.support.hierarchical.NodeTestTask.lambda$executeRecursively$5(NodeTestTask.java:143)
	at org.junit.platform.engine.support.hierarchical.ThrowableCollector.execute(ThrowableCollector.java:73)
	at org.junit.platform.engine.support.hierarchical.NodeTestTask.lambda$executeRecursively$7(NodeTestTask.java:129)
	at org.junit.platform.engine.support.hierarchical.Node.around(Node.java:137)
	at org.junit.platform.engine.support.hierarchical.NodeTestTask.lambda$executeRecursively$8(NodeTestTask.java:127)
	at org.junit.platform.engine.support.hierarchical.ThrowableCollector.execute(ThrowableCollector.java:73)
	at org.junit.platform.engine.support.hierarchical.NodeTestTask.executeRecursively(NodeTestTask.java:126)
	at org.junit.platform.engine.support.hierarchical.NodeTestTask.execute(NodeTestTask.java:84)
	at java.base/java.util.ArrayList.forEach(ArrayList.java:1511)
	at org.junit.platform.engine.support.hierarchical.SameThreadHierarchicalTestExecutorService.invokeAll(SameThreadHierarchicalTestExecutorService.java:38)
	at org.junit.platform.engine.support.hierarchical.NodeTestTask.lambda$executeRecursively$5(NodeTestTask.java:143)
	at org.junit.platform.engine.support.hierarchical.ThrowableCollector.execute(ThrowableCollector.java:73)
	at org.junit.platform.engine.support.hierarchical.NodeTestTask.lambda$executeRecursively$7(NodeTestTask.java:129)
	at org.junit.platform.engine.support.hierarchical.Node.around(Node.java:137)
	at org.junit.platform.engine.support.hierarchical.NodeTestTask.lambda$executeRecursively$8(NodeTestTask.java:127)
	at org.junit.platform.engine.support.hierarchical.ThrowableCollector.execute(ThrowableCollector.java:73)
	at org.junit.platform.engine.support.hierarchical.NodeTestTask.executeRecursively(NodeTestTask.java:126)
	at org.junit.platform.engine.support.hierarchical.NodeTestTask.execute(NodeTestTask.java:84)
	at org.junit.platform.engine.support.hierarchical.SameThreadHierarchicalTestExecutorService.submit(SameThreadHierarchicalTestExecutorService.java:32)
	at org.junit.platform.engine.support.hierarchical.HierarchicalTestExecutor.execute(HierarchicalTestExecutor.java:57)
	at org.junit.platform.engine.support.hierarchical.HierarchicalTestEngine.execute(HierarchicalTestEngine.java:51)
	at org.junit.platform.launcher.core.EngineExecutionOrchestrator.execute(EngineExecutionOrchestrator.java:108)
	at org.junit.platform.launcher.core.EngineExecutionOrchestrator.execute(EngineExecutionOrchestrator.java:88)
	at org.junit.platform.launcher.core.EngineExecutionOrchestrator.lambda$execute$0(EngineExecutionOrchestrator.java:54)
	at org.junit.platform.launcher.core.EngineExecutionOrchestrator.withInterceptedStreams(EngineExecutionOrchestrator.java:67)
	at org.junit.platform.launcher.core.EngineExecutionOrchestrator.execute(EngineExecutionOrchestrator.java:52)
	at org.junit.platform.launcher.core.DefaultLauncher.execute(DefaultLauncher.java:96)
	at org.junit.platform.launcher.core.DefaultLauncher.execute(DefaultLauncher.java:75)
	at org.junit.platform.console.tasks.ConsoleTestExecutor.executeTests(ConsoleTestExecutor.java:66)
	at org.junit.platform.console.tasks.ConsoleTestExecutor.lambda$execute$0(ConsoleTestExecutor.java:58)
	at org.junit.platform.console.tasks.CustomContextClassLoaderExecutor.replaceThreadContextClassLoaderAndInvoke(CustomContextClassLoaderExecutor.java:41)
	at org.junit.platform.console.tasks.CustomContextClassLoaderExecutor.invoke(CustomContextClassLoaderExecutor.java:31)
	at org.junit.platform.console.tasks.ConsoleTestExecutor.execute(ConsoleTestExecutor.java:58)
	at org.junit.platform.console.ConsoleLauncher.executeTests(ConsoleLauncher.java:95)
	at org.junit.platform.console.ConsoleLauncher.execute(ConsoleLauncher.java:73)
	at org.junit.platform.console.ConsoleLauncher.execute(ConsoleLauncher.java:50)
	at org.junit.platform.console.ConsoleLauncher.execute(ConsoleLauncher.java:43)
	at org.junit.platform.console.ConsoleLauncher.main(ConsoleLauncher.java:37)
]]></skipped>
<system-out><![CDATA[
unique-id: [engine:junit-jupiter]/[class:minebayd1.test.TestUser]/[test-template:testprevious(minebayd1.User)]/[test-template-invocation:#61]
display-name: [61] Chanez a 57 annonces ouvertes, 2 annonces fermées et 1 achats 

]]></system-out>
</testcase>
<testcase name="testprevious(User)[62]" classname="minebayd1.test.TestUser" time="0">
<system-out><![CDATA[
unique-id: [engine:junit-jupiter]/[class:minebayd1.test.TestUser]/[test-template:testprevious(minebayd1.User)]/[test-template-invocation:#62]
display-name: [62] Pierre a 41 annonces ouvertes, 5 annonces fermées et 2 achats 

]]></system-out>
</testcase>
<testcase name="testprevious(User)[63]" classname="minebayd1.test.TestUser" time="0">
<skipped><![CDATA[org.opentest4j.TestAbortedException: Assumption failed: assumption is not true
	at org.junit.jupiter.api.Assumptions.throwTestAbortedException(Assumptions.java:256)
	at org.junit.jupiter.api.Assumptions.assumeTrue(Assumptions.java:115)
	at org.junit.jupiter.api.Assumptions.assumeTrue(Assumptions.java:66)
	at minebayd1.test.TestUser.testprevious(TestUser.java:1288)
	at jdk.internal.reflect.GeneratedMethodAccessor15.invoke(Unknown Source)
	at java.base/jdk.internal.reflect.DelegatingMethodAccessorImpl.invoke(DelegatingMethodAccessorImpl.java:43)
	at java.base/java.lang.reflect.Method.invoke(Method.java:569)
	at org.junit.platform.commons.util.ReflectionUtils.invokeMethod(ReflectionUtils.java:688)
	at org.junit.jupiter.engine.execution.MethodInvocation.proceed(MethodInvocation.java:60)
	at org.junit.jupiter.engine.execution.InvocationInterceptorChain$ValidatingInvocation.proceed(InvocationInterceptorChain.java:131)
	at org.junit.jupiter.engine.extension.TimeoutExtension.intercept(TimeoutExtension.java:149)
	at org.junit.jupiter.engine.extension.TimeoutExtension.interceptTestableMethod(TimeoutExtension.java:140)
	at org.junit.jupiter.engine.extension.TimeoutExtension.interceptTestTemplateMethod(TimeoutExtension.java:92)
	at org.junit.jupiter.engine.execution.ExecutableInvoker$ReflectiveInterceptorCall.lambda$ofVoidMethod$0(ExecutableInvoker.java:115)
	at org.junit.jupiter.engine.execution.ExecutableInvoker.lambda$invoke$0(ExecutableInvoker.java:105)
	at org.junit.jupiter.engine.execution.InvocationInterceptorChain$InterceptedInvocation.proceed(InvocationInterceptorChain.java:106)
	at org.junit.jupiter.engine.execution.InvocationInterceptorChain.proceed(InvocationInterceptorChain.java:64)
	at org.junit.jupiter.engine.execution.InvocationInterceptorChain.chainAndInvoke(InvocationInterceptorChain.java:45)
	at org.junit.jupiter.engine.execution.InvocationInterceptorChain.invoke(InvocationInterceptorChain.java:37)
	at org.junit.jupiter.engine.execution.ExecutableInvoker.invoke(ExecutableInvoker.java:104)
	at org.junit.jupiter.engine.execution.ExecutableInvoker.invoke(ExecutableInvoker.java:98)
	at org.junit.jupiter.engine.descriptor.TestMethodTestDescriptor.lambda$invokeTestMethod$6(TestMethodTestDescriptor.java:210)
	at org.junit.platform.engine.support.hierarchical.ThrowableCollector.execute(ThrowableCollector.java:73)
	at org.junit.jupiter.engine.descriptor.TestMethodTestDescriptor.invokeTestMethod(TestMethodTestDescriptor.java:206)
	at org.junit.jupiter.engine.descriptor.TestMethodTestDescriptor.execute(TestMethodTestDescriptor.java:131)
	at org.junit.jupiter.engine.descriptor.TestMethodTestDescriptor.execute(TestMethodTestDescriptor.java:65)
	at org.junit.platform.engine.support.hierarchical.NodeTestTask.lambda$executeRecursively$5(NodeTestTask.java:139)
	at org.junit.platform.engine.support.hierarchical.ThrowableCollector.execute(ThrowableCollector.java:73)
	at org.junit.platform.engine.support.hierarchical.NodeTestTask.lambda$executeRecursively$7(NodeTestTask.java:129)
	at org.junit.platform.engine.support.hierarchical.Node.around(Node.java:137)
	at org.junit.platform.engine.support.hierarchical.NodeTestTask.lambda$executeRecursively$8(NodeTestTask.java:127)
	at org.junit.platform.engine.support.hierarchical.ThrowableCollector.execute(ThrowableCollector.java:73)
	at org.junit.platform.engine.support.hierarchical.NodeTestTask.executeRecursively(NodeTestTask.java:126)
	at org.junit.platform.engine.support.hierarchical.NodeTestTask.execute(NodeTestTask.java:84)
	at org.junit.platform.engine.support.hierarchical.SameThreadHierarchicalTestExecutorService.submit(SameThreadHierarchicalTestExecutorService.java:32)
	at org.junit.platform.engine.support.hierarchical.NodeTestTask$DefaultDynamicTestExecutor.execute(NodeTestTask.java:212)
	at org.junit.platform.engine.support.hierarchical.NodeTestTask$DefaultDynamicTestExecutor.execute(NodeTestTask.java:192)
	at org.junit.jupiter.engine.descriptor.TestTemplateTestDescriptor.execute(TestTemplateTestDescriptor.java:139)
	at org.junit.jupiter.engine.descriptor.TestTemplateTestDescriptor.lambda$execute$2(TestTemplateTestDescriptor.java:107)
	at java.base/java.util.stream.ForEachOps$ForEachOp$OfRef.accept(ForEachOps.java:183)
	at java.base/java.util.stream.ReferencePipeline$3$1.accept(ReferencePipeline.java:197)
	at java.base/java.util.stream.ReferencePipeline$2$1.accept(ReferencePipeline.java:179)
	at java.base/java.util.stream.ReferencePipeline$3$1.accept(ReferencePipeline.java:197)
	at java.base/java.util.stream.ForEachOps$ForEachOp$OfRef.accept(ForEachOps.java:183)
	at java.base/java.util.stream.ReferencePipeline$15$1.accept(ReferencePipeline.java:541)
	at java.base/java.util.stream.ReferencePipeline$3$1.accept(ReferencePipeline.java:197)
	at java.base/java.util.stream.ReferencePipeline$3$1.accept(ReferencePipeline.java:197)
	at java.base/java.util.stream.ReferencePipeline$3$1.accept(ReferencePipeline.java:197)
	at java.base/java.util.stream.ForEachOps$ForEachOp$OfRef.accept(ForEachOps.java:183)
	at java.base/java.util.stream.ReferencePipeline$3$1.accept(ReferencePipeline.java:197)
	at java.base/java.util.stream.ForEachOps$ForEachOp$OfRef.accept(ForEachOps.java:183)
	at java.base/java.util.stream.SliceOps$1$1.accept(SliceOps.java:200)
	at java.base/java.util.stream.StreamSpliterators$InfiniteSupplyingSpliterator$OfRef.tryAdvance(StreamSpliterators.java:1358)
	at java.base/java.util.stream.ReferencePipeline.forEachWithCancel(ReferencePipeline.java:129)
	at java.base/java.util.stream.AbstractPipeline.copyIntoWithCancel(AbstractPipeline.java:527)
	at java.base/java.util.stream.AbstractPipeline.copyInto(AbstractPipeline.java:513)
	at java.base/java.util.stream.AbstractPipeline.wrapAndCopyInto(AbstractPipeline.java:499)
	at java.base/java.util.stream.ForEachOps$ForEachOp.evaluateSequential(ForEachOps.java:150)
	at java.base/java.util.stream.ForEachOps$ForEachOp$OfRef.evaluateSequential(ForEachOps.java:173)
	at java.base/java.util.stream.AbstractPipeline.evaluate(AbstractPipeline.java:234)
	at java.base/java.util.stream.ReferencePipeline.forEach(ReferencePipeline.java:596)
	at java.base/java.util.stream.ReferencePipeline$7$1.accept(ReferencePipeline.java:276)
	at java.base/java.util.stream.ReferencePipeline$3$1.accept(ReferencePipeline.java:197)
	at java.base/java.util.stream.ReferencePipeline$3$1.accept(ReferencePipeline.java:197)
	at java.base/java.util.Spliterators$ArraySpliterator.forEachRemaining(Spliterators.java:992)
	at java.base/java.util.stream.AbstractPipeline.copyInto(AbstractPipeline.java:509)
	at java.base/java.util.stream.AbstractPipeline.wrapAndCopyInto(AbstractPipeline.java:499)
	at java.base/java.util.stream.ForEachOps$ForEachOp.evaluateSequential(ForEachOps.java:150)
	at java.base/java.util.stream.ForEachOps$ForEachOp$OfRef.evaluateSequential(ForEachOps.java:173)
	at java.base/java.util.stream.AbstractPipeline.evaluate(AbstractPipeline.java:234)
	at java.base/java.util.stream.ReferencePipeline.forEach(ReferencePipeline.java:596)
	at java.base/java.util.stream.ReferencePipeline$7$1.accept(ReferencePipeline.java:276)
	at java.base/java.util.stream.ReferencePipeline$3$1.accept(ReferencePipeline.java:197)
	at java.base/java.util.stream.ReferencePipeline$3$1.accept(ReferencePipeline.java:197)
	at java.base/java.util.stream.ReferencePipeline$3$1.accept(ReferencePipeline.java:197)
	at java.base/java.util.ArrayList$ArrayListSpliterator.forEachRemaining(ArrayList.java:1625)
	at java.base/java.util.stream.AbstractPipeline.copyInto(AbstractPipeline.java:509)
	at java.base/java.util.stream.AbstractPipeline.wrapAndCopyInto(AbstractPipeline.java:499)
	at java.base/java.util.stream.ForEachOps$ForEachOp.evaluateSequential(ForEachOps.java:150)
	at java.base/java.util.stream.ForEachOps$ForEachOp$OfRef.evaluateSequential(ForEachOps.java:173)
	at java.base/java.util.stream.AbstractPipeline.evaluate(AbstractPipeline.java:234)
	at java.base/java.util.stream.ReferencePipeline.forEach(ReferencePipeline.java:596)
	at java.base/java.util.stream.ReferencePipeline$7$1.accept(ReferencePipeline.java:276)
	at java.base/java.util.ArrayList$ArrayListSpliterator.forEachRemaining(ArrayList.java:1625)
	at java.base/java.util.stream.AbstractPipeline.copyInto(AbstractPipeline.java:509)
	at java.base/java.util.stream.AbstractPipeline.wrapAndCopyInto(AbstractPipeline.java:499)
	at java.base/java.util.stream.ForEachOps$ForEachOp.evaluateSequential(ForEachOps.java:150)
	at java.base/java.util.stream.ForEachOps$ForEachOp$OfRef.evaluateSequential(ForEachOps.java:173)
	at java.base/java.util.stream.AbstractPipeline.evaluate(AbstractPipeline.java:234)
	at java.base/java.util.stream.ReferencePipeline.forEach(ReferencePipeline.java:596)
	at org.junit.jupiter.engine.descriptor.TestTemplateTestDescriptor.execute(TestTemplateTestDescriptor.java:107)
	at org.junit.jupiter.engine.descriptor.TestTemplateTestDescriptor.execute(TestTemplateTestDescriptor.java:42)
	at org.junit.platform.engine.support.hierarchical.NodeTestTask.lambda$executeRecursively$5(NodeTestTask.java:139)
	at org.junit.platform.engine.support.hierarchical.ThrowableCollector.execute(ThrowableCollector.java:73)
	at org.junit.platform.engine.support.hierarchical.NodeTestTask.lambda$executeRecursively$7(NodeTestTask.java:129)
	at org.junit.platform.engine.support.hierarchical.Node.around(Node.java:137)
	at org.junit.platform.engine.support.hierarchical.NodeTestTask.lambda$executeRecursively$8(NodeTestTask.java:127)
	at org.junit.platform.engine.support.hierarchical.ThrowableCollector.execute(ThrowableCollector.java:73)
	at org.junit.platform.engine.support.hierarchical.NodeTestTask.executeRecursively(NodeTestTask.java:126)
	at org.junit.platform.engine.support.hierarchical.NodeTestTask.execute(NodeTestTask.java:84)
	at java.base/java.util.ArrayList.forEach(ArrayList.java:1511)
	at org.junit.platform.engine.support.hierarchical.SameThreadHierarchicalTestExecutorService.invokeAll(SameThreadHierarchicalTestExecutorService.java:38)
	at org.junit.platform.engine.support.hierarchical.NodeTestTask.lambda$executeRecursively$5(NodeTestTask.java:143)
	at org.junit.platform.engine.support.hierarchical.ThrowableCollector.execute(ThrowableCollector.java:73)
	at org.junit.platform.engine.support.hierarchical.NodeTestTask.lambda$executeRecursively$7(NodeTestTask.java:129)
	at org.junit.platform.engine.support.hierarchical.Node.around(Node.java:137)
	at org.junit.platform.engine.support.hierarchical.NodeTestTask.lambda$executeRecursively$8(NodeTestTask.java:127)
	at org.junit.platform.engine.support.hierarchical.ThrowableCollector.execute(ThrowableCollector.java:73)
	at org.junit.platform.engine.support.hierarchical.NodeTestTask.executeRecursively(NodeTestTask.java:126)
	at org.junit.platform.engine.support.hierarchical.NodeTestTask.execute(NodeTestTask.java:84)
	at java.base/java.util.ArrayList.forEach(ArrayList.java:1511)
	at org.junit.platform.engine.support.hierarchical.SameThreadHierarchicalTestExecutorService.invokeAll(SameThreadHierarchicalTestExecutorService.java:38)
	at org.junit.platform.engine.support.hierarchical.NodeTestTask.lambda$executeRecursively$5(NodeTestTask.java:143)
	at org.junit.platform.engine.support.hierarchical.ThrowableCollector.execute(ThrowableCollector.java:73)
	at org.junit.platform.engine.support.hierarchical.NodeTestTask.lambda$executeRecursively$7(NodeTestTask.java:129)
	at org.junit.platform.engine.support.hierarchical.Node.around(Node.java:137)
	at org.junit.platform.engine.support.hierarchical.NodeTestTask.lambda$executeRecursively$8(NodeTestTask.java:127)
	at org.junit.platform.engine.support.hierarchical.ThrowableCollector.execute(ThrowableCollector.java:73)
	at org.junit.platform.engine.support.hierarchical.NodeTestTask.executeRecursively(NodeTestTask.java:126)
	at org.junit.platform.engine.support.hierarchical.NodeTestTask.execute(NodeTestTask.java:84)
	at org.junit.platform.engine.support.hierarchical.SameThreadHierarchicalTestExecutorService.submit(SameThreadHierarchicalTestExecutorService.java:32)
	at org.junit.platform.engine.support.hierarchical.HierarchicalTestExecutor.execute(HierarchicalTestExecutor.java:57)
	at org.junit.platform.engine.support.hierarchical.HierarchicalTestEngine.execute(HierarchicalTestEngine.java:51)
	at org.junit.platform.launcher.core.EngineExecutionOrchestrator.execute(EngineExecutionOrchestrator.java:108)
	at org.junit.platform.launcher.core.EngineExecutionOrchestrator.execute(EngineExecutionOrchestrator.java:88)
	at org.junit.platform.launcher.core.EngineExecutionOrchestrator.lambda$execute$0(EngineExecutionOrchestrator.java:54)
	at org.junit.platform.launcher.core.EngineExecutionOrchestrator.withInterceptedStreams(EngineExecutionOrchestrator.java:67)
	at org.junit.platform.launcher.core.EngineExecutionOrchestrator.execute(EngineExecutionOrchestrator.java:52)
	at org.junit.platform.launcher.core.DefaultLauncher.execute(DefaultLauncher.java:96)
	at org.junit.platform.launcher.core.DefaultLauncher.execute(DefaultLauncher.java:75)
	at org.junit.platform.console.tasks.ConsoleTestExecutor.executeTests(ConsoleTestExecutor.java:66)
	at org.junit.platform.console.tasks.ConsoleTestExecutor.lambda$execute$0(ConsoleTestExecutor.java:58)
	at org.junit.platform.console.tasks.CustomContextClassLoaderExecutor.replaceThreadContextClassLoaderAndInvoke(CustomContextClassLoaderExecutor.java:41)
	at org.junit.platform.console.tasks.CustomContextClassLoaderExecutor.invoke(CustomContextClassLoaderExecutor.java:31)
	at org.junit.platform.console.tasks.ConsoleTestExecutor.execute(ConsoleTestExecutor.java:58)
	at org.junit.platform.console.ConsoleLauncher.executeTests(ConsoleLauncher.java:95)
	at org.junit.platform.console.ConsoleLauncher.execute(ConsoleLauncher.java:73)
	at org.junit.platform.console.ConsoleLauncher.execute(ConsoleLauncher.java:50)
	at org.junit.platform.console.ConsoleLauncher.execute(ConsoleLauncher.java:43)
	at org.junit.platform.console.ConsoleLauncher.main(ConsoleLauncher.java:37)
]]></skipped>
<system-out><![CDATA[
unique-id: [engine:junit-jupiter]/[class:minebayd1.test.TestUser]/[test-template:testprevious(minebayd1.User)]/[test-template-invocation:#63]
display-name: [63] Marc a 55 annonces ouvertes, 1 annonces fermées et 2 achats 

]]></system-out>
</testcase>
<testcase name="testprevious(User)[64]" classname="minebayd1.test.TestUser" time="0.001">
<system-out><![CDATA[
unique-id: [engine:junit-jupiter]/[class:minebayd1.test.TestUser]/[test-template:testprevious(minebayd1.User)]/[test-template-invocation:#64]
display-name: [64] Nima a 50 annonces ouvertes, 1 annonces fermées et 4 achats 

]]></system-out>
</testcase>
<testcase name="testprevious(User)[65]" classname="minebayd1.test.TestUser" time="0">
<skipped><![CDATA[org.opentest4j.TestAbortedException: Assumption failed: assumption is not true
	at org.junit.jupiter.api.Assumptions.throwTestAbortedException(Assumptions.java:256)
	at org.junit.jupiter.api.Assumptions.assumeTrue(Assumptions.java:115)
	at org.junit.jupiter.api.Assumptions.assumeTrue(Assumptions.java:66)
	at minebayd1.test.TestUser.testprevious(TestUser.java:1288)
	at jdk.internal.reflect.GeneratedMethodAccessor15.invoke(Unknown Source)
	at java.base/jdk.internal.reflect.DelegatingMethodAccessorImpl.invoke(DelegatingMethodAccessorImpl.java:43)
	at java.base/java.lang.reflect.Method.invoke(Method.java:569)
	at org.junit.platform.commons.util.ReflectionUtils.invokeMethod(ReflectionUtils.java:688)
	at org.junit.jupiter.engine.execution.MethodInvocation.proceed(MethodInvocation.java:60)
	at org.junit.jupiter.engine.execution.InvocationInterceptorChain$ValidatingInvocation.proceed(InvocationInterceptorChain.java:131)
	at org.junit.jupiter.engine.extension.TimeoutExtension.intercept(TimeoutExtension.java:149)
	at org.junit.jupiter.engine.extension.TimeoutExtension.interceptTestableMethod(TimeoutExtension.java:140)
	at org.junit.jupiter.engine.extension.TimeoutExtension.interceptTestTemplateMethod(TimeoutExtension.java:92)
	at org.junit.jupiter.engine.execution.ExecutableInvoker$ReflectiveInterceptorCall.lambda$ofVoidMethod$0(ExecutableInvoker.java:115)
	at org.junit.jupiter.engine.execution.ExecutableInvoker.lambda$invoke$0(ExecutableInvoker.java:105)
	at org.junit.jupiter.engine.execution.InvocationInterceptorChain$InterceptedInvocation.proceed(InvocationInterceptorChain.java:106)
	at org.junit.jupiter.engine.execution.InvocationInterceptorChain.proceed(InvocationInterceptorChain.java:64)
	at org.junit.jupiter.engine.execution.InvocationInterceptorChain.chainAndInvoke(InvocationInterceptorChain.java:45)
	at org.junit.jupiter.engine.execution.InvocationInterceptorChain.invoke(InvocationInterceptorChain.java:37)
	at org.junit.jupiter.engine.execution.ExecutableInvoker.invoke(ExecutableInvoker.java:104)
	at org.junit.jupiter.engine.execution.ExecutableInvoker.invoke(ExecutableInvoker.java:98)
	at org.junit.jupiter.engine.descriptor.TestMethodTestDescriptor.lambda$invokeTestMethod$6(TestMethodTestDescriptor.java:210)
	at org.junit.platform.engine.support.hierarchical.ThrowableCollector.execute(ThrowableCollector.java:73)
	at org.junit.jupiter.engine.descriptor.TestMethodTestDescriptor.invokeTestMethod(TestMethodTestDescriptor.java:206)
	at org.junit.jupiter.engine.descriptor.TestMethodTestDescriptor.execute(TestMethodTestDescriptor.java:131)
	at org.junit.jupiter.engine.descriptor.TestMethodTestDescriptor.execute(TestMethodTestDescriptor.java:65)
	at org.junit.platform.engine.support.hierarchical.NodeTestTask.lambda$executeRecursively$5(NodeTestTask.java:139)
	at org.junit.platform.engine.support.hierarchical.ThrowableCollector.execute(ThrowableCollector.java:73)
	at org.junit.platform.engine.support.hierarchical.NodeTestTask.lambda$executeRecursively$7(NodeTestTask.java:129)
	at org.junit.platform.engine.support.hierarchical.Node.around(Node.java:137)
	at org.junit.platform.engine.support.hierarchical.NodeTestTask.lambda$executeRecursively$8(NodeTestTask.java:127)
	at org.junit.platform.engine.support.hierarchical.ThrowableCollector.execute(ThrowableCollector.java:73)
	at org.junit.platform.engine.support.hierarchical.NodeTestTask.executeRecursively(NodeTestTask.java:126)
	at org.junit.platform.engine.support.hierarchical.NodeTestTask.execute(NodeTestTask.java:84)
	at org.junit.platform.engine.support.hierarchical.SameThreadHierarchicalTestExecutorService.submit(SameThreadHierarchicalTestExecutorService.java:32)
	at org.junit.platform.engine.support.hierarchical.NodeTestTask$DefaultDynamicTestExecutor.execute(NodeTestTask.java:212)
	at org.junit.platform.engine.support.hierarchical.NodeTestTask$DefaultDynamicTestExecutor.execute(NodeTestTask.java:192)
	at org.junit.jupiter.engine.descriptor.TestTemplateTestDescriptor.execute(TestTemplateTestDescriptor.java:139)
	at org.junit.jupiter.engine.descriptor.TestTemplateTestDescriptor.lambda$execute$2(TestTemplateTestDescriptor.java:107)
	at java.base/java.util.stream.ForEachOps$ForEachOp$OfRef.accept(ForEachOps.java:183)
	at java.base/java.util.stream.ReferencePipeline$3$1.accept(ReferencePipeline.java:197)
	at java.base/java.util.stream.ReferencePipeline$2$1.accept(ReferencePipeline.java:179)
	at java.base/java.util.stream.ReferencePipeline$3$1.accept(ReferencePipeline.java:197)
	at java.base/java.util.stream.ForEachOps$ForEachOp$OfRef.accept(ForEachOps.java:183)
	at java.base/java.util.stream.ReferencePipeline$15$1.accept(ReferencePipeline.java:541)
	at java.base/java.util.stream.ReferencePipeline$3$1.accept(ReferencePipeline.java:197)
	at java.base/java.util.stream.ReferencePipeline$3$1.accept(ReferencePipeline.java:197)
	at java.base/java.util.stream.ReferencePipeline$3$1.accept(ReferencePipeline.java:197)
	at java.base/java.util.stream.ForEachOps$ForEachOp$OfRef.accept(ForEachOps.java:183)
	at java.base/java.util.stream.ReferencePipeline$3$1.accept(ReferencePipeline.java:197)
	at java.base/java.util.stream.ForEachOps$ForEachOp$OfRef.accept(ForEachOps.java:183)
	at java.base/java.util.stream.SliceOps$1$1.accept(SliceOps.java:200)
	at java.base/java.util.stream.StreamSpliterators$InfiniteSupplyingSpliterator$OfRef.tryAdvance(StreamSpliterators.java:1358)
	at java.base/java.util.stream.ReferencePipeline.forEachWithCancel(ReferencePipeline.java:129)
	at java.base/java.util.stream.AbstractPipeline.copyIntoWithCancel(AbstractPipeline.java:527)
	at java.base/java.util.stream.AbstractPipeline.copyInto(AbstractPipeline.java:513)
	at java.base/java.util.stream.AbstractPipeline.wrapAndCopyInto(AbstractPipeline.java:499)
	at java.base/java.util.stream.ForEachOps$ForEachOp.evaluateSequential(ForEachOps.java:150)
	at java.base/java.util.stream.ForEachOps$ForEachOp$OfRef.evaluateSequential(ForEachOps.java:173)
	at java.base/java.util.stream.AbstractPipeline.evaluate(AbstractPipeline.java:234)
	at java.base/java.util.stream.ReferencePipeline.forEach(ReferencePipeline.java:596)
	at java.base/java.util.stream.ReferencePipeline$7$1.accept(ReferencePipeline.java:276)
	at java.base/java.util.stream.ReferencePipeline$3$1.accept(ReferencePipeline.java:197)
	at java.base/java.util.stream.ReferencePipeline$3$1.accept(ReferencePipeline.java:197)
	at java.base/java.util.Spliterators$ArraySpliterator.forEachRemaining(Spliterators.java:992)
	at java.base/java.util.stream.AbstractPipeline.copyInto(AbstractPipeline.java:509)
	at java.base/java.util.stream.AbstractPipeline.wrapAndCopyInto(AbstractPipeline.java:499)
	at java.base/java.util.stream.ForEachOps$ForEachOp.evaluateSequential(ForEachOps.java:150)
	at java.base/java.util.stream.ForEachOps$ForEachOp$OfRef.evaluateSequential(ForEachOps.java:173)
	at java.base/java.util.stream.AbstractPipeline.evaluate(AbstractPipeline.java:234)
	at java.base/java.util.stream.ReferencePipeline.forEach(ReferencePipeline.java:596)
	at java.base/java.util.stream.ReferencePipeline$7$1.accept(ReferencePipeline.java:276)
	at java.base/java.util.stream.ReferencePipeline$3$1.accept(ReferencePipeline.java:197)
	at java.base/java.util.stream.ReferencePipeline$3$1.accept(ReferencePipeline.java:197)
	at java.base/java.util.stream.ReferencePipeline$3$1.accept(ReferencePipeline.java:197)
	at java.base/java.util.ArrayList$ArrayListSpliterator.forEachRemaining(ArrayList.java:1625)
	at java.base/java.util.stream.AbstractPipeline.copyInto(AbstractPipeline.java:509)
	at java.base/java.util.stream.AbstractPipeline.wrapAndCopyInto(AbstractPipeline.java:499)
	at java.base/java.util.stream.ForEachOps$ForEachOp.evaluateSequential(ForEachOps.java:150)
	at java.base/java.util.stream.ForEachOps$ForEachOp$OfRef.evaluateSequential(ForEachOps.java:173)
	at java.base/java.util.stream.AbstractPipeline.evaluate(AbstractPipeline.java:234)
	at java.base/java.util.stream.ReferencePipeline.forEach(ReferencePipeline.java:596)
	at java.base/java.util.stream.ReferencePipeline$7$1.accept(ReferencePipeline.java:276)
	at java.base/java.util.ArrayList$ArrayListSpliterator.forEachRemaining(ArrayList.java:1625)
	at java.base/java.util.stream.AbstractPipeline.copyInto(AbstractPipeline.java:509)
	at java.base/java.util.stream.AbstractPipeline.wrapAndCopyInto(AbstractPipeline.java:499)
	at java.base/java.util.stream.ForEachOps$ForEachOp.evaluateSequential(ForEachOps.java:150)
	at java.base/java.util.stream.ForEachOps$ForEachOp$OfRef.evaluateSequential(ForEachOps.java:173)
	at java.base/java.util.stream.AbstractPipeline.evaluate(AbstractPipeline.java:234)
	at java.base/java.util.stream.ReferencePipeline.forEach(ReferencePipeline.java:596)
	at org.junit.jupiter.engine.descriptor.TestTemplateTestDescriptor.execute(TestTemplateTestDescriptor.java:107)
	at org.junit.jupiter.engine.descriptor.TestTemplateTestDescriptor.execute(TestTemplateTestDescriptor.java:42)
	at org.junit.platform.engine.support.hierarchical.NodeTestTask.lambda$executeRecursively$5(NodeTestTask.java:139)
	at org.junit.platform.engine.support.hierarchical.ThrowableCollector.execute(ThrowableCollector.java:73)
	at org.junit.platform.engine.support.hierarchical.NodeTestTask.lambda$executeRecursively$7(NodeTestTask.java:129)
	at org.junit.platform.engine.support.hierarchical.Node.around(Node.java:137)
	at org.junit.platform.engine.support.hierarchical.NodeTestTask.lambda$executeRecursively$8(NodeTestTask.java:127)
	at org.junit.platform.engine.support.hierarchical.ThrowableCollector.execute(ThrowableCollector.java:73)
	at org.junit.platform.engine.support.hierarchical.NodeTestTask.executeRecursively(NodeTestTask.java:126)
	at org.junit.platform.engine.support.hierarchical.NodeTestTask.execute(NodeTestTask.java:84)
	at java.base/java.util.ArrayList.forEach(ArrayList.java:1511)
	at org.junit.platform.engine.support.hierarchical.SameThreadHierarchicalTestExecutorService.invokeAll(SameThreadHierarchicalTestExecutorService.java:38)
	at org.junit.platform.engine.support.hierarchical.NodeTestTask.lambda$executeRecursively$5(NodeTestTask.java:143)
	at org.junit.platform.engine.support.hierarchical.ThrowableCollector.execute(ThrowableCollector.java:73)
	at org.junit.platform.engine.support.hierarchical.NodeTestTask.lambda$executeRecursively$7(NodeTestTask.java:129)
	at org.junit.platform.engine.support.hierarchical.Node.around(Node.java:137)
	at org.junit.platform.engine.support.hierarchical.NodeTestTask.lambda$executeRecursively$8(NodeTestTask.java:127)
	at org.junit.platform.engine.support.hierarchical.ThrowableCollector.execute(ThrowableCollector.java:73)
	at org.junit.platform.engine.support.hierarchical.NodeTestTask.executeRecursively(NodeTestTask.java:126)
	at org.junit.platform.engine.support.hierarchical.NodeTestTask.execute(NodeTestTask.java:84)
	at java.base/java.util.ArrayList.forEach(ArrayList.java:1511)
	at org.junit.platform.engine.support.hierarchical.SameThreadHierarchicalTestExecutorService.invokeAll(SameThreadHierarchicalTestExecutorService.java:38)
	at org.junit.platform.engine.support.hierarchical.NodeTestTask.lambda$executeRecursively$5(NodeTestTask.java:143)
	at org.junit.platform.engine.support.hierarchical.ThrowableCollector.execute(ThrowableCollector.java:73)
	at org.junit.platform.engine.support.hierarchical.NodeTestTask.lambda$executeRecursively$7(NodeTestTask.java:129)
	at org.junit.platform.engine.support.hierarchical.Node.around(Node.java:137)
	at org.junit.platform.engine.support.hierarchical.NodeTestTask.lambda$executeRecursively$8(NodeTestTask.java:127)
	at org.junit.platform.engine.support.hierarchical.ThrowableCollector.execute(ThrowableCollector.java:73)
	at org.junit.platform.engine.support.hierarchical.NodeTestTask.executeRecursively(NodeTestTask.java:126)
	at org.junit.platform.engine.support.hierarchical.NodeTestTask.execute(NodeTestTask.java:84)
	at org.junit.platform.engine.support.hierarchical.SameThreadHierarchicalTestExecutorService.submit(SameThreadHierarchicalTestExecutorService.java:32)
	at org.junit.platform.engine.support.hierarchical.HierarchicalTestExecutor.execute(HierarchicalTestExecutor.java:57)
	at org.junit.platform.engine.support.hierarchical.HierarchicalTestEngine.execute(HierarchicalTestEngine.java:51)
	at org.junit.platform.launcher.core.EngineExecutionOrchestrator.execute(EngineExecutionOrchestrator.java:108)
	at org.junit.platform.launcher.core.EngineExecutionOrchestrator.execute(EngineExecutionOrchestrator.java:88)
	at org.junit.platform.launcher.core.EngineExecutionOrchestrator.lambda$execute$0(EngineExecutionOrchestrator.java:54)
	at org.junit.platform.launcher.core.EngineExecutionOrchestrator.withInterceptedStreams(EngineExecutionOrchestrator.java:67)
	at org.junit.platform.launcher.core.EngineExecutionOrchestrator.execute(EngineExecutionOrchestrator.java:52)
	at org.junit.platform.launcher.core.DefaultLauncher.execute(DefaultLauncher.java:96)
	at org.junit.platform.launcher.core.DefaultLauncher.execute(DefaultLauncher.java:75)
	at org.junit.platform.console.tasks.ConsoleTestExecutor.executeTests(ConsoleTestExecutor.java:66)
	at org.junit.platform.console.tasks.ConsoleTestExecutor.lambda$execute$0(ConsoleTestExecutor.java:58)
	at org.junit.platform.console.tasks.CustomContextClassLoaderExecutor.replaceThreadContextClassLoaderAndInvoke(CustomContextClassLoaderExecutor.java:41)
	at org.junit.platform.console.tasks.CustomContextClassLoaderExecutor.invoke(CustomContextClassLoaderExecutor.java:31)
	at org.junit.platform.console.tasks.ConsoleTestExecutor.execute(ConsoleTestExecutor.java:58)
	at org.junit.platform.console.ConsoleLauncher.executeTests(ConsoleLauncher.java:95)
	at org.junit.platform.console.ConsoleLauncher.execute(ConsoleLauncher.java:73)
	at org.junit.platform.console.ConsoleLauncher.execute(ConsoleLauncher.java:50)
	at org.junit.platform.console.ConsoleLauncher.execute(ConsoleLauncher.java:43)
	at org.junit.platform.console.ConsoleLauncher.main(ConsoleLauncher.java:37)
]]></skipped>
<system-out><![CDATA[
unique-id: [engine:junit-jupiter]/[class:minebayd1.test.TestUser]/[test-template:testprevious(minebayd1.User)]/[test-template-invocation:#65]
display-name: [65] Faycal a 51 annonces ouvertes, 3 annonces fermées et 4 achats 

]]></system-out>
</testcase>
<testcase name="testprevious(User)[66]" classname="minebayd1.test.TestUser" time="0">
<skipped><![CDATA[org.opentest4j.TestAbortedException: Assumption failed: assumption is not true
	at org.junit.jupiter.api.Assumptions.throwTestAbortedException(Assumptions.java:256)
	at org.junit.jupiter.api.Assumptions.assumeTrue(Assumptions.java:115)
	at org.junit.jupiter.api.Assumptions.assumeTrue(Assumptions.java:66)
	at minebayd1.test.TestUser.testprevious(TestUser.java:1288)
	at jdk.internal.reflect.GeneratedMethodAccessor15.invoke(Unknown Source)
	at java.base/jdk.internal.reflect.DelegatingMethodAccessorImpl.invoke(DelegatingMethodAccessorImpl.java:43)
	at java.base/java.lang.reflect.Method.invoke(Method.java:569)
	at org.junit.platform.commons.util.ReflectionUtils.invokeMethod(ReflectionUtils.java:688)
	at org.junit.jupiter.engine.execution.MethodInvocation.proceed(MethodInvocation.java:60)
	at org.junit.jupiter.engine.execution.InvocationInterceptorChain$ValidatingInvocation.proceed(InvocationInterceptorChain.java:131)
	at org.junit.jupiter.engine.extension.TimeoutExtension.intercept(TimeoutExtension.java:149)
	at org.junit.jupiter.engine.extension.TimeoutExtension.interceptTestableMethod(TimeoutExtension.java:140)
	at org.junit.jupiter.engine.extension.TimeoutExtension.interceptTestTemplateMethod(TimeoutExtension.java:92)
	at org.junit.jupiter.engine.execution.ExecutableInvoker$ReflectiveInterceptorCall.lambda$ofVoidMethod$0(ExecutableInvoker.java:115)
	at org.junit.jupiter.engine.execution.ExecutableInvoker.lambda$invoke$0(ExecutableInvoker.java:105)
	at org.junit.jupiter.engine.execution.InvocationInterceptorChain$InterceptedInvocation.proceed(InvocationInterceptorChain.java:106)
	at org.junit.jupiter.engine.execution.InvocationInterceptorChain.proceed(InvocationInterceptorChain.java:64)
	at org.junit.jupiter.engine.execution.InvocationInterceptorChain.chainAndInvoke(InvocationInterceptorChain.java:45)
	at org.junit.jupiter.engine.execution.InvocationInterceptorChain.invoke(InvocationInterceptorChain.java:37)
	at org.junit.jupiter.engine.execution.ExecutableInvoker.invoke(ExecutableInvoker.java:104)
	at org.junit.jupiter.engine.execution.ExecutableInvoker.invoke(ExecutableInvoker.java:98)
	at org.junit.jupiter.engine.descriptor.TestMethodTestDescriptor.lambda$invokeTestMethod$6(TestMethodTestDescriptor.java:210)
	at org.junit.platform.engine.support.hierarchical.ThrowableCollector.execute(ThrowableCollector.java:73)
	at org.junit.jupiter.engine.descriptor.TestMethodTestDescriptor.invokeTestMethod(TestMethodTestDescriptor.java:206)
	at org.junit.jupiter.engine.descriptor.TestMethodTestDescriptor.execute(TestMethodTestDescriptor.java:131)
	at org.junit.jupiter.engine.descriptor.TestMethodTestDescriptor.execute(TestMethodTestDescriptor.java:65)
	at org.junit.platform.engine.support.hierarchical.NodeTestTask.lambda$executeRecursively$5(NodeTestTask.java:139)
	at org.junit.platform.engine.support.hierarchical.ThrowableCollector.execute(ThrowableCollector.java:73)
	at org.junit.platform.engine.support.hierarchical.NodeTestTask.lambda$executeRecursively$7(NodeTestTask.java:129)
	at org.junit.platform.engine.support.hierarchical.Node.around(Node.java:137)
	at org.junit.platform.engine.support.hierarchical.NodeTestTask.lambda$executeRecursively$8(NodeTestTask.java:127)
	at org.junit.platform.engine.support.hierarchical.ThrowableCollector.execute(ThrowableCollector.java:73)
	at org.junit.platform.engine.support.hierarchical.NodeTestTask.executeRecursively(NodeTestTask.java:126)
	at org.junit.platform.engine.support.hierarchical.NodeTestTask.execute(NodeTestTask.java:84)
	at org.junit.platform.engine.support.hierarchical.SameThreadHierarchicalTestExecutorService.submit(SameThreadHierarchicalTestExecutorService.java:32)
	at org.junit.platform.engine.support.hierarchical.NodeTestTask$DefaultDynamicTestExecutor.execute(NodeTestTask.java:212)
	at org.junit.platform.engine.support.hierarchical.NodeTestTask$DefaultDynamicTestExecutor.execute(NodeTestTask.java:192)
	at org.junit.jupiter.engine.descriptor.TestTemplateTestDescriptor.execute(TestTemplateTestDescriptor.java:139)
	at org.junit.jupiter.engine.descriptor.TestTemplateTestDescriptor.lambda$execute$2(TestTemplateTestDescriptor.java:107)
	at java.base/java.util.stream.ForEachOps$ForEachOp$OfRef.accept(ForEachOps.java:183)
	at java.base/java.util.stream.ReferencePipeline$3$1.accept(ReferencePipeline.java:197)
	at java.base/java.util.stream.ReferencePipeline$2$1.accept(ReferencePipeline.java:179)
	at java.base/java.util.stream.ReferencePipeline$3$1.accept(ReferencePipeline.java:197)
	at java.base/java.util.stream.ForEachOps$ForEachOp$OfRef.accept(ForEachOps.java:183)
	at java.base/java.util.stream.ReferencePipeline$15$1.accept(ReferencePipeline.java:541)
	at java.base/java.util.stream.ReferencePipeline$3$1.accept(ReferencePipeline.java:197)
	at java.base/java.util.stream.ReferencePipeline$3$1.accept(ReferencePipeline.java:197)
	at java.base/java.util.stream.ReferencePipeline$3$1.accept(ReferencePipeline.java:197)
	at java.base/java.util.stream.ForEachOps$ForEachOp$OfRef.accept(ForEachOps.java:183)
	at java.base/java.util.stream.ReferencePipeline$3$1.accept(ReferencePipeline.java:197)
	at java.base/java.util.stream.ForEachOps$ForEachOp$OfRef.accept(ForEachOps.java:183)
	at java.base/java.util.stream.SliceOps$1$1.accept(SliceOps.java:200)
	at java.base/java.util.stream.StreamSpliterators$InfiniteSupplyingSpliterator$OfRef.tryAdvance(StreamSpliterators.java:1358)
	at java.base/java.util.stream.ReferencePipeline.forEachWithCancel(ReferencePipeline.java:129)
	at java.base/java.util.stream.AbstractPipeline.copyIntoWithCancel(AbstractPipeline.java:527)
	at java.base/java.util.stream.AbstractPipeline.copyInto(AbstractPipeline.java:513)
	at java.base/java.util.stream.AbstractPipeline.wrapAndCopyInto(AbstractPipeline.java:499)
	at java.base/java.util.stream.ForEachOps$ForEachOp.evaluateSequential(ForEachOps.java:150)
	at java.base/java.util.stream.ForEachOps$ForEachOp$OfRef.evaluateSequential(ForEachOps.java:173)
	at java.base/java.util.stream.AbstractPipeline.evaluate(AbstractPipeline.java:234)
	at java.base/java.util.stream.ReferencePipeline.forEach(ReferencePipeline.java:596)
	at java.base/java.util.stream.ReferencePipeline$7$1.accept(ReferencePipeline.java:276)
	at java.base/java.util.stream.ReferencePipeline$3$1.accept(ReferencePipeline.java:197)
	at java.base/java.util.stream.ReferencePipeline$3$1.accept(ReferencePipeline.java:197)
	at java.base/java.util.Spliterators$ArraySpliterator.forEachRemaining(Spliterators.java:992)
	at java.base/java.util.stream.AbstractPipeline.copyInto(AbstractPipeline.java:509)
	at java.base/java.util.stream.AbstractPipeline.wrapAndCopyInto(AbstractPipeline.java:499)
	at java.base/java.util.stream.ForEachOps$ForEachOp.evaluateSequential(ForEachOps.java:150)
	at java.base/java.util.stream.ForEachOps$ForEachOp$OfRef.evaluateSequential(ForEachOps.java:173)
	at java.base/java.util.stream.AbstractPipeline.evaluate(AbstractPipeline.java:234)
	at java.base/java.util.stream.ReferencePipeline.forEach(ReferencePipeline.java:596)
	at java.base/java.util.stream.ReferencePipeline$7$1.accept(ReferencePipeline.java:276)
	at java.base/java.util.stream.ReferencePipeline$3$1.accept(ReferencePipeline.java:197)
	at java.base/java.util.stream.ReferencePipeline$3$1.accept(ReferencePipeline.java:197)
	at java.base/java.util.stream.ReferencePipeline$3$1.accept(ReferencePipeline.java:197)
	at java.base/java.util.ArrayList$ArrayListSpliterator.forEachRemaining(ArrayList.java:1625)
	at java.base/java.util.stream.AbstractPipeline.copyInto(AbstractPipeline.java:509)
	at java.base/java.util.stream.AbstractPipeline.wrapAndCopyInto(AbstractPipeline.java:499)
	at java.base/java.util.stream.ForEachOps$ForEachOp.evaluateSequential(ForEachOps.java:150)
	at java.base/java.util.stream.ForEachOps$ForEachOp$OfRef.evaluateSequential(ForEachOps.java:173)
	at java.base/java.util.stream.AbstractPipeline.evaluate(AbstractPipeline.java:234)
	at java.base/java.util.stream.ReferencePipeline.forEach(ReferencePipeline.java:596)
	at java.base/java.util.stream.ReferencePipeline$7$1.accept(ReferencePipeline.java:276)
	at java.base/java.util.ArrayList$ArrayListSpliterator.forEachRemaining(ArrayList.java:1625)
	at java.base/java.util.stream.AbstractPipeline.copyInto(AbstractPipeline.java:509)
	at java.base/java.util.stream.AbstractPipeline.wrapAndCopyInto(AbstractPipeline.java:499)
	at java.base/java.util.stream.ForEachOps$ForEachOp.evaluateSequential(ForEachOps.java:150)
	at java.base/java.util.stream.ForEachOps$ForEachOp$OfRef.evaluateSequential(ForEachOps.java:173)
	at java.base/java.util.stream.AbstractPipeline.evaluate(AbstractPipeline.java:234)
	at java.base/java.util.stream.ReferencePipeline.forEach(ReferencePipeline.java:596)
	at org.junit.jupiter.engine.descriptor.TestTemplateTestDescriptor.execute(TestTemplateTestDescriptor.java:107)
	at org.junit.jupiter.engine.descriptor.TestTemplateTestDescriptor.execute(TestTemplateTestDescriptor.java:42)
	at org.junit.platform.engine.support.hierarchical.NodeTestTask.lambda$executeRecursively$5(NodeTestTask.java:139)
	at org.junit.platform.engine.support.hierarchical.ThrowableCollector.execute(ThrowableCollector.java:73)
	at org.junit.platform.engine.support.hierarchical.NodeTestTask.lambda$executeRecursively$7(NodeTestTask.java:129)
	at org.junit.platform.engine.support.hierarchical.Node.around(Node.java:137)
	at org.junit.platform.engine.support.hierarchical.NodeTestTask.lambda$executeRecursively$8(NodeTestTask.java:127)
	at org.junit.platform.engine.support.hierarchical.ThrowableCollector.execute(ThrowableCollector.java:73)
	at org.junit.platform.engine.support.hierarchical.NodeTestTask.executeRecursively(NodeTestTask.java:126)
	at org.junit.platform.engine.support.hierarchical.NodeTestTask.execute(NodeTestTask.java:84)
	at java.base/java.util.ArrayList.forEach(ArrayList.java:1511)
	at org.junit.platform.engine.support.hierarchical.SameThreadHierarchicalTestExecutorService.invokeAll(SameThreadHierarchicalTestExecutorService.java:38)
	at org.junit.platform.engine.support.hierarchical.NodeTestTask.lambda$executeRecursively$5(NodeTestTask.java:143)
	at org.junit.platform.engine.support.hierarchical.ThrowableCollector.execute(ThrowableCollector.java:73)
	at org.junit.platform.engine.support.hierarchical.NodeTestTask.lambda$executeRecursively$7(NodeTestTask.java:129)
	at org.junit.platform.engine.support.hierarchical.Node.around(Node.java:137)
	at org.junit.platform.engine.support.hierarchical.NodeTestTask.lambda$executeRecursively$8(NodeTestTask.java:127)
	at org.junit.platform.engine.support.hierarchical.ThrowableCollector.execute(ThrowableCollector.java:73)
	at org.junit.platform.engine.support.hierarchical.NodeTestTask.executeRecursively(NodeTestTask.java:126)
	at org.junit.platform.engine.support.hierarchical.NodeTestTask.execute(NodeTestTask.java:84)
	at java.base/java.util.ArrayList.forEach(ArrayList.java:1511)
	at org.junit.platform.engine.support.hierarchical.SameThreadHierarchicalTestExecutorService.invokeAll(SameThreadHierarchicalTestExecutorService.java:38)
	at org.junit.platform.engine.support.hierarchical.NodeTestTask.lambda$executeRecursively$5(NodeTestTask.java:143)
	at org.junit.platform.engine.support.hierarchical.ThrowableCollector.execute(ThrowableCollector.java:73)
	at org.junit.platform.engine.support.hierarchical.NodeTestTask.lambda$executeRecursively$7(NodeTestTask.java:129)
	at org.junit.platform.engine.support.hierarchical.Node.around(Node.java:137)
	at org.junit.platform.engine.support.hierarchical.NodeTestTask.lambda$executeRecursively$8(NodeTestTask.java:127)
	at org.junit.platform.engine.support.hierarchical.ThrowableCollector.execute(ThrowableCollector.java:73)
	at org.junit.platform.engine.support.hierarchical.NodeTestTask.executeRecursively(NodeTestTask.java:126)
	at org.junit.platform.engine.support.hierarchical.NodeTestTask.execute(NodeTestTask.java:84)
	at org.junit.platform.engine.support.hierarchical.SameThreadHierarchicalTestExecutorService.submit(SameThreadHierarchicalTestExecutorService.java:32)
	at org.junit.platform.engine.support.hierarchical.HierarchicalTestExecutor.execute(HierarchicalTestExecutor.java:57)
	at org.junit.platform.engine.support.hierarchical.HierarchicalTestEngine.execute(HierarchicalTestEngine.java:51)
	at org.junit.platform.launcher.core.EngineExecutionOrchestrator.execute(EngineExecutionOrchestrator.java:108)
	at org.junit.platform.launcher.core.EngineExecutionOrchestrator.execute(EngineExecutionOrchestrator.java:88)
	at org.junit.platform.launcher.core.EngineExecutionOrchestrator.lambda$execute$0(EngineExecutionOrchestrator.java:54)
	at org.junit.platform.launcher.core.EngineExecutionOrchestrator.withInterceptedStreams(EngineExecutionOrchestrator.java:67)
	at org.junit.platform.launcher.core.EngineExecutionOrchestrator.execute(EngineExecutionOrchestrator.java:52)
	at org.junit.platform.launcher.core.DefaultLauncher.execute(DefaultLauncher.java:96)
	at org.junit.platform.launcher.core.DefaultLauncher.execute(DefaultLauncher.java:75)
	at org.junit.platform.console.tasks.ConsoleTestExecutor.executeTests(ConsoleTestExecutor.java:66)
	at org.junit.platform.console.tasks.ConsoleTestExecutor.lambda$execute$0(ConsoleTestExecutor.java:58)
	at org.junit.platform.console.tasks.CustomContextClassLoaderExecutor.replaceThreadContextClassLoaderAndInvoke(CustomContextClassLoaderExecutor.java:41)
	at org.junit.platform.console.tasks.CustomContextClassLoaderExecutor.invoke(CustomContextClassLoaderExecutor.java:31)
	at org.junit.platform.console.tasks.ConsoleTestExecutor.execute(ConsoleTestExecutor.java:58)
	at org.junit.platform.console.ConsoleLauncher.executeTests(ConsoleLauncher.java:95)
	at org.junit.platform.console.ConsoleLauncher.execute(ConsoleLauncher.java:73)
	at org.junit.platform.console.ConsoleLauncher.execute(ConsoleLauncher.java:50)
	at org.junit.platform.console.ConsoleLauncher.execute(ConsoleLauncher.java:43)
	at org.junit.platform.console.ConsoleLauncher.main(ConsoleLauncher.java:37)
]]></skipped>
<system-out><![CDATA[
unique-id: [engine:junit-jupiter]/[class:minebayd1.test.TestUser]/[test-template:testprevious(minebayd1.User)]/[test-template-invocation:#66]
display-name: [66] Imam a 45 annonces ouvertes, 5 annonces fermées et 3 achats 

]]></system-out>
</testcase>
<testcase name="testprevious(User)[67]" classname="minebayd1.test.TestUser" time="0.001">
<skipped><![CDATA[org.opentest4j.TestAbortedException: Assumption failed: assumption is not true
	at org.junit.jupiter.api.Assumptions.throwTestAbortedException(Assumptions.java:256)
	at org.junit.jupiter.api.Assumptions.assumeTrue(Assumptions.java:115)
	at org.junit.jupiter.api.Assumptions.assumeTrue(Assumptions.java:66)
	at minebayd1.test.TestUser.testprevious(TestUser.java:1288)
	at jdk.internal.reflect.GeneratedMethodAccessor15.invoke(Unknown Source)
	at java.base/jdk.internal.reflect.DelegatingMethodAccessorImpl.invoke(DelegatingMethodAccessorImpl.java:43)
	at java.base/java.lang.reflect.Method.invoke(Method.java:569)
	at org.junit.platform.commons.util.ReflectionUtils.invokeMethod(ReflectionUtils.java:688)
	at org.junit.jupiter.engine.execution.MethodInvocation.proceed(MethodInvocation.java:60)
	at org.junit.jupiter.engine.execution.InvocationInterceptorChain$ValidatingInvocation.proceed(InvocationInterceptorChain.java:131)
	at org.junit.jupiter.engine.extension.TimeoutExtension.intercept(TimeoutExtension.java:149)
	at org.junit.jupiter.engine.extension.TimeoutExtension.interceptTestableMethod(TimeoutExtension.java:140)
	at org.junit.jupiter.engine.extension.TimeoutExtension.interceptTestTemplateMethod(TimeoutExtension.java:92)
	at org.junit.jupiter.engine.execution.ExecutableInvoker$ReflectiveInterceptorCall.lambda$ofVoidMethod$0(ExecutableInvoker.java:115)
	at org.junit.jupiter.engine.execution.ExecutableInvoker.lambda$invoke$0(ExecutableInvoker.java:105)
	at org.junit.jupiter.engine.execution.InvocationInterceptorChain$InterceptedInvocation.proceed(InvocationInterceptorChain.java:106)
	at org.junit.jupiter.engine.execution.InvocationInterceptorChain.proceed(InvocationInterceptorChain.java:64)
	at org.junit.jupiter.engine.execution.InvocationInterceptorChain.chainAndInvoke(InvocationInterceptorChain.java:45)
	at org.junit.jupiter.engine.execution.InvocationInterceptorChain.invoke(InvocationInterceptorChain.java:37)
	at org.junit.jupiter.engine.execution.ExecutableInvoker.invoke(ExecutableInvoker.java:104)
	at org.junit.jupiter.engine.execution.ExecutableInvoker.invoke(ExecutableInvoker.java:98)
	at org.junit.jupiter.engine.descriptor.TestMethodTestDescriptor.lambda$invokeTestMethod$6(TestMethodTestDescriptor.java:210)
	at org.junit.platform.engine.support.hierarchical.ThrowableCollector.execute(ThrowableCollector.java:73)
	at org.junit.jupiter.engine.descriptor.TestMethodTestDescriptor.invokeTestMethod(TestMethodTestDescriptor.java:206)
	at org.junit.jupiter.engine.descriptor.TestMethodTestDescriptor.execute(TestMethodTestDescriptor.java:131)
	at org.junit.jupiter.engine.descriptor.TestMethodTestDescriptor.execute(TestMethodTestDescriptor.java:65)
	at org.junit.platform.engine.support.hierarchical.NodeTestTask.lambda$executeRecursively$5(NodeTestTask.java:139)
	at org.junit.platform.engine.support.hierarchical.ThrowableCollector.execute(ThrowableCollector.java:73)
	at org.junit.platform.engine.support.hierarchical.NodeTestTask.lambda$executeRecursively$7(NodeTestTask.java:129)
	at org.junit.platform.engine.support.hierarchical.Node.around(Node.java:137)
	at org.junit.platform.engine.support.hierarchical.NodeTestTask.lambda$executeRecursively$8(NodeTestTask.java:127)
	at org.junit.platform.engine.support.hierarchical.ThrowableCollector.execute(ThrowableCollector.java:73)
	at org.junit.platform.engine.support.hierarchical.NodeTestTask.executeRecursively(NodeTestTask.java:126)
	at org.junit.platform.engine.support.hierarchical.NodeTestTask.execute(NodeTestTask.java:84)
	at org.junit.platform.engine.support.hierarchical.SameThreadHierarchicalTestExecutorService.submit(SameThreadHierarchicalTestExecutorService.java:32)
	at org.junit.platform.engine.support.hierarchical.NodeTestTask$DefaultDynamicTestExecutor.execute(NodeTestTask.java:212)
	at org.junit.platform.engine.support.hierarchical.NodeTestTask$DefaultDynamicTestExecutor.execute(NodeTestTask.java:192)
	at org.junit.jupiter.engine.descriptor.TestTemplateTestDescriptor.execute(TestTemplateTestDescriptor.java:139)
	at org.junit.jupiter.engine.descriptor.TestTemplateTestDescriptor.lambda$execute$2(TestTemplateTestDescriptor.java:107)
	at java.base/java.util.stream.ForEachOps$ForEachOp$OfRef.accept(ForEachOps.java:183)
	at java.base/java.util.stream.ReferencePipeline$3$1.accept(ReferencePipeline.java:197)
	at java.base/java.util.stream.ReferencePipeline$2$1.accept(ReferencePipeline.java:179)
	at java.base/java.util.stream.ReferencePipeline$3$1.accept(ReferencePipeline.java:197)
	at java.base/java.util.stream.ForEachOps$ForEachOp$OfRef.accept(ForEachOps.java:183)
	at java.base/java.util.stream.ReferencePipeline$15$1.accept(ReferencePipeline.java:541)
	at java.base/java.util.stream.ReferencePipeline$3$1.accept(ReferencePipeline.java:197)
	at java.base/java.util.stream.ReferencePipeline$3$1.accept(ReferencePipeline.java:197)
	at java.base/java.util.stream.ReferencePipeline$3$1.accept(ReferencePipeline.java:197)
	at java.base/java.util.stream.ForEachOps$ForEachOp$OfRef.accept(ForEachOps.java:183)
	at java.base/java.util.stream.ReferencePipeline$3$1.accept(ReferencePipeline.java:197)
	at java.base/java.util.stream.ForEachOps$ForEachOp$OfRef.accept(ForEachOps.java:183)
	at java.base/java.util.stream.SliceOps$1$1.accept(SliceOps.java:200)
	at java.base/java.util.stream.StreamSpliterators$InfiniteSupplyingSpliterator$OfRef.tryAdvance(StreamSpliterators.java:1358)
	at java.base/java.util.stream.ReferencePipeline.forEachWithCancel(ReferencePipeline.java:129)
	at java.base/java.util.stream.AbstractPipeline.copyIntoWithCancel(AbstractPipeline.java:527)
	at java.base/java.util.stream.AbstractPipeline.copyInto(AbstractPipeline.java:513)
	at java.base/java.util.stream.AbstractPipeline.wrapAndCopyInto(AbstractPipeline.java:499)
	at java.base/java.util.stream.ForEachOps$ForEachOp.evaluateSequential(ForEachOps.java:150)
	at java.base/java.util.stream.ForEachOps$ForEachOp$OfRef.evaluateSequential(ForEachOps.java:173)
	at java.base/java.util.stream.AbstractPipeline.evaluate(AbstractPipeline.java:234)
	at java.base/java.util.stream.ReferencePipeline.forEach(ReferencePipeline.java:596)
	at java.base/java.util.stream.ReferencePipeline$7$1.accept(ReferencePipeline.java:276)
	at java.base/java.util.stream.ReferencePipeline$3$1.accept(ReferencePipeline.java:197)
	at java.base/java.util.stream.ReferencePipeline$3$1.accept(ReferencePipeline.java:197)
	at java.base/java.util.Spliterators$ArraySpliterator.forEachRemaining(Spliterators.java:992)
	at java.base/java.util.stream.AbstractPipeline.copyInto(AbstractPipeline.java:509)
	at java.base/java.util.stream.AbstractPipeline.wrapAndCopyInto(AbstractPipeline.java:499)
	at java.base/java.util.stream.ForEachOps$ForEachOp.evaluateSequential(ForEachOps.java:150)
	at java.base/java.util.stream.ForEachOps$ForEachOp$OfRef.evaluateSequential(ForEachOps.java:173)
	at java.base/java.util.stream.AbstractPipeline.evaluate(AbstractPipeline.java:234)
	at java.base/java.util.stream.ReferencePipeline.forEach(ReferencePipeline.java:596)
	at java.base/java.util.stream.ReferencePipeline$7$1.accept(ReferencePipeline.java:276)
	at java.base/java.util.stream.ReferencePipeline$3$1.accept(ReferencePipeline.java:197)
	at java.base/java.util.stream.ReferencePipeline$3$1.accept(ReferencePipeline.java:197)
	at java.base/java.util.stream.ReferencePipeline$3$1.accept(ReferencePipeline.java:197)
	at java.base/java.util.ArrayList$ArrayListSpliterator.forEachRemaining(ArrayList.java:1625)
	at java.base/java.util.stream.AbstractPipeline.copyInto(AbstractPipeline.java:509)
	at java.base/java.util.stream.AbstractPipeline.wrapAndCopyInto(AbstractPipeline.java:499)
	at java.base/java.util.stream.ForEachOps$ForEachOp.evaluateSequential(ForEachOps.java:150)
	at java.base/java.util.stream.ForEachOps$ForEachOp$OfRef.evaluateSequential(ForEachOps.java:173)
	at java.base/java.util.stream.AbstractPipeline.evaluate(AbstractPipeline.java:234)
	at java.base/java.util.stream.ReferencePipeline.forEach(ReferencePipeline.java:596)
	at java.base/java.util.stream.ReferencePipeline$7$1.accept(ReferencePipeline.java:276)
	at java.base/java.util.ArrayList$ArrayListSpliterator.forEachRemaining(ArrayList.java:1625)
	at java.base/java.util.stream.AbstractPipeline.copyInto(AbstractPipeline.java:509)
	at java.base/java.util.stream.AbstractPipeline.wrapAndCopyInto(AbstractPipeline.java:499)
	at java.base/java.util.stream.ForEachOps$ForEachOp.evaluateSequential(ForEachOps.java:150)
	at java.base/java.util.stream.ForEachOps$ForEachOp$OfRef.evaluateSequential(ForEachOps.java:173)
	at java.base/java.util.stream.AbstractPipeline.evaluate(AbstractPipeline.java:234)
	at java.base/java.util.stream.ReferencePipeline.forEach(ReferencePipeline.java:596)
	at org.junit.jupiter.engine.descriptor.TestTemplateTestDescriptor.execute(TestTemplateTestDescriptor.java:107)
	at org.junit.jupiter.engine.descriptor.TestTemplateTestDescriptor.execute(TestTemplateTestDescriptor.java:42)
	at org.junit.platform.engine.support.hierarchical.NodeTestTask.lambda$executeRecursively$5(NodeTestTask.java:139)
	at org.junit.platform.engine.support.hierarchical.ThrowableCollector.execute(ThrowableCollector.java:73)
	at org.junit.platform.engine.support.hierarchical.NodeTestTask.lambda$executeRecursively$7(NodeTestTask.java:129)
	at org.junit.platform.engine.support.hierarchical.Node.around(Node.java:137)
	at org.junit.platform.engine.support.hierarchical.NodeTestTask.lambda$executeRecursively$8(NodeTestTask.java:127)
	at org.junit.platform.engine.support.hierarchical.ThrowableCollector.execute(ThrowableCollector.java:73)
	at org.junit.platform.engine.support.hierarchical.NodeTestTask.executeRecursively(NodeTestTask.java:126)
	at org.junit.platform.engine.support.hierarchical.NodeTestTask.execute(NodeTestTask.java:84)
	at java.base/java.util.ArrayList.forEach(ArrayList.java:1511)
	at org.junit.platform.engine.support.hierarchical.SameThreadHierarchicalTestExecutorService.invokeAll(SameThreadHierarchicalTestExecutorService.java:38)
	at org.junit.platform.engine.support.hierarchical.NodeTestTask.lambda$executeRecursively$5(NodeTestTask.java:143)
	at org.junit.platform.engine.support.hierarchical.ThrowableCollector.execute(ThrowableCollector.java:73)
	at org.junit.platform.engine.support.hierarchical.NodeTestTask.lambda$executeRecursively$7(NodeTestTask.java:129)
	at org.junit.platform.engine.support.hierarchical.Node.around(Node.java:137)
	at org.junit.platform.engine.support.hierarchical.NodeTestTask.lambda$executeRecursively$8(NodeTestTask.java:127)
	at org.junit.platform.engine.support.hierarchical.ThrowableCollector.execute(ThrowableCollector.java:73)
	at org.junit.platform.engine.support.hierarchical.NodeTestTask.executeRecursively(NodeTestTask.java:126)
	at org.junit.platform.engine.support.hierarchical.NodeTestTask.execute(NodeTestTask.java:84)
	at java.base/java.util.ArrayList.forEach(ArrayList.java:1511)
	at org.junit.platform.engine.support.hierarchical.SameThreadHierarchicalTestExecutorService.invokeAll(SameThreadHierarchicalTestExecutorService.java:38)
	at org.junit.platform.engine.support.hierarchical.NodeTestTask.lambda$executeRecursively$5(NodeTestTask.java:143)
	at org.junit.platform.engine.support.hierarchical.ThrowableCollector.execute(ThrowableCollector.java:73)
	at org.junit.platform.engine.support.hierarchical.NodeTestTask.lambda$executeRecursively$7(NodeTestTask.java:129)
	at org.junit.platform.engine.support.hierarchical.Node.around(Node.java:137)
	at org.junit.platform.engine.support.hierarchical.NodeTestTask.lambda$executeRecursively$8(NodeTestTask.java:127)
	at org.junit.platform.engine.support.hierarchical.ThrowableCollector.execute(ThrowableCollector.java:73)
	at org.junit.platform.engine.support.hierarchical.NodeTestTask.executeRecursively(NodeTestTask.java:126)
	at org.junit.platform.engine.support.hierarchical.NodeTestTask.execute(NodeTestTask.java:84)
	at org.junit.platform.engine.support.hierarchical.SameThreadHierarchicalTestExecutorService.submit(SameThreadHierarchicalTestExecutorService.java:32)
	at org.junit.platform.engine.support.hierarchical.HierarchicalTestExecutor.execute(HierarchicalTestExecutor.java:57)
	at org.junit.platform.engine.support.hierarchical.HierarchicalTestEngine.execute(HierarchicalTestEngine.java:51)
	at org.junit.platform.launcher.core.EngineExecutionOrchestrator.execute(EngineExecutionOrchestrator.java:108)
	at org.junit.platform.launcher.core.EngineExecutionOrchestrator.execute(EngineExecutionOrchestrator.java:88)
	at org.junit.platform.launcher.core.EngineExecutionOrchestrator.lambda$execute$0(EngineExecutionOrchestrator.java:54)
	at org.junit.platform.launcher.core.EngineExecutionOrchestrator.withInterceptedStreams(EngineExecutionOrchestrator.java:67)
	at org.junit.platform.launcher.core.EngineExecutionOrchestrator.execute(EngineExecutionOrchestrator.java:52)
	at org.junit.platform.launcher.core.DefaultLauncher.execute(DefaultLauncher.java:96)
	at org.junit.platform.launcher.core.DefaultLauncher.execute(DefaultLauncher.java:75)
	at org.junit.platform.console.tasks.ConsoleTestExecutor.executeTests(ConsoleTestExecutor.java:66)
	at org.junit.platform.console.tasks.ConsoleTestExecutor.lambda$execute$0(ConsoleTestExecutor.java:58)
	at org.junit.platform.console.tasks.CustomContextClassLoaderExecutor.replaceThreadContextClassLoaderAndInvoke(CustomContextClassLoaderExecutor.java:41)
	at org.junit.platform.console.tasks.CustomContextClassLoaderExecutor.invoke(CustomContextClassLoaderExecutor.java:31)
	at org.junit.platform.console.tasks.ConsoleTestExecutor.execute(ConsoleTestExecutor.java:58)
	at org.junit.platform.console.ConsoleLauncher.executeTests(ConsoleLauncher.java:95)
	at org.junit.platform.console.ConsoleLauncher.execute(ConsoleLauncher.java:73)
	at org.junit.platform.console.ConsoleLauncher.execute(ConsoleLauncher.java:50)
	at org.junit.platform.console.ConsoleLauncher.execute(ConsoleLauncher.java:43)
	at org.junit.platform.console.ConsoleLauncher.main(ConsoleLauncher.java:37)
]]></skipped>
<system-out><![CDATA[
unique-id: [engine:junit-jupiter]/[class:minebayd1.test.TestUser]/[test-template:testprevious(minebayd1.User)]/[test-template-invocation:#67]
display-name: [67] Marcel a 63 annonces ouvertes, 4 annonces fermées et 4 achats 

]]></system-out>
</testcase>
<testcase name="testprevious(User)[68]" classname="minebayd1.test.TestUser" time="0">
<skipped><![CDATA[org.opentest4j.TestAbortedException: Assumption failed: assumption is not true
	at org.junit.jupiter.api.Assumptions.throwTestAbortedException(Assumptions.java:256)
	at org.junit.jupiter.api.Assumptions.assumeTrue(Assumptions.java:115)
	at org.junit.jupiter.api.Assumptions.assumeTrue(Assumptions.java:66)
	at minebayd1.test.TestUser.testprevious(TestUser.java:1288)
	at jdk.internal.reflect.GeneratedMethodAccessor15.invoke(Unknown Source)
	at java.base/jdk.internal.reflect.DelegatingMethodAccessorImpl.invoke(DelegatingMethodAccessorImpl.java:43)
	at java.base/java.lang.reflect.Method.invoke(Method.java:569)
	at org.junit.platform.commons.util.ReflectionUtils.invokeMethod(ReflectionUtils.java:688)
	at org.junit.jupiter.engine.execution.MethodInvocation.proceed(MethodInvocation.java:60)
	at org.junit.jupiter.engine.execution.InvocationInterceptorChain$ValidatingInvocation.proceed(InvocationInterceptorChain.java:131)
	at org.junit.jupiter.engine.extension.TimeoutExtension.intercept(TimeoutExtension.java:149)
	at org.junit.jupiter.engine.extension.TimeoutExtension.interceptTestableMethod(TimeoutExtension.java:140)
	at org.junit.jupiter.engine.extension.TimeoutExtension.interceptTestTemplateMethod(TimeoutExtension.java:92)
	at org.junit.jupiter.engine.execution.ExecutableInvoker$ReflectiveInterceptorCall.lambda$ofVoidMethod$0(ExecutableInvoker.java:115)
	at org.junit.jupiter.engine.execution.ExecutableInvoker.lambda$invoke$0(ExecutableInvoker.java:105)
	at org.junit.jupiter.engine.execution.InvocationInterceptorChain$InterceptedInvocation.proceed(InvocationInterceptorChain.java:106)
	at org.junit.jupiter.engine.execution.InvocationInterceptorChain.proceed(InvocationInterceptorChain.java:64)
	at org.junit.jupiter.engine.execution.InvocationInterceptorChain.chainAndInvoke(InvocationInterceptorChain.java:45)
	at org.junit.jupiter.engine.execution.InvocationInterceptorChain.invoke(InvocationInterceptorChain.java:37)
	at org.junit.jupiter.engine.execution.ExecutableInvoker.invoke(ExecutableInvoker.java:104)
	at org.junit.jupiter.engine.execution.ExecutableInvoker.invoke(ExecutableInvoker.java:98)
	at org.junit.jupiter.engine.descriptor.TestMethodTestDescriptor.lambda$invokeTestMethod$6(TestMethodTestDescriptor.java:210)
	at org.junit.platform.engine.support.hierarchical.ThrowableCollector.execute(ThrowableCollector.java:73)
	at org.junit.jupiter.engine.descriptor.TestMethodTestDescriptor.invokeTestMethod(TestMethodTestDescriptor.java:206)
	at org.junit.jupiter.engine.descriptor.TestMethodTestDescriptor.execute(TestMethodTestDescriptor.java:131)
	at org.junit.jupiter.engine.descriptor.TestMethodTestDescriptor.execute(TestMethodTestDescriptor.java:65)
	at org.junit.platform.engine.support.hierarchical.NodeTestTask.lambda$executeRecursively$5(NodeTestTask.java:139)
	at org.junit.platform.engine.support.hierarchical.ThrowableCollector.execute(ThrowableCollector.java:73)
	at org.junit.platform.engine.support.hierarchical.NodeTestTask.lambda$executeRecursively$7(NodeTestTask.java:129)
	at org.junit.platform.engine.support.hierarchical.Node.around(Node.java:137)
	at org.junit.platform.engine.support.hierarchical.NodeTestTask.lambda$executeRecursively$8(NodeTestTask.java:127)
	at org.junit.platform.engine.support.hierarchical.ThrowableCollector.execute(ThrowableCollector.java:73)
	at org.junit.platform.engine.support.hierarchical.NodeTestTask.executeRecursively(NodeTestTask.java:126)
	at org.junit.platform.engine.support.hierarchical.NodeTestTask.execute(NodeTestTask.java:84)
	at org.junit.platform.engine.support.hierarchical.SameThreadHierarchicalTestExecutorService.submit(SameThreadHierarchicalTestExecutorService.java:32)
	at org.junit.platform.engine.support.hierarchical.NodeTestTask$DefaultDynamicTestExecutor.execute(NodeTestTask.java:212)
	at org.junit.platform.engine.support.hierarchical.NodeTestTask$DefaultDynamicTestExecutor.execute(NodeTestTask.java:192)
	at org.junit.jupiter.engine.descriptor.TestTemplateTestDescriptor.execute(TestTemplateTestDescriptor.java:139)
	at org.junit.jupiter.engine.descriptor.TestTemplateTestDescriptor.lambda$execute$2(TestTemplateTestDescriptor.java:107)
	at java.base/java.util.stream.ForEachOps$ForEachOp$OfRef.accept(ForEachOps.java:183)
	at java.base/java.util.stream.ReferencePipeline$3$1.accept(ReferencePipeline.java:197)
	at java.base/java.util.stream.ReferencePipeline$2$1.accept(ReferencePipeline.java:179)
	at java.base/java.util.stream.ReferencePipeline$3$1.accept(ReferencePipeline.java:197)
	at java.base/java.util.stream.ForEachOps$ForEachOp$OfRef.accept(ForEachOps.java:183)
	at java.base/java.util.stream.ReferencePipeline$15$1.accept(ReferencePipeline.java:541)
	at java.base/java.util.stream.ReferencePipeline$3$1.accept(ReferencePipeline.java:197)
	at java.base/java.util.stream.ReferencePipeline$3$1.accept(ReferencePipeline.java:197)
	at java.base/java.util.stream.ReferencePipeline$3$1.accept(ReferencePipeline.java:197)
	at java.base/java.util.stream.ForEachOps$ForEachOp$OfRef.accept(ForEachOps.java:183)
	at java.base/java.util.stream.ReferencePipeline$3$1.accept(ReferencePipeline.java:197)
	at java.base/java.util.stream.ForEachOps$ForEachOp$OfRef.accept(ForEachOps.java:183)
	at java.base/java.util.stream.SliceOps$1$1.accept(SliceOps.java:200)
	at java.base/java.util.stream.StreamSpliterators$InfiniteSupplyingSpliterator$OfRef.tryAdvance(StreamSpliterators.java:1358)
	at java.base/java.util.stream.ReferencePipeline.forEachWithCancel(ReferencePipeline.java:129)
	at java.base/java.util.stream.AbstractPipeline.copyIntoWithCancel(AbstractPipeline.java:527)
	at java.base/java.util.stream.AbstractPipeline.copyInto(AbstractPipeline.java:513)
	at java.base/java.util.stream.AbstractPipeline.wrapAndCopyInto(AbstractPipeline.java:499)
	at java.base/java.util.stream.ForEachOps$ForEachOp.evaluateSequential(ForEachOps.java:150)
	at java.base/java.util.stream.ForEachOps$ForEachOp$OfRef.evaluateSequential(ForEachOps.java:173)
	at java.base/java.util.stream.AbstractPipeline.evaluate(AbstractPipeline.java:234)
	at java.base/java.util.stream.ReferencePipeline.forEach(ReferencePipeline.java:596)
	at java.base/java.util.stream.ReferencePipeline$7$1.accept(ReferencePipeline.java:276)
	at java.base/java.util.stream.ReferencePipeline$3$1.accept(ReferencePipeline.java:197)
	at java.base/java.util.stream.ReferencePipeline$3$1.accept(ReferencePipeline.java:197)
	at java.base/java.util.Spliterators$ArraySpliterator.forEachRemaining(Spliterators.java:992)
	at java.base/java.util.stream.AbstractPipeline.copyInto(AbstractPipeline.java:509)
	at java.base/java.util.stream.AbstractPipeline.wrapAndCopyInto(AbstractPipeline.java:499)
	at java.base/java.util.stream.ForEachOps$ForEachOp.evaluateSequential(ForEachOps.java:150)
	at java.base/java.util.stream.ForEachOps$ForEachOp$OfRef.evaluateSequential(ForEachOps.java:173)
	at java.base/java.util.stream.AbstractPipeline.evaluate(AbstractPipeline.java:234)
	at java.base/java.util.stream.ReferencePipeline.forEach(ReferencePipeline.java:596)
	at java.base/java.util.stream.ReferencePipeline$7$1.accept(ReferencePipeline.java:276)
	at java.base/java.util.stream.ReferencePipeline$3$1.accept(ReferencePipeline.java:197)
	at java.base/java.util.stream.ReferencePipeline$3$1.accept(ReferencePipeline.java:197)
	at java.base/java.util.stream.ReferencePipeline$3$1.accept(ReferencePipeline.java:197)
	at java.base/java.util.ArrayList$ArrayListSpliterator.forEachRemaining(ArrayList.java:1625)
	at java.base/java.util.stream.AbstractPipeline.copyInto(AbstractPipeline.java:509)
	at java.base/java.util.stream.AbstractPipeline.wrapAndCopyInto(AbstractPipeline.java:499)
	at java.base/java.util.stream.ForEachOps$ForEachOp.evaluateSequential(ForEachOps.java:150)
	at java.base/java.util.stream.ForEachOps$ForEachOp$OfRef.evaluateSequential(ForEachOps.java:173)
	at java.base/java.util.stream.AbstractPipeline.evaluate(AbstractPipeline.java:234)
	at java.base/java.util.stream.ReferencePipeline.forEach(ReferencePipeline.java:596)
	at java.base/java.util.stream.ReferencePipeline$7$1.accept(ReferencePipeline.java:276)
	at java.base/java.util.ArrayList$ArrayListSpliterator.forEachRemaining(ArrayList.java:1625)
	at java.base/java.util.stream.AbstractPipeline.copyInto(AbstractPipeline.java:509)
	at java.base/java.util.stream.AbstractPipeline.wrapAndCopyInto(AbstractPipeline.java:499)
	at java.base/java.util.stream.ForEachOps$ForEachOp.evaluateSequential(ForEachOps.java:150)
	at java.base/java.util.stream.ForEachOps$ForEachOp$OfRef.evaluateSequential(ForEachOps.java:173)
	at java.base/java.util.stream.AbstractPipeline.evaluate(AbstractPipeline.java:234)
	at java.base/java.util.stream.ReferencePipeline.forEach(ReferencePipeline.java:596)
	at org.junit.jupiter.engine.descriptor.TestTemplateTestDescriptor.execute(TestTemplateTestDescriptor.java:107)
	at org.junit.jupiter.engine.descriptor.TestTemplateTestDescriptor.execute(TestTemplateTestDescriptor.java:42)
	at org.junit.platform.engine.support.hierarchical.NodeTestTask.lambda$executeRecursively$5(NodeTestTask.java:139)
	at org.junit.platform.engine.support.hierarchical.ThrowableCollector.execute(ThrowableCollector.java:73)
	at org.junit.platform.engine.support.hierarchical.NodeTestTask.lambda$executeRecursively$7(NodeTestTask.java:129)
	at org.junit.platform.engine.support.hierarchical.Node.around(Node.java:137)
	at org.junit.platform.engine.support.hierarchical.NodeTestTask.lambda$executeRecursively$8(NodeTestTask.java:127)
	at org.junit.platform.engine.support.hierarchical.ThrowableCollector.execute(ThrowableCollector.java:73)
	at org.junit.platform.engine.support.hierarchical.NodeTestTask.executeRecursively(NodeTestTask.java:126)
	at org.junit.platform.engine.support.hierarchical.NodeTestTask.execute(NodeTestTask.java:84)
	at java.base/java.util.ArrayList.forEach(ArrayList.java:1511)
	at org.junit.platform.engine.support.hierarchical.SameThreadHierarchicalTestExecutorService.invokeAll(SameThreadHierarchicalTestExecutorService.java:38)
	at org.junit.platform.engine.support.hierarchical.NodeTestTask.lambda$executeRecursively$5(NodeTestTask.java:143)
	at org.junit.platform.engine.support.hierarchical.ThrowableCollector.execute(ThrowableCollector.java:73)
	at org.junit.platform.engine.support.hierarchical.NodeTestTask.lambda$executeRecursively$7(NodeTestTask.java:129)
	at org.junit.platform.engine.support.hierarchical.Node.around(Node.java:137)
	at org.junit.platform.engine.support.hierarchical.NodeTestTask.lambda$executeRecursively$8(NodeTestTask.java:127)
	at org.junit.platform.engine.support.hierarchical.ThrowableCollector.execute(ThrowableCollector.java:73)
	at org.junit.platform.engine.support.hierarchical.NodeTestTask.executeRecursively(NodeTestTask.java:126)
	at org.junit.platform.engine.support.hierarchical.NodeTestTask.execute(NodeTestTask.java:84)
	at java.base/java.util.ArrayList.forEach(ArrayList.java:1511)
	at org.junit.platform.engine.support.hierarchical.SameThreadHierarchicalTestExecutorService.invokeAll(SameThreadHierarchicalTestExecutorService.java:38)
	at org.junit.platform.engine.support.hierarchical.NodeTestTask.lambda$executeRecursively$5(NodeTestTask.java:143)
	at org.junit.platform.engine.support.hierarchical.ThrowableCollector.execute(ThrowableCollector.java:73)
	at org.junit.platform.engine.support.hierarchical.NodeTestTask.lambda$executeRecursively$7(NodeTestTask.java:129)
	at org.junit.platform.engine.support.hierarchical.Node.around(Node.java:137)
	at org.junit.platform.engine.support.hierarchical.NodeTestTask.lambda$executeRecursively$8(NodeTestTask.java:127)
	at org.junit.platform.engine.support.hierarchical.ThrowableCollector.execute(ThrowableCollector.java:73)
	at org.junit.platform.engine.support.hierarchical.NodeTestTask.executeRecursively(NodeTestTask.java:126)
	at org.junit.platform.engine.support.hierarchical.NodeTestTask.execute(NodeTestTask.java:84)
	at org.junit.platform.engine.support.hierarchical.SameThreadHierarchicalTestExecutorService.submit(SameThreadHierarchicalTestExecutorService.java:32)
	at org.junit.platform.engine.support.hierarchical.HierarchicalTestExecutor.execute(HierarchicalTestExecutor.java:57)
	at org.junit.platform.engine.support.hierarchical.HierarchicalTestEngine.execute(HierarchicalTestEngine.java:51)
	at org.junit.platform.launcher.core.EngineExecutionOrchestrator.execute(EngineExecutionOrchestrator.java:108)
	at org.junit.platform.launcher.core.EngineExecutionOrchestrator.execute(EngineExecutionOrchestrator.java:88)
	at org.junit.platform.launcher.core.EngineExecutionOrchestrator.lambda$execute$0(EngineExecutionOrchestrator.java:54)
	at org.junit.platform.launcher.core.EngineExecutionOrchestrator.withInterceptedStreams(EngineExecutionOrchestrator.java:67)
	at org.junit.platform.launcher.core.EngineExecutionOrchestrator.execute(EngineExecutionOrchestrator.java:52)
	at org.junit.platform.launcher.core.DefaultLauncher.execute(DefaultLauncher.java:96)
	at org.junit.platform.launcher.core.DefaultLauncher.execute(DefaultLauncher.java:75)
	at org.junit.platform.console.tasks.ConsoleTestExecutor.executeTests(ConsoleTestExecutor.java:66)
	at org.junit.platform.console.tasks.ConsoleTestExecutor.lambda$execute$0(ConsoleTestExecutor.java:58)
	at org.junit.platform.console.tasks.CustomContextClassLoaderExecutor.replaceThreadContextClassLoaderAndInvoke(CustomContextClassLoaderExecutor.java:41)
	at org.junit.platform.console.tasks.CustomContextClassLoaderExecutor.invoke(CustomContextClassLoaderExecutor.java:31)
	at org.junit.platform.console.tasks.ConsoleTestExecutor.execute(ConsoleTestExecutor.java:58)
	at org.junit.platform.console.ConsoleLauncher.executeTests(ConsoleLauncher.java:95)
	at org.junit.platform.console.ConsoleLauncher.execute(ConsoleLauncher.java:73)
	at org.junit.platform.console.ConsoleLauncher.execute(ConsoleLauncher.java:50)
	at org.junit.platform.console.ConsoleLauncher.execute(ConsoleLauncher.java:43)
	at org.junit.platform.console.ConsoleLauncher.main(ConsoleLauncher.java:37)
]]></skipped>
<system-out><![CDATA[
unique-id: [engine:junit-jupiter]/[class:minebayd1.test.TestUser]/[test-template:testprevious(minebayd1.User)]/[test-template-invocation:#68]
display-name: [68] Chanez a 57 annonces ouvertes, 2 annonces fermées et 1 achats 

]]></system-out>
</testcase>
<testcase name="testprevious(User)[69]" classname="minebayd1.test.TestUser" time="0">
<skipped><![CDATA[org.opentest4j.TestAbortedException: Assumption failed: assumption is not true
	at org.junit.jupiter.api.Assumptions.throwTestAbortedException(Assumptions.java:256)
	at org.junit.jupiter.api.Assumptions.assumeTrue(Assumptions.java:115)
	at org.junit.jupiter.api.Assumptions.assumeTrue(Assumptions.java:66)
	at minebayd1.test.TestUser.testprevious(TestUser.java:1288)
	at jdk.internal.reflect.GeneratedMethodAccessor15.invoke(Unknown Source)
	at java.base/jdk.internal.reflect.DelegatingMethodAccessorImpl.invoke(DelegatingMethodAccessorImpl.java:43)
	at java.base/java.lang.reflect.Method.invoke(Method.java:569)
	at org.junit.platform.commons.util.ReflectionUtils.invokeMethod(ReflectionUtils.java:688)
	at org.junit.jupiter.engine.execution.MethodInvocation.proceed(MethodInvocation.java:60)
	at org.junit.jupiter.engine.execution.InvocationInterceptorChain$ValidatingInvocation.proceed(InvocationInterceptorChain.java:131)
	at org.junit.jupiter.engine.extension.TimeoutExtension.intercept(TimeoutExtension.java:149)
	at org.junit.jupiter.engine.extension.TimeoutExtension.interceptTestableMethod(TimeoutExtension.java:140)
	at org.junit.jupiter.engine.extension.TimeoutExtension.interceptTestTemplateMethod(TimeoutExtension.java:92)
	at org.junit.jupiter.engine.execution.ExecutableInvoker$ReflectiveInterceptorCall.lambda$ofVoidMethod$0(ExecutableInvoker.java:115)
	at org.junit.jupiter.engine.execution.ExecutableInvoker.lambda$invoke$0(ExecutableInvoker.java:105)
	at org.junit.jupiter.engine.execution.InvocationInterceptorChain$InterceptedInvocation.proceed(InvocationInterceptorChain.java:106)
	at org.junit.jupiter.engine.execution.InvocationInterceptorChain.proceed(InvocationInterceptorChain.java:64)
	at org.junit.jupiter.engine.execution.InvocationInterceptorChain.chainAndInvoke(InvocationInterceptorChain.java:45)
	at org.junit.jupiter.engine.execution.InvocationInterceptorChain.invoke(InvocationInterceptorChain.java:37)
	at org.junit.jupiter.engine.execution.ExecutableInvoker.invoke(ExecutableInvoker.java:104)
	at org.junit.jupiter.engine.execution.ExecutableInvoker.invoke(ExecutableInvoker.java:98)
	at org.junit.jupiter.engine.descriptor.TestMethodTestDescriptor.lambda$invokeTestMethod$6(TestMethodTestDescriptor.java:210)
	at org.junit.platform.engine.support.hierarchical.ThrowableCollector.execute(ThrowableCollector.java:73)
	at org.junit.jupiter.engine.descriptor.TestMethodTestDescriptor.invokeTestMethod(TestMethodTestDescriptor.java:206)
	at org.junit.jupiter.engine.descriptor.TestMethodTestDescriptor.execute(TestMethodTestDescriptor.java:131)
	at org.junit.jupiter.engine.descriptor.TestMethodTestDescriptor.execute(TestMethodTestDescriptor.java:65)
	at org.junit.platform.engine.support.hierarchical.NodeTestTask.lambda$executeRecursively$5(NodeTestTask.java:139)
	at org.junit.platform.engine.support.hierarchical.ThrowableCollector.execute(ThrowableCollector.java:73)
	at org.junit.platform.engine.support.hierarchical.NodeTestTask.lambda$executeRecursively$7(NodeTestTask.java:129)
	at org.junit.platform.engine.support.hierarchical.Node.around(Node.java:137)
	at org.junit.platform.engine.support.hierarchical.NodeTestTask.lambda$executeRecursively$8(NodeTestTask.java:127)
	at org.junit.platform.engine.support.hierarchical.ThrowableCollector.execute(ThrowableCollector.java:73)
	at org.junit.platform.engine.support.hierarchical.NodeTestTask.executeRecursively(NodeTestTask.java:126)
	at org.junit.platform.engine.support.hierarchical.NodeTestTask.execute(NodeTestTask.java:84)
	at org.junit.platform.engine.support.hierarchical.SameThreadHierarchicalTestExecutorService.submit(SameThreadHierarchicalTestExecutorService.java:32)
	at org.junit.platform.engine.support.hierarchical.NodeTestTask$DefaultDynamicTestExecutor.execute(NodeTestTask.java:212)
	at org.junit.platform.engine.support.hierarchical.NodeTestTask$DefaultDynamicTestExecutor.execute(NodeTestTask.java:192)
	at org.junit.jupiter.engine.descriptor.TestTemplateTestDescriptor.execute(TestTemplateTestDescriptor.java:139)
	at org.junit.jupiter.engine.descriptor.TestTemplateTestDescriptor.lambda$execute$2(TestTemplateTestDescriptor.java:107)
	at java.base/java.util.stream.ForEachOps$ForEachOp$OfRef.accept(ForEachOps.java:183)
	at java.base/java.util.stream.ReferencePipeline$3$1.accept(ReferencePipeline.java:197)
	at java.base/java.util.stream.ReferencePipeline$2$1.accept(ReferencePipeline.java:179)
	at java.base/java.util.stream.ReferencePipeline$3$1.accept(ReferencePipeline.java:197)
	at java.base/java.util.stream.ForEachOps$ForEachOp$OfRef.accept(ForEachOps.java:183)
	at java.base/java.util.stream.ReferencePipeline$15$1.accept(ReferencePipeline.java:541)
	at java.base/java.util.stream.ReferencePipeline$3$1.accept(ReferencePipeline.java:197)
	at java.base/java.util.stream.ReferencePipeline$3$1.accept(ReferencePipeline.java:197)
	at java.base/java.util.stream.ReferencePipeline$3$1.accept(ReferencePipeline.java:197)
	at java.base/java.util.stream.ForEachOps$ForEachOp$OfRef.accept(ForEachOps.java:183)
	at java.base/java.util.stream.ReferencePipeline$3$1.accept(ReferencePipeline.java:197)
	at java.base/java.util.stream.ForEachOps$ForEachOp$OfRef.accept(ForEachOps.java:183)
	at java.base/java.util.stream.SliceOps$1$1.accept(SliceOps.java:200)
	at java.base/java.util.stream.StreamSpliterators$InfiniteSupplyingSpliterator$OfRef.tryAdvance(StreamSpliterators.java:1358)
	at java.base/java.util.stream.ReferencePipeline.forEachWithCancel(ReferencePipeline.java:129)
	at java.base/java.util.stream.AbstractPipeline.copyIntoWithCancel(AbstractPipeline.java:527)
	at java.base/java.util.stream.AbstractPipeline.copyInto(AbstractPipeline.java:513)
	at java.base/java.util.stream.AbstractPipeline.wrapAndCopyInto(AbstractPipeline.java:499)
	at java.base/java.util.stream.ForEachOps$ForEachOp.evaluateSequential(ForEachOps.java:150)
	at java.base/java.util.stream.ForEachOps$ForEachOp$OfRef.evaluateSequential(ForEachOps.java:173)
	at java.base/java.util.stream.AbstractPipeline.evaluate(AbstractPipeline.java:234)
	at java.base/java.util.stream.ReferencePipeline.forEach(ReferencePipeline.java:596)
	at java.base/java.util.stream.ReferencePipeline$7$1.accept(ReferencePipeline.java:276)
	at java.base/java.util.stream.ReferencePipeline$3$1.accept(ReferencePipeline.java:197)
	at java.base/java.util.stream.ReferencePipeline$3$1.accept(ReferencePipeline.java:197)
	at java.base/java.util.Spliterators$ArraySpliterator.forEachRemaining(Spliterators.java:992)
	at java.base/java.util.stream.AbstractPipeline.copyInto(AbstractPipeline.java:509)
	at java.base/java.util.stream.AbstractPipeline.wrapAndCopyInto(AbstractPipeline.java:499)
	at java.base/java.util.stream.ForEachOps$ForEachOp.evaluateSequential(ForEachOps.java:150)
	at java.base/java.util.stream.ForEachOps$ForEachOp$OfRef.evaluateSequential(ForEachOps.java:173)
	at java.base/java.util.stream.AbstractPipeline.evaluate(AbstractPipeline.java:234)
	at java.base/java.util.stream.ReferencePipeline.forEach(ReferencePipeline.java:596)
	at java.base/java.util.stream.ReferencePipeline$7$1.accept(ReferencePipeline.java:276)
	at java.base/java.util.stream.ReferencePipeline$3$1.accept(ReferencePipeline.java:197)
	at java.base/java.util.stream.ReferencePipeline$3$1.accept(ReferencePipeline.java:197)
	at java.base/java.util.stream.ReferencePipeline$3$1.accept(ReferencePipeline.java:197)
	at java.base/java.util.ArrayList$ArrayListSpliterator.forEachRemaining(ArrayList.java:1625)
	at java.base/java.util.stream.AbstractPipeline.copyInto(AbstractPipeline.java:509)
	at java.base/java.util.stream.AbstractPipeline.wrapAndCopyInto(AbstractPipeline.java:499)
	at java.base/java.util.stream.ForEachOps$ForEachOp.evaluateSequential(ForEachOps.java:150)
	at java.base/java.util.stream.ForEachOps$ForEachOp$OfRef.evaluateSequential(ForEachOps.java:173)
	at java.base/java.util.stream.AbstractPipeline.evaluate(AbstractPipeline.java:234)
	at java.base/java.util.stream.ReferencePipeline.forEach(ReferencePipeline.java:596)
	at java.base/java.util.stream.ReferencePipeline$7$1.accept(ReferencePipeline.java:276)
	at java.base/java.util.ArrayList$ArrayListSpliterator.forEachRemaining(ArrayList.java:1625)
	at java.base/java.util.stream.AbstractPipeline.copyInto(AbstractPipeline.java:509)
	at java.base/java.util.stream.AbstractPipeline.wrapAndCopyInto(AbstractPipeline.java:499)
	at java.base/java.util.stream.ForEachOps$ForEachOp.evaluateSequential(ForEachOps.java:150)
	at java.base/java.util.stream.ForEachOps$ForEachOp$OfRef.evaluateSequential(ForEachOps.java:173)
	at java.base/java.util.stream.AbstractPipeline.evaluate(AbstractPipeline.java:234)
	at java.base/java.util.stream.ReferencePipeline.forEach(ReferencePipeline.java:596)
	at org.junit.jupiter.engine.descriptor.TestTemplateTestDescriptor.execute(TestTemplateTestDescriptor.java:107)
	at org.junit.jupiter.engine.descriptor.TestTemplateTestDescriptor.execute(TestTemplateTestDescriptor.java:42)
	at org.junit.platform.engine.support.hierarchical.NodeTestTask.lambda$executeRecursively$5(NodeTestTask.java:139)
	at org.junit.platform.engine.support.hierarchical.ThrowableCollector.execute(ThrowableCollector.java:73)
	at org.junit.platform.engine.support.hierarchical.NodeTestTask.lambda$executeRecursively$7(NodeTestTask.java:129)
	at org.junit.platform.engine.support.hierarchical.Node.around(Node.java:137)
	at org.junit.platform.engine.support.hierarchical.NodeTestTask.lambda$executeRecursively$8(NodeTestTask.java:127)
	at org.junit.platform.engine.support.hierarchical.ThrowableCollector.execute(ThrowableCollector.java:73)
	at org.junit.platform.engine.support.hierarchical.NodeTestTask.executeRecursively(NodeTestTask.java:126)
	at org.junit.platform.engine.support.hierarchical.NodeTestTask.execute(NodeTestTask.java:84)
	at java.base/java.util.ArrayList.forEach(ArrayList.java:1511)
	at org.junit.platform.engine.support.hierarchical.SameThreadHierarchicalTestExecutorService.invokeAll(SameThreadHierarchicalTestExecutorService.java:38)
	at org.junit.platform.engine.support.hierarchical.NodeTestTask.lambda$executeRecursively$5(NodeTestTask.java:143)
	at org.junit.platform.engine.support.hierarchical.ThrowableCollector.execute(ThrowableCollector.java:73)
	at org.junit.platform.engine.support.hierarchical.NodeTestTask.lambda$executeRecursively$7(NodeTestTask.java:129)
	at org.junit.platform.engine.support.hierarchical.Node.around(Node.java:137)
	at org.junit.platform.engine.support.hierarchical.NodeTestTask.lambda$executeRecursively$8(NodeTestTask.java:127)
	at org.junit.platform.engine.support.hierarchical.ThrowableCollector.execute(ThrowableCollector.java:73)
	at org.junit.platform.engine.support.hierarchical.NodeTestTask.executeRecursively(NodeTestTask.java:126)
	at org.junit.platform.engine.support.hierarchical.NodeTestTask.execute(NodeTestTask.java:84)
	at java.base/java.util.ArrayList.forEach(ArrayList.java:1511)
	at org.junit.platform.engine.support.hierarchical.SameThreadHierarchicalTestExecutorService.invokeAll(SameThreadHierarchicalTestExecutorService.java:38)
	at org.junit.platform.engine.support.hierarchical.NodeTestTask.lambda$executeRecursively$5(NodeTestTask.java:143)
	at org.junit.platform.engine.support.hierarchical.ThrowableCollector.execute(ThrowableCollector.java:73)
	at org.junit.platform.engine.support.hierarchical.NodeTestTask.lambda$executeRecursively$7(NodeTestTask.java:129)
	at org.junit.platform.engine.support.hierarchical.Node.around(Node.java:137)
	at org.junit.platform.engine.support.hierarchical.NodeTestTask.lambda$executeRecursively$8(NodeTestTask.java:127)
	at org.junit.platform.engine.support.hierarchical.ThrowableCollector.execute(ThrowableCollector.java:73)
	at org.junit.platform.engine.support.hierarchical.NodeTestTask.executeRecursively(NodeTestTask.java:126)
	at org.junit.platform.engine.support.hierarchical.NodeTestTask.execute(NodeTestTask.java:84)
	at org.junit.platform.engine.support.hierarchical.SameThreadHierarchicalTestExecutorService.submit(SameThreadHierarchicalTestExecutorService.java:32)
	at org.junit.platform.engine.support.hierarchical.HierarchicalTestExecutor.execute(HierarchicalTestExecutor.java:57)
	at org.junit.platform.engine.support.hierarchical.HierarchicalTestEngine.execute(HierarchicalTestEngine.java:51)
	at org.junit.platform.launcher.core.EngineExecutionOrchestrator.execute(EngineExecutionOrchestrator.java:108)
	at org.junit.platform.launcher.core.EngineExecutionOrchestrator.execute(EngineExecutionOrchestrator.java:88)
	at org.junit.platform.launcher.core.EngineExecutionOrchestrator.lambda$execute$0(EngineExecutionOrchestrator.java:54)
	at org.junit.platform.launcher.core.EngineExecutionOrchestrator.withInterceptedStreams(EngineExecutionOrchestrator.java:67)
	at org.junit.platform.launcher.core.EngineExecutionOrchestrator.execute(EngineExecutionOrchestrator.java:52)
	at org.junit.platform.launcher.core.DefaultLauncher.execute(DefaultLauncher.java:96)
	at org.junit.platform.launcher.core.DefaultLauncher.execute(DefaultLauncher.java:75)
	at org.junit.platform.console.tasks.ConsoleTestExecutor.executeTests(ConsoleTestExecutor.java:66)
	at org.junit.platform.console.tasks.ConsoleTestExecutor.lambda$execute$0(ConsoleTestExecutor.java:58)
	at org.junit.platform.console.tasks.CustomContextClassLoaderExecutor.replaceThreadContextClassLoaderAndInvoke(CustomContextClassLoaderExecutor.java:41)
	at org.junit.platform.console.tasks.CustomContextClassLoaderExecutor.invoke(CustomContextClassLoaderExecutor.java:31)
	at org.junit.platform.console.tasks.ConsoleTestExecutor.execute(ConsoleTestExecutor.java:58)
	at org.junit.platform.console.ConsoleLauncher.executeTests(ConsoleLauncher.java:95)
	at org.junit.platform.console.ConsoleLauncher.execute(ConsoleLauncher.java:73)
	at org.junit.platform.console.ConsoleLauncher.execute(ConsoleLauncher.java:50)
	at org.junit.platform.console.ConsoleLauncher.execute(ConsoleLauncher.java:43)
	at org.junit.platform.console.ConsoleLauncher.main(ConsoleLauncher.java:37)
]]></skipped>
<system-out><![CDATA[
unique-id: [engine:junit-jupiter]/[class:minebayd1.test.TestUser]/[test-template:testprevious(minebayd1.User)]/[test-template-invocation:#69]
display-name: [69] Sonia a 47 annonces ouvertes, 2 annonces fermées et 2 achats 

]]></system-out>
</testcase>
<testcase name="testprevious(User)[70]" classname="minebayd1.test.TestUser" time="0">
<skipped><![CDATA[org.opentest4j.TestAbortedException: Assumption failed: assumption is not true
	at org.junit.jupiter.api.Assumptions.throwTestAbortedException(Assumptions.java:256)
	at org.junit.jupiter.api.Assumptions.assumeTrue(Assumptions.java:115)
	at org.junit.jupiter.api.Assumptions.assumeTrue(Assumptions.java:66)
	at minebayd1.test.TestUser.testprevious(TestUser.java:1288)
	at jdk.internal.reflect.GeneratedMethodAccessor15.invoke(Unknown Source)
	at java.base/jdk.internal.reflect.DelegatingMethodAccessorImpl.invoke(DelegatingMethodAccessorImpl.java:43)
	at java.base/java.lang.reflect.Method.invoke(Method.java:569)
	at org.junit.platform.commons.util.ReflectionUtils.invokeMethod(ReflectionUtils.java:688)
	at org.junit.jupiter.engine.execution.MethodInvocation.proceed(MethodInvocation.java:60)
	at org.junit.jupiter.engine.execution.InvocationInterceptorChain$ValidatingInvocation.proceed(InvocationInterceptorChain.java:131)
	at org.junit.jupiter.engine.extension.TimeoutExtension.intercept(TimeoutExtension.java:149)
	at org.junit.jupiter.engine.extension.TimeoutExtension.interceptTestableMethod(TimeoutExtension.java:140)
	at org.junit.jupiter.engine.extension.TimeoutExtension.interceptTestTemplateMethod(TimeoutExtension.java:92)
	at org.junit.jupiter.engine.execution.ExecutableInvoker$ReflectiveInterceptorCall.lambda$ofVoidMethod$0(ExecutableInvoker.java:115)
	at org.junit.jupiter.engine.execution.ExecutableInvoker.lambda$invoke$0(ExecutableInvoker.java:105)
	at org.junit.jupiter.engine.execution.InvocationInterceptorChain$InterceptedInvocation.proceed(InvocationInterceptorChain.java:106)
	at org.junit.jupiter.engine.execution.InvocationInterceptorChain.proceed(InvocationInterceptorChain.java:64)
	at org.junit.jupiter.engine.execution.InvocationInterceptorChain.chainAndInvoke(InvocationInterceptorChain.java:45)
	at org.junit.jupiter.engine.execution.InvocationInterceptorChain.invoke(InvocationInterceptorChain.java:37)
	at org.junit.jupiter.engine.execution.ExecutableInvoker.invoke(ExecutableInvoker.java:104)
	at org.junit.jupiter.engine.execution.ExecutableInvoker.invoke(ExecutableInvoker.java:98)
	at org.junit.jupiter.engine.descriptor.TestMethodTestDescriptor.lambda$invokeTestMethod$6(TestMethodTestDescriptor.java:210)
	at org.junit.platform.engine.support.hierarchical.ThrowableCollector.execute(ThrowableCollector.java:73)
	at org.junit.jupiter.engine.descriptor.TestMethodTestDescriptor.invokeTestMethod(TestMethodTestDescriptor.java:206)
	at org.junit.jupiter.engine.descriptor.TestMethodTestDescriptor.execute(TestMethodTestDescriptor.java:131)
	at org.junit.jupiter.engine.descriptor.TestMethodTestDescriptor.execute(TestMethodTestDescriptor.java:65)
	at org.junit.platform.engine.support.hierarchical.NodeTestTask.lambda$executeRecursively$5(NodeTestTask.java:139)
	at org.junit.platform.engine.support.hierarchical.ThrowableCollector.execute(ThrowableCollector.java:73)
	at org.junit.platform.engine.support.hierarchical.NodeTestTask.lambda$executeRecursively$7(NodeTestTask.java:129)
	at org.junit.platform.engine.support.hierarchical.Node.around(Node.java:137)
	at org.junit.platform.engine.support.hierarchical.NodeTestTask.lambda$executeRecursively$8(NodeTestTask.java:127)
	at org.junit.platform.engine.support.hierarchical.ThrowableCollector.execute(ThrowableCollector.java:73)
	at org.junit.platform.engine.support.hierarchical.NodeTestTask.executeRecursively(NodeTestTask.java:126)
	at org.junit.platform.engine.support.hierarchical.NodeTestTask.execute(NodeTestTask.java:84)
	at org.junit.platform.engine.support.hierarchical.SameThreadHierarchicalTestExecutorService.submit(SameThreadHierarchicalTestExecutorService.java:32)
	at org.junit.platform.engine.support.hierarchical.NodeTestTask$DefaultDynamicTestExecutor.execute(NodeTestTask.java:212)
	at org.junit.platform.engine.support.hierarchical.NodeTestTask$DefaultDynamicTestExecutor.execute(NodeTestTask.java:192)
	at org.junit.jupiter.engine.descriptor.TestTemplateTestDescriptor.execute(TestTemplateTestDescriptor.java:139)
	at org.junit.jupiter.engine.descriptor.TestTemplateTestDescriptor.lambda$execute$2(TestTemplateTestDescriptor.java:107)
	at java.base/java.util.stream.ForEachOps$ForEachOp$OfRef.accept(ForEachOps.java:183)
	at java.base/java.util.stream.ReferencePipeline$3$1.accept(ReferencePipeline.java:197)
	at java.base/java.util.stream.ReferencePipeline$2$1.accept(ReferencePipeline.java:179)
	at java.base/java.util.stream.ReferencePipeline$3$1.accept(ReferencePipeline.java:197)
	at java.base/java.util.stream.ForEachOps$ForEachOp$OfRef.accept(ForEachOps.java:183)
	at java.base/java.util.stream.ReferencePipeline$15$1.accept(ReferencePipeline.java:541)
	at java.base/java.util.stream.ReferencePipeline$3$1.accept(ReferencePipeline.java:197)
	at java.base/java.util.stream.ReferencePipeline$3$1.accept(ReferencePipeline.java:197)
	at java.base/java.util.stream.ReferencePipeline$3$1.accept(ReferencePipeline.java:197)
	at java.base/java.util.stream.ForEachOps$ForEachOp$OfRef.accept(ForEachOps.java:183)
	at java.base/java.util.stream.ReferencePipeline$3$1.accept(ReferencePipeline.java:197)
	at java.base/java.util.stream.ForEachOps$ForEachOp$OfRef.accept(ForEachOps.java:183)
	at java.base/java.util.stream.SliceOps$1$1.accept(SliceOps.java:200)
	at java.base/java.util.stream.StreamSpliterators$InfiniteSupplyingSpliterator$OfRef.tryAdvance(StreamSpliterators.java:1358)
	at java.base/java.util.stream.ReferencePipeline.forEachWithCancel(ReferencePipeline.java:129)
	at java.base/java.util.stream.AbstractPipeline.copyIntoWithCancel(AbstractPipeline.java:527)
	at java.base/java.util.stream.AbstractPipeline.copyInto(AbstractPipeline.java:513)
	at java.base/java.util.stream.AbstractPipeline.wrapAndCopyInto(AbstractPipeline.java:499)
	at java.base/java.util.stream.ForEachOps$ForEachOp.evaluateSequential(ForEachOps.java:150)
	at java.base/java.util.stream.ForEachOps$ForEachOp$OfRef.evaluateSequential(ForEachOps.java:173)
	at java.base/java.util.stream.AbstractPipeline.evaluate(AbstractPipeline.java:234)
	at java.base/java.util.stream.ReferencePipeline.forEach(ReferencePipeline.java:596)
	at java.base/java.util.stream.ReferencePipeline$7$1.accept(ReferencePipeline.java:276)
	at java.base/java.util.stream.ReferencePipeline$3$1.accept(ReferencePipeline.java:197)
	at java.base/java.util.stream.ReferencePipeline$3$1.accept(ReferencePipeline.java:197)
	at java.base/java.util.Spliterators$ArraySpliterator.forEachRemaining(Spliterators.java:992)
	at java.base/java.util.stream.AbstractPipeline.copyInto(AbstractPipeline.java:509)
	at java.base/java.util.stream.AbstractPipeline.wrapAndCopyInto(AbstractPipeline.java:499)
	at java.base/java.util.stream.ForEachOps$ForEachOp.evaluateSequential(ForEachOps.java:150)
	at java.base/java.util.stream.ForEachOps$ForEachOp$OfRef.evaluateSequential(ForEachOps.java:173)
	at java.base/java.util.stream.AbstractPipeline.evaluate(AbstractPipeline.java:234)
	at java.base/java.util.stream.ReferencePipeline.forEach(ReferencePipeline.java:596)
	at java.base/java.util.stream.ReferencePipeline$7$1.accept(ReferencePipeline.java:276)
	at java.base/java.util.stream.ReferencePipeline$3$1.accept(ReferencePipeline.java:197)
	at java.base/java.util.stream.ReferencePipeline$3$1.accept(ReferencePipeline.java:197)
	at java.base/java.util.stream.ReferencePipeline$3$1.accept(ReferencePipeline.java:197)
	at java.base/java.util.ArrayList$ArrayListSpliterator.forEachRemaining(ArrayList.java:1625)
	at java.base/java.util.stream.AbstractPipeline.copyInto(AbstractPipeline.java:509)
	at java.base/java.util.stream.AbstractPipeline.wrapAndCopyInto(AbstractPipeline.java:499)
	at java.base/java.util.stream.ForEachOps$ForEachOp.evaluateSequential(ForEachOps.java:150)
	at java.base/java.util.stream.ForEachOps$ForEachOp$OfRef.evaluateSequential(ForEachOps.java:173)
	at java.base/java.util.stream.AbstractPipeline.evaluate(AbstractPipeline.java:234)
	at java.base/java.util.stream.ReferencePipeline.forEach(ReferencePipeline.java:596)
	at java.base/java.util.stream.ReferencePipeline$7$1.accept(ReferencePipeline.java:276)
	at java.base/java.util.ArrayList$ArrayListSpliterator.forEachRemaining(ArrayList.java:1625)
	at java.base/java.util.stream.AbstractPipeline.copyInto(AbstractPipeline.java:509)
	at java.base/java.util.stream.AbstractPipeline.wrapAndCopyInto(AbstractPipeline.java:499)
	at java.base/java.util.stream.ForEachOps$ForEachOp.evaluateSequential(ForEachOps.java:150)
	at java.base/java.util.stream.ForEachOps$ForEachOp$OfRef.evaluateSequential(ForEachOps.java:173)
	at java.base/java.util.stream.AbstractPipeline.evaluate(AbstractPipeline.java:234)
	at java.base/java.util.stream.ReferencePipeline.forEach(ReferencePipeline.java:596)
	at org.junit.jupiter.engine.descriptor.TestTemplateTestDescriptor.execute(TestTemplateTestDescriptor.java:107)
	at org.junit.jupiter.engine.descriptor.TestTemplateTestDescriptor.execute(TestTemplateTestDescriptor.java:42)
	at org.junit.platform.engine.support.hierarchical.NodeTestTask.lambda$executeRecursively$5(NodeTestTask.java:139)
	at org.junit.platform.engine.support.hierarchical.ThrowableCollector.execute(ThrowableCollector.java:73)
	at org.junit.platform.engine.support.hierarchical.NodeTestTask.lambda$executeRecursively$7(NodeTestTask.java:129)
	at org.junit.platform.engine.support.hierarchical.Node.around(Node.java:137)
	at org.junit.platform.engine.support.hierarchical.NodeTestTask.lambda$executeRecursively$8(NodeTestTask.java:127)
	at org.junit.platform.engine.support.hierarchical.ThrowableCollector.execute(ThrowableCollector.java:73)
	at org.junit.platform.engine.support.hierarchical.NodeTestTask.executeRecursively(NodeTestTask.java:126)
	at org.junit.platform.engine.support.hierarchical.NodeTestTask.execute(NodeTestTask.java:84)
	at java.base/java.util.ArrayList.forEach(ArrayList.java:1511)
	at org.junit.platform.engine.support.hierarchical.SameThreadHierarchicalTestExecutorService.invokeAll(SameThreadHierarchicalTestExecutorService.java:38)
	at org.junit.platform.engine.support.hierarchical.NodeTestTask.lambda$executeRecursively$5(NodeTestTask.java:143)
	at org.junit.platform.engine.support.hierarchical.ThrowableCollector.execute(ThrowableCollector.java:73)
	at org.junit.platform.engine.support.hierarchical.NodeTestTask.lambda$executeRecursively$7(NodeTestTask.java:129)
	at org.junit.platform.engine.support.hierarchical.Node.around(Node.java:137)
	at org.junit.platform.engine.support.hierarchical.NodeTestTask.lambda$executeRecursively$8(NodeTestTask.java:127)
	at org.junit.platform.engine.support.hierarchical.ThrowableCollector.execute(ThrowableCollector.java:73)
	at org.junit.platform.engine.support.hierarchical.NodeTestTask.executeRecursively(NodeTestTask.java:126)
	at org.junit.platform.engine.support.hierarchical.NodeTestTask.execute(NodeTestTask.java:84)
	at java.base/java.util.ArrayList.forEach(ArrayList.java:1511)
	at org.junit.platform.engine.support.hierarchical.SameThreadHierarchicalTestExecutorService.invokeAll(SameThreadHierarchicalTestExecutorService.java:38)
	at org.junit.platform.engine.support.hierarchical.NodeTestTask.lambda$executeRecursively$5(NodeTestTask.java:143)
	at org.junit.platform.engine.support.hierarchical.ThrowableCollector.execute(ThrowableCollector.java:73)
	at org.junit.platform.engine.support.hierarchical.NodeTestTask.lambda$executeRecursively$7(NodeTestTask.java:129)
	at org.junit.platform.engine.support.hierarchical.Node.around(Node.java:137)
	at org.junit.platform.engine.support.hierarchical.NodeTestTask.lambda$executeRecursively$8(NodeTestTask.java:127)
	at org.junit.platform.engine.support.hierarchical.ThrowableCollector.execute(ThrowableCollector.java:73)
	at org.junit.platform.engine.support.hierarchical.NodeTestTask.executeRecursively(NodeTestTask.java:126)
	at org.junit.platform.engine.support.hierarchical.NodeTestTask.execute(NodeTestTask.java:84)
	at org.junit.platform.engine.support.hierarchical.SameThreadHierarchicalTestExecutorService.submit(SameThreadHierarchicalTestExecutorService.java:32)
	at org.junit.platform.engine.support.hierarchical.HierarchicalTestExecutor.execute(HierarchicalTestExecutor.java:57)
	at org.junit.platform.engine.support.hierarchical.HierarchicalTestEngine.execute(HierarchicalTestEngine.java:51)
	at org.junit.platform.launcher.core.EngineExecutionOrchestrator.execute(EngineExecutionOrchestrator.java:108)
	at org.junit.platform.launcher.core.EngineExecutionOrchestrator.execute(EngineExecutionOrchestrator.java:88)
	at org.junit.platform.launcher.core.EngineExecutionOrchestrator.lambda$execute$0(EngineExecutionOrchestrator.java:54)
	at org.junit.platform.launcher.core.EngineExecutionOrchestrator.withInterceptedStreams(EngineExecutionOrchestrator.java:67)
	at org.junit.platform.launcher.core.EngineExecutionOrchestrator.execute(EngineExecutionOrchestrator.java:52)
	at org.junit.platform.launcher.core.DefaultLauncher.execute(DefaultLauncher.java:96)
	at org.junit.platform.launcher.core.DefaultLauncher.execute(DefaultLauncher.java:75)
	at org.junit.platform.console.tasks.ConsoleTestExecutor.executeTests(ConsoleTestExecutor.java:66)
	at org.junit.platform.console.tasks.ConsoleTestExecutor.lambda$execute$0(ConsoleTestExecutor.java:58)
	at org.junit.platform.console.tasks.CustomContextClassLoaderExecutor.replaceThreadContextClassLoaderAndInvoke(CustomContextClassLoaderExecutor.java:41)
	at org.junit.platform.console.tasks.CustomContextClassLoaderExecutor.invoke(CustomContextClassLoaderExecutor.java:31)
	at org.junit.platform.console.tasks.ConsoleTestExecutor.execute(ConsoleTestExecutor.java:58)
	at org.junit.platform.console.ConsoleLauncher.executeTests(ConsoleLauncher.java:95)
	at org.junit.platform.console.ConsoleLauncher.execute(ConsoleLauncher.java:73)
	at org.junit.platform.console.ConsoleLauncher.execute(ConsoleLauncher.java:50)
	at org.junit.platform.console.ConsoleLauncher.execute(ConsoleLauncher.java:43)
	at org.junit.platform.console.ConsoleLauncher.main(ConsoleLauncher.java:37)
]]></skipped>
<system-out><![CDATA[
unique-id: [engine:junit-jupiter]/[class:minebayd1.test.TestUser]/[test-template:testprevious(minebayd1.User)]/[test-template-invocation:#70]
display-name: [70] Lisa a 45 annonces ouvertes, 4 annonces fermées et 3 achats 

]]></system-out>
</testcase>
<testcase name="testprevious(User)[71]" classname="minebayd1.test.TestUser" time="0">
<skipped><![CDATA[org.opentest4j.TestAbortedException: Assumption failed: assumption is not true
	at org.junit.jupiter.api.Assumptions.throwTestAbortedException(Assumptions.java:256)
	at org.junit.jupiter.api.Assumptions.assumeTrue(Assumptions.java:115)
	at org.junit.jupiter.api.Assumptions.assumeTrue(Assumptions.java:66)
	at minebayd1.test.TestUser.testprevious(TestUser.java:1288)
	at jdk.internal.reflect.GeneratedMethodAccessor15.invoke(Unknown Source)
	at java.base/jdk.internal.reflect.DelegatingMethodAccessorImpl.invoke(DelegatingMethodAccessorImpl.java:43)
	at java.base/java.lang.reflect.Method.invoke(Method.java:569)
	at org.junit.platform.commons.util.ReflectionUtils.invokeMethod(ReflectionUtils.java:688)
	at org.junit.jupiter.engine.execution.MethodInvocation.proceed(MethodInvocation.java:60)
	at org.junit.jupiter.engine.execution.InvocationInterceptorChain$ValidatingInvocation.proceed(InvocationInterceptorChain.java:131)
	at org.junit.jupiter.engine.extension.TimeoutExtension.intercept(TimeoutExtension.java:149)
	at org.junit.jupiter.engine.extension.TimeoutExtension.interceptTestableMethod(TimeoutExtension.java:140)
	at org.junit.jupiter.engine.extension.TimeoutExtension.interceptTestTemplateMethod(TimeoutExtension.java:92)
	at org.junit.jupiter.engine.execution.ExecutableInvoker$ReflectiveInterceptorCall.lambda$ofVoidMethod$0(ExecutableInvoker.java:115)
	at org.junit.jupiter.engine.execution.ExecutableInvoker.lambda$invoke$0(ExecutableInvoker.java:105)
	at org.junit.jupiter.engine.execution.InvocationInterceptorChain$InterceptedInvocation.proceed(InvocationInterceptorChain.java:106)
	at org.junit.jupiter.engine.execution.InvocationInterceptorChain.proceed(InvocationInterceptorChain.java:64)
	at org.junit.jupiter.engine.execution.InvocationInterceptorChain.chainAndInvoke(InvocationInterceptorChain.java:45)
	at org.junit.jupiter.engine.execution.InvocationInterceptorChain.invoke(InvocationInterceptorChain.java:37)
	at org.junit.jupiter.engine.execution.ExecutableInvoker.invoke(ExecutableInvoker.java:104)
	at org.junit.jupiter.engine.execution.ExecutableInvoker.invoke(ExecutableInvoker.java:98)
	at org.junit.jupiter.engine.descriptor.TestMethodTestDescriptor.lambda$invokeTestMethod$6(TestMethodTestDescriptor.java:210)
	at org.junit.platform.engine.support.hierarchical.ThrowableCollector.execute(ThrowableCollector.java:73)
	at org.junit.jupiter.engine.descriptor.TestMethodTestDescriptor.invokeTestMethod(TestMethodTestDescriptor.java:206)
	at org.junit.jupiter.engine.descriptor.TestMethodTestDescriptor.execute(TestMethodTestDescriptor.java:131)
	at org.junit.jupiter.engine.descriptor.TestMethodTestDescriptor.execute(TestMethodTestDescriptor.java:65)
	at org.junit.platform.engine.support.hierarchical.NodeTestTask.lambda$executeRecursively$5(NodeTestTask.java:139)
	at org.junit.platform.engine.support.hierarchical.ThrowableCollector.execute(ThrowableCollector.java:73)
	at org.junit.platform.engine.support.hierarchical.NodeTestTask.lambda$executeRecursively$7(NodeTestTask.java:129)
	at org.junit.platform.engine.support.hierarchical.Node.around(Node.java:137)
	at org.junit.platform.engine.support.hierarchical.NodeTestTask.lambda$executeRecursively$8(NodeTestTask.java:127)
	at org.junit.platform.engine.support.hierarchical.ThrowableCollector.execute(ThrowableCollector.java:73)
	at org.junit.platform.engine.support.hierarchical.NodeTestTask.executeRecursively(NodeTestTask.java:126)
	at org.junit.platform.engine.support.hierarchical.NodeTestTask.execute(NodeTestTask.java:84)
	at org.junit.platform.engine.support.hierarchical.SameThreadHierarchicalTestExecutorService.submit(SameThreadHierarchicalTestExecutorService.java:32)
	at org.junit.platform.engine.support.hierarchical.NodeTestTask$DefaultDynamicTestExecutor.execute(NodeTestTask.java:212)
	at org.junit.platform.engine.support.hierarchical.NodeTestTask$DefaultDynamicTestExecutor.execute(NodeTestTask.java:192)
	at org.junit.jupiter.engine.descriptor.TestTemplateTestDescriptor.execute(TestTemplateTestDescriptor.java:139)
	at org.junit.jupiter.engine.descriptor.TestTemplateTestDescriptor.lambda$execute$2(TestTemplateTestDescriptor.java:107)
	at java.base/java.util.stream.ForEachOps$ForEachOp$OfRef.accept(ForEachOps.java:183)
	at java.base/java.util.stream.ReferencePipeline$3$1.accept(ReferencePipeline.java:197)
	at java.base/java.util.stream.ReferencePipeline$2$1.accept(ReferencePipeline.java:179)
	at java.base/java.util.stream.ReferencePipeline$3$1.accept(ReferencePipeline.java:197)
	at java.base/java.util.stream.ForEachOps$ForEachOp$OfRef.accept(ForEachOps.java:183)
	at java.base/java.util.stream.ReferencePipeline$15$1.accept(ReferencePipeline.java:541)
	at java.base/java.util.stream.ReferencePipeline$3$1.accept(ReferencePipeline.java:197)
	at java.base/java.util.stream.ReferencePipeline$3$1.accept(ReferencePipeline.java:197)
	at java.base/java.util.stream.ReferencePipeline$3$1.accept(ReferencePipeline.java:197)
	at java.base/java.util.stream.ForEachOps$ForEachOp$OfRef.accept(ForEachOps.java:183)
	at java.base/java.util.stream.ReferencePipeline$3$1.accept(ReferencePipeline.java:197)
	at java.base/java.util.stream.ForEachOps$ForEachOp$OfRef.accept(ForEachOps.java:183)
	at java.base/java.util.stream.SliceOps$1$1.accept(SliceOps.java:200)
	at java.base/java.util.stream.StreamSpliterators$InfiniteSupplyingSpliterator$OfRef.tryAdvance(StreamSpliterators.java:1358)
	at java.base/java.util.stream.ReferencePipeline.forEachWithCancel(ReferencePipeline.java:129)
	at java.base/java.util.stream.AbstractPipeline.copyIntoWithCancel(AbstractPipeline.java:527)
	at java.base/java.util.stream.AbstractPipeline.copyInto(AbstractPipeline.java:513)
	at java.base/java.util.stream.AbstractPipeline.wrapAndCopyInto(AbstractPipeline.java:499)
	at java.base/java.util.stream.ForEachOps$ForEachOp.evaluateSequential(ForEachOps.java:150)
	at java.base/java.util.stream.ForEachOps$ForEachOp$OfRef.evaluateSequential(ForEachOps.java:173)
	at java.base/java.util.stream.AbstractPipeline.evaluate(AbstractPipeline.java:234)
	at java.base/java.util.stream.ReferencePipeline.forEach(ReferencePipeline.java:596)
	at java.base/java.util.stream.ReferencePipeline$7$1.accept(ReferencePipeline.java:276)
	at java.base/java.util.stream.ReferencePipeline$3$1.accept(ReferencePipeline.java:197)
	at java.base/java.util.stream.ReferencePipeline$3$1.accept(ReferencePipeline.java:197)
	at java.base/java.util.Spliterators$ArraySpliterator.forEachRemaining(Spliterators.java:992)
	at java.base/java.util.stream.AbstractPipeline.copyInto(AbstractPipeline.java:509)
	at java.base/java.util.stream.AbstractPipeline.wrapAndCopyInto(AbstractPipeline.java:499)
	at java.base/java.util.stream.ForEachOps$ForEachOp.evaluateSequential(ForEachOps.java:150)
	at java.base/java.util.stream.ForEachOps$ForEachOp$OfRef.evaluateSequential(ForEachOps.java:173)
	at java.base/java.util.stream.AbstractPipeline.evaluate(AbstractPipeline.java:234)
	at java.base/java.util.stream.ReferencePipeline.forEach(ReferencePipeline.java:596)
	at java.base/java.util.stream.ReferencePipeline$7$1.accept(ReferencePipeline.java:276)
	at java.base/java.util.stream.ReferencePipeline$3$1.accept(ReferencePipeline.java:197)
	at java.base/java.util.stream.ReferencePipeline$3$1.accept(ReferencePipeline.java:197)
	at java.base/java.util.stream.ReferencePipeline$3$1.accept(ReferencePipeline.java:197)
	at java.base/java.util.ArrayList$ArrayListSpliterator.forEachRemaining(ArrayList.java:1625)
	at java.base/java.util.stream.AbstractPipeline.copyInto(AbstractPipeline.java:509)
	at java.base/java.util.stream.AbstractPipeline.wrapAndCopyInto(AbstractPipeline.java:499)
	at java.base/java.util.stream.ForEachOps$ForEachOp.evaluateSequential(ForEachOps.java:150)
	at java.base/java.util.stream.ForEachOps$ForEachOp$OfRef.evaluateSequential(ForEachOps.java:173)
	at java.base/java.util.stream.AbstractPipeline.evaluate(AbstractPipeline.java:234)
	at java.base/java.util.stream.ReferencePipeline.forEach(ReferencePipeline.java:596)
	at java.base/java.util.stream.ReferencePipeline$7$1.accept(ReferencePipeline.java:276)
	at java.base/java.util.ArrayList$ArrayListSpliterator.forEachRemaining(ArrayList.java:1625)
	at java.base/java.util.stream.AbstractPipeline.copyInto(AbstractPipeline.java:509)
	at java.base/java.util.stream.AbstractPipeline.wrapAndCopyInto(AbstractPipeline.java:499)
	at java.base/java.util.stream.ForEachOps$ForEachOp.evaluateSequential(ForEachOps.java:150)
	at java.base/java.util.stream.ForEachOps$ForEachOp$OfRef.evaluateSequential(ForEachOps.java:173)
	at java.base/java.util.stream.AbstractPipeline.evaluate(AbstractPipeline.java:234)
	at java.base/java.util.stream.ReferencePipeline.forEach(ReferencePipeline.java:596)
	at org.junit.jupiter.engine.descriptor.TestTemplateTestDescriptor.execute(TestTemplateTestDescriptor.java:107)
	at org.junit.jupiter.engine.descriptor.TestTemplateTestDescriptor.execute(TestTemplateTestDescriptor.java:42)
	at org.junit.platform.engine.support.hierarchical.NodeTestTask.lambda$executeRecursively$5(NodeTestTask.java:139)
	at org.junit.platform.engine.support.hierarchical.ThrowableCollector.execute(ThrowableCollector.java:73)
	at org.junit.platform.engine.support.hierarchical.NodeTestTask.lambda$executeRecursively$7(NodeTestTask.java:129)
	at org.junit.platform.engine.support.hierarchical.Node.around(Node.java:137)
	at org.junit.platform.engine.support.hierarchical.NodeTestTask.lambda$executeRecursively$8(NodeTestTask.java:127)
	at org.junit.platform.engine.support.hierarchical.ThrowableCollector.execute(ThrowableCollector.java:73)
	at org.junit.platform.engine.support.hierarchical.NodeTestTask.executeRecursively(NodeTestTask.java:126)
	at org.junit.platform.engine.support.hierarchical.NodeTestTask.execute(NodeTestTask.java:84)
	at java.base/java.util.ArrayList.forEach(ArrayList.java:1511)
	at org.junit.platform.engine.support.hierarchical.SameThreadHierarchicalTestExecutorService.invokeAll(SameThreadHierarchicalTestExecutorService.java:38)
	at org.junit.platform.engine.support.hierarchical.NodeTestTask.lambda$executeRecursively$5(NodeTestTask.java:143)
	at org.junit.platform.engine.support.hierarchical.ThrowableCollector.execute(ThrowableCollector.java:73)
	at org.junit.platform.engine.support.hierarchical.NodeTestTask.lambda$executeRecursively$7(NodeTestTask.java:129)
	at org.junit.platform.engine.support.hierarchical.Node.around(Node.java:137)
	at org.junit.platform.engine.support.hierarchical.NodeTestTask.lambda$executeRecursively$8(NodeTestTask.java:127)
	at org.junit.platform.engine.support.hierarchical.ThrowableCollector.execute(ThrowableCollector.java:73)
	at org.junit.platform.engine.support.hierarchical.NodeTestTask.executeRecursively(NodeTestTask.java:126)
	at org.junit.platform.engine.support.hierarchical.NodeTestTask.execute(NodeTestTask.java:84)
	at java.base/java.util.ArrayList.forEach(ArrayList.java:1511)
	at org.junit.platform.engine.support.hierarchical.SameThreadHierarchicalTestExecutorService.invokeAll(SameThreadHierarchicalTestExecutorService.java:38)
	at org.junit.platform.engine.support.hierarchical.NodeTestTask.lambda$executeRecursively$5(NodeTestTask.java:143)
	at org.junit.platform.engine.support.hierarchical.ThrowableCollector.execute(ThrowableCollector.java:73)
	at org.junit.platform.engine.support.hierarchical.NodeTestTask.lambda$executeRecursively$7(NodeTestTask.java:129)
	at org.junit.platform.engine.support.hierarchical.Node.around(Node.java:137)
	at org.junit.platform.engine.support.hierarchical.NodeTestTask.lambda$executeRecursively$8(NodeTestTask.java:127)
	at org.junit.platform.engine.support.hierarchical.ThrowableCollector.execute(ThrowableCollector.java:73)
	at org.junit.platform.engine.support.hierarchical.NodeTestTask.executeRecursively(NodeTestTask.java:126)
	at org.junit.platform.engine.support.hierarchical.NodeTestTask.execute(NodeTestTask.java:84)
	at org.junit.platform.engine.support.hierarchical.SameThreadHierarchicalTestExecutorService.submit(SameThreadHierarchicalTestExecutorService.java:32)
	at org.junit.platform.engine.support.hierarchical.HierarchicalTestExecutor.execute(HierarchicalTestExecutor.java:57)
	at org.junit.platform.engine.support.hierarchical.HierarchicalTestEngine.execute(HierarchicalTestEngine.java:51)
	at org.junit.platform.launcher.core.EngineExecutionOrchestrator.execute(EngineExecutionOrchestrator.java:108)
	at org.junit.platform.launcher.core.EngineExecutionOrchestrator.execute(EngineExecutionOrchestrator.java:88)
	at org.junit.platform.launcher.core.EngineExecutionOrchestrator.lambda$execute$0(EngineExecutionOrchestrator.java:54)
	at org.junit.platform.launcher.core.EngineExecutionOrchestrator.withInterceptedStreams(EngineExecutionOrchestrator.java:67)
	at org.junit.platform.launcher.core.EngineExecutionOrchestrator.execute(EngineExecutionOrchestrator.java:52)
	at org.junit.platform.launcher.core.DefaultLauncher.execute(DefaultLauncher.java:96)
	at org.junit.platform.launcher.core.DefaultLauncher.execute(DefaultLauncher.java:75)
	at org.junit.platform.console.tasks.ConsoleTestExecutor.executeTests(ConsoleTestExecutor.java:66)
	at org.junit.platform.console.tasks.ConsoleTestExecutor.lambda$execute$0(ConsoleTestExecutor.java:58)
	at org.junit.platform.console.tasks.CustomContextClassLoaderExecutor.replaceThreadContextClassLoaderAndInvoke(CustomContextClassLoaderExecutor.java:41)
	at org.junit.platform.console.tasks.CustomContextClassLoaderExecutor.invoke(CustomContextClassLoaderExecutor.java:31)
	at org.junit.platform.console.tasks.ConsoleTestExecutor.execute(ConsoleTestExecutor.java:58)
	at org.junit.platform.console.ConsoleLauncher.executeTests(ConsoleLauncher.java:95)
	at org.junit.platform.console.ConsoleLauncher.execute(ConsoleLauncher.java:73)
	at org.junit.platform.console.ConsoleLauncher.execute(ConsoleLauncher.java:50)
	at org.junit.platform.console.ConsoleLauncher.execute(ConsoleLauncher.java:43)
	at org.junit.platform.console.ConsoleLauncher.main(ConsoleLauncher.java:37)
]]></skipped>
<system-out><![CDATA[
unique-id: [engine:junit-jupiter]/[class:minebayd1.test.TestUser]/[test-template:testprevious(minebayd1.User)]/[test-template-invocation:#71]
display-name: [71] Chanez a 57 annonces ouvertes, 2 annonces fermées et 1 achats 

]]></system-out>
</testcase>
<testcase name="testprevious(User)[72]" classname="minebayd1.test.TestUser" time="0">
<system-out><![CDATA[
unique-id: [engine:junit-jupiter]/[class:minebayd1.test.TestUser]/[test-template:testprevious(minebayd1.User)]/[test-template-invocation:#72]
display-name: [72] Adam a 49 annonces ouvertes, 3 annonces fermées et 3 achats 

]]></system-out>
</testcase>
<testcase name="testprevious(User)[73]" classname="minebayd1.test.TestUser" time="0">
<skipped><![CDATA[org.opentest4j.TestAbortedException: Assumption failed: assumption is not true
	at org.junit.jupiter.api.Assumptions.throwTestAbortedException(Assumptions.java:256)
	at org.junit.jupiter.api.Assumptions.assumeTrue(Assumptions.java:115)
	at org.junit.jupiter.api.Assumptions.assumeTrue(Assumptions.java:66)
	at minebayd1.test.TestUser.testprevious(TestUser.java:1288)
	at jdk.internal.reflect.GeneratedMethodAccessor15.invoke(Unknown Source)
	at java.base/jdk.internal.reflect.DelegatingMethodAccessorImpl.invoke(DelegatingMethodAccessorImpl.java:43)
	at java.base/java.lang.reflect.Method.invoke(Method.java:569)
	at org.junit.platform.commons.util.ReflectionUtils.invokeMethod(ReflectionUtils.java:688)
	at org.junit.jupiter.engine.execution.MethodInvocation.proceed(MethodInvocation.java:60)
	at org.junit.jupiter.engine.execution.InvocationInterceptorChain$ValidatingInvocation.proceed(InvocationInterceptorChain.java:131)
	at org.junit.jupiter.engine.extension.TimeoutExtension.intercept(TimeoutExtension.java:149)
	at org.junit.jupiter.engine.extension.TimeoutExtension.interceptTestableMethod(TimeoutExtension.java:140)
	at org.junit.jupiter.engine.extension.TimeoutExtension.interceptTestTemplateMethod(TimeoutExtension.java:92)
	at org.junit.jupiter.engine.execution.ExecutableInvoker$ReflectiveInterceptorCall.lambda$ofVoidMethod$0(ExecutableInvoker.java:115)
	at org.junit.jupiter.engine.execution.ExecutableInvoker.lambda$invoke$0(ExecutableInvoker.java:105)
	at org.junit.jupiter.engine.execution.InvocationInterceptorChain$InterceptedInvocation.proceed(InvocationInterceptorChain.java:106)
	at org.junit.jupiter.engine.execution.InvocationInterceptorChain.proceed(InvocationInterceptorChain.java:64)
	at org.junit.jupiter.engine.execution.InvocationInterceptorChain.chainAndInvoke(InvocationInterceptorChain.java:45)
	at org.junit.jupiter.engine.execution.InvocationInterceptorChain.invoke(InvocationInterceptorChain.java:37)
	at org.junit.jupiter.engine.execution.ExecutableInvoker.invoke(ExecutableInvoker.java:104)
	at org.junit.jupiter.engine.execution.ExecutableInvoker.invoke(ExecutableInvoker.java:98)
	at org.junit.jupiter.engine.descriptor.TestMethodTestDescriptor.lambda$invokeTestMethod$6(TestMethodTestDescriptor.java:210)
	at org.junit.platform.engine.support.hierarchical.ThrowableCollector.execute(ThrowableCollector.java:73)
	at org.junit.jupiter.engine.descriptor.TestMethodTestDescriptor.invokeTestMethod(TestMethodTestDescriptor.java:206)
	at org.junit.jupiter.engine.descriptor.TestMethodTestDescriptor.execute(TestMethodTestDescriptor.java:131)
	at org.junit.jupiter.engine.descriptor.TestMethodTestDescriptor.execute(TestMethodTestDescriptor.java:65)
	at org.junit.platform.engine.support.hierarchical.NodeTestTask.lambda$executeRecursively$5(NodeTestTask.java:139)
	at org.junit.platform.engine.support.hierarchical.ThrowableCollector.execute(ThrowableCollector.java:73)
	at org.junit.platform.engine.support.hierarchical.NodeTestTask.lambda$executeRecursively$7(NodeTestTask.java:129)
	at org.junit.platform.engine.support.hierarchical.Node.around(Node.java:137)
	at org.junit.platform.engine.support.hierarchical.NodeTestTask.lambda$executeRecursively$8(NodeTestTask.java:127)
	at org.junit.platform.engine.support.hierarchical.ThrowableCollector.execute(ThrowableCollector.java:73)
	at org.junit.platform.engine.support.hierarchical.NodeTestTask.executeRecursively(NodeTestTask.java:126)
	at org.junit.platform.engine.support.hierarchical.NodeTestTask.execute(NodeTestTask.java:84)
	at org.junit.platform.engine.support.hierarchical.SameThreadHierarchicalTestExecutorService.submit(SameThreadHierarchicalTestExecutorService.java:32)
	at org.junit.platform.engine.support.hierarchical.NodeTestTask$DefaultDynamicTestExecutor.execute(NodeTestTask.java:212)
	at org.junit.platform.engine.support.hierarchical.NodeTestTask$DefaultDynamicTestExecutor.execute(NodeTestTask.java:192)
	at org.junit.jupiter.engine.descriptor.TestTemplateTestDescriptor.execute(TestTemplateTestDescriptor.java:139)
	at org.junit.jupiter.engine.descriptor.TestTemplateTestDescriptor.lambda$execute$2(TestTemplateTestDescriptor.java:107)
	at java.base/java.util.stream.ForEachOps$ForEachOp$OfRef.accept(ForEachOps.java:183)
	at java.base/java.util.stream.ReferencePipeline$3$1.accept(ReferencePipeline.java:197)
	at java.base/java.util.stream.ReferencePipeline$2$1.accept(ReferencePipeline.java:179)
	at java.base/java.util.stream.ReferencePipeline$3$1.accept(ReferencePipeline.java:197)
	at java.base/java.util.stream.ForEachOps$ForEachOp$OfRef.accept(ForEachOps.java:183)
	at java.base/java.util.stream.ReferencePipeline$15$1.accept(ReferencePipeline.java:541)
	at java.base/java.util.stream.ReferencePipeline$3$1.accept(ReferencePipeline.java:197)
	at java.base/java.util.stream.ReferencePipeline$3$1.accept(ReferencePipeline.java:197)
	at java.base/java.util.stream.ReferencePipeline$3$1.accept(ReferencePipeline.java:197)
	at java.base/java.util.stream.ForEachOps$ForEachOp$OfRef.accept(ForEachOps.java:183)
	at java.base/java.util.stream.ReferencePipeline$3$1.accept(ReferencePipeline.java:197)
	at java.base/java.util.stream.ForEachOps$ForEachOp$OfRef.accept(ForEachOps.java:183)
	at java.base/java.util.stream.SliceOps$1$1.accept(SliceOps.java:200)
	at java.base/java.util.stream.StreamSpliterators$InfiniteSupplyingSpliterator$OfRef.tryAdvance(StreamSpliterators.java:1358)
	at java.base/java.util.stream.ReferencePipeline.forEachWithCancel(ReferencePipeline.java:129)
	at java.base/java.util.stream.AbstractPipeline.copyIntoWithCancel(AbstractPipeline.java:527)
	at java.base/java.util.stream.AbstractPipeline.copyInto(AbstractPipeline.java:513)
	at java.base/java.util.stream.AbstractPipeline.wrapAndCopyInto(AbstractPipeline.java:499)
	at java.base/java.util.stream.ForEachOps$ForEachOp.evaluateSequential(ForEachOps.java:150)
	at java.base/java.util.stream.ForEachOps$ForEachOp$OfRef.evaluateSequential(ForEachOps.java:173)
	at java.base/java.util.stream.AbstractPipeline.evaluate(AbstractPipeline.java:234)
	at java.base/java.util.stream.ReferencePipeline.forEach(ReferencePipeline.java:596)
	at java.base/java.util.stream.ReferencePipeline$7$1.accept(ReferencePipeline.java:276)
	at java.base/java.util.stream.ReferencePipeline$3$1.accept(ReferencePipeline.java:197)
	at java.base/java.util.stream.ReferencePipeline$3$1.accept(ReferencePipeline.java:197)
	at java.base/java.util.Spliterators$ArraySpliterator.forEachRemaining(Spliterators.java:992)
	at java.base/java.util.stream.AbstractPipeline.copyInto(AbstractPipeline.java:509)
	at java.base/java.util.stream.AbstractPipeline.wrapAndCopyInto(AbstractPipeline.java:499)
	at java.base/java.util.stream.ForEachOps$ForEachOp.evaluateSequential(ForEachOps.java:150)
	at java.base/java.util.stream.ForEachOps$ForEachOp$OfRef.evaluateSequential(ForEachOps.java:173)
	at java.base/java.util.stream.AbstractPipeline.evaluate(AbstractPipeline.java:234)
	at java.base/java.util.stream.ReferencePipeline.forEach(ReferencePipeline.java:596)
	at java.base/java.util.stream.ReferencePipeline$7$1.accept(ReferencePipeline.java:276)
	at java.base/java.util.stream.ReferencePipeline$3$1.accept(ReferencePipeline.java:197)
	at java.base/java.util.stream.ReferencePipeline$3$1.accept(ReferencePipeline.java:197)
	at java.base/java.util.stream.ReferencePipeline$3$1.accept(ReferencePipeline.java:197)
	at java.base/java.util.ArrayList$ArrayListSpliterator.forEachRemaining(ArrayList.java:1625)
	at java.base/java.util.stream.AbstractPipeline.copyInto(AbstractPipeline.java:509)
	at java.base/java.util.stream.AbstractPipeline.wrapAndCopyInto(AbstractPipeline.java:499)
	at java.base/java.util.stream.ForEachOps$ForEachOp.evaluateSequential(ForEachOps.java:150)
	at java.base/java.util.stream.ForEachOps$ForEachOp$OfRef.evaluateSequential(ForEachOps.java:173)
	at java.base/java.util.stream.AbstractPipeline.evaluate(AbstractPipeline.java:234)
	at java.base/java.util.stream.ReferencePipeline.forEach(ReferencePipeline.java:596)
	at java.base/java.util.stream.ReferencePipeline$7$1.accept(ReferencePipeline.java:276)
	at java.base/java.util.ArrayList$ArrayListSpliterator.forEachRemaining(ArrayList.java:1625)
	at java.base/java.util.stream.AbstractPipeline.copyInto(AbstractPipeline.java:509)
	at java.base/java.util.stream.AbstractPipeline.wrapAndCopyInto(AbstractPipeline.java:499)
	at java.base/java.util.stream.ForEachOps$ForEachOp.evaluateSequential(ForEachOps.java:150)
	at java.base/java.util.stream.ForEachOps$ForEachOp$OfRef.evaluateSequential(ForEachOps.java:173)
	at java.base/java.util.stream.AbstractPipeline.evaluate(AbstractPipeline.java:234)
	at java.base/java.util.stream.ReferencePipeline.forEach(ReferencePipeline.java:596)
	at org.junit.jupiter.engine.descriptor.TestTemplateTestDescriptor.execute(TestTemplateTestDescriptor.java:107)
	at org.junit.jupiter.engine.descriptor.TestTemplateTestDescriptor.execute(TestTemplateTestDescriptor.java:42)
	at org.junit.platform.engine.support.hierarchical.NodeTestTask.lambda$executeRecursively$5(NodeTestTask.java:139)
	at org.junit.platform.engine.support.hierarchical.ThrowableCollector.execute(ThrowableCollector.java:73)
	at org.junit.platform.engine.support.hierarchical.NodeTestTask.lambda$executeRecursively$7(NodeTestTask.java:129)
	at org.junit.platform.engine.support.hierarchical.Node.around(Node.java:137)
	at org.junit.platform.engine.support.hierarchical.NodeTestTask.lambda$executeRecursively$8(NodeTestTask.java:127)
	at org.junit.platform.engine.support.hierarchical.ThrowableCollector.execute(ThrowableCollector.java:73)
	at org.junit.platform.engine.support.hierarchical.NodeTestTask.executeRecursively(NodeTestTask.java:126)
	at org.junit.platform.engine.support.hierarchical.NodeTestTask.execute(NodeTestTask.java:84)
	at java.base/java.util.ArrayList.forEach(ArrayList.java:1511)
	at org.junit.platform.engine.support.hierarchical.SameThreadHierarchicalTestExecutorService.invokeAll(SameThreadHierarchicalTestExecutorService.java:38)
	at org.junit.platform.engine.support.hierarchical.NodeTestTask.lambda$executeRecursively$5(NodeTestTask.java:143)
	at org.junit.platform.engine.support.hierarchical.ThrowableCollector.execute(ThrowableCollector.java:73)
	at org.junit.platform.engine.support.hierarchical.NodeTestTask.lambda$executeRecursively$7(NodeTestTask.java:129)
	at org.junit.platform.engine.support.hierarchical.Node.around(Node.java:137)
	at org.junit.platform.engine.support.hierarchical.NodeTestTask.lambda$executeRecursively$8(NodeTestTask.java:127)
	at org.junit.platform.engine.support.hierarchical.ThrowableCollector.execute(ThrowableCollector.java:73)
	at org.junit.platform.engine.support.hierarchical.NodeTestTask.executeRecursively(NodeTestTask.java:126)
	at org.junit.platform.engine.support.hierarchical.NodeTestTask.execute(NodeTestTask.java:84)
	at java.base/java.util.ArrayList.forEach(ArrayList.java:1511)
	at org.junit.platform.engine.support.hierarchical.SameThreadHierarchicalTestExecutorService.invokeAll(SameThreadHierarchicalTestExecutorService.java:38)
	at org.junit.platform.engine.support.hierarchical.NodeTestTask.lambda$executeRecursively$5(NodeTestTask.java:143)
	at org.junit.platform.engine.support.hierarchical.ThrowableCollector.execute(ThrowableCollector.java:73)
	at org.junit.platform.engine.support.hierarchical.NodeTestTask.lambda$executeRecursively$7(NodeTestTask.java:129)
	at org.junit.platform.engine.support.hierarchical.Node.around(Node.java:137)
	at org.junit.platform.engine.support.hierarchical.NodeTestTask.lambda$executeRecursively$8(NodeTestTask.java:127)
	at org.junit.platform.engine.support.hierarchical.ThrowableCollector.execute(ThrowableCollector.java:73)
	at org.junit.platform.engine.support.hierarchical.NodeTestTask.executeRecursively(NodeTestTask.java:126)
	at org.junit.platform.engine.support.hierarchical.NodeTestTask.execute(NodeTestTask.java:84)
	at org.junit.platform.engine.support.hierarchical.SameThreadHierarchicalTestExecutorService.submit(SameThreadHierarchicalTestExecutorService.java:32)
	at org.junit.platform.engine.support.hierarchical.HierarchicalTestExecutor.execute(HierarchicalTestExecutor.java:57)
	at org.junit.platform.engine.support.hierarchical.HierarchicalTestEngine.execute(HierarchicalTestEngine.java:51)
	at org.junit.platform.launcher.core.EngineExecutionOrchestrator.execute(EngineExecutionOrchestrator.java:108)
	at org.junit.platform.launcher.core.EngineExecutionOrchestrator.execute(EngineExecutionOrchestrator.java:88)
	at org.junit.platform.launcher.core.EngineExecutionOrchestrator.lambda$execute$0(EngineExecutionOrchestrator.java:54)
	at org.junit.platform.launcher.core.EngineExecutionOrchestrator.withInterceptedStreams(EngineExecutionOrchestrator.java:67)
	at org.junit.platform.launcher.core.EngineExecutionOrchestrator.execute(EngineExecutionOrchestrator.java:52)
	at org.junit.platform.launcher.core.DefaultLauncher.execute(DefaultLauncher.java:96)
	at org.junit.platform.launcher.core.DefaultLauncher.execute(DefaultLauncher.java:75)
	at org.junit.platform.console.tasks.ConsoleTestExecutor.executeTests(ConsoleTestExecutor.java:66)
	at org.junit.platform.console.tasks.ConsoleTestExecutor.lambda$execute$0(ConsoleTestExecutor.java:58)
	at org.junit.platform.console.tasks.CustomContextClassLoaderExecutor.replaceThreadContextClassLoaderAndInvoke(CustomContextClassLoaderExecutor.java:41)
	at org.junit.platform.console.tasks.CustomContextClassLoaderExecutor.invoke(CustomContextClassLoaderExecutor.java:31)
	at org.junit.platform.console.tasks.ConsoleTestExecutor.execute(ConsoleTestExecutor.java:58)
	at org.junit.platform.console.ConsoleLauncher.executeTests(ConsoleLauncher.java:95)
	at org.junit.platform.console.ConsoleLauncher.execute(ConsoleLauncher.java:73)
	at org.junit.platform.console.ConsoleLauncher.execute(ConsoleLauncher.java:50)
	at org.junit.platform.console.ConsoleLauncher.execute(ConsoleLauncher.java:43)
	at org.junit.platform.console.ConsoleLauncher.main(ConsoleLauncher.java:37)
]]></skipped>
<system-out><![CDATA[
unique-id: [engine:junit-jupiter]/[class:minebayd1.test.TestUser]/[test-template:testprevious(minebayd1.User)]/[test-template-invocation:#73]
display-name: [73] Nima a 50 annonces ouvertes, 1 annonces fermées et 4 achats 

]]></system-out>
</testcase>
<testcase name="testprevious(User)[74]" classname="minebayd1.test.TestUser" time="0">
<skipped><![CDATA[org.opentest4j.TestAbortedException: Assumption failed: assumption is not true
	at org.junit.jupiter.api.Assumptions.throwTestAbortedException(Assumptions.java:256)
	at org.junit.jupiter.api.Assumptions.assumeTrue(Assumptions.java:115)
	at org.junit.jupiter.api.Assumptions.assumeTrue(Assumptions.java:66)
	at minebayd1.test.TestUser.testprevious(TestUser.java:1288)
	at jdk.internal.reflect.GeneratedMethodAccessor15.invoke(Unknown Source)
	at java.base/jdk.internal.reflect.DelegatingMethodAccessorImpl.invoke(DelegatingMethodAccessorImpl.java:43)
	at java.base/java.lang.reflect.Method.invoke(Method.java:569)
	at org.junit.platform.commons.util.ReflectionUtils.invokeMethod(ReflectionUtils.java:688)
	at org.junit.jupiter.engine.execution.MethodInvocation.proceed(MethodInvocation.java:60)
	at org.junit.jupiter.engine.execution.InvocationInterceptorChain$ValidatingInvocation.proceed(InvocationInterceptorChain.java:131)
	at org.junit.jupiter.engine.extension.TimeoutExtension.intercept(TimeoutExtension.java:149)
	at org.junit.jupiter.engine.extension.TimeoutExtension.interceptTestableMethod(TimeoutExtension.java:140)
	at org.junit.jupiter.engine.extension.TimeoutExtension.interceptTestTemplateMethod(TimeoutExtension.java:92)
	at org.junit.jupiter.engine.execution.ExecutableInvoker$ReflectiveInterceptorCall.lambda$ofVoidMethod$0(ExecutableInvoker.java:115)
	at org.junit.jupiter.engine.execution.ExecutableInvoker.lambda$invoke$0(ExecutableInvoker.java:105)
	at org.junit.jupiter.engine.execution.InvocationInterceptorChain$InterceptedInvocation.proceed(InvocationInterceptorChain.java:106)
	at org.junit.jupiter.engine.execution.InvocationInterceptorChain.proceed(InvocationInterceptorChain.java:64)
	at org.junit.jupiter.engine.execution.InvocationInterceptorChain.chainAndInvoke(InvocationInterceptorChain.java:45)
	at org.junit.jupiter.engine.execution.InvocationInterceptorChain.invoke(InvocationInterceptorChain.java:37)
	at org.junit.jupiter.engine.execution.ExecutableInvoker.invoke(ExecutableInvoker.java:104)
	at org.junit.jupiter.engine.execution.ExecutableInvoker.invoke(ExecutableInvoker.java:98)
	at org.junit.jupiter.engine.descriptor.TestMethodTestDescriptor.lambda$invokeTestMethod$6(TestMethodTestDescriptor.java:210)
	at org.junit.platform.engine.support.hierarchical.ThrowableCollector.execute(ThrowableCollector.java:73)
	at org.junit.jupiter.engine.descriptor.TestMethodTestDescriptor.invokeTestMethod(TestMethodTestDescriptor.java:206)
	at org.junit.jupiter.engine.descriptor.TestMethodTestDescriptor.execute(TestMethodTestDescriptor.java:131)
	at org.junit.jupiter.engine.descriptor.TestMethodTestDescriptor.execute(TestMethodTestDescriptor.java:65)
	at org.junit.platform.engine.support.hierarchical.NodeTestTask.lambda$executeRecursively$5(NodeTestTask.java:139)
	at org.junit.platform.engine.support.hierarchical.ThrowableCollector.execute(ThrowableCollector.java:73)
	at org.junit.platform.engine.support.hierarchical.NodeTestTask.lambda$executeRecursively$7(NodeTestTask.java:129)
	at org.junit.platform.engine.support.hierarchical.Node.around(Node.java:137)
	at org.junit.platform.engine.support.hierarchical.NodeTestTask.lambda$executeRecursively$8(NodeTestTask.java:127)
	at org.junit.platform.engine.support.hierarchical.ThrowableCollector.execute(ThrowableCollector.java:73)
	at org.junit.platform.engine.support.hierarchical.NodeTestTask.executeRecursively(NodeTestTask.java:126)
	at org.junit.platform.engine.support.hierarchical.NodeTestTask.execute(NodeTestTask.java:84)
	at org.junit.platform.engine.support.hierarchical.SameThreadHierarchicalTestExecutorService.submit(SameThreadHierarchicalTestExecutorService.java:32)
	at org.junit.platform.engine.support.hierarchical.NodeTestTask$DefaultDynamicTestExecutor.execute(NodeTestTask.java:212)
	at org.junit.platform.engine.support.hierarchical.NodeTestTask$DefaultDynamicTestExecutor.execute(NodeTestTask.java:192)
	at org.junit.jupiter.engine.descriptor.TestTemplateTestDescriptor.execute(TestTemplateTestDescriptor.java:139)
	at org.junit.jupiter.engine.descriptor.TestTemplateTestDescriptor.lambda$execute$2(TestTemplateTestDescriptor.java:107)
	at java.base/java.util.stream.ForEachOps$ForEachOp$OfRef.accept(ForEachOps.java:183)
	at java.base/java.util.stream.ReferencePipeline$3$1.accept(ReferencePipeline.java:197)
	at java.base/java.util.stream.ReferencePipeline$2$1.accept(ReferencePipeline.java:179)
	at java.base/java.util.stream.ReferencePipeline$3$1.accept(ReferencePipeline.java:197)
	at java.base/java.util.stream.ForEachOps$ForEachOp$OfRef.accept(ForEachOps.java:183)
	at java.base/java.util.stream.ReferencePipeline$15$1.accept(ReferencePipeline.java:541)
	at java.base/java.util.stream.ReferencePipeline$3$1.accept(ReferencePipeline.java:197)
	at java.base/java.util.stream.ReferencePipeline$3$1.accept(ReferencePipeline.java:197)
	at java.base/java.util.stream.ReferencePipeline$3$1.accept(ReferencePipeline.java:197)
	at java.base/java.util.stream.ForEachOps$ForEachOp$OfRef.accept(ForEachOps.java:183)
	at java.base/java.util.stream.ReferencePipeline$3$1.accept(ReferencePipeline.java:197)
	at java.base/java.util.stream.ForEachOps$ForEachOp$OfRef.accept(ForEachOps.java:183)
	at java.base/java.util.stream.SliceOps$1$1.accept(SliceOps.java:200)
	at java.base/java.util.stream.StreamSpliterators$InfiniteSupplyingSpliterator$OfRef.tryAdvance(StreamSpliterators.java:1358)
	at java.base/java.util.stream.ReferencePipeline.forEachWithCancel(ReferencePipeline.java:129)
	at java.base/java.util.stream.AbstractPipeline.copyIntoWithCancel(AbstractPipeline.java:527)
	at java.base/java.util.stream.AbstractPipeline.copyInto(AbstractPipeline.java:513)
	at java.base/java.util.stream.AbstractPipeline.wrapAndCopyInto(AbstractPipeline.java:499)
	at java.base/java.util.stream.ForEachOps$ForEachOp.evaluateSequential(ForEachOps.java:150)
	at java.base/java.util.stream.ForEachOps$ForEachOp$OfRef.evaluateSequential(ForEachOps.java:173)
	at java.base/java.util.stream.AbstractPipeline.evaluate(AbstractPipeline.java:234)
	at java.base/java.util.stream.ReferencePipeline.forEach(ReferencePipeline.java:596)
	at java.base/java.util.stream.ReferencePipeline$7$1.accept(ReferencePipeline.java:276)
	at java.base/java.util.stream.ReferencePipeline$3$1.accept(ReferencePipeline.java:197)
	at java.base/java.util.stream.ReferencePipeline$3$1.accept(ReferencePipeline.java:197)
	at java.base/java.util.Spliterators$ArraySpliterator.forEachRemaining(Spliterators.java:992)
	at java.base/java.util.stream.AbstractPipeline.copyInto(AbstractPipeline.java:509)
	at java.base/java.util.stream.AbstractPipeline.wrapAndCopyInto(AbstractPipeline.java:499)
	at java.base/java.util.stream.ForEachOps$ForEachOp.evaluateSequential(ForEachOps.java:150)
	at java.base/java.util.stream.ForEachOps$ForEachOp$OfRef.evaluateSequential(ForEachOps.java:173)
	at java.base/java.util.stream.AbstractPipeline.evaluate(AbstractPipeline.java:234)
	at java.base/java.util.stream.ReferencePipeline.forEach(ReferencePipeline.java:596)
	at java.base/java.util.stream.ReferencePipeline$7$1.accept(ReferencePipeline.java:276)
	at java.base/java.util.stream.ReferencePipeline$3$1.accept(ReferencePipeline.java:197)
	at java.base/java.util.stream.ReferencePipeline$3$1.accept(ReferencePipeline.java:197)
	at java.base/java.util.stream.ReferencePipeline$3$1.accept(ReferencePipeline.java:197)
	at java.base/java.util.ArrayList$ArrayListSpliterator.forEachRemaining(ArrayList.java:1625)
	at java.base/java.util.stream.AbstractPipeline.copyInto(AbstractPipeline.java:509)
	at java.base/java.util.stream.AbstractPipeline.wrapAndCopyInto(AbstractPipeline.java:499)
	at java.base/java.util.stream.ForEachOps$ForEachOp.evaluateSequential(ForEachOps.java:150)
	at java.base/java.util.stream.ForEachOps$ForEachOp$OfRef.evaluateSequential(ForEachOps.java:173)
	at java.base/java.util.stream.AbstractPipeline.evaluate(AbstractPipeline.java:234)
	at java.base/java.util.stream.ReferencePipeline.forEach(ReferencePipeline.java:596)
	at java.base/java.util.stream.ReferencePipeline$7$1.accept(ReferencePipeline.java:276)
	at java.base/java.util.ArrayList$ArrayListSpliterator.forEachRemaining(ArrayList.java:1625)
	at java.base/java.util.stream.AbstractPipeline.copyInto(AbstractPipeline.java:509)
	at java.base/java.util.stream.AbstractPipeline.wrapAndCopyInto(AbstractPipeline.java:499)
	at java.base/java.util.stream.ForEachOps$ForEachOp.evaluateSequential(ForEachOps.java:150)
	at java.base/java.util.stream.ForEachOps$ForEachOp$OfRef.evaluateSequential(ForEachOps.java:173)
	at java.base/java.util.stream.AbstractPipeline.evaluate(AbstractPipeline.java:234)
	at java.base/java.util.stream.ReferencePipeline.forEach(ReferencePipeline.java:596)
	at org.junit.jupiter.engine.descriptor.TestTemplateTestDescriptor.execute(TestTemplateTestDescriptor.java:107)
	at org.junit.jupiter.engine.descriptor.TestTemplateTestDescriptor.execute(TestTemplateTestDescriptor.java:42)
	at org.junit.platform.engine.support.hierarchical.NodeTestTask.lambda$executeRecursively$5(NodeTestTask.java:139)
	at org.junit.platform.engine.support.hierarchical.ThrowableCollector.execute(ThrowableCollector.java:73)
	at org.junit.platform.engine.support.hierarchical.NodeTestTask.lambda$executeRecursively$7(NodeTestTask.java:129)
	at org.junit.platform.engine.support.hierarchical.Node.around(Node.java:137)
	at org.junit.platform.engine.support.hierarchical.NodeTestTask.lambda$executeRecursively$8(NodeTestTask.java:127)
	at org.junit.platform.engine.support.hierarchical.ThrowableCollector.execute(ThrowableCollector.java:73)
	at org.junit.platform.engine.support.hierarchical.NodeTestTask.executeRecursively(NodeTestTask.java:126)
	at org.junit.platform.engine.support.hierarchical.NodeTestTask.execute(NodeTestTask.java:84)
	at java.base/java.util.ArrayList.forEach(ArrayList.java:1511)
	at org.junit.platform.engine.support.hierarchical.SameThreadHierarchicalTestExecutorService.invokeAll(SameThreadHierarchicalTestExecutorService.java:38)
	at org.junit.platform.engine.support.hierarchical.NodeTestTask.lambda$executeRecursively$5(NodeTestTask.java:143)
	at org.junit.platform.engine.support.hierarchical.ThrowableCollector.execute(ThrowableCollector.java:73)
	at org.junit.platform.engine.support.hierarchical.NodeTestTask.lambda$executeRecursively$7(NodeTestTask.java:129)
	at org.junit.platform.engine.support.hierarchical.Node.around(Node.java:137)
	at org.junit.platform.engine.support.hierarchical.NodeTestTask.lambda$executeRecursively$8(NodeTestTask.java:127)
	at org.junit.platform.engine.support.hierarchical.ThrowableCollector.execute(ThrowableCollector.java:73)
	at org.junit.platform.engine.support.hierarchical.NodeTestTask.executeRecursively(NodeTestTask.java:126)
	at org.junit.platform.engine.support.hierarchical.NodeTestTask.execute(NodeTestTask.java:84)
	at java.base/java.util.ArrayList.forEach(ArrayList.java:1511)
	at org.junit.platform.engine.support.hierarchical.SameThreadHierarchicalTestExecutorService.invokeAll(SameThreadHierarchicalTestExecutorService.java:38)
	at org.junit.platform.engine.support.hierarchical.NodeTestTask.lambda$executeRecursively$5(NodeTestTask.java:143)
	at org.junit.platform.engine.support.hierarchical.ThrowableCollector.execute(ThrowableCollector.java:73)
	at org.junit.platform.engine.support.hierarchical.NodeTestTask.lambda$executeRecursively$7(NodeTestTask.java:129)
	at org.junit.platform.engine.support.hierarchical.Node.around(Node.java:137)
	at org.junit.platform.engine.support.hierarchical.NodeTestTask.lambda$executeRecursively$8(NodeTestTask.java:127)
	at org.junit.platform.engine.support.hierarchical.ThrowableCollector.execute(ThrowableCollector.java:73)
	at org.junit.platform.engine.support.hierarchical.NodeTestTask.executeRecursively(NodeTestTask.java:126)
	at org.junit.platform.engine.support.hierarchical.NodeTestTask.execute(NodeTestTask.java:84)
	at org.junit.platform.engine.support.hierarchical.SameThreadHierarchicalTestExecutorService.submit(SameThreadHierarchicalTestExecutorService.java:32)
	at org.junit.platform.engine.support.hierarchical.HierarchicalTestExecutor.execute(HierarchicalTestExecutor.java:57)
	at org.junit.platform.engine.support.hierarchical.HierarchicalTestEngine.execute(HierarchicalTestEngine.java:51)
	at org.junit.platform.launcher.core.EngineExecutionOrchestrator.execute(EngineExecutionOrchestrator.java:108)
	at org.junit.platform.launcher.core.EngineExecutionOrchestrator.execute(EngineExecutionOrchestrator.java:88)
	at org.junit.platform.launcher.core.EngineExecutionOrchestrator.lambda$execute$0(EngineExecutionOrchestrator.java:54)
	at org.junit.platform.launcher.core.EngineExecutionOrchestrator.withInterceptedStreams(EngineExecutionOrchestrator.java:67)
	at org.junit.platform.launcher.core.EngineExecutionOrchestrator.execute(EngineExecutionOrchestrator.java:52)
	at org.junit.platform.launcher.core.DefaultLauncher.execute(DefaultLauncher.java:96)
	at org.junit.platform.launcher.core.DefaultLauncher.execute(DefaultLauncher.java:75)
	at org.junit.platform.console.tasks.ConsoleTestExecutor.executeTests(ConsoleTestExecutor.java:66)
	at org.junit.platform.console.tasks.ConsoleTestExecutor.lambda$execute$0(ConsoleTestExecutor.java:58)
	at org.junit.platform.console.tasks.CustomContextClassLoaderExecutor.replaceThreadContextClassLoaderAndInvoke(CustomContextClassLoaderExecutor.java:41)
	at org.junit.platform.console.tasks.CustomContextClassLoaderExecutor.invoke(CustomContextClassLoaderExecutor.java:31)
	at org.junit.platform.console.tasks.ConsoleTestExecutor.execute(ConsoleTestExecutor.java:58)
	at org.junit.platform.console.ConsoleLauncher.executeTests(ConsoleLauncher.java:95)
	at org.junit.platform.console.ConsoleLauncher.execute(ConsoleLauncher.java:73)
	at org.junit.platform.console.ConsoleLauncher.execute(ConsoleLauncher.java:50)
	at org.junit.platform.console.ConsoleLauncher.execute(ConsoleLauncher.java:43)
	at org.junit.platform.console.ConsoleLauncher.main(ConsoleLauncher.java:37)
]]></skipped>
<system-out><![CDATA[
unique-id: [engine:junit-jupiter]/[class:minebayd1.test.TestUser]/[test-template:testprevious(minebayd1.User)]/[test-template-invocation:#74]
display-name: [74] Sheraz a 49 annonces ouvertes, 3 annonces fermées et 6 achats 

]]></system-out>
</testcase>
<testcase name="testprevious(User)[75]" classname="minebayd1.test.TestUser" time="0">
<system-out><![CDATA[
unique-id: [engine:junit-jupiter]/[class:minebayd1.test.TestUser]/[test-template:testprevious(minebayd1.User)]/[test-template-invocation:#75]
display-name: [75] Ali a 57 annonces ouvertes, 6 annonces fermées et 3 achats 

]]></system-out>
</testcase>
<testcase name="testprevious(User)[76]" classname="minebayd1.test.TestUser" time="0">
<system-out><![CDATA[
unique-id: [engine:junit-jupiter]/[class:minebayd1.test.TestUser]/[test-template:testprevious(minebayd1.User)]/[test-template-invocation:#76]
display-name: [76] Ismael a 59 annonces ouvertes, 1 annonces fermées et 3 achats 

]]></system-out>
</testcase>
<testcase name="testprevious(User)[77]" classname="minebayd1.test.TestUser" time="0">
<system-out><![CDATA[
unique-id: [engine:junit-jupiter]/[class:minebayd1.test.TestUser]/[test-template:testprevious(minebayd1.User)]/[test-template-invocation:#77]
display-name: [77] Ismael a 59 annonces ouvertes, 1 annonces fermées et 3 achats 

]]></system-out>
</testcase>
<testcase name="testprevious(User)[78]" classname="minebayd1.test.TestUser" time="0">
<system-out><![CDATA[
unique-id: [engine:junit-jupiter]/[class:minebayd1.test.TestUser]/[test-template:testprevious(minebayd1.User)]/[test-template-invocation:#78]
display-name: [78] Issa a 70 annonces ouvertes, 3 annonces fermées et 3 achats 

]]></system-out>
</testcase>
<testcase name="testprevious(User)[79]" classname="minebayd1.test.TestUser" time="0">
<skipped><![CDATA[org.opentest4j.TestAbortedException: Assumption failed: assumption is not true
	at org.junit.jupiter.api.Assumptions.throwTestAbortedException(Assumptions.java:256)
	at org.junit.jupiter.api.Assumptions.assumeTrue(Assumptions.java:115)
	at org.junit.jupiter.api.Assumptions.assumeTrue(Assumptions.java:66)
	at minebayd1.test.TestUser.testprevious(TestUser.java:1288)
	at jdk.internal.reflect.GeneratedMethodAccessor15.invoke(Unknown Source)
	at java.base/jdk.internal.reflect.DelegatingMethodAccessorImpl.invoke(DelegatingMethodAccessorImpl.java:43)
	at java.base/java.lang.reflect.Method.invoke(Method.java:569)
	at org.junit.platform.commons.util.ReflectionUtils.invokeMethod(ReflectionUtils.java:688)
	at org.junit.jupiter.engine.execution.MethodInvocation.proceed(MethodInvocation.java:60)
	at org.junit.jupiter.engine.execution.InvocationInterceptorChain$ValidatingInvocation.proceed(InvocationInterceptorChain.java:131)
	at org.junit.jupiter.engine.extension.TimeoutExtension.intercept(TimeoutExtension.java:149)
	at org.junit.jupiter.engine.extension.TimeoutExtension.interceptTestableMethod(TimeoutExtension.java:140)
	at org.junit.jupiter.engine.extension.TimeoutExtension.interceptTestTemplateMethod(TimeoutExtension.java:92)
	at org.junit.jupiter.engine.execution.ExecutableInvoker$ReflectiveInterceptorCall.lambda$ofVoidMethod$0(ExecutableInvoker.java:115)
	at org.junit.jupiter.engine.execution.ExecutableInvoker.lambda$invoke$0(ExecutableInvoker.java:105)
	at org.junit.jupiter.engine.execution.InvocationInterceptorChain$InterceptedInvocation.proceed(InvocationInterceptorChain.java:106)
	at org.junit.jupiter.engine.execution.InvocationInterceptorChain.proceed(InvocationInterceptorChain.java:64)
	at org.junit.jupiter.engine.execution.InvocationInterceptorChain.chainAndInvoke(InvocationInterceptorChain.java:45)
	at org.junit.jupiter.engine.execution.InvocationInterceptorChain.invoke(InvocationInterceptorChain.java:37)
	at org.junit.jupiter.engine.execution.ExecutableInvoker.invoke(ExecutableInvoker.java:104)
	at org.junit.jupiter.engine.execution.ExecutableInvoker.invoke(ExecutableInvoker.java:98)
	at org.junit.jupiter.engine.descriptor.TestMethodTestDescriptor.lambda$invokeTestMethod$6(TestMethodTestDescriptor.java:210)
	at org.junit.platform.engine.support.hierarchical.ThrowableCollector.execute(ThrowableCollector.java:73)
	at org.junit.jupiter.engine.descriptor.TestMethodTestDescriptor.invokeTestMethod(TestMethodTestDescriptor.java:206)
	at org.junit.jupiter.engine.descriptor.TestMethodTestDescriptor.execute(TestMethodTestDescriptor.java:131)
	at org.junit.jupiter.engine.descriptor.TestMethodTestDescriptor.execute(TestMethodTestDescriptor.java:65)
	at org.junit.platform.engine.support.hierarchical.NodeTestTask.lambda$executeRecursively$5(NodeTestTask.java:139)
	at org.junit.platform.engine.support.hierarchical.ThrowableCollector.execute(ThrowableCollector.java:73)
	at org.junit.platform.engine.support.hierarchical.NodeTestTask.lambda$executeRecursively$7(NodeTestTask.java:129)
	at org.junit.platform.engine.support.hierarchical.Node.around(Node.java:137)
	at org.junit.platform.engine.support.hierarchical.NodeTestTask.lambda$executeRecursively$8(NodeTestTask.java:127)
	at org.junit.platform.engine.support.hierarchical.ThrowableCollector.execute(ThrowableCollector.java:73)
	at org.junit.platform.engine.support.hierarchical.NodeTestTask.executeRecursively(NodeTestTask.java:126)
	at org.junit.platform.engine.support.hierarchical.NodeTestTask.execute(NodeTestTask.java:84)
	at org.junit.platform.engine.support.hierarchical.SameThreadHierarchicalTestExecutorService.submit(SameThreadHierarchicalTestExecutorService.java:32)
	at org.junit.platform.engine.support.hierarchical.NodeTestTask$DefaultDynamicTestExecutor.execute(NodeTestTask.java:212)
	at org.junit.platform.engine.support.hierarchical.NodeTestTask$DefaultDynamicTestExecutor.execute(NodeTestTask.java:192)
	at org.junit.jupiter.engine.descriptor.TestTemplateTestDescriptor.execute(TestTemplateTestDescriptor.java:139)
	at org.junit.jupiter.engine.descriptor.TestTemplateTestDescriptor.lambda$execute$2(TestTemplateTestDescriptor.java:107)
	at java.base/java.util.stream.ForEachOps$ForEachOp$OfRef.accept(ForEachOps.java:183)
	at java.base/java.util.stream.ReferencePipeline$3$1.accept(ReferencePipeline.java:197)
	at java.base/java.util.stream.ReferencePipeline$2$1.accept(ReferencePipeline.java:179)
	at java.base/java.util.stream.ReferencePipeline$3$1.accept(ReferencePipeline.java:197)
	at java.base/java.util.stream.ForEachOps$ForEachOp$OfRef.accept(ForEachOps.java:183)
	at java.base/java.util.stream.ReferencePipeline$15$1.accept(ReferencePipeline.java:541)
	at java.base/java.util.stream.ReferencePipeline$3$1.accept(ReferencePipeline.java:197)
	at java.base/java.util.stream.ReferencePipeline$3$1.accept(ReferencePipeline.java:197)
	at java.base/java.util.stream.ReferencePipeline$3$1.accept(ReferencePipeline.java:197)
	at java.base/java.util.stream.ForEachOps$ForEachOp$OfRef.accept(ForEachOps.java:183)
	at java.base/java.util.stream.ReferencePipeline$3$1.accept(ReferencePipeline.java:197)
	at java.base/java.util.stream.ForEachOps$ForEachOp$OfRef.accept(ForEachOps.java:183)
	at java.base/java.util.stream.SliceOps$1$1.accept(SliceOps.java:200)
	at java.base/java.util.stream.StreamSpliterators$InfiniteSupplyingSpliterator$OfRef.tryAdvance(StreamSpliterators.java:1358)
	at java.base/java.util.stream.ReferencePipeline.forEachWithCancel(ReferencePipeline.java:129)
	at java.base/java.util.stream.AbstractPipeline.copyIntoWithCancel(AbstractPipeline.java:527)
	at java.base/java.util.stream.AbstractPipeline.copyInto(AbstractPipeline.java:513)
	at java.base/java.util.stream.AbstractPipeline.wrapAndCopyInto(AbstractPipeline.java:499)
	at java.base/java.util.stream.ForEachOps$ForEachOp.evaluateSequential(ForEachOps.java:150)
	at java.base/java.util.stream.ForEachOps$ForEachOp$OfRef.evaluateSequential(ForEachOps.java:173)
	at java.base/java.util.stream.AbstractPipeline.evaluate(AbstractPipeline.java:234)
	at java.base/java.util.stream.ReferencePipeline.forEach(ReferencePipeline.java:596)
	at java.base/java.util.stream.ReferencePipeline$7$1.accept(ReferencePipeline.java:276)
	at java.base/java.util.stream.ReferencePipeline$3$1.accept(ReferencePipeline.java:197)
	at java.base/java.util.stream.ReferencePipeline$3$1.accept(ReferencePipeline.java:197)
	at java.base/java.util.Spliterators$ArraySpliterator.forEachRemaining(Spliterators.java:992)
	at java.base/java.util.stream.AbstractPipeline.copyInto(AbstractPipeline.java:509)
	at java.base/java.util.stream.AbstractPipeline.wrapAndCopyInto(AbstractPipeline.java:499)
	at java.base/java.util.stream.ForEachOps$ForEachOp.evaluateSequential(ForEachOps.java:150)
	at java.base/java.util.stream.ForEachOps$ForEachOp$OfRef.evaluateSequential(ForEachOps.java:173)
	at java.base/java.util.stream.AbstractPipeline.evaluate(AbstractPipeline.java:234)
	at java.base/java.util.stream.ReferencePipeline.forEach(ReferencePipeline.java:596)
	at java.base/java.util.stream.ReferencePipeline$7$1.accept(ReferencePipeline.java:276)
	at java.base/java.util.stream.ReferencePipeline$3$1.accept(ReferencePipeline.java:197)
	at java.base/java.util.stream.ReferencePipeline$3$1.accept(ReferencePipeline.java:197)
	at java.base/java.util.stream.ReferencePipeline$3$1.accept(ReferencePipeline.java:197)
	at java.base/java.util.ArrayList$ArrayListSpliterator.forEachRemaining(ArrayList.java:1625)
	at java.base/java.util.stream.AbstractPipeline.copyInto(AbstractPipeline.java:509)
	at java.base/java.util.stream.AbstractPipeline.wrapAndCopyInto(AbstractPipeline.java:499)
	at java.base/java.util.stream.ForEachOps$ForEachOp.evaluateSequential(ForEachOps.java:150)
	at java.base/java.util.stream.ForEachOps$ForEachOp$OfRef.evaluateSequential(ForEachOps.java:173)
	at java.base/java.util.stream.AbstractPipeline.evaluate(AbstractPipeline.java:234)
	at java.base/java.util.stream.ReferencePipeline.forEach(ReferencePipeline.java:596)
	at java.base/java.util.stream.ReferencePipeline$7$1.accept(ReferencePipeline.java:276)
	at java.base/java.util.ArrayList$ArrayListSpliterator.forEachRemaining(ArrayList.java:1625)
	at java.base/java.util.stream.AbstractPipeline.copyInto(AbstractPipeline.java:509)
	at java.base/java.util.stream.AbstractPipeline.wrapAndCopyInto(AbstractPipeline.java:499)
	at java.base/java.util.stream.ForEachOps$ForEachOp.evaluateSequential(ForEachOps.java:150)
	at java.base/java.util.stream.ForEachOps$ForEachOp$OfRef.evaluateSequential(ForEachOps.java:173)
	at java.base/java.util.stream.AbstractPipeline.evaluate(AbstractPipeline.java:234)
	at java.base/java.util.stream.ReferencePipeline.forEach(ReferencePipeline.java:596)
	at org.junit.jupiter.engine.descriptor.TestTemplateTestDescriptor.execute(TestTemplateTestDescriptor.java:107)
	at org.junit.jupiter.engine.descriptor.TestTemplateTestDescriptor.execute(TestTemplateTestDescriptor.java:42)
	at org.junit.platform.engine.support.hierarchical.NodeTestTask.lambda$executeRecursively$5(NodeTestTask.java:139)
	at org.junit.platform.engine.support.hierarchical.ThrowableCollector.execute(ThrowableCollector.java:73)
	at org.junit.platform.engine.support.hierarchical.NodeTestTask.lambda$executeRecursively$7(NodeTestTask.java:129)
	at org.junit.platform.engine.support.hierarchical.Node.around(Node.java:137)
	at org.junit.platform.engine.support.hierarchical.NodeTestTask.lambda$executeRecursively$8(NodeTestTask.java:127)
	at org.junit.platform.engine.support.hierarchical.ThrowableCollector.execute(ThrowableCollector.java:73)
	at org.junit.platform.engine.support.hierarchical.NodeTestTask.executeRecursively(NodeTestTask.java:126)
	at org.junit.platform.engine.support.hierarchical.NodeTestTask.execute(NodeTestTask.java:84)
	at java.base/java.util.ArrayList.forEach(ArrayList.java:1511)
	at org.junit.platform.engine.support.hierarchical.SameThreadHierarchicalTestExecutorService.invokeAll(SameThreadHierarchicalTestExecutorService.java:38)
	at org.junit.platform.engine.support.hierarchical.NodeTestTask.lambda$executeRecursively$5(NodeTestTask.java:143)
	at org.junit.platform.engine.support.hierarchical.ThrowableCollector.execute(ThrowableCollector.java:73)
	at org.junit.platform.engine.support.hierarchical.NodeTestTask.lambda$executeRecursively$7(NodeTestTask.java:129)
	at org.junit.platform.engine.support.hierarchical.Node.around(Node.java:137)
	at org.junit.platform.engine.support.hierarchical.NodeTestTask.lambda$executeRecursively$8(NodeTestTask.java:127)
	at org.junit.platform.engine.support.hierarchical.ThrowableCollector.execute(ThrowableCollector.java:73)
	at org.junit.platform.engine.support.hierarchical.NodeTestTask.executeRecursively(NodeTestTask.java:126)
	at org.junit.platform.engine.support.hierarchical.NodeTestTask.execute(NodeTestTask.java:84)
	at java.base/java.util.ArrayList.forEach(ArrayList.java:1511)
	at org.junit.platform.engine.support.hierarchical.SameThreadHierarchicalTestExecutorService.invokeAll(SameThreadHierarchicalTestExecutorService.java:38)
	at org.junit.platform.engine.support.hierarchical.NodeTestTask.lambda$executeRecursively$5(NodeTestTask.java:143)
	at org.junit.platform.engine.support.hierarchical.ThrowableCollector.execute(ThrowableCollector.java:73)
	at org.junit.platform.engine.support.hierarchical.NodeTestTask.lambda$executeRecursively$7(NodeTestTask.java:129)
	at org.junit.platform.engine.support.hierarchical.Node.around(Node.java:137)
	at org.junit.platform.engine.support.hierarchical.NodeTestTask.lambda$executeRecursively$8(NodeTestTask.java:127)
	at org.junit.platform.engine.support.hierarchical.ThrowableCollector.execute(ThrowableCollector.java:73)
	at org.junit.platform.engine.support.hierarchical.NodeTestTask.executeRecursively(NodeTestTask.java:126)
	at org.junit.platform.engine.support.hierarchical.NodeTestTask.execute(NodeTestTask.java:84)
	at org.junit.platform.engine.support.hierarchical.SameThreadHierarchicalTestExecutorService.submit(SameThreadHierarchicalTestExecutorService.java:32)
	at org.junit.platform.engine.support.hierarchical.HierarchicalTestExecutor.execute(HierarchicalTestExecutor.java:57)
	at org.junit.platform.engine.support.hierarchical.HierarchicalTestEngine.execute(HierarchicalTestEngine.java:51)
	at org.junit.platform.launcher.core.EngineExecutionOrchestrator.execute(EngineExecutionOrchestrator.java:108)
	at org.junit.platform.launcher.core.EngineExecutionOrchestrator.execute(EngineExecutionOrchestrator.java:88)
	at org.junit.platform.launcher.core.EngineExecutionOrchestrator.lambda$execute$0(EngineExecutionOrchestrator.java:54)
	at org.junit.platform.launcher.core.EngineExecutionOrchestrator.withInterceptedStreams(EngineExecutionOrchestrator.java:67)
	at org.junit.platform.launcher.core.EngineExecutionOrchestrator.execute(EngineExecutionOrchestrator.java:52)
	at org.junit.platform.launcher.core.DefaultLauncher.execute(DefaultLauncher.java:96)
	at org.junit.platform.launcher.core.DefaultLauncher.execute(DefaultLauncher.java:75)
	at org.junit.platform.console.tasks.ConsoleTestExecutor.executeTests(ConsoleTestExecutor.java:66)
	at org.junit.platform.console.tasks.ConsoleTestExecutor.lambda$execute$0(ConsoleTestExecutor.java:58)
	at org.junit.platform.console.tasks.CustomContextClassLoaderExecutor.replaceThreadContextClassLoaderAndInvoke(CustomContextClassLoaderExecutor.java:41)
	at org.junit.platform.console.tasks.CustomContextClassLoaderExecutor.invoke(CustomContextClassLoaderExecutor.java:31)
	at org.junit.platform.console.tasks.ConsoleTestExecutor.execute(ConsoleTestExecutor.java:58)
	at org.junit.platform.console.ConsoleLauncher.executeTests(ConsoleLauncher.java:95)
	at org.junit.platform.console.ConsoleLauncher.execute(ConsoleLauncher.java:73)
	at org.junit.platform.console.ConsoleLauncher.execute(ConsoleLauncher.java:50)
	at org.junit.platform.console.ConsoleLauncher.execute(ConsoleLauncher.java:43)
	at org.junit.platform.console.ConsoleLauncher.main(ConsoleLauncher.java:37)
]]></skipped>
<system-out><![CDATA[
unique-id: [engine:junit-jupiter]/[class:minebayd1.test.TestUser]/[test-template:testprevious(minebayd1.User)]/[test-template-invocation:#79]
display-name: [79] Nima a 50 annonces ouvertes, 1 annonces fermées et 4 achats 

]]></system-out>
</testcase>
<testcase name="testprevious(User)[80]" classname="minebayd1.test.TestUser" time="0">
<system-out><![CDATA[
unique-id: [engine:junit-jupiter]/[class:minebayd1.test.TestUser]/[test-template:testprevious(minebayd1.User)]/[test-template-invocation:#80]
display-name: [80] Zahra a 42 annonces ouvertes, 0 annonces fermées et 2 achats 

]]></system-out>
</testcase>
<testcase name="testprevious(User)[81]" classname="minebayd1.test.TestUser" time="0">
<skipped><![CDATA[org.opentest4j.TestAbortedException: Assumption failed: assumption is not true
	at org.junit.jupiter.api.Assumptions.throwTestAbortedException(Assumptions.java:256)
	at org.junit.jupiter.api.Assumptions.assumeTrue(Assumptions.java:115)
	at org.junit.jupiter.api.Assumptions.assumeTrue(Assumptions.java:66)
	at minebayd1.test.TestUser.testprevious(TestUser.java:1288)
	at jdk.internal.reflect.GeneratedMethodAccessor15.invoke(Unknown Source)
	at java.base/jdk.internal.reflect.DelegatingMethodAccessorImpl.invoke(DelegatingMethodAccessorImpl.java:43)
	at java.base/java.lang.reflect.Method.invoke(Method.java:569)
	at org.junit.platform.commons.util.ReflectionUtils.invokeMethod(ReflectionUtils.java:688)
	at org.junit.jupiter.engine.execution.MethodInvocation.proceed(MethodInvocation.java:60)
	at org.junit.jupiter.engine.execution.InvocationInterceptorChain$ValidatingInvocation.proceed(InvocationInterceptorChain.java:131)
	at org.junit.jupiter.engine.extension.TimeoutExtension.intercept(TimeoutExtension.java:149)
	at org.junit.jupiter.engine.extension.TimeoutExtension.interceptTestableMethod(TimeoutExtension.java:140)
	at org.junit.jupiter.engine.extension.TimeoutExtension.interceptTestTemplateMethod(TimeoutExtension.java:92)
	at org.junit.jupiter.engine.execution.ExecutableInvoker$ReflectiveInterceptorCall.lambda$ofVoidMethod$0(ExecutableInvoker.java:115)
	at org.junit.jupiter.engine.execution.ExecutableInvoker.lambda$invoke$0(ExecutableInvoker.java:105)
	at org.junit.jupiter.engine.execution.InvocationInterceptorChain$InterceptedInvocation.proceed(InvocationInterceptorChain.java:106)
	at org.junit.jupiter.engine.execution.InvocationInterceptorChain.proceed(InvocationInterceptorChain.java:64)
	at org.junit.jupiter.engine.execution.InvocationInterceptorChain.chainAndInvoke(InvocationInterceptorChain.java:45)
	at org.junit.jupiter.engine.execution.InvocationInterceptorChain.invoke(InvocationInterceptorChain.java:37)
	at org.junit.jupiter.engine.execution.ExecutableInvoker.invoke(ExecutableInvoker.java:104)
	at org.junit.jupiter.engine.execution.ExecutableInvoker.invoke(ExecutableInvoker.java:98)
	at org.junit.jupiter.engine.descriptor.TestMethodTestDescriptor.lambda$invokeTestMethod$6(TestMethodTestDescriptor.java:210)
	at org.junit.platform.engine.support.hierarchical.ThrowableCollector.execute(ThrowableCollector.java:73)
	at org.junit.jupiter.engine.descriptor.TestMethodTestDescriptor.invokeTestMethod(TestMethodTestDescriptor.java:206)
	at org.junit.jupiter.engine.descriptor.TestMethodTestDescriptor.execute(TestMethodTestDescriptor.java:131)
	at org.junit.jupiter.engine.descriptor.TestMethodTestDescriptor.execute(TestMethodTestDescriptor.java:65)
	at org.junit.platform.engine.support.hierarchical.NodeTestTask.lambda$executeRecursively$5(NodeTestTask.java:139)
	at org.junit.platform.engine.support.hierarchical.ThrowableCollector.execute(ThrowableCollector.java:73)
	at org.junit.platform.engine.support.hierarchical.NodeTestTask.lambda$executeRecursively$7(NodeTestTask.java:129)
	at org.junit.platform.engine.support.hierarchical.Node.around(Node.java:137)
	at org.junit.platform.engine.support.hierarchical.NodeTestTask.lambda$executeRecursively$8(NodeTestTask.java:127)
	at org.junit.platform.engine.support.hierarchical.ThrowableCollector.execute(ThrowableCollector.java:73)
	at org.junit.platform.engine.support.hierarchical.NodeTestTask.executeRecursively(NodeTestTask.java:126)
	at org.junit.platform.engine.support.hierarchical.NodeTestTask.execute(NodeTestTask.java:84)
	at org.junit.platform.engine.support.hierarchical.SameThreadHierarchicalTestExecutorService.submit(SameThreadHierarchicalTestExecutorService.java:32)
	at org.junit.platform.engine.support.hierarchical.NodeTestTask$DefaultDynamicTestExecutor.execute(NodeTestTask.java:212)
	at org.junit.platform.engine.support.hierarchical.NodeTestTask$DefaultDynamicTestExecutor.execute(NodeTestTask.java:192)
	at org.junit.jupiter.engine.descriptor.TestTemplateTestDescriptor.execute(TestTemplateTestDescriptor.java:139)
	at org.junit.jupiter.engine.descriptor.TestTemplateTestDescriptor.lambda$execute$2(TestTemplateTestDescriptor.java:107)
	at java.base/java.util.stream.ForEachOps$ForEachOp$OfRef.accept(ForEachOps.java:183)
	at java.base/java.util.stream.ReferencePipeline$3$1.accept(ReferencePipeline.java:197)
	at java.base/java.util.stream.ReferencePipeline$2$1.accept(ReferencePipeline.java:179)
	at java.base/java.util.stream.ReferencePipeline$3$1.accept(ReferencePipeline.java:197)
	at java.base/java.util.stream.ForEachOps$ForEachOp$OfRef.accept(ForEachOps.java:183)
	at java.base/java.util.stream.ReferencePipeline$15$1.accept(ReferencePipeline.java:541)
	at java.base/java.util.stream.ReferencePipeline$3$1.accept(ReferencePipeline.java:197)
	at java.base/java.util.stream.ReferencePipeline$3$1.accept(ReferencePipeline.java:197)
	at java.base/java.util.stream.ReferencePipeline$3$1.accept(ReferencePipeline.java:197)
	at java.base/java.util.stream.ForEachOps$ForEachOp$OfRef.accept(ForEachOps.java:183)
	at java.base/java.util.stream.ReferencePipeline$3$1.accept(ReferencePipeline.java:197)
	at java.base/java.util.stream.ForEachOps$ForEachOp$OfRef.accept(ForEachOps.java:183)
	at java.base/java.util.stream.SliceOps$1$1.accept(SliceOps.java:200)
	at java.base/java.util.stream.StreamSpliterators$InfiniteSupplyingSpliterator$OfRef.tryAdvance(StreamSpliterators.java:1358)
	at java.base/java.util.stream.ReferencePipeline.forEachWithCancel(ReferencePipeline.java:129)
	at java.base/java.util.stream.AbstractPipeline.copyIntoWithCancel(AbstractPipeline.java:527)
	at java.base/java.util.stream.AbstractPipeline.copyInto(AbstractPipeline.java:513)
	at java.base/java.util.stream.AbstractPipeline.wrapAndCopyInto(AbstractPipeline.java:499)
	at java.base/java.util.stream.ForEachOps$ForEachOp.evaluateSequential(ForEachOps.java:150)
	at java.base/java.util.stream.ForEachOps$ForEachOp$OfRef.evaluateSequential(ForEachOps.java:173)
	at java.base/java.util.stream.AbstractPipeline.evaluate(AbstractPipeline.java:234)
	at java.base/java.util.stream.ReferencePipeline.forEach(ReferencePipeline.java:596)
	at java.base/java.util.stream.ReferencePipeline$7$1.accept(ReferencePipeline.java:276)
	at java.base/java.util.stream.ReferencePipeline$3$1.accept(ReferencePipeline.java:197)
	at java.base/java.util.stream.ReferencePipeline$3$1.accept(ReferencePipeline.java:197)
	at java.base/java.util.Spliterators$ArraySpliterator.forEachRemaining(Spliterators.java:992)
	at java.base/java.util.stream.AbstractPipeline.copyInto(AbstractPipeline.java:509)
	at java.base/java.util.stream.AbstractPipeline.wrapAndCopyInto(AbstractPipeline.java:499)
	at java.base/java.util.stream.ForEachOps$ForEachOp.evaluateSequential(ForEachOps.java:150)
	at java.base/java.util.stream.ForEachOps$ForEachOp$OfRef.evaluateSequential(ForEachOps.java:173)
	at java.base/java.util.stream.AbstractPipeline.evaluate(AbstractPipeline.java:234)
	at java.base/java.util.stream.ReferencePipeline.forEach(ReferencePipeline.java:596)
	at java.base/java.util.stream.ReferencePipeline$7$1.accept(ReferencePipeline.java:276)
	at java.base/java.util.stream.ReferencePipeline$3$1.accept(ReferencePipeline.java:197)
	at java.base/java.util.stream.ReferencePipeline$3$1.accept(ReferencePipeline.java:197)
	at java.base/java.util.stream.ReferencePipeline$3$1.accept(ReferencePipeline.java:197)
	at java.base/java.util.ArrayList$ArrayListSpliterator.forEachRemaining(ArrayList.java:1625)
	at java.base/java.util.stream.AbstractPipeline.copyInto(AbstractPipeline.java:509)
	at java.base/java.util.stream.AbstractPipeline.wrapAndCopyInto(AbstractPipeline.java:499)
	at java.base/java.util.stream.ForEachOps$ForEachOp.evaluateSequential(ForEachOps.java:150)
	at java.base/java.util.stream.ForEachOps$ForEachOp$OfRef.evaluateSequential(ForEachOps.java:173)
	at java.base/java.util.stream.AbstractPipeline.evaluate(AbstractPipeline.java:234)
	at java.base/java.util.stream.ReferencePipeline.forEach(ReferencePipeline.java:596)
	at java.base/java.util.stream.ReferencePipeline$7$1.accept(ReferencePipeline.java:276)
	at java.base/java.util.ArrayList$ArrayListSpliterator.forEachRemaining(ArrayList.java:1625)
	at java.base/java.util.stream.AbstractPipeline.copyInto(AbstractPipeline.java:509)
	at java.base/java.util.stream.AbstractPipeline.wrapAndCopyInto(AbstractPipeline.java:499)
	at java.base/java.util.stream.ForEachOps$ForEachOp.evaluateSequential(ForEachOps.java:150)
	at java.base/java.util.stream.ForEachOps$ForEachOp$OfRef.evaluateSequential(ForEachOps.java:173)
	at java.base/java.util.stream.AbstractPipeline.evaluate(AbstractPipeline.java:234)
	at java.base/java.util.stream.ReferencePipeline.forEach(ReferencePipeline.java:596)
	at org.junit.jupiter.engine.descriptor.TestTemplateTestDescriptor.execute(TestTemplateTestDescriptor.java:107)
	at org.junit.jupiter.engine.descriptor.TestTemplateTestDescriptor.execute(TestTemplateTestDescriptor.java:42)
	at org.junit.platform.engine.support.hierarchical.NodeTestTask.lambda$executeRecursively$5(NodeTestTask.java:139)
	at org.junit.platform.engine.support.hierarchical.ThrowableCollector.execute(ThrowableCollector.java:73)
	at org.junit.platform.engine.support.hierarchical.NodeTestTask.lambda$executeRecursively$7(NodeTestTask.java:129)
	at org.junit.platform.engine.support.hierarchical.Node.around(Node.java:137)
	at org.junit.platform.engine.support.hierarchical.NodeTestTask.lambda$executeRecursively$8(NodeTestTask.java:127)
	at org.junit.platform.engine.support.hierarchical.ThrowableCollector.execute(ThrowableCollector.java:73)
	at org.junit.platform.engine.support.hierarchical.NodeTestTask.executeRecursively(NodeTestTask.java:126)
	at org.junit.platform.engine.support.hierarchical.NodeTestTask.execute(NodeTestTask.java:84)
	at java.base/java.util.ArrayList.forEach(ArrayList.java:1511)
	at org.junit.platform.engine.support.hierarchical.SameThreadHierarchicalTestExecutorService.invokeAll(SameThreadHierarchicalTestExecutorService.java:38)
	at org.junit.platform.engine.support.hierarchical.NodeTestTask.lambda$executeRecursively$5(NodeTestTask.java:143)
	at org.junit.platform.engine.support.hierarchical.ThrowableCollector.execute(ThrowableCollector.java:73)
	at org.junit.platform.engine.support.hierarchical.NodeTestTask.lambda$executeRecursively$7(NodeTestTask.java:129)
	at org.junit.platform.engine.support.hierarchical.Node.around(Node.java:137)
	at org.junit.platform.engine.support.hierarchical.NodeTestTask.lambda$executeRecursively$8(NodeTestTask.java:127)
	at org.junit.platform.engine.support.hierarchical.ThrowableCollector.execute(ThrowableCollector.java:73)
	at org.junit.platform.engine.support.hierarchical.NodeTestTask.executeRecursively(NodeTestTask.java:126)
	at org.junit.platform.engine.support.hierarchical.NodeTestTask.execute(NodeTestTask.java:84)
	at java.base/java.util.ArrayList.forEach(ArrayList.java:1511)
	at org.junit.platform.engine.support.hierarchical.SameThreadHierarchicalTestExecutorService.invokeAll(SameThreadHierarchicalTestExecutorService.java:38)
	at org.junit.platform.engine.support.hierarchical.NodeTestTask.lambda$executeRecursively$5(NodeTestTask.java:143)
	at org.junit.platform.engine.support.hierarchical.ThrowableCollector.execute(ThrowableCollector.java:73)
	at org.junit.platform.engine.support.hierarchical.NodeTestTask.lambda$executeRecursively$7(NodeTestTask.java:129)
	at org.junit.platform.engine.support.hierarchical.Node.around(Node.java:137)
	at org.junit.platform.engine.support.hierarchical.NodeTestTask.lambda$executeRecursively$8(NodeTestTask.java:127)
	at org.junit.platform.engine.support.hierarchical.ThrowableCollector.execute(ThrowableCollector.java:73)
	at org.junit.platform.engine.support.hierarchical.NodeTestTask.executeRecursively(NodeTestTask.java:126)
	at org.junit.platform.engine.support.hierarchical.NodeTestTask.execute(NodeTestTask.java:84)
	at org.junit.platform.engine.support.hierarchical.SameThreadHierarchicalTestExecutorService.submit(SameThreadHierarchicalTestExecutorService.java:32)
	at org.junit.platform.engine.support.hierarchical.HierarchicalTestExecutor.execute(HierarchicalTestExecutor.java:57)
	at org.junit.platform.engine.support.hierarchical.HierarchicalTestEngine.execute(HierarchicalTestEngine.java:51)
	at org.junit.platform.launcher.core.EngineExecutionOrchestrator.execute(EngineExecutionOrchestrator.java:108)
	at org.junit.platform.launcher.core.EngineExecutionOrchestrator.execute(EngineExecutionOrchestrator.java:88)
	at org.junit.platform.launcher.core.EngineExecutionOrchestrator.lambda$execute$0(EngineExecutionOrchestrator.java:54)
	at org.junit.platform.launcher.core.EngineExecutionOrchestrator.withInterceptedStreams(EngineExecutionOrchestrator.java:67)
	at org.junit.platform.launcher.core.EngineExecutionOrchestrator.execute(EngineExecutionOrchestrator.java:52)
	at org.junit.platform.launcher.core.DefaultLauncher.execute(DefaultLauncher.java:96)
	at org.junit.platform.launcher.core.DefaultLauncher.execute(DefaultLauncher.java:75)
	at org.junit.platform.console.tasks.ConsoleTestExecutor.executeTests(ConsoleTestExecutor.java:66)
	at org.junit.platform.console.tasks.ConsoleTestExecutor.lambda$execute$0(ConsoleTestExecutor.java:58)
	at org.junit.platform.console.tasks.CustomContextClassLoaderExecutor.replaceThreadContextClassLoaderAndInvoke(CustomContextClassLoaderExecutor.java:41)
	at org.junit.platform.console.tasks.CustomContextClassLoaderExecutor.invoke(CustomContextClassLoaderExecutor.java:31)
	at org.junit.platform.console.tasks.ConsoleTestExecutor.execute(ConsoleTestExecutor.java:58)
	at org.junit.platform.console.ConsoleLauncher.executeTests(ConsoleLauncher.java:95)
	at org.junit.platform.console.ConsoleLauncher.execute(ConsoleLauncher.java:73)
	at org.junit.platform.console.ConsoleLauncher.execute(ConsoleLauncher.java:50)
	at org.junit.platform.console.ConsoleLauncher.execute(ConsoleLauncher.java:43)
	at org.junit.platform.console.ConsoleLauncher.main(ConsoleLauncher.java:37)
]]></skipped>
<system-out><![CDATA[
unique-id: [engine:junit-jupiter]/[class:minebayd1.test.TestUser]/[test-template:testprevious(minebayd1.User)]/[test-template-invocation:#81]
display-name: [81] Sheraz a 49 annonces ouvertes, 3 annonces fermées et 6 achats 

]]></system-out>
</testcase>
<testcase name="testprevious(User)[82]" classname="minebayd1.test.TestUser" time="0">
<skipped><![CDATA[org.opentest4j.TestAbortedException: Assumption failed: assumption is not true
	at org.junit.jupiter.api.Assumptions.throwTestAbortedException(Assumptions.java:256)
	at org.junit.jupiter.api.Assumptions.assumeTrue(Assumptions.java:115)
	at org.junit.jupiter.api.Assumptions.assumeTrue(Assumptions.java:66)
	at minebayd1.test.TestUser.testprevious(TestUser.java:1288)
	at jdk.internal.reflect.GeneratedMethodAccessor15.invoke(Unknown Source)
	at java.base/jdk.internal.reflect.DelegatingMethodAccessorImpl.invoke(DelegatingMethodAccessorImpl.java:43)
	at java.base/java.lang.reflect.Method.invoke(Method.java:569)
	at org.junit.platform.commons.util.ReflectionUtils.invokeMethod(ReflectionUtils.java:688)
	at org.junit.jupiter.engine.execution.MethodInvocation.proceed(MethodInvocation.java:60)
	at org.junit.jupiter.engine.execution.InvocationInterceptorChain$ValidatingInvocation.proceed(InvocationInterceptorChain.java:131)
	at org.junit.jupiter.engine.extension.TimeoutExtension.intercept(TimeoutExtension.java:149)
	at org.junit.jupiter.engine.extension.TimeoutExtension.interceptTestableMethod(TimeoutExtension.java:140)
	at org.junit.jupiter.engine.extension.TimeoutExtension.interceptTestTemplateMethod(TimeoutExtension.java:92)
	at org.junit.jupiter.engine.execution.ExecutableInvoker$ReflectiveInterceptorCall.lambda$ofVoidMethod$0(ExecutableInvoker.java:115)
	at org.junit.jupiter.engine.execution.ExecutableInvoker.lambda$invoke$0(ExecutableInvoker.java:105)
	at org.junit.jupiter.engine.execution.InvocationInterceptorChain$InterceptedInvocation.proceed(InvocationInterceptorChain.java:106)
	at org.junit.jupiter.engine.execution.InvocationInterceptorChain.proceed(InvocationInterceptorChain.java:64)
	at org.junit.jupiter.engine.execution.InvocationInterceptorChain.chainAndInvoke(InvocationInterceptorChain.java:45)
	at org.junit.jupiter.engine.execution.InvocationInterceptorChain.invoke(InvocationInterceptorChain.java:37)
	at org.junit.jupiter.engine.execution.ExecutableInvoker.invoke(ExecutableInvoker.java:104)
	at org.junit.jupiter.engine.execution.ExecutableInvoker.invoke(ExecutableInvoker.java:98)
	at org.junit.jupiter.engine.descriptor.TestMethodTestDescriptor.lambda$invokeTestMethod$6(TestMethodTestDescriptor.java:210)
	at org.junit.platform.engine.support.hierarchical.ThrowableCollector.execute(ThrowableCollector.java:73)
	at org.junit.jupiter.engine.descriptor.TestMethodTestDescriptor.invokeTestMethod(TestMethodTestDescriptor.java:206)
	at org.junit.jupiter.engine.descriptor.TestMethodTestDescriptor.execute(TestMethodTestDescriptor.java:131)
	at org.junit.jupiter.engine.descriptor.TestMethodTestDescriptor.execute(TestMethodTestDescriptor.java:65)
	at org.junit.platform.engine.support.hierarchical.NodeTestTask.lambda$executeRecursively$5(NodeTestTask.java:139)
	at org.junit.platform.engine.support.hierarchical.ThrowableCollector.execute(ThrowableCollector.java:73)
	at org.junit.platform.engine.support.hierarchical.NodeTestTask.lambda$executeRecursively$7(NodeTestTask.java:129)
	at org.junit.platform.engine.support.hierarchical.Node.around(Node.java:137)
	at org.junit.platform.engine.support.hierarchical.NodeTestTask.lambda$executeRecursively$8(NodeTestTask.java:127)
	at org.junit.platform.engine.support.hierarchical.ThrowableCollector.execute(ThrowableCollector.java:73)
	at org.junit.platform.engine.support.hierarchical.NodeTestTask.executeRecursively(NodeTestTask.java:126)
	at org.junit.platform.engine.support.hierarchical.NodeTestTask.execute(NodeTestTask.java:84)
	at org.junit.platform.engine.support.hierarchical.SameThreadHierarchicalTestExecutorService.submit(SameThreadHierarchicalTestExecutorService.java:32)
	at org.junit.platform.engine.support.hierarchical.NodeTestTask$DefaultDynamicTestExecutor.execute(NodeTestTask.java:212)
	at org.junit.platform.engine.support.hierarchical.NodeTestTask$DefaultDynamicTestExecutor.execute(NodeTestTask.java:192)
	at org.junit.jupiter.engine.descriptor.TestTemplateTestDescriptor.execute(TestTemplateTestDescriptor.java:139)
	at org.junit.jupiter.engine.descriptor.TestTemplateTestDescriptor.lambda$execute$2(TestTemplateTestDescriptor.java:107)
	at java.base/java.util.stream.ForEachOps$ForEachOp$OfRef.accept(ForEachOps.java:183)
	at java.base/java.util.stream.ReferencePipeline$3$1.accept(ReferencePipeline.java:197)
	at java.base/java.util.stream.ReferencePipeline$2$1.accept(ReferencePipeline.java:179)
	at java.base/java.util.stream.ReferencePipeline$3$1.accept(ReferencePipeline.java:197)
	at java.base/java.util.stream.ForEachOps$ForEachOp$OfRef.accept(ForEachOps.java:183)
	at java.base/java.util.stream.ReferencePipeline$15$1.accept(ReferencePipeline.java:541)
	at java.base/java.util.stream.ReferencePipeline$3$1.accept(ReferencePipeline.java:197)
	at java.base/java.util.stream.ReferencePipeline$3$1.accept(ReferencePipeline.java:197)
	at java.base/java.util.stream.ReferencePipeline$3$1.accept(ReferencePipeline.java:197)
	at java.base/java.util.stream.ForEachOps$ForEachOp$OfRef.accept(ForEachOps.java:183)
	at java.base/java.util.stream.ReferencePipeline$3$1.accept(ReferencePipeline.java:197)
	at java.base/java.util.stream.ForEachOps$ForEachOp$OfRef.accept(ForEachOps.java:183)
	at java.base/java.util.stream.SliceOps$1$1.accept(SliceOps.java:200)
	at java.base/java.util.stream.StreamSpliterators$InfiniteSupplyingSpliterator$OfRef.tryAdvance(StreamSpliterators.java:1358)
	at java.base/java.util.stream.ReferencePipeline.forEachWithCancel(ReferencePipeline.java:129)
	at java.base/java.util.stream.AbstractPipeline.copyIntoWithCancel(AbstractPipeline.java:527)
	at java.base/java.util.stream.AbstractPipeline.copyInto(AbstractPipeline.java:513)
	at java.base/java.util.stream.AbstractPipeline.wrapAndCopyInto(AbstractPipeline.java:499)
	at java.base/java.util.stream.ForEachOps$ForEachOp.evaluateSequential(ForEachOps.java:150)
	at java.base/java.util.stream.ForEachOps$ForEachOp$OfRef.evaluateSequential(ForEachOps.java:173)
	at java.base/java.util.stream.AbstractPipeline.evaluate(AbstractPipeline.java:234)
	at java.base/java.util.stream.ReferencePipeline.forEach(ReferencePipeline.java:596)
	at java.base/java.util.stream.ReferencePipeline$7$1.accept(ReferencePipeline.java:276)
	at java.base/java.util.stream.ReferencePipeline$3$1.accept(ReferencePipeline.java:197)
	at java.base/java.util.stream.ReferencePipeline$3$1.accept(ReferencePipeline.java:197)
	at java.base/java.util.Spliterators$ArraySpliterator.forEachRemaining(Spliterators.java:992)
	at java.base/java.util.stream.AbstractPipeline.copyInto(AbstractPipeline.java:509)
	at java.base/java.util.stream.AbstractPipeline.wrapAndCopyInto(AbstractPipeline.java:499)
	at java.base/java.util.stream.ForEachOps$ForEachOp.evaluateSequential(ForEachOps.java:150)
	at java.base/java.util.stream.ForEachOps$ForEachOp$OfRef.evaluateSequential(ForEachOps.java:173)
	at java.base/java.util.stream.AbstractPipeline.evaluate(AbstractPipeline.java:234)
	at java.base/java.util.stream.ReferencePipeline.forEach(ReferencePipeline.java:596)
	at java.base/java.util.stream.ReferencePipeline$7$1.accept(ReferencePipeline.java:276)
	at java.base/java.util.stream.ReferencePipeline$3$1.accept(ReferencePipeline.java:197)
	at java.base/java.util.stream.ReferencePipeline$3$1.accept(ReferencePipeline.java:197)
	at java.base/java.util.stream.ReferencePipeline$3$1.accept(ReferencePipeline.java:197)
	at java.base/java.util.ArrayList$ArrayListSpliterator.forEachRemaining(ArrayList.java:1625)
	at java.base/java.util.stream.AbstractPipeline.copyInto(AbstractPipeline.java:509)
	at java.base/java.util.stream.AbstractPipeline.wrapAndCopyInto(AbstractPipeline.java:499)
	at java.base/java.util.stream.ForEachOps$ForEachOp.evaluateSequential(ForEachOps.java:150)
	at java.base/java.util.stream.ForEachOps$ForEachOp$OfRef.evaluateSequential(ForEachOps.java:173)
	at java.base/java.util.stream.AbstractPipeline.evaluate(AbstractPipeline.java:234)
	at java.base/java.util.stream.ReferencePipeline.forEach(ReferencePipeline.java:596)
	at java.base/java.util.stream.ReferencePipeline$7$1.accept(ReferencePipeline.java:276)
	at java.base/java.util.ArrayList$ArrayListSpliterator.forEachRemaining(ArrayList.java:1625)
	at java.base/java.util.stream.AbstractPipeline.copyInto(AbstractPipeline.java:509)
	at java.base/java.util.stream.AbstractPipeline.wrapAndCopyInto(AbstractPipeline.java:499)
	at java.base/java.util.stream.ForEachOps$ForEachOp.evaluateSequential(ForEachOps.java:150)
	at java.base/java.util.stream.ForEachOps$ForEachOp$OfRef.evaluateSequential(ForEachOps.java:173)
	at java.base/java.util.stream.AbstractPipeline.evaluate(AbstractPipeline.java:234)
	at java.base/java.util.stream.ReferencePipeline.forEach(ReferencePipeline.java:596)
	at org.junit.jupiter.engine.descriptor.TestTemplateTestDescriptor.execute(TestTemplateTestDescriptor.java:107)
	at org.junit.jupiter.engine.descriptor.TestTemplateTestDescriptor.execute(TestTemplateTestDescriptor.java:42)
	at org.junit.platform.engine.support.hierarchical.NodeTestTask.lambda$executeRecursively$5(NodeTestTask.java:139)
	at org.junit.platform.engine.support.hierarchical.ThrowableCollector.execute(ThrowableCollector.java:73)
	at org.junit.platform.engine.support.hierarchical.NodeTestTask.lambda$executeRecursively$7(NodeTestTask.java:129)
	at org.junit.platform.engine.support.hierarchical.Node.around(Node.java:137)
	at org.junit.platform.engine.support.hierarchical.NodeTestTask.lambda$executeRecursively$8(NodeTestTask.java:127)
	at org.junit.platform.engine.support.hierarchical.ThrowableCollector.execute(ThrowableCollector.java:73)
	at org.junit.platform.engine.support.hierarchical.NodeTestTask.executeRecursively(NodeTestTask.java:126)
	at org.junit.platform.engine.support.hierarchical.NodeTestTask.execute(NodeTestTask.java:84)
	at java.base/java.util.ArrayList.forEach(ArrayList.java:1511)
	at org.junit.platform.engine.support.hierarchical.SameThreadHierarchicalTestExecutorService.invokeAll(SameThreadHierarchicalTestExecutorService.java:38)
	at org.junit.platform.engine.support.hierarchical.NodeTestTask.lambda$executeRecursively$5(NodeTestTask.java:143)
	at org.junit.platform.engine.support.hierarchical.ThrowableCollector.execute(ThrowableCollector.java:73)
	at org.junit.platform.engine.support.hierarchical.NodeTestTask.lambda$executeRecursively$7(NodeTestTask.java:129)
	at org.junit.platform.engine.support.hierarchical.Node.around(Node.java:137)
	at org.junit.platform.engine.support.hierarchical.NodeTestTask.lambda$executeRecursively$8(NodeTestTask.java:127)
	at org.junit.platform.engine.support.hierarchical.ThrowableCollector.execute(ThrowableCollector.java:73)
	at org.junit.platform.engine.support.hierarchical.NodeTestTask.executeRecursively(NodeTestTask.java:126)
	at org.junit.platform.engine.support.hierarchical.NodeTestTask.execute(NodeTestTask.java:84)
	at java.base/java.util.ArrayList.forEach(ArrayList.java:1511)
	at org.junit.platform.engine.support.hierarchical.SameThreadHierarchicalTestExecutorService.invokeAll(SameThreadHierarchicalTestExecutorService.java:38)
	at org.junit.platform.engine.support.hierarchical.NodeTestTask.lambda$executeRecursively$5(NodeTestTask.java:143)
	at org.junit.platform.engine.support.hierarchical.ThrowableCollector.execute(ThrowableCollector.java:73)
	at org.junit.platform.engine.support.hierarchical.NodeTestTask.lambda$executeRecursively$7(NodeTestTask.java:129)
	at org.junit.platform.engine.support.hierarchical.Node.around(Node.java:137)
	at org.junit.platform.engine.support.hierarchical.NodeTestTask.lambda$executeRecursively$8(NodeTestTask.java:127)
	at org.junit.platform.engine.support.hierarchical.ThrowableCollector.execute(ThrowableCollector.java:73)
	at org.junit.platform.engine.support.hierarchical.NodeTestTask.executeRecursively(NodeTestTask.java:126)
	at org.junit.platform.engine.support.hierarchical.NodeTestTask.execute(NodeTestTask.java:84)
	at org.junit.platform.engine.support.hierarchical.SameThreadHierarchicalTestExecutorService.submit(SameThreadHierarchicalTestExecutorService.java:32)
	at org.junit.platform.engine.support.hierarchical.HierarchicalTestExecutor.execute(HierarchicalTestExecutor.java:57)
	at org.junit.platform.engine.support.hierarchical.HierarchicalTestEngine.execute(HierarchicalTestEngine.java:51)
	at org.junit.platform.launcher.core.EngineExecutionOrchestrator.execute(EngineExecutionOrchestrator.java:108)
	at org.junit.platform.launcher.core.EngineExecutionOrchestrator.execute(EngineExecutionOrchestrator.java:88)
	at org.junit.platform.launcher.core.EngineExecutionOrchestrator.lambda$execute$0(EngineExecutionOrchestrator.java:54)
	at org.junit.platform.launcher.core.EngineExecutionOrchestrator.withInterceptedStreams(EngineExecutionOrchestrator.java:67)
	at org.junit.platform.launcher.core.EngineExecutionOrchestrator.execute(EngineExecutionOrchestrator.java:52)
	at org.junit.platform.launcher.core.DefaultLauncher.execute(DefaultLauncher.java:96)
	at org.junit.platform.launcher.core.DefaultLauncher.execute(DefaultLauncher.java:75)
	at org.junit.platform.console.tasks.ConsoleTestExecutor.executeTests(ConsoleTestExecutor.java:66)
	at org.junit.platform.console.tasks.ConsoleTestExecutor.lambda$execute$0(ConsoleTestExecutor.java:58)
	at org.junit.platform.console.tasks.CustomContextClassLoaderExecutor.replaceThreadContextClassLoaderAndInvoke(CustomContextClassLoaderExecutor.java:41)
	at org.junit.platform.console.tasks.CustomContextClassLoaderExecutor.invoke(CustomContextClassLoaderExecutor.java:31)
	at org.junit.platform.console.tasks.ConsoleTestExecutor.execute(ConsoleTestExecutor.java:58)
	at org.junit.platform.console.ConsoleLauncher.executeTests(ConsoleLauncher.java:95)
	at org.junit.platform.console.ConsoleLauncher.execute(ConsoleLauncher.java:73)
	at org.junit.platform.console.ConsoleLauncher.execute(ConsoleLauncher.java:50)
	at org.junit.platform.console.ConsoleLauncher.execute(ConsoleLauncher.java:43)
	at org.junit.platform.console.ConsoleLauncher.main(ConsoleLauncher.java:37)
]]></skipped>
<system-out><![CDATA[
unique-id: [engine:junit-jupiter]/[class:minebayd1.test.TestUser]/[test-template:testprevious(minebayd1.User)]/[test-template-invocation:#82]
display-name: [82] Mohamed a 45 annonces ouvertes, 2 annonces fermées et 3 achats 

]]></system-out>
</testcase>
<testcase name="testprevious(User)[83]" classname="minebayd1.test.TestUser" time="0">
<system-out><![CDATA[
unique-id: [engine:junit-jupiter]/[class:minebayd1.test.TestUser]/[test-template:testprevious(minebayd1.User)]/[test-template-invocation:#83]
display-name: [83] Aliou a 50 annonces ouvertes, 3 annonces fermées et 2 achats 

]]></system-out>
</testcase>
<testcase name="testprevious(User)[84]" classname="minebayd1.test.TestUser" time="0">
<skipped><![CDATA[org.opentest4j.TestAbortedException: Assumption failed: assumption is not true
	at org.junit.jupiter.api.Assumptions.throwTestAbortedException(Assumptions.java:256)
	at org.junit.jupiter.api.Assumptions.assumeTrue(Assumptions.java:115)
	at org.junit.jupiter.api.Assumptions.assumeTrue(Assumptions.java:66)
	at minebayd1.test.TestUser.testprevious(TestUser.java:1288)
	at jdk.internal.reflect.GeneratedMethodAccessor15.invoke(Unknown Source)
	at java.base/jdk.internal.reflect.DelegatingMethodAccessorImpl.invoke(DelegatingMethodAccessorImpl.java:43)
	at java.base/java.lang.reflect.Method.invoke(Method.java:569)
	at org.junit.platform.commons.util.ReflectionUtils.invokeMethod(ReflectionUtils.java:688)
	at org.junit.jupiter.engine.execution.MethodInvocation.proceed(MethodInvocation.java:60)
	at org.junit.jupiter.engine.execution.InvocationInterceptorChain$ValidatingInvocation.proceed(InvocationInterceptorChain.java:131)
	at org.junit.jupiter.engine.extension.TimeoutExtension.intercept(TimeoutExtension.java:149)
	at org.junit.jupiter.engine.extension.TimeoutExtension.interceptTestableMethod(TimeoutExtension.java:140)
	at org.junit.jupiter.engine.extension.TimeoutExtension.interceptTestTemplateMethod(TimeoutExtension.java:92)
	at org.junit.jupiter.engine.execution.ExecutableInvoker$ReflectiveInterceptorCall.lambda$ofVoidMethod$0(ExecutableInvoker.java:115)
	at org.junit.jupiter.engine.execution.ExecutableInvoker.lambda$invoke$0(ExecutableInvoker.java:105)
	at org.junit.jupiter.engine.execution.InvocationInterceptorChain$InterceptedInvocation.proceed(InvocationInterceptorChain.java:106)
	at org.junit.jupiter.engine.execution.InvocationInterceptorChain.proceed(InvocationInterceptorChain.java:64)
	at org.junit.jupiter.engine.execution.InvocationInterceptorChain.chainAndInvoke(InvocationInterceptorChain.java:45)
	at org.junit.jupiter.engine.execution.InvocationInterceptorChain.invoke(InvocationInterceptorChain.java:37)
	at org.junit.jupiter.engine.execution.ExecutableInvoker.invoke(ExecutableInvoker.java:104)
	at org.junit.jupiter.engine.execution.ExecutableInvoker.invoke(ExecutableInvoker.java:98)
	at org.junit.jupiter.engine.descriptor.TestMethodTestDescriptor.lambda$invokeTestMethod$6(TestMethodTestDescriptor.java:210)
	at org.junit.platform.engine.support.hierarchical.ThrowableCollector.execute(ThrowableCollector.java:73)
	at org.junit.jupiter.engine.descriptor.TestMethodTestDescriptor.invokeTestMethod(TestMethodTestDescriptor.java:206)
	at org.junit.jupiter.engine.descriptor.TestMethodTestDescriptor.execute(TestMethodTestDescriptor.java:131)
	at org.junit.jupiter.engine.descriptor.TestMethodTestDescriptor.execute(TestMethodTestDescriptor.java:65)
	at org.junit.platform.engine.support.hierarchical.NodeTestTask.lambda$executeRecursively$5(NodeTestTask.java:139)
	at org.junit.platform.engine.support.hierarchical.ThrowableCollector.execute(ThrowableCollector.java:73)
	at org.junit.platform.engine.support.hierarchical.NodeTestTask.lambda$executeRecursively$7(NodeTestTask.java:129)
	at org.junit.platform.engine.support.hierarchical.Node.around(Node.java:137)
	at org.junit.platform.engine.support.hierarchical.NodeTestTask.lambda$executeRecursively$8(NodeTestTask.java:127)
	at org.junit.platform.engine.support.hierarchical.ThrowableCollector.execute(ThrowableCollector.java:73)
	at org.junit.platform.engine.support.hierarchical.NodeTestTask.executeRecursively(NodeTestTask.java:126)
	at org.junit.platform.engine.support.hierarchical.NodeTestTask.execute(NodeTestTask.java:84)
	at org.junit.platform.engine.support.hierarchical.SameThreadHierarchicalTestExecutorService.submit(SameThreadHierarchicalTestExecutorService.java:32)
	at org.junit.platform.engine.support.hierarchical.NodeTestTask$DefaultDynamicTestExecutor.execute(NodeTestTask.java:212)
	at org.junit.platform.engine.support.hierarchical.NodeTestTask$DefaultDynamicTestExecutor.execute(NodeTestTask.java:192)
	at org.junit.jupiter.engine.descriptor.TestTemplateTestDescriptor.execute(TestTemplateTestDescriptor.java:139)
	at org.junit.jupiter.engine.descriptor.TestTemplateTestDescriptor.lambda$execute$2(TestTemplateTestDescriptor.java:107)
	at java.base/java.util.stream.ForEachOps$ForEachOp$OfRef.accept(ForEachOps.java:183)
	at java.base/java.util.stream.ReferencePipeline$3$1.accept(ReferencePipeline.java:197)
	at java.base/java.util.stream.ReferencePipeline$2$1.accept(ReferencePipeline.java:179)
	at java.base/java.util.stream.ReferencePipeline$3$1.accept(ReferencePipeline.java:197)
	at java.base/java.util.stream.ForEachOps$ForEachOp$OfRef.accept(ForEachOps.java:183)
	at java.base/java.util.stream.ReferencePipeline$15$1.accept(ReferencePipeline.java:541)
	at java.base/java.util.stream.ReferencePipeline$3$1.accept(ReferencePipeline.java:197)
	at java.base/java.util.stream.ReferencePipeline$3$1.accept(ReferencePipeline.java:197)
	at java.base/java.util.stream.ReferencePipeline$3$1.accept(ReferencePipeline.java:197)
	at java.base/java.util.stream.ForEachOps$ForEachOp$OfRef.accept(ForEachOps.java:183)
	at java.base/java.util.stream.ReferencePipeline$3$1.accept(ReferencePipeline.java:197)
	at java.base/java.util.stream.ForEachOps$ForEachOp$OfRef.accept(ForEachOps.java:183)
	at java.base/java.util.stream.SliceOps$1$1.accept(SliceOps.java:200)
	at java.base/java.util.stream.StreamSpliterators$InfiniteSupplyingSpliterator$OfRef.tryAdvance(StreamSpliterators.java:1358)
	at java.base/java.util.stream.ReferencePipeline.forEachWithCancel(ReferencePipeline.java:129)
	at java.base/java.util.stream.AbstractPipeline.copyIntoWithCancel(AbstractPipeline.java:527)
	at java.base/java.util.stream.AbstractPipeline.copyInto(AbstractPipeline.java:513)
	at java.base/java.util.stream.AbstractPipeline.wrapAndCopyInto(AbstractPipeline.java:499)
	at java.base/java.util.stream.ForEachOps$ForEachOp.evaluateSequential(ForEachOps.java:150)
	at java.base/java.util.stream.ForEachOps$ForEachOp$OfRef.evaluateSequential(ForEachOps.java:173)
	at java.base/java.util.stream.AbstractPipeline.evaluate(AbstractPipeline.java:234)
	at java.base/java.util.stream.ReferencePipeline.forEach(ReferencePipeline.java:596)
	at java.base/java.util.stream.ReferencePipeline$7$1.accept(ReferencePipeline.java:276)
	at java.base/java.util.stream.ReferencePipeline$3$1.accept(ReferencePipeline.java:197)
	at java.base/java.util.stream.ReferencePipeline$3$1.accept(ReferencePipeline.java:197)
	at java.base/java.util.Spliterators$ArraySpliterator.forEachRemaining(Spliterators.java:992)
	at java.base/java.util.stream.AbstractPipeline.copyInto(AbstractPipeline.java:509)
	at java.base/java.util.stream.AbstractPipeline.wrapAndCopyInto(AbstractPipeline.java:499)
	at java.base/java.util.stream.ForEachOps$ForEachOp.evaluateSequential(ForEachOps.java:150)
	at java.base/java.util.stream.ForEachOps$ForEachOp$OfRef.evaluateSequential(ForEachOps.java:173)
	at java.base/java.util.stream.AbstractPipeline.evaluate(AbstractPipeline.java:234)
	at java.base/java.util.stream.ReferencePipeline.forEach(ReferencePipeline.java:596)
	at java.base/java.util.stream.ReferencePipeline$7$1.accept(ReferencePipeline.java:276)
	at java.base/java.util.stream.ReferencePipeline$3$1.accept(ReferencePipeline.java:197)
	at java.base/java.util.stream.ReferencePipeline$3$1.accept(ReferencePipeline.java:197)
	at java.base/java.util.stream.ReferencePipeline$3$1.accept(ReferencePipeline.java:197)
	at java.base/java.util.ArrayList$ArrayListSpliterator.forEachRemaining(ArrayList.java:1625)
	at java.base/java.util.stream.AbstractPipeline.copyInto(AbstractPipeline.java:509)
	at java.base/java.util.stream.AbstractPipeline.wrapAndCopyInto(AbstractPipeline.java:499)
	at java.base/java.util.stream.ForEachOps$ForEachOp.evaluateSequential(ForEachOps.java:150)
	at java.base/java.util.stream.ForEachOps$ForEachOp$OfRef.evaluateSequential(ForEachOps.java:173)
	at java.base/java.util.stream.AbstractPipeline.evaluate(AbstractPipeline.java:234)
	at java.base/java.util.stream.ReferencePipeline.forEach(ReferencePipeline.java:596)
	at java.base/java.util.stream.ReferencePipeline$7$1.accept(ReferencePipeline.java:276)
	at java.base/java.util.ArrayList$ArrayListSpliterator.forEachRemaining(ArrayList.java:1625)
	at java.base/java.util.stream.AbstractPipeline.copyInto(AbstractPipeline.java:509)
	at java.base/java.util.stream.AbstractPipeline.wrapAndCopyInto(AbstractPipeline.java:499)
	at java.base/java.util.stream.ForEachOps$ForEachOp.evaluateSequential(ForEachOps.java:150)
	at java.base/java.util.stream.ForEachOps$ForEachOp$OfRef.evaluateSequential(ForEachOps.java:173)
	at java.base/java.util.stream.AbstractPipeline.evaluate(AbstractPipeline.java:234)
	at java.base/java.util.stream.ReferencePipeline.forEach(ReferencePipeline.java:596)
	at org.junit.jupiter.engine.descriptor.TestTemplateTestDescriptor.execute(TestTemplateTestDescriptor.java:107)
	at org.junit.jupiter.engine.descriptor.TestTemplateTestDescriptor.execute(TestTemplateTestDescriptor.java:42)
	at org.junit.platform.engine.support.hierarchical.NodeTestTask.lambda$executeRecursively$5(NodeTestTask.java:139)
	at org.junit.platform.engine.support.hierarchical.ThrowableCollector.execute(ThrowableCollector.java:73)
	at org.junit.platform.engine.support.hierarchical.NodeTestTask.lambda$executeRecursively$7(NodeTestTask.java:129)
	at org.junit.platform.engine.support.hierarchical.Node.around(Node.java:137)
	at org.junit.platform.engine.support.hierarchical.NodeTestTask.lambda$executeRecursively$8(NodeTestTask.java:127)
	at org.junit.platform.engine.support.hierarchical.ThrowableCollector.execute(ThrowableCollector.java:73)
	at org.junit.platform.engine.support.hierarchical.NodeTestTask.executeRecursively(NodeTestTask.java:126)
	at org.junit.platform.engine.support.hierarchical.NodeTestTask.execute(NodeTestTask.java:84)
	at java.base/java.util.ArrayList.forEach(ArrayList.java:1511)
	at org.junit.platform.engine.support.hierarchical.SameThreadHierarchicalTestExecutorService.invokeAll(SameThreadHierarchicalTestExecutorService.java:38)
	at org.junit.platform.engine.support.hierarchical.NodeTestTask.lambda$executeRecursively$5(NodeTestTask.java:143)
	at org.junit.platform.engine.support.hierarchical.ThrowableCollector.execute(ThrowableCollector.java:73)
	at org.junit.platform.engine.support.hierarchical.NodeTestTask.lambda$executeRecursively$7(NodeTestTask.java:129)
	at org.junit.platform.engine.support.hierarchical.Node.around(Node.java:137)
	at org.junit.platform.engine.support.hierarchical.NodeTestTask.lambda$executeRecursively$8(NodeTestTask.java:127)
	at org.junit.platform.engine.support.hierarchical.ThrowableCollector.execute(ThrowableCollector.java:73)
	at org.junit.platform.engine.support.hierarchical.NodeTestTask.executeRecursively(NodeTestTask.java:126)
	at org.junit.platform.engine.support.hierarchical.NodeTestTask.execute(NodeTestTask.java:84)
	at java.base/java.util.ArrayList.forEach(ArrayList.java:1511)
	at org.junit.platform.engine.support.hierarchical.SameThreadHierarchicalTestExecutorService.invokeAll(SameThreadHierarchicalTestExecutorService.java:38)
	at org.junit.platform.engine.support.hierarchical.NodeTestTask.lambda$executeRecursively$5(NodeTestTask.java:143)
	at org.junit.platform.engine.support.hierarchical.ThrowableCollector.execute(ThrowableCollector.java:73)
	at org.junit.platform.engine.support.hierarchical.NodeTestTask.lambda$executeRecursively$7(NodeTestTask.java:129)
	at org.junit.platform.engine.support.hierarchical.Node.around(Node.java:137)
	at org.junit.platform.engine.support.hierarchical.NodeTestTask.lambda$executeRecursively$8(NodeTestTask.java:127)
	at org.junit.platform.engine.support.hierarchical.ThrowableCollector.execute(ThrowableCollector.java:73)
	at org.junit.platform.engine.support.hierarchical.NodeTestTask.executeRecursively(NodeTestTask.java:126)
	at org.junit.platform.engine.support.hierarchical.NodeTestTask.execute(NodeTestTask.java:84)
	at org.junit.platform.engine.support.hierarchical.SameThreadHierarchicalTestExecutorService.submit(SameThreadHierarchicalTestExecutorService.java:32)
	at org.junit.platform.engine.support.hierarchical.HierarchicalTestExecutor.execute(HierarchicalTestExecutor.java:57)
	at org.junit.platform.engine.support.hierarchical.HierarchicalTestEngine.execute(HierarchicalTestEngine.java:51)
	at org.junit.platform.launcher.core.EngineExecutionOrchestrator.execute(EngineExecutionOrchestrator.java:108)
	at org.junit.platform.launcher.core.EngineExecutionOrchestrator.execute(EngineExecutionOrchestrator.java:88)
	at org.junit.platform.launcher.core.EngineExecutionOrchestrator.lambda$execute$0(EngineExecutionOrchestrator.java:54)
	at org.junit.platform.launcher.core.EngineExecutionOrchestrator.withInterceptedStreams(EngineExecutionOrchestrator.java:67)
	at org.junit.platform.launcher.core.EngineExecutionOrchestrator.execute(EngineExecutionOrchestrator.java:52)
	at org.junit.platform.launcher.core.DefaultLauncher.execute(DefaultLauncher.java:96)
	at org.junit.platform.launcher.core.DefaultLauncher.execute(DefaultLauncher.java:75)
	at org.junit.platform.console.tasks.ConsoleTestExecutor.executeTests(ConsoleTestExecutor.java:66)
	at org.junit.platform.console.tasks.ConsoleTestExecutor.lambda$execute$0(ConsoleTestExecutor.java:58)
	at org.junit.platform.console.tasks.CustomContextClassLoaderExecutor.replaceThreadContextClassLoaderAndInvoke(CustomContextClassLoaderExecutor.java:41)
	at org.junit.platform.console.tasks.CustomContextClassLoaderExecutor.invoke(CustomContextClassLoaderExecutor.java:31)
	at org.junit.platform.console.tasks.ConsoleTestExecutor.execute(ConsoleTestExecutor.java:58)
	at org.junit.platform.console.ConsoleLauncher.executeTests(ConsoleLauncher.java:95)
	at org.junit.platform.console.ConsoleLauncher.execute(ConsoleLauncher.java:73)
	at org.junit.platform.console.ConsoleLauncher.execute(ConsoleLauncher.java:50)
	at org.junit.platform.console.ConsoleLauncher.execute(ConsoleLauncher.java:43)
	at org.junit.platform.console.ConsoleLauncher.main(ConsoleLauncher.java:37)
]]></skipped>
<system-out><![CDATA[
unique-id: [engine:junit-jupiter]/[class:minebayd1.test.TestUser]/[test-template:testprevious(minebayd1.User)]/[test-template-invocation:#84]
display-name: [84] Naila a 60 annonces ouvertes, 3 annonces fermées et 4 achats 

]]></system-out>
</testcase>
<testcase name="testprevious(User)[85]" classname="minebayd1.test.TestUser" time="0">
<skipped><![CDATA[org.opentest4j.TestAbortedException: Assumption failed: assumption is not true
	at org.junit.jupiter.api.Assumptions.throwTestAbortedException(Assumptions.java:256)
	at org.junit.jupiter.api.Assumptions.assumeTrue(Assumptions.java:115)
	at org.junit.jupiter.api.Assumptions.assumeTrue(Assumptions.java:66)
	at minebayd1.test.TestUser.testprevious(TestUser.java:1288)
	at jdk.internal.reflect.GeneratedMethodAccessor15.invoke(Unknown Source)
	at java.base/jdk.internal.reflect.DelegatingMethodAccessorImpl.invoke(DelegatingMethodAccessorImpl.java:43)
	at java.base/java.lang.reflect.Method.invoke(Method.java:569)
	at org.junit.platform.commons.util.ReflectionUtils.invokeMethod(ReflectionUtils.java:688)
	at org.junit.jupiter.engine.execution.MethodInvocation.proceed(MethodInvocation.java:60)
	at org.junit.jupiter.engine.execution.InvocationInterceptorChain$ValidatingInvocation.proceed(InvocationInterceptorChain.java:131)
	at org.junit.jupiter.engine.extension.TimeoutExtension.intercept(TimeoutExtension.java:149)
	at org.junit.jupiter.engine.extension.TimeoutExtension.interceptTestableMethod(TimeoutExtension.java:140)
	at org.junit.jupiter.engine.extension.TimeoutExtension.interceptTestTemplateMethod(TimeoutExtension.java:92)
	at org.junit.jupiter.engine.execution.ExecutableInvoker$ReflectiveInterceptorCall.lambda$ofVoidMethod$0(ExecutableInvoker.java:115)
	at org.junit.jupiter.engine.execution.ExecutableInvoker.lambda$invoke$0(ExecutableInvoker.java:105)
	at org.junit.jupiter.engine.execution.InvocationInterceptorChain$InterceptedInvocation.proceed(InvocationInterceptorChain.java:106)
	at org.junit.jupiter.engine.execution.InvocationInterceptorChain.proceed(InvocationInterceptorChain.java:64)
	at org.junit.jupiter.engine.execution.InvocationInterceptorChain.chainAndInvoke(InvocationInterceptorChain.java:45)
	at org.junit.jupiter.engine.execution.InvocationInterceptorChain.invoke(InvocationInterceptorChain.java:37)
	at org.junit.jupiter.engine.execution.ExecutableInvoker.invoke(ExecutableInvoker.java:104)
	at org.junit.jupiter.engine.execution.ExecutableInvoker.invoke(ExecutableInvoker.java:98)
	at org.junit.jupiter.engine.descriptor.TestMethodTestDescriptor.lambda$invokeTestMethod$6(TestMethodTestDescriptor.java:210)
	at org.junit.platform.engine.support.hierarchical.ThrowableCollector.execute(ThrowableCollector.java:73)
	at org.junit.jupiter.engine.descriptor.TestMethodTestDescriptor.invokeTestMethod(TestMethodTestDescriptor.java:206)
	at org.junit.jupiter.engine.descriptor.TestMethodTestDescriptor.execute(TestMethodTestDescriptor.java:131)
	at org.junit.jupiter.engine.descriptor.TestMethodTestDescriptor.execute(TestMethodTestDescriptor.java:65)
	at org.junit.platform.engine.support.hierarchical.NodeTestTask.lambda$executeRecursively$5(NodeTestTask.java:139)
	at org.junit.platform.engine.support.hierarchical.ThrowableCollector.execute(ThrowableCollector.java:73)
	at org.junit.platform.engine.support.hierarchical.NodeTestTask.lambda$executeRecursively$7(NodeTestTask.java:129)
	at org.junit.platform.engine.support.hierarchical.Node.around(Node.java:137)
	at org.junit.platform.engine.support.hierarchical.NodeTestTask.lambda$executeRecursively$8(NodeTestTask.java:127)
	at org.junit.platform.engine.support.hierarchical.ThrowableCollector.execute(ThrowableCollector.java:73)
	at org.junit.platform.engine.support.hierarchical.NodeTestTask.executeRecursively(NodeTestTask.java:126)
	at org.junit.platform.engine.support.hierarchical.NodeTestTask.execute(NodeTestTask.java:84)
	at org.junit.platform.engine.support.hierarchical.SameThreadHierarchicalTestExecutorService.submit(SameThreadHierarchicalTestExecutorService.java:32)
	at org.junit.platform.engine.support.hierarchical.NodeTestTask$DefaultDynamicTestExecutor.execute(NodeTestTask.java:212)
	at org.junit.platform.engine.support.hierarchical.NodeTestTask$DefaultDynamicTestExecutor.execute(NodeTestTask.java:192)
	at org.junit.jupiter.engine.descriptor.TestTemplateTestDescriptor.execute(TestTemplateTestDescriptor.java:139)
	at org.junit.jupiter.engine.descriptor.TestTemplateTestDescriptor.lambda$execute$2(TestTemplateTestDescriptor.java:107)
	at java.base/java.util.stream.ForEachOps$ForEachOp$OfRef.accept(ForEachOps.java:183)
	at java.base/java.util.stream.ReferencePipeline$3$1.accept(ReferencePipeline.java:197)
	at java.base/java.util.stream.ReferencePipeline$2$1.accept(ReferencePipeline.java:179)
	at java.base/java.util.stream.ReferencePipeline$3$1.accept(ReferencePipeline.java:197)
	at java.base/java.util.stream.ForEachOps$ForEachOp$OfRef.accept(ForEachOps.java:183)
	at java.base/java.util.stream.ReferencePipeline$15$1.accept(ReferencePipeline.java:541)
	at java.base/java.util.stream.ReferencePipeline$3$1.accept(ReferencePipeline.java:197)
	at java.base/java.util.stream.ReferencePipeline$3$1.accept(ReferencePipeline.java:197)
	at java.base/java.util.stream.ReferencePipeline$3$1.accept(ReferencePipeline.java:197)
	at java.base/java.util.stream.ForEachOps$ForEachOp$OfRef.accept(ForEachOps.java:183)
	at java.base/java.util.stream.ReferencePipeline$3$1.accept(ReferencePipeline.java:197)
	at java.base/java.util.stream.ForEachOps$ForEachOp$OfRef.accept(ForEachOps.java:183)
	at java.base/java.util.stream.SliceOps$1$1.accept(SliceOps.java:200)
	at java.base/java.util.stream.StreamSpliterators$InfiniteSupplyingSpliterator$OfRef.tryAdvance(StreamSpliterators.java:1358)
	at java.base/java.util.stream.ReferencePipeline.forEachWithCancel(ReferencePipeline.java:129)
	at java.base/java.util.stream.AbstractPipeline.copyIntoWithCancel(AbstractPipeline.java:527)
	at java.base/java.util.stream.AbstractPipeline.copyInto(AbstractPipeline.java:513)
	at java.base/java.util.stream.AbstractPipeline.wrapAndCopyInto(AbstractPipeline.java:499)
	at java.base/java.util.stream.ForEachOps$ForEachOp.evaluateSequential(ForEachOps.java:150)
	at java.base/java.util.stream.ForEachOps$ForEachOp$OfRef.evaluateSequential(ForEachOps.java:173)
	at java.base/java.util.stream.AbstractPipeline.evaluate(AbstractPipeline.java:234)
	at java.base/java.util.stream.ReferencePipeline.forEach(ReferencePipeline.java:596)
	at java.base/java.util.stream.ReferencePipeline$7$1.accept(ReferencePipeline.java:276)
	at java.base/java.util.stream.ReferencePipeline$3$1.accept(ReferencePipeline.java:197)
	at java.base/java.util.stream.ReferencePipeline$3$1.accept(ReferencePipeline.java:197)
	at java.base/java.util.Spliterators$ArraySpliterator.forEachRemaining(Spliterators.java:992)
	at java.base/java.util.stream.AbstractPipeline.copyInto(AbstractPipeline.java:509)
	at java.base/java.util.stream.AbstractPipeline.wrapAndCopyInto(AbstractPipeline.java:499)
	at java.base/java.util.stream.ForEachOps$ForEachOp.evaluateSequential(ForEachOps.java:150)
	at java.base/java.util.stream.ForEachOps$ForEachOp$OfRef.evaluateSequential(ForEachOps.java:173)
	at java.base/java.util.stream.AbstractPipeline.evaluate(AbstractPipeline.java:234)
	at java.base/java.util.stream.ReferencePipeline.forEach(ReferencePipeline.java:596)
	at java.base/java.util.stream.ReferencePipeline$7$1.accept(ReferencePipeline.java:276)
	at java.base/java.util.stream.ReferencePipeline$3$1.accept(ReferencePipeline.java:197)
	at java.base/java.util.stream.ReferencePipeline$3$1.accept(ReferencePipeline.java:197)
	at java.base/java.util.stream.ReferencePipeline$3$1.accept(ReferencePipeline.java:197)
	at java.base/java.util.ArrayList$ArrayListSpliterator.forEachRemaining(ArrayList.java:1625)
	at java.base/java.util.stream.AbstractPipeline.copyInto(AbstractPipeline.java:509)
	at java.base/java.util.stream.AbstractPipeline.wrapAndCopyInto(AbstractPipeline.java:499)
	at java.base/java.util.stream.ForEachOps$ForEachOp.evaluateSequential(ForEachOps.java:150)
	at java.base/java.util.stream.ForEachOps$ForEachOp$OfRef.evaluateSequential(ForEachOps.java:173)
	at java.base/java.util.stream.AbstractPipeline.evaluate(AbstractPipeline.java:234)
	at java.base/java.util.stream.ReferencePipeline.forEach(ReferencePipeline.java:596)
	at java.base/java.util.stream.ReferencePipeline$7$1.accept(ReferencePipeline.java:276)
	at java.base/java.util.ArrayList$ArrayListSpliterator.forEachRemaining(ArrayList.java:1625)
	at java.base/java.util.stream.AbstractPipeline.copyInto(AbstractPipeline.java:509)
	at java.base/java.util.stream.AbstractPipeline.wrapAndCopyInto(AbstractPipeline.java:499)
	at java.base/java.util.stream.ForEachOps$ForEachOp.evaluateSequential(ForEachOps.java:150)
	at java.base/java.util.stream.ForEachOps$ForEachOp$OfRef.evaluateSequential(ForEachOps.java:173)
	at java.base/java.util.stream.AbstractPipeline.evaluate(AbstractPipeline.java:234)
	at java.base/java.util.stream.ReferencePipeline.forEach(ReferencePipeline.java:596)
	at org.junit.jupiter.engine.descriptor.TestTemplateTestDescriptor.execute(TestTemplateTestDescriptor.java:107)
	at org.junit.jupiter.engine.descriptor.TestTemplateTestDescriptor.execute(TestTemplateTestDescriptor.java:42)
	at org.junit.platform.engine.support.hierarchical.NodeTestTask.lambda$executeRecursively$5(NodeTestTask.java:139)
	at org.junit.platform.engine.support.hierarchical.ThrowableCollector.execute(ThrowableCollector.java:73)
	at org.junit.platform.engine.support.hierarchical.NodeTestTask.lambda$executeRecursively$7(NodeTestTask.java:129)
	at org.junit.platform.engine.support.hierarchical.Node.around(Node.java:137)
	at org.junit.platform.engine.support.hierarchical.NodeTestTask.lambda$executeRecursively$8(NodeTestTask.java:127)
	at org.junit.platform.engine.support.hierarchical.ThrowableCollector.execute(ThrowableCollector.java:73)
	at org.junit.platform.engine.support.hierarchical.NodeTestTask.executeRecursively(NodeTestTask.java:126)
	at org.junit.platform.engine.support.hierarchical.NodeTestTask.execute(NodeTestTask.java:84)
	at java.base/java.util.ArrayList.forEach(ArrayList.java:1511)
	at org.junit.platform.engine.support.hierarchical.SameThreadHierarchicalTestExecutorService.invokeAll(SameThreadHierarchicalTestExecutorService.java:38)
	at org.junit.platform.engine.support.hierarchical.NodeTestTask.lambda$executeRecursively$5(NodeTestTask.java:143)
	at org.junit.platform.engine.support.hierarchical.ThrowableCollector.execute(ThrowableCollector.java:73)
	at org.junit.platform.engine.support.hierarchical.NodeTestTask.lambda$executeRecursively$7(NodeTestTask.java:129)
	at org.junit.platform.engine.support.hierarchical.Node.around(Node.java:137)
	at org.junit.platform.engine.support.hierarchical.NodeTestTask.lambda$executeRecursively$8(NodeTestTask.java:127)
	at org.junit.platform.engine.support.hierarchical.ThrowableCollector.execute(ThrowableCollector.java:73)
	at org.junit.platform.engine.support.hierarchical.NodeTestTask.executeRecursively(NodeTestTask.java:126)
	at org.junit.platform.engine.support.hierarchical.NodeTestTask.execute(NodeTestTask.java:84)
	at java.base/java.util.ArrayList.forEach(ArrayList.java:1511)
	at org.junit.platform.engine.support.hierarchical.SameThreadHierarchicalTestExecutorService.invokeAll(SameThreadHierarchicalTestExecutorService.java:38)
	at org.junit.platform.engine.support.hierarchical.NodeTestTask.lambda$executeRecursively$5(NodeTestTask.java:143)
	at org.junit.platform.engine.support.hierarchical.ThrowableCollector.execute(ThrowableCollector.java:73)
	at org.junit.platform.engine.support.hierarchical.NodeTestTask.lambda$executeRecursively$7(NodeTestTask.java:129)
	at org.junit.platform.engine.support.hierarchical.Node.around(Node.java:137)
	at org.junit.platform.engine.support.hierarchical.NodeTestTask.lambda$executeRecursively$8(NodeTestTask.java:127)
	at org.junit.platform.engine.support.hierarchical.ThrowableCollector.execute(ThrowableCollector.java:73)
	at org.junit.platform.engine.support.hierarchical.NodeTestTask.executeRecursively(NodeTestTask.java:126)
	at org.junit.platform.engine.support.hierarchical.NodeTestTask.execute(NodeTestTask.java:84)
	at org.junit.platform.engine.support.hierarchical.SameThreadHierarchicalTestExecutorService.submit(SameThreadHierarchicalTestExecutorService.java:32)
	at org.junit.platform.engine.support.hierarchical.HierarchicalTestExecutor.execute(HierarchicalTestExecutor.java:57)
	at org.junit.platform.engine.support.hierarchical.HierarchicalTestEngine.execute(HierarchicalTestEngine.java:51)
	at org.junit.platform.launcher.core.EngineExecutionOrchestrator.execute(EngineExecutionOrchestrator.java:108)
	at org.junit.platform.launcher.core.EngineExecutionOrchestrator.execute(EngineExecutionOrchestrator.java:88)
	at org.junit.platform.launcher.core.EngineExecutionOrchestrator.lambda$execute$0(EngineExecutionOrchestrator.java:54)
	at org.junit.platform.launcher.core.EngineExecutionOrchestrator.withInterceptedStreams(EngineExecutionOrchestrator.java:67)
	at org.junit.platform.launcher.core.EngineExecutionOrchestrator.execute(EngineExecutionOrchestrator.java:52)
	at org.junit.platform.launcher.core.DefaultLauncher.execute(DefaultLauncher.java:96)
	at org.junit.platform.launcher.core.DefaultLauncher.execute(DefaultLauncher.java:75)
	at org.junit.platform.console.tasks.ConsoleTestExecutor.executeTests(ConsoleTestExecutor.java:66)
	at org.junit.platform.console.tasks.ConsoleTestExecutor.lambda$execute$0(ConsoleTestExecutor.java:58)
	at org.junit.platform.console.tasks.CustomContextClassLoaderExecutor.replaceThreadContextClassLoaderAndInvoke(CustomContextClassLoaderExecutor.java:41)
	at org.junit.platform.console.tasks.CustomContextClassLoaderExecutor.invoke(CustomContextClassLoaderExecutor.java:31)
	at org.junit.platform.console.tasks.ConsoleTestExecutor.execute(ConsoleTestExecutor.java:58)
	at org.junit.platform.console.ConsoleLauncher.executeTests(ConsoleLauncher.java:95)
	at org.junit.platform.console.ConsoleLauncher.execute(ConsoleLauncher.java:73)
	at org.junit.platform.console.ConsoleLauncher.execute(ConsoleLauncher.java:50)
	at org.junit.platform.console.ConsoleLauncher.execute(ConsoleLauncher.java:43)
	at org.junit.platform.console.ConsoleLauncher.main(ConsoleLauncher.java:37)
]]></skipped>
<system-out><![CDATA[
unique-id: [engine:junit-jupiter]/[class:minebayd1.test.TestUser]/[test-template:testprevious(minebayd1.User)]/[test-template-invocation:#85]
display-name: [85] Lisa a 45 annonces ouvertes, 4 annonces fermées et 3 achats 

]]></system-out>
</testcase>
<testcase name="testprevious(User)[86]" classname="minebayd1.test.TestUser" time="0">
<system-out><![CDATA[
unique-id: [engine:junit-jupiter]/[class:minebayd1.test.TestUser]/[test-template:testprevious(minebayd1.User)]/[test-template-invocation:#86]
display-name: [86] Zahra a 42 annonces ouvertes, 0 annonces fermées et 2 achats 

]]></system-out>
</testcase>
<testcase name="testprevious(User)[87]" classname="minebayd1.test.TestUser" time="0">
<skipped><![CDATA[org.opentest4j.TestAbortedException: Assumption failed: assumption is not true
	at org.junit.jupiter.api.Assumptions.throwTestAbortedException(Assumptions.java:256)
	at org.junit.jupiter.api.Assumptions.assumeTrue(Assumptions.java:115)
	at org.junit.jupiter.api.Assumptions.assumeTrue(Assumptions.java:66)
	at minebayd1.test.TestUser.testprevious(TestUser.java:1288)
	at jdk.internal.reflect.GeneratedMethodAccessor15.invoke(Unknown Source)
	at java.base/jdk.internal.reflect.DelegatingMethodAccessorImpl.invoke(DelegatingMethodAccessorImpl.java:43)
	at java.base/java.lang.reflect.Method.invoke(Method.java:569)
	at org.junit.platform.commons.util.ReflectionUtils.invokeMethod(ReflectionUtils.java:688)
	at org.junit.jupiter.engine.execution.MethodInvocation.proceed(MethodInvocation.java:60)
	at org.junit.jupiter.engine.execution.InvocationInterceptorChain$ValidatingInvocation.proceed(InvocationInterceptorChain.java:131)
	at org.junit.jupiter.engine.extension.TimeoutExtension.intercept(TimeoutExtension.java:149)
	at org.junit.jupiter.engine.extension.TimeoutExtension.interceptTestableMethod(TimeoutExtension.java:140)
	at org.junit.jupiter.engine.extension.TimeoutExtension.interceptTestTemplateMethod(TimeoutExtension.java:92)
	at org.junit.jupiter.engine.execution.ExecutableInvoker$ReflectiveInterceptorCall.lambda$ofVoidMethod$0(ExecutableInvoker.java:115)
	at org.junit.jupiter.engine.execution.ExecutableInvoker.lambda$invoke$0(ExecutableInvoker.java:105)
	at org.junit.jupiter.engine.execution.InvocationInterceptorChain$InterceptedInvocation.proceed(InvocationInterceptorChain.java:106)
	at org.junit.jupiter.engine.execution.InvocationInterceptorChain.proceed(InvocationInterceptorChain.java:64)
	at org.junit.jupiter.engine.execution.InvocationInterceptorChain.chainAndInvoke(InvocationInterceptorChain.java:45)
	at org.junit.jupiter.engine.execution.InvocationInterceptorChain.invoke(InvocationInterceptorChain.java:37)
	at org.junit.jupiter.engine.execution.ExecutableInvoker.invoke(ExecutableInvoker.java:104)
	at org.junit.jupiter.engine.execution.ExecutableInvoker.invoke(ExecutableInvoker.java:98)
	at org.junit.jupiter.engine.descriptor.TestMethodTestDescriptor.lambda$invokeTestMethod$6(TestMethodTestDescriptor.java:210)
	at org.junit.platform.engine.support.hierarchical.ThrowableCollector.execute(ThrowableCollector.java:73)
	at org.junit.jupiter.engine.descriptor.TestMethodTestDescriptor.invokeTestMethod(TestMethodTestDescriptor.java:206)
	at org.junit.jupiter.engine.descriptor.TestMethodTestDescriptor.execute(TestMethodTestDescriptor.java:131)
	at org.junit.jupiter.engine.descriptor.TestMethodTestDescriptor.execute(TestMethodTestDescriptor.java:65)
	at org.junit.platform.engine.support.hierarchical.NodeTestTask.lambda$executeRecursively$5(NodeTestTask.java:139)
	at org.junit.platform.engine.support.hierarchical.ThrowableCollector.execute(ThrowableCollector.java:73)
	at org.junit.platform.engine.support.hierarchical.NodeTestTask.lambda$executeRecursively$7(NodeTestTask.java:129)
	at org.junit.platform.engine.support.hierarchical.Node.around(Node.java:137)
	at org.junit.platform.engine.support.hierarchical.NodeTestTask.lambda$executeRecursively$8(NodeTestTask.java:127)
	at org.junit.platform.engine.support.hierarchical.ThrowableCollector.execute(ThrowableCollector.java:73)
	at org.junit.platform.engine.support.hierarchical.NodeTestTask.executeRecursively(NodeTestTask.java:126)
	at org.junit.platform.engine.support.hierarchical.NodeTestTask.execute(NodeTestTask.java:84)
	at org.junit.platform.engine.support.hierarchical.SameThreadHierarchicalTestExecutorService.submit(SameThreadHierarchicalTestExecutorService.java:32)
	at org.junit.platform.engine.support.hierarchical.NodeTestTask$DefaultDynamicTestExecutor.execute(NodeTestTask.java:212)
	at org.junit.platform.engine.support.hierarchical.NodeTestTask$DefaultDynamicTestExecutor.execute(NodeTestTask.java:192)
	at org.junit.jupiter.engine.descriptor.TestTemplateTestDescriptor.execute(TestTemplateTestDescriptor.java:139)
	at org.junit.jupiter.engine.descriptor.TestTemplateTestDescriptor.lambda$execute$2(TestTemplateTestDescriptor.java:107)
	at java.base/java.util.stream.ForEachOps$ForEachOp$OfRef.accept(ForEachOps.java:183)
	at java.base/java.util.stream.ReferencePipeline$3$1.accept(ReferencePipeline.java:197)
	at java.base/java.util.stream.ReferencePipeline$2$1.accept(ReferencePipeline.java:179)
	at java.base/java.util.stream.ReferencePipeline$3$1.accept(ReferencePipeline.java:197)
	at java.base/java.util.stream.ForEachOps$ForEachOp$OfRef.accept(ForEachOps.java:183)
	at java.base/java.util.stream.ReferencePipeline$15$1.accept(ReferencePipeline.java:541)
	at java.base/java.util.stream.ReferencePipeline$3$1.accept(ReferencePipeline.java:197)
	at java.base/java.util.stream.ReferencePipeline$3$1.accept(ReferencePipeline.java:197)
	at java.base/java.util.stream.ReferencePipeline$3$1.accept(ReferencePipeline.java:197)
	at java.base/java.util.stream.ForEachOps$ForEachOp$OfRef.accept(ForEachOps.java:183)
	at java.base/java.util.stream.ReferencePipeline$3$1.accept(ReferencePipeline.java:197)
	at java.base/java.util.stream.ForEachOps$ForEachOp$OfRef.accept(ForEachOps.java:183)
	at java.base/java.util.stream.SliceOps$1$1.accept(SliceOps.java:200)
	at java.base/java.util.stream.StreamSpliterators$InfiniteSupplyingSpliterator$OfRef.tryAdvance(StreamSpliterators.java:1358)
	at java.base/java.util.stream.ReferencePipeline.forEachWithCancel(ReferencePipeline.java:129)
	at java.base/java.util.stream.AbstractPipeline.copyIntoWithCancel(AbstractPipeline.java:527)
	at java.base/java.util.stream.AbstractPipeline.copyInto(AbstractPipeline.java:513)
	at java.base/java.util.stream.AbstractPipeline.wrapAndCopyInto(AbstractPipeline.java:499)
	at java.base/java.util.stream.ForEachOps$ForEachOp.evaluateSequential(ForEachOps.java:150)
	at java.base/java.util.stream.ForEachOps$ForEachOp$OfRef.evaluateSequential(ForEachOps.java:173)
	at java.base/java.util.stream.AbstractPipeline.evaluate(AbstractPipeline.java:234)
	at java.base/java.util.stream.ReferencePipeline.forEach(ReferencePipeline.java:596)
	at java.base/java.util.stream.ReferencePipeline$7$1.accept(ReferencePipeline.java:276)
	at java.base/java.util.stream.ReferencePipeline$3$1.accept(ReferencePipeline.java:197)
	at java.base/java.util.stream.ReferencePipeline$3$1.accept(ReferencePipeline.java:197)
	at java.base/java.util.Spliterators$ArraySpliterator.forEachRemaining(Spliterators.java:992)
	at java.base/java.util.stream.AbstractPipeline.copyInto(AbstractPipeline.java:509)
	at java.base/java.util.stream.AbstractPipeline.wrapAndCopyInto(AbstractPipeline.java:499)
	at java.base/java.util.stream.ForEachOps$ForEachOp.evaluateSequential(ForEachOps.java:150)
	at java.base/java.util.stream.ForEachOps$ForEachOp$OfRef.evaluateSequential(ForEachOps.java:173)
	at java.base/java.util.stream.AbstractPipeline.evaluate(AbstractPipeline.java:234)
	at java.base/java.util.stream.ReferencePipeline.forEach(ReferencePipeline.java:596)
	at java.base/java.util.stream.ReferencePipeline$7$1.accept(ReferencePipeline.java:276)
	at java.base/java.util.stream.ReferencePipeline$3$1.accept(ReferencePipeline.java:197)
	at java.base/java.util.stream.ReferencePipeline$3$1.accept(ReferencePipeline.java:197)
	at java.base/java.util.stream.ReferencePipeline$3$1.accept(ReferencePipeline.java:197)
	at java.base/java.util.ArrayList$ArrayListSpliterator.forEachRemaining(ArrayList.java:1625)
	at java.base/java.util.stream.AbstractPipeline.copyInto(AbstractPipeline.java:509)
	at java.base/java.util.stream.AbstractPipeline.wrapAndCopyInto(AbstractPipeline.java:499)
	at java.base/java.util.stream.ForEachOps$ForEachOp.evaluateSequential(ForEachOps.java:150)
	at java.base/java.util.stream.ForEachOps$ForEachOp$OfRef.evaluateSequential(ForEachOps.java:173)
	at java.base/java.util.stream.AbstractPipeline.evaluate(AbstractPipeline.java:234)
	at java.base/java.util.stream.ReferencePipeline.forEach(ReferencePipeline.java:596)
	at java.base/java.util.stream.ReferencePipeline$7$1.accept(ReferencePipeline.java:276)
	at java.base/java.util.ArrayList$ArrayListSpliterator.forEachRemaining(ArrayList.java:1625)
	at java.base/java.util.stream.AbstractPipeline.copyInto(AbstractPipeline.java:509)
	at java.base/java.util.stream.AbstractPipeline.wrapAndCopyInto(AbstractPipeline.java:499)
	at java.base/java.util.stream.ForEachOps$ForEachOp.evaluateSequential(ForEachOps.java:150)
	at java.base/java.util.stream.ForEachOps$ForEachOp$OfRef.evaluateSequential(ForEachOps.java:173)
	at java.base/java.util.stream.AbstractPipeline.evaluate(AbstractPipeline.java:234)
	at java.base/java.util.stream.ReferencePipeline.forEach(ReferencePipeline.java:596)
	at org.junit.jupiter.engine.descriptor.TestTemplateTestDescriptor.execute(TestTemplateTestDescriptor.java:107)
	at org.junit.jupiter.engine.descriptor.TestTemplateTestDescriptor.execute(TestTemplateTestDescriptor.java:42)
	at org.junit.platform.engine.support.hierarchical.NodeTestTask.lambda$executeRecursively$5(NodeTestTask.java:139)
	at org.junit.platform.engine.support.hierarchical.ThrowableCollector.execute(ThrowableCollector.java:73)
	at org.junit.platform.engine.support.hierarchical.NodeTestTask.lambda$executeRecursively$7(NodeTestTask.java:129)
	at org.junit.platform.engine.support.hierarchical.Node.around(Node.java:137)
	at org.junit.platform.engine.support.hierarchical.NodeTestTask.lambda$executeRecursively$8(NodeTestTask.java:127)
	at org.junit.platform.engine.support.hierarchical.ThrowableCollector.execute(ThrowableCollector.java:73)
	at org.junit.platform.engine.support.hierarchical.NodeTestTask.executeRecursively(NodeTestTask.java:126)
	at org.junit.platform.engine.support.hierarchical.NodeTestTask.execute(NodeTestTask.java:84)
	at java.base/java.util.ArrayList.forEach(ArrayList.java:1511)
	at org.junit.platform.engine.support.hierarchical.SameThreadHierarchicalTestExecutorService.invokeAll(SameThreadHierarchicalTestExecutorService.java:38)
	at org.junit.platform.engine.support.hierarchical.NodeTestTask.lambda$executeRecursively$5(NodeTestTask.java:143)
	at org.junit.platform.engine.support.hierarchical.ThrowableCollector.execute(ThrowableCollector.java:73)
	at org.junit.platform.engine.support.hierarchical.NodeTestTask.lambda$executeRecursively$7(NodeTestTask.java:129)
	at org.junit.platform.engine.support.hierarchical.Node.around(Node.java:137)
	at org.junit.platform.engine.support.hierarchical.NodeTestTask.lambda$executeRecursively$8(NodeTestTask.java:127)
	at org.junit.platform.engine.support.hierarchical.ThrowableCollector.execute(ThrowableCollector.java:73)
	at org.junit.platform.engine.support.hierarchical.NodeTestTask.executeRecursively(NodeTestTask.java:126)
	at org.junit.platform.engine.support.hierarchical.NodeTestTask.execute(NodeTestTask.java:84)
	at java.base/java.util.ArrayList.forEach(ArrayList.java:1511)
	at org.junit.platform.engine.support.hierarchical.SameThreadHierarchicalTestExecutorService.invokeAll(SameThreadHierarchicalTestExecutorService.java:38)
	at org.junit.platform.engine.support.hierarchical.NodeTestTask.lambda$executeRecursively$5(NodeTestTask.java:143)
	at org.junit.platform.engine.support.hierarchical.ThrowableCollector.execute(ThrowableCollector.java:73)
	at org.junit.platform.engine.support.hierarchical.NodeTestTask.lambda$executeRecursively$7(NodeTestTask.java:129)
	at org.junit.platform.engine.support.hierarchical.Node.around(Node.java:137)
	at org.junit.platform.engine.support.hierarchical.NodeTestTask.lambda$executeRecursively$8(NodeTestTask.java:127)
	at org.junit.platform.engine.support.hierarchical.ThrowableCollector.execute(ThrowableCollector.java:73)
	at org.junit.platform.engine.support.hierarchical.NodeTestTask.executeRecursively(NodeTestTask.java:126)
	at org.junit.platform.engine.support.hierarchical.NodeTestTask.execute(NodeTestTask.java:84)
	at org.junit.platform.engine.support.hierarchical.SameThreadHierarchicalTestExecutorService.submit(SameThreadHierarchicalTestExecutorService.java:32)
	at org.junit.platform.engine.support.hierarchical.HierarchicalTestExecutor.execute(HierarchicalTestExecutor.java:57)
	at org.junit.platform.engine.support.hierarchical.HierarchicalTestEngine.execute(HierarchicalTestEngine.java:51)
	at org.junit.platform.launcher.core.EngineExecutionOrchestrator.execute(EngineExecutionOrchestrator.java:108)
	at org.junit.platform.launcher.core.EngineExecutionOrchestrator.execute(EngineExecutionOrchestrator.java:88)
	at org.junit.platform.launcher.core.EngineExecutionOrchestrator.lambda$execute$0(EngineExecutionOrchestrator.java:54)
	at org.junit.platform.launcher.core.EngineExecutionOrchestrator.withInterceptedStreams(EngineExecutionOrchestrator.java:67)
	at org.junit.platform.launcher.core.EngineExecutionOrchestrator.execute(EngineExecutionOrchestrator.java:52)
	at org.junit.platform.launcher.core.DefaultLauncher.execute(DefaultLauncher.java:96)
	at org.junit.platform.launcher.core.DefaultLauncher.execute(DefaultLauncher.java:75)
	at org.junit.platform.console.tasks.ConsoleTestExecutor.executeTests(ConsoleTestExecutor.java:66)
	at org.junit.platform.console.tasks.ConsoleTestExecutor.lambda$execute$0(ConsoleTestExecutor.java:58)
	at org.junit.platform.console.tasks.CustomContextClassLoaderExecutor.replaceThreadContextClassLoaderAndInvoke(CustomContextClassLoaderExecutor.java:41)
	at org.junit.platform.console.tasks.CustomContextClassLoaderExecutor.invoke(CustomContextClassLoaderExecutor.java:31)
	at org.junit.platform.console.tasks.ConsoleTestExecutor.execute(ConsoleTestExecutor.java:58)
	at org.junit.platform.console.ConsoleLauncher.executeTests(ConsoleLauncher.java:95)
	at org.junit.platform.console.ConsoleLauncher.execute(ConsoleLauncher.java:73)
	at org.junit.platform.console.ConsoleLauncher.execute(ConsoleLauncher.java:50)
	at org.junit.platform.console.ConsoleLauncher.execute(ConsoleLauncher.java:43)
	at org.junit.platform.console.ConsoleLauncher.main(ConsoleLauncher.java:37)
]]></skipped>
<system-out><![CDATA[
unique-id: [engine:junit-jupiter]/[class:minebayd1.test.TestUser]/[test-template:testprevious(minebayd1.User)]/[test-template-invocation:#87]
display-name: [87] Mamadou a 59 annonces ouvertes, 2 annonces fermées et 1 achats 

]]></system-out>
</testcase>
<testcase name="testprevious(User)[88]" classname="minebayd1.test.TestUser" time="0">
<skipped><![CDATA[org.opentest4j.TestAbortedException: Assumption failed: assumption is not true
	at org.junit.jupiter.api.Assumptions.throwTestAbortedException(Assumptions.java:256)
	at org.junit.jupiter.api.Assumptions.assumeTrue(Assumptions.java:115)
	at org.junit.jupiter.api.Assumptions.assumeTrue(Assumptions.java:66)
	at minebayd1.test.TestUser.testprevious(TestUser.java:1288)
	at jdk.internal.reflect.GeneratedMethodAccessor15.invoke(Unknown Source)
	at java.base/jdk.internal.reflect.DelegatingMethodAccessorImpl.invoke(DelegatingMethodAccessorImpl.java:43)
	at java.base/java.lang.reflect.Method.invoke(Method.java:569)
	at org.junit.platform.commons.util.ReflectionUtils.invokeMethod(ReflectionUtils.java:688)
	at org.junit.jupiter.engine.execution.MethodInvocation.proceed(MethodInvocation.java:60)
	at org.junit.jupiter.engine.execution.InvocationInterceptorChain$ValidatingInvocation.proceed(InvocationInterceptorChain.java:131)
	at org.junit.jupiter.engine.extension.TimeoutExtension.intercept(TimeoutExtension.java:149)
	at org.junit.jupiter.engine.extension.TimeoutExtension.interceptTestableMethod(TimeoutExtension.java:140)
	at org.junit.jupiter.engine.extension.TimeoutExtension.interceptTestTemplateMethod(TimeoutExtension.java:92)
	at org.junit.jupiter.engine.execution.ExecutableInvoker$ReflectiveInterceptorCall.lambda$ofVoidMethod$0(ExecutableInvoker.java:115)
	at org.junit.jupiter.engine.execution.ExecutableInvoker.lambda$invoke$0(ExecutableInvoker.java:105)
	at org.junit.jupiter.engine.execution.InvocationInterceptorChain$InterceptedInvocation.proceed(InvocationInterceptorChain.java:106)
	at org.junit.jupiter.engine.execution.InvocationInterceptorChain.proceed(InvocationInterceptorChain.java:64)
	at org.junit.jupiter.engine.execution.InvocationInterceptorChain.chainAndInvoke(InvocationInterceptorChain.java:45)
	at org.junit.jupiter.engine.execution.InvocationInterceptorChain.invoke(InvocationInterceptorChain.java:37)
	at org.junit.jupiter.engine.execution.ExecutableInvoker.invoke(ExecutableInvoker.java:104)
	at org.junit.jupiter.engine.execution.ExecutableInvoker.invoke(ExecutableInvoker.java:98)
	at org.junit.jupiter.engine.descriptor.TestMethodTestDescriptor.lambda$invokeTestMethod$6(TestMethodTestDescriptor.java:210)
	at org.junit.platform.engine.support.hierarchical.ThrowableCollector.execute(ThrowableCollector.java:73)
	at org.junit.jupiter.engine.descriptor.TestMethodTestDescriptor.invokeTestMethod(TestMethodTestDescriptor.java:206)
	at org.junit.jupiter.engine.descriptor.TestMethodTestDescriptor.execute(TestMethodTestDescriptor.java:131)
	at org.junit.jupiter.engine.descriptor.TestMethodTestDescriptor.execute(TestMethodTestDescriptor.java:65)
	at org.junit.platform.engine.support.hierarchical.NodeTestTask.lambda$executeRecursively$5(NodeTestTask.java:139)
	at org.junit.platform.engine.support.hierarchical.ThrowableCollector.execute(ThrowableCollector.java:73)
	at org.junit.platform.engine.support.hierarchical.NodeTestTask.lambda$executeRecursively$7(NodeTestTask.java:129)
	at org.junit.platform.engine.support.hierarchical.Node.around(Node.java:137)
	at org.junit.platform.engine.support.hierarchical.NodeTestTask.lambda$executeRecursively$8(NodeTestTask.java:127)
	at org.junit.platform.engine.support.hierarchical.ThrowableCollector.execute(ThrowableCollector.java:73)
	at org.junit.platform.engine.support.hierarchical.NodeTestTask.executeRecursively(NodeTestTask.java:126)
	at org.junit.platform.engine.support.hierarchical.NodeTestTask.execute(NodeTestTask.java:84)
	at org.junit.platform.engine.support.hierarchical.SameThreadHierarchicalTestExecutorService.submit(SameThreadHierarchicalTestExecutorService.java:32)
	at org.junit.platform.engine.support.hierarchical.NodeTestTask$DefaultDynamicTestExecutor.execute(NodeTestTask.java:212)
	at org.junit.platform.engine.support.hierarchical.NodeTestTask$DefaultDynamicTestExecutor.execute(NodeTestTask.java:192)
	at org.junit.jupiter.engine.descriptor.TestTemplateTestDescriptor.execute(TestTemplateTestDescriptor.java:139)
	at org.junit.jupiter.engine.descriptor.TestTemplateTestDescriptor.lambda$execute$2(TestTemplateTestDescriptor.java:107)
	at java.base/java.util.stream.ForEachOps$ForEachOp$OfRef.accept(ForEachOps.java:183)
	at java.base/java.util.stream.ReferencePipeline$3$1.accept(ReferencePipeline.java:197)
	at java.base/java.util.stream.ReferencePipeline$2$1.accept(ReferencePipeline.java:179)
	at java.base/java.util.stream.ReferencePipeline$3$1.accept(ReferencePipeline.java:197)
	at java.base/java.util.stream.ForEachOps$ForEachOp$OfRef.accept(ForEachOps.java:183)
	at java.base/java.util.stream.ReferencePipeline$15$1.accept(ReferencePipeline.java:541)
	at java.base/java.util.stream.ReferencePipeline$3$1.accept(ReferencePipeline.java:197)
	at java.base/java.util.stream.ReferencePipeline$3$1.accept(ReferencePipeline.java:197)
	at java.base/java.util.stream.ReferencePipeline$3$1.accept(ReferencePipeline.java:197)
	at java.base/java.util.stream.ForEachOps$ForEachOp$OfRef.accept(ForEachOps.java:183)
	at java.base/java.util.stream.ReferencePipeline$3$1.accept(ReferencePipeline.java:197)
	at java.base/java.util.stream.ForEachOps$ForEachOp$OfRef.accept(ForEachOps.java:183)
	at java.base/java.util.stream.SliceOps$1$1.accept(SliceOps.java:200)
	at java.base/java.util.stream.StreamSpliterators$InfiniteSupplyingSpliterator$OfRef.tryAdvance(StreamSpliterators.java:1358)
	at java.base/java.util.stream.ReferencePipeline.forEachWithCancel(ReferencePipeline.java:129)
	at java.base/java.util.stream.AbstractPipeline.copyIntoWithCancel(AbstractPipeline.java:527)
	at java.base/java.util.stream.AbstractPipeline.copyInto(AbstractPipeline.java:513)
	at java.base/java.util.stream.AbstractPipeline.wrapAndCopyInto(AbstractPipeline.java:499)
	at java.base/java.util.stream.ForEachOps$ForEachOp.evaluateSequential(ForEachOps.java:150)
	at java.base/java.util.stream.ForEachOps$ForEachOp$OfRef.evaluateSequential(ForEachOps.java:173)
	at java.base/java.util.stream.AbstractPipeline.evaluate(AbstractPipeline.java:234)
	at java.base/java.util.stream.ReferencePipeline.forEach(ReferencePipeline.java:596)
	at java.base/java.util.stream.ReferencePipeline$7$1.accept(ReferencePipeline.java:276)
	at java.base/java.util.stream.ReferencePipeline$3$1.accept(ReferencePipeline.java:197)
	at java.base/java.util.stream.ReferencePipeline$3$1.accept(ReferencePipeline.java:197)
	at java.base/java.util.Spliterators$ArraySpliterator.forEachRemaining(Spliterators.java:992)
	at java.base/java.util.stream.AbstractPipeline.copyInto(AbstractPipeline.java:509)
	at java.base/java.util.stream.AbstractPipeline.wrapAndCopyInto(AbstractPipeline.java:499)
	at java.base/java.util.stream.ForEachOps$ForEachOp.evaluateSequential(ForEachOps.java:150)
	at java.base/java.util.stream.ForEachOps$ForEachOp$OfRef.evaluateSequential(ForEachOps.java:173)
	at java.base/java.util.stream.AbstractPipeline.evaluate(AbstractPipeline.java:234)
	at java.base/java.util.stream.ReferencePipeline.forEach(ReferencePipeline.java:596)
	at java.base/java.util.stream.ReferencePipeline$7$1.accept(ReferencePipeline.java:276)
	at java.base/java.util.stream.ReferencePipeline$3$1.accept(ReferencePipeline.java:197)
	at java.base/java.util.stream.ReferencePipeline$3$1.accept(ReferencePipeline.java:197)
	at java.base/java.util.stream.ReferencePipeline$3$1.accept(ReferencePipeline.java:197)
	at java.base/java.util.ArrayList$ArrayListSpliterator.forEachRemaining(ArrayList.java:1625)
	at java.base/java.util.stream.AbstractPipeline.copyInto(AbstractPipeline.java:509)
	at java.base/java.util.stream.AbstractPipeline.wrapAndCopyInto(AbstractPipeline.java:499)
	at java.base/java.util.stream.ForEachOps$ForEachOp.evaluateSequential(ForEachOps.java:150)
	at java.base/java.util.stream.ForEachOps$ForEachOp$OfRef.evaluateSequential(ForEachOps.java:173)
	at java.base/java.util.stream.AbstractPipeline.evaluate(AbstractPipeline.java:234)
	at java.base/java.util.stream.ReferencePipeline.forEach(ReferencePipeline.java:596)
	at java.base/java.util.stream.ReferencePipeline$7$1.accept(ReferencePipeline.java:276)
	at java.base/java.util.ArrayList$ArrayListSpliterator.forEachRemaining(ArrayList.java:1625)
	at java.base/java.util.stream.AbstractPipeline.copyInto(AbstractPipeline.java:509)
	at java.base/java.util.stream.AbstractPipeline.wrapAndCopyInto(AbstractPipeline.java:499)
	at java.base/java.util.stream.ForEachOps$ForEachOp.evaluateSequential(ForEachOps.java:150)
	at java.base/java.util.stream.ForEachOps$ForEachOp$OfRef.evaluateSequential(ForEachOps.java:173)
	at java.base/java.util.stream.AbstractPipeline.evaluate(AbstractPipeline.java:234)
	at java.base/java.util.stream.ReferencePipeline.forEach(ReferencePipeline.java:596)
	at org.junit.jupiter.engine.descriptor.TestTemplateTestDescriptor.execute(TestTemplateTestDescriptor.java:107)
	at org.junit.jupiter.engine.descriptor.TestTemplateTestDescriptor.execute(TestTemplateTestDescriptor.java:42)
	at org.junit.platform.engine.support.hierarchical.NodeTestTask.lambda$executeRecursively$5(NodeTestTask.java:139)
	at org.junit.platform.engine.support.hierarchical.ThrowableCollector.execute(ThrowableCollector.java:73)
	at org.junit.platform.engine.support.hierarchical.NodeTestTask.lambda$executeRecursively$7(NodeTestTask.java:129)
	at org.junit.platform.engine.support.hierarchical.Node.around(Node.java:137)
	at org.junit.platform.engine.support.hierarchical.NodeTestTask.lambda$executeRecursively$8(NodeTestTask.java:127)
	at org.junit.platform.engine.support.hierarchical.ThrowableCollector.execute(ThrowableCollector.java:73)
	at org.junit.platform.engine.support.hierarchical.NodeTestTask.executeRecursively(NodeTestTask.java:126)
	at org.junit.platform.engine.support.hierarchical.NodeTestTask.execute(NodeTestTask.java:84)
	at java.base/java.util.ArrayList.forEach(ArrayList.java:1511)
	at org.junit.platform.engine.support.hierarchical.SameThreadHierarchicalTestExecutorService.invokeAll(SameThreadHierarchicalTestExecutorService.java:38)
	at org.junit.platform.engine.support.hierarchical.NodeTestTask.lambda$executeRecursively$5(NodeTestTask.java:143)
	at org.junit.platform.engine.support.hierarchical.ThrowableCollector.execute(ThrowableCollector.java:73)
	at org.junit.platform.engine.support.hierarchical.NodeTestTask.lambda$executeRecursively$7(NodeTestTask.java:129)
	at org.junit.platform.engine.support.hierarchical.Node.around(Node.java:137)
	at org.junit.platform.engine.support.hierarchical.NodeTestTask.lambda$executeRecursively$8(NodeTestTask.java:127)
	at org.junit.platform.engine.support.hierarchical.ThrowableCollector.execute(ThrowableCollector.java:73)
	at org.junit.platform.engine.support.hierarchical.NodeTestTask.executeRecursively(NodeTestTask.java:126)
	at org.junit.platform.engine.support.hierarchical.NodeTestTask.execute(NodeTestTask.java:84)
	at java.base/java.util.ArrayList.forEach(ArrayList.java:1511)
	at org.junit.platform.engine.support.hierarchical.SameThreadHierarchicalTestExecutorService.invokeAll(SameThreadHierarchicalTestExecutorService.java:38)
	at org.junit.platform.engine.support.hierarchical.NodeTestTask.lambda$executeRecursively$5(NodeTestTask.java:143)
	at org.junit.platform.engine.support.hierarchical.ThrowableCollector.execute(ThrowableCollector.java:73)
	at org.junit.platform.engine.support.hierarchical.NodeTestTask.lambda$executeRecursively$7(NodeTestTask.java:129)
	at org.junit.platform.engine.support.hierarchical.Node.around(Node.java:137)
	at org.junit.platform.engine.support.hierarchical.NodeTestTask.lambda$executeRecursively$8(NodeTestTask.java:127)
	at org.junit.platform.engine.support.hierarchical.ThrowableCollector.execute(ThrowableCollector.java:73)
	at org.junit.platform.engine.support.hierarchical.NodeTestTask.executeRecursively(NodeTestTask.java:126)
	at org.junit.platform.engine.support.hierarchical.NodeTestTask.execute(NodeTestTask.java:84)
	at org.junit.platform.engine.support.hierarchical.SameThreadHierarchicalTestExecutorService.submit(SameThreadHierarchicalTestExecutorService.java:32)
	at org.junit.platform.engine.support.hierarchical.HierarchicalTestExecutor.execute(HierarchicalTestExecutor.java:57)
	at org.junit.platform.engine.support.hierarchical.HierarchicalTestEngine.execute(HierarchicalTestEngine.java:51)
	at org.junit.platform.launcher.core.EngineExecutionOrchestrator.execute(EngineExecutionOrchestrator.java:108)
	at org.junit.platform.launcher.core.EngineExecutionOrchestrator.execute(EngineExecutionOrchestrator.java:88)
	at org.junit.platform.launcher.core.EngineExecutionOrchestrator.lambda$execute$0(EngineExecutionOrchestrator.java:54)
	at org.junit.platform.launcher.core.EngineExecutionOrchestrator.withInterceptedStreams(EngineExecutionOrchestrator.java:67)
	at org.junit.platform.launcher.core.EngineExecutionOrchestrator.execute(EngineExecutionOrchestrator.java:52)
	at org.junit.platform.launcher.core.DefaultLauncher.execute(DefaultLauncher.java:96)
	at org.junit.platform.launcher.core.DefaultLauncher.execute(DefaultLauncher.java:75)
	at org.junit.platform.console.tasks.ConsoleTestExecutor.executeTests(ConsoleTestExecutor.java:66)
	at org.junit.platform.console.tasks.ConsoleTestExecutor.lambda$execute$0(ConsoleTestExecutor.java:58)
	at org.junit.platform.console.tasks.CustomContextClassLoaderExecutor.replaceThreadContextClassLoaderAndInvoke(CustomContextClassLoaderExecutor.java:41)
	at org.junit.platform.console.tasks.CustomContextClassLoaderExecutor.invoke(CustomContextClassLoaderExecutor.java:31)
	at org.junit.platform.console.tasks.ConsoleTestExecutor.execute(ConsoleTestExecutor.java:58)
	at org.junit.platform.console.ConsoleLauncher.executeTests(ConsoleLauncher.java:95)
	at org.junit.platform.console.ConsoleLauncher.execute(ConsoleLauncher.java:73)
	at org.junit.platform.console.ConsoleLauncher.execute(ConsoleLauncher.java:50)
	at org.junit.platform.console.ConsoleLauncher.execute(ConsoleLauncher.java:43)
	at org.junit.platform.console.ConsoleLauncher.main(ConsoleLauncher.java:37)
]]></skipped>
<system-out><![CDATA[
unique-id: [engine:junit-jupiter]/[class:minebayd1.test.TestUser]/[test-template:testprevious(minebayd1.User)]/[test-template-invocation:#88]
display-name: [88] Marc a 55 annonces ouvertes, 1 annonces fermées et 2 achats 

]]></system-out>
</testcase>
<testcase name="testprevious(User)[89]" classname="minebayd1.test.TestUser" time="0">
<skipped><![CDATA[org.opentest4j.TestAbortedException: Assumption failed: assumption is not true
	at org.junit.jupiter.api.Assumptions.throwTestAbortedException(Assumptions.java:256)
	at org.junit.jupiter.api.Assumptions.assumeTrue(Assumptions.java:115)
	at org.junit.jupiter.api.Assumptions.assumeTrue(Assumptions.java:66)
	at minebayd1.test.TestUser.testprevious(TestUser.java:1288)
	at jdk.internal.reflect.GeneratedMethodAccessor15.invoke(Unknown Source)
	at java.base/jdk.internal.reflect.DelegatingMethodAccessorImpl.invoke(DelegatingMethodAccessorImpl.java:43)
	at java.base/java.lang.reflect.Method.invoke(Method.java:569)
	at org.junit.platform.commons.util.ReflectionUtils.invokeMethod(ReflectionUtils.java:688)
	at org.junit.jupiter.engine.execution.MethodInvocation.proceed(MethodInvocation.java:60)
	at org.junit.jupiter.engine.execution.InvocationInterceptorChain$ValidatingInvocation.proceed(InvocationInterceptorChain.java:131)
	at org.junit.jupiter.engine.extension.TimeoutExtension.intercept(TimeoutExtension.java:149)
	at org.junit.jupiter.engine.extension.TimeoutExtension.interceptTestableMethod(TimeoutExtension.java:140)
	at org.junit.jupiter.engine.extension.TimeoutExtension.interceptTestTemplateMethod(TimeoutExtension.java:92)
	at org.junit.jupiter.engine.execution.ExecutableInvoker$ReflectiveInterceptorCall.lambda$ofVoidMethod$0(ExecutableInvoker.java:115)
	at org.junit.jupiter.engine.execution.ExecutableInvoker.lambda$invoke$0(ExecutableInvoker.java:105)
	at org.junit.jupiter.engine.execution.InvocationInterceptorChain$InterceptedInvocation.proceed(InvocationInterceptorChain.java:106)
	at org.junit.jupiter.engine.execution.InvocationInterceptorChain.proceed(InvocationInterceptorChain.java:64)
	at org.junit.jupiter.engine.execution.InvocationInterceptorChain.chainAndInvoke(InvocationInterceptorChain.java:45)
	at org.junit.jupiter.engine.execution.InvocationInterceptorChain.invoke(InvocationInterceptorChain.java:37)
	at org.junit.jupiter.engine.execution.ExecutableInvoker.invoke(ExecutableInvoker.java:104)
	at org.junit.jupiter.engine.execution.ExecutableInvoker.invoke(ExecutableInvoker.java:98)
	at org.junit.jupiter.engine.descriptor.TestMethodTestDescriptor.lambda$invokeTestMethod$6(TestMethodTestDescriptor.java:210)
	at org.junit.platform.engine.support.hierarchical.ThrowableCollector.execute(ThrowableCollector.java:73)
	at org.junit.jupiter.engine.descriptor.TestMethodTestDescriptor.invokeTestMethod(TestMethodTestDescriptor.java:206)
	at org.junit.jupiter.engine.descriptor.TestMethodTestDescriptor.execute(TestMethodTestDescriptor.java:131)
	at org.junit.jupiter.engine.descriptor.TestMethodTestDescriptor.execute(TestMethodTestDescriptor.java:65)
	at org.junit.platform.engine.support.hierarchical.NodeTestTask.lambda$executeRecursively$5(NodeTestTask.java:139)
	at org.junit.platform.engine.support.hierarchical.ThrowableCollector.execute(ThrowableCollector.java:73)
	at org.junit.platform.engine.support.hierarchical.NodeTestTask.lambda$executeRecursively$7(NodeTestTask.java:129)
	at org.junit.platform.engine.support.hierarchical.Node.around(Node.java:137)
	at org.junit.platform.engine.support.hierarchical.NodeTestTask.lambda$executeRecursively$8(NodeTestTask.java:127)
	at org.junit.platform.engine.support.hierarchical.ThrowableCollector.execute(ThrowableCollector.java:73)
	at org.junit.platform.engine.support.hierarchical.NodeTestTask.executeRecursively(NodeTestTask.java:126)
	at org.junit.platform.engine.support.hierarchical.NodeTestTask.execute(NodeTestTask.java:84)
	at org.junit.platform.engine.support.hierarchical.SameThreadHierarchicalTestExecutorService.submit(SameThreadHierarchicalTestExecutorService.java:32)
	at org.junit.platform.engine.support.hierarchical.NodeTestTask$DefaultDynamicTestExecutor.execute(NodeTestTask.java:212)
	at org.junit.platform.engine.support.hierarchical.NodeTestTask$DefaultDynamicTestExecutor.execute(NodeTestTask.java:192)
	at org.junit.jupiter.engine.descriptor.TestTemplateTestDescriptor.execute(TestTemplateTestDescriptor.java:139)
	at org.junit.jupiter.engine.descriptor.TestTemplateTestDescriptor.lambda$execute$2(TestTemplateTestDescriptor.java:107)
	at java.base/java.util.stream.ForEachOps$ForEachOp$OfRef.accept(ForEachOps.java:183)
	at java.base/java.util.stream.ReferencePipeline$3$1.accept(ReferencePipeline.java:197)
	at java.base/java.util.stream.ReferencePipeline$2$1.accept(ReferencePipeline.java:179)
	at java.base/java.util.stream.ReferencePipeline$3$1.accept(ReferencePipeline.java:197)
	at java.base/java.util.stream.ForEachOps$ForEachOp$OfRef.accept(ForEachOps.java:183)
	at java.base/java.util.stream.ReferencePipeline$15$1.accept(ReferencePipeline.java:541)
	at java.base/java.util.stream.ReferencePipeline$3$1.accept(ReferencePipeline.java:197)
	at java.base/java.util.stream.ReferencePipeline$3$1.accept(ReferencePipeline.java:197)
	at java.base/java.util.stream.ReferencePipeline$3$1.accept(ReferencePipeline.java:197)
	at java.base/java.util.stream.ForEachOps$ForEachOp$OfRef.accept(ForEachOps.java:183)
	at java.base/java.util.stream.ReferencePipeline$3$1.accept(ReferencePipeline.java:197)
	at java.base/java.util.stream.ForEachOps$ForEachOp$OfRef.accept(ForEachOps.java:183)
	at java.base/java.util.stream.SliceOps$1$1.accept(SliceOps.java:200)
	at java.base/java.util.stream.StreamSpliterators$InfiniteSupplyingSpliterator$OfRef.tryAdvance(StreamSpliterators.java:1358)
	at java.base/java.util.stream.ReferencePipeline.forEachWithCancel(ReferencePipeline.java:129)
	at java.base/java.util.stream.AbstractPipeline.copyIntoWithCancel(AbstractPipeline.java:527)
	at java.base/java.util.stream.AbstractPipeline.copyInto(AbstractPipeline.java:513)
	at java.base/java.util.stream.AbstractPipeline.wrapAndCopyInto(AbstractPipeline.java:499)
	at java.base/java.util.stream.ForEachOps$ForEachOp.evaluateSequential(ForEachOps.java:150)
	at java.base/java.util.stream.ForEachOps$ForEachOp$OfRef.evaluateSequential(ForEachOps.java:173)
	at java.base/java.util.stream.AbstractPipeline.evaluate(AbstractPipeline.java:234)
	at java.base/java.util.stream.ReferencePipeline.forEach(ReferencePipeline.java:596)
	at java.base/java.util.stream.ReferencePipeline$7$1.accept(ReferencePipeline.java:276)
	at java.base/java.util.stream.ReferencePipeline$3$1.accept(ReferencePipeline.java:197)
	at java.base/java.util.stream.ReferencePipeline$3$1.accept(ReferencePipeline.java:197)
	at java.base/java.util.Spliterators$ArraySpliterator.forEachRemaining(Spliterators.java:992)
	at java.base/java.util.stream.AbstractPipeline.copyInto(AbstractPipeline.java:509)
	at java.base/java.util.stream.AbstractPipeline.wrapAndCopyInto(AbstractPipeline.java:499)
	at java.base/java.util.stream.ForEachOps$ForEachOp.evaluateSequential(ForEachOps.java:150)
	at java.base/java.util.stream.ForEachOps$ForEachOp$OfRef.evaluateSequential(ForEachOps.java:173)
	at java.base/java.util.stream.AbstractPipeline.evaluate(AbstractPipeline.java:234)
	at java.base/java.util.stream.ReferencePipeline.forEach(ReferencePipeline.java:596)
	at java.base/java.util.stream.ReferencePipeline$7$1.accept(ReferencePipeline.java:276)
	at java.base/java.util.stream.ReferencePipeline$3$1.accept(ReferencePipeline.java:197)
	at java.base/java.util.stream.ReferencePipeline$3$1.accept(ReferencePipeline.java:197)
	at java.base/java.util.stream.ReferencePipeline$3$1.accept(ReferencePipeline.java:197)
	at java.base/java.util.ArrayList$ArrayListSpliterator.forEachRemaining(ArrayList.java:1625)
	at java.base/java.util.stream.AbstractPipeline.copyInto(AbstractPipeline.java:509)
	at java.base/java.util.stream.AbstractPipeline.wrapAndCopyInto(AbstractPipeline.java:499)
	at java.base/java.util.stream.ForEachOps$ForEachOp.evaluateSequential(ForEachOps.java:150)
	at java.base/java.util.stream.ForEachOps$ForEachOp$OfRef.evaluateSequential(ForEachOps.java:173)
	at java.base/java.util.stream.AbstractPipeline.evaluate(AbstractPipeline.java:234)
	at java.base/java.util.stream.ReferencePipeline.forEach(ReferencePipeline.java:596)
	at java.base/java.util.stream.ReferencePipeline$7$1.accept(ReferencePipeline.java:276)
	at java.base/java.util.ArrayList$ArrayListSpliterator.forEachRemaining(ArrayList.java:1625)
	at java.base/java.util.stream.AbstractPipeline.copyInto(AbstractPipeline.java:509)
	at java.base/java.util.stream.AbstractPipeline.wrapAndCopyInto(AbstractPipeline.java:499)
	at java.base/java.util.stream.ForEachOps$ForEachOp.evaluateSequential(ForEachOps.java:150)
	at java.base/java.util.stream.ForEachOps$ForEachOp$OfRef.evaluateSequential(ForEachOps.java:173)
	at java.base/java.util.stream.AbstractPipeline.evaluate(AbstractPipeline.java:234)
	at java.base/java.util.stream.ReferencePipeline.forEach(ReferencePipeline.java:596)
	at org.junit.jupiter.engine.descriptor.TestTemplateTestDescriptor.execute(TestTemplateTestDescriptor.java:107)
	at org.junit.jupiter.engine.descriptor.TestTemplateTestDescriptor.execute(TestTemplateTestDescriptor.java:42)
	at org.junit.platform.engine.support.hierarchical.NodeTestTask.lambda$executeRecursively$5(NodeTestTask.java:139)
	at org.junit.platform.engine.support.hierarchical.ThrowableCollector.execute(ThrowableCollector.java:73)
	at org.junit.platform.engine.support.hierarchical.NodeTestTask.lambda$executeRecursively$7(NodeTestTask.java:129)
	at org.junit.platform.engine.support.hierarchical.Node.around(Node.java:137)
	at org.junit.platform.engine.support.hierarchical.NodeTestTask.lambda$executeRecursively$8(NodeTestTask.java:127)
	at org.junit.platform.engine.support.hierarchical.ThrowableCollector.execute(ThrowableCollector.java:73)
	at org.junit.platform.engine.support.hierarchical.NodeTestTask.executeRecursively(NodeTestTask.java:126)
	at org.junit.platform.engine.support.hierarchical.NodeTestTask.execute(NodeTestTask.java:84)
	at java.base/java.util.ArrayList.forEach(ArrayList.java:1511)
	at org.junit.platform.engine.support.hierarchical.SameThreadHierarchicalTestExecutorService.invokeAll(SameThreadHierarchicalTestExecutorService.java:38)
	at org.junit.platform.engine.support.hierarchical.NodeTestTask.lambda$executeRecursively$5(NodeTestTask.java:143)
	at org.junit.platform.engine.support.hierarchical.ThrowableCollector.execute(ThrowableCollector.java:73)
	at org.junit.platform.engine.support.hierarchical.NodeTestTask.lambda$executeRecursively$7(NodeTestTask.java:129)
	at org.junit.platform.engine.support.hierarchical.Node.around(Node.java:137)
	at org.junit.platform.engine.support.hierarchical.NodeTestTask.lambda$executeRecursively$8(NodeTestTask.java:127)
	at org.junit.platform.engine.support.hierarchical.ThrowableCollector.execute(ThrowableCollector.java:73)
	at org.junit.platform.engine.support.hierarchical.NodeTestTask.executeRecursively(NodeTestTask.java:126)
	at org.junit.platform.engine.support.hierarchical.NodeTestTask.execute(NodeTestTask.java:84)
	at java.base/java.util.ArrayList.forEach(ArrayList.java:1511)
	at org.junit.platform.engine.support.hierarchical.SameThreadHierarchicalTestExecutorService.invokeAll(SameThreadHierarchicalTestExecutorService.java:38)
	at org.junit.platform.engine.support.hierarchical.NodeTestTask.lambda$executeRecursively$5(NodeTestTask.java:143)
	at org.junit.platform.engine.support.hierarchical.ThrowableCollector.execute(ThrowableCollector.java:73)
	at org.junit.platform.engine.support.hierarchical.NodeTestTask.lambda$executeRecursively$7(NodeTestTask.java:129)
	at org.junit.platform.engine.support.hierarchical.Node.around(Node.java:137)
	at org.junit.platform.engine.support.hierarchical.NodeTestTask.lambda$executeRecursively$8(NodeTestTask.java:127)
	at org.junit.platform.engine.support.hierarchical.ThrowableCollector.execute(ThrowableCollector.java:73)
	at org.junit.platform.engine.support.hierarchical.NodeTestTask.executeRecursively(NodeTestTask.java:126)
	at org.junit.platform.engine.support.hierarchical.NodeTestTask.execute(NodeTestTask.java:84)
	at org.junit.platform.engine.support.hierarchical.SameThreadHierarchicalTestExecutorService.submit(SameThreadHierarchicalTestExecutorService.java:32)
	at org.junit.platform.engine.support.hierarchical.HierarchicalTestExecutor.execute(HierarchicalTestExecutor.java:57)
	at org.junit.platform.engine.support.hierarchical.HierarchicalTestEngine.execute(HierarchicalTestEngine.java:51)
	at org.junit.platform.launcher.core.EngineExecutionOrchestrator.execute(EngineExecutionOrchestrator.java:108)
	at org.junit.platform.launcher.core.EngineExecutionOrchestrator.execute(EngineExecutionOrchestrator.java:88)
	at org.junit.platform.launcher.core.EngineExecutionOrchestrator.lambda$execute$0(EngineExecutionOrchestrator.java:54)
	at org.junit.platform.launcher.core.EngineExecutionOrchestrator.withInterceptedStreams(EngineExecutionOrchestrator.java:67)
	at org.junit.platform.launcher.core.EngineExecutionOrchestrator.execute(EngineExecutionOrchestrator.java:52)
	at org.junit.platform.launcher.core.DefaultLauncher.execute(DefaultLauncher.java:96)
	at org.junit.platform.launcher.core.DefaultLauncher.execute(DefaultLauncher.java:75)
	at org.junit.platform.console.tasks.ConsoleTestExecutor.executeTests(ConsoleTestExecutor.java:66)
	at org.junit.platform.console.tasks.ConsoleTestExecutor.lambda$execute$0(ConsoleTestExecutor.java:58)
	at org.junit.platform.console.tasks.CustomContextClassLoaderExecutor.replaceThreadContextClassLoaderAndInvoke(CustomContextClassLoaderExecutor.java:41)
	at org.junit.platform.console.tasks.CustomContextClassLoaderExecutor.invoke(CustomContextClassLoaderExecutor.java:31)
	at org.junit.platform.console.tasks.ConsoleTestExecutor.execute(ConsoleTestExecutor.java:58)
	at org.junit.platform.console.ConsoleLauncher.executeTests(ConsoleLauncher.java:95)
	at org.junit.platform.console.ConsoleLauncher.execute(ConsoleLauncher.java:73)
	at org.junit.platform.console.ConsoleLauncher.execute(ConsoleLauncher.java:50)
	at org.junit.platform.console.ConsoleLauncher.execute(ConsoleLauncher.java:43)
	at org.junit.platform.console.ConsoleLauncher.main(ConsoleLauncher.java:37)
]]></skipped>
<system-out><![CDATA[
unique-id: [engine:junit-jupiter]/[class:minebayd1.test.TestUser]/[test-template:testprevious(minebayd1.User)]/[test-template-invocation:#89]
display-name: [89] Sheraz a 49 annonces ouvertes, 3 annonces fermées et 6 achats 

]]></system-out>
</testcase>
<testcase name="testprevious(User)[90]" classname="minebayd1.test.TestUser" time="0">
<skipped><![CDATA[org.opentest4j.TestAbortedException: Assumption failed: assumption is not true
	at org.junit.jupiter.api.Assumptions.throwTestAbortedException(Assumptions.java:256)
	at org.junit.jupiter.api.Assumptions.assumeTrue(Assumptions.java:115)
	at org.junit.jupiter.api.Assumptions.assumeTrue(Assumptions.java:66)
	at minebayd1.test.TestUser.testprevious(TestUser.java:1288)
	at jdk.internal.reflect.GeneratedMethodAccessor15.invoke(Unknown Source)
	at java.base/jdk.internal.reflect.DelegatingMethodAccessorImpl.invoke(DelegatingMethodAccessorImpl.java:43)
	at java.base/java.lang.reflect.Method.invoke(Method.java:569)
	at org.junit.platform.commons.util.ReflectionUtils.invokeMethod(ReflectionUtils.java:688)
	at org.junit.jupiter.engine.execution.MethodInvocation.proceed(MethodInvocation.java:60)
	at org.junit.jupiter.engine.execution.InvocationInterceptorChain$ValidatingInvocation.proceed(InvocationInterceptorChain.java:131)
	at org.junit.jupiter.engine.extension.TimeoutExtension.intercept(TimeoutExtension.java:149)
	at org.junit.jupiter.engine.extension.TimeoutExtension.interceptTestableMethod(TimeoutExtension.java:140)
	at org.junit.jupiter.engine.extension.TimeoutExtension.interceptTestTemplateMethod(TimeoutExtension.java:92)
	at org.junit.jupiter.engine.execution.ExecutableInvoker$ReflectiveInterceptorCall.lambda$ofVoidMethod$0(ExecutableInvoker.java:115)
	at org.junit.jupiter.engine.execution.ExecutableInvoker.lambda$invoke$0(ExecutableInvoker.java:105)
	at org.junit.jupiter.engine.execution.InvocationInterceptorChain$InterceptedInvocation.proceed(InvocationInterceptorChain.java:106)
	at org.junit.jupiter.engine.execution.InvocationInterceptorChain.proceed(InvocationInterceptorChain.java:64)
	at org.junit.jupiter.engine.execution.InvocationInterceptorChain.chainAndInvoke(InvocationInterceptorChain.java:45)
	at org.junit.jupiter.engine.execution.InvocationInterceptorChain.invoke(InvocationInterceptorChain.java:37)
	at org.junit.jupiter.engine.execution.ExecutableInvoker.invoke(ExecutableInvoker.java:104)
	at org.junit.jupiter.engine.execution.ExecutableInvoker.invoke(ExecutableInvoker.java:98)
	at org.junit.jupiter.engine.descriptor.TestMethodTestDescriptor.lambda$invokeTestMethod$6(TestMethodTestDescriptor.java:210)
	at org.junit.platform.engine.support.hierarchical.ThrowableCollector.execute(ThrowableCollector.java:73)
	at org.junit.jupiter.engine.descriptor.TestMethodTestDescriptor.invokeTestMethod(TestMethodTestDescriptor.java:206)
	at org.junit.jupiter.engine.descriptor.TestMethodTestDescriptor.execute(TestMethodTestDescriptor.java:131)
	at org.junit.jupiter.engine.descriptor.TestMethodTestDescriptor.execute(TestMethodTestDescriptor.java:65)
	at org.junit.platform.engine.support.hierarchical.NodeTestTask.lambda$executeRecursively$5(NodeTestTask.java:139)
	at org.junit.platform.engine.support.hierarchical.ThrowableCollector.execute(ThrowableCollector.java:73)
	at org.junit.platform.engine.support.hierarchical.NodeTestTask.lambda$executeRecursively$7(NodeTestTask.java:129)
	at org.junit.platform.engine.support.hierarchical.Node.around(Node.java:137)
	at org.junit.platform.engine.support.hierarchical.NodeTestTask.lambda$executeRecursively$8(NodeTestTask.java:127)
	at org.junit.platform.engine.support.hierarchical.ThrowableCollector.execute(ThrowableCollector.java:73)
	at org.junit.platform.engine.support.hierarchical.NodeTestTask.executeRecursively(NodeTestTask.java:126)
	at org.junit.platform.engine.support.hierarchical.NodeTestTask.execute(NodeTestTask.java:84)
	at org.junit.platform.engine.support.hierarchical.SameThreadHierarchicalTestExecutorService.submit(SameThreadHierarchicalTestExecutorService.java:32)
	at org.junit.platform.engine.support.hierarchical.NodeTestTask$DefaultDynamicTestExecutor.execute(NodeTestTask.java:212)
	at org.junit.platform.engine.support.hierarchical.NodeTestTask$DefaultDynamicTestExecutor.execute(NodeTestTask.java:192)
	at org.junit.jupiter.engine.descriptor.TestTemplateTestDescriptor.execute(TestTemplateTestDescriptor.java:139)
	at org.junit.jupiter.engine.descriptor.TestTemplateTestDescriptor.lambda$execute$2(TestTemplateTestDescriptor.java:107)
	at java.base/java.util.stream.ForEachOps$ForEachOp$OfRef.accept(ForEachOps.java:183)
	at java.base/java.util.stream.ReferencePipeline$3$1.accept(ReferencePipeline.java:197)
	at java.base/java.util.stream.ReferencePipeline$2$1.accept(ReferencePipeline.java:179)
	at java.base/java.util.stream.ReferencePipeline$3$1.accept(ReferencePipeline.java:197)
	at java.base/java.util.stream.ForEachOps$ForEachOp$OfRef.accept(ForEachOps.java:183)
	at java.base/java.util.stream.ReferencePipeline$15$1.accept(ReferencePipeline.java:541)
	at java.base/java.util.stream.ReferencePipeline$3$1.accept(ReferencePipeline.java:197)
	at java.base/java.util.stream.ReferencePipeline$3$1.accept(ReferencePipeline.java:197)
	at java.base/java.util.stream.ReferencePipeline$3$1.accept(ReferencePipeline.java:197)
	at java.base/java.util.stream.ForEachOps$ForEachOp$OfRef.accept(ForEachOps.java:183)
	at java.base/java.util.stream.ReferencePipeline$3$1.accept(ReferencePipeline.java:197)
	at java.base/java.util.stream.ForEachOps$ForEachOp$OfRef.accept(ForEachOps.java:183)
	at java.base/java.util.stream.SliceOps$1$1.accept(SliceOps.java:200)
	at java.base/java.util.stream.StreamSpliterators$InfiniteSupplyingSpliterator$OfRef.tryAdvance(StreamSpliterators.java:1358)
	at java.base/java.util.stream.ReferencePipeline.forEachWithCancel(ReferencePipeline.java:129)
	at java.base/java.util.stream.AbstractPipeline.copyIntoWithCancel(AbstractPipeline.java:527)
	at java.base/java.util.stream.AbstractPipeline.copyInto(AbstractPipeline.java:513)
	at java.base/java.util.stream.AbstractPipeline.wrapAndCopyInto(AbstractPipeline.java:499)
	at java.base/java.util.stream.ForEachOps$ForEachOp.evaluateSequential(ForEachOps.java:150)
	at java.base/java.util.stream.ForEachOps$ForEachOp$OfRef.evaluateSequential(ForEachOps.java:173)
	at java.base/java.util.stream.AbstractPipeline.evaluate(AbstractPipeline.java:234)
	at java.base/java.util.stream.ReferencePipeline.forEach(ReferencePipeline.java:596)
	at java.base/java.util.stream.ReferencePipeline$7$1.accept(ReferencePipeline.java:276)
	at java.base/java.util.stream.ReferencePipeline$3$1.accept(ReferencePipeline.java:197)
	at java.base/java.util.stream.ReferencePipeline$3$1.accept(ReferencePipeline.java:197)
	at java.base/java.util.Spliterators$ArraySpliterator.forEachRemaining(Spliterators.java:992)
	at java.base/java.util.stream.AbstractPipeline.copyInto(AbstractPipeline.java:509)
	at java.base/java.util.stream.AbstractPipeline.wrapAndCopyInto(AbstractPipeline.java:499)
	at java.base/java.util.stream.ForEachOps$ForEachOp.evaluateSequential(ForEachOps.java:150)
	at java.base/java.util.stream.ForEachOps$ForEachOp$OfRef.evaluateSequential(ForEachOps.java:173)
	at java.base/java.util.stream.AbstractPipeline.evaluate(AbstractPipeline.java:234)
	at java.base/java.util.stream.ReferencePipeline.forEach(ReferencePipeline.java:596)
	at java.base/java.util.stream.ReferencePipeline$7$1.accept(ReferencePipeline.java:276)
	at java.base/java.util.stream.ReferencePipeline$3$1.accept(ReferencePipeline.java:197)
	at java.base/java.util.stream.ReferencePipeline$3$1.accept(ReferencePipeline.java:197)
	at java.base/java.util.stream.ReferencePipeline$3$1.accept(ReferencePipeline.java:197)
	at java.base/java.util.ArrayList$ArrayListSpliterator.forEachRemaining(ArrayList.java:1625)
	at java.base/java.util.stream.AbstractPipeline.copyInto(AbstractPipeline.java:509)
	at java.base/java.util.stream.AbstractPipeline.wrapAndCopyInto(AbstractPipeline.java:499)
	at java.base/java.util.stream.ForEachOps$ForEachOp.evaluateSequential(ForEachOps.java:150)
	at java.base/java.util.stream.ForEachOps$ForEachOp$OfRef.evaluateSequential(ForEachOps.java:173)
	at java.base/java.util.stream.AbstractPipeline.evaluate(AbstractPipeline.java:234)
	at java.base/java.util.stream.ReferencePipeline.forEach(ReferencePipeline.java:596)
	at java.base/java.util.stream.ReferencePipeline$7$1.accept(ReferencePipeline.java:276)
	at java.base/java.util.ArrayList$ArrayListSpliterator.forEachRemaining(ArrayList.java:1625)
	at java.base/java.util.stream.AbstractPipeline.copyInto(AbstractPipeline.java:509)
	at java.base/java.util.stream.AbstractPipeline.wrapAndCopyInto(AbstractPipeline.java:499)
	at java.base/java.util.stream.ForEachOps$ForEachOp.evaluateSequential(ForEachOps.java:150)
	at java.base/java.util.stream.ForEachOps$ForEachOp$OfRef.evaluateSequential(ForEachOps.java:173)
	at java.base/java.util.stream.AbstractPipeline.evaluate(AbstractPipeline.java:234)
	at java.base/java.util.stream.ReferencePipeline.forEach(ReferencePipeline.java:596)
	at org.junit.jupiter.engine.descriptor.TestTemplateTestDescriptor.execute(TestTemplateTestDescriptor.java:107)
	at org.junit.jupiter.engine.descriptor.TestTemplateTestDescriptor.execute(TestTemplateTestDescriptor.java:42)
	at org.junit.platform.engine.support.hierarchical.NodeTestTask.lambda$executeRecursively$5(NodeTestTask.java:139)
	at org.junit.platform.engine.support.hierarchical.ThrowableCollector.execute(ThrowableCollector.java:73)
	at org.junit.platform.engine.support.hierarchical.NodeTestTask.lambda$executeRecursively$7(NodeTestTask.java:129)
	at org.junit.platform.engine.support.hierarchical.Node.around(Node.java:137)
	at org.junit.platform.engine.support.hierarchical.NodeTestTask.lambda$executeRecursively$8(NodeTestTask.java:127)
	at org.junit.platform.engine.support.hierarchical.ThrowableCollector.execute(ThrowableCollector.java:73)
	at org.junit.platform.engine.support.hierarchical.NodeTestTask.executeRecursively(NodeTestTask.java:126)
	at org.junit.platform.engine.support.hierarchical.NodeTestTask.execute(NodeTestTask.java:84)
	at java.base/java.util.ArrayList.forEach(ArrayList.java:1511)
	at org.junit.platform.engine.support.hierarchical.SameThreadHierarchicalTestExecutorService.invokeAll(SameThreadHierarchicalTestExecutorService.java:38)
	at org.junit.platform.engine.support.hierarchical.NodeTestTask.lambda$executeRecursively$5(NodeTestTask.java:143)
	at org.junit.platform.engine.support.hierarchical.ThrowableCollector.execute(ThrowableCollector.java:73)
	at org.junit.platform.engine.support.hierarchical.NodeTestTask.lambda$executeRecursively$7(NodeTestTask.java:129)
	at org.junit.platform.engine.support.hierarchical.Node.around(Node.java:137)
	at org.junit.platform.engine.support.hierarchical.NodeTestTask.lambda$executeRecursively$8(NodeTestTask.java:127)
	at org.junit.platform.engine.support.hierarchical.ThrowableCollector.execute(ThrowableCollector.java:73)
	at org.junit.platform.engine.support.hierarchical.NodeTestTask.executeRecursively(NodeTestTask.java:126)
	at org.junit.platform.engine.support.hierarchical.NodeTestTask.execute(NodeTestTask.java:84)
	at java.base/java.util.ArrayList.forEach(ArrayList.java:1511)
	at org.junit.platform.engine.support.hierarchical.SameThreadHierarchicalTestExecutorService.invokeAll(SameThreadHierarchicalTestExecutorService.java:38)
	at org.junit.platform.engine.support.hierarchical.NodeTestTask.lambda$executeRecursively$5(NodeTestTask.java:143)
	at org.junit.platform.engine.support.hierarchical.ThrowableCollector.execute(ThrowableCollector.java:73)
	at org.junit.platform.engine.support.hierarchical.NodeTestTask.lambda$executeRecursively$7(NodeTestTask.java:129)
	at org.junit.platform.engine.support.hierarchical.Node.around(Node.java:137)
	at org.junit.platform.engine.support.hierarchical.NodeTestTask.lambda$executeRecursively$8(NodeTestTask.java:127)
	at org.junit.platform.engine.support.hierarchical.ThrowableCollector.execute(ThrowableCollector.java:73)
	at org.junit.platform.engine.support.hierarchical.NodeTestTask.executeRecursively(NodeTestTask.java:126)
	at org.junit.platform.engine.support.hierarchical.NodeTestTask.execute(NodeTestTask.java:84)
	at org.junit.platform.engine.support.hierarchical.SameThreadHierarchicalTestExecutorService.submit(SameThreadHierarchicalTestExecutorService.java:32)
	at org.junit.platform.engine.support.hierarchical.HierarchicalTestExecutor.execute(HierarchicalTestExecutor.java:57)
	at org.junit.platform.engine.support.hierarchical.HierarchicalTestEngine.execute(HierarchicalTestEngine.java:51)
	at org.junit.platform.launcher.core.EngineExecutionOrchestrator.execute(EngineExecutionOrchestrator.java:108)
	at org.junit.platform.launcher.core.EngineExecutionOrchestrator.execute(EngineExecutionOrchestrator.java:88)
	at org.junit.platform.launcher.core.EngineExecutionOrchestrator.lambda$execute$0(EngineExecutionOrchestrator.java:54)
	at org.junit.platform.launcher.core.EngineExecutionOrchestrator.withInterceptedStreams(EngineExecutionOrchestrator.java:67)
	at org.junit.platform.launcher.core.EngineExecutionOrchestrator.execute(EngineExecutionOrchestrator.java:52)
	at org.junit.platform.launcher.core.DefaultLauncher.execute(DefaultLauncher.java:96)
	at org.junit.platform.launcher.core.DefaultLauncher.execute(DefaultLauncher.java:75)
	at org.junit.platform.console.tasks.ConsoleTestExecutor.executeTests(ConsoleTestExecutor.java:66)
	at org.junit.platform.console.tasks.ConsoleTestExecutor.lambda$execute$0(ConsoleTestExecutor.java:58)
	at org.junit.platform.console.tasks.CustomContextClassLoaderExecutor.replaceThreadContextClassLoaderAndInvoke(CustomContextClassLoaderExecutor.java:41)
	at org.junit.platform.console.tasks.CustomContextClassLoaderExecutor.invoke(CustomContextClassLoaderExecutor.java:31)
	at org.junit.platform.console.tasks.ConsoleTestExecutor.execute(ConsoleTestExecutor.java:58)
	at org.junit.platform.console.ConsoleLauncher.executeTests(ConsoleLauncher.java:95)
	at org.junit.platform.console.ConsoleLauncher.execute(ConsoleLauncher.java:73)
	at org.junit.platform.console.ConsoleLauncher.execute(ConsoleLauncher.java:50)
	at org.junit.platform.console.ConsoleLauncher.execute(ConsoleLauncher.java:43)
	at org.junit.platform.console.ConsoleLauncher.main(ConsoleLauncher.java:37)
]]></skipped>
<system-out><![CDATA[
unique-id: [engine:junit-jupiter]/[class:minebayd1.test.TestUser]/[test-template:testprevious(minebayd1.User)]/[test-template-invocation:#90]
display-name: [90] Lyes a 65 annonces ouvertes, 1 annonces fermées et 3 achats 

]]></system-out>
</testcase>
<testcase name="testprevious(User)[91]" classname="minebayd1.test.TestUser" time="0">
<skipped><![CDATA[org.opentest4j.TestAbortedException: Assumption failed: assumption is not true
	at org.junit.jupiter.api.Assumptions.throwTestAbortedException(Assumptions.java:256)
	at org.junit.jupiter.api.Assumptions.assumeTrue(Assumptions.java:115)
	at org.junit.jupiter.api.Assumptions.assumeTrue(Assumptions.java:66)
	at minebayd1.test.TestUser.testprevious(TestUser.java:1288)
	at jdk.internal.reflect.GeneratedMethodAccessor15.invoke(Unknown Source)
	at java.base/jdk.internal.reflect.DelegatingMethodAccessorImpl.invoke(DelegatingMethodAccessorImpl.java:43)
	at java.base/java.lang.reflect.Method.invoke(Method.java:569)
	at org.junit.platform.commons.util.ReflectionUtils.invokeMethod(ReflectionUtils.java:688)
	at org.junit.jupiter.engine.execution.MethodInvocation.proceed(MethodInvocation.java:60)
	at org.junit.jupiter.engine.execution.InvocationInterceptorChain$ValidatingInvocation.proceed(InvocationInterceptorChain.java:131)
	at org.junit.jupiter.engine.extension.TimeoutExtension.intercept(TimeoutExtension.java:149)
	at org.junit.jupiter.engine.extension.TimeoutExtension.interceptTestableMethod(TimeoutExtension.java:140)
	at org.junit.jupiter.engine.extension.TimeoutExtension.interceptTestTemplateMethod(TimeoutExtension.java:92)
	at org.junit.jupiter.engine.execution.ExecutableInvoker$ReflectiveInterceptorCall.lambda$ofVoidMethod$0(ExecutableInvoker.java:115)
	at org.junit.jupiter.engine.execution.ExecutableInvoker.lambda$invoke$0(ExecutableInvoker.java:105)
	at org.junit.jupiter.engine.execution.InvocationInterceptorChain$InterceptedInvocation.proceed(InvocationInterceptorChain.java:106)
	at org.junit.jupiter.engine.execution.InvocationInterceptorChain.proceed(InvocationInterceptorChain.java:64)
	at org.junit.jupiter.engine.execution.InvocationInterceptorChain.chainAndInvoke(InvocationInterceptorChain.java:45)
	at org.junit.jupiter.engine.execution.InvocationInterceptorChain.invoke(InvocationInterceptorChain.java:37)
	at org.junit.jupiter.engine.execution.ExecutableInvoker.invoke(ExecutableInvoker.java:104)
	at org.junit.jupiter.engine.execution.ExecutableInvoker.invoke(ExecutableInvoker.java:98)
	at org.junit.jupiter.engine.descriptor.TestMethodTestDescriptor.lambda$invokeTestMethod$6(TestMethodTestDescriptor.java:210)
	at org.junit.platform.engine.support.hierarchical.ThrowableCollector.execute(ThrowableCollector.java:73)
	at org.junit.jupiter.engine.descriptor.TestMethodTestDescriptor.invokeTestMethod(TestMethodTestDescriptor.java:206)
	at org.junit.jupiter.engine.descriptor.TestMethodTestDescriptor.execute(TestMethodTestDescriptor.java:131)
	at org.junit.jupiter.engine.descriptor.TestMethodTestDescriptor.execute(TestMethodTestDescriptor.java:65)
	at org.junit.platform.engine.support.hierarchical.NodeTestTask.lambda$executeRecursively$5(NodeTestTask.java:139)
	at org.junit.platform.engine.support.hierarchical.ThrowableCollector.execute(ThrowableCollector.java:73)
	at org.junit.platform.engine.support.hierarchical.NodeTestTask.lambda$executeRecursively$7(NodeTestTask.java:129)
	at org.junit.platform.engine.support.hierarchical.Node.around(Node.java:137)
	at org.junit.platform.engine.support.hierarchical.NodeTestTask.lambda$executeRecursively$8(NodeTestTask.java:127)
	at org.junit.platform.engine.support.hierarchical.ThrowableCollector.execute(ThrowableCollector.java:73)
	at org.junit.platform.engine.support.hierarchical.NodeTestTask.executeRecursively(NodeTestTask.java:126)
	at org.junit.platform.engine.support.hierarchical.NodeTestTask.execute(NodeTestTask.java:84)
	at org.junit.platform.engine.support.hierarchical.SameThreadHierarchicalTestExecutorService.submit(SameThreadHierarchicalTestExecutorService.java:32)
	at org.junit.platform.engine.support.hierarchical.NodeTestTask$DefaultDynamicTestExecutor.execute(NodeTestTask.java:212)
	at org.junit.platform.engine.support.hierarchical.NodeTestTask$DefaultDynamicTestExecutor.execute(NodeTestTask.java:192)
	at org.junit.jupiter.engine.descriptor.TestTemplateTestDescriptor.execute(TestTemplateTestDescriptor.java:139)
	at org.junit.jupiter.engine.descriptor.TestTemplateTestDescriptor.lambda$execute$2(TestTemplateTestDescriptor.java:107)
	at java.base/java.util.stream.ForEachOps$ForEachOp$OfRef.accept(ForEachOps.java:183)
	at java.base/java.util.stream.ReferencePipeline$3$1.accept(ReferencePipeline.java:197)
	at java.base/java.util.stream.ReferencePipeline$2$1.accept(ReferencePipeline.java:179)
	at java.base/java.util.stream.ReferencePipeline$3$1.accept(ReferencePipeline.java:197)
	at java.base/java.util.stream.ForEachOps$ForEachOp$OfRef.accept(ForEachOps.java:183)
	at java.base/java.util.stream.ReferencePipeline$15$1.accept(ReferencePipeline.java:541)
	at java.base/java.util.stream.ReferencePipeline$3$1.accept(ReferencePipeline.java:197)
	at java.base/java.util.stream.ReferencePipeline$3$1.accept(ReferencePipeline.java:197)
	at java.base/java.util.stream.ReferencePipeline$3$1.accept(ReferencePipeline.java:197)
	at java.base/java.util.stream.ForEachOps$ForEachOp$OfRef.accept(ForEachOps.java:183)
	at java.base/java.util.stream.ReferencePipeline$3$1.accept(ReferencePipeline.java:197)
	at java.base/java.util.stream.ForEachOps$ForEachOp$OfRef.accept(ForEachOps.java:183)
	at java.base/java.util.stream.SliceOps$1$1.accept(SliceOps.java:200)
	at java.base/java.util.stream.StreamSpliterators$InfiniteSupplyingSpliterator$OfRef.tryAdvance(StreamSpliterators.java:1358)
	at java.base/java.util.stream.ReferencePipeline.forEachWithCancel(ReferencePipeline.java:129)
	at java.base/java.util.stream.AbstractPipeline.copyIntoWithCancel(AbstractPipeline.java:527)
	at java.base/java.util.stream.AbstractPipeline.copyInto(AbstractPipeline.java:513)
	at java.base/java.util.stream.AbstractPipeline.wrapAndCopyInto(AbstractPipeline.java:499)
	at java.base/java.util.stream.ForEachOps$ForEachOp.evaluateSequential(ForEachOps.java:150)
	at java.base/java.util.stream.ForEachOps$ForEachOp$OfRef.evaluateSequential(ForEachOps.java:173)
	at java.base/java.util.stream.AbstractPipeline.evaluate(AbstractPipeline.java:234)
	at java.base/java.util.stream.ReferencePipeline.forEach(ReferencePipeline.java:596)
	at java.base/java.util.stream.ReferencePipeline$7$1.accept(ReferencePipeline.java:276)
	at java.base/java.util.stream.ReferencePipeline$3$1.accept(ReferencePipeline.java:197)
	at java.base/java.util.stream.ReferencePipeline$3$1.accept(ReferencePipeline.java:197)
	at java.base/java.util.Spliterators$ArraySpliterator.forEachRemaining(Spliterators.java:992)
	at java.base/java.util.stream.AbstractPipeline.copyInto(AbstractPipeline.java:509)
	at java.base/java.util.stream.AbstractPipeline.wrapAndCopyInto(AbstractPipeline.java:499)
	at java.base/java.util.stream.ForEachOps$ForEachOp.evaluateSequential(ForEachOps.java:150)
	at java.base/java.util.stream.ForEachOps$ForEachOp$OfRef.evaluateSequential(ForEachOps.java:173)
	at java.base/java.util.stream.AbstractPipeline.evaluate(AbstractPipeline.java:234)
	at java.base/java.util.stream.ReferencePipeline.forEach(ReferencePipeline.java:596)
	at java.base/java.util.stream.ReferencePipeline$7$1.accept(ReferencePipeline.java:276)
	at java.base/java.util.stream.ReferencePipeline$3$1.accept(ReferencePipeline.java:197)
	at java.base/java.util.stream.ReferencePipeline$3$1.accept(ReferencePipeline.java:197)
	at java.base/java.util.stream.ReferencePipeline$3$1.accept(ReferencePipeline.java:197)
	at java.base/java.util.ArrayList$ArrayListSpliterator.forEachRemaining(ArrayList.java:1625)
	at java.base/java.util.stream.AbstractPipeline.copyInto(AbstractPipeline.java:509)
	at java.base/java.util.stream.AbstractPipeline.wrapAndCopyInto(AbstractPipeline.java:499)
	at java.base/java.util.stream.ForEachOps$ForEachOp.evaluateSequential(ForEachOps.java:150)
	at java.base/java.util.stream.ForEachOps$ForEachOp$OfRef.evaluateSequential(ForEachOps.java:173)
	at java.base/java.util.stream.AbstractPipeline.evaluate(AbstractPipeline.java:234)
	at java.base/java.util.stream.ReferencePipeline.forEach(ReferencePipeline.java:596)
	at java.base/java.util.stream.ReferencePipeline$7$1.accept(ReferencePipeline.java:276)
	at java.base/java.util.ArrayList$ArrayListSpliterator.forEachRemaining(ArrayList.java:1625)
	at java.base/java.util.stream.AbstractPipeline.copyInto(AbstractPipeline.java:509)
	at java.base/java.util.stream.AbstractPipeline.wrapAndCopyInto(AbstractPipeline.java:499)
	at java.base/java.util.stream.ForEachOps$ForEachOp.evaluateSequential(ForEachOps.java:150)
	at java.base/java.util.stream.ForEachOps$ForEachOp$OfRef.evaluateSequential(ForEachOps.java:173)
	at java.base/java.util.stream.AbstractPipeline.evaluate(AbstractPipeline.java:234)
	at java.base/java.util.stream.ReferencePipeline.forEach(ReferencePipeline.java:596)
	at org.junit.jupiter.engine.descriptor.TestTemplateTestDescriptor.execute(TestTemplateTestDescriptor.java:107)
	at org.junit.jupiter.engine.descriptor.TestTemplateTestDescriptor.execute(TestTemplateTestDescriptor.java:42)
	at org.junit.platform.engine.support.hierarchical.NodeTestTask.lambda$executeRecursively$5(NodeTestTask.java:139)
	at org.junit.platform.engine.support.hierarchical.ThrowableCollector.execute(ThrowableCollector.java:73)
	at org.junit.platform.engine.support.hierarchical.NodeTestTask.lambda$executeRecursively$7(NodeTestTask.java:129)
	at org.junit.platform.engine.support.hierarchical.Node.around(Node.java:137)
	at org.junit.platform.engine.support.hierarchical.NodeTestTask.lambda$executeRecursively$8(NodeTestTask.java:127)
	at org.junit.platform.engine.support.hierarchical.ThrowableCollector.execute(ThrowableCollector.java:73)
	at org.junit.platform.engine.support.hierarchical.NodeTestTask.executeRecursively(NodeTestTask.java:126)
	at org.junit.platform.engine.support.hierarchical.NodeTestTask.execute(NodeTestTask.java:84)
	at java.base/java.util.ArrayList.forEach(ArrayList.java:1511)
	at org.junit.platform.engine.support.hierarchical.SameThreadHierarchicalTestExecutorService.invokeAll(SameThreadHierarchicalTestExecutorService.java:38)
	at org.junit.platform.engine.support.hierarchical.NodeTestTask.lambda$executeRecursively$5(NodeTestTask.java:143)
	at org.junit.platform.engine.support.hierarchical.ThrowableCollector.execute(ThrowableCollector.java:73)
	at org.junit.platform.engine.support.hierarchical.NodeTestTask.lambda$executeRecursively$7(NodeTestTask.java:129)
	at org.junit.platform.engine.support.hierarchical.Node.around(Node.java:137)
	at org.junit.platform.engine.support.hierarchical.NodeTestTask.lambda$executeRecursively$8(NodeTestTask.java:127)
	at org.junit.platform.engine.support.hierarchical.ThrowableCollector.execute(ThrowableCollector.java:73)
	at org.junit.platform.engine.support.hierarchical.NodeTestTask.executeRecursively(NodeTestTask.java:126)
	at org.junit.platform.engine.support.hierarchical.NodeTestTask.execute(NodeTestTask.java:84)
	at java.base/java.util.ArrayList.forEach(ArrayList.java:1511)
	at org.junit.platform.engine.support.hierarchical.SameThreadHierarchicalTestExecutorService.invokeAll(SameThreadHierarchicalTestExecutorService.java:38)
	at org.junit.platform.engine.support.hierarchical.NodeTestTask.lambda$executeRecursively$5(NodeTestTask.java:143)
	at org.junit.platform.engine.support.hierarchical.ThrowableCollector.execute(ThrowableCollector.java:73)
	at org.junit.platform.engine.support.hierarchical.NodeTestTask.lambda$executeRecursively$7(NodeTestTask.java:129)
	at org.junit.platform.engine.support.hierarchical.Node.around(Node.java:137)
	at org.junit.platform.engine.support.hierarchical.NodeTestTask.lambda$executeRecursively$8(NodeTestTask.java:127)
	at org.junit.platform.engine.support.hierarchical.ThrowableCollector.execute(ThrowableCollector.java:73)
	at org.junit.platform.engine.support.hierarchical.NodeTestTask.executeRecursively(NodeTestTask.java:126)
	at org.junit.platform.engine.support.hierarchical.NodeTestTask.execute(NodeTestTask.java:84)
	at org.junit.platform.engine.support.hierarchical.SameThreadHierarchicalTestExecutorService.submit(SameThreadHierarchicalTestExecutorService.java:32)
	at org.junit.platform.engine.support.hierarchical.HierarchicalTestExecutor.execute(HierarchicalTestExecutor.java:57)
	at org.junit.platform.engine.support.hierarchical.HierarchicalTestEngine.execute(HierarchicalTestEngine.java:51)
	at org.junit.platform.launcher.core.EngineExecutionOrchestrator.execute(EngineExecutionOrchestrator.java:108)
	at org.junit.platform.launcher.core.EngineExecutionOrchestrator.execute(EngineExecutionOrchestrator.java:88)
	at org.junit.platform.launcher.core.EngineExecutionOrchestrator.lambda$execute$0(EngineExecutionOrchestrator.java:54)
	at org.junit.platform.launcher.core.EngineExecutionOrchestrator.withInterceptedStreams(EngineExecutionOrchestrator.java:67)
	at org.junit.platform.launcher.core.EngineExecutionOrchestrator.execute(EngineExecutionOrchestrator.java:52)
	at org.junit.platform.launcher.core.DefaultLauncher.execute(DefaultLauncher.java:96)
	at org.junit.platform.launcher.core.DefaultLauncher.execute(DefaultLauncher.java:75)
	at org.junit.platform.console.tasks.ConsoleTestExecutor.executeTests(ConsoleTestExecutor.java:66)
	at org.junit.platform.console.tasks.ConsoleTestExecutor.lambda$execute$0(ConsoleTestExecutor.java:58)
	at org.junit.platform.console.tasks.CustomContextClassLoaderExecutor.replaceThreadContextClassLoaderAndInvoke(CustomContextClassLoaderExecutor.java:41)
	at org.junit.platform.console.tasks.CustomContextClassLoaderExecutor.invoke(CustomContextClassLoaderExecutor.java:31)
	at org.junit.platform.console.tasks.ConsoleTestExecutor.execute(ConsoleTestExecutor.java:58)
	at org.junit.platform.console.ConsoleLauncher.executeTests(ConsoleLauncher.java:95)
	at org.junit.platform.console.ConsoleLauncher.execute(ConsoleLauncher.java:73)
	at org.junit.platform.console.ConsoleLauncher.execute(ConsoleLauncher.java:50)
	at org.junit.platform.console.ConsoleLauncher.execute(ConsoleLauncher.java:43)
	at org.junit.platform.console.ConsoleLauncher.main(ConsoleLauncher.java:37)
]]></skipped>
<system-out><![CDATA[
unique-id: [engine:junit-jupiter]/[class:minebayd1.test.TestUser]/[test-template:testprevious(minebayd1.User)]/[test-template-invocation:#91]
display-name: [91] Lyes a 65 annonces ouvertes, 1 annonces fermées et 3 achats 

]]></system-out>
</testcase>
<testcase name="testprevious(User)[92]" classname="minebayd1.test.TestUser" time="0">
<skipped><![CDATA[org.opentest4j.TestAbortedException: Assumption failed: assumption is not true
	at org.junit.jupiter.api.Assumptions.throwTestAbortedException(Assumptions.java:256)
	at org.junit.jupiter.api.Assumptions.assumeTrue(Assumptions.java:115)
	at org.junit.jupiter.api.Assumptions.assumeTrue(Assumptions.java:66)
	at minebayd1.test.TestUser.testprevious(TestUser.java:1288)
	at jdk.internal.reflect.GeneratedMethodAccessor15.invoke(Unknown Source)
	at java.base/jdk.internal.reflect.DelegatingMethodAccessorImpl.invoke(DelegatingMethodAccessorImpl.java:43)
	at java.base/java.lang.reflect.Method.invoke(Method.java:569)
	at org.junit.platform.commons.util.ReflectionUtils.invokeMethod(ReflectionUtils.java:688)
	at org.junit.jupiter.engine.execution.MethodInvocation.proceed(MethodInvocation.java:60)
	at org.junit.jupiter.engine.execution.InvocationInterceptorChain$ValidatingInvocation.proceed(InvocationInterceptorChain.java:131)
	at org.junit.jupiter.engine.extension.TimeoutExtension.intercept(TimeoutExtension.java:149)
	at org.junit.jupiter.engine.extension.TimeoutExtension.interceptTestableMethod(TimeoutExtension.java:140)
	at org.junit.jupiter.engine.extension.TimeoutExtension.interceptTestTemplateMethod(TimeoutExtension.java:92)
	at org.junit.jupiter.engine.execution.ExecutableInvoker$ReflectiveInterceptorCall.lambda$ofVoidMethod$0(ExecutableInvoker.java:115)
	at org.junit.jupiter.engine.execution.ExecutableInvoker.lambda$invoke$0(ExecutableInvoker.java:105)
	at org.junit.jupiter.engine.execution.InvocationInterceptorChain$InterceptedInvocation.proceed(InvocationInterceptorChain.java:106)
	at org.junit.jupiter.engine.execution.InvocationInterceptorChain.proceed(InvocationInterceptorChain.java:64)
	at org.junit.jupiter.engine.execution.InvocationInterceptorChain.chainAndInvoke(InvocationInterceptorChain.java:45)
	at org.junit.jupiter.engine.execution.InvocationInterceptorChain.invoke(InvocationInterceptorChain.java:37)
	at org.junit.jupiter.engine.execution.ExecutableInvoker.invoke(ExecutableInvoker.java:104)
	at org.junit.jupiter.engine.execution.ExecutableInvoker.invoke(ExecutableInvoker.java:98)
	at org.junit.jupiter.engine.descriptor.TestMethodTestDescriptor.lambda$invokeTestMethod$6(TestMethodTestDescriptor.java:210)
	at org.junit.platform.engine.support.hierarchical.ThrowableCollector.execute(ThrowableCollector.java:73)
	at org.junit.jupiter.engine.descriptor.TestMethodTestDescriptor.invokeTestMethod(TestMethodTestDescriptor.java:206)
	at org.junit.jupiter.engine.descriptor.TestMethodTestDescriptor.execute(TestMethodTestDescriptor.java:131)
	at org.junit.jupiter.engine.descriptor.TestMethodTestDescriptor.execute(TestMethodTestDescriptor.java:65)
	at org.junit.platform.engine.support.hierarchical.NodeTestTask.lambda$executeRecursively$5(NodeTestTask.java:139)
	at org.junit.platform.engine.support.hierarchical.ThrowableCollector.execute(ThrowableCollector.java:73)
	at org.junit.platform.engine.support.hierarchical.NodeTestTask.lambda$executeRecursively$7(NodeTestTask.java:129)
	at org.junit.platform.engine.support.hierarchical.Node.around(Node.java:137)
	at org.junit.platform.engine.support.hierarchical.NodeTestTask.lambda$executeRecursively$8(NodeTestTask.java:127)
	at org.junit.platform.engine.support.hierarchical.ThrowableCollector.execute(ThrowableCollector.java:73)
	at org.junit.platform.engine.support.hierarchical.NodeTestTask.executeRecursively(NodeTestTask.java:126)
	at org.junit.platform.engine.support.hierarchical.NodeTestTask.execute(NodeTestTask.java:84)
	at org.junit.platform.engine.support.hierarchical.SameThreadHierarchicalTestExecutorService.submit(SameThreadHierarchicalTestExecutorService.java:32)
	at org.junit.platform.engine.support.hierarchical.NodeTestTask$DefaultDynamicTestExecutor.execute(NodeTestTask.java:212)
	at org.junit.platform.engine.support.hierarchical.NodeTestTask$DefaultDynamicTestExecutor.execute(NodeTestTask.java:192)
	at org.junit.jupiter.engine.descriptor.TestTemplateTestDescriptor.execute(TestTemplateTestDescriptor.java:139)
	at org.junit.jupiter.engine.descriptor.TestTemplateTestDescriptor.lambda$execute$2(TestTemplateTestDescriptor.java:107)
	at java.base/java.util.stream.ForEachOps$ForEachOp$OfRef.accept(ForEachOps.java:183)
	at java.base/java.util.stream.ReferencePipeline$3$1.accept(ReferencePipeline.java:197)
	at java.base/java.util.stream.ReferencePipeline$2$1.accept(ReferencePipeline.java:179)
	at java.base/java.util.stream.ReferencePipeline$3$1.accept(ReferencePipeline.java:197)
	at java.base/java.util.stream.ForEachOps$ForEachOp$OfRef.accept(ForEachOps.java:183)
	at java.base/java.util.stream.ReferencePipeline$15$1.accept(ReferencePipeline.java:541)
	at java.base/java.util.stream.ReferencePipeline$3$1.accept(ReferencePipeline.java:197)
	at java.base/java.util.stream.ReferencePipeline$3$1.accept(ReferencePipeline.java:197)
	at java.base/java.util.stream.ReferencePipeline$3$1.accept(ReferencePipeline.java:197)
	at java.base/java.util.stream.ForEachOps$ForEachOp$OfRef.accept(ForEachOps.java:183)
	at java.base/java.util.stream.ReferencePipeline$3$1.accept(ReferencePipeline.java:197)
	at java.base/java.util.stream.ForEachOps$ForEachOp$OfRef.accept(ForEachOps.java:183)
	at java.base/java.util.stream.SliceOps$1$1.accept(SliceOps.java:200)
	at java.base/java.util.stream.StreamSpliterators$InfiniteSupplyingSpliterator$OfRef.tryAdvance(StreamSpliterators.java:1358)
	at java.base/java.util.stream.ReferencePipeline.forEachWithCancel(ReferencePipeline.java:129)
	at java.base/java.util.stream.AbstractPipeline.copyIntoWithCancel(AbstractPipeline.java:527)
	at java.base/java.util.stream.AbstractPipeline.copyInto(AbstractPipeline.java:513)
	at java.base/java.util.stream.AbstractPipeline.wrapAndCopyInto(AbstractPipeline.java:499)
	at java.base/java.util.stream.ForEachOps$ForEachOp.evaluateSequential(ForEachOps.java:150)
	at java.base/java.util.stream.ForEachOps$ForEachOp$OfRef.evaluateSequential(ForEachOps.java:173)
	at java.base/java.util.stream.AbstractPipeline.evaluate(AbstractPipeline.java:234)
	at java.base/java.util.stream.ReferencePipeline.forEach(ReferencePipeline.java:596)
	at java.base/java.util.stream.ReferencePipeline$7$1.accept(ReferencePipeline.java:276)
	at java.base/java.util.stream.ReferencePipeline$3$1.accept(ReferencePipeline.java:197)
	at java.base/java.util.stream.ReferencePipeline$3$1.accept(ReferencePipeline.java:197)
	at java.base/java.util.Spliterators$ArraySpliterator.forEachRemaining(Spliterators.java:992)
	at java.base/java.util.stream.AbstractPipeline.copyInto(AbstractPipeline.java:509)
	at java.base/java.util.stream.AbstractPipeline.wrapAndCopyInto(AbstractPipeline.java:499)
	at java.base/java.util.stream.ForEachOps$ForEachOp.evaluateSequential(ForEachOps.java:150)
	at java.base/java.util.stream.ForEachOps$ForEachOp$OfRef.evaluateSequential(ForEachOps.java:173)
	at java.base/java.util.stream.AbstractPipeline.evaluate(AbstractPipeline.java:234)
	at java.base/java.util.stream.ReferencePipeline.forEach(ReferencePipeline.java:596)
	at java.base/java.util.stream.ReferencePipeline$7$1.accept(ReferencePipeline.java:276)
	at java.base/java.util.stream.ReferencePipeline$3$1.accept(ReferencePipeline.java:197)
	at java.base/java.util.stream.ReferencePipeline$3$1.accept(ReferencePipeline.java:197)
	at java.base/java.util.stream.ReferencePipeline$3$1.accept(ReferencePipeline.java:197)
	at java.base/java.util.ArrayList$ArrayListSpliterator.forEachRemaining(ArrayList.java:1625)
	at java.base/java.util.stream.AbstractPipeline.copyInto(AbstractPipeline.java:509)
	at java.base/java.util.stream.AbstractPipeline.wrapAndCopyInto(AbstractPipeline.java:499)
	at java.base/java.util.stream.ForEachOps$ForEachOp.evaluateSequential(ForEachOps.java:150)
	at java.base/java.util.stream.ForEachOps$ForEachOp$OfRef.evaluateSequential(ForEachOps.java:173)
	at java.base/java.util.stream.AbstractPipeline.evaluate(AbstractPipeline.java:234)
	at java.base/java.util.stream.ReferencePipeline.forEach(ReferencePipeline.java:596)
	at java.base/java.util.stream.ReferencePipeline$7$1.accept(ReferencePipeline.java:276)
	at java.base/java.util.ArrayList$ArrayListSpliterator.forEachRemaining(ArrayList.java:1625)
	at java.base/java.util.stream.AbstractPipeline.copyInto(AbstractPipeline.java:509)
	at java.base/java.util.stream.AbstractPipeline.wrapAndCopyInto(AbstractPipeline.java:499)
	at java.base/java.util.stream.ForEachOps$ForEachOp.evaluateSequential(ForEachOps.java:150)
	at java.base/java.util.stream.ForEachOps$ForEachOp$OfRef.evaluateSequential(ForEachOps.java:173)
	at java.base/java.util.stream.AbstractPipeline.evaluate(AbstractPipeline.java:234)
	at java.base/java.util.stream.ReferencePipeline.forEach(ReferencePipeline.java:596)
	at org.junit.jupiter.engine.descriptor.TestTemplateTestDescriptor.execute(TestTemplateTestDescriptor.java:107)
	at org.junit.jupiter.engine.descriptor.TestTemplateTestDescriptor.execute(TestTemplateTestDescriptor.java:42)
	at org.junit.platform.engine.support.hierarchical.NodeTestTask.lambda$executeRecursively$5(NodeTestTask.java:139)
	at org.junit.platform.engine.support.hierarchical.ThrowableCollector.execute(ThrowableCollector.java:73)
	at org.junit.platform.engine.support.hierarchical.NodeTestTask.lambda$executeRecursively$7(NodeTestTask.java:129)
	at org.junit.platform.engine.support.hierarchical.Node.around(Node.java:137)
	at org.junit.platform.engine.support.hierarchical.NodeTestTask.lambda$executeRecursively$8(NodeTestTask.java:127)
	at org.junit.platform.engine.support.hierarchical.ThrowableCollector.execute(ThrowableCollector.java:73)
	at org.junit.platform.engine.support.hierarchical.NodeTestTask.executeRecursively(NodeTestTask.java:126)
	at org.junit.platform.engine.support.hierarchical.NodeTestTask.execute(NodeTestTask.java:84)
	at java.base/java.util.ArrayList.forEach(ArrayList.java:1511)
	at org.junit.platform.engine.support.hierarchical.SameThreadHierarchicalTestExecutorService.invokeAll(SameThreadHierarchicalTestExecutorService.java:38)
	at org.junit.platform.engine.support.hierarchical.NodeTestTask.lambda$executeRecursively$5(NodeTestTask.java:143)
	at org.junit.platform.engine.support.hierarchical.ThrowableCollector.execute(ThrowableCollector.java:73)
	at org.junit.platform.engine.support.hierarchical.NodeTestTask.lambda$executeRecursively$7(NodeTestTask.java:129)
	at org.junit.platform.engine.support.hierarchical.Node.around(Node.java:137)
	at org.junit.platform.engine.support.hierarchical.NodeTestTask.lambda$executeRecursively$8(NodeTestTask.java:127)
	at org.junit.platform.engine.support.hierarchical.ThrowableCollector.execute(ThrowableCollector.java:73)
	at org.junit.platform.engine.support.hierarchical.NodeTestTask.executeRecursively(NodeTestTask.java:126)
	at org.junit.platform.engine.support.hierarchical.NodeTestTask.execute(NodeTestTask.java:84)
	at java.base/java.util.ArrayList.forEach(ArrayList.java:1511)
	at org.junit.platform.engine.support.hierarchical.SameThreadHierarchicalTestExecutorService.invokeAll(SameThreadHierarchicalTestExecutorService.java:38)
	at org.junit.platform.engine.support.hierarchical.NodeTestTask.lambda$executeRecursively$5(NodeTestTask.java:143)
	at org.junit.platform.engine.support.hierarchical.ThrowableCollector.execute(ThrowableCollector.java:73)
	at org.junit.platform.engine.support.hierarchical.NodeTestTask.lambda$executeRecursively$7(NodeTestTask.java:129)
	at org.junit.platform.engine.support.hierarchical.Node.around(Node.java:137)
	at org.junit.platform.engine.support.hierarchical.NodeTestTask.lambda$executeRecursively$8(NodeTestTask.java:127)
	at org.junit.platform.engine.support.hierarchical.ThrowableCollector.execute(ThrowableCollector.java:73)
	at org.junit.platform.engine.support.hierarchical.NodeTestTask.executeRecursively(NodeTestTask.java:126)
	at org.junit.platform.engine.support.hierarchical.NodeTestTask.execute(NodeTestTask.java:84)
	at org.junit.platform.engine.support.hierarchical.SameThreadHierarchicalTestExecutorService.submit(SameThreadHierarchicalTestExecutorService.java:32)
	at org.junit.platform.engine.support.hierarchical.HierarchicalTestExecutor.execute(HierarchicalTestExecutor.java:57)
	at org.junit.platform.engine.support.hierarchical.HierarchicalTestEngine.execute(HierarchicalTestEngine.java:51)
	at org.junit.platform.launcher.core.EngineExecutionOrchestrator.execute(EngineExecutionOrchestrator.java:108)
	at org.junit.platform.launcher.core.EngineExecutionOrchestrator.execute(EngineExecutionOrchestrator.java:88)
	at org.junit.platform.launcher.core.EngineExecutionOrchestrator.lambda$execute$0(EngineExecutionOrchestrator.java:54)
	at org.junit.platform.launcher.core.EngineExecutionOrchestrator.withInterceptedStreams(EngineExecutionOrchestrator.java:67)
	at org.junit.platform.launcher.core.EngineExecutionOrchestrator.execute(EngineExecutionOrchestrator.java:52)
	at org.junit.platform.launcher.core.DefaultLauncher.execute(DefaultLauncher.java:96)
	at org.junit.platform.launcher.core.DefaultLauncher.execute(DefaultLauncher.java:75)
	at org.junit.platform.console.tasks.ConsoleTestExecutor.executeTests(ConsoleTestExecutor.java:66)
	at org.junit.platform.console.tasks.ConsoleTestExecutor.lambda$execute$0(ConsoleTestExecutor.java:58)
	at org.junit.platform.console.tasks.CustomContextClassLoaderExecutor.replaceThreadContextClassLoaderAndInvoke(CustomContextClassLoaderExecutor.java:41)
	at org.junit.platform.console.tasks.CustomContextClassLoaderExecutor.invoke(CustomContextClassLoaderExecutor.java:31)
	at org.junit.platform.console.tasks.ConsoleTestExecutor.execute(ConsoleTestExecutor.java:58)
	at org.junit.platform.console.ConsoleLauncher.executeTests(ConsoleLauncher.java:95)
	at org.junit.platform.console.ConsoleLauncher.execute(ConsoleLauncher.java:73)
	at org.junit.platform.console.ConsoleLauncher.execute(ConsoleLauncher.java:50)
	at org.junit.platform.console.ConsoleLauncher.execute(ConsoleLauncher.java:43)
	at org.junit.platform.console.ConsoleLauncher.main(ConsoleLauncher.java:37)
]]></skipped>
<system-out><![CDATA[
unique-id: [engine:junit-jupiter]/[class:minebayd1.test.TestUser]/[test-template:testprevious(minebayd1.User)]/[test-template-invocation:#92]
display-name: [92] Marc a 55 annonces ouvertes, 1 annonces fermées et 2 achats 

]]></system-out>
</testcase>
<testcase name="testprevious(User)[93]" classname="minebayd1.test.TestUser" time="0">
<skipped><![CDATA[org.opentest4j.TestAbortedException: Assumption failed: assumption is not true
	at org.junit.jupiter.api.Assumptions.throwTestAbortedException(Assumptions.java:256)
	at org.junit.jupiter.api.Assumptions.assumeTrue(Assumptions.java:115)
	at org.junit.jupiter.api.Assumptions.assumeTrue(Assumptions.java:66)
	at minebayd1.test.TestUser.testprevious(TestUser.java:1288)
	at jdk.internal.reflect.GeneratedMethodAccessor15.invoke(Unknown Source)
	at java.base/jdk.internal.reflect.DelegatingMethodAccessorImpl.invoke(DelegatingMethodAccessorImpl.java:43)
	at java.base/java.lang.reflect.Method.invoke(Method.java:569)
	at org.junit.platform.commons.util.ReflectionUtils.invokeMethod(ReflectionUtils.java:688)
	at org.junit.jupiter.engine.execution.MethodInvocation.proceed(MethodInvocation.java:60)
	at org.junit.jupiter.engine.execution.InvocationInterceptorChain$ValidatingInvocation.proceed(InvocationInterceptorChain.java:131)
	at org.junit.jupiter.engine.extension.TimeoutExtension.intercept(TimeoutExtension.java:149)
	at org.junit.jupiter.engine.extension.TimeoutExtension.interceptTestableMethod(TimeoutExtension.java:140)
	at org.junit.jupiter.engine.extension.TimeoutExtension.interceptTestTemplateMethod(TimeoutExtension.java:92)
	at org.junit.jupiter.engine.execution.ExecutableInvoker$ReflectiveInterceptorCall.lambda$ofVoidMethod$0(ExecutableInvoker.java:115)
	at org.junit.jupiter.engine.execution.ExecutableInvoker.lambda$invoke$0(ExecutableInvoker.java:105)
	at org.junit.jupiter.engine.execution.InvocationInterceptorChain$InterceptedInvocation.proceed(InvocationInterceptorChain.java:106)
	at org.junit.jupiter.engine.execution.InvocationInterceptorChain.proceed(InvocationInterceptorChain.java:64)
	at org.junit.jupiter.engine.execution.InvocationInterceptorChain.chainAndInvoke(InvocationInterceptorChain.java:45)
	at org.junit.jupiter.engine.execution.InvocationInterceptorChain.invoke(InvocationInterceptorChain.java:37)
	at org.junit.jupiter.engine.execution.ExecutableInvoker.invoke(ExecutableInvoker.java:104)
	at org.junit.jupiter.engine.execution.ExecutableInvoker.invoke(ExecutableInvoker.java:98)
	at org.junit.jupiter.engine.descriptor.TestMethodTestDescriptor.lambda$invokeTestMethod$6(TestMethodTestDescriptor.java:210)
	at org.junit.platform.engine.support.hierarchical.ThrowableCollector.execute(ThrowableCollector.java:73)
	at org.junit.jupiter.engine.descriptor.TestMethodTestDescriptor.invokeTestMethod(TestMethodTestDescriptor.java:206)
	at org.junit.jupiter.engine.descriptor.TestMethodTestDescriptor.execute(TestMethodTestDescriptor.java:131)
	at org.junit.jupiter.engine.descriptor.TestMethodTestDescriptor.execute(TestMethodTestDescriptor.java:65)
	at org.junit.platform.engine.support.hierarchical.NodeTestTask.lambda$executeRecursively$5(NodeTestTask.java:139)
	at org.junit.platform.engine.support.hierarchical.ThrowableCollector.execute(ThrowableCollector.java:73)
	at org.junit.platform.engine.support.hierarchical.NodeTestTask.lambda$executeRecursively$7(NodeTestTask.java:129)
	at org.junit.platform.engine.support.hierarchical.Node.around(Node.java:137)
	at org.junit.platform.engine.support.hierarchical.NodeTestTask.lambda$executeRecursively$8(NodeTestTask.java:127)
	at org.junit.platform.engine.support.hierarchical.ThrowableCollector.execute(ThrowableCollector.java:73)
	at org.junit.platform.engine.support.hierarchical.NodeTestTask.executeRecursively(NodeTestTask.java:126)
	at org.junit.platform.engine.support.hierarchical.NodeTestTask.execute(NodeTestTask.java:84)
	at org.junit.platform.engine.support.hierarchical.SameThreadHierarchicalTestExecutorService.submit(SameThreadHierarchicalTestExecutorService.java:32)
	at org.junit.platform.engine.support.hierarchical.NodeTestTask$DefaultDynamicTestExecutor.execute(NodeTestTask.java:212)
	at org.junit.platform.engine.support.hierarchical.NodeTestTask$DefaultDynamicTestExecutor.execute(NodeTestTask.java:192)
	at org.junit.jupiter.engine.descriptor.TestTemplateTestDescriptor.execute(TestTemplateTestDescriptor.java:139)
	at org.junit.jupiter.engine.descriptor.TestTemplateTestDescriptor.lambda$execute$2(TestTemplateTestDescriptor.java:107)
	at java.base/java.util.stream.ForEachOps$ForEachOp$OfRef.accept(ForEachOps.java:183)
	at java.base/java.util.stream.ReferencePipeline$3$1.accept(ReferencePipeline.java:197)
	at java.base/java.util.stream.ReferencePipeline$2$1.accept(ReferencePipeline.java:179)
	at java.base/java.util.stream.ReferencePipeline$3$1.accept(ReferencePipeline.java:197)
	at java.base/java.util.stream.ForEachOps$ForEachOp$OfRef.accept(ForEachOps.java:183)
	at java.base/java.util.stream.ReferencePipeline$15$1.accept(ReferencePipeline.java:541)
	at java.base/java.util.stream.ReferencePipeline$3$1.accept(ReferencePipeline.java:197)
	at java.base/java.util.stream.ReferencePipeline$3$1.accept(ReferencePipeline.java:197)
	at java.base/java.util.stream.ReferencePipeline$3$1.accept(ReferencePipeline.java:197)
	at java.base/java.util.stream.ForEachOps$ForEachOp$OfRef.accept(ForEachOps.java:183)
	at java.base/java.util.stream.ReferencePipeline$3$1.accept(ReferencePipeline.java:197)
	at java.base/java.util.stream.ForEachOps$ForEachOp$OfRef.accept(ForEachOps.java:183)
	at java.base/java.util.stream.SliceOps$1$1.accept(SliceOps.java:200)
	at java.base/java.util.stream.StreamSpliterators$InfiniteSupplyingSpliterator$OfRef.tryAdvance(StreamSpliterators.java:1358)
	at java.base/java.util.stream.ReferencePipeline.forEachWithCancel(ReferencePipeline.java:129)
	at java.base/java.util.stream.AbstractPipeline.copyIntoWithCancel(AbstractPipeline.java:527)
	at java.base/java.util.stream.AbstractPipeline.copyInto(AbstractPipeline.java:513)
	at java.base/java.util.stream.AbstractPipeline.wrapAndCopyInto(AbstractPipeline.java:499)
	at java.base/java.util.stream.ForEachOps$ForEachOp.evaluateSequential(ForEachOps.java:150)
	at java.base/java.util.stream.ForEachOps$ForEachOp$OfRef.evaluateSequential(ForEachOps.java:173)
	at java.base/java.util.stream.AbstractPipeline.evaluate(AbstractPipeline.java:234)
	at java.base/java.util.stream.ReferencePipeline.forEach(ReferencePipeline.java:596)
	at java.base/java.util.stream.ReferencePipeline$7$1.accept(ReferencePipeline.java:276)
	at java.base/java.util.stream.ReferencePipeline$3$1.accept(ReferencePipeline.java:197)
	at java.base/java.util.stream.ReferencePipeline$3$1.accept(ReferencePipeline.java:197)
	at java.base/java.util.Spliterators$ArraySpliterator.forEachRemaining(Spliterators.java:992)
	at java.base/java.util.stream.AbstractPipeline.copyInto(AbstractPipeline.java:509)
	at java.base/java.util.stream.AbstractPipeline.wrapAndCopyInto(AbstractPipeline.java:499)
	at java.base/java.util.stream.ForEachOps$ForEachOp.evaluateSequential(ForEachOps.java:150)
	at java.base/java.util.stream.ForEachOps$ForEachOp$OfRef.evaluateSequential(ForEachOps.java:173)
	at java.base/java.util.stream.AbstractPipeline.evaluate(AbstractPipeline.java:234)
	at java.base/java.util.stream.ReferencePipeline.forEach(ReferencePipeline.java:596)
	at java.base/java.util.stream.ReferencePipeline$7$1.accept(ReferencePipeline.java:276)
	at java.base/java.util.stream.ReferencePipeline$3$1.accept(ReferencePipeline.java:197)
	at java.base/java.util.stream.ReferencePipeline$3$1.accept(ReferencePipeline.java:197)
	at java.base/java.util.stream.ReferencePipeline$3$1.accept(ReferencePipeline.java:197)
	at java.base/java.util.ArrayList$ArrayListSpliterator.forEachRemaining(ArrayList.java:1625)
	at java.base/java.util.stream.AbstractPipeline.copyInto(AbstractPipeline.java:509)
	at java.base/java.util.stream.AbstractPipeline.wrapAndCopyInto(AbstractPipeline.java:499)
	at java.base/java.util.stream.ForEachOps$ForEachOp.evaluateSequential(ForEachOps.java:150)
	at java.base/java.util.stream.ForEachOps$ForEachOp$OfRef.evaluateSequential(ForEachOps.java:173)
	at java.base/java.util.stream.AbstractPipeline.evaluate(AbstractPipeline.java:234)
	at java.base/java.util.stream.ReferencePipeline.forEach(ReferencePipeline.java:596)
	at java.base/java.util.stream.ReferencePipeline$7$1.accept(ReferencePipeline.java:276)
	at java.base/java.util.ArrayList$ArrayListSpliterator.forEachRemaining(ArrayList.java:1625)
	at java.base/java.util.stream.AbstractPipeline.copyInto(AbstractPipeline.java:509)
	at java.base/java.util.stream.AbstractPipeline.wrapAndCopyInto(AbstractPipeline.java:499)
	at java.base/java.util.stream.ForEachOps$ForEachOp.evaluateSequential(ForEachOps.java:150)
	at java.base/java.util.stream.ForEachOps$ForEachOp$OfRef.evaluateSequential(ForEachOps.java:173)
	at java.base/java.util.stream.AbstractPipeline.evaluate(AbstractPipeline.java:234)
	at java.base/java.util.stream.ReferencePipeline.forEach(ReferencePipeline.java:596)
	at org.junit.jupiter.engine.descriptor.TestTemplateTestDescriptor.execute(TestTemplateTestDescriptor.java:107)
	at org.junit.jupiter.engine.descriptor.TestTemplateTestDescriptor.execute(TestTemplateTestDescriptor.java:42)
	at org.junit.platform.engine.support.hierarchical.NodeTestTask.lambda$executeRecursively$5(NodeTestTask.java:139)
	at org.junit.platform.engine.support.hierarchical.ThrowableCollector.execute(ThrowableCollector.java:73)
	at org.junit.platform.engine.support.hierarchical.NodeTestTask.lambda$executeRecursively$7(NodeTestTask.java:129)
	at org.junit.platform.engine.support.hierarchical.Node.around(Node.java:137)
	at org.junit.platform.engine.support.hierarchical.NodeTestTask.lambda$executeRecursively$8(NodeTestTask.java:127)
	at org.junit.platform.engine.support.hierarchical.ThrowableCollector.execute(ThrowableCollector.java:73)
	at org.junit.platform.engine.support.hierarchical.NodeTestTask.executeRecursively(NodeTestTask.java:126)
	at org.junit.platform.engine.support.hierarchical.NodeTestTask.execute(NodeTestTask.java:84)
	at java.base/java.util.ArrayList.forEach(ArrayList.java:1511)
	at org.junit.platform.engine.support.hierarchical.SameThreadHierarchicalTestExecutorService.invokeAll(SameThreadHierarchicalTestExecutorService.java:38)
	at org.junit.platform.engine.support.hierarchical.NodeTestTask.lambda$executeRecursively$5(NodeTestTask.java:143)
	at org.junit.platform.engine.support.hierarchical.ThrowableCollector.execute(ThrowableCollector.java:73)
	at org.junit.platform.engine.support.hierarchical.NodeTestTask.lambda$executeRecursively$7(NodeTestTask.java:129)
	at org.junit.platform.engine.support.hierarchical.Node.around(Node.java:137)
	at org.junit.platform.engine.support.hierarchical.NodeTestTask.lambda$executeRecursively$8(NodeTestTask.java:127)
	at org.junit.platform.engine.support.hierarchical.ThrowableCollector.execute(ThrowableCollector.java:73)
	at org.junit.platform.engine.support.hierarchical.NodeTestTask.executeRecursively(NodeTestTask.java:126)
	at org.junit.platform.engine.support.hierarchical.NodeTestTask.execute(NodeTestTask.java:84)
	at java.base/java.util.ArrayList.forEach(ArrayList.java:1511)
	at org.junit.platform.engine.support.hierarchical.SameThreadHierarchicalTestExecutorService.invokeAll(SameThreadHierarchicalTestExecutorService.java:38)
	at org.junit.platform.engine.support.hierarchical.NodeTestTask.lambda$executeRecursively$5(NodeTestTask.java:143)
	at org.junit.platform.engine.support.hierarchical.ThrowableCollector.execute(ThrowableCollector.java:73)
	at org.junit.platform.engine.support.hierarchical.NodeTestTask.lambda$executeRecursively$7(NodeTestTask.java:129)
	at org.junit.platform.engine.support.hierarchical.Node.around(Node.java:137)
	at org.junit.platform.engine.support.hierarchical.NodeTestTask.lambda$executeRecursively$8(NodeTestTask.java:127)
	at org.junit.platform.engine.support.hierarchical.ThrowableCollector.execute(ThrowableCollector.java:73)
	at org.junit.platform.engine.support.hierarchical.NodeTestTask.executeRecursively(NodeTestTask.java:126)
	at org.junit.platform.engine.support.hierarchical.NodeTestTask.execute(NodeTestTask.java:84)
	at org.junit.platform.engine.support.hierarchical.SameThreadHierarchicalTestExecutorService.submit(SameThreadHierarchicalTestExecutorService.java:32)
	at org.junit.platform.engine.support.hierarchical.HierarchicalTestExecutor.execute(HierarchicalTestExecutor.java:57)
	at org.junit.platform.engine.support.hierarchical.HierarchicalTestEngine.execute(HierarchicalTestEngine.java:51)
	at org.junit.platform.launcher.core.EngineExecutionOrchestrator.execute(EngineExecutionOrchestrator.java:108)
	at org.junit.platform.launcher.core.EngineExecutionOrchestrator.execute(EngineExecutionOrchestrator.java:88)
	at org.junit.platform.launcher.core.EngineExecutionOrchestrator.lambda$execute$0(EngineExecutionOrchestrator.java:54)
	at org.junit.platform.launcher.core.EngineExecutionOrchestrator.withInterceptedStreams(EngineExecutionOrchestrator.java:67)
	at org.junit.platform.launcher.core.EngineExecutionOrchestrator.execute(EngineExecutionOrchestrator.java:52)
	at org.junit.platform.launcher.core.DefaultLauncher.execute(DefaultLauncher.java:96)
	at org.junit.platform.launcher.core.DefaultLauncher.execute(DefaultLauncher.java:75)
	at org.junit.platform.console.tasks.ConsoleTestExecutor.executeTests(ConsoleTestExecutor.java:66)
	at org.junit.platform.console.tasks.ConsoleTestExecutor.lambda$execute$0(ConsoleTestExecutor.java:58)
	at org.junit.platform.console.tasks.CustomContextClassLoaderExecutor.replaceThreadContextClassLoaderAndInvoke(CustomContextClassLoaderExecutor.java:41)
	at org.junit.platform.console.tasks.CustomContextClassLoaderExecutor.invoke(CustomContextClassLoaderExecutor.java:31)
	at org.junit.platform.console.tasks.ConsoleTestExecutor.execute(ConsoleTestExecutor.java:58)
	at org.junit.platform.console.ConsoleLauncher.executeTests(ConsoleLauncher.java:95)
	at org.junit.platform.console.ConsoleLauncher.execute(ConsoleLauncher.java:73)
	at org.junit.platform.console.ConsoleLauncher.execute(ConsoleLauncher.java:50)
	at org.junit.platform.console.ConsoleLauncher.execute(ConsoleLauncher.java:43)
	at org.junit.platform.console.ConsoleLauncher.main(ConsoleLauncher.java:37)
]]></skipped>
<system-out><![CDATA[
unique-id: [engine:junit-jupiter]/[class:minebayd1.test.TestUser]/[test-template:testprevious(minebayd1.User)]/[test-template-invocation:#93]
display-name: [93] Imam a 45 annonces ouvertes, 5 annonces fermées et 3 achats 

]]></system-out>
</testcase>
<testcase name="testprevious(User)[94]" classname="minebayd1.test.TestUser" time="0">
<system-out><![CDATA[
unique-id: [engine:junit-jupiter]/[class:minebayd1.test.TestUser]/[test-template:testprevious(minebayd1.User)]/[test-template-invocation:#94]
display-name: [94] Ziad a 48 annonces ouvertes, 4 annonces fermées et 2 achats 

]]></system-out>
</testcase>
<testcase name="testprevious(User)[95]" classname="minebayd1.test.TestUser" time="0">
<skipped><![CDATA[org.opentest4j.TestAbortedException: Assumption failed: assumption is not true
	at org.junit.jupiter.api.Assumptions.throwTestAbortedException(Assumptions.java:256)
	at org.junit.jupiter.api.Assumptions.assumeTrue(Assumptions.java:115)
	at org.junit.jupiter.api.Assumptions.assumeTrue(Assumptions.java:66)
	at minebayd1.test.TestUser.testprevious(TestUser.java:1288)
	at jdk.internal.reflect.GeneratedMethodAccessor15.invoke(Unknown Source)
	at java.base/jdk.internal.reflect.DelegatingMethodAccessorImpl.invoke(DelegatingMethodAccessorImpl.java:43)
	at java.base/java.lang.reflect.Method.invoke(Method.java:569)
	at org.junit.platform.commons.util.ReflectionUtils.invokeMethod(ReflectionUtils.java:688)
	at org.junit.jupiter.engine.execution.MethodInvocation.proceed(MethodInvocation.java:60)
	at org.junit.jupiter.engine.execution.InvocationInterceptorChain$ValidatingInvocation.proceed(InvocationInterceptorChain.java:131)
	at org.junit.jupiter.engine.extension.TimeoutExtension.intercept(TimeoutExtension.java:149)
	at org.junit.jupiter.engine.extension.TimeoutExtension.interceptTestableMethod(TimeoutExtension.java:140)
	at org.junit.jupiter.engine.extension.TimeoutExtension.interceptTestTemplateMethod(TimeoutExtension.java:92)
	at org.junit.jupiter.engine.execution.ExecutableInvoker$ReflectiveInterceptorCall.lambda$ofVoidMethod$0(ExecutableInvoker.java:115)
	at org.junit.jupiter.engine.execution.ExecutableInvoker.lambda$invoke$0(ExecutableInvoker.java:105)
	at org.junit.jupiter.engine.execution.InvocationInterceptorChain$InterceptedInvocation.proceed(InvocationInterceptorChain.java:106)
	at org.junit.jupiter.engine.execution.InvocationInterceptorChain.proceed(InvocationInterceptorChain.java:64)
	at org.junit.jupiter.engine.execution.InvocationInterceptorChain.chainAndInvoke(InvocationInterceptorChain.java:45)
	at org.junit.jupiter.engine.execution.InvocationInterceptorChain.invoke(InvocationInterceptorChain.java:37)
	at org.junit.jupiter.engine.execution.ExecutableInvoker.invoke(ExecutableInvoker.java:104)
	at org.junit.jupiter.engine.execution.ExecutableInvoker.invoke(ExecutableInvoker.java:98)
	at org.junit.jupiter.engine.descriptor.TestMethodTestDescriptor.lambda$invokeTestMethod$6(TestMethodTestDescriptor.java:210)
	at org.junit.platform.engine.support.hierarchical.ThrowableCollector.execute(ThrowableCollector.java:73)
	at org.junit.jupiter.engine.descriptor.TestMethodTestDescriptor.invokeTestMethod(TestMethodTestDescriptor.java:206)
	at org.junit.jupiter.engine.descriptor.TestMethodTestDescriptor.execute(TestMethodTestDescriptor.java:131)
	at org.junit.jupiter.engine.descriptor.TestMethodTestDescriptor.execute(TestMethodTestDescriptor.java:65)
	at org.junit.platform.engine.support.hierarchical.NodeTestTask.lambda$executeRecursively$5(NodeTestTask.java:139)
	at org.junit.platform.engine.support.hierarchical.ThrowableCollector.execute(ThrowableCollector.java:73)
	at org.junit.platform.engine.support.hierarchical.NodeTestTask.lambda$executeRecursively$7(NodeTestTask.java:129)
	at org.junit.platform.engine.support.hierarchical.Node.around(Node.java:137)
	at org.junit.platform.engine.support.hierarchical.NodeTestTask.lambda$executeRecursively$8(NodeTestTask.java:127)
	at org.junit.platform.engine.support.hierarchical.ThrowableCollector.execute(ThrowableCollector.java:73)
	at org.junit.platform.engine.support.hierarchical.NodeTestTask.executeRecursively(NodeTestTask.java:126)
	at org.junit.platform.engine.support.hierarchical.NodeTestTask.execute(NodeTestTask.java:84)
	at org.junit.platform.engine.support.hierarchical.SameThreadHierarchicalTestExecutorService.submit(SameThreadHierarchicalTestExecutorService.java:32)
	at org.junit.platform.engine.support.hierarchical.NodeTestTask$DefaultDynamicTestExecutor.execute(NodeTestTask.java:212)
	at org.junit.platform.engine.support.hierarchical.NodeTestTask$DefaultDynamicTestExecutor.execute(NodeTestTask.java:192)
	at org.junit.jupiter.engine.descriptor.TestTemplateTestDescriptor.execute(TestTemplateTestDescriptor.java:139)
	at org.junit.jupiter.engine.descriptor.TestTemplateTestDescriptor.lambda$execute$2(TestTemplateTestDescriptor.java:107)
	at java.base/java.util.stream.ForEachOps$ForEachOp$OfRef.accept(ForEachOps.java:183)
	at java.base/java.util.stream.ReferencePipeline$3$1.accept(ReferencePipeline.java:197)
	at java.base/java.util.stream.ReferencePipeline$2$1.accept(ReferencePipeline.java:179)
	at java.base/java.util.stream.ReferencePipeline$3$1.accept(ReferencePipeline.java:197)
	at java.base/java.util.stream.ForEachOps$ForEachOp$OfRef.accept(ForEachOps.java:183)
	at java.base/java.util.stream.ReferencePipeline$15$1.accept(ReferencePipeline.java:541)
	at java.base/java.util.stream.ReferencePipeline$3$1.accept(ReferencePipeline.java:197)
	at java.base/java.util.stream.ReferencePipeline$3$1.accept(ReferencePipeline.java:197)
	at java.base/java.util.stream.ReferencePipeline$3$1.accept(ReferencePipeline.java:197)
	at java.base/java.util.stream.ForEachOps$ForEachOp$OfRef.accept(ForEachOps.java:183)
	at java.base/java.util.stream.ReferencePipeline$3$1.accept(ReferencePipeline.java:197)
	at java.base/java.util.stream.ForEachOps$ForEachOp$OfRef.accept(ForEachOps.java:183)
	at java.base/java.util.stream.SliceOps$1$1.accept(SliceOps.java:200)
	at java.base/java.util.stream.StreamSpliterators$InfiniteSupplyingSpliterator$OfRef.tryAdvance(StreamSpliterators.java:1358)
	at java.base/java.util.stream.ReferencePipeline.forEachWithCancel(ReferencePipeline.java:129)
	at java.base/java.util.stream.AbstractPipeline.copyIntoWithCancel(AbstractPipeline.java:527)
	at java.base/java.util.stream.AbstractPipeline.copyInto(AbstractPipeline.java:513)
	at java.base/java.util.stream.AbstractPipeline.wrapAndCopyInto(AbstractPipeline.java:499)
	at java.base/java.util.stream.ForEachOps$ForEachOp.evaluateSequential(ForEachOps.java:150)
	at java.base/java.util.stream.ForEachOps$ForEachOp$OfRef.evaluateSequential(ForEachOps.java:173)
	at java.base/java.util.stream.AbstractPipeline.evaluate(AbstractPipeline.java:234)
	at java.base/java.util.stream.ReferencePipeline.forEach(ReferencePipeline.java:596)
	at java.base/java.util.stream.ReferencePipeline$7$1.accept(ReferencePipeline.java:276)
	at java.base/java.util.stream.ReferencePipeline$3$1.accept(ReferencePipeline.java:197)
	at java.base/java.util.stream.ReferencePipeline$3$1.accept(ReferencePipeline.java:197)
	at java.base/java.util.Spliterators$ArraySpliterator.forEachRemaining(Spliterators.java:992)
	at java.base/java.util.stream.AbstractPipeline.copyInto(AbstractPipeline.java:509)
	at java.base/java.util.stream.AbstractPipeline.wrapAndCopyInto(AbstractPipeline.java:499)
	at java.base/java.util.stream.ForEachOps$ForEachOp.evaluateSequential(ForEachOps.java:150)
	at java.base/java.util.stream.ForEachOps$ForEachOp$OfRef.evaluateSequential(ForEachOps.java:173)
	at java.base/java.util.stream.AbstractPipeline.evaluate(AbstractPipeline.java:234)
	at java.base/java.util.stream.ReferencePipeline.forEach(ReferencePipeline.java:596)
	at java.base/java.util.stream.ReferencePipeline$7$1.accept(ReferencePipeline.java:276)
	at java.base/java.util.stream.ReferencePipeline$3$1.accept(ReferencePipeline.java:197)
	at java.base/java.util.stream.ReferencePipeline$3$1.accept(ReferencePipeline.java:197)
	at java.base/java.util.stream.ReferencePipeline$3$1.accept(ReferencePipeline.java:197)
	at java.base/java.util.ArrayList$ArrayListSpliterator.forEachRemaining(ArrayList.java:1625)
	at java.base/java.util.stream.AbstractPipeline.copyInto(AbstractPipeline.java:509)
	at java.base/java.util.stream.AbstractPipeline.wrapAndCopyInto(AbstractPipeline.java:499)
	at java.base/java.util.stream.ForEachOps$ForEachOp.evaluateSequential(ForEachOps.java:150)
	at java.base/java.util.stream.ForEachOps$ForEachOp$OfRef.evaluateSequential(ForEachOps.java:173)
	at java.base/java.util.stream.AbstractPipeline.evaluate(AbstractPipeline.java:234)
	at java.base/java.util.stream.ReferencePipeline.forEach(ReferencePipeline.java:596)
	at java.base/java.util.stream.ReferencePipeline$7$1.accept(ReferencePipeline.java:276)
	at java.base/java.util.ArrayList$ArrayListSpliterator.forEachRemaining(ArrayList.java:1625)
	at java.base/java.util.stream.AbstractPipeline.copyInto(AbstractPipeline.java:509)
	at java.base/java.util.stream.AbstractPipeline.wrapAndCopyInto(AbstractPipeline.java:499)
	at java.base/java.util.stream.ForEachOps$ForEachOp.evaluateSequential(ForEachOps.java:150)
	at java.base/java.util.stream.ForEachOps$ForEachOp$OfRef.evaluateSequential(ForEachOps.java:173)
	at java.base/java.util.stream.AbstractPipeline.evaluate(AbstractPipeline.java:234)
	at java.base/java.util.stream.ReferencePipeline.forEach(ReferencePipeline.java:596)
	at org.junit.jupiter.engine.descriptor.TestTemplateTestDescriptor.execute(TestTemplateTestDescriptor.java:107)
	at org.junit.jupiter.engine.descriptor.TestTemplateTestDescriptor.execute(TestTemplateTestDescriptor.java:42)
	at org.junit.platform.engine.support.hierarchical.NodeTestTask.lambda$executeRecursively$5(NodeTestTask.java:139)
	at org.junit.platform.engine.support.hierarchical.ThrowableCollector.execute(ThrowableCollector.java:73)
	at org.junit.platform.engine.support.hierarchical.NodeTestTask.lambda$executeRecursively$7(NodeTestTask.java:129)
	at org.junit.platform.engine.support.hierarchical.Node.around(Node.java:137)
	at org.junit.platform.engine.support.hierarchical.NodeTestTask.lambda$executeRecursively$8(NodeTestTask.java:127)
	at org.junit.platform.engine.support.hierarchical.ThrowableCollector.execute(ThrowableCollector.java:73)
	at org.junit.platform.engine.support.hierarchical.NodeTestTask.executeRecursively(NodeTestTask.java:126)
	at org.junit.platform.engine.support.hierarchical.NodeTestTask.execute(NodeTestTask.java:84)
	at java.base/java.util.ArrayList.forEach(ArrayList.java:1511)
	at org.junit.platform.engine.support.hierarchical.SameThreadHierarchicalTestExecutorService.invokeAll(SameThreadHierarchicalTestExecutorService.java:38)
	at org.junit.platform.engine.support.hierarchical.NodeTestTask.lambda$executeRecursively$5(NodeTestTask.java:143)
	at org.junit.platform.engine.support.hierarchical.ThrowableCollector.execute(ThrowableCollector.java:73)
	at org.junit.platform.engine.support.hierarchical.NodeTestTask.lambda$executeRecursively$7(NodeTestTask.java:129)
	at org.junit.platform.engine.support.hierarchical.Node.around(Node.java:137)
	at org.junit.platform.engine.support.hierarchical.NodeTestTask.lambda$executeRecursively$8(NodeTestTask.java:127)
	at org.junit.platform.engine.support.hierarchical.ThrowableCollector.execute(ThrowableCollector.java:73)
	at org.junit.platform.engine.support.hierarchical.NodeTestTask.executeRecursively(NodeTestTask.java:126)
	at org.junit.platform.engine.support.hierarchical.NodeTestTask.execute(NodeTestTask.java:84)
	at java.base/java.util.ArrayList.forEach(ArrayList.java:1511)
	at org.junit.platform.engine.support.hierarchical.SameThreadHierarchicalTestExecutorService.invokeAll(SameThreadHierarchicalTestExecutorService.java:38)
	at org.junit.platform.engine.support.hierarchical.NodeTestTask.lambda$executeRecursively$5(NodeTestTask.java:143)
	at org.junit.platform.engine.support.hierarchical.ThrowableCollector.execute(ThrowableCollector.java:73)
	at org.junit.platform.engine.support.hierarchical.NodeTestTask.lambda$executeRecursively$7(NodeTestTask.java:129)
	at org.junit.platform.engine.support.hierarchical.Node.around(Node.java:137)
	at org.junit.platform.engine.support.hierarchical.NodeTestTask.lambda$executeRecursively$8(NodeTestTask.java:127)
	at org.junit.platform.engine.support.hierarchical.ThrowableCollector.execute(ThrowableCollector.java:73)
	at org.junit.platform.engine.support.hierarchical.NodeTestTask.executeRecursively(NodeTestTask.java:126)
	at org.junit.platform.engine.support.hierarchical.NodeTestTask.execute(NodeTestTask.java:84)
	at org.junit.platform.engine.support.hierarchical.SameThreadHierarchicalTestExecutorService.submit(SameThreadHierarchicalTestExecutorService.java:32)
	at org.junit.platform.engine.support.hierarchical.HierarchicalTestExecutor.execute(HierarchicalTestExecutor.java:57)
	at org.junit.platform.engine.support.hierarchical.HierarchicalTestEngine.execute(HierarchicalTestEngine.java:51)
	at org.junit.platform.launcher.core.EngineExecutionOrchestrator.execute(EngineExecutionOrchestrator.java:108)
	at org.junit.platform.launcher.core.EngineExecutionOrchestrator.execute(EngineExecutionOrchestrator.java:88)
	at org.junit.platform.launcher.core.EngineExecutionOrchestrator.lambda$execute$0(EngineExecutionOrchestrator.java:54)
	at org.junit.platform.launcher.core.EngineExecutionOrchestrator.withInterceptedStreams(EngineExecutionOrchestrator.java:67)
	at org.junit.platform.launcher.core.EngineExecutionOrchestrator.execute(EngineExecutionOrchestrator.java:52)
	at org.junit.platform.launcher.core.DefaultLauncher.execute(DefaultLauncher.java:96)
	at org.junit.platform.launcher.core.DefaultLauncher.execute(DefaultLauncher.java:75)
	at org.junit.platform.console.tasks.ConsoleTestExecutor.executeTests(ConsoleTestExecutor.java:66)
	at org.junit.platform.console.tasks.ConsoleTestExecutor.lambda$execute$0(ConsoleTestExecutor.java:58)
	at org.junit.platform.console.tasks.CustomContextClassLoaderExecutor.replaceThreadContextClassLoaderAndInvoke(CustomContextClassLoaderExecutor.java:41)
	at org.junit.platform.console.tasks.CustomContextClassLoaderExecutor.invoke(CustomContextClassLoaderExecutor.java:31)
	at org.junit.platform.console.tasks.ConsoleTestExecutor.execute(ConsoleTestExecutor.java:58)
	at org.junit.platform.console.ConsoleLauncher.executeTests(ConsoleLauncher.java:95)
	at org.junit.platform.console.ConsoleLauncher.execute(ConsoleLauncher.java:73)
	at org.junit.platform.console.ConsoleLauncher.execute(ConsoleLauncher.java:50)
	at org.junit.platform.console.ConsoleLauncher.execute(ConsoleLauncher.java:43)
	at org.junit.platform.console.ConsoleLauncher.main(ConsoleLauncher.java:37)
]]></skipped>
<system-out><![CDATA[
unique-id: [engine:junit-jupiter]/[class:minebayd1.test.TestUser]/[test-template:testprevious(minebayd1.User)]/[test-template-invocation:#95]
display-name: [95] Mohamed a 45 annonces ouvertes, 2 annonces fermées et 3 achats 

]]></system-out>
</testcase>
<testcase name="testprevious(User)[96]" classname="minebayd1.test.TestUser" time="0">
<skipped><![CDATA[org.opentest4j.TestAbortedException: Assumption failed: assumption is not true
	at org.junit.jupiter.api.Assumptions.throwTestAbortedException(Assumptions.java:256)
	at org.junit.jupiter.api.Assumptions.assumeTrue(Assumptions.java:115)
	at org.junit.jupiter.api.Assumptions.assumeTrue(Assumptions.java:66)
	at minebayd1.test.TestUser.testprevious(TestUser.java:1288)
	at jdk.internal.reflect.GeneratedMethodAccessor15.invoke(Unknown Source)
	at java.base/jdk.internal.reflect.DelegatingMethodAccessorImpl.invoke(DelegatingMethodAccessorImpl.java:43)
	at java.base/java.lang.reflect.Method.invoke(Method.java:569)
	at org.junit.platform.commons.util.ReflectionUtils.invokeMethod(ReflectionUtils.java:688)
	at org.junit.jupiter.engine.execution.MethodInvocation.proceed(MethodInvocation.java:60)
	at org.junit.jupiter.engine.execution.InvocationInterceptorChain$ValidatingInvocation.proceed(InvocationInterceptorChain.java:131)
	at org.junit.jupiter.engine.extension.TimeoutExtension.intercept(TimeoutExtension.java:149)
	at org.junit.jupiter.engine.extension.TimeoutExtension.interceptTestableMethod(TimeoutExtension.java:140)
	at org.junit.jupiter.engine.extension.TimeoutExtension.interceptTestTemplateMethod(TimeoutExtension.java:92)
	at org.junit.jupiter.engine.execution.ExecutableInvoker$ReflectiveInterceptorCall.lambda$ofVoidMethod$0(ExecutableInvoker.java:115)
	at org.junit.jupiter.engine.execution.ExecutableInvoker.lambda$invoke$0(ExecutableInvoker.java:105)
	at org.junit.jupiter.engine.execution.InvocationInterceptorChain$InterceptedInvocation.proceed(InvocationInterceptorChain.java:106)
	at org.junit.jupiter.engine.execution.InvocationInterceptorChain.proceed(InvocationInterceptorChain.java:64)
	at org.junit.jupiter.engine.execution.InvocationInterceptorChain.chainAndInvoke(InvocationInterceptorChain.java:45)
	at org.junit.jupiter.engine.execution.InvocationInterceptorChain.invoke(InvocationInterceptorChain.java:37)
	at org.junit.jupiter.engine.execution.ExecutableInvoker.invoke(ExecutableInvoker.java:104)
	at org.junit.jupiter.engine.execution.ExecutableInvoker.invoke(ExecutableInvoker.java:98)
	at org.junit.jupiter.engine.descriptor.TestMethodTestDescriptor.lambda$invokeTestMethod$6(TestMethodTestDescriptor.java:210)
	at org.junit.platform.engine.support.hierarchical.ThrowableCollector.execute(ThrowableCollector.java:73)
	at org.junit.jupiter.engine.descriptor.TestMethodTestDescriptor.invokeTestMethod(TestMethodTestDescriptor.java:206)
	at org.junit.jupiter.engine.descriptor.TestMethodTestDescriptor.execute(TestMethodTestDescriptor.java:131)
	at org.junit.jupiter.engine.descriptor.TestMethodTestDescriptor.execute(TestMethodTestDescriptor.java:65)
	at org.junit.platform.engine.support.hierarchical.NodeTestTask.lambda$executeRecursively$5(NodeTestTask.java:139)
	at org.junit.platform.engine.support.hierarchical.ThrowableCollector.execute(ThrowableCollector.java:73)
	at org.junit.platform.engine.support.hierarchical.NodeTestTask.lambda$executeRecursively$7(NodeTestTask.java:129)
	at org.junit.platform.engine.support.hierarchical.Node.around(Node.java:137)
	at org.junit.platform.engine.support.hierarchical.NodeTestTask.lambda$executeRecursively$8(NodeTestTask.java:127)
	at org.junit.platform.engine.support.hierarchical.ThrowableCollector.execute(ThrowableCollector.java:73)
	at org.junit.platform.engine.support.hierarchical.NodeTestTask.executeRecursively(NodeTestTask.java:126)
	at org.junit.platform.engine.support.hierarchical.NodeTestTask.execute(NodeTestTask.java:84)
	at org.junit.platform.engine.support.hierarchical.SameThreadHierarchicalTestExecutorService.submit(SameThreadHierarchicalTestExecutorService.java:32)
	at org.junit.platform.engine.support.hierarchical.NodeTestTask$DefaultDynamicTestExecutor.execute(NodeTestTask.java:212)
	at org.junit.platform.engine.support.hierarchical.NodeTestTask$DefaultDynamicTestExecutor.execute(NodeTestTask.java:192)
	at org.junit.jupiter.engine.descriptor.TestTemplateTestDescriptor.execute(TestTemplateTestDescriptor.java:139)
	at org.junit.jupiter.engine.descriptor.TestTemplateTestDescriptor.lambda$execute$2(TestTemplateTestDescriptor.java:107)
	at java.base/java.util.stream.ForEachOps$ForEachOp$OfRef.accept(ForEachOps.java:183)
	at java.base/java.util.stream.ReferencePipeline$3$1.accept(ReferencePipeline.java:197)
	at java.base/java.util.stream.ReferencePipeline$2$1.accept(ReferencePipeline.java:179)
	at java.base/java.util.stream.ReferencePipeline$3$1.accept(ReferencePipeline.java:197)
	at java.base/java.util.stream.ForEachOps$ForEachOp$OfRef.accept(ForEachOps.java:183)
	at java.base/java.util.stream.ReferencePipeline$15$1.accept(ReferencePipeline.java:541)
	at java.base/java.util.stream.ReferencePipeline$3$1.accept(ReferencePipeline.java:197)
	at java.base/java.util.stream.ReferencePipeline$3$1.accept(ReferencePipeline.java:197)
	at java.base/java.util.stream.ReferencePipeline$3$1.accept(ReferencePipeline.java:197)
	at java.base/java.util.stream.ForEachOps$ForEachOp$OfRef.accept(ForEachOps.java:183)
	at java.base/java.util.stream.ReferencePipeline$3$1.accept(ReferencePipeline.java:197)
	at java.base/java.util.stream.ForEachOps$ForEachOp$OfRef.accept(ForEachOps.java:183)
	at java.base/java.util.stream.SliceOps$1$1.accept(SliceOps.java:200)
	at java.base/java.util.stream.StreamSpliterators$InfiniteSupplyingSpliterator$OfRef.tryAdvance(StreamSpliterators.java:1358)
	at java.base/java.util.stream.ReferencePipeline.forEachWithCancel(ReferencePipeline.java:129)
	at java.base/java.util.stream.AbstractPipeline.copyIntoWithCancel(AbstractPipeline.java:527)
	at java.base/java.util.stream.AbstractPipeline.copyInto(AbstractPipeline.java:513)
	at java.base/java.util.stream.AbstractPipeline.wrapAndCopyInto(AbstractPipeline.java:499)
	at java.base/java.util.stream.ForEachOps$ForEachOp.evaluateSequential(ForEachOps.java:150)
	at java.base/java.util.stream.ForEachOps$ForEachOp$OfRef.evaluateSequential(ForEachOps.java:173)
	at java.base/java.util.stream.AbstractPipeline.evaluate(AbstractPipeline.java:234)
	at java.base/java.util.stream.ReferencePipeline.forEach(ReferencePipeline.java:596)
	at java.base/java.util.stream.ReferencePipeline$7$1.accept(ReferencePipeline.java:276)
	at java.base/java.util.stream.ReferencePipeline$3$1.accept(ReferencePipeline.java:197)
	at java.base/java.util.stream.ReferencePipeline$3$1.accept(ReferencePipeline.java:197)
	at java.base/java.util.Spliterators$ArraySpliterator.forEachRemaining(Spliterators.java:992)
	at java.base/java.util.stream.AbstractPipeline.copyInto(AbstractPipeline.java:509)
	at java.base/java.util.stream.AbstractPipeline.wrapAndCopyInto(AbstractPipeline.java:499)
	at java.base/java.util.stream.ForEachOps$ForEachOp.evaluateSequential(ForEachOps.java:150)
	at java.base/java.util.stream.ForEachOps$ForEachOp$OfRef.evaluateSequential(ForEachOps.java:173)
	at java.base/java.util.stream.AbstractPipeline.evaluate(AbstractPipeline.java:234)
	at java.base/java.util.stream.ReferencePipeline.forEach(ReferencePipeline.java:596)
	at java.base/java.util.stream.ReferencePipeline$7$1.accept(ReferencePipeline.java:276)
	at java.base/java.util.stream.ReferencePipeline$3$1.accept(ReferencePipeline.java:197)
	at java.base/java.util.stream.ReferencePipeline$3$1.accept(ReferencePipeline.java:197)
	at java.base/java.util.stream.ReferencePipeline$3$1.accept(ReferencePipeline.java:197)
	at java.base/java.util.ArrayList$ArrayListSpliterator.forEachRemaining(ArrayList.java:1625)
	at java.base/java.util.stream.AbstractPipeline.copyInto(AbstractPipeline.java:509)
	at java.base/java.util.stream.AbstractPipeline.wrapAndCopyInto(AbstractPipeline.java:499)
	at java.base/java.util.stream.ForEachOps$ForEachOp.evaluateSequential(ForEachOps.java:150)
	at java.base/java.util.stream.ForEachOps$ForEachOp$OfRef.evaluateSequential(ForEachOps.java:173)
	at java.base/java.util.stream.AbstractPipeline.evaluate(AbstractPipeline.java:234)
	at java.base/java.util.stream.ReferencePipeline.forEach(ReferencePipeline.java:596)
	at java.base/java.util.stream.ReferencePipeline$7$1.accept(ReferencePipeline.java:276)
	at java.base/java.util.ArrayList$ArrayListSpliterator.forEachRemaining(ArrayList.java:1625)
	at java.base/java.util.stream.AbstractPipeline.copyInto(AbstractPipeline.java:509)
	at java.base/java.util.stream.AbstractPipeline.wrapAndCopyInto(AbstractPipeline.java:499)
	at java.base/java.util.stream.ForEachOps$ForEachOp.evaluateSequential(ForEachOps.java:150)
	at java.base/java.util.stream.ForEachOps$ForEachOp$OfRef.evaluateSequential(ForEachOps.java:173)
	at java.base/java.util.stream.AbstractPipeline.evaluate(AbstractPipeline.java:234)
	at java.base/java.util.stream.ReferencePipeline.forEach(ReferencePipeline.java:596)
	at org.junit.jupiter.engine.descriptor.TestTemplateTestDescriptor.execute(TestTemplateTestDescriptor.java:107)
	at org.junit.jupiter.engine.descriptor.TestTemplateTestDescriptor.execute(TestTemplateTestDescriptor.java:42)
	at org.junit.platform.engine.support.hierarchical.NodeTestTask.lambda$executeRecursively$5(NodeTestTask.java:139)
	at org.junit.platform.engine.support.hierarchical.ThrowableCollector.execute(ThrowableCollector.java:73)
	at org.junit.platform.engine.support.hierarchical.NodeTestTask.lambda$executeRecursively$7(NodeTestTask.java:129)
	at org.junit.platform.engine.support.hierarchical.Node.around(Node.java:137)
	at org.junit.platform.engine.support.hierarchical.NodeTestTask.lambda$executeRecursively$8(NodeTestTask.java:127)
	at org.junit.platform.engine.support.hierarchical.ThrowableCollector.execute(ThrowableCollector.java:73)
	at org.junit.platform.engine.support.hierarchical.NodeTestTask.executeRecursively(NodeTestTask.java:126)
	at org.junit.platform.engine.support.hierarchical.NodeTestTask.execute(NodeTestTask.java:84)
	at java.base/java.util.ArrayList.forEach(ArrayList.java:1511)
	at org.junit.platform.engine.support.hierarchical.SameThreadHierarchicalTestExecutorService.invokeAll(SameThreadHierarchicalTestExecutorService.java:38)
	at org.junit.platform.engine.support.hierarchical.NodeTestTask.lambda$executeRecursively$5(NodeTestTask.java:143)
	at org.junit.platform.engine.support.hierarchical.ThrowableCollector.execute(ThrowableCollector.java:73)
	at org.junit.platform.engine.support.hierarchical.NodeTestTask.lambda$executeRecursively$7(NodeTestTask.java:129)
	at org.junit.platform.engine.support.hierarchical.Node.around(Node.java:137)
	at org.junit.platform.engine.support.hierarchical.NodeTestTask.lambda$executeRecursively$8(NodeTestTask.java:127)
	at org.junit.platform.engine.support.hierarchical.ThrowableCollector.execute(ThrowableCollector.java:73)
	at org.junit.platform.engine.support.hierarchical.NodeTestTask.executeRecursively(NodeTestTask.java:126)
	at org.junit.platform.engine.support.hierarchical.NodeTestTask.execute(NodeTestTask.java:84)
	at java.base/java.util.ArrayList.forEach(ArrayList.java:1511)
	at org.junit.platform.engine.support.hierarchical.SameThreadHierarchicalTestExecutorService.invokeAll(SameThreadHierarchicalTestExecutorService.java:38)
	at org.junit.platform.engine.support.hierarchical.NodeTestTask.lambda$executeRecursively$5(NodeTestTask.java:143)
	at org.junit.platform.engine.support.hierarchical.ThrowableCollector.execute(ThrowableCollector.java:73)
	at org.junit.platform.engine.support.hierarchical.NodeTestTask.lambda$executeRecursively$7(NodeTestTask.java:129)
	at org.junit.platform.engine.support.hierarchical.Node.around(Node.java:137)
	at org.junit.platform.engine.support.hierarchical.NodeTestTask.lambda$executeRecursively$8(NodeTestTask.java:127)
	at org.junit.platform.engine.support.hierarchical.ThrowableCollector.execute(ThrowableCollector.java:73)
	at org.junit.platform.engine.support.hierarchical.NodeTestTask.executeRecursively(NodeTestTask.java:126)
	at org.junit.platform.engine.support.hierarchical.NodeTestTask.execute(NodeTestTask.java:84)
	at org.junit.platform.engine.support.hierarchical.SameThreadHierarchicalTestExecutorService.submit(SameThreadHierarchicalTestExecutorService.java:32)
	at org.junit.platform.engine.support.hierarchical.HierarchicalTestExecutor.execute(HierarchicalTestExecutor.java:57)
	at org.junit.platform.engine.support.hierarchical.HierarchicalTestEngine.execute(HierarchicalTestEngine.java:51)
	at org.junit.platform.launcher.core.EngineExecutionOrchestrator.execute(EngineExecutionOrchestrator.java:108)
	at org.junit.platform.launcher.core.EngineExecutionOrchestrator.execute(EngineExecutionOrchestrator.java:88)
	at org.junit.platform.launcher.core.EngineExecutionOrchestrator.lambda$execute$0(EngineExecutionOrchestrator.java:54)
	at org.junit.platform.launcher.core.EngineExecutionOrchestrator.withInterceptedStreams(EngineExecutionOrchestrator.java:67)
	at org.junit.platform.launcher.core.EngineExecutionOrchestrator.execute(EngineExecutionOrchestrator.java:52)
	at org.junit.platform.launcher.core.DefaultLauncher.execute(DefaultLauncher.java:96)
	at org.junit.platform.launcher.core.DefaultLauncher.execute(DefaultLauncher.java:75)
	at org.junit.platform.console.tasks.ConsoleTestExecutor.executeTests(ConsoleTestExecutor.java:66)
	at org.junit.platform.console.tasks.ConsoleTestExecutor.lambda$execute$0(ConsoleTestExecutor.java:58)
	at org.junit.platform.console.tasks.CustomContextClassLoaderExecutor.replaceThreadContextClassLoaderAndInvoke(CustomContextClassLoaderExecutor.java:41)
	at org.junit.platform.console.tasks.CustomContextClassLoaderExecutor.invoke(CustomContextClassLoaderExecutor.java:31)
	at org.junit.platform.console.tasks.ConsoleTestExecutor.execute(ConsoleTestExecutor.java:58)
	at org.junit.platform.console.ConsoleLauncher.executeTests(ConsoleLauncher.java:95)
	at org.junit.platform.console.ConsoleLauncher.execute(ConsoleLauncher.java:73)
	at org.junit.platform.console.ConsoleLauncher.execute(ConsoleLauncher.java:50)
	at org.junit.platform.console.ConsoleLauncher.execute(ConsoleLauncher.java:43)
	at org.junit.platform.console.ConsoleLauncher.main(ConsoleLauncher.java:37)
]]></skipped>
<system-out><![CDATA[
unique-id: [engine:junit-jupiter]/[class:minebayd1.test.TestUser]/[test-template:testprevious(minebayd1.User)]/[test-template-invocation:#96]
display-name: [96] Nima a 50 annonces ouvertes, 1 annonces fermées et 4 achats 

]]></system-out>
</testcase>
<testcase name="testprevious(User)[97]" classname="minebayd1.test.TestUser" time="0">
<skipped><![CDATA[org.opentest4j.TestAbortedException: Assumption failed: assumption is not true
	at org.junit.jupiter.api.Assumptions.throwTestAbortedException(Assumptions.java:256)
	at org.junit.jupiter.api.Assumptions.assumeTrue(Assumptions.java:115)
	at org.junit.jupiter.api.Assumptions.assumeTrue(Assumptions.java:66)
	at minebayd1.test.TestUser.testprevious(TestUser.java:1288)
	at jdk.internal.reflect.GeneratedMethodAccessor15.invoke(Unknown Source)
	at java.base/jdk.internal.reflect.DelegatingMethodAccessorImpl.invoke(DelegatingMethodAccessorImpl.java:43)
	at java.base/java.lang.reflect.Method.invoke(Method.java:569)
	at org.junit.platform.commons.util.ReflectionUtils.invokeMethod(ReflectionUtils.java:688)
	at org.junit.jupiter.engine.execution.MethodInvocation.proceed(MethodInvocation.java:60)
	at org.junit.jupiter.engine.execution.InvocationInterceptorChain$ValidatingInvocation.proceed(InvocationInterceptorChain.java:131)
	at org.junit.jupiter.engine.extension.TimeoutExtension.intercept(TimeoutExtension.java:149)
	at org.junit.jupiter.engine.extension.TimeoutExtension.interceptTestableMethod(TimeoutExtension.java:140)
	at org.junit.jupiter.engine.extension.TimeoutExtension.interceptTestTemplateMethod(TimeoutExtension.java:92)
	at org.junit.jupiter.engine.execution.ExecutableInvoker$ReflectiveInterceptorCall.lambda$ofVoidMethod$0(ExecutableInvoker.java:115)
	at org.junit.jupiter.engine.execution.ExecutableInvoker.lambda$invoke$0(ExecutableInvoker.java:105)
	at org.junit.jupiter.engine.execution.InvocationInterceptorChain$InterceptedInvocation.proceed(InvocationInterceptorChain.java:106)
	at org.junit.jupiter.engine.execution.InvocationInterceptorChain.proceed(InvocationInterceptorChain.java:64)
	at org.junit.jupiter.engine.execution.InvocationInterceptorChain.chainAndInvoke(InvocationInterceptorChain.java:45)
	at org.junit.jupiter.engine.execution.InvocationInterceptorChain.invoke(InvocationInterceptorChain.java:37)
	at org.junit.jupiter.engine.execution.ExecutableInvoker.invoke(ExecutableInvoker.java:104)
	at org.junit.jupiter.engine.execution.ExecutableInvoker.invoke(ExecutableInvoker.java:98)
	at org.junit.jupiter.engine.descriptor.TestMethodTestDescriptor.lambda$invokeTestMethod$6(TestMethodTestDescriptor.java:210)
	at org.junit.platform.engine.support.hierarchical.ThrowableCollector.execute(ThrowableCollector.java:73)
	at org.junit.jupiter.engine.descriptor.TestMethodTestDescriptor.invokeTestMethod(TestMethodTestDescriptor.java:206)
	at org.junit.jupiter.engine.descriptor.TestMethodTestDescriptor.execute(TestMethodTestDescriptor.java:131)
	at org.junit.jupiter.engine.descriptor.TestMethodTestDescriptor.execute(TestMethodTestDescriptor.java:65)
	at org.junit.platform.engine.support.hierarchical.NodeTestTask.lambda$executeRecursively$5(NodeTestTask.java:139)
	at org.junit.platform.engine.support.hierarchical.ThrowableCollector.execute(ThrowableCollector.java:73)
	at org.junit.platform.engine.support.hierarchical.NodeTestTask.lambda$executeRecursively$7(NodeTestTask.java:129)
	at org.junit.platform.engine.support.hierarchical.Node.around(Node.java:137)
	at org.junit.platform.engine.support.hierarchical.NodeTestTask.lambda$executeRecursively$8(NodeTestTask.java:127)
	at org.junit.platform.engine.support.hierarchical.ThrowableCollector.execute(ThrowableCollector.java:73)
	at org.junit.platform.engine.support.hierarchical.NodeTestTask.executeRecursively(NodeTestTask.java:126)
	at org.junit.platform.engine.support.hierarchical.NodeTestTask.execute(NodeTestTask.java:84)
	at org.junit.platform.engine.support.hierarchical.SameThreadHierarchicalTestExecutorService.submit(SameThreadHierarchicalTestExecutorService.java:32)
	at org.junit.platform.engine.support.hierarchical.NodeTestTask$DefaultDynamicTestExecutor.execute(NodeTestTask.java:212)
	at org.junit.platform.engine.support.hierarchical.NodeTestTask$DefaultDynamicTestExecutor.execute(NodeTestTask.java:192)
	at org.junit.jupiter.engine.descriptor.TestTemplateTestDescriptor.execute(TestTemplateTestDescriptor.java:139)
	at org.junit.jupiter.engine.descriptor.TestTemplateTestDescriptor.lambda$execute$2(TestTemplateTestDescriptor.java:107)
	at java.base/java.util.stream.ForEachOps$ForEachOp$OfRef.accept(ForEachOps.java:183)
	at java.base/java.util.stream.ReferencePipeline$3$1.accept(ReferencePipeline.java:197)
	at java.base/java.util.stream.ReferencePipeline$2$1.accept(ReferencePipeline.java:179)
	at java.base/java.util.stream.ReferencePipeline$3$1.accept(ReferencePipeline.java:197)
	at java.base/java.util.stream.ForEachOps$ForEachOp$OfRef.accept(ForEachOps.java:183)
	at java.base/java.util.stream.ReferencePipeline$15$1.accept(ReferencePipeline.java:541)
	at java.base/java.util.stream.ReferencePipeline$3$1.accept(ReferencePipeline.java:197)
	at java.base/java.util.stream.ReferencePipeline$3$1.accept(ReferencePipeline.java:197)
	at java.base/java.util.stream.ReferencePipeline$3$1.accept(ReferencePipeline.java:197)
	at java.base/java.util.stream.ForEachOps$ForEachOp$OfRef.accept(ForEachOps.java:183)
	at java.base/java.util.stream.ReferencePipeline$3$1.accept(ReferencePipeline.java:197)
	at java.base/java.util.stream.ForEachOps$ForEachOp$OfRef.accept(ForEachOps.java:183)
	at java.base/java.util.stream.SliceOps$1$1.accept(SliceOps.java:200)
	at java.base/java.util.stream.StreamSpliterators$InfiniteSupplyingSpliterator$OfRef.tryAdvance(StreamSpliterators.java:1358)
	at java.base/java.util.stream.ReferencePipeline.forEachWithCancel(ReferencePipeline.java:129)
	at java.base/java.util.stream.AbstractPipeline.copyIntoWithCancel(AbstractPipeline.java:527)
	at java.base/java.util.stream.AbstractPipeline.copyInto(AbstractPipeline.java:513)
	at java.base/java.util.stream.AbstractPipeline.wrapAndCopyInto(AbstractPipeline.java:499)
	at java.base/java.util.stream.ForEachOps$ForEachOp.evaluateSequential(ForEachOps.java:150)
	at java.base/java.util.stream.ForEachOps$ForEachOp$OfRef.evaluateSequential(ForEachOps.java:173)
	at java.base/java.util.stream.AbstractPipeline.evaluate(AbstractPipeline.java:234)
	at java.base/java.util.stream.ReferencePipeline.forEach(ReferencePipeline.java:596)
	at java.base/java.util.stream.ReferencePipeline$7$1.accept(ReferencePipeline.java:276)
	at java.base/java.util.stream.ReferencePipeline$3$1.accept(ReferencePipeline.java:197)
	at java.base/java.util.stream.ReferencePipeline$3$1.accept(ReferencePipeline.java:197)
	at java.base/java.util.Spliterators$ArraySpliterator.forEachRemaining(Spliterators.java:992)
	at java.base/java.util.stream.AbstractPipeline.copyInto(AbstractPipeline.java:509)
	at java.base/java.util.stream.AbstractPipeline.wrapAndCopyInto(AbstractPipeline.java:499)
	at java.base/java.util.stream.ForEachOps$ForEachOp.evaluateSequential(ForEachOps.java:150)
	at java.base/java.util.stream.ForEachOps$ForEachOp$OfRef.evaluateSequential(ForEachOps.java:173)
	at java.base/java.util.stream.AbstractPipeline.evaluate(AbstractPipeline.java:234)
	at java.base/java.util.stream.ReferencePipeline.forEach(ReferencePipeline.java:596)
	at java.base/java.util.stream.ReferencePipeline$7$1.accept(ReferencePipeline.java:276)
	at java.base/java.util.stream.ReferencePipeline$3$1.accept(ReferencePipeline.java:197)
	at java.base/java.util.stream.ReferencePipeline$3$1.accept(ReferencePipeline.java:197)
	at java.base/java.util.stream.ReferencePipeline$3$1.accept(ReferencePipeline.java:197)
	at java.base/java.util.ArrayList$ArrayListSpliterator.forEachRemaining(ArrayList.java:1625)
	at java.base/java.util.stream.AbstractPipeline.copyInto(AbstractPipeline.java:509)
	at java.base/java.util.stream.AbstractPipeline.wrapAndCopyInto(AbstractPipeline.java:499)
	at java.base/java.util.stream.ForEachOps$ForEachOp.evaluateSequential(ForEachOps.java:150)
	at java.base/java.util.stream.ForEachOps$ForEachOp$OfRef.evaluateSequential(ForEachOps.java:173)
	at java.base/java.util.stream.AbstractPipeline.evaluate(AbstractPipeline.java:234)
	at java.base/java.util.stream.ReferencePipeline.forEach(ReferencePipeline.java:596)
	at java.base/java.util.stream.ReferencePipeline$7$1.accept(ReferencePipeline.java:276)
	at java.base/java.util.ArrayList$ArrayListSpliterator.forEachRemaining(ArrayList.java:1625)
	at java.base/java.util.stream.AbstractPipeline.copyInto(AbstractPipeline.java:509)
	at java.base/java.util.stream.AbstractPipeline.wrapAndCopyInto(AbstractPipeline.java:499)
	at java.base/java.util.stream.ForEachOps$ForEachOp.evaluateSequential(ForEachOps.java:150)
	at java.base/java.util.stream.ForEachOps$ForEachOp$OfRef.evaluateSequential(ForEachOps.java:173)
	at java.base/java.util.stream.AbstractPipeline.evaluate(AbstractPipeline.java:234)
	at java.base/java.util.stream.ReferencePipeline.forEach(ReferencePipeline.java:596)
	at org.junit.jupiter.engine.descriptor.TestTemplateTestDescriptor.execute(TestTemplateTestDescriptor.java:107)
	at org.junit.jupiter.engine.descriptor.TestTemplateTestDescriptor.execute(TestTemplateTestDescriptor.java:42)
	at org.junit.platform.engine.support.hierarchical.NodeTestTask.lambda$executeRecursively$5(NodeTestTask.java:139)
	at org.junit.platform.engine.support.hierarchical.ThrowableCollector.execute(ThrowableCollector.java:73)
	at org.junit.platform.engine.support.hierarchical.NodeTestTask.lambda$executeRecursively$7(NodeTestTask.java:129)
	at org.junit.platform.engine.support.hierarchical.Node.around(Node.java:137)
	at org.junit.platform.engine.support.hierarchical.NodeTestTask.lambda$executeRecursively$8(NodeTestTask.java:127)
	at org.junit.platform.engine.support.hierarchical.ThrowableCollector.execute(ThrowableCollector.java:73)
	at org.junit.platform.engine.support.hierarchical.NodeTestTask.executeRecursively(NodeTestTask.java:126)
	at org.junit.platform.engine.support.hierarchical.NodeTestTask.execute(NodeTestTask.java:84)
	at java.base/java.util.ArrayList.forEach(ArrayList.java:1511)
	at org.junit.platform.engine.support.hierarchical.SameThreadHierarchicalTestExecutorService.invokeAll(SameThreadHierarchicalTestExecutorService.java:38)
	at org.junit.platform.engine.support.hierarchical.NodeTestTask.lambda$executeRecursively$5(NodeTestTask.java:143)
	at org.junit.platform.engine.support.hierarchical.ThrowableCollector.execute(ThrowableCollector.java:73)
	at org.junit.platform.engine.support.hierarchical.NodeTestTask.lambda$executeRecursively$7(NodeTestTask.java:129)
	at org.junit.platform.engine.support.hierarchical.Node.around(Node.java:137)
	at org.junit.platform.engine.support.hierarchical.NodeTestTask.lambda$executeRecursively$8(NodeTestTask.java:127)
	at org.junit.platform.engine.support.hierarchical.ThrowableCollector.execute(ThrowableCollector.java:73)
	at org.junit.platform.engine.support.hierarchical.NodeTestTask.executeRecursively(NodeTestTask.java:126)
	at org.junit.platform.engine.support.hierarchical.NodeTestTask.execute(NodeTestTask.java:84)
	at java.base/java.util.ArrayList.forEach(ArrayList.java:1511)
	at org.junit.platform.engine.support.hierarchical.SameThreadHierarchicalTestExecutorService.invokeAll(SameThreadHierarchicalTestExecutorService.java:38)
	at org.junit.platform.engine.support.hierarchical.NodeTestTask.lambda$executeRecursively$5(NodeTestTask.java:143)
	at org.junit.platform.engine.support.hierarchical.ThrowableCollector.execute(ThrowableCollector.java:73)
	at org.junit.platform.engine.support.hierarchical.NodeTestTask.lambda$executeRecursively$7(NodeTestTask.java:129)
	at org.junit.platform.engine.support.hierarchical.Node.around(Node.java:137)
	at org.junit.platform.engine.support.hierarchical.NodeTestTask.lambda$executeRecursively$8(NodeTestTask.java:127)
	at org.junit.platform.engine.support.hierarchical.ThrowableCollector.execute(ThrowableCollector.java:73)
	at org.junit.platform.engine.support.hierarchical.NodeTestTask.executeRecursively(NodeTestTask.java:126)
	at org.junit.platform.engine.support.hierarchical.NodeTestTask.execute(NodeTestTask.java:84)
	at org.junit.platform.engine.support.hierarchical.SameThreadHierarchicalTestExecutorService.submit(SameThreadHierarchicalTestExecutorService.java:32)
	at org.junit.platform.engine.support.hierarchical.HierarchicalTestExecutor.execute(HierarchicalTestExecutor.java:57)
	at org.junit.platform.engine.support.hierarchical.HierarchicalTestEngine.execute(HierarchicalTestEngine.java:51)
	at org.junit.platform.launcher.core.EngineExecutionOrchestrator.execute(EngineExecutionOrchestrator.java:108)
	at org.junit.platform.launcher.core.EngineExecutionOrchestrator.execute(EngineExecutionOrchestrator.java:88)
	at org.junit.platform.launcher.core.EngineExecutionOrchestrator.lambda$execute$0(EngineExecutionOrchestrator.java:54)
	at org.junit.platform.launcher.core.EngineExecutionOrchestrator.withInterceptedStreams(EngineExecutionOrchestrator.java:67)
	at org.junit.platform.launcher.core.EngineExecutionOrchestrator.execute(EngineExecutionOrchestrator.java:52)
	at org.junit.platform.launcher.core.DefaultLauncher.execute(DefaultLauncher.java:96)
	at org.junit.platform.launcher.core.DefaultLauncher.execute(DefaultLauncher.java:75)
	at org.junit.platform.console.tasks.ConsoleTestExecutor.executeTests(ConsoleTestExecutor.java:66)
	at org.junit.platform.console.tasks.ConsoleTestExecutor.lambda$execute$0(ConsoleTestExecutor.java:58)
	at org.junit.platform.console.tasks.CustomContextClassLoaderExecutor.replaceThreadContextClassLoaderAndInvoke(CustomContextClassLoaderExecutor.java:41)
	at org.junit.platform.console.tasks.CustomContextClassLoaderExecutor.invoke(CustomContextClassLoaderExecutor.java:31)
	at org.junit.platform.console.tasks.ConsoleTestExecutor.execute(ConsoleTestExecutor.java:58)
	at org.junit.platform.console.ConsoleLauncher.executeTests(ConsoleLauncher.java:95)
	at org.junit.platform.console.ConsoleLauncher.execute(ConsoleLauncher.java:73)
	at org.junit.platform.console.ConsoleLauncher.execute(ConsoleLauncher.java:50)
	at org.junit.platform.console.ConsoleLauncher.execute(ConsoleLauncher.java:43)
	at org.junit.platform.console.ConsoleLauncher.main(ConsoleLauncher.java:37)
]]></skipped>
<system-out><![CDATA[
unique-id: [engine:junit-jupiter]/[class:minebayd1.test.TestUser]/[test-template:testprevious(minebayd1.User)]/[test-template-invocation:#97]
display-name: [97] Lamia a 77 annonces ouvertes, 1 annonces fermées et 2 achats 

]]></system-out>
</testcase>
<testcase name="testprevious(User)[98]" classname="minebayd1.test.TestUser" time="0">
<skipped><![CDATA[org.opentest4j.TestAbortedException: Assumption failed: assumption is not true
	at org.junit.jupiter.api.Assumptions.throwTestAbortedException(Assumptions.java:256)
	at org.junit.jupiter.api.Assumptions.assumeTrue(Assumptions.java:115)
	at org.junit.jupiter.api.Assumptions.assumeTrue(Assumptions.java:66)
	at minebayd1.test.TestUser.testprevious(TestUser.java:1288)
	at jdk.internal.reflect.GeneratedMethodAccessor15.invoke(Unknown Source)
	at java.base/jdk.internal.reflect.DelegatingMethodAccessorImpl.invoke(DelegatingMethodAccessorImpl.java:43)
	at java.base/java.lang.reflect.Method.invoke(Method.java:569)
	at org.junit.platform.commons.util.ReflectionUtils.invokeMethod(ReflectionUtils.java:688)
	at org.junit.jupiter.engine.execution.MethodInvocation.proceed(MethodInvocation.java:60)
	at org.junit.jupiter.engine.execution.InvocationInterceptorChain$ValidatingInvocation.proceed(InvocationInterceptorChain.java:131)
	at org.junit.jupiter.engine.extension.TimeoutExtension.intercept(TimeoutExtension.java:149)
	at org.junit.jupiter.engine.extension.TimeoutExtension.interceptTestableMethod(TimeoutExtension.java:140)
	at org.junit.jupiter.engine.extension.TimeoutExtension.interceptTestTemplateMethod(TimeoutExtension.java:92)
	at org.junit.jupiter.engine.execution.ExecutableInvoker$ReflectiveInterceptorCall.lambda$ofVoidMethod$0(ExecutableInvoker.java:115)
	at org.junit.jupiter.engine.execution.ExecutableInvoker.lambda$invoke$0(ExecutableInvoker.java:105)
	at org.junit.jupiter.engine.execution.InvocationInterceptorChain$InterceptedInvocation.proceed(InvocationInterceptorChain.java:106)
	at org.junit.jupiter.engine.execution.InvocationInterceptorChain.proceed(InvocationInterceptorChain.java:64)
	at org.junit.jupiter.engine.execution.InvocationInterceptorChain.chainAndInvoke(InvocationInterceptorChain.java:45)
	at org.junit.jupiter.engine.execution.InvocationInterceptorChain.invoke(InvocationInterceptorChain.java:37)
	at org.junit.jupiter.engine.execution.ExecutableInvoker.invoke(ExecutableInvoker.java:104)
	at org.junit.jupiter.engine.execution.ExecutableInvoker.invoke(ExecutableInvoker.java:98)
	at org.junit.jupiter.engine.descriptor.TestMethodTestDescriptor.lambda$invokeTestMethod$6(TestMethodTestDescriptor.java:210)
	at org.junit.platform.engine.support.hierarchical.ThrowableCollector.execute(ThrowableCollector.java:73)
	at org.junit.jupiter.engine.descriptor.TestMethodTestDescriptor.invokeTestMethod(TestMethodTestDescriptor.java:206)
	at org.junit.jupiter.engine.descriptor.TestMethodTestDescriptor.execute(TestMethodTestDescriptor.java:131)
	at org.junit.jupiter.engine.descriptor.TestMethodTestDescriptor.execute(TestMethodTestDescriptor.java:65)
	at org.junit.platform.engine.support.hierarchical.NodeTestTask.lambda$executeRecursively$5(NodeTestTask.java:139)
	at org.junit.platform.engine.support.hierarchical.ThrowableCollector.execute(ThrowableCollector.java:73)
	at org.junit.platform.engine.support.hierarchical.NodeTestTask.lambda$executeRecursively$7(NodeTestTask.java:129)
	at org.junit.platform.engine.support.hierarchical.Node.around(Node.java:137)
	at org.junit.platform.engine.support.hierarchical.NodeTestTask.lambda$executeRecursively$8(NodeTestTask.java:127)
	at org.junit.platform.engine.support.hierarchical.ThrowableCollector.execute(ThrowableCollector.java:73)
	at org.junit.platform.engine.support.hierarchical.NodeTestTask.executeRecursively(NodeTestTask.java:126)
	at org.junit.platform.engine.support.hierarchical.NodeTestTask.execute(NodeTestTask.java:84)
	at org.junit.platform.engine.support.hierarchical.SameThreadHierarchicalTestExecutorService.submit(SameThreadHierarchicalTestExecutorService.java:32)
	at org.junit.platform.engine.support.hierarchical.NodeTestTask$DefaultDynamicTestExecutor.execute(NodeTestTask.java:212)
	at org.junit.platform.engine.support.hierarchical.NodeTestTask$DefaultDynamicTestExecutor.execute(NodeTestTask.java:192)
	at org.junit.jupiter.engine.descriptor.TestTemplateTestDescriptor.execute(TestTemplateTestDescriptor.java:139)
	at org.junit.jupiter.engine.descriptor.TestTemplateTestDescriptor.lambda$execute$2(TestTemplateTestDescriptor.java:107)
	at java.base/java.util.stream.ForEachOps$ForEachOp$OfRef.accept(ForEachOps.java:183)
	at java.base/java.util.stream.ReferencePipeline$3$1.accept(ReferencePipeline.java:197)
	at java.base/java.util.stream.ReferencePipeline$2$1.accept(ReferencePipeline.java:179)
	at java.base/java.util.stream.ReferencePipeline$3$1.accept(ReferencePipeline.java:197)
	at java.base/java.util.stream.ForEachOps$ForEachOp$OfRef.accept(ForEachOps.java:183)
	at java.base/java.util.stream.ReferencePipeline$15$1.accept(ReferencePipeline.java:541)
	at java.base/java.util.stream.ReferencePipeline$3$1.accept(ReferencePipeline.java:197)
	at java.base/java.util.stream.ReferencePipeline$3$1.accept(ReferencePipeline.java:197)
	at java.base/java.util.stream.ReferencePipeline$3$1.accept(ReferencePipeline.java:197)
	at java.base/java.util.stream.ForEachOps$ForEachOp$OfRef.accept(ForEachOps.java:183)
	at java.base/java.util.stream.ReferencePipeline$3$1.accept(ReferencePipeline.java:197)
	at java.base/java.util.stream.ForEachOps$ForEachOp$OfRef.accept(ForEachOps.java:183)
	at java.base/java.util.stream.SliceOps$1$1.accept(SliceOps.java:200)
	at java.base/java.util.stream.StreamSpliterators$InfiniteSupplyingSpliterator$OfRef.tryAdvance(StreamSpliterators.java:1358)
	at java.base/java.util.stream.ReferencePipeline.forEachWithCancel(ReferencePipeline.java:129)
	at java.base/java.util.stream.AbstractPipeline.copyIntoWithCancel(AbstractPipeline.java:527)
	at java.base/java.util.stream.AbstractPipeline.copyInto(AbstractPipeline.java:513)
	at java.base/java.util.stream.AbstractPipeline.wrapAndCopyInto(AbstractPipeline.java:499)
	at java.base/java.util.stream.ForEachOps$ForEachOp.evaluateSequential(ForEachOps.java:150)
	at java.base/java.util.stream.ForEachOps$ForEachOp$OfRef.evaluateSequential(ForEachOps.java:173)
	at java.base/java.util.stream.AbstractPipeline.evaluate(AbstractPipeline.java:234)
	at java.base/java.util.stream.ReferencePipeline.forEach(ReferencePipeline.java:596)
	at java.base/java.util.stream.ReferencePipeline$7$1.accept(ReferencePipeline.java:276)
	at java.base/java.util.stream.ReferencePipeline$3$1.accept(ReferencePipeline.java:197)
	at java.base/java.util.stream.ReferencePipeline$3$1.accept(ReferencePipeline.java:197)
	at java.base/java.util.Spliterators$ArraySpliterator.forEachRemaining(Spliterators.java:992)
	at java.base/java.util.stream.AbstractPipeline.copyInto(AbstractPipeline.java:509)
	at java.base/java.util.stream.AbstractPipeline.wrapAndCopyInto(AbstractPipeline.java:499)
	at java.base/java.util.stream.ForEachOps$ForEachOp.evaluateSequential(ForEachOps.java:150)
	at java.base/java.util.stream.ForEachOps$ForEachOp$OfRef.evaluateSequential(ForEachOps.java:173)
	at java.base/java.util.stream.AbstractPipeline.evaluate(AbstractPipeline.java:234)
	at java.base/java.util.stream.ReferencePipeline.forEach(ReferencePipeline.java:596)
	at java.base/java.util.stream.ReferencePipeline$7$1.accept(ReferencePipeline.java:276)
	at java.base/java.util.stream.ReferencePipeline$3$1.accept(ReferencePipeline.java:197)
	at java.base/java.util.stream.ReferencePipeline$3$1.accept(ReferencePipeline.java:197)
	at java.base/java.util.stream.ReferencePipeline$3$1.accept(ReferencePipeline.java:197)
	at java.base/java.util.ArrayList$ArrayListSpliterator.forEachRemaining(ArrayList.java:1625)
	at java.base/java.util.stream.AbstractPipeline.copyInto(AbstractPipeline.java:509)
	at java.base/java.util.stream.AbstractPipeline.wrapAndCopyInto(AbstractPipeline.java:499)
	at java.base/java.util.stream.ForEachOps$ForEachOp.evaluateSequential(ForEachOps.java:150)
	at java.base/java.util.stream.ForEachOps$ForEachOp$OfRef.evaluateSequential(ForEachOps.java:173)
	at java.base/java.util.stream.AbstractPipeline.evaluate(AbstractPipeline.java:234)
	at java.base/java.util.stream.ReferencePipeline.forEach(ReferencePipeline.java:596)
	at java.base/java.util.stream.ReferencePipeline$7$1.accept(ReferencePipeline.java:276)
	at java.base/java.util.ArrayList$ArrayListSpliterator.forEachRemaining(ArrayList.java:1625)
	at java.base/java.util.stream.AbstractPipeline.copyInto(AbstractPipeline.java:509)
	at java.base/java.util.stream.AbstractPipeline.wrapAndCopyInto(AbstractPipeline.java:499)
	at java.base/java.util.stream.ForEachOps$ForEachOp.evaluateSequential(ForEachOps.java:150)
	at java.base/java.util.stream.ForEachOps$ForEachOp$OfRef.evaluateSequential(ForEachOps.java:173)
	at java.base/java.util.stream.AbstractPipeline.evaluate(AbstractPipeline.java:234)
	at java.base/java.util.stream.ReferencePipeline.forEach(ReferencePipeline.java:596)
	at org.junit.jupiter.engine.descriptor.TestTemplateTestDescriptor.execute(TestTemplateTestDescriptor.java:107)
	at org.junit.jupiter.engine.descriptor.TestTemplateTestDescriptor.execute(TestTemplateTestDescriptor.java:42)
	at org.junit.platform.engine.support.hierarchical.NodeTestTask.lambda$executeRecursively$5(NodeTestTask.java:139)
	at org.junit.platform.engine.support.hierarchical.ThrowableCollector.execute(ThrowableCollector.java:73)
	at org.junit.platform.engine.support.hierarchical.NodeTestTask.lambda$executeRecursively$7(NodeTestTask.java:129)
	at org.junit.platform.engine.support.hierarchical.Node.around(Node.java:137)
	at org.junit.platform.engine.support.hierarchical.NodeTestTask.lambda$executeRecursively$8(NodeTestTask.java:127)
	at org.junit.platform.engine.support.hierarchical.ThrowableCollector.execute(ThrowableCollector.java:73)
	at org.junit.platform.engine.support.hierarchical.NodeTestTask.executeRecursively(NodeTestTask.java:126)
	at org.junit.platform.engine.support.hierarchical.NodeTestTask.execute(NodeTestTask.java:84)
	at java.base/java.util.ArrayList.forEach(ArrayList.java:1511)
	at org.junit.platform.engine.support.hierarchical.SameThreadHierarchicalTestExecutorService.invokeAll(SameThreadHierarchicalTestExecutorService.java:38)
	at org.junit.platform.engine.support.hierarchical.NodeTestTask.lambda$executeRecursively$5(NodeTestTask.java:143)
	at org.junit.platform.engine.support.hierarchical.ThrowableCollector.execute(ThrowableCollector.java:73)
	at org.junit.platform.engine.support.hierarchical.NodeTestTask.lambda$executeRecursively$7(NodeTestTask.java:129)
	at org.junit.platform.engine.support.hierarchical.Node.around(Node.java:137)
	at org.junit.platform.engine.support.hierarchical.NodeTestTask.lambda$executeRecursively$8(NodeTestTask.java:127)
	at org.junit.platform.engine.support.hierarchical.ThrowableCollector.execute(ThrowableCollector.java:73)
	at org.junit.platform.engine.support.hierarchical.NodeTestTask.executeRecursively(NodeTestTask.java:126)
	at org.junit.platform.engine.support.hierarchical.NodeTestTask.execute(NodeTestTask.java:84)
	at java.base/java.util.ArrayList.forEach(ArrayList.java:1511)
	at org.junit.platform.engine.support.hierarchical.SameThreadHierarchicalTestExecutorService.invokeAll(SameThreadHierarchicalTestExecutorService.java:38)
	at org.junit.platform.engine.support.hierarchical.NodeTestTask.lambda$executeRecursively$5(NodeTestTask.java:143)
	at org.junit.platform.engine.support.hierarchical.ThrowableCollector.execute(ThrowableCollector.java:73)
	at org.junit.platform.engine.support.hierarchical.NodeTestTask.lambda$executeRecursively$7(NodeTestTask.java:129)
	at org.junit.platform.engine.support.hierarchical.Node.around(Node.java:137)
	at org.junit.platform.engine.support.hierarchical.NodeTestTask.lambda$executeRecursively$8(NodeTestTask.java:127)
	at org.junit.platform.engine.support.hierarchical.ThrowableCollector.execute(ThrowableCollector.java:73)
	at org.junit.platform.engine.support.hierarchical.NodeTestTask.executeRecursively(NodeTestTask.java:126)
	at org.junit.platform.engine.support.hierarchical.NodeTestTask.execute(NodeTestTask.java:84)
	at org.junit.platform.engine.support.hierarchical.SameThreadHierarchicalTestExecutorService.submit(SameThreadHierarchicalTestExecutorService.java:32)
	at org.junit.platform.engine.support.hierarchical.HierarchicalTestExecutor.execute(HierarchicalTestExecutor.java:57)
	at org.junit.platform.engine.support.hierarchical.HierarchicalTestEngine.execute(HierarchicalTestEngine.java:51)
	at org.junit.platform.launcher.core.EngineExecutionOrchestrator.execute(EngineExecutionOrchestrator.java:108)
	at org.junit.platform.launcher.core.EngineExecutionOrchestrator.execute(EngineExecutionOrchestrator.java:88)
	at org.junit.platform.launcher.core.EngineExecutionOrchestrator.lambda$execute$0(EngineExecutionOrchestrator.java:54)
	at org.junit.platform.launcher.core.EngineExecutionOrchestrator.withInterceptedStreams(EngineExecutionOrchestrator.java:67)
	at org.junit.platform.launcher.core.EngineExecutionOrchestrator.execute(EngineExecutionOrchestrator.java:52)
	at org.junit.platform.launcher.core.DefaultLauncher.execute(DefaultLauncher.java:96)
	at org.junit.platform.launcher.core.DefaultLauncher.execute(DefaultLauncher.java:75)
	at org.junit.platform.console.tasks.ConsoleTestExecutor.executeTests(ConsoleTestExecutor.java:66)
	at org.junit.platform.console.tasks.ConsoleTestExecutor.lambda$execute$0(ConsoleTestExecutor.java:58)
	at org.junit.platform.console.tasks.CustomContextClassLoaderExecutor.replaceThreadContextClassLoaderAndInvoke(CustomContextClassLoaderExecutor.java:41)
	at org.junit.platform.console.tasks.CustomContextClassLoaderExecutor.invoke(CustomContextClassLoaderExecutor.java:31)
	at org.junit.platform.console.tasks.ConsoleTestExecutor.execute(ConsoleTestExecutor.java:58)
	at org.junit.platform.console.ConsoleLauncher.executeTests(ConsoleLauncher.java:95)
	at org.junit.platform.console.ConsoleLauncher.execute(ConsoleLauncher.java:73)
	at org.junit.platform.console.ConsoleLauncher.execute(ConsoleLauncher.java:50)
	at org.junit.platform.console.ConsoleLauncher.execute(ConsoleLauncher.java:43)
	at org.junit.platform.console.ConsoleLauncher.main(ConsoleLauncher.java:37)
]]></skipped>
<system-out><![CDATA[
unique-id: [engine:junit-jupiter]/[class:minebayd1.test.TestUser]/[test-template:testprevious(minebayd1.User)]/[test-template-invocation:#98]
display-name: [98] Chanez a 57 annonces ouvertes, 2 annonces fermées et 1 achats 

]]></system-out>
</testcase>
<testcase name="testprevious(User)[99]" classname="minebayd1.test.TestUser" time="0">
<system-out><![CDATA[
unique-id: [engine:junit-jupiter]/[class:minebayd1.test.TestUser]/[test-template:testprevious(minebayd1.User)]/[test-template-invocation:#99]
display-name: [99] Aliou a 50 annonces ouvertes, 3 annonces fermées et 2 achats 

]]></system-out>
</testcase>
<testcase name="testprevious(User)[100]" classname="minebayd1.test.TestUser" time="0.001">
<system-out><![CDATA[
unique-id: [engine:junit-jupiter]/[class:minebayd1.test.TestUser]/[test-template:testprevious(minebayd1.User)]/[test-template-invocation:#100]
display-name: [100] Ali a 57 annonces ouvertes, 6 annonces fermées et 3 achats 

]]></system-out>
</testcase>
<testcase name="testgetSelectedCategory(User)[1]" classname="minebayd1.test.TestUser" time="0">
<system-out><![CDATA[
unique-id: [engine:junit-jupiter]/[class:minebayd1.test.TestUser]/[test-template:testgetSelectedCategory(minebayd1.User)]/[test-template-invocation:#1]
display-name: [1] Ayman a 53 annonces ouvertes, 4 annonces fermées et 4 achats 

]]></system-out>
</testcase>
<testcase name="testgetSelectedCategory(User)[2]" classname="minebayd1.test.TestUser" time="0">
<system-out><![CDATA[
unique-id: [engine:junit-jupiter]/[class:minebayd1.test.TestUser]/[test-template:testgetSelectedCategory(minebayd1.User)]/[test-template-invocation:#2]
display-name: [2] Lyes a 65 annonces ouvertes, 1 annonces fermées et 3 achats 

]]></system-out>
</testcase>
<testcase name="testgetSelectedCategory(User)[3]" classname="minebayd1.test.TestUser" time="0">
<system-out><![CDATA[
unique-id: [engine:junit-jupiter]/[class:minebayd1.test.TestUser]/[test-template:testgetSelectedCategory(minebayd1.User)]/[test-template-invocation:#3]
display-name: [3] Imam a 45 annonces ouvertes, 5 annonces fermées et 3 achats 

]]></system-out>
</testcase>
<testcase name="testgetSelectedCategory(User)[4]" classname="minebayd1.test.TestUser" time="0">
<system-out><![CDATA[
unique-id: [engine:junit-jupiter]/[class:minebayd1.test.TestUser]/[test-template:testgetSelectedCategory(minebayd1.User)]/[test-template-invocation:#4]
display-name: [4] Pierre a 41 annonces ouvertes, 5 annonces fermées et 2 achats 

]]></system-out>
</testcase>
<testcase name="testgetSelectedCategory(User)[5]" classname="minebayd1.test.TestUser" time="0">
<system-out><![CDATA[
unique-id: [engine:junit-jupiter]/[class:minebayd1.test.TestUser]/[test-template:testgetSelectedCategory(minebayd1.User)]/[test-template-invocation:#5]
display-name: [5] Lyes a 65 annonces ouvertes, 1 annonces fermées et 3 achats 

]]></system-out>
</testcase>
<testcase name="testgetSelectedCategory(User)[6]" classname="minebayd1.test.TestUser" time="0">
<system-out><![CDATA[
unique-id: [engine:junit-jupiter]/[class:minebayd1.test.TestUser]/[test-template:testgetSelectedCategory(minebayd1.User)]/[test-template-invocation:#6]
display-name: [6] Marc a 55 annonces ouvertes, 1 annonces fermées et 2 achats 

]]></system-out>
</testcase>
<testcase name="testgetSelectedCategory(User)[7]" classname="minebayd1.test.TestUser" time="0.001">
<system-out><![CDATA[
unique-id: [engine:junit-jupiter]/[class:minebayd1.test.TestUser]/[test-template:testgetSelectedCategory(minebayd1.User)]/[test-template-invocation:#7]
display-name: [7] Ziad a 48 annonces ouvertes, 4 annonces fermées et 2 achats 

]]></system-out>
</testcase>
<testcase name="testgetSelectedCategory(User)[8]" classname="minebayd1.test.TestUser" time="0.001">
<system-out><![CDATA[
unique-id: [engine:junit-jupiter]/[class:minebayd1.test.TestUser]/[test-template:testgetSelectedCategory(minebayd1.User)]/[test-template-invocation:#8]
display-name: [8] Mamadou a 59 annonces ouvertes, 2 annonces fermées et 1 achats 

]]></system-out>
</testcase>
<testcase name="testgetSelectedCategory(User)[9]" classname="minebayd1.test.TestUser" time="0">
<system-out><![CDATA[
unique-id: [engine:junit-jupiter]/[class:minebayd1.test.TestUser]/[test-template:testgetSelectedCategory(minebayd1.User)]/[test-template-invocation:#9]
display-name: [9] Lyes a 65 annonces ouvertes, 1 annonces fermées et 3 achats 

]]></system-out>
</testcase>
<testcase name="testgetSelectedCategory(User)[10]" classname="minebayd1.test.TestUser" time="0">
<system-out><![CDATA[
unique-id: [engine:junit-jupiter]/[class:minebayd1.test.TestUser]/[test-template:testgetSelectedCategory(minebayd1.User)]/[test-template-invocation:#10]
display-name: [10] Nima a 50 annonces ouvertes, 1 annonces fermées et 4 achats 

]]></system-out>
</testcase>
<testcase name="testgetSelectedCategory(User)[11]" classname="minebayd1.test.TestUser" time="0">
<system-out><![CDATA[
unique-id: [engine:junit-jupiter]/[class:minebayd1.test.TestUser]/[test-template:testgetSelectedCategory(minebayd1.User)]/[test-template-invocation:#11]
display-name: [11] Marc a 55 annonces ouvertes, 1 annonces fermées et 2 achats 

]]></system-out>
</testcase>
<testcase name="testgetSelectedCategory(User)[12]" classname="minebayd1.test.TestUser" time="0">
<system-out><![CDATA[
unique-id: [engine:junit-jupiter]/[class:minebayd1.test.TestUser]/[test-template:testgetSelectedCategory(minebayd1.User)]/[test-template-invocation:#12]
display-name: [12] Ziad a 48 annonces ouvertes, 4 annonces fermées et 2 achats 

]]></system-out>
</testcase>
<testcase name="testgetSelectedCategory(User)[13]" classname="minebayd1.test.TestUser" time="0.001">
<system-out><![CDATA[
unique-id: [engine:junit-jupiter]/[class:minebayd1.test.TestUser]/[test-template:testgetSelectedCategory(minebayd1.User)]/[test-template-invocation:#13]
display-name: [13] Idir a 58 annonces ouvertes, 5 annonces fermées et 4 achats 

]]></system-out>
</testcase>
<testcase name="testgetSelectedCategory(User)[14]" classname="minebayd1.test.TestUser" time="0">
<system-out><![CDATA[
unique-id: [engine:junit-jupiter]/[class:minebayd1.test.TestUser]/[test-template:testgetSelectedCategory(minebayd1.User)]/[test-template-invocation:#14]
display-name: [14] Marc a 55 annonces ouvertes, 1 annonces fermées et 2 achats 

]]></system-out>
</testcase>
<testcase name="testgetSelectedCategory(User)[15]" classname="minebayd1.test.TestUser" time="0">
<system-out><![CDATA[
unique-id: [engine:junit-jupiter]/[class:minebayd1.test.TestUser]/[test-template:testgetSelectedCategory(minebayd1.User)]/[test-template-invocation:#15]
display-name: [15] Imam a 45 annonces ouvertes, 5 annonces fermées et 3 achats 

]]></system-out>
</testcase>
<testcase name="testgetSelectedCategory(User)[16]" classname="minebayd1.test.TestUser" time="0.001">
<system-out><![CDATA[
unique-id: [engine:junit-jupiter]/[class:minebayd1.test.TestUser]/[test-template:testgetSelectedCategory(minebayd1.User)]/[test-template-invocation:#16]
display-name: [16] Ismael a 59 annonces ouvertes, 1 annonces fermées et 3 achats 

]]></system-out>
</testcase>
<testcase name="testgetSelectedCategory(User)[17]" classname="minebayd1.test.TestUser" time="0">
<system-out><![CDATA[
unique-id: [engine:junit-jupiter]/[class:minebayd1.test.TestUser]/[test-template:testgetSelectedCategory(minebayd1.User)]/[test-template-invocation:#17]
display-name: [17] Lamia a 77 annonces ouvertes, 1 annonces fermées et 2 achats 

]]></system-out>
</testcase>
<testcase name="testgetSelectedCategory(User)[18]" classname="minebayd1.test.TestUser" time="0">
<system-out><![CDATA[
unique-id: [engine:junit-jupiter]/[class:minebayd1.test.TestUser]/[test-template:testgetSelectedCategory(minebayd1.User)]/[test-template-invocation:#18]
display-name: [18] Sheraz a 49 annonces ouvertes, 3 annonces fermées et 6 achats 

]]></system-out>
</testcase>
<testcase name="testgetSelectedCategory(User)[19]" classname="minebayd1.test.TestUser" time="0">
<system-out><![CDATA[
unique-id: [engine:junit-jupiter]/[class:minebayd1.test.TestUser]/[test-template:testgetSelectedCategory(minebayd1.User)]/[test-template-invocation:#19]
display-name: [19] Zahra a 42 annonces ouvertes, 0 annonces fermées et 2 achats 

]]></system-out>
</testcase>
<testcase name="testgetSelectedCategory(User)[20]" classname="minebayd1.test.TestUser" time="0">
<system-out><![CDATA[
unique-id: [engine:junit-jupiter]/[class:minebayd1.test.TestUser]/[test-template:testgetSelectedCategory(minebayd1.User)]/[test-template-invocation:#20]
display-name: [20] Sonia a 47 annonces ouvertes, 2 annonces fermées et 2 achats 

]]></system-out>
</testcase>
<testcase name="testgetSelectedCategory(User)[21]" classname="minebayd1.test.TestUser" time="0">
<system-out><![CDATA[
unique-id: [engine:junit-jupiter]/[class:minebayd1.test.TestUser]/[test-template:testgetSelectedCategory(minebayd1.User)]/[test-template-invocation:#21]
display-name: [21] Pierre a 41 annonces ouvertes, 5 annonces fermées et 2 achats 

]]></system-out>
</testcase>
<testcase name="testgetSelectedCategory(User)[22]" classname="minebayd1.test.TestUser" time="0">
<system-out><![CDATA[
unique-id: [engine:junit-jupiter]/[class:minebayd1.test.TestUser]/[test-template:testgetSelectedCategory(minebayd1.User)]/[test-template-invocation:#22]
display-name: [22] Adam a 49 annonces ouvertes, 3 annonces fermées et 3 achats 

]]></system-out>
</testcase>
<testcase name="testgetSelectedCategory(User)[23]" classname="minebayd1.test.TestUser" time="0">
<system-out><![CDATA[
unique-id: [engine:junit-jupiter]/[class:minebayd1.test.TestUser]/[test-template:testgetSelectedCategory(minebayd1.User)]/[test-template-invocation:#23]
display-name: [23] Lamia a 77 annonces ouvertes, 1 annonces fermées et 2 achats 

]]></system-out>
</testcase>
<testcase name="testgetSelectedCategory(User)[24]" classname="minebayd1.test.TestUser" time="0">
<system-out><![CDATA[
unique-id: [engine:junit-jupiter]/[class:minebayd1.test.TestUser]/[test-template:testgetSelectedCategory(minebayd1.User)]/[test-template-invocation:#24]
display-name: [24] Marc a 55 annonces ouvertes, 1 annonces fermées et 2 achats 

]]></system-out>
</testcase>
<testcase name="testgetSelectedCategory(User)[25]" classname="minebayd1.test.TestUser" time="0">
<system-out><![CDATA[
unique-id: [engine:junit-jupiter]/[class:minebayd1.test.TestUser]/[test-template:testgetSelectedCategory(minebayd1.User)]/[test-template-invocation:#25]
display-name: [25] Chanez a 57 annonces ouvertes, 2 annonces fermées et 1 achats 

]]></system-out>
</testcase>
<testcase name="testgetSelectedCategory(User)[26]" classname="minebayd1.test.TestUser" time="0">
<system-out><![CDATA[
unique-id: [engine:junit-jupiter]/[class:minebayd1.test.TestUser]/[test-template:testgetSelectedCategory(minebayd1.User)]/[test-template-invocation:#26]
display-name: [26] Rosa a 40 annonces ouvertes, 4 annonces fermées et 2 achats 

]]></system-out>
</testcase>
<testcase name="testgetSelectedCategory(User)[27]" classname="minebayd1.test.TestUser" time="0">
<system-out><![CDATA[
unique-id: [engine:junit-jupiter]/[class:minebayd1.test.TestUser]/[test-template:testgetSelectedCategory(minebayd1.User)]/[test-template-invocation:#27]
display-name: [27] Mounir a 59 annonces ouvertes, 2 annonces fermées et 2 achats 

]]></system-out>
</testcase>
<testcase name="testgetSelectedCategory(User)[28]" classname="minebayd1.test.TestUser" time="0">
<system-out><![CDATA[
unique-id: [engine:junit-jupiter]/[class:minebayd1.test.TestUser]/[test-template:testgetSelectedCategory(minebayd1.User)]/[test-template-invocation:#28]
display-name: [28] Adam a 49 annonces ouvertes, 3 annonces fermées et 3 achats 

]]></system-out>
</testcase>
<testcase name="testgetSelectedCategory(User)[29]" classname="minebayd1.test.TestUser" time="0">
<system-out><![CDATA[
unique-id: [engine:junit-jupiter]/[class:minebayd1.test.TestUser]/[test-template:testgetSelectedCategory(minebayd1.User)]/[test-template-invocation:#29]
display-name: [29] Adam a 49 annonces ouvertes, 3 annonces fermées et 3 achats 

]]></system-out>
</testcase>
<testcase name="testgetSelectedCategory(User)[30]" classname="minebayd1.test.TestUser" time="0">
<system-out><![CDATA[
unique-id: [engine:junit-jupiter]/[class:minebayd1.test.TestUser]/[test-template:testgetSelectedCategory(minebayd1.User)]/[test-template-invocation:#30]
display-name: [30] Adam a 49 annonces ouvertes, 3 annonces fermées et 3 achats 

]]></system-out>
</testcase>
<testcase name="testgetSelectedCategory(User)[31]" classname="minebayd1.test.TestUser" time="0">
<system-out><![CDATA[
unique-id: [engine:junit-jupiter]/[class:minebayd1.test.TestUser]/[test-template:testgetSelectedCategory(minebayd1.User)]/[test-template-invocation:#31]
display-name: [31] Adam a 49 annonces ouvertes, 3 annonces fermées et 3 achats 

]]></system-out>
</testcase>
<testcase name="testgetSelectedCategory(User)[32]" classname="minebayd1.test.TestUser" time="0">
<system-out><![CDATA[
unique-id: [engine:junit-jupiter]/[class:minebayd1.test.TestUser]/[test-template:testgetSelectedCategory(minebayd1.User)]/[test-template-invocation:#32]
display-name: [32] Faycal a 51 annonces ouvertes, 3 annonces fermées et 4 achats 

]]></system-out>
</testcase>
<testcase name="testgetSelectedCategory(User)[33]" classname="minebayd1.test.TestUser" time="0">
<system-out><![CDATA[
unique-id: [engine:junit-jupiter]/[class:minebayd1.test.TestUser]/[test-template:testgetSelectedCategory(minebayd1.User)]/[test-template-invocation:#33]
display-name: [33] Idir a 58 annonces ouvertes, 5 annonces fermées et 4 achats 

]]></system-out>
</testcase>
<testcase name="testgetSelectedCategory(User)[34]" classname="minebayd1.test.TestUser" time="0">
<system-out><![CDATA[
unique-id: [engine:junit-jupiter]/[class:minebayd1.test.TestUser]/[test-template:testgetSelectedCategory(minebayd1.User)]/[test-template-invocation:#34]
display-name: [34] Lyes a 65 annonces ouvertes, 1 annonces fermées et 3 achats 

]]></system-out>
</testcase>
<testcase name="testgetSelectedCategory(User)[35]" classname="minebayd1.test.TestUser" time="0">
<system-out><![CDATA[
unique-id: [engine:junit-jupiter]/[class:minebayd1.test.TestUser]/[test-template:testgetSelectedCategory(minebayd1.User)]/[test-template-invocation:#35]
display-name: [35] Pierre a 41 annonces ouvertes, 5 annonces fermées et 2 achats 

]]></system-out>
</testcase>
<testcase name="testgetSelectedCategory(User)[36]" classname="minebayd1.test.TestUser" time="0">
<system-out><![CDATA[
unique-id: [engine:junit-jupiter]/[class:minebayd1.test.TestUser]/[test-template:testgetSelectedCategory(minebayd1.User)]/[test-template-invocation:#36]
display-name: [36] Zahra a 42 annonces ouvertes, 0 annonces fermées et 2 achats 

]]></system-out>
</testcase>
<testcase name="testgetSelectedCategory(User)[37]" classname="minebayd1.test.TestUser" time="0.002">
<system-out><![CDATA[
unique-id: [engine:junit-jupiter]/[class:minebayd1.test.TestUser]/[test-template:testgetSelectedCategory(minebayd1.User)]/[test-template-invocation:#37]
display-name: [37] Lamia a 77 annonces ouvertes, 1 annonces fermées et 2 achats 

]]></system-out>
</testcase>
<testcase name="testgetSelectedCategory(User)[38]" classname="minebayd1.test.TestUser" time="0.002">
<system-out><![CDATA[
unique-id: [engine:junit-jupiter]/[class:minebayd1.test.TestUser]/[test-template:testgetSelectedCategory(minebayd1.User)]/[test-template-invocation:#38]
display-name: [38] Sheraz a 49 annonces ouvertes, 3 annonces fermées et 6 achats 

]]></system-out>
</testcase>
<testcase name="testgetSelectedCategory(User)[39]" classname="minebayd1.test.TestUser" time="0.002">
<system-out><![CDATA[
unique-id: [engine:junit-jupiter]/[class:minebayd1.test.TestUser]/[test-template:testgetSelectedCategory(minebayd1.User)]/[test-template-invocation:#39]
display-name: [39] Ali a 57 annonces ouvertes, 6 annonces fermées et 3 achats 

]]></system-out>
</testcase>
<testcase name="testgetSelectedCategory(User)[40]" classname="minebayd1.test.TestUser" time="0.001">
<system-out><![CDATA[
unique-id: [engine:junit-jupiter]/[class:minebayd1.test.TestUser]/[test-template:testgetSelectedCategory(minebayd1.User)]/[test-template-invocation:#40]
display-name: [40] Ayman a 53 annonces ouvertes, 4 annonces fermées et 4 achats 

]]></system-out>
</testcase>
<testcase name="testgetSelectedCategory(User)[41]" classname="minebayd1.test.TestUser" time="0.001">
<system-out><![CDATA[
unique-id: [engine:junit-jupiter]/[class:minebayd1.test.TestUser]/[test-template:testgetSelectedCategory(minebayd1.User)]/[test-template-invocation:#41]
display-name: [41] Mamadou a 59 annonces ouvertes, 2 annonces fermées et 1 achats 

]]></system-out>
</testcase>
<testcase name="testgetSelectedCategory(User)[42]" classname="minebayd1.test.TestUser" time="0.001">
<system-out><![CDATA[
unique-id: [engine:junit-jupiter]/[class:minebayd1.test.TestUser]/[test-template:testgetSelectedCategory(minebayd1.User)]/[test-template-invocation:#42]
display-name: [42] Ismael a 59 annonces ouvertes, 1 annonces fermées et 3 achats 

]]></system-out>
</testcase>
<testcase name="testgetSelectedCategory(User)[43]" classname="minebayd1.test.TestUser" time="0">
<system-out><![CDATA[
unique-id: [engine:junit-jupiter]/[class:minebayd1.test.TestUser]/[test-template:testgetSelectedCategory(minebayd1.User)]/[test-template-invocation:#43]
display-name: [43] Lyes a 65 annonces ouvertes, 1 annonces fermées et 3 achats 

]]></system-out>
</testcase>
<testcase name="testgetSelectedCategory(User)[44]" classname="minebayd1.test.TestUser" time="0">
<system-out><![CDATA[
unique-id: [engine:junit-jupiter]/[class:minebayd1.test.TestUser]/[test-template:testgetSelectedCategory(minebayd1.User)]/[test-template-invocation:#44]
display-name: [44] Ziad a 48 annonces ouvertes, 4 annonces fermées et 2 achats 

]]></system-out>
</testcase>
<testcase name="testgetSelectedCategory(User)[45]" classname="minebayd1.test.TestUser" time="0.001">
<system-out><![CDATA[
unique-id: [engine:junit-jupiter]/[class:minebayd1.test.TestUser]/[test-template:testgetSelectedCategory(minebayd1.User)]/[test-template-invocation:#45]
display-name: [45] Lyes a 65 annonces ouvertes, 1 annonces fermées et 3 achats 

]]></system-out>
</testcase>
<testcase name="testgetSelectedCategory(User)[46]" classname="minebayd1.test.TestUser" time="0.001">
<system-out><![CDATA[
unique-id: [engine:junit-jupiter]/[class:minebayd1.test.TestUser]/[test-template:testgetSelectedCategory(minebayd1.User)]/[test-template-invocation:#46]
display-name: [46] Aliou a 50 annonces ouvertes, 3 annonces fermées et 2 achats 

]]></system-out>
</testcase>
<testcase name="testgetSelectedCategory(User)[47]" classname="minebayd1.test.TestUser" time="0">
<system-out><![CDATA[
unique-id: [engine:junit-jupiter]/[class:minebayd1.test.TestUser]/[test-template:testgetSelectedCategory(minebayd1.User)]/[test-template-invocation:#47]
display-name: [47] Faycal a 51 annonces ouvertes, 3 annonces fermées et 4 achats 

]]></system-out>
</testcase>
<testcase name="testgetSelectedCategory(User)[48]" classname="minebayd1.test.TestUser" time="0.001">
<system-out><![CDATA[
unique-id: [engine:junit-jupiter]/[class:minebayd1.test.TestUser]/[test-template:testgetSelectedCategory(minebayd1.User)]/[test-template-invocation:#48]
display-name: [48] Adam a 49 annonces ouvertes, 3 annonces fermées et 3 achats 

]]></system-out>
</testcase>
<testcase name="testgetSelectedCategory(User)[49]" classname="minebayd1.test.TestUser" time="0.001">
<system-out><![CDATA[
unique-id: [engine:junit-jupiter]/[class:minebayd1.test.TestUser]/[test-template:testgetSelectedCategory(minebayd1.User)]/[test-template-invocation:#49]
display-name: [49] Idir a 58 annonces ouvertes, 5 annonces fermées et 4 achats 

]]></system-out>
</testcase>
<testcase name="testgetSelectedCategory(User)[50]" classname="minebayd1.test.TestUser" time="0">
<system-out><![CDATA[
unique-id: [engine:junit-jupiter]/[class:minebayd1.test.TestUser]/[test-template:testgetSelectedCategory(minebayd1.User)]/[test-template-invocation:#50]
display-name: [50] Imam a 45 annonces ouvertes, 5 annonces fermées et 3 achats 

]]></system-out>
</testcase>
<testcase name="testgetSelectedCategory(User)[51]" classname="minebayd1.test.TestUser" time="0.001">
<system-out><![CDATA[
unique-id: [engine:junit-jupiter]/[class:minebayd1.test.TestUser]/[test-template:testgetSelectedCategory(minebayd1.User)]/[test-template-invocation:#51]
display-name: [51] Sheraz a 49 annonces ouvertes, 3 annonces fermées et 6 achats 

]]></system-out>
</testcase>
<testcase name="testgetSelectedCategory(User)[52]" classname="minebayd1.test.TestUser" time="0">
<system-out><![CDATA[
unique-id: [engine:junit-jupiter]/[class:minebayd1.test.TestUser]/[test-template:testgetSelectedCategory(minebayd1.User)]/[test-template-invocation:#52]
display-name: [52] Yanis a 61 annonces ouvertes, 4 annonces fermées et 3 achats 

]]></system-out>
</testcase>
<testcase name="testgetSelectedCategory(User)[53]" classname="minebayd1.test.TestUser" time="0.001">
<system-out><![CDATA[
unique-id: [engine:junit-jupiter]/[class:minebayd1.test.TestUser]/[test-template:testgetSelectedCategory(minebayd1.User)]/[test-template-invocation:#53]
display-name: [53] Adam a 49 annonces ouvertes, 3 annonces fermées et 3 achats 

]]></system-out>
</testcase>
<testcase name="testgetSelectedCategory(User)[54]" classname="minebayd1.test.TestUser" time="0.001">
<system-out><![CDATA[
unique-id: [engine:junit-jupiter]/[class:minebayd1.test.TestUser]/[test-template:testgetSelectedCategory(minebayd1.User)]/[test-template-invocation:#54]
display-name: [54] Ayman a 53 annonces ouvertes, 4 annonces fermées et 4 achats 

]]></system-out>
</testcase>
<testcase name="testgetSelectedCategory(User)[55]" classname="minebayd1.test.TestUser" time="0.001">
<system-out><![CDATA[
unique-id: [engine:junit-jupiter]/[class:minebayd1.test.TestUser]/[test-template:testgetSelectedCategory(minebayd1.User)]/[test-template-invocation:#55]
display-name: [55] Ali a 57 annonces ouvertes, 6 annonces fermées et 3 achats 

]]></system-out>
</testcase>
<testcase name="testgetSelectedCategory(User)[56]" classname="minebayd1.test.TestUser" time="0">
<system-out><![CDATA[
unique-id: [engine:junit-jupiter]/[class:minebayd1.test.TestUser]/[test-template:testgetSelectedCategory(minebayd1.User)]/[test-template-invocation:#56]
display-name: [56] Mohamed a 45 annonces ouvertes, 2 annonces fermées et 3 achats 

]]></system-out>
</testcase>
<testcase name="testgetSelectedCategory(User)[57]" classname="minebayd1.test.TestUser" time="0.002">
<system-out><![CDATA[
unique-id: [engine:junit-jupiter]/[class:minebayd1.test.TestUser]/[test-template:testgetSelectedCategory(minebayd1.User)]/[test-template-invocation:#57]
display-name: [57] Naila a 60 annonces ouvertes, 3 annonces fermées et 4 achats 

]]></system-out>
</testcase>
<testcase name="testgetSelectedCategory(User)[58]" classname="minebayd1.test.TestUser" time="0.001">
<system-out><![CDATA[
unique-id: [engine:junit-jupiter]/[class:minebayd1.test.TestUser]/[test-template:testgetSelectedCategory(minebayd1.User)]/[test-template-invocation:#58]
display-name: [58] Issa a 70 annonces ouvertes, 3 annonces fermées et 3 achats 

]]></system-out>
</testcase>
<testcase name="testgetSelectedCategory(User)[59]" classname="minebayd1.test.TestUser" time="0.001">
<system-out><![CDATA[
unique-id: [engine:junit-jupiter]/[class:minebayd1.test.TestUser]/[test-template:testgetSelectedCategory(minebayd1.User)]/[test-template-invocation:#59]
display-name: [59] Aliou a 50 annonces ouvertes, 3 annonces fermées et 2 achats 

]]></system-out>
</testcase>
<testcase name="testgetSelectedCategory(User)[60]" classname="minebayd1.test.TestUser" time="0.002">
<system-out><![CDATA[
unique-id: [engine:junit-jupiter]/[class:minebayd1.test.TestUser]/[test-template:testgetSelectedCategory(minebayd1.User)]/[test-template-invocation:#60]
display-name: [60] Boris a 63 annonces ouvertes, 2 annonces fermées et 3 achats 

]]></system-out>
</testcase>
<testcase name="testgetSelectedCategory(User)[61]" classname="minebayd1.test.TestUser" time="0.001">
<system-out><![CDATA[
unique-id: [engine:junit-jupiter]/[class:minebayd1.test.TestUser]/[test-template:testgetSelectedCategory(minebayd1.User)]/[test-template-invocation:#61]
display-name: [61] Issa a 70 annonces ouvertes, 3 annonces fermées et 3 achats 

]]></system-out>
</testcase>
<testcase name="testgetSelectedCategory(User)[62]" classname="minebayd1.test.TestUser" time="0.001">
<system-out><![CDATA[
unique-id: [engine:junit-jupiter]/[class:minebayd1.test.TestUser]/[test-template:testgetSelectedCategory(minebayd1.User)]/[test-template-invocation:#62]
display-name: [62] Adam a 49 annonces ouvertes, 3 annonces fermées et 3 achats 

]]></system-out>
</testcase>
<testcase name="testgetSelectedCategory(User)[63]" classname="minebayd1.test.TestUser" time="0.001">
<system-out><![CDATA[
unique-id: [engine:junit-jupiter]/[class:minebayd1.test.TestUser]/[test-template:testgetSelectedCategory(minebayd1.User)]/[test-template-invocation:#63]
display-name: [63] Sheraz a 49 annonces ouvertes, 3 annonces fermées et 6 achats 

]]></system-out>
</testcase>
<testcase name="testgetSelectedCategory(User)[64]" classname="minebayd1.test.TestUser" time="0">
<system-out><![CDATA[
unique-id: [engine:junit-jupiter]/[class:minebayd1.test.TestUser]/[test-template:testgetSelectedCategory(minebayd1.User)]/[test-template-invocation:#64]
display-name: [64] Mohamed a 45 annonces ouvertes, 2 annonces fermées et 3 achats 

]]></system-out>
</testcase>
<testcase name="testgetSelectedCategory(User)[65]" classname="minebayd1.test.TestUser" time="0">
<system-out><![CDATA[
unique-id: [engine:junit-jupiter]/[class:minebayd1.test.TestUser]/[test-template:testgetSelectedCategory(minebayd1.User)]/[test-template-invocation:#65]
display-name: [65] Lisa a 45 annonces ouvertes, 4 annonces fermées et 3 achats 

]]></system-out>
</testcase>
<testcase name="testgetSelectedCategory(User)[66]" classname="minebayd1.test.TestUser" time="0.001">
<system-out><![CDATA[
unique-id: [engine:junit-jupiter]/[class:minebayd1.test.TestUser]/[test-template:testgetSelectedCategory(minebayd1.User)]/[test-template-invocation:#66]
display-name: [66] Pierre a 41 annonces ouvertes, 5 annonces fermées et 2 achats 

]]></system-out>
</testcase>
<testcase name="testgetSelectedCategory(User)[67]" classname="minebayd1.test.TestUser" time="0.001">
<system-out><![CDATA[
unique-id: [engine:junit-jupiter]/[class:minebayd1.test.TestUser]/[test-template:testgetSelectedCategory(minebayd1.User)]/[test-template-invocation:#67]
display-name: [67] Ayman a 53 annonces ouvertes, 4 annonces fermées et 4 achats 

]]></system-out>
</testcase>
<testcase name="testgetSelectedCategory(User)[68]" classname="minebayd1.test.TestUser" time="0">
<system-out><![CDATA[
unique-id: [engine:junit-jupiter]/[class:minebayd1.test.TestUser]/[test-template:testgetSelectedCategory(minebayd1.User)]/[test-template-invocation:#68]
display-name: [68] Lisa a 45 annonces ouvertes, 4 annonces fermées et 3 achats 

]]></system-out>
</testcase>
<testcase name="testgetSelectedCategory(User)[69]" classname="minebayd1.test.TestUser" time="0">
<system-out><![CDATA[
unique-id: [engine:junit-jupiter]/[class:minebayd1.test.TestUser]/[test-template:testgetSelectedCategory(minebayd1.User)]/[test-template-invocation:#69]
display-name: [69] Sonia a 47 annonces ouvertes, 2 annonces fermées et 2 achats 

]]></system-out>
</testcase>
<testcase name="testgetSelectedCategory(User)[70]" classname="minebayd1.test.TestUser" time="0.001">
<system-out><![CDATA[
unique-id: [engine:junit-jupiter]/[class:minebayd1.test.TestUser]/[test-template:testgetSelectedCategory(minebayd1.User)]/[test-template-invocation:#70]
display-name: [70] Naila a 60 annonces ouvertes, 3 annonces fermées et 4 achats 

]]></system-out>
</testcase>
<testcase name="testgetSelectedCategory(User)[71]" classname="minebayd1.test.TestUser" time="0.002">
<system-out><![CDATA[
unique-id: [engine:junit-jupiter]/[class:minebayd1.test.TestUser]/[test-template:testgetSelectedCategory(minebayd1.User)]/[test-template-invocation:#71]
display-name: [71] Lamia a 77 annonces ouvertes, 1 annonces fermées et 2 achats 

]]></system-out>
</testcase>
<testcase name="testgetSelectedCategory(User)[72]" classname="minebayd1.test.TestUser" time="0.001">
<system-out><![CDATA[
unique-id: [engine:junit-jupiter]/[class:minebayd1.test.TestUser]/[test-template:testgetSelectedCategory(minebayd1.User)]/[test-template-invocation:#72]
display-name: [72] Lamia a 77 annonces ouvertes, 1 annonces fermées et 2 achats 

]]></system-out>
</testcase>
<testcase name="testgetSelectedCategory(User)[73]" classname="minebayd1.test.TestUser" time="0.001">
<system-out><![CDATA[
unique-id: [engine:junit-jupiter]/[class:minebayd1.test.TestUser]/[test-template:testgetSelectedCategory(minebayd1.User)]/[test-template-invocation:#73]
display-name: [73] Aliou a 50 annonces ouvertes, 3 annonces fermées et 2 achats 

]]></system-out>
</testcase>
<testcase name="testgetSelectedCategory(User)[74]" classname="minebayd1.test.TestUser" time="0">
<system-out><![CDATA[
unique-id: [engine:junit-jupiter]/[class:minebayd1.test.TestUser]/[test-template:testgetSelectedCategory(minebayd1.User)]/[test-template-invocation:#74]
display-name: [74] Sonia a 47 annonces ouvertes, 2 annonces fermées et 2 achats 

]]></system-out>
</testcase>
<testcase name="testgetSelectedCategory(User)[75]" classname="minebayd1.test.TestUser" time="0.001">
<system-out><![CDATA[
unique-id: [engine:junit-jupiter]/[class:minebayd1.test.TestUser]/[test-template:testgetSelectedCategory(minebayd1.User)]/[test-template-invocation:#75]
display-name: [75] Issa a 70 annonces ouvertes, 3 annonces fermées et 3 achats 

]]></system-out>
</testcase>
<testcase name="testgetSelectedCategory(User)[76]" classname="minebayd1.test.TestUser" time="0.002">
<system-out><![CDATA[
unique-id: [engine:junit-jupiter]/[class:minebayd1.test.TestUser]/[test-template:testgetSelectedCategory(minebayd1.User)]/[test-template-invocation:#76]
display-name: [76] Naila a 60 annonces ouvertes, 3 annonces fermées et 4 achats 

]]></system-out>
</testcase>
<testcase name="testgetSelectedCategory(User)[77]" classname="minebayd1.test.TestUser" time="0.001">
<system-out><![CDATA[
unique-id: [engine:junit-jupiter]/[class:minebayd1.test.TestUser]/[test-template:testgetSelectedCategory(minebayd1.User)]/[test-template-invocation:#77]
display-name: [77] Idir a 58 annonces ouvertes, 5 annonces fermées et 4 achats 

]]></system-out>
</testcase>
<testcase name="testgetSelectedCategory(User)[78]" classname="minebayd1.test.TestUser" time="0">
<system-out><![CDATA[
unique-id: [engine:junit-jupiter]/[class:minebayd1.test.TestUser]/[test-template:testgetSelectedCategory(minebayd1.User)]/[test-template-invocation:#78]
display-name: [78] Faycal a 51 annonces ouvertes, 3 annonces fermées et 4 achats 

]]></system-out>
</testcase>
<testcase name="testgetSelectedCategory(User)[79]" classname="minebayd1.test.TestUser" time="0.001">
<system-out><![CDATA[
unique-id: [engine:junit-jupiter]/[class:minebayd1.test.TestUser]/[test-template:testgetSelectedCategory(minebayd1.User)]/[test-template-invocation:#79]
display-name: [79] Zahra a 42 annonces ouvertes, 0 annonces fermées et 2 achats 

]]></system-out>
</testcase>
<testcase name="testgetSelectedCategory(User)[80]" classname="minebayd1.test.TestUser" time="0.001">
<system-out><![CDATA[
unique-id: [engine:junit-jupiter]/[class:minebayd1.test.TestUser]/[test-template:testgetSelectedCategory(minebayd1.User)]/[test-template-invocation:#80]
display-name: [80] Imam a 45 annonces ouvertes, 5 annonces fermées et 3 achats 

]]></system-out>
</testcase>
<testcase name="testgetSelectedCategory(User)[81]" classname="minebayd1.test.TestUser" time="0.001">
<system-out><![CDATA[
unique-id: [engine:junit-jupiter]/[class:minebayd1.test.TestUser]/[test-template:testgetSelectedCategory(minebayd1.User)]/[test-template-invocation:#81]
display-name: [81] Mounir a 59 annonces ouvertes, 2 annonces fermées et 2 achats 

]]></system-out>
</testcase>
<testcase name="testgetSelectedCategory(User)[82]" classname="minebayd1.test.TestUser" time="0.001">
<system-out><![CDATA[
unique-id: [engine:junit-jupiter]/[class:minebayd1.test.TestUser]/[test-template:testgetSelectedCategory(minebayd1.User)]/[test-template-invocation:#82]
display-name: [82] Lyes a 65 annonces ouvertes, 1 annonces fermées et 3 achats 

]]></system-out>
</testcase>
<testcase name="testgetSelectedCategory(User)[83]" classname="minebayd1.test.TestUser" time="0">
<system-out><![CDATA[
unique-id: [engine:junit-jupiter]/[class:minebayd1.test.TestUser]/[test-template:testgetSelectedCategory(minebayd1.User)]/[test-template-invocation:#83]
display-name: [83] Chanez a 57 annonces ouvertes, 2 annonces fermées et 1 achats 

]]></system-out>
</testcase>
<testcase name="testgetSelectedCategory(User)[84]" classname="minebayd1.test.TestUser" time="0">
<system-out><![CDATA[
unique-id: [engine:junit-jupiter]/[class:minebayd1.test.TestUser]/[test-template:testgetSelectedCategory(minebayd1.User)]/[test-template-invocation:#84]
display-name: [84] Zahra a 42 annonces ouvertes, 0 annonces fermées et 2 achats 

]]></system-out>
</testcase>
<testcase name="testgetSelectedCategory(User)[85]" classname="minebayd1.test.TestUser" time="0.001">
<system-out><![CDATA[
unique-id: [engine:junit-jupiter]/[class:minebayd1.test.TestUser]/[test-template:testgetSelectedCategory(minebayd1.User)]/[test-template-invocation:#85]
display-name: [85] Lamia a 77 annonces ouvertes, 1 annonces fermées et 2 achats 

]]></system-out>
</testcase>
<testcase name="testgetSelectedCategory(User)[86]" classname="minebayd1.test.TestUser" time="0">
<system-out><![CDATA[
unique-id: [engine:junit-jupiter]/[class:minebayd1.test.TestUser]/[test-template:testgetSelectedCategory(minebayd1.User)]/[test-template-invocation:#86]
display-name: [86] Faycal a 51 annonces ouvertes, 3 annonces fermées et 4 achats 

]]></system-out>
</testcase>
<testcase name="testgetSelectedCategory(User)[87]" classname="minebayd1.test.TestUser" time="0.002">
<system-out><![CDATA[
unique-id: [engine:junit-jupiter]/[class:minebayd1.test.TestUser]/[test-template:testgetSelectedCategory(minebayd1.User)]/[test-template-invocation:#87]
display-name: [87] Adam a 49 annonces ouvertes, 3 annonces fermées et 3 achats 

]]></system-out>
</testcase>
<testcase name="testgetSelectedCategory(User)[88]" classname="minebayd1.test.TestUser" time="0.002">
<system-out><![CDATA[
unique-id: [engine:junit-jupiter]/[class:minebayd1.test.TestUser]/[test-template:testgetSelectedCategory(minebayd1.User)]/[test-template-invocation:#88]
display-name: [88] Yanis a 61 annonces ouvertes, 4 annonces fermées et 3 achats 

]]></system-out>
</testcase>
<testcase name="testgetSelectedCategory(User)[89]" classname="minebayd1.test.TestUser" time="0.001">
<system-out><![CDATA[
unique-id: [engine:junit-jupiter]/[class:minebayd1.test.TestUser]/[test-template:testgetSelectedCategory(minebayd1.User)]/[test-template-invocation:#89]
display-name: [89] Adam a 49 annonces ouvertes, 3 annonces fermées et 3 achats 

]]></system-out>
</testcase>
<testcase name="testgetSelectedCategory(User)[90]" classname="minebayd1.test.TestUser" time="0.001">
<system-out><![CDATA[
unique-id: [engine:junit-jupiter]/[class:minebayd1.test.TestUser]/[test-template:testgetSelectedCategory(minebayd1.User)]/[test-template-invocation:#90]
display-name: [90] Zahra a 42 annonces ouvertes, 0 annonces fermées et 2 achats 

]]></system-out>
</testcase>
<testcase name="testgetSelectedCategory(User)[91]" classname="minebayd1.test.TestUser" time="0.002">
<system-out><![CDATA[
unique-id: [engine:junit-jupiter]/[class:minebayd1.test.TestUser]/[test-template:testgetSelectedCategory(minebayd1.User)]/[test-template-invocation:#91]
display-name: [91] Ayman a 53 annonces ouvertes, 4 annonces fermées et 4 achats 

]]></system-out>
</testcase>
<testcase name="testgetSelectedCategory(User)[92]" classname="minebayd1.test.TestUser" time="0.004">
<system-out><![CDATA[
unique-id: [engine:junit-jupiter]/[class:minebayd1.test.TestUser]/[test-template:testgetSelectedCategory(minebayd1.User)]/[test-template-invocation:#92]
display-name: [92] Ismael a 59 annonces ouvertes, 1 annonces fermées et 3 achats 

]]></system-out>
</testcase>
<testcase name="testgetSelectedCategory(User)[93]" classname="minebayd1.test.TestUser" time="0">
<system-out><![CDATA[
unique-id: [engine:junit-jupiter]/[class:minebayd1.test.TestUser]/[test-template:testgetSelectedCategory(minebayd1.User)]/[test-template-invocation:#93]
display-name: [93] Faycal a 51 annonces ouvertes, 3 annonces fermées et 4 achats 

]]></system-out>
</testcase>
<testcase name="testgetSelectedCategory(User)[94]" classname="minebayd1.test.TestUser" time="0.001">
<system-out><![CDATA[
unique-id: [engine:junit-jupiter]/[class:minebayd1.test.TestUser]/[test-template:testgetSelectedCategory(minebayd1.User)]/[test-template-invocation:#94]
display-name: [94] Lamia a 77 annonces ouvertes, 1 annonces fermées et 2 achats 

]]></system-out>
</testcase>
<testcase name="testgetSelectedCategory(User)[95]" classname="minebayd1.test.TestUser" time="0">
<system-out><![CDATA[
unique-id: [engine:junit-jupiter]/[class:minebayd1.test.TestUser]/[test-template:testgetSelectedCategory(minebayd1.User)]/[test-template-invocation:#95]
display-name: [95] Nima a 50 annonces ouvertes, 1 annonces fermées et 4 achats 

]]></system-out>
</testcase>
<testcase name="testgetSelectedCategory(User)[96]" classname="minebayd1.test.TestUser" time="0.001">
<system-out><![CDATA[
unique-id: [engine:junit-jupiter]/[class:minebayd1.test.TestUser]/[test-template:testgetSelectedCategory(minebayd1.User)]/[test-template-invocation:#96]
display-name: [96] Marcel a 63 annonces ouvertes, 4 annonces fermées et 4 achats 

]]></system-out>
</testcase>
<testcase name="testgetSelectedCategory(User)[97]" classname="minebayd1.test.TestUser" time="0">
<system-out><![CDATA[
unique-id: [engine:junit-jupiter]/[class:minebayd1.test.TestUser]/[test-template:testgetSelectedCategory(minebayd1.User)]/[test-template-invocation:#97]
display-name: [97] Sonia a 47 annonces ouvertes, 2 annonces fermées et 2 achats 

]]></system-out>
</testcase>
<testcase name="testgetSelectedCategory(User)[98]" classname="minebayd1.test.TestUser" time="0.001">
<system-out><![CDATA[
unique-id: [engine:junit-jupiter]/[class:minebayd1.test.TestUser]/[test-template:testgetSelectedCategory(minebayd1.User)]/[test-template-invocation:#98]
display-name: [98] Ismael a 59 annonces ouvertes, 1 annonces fermées et 3 achats 

]]></system-out>
</testcase>
<testcase name="testgetSelectedCategory(User)[99]" classname="minebayd1.test.TestUser" time="0">
<system-out><![CDATA[
unique-id: [engine:junit-jupiter]/[class:minebayd1.test.TestUser]/[test-template:testgetSelectedCategory(minebayd1.User)]/[test-template-invocation:#99]
display-name: [99] Mohamed a 45 annonces ouvertes, 2 annonces fermées et 3 achats 

]]></system-out>
</testcase>
<testcase name="testgetSelectedCategory(User)[100]" classname="minebayd1.test.TestUser" time="0">
<system-out><![CDATA[
unique-id: [engine:junit-jupiter]/[class:minebayd1.test.TestUser]/[test-template:testgetSelectedCategory(minebayd1.User)]/[test-template-invocation:#100]
display-name: [100] Lisa a 45 annonces ouvertes, 4 annonces fermées et 3 achats 

]]></system-out>
</testcase>
<testcase name="testnextIndex(User)[1]" classname="minebayd1.test.TestUser" time="0.002">
<system-out><![CDATA[
unique-id: [engine:junit-jupiter]/[class:minebayd1.test.TestUser]/[test-template:testnextIndex(minebayd1.User)]/[test-template-invocation:#1]
display-name: [1] Idir a 58 annonces ouvertes, 5 annonces fermées et 4 achats 

]]></system-out>
</testcase>
<testcase name="testnextIndex(User)[2]" classname="minebayd1.test.TestUser" time="0">
<system-out><![CDATA[
unique-id: [engine:junit-jupiter]/[class:minebayd1.test.TestUser]/[test-template:testnextIndex(minebayd1.User)]/[test-template-invocation:#2]
display-name: [2] Yanis a 61 annonces ouvertes, 4 annonces fermées et 3 achats 

]]></system-out>
</testcase>
<testcase name="testnextIndex(User)[3]" classname="minebayd1.test.TestUser" time="0.001">
<system-out><![CDATA[
unique-id: [engine:junit-jupiter]/[class:minebayd1.test.TestUser]/[test-template:testnextIndex(minebayd1.User)]/[test-template-invocation:#3]
display-name: [3] Naila a 60 annonces ouvertes, 3 annonces fermées et 4 achats 

]]></system-out>
</testcase>
<testcase name="testnextIndex(User)[4]" classname="minebayd1.test.TestUser" time="0.001">
<system-out><![CDATA[
unique-id: [engine:junit-jupiter]/[class:minebayd1.test.TestUser]/[test-template:testnextIndex(minebayd1.User)]/[test-template-invocation:#4]
display-name: [4] Issa a 70 annonces ouvertes, 3 annonces fermées et 3 achats 

]]></system-out>
</testcase>
<testcase name="testnextIndex(User)[5]" classname="minebayd1.test.TestUser" time="0.004">
<system-out><![CDATA[
unique-id: [engine:junit-jupiter]/[class:minebayd1.test.TestUser]/[test-template:testnextIndex(minebayd1.User)]/[test-template-invocation:#5]
display-name: [5] Mounir a 59 annonces ouvertes, 2 annonces fermées et 2 achats 

]]></system-out>
</testcase>
<testcase name="testnextIndex(User)[6]" classname="minebayd1.test.TestUser" time="0.001">
<system-out><![CDATA[
unique-id: [engine:junit-jupiter]/[class:minebayd1.test.TestUser]/[test-template:testnextIndex(minebayd1.User)]/[test-template-invocation:#6]
display-name: [6] Mohamed a 45 annonces ouvertes, 2 annonces fermées et 3 achats 

]]></system-out>
</testcase>
<testcase name="testnextIndex(User)[7]" classname="minebayd1.test.TestUser" time="0.003">
<system-out><![CDATA[
unique-id: [engine:junit-jupiter]/[class:minebayd1.test.TestUser]/[test-template:testnextIndex(minebayd1.User)]/[test-template-invocation:#7]
display-name: [7] Marcel a 63 annonces ouvertes, 4 annonces fermées et 4 achats 

]]></system-out>
</testcase>
<testcase name="testnextIndex(User)[8]" classname="minebayd1.test.TestUser" time="0.001">
<system-out><![CDATA[
unique-id: [engine:junit-jupiter]/[class:minebayd1.test.TestUser]/[test-template:testnextIndex(minebayd1.User)]/[test-template-invocation:#8]
display-name: [8] Nima a 50 annonces ouvertes, 1 annonces fermées et 4 achats 

]]></system-out>
</testcase>
<testcase name="testnextIndex(User)[9]" classname="minebayd1.test.TestUser" time="0.003">
<system-out><![CDATA[
unique-id: [engine:junit-jupiter]/[class:minebayd1.test.TestUser]/[test-template:testnextIndex(minebayd1.User)]/[test-template-invocation:#9]
display-name: [9] Naila a 60 annonces ouvertes, 3 annonces fermées et 4 achats 

]]></system-out>
</testcase>
<testcase name="testnextIndex(User)[10]" classname="minebayd1.test.TestUser" time="0.004">
<system-out><![CDATA[
unique-id: [engine:junit-jupiter]/[class:minebayd1.test.TestUser]/[test-template:testnextIndex(minebayd1.User)]/[test-template-invocation:#10]
display-name: [10] Boris a 63 annonces ouvertes, 2 annonces fermées et 3 achats 

]]></system-out>
</testcase>
<testcase name="testnextIndex(User)[11]" classname="minebayd1.test.TestUser" time="0.001">
<system-out><![CDATA[
unique-id: [engine:junit-jupiter]/[class:minebayd1.test.TestUser]/[test-template:testnextIndex(minebayd1.User)]/[test-template-invocation:#11]
display-name: [11] Sonia a 47 annonces ouvertes, 2 annonces fermées et 2 achats 

]]></system-out>
</testcase>
<testcase name="testnextIndex(User)[12]" classname="minebayd1.test.TestUser" time="0.002">
<system-out><![CDATA[
unique-id: [engine:junit-jupiter]/[class:minebayd1.test.TestUser]/[test-template:testnextIndex(minebayd1.User)]/[test-template-invocation:#12]
display-name: [12] Mamadou a 59 annonces ouvertes, 2 annonces fermées et 1 achats 

]]></system-out>
</testcase>
<testcase name="testnextIndex(User)[13]" classname="minebayd1.test.TestUser" time="0.001">
<system-out><![CDATA[
unique-id: [engine:junit-jupiter]/[class:minebayd1.test.TestUser]/[test-template:testnextIndex(minebayd1.User)]/[test-template-invocation:#13]
display-name: [13] Yanis a 61 annonces ouvertes, 4 annonces fermées et 3 achats 

]]></system-out>
</testcase>
<testcase name="testnextIndex(User)[14]" classname="minebayd1.test.TestUser" time="0.002">
<system-out><![CDATA[
unique-id: [engine:junit-jupiter]/[class:minebayd1.test.TestUser]/[test-template:testnextIndex(minebayd1.User)]/[test-template-invocation:#14]
display-name: [14] Mamadou a 59 annonces ouvertes, 2 annonces fermées et 1 achats 

]]></system-out>
</testcase>
<testcase name="testnextIndex(User)[15]" classname="minebayd1.test.TestUser" time="0.001">
<system-out><![CDATA[
unique-id: [engine:junit-jupiter]/[class:minebayd1.test.TestUser]/[test-template:testnextIndex(minebayd1.User)]/[test-template-invocation:#15]
display-name: [15] Adam a 49 annonces ouvertes, 3 annonces fermées et 3 achats 

]]></system-out>
</testcase>
<testcase name="testnextIndex(User)[16]" classname="minebayd1.test.TestUser" time="0.003">
<system-out><![CDATA[
unique-id: [engine:junit-jupiter]/[class:minebayd1.test.TestUser]/[test-template:testnextIndex(minebayd1.User)]/[test-template-invocation:#16]
display-name: [16] Ismael a 59 annonces ouvertes, 1 annonces fermées et 3 achats 

]]></system-out>
</testcase>
<testcase name="testnextIndex(User)[17]" classname="minebayd1.test.TestUser" time="0.002">
<system-out><![CDATA[
unique-id: [engine:junit-jupiter]/[class:minebayd1.test.TestUser]/[test-template:testnextIndex(minebayd1.User)]/[test-template-invocation:#17]
display-name: [17] Ziad a 48 annonces ouvertes, 4 annonces fermées et 2 achats 

]]></system-out>
</testcase>
<testcase name="testnextIndex(User)[18]" classname="minebayd1.test.TestUser" time="0.003">
<system-out><![CDATA[
unique-id: [engine:junit-jupiter]/[class:minebayd1.test.TestUser]/[test-template:testnextIndex(minebayd1.User)]/[test-template-invocation:#18]
display-name: [18] Idir a 58 annonces ouvertes, 5 annonces fermées et 4 achats 

]]></system-out>
</testcase>
<testcase name="testnextIndex(User)[19]" classname="minebayd1.test.TestUser" time="0">
<system-out><![CDATA[
unique-id: [engine:junit-jupiter]/[class:minebayd1.test.TestUser]/[test-template:testnextIndex(minebayd1.User)]/[test-template-invocation:#19]
display-name: [19] Rosa a 40 annonces ouvertes, 4 annonces fermées et 2 achats 

]]></system-out>
</testcase>
<testcase name="testnextIndex(User)[20]" classname="minebayd1.test.TestUser" time="0.001">
<system-out><![CDATA[
unique-id: [engine:junit-jupiter]/[class:minebayd1.test.TestUser]/[test-template:testnextIndex(minebayd1.User)]/[test-template-invocation:#20]
display-name: [20] Marc a 55 annonces ouvertes, 1 annonces fermées et 2 achats 

]]></system-out>
</testcase>
<testcase name="testnextIndex(User)[21]" classname="minebayd1.test.TestUser" time="0.002">
<system-out><![CDATA[
unique-id: [engine:junit-jupiter]/[class:minebayd1.test.TestUser]/[test-template:testnextIndex(minebayd1.User)]/[test-template-invocation:#21]
display-name: [21] Ziad a 48 annonces ouvertes, 4 annonces fermées et 2 achats 

]]></system-out>
</testcase>
<testcase name="testnextIndex(User)[22]" classname="minebayd1.test.TestUser" time="0.002">
<system-out><![CDATA[
unique-id: [engine:junit-jupiter]/[class:minebayd1.test.TestUser]/[test-template:testnextIndex(minebayd1.User)]/[test-template-invocation:#22]
display-name: [22] Ayman a 53 annonces ouvertes, 4 annonces fermées et 4 achats 

]]></system-out>
</testcase>
<testcase name="testnextIndex(User)[23]" classname="minebayd1.test.TestUser" time="0.003">
<system-out><![CDATA[
unique-id: [engine:junit-jupiter]/[class:minebayd1.test.TestUser]/[test-template:testnextIndex(minebayd1.User)]/[test-template-invocation:#23]
display-name: [23] Naila a 60 annonces ouvertes, 3 annonces fermées et 4 achats 

]]></system-out>
</testcase>
<testcase name="testnextIndex(User)[24]" classname="minebayd1.test.TestUser" time="0.004">
<system-out><![CDATA[
unique-id: [engine:junit-jupiter]/[class:minebayd1.test.TestUser]/[test-template:testnextIndex(minebayd1.User)]/[test-template-invocation:#24]
display-name: [24] Boris a 63 annonces ouvertes, 2 annonces fermées et 3 achats 

]]></system-out>
</testcase>
<testcase name="testnextIndex(User)[25]" classname="minebayd1.test.TestUser" time="0.003">
<system-out><![CDATA[
unique-id: [engine:junit-jupiter]/[class:minebayd1.test.TestUser]/[test-template:testnextIndex(minebayd1.User)]/[test-template-invocation:#25]
display-name: [25] Marcel a 63 annonces ouvertes, 4 annonces fermées et 4 achats 

]]></system-out>
</testcase>
<testcase name="testnextIndex(User)[26]" classname="minebayd1.test.TestUser" time="0.001">
<system-out><![CDATA[
unique-id: [engine:junit-jupiter]/[class:minebayd1.test.TestUser]/[test-template:testnextIndex(minebayd1.User)]/[test-template-invocation:#26]
display-name: [26] Zahra a 42 annonces ouvertes, 0 annonces fermées et 2 achats 

]]></system-out>
</testcase>
<testcase name="testnextIndex(User)[27]" classname="minebayd1.test.TestUser" time="0.002">
<system-out><![CDATA[
unique-id: [engine:junit-jupiter]/[class:minebayd1.test.TestUser]/[test-template:testnextIndex(minebayd1.User)]/[test-template-invocation:#27]
display-name: [27] Aliou a 50 annonces ouvertes, 3 annonces fermées et 2 achats 

]]></system-out>
</testcase>
<testcase name="testnextIndex(User)[28]" classname="minebayd1.test.TestUser" time="0.002">
<system-out><![CDATA[
unique-id: [engine:junit-jupiter]/[class:minebayd1.test.TestUser]/[test-template:testnextIndex(minebayd1.User)]/[test-template-invocation:#28]
display-name: [28] Pierre a 41 annonces ouvertes, 5 annonces fermées et 2 achats 

]]></system-out>
</testcase>
<testcase name="testnextIndex(User)[29]" classname="minebayd1.test.TestUser" time="0.004">
<system-out><![CDATA[
unique-id: [engine:junit-jupiter]/[class:minebayd1.test.TestUser]/[test-template:testnextIndex(minebayd1.User)]/[test-template-invocation:#29]
display-name: [29] Ali a 57 annonces ouvertes, 6 annonces fermées et 3 achats 

]]></system-out>
</testcase>
<testcase name="testnextIndex(User)[30]" classname="minebayd1.test.TestUser" time="0.001">
<system-out><![CDATA[
unique-id: [engine:junit-jupiter]/[class:minebayd1.test.TestUser]/[test-template:testnextIndex(minebayd1.User)]/[test-template-invocation:#30]
display-name: [30] Imam a 45 annonces ouvertes, 5 annonces fermées et 3 achats 

]]></system-out>
</testcase>
<testcase name="testnextIndex(User)[31]" classname="minebayd1.test.TestUser" time="0.001">
<system-out><![CDATA[
unique-id: [engine:junit-jupiter]/[class:minebayd1.test.TestUser]/[test-template:testnextIndex(minebayd1.User)]/[test-template-invocation:#31]
display-name: [31] Chanez a 57 annonces ouvertes, 2 annonces fermées et 1 achats 

]]></system-out>
</testcase>
<testcase name="testnextIndex(User)[32]" classname="minebayd1.test.TestUser" time="0.001">
<system-out><![CDATA[
unique-id: [engine:junit-jupiter]/[class:minebayd1.test.TestUser]/[test-template:testnextIndex(minebayd1.User)]/[test-template-invocation:#32]
display-name: [32] Zahra a 42 annonces ouvertes, 0 annonces fermées et 2 achats 

]]></system-out>
</testcase>
<testcase name="testnextIndex(User)[33]" classname="minebayd1.test.TestUser" time="0.002">
<system-out><![CDATA[
unique-id: [engine:junit-jupiter]/[class:minebayd1.test.TestUser]/[test-template:testnextIndex(minebayd1.User)]/[test-template-invocation:#33]
display-name: [33] Nima a 50 annonces ouvertes, 1 annonces fermées et 4 achats 

]]></system-out>
</testcase>
<testcase name="testnextIndex(User)[34]" classname="minebayd1.test.TestUser" time="0.003">
<system-out><![CDATA[
unique-id: [engine:junit-jupiter]/[class:minebayd1.test.TestUser]/[test-template:testnextIndex(minebayd1.User)]/[test-template-invocation:#34]
display-name: [34] Idir a 58 annonces ouvertes, 5 annonces fermées et 4 achats 

]]></system-out>
</testcase>
<testcase name="testnextIndex(User)[35]" classname="minebayd1.test.TestUser" time="0.003">
<system-out><![CDATA[
unique-id: [engine:junit-jupiter]/[class:minebayd1.test.TestUser]/[test-template:testnextIndex(minebayd1.User)]/[test-template-invocation:#35]
display-name: [35] Nima a 50 annonces ouvertes, 1 annonces fermées et 4 achats 

]]></system-out>
</testcase>
<testcase name="testnextIndex(User)[36]" classname="minebayd1.test.TestUser" time="0.001">
<system-out><![CDATA[
unique-id: [engine:junit-jupiter]/[class:minebayd1.test.TestUser]/[test-template:testnextIndex(minebayd1.User)]/[test-template-invocation:#36]
display-name: [36] Ayman a 53 annonces ouvertes, 4 annonces fermées et 4 achats 

]]></system-out>
</testcase>
<testcase name="testnextIndex(User)[37]" classname="minebayd1.test.TestUser" time="0.001">
<system-out><![CDATA[
unique-id: [engine:junit-jupiter]/[class:minebayd1.test.TestUser]/[test-template:testnextIndex(minebayd1.User)]/[test-template-invocation:#37]
display-name: [37] Lisa a 45 annonces ouvertes, 4 annonces fermées et 3 achats 

]]></system-out>
</testcase>
<testcase name="testnextIndex(User)[38]" classname="minebayd1.test.TestUser" time="0.001">
<system-out><![CDATA[
unique-id: [engine:junit-jupiter]/[class:minebayd1.test.TestUser]/[test-template:testnextIndex(minebayd1.User)]/[test-template-invocation:#38]
display-name: [38] Lyes a 65 annonces ouvertes, 1 annonces fermées et 3 achats 

]]></system-out>
</testcase>
<testcase name="testnextIndex(User)[39]" classname="minebayd1.test.TestUser" time="0.001">
<system-out><![CDATA[
unique-id: [engine:junit-jupiter]/[class:minebayd1.test.TestUser]/[test-template:testnextIndex(minebayd1.User)]/[test-template-invocation:#39]
display-name: [39] Aliou a 50 annonces ouvertes, 3 annonces fermées et 2 achats 

]]></system-out>
</testcase>
<testcase name="testnextIndex(User)[40]" classname="minebayd1.test.TestUser" time="0">
<system-out><![CDATA[
unique-id: [engine:junit-jupiter]/[class:minebayd1.test.TestUser]/[test-template:testnextIndex(minebayd1.User)]/[test-template-invocation:#40]
display-name: [40] Ziad a 48 annonces ouvertes, 4 annonces fermées et 2 achats 

]]></system-out>
</testcase>
<testcase name="testnextIndex(User)[41]" classname="minebayd1.test.TestUser" time="0.001">
<system-out><![CDATA[
unique-id: [engine:junit-jupiter]/[class:minebayd1.test.TestUser]/[test-template:testnextIndex(minebayd1.User)]/[test-template-invocation:#41]
display-name: [41] Mounir a 59 annonces ouvertes, 2 annonces fermées et 2 achats 

]]></system-out>
</testcase>
<testcase name="testnextIndex(User)[42]" classname="minebayd1.test.TestUser" time="0">
<system-out><![CDATA[
unique-id: [engine:junit-jupiter]/[class:minebayd1.test.TestUser]/[test-template:testnextIndex(minebayd1.User)]/[test-template-invocation:#42]
display-name: [42] Yanis a 61 annonces ouvertes, 4 annonces fermées et 3 achats 

]]></system-out>
</testcase>
<testcase name="testnextIndex(User)[43]" classname="minebayd1.test.TestUser" time="0">
<system-out><![CDATA[
unique-id: [engine:junit-jupiter]/[class:minebayd1.test.TestUser]/[test-template:testnextIndex(minebayd1.User)]/[test-template-invocation:#43]
display-name: [43] Sonia a 47 annonces ouvertes, 2 annonces fermées et 2 achats 

]]></system-out>
</testcase>
<testcase name="testnextIndex(User)[44]" classname="minebayd1.test.TestUser" time="0">
<system-out><![CDATA[
unique-id: [engine:junit-jupiter]/[class:minebayd1.test.TestUser]/[test-template:testnextIndex(minebayd1.User)]/[test-template-invocation:#44]
display-name: [44] Issa a 70 annonces ouvertes, 3 annonces fermées et 3 achats 

]]></system-out>
</testcase>
<testcase name="testnextIndex(User)[45]" classname="minebayd1.test.TestUser" time="0">
<system-out><![CDATA[
unique-id: [engine:junit-jupiter]/[class:minebayd1.test.TestUser]/[test-template:testnextIndex(minebayd1.User)]/[test-template-invocation:#45]
display-name: [45] Faycal a 51 annonces ouvertes, 3 annonces fermées et 4 achats 

]]></system-out>
</testcase>
<testcase name="testnextIndex(User)[46]" classname="minebayd1.test.TestUser" time="0">
<system-out><![CDATA[
unique-id: [engine:junit-jupiter]/[class:minebayd1.test.TestUser]/[test-template:testnextIndex(minebayd1.User)]/[test-template-invocation:#46]
display-name: [46] Rosa a 40 annonces ouvertes, 4 annonces fermées et 2 achats 

]]></system-out>
</testcase>
<testcase name="testnextIndex(User)[47]" classname="minebayd1.test.TestUser" time="0">
<system-out><![CDATA[
unique-id: [engine:junit-jupiter]/[class:minebayd1.test.TestUser]/[test-template:testnextIndex(minebayd1.User)]/[test-template-invocation:#47]
display-name: [47] Chanez a 57 annonces ouvertes, 2 annonces fermées et 1 achats 

]]></system-out>
</testcase>
<testcase name="testnextIndex(User)[48]" classname="minebayd1.test.TestUser" time="0.002">
<system-out><![CDATA[
unique-id: [engine:junit-jupiter]/[class:minebayd1.test.TestUser]/[test-template:testnextIndex(minebayd1.User)]/[test-template-invocation:#48]
display-name: [48] Idir a 58 annonces ouvertes, 5 annonces fermées et 4 achats 

]]></system-out>
</testcase>
<testcase name="testnextIndex(User)[49]" classname="minebayd1.test.TestUser" time="0.002">
<system-out><![CDATA[
unique-id: [engine:junit-jupiter]/[class:minebayd1.test.TestUser]/[test-template:testnextIndex(minebayd1.User)]/[test-template-invocation:#49]
display-name: [49] Nima a 50 annonces ouvertes, 1 annonces fermées et 4 achats 

]]></system-out>
</testcase>
<testcase name="testnextIndex(User)[50]" classname="minebayd1.test.TestUser" time="0">
<system-out><![CDATA[
unique-id: [engine:junit-jupiter]/[class:minebayd1.test.TestUser]/[test-template:testnextIndex(minebayd1.User)]/[test-template-invocation:#50]
display-name: [50] Lisa a 45 annonces ouvertes, 4 annonces fermées et 3 achats 

]]></system-out>
</testcase>
<testcase name="testnextIndex(User)[51]" classname="minebayd1.test.TestUser" time="0.001">
<system-out><![CDATA[
unique-id: [engine:junit-jupiter]/[class:minebayd1.test.TestUser]/[test-template:testnextIndex(minebayd1.User)]/[test-template-invocation:#51]
display-name: [51] Marc a 55 annonces ouvertes, 1 annonces fermées et 2 achats 

]]></system-out>
</testcase>
<testcase name="testnextIndex(User)[52]" classname="minebayd1.test.TestUser" time="0.002">
<system-out><![CDATA[
unique-id: [engine:junit-jupiter]/[class:minebayd1.test.TestUser]/[test-template:testnextIndex(minebayd1.User)]/[test-template-invocation:#52]
display-name: [52] Idir a 58 annonces ouvertes, 5 annonces fermées et 4 achats 

]]></system-out>
</testcase>
<testcase name="testnextIndex(User)[53]" classname="minebayd1.test.TestUser" time="0">
<system-out><![CDATA[
unique-id: [engine:junit-jupiter]/[class:minebayd1.test.TestUser]/[test-template:testnextIndex(minebayd1.User)]/[test-template-invocation:#53]
display-name: [53] Lyes a 65 annonces ouvertes, 1 annonces fermées et 3 achats 

]]></system-out>
</testcase>
<testcase name="testnextIndex(User)[54]" classname="minebayd1.test.TestUser" time="0">
<system-out><![CDATA[
unique-id: [engine:junit-jupiter]/[class:minebayd1.test.TestUser]/[test-template:testnextIndex(minebayd1.User)]/[test-template-invocation:#54]
display-name: [54] Aliou a 50 annonces ouvertes, 3 annonces fermées et 2 achats 

]]></system-out>
</testcase>
<testcase name="testnextIndex(User)[55]" classname="minebayd1.test.TestUser" time="0">
<system-out><![CDATA[
unique-id: [engine:junit-jupiter]/[class:minebayd1.test.TestUser]/[test-template:testnextIndex(minebayd1.User)]/[test-template-invocation:#55]
display-name: [55] Faycal a 51 annonces ouvertes, 3 annonces fermées et 4 achats 

]]></system-out>
</testcase>
<testcase name="testnextIndex(User)[56]" classname="minebayd1.test.TestUser" time="0">
<system-out><![CDATA[
unique-id: [engine:junit-jupiter]/[class:minebayd1.test.TestUser]/[test-template:testnextIndex(minebayd1.User)]/[test-template-invocation:#56]
display-name: [56] Marc a 55 annonces ouvertes, 1 annonces fermées et 2 achats 

]]></system-out>
</testcase>
<testcase name="testnextIndex(User)[57]" classname="minebayd1.test.TestUser" time="0">
<system-out><![CDATA[
unique-id: [engine:junit-jupiter]/[class:minebayd1.test.TestUser]/[test-template:testnextIndex(minebayd1.User)]/[test-template-invocation:#57]
display-name: [57] Chanez a 57 annonces ouvertes, 2 annonces fermées et 1 achats 

]]></system-out>
</testcase>
<testcase name="testnextIndex(User)[58]" classname="minebayd1.test.TestUser" time="0.001">
<system-out><![CDATA[
unique-id: [engine:junit-jupiter]/[class:minebayd1.test.TestUser]/[test-template:testnextIndex(minebayd1.User)]/[test-template-invocation:#58]
display-name: [58] Adam a 49 annonces ouvertes, 3 annonces fermées et 3 achats 

]]></system-out>
</testcase>
<testcase name="testnextIndex(User)[59]" classname="minebayd1.test.TestUser" time="0">
<system-out><![CDATA[
unique-id: [engine:junit-jupiter]/[class:minebayd1.test.TestUser]/[test-template:testnextIndex(minebayd1.User)]/[test-template-invocation:#59]
display-name: [59] Adam a 49 annonces ouvertes, 3 annonces fermées et 3 achats 

]]></system-out>
</testcase>
<testcase name="testnextIndex(User)[60]" classname="minebayd1.test.TestUser" time="0.001">
<system-out><![CDATA[
unique-id: [engine:junit-jupiter]/[class:minebayd1.test.TestUser]/[test-template:testnextIndex(minebayd1.User)]/[test-template-invocation:#60]
display-name: [60] Naila a 60 annonces ouvertes, 3 annonces fermées et 4 achats 

]]></system-out>
</testcase>
<testcase name="testnextIndex(User)[61]" classname="minebayd1.test.TestUser" time="0.001">
<system-out><![CDATA[
unique-id: [engine:junit-jupiter]/[class:minebayd1.test.TestUser]/[test-template:testnextIndex(minebayd1.User)]/[test-template-invocation:#61]
display-name: [61] Lamia a 77 annonces ouvertes, 1 annonces fermées et 2 achats 

]]></system-out>
</testcase>
<testcase name="testnextIndex(User)[62]" classname="minebayd1.test.TestUser" time="0.001">
<system-out><![CDATA[
unique-id: [engine:junit-jupiter]/[class:minebayd1.test.TestUser]/[test-template:testnextIndex(minebayd1.User)]/[test-template-invocation:#62]
display-name: [62] Aliou a 50 annonces ouvertes, 3 annonces fermées et 2 achats 

]]></system-out>
</testcase>
<testcase name="testnextIndex(User)[63]" classname="minebayd1.test.TestUser" time="0.001">
<system-out><![CDATA[
unique-id: [engine:junit-jupiter]/[class:minebayd1.test.TestUser]/[test-template:testnextIndex(minebayd1.User)]/[test-template-invocation:#63]
display-name: [63] Boris a 63 annonces ouvertes, 2 annonces fermées et 3 achats 

]]></system-out>
</testcase>
<testcase name="testnextIndex(User)[64]" classname="minebayd1.test.TestUser" time="0">
<system-out><![CDATA[
unique-id: [engine:junit-jupiter]/[class:minebayd1.test.TestUser]/[test-template:testnextIndex(minebayd1.User)]/[test-template-invocation:#64]
display-name: [64] Sonia a 47 annonces ouvertes, 2 annonces fermées et 2 achats 

]]></system-out>
</testcase>
<testcase name="testnextIndex(User)[65]" classname="minebayd1.test.TestUser" time="0">
<system-out><![CDATA[
unique-id: [engine:junit-jupiter]/[class:minebayd1.test.TestUser]/[test-template:testnextIndex(minebayd1.User)]/[test-template-invocation:#65]
display-name: [65] Pierre a 41 annonces ouvertes, 5 annonces fermées et 2 achats 

]]></system-out>
</testcase>
<testcase name="testnextIndex(User)[66]" classname="minebayd1.test.TestUser" time="0">
<system-out><![CDATA[
unique-id: [engine:junit-jupiter]/[class:minebayd1.test.TestUser]/[test-template:testnextIndex(minebayd1.User)]/[test-template-invocation:#66]
display-name: [66] Rosa a 40 annonces ouvertes, 4 annonces fermées et 2 achats 

]]></system-out>
</testcase>
<testcase name="testnextIndex(User)[67]" classname="minebayd1.test.TestUser" time="0.001">
<system-out><![CDATA[
unique-id: [engine:junit-jupiter]/[class:minebayd1.test.TestUser]/[test-template:testnextIndex(minebayd1.User)]/[test-template-invocation:#67]
display-name: [67] Yanis a 61 annonces ouvertes, 4 annonces fermées et 3 achats 

]]></system-out>
</testcase>
<testcase name="testnextIndex(User)[68]" classname="minebayd1.test.TestUser" time="0.002">
<system-out><![CDATA[
unique-id: [engine:junit-jupiter]/[class:minebayd1.test.TestUser]/[test-template:testnextIndex(minebayd1.User)]/[test-template-invocation:#68]
display-name: [68] Mounir a 59 annonces ouvertes, 2 annonces fermées et 2 achats 

]]></system-out>
</testcase>
<testcase name="testnextIndex(User)[69]" classname="minebayd1.test.TestUser" time="0">
<system-out><![CDATA[
unique-id: [engine:junit-jupiter]/[class:minebayd1.test.TestUser]/[test-template:testnextIndex(minebayd1.User)]/[test-template-invocation:#69]
display-name: [69] Rosa a 40 annonces ouvertes, 4 annonces fermées et 2 achats 

]]></system-out>
</testcase>
<testcase name="testnextIndex(User)[70]" classname="minebayd1.test.TestUser" time="0.002">
<system-out><![CDATA[
unique-id: [engine:junit-jupiter]/[class:minebayd1.test.TestUser]/[test-template:testnextIndex(minebayd1.User)]/[test-template-invocation:#70]
display-name: [70] Idir a 58 annonces ouvertes, 5 annonces fermées et 4 achats 

]]></system-out>
</testcase>
<testcase name="testnextIndex(User)[71]" classname="minebayd1.test.TestUser" time="0">
<system-out><![CDATA[
unique-id: [engine:junit-jupiter]/[class:minebayd1.test.TestUser]/[test-template:testnextIndex(minebayd1.User)]/[test-template-invocation:#71]
display-name: [71] Yanis a 61 annonces ouvertes, 4 annonces fermées et 3 achats 

]]></system-out>
</testcase>
<testcase name="testnextIndex(User)[72]" classname="minebayd1.test.TestUser" time="0.001">
<system-out><![CDATA[
unique-id: [engine:junit-jupiter]/[class:minebayd1.test.TestUser]/[test-template:testnextIndex(minebayd1.User)]/[test-template-invocation:#72]
display-name: [72] Ismael a 59 annonces ouvertes, 1 annonces fermées et 3 achats 

]]></system-out>
</testcase>
<testcase name="testnextIndex(User)[73]" classname="minebayd1.test.TestUser" time="0">
<system-out><![CDATA[
unique-id: [engine:junit-jupiter]/[class:minebayd1.test.TestUser]/[test-template:testnextIndex(minebayd1.User)]/[test-template-invocation:#73]
display-name: [73] Sheraz a 49 annonces ouvertes, 3 annonces fermées et 6 achats 

]]></system-out>
</testcase>
<testcase name="testnextIndex(User)[74]" classname="minebayd1.test.TestUser" time="0">
<system-out><![CDATA[
unique-id: [engine:junit-jupiter]/[class:minebayd1.test.TestUser]/[test-template:testnextIndex(minebayd1.User)]/[test-template-invocation:#74]
display-name: [74] Rosa a 40 annonces ouvertes, 4 annonces fermées et 2 achats 

]]></system-out>
</testcase>
<testcase name="testnextIndex(User)[75]" classname="minebayd1.test.TestUser" time="0">
<system-out><![CDATA[
unique-id: [engine:junit-jupiter]/[class:minebayd1.test.TestUser]/[test-template:testnextIndex(minebayd1.User)]/[test-template-invocation:#75]
display-name: [75] Mohamed a 45 annonces ouvertes, 2 annonces fermées et 3 achats 

]]></system-out>
</testcase>
<testcase name="testnextIndex(User)[76]" classname="minebayd1.test.TestUser" time="0">
<system-out><![CDATA[
unique-id: [engine:junit-jupiter]/[class:minebayd1.test.TestUser]/[test-template:testnextIndex(minebayd1.User)]/[test-template-invocation:#76]
display-name: [76] Marc a 55 annonces ouvertes, 1 annonces fermées et 2 achats 

]]></system-out>
</testcase>
<testcase name="testnextIndex(User)[77]" classname="minebayd1.test.TestUser" time="0">
<system-out><![CDATA[
unique-id: [engine:junit-jupiter]/[class:minebayd1.test.TestUser]/[test-template:testnextIndex(minebayd1.User)]/[test-template-invocation:#77]
display-name: [77] Ayman a 53 annonces ouvertes, 4 annonces fermées et 4 achats 

]]></system-out>
</testcase>
<testcase name="testnextIndex(User)[78]" classname="minebayd1.test.TestUser" time="0.001">
<system-out><![CDATA[
unique-id: [engine:junit-jupiter]/[class:minebayd1.test.TestUser]/[test-template:testnextIndex(minebayd1.User)]/[test-template-invocation:#78]
display-name: [78] Naila a 60 annonces ouvertes, 3 annonces fermées et 4 achats 

]]></system-out>
</testcase>
<testcase name="testnextIndex(User)[79]" classname="minebayd1.test.TestUser" time="0.002">
<system-out><![CDATA[
unique-id: [engine:junit-jupiter]/[class:minebayd1.test.TestUser]/[test-template:testnextIndex(minebayd1.User)]/[test-template-invocation:#79]
display-name: [79] Ali a 57 annonces ouvertes, 6 annonces fermées et 3 achats 

]]></system-out>
</testcase>
<testcase name="testnextIndex(User)[80]" classname="minebayd1.test.TestUser" time="0.001">
<system-out><![CDATA[
unique-id: [engine:junit-jupiter]/[class:minebayd1.test.TestUser]/[test-template:testnextIndex(minebayd1.User)]/[test-template-invocation:#80]
display-name: [80] Zahra a 42 annonces ouvertes, 0 annonces fermées et 2 achats 

]]></system-out>
</testcase>
<testcase name="testnextIndex(User)[81]" classname="minebayd1.test.TestUser" time="0.002">
<system-out><![CDATA[
unique-id: [engine:junit-jupiter]/[class:minebayd1.test.TestUser]/[test-template:testnextIndex(minebayd1.User)]/[test-template-invocation:#81]
display-name: [81] Aliou a 50 annonces ouvertes, 3 annonces fermées et 2 achats 

]]></system-out>
</testcase>
<testcase name="testnextIndex(User)[82]" classname="minebayd1.test.TestUser" time="0.001">
<system-out><![CDATA[
unique-id: [engine:junit-jupiter]/[class:minebayd1.test.TestUser]/[test-template:testnextIndex(minebayd1.User)]/[test-template-invocation:#82]
display-name: [82] Lamia a 77 annonces ouvertes, 1 annonces fermées et 2 achats 

]]></system-out>
</testcase>
<testcase name="testnextIndex(User)[83]" classname="minebayd1.test.TestUser" time="0.001">
<system-out><![CDATA[
unique-id: [engine:junit-jupiter]/[class:minebayd1.test.TestUser]/[test-template:testnextIndex(minebayd1.User)]/[test-template-invocation:#83]
display-name: [83] Mounir a 59 annonces ouvertes, 2 annonces fermées et 2 achats 

]]></system-out>
</testcase>
<testcase name="testnextIndex(User)[84]" classname="minebayd1.test.TestUser" time="0.002">
<system-out><![CDATA[
unique-id: [engine:junit-jupiter]/[class:minebayd1.test.TestUser]/[test-template:testnextIndex(minebayd1.User)]/[test-template-invocation:#84]
display-name: [84] Boris a 63 annonces ouvertes, 2 annonces fermées et 3 achats 

]]></system-out>
</testcase>
<testcase name="testnextIndex(User)[85]" classname="minebayd1.test.TestUser" time="0.001">
<system-out><![CDATA[
unique-id: [engine:junit-jupiter]/[class:minebayd1.test.TestUser]/[test-template:testnextIndex(minebayd1.User)]/[test-template-invocation:#85]
display-name: [85] Yanis a 61 annonces ouvertes, 4 annonces fermées et 3 achats 

]]></system-out>
</testcase>
<testcase name="testnextIndex(User)[86]" classname="minebayd1.test.TestUser" time="0">
<system-out><![CDATA[
unique-id: [engine:junit-jupiter]/[class:minebayd1.test.TestUser]/[test-template:testnextIndex(minebayd1.User)]/[test-template-invocation:#86]
display-name: [86] Mohamed a 45 annonces ouvertes, 2 annonces fermées et 3 achats 

]]></system-out>
</testcase>
<testcase name="testnextIndex(User)[87]" classname="minebayd1.test.TestUser" time="0.001">
<system-out><![CDATA[
unique-id: [engine:junit-jupiter]/[class:minebayd1.test.TestUser]/[test-template:testnextIndex(minebayd1.User)]/[test-template-invocation:#87]
display-name: [87] Ziad a 48 annonces ouvertes, 4 annonces fermées et 2 achats 

]]></system-out>
</testcase>
<testcase name="testnextIndex(User)[88]" classname="minebayd1.test.TestUser" time="0.001">
<system-out><![CDATA[
unique-id: [engine:junit-jupiter]/[class:minebayd1.test.TestUser]/[test-template:testnextIndex(minebayd1.User)]/[test-template-invocation:#88]
display-name: [88] Ziad a 48 annonces ouvertes, 4 annonces fermées et 2 achats 

]]></system-out>
</testcase>
<testcase name="testnextIndex(User)[89]" classname="minebayd1.test.TestUser" time="0.002">
<system-out><![CDATA[
unique-id: [engine:junit-jupiter]/[class:minebayd1.test.TestUser]/[test-template:testnextIndex(minebayd1.User)]/[test-template-invocation:#89]
display-name: [89] Mamadou a 59 annonces ouvertes, 2 annonces fermées et 1 achats 

]]></system-out>
</testcase>
<testcase name="testnextIndex(User)[90]" classname="minebayd1.test.TestUser" time="0.003">
<system-out><![CDATA[
unique-id: [engine:junit-jupiter]/[class:minebayd1.test.TestUser]/[test-template:testnextIndex(minebayd1.User)]/[test-template-invocation:#90]
display-name: [90] Mamadou a 59 annonces ouvertes, 2 annonces fermées et 1 achats 

]]></system-out>
</testcase>
<testcase name="testnextIndex(User)[91]" classname="minebayd1.test.TestUser" time="0.002">
<system-out><![CDATA[
unique-id: [engine:junit-jupiter]/[class:minebayd1.test.TestUser]/[test-template:testnextIndex(minebayd1.User)]/[test-template-invocation:#91]
display-name: [91] Ali a 57 annonces ouvertes, 6 annonces fermées et 3 achats 

]]></system-out>
</testcase>
<testcase name="testnextIndex(User)[92]" classname="minebayd1.test.TestUser" time="0.001">
<system-out><![CDATA[
unique-id: [engine:junit-jupiter]/[class:minebayd1.test.TestUser]/[test-template:testnextIndex(minebayd1.User)]/[test-template-invocation:#92]
display-name: [92] Lyes a 65 annonces ouvertes, 1 annonces fermées et 3 achats 

]]></system-out>
</testcase>
<testcase name="testnextIndex(User)[93]" classname="minebayd1.test.TestUser" time="0.001">
<system-out><![CDATA[
unique-id: [engine:junit-jupiter]/[class:minebayd1.test.TestUser]/[test-template:testnextIndex(minebayd1.User)]/[test-template-invocation:#93]
display-name: [93] Aliou a 50 annonces ouvertes, 3 annonces fermées et 2 achats 

]]></system-out>
</testcase>
<testcase name="testnextIndex(User)[94]" classname="minebayd1.test.TestUser" time="0">
<system-out><![CDATA[
unique-id: [engine:junit-jupiter]/[class:minebayd1.test.TestUser]/[test-template:testnextIndex(minebayd1.User)]/[test-template-invocation:#94]
display-name: [94] Lisa a 45 annonces ouvertes, 4 annonces fermées et 3 achats 

]]></system-out>
</testcase>
<testcase name="testnextIndex(User)[95]" classname="minebayd1.test.TestUser" time="0">
<system-out><![CDATA[
unique-id: [engine:junit-jupiter]/[class:minebayd1.test.TestUser]/[test-template:testnextIndex(minebayd1.User)]/[test-template-invocation:#95]
display-name: [95] Mohamed a 45 annonces ouvertes, 2 annonces fermées et 3 achats 

]]></system-out>
</testcase>
<testcase name="testnextIndex(User)[96]" classname="minebayd1.test.TestUser" time="0.001">
<system-out><![CDATA[
unique-id: [engine:junit-jupiter]/[class:minebayd1.test.TestUser]/[test-template:testnextIndex(minebayd1.User)]/[test-template-invocation:#96]
display-name: [96] Lyes a 65 annonces ouvertes, 1 annonces fermées et 3 achats 

]]></system-out>
</testcase>
<testcase name="testnextIndex(User)[97]" classname="minebayd1.test.TestUser" time="0.001">
<system-out><![CDATA[
unique-id: [engine:junit-jupiter]/[class:minebayd1.test.TestUser]/[test-template:testnextIndex(minebayd1.User)]/[test-template-invocation:#97]
display-name: [97] Pierre a 41 annonces ouvertes, 5 annonces fermées et 2 achats 

]]></system-out>
</testcase>
<testcase name="testnextIndex(User)[98]" classname="minebayd1.test.TestUser" time="0">
<system-out><![CDATA[
unique-id: [engine:junit-jupiter]/[class:minebayd1.test.TestUser]/[test-template:testnextIndex(minebayd1.User)]/[test-template-invocation:#98]
display-name: [98] Lisa a 45 annonces ouvertes, 4 annonces fermées et 3 achats 

]]></system-out>
</testcase>
<testcase name="testnextIndex(User)[99]" classname="minebayd1.test.TestUser" time="0">
<system-out><![CDATA[
unique-id: [engine:junit-jupiter]/[class:minebayd1.test.TestUser]/[test-template:testnextIndex(minebayd1.User)]/[test-template-invocation:#99]
display-name: [99] Marc a 55 annonces ouvertes, 1 annonces fermées et 2 achats 

]]></system-out>
</testcase>
<testcase name="testnextIndex(User)[100]" classname="minebayd1.test.TestUser" time="0.001">
<system-out><![CDATA[
unique-id: [engine:junit-jupiter]/[class:minebayd1.test.TestUser]/[test-template:testnextIndex(minebayd1.User)]/[test-template-invocation:#100]
display-name: [100] Ismael a 59 annonces ouvertes, 1 annonces fermées et 3 achats 

]]></system-out>
</testcase>
<testcase name="testgetRegistrationDate(User)[1]" classname="minebayd1.test.TestUser" time="0.001">
<system-out><![CDATA[
unique-id: [engine:junit-jupiter]/[class:minebayd1.test.TestUser]/[test-template:testgetRegistrationDate(minebayd1.User)]/[test-template-invocation:#1]
display-name: [1] Idir a 58 annonces ouvertes, 5 annonces fermées et 4 achats 

]]></system-out>
</testcase>
<testcase name="testgetRegistrationDate(User)[2]" classname="minebayd1.test.TestUser" time="0.001">
<system-out><![CDATA[
unique-id: [engine:junit-jupiter]/[class:minebayd1.test.TestUser]/[test-template:testgetRegistrationDate(minebayd1.User)]/[test-template-invocation:#2]
display-name: [2] Adam a 49 annonces ouvertes, 3 annonces fermées et 3 achats 

]]></system-out>
</testcase>
<testcase name="testgetRegistrationDate(User)[3]" classname="minebayd1.test.TestUser" time="0">
<system-out><![CDATA[
unique-id: [engine:junit-jupiter]/[class:minebayd1.test.TestUser]/[test-template:testgetRegistrationDate(minebayd1.User)]/[test-template-invocation:#3]
display-name: [3] Lisa a 45 annonces ouvertes, 4 annonces fermées et 3 achats 

]]></system-out>
</testcase>
<testcase name="testgetRegistrationDate(User)[4]" classname="minebayd1.test.TestUser" time="0.001">
<system-out><![CDATA[
unique-id: [engine:junit-jupiter]/[class:minebayd1.test.TestUser]/[test-template:testgetRegistrationDate(minebayd1.User)]/[test-template-invocation:#4]
display-name: [4] Lamia a 77 annonces ouvertes, 1 annonces fermées et 2 achats 

]]></system-out>
</testcase>
<testcase name="testgetRegistrationDate(User)[5]" classname="minebayd1.test.TestUser" time="0.001">
<system-out><![CDATA[
unique-id: [engine:junit-jupiter]/[class:minebayd1.test.TestUser]/[test-template:testgetRegistrationDate(minebayd1.User)]/[test-template-invocation:#5]
display-name: [5] Lyes a 65 annonces ouvertes, 1 annonces fermées et 3 achats 

]]></system-out>
</testcase>
<testcase name="testgetRegistrationDate(User)[6]" classname="minebayd1.test.TestUser" time="0">
<system-out><![CDATA[
unique-id: [engine:junit-jupiter]/[class:minebayd1.test.TestUser]/[test-template:testgetRegistrationDate(minebayd1.User)]/[test-template-invocation:#6]
display-name: [6] Lisa a 45 annonces ouvertes, 4 annonces fermées et 3 achats 

]]></system-out>
</testcase>
<testcase name="testgetRegistrationDate(User)[7]" classname="minebayd1.test.TestUser" time="0.002">
<system-out><![CDATA[
unique-id: [engine:junit-jupiter]/[class:minebayd1.test.TestUser]/[test-template:testgetRegistrationDate(minebayd1.User)]/[test-template-invocation:#7]
display-name: [7] Lamia a 77 annonces ouvertes, 1 annonces fermées et 2 achats 

]]></system-out>
</testcase>
<testcase name="testgetRegistrationDate(User)[8]" classname="minebayd1.test.TestUser" time="0.001">
<system-out><![CDATA[
unique-id: [engine:junit-jupiter]/[class:minebayd1.test.TestUser]/[test-template:testgetRegistrationDate(minebayd1.User)]/[test-template-invocation:#8]
display-name: [8] Yanis a 61 annonces ouvertes, 4 annonces fermées et 3 achats 

]]></system-out>
</testcase>
<testcase name="testgetRegistrationDate(User)[9]" classname="minebayd1.test.TestUser" time="0">
<system-out><![CDATA[
unique-id: [engine:junit-jupiter]/[class:minebayd1.test.TestUser]/[test-template:testgetRegistrationDate(minebayd1.User)]/[test-template-invocation:#9]
display-name: [9] Imam a 45 annonces ouvertes, 5 annonces fermées et 3 achats 

]]></system-out>
</testcase>
<testcase name="testgetRegistrationDate(User)[10]" classname="minebayd1.test.TestUser" time="0">
<system-out><![CDATA[
unique-id: [engine:junit-jupiter]/[class:minebayd1.test.TestUser]/[test-template:testgetRegistrationDate(minebayd1.User)]/[test-template-invocation:#10]
display-name: [10] Aliou a 50 annonces ouvertes, 3 annonces fermées et 2 achats 

]]></system-out>
</testcase>
<testcase name="testgetRegistrationDate(User)[11]" classname="minebayd1.test.TestUser" time="0">
<system-out><![CDATA[
unique-id: [engine:junit-jupiter]/[class:minebayd1.test.TestUser]/[test-template:testgetRegistrationDate(minebayd1.User)]/[test-template-invocation:#11]
display-name: [11] Sheraz a 49 annonces ouvertes, 3 annonces fermées et 6 achats 

]]></system-out>
</testcase>
<testcase name="testgetRegistrationDate(User)[12]" classname="minebayd1.test.TestUser" time="0">
<system-out><![CDATA[
unique-id: [engine:junit-jupiter]/[class:minebayd1.test.TestUser]/[test-template:testgetRegistrationDate(minebayd1.User)]/[test-template-invocation:#12]
display-name: [12] Zahra a 42 annonces ouvertes, 0 annonces fermées et 2 achats 

]]></system-out>
</testcase>
<testcase name="testgetRegistrationDate(User)[13]" classname="minebayd1.test.TestUser" time="0">
<system-out><![CDATA[
unique-id: [engine:junit-jupiter]/[class:minebayd1.test.TestUser]/[test-template:testgetRegistrationDate(minebayd1.User)]/[test-template-invocation:#13]
display-name: [13] Aliou a 50 annonces ouvertes, 3 annonces fermées et 2 achats 

]]></system-out>
</testcase>
<testcase name="testgetRegistrationDate(User)[14]" classname="minebayd1.test.TestUser" time="0">
<system-out><![CDATA[
unique-id: [engine:junit-jupiter]/[class:minebayd1.test.TestUser]/[test-template:testgetRegistrationDate(minebayd1.User)]/[test-template-invocation:#14]
display-name: [14] Lyes a 65 annonces ouvertes, 1 annonces fermées et 3 achats 

]]></system-out>
</testcase>
<testcase name="testgetRegistrationDate(User)[15]" classname="minebayd1.test.TestUser" time="0.001">
<system-out><![CDATA[
unique-id: [engine:junit-jupiter]/[class:minebayd1.test.TestUser]/[test-template:testgetRegistrationDate(minebayd1.User)]/[test-template-invocation:#15]
display-name: [15] Lamia a 77 annonces ouvertes, 1 annonces fermées et 2 achats 

]]></system-out>
</testcase>
<testcase name="testgetRegistrationDate(User)[16]" classname="minebayd1.test.TestUser" time="0">
<system-out><![CDATA[
unique-id: [engine:junit-jupiter]/[class:minebayd1.test.TestUser]/[test-template:testgetRegistrationDate(minebayd1.User)]/[test-template-invocation:#16]
display-name: [16] Ziad a 48 annonces ouvertes, 4 annonces fermées et 2 achats 

]]></system-out>
</testcase>
<testcase name="testgetRegistrationDate(User)[17]" classname="minebayd1.test.TestUser" time="0">
<system-out><![CDATA[
unique-id: [engine:junit-jupiter]/[class:minebayd1.test.TestUser]/[test-template:testgetRegistrationDate(minebayd1.User)]/[test-template-invocation:#17]
display-name: [17] Zahra a 42 annonces ouvertes, 0 annonces fermées et 2 achats 

]]></system-out>
</testcase>
<testcase name="testgetRegistrationDate(User)[18]" classname="minebayd1.test.TestUser" time="0">
<system-out><![CDATA[
unique-id: [engine:junit-jupiter]/[class:minebayd1.test.TestUser]/[test-template:testgetRegistrationDate(minebayd1.User)]/[test-template-invocation:#18]
display-name: [18] Mohamed a 45 annonces ouvertes, 2 annonces fermées et 3 achats 

]]></system-out>
</testcase>
<testcase name="testgetRegistrationDate(User)[19]" classname="minebayd1.test.TestUser" time="0">
<system-out><![CDATA[
unique-id: [engine:junit-jupiter]/[class:minebayd1.test.TestUser]/[test-template:testgetRegistrationDate(minebayd1.User)]/[test-template-invocation:#19]
display-name: [19] Yanis a 61 annonces ouvertes, 4 annonces fermées et 3 achats 

]]></system-out>
</testcase>
<testcase name="testgetRegistrationDate(User)[20]" classname="minebayd1.test.TestUser" time="0">
<system-out><![CDATA[
unique-id: [engine:junit-jupiter]/[class:minebayd1.test.TestUser]/[test-template:testgetRegistrationDate(minebayd1.User)]/[test-template-invocation:#20]
display-name: [20] Yanis a 61 annonces ouvertes, 4 annonces fermées et 3 achats 

]]></system-out>
</testcase>
<testcase name="testgetRegistrationDate(User)[21]" classname="minebayd1.test.TestUser" time="0">
<system-out><![CDATA[
unique-id: [engine:junit-jupiter]/[class:minebayd1.test.TestUser]/[test-template:testgetRegistrationDate(minebayd1.User)]/[test-template-invocation:#21]
display-name: [21] Aliou a 50 annonces ouvertes, 3 annonces fermées et 2 achats 

]]></system-out>
</testcase>
<testcase name="testgetRegistrationDate(User)[22]" classname="minebayd1.test.TestUser" time="0">
<system-out><![CDATA[
unique-id: [engine:junit-jupiter]/[class:minebayd1.test.TestUser]/[test-template:testgetRegistrationDate(minebayd1.User)]/[test-template-invocation:#22]
display-name: [22] Sheraz a 49 annonces ouvertes, 3 annonces fermées et 6 achats 

]]></system-out>
</testcase>
<testcase name="testgetRegistrationDate(User)[23]" classname="minebayd1.test.TestUser" time="0">
<system-out><![CDATA[
unique-id: [engine:junit-jupiter]/[class:minebayd1.test.TestUser]/[test-template:testgetRegistrationDate(minebayd1.User)]/[test-template-invocation:#23]
display-name: [23] Faycal a 51 annonces ouvertes, 3 annonces fermées et 4 achats 

]]></system-out>
</testcase>
<testcase name="testgetRegistrationDate(User)[24]" classname="minebayd1.test.TestUser" time="0">
<system-out><![CDATA[
unique-id: [engine:junit-jupiter]/[class:minebayd1.test.TestUser]/[test-template:testgetRegistrationDate(minebayd1.User)]/[test-template-invocation:#24]
display-name: [24] Mamadou a 59 annonces ouvertes, 2 annonces fermées et 1 achats 

]]></system-out>
</testcase>
<testcase name="testgetRegistrationDate(User)[25]" classname="minebayd1.test.TestUser" time="0.001">
<system-out><![CDATA[
unique-id: [engine:junit-jupiter]/[class:minebayd1.test.TestUser]/[test-template:testgetRegistrationDate(minebayd1.User)]/[test-template-invocation:#25]
display-name: [25] Sheraz a 49 annonces ouvertes, 3 annonces fermées et 6 achats 

]]></system-out>
</testcase>
<testcase name="testgetRegistrationDate(User)[26]" classname="minebayd1.test.TestUser" time="0">
<system-out><![CDATA[
unique-id: [engine:junit-jupiter]/[class:minebayd1.test.TestUser]/[test-template:testgetRegistrationDate(minebayd1.User)]/[test-template-invocation:#26]
display-name: [26] Mohamed a 45 annonces ouvertes, 2 annonces fermées et 3 achats 

]]></system-out>
</testcase>
<testcase name="testgetRegistrationDate(User)[27]" classname="minebayd1.test.TestUser" time="0.001">
<system-out><![CDATA[
unique-id: [engine:junit-jupiter]/[class:minebayd1.test.TestUser]/[test-template:testgetRegistrationDate(minebayd1.User)]/[test-template-invocation:#27]
display-name: [27] Lamia a 77 annonces ouvertes, 1 annonces fermées et 2 achats 

]]></system-out>
</testcase>
<testcase name="testgetRegistrationDate(User)[28]" classname="minebayd1.test.TestUser" time="0.002">
<system-out><![CDATA[
unique-id: [engine:junit-jupiter]/[class:minebayd1.test.TestUser]/[test-template:testgetRegistrationDate(minebayd1.User)]/[test-template-invocation:#28]
display-name: [28] Ismael a 59 annonces ouvertes, 1 annonces fermées et 3 achats 

]]></system-out>
</testcase>
<testcase name="testgetRegistrationDate(User)[29]" classname="minebayd1.test.TestUser" time="0.001">
<system-out><![CDATA[
unique-id: [engine:junit-jupiter]/[class:minebayd1.test.TestUser]/[test-template:testgetRegistrationDate(minebayd1.User)]/[test-template-invocation:#29]
display-name: [29] Pierre a 41 annonces ouvertes, 5 annonces fermées et 2 achats 

]]></system-out>
</testcase>
<testcase name="testgetRegistrationDate(User)[30]" classname="minebayd1.test.TestUser" time="0">
<system-out><![CDATA[
unique-id: [engine:junit-jupiter]/[class:minebayd1.test.TestUser]/[test-template:testgetRegistrationDate(minebayd1.User)]/[test-template-invocation:#30]
display-name: [30] Sonia a 47 annonces ouvertes, 2 annonces fermées et 2 achats 

]]></system-out>
</testcase>
<testcase name="testgetRegistrationDate(User)[31]" classname="minebayd1.test.TestUser" time="0.001">
<system-out><![CDATA[
unique-id: [engine:junit-jupiter]/[class:minebayd1.test.TestUser]/[test-template:testgetRegistrationDate(minebayd1.User)]/[test-template-invocation:#31]
display-name: [31] Yanis a 61 annonces ouvertes, 4 annonces fermées et 3 achats 

]]></system-out>
</testcase>
<testcase name="testgetRegistrationDate(User)[32]" classname="minebayd1.test.TestUser" time="0.001">
<system-out><![CDATA[
unique-id: [engine:junit-jupiter]/[class:minebayd1.test.TestUser]/[test-template:testgetRegistrationDate(minebayd1.User)]/[test-template-invocation:#32]
display-name: [32] Ayman a 53 annonces ouvertes, 4 annonces fermées et 4 achats 

]]></system-out>
</testcase>
<testcase name="testgetRegistrationDate(User)[33]" classname="minebayd1.test.TestUser" time="0.001">
<system-out><![CDATA[
unique-id: [engine:junit-jupiter]/[class:minebayd1.test.TestUser]/[test-template:testgetRegistrationDate(minebayd1.User)]/[test-template-invocation:#33]
display-name: [33] Sheraz a 49 annonces ouvertes, 3 annonces fermées et 6 achats 

]]></system-out>
</testcase>
<testcase name="testgetRegistrationDate(User)[34]" classname="minebayd1.test.TestUser" time="0.001">
<system-out><![CDATA[
unique-id: [engine:junit-jupiter]/[class:minebayd1.test.TestUser]/[test-template:testgetRegistrationDate(minebayd1.User)]/[test-template-invocation:#34]
display-name: [34] Issa a 70 annonces ouvertes, 3 annonces fermées et 3 achats 

]]></system-out>
</testcase>
<testcase name="testgetRegistrationDate(User)[35]" classname="minebayd1.test.TestUser" time="0">
<system-out><![CDATA[
unique-id: [engine:junit-jupiter]/[class:minebayd1.test.TestUser]/[test-template:testgetRegistrationDate(minebayd1.User)]/[test-template-invocation:#35]
display-name: [35] Sonia a 47 annonces ouvertes, 2 annonces fermées et 2 achats 

]]></system-out>
</testcase>
<testcase name="testgetRegistrationDate(User)[36]" classname="minebayd1.test.TestUser" time="0.001">
<system-out><![CDATA[
unique-id: [engine:junit-jupiter]/[class:minebayd1.test.TestUser]/[test-template:testgetRegistrationDate(minebayd1.User)]/[test-template-invocation:#36]
display-name: [36] Ali a 57 annonces ouvertes, 6 annonces fermées et 3 achats 

]]></system-out>
</testcase>
<testcase name="testgetRegistrationDate(User)[37]" classname="minebayd1.test.TestUser" time="0">
<system-out><![CDATA[
unique-id: [engine:junit-jupiter]/[class:minebayd1.test.TestUser]/[test-template:testgetRegistrationDate(minebayd1.User)]/[test-template-invocation:#37]
display-name: [37] Sonia a 47 annonces ouvertes, 2 annonces fermées et 2 achats 

]]></system-out>
</testcase>
<testcase name="testgetRegistrationDate(User)[38]" classname="minebayd1.test.TestUser" time="0.001">
<system-out><![CDATA[
unique-id: [engine:junit-jupiter]/[class:minebayd1.test.TestUser]/[test-template:testgetRegistrationDate(minebayd1.User)]/[test-template-invocation:#38]
display-name: [38] Sheraz a 49 annonces ouvertes, 3 annonces fermées et 6 achats 

]]></system-out>
</testcase>
<testcase name="testgetRegistrationDate(User)[39]" classname="minebayd1.test.TestUser" time="0.001">
<system-out><![CDATA[
unique-id: [engine:junit-jupiter]/[class:minebayd1.test.TestUser]/[test-template:testgetRegistrationDate(minebayd1.User)]/[test-template-invocation:#39]
display-name: [39] Idir a 58 annonces ouvertes, 5 annonces fermées et 4 achats 

]]></system-out>
</testcase>
<testcase name="testgetRegistrationDate(User)[40]" classname="minebayd1.test.TestUser" time="0.001">
<system-out><![CDATA[
unique-id: [engine:junit-jupiter]/[class:minebayd1.test.TestUser]/[test-template:testgetRegistrationDate(minebayd1.User)]/[test-template-invocation:#40]
display-name: [40] Ayman a 53 annonces ouvertes, 4 annonces fermées et 4 achats 

]]></system-out>
</testcase>
<testcase name="testgetRegistrationDate(User)[41]" classname="minebayd1.test.TestUser" time="0.001">
<system-out><![CDATA[
unique-id: [engine:junit-jupiter]/[class:minebayd1.test.TestUser]/[test-template:testgetRegistrationDate(minebayd1.User)]/[test-template-invocation:#41]
display-name: [41] Mounir a 59 annonces ouvertes, 2 annonces fermées et 2 achats 

]]></system-out>
</testcase>
<testcase name="testgetRegistrationDate(User)[42]" classname="minebayd1.test.TestUser" time="0">
<system-out><![CDATA[
unique-id: [engine:junit-jupiter]/[class:minebayd1.test.TestUser]/[test-template:testgetRegistrationDate(minebayd1.User)]/[test-template-invocation:#42]
display-name: [42] Ayman a 53 annonces ouvertes, 4 annonces fermées et 4 achats 

]]></system-out>
</testcase>
<testcase name="testgetRegistrationDate(User)[43]" classname="minebayd1.test.TestUser" time="0">
<system-out><![CDATA[
unique-id: [engine:junit-jupiter]/[class:minebayd1.test.TestUser]/[test-template:testgetRegistrationDate(minebayd1.User)]/[test-template-invocation:#43]
display-name: [43] Lamia a 77 annonces ouvertes, 1 annonces fermées et 2 achats 

]]></system-out>
</testcase>
<testcase name="testgetRegistrationDate(User)[44]" classname="minebayd1.test.TestUser" time="0">
<system-out><![CDATA[
unique-id: [engine:junit-jupiter]/[class:minebayd1.test.TestUser]/[test-template:testgetRegistrationDate(minebayd1.User)]/[test-template-invocation:#44]
display-name: [44] Ismael a 59 annonces ouvertes, 1 annonces fermées et 3 achats 

]]></system-out>
</testcase>
<testcase name="testgetRegistrationDate(User)[45]" classname="minebayd1.test.TestUser" time="0">
<system-out><![CDATA[
unique-id: [engine:junit-jupiter]/[class:minebayd1.test.TestUser]/[test-template:testgetRegistrationDate(minebayd1.User)]/[test-template-invocation:#45]
display-name: [45] Marc a 55 annonces ouvertes, 1 annonces fermées et 2 achats 

]]></system-out>
</testcase>
<testcase name="testgetRegistrationDate(User)[46]" classname="minebayd1.test.TestUser" time="0">
<system-out><![CDATA[
unique-id: [engine:junit-jupiter]/[class:minebayd1.test.TestUser]/[test-template:testgetRegistrationDate(minebayd1.User)]/[test-template-invocation:#46]
display-name: [46] Rosa a 40 annonces ouvertes, 4 annonces fermées et 2 achats 

]]></system-out>
</testcase>
<testcase name="testgetRegistrationDate(User)[47]" classname="minebayd1.test.TestUser" time="0">
<system-out><![CDATA[
unique-id: [engine:junit-jupiter]/[class:minebayd1.test.TestUser]/[test-template:testgetRegistrationDate(minebayd1.User)]/[test-template-invocation:#47]
display-name: [47] Aliou a 50 annonces ouvertes, 3 annonces fermées et 2 achats 

]]></system-out>
</testcase>
<testcase name="testgetRegistrationDate(User)[48]" classname="minebayd1.test.TestUser" time="0">
<system-out><![CDATA[
unique-id: [engine:junit-jupiter]/[class:minebayd1.test.TestUser]/[test-template:testgetRegistrationDate(minebayd1.User)]/[test-template-invocation:#48]
display-name: [48] Mohamed a 45 annonces ouvertes, 2 annonces fermées et 3 achats 

]]></system-out>
</testcase>
<testcase name="testgetRegistrationDate(User)[49]" classname="minebayd1.test.TestUser" time="0">
<system-out><![CDATA[
unique-id: [engine:junit-jupiter]/[class:minebayd1.test.TestUser]/[test-template:testgetRegistrationDate(minebayd1.User)]/[test-template-invocation:#49]
display-name: [49] Sheraz a 49 annonces ouvertes, 3 annonces fermées et 6 achats 

]]></system-out>
</testcase>
<testcase name="testgetRegistrationDate(User)[50]" classname="minebayd1.test.TestUser" time="0">
<system-out><![CDATA[
unique-id: [engine:junit-jupiter]/[class:minebayd1.test.TestUser]/[test-template:testgetRegistrationDate(minebayd1.User)]/[test-template-invocation:#50]
display-name: [50] Adam a 49 annonces ouvertes, 3 annonces fermées et 3 achats 

]]></system-out>
</testcase>
<testcase name="testgetRegistrationDate(User)[51]" classname="minebayd1.test.TestUser" time="0">
<system-out><![CDATA[
unique-id: [engine:junit-jupiter]/[class:minebayd1.test.TestUser]/[test-template:testgetRegistrationDate(minebayd1.User)]/[test-template-invocation:#51]
display-name: [51] Imam a 45 annonces ouvertes, 5 annonces fermées et 3 achats 

]]></system-out>
</testcase>
<testcase name="testgetRegistrationDate(User)[52]" classname="minebayd1.test.TestUser" time="0.001">
<system-out><![CDATA[
unique-id: [engine:junit-jupiter]/[class:minebayd1.test.TestUser]/[test-template:testgetRegistrationDate(minebayd1.User)]/[test-template-invocation:#52]
display-name: [52] Mamadou a 59 annonces ouvertes, 2 annonces fermées et 1 achats 

]]></system-out>
</testcase>
<testcase name="testgetRegistrationDate(User)[53]" classname="minebayd1.test.TestUser" time="0">
<system-out><![CDATA[
unique-id: [engine:junit-jupiter]/[class:minebayd1.test.TestUser]/[test-template:testgetRegistrationDate(minebayd1.User)]/[test-template-invocation:#53]
display-name: [53] Lyes a 65 annonces ouvertes, 1 annonces fermées et 3 achats 

]]></system-out>
</testcase>
<testcase name="testgetRegistrationDate(User)[54]" classname="minebayd1.test.TestUser" time="0">
<system-out><![CDATA[
unique-id: [engine:junit-jupiter]/[class:minebayd1.test.TestUser]/[test-template:testgetRegistrationDate(minebayd1.User)]/[test-template-invocation:#54]
display-name: [54] Yanis a 61 annonces ouvertes, 4 annonces fermées et 3 achats 

]]></system-out>
</testcase>
<testcase name="testgetRegistrationDate(User)[55]" classname="minebayd1.test.TestUser" time="0.001">
<system-out><![CDATA[
unique-id: [engine:junit-jupiter]/[class:minebayd1.test.TestUser]/[test-template:testgetRegistrationDate(minebayd1.User)]/[test-template-invocation:#55]
display-name: [55] Marcel a 63 annonces ouvertes, 4 annonces fermées et 4 achats 

]]></system-out>
</testcase>
<testcase name="testgetRegistrationDate(User)[56]" classname="minebayd1.test.TestUser" time="0.001">
<system-out><![CDATA[
unique-id: [engine:junit-jupiter]/[class:minebayd1.test.TestUser]/[test-template:testgetRegistrationDate(minebayd1.User)]/[test-template-invocation:#56]
display-name: [56] Ismael a 59 annonces ouvertes, 1 annonces fermées et 3 achats 

]]></system-out>
</testcase>
<testcase name="testgetRegistrationDate(User)[57]" classname="minebayd1.test.TestUser" time="0">
<system-out><![CDATA[
unique-id: [engine:junit-jupiter]/[class:minebayd1.test.TestUser]/[test-template:testgetRegistrationDate(minebayd1.User)]/[test-template-invocation:#57]
display-name: [57] Nima a 50 annonces ouvertes, 1 annonces fermées et 4 achats 

]]></system-out>
</testcase>
<testcase name="testgetRegistrationDate(User)[58]" classname="minebayd1.test.TestUser" time="0">
<system-out><![CDATA[
unique-id: [engine:junit-jupiter]/[class:minebayd1.test.TestUser]/[test-template:testgetRegistrationDate(minebayd1.User)]/[test-template-invocation:#58]
display-name: [58] Lyes a 65 annonces ouvertes, 1 annonces fermées et 3 achats 

]]></system-out>
</testcase>
<testcase name="testgetRegistrationDate(User)[59]" classname="minebayd1.test.TestUser" time="0">
<system-out><![CDATA[
unique-id: [engine:junit-jupiter]/[class:minebayd1.test.TestUser]/[test-template:testgetRegistrationDate(minebayd1.User)]/[test-template-invocation:#59]
display-name: [59] Zahra a 42 annonces ouvertes, 0 annonces fermées et 2 achats 

]]></system-out>
</testcase>
<testcase name="testgetRegistrationDate(User)[60]" classname="minebayd1.test.TestUser" time="0">
<system-out><![CDATA[
unique-id: [engine:junit-jupiter]/[class:minebayd1.test.TestUser]/[test-template:testgetRegistrationDate(minebayd1.User)]/[test-template-invocation:#60]
display-name: [60] Marc a 55 annonces ouvertes, 1 annonces fermées et 2 achats 

]]></system-out>
</testcase>
<testcase name="testgetRegistrationDate(User)[61]" classname="minebayd1.test.TestUser" time="0">
<system-out><![CDATA[
unique-id: [engine:junit-jupiter]/[class:minebayd1.test.TestUser]/[test-template:testgetRegistrationDate(minebayd1.User)]/[test-template-invocation:#61]
display-name: [61] Ali a 57 annonces ouvertes, 6 annonces fermées et 3 achats 

]]></system-out>
</testcase>
<testcase name="testgetRegistrationDate(User)[62]" classname="minebayd1.test.TestUser" time="0">
<system-out><![CDATA[
unique-id: [engine:junit-jupiter]/[class:minebayd1.test.TestUser]/[test-template:testgetRegistrationDate(minebayd1.User)]/[test-template-invocation:#62]
display-name: [62] Faycal a 51 annonces ouvertes, 3 annonces fermées et 4 achats 

]]></system-out>
</testcase>
<testcase name="testgetRegistrationDate(User)[63]" classname="minebayd1.test.TestUser" time="0">
<system-out><![CDATA[
unique-id: [engine:junit-jupiter]/[class:minebayd1.test.TestUser]/[test-template:testgetRegistrationDate(minebayd1.User)]/[test-template-invocation:#63]
display-name: [63] Chanez a 57 annonces ouvertes, 2 annonces fermées et 1 achats 

]]></system-out>
</testcase>
<testcase name="testgetRegistrationDate(User)[64]" classname="minebayd1.test.TestUser" time="0">
<system-out><![CDATA[
unique-id: [engine:junit-jupiter]/[class:minebayd1.test.TestUser]/[test-template:testgetRegistrationDate(minebayd1.User)]/[test-template-invocation:#64]
display-name: [64] Ziad a 48 annonces ouvertes, 4 annonces fermées et 2 achats 

]]></system-out>
</testcase>
<testcase name="testgetRegistrationDate(User)[65]" classname="minebayd1.test.TestUser" time="0.001">
<system-out><![CDATA[
unique-id: [engine:junit-jupiter]/[class:minebayd1.test.TestUser]/[test-template:testgetRegistrationDate(minebayd1.User)]/[test-template-invocation:#65]
display-name: [65] Mamadou a 59 annonces ouvertes, 2 annonces fermées et 1 achats 

]]></system-out>
</testcase>
<testcase name="testgetRegistrationDate(User)[66]" classname="minebayd1.test.TestUser" time="0.001">
<system-out><![CDATA[
unique-id: [engine:junit-jupiter]/[class:minebayd1.test.TestUser]/[test-template:testgetRegistrationDate(minebayd1.User)]/[test-template-invocation:#66]
display-name: [66] Marcel a 63 annonces ouvertes, 4 annonces fermées et 4 achats 

]]></system-out>
</testcase>
<testcase name="testgetRegistrationDate(User)[67]" classname="minebayd1.test.TestUser" time="0">
<system-out><![CDATA[
unique-id: [engine:junit-jupiter]/[class:minebayd1.test.TestUser]/[test-template:testgetRegistrationDate(minebayd1.User)]/[test-template-invocation:#67]
display-name: [67] Rosa a 40 annonces ouvertes, 4 annonces fermées et 2 achats 

]]></system-out>
</testcase>
<testcase name="testgetRegistrationDate(User)[68]" classname="minebayd1.test.TestUser" time="0">
<system-out><![CDATA[
unique-id: [engine:junit-jupiter]/[class:minebayd1.test.TestUser]/[test-template:testgetRegistrationDate(minebayd1.User)]/[test-template-invocation:#68]
display-name: [68] Sonia a 47 annonces ouvertes, 2 annonces fermées et 2 achats 

]]></system-out>
</testcase>
<testcase name="testgetRegistrationDate(User)[69]" classname="minebayd1.test.TestUser" time="0">
<system-out><![CDATA[
unique-id: [engine:junit-jupiter]/[class:minebayd1.test.TestUser]/[test-template:testgetRegistrationDate(minebayd1.User)]/[test-template-invocation:#69]
display-name: [69] Issa a 70 annonces ouvertes, 3 annonces fermées et 3 achats 

]]></system-out>
</testcase>
<testcase name="testgetRegistrationDate(User)[70]" classname="minebayd1.test.TestUser" time="0">
<system-out><![CDATA[
unique-id: [engine:junit-jupiter]/[class:minebayd1.test.TestUser]/[test-template:testgetRegistrationDate(minebayd1.User)]/[test-template-invocation:#70]
display-name: [70] Aliou a 50 annonces ouvertes, 3 annonces fermées et 2 achats 

]]></system-out>
</testcase>
<testcase name="testgetRegistrationDate(User)[71]" classname="minebayd1.test.TestUser" time="0">
<system-out><![CDATA[
unique-id: [engine:junit-jupiter]/[class:minebayd1.test.TestUser]/[test-template:testgetRegistrationDate(minebayd1.User)]/[test-template-invocation:#71]
display-name: [71] Chanez a 57 annonces ouvertes, 2 annonces fermées et 1 achats 

]]></system-out>
</testcase>
<testcase name="testgetRegistrationDate(User)[72]" classname="minebayd1.test.TestUser" time="0">
<system-out><![CDATA[
unique-id: [engine:junit-jupiter]/[class:minebayd1.test.TestUser]/[test-template:testgetRegistrationDate(minebayd1.User)]/[test-template-invocation:#72]
display-name: [72] Imam a 45 annonces ouvertes, 5 annonces fermées et 3 achats 

]]></system-out>
</testcase>
<testcase name="testgetRegistrationDate(User)[73]" classname="minebayd1.test.TestUser" time="0">
<system-out><![CDATA[
unique-id: [engine:junit-jupiter]/[class:minebayd1.test.TestUser]/[test-template:testgetRegistrationDate(minebayd1.User)]/[test-template-invocation:#73]
display-name: [73] Ayman a 53 annonces ouvertes, 4 annonces fermées et 4 achats 

]]></system-out>
</testcase>
<testcase name="testgetRegistrationDate(User)[74]" classname="minebayd1.test.TestUser" time="0.001">
<system-out><![CDATA[
unique-id: [engine:junit-jupiter]/[class:minebayd1.test.TestUser]/[test-template:testgetRegistrationDate(minebayd1.User)]/[test-template-invocation:#74]
display-name: [74] Ayman a 53 annonces ouvertes, 4 annonces fermées et 4 achats 

]]></system-out>
</testcase>
<testcase name="testgetRegistrationDate(User)[75]" classname="minebayd1.test.TestUser" time="0.001">
<system-out><![CDATA[
unique-id: [engine:junit-jupiter]/[class:minebayd1.test.TestUser]/[test-template:testgetRegistrationDate(minebayd1.User)]/[test-template-invocation:#75]
display-name: [75] Mamadou a 59 annonces ouvertes, 2 annonces fermées et 1 achats 

]]></system-out>
</testcase>
<testcase name="testgetRegistrationDate(User)[76]" classname="minebayd1.test.TestUser" time="0">
<system-out><![CDATA[
unique-id: [engine:junit-jupiter]/[class:minebayd1.test.TestUser]/[test-template:testgetRegistrationDate(minebayd1.User)]/[test-template-invocation:#76]
display-name: [76] Pierre a 41 annonces ouvertes, 5 annonces fermées et 2 achats 

]]></system-out>
</testcase>
<testcase name="testgetRegistrationDate(User)[77]" classname="minebayd1.test.TestUser" time="0">
<system-out><![CDATA[
unique-id: [engine:junit-jupiter]/[class:minebayd1.test.TestUser]/[test-template:testgetRegistrationDate(minebayd1.User)]/[test-template-invocation:#77]
display-name: [77] Chanez a 57 annonces ouvertes, 2 annonces fermées et 1 achats 

]]></system-out>
</testcase>
<testcase name="testgetRegistrationDate(User)[78]" classname="minebayd1.test.TestUser" time="0">
<system-out><![CDATA[
unique-id: [engine:junit-jupiter]/[class:minebayd1.test.TestUser]/[test-template:testgetRegistrationDate(minebayd1.User)]/[test-template-invocation:#78]
display-name: [78] Pierre a 41 annonces ouvertes, 5 annonces fermées et 2 achats 

]]></system-out>
</testcase>
<testcase name="testgetRegistrationDate(User)[79]" classname="minebayd1.test.TestUser" time="0">
<system-out><![CDATA[
unique-id: [engine:junit-jupiter]/[class:minebayd1.test.TestUser]/[test-template:testgetRegistrationDate(minebayd1.User)]/[test-template-invocation:#79]
display-name: [79] Sheraz a 49 annonces ouvertes, 3 annonces fermées et 6 achats 

]]></system-out>
</testcase>
<testcase name="testgetRegistrationDate(User)[80]" classname="minebayd1.test.TestUser" time="0">
<system-out><![CDATA[
unique-id: [engine:junit-jupiter]/[class:minebayd1.test.TestUser]/[test-template:testgetRegistrationDate(minebayd1.User)]/[test-template-invocation:#80]
display-name: [80] Rosa a 40 annonces ouvertes, 4 annonces fermées et 2 achats 

]]></system-out>
</testcase>
<testcase name="testgetRegistrationDate(User)[81]" classname="minebayd1.test.TestUser" time="0.001">
<system-out><![CDATA[
unique-id: [engine:junit-jupiter]/[class:minebayd1.test.TestUser]/[test-template:testgetRegistrationDate(minebayd1.User)]/[test-template-invocation:#81]
display-name: [81] Ismael a 59 annonces ouvertes, 1 annonces fermées et 3 achats 

]]></system-out>
</testcase>
<testcase name="testgetRegistrationDate(User)[82]" classname="minebayd1.test.TestUser" time="0">
<system-out><![CDATA[
unique-id: [engine:junit-jupiter]/[class:minebayd1.test.TestUser]/[test-template:testgetRegistrationDate(minebayd1.User)]/[test-template-invocation:#82]
display-name: [82] Faycal a 51 annonces ouvertes, 3 annonces fermées et 4 achats 

]]></system-out>
</testcase>
<testcase name="testgetRegistrationDate(User)[83]" classname="minebayd1.test.TestUser" time="0.001">
<system-out><![CDATA[
unique-id: [engine:junit-jupiter]/[class:minebayd1.test.TestUser]/[test-template:testgetRegistrationDate(minebayd1.User)]/[test-template-invocation:#83]
display-name: [83] Marcel a 63 annonces ouvertes, 4 annonces fermées et 4 achats 

]]></system-out>
</testcase>
<testcase name="testgetRegistrationDate(User)[84]" classname="minebayd1.test.TestUser" time="0">
<system-out><![CDATA[
unique-id: [engine:junit-jupiter]/[class:minebayd1.test.TestUser]/[test-template:testgetRegistrationDate(minebayd1.User)]/[test-template-invocation:#84]
display-name: [84] Pierre a 41 annonces ouvertes, 5 annonces fermées et 2 achats 

]]></system-out>
</testcase>
<testcase name="testgetRegistrationDate(User)[85]" classname="minebayd1.test.TestUser" time="0">
<system-out><![CDATA[
unique-id: [engine:junit-jupiter]/[class:minebayd1.test.TestUser]/[test-template:testgetRegistrationDate(minebayd1.User)]/[test-template-invocation:#85]
display-name: [85] Ziad a 48 annonces ouvertes, 4 annonces fermées et 2 achats 

]]></system-out>
</testcase>
<testcase name="testgetRegistrationDate(User)[86]" classname="minebayd1.test.TestUser" time="0.001">
<system-out><![CDATA[
unique-id: [engine:junit-jupiter]/[class:minebayd1.test.TestUser]/[test-template:testgetRegistrationDate(minebayd1.User)]/[test-template-invocation:#86]
display-name: [86] Marcel a 63 annonces ouvertes, 4 annonces fermées et 4 achats 

]]></system-out>
</testcase>
<testcase name="testgetRegistrationDate(User)[87]" classname="minebayd1.test.TestUser" time="0">
<system-out><![CDATA[
unique-id: [engine:junit-jupiter]/[class:minebayd1.test.TestUser]/[test-template:testgetRegistrationDate(minebayd1.User)]/[test-template-invocation:#87]
display-name: [87] Imam a 45 annonces ouvertes, 5 annonces fermées et 3 achats 

]]></system-out>
</testcase>
<testcase name="testgetRegistrationDate(User)[88]" classname="minebayd1.test.TestUser" time="0.001">
<system-out><![CDATA[
unique-id: [engine:junit-jupiter]/[class:minebayd1.test.TestUser]/[test-template:testgetRegistrationDate(minebayd1.User)]/[test-template-invocation:#88]
display-name: [88] Idir a 58 annonces ouvertes, 5 annonces fermées et 4 achats 

]]></system-out>
</testcase>
<testcase name="testgetRegistrationDate(User)[89]" classname="minebayd1.test.TestUser" time="0.001">
<system-out><![CDATA[
unique-id: [engine:junit-jupiter]/[class:minebayd1.test.TestUser]/[test-template:testgetRegistrationDate(minebayd1.User)]/[test-template-invocation:#89]
display-name: [89] Marcel a 63 annonces ouvertes, 4 annonces fermées et 4 achats 

]]></system-out>
</testcase>
<testcase name="testgetRegistrationDate(User)[90]" classname="minebayd1.test.TestUser" time="0.001">
<system-out><![CDATA[
unique-id: [engine:junit-jupiter]/[class:minebayd1.test.TestUser]/[test-template:testgetRegistrationDate(minebayd1.User)]/[test-template-invocation:#90]
display-name: [90] Mamadou a 59 annonces ouvertes, 2 annonces fermées et 1 achats 

]]></system-out>
</testcase>
<testcase name="testgetRegistrationDate(User)[91]" classname="minebayd1.test.TestUser" time="0">
<system-out><![CDATA[
unique-id: [engine:junit-jupiter]/[class:minebayd1.test.TestUser]/[test-template:testgetRegistrationDate(minebayd1.User)]/[test-template-invocation:#91]
display-name: [91] Marc a 55 annonces ouvertes, 1 annonces fermées et 2 achats 

]]></system-out>
</testcase>
<testcase name="testgetRegistrationDate(User)[92]" classname="minebayd1.test.TestUser" time="0">
<system-out><![CDATA[
unique-id: [engine:junit-jupiter]/[class:minebayd1.test.TestUser]/[test-template:testgetRegistrationDate(minebayd1.User)]/[test-template-invocation:#92]
display-name: [92] Rosa a 40 annonces ouvertes, 4 annonces fermées et 2 achats 

]]></system-out>
</testcase>
<testcase name="testgetRegistrationDate(User)[93]" classname="minebayd1.test.TestUser" time="0.001">
<system-out><![CDATA[
unique-id: [engine:junit-jupiter]/[class:minebayd1.test.TestUser]/[test-template:testgetRegistrationDate(minebayd1.User)]/[test-template-invocation:#93]
display-name: [93] Ali a 57 annonces ouvertes, 6 annonces fermées et 3 achats 

]]></system-out>
</testcase>
<testcase name="testgetRegistrationDate(User)[94]" classname="minebayd1.test.TestUser" time="0">
<system-out><![CDATA[
unique-id: [engine:junit-jupiter]/[class:minebayd1.test.TestUser]/[test-template:testgetRegistrationDate(minebayd1.User)]/[test-template-invocation:#94]
display-name: [94] Rosa a 40 annonces ouvertes, 4 annonces fermées et 2 achats 

]]></system-out>
</testcase>
<testcase name="testgetRegistrationDate(User)[95]" classname="minebayd1.test.TestUser" time="0">
<system-out><![CDATA[
unique-id: [engine:junit-jupiter]/[class:minebayd1.test.TestUser]/[test-template:testgetRegistrationDate(minebayd1.User)]/[test-template-invocation:#95]
display-name: [95] Naila a 60 annonces ouvertes, 3 annonces fermées et 4 achats 

]]></system-out>
</testcase>
<testcase name="testgetRegistrationDate(User)[96]" classname="minebayd1.test.TestUser" time="0">
<system-out><![CDATA[
unique-id: [engine:junit-jupiter]/[class:minebayd1.test.TestUser]/[test-template:testgetRegistrationDate(minebayd1.User)]/[test-template-invocation:#96]
display-name: [96] Issa a 70 annonces ouvertes, 3 annonces fermées et 3 achats 

]]></system-out>
</testcase>
<testcase name="testgetRegistrationDate(User)[97]" classname="minebayd1.test.TestUser" time="0.001">
<system-out><![CDATA[
unique-id: [engine:junit-jupiter]/[class:minebayd1.test.TestUser]/[test-template:testgetRegistrationDate(minebayd1.User)]/[test-template-invocation:#97]
display-name: [97] Naila a 60 annonces ouvertes, 3 annonces fermées et 4 achats 

]]></system-out>
</testcase>
<testcase name="testgetRegistrationDate(User)[98]" classname="minebayd1.test.TestUser" time="0">
<system-out><![CDATA[
unique-id: [engine:junit-jupiter]/[class:minebayd1.test.TestUser]/[test-template:testgetRegistrationDate(minebayd1.User)]/[test-template-invocation:#98]
display-name: [98] Issa a 70 annonces ouvertes, 3 annonces fermées et 3 achats 

]]></system-out>
</testcase>
<testcase name="testgetRegistrationDate(User)[99]" classname="minebayd1.test.TestUser" time="0">
<system-out><![CDATA[
unique-id: [engine:junit-jupiter]/[class:minebayd1.test.TestUser]/[test-template:testgetRegistrationDate(minebayd1.User)]/[test-template-invocation:#99]
display-name: [99] Aliou a 50 annonces ouvertes, 3 annonces fermées et 2 achats 

]]></system-out>
</testcase>
<testcase name="testgetRegistrationDate(User)[100]" classname="minebayd1.test.TestUser" time="0">
<system-out><![CDATA[
unique-id: [engine:junit-jupiter]/[class:minebayd1.test.TestUser]/[test-template:testgetRegistrationDate(minebayd1.User)]/[test-template-invocation:#100]
display-name: [100] Issa a 70 annonces ouvertes, 3 annonces fermées et 3 achats 

]]></system-out>
</testcase>
<testcase name="testgetAvailableCash(User)[1]" classname="minebayd1.test.TestUser" time="0">
<system-out><![CDATA[
unique-id: [engine:junit-jupiter]/[class:minebayd1.test.TestUser]/[test-template:testgetAvailableCash(minebayd1.User)]/[test-template-invocation:#1]
display-name: [1] Imam a 45 annonces ouvertes, 5 annonces fermées et 3 achats 

]]></system-out>
</testcase>
<testcase name="testgetAvailableCash(User)[2]" classname="minebayd1.test.TestUser" time="0.001">
<system-out><![CDATA[
unique-id: [engine:junit-jupiter]/[class:minebayd1.test.TestUser]/[test-template:testgetAvailableCash(minebayd1.User)]/[test-template-invocation:#2]
display-name: [2] Marcel a 63 annonces ouvertes, 4 annonces fermées et 4 achats 

]]></system-out>
</testcase>
<testcase name="testgetAvailableCash(User)[3]" classname="minebayd1.test.TestUser" time="0">
<system-out><![CDATA[
unique-id: [engine:junit-jupiter]/[class:minebayd1.test.TestUser]/[test-template:testgetAvailableCash(minebayd1.User)]/[test-template-invocation:#3]
display-name: [3] Sonia a 47 annonces ouvertes, 2 annonces fermées et 2 achats 

]]></system-out>
</testcase>
<testcase name="testgetAvailableCash(User)[4]" classname="minebayd1.test.TestUser" time="0">
<system-out><![CDATA[
unique-id: [engine:junit-jupiter]/[class:minebayd1.test.TestUser]/[test-template:testgetAvailableCash(minebayd1.User)]/[test-template-invocation:#4]
display-name: [4] Nima a 50 annonces ouvertes, 1 annonces fermées et 4 achats 

]]></system-out>
</testcase>
<testcase name="testgetAvailableCash(User)[5]" classname="minebayd1.test.TestUser" time="0">
<system-out><![CDATA[
unique-id: [engine:junit-jupiter]/[class:minebayd1.test.TestUser]/[test-template:testgetAvailableCash(minebayd1.User)]/[test-template-invocation:#5]
display-name: [5] Marc a 55 annonces ouvertes, 1 annonces fermées et 2 achats 

]]></system-out>
</testcase>
<testcase name="testgetAvailableCash(User)[6]" classname="minebayd1.test.TestUser" time="0.001">
<system-out><![CDATA[
unique-id: [engine:junit-jupiter]/[class:minebayd1.test.TestUser]/[test-template:testgetAvailableCash(minebayd1.User)]/[test-template-invocation:#6]
display-name: [6] Mamadou a 59 annonces ouvertes, 2 annonces fermées et 1 achats 

]]></system-out>
</testcase>
<testcase name="testgetAvailableCash(User)[7]" classname="minebayd1.test.TestUser" time="0.001">
<system-out><![CDATA[
unique-id: [engine:junit-jupiter]/[class:minebayd1.test.TestUser]/[test-template:testgetAvailableCash(minebayd1.User)]/[test-template-invocation:#7]
display-name: [7] Naila a 60 annonces ouvertes, 3 annonces fermées et 4 achats 

]]></system-out>
</testcase>
<testcase name="testgetAvailableCash(User)[8]" classname="minebayd1.test.TestUser" time="0">
<system-out><![CDATA[
unique-id: [engine:junit-jupiter]/[class:minebayd1.test.TestUser]/[test-template:testgetAvailableCash(minebayd1.User)]/[test-template-invocation:#8]
display-name: [8] Ismael a 59 annonces ouvertes, 1 annonces fermées et 3 achats 

]]></system-out>
</testcase>
<testcase name="testgetAvailableCash(User)[9]" classname="minebayd1.test.TestUser" time="0.001">
<system-out><![CDATA[
unique-id: [engine:junit-jupiter]/[class:minebayd1.test.TestUser]/[test-template:testgetAvailableCash(minebayd1.User)]/[test-template-invocation:#9]
display-name: [9] Marcel a 63 annonces ouvertes, 4 annonces fermées et 4 achats 

]]></system-out>
</testcase>
<testcase name="testgetAvailableCash(User)[10]" classname="minebayd1.test.TestUser" time="0">
<system-out><![CDATA[
unique-id: [engine:junit-jupiter]/[class:minebayd1.test.TestUser]/[test-template:testgetAvailableCash(minebayd1.User)]/[test-template-invocation:#10]
display-name: [10] Lyes a 65 annonces ouvertes, 1 annonces fermées et 3 achats 

]]></system-out>
</testcase>
<testcase name="testgetAvailableCash(User)[11]" classname="minebayd1.test.TestUser" time="0">
<system-out><![CDATA[
unique-id: [engine:junit-jupiter]/[class:minebayd1.test.TestUser]/[test-template:testgetAvailableCash(minebayd1.User)]/[test-template-invocation:#11]
display-name: [11] Ali a 57 annonces ouvertes, 6 annonces fermées et 3 achats 

]]></system-out>
</testcase>
<testcase name="testgetAvailableCash(User)[12]" classname="minebayd1.test.TestUser" time="0">
<system-out><![CDATA[
unique-id: [engine:junit-jupiter]/[class:minebayd1.test.TestUser]/[test-template:testgetAvailableCash(minebayd1.User)]/[test-template-invocation:#12]
display-name: [12] Ali a 57 annonces ouvertes, 6 annonces fermées et 3 achats 

]]></system-out>
</testcase>
<testcase name="testgetAvailableCash(User)[13]" classname="minebayd1.test.TestUser" time="0">
<system-out><![CDATA[
unique-id: [engine:junit-jupiter]/[class:minebayd1.test.TestUser]/[test-template:testgetAvailableCash(minebayd1.User)]/[test-template-invocation:#13]
display-name: [13] Ziad a 48 annonces ouvertes, 4 annonces fermées et 2 achats 

]]></system-out>
</testcase>
<testcase name="testgetAvailableCash(User)[14]" classname="minebayd1.test.TestUser" time="0">
<system-out><![CDATA[
unique-id: [engine:junit-jupiter]/[class:minebayd1.test.TestUser]/[test-template:testgetAvailableCash(minebayd1.User)]/[test-template-invocation:#14]
display-name: [14] Lamia a 77 annonces ouvertes, 1 annonces fermées et 2 achats 

]]></system-out>
</testcase>
<testcase name="testgetAvailableCash(User)[15]" classname="minebayd1.test.TestUser" time="0">
<system-out><![CDATA[
unique-id: [engine:junit-jupiter]/[class:minebayd1.test.TestUser]/[test-template:testgetAvailableCash(minebayd1.User)]/[test-template-invocation:#15]
display-name: [15] Ali a 57 annonces ouvertes, 6 annonces fermées et 3 achats 

]]></system-out>
</testcase>
<testcase name="testgetAvailableCash(User)[16]" classname="minebayd1.test.TestUser" time="0">
<system-out><![CDATA[
unique-id: [engine:junit-jupiter]/[class:minebayd1.test.TestUser]/[test-template:testgetAvailableCash(minebayd1.User)]/[test-template-invocation:#16]
display-name: [16] Lisa a 45 annonces ouvertes, 4 annonces fermées et 3 achats 

]]></system-out>
</testcase>
<testcase name="testgetAvailableCash(User)[17]" classname="minebayd1.test.TestUser" time="0">
<system-out><![CDATA[
unique-id: [engine:junit-jupiter]/[class:minebayd1.test.TestUser]/[test-template:testgetAvailableCash(minebayd1.User)]/[test-template-invocation:#17]
display-name: [17] Mohamed a 45 annonces ouvertes, 2 annonces fermées et 3 achats 

]]></system-out>
</testcase>
<testcase name="testgetAvailableCash(User)[18]" classname="minebayd1.test.TestUser" time="0">
<system-out><![CDATA[
unique-id: [engine:junit-jupiter]/[class:minebayd1.test.TestUser]/[test-template:testgetAvailableCash(minebayd1.User)]/[test-template-invocation:#18]
display-name: [18] Sheraz a 49 annonces ouvertes, 3 annonces fermées et 6 achats 

]]></system-out>
</testcase>
<testcase name="testgetAvailableCash(User)[19]" classname="minebayd1.test.TestUser" time="0">
<system-out><![CDATA[
unique-id: [engine:junit-jupiter]/[class:minebayd1.test.TestUser]/[test-template:testgetAvailableCash(minebayd1.User)]/[test-template-invocation:#19]
display-name: [19] Naila a 60 annonces ouvertes, 3 annonces fermées et 4 achats 

]]></system-out>
</testcase>
<testcase name="testgetAvailableCash(User)[20]" classname="minebayd1.test.TestUser" time="0">
<system-out><![CDATA[
unique-id: [engine:junit-jupiter]/[class:minebayd1.test.TestUser]/[test-template:testgetAvailableCash(minebayd1.User)]/[test-template-invocation:#20]
display-name: [20] Ismael a 59 annonces ouvertes, 1 annonces fermées et 3 achats 

]]></system-out>
</testcase>
<testcase name="testgetAvailableCash(User)[21]" classname="minebayd1.test.TestUser" time="0">
<system-out><![CDATA[
unique-id: [engine:junit-jupiter]/[class:minebayd1.test.TestUser]/[test-template:testgetAvailableCash(minebayd1.User)]/[test-template-invocation:#21]
display-name: [21] Lyes a 65 annonces ouvertes, 1 annonces fermées et 3 achats 

]]></system-out>
</testcase>
<testcase name="testgetAvailableCash(User)[22]" classname="minebayd1.test.TestUser" time="0">
<system-out><![CDATA[
unique-id: [engine:junit-jupiter]/[class:minebayd1.test.TestUser]/[test-template:testgetAvailableCash(minebayd1.User)]/[test-template-invocation:#22]
display-name: [22] Yanis a 61 annonces ouvertes, 4 annonces fermées et 3 achats 

]]></system-out>
</testcase>
<testcase name="testgetAvailableCash(User)[23]" classname="minebayd1.test.TestUser" time="0">
<system-out><![CDATA[
unique-id: [engine:junit-jupiter]/[class:minebayd1.test.TestUser]/[test-template:testgetAvailableCash(minebayd1.User)]/[test-template-invocation:#23]
display-name: [23] Ismael a 59 annonces ouvertes, 1 annonces fermées et 3 achats 

]]></system-out>
</testcase>
<testcase name="testgetAvailableCash(User)[24]" classname="minebayd1.test.TestUser" time="0">
<system-out><![CDATA[
unique-id: [engine:junit-jupiter]/[class:minebayd1.test.TestUser]/[test-template:testgetAvailableCash(minebayd1.User)]/[test-template-invocation:#24]
display-name: [24] Adam a 49 annonces ouvertes, 3 annonces fermées et 3 achats 

]]></system-out>
</testcase>
<testcase name="testgetAvailableCash(User)[25]" classname="minebayd1.test.TestUser" time="0">
<system-out><![CDATA[
unique-id: [engine:junit-jupiter]/[class:minebayd1.test.TestUser]/[test-template:testgetAvailableCash(minebayd1.User)]/[test-template-invocation:#25]
display-name: [25] Marc a 55 annonces ouvertes, 1 annonces fermées et 2 achats 

]]></system-out>
</testcase>
<testcase name="testgetAvailableCash(User)[26]" classname="minebayd1.test.TestUser" time="0">
<system-out><![CDATA[
unique-id: [engine:junit-jupiter]/[class:minebayd1.test.TestUser]/[test-template:testgetAvailableCash(minebayd1.User)]/[test-template-invocation:#26]
display-name: [26] Sheraz a 49 annonces ouvertes, 3 annonces fermées et 6 achats 

]]></system-out>
</testcase>
<testcase name="testgetAvailableCash(User)[27]" classname="minebayd1.test.TestUser" time="0">
<system-out><![CDATA[
unique-id: [engine:junit-jupiter]/[class:minebayd1.test.TestUser]/[test-template:testgetAvailableCash(minebayd1.User)]/[test-template-invocation:#27]
display-name: [27] Mounir a 59 annonces ouvertes, 2 annonces fermées et 2 achats 

]]></system-out>
</testcase>
<testcase name="testgetAvailableCash(User)[28]" classname="minebayd1.test.TestUser" time="0">
<system-out><![CDATA[
unique-id: [engine:junit-jupiter]/[class:minebayd1.test.TestUser]/[test-template:testgetAvailableCash(minebayd1.User)]/[test-template-invocation:#28]
display-name: [28] Rosa a 40 annonces ouvertes, 4 annonces fermées et 2 achats 

]]></system-out>
</testcase>
<testcase name="testgetAvailableCash(User)[29]" classname="minebayd1.test.TestUser" time="0">
<system-out><![CDATA[
unique-id: [engine:junit-jupiter]/[class:minebayd1.test.TestUser]/[test-template:testgetAvailableCash(minebayd1.User)]/[test-template-invocation:#29]
display-name: [29] Sonia a 47 annonces ouvertes, 2 annonces fermées et 2 achats 

]]></system-out>
</testcase>
<testcase name="testgetAvailableCash(User)[30]" classname="minebayd1.test.TestUser" time="0.001">
<system-out><![CDATA[
unique-id: [engine:junit-jupiter]/[class:minebayd1.test.TestUser]/[test-template:testgetAvailableCash(minebayd1.User)]/[test-template-invocation:#30]
display-name: [30] Ali a 57 annonces ouvertes, 6 annonces fermées et 3 achats 

]]></system-out>
</testcase>
<testcase name="testgetAvailableCash(User)[31]" classname="minebayd1.test.TestUser" time="0">
<system-out><![CDATA[
unique-id: [engine:junit-jupiter]/[class:minebayd1.test.TestUser]/[test-template:testgetAvailableCash(minebayd1.User)]/[test-template-invocation:#31]
display-name: [31] Ayman a 53 annonces ouvertes, 4 annonces fermées et 4 achats 

]]></system-out>
</testcase>
<testcase name="testgetAvailableCash(User)[32]" classname="minebayd1.test.TestUser" time="0">
<system-out><![CDATA[
unique-id: [engine:junit-jupiter]/[class:minebayd1.test.TestUser]/[test-template:testgetAvailableCash(minebayd1.User)]/[test-template-invocation:#32]
display-name: [32] Yanis a 61 annonces ouvertes, 4 annonces fermées et 3 achats 

]]></system-out>
</testcase>
<testcase name="testgetAvailableCash(User)[33]" classname="minebayd1.test.TestUser" time="0">
<system-out><![CDATA[
unique-id: [engine:junit-jupiter]/[class:minebayd1.test.TestUser]/[test-template:testgetAvailableCash(minebayd1.User)]/[test-template-invocation:#33]
display-name: [33] Yanis a 61 annonces ouvertes, 4 annonces fermées et 3 achats 

]]></system-out>
</testcase>
<testcase name="testgetAvailableCash(User)[34]" classname="minebayd1.test.TestUser" time="0">
<system-out><![CDATA[
unique-id: [engine:junit-jupiter]/[class:minebayd1.test.TestUser]/[test-template:testgetAvailableCash(minebayd1.User)]/[test-template-invocation:#34]
display-name: [34] Lyes a 65 annonces ouvertes, 1 annonces fermées et 3 achats 

]]></system-out>
</testcase>
<testcase name="testgetAvailableCash(User)[35]" classname="minebayd1.test.TestUser" time="0.001">
<system-out><![CDATA[
unique-id: [engine:junit-jupiter]/[class:minebayd1.test.TestUser]/[test-template:testgetAvailableCash(minebayd1.User)]/[test-template-invocation:#35]
display-name: [35] Idir a 58 annonces ouvertes, 5 annonces fermées et 4 achats 

]]></system-out>
</testcase>
<testcase name="testgetAvailableCash(User)[36]" classname="minebayd1.test.TestUser" time="0">
<system-out><![CDATA[
unique-id: [engine:junit-jupiter]/[class:minebayd1.test.TestUser]/[test-template:testgetAvailableCash(minebayd1.User)]/[test-template-invocation:#36]
display-name: [36] Mamadou a 59 annonces ouvertes, 2 annonces fermées et 1 achats 

]]></system-out>
</testcase>
<testcase name="testgetAvailableCash(User)[37]" classname="minebayd1.test.TestUser" time="0">
<system-out><![CDATA[
unique-id: [engine:junit-jupiter]/[class:minebayd1.test.TestUser]/[test-template:testgetAvailableCash(minebayd1.User)]/[test-template-invocation:#37]
display-name: [37] Lamia a 77 annonces ouvertes, 1 annonces fermées et 2 achats 

]]></system-out>
</testcase>
<testcase name="testgetAvailableCash(User)[38]" classname="minebayd1.test.TestUser" time="0">
<system-out><![CDATA[
unique-id: [engine:junit-jupiter]/[class:minebayd1.test.TestUser]/[test-template:testgetAvailableCash(minebayd1.User)]/[test-template-invocation:#38]
display-name: [38] Sonia a 47 annonces ouvertes, 2 annonces fermées et 2 achats 

]]></system-out>
</testcase>
<testcase name="testgetAvailableCash(User)[39]" classname="minebayd1.test.TestUser" time="0">
<system-out><![CDATA[
unique-id: [engine:junit-jupiter]/[class:minebayd1.test.TestUser]/[test-template:testgetAvailableCash(minebayd1.User)]/[test-template-invocation:#39]
display-name: [39] Imam a 45 annonces ouvertes, 5 annonces fermées et 3 achats 

]]></system-out>
</testcase>
<testcase name="testgetAvailableCash(User)[40]" classname="minebayd1.test.TestUser" time="0">
<system-out><![CDATA[
unique-id: [engine:junit-jupiter]/[class:minebayd1.test.TestUser]/[test-template:testgetAvailableCash(minebayd1.User)]/[test-template-invocation:#40]
display-name: [40] Ali a 57 annonces ouvertes, 6 annonces fermées et 3 achats 

]]></system-out>
</testcase>
<testcase name="testgetAvailableCash(User)[41]" classname="minebayd1.test.TestUser" time="0">
<system-out><![CDATA[
unique-id: [engine:junit-jupiter]/[class:minebayd1.test.TestUser]/[test-template:testgetAvailableCash(minebayd1.User)]/[test-template-invocation:#41]
display-name: [41] Zahra a 42 annonces ouvertes, 0 annonces fermées et 2 achats 

]]></system-out>
</testcase>
<testcase name="testgetAvailableCash(User)[42]" classname="minebayd1.test.TestUser" time="0">
<system-out><![CDATA[
unique-id: [engine:junit-jupiter]/[class:minebayd1.test.TestUser]/[test-template:testgetAvailableCash(minebayd1.User)]/[test-template-invocation:#42]
display-name: [42] Zahra a 42 annonces ouvertes, 0 annonces fermées et 2 achats 

]]></system-out>
</testcase>
<testcase name="testgetAvailableCash(User)[43]" classname="minebayd1.test.TestUser" time="0">
<system-out><![CDATA[
unique-id: [engine:junit-jupiter]/[class:minebayd1.test.TestUser]/[test-template:testgetAvailableCash(minebayd1.User)]/[test-template-invocation:#43]
display-name: [43] Sonia a 47 annonces ouvertes, 2 annonces fermées et 2 achats 

]]></system-out>
</testcase>
<testcase name="testgetAvailableCash(User)[44]" classname="minebayd1.test.TestUser" time="0">
<system-out><![CDATA[
unique-id: [engine:junit-jupiter]/[class:minebayd1.test.TestUser]/[test-template:testgetAvailableCash(minebayd1.User)]/[test-template-invocation:#44]
display-name: [44] Zahra a 42 annonces ouvertes, 0 annonces fermées et 2 achats 

]]></system-out>
</testcase>
<testcase name="testgetAvailableCash(User)[45]" classname="minebayd1.test.TestUser" time="0">
<system-out><![CDATA[
unique-id: [engine:junit-jupiter]/[class:minebayd1.test.TestUser]/[test-template:testgetAvailableCash(minebayd1.User)]/[test-template-invocation:#45]
display-name: [45] Adam a 49 annonces ouvertes, 3 annonces fermées et 3 achats 

]]></system-out>
</testcase>
<testcase name="testgetAvailableCash(User)[46]" classname="minebayd1.test.TestUser" time="0">
<system-out><![CDATA[
unique-id: [engine:junit-jupiter]/[class:minebayd1.test.TestUser]/[test-template:testgetAvailableCash(minebayd1.User)]/[test-template-invocation:#46]
display-name: [46] Chanez a 57 annonces ouvertes, 2 annonces fermées et 1 achats 

]]></system-out>
</testcase>
<testcase name="testgetAvailableCash(User)[47]" classname="minebayd1.test.TestUser" time="0">
<system-out><![CDATA[
unique-id: [engine:junit-jupiter]/[class:minebayd1.test.TestUser]/[test-template:testgetAvailableCash(minebayd1.User)]/[test-template-invocation:#47]
display-name: [47] Idir a 58 annonces ouvertes, 5 annonces fermées et 4 achats 

]]></system-out>
</testcase>
<testcase name="testgetAvailableCash(User)[48]" classname="minebayd1.test.TestUser" time="0.001">
<system-out><![CDATA[
unique-id: [engine:junit-jupiter]/[class:minebayd1.test.TestUser]/[test-template:testgetAvailableCash(minebayd1.User)]/[test-template-invocation:#48]
display-name: [48] Marcel a 63 annonces ouvertes, 4 annonces fermées et 4 achats 

]]></system-out>
</testcase>
<testcase name="testgetAvailableCash(User)[49]" classname="minebayd1.test.TestUser" time="0">
<system-out><![CDATA[
unique-id: [engine:junit-jupiter]/[class:minebayd1.test.TestUser]/[test-template:testgetAvailableCash(minebayd1.User)]/[test-template-invocation:#49]
display-name: [49] Issa a 70 annonces ouvertes, 3 annonces fermées et 3 achats 

]]></system-out>
</testcase>
<testcase name="testgetAvailableCash(User)[50]" classname="minebayd1.test.TestUser" time="0.001">
<system-out><![CDATA[
unique-id: [engine:junit-jupiter]/[class:minebayd1.test.TestUser]/[test-template:testgetAvailableCash(minebayd1.User)]/[test-template-invocation:#50]
display-name: [50] Naila a 60 annonces ouvertes, 3 annonces fermées et 4 achats 

]]></system-out>
</testcase>
<testcase name="testgetAvailableCash(User)[51]" classname="minebayd1.test.TestUser" time="0.001">
<system-out><![CDATA[
unique-id: [engine:junit-jupiter]/[class:minebayd1.test.TestUser]/[test-template:testgetAvailableCash(minebayd1.User)]/[test-template-invocation:#51]
display-name: [51] Ismael a 59 annonces ouvertes, 1 annonces fermées et 3 achats 

]]></system-out>
</testcase>
<testcase name="testgetAvailableCash(User)[52]" classname="minebayd1.test.TestUser" time="0.002">
<system-out><![CDATA[
unique-id: [engine:junit-jupiter]/[class:minebayd1.test.TestUser]/[test-template:testgetAvailableCash(minebayd1.User)]/[test-template-invocation:#52]
display-name: [52] Naila a 60 annonces ouvertes, 3 annonces fermées et 4 achats 

]]></system-out>
</testcase>
<testcase name="testgetAvailableCash(User)[53]" classname="minebayd1.test.TestUser" time="0.001">
<system-out><![CDATA[
unique-id: [engine:junit-jupiter]/[class:minebayd1.test.TestUser]/[test-template:testgetAvailableCash(minebayd1.User)]/[test-template-invocation:#53]
display-name: [53] Nima a 50 annonces ouvertes, 1 annonces fermées et 4 achats 

]]></system-out>
</testcase>
<testcase name="testgetAvailableCash(User)[54]" classname="minebayd1.test.TestUser" time="0.001">
<system-out><![CDATA[
unique-id: [engine:junit-jupiter]/[class:minebayd1.test.TestUser]/[test-template:testgetAvailableCash(minebayd1.User)]/[test-template-invocation:#54]
display-name: [54] Nima a 50 annonces ouvertes, 1 annonces fermées et 4 achats 

]]></system-out>
</testcase>
<testcase name="testgetAvailableCash(User)[55]" classname="minebayd1.test.TestUser" time="0.001">
<system-out><![CDATA[
unique-id: [engine:junit-jupiter]/[class:minebayd1.test.TestUser]/[test-template:testgetAvailableCash(minebayd1.User)]/[test-template-invocation:#55]
display-name: [55] Yanis a 61 annonces ouvertes, 4 annonces fermées et 3 achats 

]]></system-out>
</testcase>
<testcase name="testgetAvailableCash(User)[56]" classname="minebayd1.test.TestUser" time="0">
<system-out><![CDATA[
unique-id: [engine:junit-jupiter]/[class:minebayd1.test.TestUser]/[test-template:testgetAvailableCash(minebayd1.User)]/[test-template-invocation:#56]
display-name: [56] Chanez a 57 annonces ouvertes, 2 annonces fermées et 1 achats 

]]></system-out>
</testcase>
<testcase name="testgetAvailableCash(User)[57]" classname="minebayd1.test.TestUser" time="0.001">
<system-out><![CDATA[
unique-id: [engine:junit-jupiter]/[class:minebayd1.test.TestUser]/[test-template:testgetAvailableCash(minebayd1.User)]/[test-template-invocation:#57]
display-name: [57] Ziad a 48 annonces ouvertes, 4 annonces fermées et 2 achats 

]]></system-out>
</testcase>
<testcase name="testgetAvailableCash(User)[58]" classname="minebayd1.test.TestUser" time="0.001">
<system-out><![CDATA[
unique-id: [engine:junit-jupiter]/[class:minebayd1.test.TestUser]/[test-template:testgetAvailableCash(minebayd1.User)]/[test-template-invocation:#58]
display-name: [58] Ziad a 48 annonces ouvertes, 4 annonces fermées et 2 achats 

]]></system-out>
</testcase>
<testcase name="testgetAvailableCash(User)[59]" classname="minebayd1.test.TestUser" time="0.001">
<system-out><![CDATA[
unique-id: [engine:junit-jupiter]/[class:minebayd1.test.TestUser]/[test-template:testgetAvailableCash(minebayd1.User)]/[test-template-invocation:#59]
display-name: [59] Ziad a 48 annonces ouvertes, 4 annonces fermées et 2 achats 

]]></system-out>
</testcase>
<testcase name="testgetAvailableCash(User)[60]" classname="minebayd1.test.TestUser" time="0.001">
<system-out><![CDATA[
unique-id: [engine:junit-jupiter]/[class:minebayd1.test.TestUser]/[test-template:testgetAvailableCash(minebayd1.User)]/[test-template-invocation:#60]
display-name: [60] Nima a 50 annonces ouvertes, 1 annonces fermées et 4 achats 

]]></system-out>
</testcase>
<testcase name="testgetAvailableCash(User)[61]" classname="minebayd1.test.TestUser" time="0">
<system-out><![CDATA[
unique-id: [engine:junit-jupiter]/[class:minebayd1.test.TestUser]/[test-template:testgetAvailableCash(minebayd1.User)]/[test-template-invocation:#61]
display-name: [61] Zahra a 42 annonces ouvertes, 0 annonces fermées et 2 achats 

]]></system-out>
</testcase>
<testcase name="testgetAvailableCash(User)[62]" classname="minebayd1.test.TestUser" time="0">
<system-out><![CDATA[
unique-id: [engine:junit-jupiter]/[class:minebayd1.test.TestUser]/[test-template:testgetAvailableCash(minebayd1.User)]/[test-template-invocation:#62]
display-name: [62] Rosa a 40 annonces ouvertes, 4 annonces fermées et 2 achats 

]]></system-out>
</testcase>
<testcase name="testgetAvailableCash(User)[63]" classname="minebayd1.test.TestUser" time="0">
<system-out><![CDATA[
unique-id: [engine:junit-jupiter]/[class:minebayd1.test.TestUser]/[test-template:testgetAvailableCash(minebayd1.User)]/[test-template-invocation:#63]
display-name: [63] Rosa a 40 annonces ouvertes, 4 annonces fermées et 2 achats 

]]></system-out>
</testcase>
<testcase name="testgetAvailableCash(User)[64]" classname="minebayd1.test.TestUser" time="0">
<system-out><![CDATA[
unique-id: [engine:junit-jupiter]/[class:minebayd1.test.TestUser]/[test-template:testgetAvailableCash(minebayd1.User)]/[test-template-invocation:#64]
display-name: [64] Faycal a 51 annonces ouvertes, 3 annonces fermées et 4 achats 

]]></system-out>
</testcase>
<testcase name="testgetAvailableCash(User)[65]" classname="minebayd1.test.TestUser" time="0.002">
<system-out><![CDATA[
unique-id: [engine:junit-jupiter]/[class:minebayd1.test.TestUser]/[test-template:testgetAvailableCash(minebayd1.User)]/[test-template-invocation:#65]
display-name: [65] Idir a 58 annonces ouvertes, 5 annonces fermées et 4 achats 

]]></system-out>
</testcase>
<testcase name="testgetAvailableCash(User)[66]" classname="minebayd1.test.TestUser" time="0.001">
<system-out><![CDATA[
unique-id: [engine:junit-jupiter]/[class:minebayd1.test.TestUser]/[test-template:testgetAvailableCash(minebayd1.User)]/[test-template-invocation:#66]
display-name: [66] Sheraz a 49 annonces ouvertes, 3 annonces fermées et 6 achats 

]]></system-out>
</testcase>
<testcase name="testgetAvailableCash(User)[67]" classname="minebayd1.test.TestUser" time="0.001">
<system-out><![CDATA[
unique-id: [engine:junit-jupiter]/[class:minebayd1.test.TestUser]/[test-template:testgetAvailableCash(minebayd1.User)]/[test-template-invocation:#67]
display-name: [67] Sheraz a 49 annonces ouvertes, 3 annonces fermées et 6 achats 

]]></system-out>
</testcase>
<testcase name="testgetAvailableCash(User)[68]" classname="minebayd1.test.TestUser" time="0">
<system-out><![CDATA[
unique-id: [engine:junit-jupiter]/[class:minebayd1.test.TestUser]/[test-template:testgetAvailableCash(minebayd1.User)]/[test-template-invocation:#68]
display-name: [68] Sonia a 47 annonces ouvertes, 2 annonces fermées et 2 achats 

]]></system-out>
</testcase>
<testcase name="testgetAvailableCash(User)[69]" classname="minebayd1.test.TestUser" time="0">
<system-out><![CDATA[
unique-id: [engine:junit-jupiter]/[class:minebayd1.test.TestUser]/[test-template:testgetAvailableCash(minebayd1.User)]/[test-template-invocation:#69]
display-name: [69] Rosa a 40 annonces ouvertes, 4 annonces fermées et 2 achats 

]]></system-out>
</testcase>
<testcase name="testgetAvailableCash(User)[70]" classname="minebayd1.test.TestUser" time="0.001">
<system-out><![CDATA[
unique-id: [engine:junit-jupiter]/[class:minebayd1.test.TestUser]/[test-template:testgetAvailableCash(minebayd1.User)]/[test-template-invocation:#70]
display-name: [70] Ayman a 53 annonces ouvertes, 4 annonces fermées et 4 achats 

]]></system-out>
</testcase>
<testcase name="testgetAvailableCash(User)[71]" classname="minebayd1.test.TestUser" time="0.001">
<system-out><![CDATA[
unique-id: [engine:junit-jupiter]/[class:minebayd1.test.TestUser]/[test-template:testgetAvailableCash(minebayd1.User)]/[test-template-invocation:#71]
display-name: [71] Issa a 70 annonces ouvertes, 3 annonces fermées et 3 achats 

]]></system-out>
</testcase>
<testcase name="testgetAvailableCash(User)[72]" classname="minebayd1.test.TestUser" time="0.002">
<system-out><![CDATA[
unique-id: [engine:junit-jupiter]/[class:minebayd1.test.TestUser]/[test-template:testgetAvailableCash(minebayd1.User)]/[test-template-invocation:#72]
display-name: [72] Naila a 60 annonces ouvertes, 3 annonces fermées et 4 achats 

]]></system-out>
</testcase>
<testcase name="testgetAvailableCash(User)[73]" classname="minebayd1.test.TestUser" time="0">
<system-out><![CDATA[
unique-id: [engine:junit-jupiter]/[class:minebayd1.test.TestUser]/[test-template:testgetAvailableCash(minebayd1.User)]/[test-template-invocation:#73]
display-name: [73] Pierre a 41 annonces ouvertes, 5 annonces fermées et 2 achats 

]]></system-out>
</testcase>
<testcase name="testgetAvailableCash(User)[74]" classname="minebayd1.test.TestUser" time="0">
<system-out><![CDATA[
unique-id: [engine:junit-jupiter]/[class:minebayd1.test.TestUser]/[test-template:testgetAvailableCash(minebayd1.User)]/[test-template-invocation:#74]
display-name: [74] Imam a 45 annonces ouvertes, 5 annonces fermées et 3 achats 

]]></system-out>
</testcase>
<testcase name="testgetAvailableCash(User)[75]" classname="minebayd1.test.TestUser" time="0.001">
<system-out><![CDATA[
unique-id: [engine:junit-jupiter]/[class:minebayd1.test.TestUser]/[test-template:testgetAvailableCash(minebayd1.User)]/[test-template-invocation:#75]
display-name: [75] Issa a 70 annonces ouvertes, 3 annonces fermées et 3 achats 

]]></system-out>
</testcase>
<testcase name="testgetAvailableCash(User)[76]" classname="minebayd1.test.TestUser" time="0">
<system-out><![CDATA[
unique-id: [engine:junit-jupiter]/[class:minebayd1.test.TestUser]/[test-template:testgetAvailableCash(minebayd1.User)]/[test-template-invocation:#76]
display-name: [76] Lisa a 45 annonces ouvertes, 4 annonces fermées et 3 achats 

]]></system-out>
</testcase>
<testcase name="testgetAvailableCash(User)[77]" classname="minebayd1.test.TestUser" time="0.001">
<system-out><![CDATA[
unique-id: [engine:junit-jupiter]/[class:minebayd1.test.TestUser]/[test-template:testgetAvailableCash(minebayd1.User)]/[test-template-invocation:#77]
display-name: [77] Imam a 45 annonces ouvertes, 5 annonces fermées et 3 achats 

]]></system-out>
</testcase>
<testcase name="testgetAvailableCash(User)[78]" classname="minebayd1.test.TestUser" time="0">
<system-out><![CDATA[
unique-id: [engine:junit-jupiter]/[class:minebayd1.test.TestUser]/[test-template:testgetAvailableCash(minebayd1.User)]/[test-template-invocation:#78]
display-name: [78] Chanez a 57 annonces ouvertes, 2 annonces fermées et 1 achats 

]]></system-out>
</testcase>
<testcase name="testgetAvailableCash(User)[79]" classname="minebayd1.test.TestUser" time="0">
<system-out><![CDATA[
unique-id: [engine:junit-jupiter]/[class:minebayd1.test.TestUser]/[test-template:testgetAvailableCash(minebayd1.User)]/[test-template-invocation:#79]
display-name: [79] Marc a 55 annonces ouvertes, 1 annonces fermées et 2 achats 

]]></system-out>
</testcase>
<testcase name="testgetAvailableCash(User)[80]" classname="minebayd1.test.TestUser" time="0.001">
<system-out><![CDATA[
unique-id: [engine:junit-jupiter]/[class:minebayd1.test.TestUser]/[test-template:testgetAvailableCash(minebayd1.User)]/[test-template-invocation:#80]
display-name: [80] Ismael a 59 annonces ouvertes, 1 annonces fermées et 3 achats 

]]></system-out>
</testcase>
<testcase name="testgetAvailableCash(User)[81]" classname="minebayd1.test.TestUser" time="0">
<system-out><![CDATA[
unique-id: [engine:junit-jupiter]/[class:minebayd1.test.TestUser]/[test-template:testgetAvailableCash(minebayd1.User)]/[test-template-invocation:#81]
display-name: [81] Chanez a 57 annonces ouvertes, 2 annonces fermées et 1 achats 

]]></system-out>
</testcase>
<testcase name="testgetAvailableCash(User)[82]" classname="minebayd1.test.TestUser" time="0">
<system-out><![CDATA[
unique-id: [engine:junit-jupiter]/[class:minebayd1.test.TestUser]/[test-template:testgetAvailableCash(minebayd1.User)]/[test-template-invocation:#82]
display-name: [82] Yanis a 61 annonces ouvertes, 4 annonces fermées et 3 achats 

]]></system-out>
</testcase>
<testcase name="testgetAvailableCash(User)[83]" classname="minebayd1.test.TestUser" time="0.002">
<system-out><![CDATA[
unique-id: [engine:junit-jupiter]/[class:minebayd1.test.TestUser]/[test-template:testgetAvailableCash(minebayd1.User)]/[test-template-invocation:#83]
display-name: [83] Marcel a 63 annonces ouvertes, 4 annonces fermées et 4 achats 

]]></system-out>
</testcase>
<testcase name="testgetAvailableCash(User)[84]" classname="minebayd1.test.TestUser" time="0.001">
<system-out><![CDATA[
unique-id: [engine:junit-jupiter]/[class:minebayd1.test.TestUser]/[test-template:testgetAvailableCash(minebayd1.User)]/[test-template-invocation:#84]
display-name: [84] Ayman a 53 annonces ouvertes, 4 annonces fermées et 4 achats 

]]></system-out>
</testcase>
<testcase name="testgetAvailableCash(User)[85]" classname="minebayd1.test.TestUser" time="0">
<system-out><![CDATA[
unique-id: [engine:junit-jupiter]/[class:minebayd1.test.TestUser]/[test-template:testgetAvailableCash(minebayd1.User)]/[test-template-invocation:#85]
display-name: [85] Lisa a 45 annonces ouvertes, 4 annonces fermées et 3 achats 

]]></system-out>
</testcase>
<testcase name="testgetAvailableCash(User)[86]" classname="minebayd1.test.TestUser" time="0">
<system-out><![CDATA[
unique-id: [engine:junit-jupiter]/[class:minebayd1.test.TestUser]/[test-template:testgetAvailableCash(minebayd1.User)]/[test-template-invocation:#86]
display-name: [86] Sonia a 47 annonces ouvertes, 2 annonces fermées et 2 achats 

]]></system-out>
</testcase>
<testcase name="testgetAvailableCash(User)[87]" classname="minebayd1.test.TestUser" time="0">
<system-out><![CDATA[
unique-id: [engine:junit-jupiter]/[class:minebayd1.test.TestUser]/[test-template:testgetAvailableCash(minebayd1.User)]/[test-template-invocation:#87]
display-name: [87] Yanis a 61 annonces ouvertes, 4 annonces fermées et 3 achats 

]]></system-out>
</testcase>
<testcase name="testgetAvailableCash(User)[88]" classname="minebayd1.test.TestUser" time="0">
<system-out><![CDATA[
unique-id: [engine:junit-jupiter]/[class:minebayd1.test.TestUser]/[test-template:testgetAvailableCash(minebayd1.User)]/[test-template-invocation:#88]
display-name: [88] Imam a 45 annonces ouvertes, 5 annonces fermées et 3 achats 

]]></system-out>
</testcase>
<testcase name="testgetAvailableCash(User)[89]" classname="minebayd1.test.TestUser" time="0">
<system-out><![CDATA[
unique-id: [engine:junit-jupiter]/[class:minebayd1.test.TestUser]/[test-template:testgetAvailableCash(minebayd1.User)]/[test-template-invocation:#89]
display-name: [89] Sonia a 47 annonces ouvertes, 2 annonces fermées et 2 achats 

]]></system-out>
</testcase>
<testcase name="testgetAvailableCash(User)[90]" classname="minebayd1.test.TestUser" time="0">
<system-out><![CDATA[
unique-id: [engine:junit-jupiter]/[class:minebayd1.test.TestUser]/[test-template:testgetAvailableCash(minebayd1.User)]/[test-template-invocation:#90]
display-name: [90] Marc a 55 annonces ouvertes, 1 annonces fermées et 2 achats 

]]></system-out>
</testcase>
<testcase name="testgetAvailableCash(User)[91]" classname="minebayd1.test.TestUser" time="0.001">
<system-out><![CDATA[
unique-id: [engine:junit-jupiter]/[class:minebayd1.test.TestUser]/[test-template:testgetAvailableCash(minebayd1.User)]/[test-template-invocation:#91]
display-name: [91] Lamia a 77 annonces ouvertes, 1 annonces fermées et 2 achats 

]]></system-out>
</testcase>
<testcase name="testgetAvailableCash(User)[92]" classname="minebayd1.test.TestUser" time="0">
<system-out><![CDATA[
unique-id: [engine:junit-jupiter]/[class:minebayd1.test.TestUser]/[test-template:testgetAvailableCash(minebayd1.User)]/[test-template-invocation:#92]
display-name: [92] Faycal a 51 annonces ouvertes, 3 annonces fermées et 4 achats 

]]></system-out>
</testcase>
<testcase name="testgetAvailableCash(User)[93]" classname="minebayd1.test.TestUser" time="0.001">
<system-out><![CDATA[
unique-id: [engine:junit-jupiter]/[class:minebayd1.test.TestUser]/[test-template:testgetAvailableCash(minebayd1.User)]/[test-template-invocation:#93]
display-name: [93] Aliou a 50 annonces ouvertes, 3 annonces fermées et 2 achats 

]]></system-out>
</testcase>
<testcase name="testgetAvailableCash(User)[94]" classname="minebayd1.test.TestUser" time="0">
<system-out><![CDATA[
unique-id: [engine:junit-jupiter]/[class:minebayd1.test.TestUser]/[test-template:testgetAvailableCash(minebayd1.User)]/[test-template-invocation:#94]
display-name: [94] Sonia a 47 annonces ouvertes, 2 annonces fermées et 2 achats 

]]></system-out>
</testcase>
<testcase name="testgetAvailableCash(User)[95]" classname="minebayd1.test.TestUser" time="0.001">
<system-out><![CDATA[
unique-id: [engine:junit-jupiter]/[class:minebayd1.test.TestUser]/[test-template:testgetAvailableCash(minebayd1.User)]/[test-template-invocation:#95]
display-name: [95] Ayman a 53 annonces ouvertes, 4 annonces fermées et 4 achats 

]]></system-out>
</testcase>
<testcase name="testgetAvailableCash(User)[96]" classname="minebayd1.test.TestUser" time="0.001">
<system-out><![CDATA[
unique-id: [engine:junit-jupiter]/[class:minebayd1.test.TestUser]/[test-template:testgetAvailableCash(minebayd1.User)]/[test-template-invocation:#96]
display-name: [96] Idir a 58 annonces ouvertes, 5 annonces fermées et 4 achats 

]]></system-out>
</testcase>
<testcase name="testgetAvailableCash(User)[97]" classname="minebayd1.test.TestUser" time="0">
<system-out><![CDATA[
unique-id: [engine:junit-jupiter]/[class:minebayd1.test.TestUser]/[test-template:testgetAvailableCash(minebayd1.User)]/[test-template-invocation:#97]
display-name: [97] Lisa a 45 annonces ouvertes, 4 annonces fermées et 3 achats 

]]></system-out>
</testcase>
<testcase name="testgetAvailableCash(User)[98]" classname="minebayd1.test.TestUser" time="0">
<system-out><![CDATA[
unique-id: [engine:junit-jupiter]/[class:minebayd1.test.TestUser]/[test-template:testgetAvailableCash(minebayd1.User)]/[test-template-invocation:#98]
display-name: [98] Marc a 55 annonces ouvertes, 1 annonces fermées et 2 achats 

]]></system-out>
</testcase>
<testcase name="testgetAvailableCash(User)[99]" classname="minebayd1.test.TestUser" time="0">
<system-out><![CDATA[
unique-id: [engine:junit-jupiter]/[class:minebayd1.test.TestUser]/[test-template:testgetAvailableCash(minebayd1.User)]/[test-template-invocation:#99]
display-name: [99] Yanis a 61 annonces ouvertes, 4 annonces fermées et 3 achats 

]]></system-out>
</testcase>
<testcase name="testgetAvailableCash(User)[100]" classname="minebayd1.test.TestUser" time="0">
<system-out><![CDATA[
unique-id: [engine:junit-jupiter]/[class:minebayd1.test.TestUser]/[test-template:testgetAvailableCash(minebayd1.User)]/[test-template-invocation:#100]
display-name: [100] Chanez a 57 annonces ouvertes, 2 annonces fermées et 1 achats 

]]></system-out>
</testcase>
<testcase name="testlastIndex(User)[1]" classname="minebayd1.test.TestUser" time="0.001">
<system-out><![CDATA[
unique-id: [engine:junit-jupiter]/[class:minebayd1.test.TestUser]/[test-template:testlastIndex(minebayd1.User)]/[test-template-invocation:#1]
display-name: [1] Ismael a 59 annonces ouvertes, 1 annonces fermées et 3 achats 

]]></system-out>
</testcase>
<testcase name="testlastIndex(User)[2]" classname="minebayd1.test.TestUser" time="0">
<system-out><![CDATA[
unique-id: [engine:junit-jupiter]/[class:minebayd1.test.TestUser]/[test-template:testlastIndex(minebayd1.User)]/[test-template-invocation:#2]
display-name: [2] Lisa a 45 annonces ouvertes, 4 annonces fermées et 3 achats 

]]></system-out>
</testcase>
<testcase name="testlastIndex(User)[3]" classname="minebayd1.test.TestUser" time="0.001">
<system-out><![CDATA[
unique-id: [engine:junit-jupiter]/[class:minebayd1.test.TestUser]/[test-template:testlastIndex(minebayd1.User)]/[test-template-invocation:#3]
display-name: [3] Issa a 70 annonces ouvertes, 3 annonces fermées et 3 achats 

]]></system-out>
</testcase>
<testcase name="testlastIndex(User)[4]" classname="minebayd1.test.TestUser" time="0.001">
<system-out><![CDATA[
unique-id: [engine:junit-jupiter]/[class:minebayd1.test.TestUser]/[test-template:testlastIndex(minebayd1.User)]/[test-template-invocation:#4]
display-name: [4] Ayman a 53 annonces ouvertes, 4 annonces fermées et 4 achats 

]]></system-out>
</testcase>
<testcase name="testlastIndex(User)[5]" classname="minebayd1.test.TestUser" time="0.001">
<system-out><![CDATA[
unique-id: [engine:junit-jupiter]/[class:minebayd1.test.TestUser]/[test-template:testlastIndex(minebayd1.User)]/[test-template-invocation:#5]
display-name: [5] Imam a 45 annonces ouvertes, 5 annonces fermées et 3 achats 

]]></system-out>
</testcase>
<testcase name="testlastIndex(User)[6]" classname="minebayd1.test.TestUser" time="0">
<system-out><![CDATA[
unique-id: [engine:junit-jupiter]/[class:minebayd1.test.TestUser]/[test-template:testlastIndex(minebayd1.User)]/[test-template-invocation:#6]
display-name: [6] Rosa a 40 annonces ouvertes, 4 annonces fermées et 2 achats 

]]></system-out>
</testcase>
<testcase name="testlastIndex(User)[7]" classname="minebayd1.test.TestUser" time="0.001">
<system-out><![CDATA[
unique-id: [engine:junit-jupiter]/[class:minebayd1.test.TestUser]/[test-template:testlastIndex(minebayd1.User)]/[test-template-invocation:#7]
display-name: [7] Ziad a 48 annonces ouvertes, 4 annonces fermées et 2 achats 

]]></system-out>
</testcase>
<testcase name="testlastIndex(User)[8]" classname="minebayd1.test.TestUser" time="0.001">
<system-out><![CDATA[
unique-id: [engine:junit-jupiter]/[class:minebayd1.test.TestUser]/[test-template:testlastIndex(minebayd1.User)]/[test-template-invocation:#8]
display-name: [8] Ziad a 48 annonces ouvertes, 4 annonces fermées et 2 achats 

]]></system-out>
</testcase>
<testcase name="testlastIndex(User)[9]" classname="minebayd1.test.TestUser" time="0.001">
<system-out><![CDATA[
unique-id: [engine:junit-jupiter]/[class:minebayd1.test.TestUser]/[test-template:testlastIndex(minebayd1.User)]/[test-template-invocation:#9]
display-name: [9] Aliou a 50 annonces ouvertes, 3 annonces fermées et 2 achats 

]]></system-out>
</testcase>
<testcase name="testlastIndex(User)[10]" classname="minebayd1.test.TestUser" time="0.001">
<system-out><![CDATA[
unique-id: [engine:junit-jupiter]/[class:minebayd1.test.TestUser]/[test-template:testlastIndex(minebayd1.User)]/[test-template-invocation:#10]
display-name: [10] Issa a 70 annonces ouvertes, 3 annonces fermées et 3 achats 

]]></system-out>
</testcase>
<testcase name="testlastIndex(User)[11]" classname="minebayd1.test.TestUser" time="0.001">
<system-out><![CDATA[
unique-id: [engine:junit-jupiter]/[class:minebayd1.test.TestUser]/[test-template:testlastIndex(minebayd1.User)]/[test-template-invocation:#11]
display-name: [11] Issa a 70 annonces ouvertes, 3 annonces fermées et 3 achats 

]]></system-out>
</testcase>
<testcase name="testlastIndex(User)[12]" classname="minebayd1.test.TestUser" time="0.002">
<system-out><![CDATA[
unique-id: [engine:junit-jupiter]/[class:minebayd1.test.TestUser]/[test-template:testlastIndex(minebayd1.User)]/[test-template-invocation:#12]
display-name: [12] Marcel a 63 annonces ouvertes, 4 annonces fermées et 4 achats 

]]></system-out>
</testcase>
<testcase name="testlastIndex(User)[13]" classname="minebayd1.test.TestUser" time="0.001">
<system-out><![CDATA[
unique-id: [engine:junit-jupiter]/[class:minebayd1.test.TestUser]/[test-template:testlastIndex(minebayd1.User)]/[test-template-invocation:#13]
display-name: [13] Ali a 57 annonces ouvertes, 6 annonces fermées et 3 achats 

]]></system-out>
</testcase>
<testcase name="testlastIndex(User)[14]" classname="minebayd1.test.TestUser" time="0.001">
<system-out><![CDATA[
unique-id: [engine:junit-jupiter]/[class:minebayd1.test.TestUser]/[test-template:testlastIndex(minebayd1.User)]/[test-template-invocation:#14]
display-name: [14] Ayman a 53 annonces ouvertes, 4 annonces fermées et 4 achats 

]]></system-out>
</testcase>
<testcase name="testlastIndex(User)[15]" classname="minebayd1.test.TestUser" time="0.001">
<system-out><![CDATA[
unique-id: [engine:junit-jupiter]/[class:minebayd1.test.TestUser]/[test-template:testlastIndex(minebayd1.User)]/[test-template-invocation:#15]
display-name: [15] Adam a 49 annonces ouvertes, 3 annonces fermées et 3 achats 

]]></system-out>
</testcase>
<testcase name="testlastIndex(User)[16]" classname="minebayd1.test.TestUser" time="0.001">
<system-out><![CDATA[
unique-id: [engine:junit-jupiter]/[class:minebayd1.test.TestUser]/[test-template:testlastIndex(minebayd1.User)]/[test-template-invocation:#16]
display-name: [16] Zahra a 42 annonces ouvertes, 0 annonces fermées et 2 achats 

]]></system-out>
</testcase>
<testcase name="testlastIndex(User)[17]" classname="minebayd1.test.TestUser" time="0.001">
<system-out><![CDATA[
unique-id: [engine:junit-jupiter]/[class:minebayd1.test.TestUser]/[test-template:testlastIndex(minebayd1.User)]/[test-template-invocation:#17]
display-name: [17] Ismael a 59 annonces ouvertes, 1 annonces fermées et 3 achats 

]]></system-out>
</testcase>
<testcase name="testlastIndex(User)[18]" classname="minebayd1.test.TestUser" time="0">
<system-out><![CDATA[
unique-id: [engine:junit-jupiter]/[class:minebayd1.test.TestUser]/[test-template:testlastIndex(minebayd1.User)]/[test-template-invocation:#18]
display-name: [18] Faycal a 51 annonces ouvertes, 3 annonces fermées et 4 achats 

]]></system-out>
</testcase>
<testcase name="testlastIndex(User)[19]" classname="minebayd1.test.TestUser" time="0">
<system-out><![CDATA[
unique-id: [engine:junit-jupiter]/[class:minebayd1.test.TestUser]/[test-template:testlastIndex(minebayd1.User)]/[test-template-invocation:#19]
display-name: [19] Yanis a 61 annonces ouvertes, 4 annonces fermées et 3 achats 

]]></system-out>
</testcase>
<testcase name="testlastIndex(User)[20]" classname="minebayd1.test.TestUser" time="0">
<system-out><![CDATA[
unique-id: [engine:junit-jupiter]/[class:minebayd1.test.TestUser]/[test-template:testlastIndex(minebayd1.User)]/[test-template-invocation:#20]
display-name: [20] Mohamed a 45 annonces ouvertes, 2 annonces fermées et 3 achats 

]]></system-out>
</testcase>
<testcase name="testlastIndex(User)[21]" classname="minebayd1.test.TestUser" time="0">
<system-out><![CDATA[
unique-id: [engine:junit-jupiter]/[class:minebayd1.test.TestUser]/[test-template:testlastIndex(minebayd1.User)]/[test-template-invocation:#21]
display-name: [21] Boris a 63 annonces ouvertes, 2 annonces fermées et 3 achats 

]]></system-out>
</testcase>
<testcase name="testlastIndex(User)[22]" classname="minebayd1.test.TestUser" time="0">
<system-out><![CDATA[
unique-id: [engine:junit-jupiter]/[class:minebayd1.test.TestUser]/[test-template:testlastIndex(minebayd1.User)]/[test-template-invocation:#22]
display-name: [22] Idir a 58 annonces ouvertes, 5 annonces fermées et 4 achats 

]]></system-out>
</testcase>
<testcase name="testlastIndex(User)[23]" classname="minebayd1.test.TestUser" time="0">
<system-out><![CDATA[
unique-id: [engine:junit-jupiter]/[class:minebayd1.test.TestUser]/[test-template:testlastIndex(minebayd1.User)]/[test-template-invocation:#23]
display-name: [23] Ismael a 59 annonces ouvertes, 1 annonces fermées et 3 achats 

]]></system-out>
</testcase>
<testcase name="testlastIndex(User)[24]" classname="minebayd1.test.TestUser" time="0">
<system-out><![CDATA[
unique-id: [engine:junit-jupiter]/[class:minebayd1.test.TestUser]/[test-template:testlastIndex(minebayd1.User)]/[test-template-invocation:#24]
display-name: [24] Zahra a 42 annonces ouvertes, 0 annonces fermées et 2 achats 

]]></system-out>
</testcase>
<testcase name="testlastIndex(User)[25]" classname="minebayd1.test.TestUser" time="0">
<system-out><![CDATA[
unique-id: [engine:junit-jupiter]/[class:minebayd1.test.TestUser]/[test-template:testlastIndex(minebayd1.User)]/[test-template-invocation:#25]
display-name: [25] Ayman a 53 annonces ouvertes, 4 annonces fermées et 4 achats 

]]></system-out>
</testcase>
<testcase name="testlastIndex(User)[26]" classname="minebayd1.test.TestUser" time="0">
<system-out><![CDATA[
unique-id: [engine:junit-jupiter]/[class:minebayd1.test.TestUser]/[test-template:testlastIndex(minebayd1.User)]/[test-template-invocation:#26]
display-name: [26] Sheraz a 49 annonces ouvertes, 3 annonces fermées et 6 achats 

]]></system-out>
</testcase>
<testcase name="testlastIndex(User)[27]" classname="minebayd1.test.TestUser" time="0">
<system-out><![CDATA[
unique-id: [engine:junit-jupiter]/[class:minebayd1.test.TestUser]/[test-template:testlastIndex(minebayd1.User)]/[test-template-invocation:#27]
display-name: [27] Idir a 58 annonces ouvertes, 5 annonces fermées et 4 achats 

]]></system-out>
</testcase>
<testcase name="testlastIndex(User)[28]" classname="minebayd1.test.TestUser" time="0">
<system-out><![CDATA[
unique-id: [engine:junit-jupiter]/[class:minebayd1.test.TestUser]/[test-template:testlastIndex(minebayd1.User)]/[test-template-invocation:#28]
display-name: [28] Issa a 70 annonces ouvertes, 3 annonces fermées et 3 achats 

]]></system-out>
</testcase>
<testcase name="testlastIndex(User)[29]" classname="minebayd1.test.TestUser" time="0">
<system-out><![CDATA[
unique-id: [engine:junit-jupiter]/[class:minebayd1.test.TestUser]/[test-template:testlastIndex(minebayd1.User)]/[test-template-invocation:#29]
display-name: [29] Rosa a 40 annonces ouvertes, 4 annonces fermées et 2 achats 

]]></system-out>
</testcase>
<testcase name="testlastIndex(User)[30]" classname="minebayd1.test.TestUser" time="0">
<system-out><![CDATA[
unique-id: [engine:junit-jupiter]/[class:minebayd1.test.TestUser]/[test-template:testlastIndex(minebayd1.User)]/[test-template-invocation:#30]
display-name: [30] Issa a 70 annonces ouvertes, 3 annonces fermées et 3 achats 

]]></system-out>
</testcase>
<testcase name="testlastIndex(User)[31]" classname="minebayd1.test.TestUser" time="0">
<system-out><![CDATA[
unique-id: [engine:junit-jupiter]/[class:minebayd1.test.TestUser]/[test-template:testlastIndex(minebayd1.User)]/[test-template-invocation:#31]
display-name: [31] Imam a 45 annonces ouvertes, 5 annonces fermées et 3 achats 

]]></system-out>
</testcase>
<testcase name="testlastIndex(User)[32]" classname="minebayd1.test.TestUser" time="0">
<system-out><![CDATA[
unique-id: [engine:junit-jupiter]/[class:minebayd1.test.TestUser]/[test-template:testlastIndex(minebayd1.User)]/[test-template-invocation:#32]
display-name: [32] Mohamed a 45 annonces ouvertes, 2 annonces fermées et 3 achats 

]]></system-out>
</testcase>
<testcase name="testlastIndex(User)[33]" classname="minebayd1.test.TestUser" time="0">
<system-out><![CDATA[
unique-id: [engine:junit-jupiter]/[class:minebayd1.test.TestUser]/[test-template:testlastIndex(minebayd1.User)]/[test-template-invocation:#33]
display-name: [33] Lyes a 65 annonces ouvertes, 1 annonces fermées et 3 achats 

]]></system-out>
</testcase>
<testcase name="testlastIndex(User)[34]" classname="minebayd1.test.TestUser" time="0.001">
<system-out><![CDATA[
unique-id: [engine:junit-jupiter]/[class:minebayd1.test.TestUser]/[test-template:testlastIndex(minebayd1.User)]/[test-template-invocation:#34]
display-name: [34] Ismael a 59 annonces ouvertes, 1 annonces fermées et 3 achats 

]]></system-out>
</testcase>
<testcase name="testlastIndex(User)[35]" classname="minebayd1.test.TestUser" time="0.001">
<system-out><![CDATA[
unique-id: [engine:junit-jupiter]/[class:minebayd1.test.TestUser]/[test-template:testlastIndex(minebayd1.User)]/[test-template-invocation:#35]
display-name: [35] Idir a 58 annonces ouvertes, 5 annonces fermées et 4 achats 

]]></system-out>
</testcase>
<testcase name="testlastIndex(User)[36]" classname="minebayd1.test.TestUser" time="0">
<system-out><![CDATA[
unique-id: [engine:junit-jupiter]/[class:minebayd1.test.TestUser]/[test-template:testlastIndex(minebayd1.User)]/[test-template-invocation:#36]
display-name: [36] Imam a 45 annonces ouvertes, 5 annonces fermées et 3 achats 

]]></system-out>
</testcase>
<testcase name="testlastIndex(User)[37]" classname="minebayd1.test.TestUser" time="0">
<system-out><![CDATA[
unique-id: [engine:junit-jupiter]/[class:minebayd1.test.TestUser]/[test-template:testlastIndex(minebayd1.User)]/[test-template-invocation:#37]
display-name: [37] Lamia a 77 annonces ouvertes, 1 annonces fermées et 2 achats 

]]></system-out>
</testcase>
<testcase name="testlastIndex(User)[38]" classname="minebayd1.test.TestUser" time="0">
<system-out><![CDATA[
unique-id: [engine:junit-jupiter]/[class:minebayd1.test.TestUser]/[test-template:testlastIndex(minebayd1.User)]/[test-template-invocation:#38]
display-name: [38] Yanis a 61 annonces ouvertes, 4 annonces fermées et 3 achats 

]]></system-out>
</testcase>
<testcase name="testlastIndex(User)[39]" classname="minebayd1.test.TestUser" time="0">
<system-out><![CDATA[
unique-id: [engine:junit-jupiter]/[class:minebayd1.test.TestUser]/[test-template:testlastIndex(minebayd1.User)]/[test-template-invocation:#39]
display-name: [39] Zahra a 42 annonces ouvertes, 0 annonces fermées et 2 achats 

]]></system-out>
</testcase>
<testcase name="testlastIndex(User)[40]" classname="minebayd1.test.TestUser" time="0">
<system-out><![CDATA[
unique-id: [engine:junit-jupiter]/[class:minebayd1.test.TestUser]/[test-template:testlastIndex(minebayd1.User)]/[test-template-invocation:#40]
display-name: [40] Ziad a 48 annonces ouvertes, 4 annonces fermées et 2 achats 

]]></system-out>
</testcase>
<testcase name="testlastIndex(User)[41]" classname="minebayd1.test.TestUser" time="0">
<system-out><![CDATA[
unique-id: [engine:junit-jupiter]/[class:minebayd1.test.TestUser]/[test-template:testlastIndex(minebayd1.User)]/[test-template-invocation:#41]
display-name: [41] Boris a 63 annonces ouvertes, 2 annonces fermées et 3 achats 

]]></system-out>
</testcase>
<testcase name="testlastIndex(User)[42]" classname="minebayd1.test.TestUser" time="0.001">
<system-out><![CDATA[
unique-id: [engine:junit-jupiter]/[class:minebayd1.test.TestUser]/[test-template:testlastIndex(minebayd1.User)]/[test-template-invocation:#42]
display-name: [42] Ali a 57 annonces ouvertes, 6 annonces fermées et 3 achats 

]]></system-out>
</testcase>
<testcase name="testlastIndex(User)[43]" classname="minebayd1.test.TestUser" time="0">
<system-out><![CDATA[
unique-id: [engine:junit-jupiter]/[class:minebayd1.test.TestUser]/[test-template:testlastIndex(minebayd1.User)]/[test-template-invocation:#43]
display-name: [43] Adam a 49 annonces ouvertes, 3 annonces fermées et 3 achats 

]]></system-out>
</testcase>
<testcase name="testlastIndex(User)[44]" classname="minebayd1.test.TestUser" time="0">
<system-out><![CDATA[
unique-id: [engine:junit-jupiter]/[class:minebayd1.test.TestUser]/[test-template:testlastIndex(minebayd1.User)]/[test-template-invocation:#44]
display-name: [44] Lisa a 45 annonces ouvertes, 4 annonces fermées et 3 achats 

]]></system-out>
</testcase>
<testcase name="testlastIndex(User)[45]" classname="minebayd1.test.TestUser" time="0">
<system-out><![CDATA[
unique-id: [engine:junit-jupiter]/[class:minebayd1.test.TestUser]/[test-template:testlastIndex(minebayd1.User)]/[test-template-invocation:#45]
display-name: [45] Ziad a 48 annonces ouvertes, 4 annonces fermées et 2 achats 

]]></system-out>
</testcase>
<testcase name="testlastIndex(User)[46]" classname="minebayd1.test.TestUser" time="0">
<system-out><![CDATA[
unique-id: [engine:junit-jupiter]/[class:minebayd1.test.TestUser]/[test-template:testlastIndex(minebayd1.User)]/[test-template-invocation:#46]
display-name: [46] Mohamed a 45 annonces ouvertes, 2 annonces fermées et 3 achats 

]]></system-out>
</testcase>
<testcase name="testlastIndex(User)[47]" classname="minebayd1.test.TestUser" time="0">
<system-out><![CDATA[
unique-id: [engine:junit-jupiter]/[class:minebayd1.test.TestUser]/[test-template:testlastIndex(minebayd1.User)]/[test-template-invocation:#47]
display-name: [47] Sheraz a 49 annonces ouvertes, 3 annonces fermées et 6 achats 

]]></system-out>
</testcase>
<testcase name="testlastIndex(User)[48]" classname="minebayd1.test.TestUser" time="0">
<system-out><![CDATA[
unique-id: [engine:junit-jupiter]/[class:minebayd1.test.TestUser]/[test-template:testlastIndex(minebayd1.User)]/[test-template-invocation:#48]
display-name: [48] Lyes a 65 annonces ouvertes, 1 annonces fermées et 3 achats 

]]></system-out>
</testcase>
<testcase name="testlastIndex(User)[49]" classname="minebayd1.test.TestUser" time="0.001">
<system-out><![CDATA[
unique-id: [engine:junit-jupiter]/[class:minebayd1.test.TestUser]/[test-template:testlastIndex(minebayd1.User)]/[test-template-invocation:#49]
display-name: [49] Boris a 63 annonces ouvertes, 2 annonces fermées et 3 achats 

]]></system-out>
</testcase>
<testcase name="testlastIndex(User)[50]" classname="minebayd1.test.TestUser" time="0">
<system-out><![CDATA[
unique-id: [engine:junit-jupiter]/[class:minebayd1.test.TestUser]/[test-template:testlastIndex(minebayd1.User)]/[test-template-invocation:#50]
display-name: [50] Marc a 55 annonces ouvertes, 1 annonces fermées et 2 achats 

]]></system-out>
</testcase>
<testcase name="testlastIndex(User)[51]" classname="minebayd1.test.TestUser" time="0">
<system-out><![CDATA[
unique-id: [engine:junit-jupiter]/[class:minebayd1.test.TestUser]/[test-template:testlastIndex(minebayd1.User)]/[test-template-invocation:#51]
display-name: [51] Zahra a 42 annonces ouvertes, 0 annonces fermées et 2 achats 

]]></system-out>
</testcase>
<testcase name="testlastIndex(User)[52]" classname="minebayd1.test.TestUser" time="0">
<system-out><![CDATA[
unique-id: [engine:junit-jupiter]/[class:minebayd1.test.TestUser]/[test-template:testlastIndex(minebayd1.User)]/[test-template-invocation:#52]
display-name: [52] Issa a 70 annonces ouvertes, 3 annonces fermées et 3 achats 

]]></system-out>
</testcase>
<testcase name="testlastIndex(User)[53]" classname="minebayd1.test.TestUser" time="0">
<system-out><![CDATA[
unique-id: [engine:junit-jupiter]/[class:minebayd1.test.TestUser]/[test-template:testlastIndex(minebayd1.User)]/[test-template-invocation:#53]
display-name: [53] Sheraz a 49 annonces ouvertes, 3 annonces fermées et 6 achats 

]]></system-out>
</testcase>
<testcase name="testlastIndex(User)[54]" classname="minebayd1.test.TestUser" time="0">
<system-out><![CDATA[
unique-id: [engine:junit-jupiter]/[class:minebayd1.test.TestUser]/[test-template:testlastIndex(minebayd1.User)]/[test-template-invocation:#54]
display-name: [54] Lamia a 77 annonces ouvertes, 1 annonces fermées et 2 achats 

]]></system-out>
</testcase>
<testcase name="testlastIndex(User)[55]" classname="minebayd1.test.TestUser" time="0">
<system-out><![CDATA[
unique-id: [engine:junit-jupiter]/[class:minebayd1.test.TestUser]/[test-template:testlastIndex(minebayd1.User)]/[test-template-invocation:#55]
display-name: [55] Faycal a 51 annonces ouvertes, 3 annonces fermées et 4 achats 

]]></system-out>
</testcase>
<testcase name="testlastIndex(User)[56]" classname="minebayd1.test.TestUser" time="0">
<system-out><![CDATA[
unique-id: [engine:junit-jupiter]/[class:minebayd1.test.TestUser]/[test-template:testlastIndex(minebayd1.User)]/[test-template-invocation:#56]
display-name: [56] Chanez a 57 annonces ouvertes, 2 annonces fermées et 1 achats 

]]></system-out>
</testcase>
<testcase name="testlastIndex(User)[57]" classname="minebayd1.test.TestUser" time="0.001">
<system-out><![CDATA[
unique-id: [engine:junit-jupiter]/[class:minebayd1.test.TestUser]/[test-template:testlastIndex(minebayd1.User)]/[test-template-invocation:#57]
display-name: [57] Ali a 57 annonces ouvertes, 6 annonces fermées et 3 achats 

]]></system-out>
</testcase>
<testcase name="testlastIndex(User)[58]" classname="minebayd1.test.TestUser" time="0">
<system-out><![CDATA[
unique-id: [engine:junit-jupiter]/[class:minebayd1.test.TestUser]/[test-template:testlastIndex(minebayd1.User)]/[test-template-invocation:#58]
display-name: [58] Lisa a 45 annonces ouvertes, 4 annonces fermées et 3 achats 

]]></system-out>
</testcase>
<testcase name="testlastIndex(User)[59]" classname="minebayd1.test.TestUser" time="0.001">
<system-out><![CDATA[
unique-id: [engine:junit-jupiter]/[class:minebayd1.test.TestUser]/[test-template:testlastIndex(minebayd1.User)]/[test-template-invocation:#59]
display-name: [59] Mounir a 59 annonces ouvertes, 2 annonces fermées et 2 achats 

]]></system-out>
</testcase>
<testcase name="testlastIndex(User)[60]" classname="minebayd1.test.TestUser" time="0.001">
<system-out><![CDATA[
unique-id: [engine:junit-jupiter]/[class:minebayd1.test.TestUser]/[test-template:testlastIndex(minebayd1.User)]/[test-template-invocation:#60]
display-name: [60] Ismael a 59 annonces ouvertes, 1 annonces fermées et 3 achats 

]]></system-out>
</testcase>
<testcase name="testlastIndex(User)[61]" classname="minebayd1.test.TestUser" time="0">
<system-out><![CDATA[
unique-id: [engine:junit-jupiter]/[class:minebayd1.test.TestUser]/[test-template:testlastIndex(minebayd1.User)]/[test-template-invocation:#61]
display-name: [61] Rosa a 40 annonces ouvertes, 4 annonces fermées et 2 achats 

]]></system-out>
</testcase>
<testcase name="testlastIndex(User)[62]" classname="minebayd1.test.TestUser" time="0">
<system-out><![CDATA[
unique-id: [engine:junit-jupiter]/[class:minebayd1.test.TestUser]/[test-template:testlastIndex(minebayd1.User)]/[test-template-invocation:#62]
display-name: [62] Pierre a 41 annonces ouvertes, 5 annonces fermées et 2 achats 

]]></system-out>
</testcase>
<testcase name="testlastIndex(User)[63]" classname="minebayd1.test.TestUser" time="0">
<system-out><![CDATA[
unique-id: [engine:junit-jupiter]/[class:minebayd1.test.TestUser]/[test-template:testlastIndex(minebayd1.User)]/[test-template-invocation:#63]
display-name: [63] Sonia a 47 annonces ouvertes, 2 annonces fermées et 2 achats 

]]></system-out>
</testcase>
<testcase name="testlastIndex(User)[64]" classname="minebayd1.test.TestUser" time="0">
<system-out><![CDATA[
unique-id: [engine:junit-jupiter]/[class:minebayd1.test.TestUser]/[test-template:testlastIndex(minebayd1.User)]/[test-template-invocation:#64]
display-name: [64] Rosa a 40 annonces ouvertes, 4 annonces fermées et 2 achats 

]]></system-out>
</testcase>
<testcase name="testlastIndex(User)[65]" classname="minebayd1.test.TestUser" time="0.001">
<system-out><![CDATA[
unique-id: [engine:junit-jupiter]/[class:minebayd1.test.TestUser]/[test-template:testlastIndex(minebayd1.User)]/[test-template-invocation:#65]
display-name: [65] Ali a 57 annonces ouvertes, 6 annonces fermées et 3 achats 

]]></system-out>
</testcase>
<testcase name="testlastIndex(User)[66]" classname="minebayd1.test.TestUser" time="0">
<system-out><![CDATA[
unique-id: [engine:junit-jupiter]/[class:minebayd1.test.TestUser]/[test-template:testlastIndex(minebayd1.User)]/[test-template-invocation:#66]
display-name: [66] Sonia a 47 annonces ouvertes, 2 annonces fermées et 2 achats 

]]></system-out>
</testcase>
<testcase name="testlastIndex(User)[67]" classname="minebayd1.test.TestUser" time="0">
<system-out><![CDATA[
unique-id: [engine:junit-jupiter]/[class:minebayd1.test.TestUser]/[test-template:testlastIndex(minebayd1.User)]/[test-template-invocation:#67]
display-name: [67] Zahra a 42 annonces ouvertes, 0 annonces fermées et 2 achats 

]]></system-out>
</testcase>
<testcase name="testlastIndex(User)[68]" classname="minebayd1.test.TestUser" time="0">
<system-out><![CDATA[
unique-id: [engine:junit-jupiter]/[class:minebayd1.test.TestUser]/[test-template:testlastIndex(minebayd1.User)]/[test-template-invocation:#68]
display-name: [68] Mohamed a 45 annonces ouvertes, 2 annonces fermées et 3 achats 

]]></system-out>
</testcase>
<testcase name="testlastIndex(User)[69]" classname="minebayd1.test.TestUser" time="0.002">
<system-out><![CDATA[
unique-id: [engine:junit-jupiter]/[class:minebayd1.test.TestUser]/[test-template:testlastIndex(minebayd1.User)]/[test-template-invocation:#69]
display-name: [69] Mamadou a 59 annonces ouvertes, 2 annonces fermées et 1 achats 

]]></system-out>
</testcase>
<testcase name="testlastIndex(User)[70]" classname="minebayd1.test.TestUser" time="0">
<system-out><![CDATA[
unique-id: [engine:junit-jupiter]/[class:minebayd1.test.TestUser]/[test-template:testlastIndex(minebayd1.User)]/[test-template-invocation:#70]
display-name: [70] Imam a 45 annonces ouvertes, 5 annonces fermées et 3 achats 

]]></system-out>
</testcase>
<testcase name="testlastIndex(User)[71]" classname="minebayd1.test.TestUser" time="0.001">
<system-out><![CDATA[
unique-id: [engine:junit-jupiter]/[class:minebayd1.test.TestUser]/[test-template:testlastIndex(minebayd1.User)]/[test-template-invocation:#71]
display-name: [71] Ismael a 59 annonces ouvertes, 1 annonces fermées et 3 achats 

]]></system-out>
</testcase>
<testcase name="testlastIndex(User)[72]" classname="minebayd1.test.TestUser" time="0">
<system-out><![CDATA[
unique-id: [engine:junit-jupiter]/[class:minebayd1.test.TestUser]/[test-template:testlastIndex(minebayd1.User)]/[test-template-invocation:#72]
display-name: [72] Lisa a 45 annonces ouvertes, 4 annonces fermées et 3 achats 

]]></system-out>
</testcase>
<testcase name="testlastIndex(User)[73]" classname="minebayd1.test.TestUser" time="0.001">
<system-out><![CDATA[
unique-id: [engine:junit-jupiter]/[class:minebayd1.test.TestUser]/[test-template:testlastIndex(minebayd1.User)]/[test-template-invocation:#73]
display-name: [73] Ismael a 59 annonces ouvertes, 1 annonces fermées et 3 achats 

]]></system-out>
</testcase>
<testcase name="testlastIndex(User)[74]" classname="minebayd1.test.TestUser" time="0">
<system-out><![CDATA[
unique-id: [engine:junit-jupiter]/[class:minebayd1.test.TestUser]/[test-template:testlastIndex(minebayd1.User)]/[test-template-invocation:#74]
display-name: [74] Faycal a 51 annonces ouvertes, 3 annonces fermées et 4 achats 

]]></system-out>
</testcase>
<testcase name="testlastIndex(User)[75]" classname="minebayd1.test.TestUser" time="0">
<system-out><![CDATA[
unique-id: [engine:junit-jupiter]/[class:minebayd1.test.TestUser]/[test-template:testlastIndex(minebayd1.User)]/[test-template-invocation:#75]
display-name: [75] Lisa a 45 annonces ouvertes, 4 annonces fermées et 3 achats 

]]></system-out>
</testcase>
<testcase name="testlastIndex(User)[76]" classname="minebayd1.test.TestUser" time="0">
<system-out><![CDATA[
unique-id: [engine:junit-jupiter]/[class:minebayd1.test.TestUser]/[test-template:testlastIndex(minebayd1.User)]/[test-template-invocation:#76]
display-name: [76] Mohamed a 45 annonces ouvertes, 2 annonces fermées et 3 achats 

]]></system-out>
</testcase>
<testcase name="testlastIndex(User)[77]" classname="minebayd1.test.TestUser" time="0">
<system-out><![CDATA[
unique-id: [engine:junit-jupiter]/[class:minebayd1.test.TestUser]/[test-template:testlastIndex(minebayd1.User)]/[test-template-invocation:#77]
display-name: [77] Pierre a 41 annonces ouvertes, 5 annonces fermées et 2 achats 

]]></system-out>
</testcase>
<testcase name="testlastIndex(User)[78]" classname="minebayd1.test.TestUser" time="0">
<system-out><![CDATA[
unique-id: [engine:junit-jupiter]/[class:minebayd1.test.TestUser]/[test-template:testlastIndex(minebayd1.User)]/[test-template-invocation:#78]
display-name: [78] Marc a 55 annonces ouvertes, 1 annonces fermées et 2 achats 

]]></system-out>
</testcase>
<testcase name="testlastIndex(User)[79]" classname="minebayd1.test.TestUser" time="0.001">
<system-out><![CDATA[
unique-id: [engine:junit-jupiter]/[class:minebayd1.test.TestUser]/[test-template:testlastIndex(minebayd1.User)]/[test-template-invocation:#79]
display-name: [79] Idir a 58 annonces ouvertes, 5 annonces fermées et 4 achats 

]]></system-out>
</testcase>
<testcase name="testlastIndex(User)[80]" classname="minebayd1.test.TestUser" time="0.001">
<system-out><![CDATA[
unique-id: [engine:junit-jupiter]/[class:minebayd1.test.TestUser]/[test-template:testlastIndex(minebayd1.User)]/[test-template-invocation:#80]
display-name: [80] Lamia a 77 annonces ouvertes, 1 annonces fermées et 2 achats 

]]></system-out>
</testcase>
<testcase name="testlastIndex(User)[81]" classname="minebayd1.test.TestUser" time="0.001">
<system-out><![CDATA[
unique-id: [engine:junit-jupiter]/[class:minebayd1.test.TestUser]/[test-template:testlastIndex(minebayd1.User)]/[test-template-invocation:#81]
display-name: [81] Lyes a 65 annonces ouvertes, 1 annonces fermées et 3 achats 

]]></system-out>
</testcase>
<testcase name="testlastIndex(User)[82]" classname="minebayd1.test.TestUser" time="0">
<system-out><![CDATA[
unique-id: [engine:junit-jupiter]/[class:minebayd1.test.TestUser]/[test-template:testlastIndex(minebayd1.User)]/[test-template-invocation:#82]
display-name: [82] Ayman a 53 annonces ouvertes, 4 annonces fermées et 4 achats 

]]></system-out>
</testcase>
<testcase name="testlastIndex(User)[83]" classname="minebayd1.test.TestUser" time="0.002">
<system-out><![CDATA[
unique-id: [engine:junit-jupiter]/[class:minebayd1.test.TestUser]/[test-template:testlastIndex(minebayd1.User)]/[test-template-invocation:#83]
display-name: [83] Boris a 63 annonces ouvertes, 2 annonces fermées et 3 achats 

]]></system-out>
</testcase>
<testcase name="testlastIndex(User)[84]" classname="minebayd1.test.TestUser" time="0">
<system-out><![CDATA[
unique-id: [engine:junit-jupiter]/[class:minebayd1.test.TestUser]/[test-template:testlastIndex(minebayd1.User)]/[test-template-invocation:#84]
display-name: [84] Mohamed a 45 annonces ouvertes, 2 annonces fermées et 3 achats 

]]></system-out>
</testcase>
<testcase name="testlastIndex(User)[85]" classname="minebayd1.test.TestUser" time="0.001">
<system-out><![CDATA[
unique-id: [engine:junit-jupiter]/[class:minebayd1.test.TestUser]/[test-template:testlastIndex(minebayd1.User)]/[test-template-invocation:#85]
display-name: [85] Lyes a 65 annonces ouvertes, 1 annonces fermées et 3 achats 

]]></system-out>
</testcase>
<testcase name="testlastIndex(User)[86]" classname="minebayd1.test.TestUser" time="0.002">
<system-out><![CDATA[
unique-id: [engine:junit-jupiter]/[class:minebayd1.test.TestUser]/[test-template:testlastIndex(minebayd1.User)]/[test-template-invocation:#86]
display-name: [86] Marcel a 63 annonces ouvertes, 4 annonces fermées et 4 achats 

]]></system-out>
</testcase>
<testcase name="testlastIndex(User)[87]" classname="minebayd1.test.TestUser" time="0.003">
<system-out><![CDATA[
unique-id: [engine:junit-jupiter]/[class:minebayd1.test.TestUser]/[test-template:testlastIndex(minebayd1.User)]/[test-template-invocation:#87]
display-name: [87] Marcel a 63 annonces ouvertes, 4 annonces fermées et 4 achats 

]]></system-out>
</testcase>
<testcase name="testlastIndex(User)[88]" classname="minebayd1.test.TestUser" time="0">
<system-out><![CDATA[
unique-id: [engine:junit-jupiter]/[class:minebayd1.test.TestUser]/[test-template:testlastIndex(minebayd1.User)]/[test-template-invocation:#88]
display-name: [88] Mohamed a 45 annonces ouvertes, 2 annonces fermées et 3 achats 

]]></system-out>
</testcase>
<testcase name="testlastIndex(User)[89]" classname="minebayd1.test.TestUser" time="0.001">
<system-out><![CDATA[
unique-id: [engine:junit-jupiter]/[class:minebayd1.test.TestUser]/[test-template:testlastIndex(minebayd1.User)]/[test-template-invocation:#89]
display-name: [89] Boris a 63 annonces ouvertes, 2 annonces fermées et 3 achats 

]]></system-out>
</testcase>
<testcase name="testlastIndex(User)[90]" classname="minebayd1.test.TestUser" time="0.001">
<system-out><![CDATA[
unique-id: [engine:junit-jupiter]/[class:minebayd1.test.TestUser]/[test-template:testlastIndex(minebayd1.User)]/[test-template-invocation:#90]
display-name: [90] Ziad a 48 annonces ouvertes, 4 annonces fermées et 2 achats 

]]></system-out>
</testcase>
<testcase name="testlastIndex(User)[91]" classname="minebayd1.test.TestUser" time="0.001">
<system-out><![CDATA[
unique-id: [engine:junit-jupiter]/[class:minebayd1.test.TestUser]/[test-template:testlastIndex(minebayd1.User)]/[test-template-invocation:#91]
display-name: [91] Nima a 50 annonces ouvertes, 1 annonces fermées et 4 achats 

]]></system-out>
</testcase>
<testcase name="testlastIndex(User)[92]" classname="minebayd1.test.TestUser" time="0.001">
<system-out><![CDATA[
unique-id: [engine:junit-jupiter]/[class:minebayd1.test.TestUser]/[test-template:testlastIndex(minebayd1.User)]/[test-template-invocation:#92]
display-name: [92] Nima a 50 annonces ouvertes, 1 annonces fermées et 4 achats 

]]></system-out>
</testcase>
<testcase name="testlastIndex(User)[93]" classname="minebayd1.test.TestUser" time="0.001">
<system-out><![CDATA[
unique-id: [engine:junit-jupiter]/[class:minebayd1.test.TestUser]/[test-template:testlastIndex(minebayd1.User)]/[test-template-invocation:#93]
display-name: [93] Marcel a 63 annonces ouvertes, 4 annonces fermées et 4 achats 

]]></system-out>
</testcase>
<testcase name="testlastIndex(User)[94]" classname="minebayd1.test.TestUser" time="0">
<system-out><![CDATA[
unique-id: [engine:junit-jupiter]/[class:minebayd1.test.TestUser]/[test-template:testlastIndex(minebayd1.User)]/[test-template-invocation:#94]
display-name: [94] Imam a 45 annonces ouvertes, 5 annonces fermées et 3 achats 

]]></system-out>
</testcase>
<testcase name="testlastIndex(User)[95]" classname="minebayd1.test.TestUser" time="0">
<system-out><![CDATA[
unique-id: [engine:junit-jupiter]/[class:minebayd1.test.TestUser]/[test-template:testlastIndex(minebayd1.User)]/[test-template-invocation:#95]
display-name: [95] Chanez a 57 annonces ouvertes, 2 annonces fermées et 1 achats 

]]></system-out>
</testcase>
<testcase name="testlastIndex(User)[96]" classname="minebayd1.test.TestUser" time="0">
<system-out><![CDATA[
unique-id: [engine:junit-jupiter]/[class:minebayd1.test.TestUser]/[test-template:testlastIndex(minebayd1.User)]/[test-template-invocation:#96]
display-name: [96] Yanis a 61 annonces ouvertes, 4 annonces fermées et 3 achats 

]]></system-out>
</testcase>
<testcase name="testlastIndex(User)[97]" classname="minebayd1.test.TestUser" time="0">
<system-out><![CDATA[
unique-id: [engine:junit-jupiter]/[class:minebayd1.test.TestUser]/[test-template:testlastIndex(minebayd1.User)]/[test-template-invocation:#97]
display-name: [97] Sonia a 47 annonces ouvertes, 2 annonces fermées et 2 achats 

]]></system-out>
</testcase>
<testcase name="testlastIndex(User)[98]" classname="minebayd1.test.TestUser" time="0.001">
<system-out><![CDATA[
unique-id: [engine:junit-jupiter]/[class:minebayd1.test.TestUser]/[test-template:testlastIndex(minebayd1.User)]/[test-template-invocation:#98]
display-name: [98] Boris a 63 annonces ouvertes, 2 annonces fermées et 3 achats 

]]></system-out>
</testcase>
<testcase name="testlastIndex(User)[99]" classname="minebayd1.test.TestUser" time="0.001">
<system-out><![CDATA[
unique-id: [engine:junit-jupiter]/[class:minebayd1.test.TestUser]/[test-template:testlastIndex(minebayd1.User)]/[test-template-invocation:#99]
display-name: [99] Ali a 57 annonces ouvertes, 6 annonces fermées et 3 achats 

]]></system-out>
</testcase>
<testcase name="testlastIndex(User)[100]" classname="minebayd1.test.TestUser" time="0">
<system-out><![CDATA[
unique-id: [engine:junit-jupiter]/[class:minebayd1.test.TestUser]/[test-template:testlastIndex(minebayd1.User)]/[test-template-invocation:#100]
display-name: [100] Faycal a 51 annonces ouvertes, 3 annonces fermées et 4 achats 

]]></system-out>
</testcase>
<testcase name="testselectAdState(User, AdState)[1]" classname="minebayd1.test.TestUser" time="0">
<system-out><![CDATA[
unique-id: [engine:junit-jupiter]/[class:minebayd1.test.TestUser]/[test-template:testselectAdState(minebayd1.User, minebayd1.AdState)]/[test-template-invocation:#1]
display-name: [1] Marc a 55 annonces ouvertes, 1 annonces fermées et 2 achats 
, CLOSED
]]></system-out>
</testcase>
<testcase name="testselectAdState(User, AdState)[2]" classname="minebayd1.test.TestUser" time="0">
<system-out><![CDATA[
unique-id: [engine:junit-jupiter]/[class:minebayd1.test.TestUser]/[test-template:testselectAdState(minebayd1.User, minebayd1.AdState)]/[test-template-invocation:#2]
display-name: [2] Yanis a 61 annonces ouvertes, 4 annonces fermées et 3 achats 
, OPEN
]]></system-out>
</testcase>
<testcase name="testselectAdState(User, AdState)[3]" classname="minebayd1.test.TestUser" time="0">
<system-out><![CDATA[
unique-id: [engine:junit-jupiter]/[class:minebayd1.test.TestUser]/[test-template:testselectAdState(minebayd1.User, minebayd1.AdState)]/[test-template-invocation:#3]
display-name: [3] Imam a 45 annonces ouvertes, 5 annonces fermées et 3 achats 
, CLOSED
]]></system-out>
</testcase>
<testcase name="testselectAdState(User, AdState)[4]" classname="minebayd1.test.TestUser" time="0">
<system-out><![CDATA[
unique-id: [engine:junit-jupiter]/[class:minebayd1.test.TestUser]/[test-template:testselectAdState(minebayd1.User, minebayd1.AdState)]/[test-template-invocation:#4]
display-name: [4] Rosa a 40 annonces ouvertes, 4 annonces fermées et 2 achats 
, CLOSED
]]></system-out>
</testcase>
<testcase name="testselectAdState(User, AdState)[5]" classname="minebayd1.test.TestUser" time="0">
<system-out><![CDATA[
unique-id: [engine:junit-jupiter]/[class:minebayd1.test.TestUser]/[test-template:testselectAdState(minebayd1.User, minebayd1.AdState)]/[test-template-invocation:#5]
display-name: [5] Marc a 55 annonces ouvertes, 1 annonces fermées et 2 achats 
, OPEN
]]></system-out>
</testcase>
<testcase name="testselectAdState(User, AdState)[6]" classname="minebayd1.test.TestUser" time="0.001">
<system-out><![CDATA[
unique-id: [engine:junit-jupiter]/[class:minebayd1.test.TestUser]/[test-template:testselectAdState(minebayd1.User, minebayd1.AdState)]/[test-template-invocation:#6]
display-name: [6] Ayman a 53 annonces ouvertes, 4 annonces fermées et 4 achats 
, OPEN
]]></system-out>
</testcase>
<testcase name="testselectAdState(User, AdState)[7]" classname="minebayd1.test.TestUser" time="0">
<system-out><![CDATA[
unique-id: [engine:junit-jupiter]/[class:minebayd1.test.TestUser]/[test-template:testselectAdState(minebayd1.User, minebayd1.AdState)]/[test-template-invocation:#7]
display-name: [7] Pierre a 41 annonces ouvertes, 5 annonces fermées et 2 achats 
, OPEN
]]></system-out>
</testcase>
<testcase name="testselectAdState(User, AdState)[8]" classname="minebayd1.test.TestUser" time="0">
<system-out><![CDATA[
unique-id: [engine:junit-jupiter]/[class:minebayd1.test.TestUser]/[test-template:testselectAdState(minebayd1.User, minebayd1.AdState)]/[test-template-invocation:#8]
display-name: [8] Sheraz a 49 annonces ouvertes, 3 annonces fermées et 6 achats 
, CLOSED
]]></system-out>
</testcase>
<testcase name="testselectAdState(User, AdState)[9]" classname="minebayd1.test.TestUser" time="0">
<system-out><![CDATA[
unique-id: [engine:junit-jupiter]/[class:minebayd1.test.TestUser]/[test-template:testselectAdState(minebayd1.User, minebayd1.AdState)]/[test-template-invocation:#9]
display-name: [9] Sheraz a 49 annonces ouvertes, 3 annonces fermées et 6 achats 
, CLOSED
]]></system-out>
</testcase>
<testcase name="testselectAdState(User, AdState)[10]" classname="minebayd1.test.TestUser" time="0.001">
<system-out><![CDATA[
unique-id: [engine:junit-jupiter]/[class:minebayd1.test.TestUser]/[test-template:testselectAdState(minebayd1.User, minebayd1.AdState)]/[test-template-invocation:#10]
display-name: [10] Ali a 57 annonces ouvertes, 6 annonces fermées et 3 achats 
, OPEN
]]></system-out>
</testcase>
<testcase name="testselectAdState(User, AdState)[11]" classname="minebayd1.test.TestUser" time="0.001">
<system-out><![CDATA[
unique-id: [engine:junit-jupiter]/[class:minebayd1.test.TestUser]/[test-template:testselectAdState(minebayd1.User, minebayd1.AdState)]/[test-template-invocation:#11]
display-name: [11] Mamadou a 59 annonces ouvertes, 2 annonces fermées et 1 achats 
, OPEN
]]></system-out>
</testcase>
<testcase name="testselectAdState(User, AdState)[12]" classname="minebayd1.test.TestUser" time="0">
<system-out><![CDATA[
unique-id: [engine:junit-jupiter]/[class:minebayd1.test.TestUser]/[test-template:testselectAdState(minebayd1.User, minebayd1.AdState)]/[test-template-invocation:#12]
display-name: [12] Sonia a 47 annonces ouvertes, 2 annonces fermées et 2 achats 
, OPEN
]]></system-out>
</testcase>
<testcase name="testselectAdState(User, AdState)[13]" classname="minebayd1.test.TestUser" time="0.001">
<system-out><![CDATA[
unique-id: [engine:junit-jupiter]/[class:minebayd1.test.TestUser]/[test-template:testselectAdState(minebayd1.User, minebayd1.AdState)]/[test-template-invocation:#13]
display-name: [13] Mounir a 59 annonces ouvertes, 2 annonces fermées et 2 achats 
, OPEN
]]></system-out>
</testcase>
<testcase name="testselectAdState(User, AdState)[14]" classname="minebayd1.test.TestUser" time="0">
<system-out><![CDATA[
unique-id: [engine:junit-jupiter]/[class:minebayd1.test.TestUser]/[test-template:testselectAdState(minebayd1.User, minebayd1.AdState)]/[test-template-invocation:#14]
display-name: [14] Lisa a 45 annonces ouvertes, 4 annonces fermées et 3 achats 
, OPEN
]]></system-out>
</testcase>
<testcase name="testselectAdState(User, AdState)[15]" classname="minebayd1.test.TestUser" time="0">
<system-out><![CDATA[
unique-id: [engine:junit-jupiter]/[class:minebayd1.test.TestUser]/[test-template:testselectAdState(minebayd1.User, minebayd1.AdState)]/[test-template-invocation:#15]
display-name: [15] Sonia a 47 annonces ouvertes, 2 annonces fermées et 2 achats 
, OPEN
]]></system-out>
</testcase>
<testcase name="testselectAdState(User, AdState)[16]" classname="minebayd1.test.TestUser" time="0.001">
<system-out><![CDATA[
unique-id: [engine:junit-jupiter]/[class:minebayd1.test.TestUser]/[test-template:testselectAdState(minebayd1.User, minebayd1.AdState)]/[test-template-invocation:#16]
display-name: [16] Lyes a 65 annonces ouvertes, 1 annonces fermées et 3 achats 
, CLOSED
]]></system-out>
</testcase>
<testcase name="testselectAdState(User, AdState)[17]" classname="minebayd1.test.TestUser" time="0.001">
<system-out><![CDATA[
unique-id: [engine:junit-jupiter]/[class:minebayd1.test.TestUser]/[test-template:testselectAdState(minebayd1.User, minebayd1.AdState)]/[test-template-invocation:#17]
display-name: [17] Ziad a 48 annonces ouvertes, 4 annonces fermées et 2 achats 
, OPEN
]]></system-out>
</testcase>
<testcase name="testselectAdState(User, AdState)[18]" classname="minebayd1.test.TestUser" time="0.001">
<system-out><![CDATA[
unique-id: [engine:junit-jupiter]/[class:minebayd1.test.TestUser]/[test-template:testselectAdState(minebayd1.User, minebayd1.AdState)]/[test-template-invocation:#18]
display-name: [18] Boris a 63 annonces ouvertes, 2 annonces fermées et 3 achats 
, PURCHASE
]]></system-out>
</testcase>
<testcase name="testselectAdState(User, AdState)[19]" classname="minebayd1.test.TestUser" time="0">
<system-out><![CDATA[
unique-id: [engine:junit-jupiter]/[class:minebayd1.test.TestUser]/[test-template:testselectAdState(minebayd1.User, minebayd1.AdState)]/[test-template-invocation:#19]
display-name: [19] Chanez a 57 annonces ouvertes, 2 annonces fermées et 1 achats 
, PURCHASE
]]></system-out>
</testcase>
<testcase name="testselectAdState(User, AdState)[20]" classname="minebayd1.test.TestUser" time="0">
<system-out><![CDATA[
unique-id: [engine:junit-jupiter]/[class:minebayd1.test.TestUser]/[test-template:testselectAdState(minebayd1.User, minebayd1.AdState)]/[test-template-invocation:#20]
display-name: [20] Faycal a 51 annonces ouvertes, 3 annonces fermées et 4 achats 
, OPEN
]]></system-out>
</testcase>
<testcase name="testselectAdState(User, AdState)[21]" classname="minebayd1.test.TestUser" time="0">
<system-out><![CDATA[
unique-id: [engine:junit-jupiter]/[class:minebayd1.test.TestUser]/[test-template:testselectAdState(minebayd1.User, minebayd1.AdState)]/[test-template-invocation:#21]
display-name: [21] Yanis a 61 annonces ouvertes, 4 annonces fermées et 3 achats 
, CLOSED
]]></system-out>
</testcase>
<testcase name="testselectAdState(User, AdState)[22]" classname="minebayd1.test.TestUser" time="0">
<system-out><![CDATA[
unique-id: [engine:junit-jupiter]/[class:minebayd1.test.TestUser]/[test-template:testselectAdState(minebayd1.User, minebayd1.AdState)]/[test-template-invocation:#22]
display-name: [22] Naila a 60 annonces ouvertes, 3 annonces fermées et 4 achats 
, OPEN
]]></system-out>
</testcase>
<testcase name="testselectAdState(User, AdState)[23]" classname="minebayd1.test.TestUser" time="0">
<system-out><![CDATA[
unique-id: [engine:junit-jupiter]/[class:minebayd1.test.TestUser]/[test-template:testselectAdState(minebayd1.User, minebayd1.AdState)]/[test-template-invocation:#23]
display-name: [23] Sheraz a 49 annonces ouvertes, 3 annonces fermées et 6 achats 
, OPEN
]]></system-out>
</testcase>
<testcase name="testselectAdState(User, AdState)[24]" classname="minebayd1.test.TestUser" time="0">
<system-out><![CDATA[
unique-id: [engine:junit-jupiter]/[class:minebayd1.test.TestUser]/[test-template:testselectAdState(minebayd1.User, minebayd1.AdState)]/[test-template-invocation:#24]
display-name: [24] Rosa a 40 annonces ouvertes, 4 annonces fermées et 2 achats 
, PURCHASE
]]></system-out>
</testcase>
<testcase name="testselectAdState(User, AdState)[25]" classname="minebayd1.test.TestUser" time="0">
<system-out><![CDATA[
unique-id: [engine:junit-jupiter]/[class:minebayd1.test.TestUser]/[test-template:testselectAdState(minebayd1.User, minebayd1.AdState)]/[test-template-invocation:#25]
display-name: [25] Lyes a 65 annonces ouvertes, 1 annonces fermées et 3 achats 
, OPEN
]]></system-out>
</testcase>
<testcase name="testselectAdState(User, AdState)[26]" classname="minebayd1.test.TestUser" time="0">
<system-out><![CDATA[
unique-id: [engine:junit-jupiter]/[class:minebayd1.test.TestUser]/[test-template:testselectAdState(minebayd1.User, minebayd1.AdState)]/[test-template-invocation:#26]
display-name: [26] Marc a 55 annonces ouvertes, 1 annonces fermées et 2 achats 
, CLOSED
]]></system-out>
</testcase>
<testcase name="testselectAdState(User, AdState)[27]" classname="minebayd1.test.TestUser" time="0">
<system-out><![CDATA[
unique-id: [engine:junit-jupiter]/[class:minebayd1.test.TestUser]/[test-template:testselectAdState(minebayd1.User, minebayd1.AdState)]/[test-template-invocation:#27]
display-name: [27] Boris a 63 annonces ouvertes, 2 annonces fermées et 3 achats 
, PURCHASE
]]></system-out>
</testcase>
<testcase name="testselectAdState(User, AdState)[28]" classname="minebayd1.test.TestUser" time="0">
<system-out><![CDATA[
unique-id: [engine:junit-jupiter]/[class:minebayd1.test.TestUser]/[test-template:testselectAdState(minebayd1.User, minebayd1.AdState)]/[test-template-invocation:#28]
display-name: [28] Mounir a 59 annonces ouvertes, 2 annonces fermées et 2 achats 
, CLOSED
]]></system-out>
</testcase>
<testcase name="testselectAdState(User, AdState)[29]" classname="minebayd1.test.TestUser" time="0">
<system-out><![CDATA[
unique-id: [engine:junit-jupiter]/[class:minebayd1.test.TestUser]/[test-template:testselectAdState(minebayd1.User, minebayd1.AdState)]/[test-template-invocation:#29]
display-name: [29] Chanez a 57 annonces ouvertes, 2 annonces fermées et 1 achats 
, OPEN
]]></system-out>
</testcase>
<testcase name="testselectAdState(User, AdState)[30]" classname="minebayd1.test.TestUser" time="0">
<system-out><![CDATA[
unique-id: [engine:junit-jupiter]/[class:minebayd1.test.TestUser]/[test-template:testselectAdState(minebayd1.User, minebayd1.AdState)]/[test-template-invocation:#30]
display-name: [30] Mohamed a 45 annonces ouvertes, 2 annonces fermées et 3 achats 
, PURCHASE
]]></system-out>
</testcase>
<testcase name="testselectAdState(User, AdState)[31]" classname="minebayd1.test.TestUser" time="0">
<system-out><![CDATA[
unique-id: [engine:junit-jupiter]/[class:minebayd1.test.TestUser]/[test-template:testselectAdState(minebayd1.User, minebayd1.AdState)]/[test-template-invocation:#31]
display-name: [31] Rosa a 40 annonces ouvertes, 4 annonces fermées et 2 achats 
, CLOSED
]]></system-out>
</testcase>
<testcase name="testselectAdState(User, AdState)[32]" classname="minebayd1.test.TestUser" time="0">
<system-out><![CDATA[
unique-id: [engine:junit-jupiter]/[class:minebayd1.test.TestUser]/[test-template:testselectAdState(minebayd1.User, minebayd1.AdState)]/[test-template-invocation:#32]
display-name: [32] Marcel a 63 annonces ouvertes, 4 annonces fermées et 4 achats 
, CLOSED
]]></system-out>
</testcase>
<testcase name="testselectAdState(User, AdState)[33]" classname="minebayd1.test.TestUser" time="0">
<system-out><![CDATA[
unique-id: [engine:junit-jupiter]/[class:minebayd1.test.TestUser]/[test-template:testselectAdState(minebayd1.User, minebayd1.AdState)]/[test-template-invocation:#33]
display-name: [33] Lamia a 77 annonces ouvertes, 1 annonces fermées et 2 achats 
, OPEN
]]></system-out>
</testcase>
<testcase name="testselectAdState(User, AdState)[34]" classname="minebayd1.test.TestUser" time="0">
<system-out><![CDATA[
unique-id: [engine:junit-jupiter]/[class:minebayd1.test.TestUser]/[test-template:testselectAdState(minebayd1.User, minebayd1.AdState)]/[test-template-invocation:#34]
display-name: [34] Imam a 45 annonces ouvertes, 5 annonces fermées et 3 achats 
, PURCHASE
]]></system-out>
</testcase>
<testcase name="testselectAdState(User, AdState)[35]" classname="minebayd1.test.TestUser" time="0">
<system-out><![CDATA[
unique-id: [engine:junit-jupiter]/[class:minebayd1.test.TestUser]/[test-template:testselectAdState(minebayd1.User, minebayd1.AdState)]/[test-template-invocation:#35]
display-name: [35] Yanis a 61 annonces ouvertes, 4 annonces fermées et 3 achats 
, CLOSED
]]></system-out>
</testcase>
<testcase name="testselectAdState(User, AdState)[36]" classname="minebayd1.test.TestUser" time="0">
<system-out><![CDATA[
unique-id: [engine:junit-jupiter]/[class:minebayd1.test.TestUser]/[test-template:testselectAdState(minebayd1.User, minebayd1.AdState)]/[test-template-invocation:#36]
display-name: [36] Mamadou a 59 annonces ouvertes, 2 annonces fermées et 1 achats 
, PURCHASE
]]></system-out>
</testcase>
<testcase name="testselectAdState(User, AdState)[37]" classname="minebayd1.test.TestUser" time="0">
<system-out><![CDATA[
unique-id: [engine:junit-jupiter]/[class:minebayd1.test.TestUser]/[test-template:testselectAdState(minebayd1.User, minebayd1.AdState)]/[test-template-invocation:#37]
display-name: [37] Sonia a 47 annonces ouvertes, 2 annonces fermées et 2 achats 
, PURCHASE
]]></system-out>
</testcase>
<testcase name="testselectAdState(User, AdState)[38]" classname="minebayd1.test.TestUser" time="0">
<system-out><![CDATA[
unique-id: [engine:junit-jupiter]/[class:minebayd1.test.TestUser]/[test-template:testselectAdState(minebayd1.User, minebayd1.AdState)]/[test-template-invocation:#38]
display-name: [38] Nima a 50 annonces ouvertes, 1 annonces fermées et 4 achats 
, CLOSED
]]></system-out>
</testcase>
<testcase name="testselectAdState(User, AdState)[39]" classname="minebayd1.test.TestUser" time="0">
<system-out><![CDATA[
unique-id: [engine:junit-jupiter]/[class:minebayd1.test.TestUser]/[test-template:testselectAdState(minebayd1.User, minebayd1.AdState)]/[test-template-invocation:#39]
display-name: [39] Mohamed a 45 annonces ouvertes, 2 annonces fermées et 3 achats 
, OPEN
]]></system-out>
</testcase>
<testcase name="testselectAdState(User, AdState)[40]" classname="minebayd1.test.TestUser" time="0">
<system-out><![CDATA[
unique-id: [engine:junit-jupiter]/[class:minebayd1.test.TestUser]/[test-template:testselectAdState(minebayd1.User, minebayd1.AdState)]/[test-template-invocation:#40]
display-name: [40] Ziad a 48 annonces ouvertes, 4 annonces fermées et 2 achats 
, PURCHASE
]]></system-out>
</testcase>
<testcase name="testselectAdState(User, AdState)[41]" classname="minebayd1.test.TestUser" time="0">
<system-out><![CDATA[
unique-id: [engine:junit-jupiter]/[class:minebayd1.test.TestUser]/[test-template:testselectAdState(minebayd1.User, minebayd1.AdState)]/[test-template-invocation:#41]
display-name: [41] Adam a 49 annonces ouvertes, 3 annonces fermées et 3 achats 
, OPEN
]]></system-out>
</testcase>
<testcase name="testselectAdState(User, AdState)[42]" classname="minebayd1.test.TestUser" time="0">
<system-out><![CDATA[
unique-id: [engine:junit-jupiter]/[class:minebayd1.test.TestUser]/[test-template:testselectAdState(minebayd1.User, minebayd1.AdState)]/[test-template-invocation:#42]
display-name: [42] Imam a 45 annonces ouvertes, 5 annonces fermées et 3 achats 
, CLOSED
]]></system-out>
</testcase>
<testcase name="testselectAdState(User, AdState)[43]" classname="minebayd1.test.TestUser" time="0">
<system-out><![CDATA[
unique-id: [engine:junit-jupiter]/[class:minebayd1.test.TestUser]/[test-template:testselectAdState(minebayd1.User, minebayd1.AdState)]/[test-template-invocation:#43]
display-name: [43] Ziad a 48 annonces ouvertes, 4 annonces fermées et 2 achats 
, PURCHASE
]]></system-out>
</testcase>
<testcase name="testselectAdState(User, AdState)[44]" classname="minebayd1.test.TestUser" time="0">
<system-out><![CDATA[
unique-id: [engine:junit-jupiter]/[class:minebayd1.test.TestUser]/[test-template:testselectAdState(minebayd1.User, minebayd1.AdState)]/[test-template-invocation:#44]
display-name: [44] Pierre a 41 annonces ouvertes, 5 annonces fermées et 2 achats 
, CLOSED
]]></system-out>
</testcase>
<testcase name="testselectAdState(User, AdState)[45]" classname="minebayd1.test.TestUser" time="0">
<system-out><![CDATA[
unique-id: [engine:junit-jupiter]/[class:minebayd1.test.TestUser]/[test-template:testselectAdState(minebayd1.User, minebayd1.AdState)]/[test-template-invocation:#45]
display-name: [45] Naila a 60 annonces ouvertes, 3 annonces fermées et 4 achats 
, PURCHASE
]]></system-out>
</testcase>
<testcase name="testselectAdState(User, AdState)[46]" classname="minebayd1.test.TestUser" time="0">
<system-out><![CDATA[
unique-id: [engine:junit-jupiter]/[class:minebayd1.test.TestUser]/[test-template:testselectAdState(minebayd1.User, minebayd1.AdState)]/[test-template-invocation:#46]
display-name: [46] Ayman a 53 annonces ouvertes, 4 annonces fermées et 4 achats 
, OPEN
]]></system-out>
</testcase>
<testcase name="testselectAdState(User, AdState)[47]" classname="minebayd1.test.TestUser" time="0">
<system-out><![CDATA[
unique-id: [engine:junit-jupiter]/[class:minebayd1.test.TestUser]/[test-template:testselectAdState(minebayd1.User, minebayd1.AdState)]/[test-template-invocation:#47]
display-name: [47] Ismael a 59 annonces ouvertes, 1 annonces fermées et 3 achats 
, CLOSED
]]></system-out>
</testcase>
<testcase name="testselectAdState(User, AdState)[48]" classname="minebayd1.test.TestUser" time="0">
<system-out><![CDATA[
unique-id: [engine:junit-jupiter]/[class:minebayd1.test.TestUser]/[test-template:testselectAdState(minebayd1.User, minebayd1.AdState)]/[test-template-invocation:#48]
display-name: [48] Zahra a 42 annonces ouvertes, 0 annonces fermées et 2 achats 
, PURCHASE
]]></system-out>
</testcase>
<testcase name="testselectAdState(User, AdState)[49]" classname="minebayd1.test.TestUser" time="0">
<system-out><![CDATA[
unique-id: [engine:junit-jupiter]/[class:minebayd1.test.TestUser]/[test-template:testselectAdState(minebayd1.User, minebayd1.AdState)]/[test-template-invocation:#49]
display-name: [49] Mounir a 59 annonces ouvertes, 2 annonces fermées et 2 achats 
, OPEN
]]></system-out>
</testcase>
<testcase name="testselectAdState(User, AdState)[50]" classname="minebayd1.test.TestUser" time="0">
<system-out><![CDATA[
unique-id: [engine:junit-jupiter]/[class:minebayd1.test.TestUser]/[test-template:testselectAdState(minebayd1.User, minebayd1.AdState)]/[test-template-invocation:#50]
display-name: [50] Issa a 70 annonces ouvertes, 3 annonces fermées et 3 achats 
, OPEN
]]></system-out>
</testcase>
<testcase name="testselectAdState(User, AdState)[51]" classname="minebayd1.test.TestUser" time="0">
<system-out><![CDATA[
unique-id: [engine:junit-jupiter]/[class:minebayd1.test.TestUser]/[test-template:testselectAdState(minebayd1.User, minebayd1.AdState)]/[test-template-invocation:#51]
display-name: [51] Ali a 57 annonces ouvertes, 6 annonces fermées et 3 achats 
, CLOSED
]]></system-out>
</testcase>
<testcase name="testselectAdState(User, AdState)[52]" classname="minebayd1.test.TestUser" time="0">
<system-out><![CDATA[
unique-id: [engine:junit-jupiter]/[class:minebayd1.test.TestUser]/[test-template:testselectAdState(minebayd1.User, minebayd1.AdState)]/[test-template-invocation:#52]
display-name: [52] Aliou a 50 annonces ouvertes, 3 annonces fermées et 2 achats 
, CLOSED
]]></system-out>
</testcase>
<testcase name="testselectAdState(User, AdState)[53]" classname="minebayd1.test.TestUser" time="0">
<system-out><![CDATA[
unique-id: [engine:junit-jupiter]/[class:minebayd1.test.TestUser]/[test-template:testselectAdState(minebayd1.User, minebayd1.AdState)]/[test-template-invocation:#53]
display-name: [53] Issa a 70 annonces ouvertes, 3 annonces fermées et 3 achats 
, OPEN
]]></system-out>
</testcase>
<testcase name="testselectAdState(User, AdState)[54]" classname="minebayd1.test.TestUser" time="0">
<system-out><![CDATA[
unique-id: [engine:junit-jupiter]/[class:minebayd1.test.TestUser]/[test-template:testselectAdState(minebayd1.User, minebayd1.AdState)]/[test-template-invocation:#54]
display-name: [54] Marc a 55 annonces ouvertes, 1 annonces fermées et 2 achats 
, CLOSED
]]></system-out>
</testcase>
<testcase name="testselectAdState(User, AdState)[55]" classname="minebayd1.test.TestUser" time="0">
<system-out><![CDATA[
unique-id: [engine:junit-jupiter]/[class:minebayd1.test.TestUser]/[test-template:testselectAdState(minebayd1.User, minebayd1.AdState)]/[test-template-invocation:#55]
display-name: [55] Sonia a 47 annonces ouvertes, 2 annonces fermées et 2 achats 
, PURCHASE
]]></system-out>
</testcase>
<testcase name="testselectAdState(User, AdState)[56]" classname="minebayd1.test.TestUser" time="0">
<system-out><![CDATA[
unique-id: [engine:junit-jupiter]/[class:minebayd1.test.TestUser]/[test-template:testselectAdState(minebayd1.User, minebayd1.AdState)]/[test-template-invocation:#56]
display-name: [56] Ismael a 59 annonces ouvertes, 1 annonces fermées et 3 achats 
, CLOSED
]]></system-out>
</testcase>
<testcase name="testselectAdState(User, AdState)[57]" classname="minebayd1.test.TestUser" time="0">
<system-out><![CDATA[
unique-id: [engine:junit-jupiter]/[class:minebayd1.test.TestUser]/[test-template:testselectAdState(minebayd1.User, minebayd1.AdState)]/[test-template-invocation:#57]
display-name: [57] Sonia a 47 annonces ouvertes, 2 annonces fermées et 2 achats 
, CLOSED
]]></system-out>
</testcase>
<testcase name="testselectAdState(User, AdState)[58]" classname="minebayd1.test.TestUser" time="0">
<system-out><![CDATA[
unique-id: [engine:junit-jupiter]/[class:minebayd1.test.TestUser]/[test-template:testselectAdState(minebayd1.User, minebayd1.AdState)]/[test-template-invocation:#58]
display-name: [58] Mounir a 59 annonces ouvertes, 2 annonces fermées et 2 achats 
, PURCHASE
]]></system-out>
</testcase>
<testcase name="testselectAdState(User, AdState)[59]" classname="minebayd1.test.TestUser" time="0">
<system-out><![CDATA[
unique-id: [engine:junit-jupiter]/[class:minebayd1.test.TestUser]/[test-template:testselectAdState(minebayd1.User, minebayd1.AdState)]/[test-template-invocation:#59]
display-name: [59] Sheraz a 49 annonces ouvertes, 3 annonces fermées et 6 achats 
, PURCHASE
]]></system-out>
</testcase>
<testcase name="testselectAdState(User, AdState)[60]" classname="minebayd1.test.TestUser" time="0">
<system-out><![CDATA[
unique-id: [engine:junit-jupiter]/[class:minebayd1.test.TestUser]/[test-template:testselectAdState(minebayd1.User, minebayd1.AdState)]/[test-template-invocation:#60]
display-name: [60] Idir a 58 annonces ouvertes, 5 annonces fermées et 4 achats 
, CLOSED
]]></system-out>
</testcase>
<testcase name="testselectAdState(User, AdState)[61]" classname="minebayd1.test.TestUser" time="0">
<system-out><![CDATA[
unique-id: [engine:junit-jupiter]/[class:minebayd1.test.TestUser]/[test-template:testselectAdState(minebayd1.User, minebayd1.AdState)]/[test-template-invocation:#61]
display-name: [61] Mamadou a 59 annonces ouvertes, 2 annonces fermées et 1 achats 
, CLOSED
]]></system-out>
</testcase>
<testcase name="testselectAdState(User, AdState)[62]" classname="minebayd1.test.TestUser" time="0">
<system-out><![CDATA[
unique-id: [engine:junit-jupiter]/[class:minebayd1.test.TestUser]/[test-template:testselectAdState(minebayd1.User, minebayd1.AdState)]/[test-template-invocation:#62]
display-name: [62] Marcel a 63 annonces ouvertes, 4 annonces fermées et 4 achats 
, PURCHASE
]]></system-out>
</testcase>
<testcase name="testselectAdState(User, AdState)[63]" classname="minebayd1.test.TestUser" time="0">
<system-out><![CDATA[
unique-id: [engine:junit-jupiter]/[class:minebayd1.test.TestUser]/[test-template:testselectAdState(minebayd1.User, minebayd1.AdState)]/[test-template-invocation:#63]
display-name: [63] Rosa a 40 annonces ouvertes, 4 annonces fermées et 2 achats 
, CLOSED
]]></system-out>
</testcase>
<testcase name="testselectAdState(User, AdState)[64]" classname="minebayd1.test.TestUser" time="0">
<system-out><![CDATA[
unique-id: [engine:junit-jupiter]/[class:minebayd1.test.TestUser]/[test-template:testselectAdState(minebayd1.User, minebayd1.AdState)]/[test-template-invocation:#64]
display-name: [64] Mohamed a 45 annonces ouvertes, 2 annonces fermées et 3 achats 
, PURCHASE
]]></system-out>
</testcase>
<testcase name="testselectAdState(User, AdState)[65]" classname="minebayd1.test.TestUser" time="0">
<system-out><![CDATA[
unique-id: [engine:junit-jupiter]/[class:minebayd1.test.TestUser]/[test-template:testselectAdState(minebayd1.User, minebayd1.AdState)]/[test-template-invocation:#65]
display-name: [65] Imam a 45 annonces ouvertes, 5 annonces fermées et 3 achats 
, OPEN
]]></system-out>
</testcase>
<testcase name="testselectAdState(User, AdState)[66]" classname="minebayd1.test.TestUser" time="0">
<system-out><![CDATA[
unique-id: [engine:junit-jupiter]/[class:minebayd1.test.TestUser]/[test-template:testselectAdState(minebayd1.User, minebayd1.AdState)]/[test-template-invocation:#66]
display-name: [66] Marcel a 63 annonces ouvertes, 4 annonces fermées et 4 achats 
, OPEN
]]></system-out>
</testcase>
<testcase name="testselectAdState(User, AdState)[67]" classname="minebayd1.test.TestUser" time="0">
<system-out><![CDATA[
unique-id: [engine:junit-jupiter]/[class:minebayd1.test.TestUser]/[test-template:testselectAdState(minebayd1.User, minebayd1.AdState)]/[test-template-invocation:#67]
display-name: [67] Issa a 70 annonces ouvertes, 3 annonces fermées et 3 achats 
, PURCHASE
]]></system-out>
</testcase>
<testcase name="testselectAdState(User, AdState)[68]" classname="minebayd1.test.TestUser" time="0">
<system-out><![CDATA[
unique-id: [engine:junit-jupiter]/[class:minebayd1.test.TestUser]/[test-template:testselectAdState(minebayd1.User, minebayd1.AdState)]/[test-template-invocation:#68]
display-name: [68] Lamia a 77 annonces ouvertes, 1 annonces fermées et 2 achats 
, OPEN
]]></system-out>
</testcase>
<testcase name="testselectAdState(User, AdState)[69]" classname="minebayd1.test.TestUser" time="0">
<system-out><![CDATA[
unique-id: [engine:junit-jupiter]/[class:minebayd1.test.TestUser]/[test-template:testselectAdState(minebayd1.User, minebayd1.AdState)]/[test-template-invocation:#69]
display-name: [69] Ali a 57 annonces ouvertes, 6 annonces fermées et 3 achats 
, OPEN
]]></system-out>
</testcase>
<testcase name="testselectAdState(User, AdState)[70]" classname="minebayd1.test.TestUser" time="0">
<system-out><![CDATA[
unique-id: [engine:junit-jupiter]/[class:minebayd1.test.TestUser]/[test-template:testselectAdState(minebayd1.User, minebayd1.AdState)]/[test-template-invocation:#70]
display-name: [70] Ali a 57 annonces ouvertes, 6 annonces fermées et 3 achats 
, CLOSED
]]></system-out>
</testcase>
<testcase name="testselectAdState(User, AdState)[71]" classname="minebayd1.test.TestUser" time="0">
<system-out><![CDATA[
unique-id: [engine:junit-jupiter]/[class:minebayd1.test.TestUser]/[test-template:testselectAdState(minebayd1.User, minebayd1.AdState)]/[test-template-invocation:#71]
display-name: [71] Mounir a 59 annonces ouvertes, 2 annonces fermées et 2 achats 
, OPEN
]]></system-out>
</testcase>
<testcase name="testselectAdState(User, AdState)[72]" classname="minebayd1.test.TestUser" time="0">
<system-out><![CDATA[
unique-id: [engine:junit-jupiter]/[class:minebayd1.test.TestUser]/[test-template:testselectAdState(minebayd1.User, minebayd1.AdState)]/[test-template-invocation:#72]
display-name: [72] Idir a 58 annonces ouvertes, 5 annonces fermées et 4 achats 
, OPEN
]]></system-out>
</testcase>
<testcase name="testselectAdState(User, AdState)[73]" classname="minebayd1.test.TestUser" time="0">
<system-out><![CDATA[
unique-id: [engine:junit-jupiter]/[class:minebayd1.test.TestUser]/[test-template:testselectAdState(minebayd1.User, minebayd1.AdState)]/[test-template-invocation:#73]
display-name: [73] Idir a 58 annonces ouvertes, 5 annonces fermées et 4 achats 
, OPEN
]]></system-out>
</testcase>
<testcase name="testselectAdState(User, AdState)[74]" classname="minebayd1.test.TestUser" time="0">
<system-out><![CDATA[
unique-id: [engine:junit-jupiter]/[class:minebayd1.test.TestUser]/[test-template:testselectAdState(minebayd1.User, minebayd1.AdState)]/[test-template-invocation:#74]
display-name: [74] Chanez a 57 annonces ouvertes, 2 annonces fermées et 1 achats 
, OPEN
]]></system-out>
</testcase>
<testcase name="testselectAdState(User, AdState)[75]" classname="minebayd1.test.TestUser" time="0">
<system-out><![CDATA[
unique-id: [engine:junit-jupiter]/[class:minebayd1.test.TestUser]/[test-template:testselectAdState(minebayd1.User, minebayd1.AdState)]/[test-template-invocation:#75]
display-name: [75] Marc a 55 annonces ouvertes, 1 annonces fermées et 2 achats 
, PURCHASE
]]></system-out>
</testcase>
<testcase name="testselectAdState(User, AdState)[76]" classname="minebayd1.test.TestUser" time="0">
<system-out><![CDATA[
unique-id: [engine:junit-jupiter]/[class:minebayd1.test.TestUser]/[test-template:testselectAdState(minebayd1.User, minebayd1.AdState)]/[test-template-invocation:#76]
display-name: [76] Zahra a 42 annonces ouvertes, 0 annonces fermées et 2 achats 
, PURCHASE
]]></system-out>
</testcase>
<testcase name="testselectAdState(User, AdState)[77]" classname="minebayd1.test.TestUser" time="0">
<system-out><![CDATA[
unique-id: [engine:junit-jupiter]/[class:minebayd1.test.TestUser]/[test-template:testselectAdState(minebayd1.User, minebayd1.AdState)]/[test-template-invocation:#77]
display-name: [77] Sheraz a 49 annonces ouvertes, 3 annonces fermées et 6 achats 
, OPEN
]]></system-out>
</testcase>
<testcase name="testselectAdState(User, AdState)[78]" classname="minebayd1.test.TestUser" time="0">
<system-out><![CDATA[
unique-id: [engine:junit-jupiter]/[class:minebayd1.test.TestUser]/[test-template:testselectAdState(minebayd1.User, minebayd1.AdState)]/[test-template-invocation:#78]
display-name: [78] Adam a 49 annonces ouvertes, 3 annonces fermées et 3 achats 
, OPEN
]]></system-out>
</testcase>
<testcase name="testselectAdState(User, AdState)[79]" classname="minebayd1.test.TestUser" time="0">
<system-out><![CDATA[
unique-id: [engine:junit-jupiter]/[class:minebayd1.test.TestUser]/[test-template:testselectAdState(minebayd1.User, minebayd1.AdState)]/[test-template-invocation:#79]
display-name: [79] Ali a 57 annonces ouvertes, 6 annonces fermées et 3 achats 
, CLOSED
]]></system-out>
</testcase>
<testcase name="testselectAdState(User, AdState)[80]" classname="minebayd1.test.TestUser" time="0">
<system-out><![CDATA[
unique-id: [engine:junit-jupiter]/[class:minebayd1.test.TestUser]/[test-template:testselectAdState(minebayd1.User, minebayd1.AdState)]/[test-template-invocation:#80]
display-name: [80] Faycal a 51 annonces ouvertes, 3 annonces fermées et 4 achats 
, PURCHASE
]]></system-out>
</testcase>
<testcase name="testselectAdState(User, AdState)[81]" classname="minebayd1.test.TestUser" time="0">
<system-out><![CDATA[
unique-id: [engine:junit-jupiter]/[class:minebayd1.test.TestUser]/[test-template:testselectAdState(minebayd1.User, minebayd1.AdState)]/[test-template-invocation:#81]
display-name: [81] Ayman a 53 annonces ouvertes, 4 annonces fermées et 4 achats 
, OPEN
]]></system-out>
</testcase>
<testcase name="testselectAdState(User, AdState)[82]" classname="minebayd1.test.TestUser" time="0">
<system-out><![CDATA[
unique-id: [engine:junit-jupiter]/[class:minebayd1.test.TestUser]/[test-template:testselectAdState(minebayd1.User, minebayd1.AdState)]/[test-template-invocation:#82]
display-name: [82] Sheraz a 49 annonces ouvertes, 3 annonces fermées et 6 achats 
, CLOSED
]]></system-out>
</testcase>
<testcase name="testselectAdState(User, AdState)[83]" classname="minebayd1.test.TestUser" time="0">
<system-out><![CDATA[
unique-id: [engine:junit-jupiter]/[class:minebayd1.test.TestUser]/[test-template:testselectAdState(minebayd1.User, minebayd1.AdState)]/[test-template-invocation:#83]
display-name: [83] Mamadou a 59 annonces ouvertes, 2 annonces fermées et 1 achats 
, OPEN
]]></system-out>
</testcase>
<testcase name="testselectAdState(User, AdState)[84]" classname="minebayd1.test.TestUser" time="0">
<system-out><![CDATA[
unique-id: [engine:junit-jupiter]/[class:minebayd1.test.TestUser]/[test-template:testselectAdState(minebayd1.User, minebayd1.AdState)]/[test-template-invocation:#84]
display-name: [84] Yanis a 61 annonces ouvertes, 4 annonces fermées et 3 achats 
, PURCHASE
]]></system-out>
</testcase>
<testcase name="testselectAdState(User, AdState)[85]" classname="minebayd1.test.TestUser" time="0">
<system-out><![CDATA[
unique-id: [engine:junit-jupiter]/[class:minebayd1.test.TestUser]/[test-template:testselectAdState(minebayd1.User, minebayd1.AdState)]/[test-template-invocation:#85]
display-name: [85] Pierre a 41 annonces ouvertes, 5 annonces fermées et 2 achats 
, CLOSED
]]></system-out>
</testcase>
<testcase name="testselectAdState(User, AdState)[86]" classname="minebayd1.test.TestUser" time="0">
<system-out><![CDATA[
unique-id: [engine:junit-jupiter]/[class:minebayd1.test.TestUser]/[test-template:testselectAdState(minebayd1.User, minebayd1.AdState)]/[test-template-invocation:#86]
display-name: [86] Pierre a 41 annonces ouvertes, 5 annonces fermées et 2 achats 
, PURCHASE
]]></system-out>
</testcase>
<testcase name="testselectAdState(User, AdState)[87]" classname="minebayd1.test.TestUser" time="0">
<system-out><![CDATA[
unique-id: [engine:junit-jupiter]/[class:minebayd1.test.TestUser]/[test-template:testselectAdState(minebayd1.User, minebayd1.AdState)]/[test-template-invocation:#87]
display-name: [87] Sonia a 47 annonces ouvertes, 2 annonces fermées et 2 achats 
, PURCHASE
]]></system-out>
</testcase>
<testcase name="testselectAdState(User, AdState)[88]" classname="minebayd1.test.TestUser" time="0">
<system-out><![CDATA[
unique-id: [engine:junit-jupiter]/[class:minebayd1.test.TestUser]/[test-template:testselectAdState(minebayd1.User, minebayd1.AdState)]/[test-template-invocation:#88]
display-name: [88] Faycal a 51 annonces ouvertes, 3 annonces fermées et 4 achats 
, CLOSED
]]></system-out>
</testcase>
<testcase name="testselectAdState(User, AdState)[89]" classname="minebayd1.test.TestUser" time="0">
<system-out><![CDATA[
unique-id: [engine:junit-jupiter]/[class:minebayd1.test.TestUser]/[test-template:testselectAdState(minebayd1.User, minebayd1.AdState)]/[test-template-invocation:#89]
display-name: [89] Nima a 50 annonces ouvertes, 1 annonces fermées et 4 achats 
, PURCHASE
]]></system-out>
</testcase>
<testcase name="testselectAdState(User, AdState)[90]" classname="minebayd1.test.TestUser" time="0">
<system-out><![CDATA[
unique-id: [engine:junit-jupiter]/[class:minebayd1.test.TestUser]/[test-template:testselectAdState(minebayd1.User, minebayd1.AdState)]/[test-template-invocation:#90]
display-name: [90] Ziad a 48 annonces ouvertes, 4 annonces fermées et 2 achats 
, CLOSED
]]></system-out>
</testcase>
<testcase name="testselectAdState(User, AdState)[91]" classname="minebayd1.test.TestUser" time="0">
<system-out><![CDATA[
unique-id: [engine:junit-jupiter]/[class:minebayd1.test.TestUser]/[test-template:testselectAdState(minebayd1.User, minebayd1.AdState)]/[test-template-invocation:#91]
display-name: [91] Chanez a 57 annonces ouvertes, 2 annonces fermées et 1 achats 
, CLOSED
]]></system-out>
</testcase>
<testcase name="testselectAdState(User, AdState)[92]" classname="minebayd1.test.TestUser" time="0">
<system-out><![CDATA[
unique-id: [engine:junit-jupiter]/[class:minebayd1.test.TestUser]/[test-template:testselectAdState(minebayd1.User, minebayd1.AdState)]/[test-template-invocation:#92]
display-name: [92] Lisa a 45 annonces ouvertes, 4 annonces fermées et 3 achats 
, OPEN
]]></system-out>
</testcase>
<testcase name="testselectAdState(User, AdState)[93]" classname="minebayd1.test.TestUser" time="0">
<system-out><![CDATA[
unique-id: [engine:junit-jupiter]/[class:minebayd1.test.TestUser]/[test-template:testselectAdState(minebayd1.User, minebayd1.AdState)]/[test-template-invocation:#93]
display-name: [93] Mohamed a 45 annonces ouvertes, 2 annonces fermées et 3 achats 
, PURCHASE
]]></system-out>
</testcase>
<testcase name="testselectAdState(User, AdState)[94]" classname="minebayd1.test.TestUser" time="0">
<system-out><![CDATA[
unique-id: [engine:junit-jupiter]/[class:minebayd1.test.TestUser]/[test-template:testselectAdState(minebayd1.User, minebayd1.AdState)]/[test-template-invocation:#94]
display-name: [94] Ismael a 59 annonces ouvertes, 1 annonces fermées et 3 achats 
, CLOSED
]]></system-out>
</testcase>
<testcase name="testselectAdState(User, AdState)[95]" classname="minebayd1.test.TestUser" time="0">
<system-out><![CDATA[
unique-id: [engine:junit-jupiter]/[class:minebayd1.test.TestUser]/[test-template:testselectAdState(minebayd1.User, minebayd1.AdState)]/[test-template-invocation:#95]
display-name: [95] Adam a 49 annonces ouvertes, 3 annonces fermées et 3 achats 
, OPEN
]]></system-out>
</testcase>
<testcase name="testselectAdState(User, AdState)[96]" classname="minebayd1.test.TestUser" time="0">
<system-out><![CDATA[
unique-id: [engine:junit-jupiter]/[class:minebayd1.test.TestUser]/[test-template:testselectAdState(minebayd1.User, minebayd1.AdState)]/[test-template-invocation:#96]
display-name: [96] Naila a 60 annonces ouvertes, 3 annonces fermées et 4 achats 
, CLOSED
]]></system-out>
</testcase>
<testcase name="testselectAdState(User, AdState)[97]" classname="minebayd1.test.TestUser" time="0">
<system-out><![CDATA[
unique-id: [engine:junit-jupiter]/[class:minebayd1.test.TestUser]/[test-template:testselectAdState(minebayd1.User, minebayd1.AdState)]/[test-template-invocation:#97]
display-name: [97] Ismael a 59 annonces ouvertes, 1 annonces fermées et 3 achats 
, PURCHASE
]]></system-out>
</testcase>
<testcase name="testselectAdState(User, AdState)[98]" classname="minebayd1.test.TestUser" time="0">
<system-out><![CDATA[
unique-id: [engine:junit-jupiter]/[class:minebayd1.test.TestUser]/[test-template:testselectAdState(minebayd1.User, minebayd1.AdState)]/[test-template-invocation:#98]
display-name: [98] Faycal a 51 annonces ouvertes, 3 annonces fermées et 4 achats 
, CLOSED
]]></system-out>
</testcase>
<testcase name="testselectAdState(User, AdState)[99]" classname="minebayd1.test.TestUser" time="0">
<system-out><![CDATA[
unique-id: [engine:junit-jupiter]/[class:minebayd1.test.TestUser]/[test-template:testselectAdState(minebayd1.User, minebayd1.AdState)]/[test-template-invocation:#99]
display-name: [99] Imam a 45 annonces ouvertes, 5 annonces fermées et 3 achats 
, PURCHASE
]]></system-out>
</testcase>
<testcase name="testselectAdState(User, AdState)[100]" classname="minebayd1.test.TestUser" time="0">
<system-out><![CDATA[
unique-id: [engine:junit-jupiter]/[class:minebayd1.test.TestUser]/[test-template:testselectAdState(minebayd1.User, minebayd1.AdState)]/[test-template-invocation:#100]
display-name: [100] Sheraz a 49 annonces ouvertes, 3 annonces fermées et 6 achats 
, OPEN
]]></system-out>
</testcase>
<testcase name="testselectCategory(User, Category)[1]" classname="minebayd1.test.TestUser" time="0">
<system-out><![CDATA[
unique-id: [engine:junit-jupiter]/[class:minebayd1.test.TestUser]/[test-template:testselectCategory(minebayd1.User, minebayd1.Category)]/[test-template-invocation:#1]
display-name: [1] Mamadou a 59 annonces ouvertes, 2 annonces fermées et 1 achats 
, BOOKS
]]></system-out>
</testcase>
<testcase name="testselectCategory(User, Category)[2]" classname="minebayd1.test.TestUser" time="0">
<system-out><![CDATA[
unique-id: [engine:junit-jupiter]/[class:minebayd1.test.TestUser]/[test-template:testselectCategory(minebayd1.User, minebayd1.Category)]/[test-template-invocation:#2]
display-name: [2] Ayman a 53 annonces ouvertes, 4 annonces fermées et 4 achats 
, BOOKS
]]></system-out>
</testcase>
<testcase name="testselectCategory(User, Category)[3]" classname="minebayd1.test.TestUser" time="0">
<system-out><![CDATA[
unique-id: [engine:junit-jupiter]/[class:minebayd1.test.TestUser]/[test-template:testselectCategory(minebayd1.User, minebayd1.Category)]/[test-template-invocation:#3]
display-name: [3] Ayman a 53 annonces ouvertes, 4 annonces fermées et 4 achats 
, COMPUTERS
]]></system-out>
</testcase>
<testcase name="testselectCategory(User, Category)[4]" classname="minebayd1.test.TestUser" time="0">
<system-out><![CDATA[
unique-id: [engine:junit-jupiter]/[class:minebayd1.test.TestUser]/[test-template:testselectCategory(minebayd1.User, minebayd1.Category)]/[test-template-invocation:#4]
display-name: [4] Mohamed a 45 annonces ouvertes, 2 annonces fermées et 3 achats 
, GAMES
]]></system-out>
</testcase>
<testcase name="testselectCategory(User, Category)[5]" classname="minebayd1.test.TestUser" time="0">
<system-out><![CDATA[
unique-id: [engine:junit-jupiter]/[class:minebayd1.test.TestUser]/[test-template:testselectCategory(minebayd1.User, minebayd1.Category)]/[test-template-invocation:#5]
display-name: [5] Mohamed a 45 annonces ouvertes, 2 annonces fermées et 3 achats 
, CLOTHES
]]></system-out>
</testcase>
<testcase name="testselectCategory(User, Category)[6]" classname="minebayd1.test.TestUser" time="0">
<system-out><![CDATA[
unique-id: [engine:junit-jupiter]/[class:minebayd1.test.TestUser]/[test-template:testselectCategory(minebayd1.User, minebayd1.Category)]/[test-template-invocation:#6]
display-name: [6] Ismael a 59 annonces ouvertes, 1 annonces fermées et 3 achats 
, SHOES
]]></system-out>
</testcase>
<testcase name="testselectCategory(User, Category)[7]" classname="minebayd1.test.TestUser" time="0">
<system-out><![CDATA[
unique-id: [engine:junit-jupiter]/[class:minebayd1.test.TestUser]/[test-template:testselectCategory(minebayd1.User, minebayd1.Category)]/[test-template-invocation:#7]
display-name: [7] Mohamed a 45 annonces ouvertes, 2 annonces fermées et 3 achats 
, SHOES
]]></system-out>
</testcase>
<testcase name="testselectCategory(User, Category)[8]" classname="minebayd1.test.TestUser" time="0">
<system-out><![CDATA[
unique-id: [engine:junit-jupiter]/[class:minebayd1.test.TestUser]/[test-template:testselectCategory(minebayd1.User, minebayd1.Category)]/[test-template-invocation:#8]
display-name: [8] Issa a 70 annonces ouvertes, 3 annonces fermées et 3 achats 
, BOOKS
]]></system-out>
</testcase>
<testcase name="testselectCategory(User, Category)[9]" classname="minebayd1.test.TestUser" time="0">
<system-out><![CDATA[
unique-id: [engine:junit-jupiter]/[class:minebayd1.test.TestUser]/[test-template:testselectCategory(minebayd1.User, minebayd1.Category)]/[test-template-invocation:#9]
display-name: [9] Mounir a 59 annonces ouvertes, 2 annonces fermées et 2 achats 
, BOOKS
]]></system-out>
</testcase>
<testcase name="testselectCategory(User, Category)[10]" classname="minebayd1.test.TestUser" time="0">
<system-out><![CDATA[
unique-id: [engine:junit-jupiter]/[class:minebayd1.test.TestUser]/[test-template:testselectCategory(minebayd1.User, minebayd1.Category)]/[test-template-invocation:#10]
display-name: [10] Marcel a 63 annonces ouvertes, 4 annonces fermées et 4 achats 
, SHOES
]]></system-out>
</testcase>
<testcase name="testselectCategory(User, Category)[11]" classname="minebayd1.test.TestUser" time="0">
<system-out><![CDATA[
unique-id: [engine:junit-jupiter]/[class:minebayd1.test.TestUser]/[test-template:testselectCategory(minebayd1.User, minebayd1.Category)]/[test-template-invocation:#11]
display-name: [11] Lisa a 45 annonces ouvertes, 4 annonces fermées et 3 achats 
, COMPUTERS
]]></system-out>
</testcase>
<testcase name="testselectCategory(User, Category)[12]" classname="minebayd1.test.TestUser" time="0">
<system-out><![CDATA[
unique-id: [engine:junit-jupiter]/[class:minebayd1.test.TestUser]/[test-template:testselectCategory(minebayd1.User, minebayd1.Category)]/[test-template-invocation:#12]
display-name: [12] Mamadou a 59 annonces ouvertes, 2 annonces fermées et 1 achats 
, BOOKS
]]></system-out>
</testcase>
<testcase name="testselectCategory(User, Category)[13]" classname="minebayd1.test.TestUser" time="0">
<system-out><![CDATA[
unique-id: [engine:junit-jupiter]/[class:minebayd1.test.TestUser]/[test-template:testselectCategory(minebayd1.User, minebayd1.Category)]/[test-template-invocation:#13]
display-name: [13] Ismael a 59 annonces ouvertes, 1 annonces fermées et 3 achats 
, CLOTHES
]]></system-out>
</testcase>
<testcase name="testselectCategory(User, Category)[14]" classname="minebayd1.test.TestUser" time="0">
<system-out><![CDATA[
unique-id: [engine:junit-jupiter]/[class:minebayd1.test.TestUser]/[test-template:testselectCategory(minebayd1.User, minebayd1.Category)]/[test-template-invocation:#14]
display-name: [14] Ziad a 48 annonces ouvertes, 4 annonces fermées et 2 achats 
, SHOES
]]></system-out>
</testcase>
<testcase name="testselectCategory(User, Category)[15]" classname="minebayd1.test.TestUser" time="0">
<system-out><![CDATA[
unique-id: [engine:junit-jupiter]/[class:minebayd1.test.TestUser]/[test-template:testselectCategory(minebayd1.User, minebayd1.Category)]/[test-template-invocation:#15]
display-name: [15] Ali a 57 annonces ouvertes, 6 annonces fermées et 3 achats 
, GAMES
]]></system-out>
</testcase>
<testcase name="testselectCategory(User, Category)[16]" classname="minebayd1.test.TestUser" time="0">
<system-out><![CDATA[
unique-id: [engine:junit-jupiter]/[class:minebayd1.test.TestUser]/[test-template:testselectCategory(minebayd1.User, minebayd1.Category)]/[test-template-invocation:#16]
display-name: [16] Mounir a 59 annonces ouvertes, 2 annonces fermées et 2 achats 
, BOOKS
]]></system-out>
</testcase>
<testcase name="testselectCategory(User, Category)[17]" classname="minebayd1.test.TestUser" time="0">
<system-out><![CDATA[
unique-id: [engine:junit-jupiter]/[class:minebayd1.test.TestUser]/[test-template:testselectCategory(minebayd1.User, minebayd1.Category)]/[test-template-invocation:#17]
display-name: [17] Marcel a 63 annonces ouvertes, 4 annonces fermées et 4 achats 
, CLOTHES
]]></system-out>
</testcase>
<testcase name="testselectCategory(User, Category)[18]" classname="minebayd1.test.TestUser" time="0">
<system-out><![CDATA[
unique-id: [engine:junit-jupiter]/[class:minebayd1.test.TestUser]/[test-template:testselectCategory(minebayd1.User, minebayd1.Category)]/[test-template-invocation:#18]
display-name: [18] Mounir a 59 annonces ouvertes, 2 annonces fermées et 2 achats 
, BOOKS
]]></system-out>
</testcase>
<testcase name="testselectCategory(User, Category)[19]" classname="minebayd1.test.TestUser" time="0">
<system-out><![CDATA[
unique-id: [engine:junit-jupiter]/[class:minebayd1.test.TestUser]/[test-template:testselectCategory(minebayd1.User, minebayd1.Category)]/[test-template-invocation:#19]
display-name: [19] Mohamed a 45 annonces ouvertes, 2 annonces fermées et 3 achats 
, BOOKS
]]></system-out>
</testcase>
<testcase name="testselectCategory(User, Category)[20]" classname="minebayd1.test.TestUser" time="0">
<system-out><![CDATA[
unique-id: [engine:junit-jupiter]/[class:minebayd1.test.TestUser]/[test-template:testselectCategory(minebayd1.User, minebayd1.Category)]/[test-template-invocation:#20]
display-name: [20] Marc a 55 annonces ouvertes, 1 annonces fermées et 2 achats 
, BOOKS
]]></system-out>
</testcase>
<testcase name="testselectCategory(User, Category)[21]" classname="minebayd1.test.TestUser" time="0">
<system-out><![CDATA[
unique-id: [engine:junit-jupiter]/[class:minebayd1.test.TestUser]/[test-template:testselectCategory(minebayd1.User, minebayd1.Category)]/[test-template-invocation:#21]
display-name: [21] Chanez a 57 annonces ouvertes, 2 annonces fermées et 1 achats 
, BOOKS
]]></system-out>
</testcase>
<testcase name="testselectCategory(User, Category)[22]" classname="minebayd1.test.TestUser" time="0">
<system-out><![CDATA[
unique-id: [engine:junit-jupiter]/[class:minebayd1.test.TestUser]/[test-template:testselectCategory(minebayd1.User, minebayd1.Category)]/[test-template-invocation:#22]
display-name: [22] Boris a 63 annonces ouvertes, 2 annonces fermées et 3 achats 
, SHOES
]]></system-out>
</testcase>
<testcase name="testselectCategory(User, Category)[23]" classname="minebayd1.test.TestUser" time="0">
<system-out><![CDATA[
unique-id: [engine:junit-jupiter]/[class:minebayd1.test.TestUser]/[test-template:testselectCategory(minebayd1.User, minebayd1.Category)]/[test-template-invocation:#23]
display-name: [23] Boris a 63 annonces ouvertes, 2 annonces fermées et 3 achats 
, COMPUTERS
]]></system-out>
</testcase>
<testcase name="testselectCategory(User, Category)[24]" classname="minebayd1.test.TestUser" time="0">
<system-out><![CDATA[
unique-id: [engine:junit-jupiter]/[class:minebayd1.test.TestUser]/[test-template:testselectCategory(minebayd1.User, minebayd1.Category)]/[test-template-invocation:#24]
display-name: [24] Mamadou a 59 annonces ouvertes, 2 annonces fermées et 1 achats 
, SHOES
]]></system-out>
</testcase>
<testcase name="testselectCategory(User, Category)[25]" classname="minebayd1.test.TestUser" time="0">
<system-out><![CDATA[
unique-id: [engine:junit-jupiter]/[class:minebayd1.test.TestUser]/[test-template:testselectCategory(minebayd1.User, minebayd1.Category)]/[test-template-invocation:#25]
display-name: [25] Chanez a 57 annonces ouvertes, 2 annonces fermées et 1 achats 
, CLOTHES
]]></system-out>
</testcase>
<testcase name="testselectCategory(User, Category)[26]" classname="minebayd1.test.TestUser" time="0">
<system-out><![CDATA[
unique-id: [engine:junit-jupiter]/[class:minebayd1.test.TestUser]/[test-template:testselectCategory(minebayd1.User, minebayd1.Category)]/[test-template-invocation:#26]
display-name: [26] Nima a 50 annonces ouvertes, 1 annonces fermées et 4 achats 
, CLOTHES
]]></system-out>
</testcase>
<testcase name="testselectCategory(User, Category)[27]" classname="minebayd1.test.TestUser" time="0">
<system-out><![CDATA[
unique-id: [engine:junit-jupiter]/[class:minebayd1.test.TestUser]/[test-template:testselectCategory(minebayd1.User, minebayd1.Category)]/[test-template-invocation:#27]
display-name: [27] Ziad a 48 annonces ouvertes, 4 annonces fermées et 2 achats 
, BOOKS
]]></system-out>
</testcase>
<testcase name="testselectCategory(User, Category)[28]" classname="minebayd1.test.TestUser" time="0">
<system-out><![CDATA[
unique-id: [engine:junit-jupiter]/[class:minebayd1.test.TestUser]/[test-template:testselectCategory(minebayd1.User, minebayd1.Category)]/[test-template-invocation:#28]
display-name: [28] Mamadou a 59 annonces ouvertes, 2 annonces fermées et 1 achats 
, COMPUTERS
]]></system-out>
</testcase>
<testcase name="testselectCategory(User, Category)[29]" classname="minebayd1.test.TestUser" time="0">
<system-out><![CDATA[
unique-id: [engine:junit-jupiter]/[class:minebayd1.test.TestUser]/[test-template:testselectCategory(minebayd1.User, minebayd1.Category)]/[test-template-invocation:#29]
display-name: [29] Rosa a 40 annonces ouvertes, 4 annonces fermées et 2 achats 
, COMPUTERS
]]></system-out>
</testcase>
<testcase name="testselectCategory(User, Category)[30]" classname="minebayd1.test.TestUser" time="0">
<system-out><![CDATA[
unique-id: [engine:junit-jupiter]/[class:minebayd1.test.TestUser]/[test-template:testselectCategory(minebayd1.User, minebayd1.Category)]/[test-template-invocation:#30]
display-name: [30] Ali a 57 annonces ouvertes, 6 annonces fermées et 3 achats 
, BOOKS
]]></system-out>
</testcase>
<testcase name="testselectCategory(User, Category)[31]" classname="minebayd1.test.TestUser" time="0">
<system-out><![CDATA[
unique-id: [engine:junit-jupiter]/[class:minebayd1.test.TestUser]/[test-template:testselectCategory(minebayd1.User, minebayd1.Category)]/[test-template-invocation:#31]
display-name: [31] Issa a 70 annonces ouvertes, 3 annonces fermées et 3 achats 
, SHOES
]]></system-out>
</testcase>
<testcase name="testselectCategory(User, Category)[32]" classname="minebayd1.test.TestUser" time="0">
<system-out><![CDATA[
unique-id: [engine:junit-jupiter]/[class:minebayd1.test.TestUser]/[test-template:testselectCategory(minebayd1.User, minebayd1.Category)]/[test-template-invocation:#32]
display-name: [32] Naila a 60 annonces ouvertes, 3 annonces fermées et 4 achats 
, BOOKS
]]></system-out>
</testcase>
<testcase name="testselectCategory(User, Category)[33]" classname="minebayd1.test.TestUser" time="0">
<system-out><![CDATA[
unique-id: [engine:junit-jupiter]/[class:minebayd1.test.TestUser]/[test-template:testselectCategory(minebayd1.User, minebayd1.Category)]/[test-template-invocation:#33]
display-name: [33] Lyes a 65 annonces ouvertes, 1 annonces fermées et 3 achats 
, CLOTHES
]]></system-out>
</testcase>
<testcase name="testselectCategory(User, Category)[34]" classname="minebayd1.test.TestUser" time="0">
<system-out><![CDATA[
unique-id: [engine:junit-jupiter]/[class:minebayd1.test.TestUser]/[test-template:testselectCategory(minebayd1.User, minebayd1.Category)]/[test-template-invocation:#34]
display-name: [34] Boris a 63 annonces ouvertes, 2 annonces fermées et 3 achats 
, COMPUTERS
]]></system-out>
</testcase>
<testcase name="testselectCategory(User, Category)[35]" classname="minebayd1.test.TestUser" time="0">
<system-out><![CDATA[
unique-id: [engine:junit-jupiter]/[class:minebayd1.test.TestUser]/[test-template:testselectCategory(minebayd1.User, minebayd1.Category)]/[test-template-invocation:#35]
display-name: [35] Sheraz a 49 annonces ouvertes, 3 annonces fermées et 6 achats 
, BOOKS
]]></system-out>
</testcase>
<testcase name="testselectCategory(User, Category)[36]" classname="minebayd1.test.TestUser" time="0">
<system-out><![CDATA[
unique-id: [engine:junit-jupiter]/[class:minebayd1.test.TestUser]/[test-template:testselectCategory(minebayd1.User, minebayd1.Category)]/[test-template-invocation:#36]
display-name: [36] Marcel a 63 annonces ouvertes, 4 annonces fermées et 4 achats 
, COMPUTERS
]]></system-out>
</testcase>
<testcase name="testselectCategory(User, Category)[37]" classname="minebayd1.test.TestUser" time="0">
<system-out><![CDATA[
unique-id: [engine:junit-jupiter]/[class:minebayd1.test.TestUser]/[test-template:testselectCategory(minebayd1.User, minebayd1.Category)]/[test-template-invocation:#37]
display-name: [37] Rosa a 40 annonces ouvertes, 4 annonces fermées et 2 achats 
, COMPUTERS
]]></system-out>
</testcase>
<testcase name="testselectCategory(User, Category)[38]" classname="minebayd1.test.TestUser" time="0">
<system-out><![CDATA[
unique-id: [engine:junit-jupiter]/[class:minebayd1.test.TestUser]/[test-template:testselectCategory(minebayd1.User, minebayd1.Category)]/[test-template-invocation:#38]
display-name: [38] Sheraz a 49 annonces ouvertes, 3 annonces fermées et 6 achats 
, CLOTHES
]]></system-out>
</testcase>
<testcase name="testselectCategory(User, Category)[39]" classname="minebayd1.test.TestUser" time="0">
<system-out><![CDATA[
unique-id: [engine:junit-jupiter]/[class:minebayd1.test.TestUser]/[test-template:testselectCategory(minebayd1.User, minebayd1.Category)]/[test-template-invocation:#39]
display-name: [39] Rosa a 40 annonces ouvertes, 4 annonces fermées et 2 achats 
, GAMES
]]></system-out>
</testcase>
<testcase name="testselectCategory(User, Category)[40]" classname="minebayd1.test.TestUser" time="0">
<system-out><![CDATA[
unique-id: [engine:junit-jupiter]/[class:minebayd1.test.TestUser]/[test-template:testselectCategory(minebayd1.User, minebayd1.Category)]/[test-template-invocation:#40]
display-name: [40] Ayman a 53 annonces ouvertes, 4 annonces fermées et 4 achats 
, GAMES
]]></system-out>
</testcase>
<testcase name="testselectCategory(User, Category)[41]" classname="minebayd1.test.TestUser" time="0">
<system-out><![CDATA[
unique-id: [engine:junit-jupiter]/[class:minebayd1.test.TestUser]/[test-template:testselectCategory(minebayd1.User, minebayd1.Category)]/[test-template-invocation:#41]
display-name: [41] Rosa a 40 annonces ouvertes, 4 annonces fermées et 2 achats 
, GAMES
]]></system-out>
</testcase>
<testcase name="testselectCategory(User, Category)[42]" classname="minebayd1.test.TestUser" time="0">
<system-out><![CDATA[
unique-id: [engine:junit-jupiter]/[class:minebayd1.test.TestUser]/[test-template:testselectCategory(minebayd1.User, minebayd1.Category)]/[test-template-invocation:#42]
display-name: [42] Rosa a 40 annonces ouvertes, 4 annonces fermées et 2 achats 
, COMPUTERS
]]></system-out>
</testcase>
<testcase name="testselectCategory(User, Category)[43]" classname="minebayd1.test.TestUser" time="0">
<system-out><![CDATA[
unique-id: [engine:junit-jupiter]/[class:minebayd1.test.TestUser]/[test-template:testselectCategory(minebayd1.User, minebayd1.Category)]/[test-template-invocation:#43]
display-name: [43] Ali a 57 annonces ouvertes, 6 annonces fermées et 3 achats 
, CLOTHES
]]></system-out>
</testcase>
<testcase name="testselectCategory(User, Category)[44]" classname="minebayd1.test.TestUser" time="0">
<system-out><![CDATA[
unique-id: [engine:junit-jupiter]/[class:minebayd1.test.TestUser]/[test-template:testselectCategory(minebayd1.User, minebayd1.Category)]/[test-template-invocation:#44]
display-name: [44] Chanez a 57 annonces ouvertes, 2 annonces fermées et 1 achats 
, BOOKS
]]></system-out>
</testcase>
<testcase name="testselectCategory(User, Category)[45]" classname="minebayd1.test.TestUser" time="0">
<system-out><![CDATA[
unique-id: [engine:junit-jupiter]/[class:minebayd1.test.TestUser]/[test-template:testselectCategory(minebayd1.User, minebayd1.Category)]/[test-template-invocation:#45]
display-name: [45] Nima a 50 annonces ouvertes, 1 annonces fermées et 4 achats 
, COMPUTERS
]]></system-out>
</testcase>
<testcase name="testselectCategory(User, Category)[46]" classname="minebayd1.test.TestUser" time="0">
<system-out><![CDATA[
unique-id: [engine:junit-jupiter]/[class:minebayd1.test.TestUser]/[test-template:testselectCategory(minebayd1.User, minebayd1.Category)]/[test-template-invocation:#46]
display-name: [46] Mohamed a 45 annonces ouvertes, 2 annonces fermées et 3 achats 
, BOOKS
]]></system-out>
</testcase>
<testcase name="testselectCategory(User, Category)[47]" classname="minebayd1.test.TestUser" time="0">
<system-out><![CDATA[
unique-id: [engine:junit-jupiter]/[class:minebayd1.test.TestUser]/[test-template:testselectCategory(minebayd1.User, minebayd1.Category)]/[test-template-invocation:#47]
display-name: [47] Idir a 58 annonces ouvertes, 5 annonces fermées et 4 achats 
, CLOTHES
]]></system-out>
</testcase>
<testcase name="testselectCategory(User, Category)[48]" classname="minebayd1.test.TestUser" time="0">
<system-out><![CDATA[
unique-id: [engine:junit-jupiter]/[class:minebayd1.test.TestUser]/[test-template:testselectCategory(minebayd1.User, minebayd1.Category)]/[test-template-invocation:#48]
display-name: [48] Lisa a 45 annonces ouvertes, 4 annonces fermées et 3 achats 
, SHOES
]]></system-out>
</testcase>
<testcase name="testselectCategory(User, Category)[49]" classname="minebayd1.test.TestUser" time="0">
<system-out><![CDATA[
unique-id: [engine:junit-jupiter]/[class:minebayd1.test.TestUser]/[test-template:testselectCategory(minebayd1.User, minebayd1.Category)]/[test-template-invocation:#49]
display-name: [49] Rosa a 40 annonces ouvertes, 4 annonces fermées et 2 achats 
, BOOKS
]]></system-out>
</testcase>
<testcase name="testselectCategory(User, Category)[50]" classname="minebayd1.test.TestUser" time="0">
<system-out><![CDATA[
unique-id: [engine:junit-jupiter]/[class:minebayd1.test.TestUser]/[test-template:testselectCategory(minebayd1.User, minebayd1.Category)]/[test-template-invocation:#50]
display-name: [50] Issa a 70 annonces ouvertes, 3 annonces fermées et 3 achats 
, CLOTHES
]]></system-out>
</testcase>
<testcase name="testselectCategory(User, Category)[51]" classname="minebayd1.test.TestUser" time="0">
<system-out><![CDATA[
unique-id: [engine:junit-jupiter]/[class:minebayd1.test.TestUser]/[test-template:testselectCategory(minebayd1.User, minebayd1.Category)]/[test-template-invocation:#51]
display-name: [51] Pierre a 41 annonces ouvertes, 5 annonces fermées et 2 achats 
, BOOKS
]]></system-out>
</testcase>
<testcase name="testselectCategory(User, Category)[52]" classname="minebayd1.test.TestUser" time="0">
<system-out><![CDATA[
unique-id: [engine:junit-jupiter]/[class:minebayd1.test.TestUser]/[test-template:testselectCategory(minebayd1.User, minebayd1.Category)]/[test-template-invocation:#52]
display-name: [52] Ali a 57 annonces ouvertes, 6 annonces fermées et 3 achats 
, SHOES
]]></system-out>
</testcase>
<testcase name="testselectCategory(User, Category)[53]" classname="minebayd1.test.TestUser" time="0">
<system-out><![CDATA[
unique-id: [engine:junit-jupiter]/[class:minebayd1.test.TestUser]/[test-template:testselectCategory(minebayd1.User, minebayd1.Category)]/[test-template-invocation:#53]
display-name: [53] Rosa a 40 annonces ouvertes, 4 annonces fermées et 2 achats 
, SHOES
]]></system-out>
</testcase>
<testcase name="testselectCategory(User, Category)[54]" classname="minebayd1.test.TestUser" time="0">
<system-out><![CDATA[
unique-id: [engine:junit-jupiter]/[class:minebayd1.test.TestUser]/[test-template:testselectCategory(minebayd1.User, minebayd1.Category)]/[test-template-invocation:#54]
display-name: [54] Issa a 70 annonces ouvertes, 3 annonces fermées et 3 achats 
, CLOTHES
]]></system-out>
</testcase>
<testcase name="testselectCategory(User, Category)[55]" classname="minebayd1.test.TestUser" time="0">
<system-out><![CDATA[
unique-id: [engine:junit-jupiter]/[class:minebayd1.test.TestUser]/[test-template:testselectCategory(minebayd1.User, minebayd1.Category)]/[test-template-invocation:#55]
display-name: [55] Boris a 63 annonces ouvertes, 2 annonces fermées et 3 achats 
, COMPUTERS
]]></system-out>
</testcase>
<testcase name="testselectCategory(User, Category)[56]" classname="minebayd1.test.TestUser" time="0">
<system-out><![CDATA[
unique-id: [engine:junit-jupiter]/[class:minebayd1.test.TestUser]/[test-template:testselectCategory(minebayd1.User, minebayd1.Category)]/[test-template-invocation:#56]
display-name: [56] Sheraz a 49 annonces ouvertes, 3 annonces fermées et 6 achats 
, CLOTHES
]]></system-out>
</testcase>
<testcase name="testselectCategory(User, Category)[57]" classname="minebayd1.test.TestUser" time="0">
<system-out><![CDATA[
unique-id: [engine:junit-jupiter]/[class:minebayd1.test.TestUser]/[test-template:testselectCategory(minebayd1.User, minebayd1.Category)]/[test-template-invocation:#57]
display-name: [57] Lyes a 65 annonces ouvertes, 1 annonces fermées et 3 achats 
, BOOKS
]]></system-out>
</testcase>
<testcase name="testselectCategory(User, Category)[58]" classname="minebayd1.test.TestUser" time="0">
<system-out><![CDATA[
unique-id: [engine:junit-jupiter]/[class:minebayd1.test.TestUser]/[test-template:testselectCategory(minebayd1.User, minebayd1.Category)]/[test-template-invocation:#58]
display-name: [58] Ismael a 59 annonces ouvertes, 1 annonces fermées et 3 achats 
, BOOKS
]]></system-out>
</testcase>
<testcase name="testselectCategory(User, Category)[59]" classname="minebayd1.test.TestUser" time="0">
<system-out><![CDATA[
unique-id: [engine:junit-jupiter]/[class:minebayd1.test.TestUser]/[test-template:testselectCategory(minebayd1.User, minebayd1.Category)]/[test-template-invocation:#59]
display-name: [59] Ali a 57 annonces ouvertes, 6 annonces fermées et 3 achats 
, CLOTHES
]]></system-out>
</testcase>
<testcase name="testselectCategory(User, Category)[60]" classname="minebayd1.test.TestUser" time="0">
<system-out><![CDATA[
unique-id: [engine:junit-jupiter]/[class:minebayd1.test.TestUser]/[test-template:testselectCategory(minebayd1.User, minebayd1.Category)]/[test-template-invocation:#60]
display-name: [60] Boris a 63 annonces ouvertes, 2 annonces fermées et 3 achats 
, BOOKS
]]></system-out>
</testcase>
<testcase name="testselectCategory(User, Category)[61]" classname="minebayd1.test.TestUser" time="0">
<system-out><![CDATA[
unique-id: [engine:junit-jupiter]/[class:minebayd1.test.TestUser]/[test-template:testselectCategory(minebayd1.User, minebayd1.Category)]/[test-template-invocation:#61]
display-name: [61] Lamia a 77 annonces ouvertes, 1 annonces fermées et 2 achats 
, CLOTHES
]]></system-out>
</testcase>
<testcase name="testselectCategory(User, Category)[62]" classname="minebayd1.test.TestUser" time="0">
<system-out><![CDATA[
unique-id: [engine:junit-jupiter]/[class:minebayd1.test.TestUser]/[test-template:testselectCategory(minebayd1.User, minebayd1.Category)]/[test-template-invocation:#62]
display-name: [62] Mounir a 59 annonces ouvertes, 2 annonces fermées et 2 achats 
, BOOKS
]]></system-out>
</testcase>
<testcase name="testselectCategory(User, Category)[63]" classname="minebayd1.test.TestUser" time="0">
<system-out><![CDATA[
unique-id: [engine:junit-jupiter]/[class:minebayd1.test.TestUser]/[test-template:testselectCategory(minebayd1.User, minebayd1.Category)]/[test-template-invocation:#63]
display-name: [63] Zahra a 42 annonces ouvertes, 0 annonces fermées et 2 achats 
, BOOKS
]]></system-out>
</testcase>
<testcase name="testselectCategory(User, Category)[64]" classname="minebayd1.test.TestUser" time="0">
<system-out><![CDATA[
unique-id: [engine:junit-jupiter]/[class:minebayd1.test.TestUser]/[test-template:testselectCategory(minebayd1.User, minebayd1.Category)]/[test-template-invocation:#64]
display-name: [64] Lyes a 65 annonces ouvertes, 1 annonces fermées et 3 achats 
, COMPUTERS
]]></system-out>
</testcase>
<testcase name="testselectCategory(User, Category)[65]" classname="minebayd1.test.TestUser" time="0">
<system-out><![CDATA[
unique-id: [engine:junit-jupiter]/[class:minebayd1.test.TestUser]/[test-template:testselectCategory(minebayd1.User, minebayd1.Category)]/[test-template-invocation:#65]
display-name: [65] Mamadou a 59 annonces ouvertes, 2 annonces fermées et 1 achats 
, BOOKS
]]></system-out>
</testcase>
<testcase name="testselectCategory(User, Category)[66]" classname="minebayd1.test.TestUser" time="0">
<system-out><![CDATA[
unique-id: [engine:junit-jupiter]/[class:minebayd1.test.TestUser]/[test-template:testselectCategory(minebayd1.User, minebayd1.Category)]/[test-template-invocation:#66]
display-name: [66] Nima a 50 annonces ouvertes, 1 annonces fermées et 4 achats 
, COMPUTERS
]]></system-out>
</testcase>
<testcase name="testselectCategory(User, Category)[67]" classname="minebayd1.test.TestUser" time="0">
<system-out><![CDATA[
unique-id: [engine:junit-jupiter]/[class:minebayd1.test.TestUser]/[test-template:testselectCategory(minebayd1.User, minebayd1.Category)]/[test-template-invocation:#67]
display-name: [67] Ismael a 59 annonces ouvertes, 1 annonces fermées et 3 achats 
, GAMES
]]></system-out>
</testcase>
<testcase name="testselectCategory(User, Category)[68]" classname="minebayd1.test.TestUser" time="0">
<system-out><![CDATA[
unique-id: [engine:junit-jupiter]/[class:minebayd1.test.TestUser]/[test-template:testselectCategory(minebayd1.User, minebayd1.Category)]/[test-template-invocation:#68]
display-name: [68] Imam a 45 annonces ouvertes, 5 annonces fermées et 3 achats 
, SHOES
]]></system-out>
</testcase>
<testcase name="testselectCategory(User, Category)[69]" classname="minebayd1.test.TestUser" time="0">
<system-out><![CDATA[
unique-id: [engine:junit-jupiter]/[class:minebayd1.test.TestUser]/[test-template:testselectCategory(minebayd1.User, minebayd1.Category)]/[test-template-invocation:#69]
display-name: [69] Pierre a 41 annonces ouvertes, 5 annonces fermées et 2 achats 
, SHOES
]]></system-out>
</testcase>
<testcase name="testselectCategory(User, Category)[70]" classname="minebayd1.test.TestUser" time="0">
<system-out><![CDATA[
unique-id: [engine:junit-jupiter]/[class:minebayd1.test.TestUser]/[test-template:testselectCategory(minebayd1.User, minebayd1.Category)]/[test-template-invocation:#70]
display-name: [70] Yanis a 61 annonces ouvertes, 4 annonces fermées et 3 achats 
, BOOKS
]]></system-out>
</testcase>
<testcase name="testselectCategory(User, Category)[71]" classname="minebayd1.test.TestUser" time="0">
<system-out><![CDATA[
unique-id: [engine:junit-jupiter]/[class:minebayd1.test.TestUser]/[test-template:testselectCategory(minebayd1.User, minebayd1.Category)]/[test-template-invocation:#71]
display-name: [71] Adam a 49 annonces ouvertes, 3 annonces fermées et 3 achats 
, SHOES
]]></system-out>
</testcase>
<testcase name="testselectCategory(User, Category)[72]" classname="minebayd1.test.TestUser" time="0">
<system-out><![CDATA[
unique-id: [engine:junit-jupiter]/[class:minebayd1.test.TestUser]/[test-template:testselectCategory(minebayd1.User, minebayd1.Category)]/[test-template-invocation:#72]
display-name: [72] Ziad a 48 annonces ouvertes, 4 annonces fermées et 2 achats 
, COMPUTERS
]]></system-out>
</testcase>
<testcase name="testselectCategory(User, Category)[73]" classname="minebayd1.test.TestUser" time="0">
<system-out><![CDATA[
unique-id: [engine:junit-jupiter]/[class:minebayd1.test.TestUser]/[test-template:testselectCategory(minebayd1.User, minebayd1.Category)]/[test-template-invocation:#73]
display-name: [73] Issa a 70 annonces ouvertes, 3 annonces fermées et 3 achats 
, BOOKS
]]></system-out>
</testcase>
<testcase name="testselectCategory(User, Category)[74]" classname="minebayd1.test.TestUser" time="0">
<system-out><![CDATA[
unique-id: [engine:junit-jupiter]/[class:minebayd1.test.TestUser]/[test-template:testselectCategory(minebayd1.User, minebayd1.Category)]/[test-template-invocation:#74]
display-name: [74] Marc a 55 annonces ouvertes, 1 annonces fermées et 2 achats 
, SHOES
]]></system-out>
</testcase>
<testcase name="testselectCategory(User, Category)[75]" classname="minebayd1.test.TestUser" time="0">
<system-out><![CDATA[
unique-id: [engine:junit-jupiter]/[class:minebayd1.test.TestUser]/[test-template:testselectCategory(minebayd1.User, minebayd1.Category)]/[test-template-invocation:#75]
display-name: [75] Zahra a 42 annonces ouvertes, 0 annonces fermées et 2 achats 
, COMPUTERS
]]></system-out>
</testcase>
<testcase name="testselectCategory(User, Category)[76]" classname="minebayd1.test.TestUser" time="0">
<system-out><![CDATA[
unique-id: [engine:junit-jupiter]/[class:minebayd1.test.TestUser]/[test-template:testselectCategory(minebayd1.User, minebayd1.Category)]/[test-template-invocation:#76]
display-name: [76] Faycal a 51 annonces ouvertes, 3 annonces fermées et 4 achats 
, BOOKS
]]></system-out>
</testcase>
<testcase name="testselectCategory(User, Category)[77]" classname="minebayd1.test.TestUser" time="0">
<system-out><![CDATA[
unique-id: [engine:junit-jupiter]/[class:minebayd1.test.TestUser]/[test-template:testselectCategory(minebayd1.User, minebayd1.Category)]/[test-template-invocation:#77]
display-name: [77] Mohamed a 45 annonces ouvertes, 2 annonces fermées et 3 achats 
, BOOKS
]]></system-out>
</testcase>
<testcase name="testselectCategory(User, Category)[78]" classname="minebayd1.test.TestUser" time="0">
<system-out><![CDATA[
unique-id: [engine:junit-jupiter]/[class:minebayd1.test.TestUser]/[test-template:testselectCategory(minebayd1.User, minebayd1.Category)]/[test-template-invocation:#78]
display-name: [78] Ali a 57 annonces ouvertes, 6 annonces fermées et 3 achats 
, BOOKS
]]></system-out>
</testcase>
<testcase name="testselectCategory(User, Category)[79]" classname="minebayd1.test.TestUser" time="0">
<system-out><![CDATA[
unique-id: [engine:junit-jupiter]/[class:minebayd1.test.TestUser]/[test-template:testselectCategory(minebayd1.User, minebayd1.Category)]/[test-template-invocation:#79]
display-name: [79] Sheraz a 49 annonces ouvertes, 3 annonces fermées et 6 achats 
, BOOKS
]]></system-out>
</testcase>
<testcase name="testselectCategory(User, Category)[80]" classname="minebayd1.test.TestUser" time="0">
<system-out><![CDATA[
unique-id: [engine:junit-jupiter]/[class:minebayd1.test.TestUser]/[test-template:testselectCategory(minebayd1.User, minebayd1.Category)]/[test-template-invocation:#80]
display-name: [80] Mamadou a 59 annonces ouvertes, 2 annonces fermées et 1 achats 
, COMPUTERS
]]></system-out>
</testcase>
<testcase name="testselectCategory(User, Category)[81]" classname="minebayd1.test.TestUser" time="0">
<system-out><![CDATA[
unique-id: [engine:junit-jupiter]/[class:minebayd1.test.TestUser]/[test-template:testselectCategory(minebayd1.User, minebayd1.Category)]/[test-template-invocation:#81]
display-name: [81] Nima a 50 annonces ouvertes, 1 annonces fermées et 4 achats 
, SHOES
]]></system-out>
</testcase>
<testcase name="testselectCategory(User, Category)[82]" classname="minebayd1.test.TestUser" time="0">
<system-out><![CDATA[
unique-id: [engine:junit-jupiter]/[class:minebayd1.test.TestUser]/[test-template:testselectCategory(minebayd1.User, minebayd1.Category)]/[test-template-invocation:#82]
display-name: [82] Lisa a 45 annonces ouvertes, 4 annonces fermées et 3 achats 
, CLOTHES
]]></system-out>
</testcase>
<testcase name="testselectCategory(User, Category)[83]" classname="minebayd1.test.TestUser" time="0">
<system-out><![CDATA[
unique-id: [engine:junit-jupiter]/[class:minebayd1.test.TestUser]/[test-template:testselectCategory(minebayd1.User, minebayd1.Category)]/[test-template-invocation:#83]
display-name: [83] Faycal a 51 annonces ouvertes, 3 annonces fermées et 4 achats 
, SHOES
]]></system-out>
</testcase>
<testcase name="testselectCategory(User, Category)[84]" classname="minebayd1.test.TestUser" time="0">
<system-out><![CDATA[
unique-id: [engine:junit-jupiter]/[class:minebayd1.test.TestUser]/[test-template:testselectCategory(minebayd1.User, minebayd1.Category)]/[test-template-invocation:#84]
display-name: [84] Lamia a 77 annonces ouvertes, 1 annonces fermées et 2 achats 
, BOOKS
]]></system-out>
</testcase>
<testcase name="testselectCategory(User, Category)[85]" classname="minebayd1.test.TestUser" time="0">
<system-out><![CDATA[
unique-id: [engine:junit-jupiter]/[class:minebayd1.test.TestUser]/[test-template:testselectCategory(minebayd1.User, minebayd1.Category)]/[test-template-invocation:#85]
display-name: [85] Mounir a 59 annonces ouvertes, 2 annonces fermées et 2 achats 
, COMPUTERS
]]></system-out>
</testcase>
<testcase name="testselectCategory(User, Category)[86]" classname="minebayd1.test.TestUser" time="0">
<system-out><![CDATA[
unique-id: [engine:junit-jupiter]/[class:minebayd1.test.TestUser]/[test-template:testselectCategory(minebayd1.User, minebayd1.Category)]/[test-template-invocation:#86]
display-name: [86] Nima a 50 annonces ouvertes, 1 annonces fermées et 4 achats 
, SHOES
]]></system-out>
</testcase>
<testcase name="testselectCategory(User, Category)[87]" classname="minebayd1.test.TestUser" time="0">
<system-out><![CDATA[
unique-id: [engine:junit-jupiter]/[class:minebayd1.test.TestUser]/[test-template:testselectCategory(minebayd1.User, minebayd1.Category)]/[test-template-invocation:#87]
display-name: [87] Naila a 60 annonces ouvertes, 3 annonces fermées et 4 achats 
, CLOTHES
]]></system-out>
</testcase>
<testcase name="testselectCategory(User, Category)[88]" classname="minebayd1.test.TestUser" time="0">
<system-out><![CDATA[
unique-id: [engine:junit-jupiter]/[class:minebayd1.test.TestUser]/[test-template:testselectCategory(minebayd1.User, minebayd1.Category)]/[test-template-invocation:#88]
display-name: [88] Nima a 50 annonces ouvertes, 1 annonces fermées et 4 achats 
, GAMES
]]></system-out>
</testcase>
<testcase name="testselectCategory(User, Category)[89]" classname="minebayd1.test.TestUser" time="0">
<system-out><![CDATA[
unique-id: [engine:junit-jupiter]/[class:minebayd1.test.TestUser]/[test-template:testselectCategory(minebayd1.User, minebayd1.Category)]/[test-template-invocation:#89]
display-name: [89] Ziad a 48 annonces ouvertes, 4 annonces fermées et 2 achats 
, CLOTHES
]]></system-out>
</testcase>
<testcase name="testselectCategory(User, Category)[90]" classname="minebayd1.test.TestUser" time="0">
<system-out><![CDATA[
unique-id: [engine:junit-jupiter]/[class:minebayd1.test.TestUser]/[test-template:testselectCategory(minebayd1.User, minebayd1.Category)]/[test-template-invocation:#90]
display-name: [90] Boris a 63 annonces ouvertes, 2 annonces fermées et 3 achats 
, COMPUTERS
]]></system-out>
</testcase>
<testcase name="testselectCategory(User, Category)[91]" classname="minebayd1.test.TestUser" time="0">
<system-out><![CDATA[
unique-id: [engine:junit-jupiter]/[class:minebayd1.test.TestUser]/[test-template:testselectCategory(minebayd1.User, minebayd1.Category)]/[test-template-invocation:#91]
display-name: [91] Ali a 57 annonces ouvertes, 6 annonces fermées et 3 achats 
, COMPUTERS
]]></system-out>
</testcase>
<testcase name="testselectCategory(User, Category)[92]" classname="minebayd1.test.TestUser" time="0">
<system-out><![CDATA[
unique-id: [engine:junit-jupiter]/[class:minebayd1.test.TestUser]/[test-template:testselectCategory(minebayd1.User, minebayd1.Category)]/[test-template-invocation:#92]
display-name: [92] Rosa a 40 annonces ouvertes, 4 annonces fermées et 2 achats 
, GAMES
]]></system-out>
</testcase>
<testcase name="testselectCategory(User, Category)[93]" classname="minebayd1.test.TestUser" time="0">
<system-out><![CDATA[
unique-id: [engine:junit-jupiter]/[class:minebayd1.test.TestUser]/[test-template:testselectCategory(minebayd1.User, minebayd1.Category)]/[test-template-invocation:#93]
display-name: [93] Boris a 63 annonces ouvertes, 2 annonces fermées et 3 achats 
, GAMES
]]></system-out>
</testcase>
<testcase name="testselectCategory(User, Category)[94]" classname="minebayd1.test.TestUser" time="0">
<system-out><![CDATA[
unique-id: [engine:junit-jupiter]/[class:minebayd1.test.TestUser]/[test-template:testselectCategory(minebayd1.User, minebayd1.Category)]/[test-template-invocation:#94]
display-name: [94] Lisa a 45 annonces ouvertes, 4 annonces fermées et 3 achats 
, GAMES
]]></system-out>
</testcase>
<testcase name="testselectCategory(User, Category)[95]" classname="minebayd1.test.TestUser" time="0">
<system-out><![CDATA[
unique-id: [engine:junit-jupiter]/[class:minebayd1.test.TestUser]/[test-template:testselectCategory(minebayd1.User, minebayd1.Category)]/[test-template-invocation:#95]
display-name: [95] Mamadou a 59 annonces ouvertes, 2 annonces fermées et 1 achats 
, COMPUTERS
]]></system-out>
</testcase>
<testcase name="testselectCategory(User, Category)[96]" classname="minebayd1.test.TestUser" time="0">
<system-out><![CDATA[
unique-id: [engine:junit-jupiter]/[class:minebayd1.test.TestUser]/[test-template:testselectCategory(minebayd1.User, minebayd1.Category)]/[test-template-invocation:#96]
display-name: [96] Nima a 50 annonces ouvertes, 1 annonces fermées et 4 achats 
, SHOES
]]></system-out>
</testcase>
<testcase name="testselectCategory(User, Category)[97]" classname="minebayd1.test.TestUser" time="0">
<system-out><![CDATA[
unique-id: [engine:junit-jupiter]/[class:minebayd1.test.TestUser]/[test-template:testselectCategory(minebayd1.User, minebayd1.Category)]/[test-template-invocation:#97]
display-name: [97] Idir a 58 annonces ouvertes, 5 annonces fermées et 4 achats 
, CLOTHES
]]></system-out>
</testcase>
<testcase name="testselectCategory(User, Category)[98]" classname="minebayd1.test.TestUser" time="0">
<system-out><![CDATA[
unique-id: [engine:junit-jupiter]/[class:minebayd1.test.TestUser]/[test-template:testselectCategory(minebayd1.User, minebayd1.Category)]/[test-template-invocation:#98]
display-name: [98] Sonia a 47 annonces ouvertes, 2 annonces fermées et 2 achats 
, CLOTHES
]]></system-out>
</testcase>
<testcase name="testselectCategory(User, Category)[99]" classname="minebayd1.test.TestUser" time="0">
<system-out><![CDATA[
unique-id: [engine:junit-jupiter]/[class:minebayd1.test.TestUser]/[test-template:testselectCategory(minebayd1.User, minebayd1.Category)]/[test-template-invocation:#99]
display-name: [99] Sheraz a 49 annonces ouvertes, 3 annonces fermées et 6 achats 
, CLOTHES
]]></system-out>
</testcase>
<testcase name="testselectCategory(User, Category)[100]" classname="minebayd1.test.TestUser" time="0">
<system-out><![CDATA[
unique-id: [engine:junit-jupiter]/[class:minebayd1.test.TestUser]/[test-template:testselectCategory(minebayd1.User, minebayd1.Category)]/[test-template-invocation:#100]
display-name: [100] Marc a 55 annonces ouvertes, 1 annonces fermées et 2 achats 
, COMPUTERS
]]></system-out>
</testcase>
<testcase name="testpreviousIndex(User)[1]" classname="minebayd1.test.TestUser" time="0.001">
<system-out><![CDATA[
unique-id: [engine:junit-jupiter]/[class:minebayd1.test.TestUser]/[test-template:testpreviousIndex(minebayd1.User)]/[test-template-invocation:#1]
display-name: [1] Imam a 45 annonces ouvertes, 5 annonces fermées et 3 achats 

]]></system-out>
</testcase>
<testcase name="testpreviousIndex(User)[2]" classname="minebayd1.test.TestUser" time="0">
<system-out><![CDATA[
unique-id: [engine:junit-jupiter]/[class:minebayd1.test.TestUser]/[test-template:testpreviousIndex(minebayd1.User)]/[test-template-invocation:#2]
display-name: [2] Rosa a 40 annonces ouvertes, 4 annonces fermées et 2 achats 

]]></system-out>
</testcase>
<testcase name="testpreviousIndex(User)[3]" classname="minebayd1.test.TestUser" time="0.002">
<system-out><![CDATA[
unique-id: [engine:junit-jupiter]/[class:minebayd1.test.TestUser]/[test-template:testpreviousIndex(minebayd1.User)]/[test-template-invocation:#3]
display-name: [3] Lamia a 77 annonces ouvertes, 1 annonces fermées et 2 achats 

]]></system-out>
</testcase>
<testcase name="testpreviousIndex(User)[4]" classname="minebayd1.test.TestUser" time="0.001">
<system-out><![CDATA[
unique-id: [engine:junit-jupiter]/[class:minebayd1.test.TestUser]/[test-template:testpreviousIndex(minebayd1.User)]/[test-template-invocation:#4]
display-name: [4] Ayman a 53 annonces ouvertes, 4 annonces fermées et 4 achats 

]]></system-out>
</testcase>
<testcase name="testpreviousIndex(User)[5]" classname="minebayd1.test.TestUser" time="0">
<system-out><![CDATA[
unique-id: [engine:junit-jupiter]/[class:minebayd1.test.TestUser]/[test-template:testpreviousIndex(minebayd1.User)]/[test-template-invocation:#5]
display-name: [5] Idir a 58 annonces ouvertes, 5 annonces fermées et 4 achats 

]]></system-out>
</testcase>
<testcase name="testpreviousIndex(User)[6]" classname="minebayd1.test.TestUser" time="0">
<system-out><![CDATA[
unique-id: [engine:junit-jupiter]/[class:minebayd1.test.TestUser]/[test-template:testpreviousIndex(minebayd1.User)]/[test-template-invocation:#6]
display-name: [6] Aliou a 50 annonces ouvertes, 3 annonces fermées et 2 achats 

]]></system-out>
</testcase>
<testcase name="testpreviousIndex(User)[7]" classname="minebayd1.test.TestUser" time="0">
<system-out><![CDATA[
unique-id: [engine:junit-jupiter]/[class:minebayd1.test.TestUser]/[test-template:testpreviousIndex(minebayd1.User)]/[test-template-invocation:#7]
display-name: [7] Rosa a 40 annonces ouvertes, 4 annonces fermées et 2 achats 

]]></system-out>
</testcase>
<testcase name="testpreviousIndex(User)[8]" classname="minebayd1.test.TestUser" time="0.001">
<system-out><![CDATA[
unique-id: [engine:junit-jupiter]/[class:minebayd1.test.TestUser]/[test-template:testpreviousIndex(minebayd1.User)]/[test-template-invocation:#8]
display-name: [8] Boris a 63 annonces ouvertes, 2 annonces fermées et 3 achats 

]]></system-out>
</testcase>
<testcase name="testpreviousIndex(User)[9]" classname="minebayd1.test.TestUser" time="0.001">
<system-out><![CDATA[
unique-id: [engine:junit-jupiter]/[class:minebayd1.test.TestUser]/[test-template:testpreviousIndex(minebayd1.User)]/[test-template-invocation:#9]
display-name: [9] Mounir a 59 annonces ouvertes, 2 annonces fermées et 2 achats 

]]></system-out>
</testcase>
<testcase name="testpreviousIndex(User)[10]" classname="minebayd1.test.TestUser" time="0.001">
<system-out><![CDATA[
unique-id: [engine:junit-jupiter]/[class:minebayd1.test.TestUser]/[test-template:testpreviousIndex(minebayd1.User)]/[test-template-invocation:#10]
display-name: [10] Idir a 58 annonces ouvertes, 5 annonces fermées et 4 achats 

]]></system-out>
</testcase>
<testcase name="testpreviousIndex(User)[11]" classname="minebayd1.test.TestUser" time="0.001">
<system-out><![CDATA[
unique-id: [engine:junit-jupiter]/[class:minebayd1.test.TestUser]/[test-template:testpreviousIndex(minebayd1.User)]/[test-template-invocation:#11]
display-name: [11] Marc a 55 annonces ouvertes, 1 annonces fermées et 2 achats 

]]></system-out>
</testcase>
<testcase name="testpreviousIndex(User)[12]" classname="minebayd1.test.TestUser" time="0">
<system-out><![CDATA[
unique-id: [engine:junit-jupiter]/[class:minebayd1.test.TestUser]/[test-template:testpreviousIndex(minebayd1.User)]/[test-template-invocation:#12]
display-name: [12] Adam a 49 annonces ouvertes, 3 annonces fermées et 3 achats 

]]></system-out>
</testcase>
<testcase name="testpreviousIndex(User)[13]" classname="minebayd1.test.TestUser" time="0">
<system-out><![CDATA[
unique-id: [engine:junit-jupiter]/[class:minebayd1.test.TestUser]/[test-template:testpreviousIndex(minebayd1.User)]/[test-template-invocation:#13]
display-name: [13] Sheraz a 49 annonces ouvertes, 3 annonces fermées et 6 achats 

]]></system-out>
</testcase>
<testcase name="testpreviousIndex(User)[14]" classname="minebayd1.test.TestUser" time="0.001">
<system-out><![CDATA[
unique-id: [engine:junit-jupiter]/[class:minebayd1.test.TestUser]/[test-template:testpreviousIndex(minebayd1.User)]/[test-template-invocation:#14]
display-name: [14] Ismael a 59 annonces ouvertes, 1 annonces fermées et 3 achats 

]]></system-out>
</testcase>
<testcase name="testpreviousIndex(User)[15]" classname="minebayd1.test.TestUser" time="0">
<system-out><![CDATA[
unique-id: [engine:junit-jupiter]/[class:minebayd1.test.TestUser]/[test-template:testpreviousIndex(minebayd1.User)]/[test-template-invocation:#15]
display-name: [15] Rosa a 40 annonces ouvertes, 4 annonces fermées et 2 achats 

]]></system-out>
</testcase>
<testcase name="testpreviousIndex(User)[16]" classname="minebayd1.test.TestUser" time="0.001">
<system-out><![CDATA[
unique-id: [engine:junit-jupiter]/[class:minebayd1.test.TestUser]/[test-template:testpreviousIndex(minebayd1.User)]/[test-template-invocation:#16]
display-name: [16] Boris a 63 annonces ouvertes, 2 annonces fermées et 3 achats 

]]></system-out>
</testcase>
<testcase name="testpreviousIndex(User)[17]" classname="minebayd1.test.TestUser" time="0">
<system-out><![CDATA[
unique-id: [engine:junit-jupiter]/[class:minebayd1.test.TestUser]/[test-template:testpreviousIndex(minebayd1.User)]/[test-template-invocation:#17]
display-name: [17] Faycal a 51 annonces ouvertes, 3 annonces fermées et 4 achats 

]]></system-out>
</testcase>
<testcase name="testpreviousIndex(User)[18]" classname="minebayd1.test.TestUser" time="0">
<system-out><![CDATA[
unique-id: [engine:junit-jupiter]/[class:minebayd1.test.TestUser]/[test-template:testpreviousIndex(minebayd1.User)]/[test-template-invocation:#18]
display-name: [18] Chanez a 57 annonces ouvertes, 2 annonces fermées et 1 achats 

]]></system-out>
</testcase>
<testcase name="testpreviousIndex(User)[19]" classname="minebayd1.test.TestUser" time="0">
<system-out><![CDATA[
unique-id: [engine:junit-jupiter]/[class:minebayd1.test.TestUser]/[test-template:testpreviousIndex(minebayd1.User)]/[test-template-invocation:#19]
display-name: [19] Nima a 50 annonces ouvertes, 1 annonces fermées et 4 achats 

]]></system-out>
</testcase>
<testcase name="testpreviousIndex(User)[20]" classname="minebayd1.test.TestUser" time="0">
<system-out><![CDATA[
unique-id: [engine:junit-jupiter]/[class:minebayd1.test.TestUser]/[test-template:testpreviousIndex(minebayd1.User)]/[test-template-invocation:#20]
display-name: [20] Aliou a 50 annonces ouvertes, 3 annonces fermées et 2 achats 

]]></system-out>
</testcase>
<testcase name="testpreviousIndex(User)[21]" classname="minebayd1.test.TestUser" time="0">
<system-out><![CDATA[
unique-id: [engine:junit-jupiter]/[class:minebayd1.test.TestUser]/[test-template:testpreviousIndex(minebayd1.User)]/[test-template-invocation:#21]
display-name: [21] Lisa a 45 annonces ouvertes, 4 annonces fermées et 3 achats 

]]></system-out>
</testcase>
<testcase name="testpreviousIndex(User)[22]" classname="minebayd1.test.TestUser" time="0">
<system-out><![CDATA[
unique-id: [engine:junit-jupiter]/[class:minebayd1.test.TestUser]/[test-template:testpreviousIndex(minebayd1.User)]/[test-template-invocation:#22]
display-name: [22] Zahra a 42 annonces ouvertes, 0 annonces fermées et 2 achats 

]]></system-out>
</testcase>
<testcase name="testpreviousIndex(User)[23]" classname="minebayd1.test.TestUser" time="0">
<system-out><![CDATA[
unique-id: [engine:junit-jupiter]/[class:minebayd1.test.TestUser]/[test-template:testpreviousIndex(minebayd1.User)]/[test-template-invocation:#23]
display-name: [23] Marc a 55 annonces ouvertes, 1 annonces fermées et 2 achats 

]]></system-out>
</testcase>
<testcase name="testpreviousIndex(User)[24]" classname="minebayd1.test.TestUser" time="0">
<system-out><![CDATA[
unique-id: [engine:junit-jupiter]/[class:minebayd1.test.TestUser]/[test-template:testpreviousIndex(minebayd1.User)]/[test-template-invocation:#24]
display-name: [24] Mohamed a 45 annonces ouvertes, 2 annonces fermées et 3 achats 

]]></system-out>
</testcase>
<testcase name="testpreviousIndex(User)[25]" classname="minebayd1.test.TestUser" time="0">
<system-out><![CDATA[
unique-id: [engine:junit-jupiter]/[class:minebayd1.test.TestUser]/[test-template:testpreviousIndex(minebayd1.User)]/[test-template-invocation:#25]
display-name: [25] Imam a 45 annonces ouvertes, 5 annonces fermées et 3 achats 

]]></system-out>
</testcase>
<testcase name="testpreviousIndex(User)[26]" classname="minebayd1.test.TestUser" time="0">
<system-out><![CDATA[
unique-id: [engine:junit-jupiter]/[class:minebayd1.test.TestUser]/[test-template:testpreviousIndex(minebayd1.User)]/[test-template-invocation:#26]
display-name: [26] Mohamed a 45 annonces ouvertes, 2 annonces fermées et 3 achats 

]]></system-out>
</testcase>
<testcase name="testpreviousIndex(User)[27]" classname="minebayd1.test.TestUser" time="0.001">
<system-out><![CDATA[
unique-id: [engine:junit-jupiter]/[class:minebayd1.test.TestUser]/[test-template:testpreviousIndex(minebayd1.User)]/[test-template-invocation:#27]
display-name: [27] Marcel a 63 annonces ouvertes, 4 annonces fermées et 4 achats 

]]></system-out>
</testcase>
<testcase name="testpreviousIndex(User)[28]" classname="minebayd1.test.TestUser" time="0">
<system-out><![CDATA[
unique-id: [engine:junit-jupiter]/[class:minebayd1.test.TestUser]/[test-template:testpreviousIndex(minebayd1.User)]/[test-template-invocation:#28]
display-name: [28] Ziad a 48 annonces ouvertes, 4 annonces fermées et 2 achats 

]]></system-out>
</testcase>
<testcase name="testpreviousIndex(User)[29]" classname="minebayd1.test.TestUser" time="0.001">
<system-out><![CDATA[
unique-id: [engine:junit-jupiter]/[class:minebayd1.test.TestUser]/[test-template:testpreviousIndex(minebayd1.User)]/[test-template-invocation:#29]
display-name: [29] Marcel a 63 annonces ouvertes, 4 annonces fermées et 4 achats 

]]></system-out>
</testcase>
<testcase name="testpreviousIndex(User)[30]" classname="minebayd1.test.TestUser" time="0">
<system-out><![CDATA[
unique-id: [engine:junit-jupiter]/[class:minebayd1.test.TestUser]/[test-template:testpreviousIndex(minebayd1.User)]/[test-template-invocation:#30]
display-name: [30] Mamadou a 59 annonces ouvertes, 2 annonces fermées et 1 achats 

]]></system-out>
</testcase>
<testcase name="testpreviousIndex(User)[31]" classname="minebayd1.test.TestUser" time="0.001">
<system-out><![CDATA[
unique-id: [engine:junit-jupiter]/[class:minebayd1.test.TestUser]/[test-template:testpreviousIndex(minebayd1.User)]/[test-template-invocation:#31]
display-name: [31] Yanis a 61 annonces ouvertes, 4 annonces fermées et 3 achats 

]]></system-out>
</testcase>
<testcase name="testpreviousIndex(User)[32]" classname="minebayd1.test.TestUser" time="0">
<system-out><![CDATA[
unique-id: [engine:junit-jupiter]/[class:minebayd1.test.TestUser]/[test-template:testpreviousIndex(minebayd1.User)]/[test-template-invocation:#32]
display-name: [32] Naila a 60 annonces ouvertes, 3 annonces fermées et 4 achats 

]]></system-out>
</testcase>
<testcase name="testpreviousIndex(User)[33]" classname="minebayd1.test.TestUser" time="0">
<system-out><![CDATA[
unique-id: [engine:junit-jupiter]/[class:minebayd1.test.TestUser]/[test-template:testpreviousIndex(minebayd1.User)]/[test-template-invocation:#33]
display-name: [33] Lyes a 65 annonces ouvertes, 1 annonces fermées et 3 achats 

]]></system-out>
</testcase>
<testcase name="testpreviousIndex(User)[34]" classname="minebayd1.test.TestUser" time="0">
<system-out><![CDATA[
unique-id: [engine:junit-jupiter]/[class:minebayd1.test.TestUser]/[test-template:testpreviousIndex(minebayd1.User)]/[test-template-invocation:#34]
display-name: [34] Imam a 45 annonces ouvertes, 5 annonces fermées et 3 achats 

]]></system-out>
</testcase>
<testcase name="testpreviousIndex(User)[35]" classname="minebayd1.test.TestUser" time="0">
<system-out><![CDATA[
unique-id: [engine:junit-jupiter]/[class:minebayd1.test.TestUser]/[test-template:testpreviousIndex(minebayd1.User)]/[test-template-invocation:#35]
display-name: [35] Aliou a 50 annonces ouvertes, 3 annonces fermées et 2 achats 

]]></system-out>
</testcase>
<testcase name="testpreviousIndex(User)[36]" classname="minebayd1.test.TestUser" time="0">
<system-out><![CDATA[
unique-id: [engine:junit-jupiter]/[class:minebayd1.test.TestUser]/[test-template:testpreviousIndex(minebayd1.User)]/[test-template-invocation:#36]
display-name: [36] Pierre a 41 annonces ouvertes, 5 annonces fermées et 2 achats 

]]></system-out>
</testcase>
<testcase name="testpreviousIndex(User)[37]" classname="minebayd1.test.TestUser" time="0">
<system-out><![CDATA[
unique-id: [engine:junit-jupiter]/[class:minebayd1.test.TestUser]/[test-template:testpreviousIndex(minebayd1.User)]/[test-template-invocation:#37]
display-name: [37] Lisa a 45 annonces ouvertes, 4 annonces fermées et 3 achats 

]]></system-out>
</testcase>
<testcase name="testpreviousIndex(User)[38]" classname="minebayd1.test.TestUser" time="0.001">
<system-out><![CDATA[
unique-id: [engine:junit-jupiter]/[class:minebayd1.test.TestUser]/[test-template:testpreviousIndex(minebayd1.User)]/[test-template-invocation:#38]
display-name: [38] Mounir a 59 annonces ouvertes, 2 annonces fermées et 2 achats 

]]></system-out>
</testcase>
<testcase name="testpreviousIndex(User)[39]" classname="minebayd1.test.TestUser" time="0">
<system-out><![CDATA[
unique-id: [engine:junit-jupiter]/[class:minebayd1.test.TestUser]/[test-template:testpreviousIndex(minebayd1.User)]/[test-template-invocation:#39]
display-name: [39] Sheraz a 49 annonces ouvertes, 3 annonces fermées et 6 achats 

]]></system-out>
</testcase>
<testcase name="testpreviousIndex(User)[40]" classname="minebayd1.test.TestUser" time="0">
<system-out><![CDATA[
unique-id: [engine:junit-jupiter]/[class:minebayd1.test.TestUser]/[test-template:testpreviousIndex(minebayd1.User)]/[test-template-invocation:#40]
display-name: [40] Adam a 49 annonces ouvertes, 3 annonces fermées et 3 achats 

]]></system-out>
</testcase>
<testcase name="testpreviousIndex(User)[41]" classname="minebayd1.test.TestUser" time="0">
<system-out><![CDATA[
unique-id: [engine:junit-jupiter]/[class:minebayd1.test.TestUser]/[test-template:testpreviousIndex(minebayd1.User)]/[test-template-invocation:#41]
display-name: [41] Ayman a 53 annonces ouvertes, 4 annonces fermées et 4 achats 

]]></system-out>
</testcase>
<testcase name="testpreviousIndex(User)[42]" classname="minebayd1.test.TestUser" time="0">
<system-out><![CDATA[
unique-id: [engine:junit-jupiter]/[class:minebayd1.test.TestUser]/[test-template:testpreviousIndex(minebayd1.User)]/[test-template-invocation:#42]
display-name: [42] Marc a 55 annonces ouvertes, 1 annonces fermées et 2 achats 

]]></system-out>
</testcase>
<testcase name="testpreviousIndex(User)[43]" classname="minebayd1.test.TestUser" time="0">
<system-out><![CDATA[
unique-id: [engine:junit-jupiter]/[class:minebayd1.test.TestUser]/[test-template:testpreviousIndex(minebayd1.User)]/[test-template-invocation:#43]
display-name: [43] Chanez a 57 annonces ouvertes, 2 annonces fermées et 1 achats 

]]></system-out>
</testcase>
<testcase name="testpreviousIndex(User)[44]" classname="minebayd1.test.TestUser" time="0">
<system-out><![CDATA[
unique-id: [engine:junit-jupiter]/[class:minebayd1.test.TestUser]/[test-template:testpreviousIndex(minebayd1.User)]/[test-template-invocation:#44]
display-name: [44] Ziad a 48 annonces ouvertes, 4 annonces fermées et 2 achats 

]]></system-out>
</testcase>
<testcase name="testpreviousIndex(User)[45]" classname="minebayd1.test.TestUser" time="0">
<system-out><![CDATA[
unique-id: [engine:junit-jupiter]/[class:minebayd1.test.TestUser]/[test-template:testpreviousIndex(minebayd1.User)]/[test-template-invocation:#45]
display-name: [45] Ziad a 48 annonces ouvertes, 4 annonces fermées et 2 achats 

]]></system-out>
</testcase>
<testcase name="testpreviousIndex(User)[46]" classname="minebayd1.test.TestUser" time="0">
<system-out><![CDATA[
unique-id: [engine:junit-jupiter]/[class:minebayd1.test.TestUser]/[test-template:testpreviousIndex(minebayd1.User)]/[test-template-invocation:#46]
display-name: [46] Mohamed a 45 annonces ouvertes, 2 annonces fermées et 3 achats 

]]></system-out>
</testcase>
<testcase name="testpreviousIndex(User)[47]" classname="minebayd1.test.TestUser" time="0.001">
<system-out><![CDATA[
unique-id: [engine:junit-jupiter]/[class:minebayd1.test.TestUser]/[test-template:testpreviousIndex(minebayd1.User)]/[test-template-invocation:#47]
display-name: [47] Ismael a 59 annonces ouvertes, 1 annonces fermées et 3 achats 

]]></system-out>
</testcase>
<testcase name="testpreviousIndex(User)[48]" classname="minebayd1.test.TestUser" time="0">
<system-out><![CDATA[
unique-id: [engine:junit-jupiter]/[class:minebayd1.test.TestUser]/[test-template:testpreviousIndex(minebayd1.User)]/[test-template-invocation:#48]
display-name: [48] Sonia a 47 annonces ouvertes, 2 annonces fermées et 2 achats 

]]></system-out>
</testcase>
<testcase name="testpreviousIndex(User)[49]" classname="minebayd1.test.TestUser" time="0">
<system-out><![CDATA[
unique-id: [engine:junit-jupiter]/[class:minebayd1.test.TestUser]/[test-template:testpreviousIndex(minebayd1.User)]/[test-template-invocation:#49]
display-name: [49] Ismael a 59 annonces ouvertes, 1 annonces fermées et 3 achats 

]]></system-out>
</testcase>
<testcase name="testpreviousIndex(User)[50]" classname="minebayd1.test.TestUser" time="0">
<system-out><![CDATA[
unique-id: [engine:junit-jupiter]/[class:minebayd1.test.TestUser]/[test-template:testpreviousIndex(minebayd1.User)]/[test-template-invocation:#50]
display-name: [50] Boris a 63 annonces ouvertes, 2 annonces fermées et 3 achats 

]]></system-out>
</testcase>
<testcase name="testpreviousIndex(User)[51]" classname="minebayd1.test.TestUser" time="0">
<system-out><![CDATA[
unique-id: [engine:junit-jupiter]/[class:minebayd1.test.TestUser]/[test-template:testpreviousIndex(minebayd1.User)]/[test-template-invocation:#51]
display-name: [51] Issa a 70 annonces ouvertes, 3 annonces fermées et 3 achats 

]]></system-out>
</testcase>
<testcase name="testpreviousIndex(User)[52]" classname="minebayd1.test.TestUser" time="0">
<system-out><![CDATA[
unique-id: [engine:junit-jupiter]/[class:minebayd1.test.TestUser]/[test-template:testpreviousIndex(minebayd1.User)]/[test-template-invocation:#52]
display-name: [52] Sonia a 47 annonces ouvertes, 2 annonces fermées et 2 achats 

]]></system-out>
</testcase>
<testcase name="testpreviousIndex(User)[53]" classname="minebayd1.test.TestUser" time="0">
<system-out><![CDATA[
unique-id: [engine:junit-jupiter]/[class:minebayd1.test.TestUser]/[test-template:testpreviousIndex(minebayd1.User)]/[test-template-invocation:#53]
display-name: [53] Faycal a 51 annonces ouvertes, 3 annonces fermées et 4 achats 

]]></system-out>
</testcase>
<testcase name="testpreviousIndex(User)[54]" classname="minebayd1.test.TestUser" time="0">
<system-out><![CDATA[
unique-id: [engine:junit-jupiter]/[class:minebayd1.test.TestUser]/[test-template:testpreviousIndex(minebayd1.User)]/[test-template-invocation:#54]
display-name: [54] Faycal a 51 annonces ouvertes, 3 annonces fermées et 4 achats 

]]></system-out>
</testcase>
<testcase name="testpreviousIndex(User)[55]" classname="minebayd1.test.TestUser" time="0">
<system-out><![CDATA[
unique-id: [engine:junit-jupiter]/[class:minebayd1.test.TestUser]/[test-template:testpreviousIndex(minebayd1.User)]/[test-template-invocation:#55]
display-name: [55] Imam a 45 annonces ouvertes, 5 annonces fermées et 3 achats 

]]></system-out>
</testcase>
<testcase name="testpreviousIndex(User)[56]" classname="minebayd1.test.TestUser" time="0">
<system-out><![CDATA[
unique-id: [engine:junit-jupiter]/[class:minebayd1.test.TestUser]/[test-template:testpreviousIndex(minebayd1.User)]/[test-template-invocation:#56]
display-name: [56] Chanez a 57 annonces ouvertes, 2 annonces fermées et 1 achats 

]]></system-out>
</testcase>
<testcase name="testpreviousIndex(User)[57]" classname="minebayd1.test.TestUser" time="0">
<system-out><![CDATA[
unique-id: [engine:junit-jupiter]/[class:minebayd1.test.TestUser]/[test-template:testpreviousIndex(minebayd1.User)]/[test-template-invocation:#57]
display-name: [57] Sheraz a 49 annonces ouvertes, 3 annonces fermées et 6 achats 

]]></system-out>
</testcase>
<testcase name="testpreviousIndex(User)[58]" classname="minebayd1.test.TestUser" time="0">
<system-out><![CDATA[
unique-id: [engine:junit-jupiter]/[class:minebayd1.test.TestUser]/[test-template:testpreviousIndex(minebayd1.User)]/[test-template-invocation:#58]
display-name: [58] Adam a 49 annonces ouvertes, 3 annonces fermées et 3 achats 

]]></system-out>
</testcase>
<testcase name="testpreviousIndex(User)[59]" classname="minebayd1.test.TestUser" time="0">
<system-out><![CDATA[
unique-id: [engine:junit-jupiter]/[class:minebayd1.test.TestUser]/[test-template:testpreviousIndex(minebayd1.User)]/[test-template-invocation:#59]
display-name: [59] Mounir a 59 annonces ouvertes, 2 annonces fermées et 2 achats 

]]></system-out>
</testcase>
<testcase name="testpreviousIndex(User)[60]" classname="minebayd1.test.TestUser" time="0">
<system-out><![CDATA[
unique-id: [engine:junit-jupiter]/[class:minebayd1.test.TestUser]/[test-template:testpreviousIndex(minebayd1.User)]/[test-template-invocation:#60]
display-name: [60] Faycal a 51 annonces ouvertes, 3 annonces fermées et 4 achats 

]]></system-out>
</testcase>
<testcase name="testpreviousIndex(User)[61]" classname="minebayd1.test.TestUser" time="0">
<system-out><![CDATA[
unique-id: [engine:junit-jupiter]/[class:minebayd1.test.TestUser]/[test-template:testpreviousIndex(minebayd1.User)]/[test-template-invocation:#61]
display-name: [61] Issa a 70 annonces ouvertes, 3 annonces fermées et 3 achats 

]]></system-out>
</testcase>
<testcase name="testpreviousIndex(User)[62]" classname="minebayd1.test.TestUser" time="0">
<system-out><![CDATA[
unique-id: [engine:junit-jupiter]/[class:minebayd1.test.TestUser]/[test-template:testpreviousIndex(minebayd1.User)]/[test-template-invocation:#62]
display-name: [62] Ziad a 48 annonces ouvertes, 4 annonces fermées et 2 achats 

]]></system-out>
</testcase>
<testcase name="testpreviousIndex(User)[63]" classname="minebayd1.test.TestUser" time="0">
<system-out><![CDATA[
unique-id: [engine:junit-jupiter]/[class:minebayd1.test.TestUser]/[test-template:testpreviousIndex(minebayd1.User)]/[test-template-invocation:#63]
display-name: [63] Zahra a 42 annonces ouvertes, 0 annonces fermées et 2 achats 

]]></system-out>
</testcase>
<testcase name="testpreviousIndex(User)[64]" classname="minebayd1.test.TestUser" time="0">
<system-out><![CDATA[
unique-id: [engine:junit-jupiter]/[class:minebayd1.test.TestUser]/[test-template:testpreviousIndex(minebayd1.User)]/[test-template-invocation:#64]
display-name: [64] Ayman a 53 annonces ouvertes, 4 annonces fermées et 4 achats 

]]></system-out>
</testcase>
<testcase name="testpreviousIndex(User)[65]" classname="minebayd1.test.TestUser" time="0">
<system-out><![CDATA[
unique-id: [engine:junit-jupiter]/[class:minebayd1.test.TestUser]/[test-template:testpreviousIndex(minebayd1.User)]/[test-template-invocation:#65]
display-name: [65] Idir a 58 annonces ouvertes, 5 annonces fermées et 4 achats 

]]></system-out>
</testcase>
<testcase name="testpreviousIndex(User)[66]" classname="minebayd1.test.TestUser" time="0">
<system-out><![CDATA[
unique-id: [engine:junit-jupiter]/[class:minebayd1.test.TestUser]/[test-template:testpreviousIndex(minebayd1.User)]/[test-template-invocation:#66]
display-name: [66] Lisa a 45 annonces ouvertes, 4 annonces fermées et 3 achats 

]]></system-out>
</testcase>
<testcase name="testpreviousIndex(User)[67]" classname="minebayd1.test.TestUser" time="0">
<system-out><![CDATA[
unique-id: [engine:junit-jupiter]/[class:minebayd1.test.TestUser]/[test-template:testpreviousIndex(minebayd1.User)]/[test-template-invocation:#67]
display-name: [67] Lamia a 77 annonces ouvertes, 1 annonces fermées et 2 achats 

]]></system-out>
</testcase>
<testcase name="testpreviousIndex(User)[68]" classname="minebayd1.test.TestUser" time="0">
<system-out><![CDATA[
unique-id: [engine:junit-jupiter]/[class:minebayd1.test.TestUser]/[test-template:testpreviousIndex(minebayd1.User)]/[test-template-invocation:#68]
display-name: [68] Sonia a 47 annonces ouvertes, 2 annonces fermées et 2 achats 

]]></system-out>
</testcase>
<testcase name="testpreviousIndex(User)[69]" classname="minebayd1.test.TestUser" time="0">
<system-out><![CDATA[
unique-id: [engine:junit-jupiter]/[class:minebayd1.test.TestUser]/[test-template:testpreviousIndex(minebayd1.User)]/[test-template-invocation:#69]
display-name: [69] Idir a 58 annonces ouvertes, 5 annonces fermées et 4 achats 

]]></system-out>
</testcase>
<testcase name="testpreviousIndex(User)[70]" classname="minebayd1.test.TestUser" time="0">
<system-out><![CDATA[
unique-id: [engine:junit-jupiter]/[class:minebayd1.test.TestUser]/[test-template:testpreviousIndex(minebayd1.User)]/[test-template-invocation:#70]
display-name: [70] Boris a 63 annonces ouvertes, 2 annonces fermées et 3 achats 

]]></system-out>
</testcase>
<testcase name="testpreviousIndex(User)[71]" classname="minebayd1.test.TestUser" time="0">
<system-out><![CDATA[
unique-id: [engine:junit-jupiter]/[class:minebayd1.test.TestUser]/[test-template:testpreviousIndex(minebayd1.User)]/[test-template-invocation:#71]
display-name: [71] Sonia a 47 annonces ouvertes, 2 annonces fermées et 2 achats 

]]></system-out>
</testcase>
<testcase name="testpreviousIndex(User)[72]" classname="minebayd1.test.TestUser" time="0">
<system-out><![CDATA[
unique-id: [engine:junit-jupiter]/[class:minebayd1.test.TestUser]/[test-template:testpreviousIndex(minebayd1.User)]/[test-template-invocation:#72]
display-name: [72] Imam a 45 annonces ouvertes, 5 annonces fermées et 3 achats 

]]></system-out>
</testcase>
<testcase name="testpreviousIndex(User)[73]" classname="minebayd1.test.TestUser" time="0">
<system-out><![CDATA[
unique-id: [engine:junit-jupiter]/[class:minebayd1.test.TestUser]/[test-template:testpreviousIndex(minebayd1.User)]/[test-template-invocation:#73]
display-name: [73] Adam a 49 annonces ouvertes, 3 annonces fermées et 3 achats 

]]></system-out>
</testcase>
<testcase name="testpreviousIndex(User)[74]" classname="minebayd1.test.TestUser" time="0">
<system-out><![CDATA[
unique-id: [engine:junit-jupiter]/[class:minebayd1.test.TestUser]/[test-template:testpreviousIndex(minebayd1.User)]/[test-template-invocation:#74]
display-name: [74] Adam a 49 annonces ouvertes, 3 annonces fermées et 3 achats 

]]></system-out>
</testcase>
<testcase name="testpreviousIndex(User)[75]" classname="minebayd1.test.TestUser" time="0">
<system-out><![CDATA[
unique-id: [engine:junit-jupiter]/[class:minebayd1.test.TestUser]/[test-template:testpreviousIndex(minebayd1.User)]/[test-template-invocation:#75]
display-name: [75] Adam a 49 annonces ouvertes, 3 annonces fermées et 3 achats 

]]></system-out>
</testcase>
<testcase name="testpreviousIndex(User)[76]" classname="minebayd1.test.TestUser" time="0">
<system-out><![CDATA[
unique-id: [engine:junit-jupiter]/[class:minebayd1.test.TestUser]/[test-template:testpreviousIndex(minebayd1.User)]/[test-template-invocation:#76]
display-name: [76] Mounir a 59 annonces ouvertes, 2 annonces fermées et 2 achats 

]]></system-out>
</testcase>
<testcase name="testpreviousIndex(User)[77]" classname="minebayd1.test.TestUser" time="0">
<system-out><![CDATA[
unique-id: [engine:junit-jupiter]/[class:minebayd1.test.TestUser]/[test-template:testpreviousIndex(minebayd1.User)]/[test-template-invocation:#77]
display-name: [77] Yanis a 61 annonces ouvertes, 4 annonces fermées et 3 achats 

]]></system-out>
</testcase>
<testcase name="testpreviousIndex(User)[78]" classname="minebayd1.test.TestUser" time="0">
<system-out><![CDATA[
unique-id: [engine:junit-jupiter]/[class:minebayd1.test.TestUser]/[test-template:testpreviousIndex(minebayd1.User)]/[test-template-invocation:#78]
display-name: [78] Imam a 45 annonces ouvertes, 5 annonces fermées et 3 achats 

]]></system-out>
</testcase>
<testcase name="testpreviousIndex(User)[79]" classname="minebayd1.test.TestUser" time="0">
<system-out><![CDATA[
unique-id: [engine:junit-jupiter]/[class:minebayd1.test.TestUser]/[test-template:testpreviousIndex(minebayd1.User)]/[test-template-invocation:#79]
display-name: [79] Marcel a 63 annonces ouvertes, 4 annonces fermées et 4 achats 

]]></system-out>
</testcase>
<testcase name="testpreviousIndex(User)[80]" classname="minebayd1.test.TestUser" time="0">
<system-out><![CDATA[
unique-id: [engine:junit-jupiter]/[class:minebayd1.test.TestUser]/[test-template:testpreviousIndex(minebayd1.User)]/[test-template-invocation:#80]
display-name: [80] Faycal a 51 annonces ouvertes, 3 annonces fermées et 4 achats 

]]></system-out>
</testcase>
<testcase name="testpreviousIndex(User)[81]" classname="minebayd1.test.TestUser" time="0">
<system-out><![CDATA[
unique-id: [engine:junit-jupiter]/[class:minebayd1.test.TestUser]/[test-template:testpreviousIndex(minebayd1.User)]/[test-template-invocation:#81]
display-name: [81] Issa a 70 annonces ouvertes, 3 annonces fermées et 3 achats 

]]></system-out>
</testcase>
<testcase name="testpreviousIndex(User)[82]" classname="minebayd1.test.TestUser" time="0">
<system-out><![CDATA[
unique-id: [engine:junit-jupiter]/[class:minebayd1.test.TestUser]/[test-template:testpreviousIndex(minebayd1.User)]/[test-template-invocation:#82]
display-name: [82] Ali a 57 annonces ouvertes, 6 annonces fermées et 3 achats 

]]></system-out>
</testcase>
<testcase name="testpreviousIndex(User)[83]" classname="minebayd1.test.TestUser" time="0">
<system-out><![CDATA[
unique-id: [engine:junit-jupiter]/[class:minebayd1.test.TestUser]/[test-template:testpreviousIndex(minebayd1.User)]/[test-template-invocation:#83]
display-name: [83] Adam a 49 annonces ouvertes, 3 annonces fermées et 3 achats 

]]></system-out>
</testcase>
<testcase name="testpreviousIndex(User)[84]" classname="minebayd1.test.TestUser" time="0">
<system-out><![CDATA[
unique-id: [engine:junit-jupiter]/[class:minebayd1.test.TestUser]/[test-template:testpreviousIndex(minebayd1.User)]/[test-template-invocation:#84]
display-name: [84] Pierre a 41 annonces ouvertes, 5 annonces fermées et 2 achats 

]]></system-out>
</testcase>
<testcase name="testpreviousIndex(User)[85]" classname="minebayd1.test.TestUser" time="0">
<system-out><![CDATA[
unique-id: [engine:junit-jupiter]/[class:minebayd1.test.TestUser]/[test-template:testpreviousIndex(minebayd1.User)]/[test-template-invocation:#85]
display-name: [85] Ali a 57 annonces ouvertes, 6 annonces fermées et 3 achats 

]]></system-out>
</testcase>
<testcase name="testpreviousIndex(User)[86]" classname="minebayd1.test.TestUser" time="0">
<system-out><![CDATA[
unique-id: [engine:junit-jupiter]/[class:minebayd1.test.TestUser]/[test-template:testpreviousIndex(minebayd1.User)]/[test-template-invocation:#86]
display-name: [86] Pierre a 41 annonces ouvertes, 5 annonces fermées et 2 achats 

]]></system-out>
</testcase>
<testcase name="testpreviousIndex(User)[87]" classname="minebayd1.test.TestUser" time="0">
<system-out><![CDATA[
unique-id: [engine:junit-jupiter]/[class:minebayd1.test.TestUser]/[test-template:testpreviousIndex(minebayd1.User)]/[test-template-invocation:#87]
display-name: [87] Adam a 49 annonces ouvertes, 3 annonces fermées et 3 achats 

]]></system-out>
</testcase>
<testcase name="testpreviousIndex(User)[88]" classname="minebayd1.test.TestUser" time="0">
<system-out><![CDATA[
unique-id: [engine:junit-jupiter]/[class:minebayd1.test.TestUser]/[test-template:testpreviousIndex(minebayd1.User)]/[test-template-invocation:#88]
display-name: [88] Imam a 45 annonces ouvertes, 5 annonces fermées et 3 achats 

]]></system-out>
</testcase>
<testcase name="testpreviousIndex(User)[89]" classname="minebayd1.test.TestUser" time="0">
<system-out><![CDATA[
unique-id: [engine:junit-jupiter]/[class:minebayd1.test.TestUser]/[test-template:testpreviousIndex(minebayd1.User)]/[test-template-invocation:#89]
display-name: [89] Pierre a 41 annonces ouvertes, 5 annonces fermées et 2 achats 

]]></system-out>
</testcase>
<testcase name="testpreviousIndex(User)[90]" classname="minebayd1.test.TestUser" time="0.001">
<system-out><![CDATA[
unique-id: [engine:junit-jupiter]/[class:minebayd1.test.TestUser]/[test-template:testpreviousIndex(minebayd1.User)]/[test-template-invocation:#90]
display-name: [90] Lamia a 77 annonces ouvertes, 1 annonces fermées et 2 achats 

]]></system-out>
</testcase>
<testcase name="testpreviousIndex(User)[91]" classname="minebayd1.test.TestUser" time="0">
<system-out><![CDATA[
unique-id: [engine:junit-jupiter]/[class:minebayd1.test.TestUser]/[test-template:testpreviousIndex(minebayd1.User)]/[test-template-invocation:#91]
display-name: [91] Ismael a 59 annonces ouvertes, 1 annonces fermées et 3 achats 

]]></system-out>
</testcase>
<testcase name="testpreviousIndex(User)[92]" classname="minebayd1.test.TestUser" time="0">
<system-out><![CDATA[
unique-id: [engine:junit-jupiter]/[class:minebayd1.test.TestUser]/[test-template:testpreviousIndex(minebayd1.User)]/[test-template-invocation:#92]
display-name: [92] Ismael a 59 annonces ouvertes, 1 annonces fermées et 3 achats 

]]></system-out>
</testcase>
<testcase name="testpreviousIndex(User)[93]" classname="minebayd1.test.TestUser" time="0.001">
<system-out><![CDATA[
unique-id: [engine:junit-jupiter]/[class:minebayd1.test.TestUser]/[test-template:testpreviousIndex(minebayd1.User)]/[test-template-invocation:#93]
display-name: [93] Mamadou a 59 annonces ouvertes, 2 annonces fermées et 1 achats 

]]></system-out>
</testcase>
<testcase name="testpreviousIndex(User)[94]" classname="minebayd1.test.TestUser" time="0.001">
<system-out><![CDATA[
unique-id: [engine:junit-jupiter]/[class:minebayd1.test.TestUser]/[test-template:testpreviousIndex(minebayd1.User)]/[test-template-invocation:#94]
display-name: [94] Issa a 70 annonces ouvertes, 3 annonces fermées et 3 achats 

]]></system-out>
</testcase>
<testcase name="testpreviousIndex(User)[95]" classname="minebayd1.test.TestUser" time="0">
<system-out><![CDATA[
unique-id: [engine:junit-jupiter]/[class:minebayd1.test.TestUser]/[test-template:testpreviousIndex(minebayd1.User)]/[test-template-invocation:#95]
display-name: [95] Imam a 45 annonces ouvertes, 5 annonces fermées et 3 achats 

]]></system-out>
</testcase>
<testcase name="testpreviousIndex(User)[96]" classname="minebayd1.test.TestUser" time="0.001">
<system-out><![CDATA[
unique-id: [engine:junit-jupiter]/[class:minebayd1.test.TestUser]/[test-template:testpreviousIndex(minebayd1.User)]/[test-template-invocation:#96]
display-name: [96] Yanis a 61 annonces ouvertes, 4 annonces fermées et 3 achats 

]]></system-out>
</testcase>
<testcase name="testpreviousIndex(User)[97]" classname="minebayd1.test.TestUser" time="0.001">
<system-out><![CDATA[
unique-id: [engine:junit-jupiter]/[class:minebayd1.test.TestUser]/[test-template:testpreviousIndex(minebayd1.User)]/[test-template-invocation:#97]
display-name: [97] Issa a 70 annonces ouvertes, 3 annonces fermées et 3 achats 

]]></system-out>
</testcase>
<testcase name="testpreviousIndex(User)[98]" classname="minebayd1.test.TestUser" time="0.001">
<system-out><![CDATA[
unique-id: [engine:junit-jupiter]/[class:minebayd1.test.TestUser]/[test-template:testpreviousIndex(minebayd1.User)]/[test-template-invocation:#98]
display-name: [98] Yanis a 61 annonces ouvertes, 4 annonces fermées et 3 achats 

]]></system-out>
</testcase>
<testcase name="testpreviousIndex(User)[99]" classname="minebayd1.test.TestUser" time="0.001">
<system-out><![CDATA[
unique-id: [engine:junit-jupiter]/[class:minebayd1.test.TestUser]/[test-template:testpreviousIndex(minebayd1.User)]/[test-template-invocation:#99]
display-name: [99] Naila a 60 annonces ouvertes, 3 annonces fermées et 4 achats 

]]></system-out>
</testcase>
<testcase name="testpreviousIndex(User)[100]" classname="minebayd1.test.TestUser" time="0">
<system-out><![CDATA[
unique-id: [engine:junit-jupiter]/[class:minebayd1.test.TestUser]/[test-template:testpreviousIndex(minebayd1.User)]/[test-template-invocation:#100]
display-name: [100] Adam a 49 annonces ouvertes, 3 annonces fermées et 3 achats 

]]></system-out>
</testcase>
<testcase name="testgetPassword(User)[1]" classname="minebayd1.test.TestUser" time="0">
<system-out><![CDATA[
unique-id: [engine:junit-jupiter]/[class:minebayd1.test.TestUser]/[test-template:testgetPassword(minebayd1.User)]/[test-template-invocation:#1]
display-name: [1] Adam a 49 annonces ouvertes, 3 annonces fermées et 3 achats 

]]></system-out>
</testcase>
<testcase name="testgetPassword(User)[2]" classname="minebayd1.test.TestUser" time="0.001">
<system-out><![CDATA[
unique-id: [engine:junit-jupiter]/[class:minebayd1.test.TestUser]/[test-template:testgetPassword(minebayd1.User)]/[test-template-invocation:#2]
display-name: [2] Lyes a 65 annonces ouvertes, 1 annonces fermées et 3 achats 

]]></system-out>
</testcase>
<testcase name="testgetPassword(User)[3]" classname="minebayd1.test.TestUser" time="0.001">
<system-out><![CDATA[
unique-id: [engine:junit-jupiter]/[class:minebayd1.test.TestUser]/[test-template:testgetPassword(minebayd1.User)]/[test-template-invocation:#3]
display-name: [3] Lyes a 65 annonces ouvertes, 1 annonces fermées et 3 achats 

]]></system-out>
</testcase>
<testcase name="testgetPassword(User)[4]" classname="minebayd1.test.TestUser" time="0">
<system-out><![CDATA[
unique-id: [engine:junit-jupiter]/[class:minebayd1.test.TestUser]/[test-template:testgetPassword(minebayd1.User)]/[test-template-invocation:#4]
display-name: [4] Ziad a 48 annonces ouvertes, 4 annonces fermées et 2 achats 

]]></system-out>
</testcase>
<testcase name="testgetPassword(User)[5]" classname="minebayd1.test.TestUser" time="0">
<system-out><![CDATA[
unique-id: [engine:junit-jupiter]/[class:minebayd1.test.TestUser]/[test-template:testgetPassword(minebayd1.User)]/[test-template-invocation:#5]
display-name: [5] Ali a 57 annonces ouvertes, 6 annonces fermées et 3 achats 

]]></system-out>
</testcase>
<testcase name="testgetPassword(User)[6]" classname="minebayd1.test.TestUser" time="0">
<system-out><![CDATA[
unique-id: [engine:junit-jupiter]/[class:minebayd1.test.TestUser]/[test-template:testgetPassword(minebayd1.User)]/[test-template-invocation:#6]
display-name: [6] Yanis a 61 annonces ouvertes, 4 annonces fermées et 3 achats 

]]></system-out>
</testcase>
<testcase name="testgetPassword(User)[7]" classname="minebayd1.test.TestUser" time="0">
<system-out><![CDATA[
unique-id: [engine:junit-jupiter]/[class:minebayd1.test.TestUser]/[test-template:testgetPassword(minebayd1.User)]/[test-template-invocation:#7]
display-name: [7] Lyes a 65 annonces ouvertes, 1 annonces fermées et 3 achats 

]]></system-out>
</testcase>
<testcase name="testgetPassword(User)[8]" classname="minebayd1.test.TestUser" time="0">
<system-out><![CDATA[
unique-id: [engine:junit-jupiter]/[class:minebayd1.test.TestUser]/[test-template:testgetPassword(minebayd1.User)]/[test-template-invocation:#8]
display-name: [8] Idir a 58 annonces ouvertes, 5 annonces fermées et 4 achats 

]]></system-out>
</testcase>
<testcase name="testgetPassword(User)[9]" classname="minebayd1.test.TestUser" time="0">
<system-out><![CDATA[
unique-id: [engine:junit-jupiter]/[class:minebayd1.test.TestUser]/[test-template:testgetPassword(minebayd1.User)]/[test-template-invocation:#9]
display-name: [9] Sheraz a 49 annonces ouvertes, 3 annonces fermées et 6 achats 

]]></system-out>
</testcase>
<testcase name="testgetPassword(User)[10]" classname="minebayd1.test.TestUser" time="0">
<system-out><![CDATA[
unique-id: [engine:junit-jupiter]/[class:minebayd1.test.TestUser]/[test-template:testgetPassword(minebayd1.User)]/[test-template-invocation:#10]
display-name: [10] Ali a 57 annonces ouvertes, 6 annonces fermées et 3 achats 

]]></system-out>
</testcase>
<testcase name="testgetPassword(User)[11]" classname="minebayd1.test.TestUser" time="0">
<system-out><![CDATA[
unique-id: [engine:junit-jupiter]/[class:minebayd1.test.TestUser]/[test-template:testgetPassword(minebayd1.User)]/[test-template-invocation:#11]
display-name: [11] Ismael a 59 annonces ouvertes, 1 annonces fermées et 3 achats 

]]></system-out>
</testcase>
<testcase name="testgetPassword(User)[12]" classname="minebayd1.test.TestUser" time="0">
<system-out><![CDATA[
unique-id: [engine:junit-jupiter]/[class:minebayd1.test.TestUser]/[test-template:testgetPassword(minebayd1.User)]/[test-template-invocation:#12]
display-name: [12] Lamia a 77 annonces ouvertes, 1 annonces fermées et 2 achats 

]]></system-out>
</testcase>
<testcase name="testgetPassword(User)[13]" classname="minebayd1.test.TestUser" time="0.001">
<system-out><![CDATA[
unique-id: [engine:junit-jupiter]/[class:minebayd1.test.TestUser]/[test-template:testgetPassword(minebayd1.User)]/[test-template-invocation:#13]
display-name: [13] Lamia a 77 annonces ouvertes, 1 annonces fermées et 2 achats 

]]></system-out>
</testcase>
<testcase name="testgetPassword(User)[14]" classname="minebayd1.test.TestUser" time="0">
<system-out><![CDATA[
unique-id: [engine:junit-jupiter]/[class:minebayd1.test.TestUser]/[test-template:testgetPassword(minebayd1.User)]/[test-template-invocation:#14]
display-name: [14] Ziad a 48 annonces ouvertes, 4 annonces fermées et 2 achats 

]]></system-out>
</testcase>
<testcase name="testgetPassword(User)[15]" classname="minebayd1.test.TestUser" time="0">
<system-out><![CDATA[
unique-id: [engine:junit-jupiter]/[class:minebayd1.test.TestUser]/[test-template:testgetPassword(minebayd1.User)]/[test-template-invocation:#15]
display-name: [15] Aliou a 50 annonces ouvertes, 3 annonces fermées et 2 achats 

]]></system-out>
</testcase>
<testcase name="testgetPassword(User)[16]" classname="minebayd1.test.TestUser" time="0">
<system-out><![CDATA[
unique-id: [engine:junit-jupiter]/[class:minebayd1.test.TestUser]/[test-template:testgetPassword(minebayd1.User)]/[test-template-invocation:#16]
display-name: [16] Sonia a 47 annonces ouvertes, 2 annonces fermées et 2 achats 

]]></system-out>
</testcase>
<testcase name="testgetPassword(User)[17]" classname="minebayd1.test.TestUser" time="0">
<system-out><![CDATA[
unique-id: [engine:junit-jupiter]/[class:minebayd1.test.TestUser]/[test-template:testgetPassword(minebayd1.User)]/[test-template-invocation:#17]
display-name: [17] Chanez a 57 annonces ouvertes, 2 annonces fermées et 1 achats 

]]></system-out>
</testcase>
<testcase name="testgetPassword(User)[18]" classname="minebayd1.test.TestUser" time="0">
<system-out><![CDATA[
unique-id: [engine:junit-jupiter]/[class:minebayd1.test.TestUser]/[test-template:testgetPassword(minebayd1.User)]/[test-template-invocation:#18]
display-name: [18] Mohamed a 45 annonces ouvertes, 2 annonces fermées et 3 achats 

]]></system-out>
</testcase>
<testcase name="testgetPassword(User)[19]" classname="minebayd1.test.TestUser" time="0">
<system-out><![CDATA[
unique-id: [engine:junit-jupiter]/[class:minebayd1.test.TestUser]/[test-template:testgetPassword(minebayd1.User)]/[test-template-invocation:#19]
display-name: [19] Lisa a 45 annonces ouvertes, 4 annonces fermées et 3 achats 

]]></system-out>
</testcase>
<testcase name="testgetPassword(User)[20]" classname="minebayd1.test.TestUser" time="0">
<system-out><![CDATA[
unique-id: [engine:junit-jupiter]/[class:minebayd1.test.TestUser]/[test-template:testgetPassword(minebayd1.User)]/[test-template-invocation:#20]
display-name: [20] Zahra a 42 annonces ouvertes, 0 annonces fermées et 2 achats 

]]></system-out>
</testcase>
<testcase name="testgetPassword(User)[21]" classname="minebayd1.test.TestUser" time="0">
<system-out><![CDATA[
unique-id: [engine:junit-jupiter]/[class:minebayd1.test.TestUser]/[test-template:testgetPassword(minebayd1.User)]/[test-template-invocation:#21]
display-name: [21] Ayman a 53 annonces ouvertes, 4 annonces fermées et 4 achats 

]]></system-out>
</testcase>
<testcase name="testgetPassword(User)[22]" classname="minebayd1.test.TestUser" time="0">
<system-out><![CDATA[
unique-id: [engine:junit-jupiter]/[class:minebayd1.test.TestUser]/[test-template:testgetPassword(minebayd1.User)]/[test-template-invocation:#22]
display-name: [22] Boris a 63 annonces ouvertes, 2 annonces fermées et 3 achats 

]]></system-out>
</testcase>
<testcase name="testgetPassword(User)[23]" classname="minebayd1.test.TestUser" time="0">
<system-out><![CDATA[
unique-id: [engine:junit-jupiter]/[class:minebayd1.test.TestUser]/[test-template:testgetPassword(minebayd1.User)]/[test-template-invocation:#23]
display-name: [23] Lamia a 77 annonces ouvertes, 1 annonces fermées et 2 achats 

]]></system-out>
</testcase>
<testcase name="testgetPassword(User)[24]" classname="minebayd1.test.TestUser" time="0">
<system-out><![CDATA[
unique-id: [engine:junit-jupiter]/[class:minebayd1.test.TestUser]/[test-template:testgetPassword(minebayd1.User)]/[test-template-invocation:#24]
display-name: [24] Mounir a 59 annonces ouvertes, 2 annonces fermées et 2 achats 

]]></system-out>
</testcase>
<testcase name="testgetPassword(User)[25]" classname="minebayd1.test.TestUser" time="0">
<system-out><![CDATA[
unique-id: [engine:junit-jupiter]/[class:minebayd1.test.TestUser]/[test-template:testgetPassword(minebayd1.User)]/[test-template-invocation:#25]
display-name: [25] Mamadou a 59 annonces ouvertes, 2 annonces fermées et 1 achats 

]]></system-out>
</testcase>
<testcase name="testgetPassword(User)[26]" classname="minebayd1.test.TestUser" time="0">
<system-out><![CDATA[
unique-id: [engine:junit-jupiter]/[class:minebayd1.test.TestUser]/[test-template:testgetPassword(minebayd1.User)]/[test-template-invocation:#26]
display-name: [26] Yanis a 61 annonces ouvertes, 4 annonces fermées et 3 achats 

]]></system-out>
</testcase>
<testcase name="testgetPassword(User)[27]" classname="minebayd1.test.TestUser" time="0">
<system-out><![CDATA[
unique-id: [engine:junit-jupiter]/[class:minebayd1.test.TestUser]/[test-template:testgetPassword(minebayd1.User)]/[test-template-invocation:#27]
display-name: [27] Zahra a 42 annonces ouvertes, 0 annonces fermées et 2 achats 

]]></system-out>
</testcase>
<testcase name="testgetPassword(User)[28]" classname="minebayd1.test.TestUser" time="0">
<system-out><![CDATA[
unique-id: [engine:junit-jupiter]/[class:minebayd1.test.TestUser]/[test-template:testgetPassword(minebayd1.User)]/[test-template-invocation:#28]
display-name: [28] Sheraz a 49 annonces ouvertes, 3 annonces fermées et 6 achats 

]]></system-out>
</testcase>
<testcase name="testgetPassword(User)[29]" classname="minebayd1.test.TestUser" time="0">
<system-out><![CDATA[
unique-id: [engine:junit-jupiter]/[class:minebayd1.test.TestUser]/[test-template:testgetPassword(minebayd1.User)]/[test-template-invocation:#29]
display-name: [29] Boris a 63 annonces ouvertes, 2 annonces fermées et 3 achats 

]]></system-out>
</testcase>
<testcase name="testgetPassword(User)[30]" classname="minebayd1.test.TestUser" time="0">
<system-out><![CDATA[
unique-id: [engine:junit-jupiter]/[class:minebayd1.test.TestUser]/[test-template:testgetPassword(minebayd1.User)]/[test-template-invocation:#30]
display-name: [30] Nima a 50 annonces ouvertes, 1 annonces fermées et 4 achats 

]]></system-out>
</testcase>
<testcase name="testgetPassword(User)[31]" classname="minebayd1.test.TestUser" time="0.001">
<system-out><![CDATA[
unique-id: [engine:junit-jupiter]/[class:minebayd1.test.TestUser]/[test-template:testgetPassword(minebayd1.User)]/[test-template-invocation:#31]
display-name: [31] Marcel a 63 annonces ouvertes, 4 annonces fermées et 4 achats 

]]></system-out>
</testcase>
<testcase name="testgetPassword(User)[32]" classname="minebayd1.test.TestUser" time="0">
<system-out><![CDATA[
unique-id: [engine:junit-jupiter]/[class:minebayd1.test.TestUser]/[test-template:testgetPassword(minebayd1.User)]/[test-template-invocation:#32]
display-name: [32] Lisa a 45 annonces ouvertes, 4 annonces fermées et 3 achats 

]]></system-out>
</testcase>
<testcase name="testgetPassword(User)[33]" classname="minebayd1.test.TestUser" time="0">
<system-out><![CDATA[
unique-id: [engine:junit-jupiter]/[class:minebayd1.test.TestUser]/[test-template:testgetPassword(minebayd1.User)]/[test-template-invocation:#33]
display-name: [33] Rosa a 40 annonces ouvertes, 4 annonces fermées et 2 achats 

]]></system-out>
</testcase>
<testcase name="testgetPassword(User)[34]" classname="minebayd1.test.TestUser" time="0">
<system-out><![CDATA[
unique-id: [engine:junit-jupiter]/[class:minebayd1.test.TestUser]/[test-template:testgetPassword(minebayd1.User)]/[test-template-invocation:#34]
display-name: [34] Sheraz a 49 annonces ouvertes, 3 annonces fermées et 6 achats 

]]></system-out>
</testcase>
<testcase name="testgetPassword(User)[35]" classname="minebayd1.test.TestUser" time="0">
<system-out><![CDATA[
unique-id: [engine:junit-jupiter]/[class:minebayd1.test.TestUser]/[test-template:testgetPassword(minebayd1.User)]/[test-template-invocation:#35]
display-name: [35] Zahra a 42 annonces ouvertes, 0 annonces fermées et 2 achats 

]]></system-out>
</testcase>
<testcase name="testgetPassword(User)[36]" classname="minebayd1.test.TestUser" time="0.001">
<system-out><![CDATA[
unique-id: [engine:junit-jupiter]/[class:minebayd1.test.TestUser]/[test-template:testgetPassword(minebayd1.User)]/[test-template-invocation:#36]
display-name: [36] Issa a 70 annonces ouvertes, 3 annonces fermées et 3 achats 

]]></system-out>
</testcase>
<testcase name="testgetPassword(User)[37]" classname="minebayd1.test.TestUser" time="0">
<system-out><![CDATA[
unique-id: [engine:junit-jupiter]/[class:minebayd1.test.TestUser]/[test-template:testgetPassword(minebayd1.User)]/[test-template-invocation:#37]
display-name: [37] Aliou a 50 annonces ouvertes, 3 annonces fermées et 2 achats 

]]></system-out>
</testcase>
<testcase name="testgetPassword(User)[38]" classname="minebayd1.test.TestUser" time="0">
<system-out><![CDATA[
unique-id: [engine:junit-jupiter]/[class:minebayd1.test.TestUser]/[test-template:testgetPassword(minebayd1.User)]/[test-template-invocation:#38]
display-name: [38] Aliou a 50 annonces ouvertes, 3 annonces fermées et 2 achats 

]]></system-out>
</testcase>
<testcase name="testgetPassword(User)[39]" classname="minebayd1.test.TestUser" time="0">
<system-out><![CDATA[
unique-id: [engine:junit-jupiter]/[class:minebayd1.test.TestUser]/[test-template:testgetPassword(minebayd1.User)]/[test-template-invocation:#39]
display-name: [39] Sheraz a 49 annonces ouvertes, 3 annonces fermées et 6 achats 

]]></system-out>
</testcase>
<testcase name="testgetPassword(User)[40]" classname="minebayd1.test.TestUser" time="0">
<system-out><![CDATA[
unique-id: [engine:junit-jupiter]/[class:minebayd1.test.TestUser]/[test-template:testgetPassword(minebayd1.User)]/[test-template-invocation:#40]
display-name: [40] Ayman a 53 annonces ouvertes, 4 annonces fermées et 4 achats 

]]></system-out>
</testcase>
<testcase name="testgetPassword(User)[41]" classname="minebayd1.test.TestUser" time="0">
<system-out><![CDATA[
unique-id: [engine:junit-jupiter]/[class:minebayd1.test.TestUser]/[test-template:testgetPassword(minebayd1.User)]/[test-template-invocation:#41]
display-name: [41] Ziad a 48 annonces ouvertes, 4 annonces fermées et 2 achats 

]]></system-out>
</testcase>
<testcase name="testgetPassword(User)[42]" classname="minebayd1.test.TestUser" time="0">
<system-out><![CDATA[
unique-id: [engine:junit-jupiter]/[class:minebayd1.test.TestUser]/[test-template:testgetPassword(minebayd1.User)]/[test-template-invocation:#42]
display-name: [42] Sheraz a 49 annonces ouvertes, 3 annonces fermées et 6 achats 

]]></system-out>
</testcase>
<testcase name="testgetPassword(User)[43]" classname="minebayd1.test.TestUser" time="0">
<system-out><![CDATA[
unique-id: [engine:junit-jupiter]/[class:minebayd1.test.TestUser]/[test-template:testgetPassword(minebayd1.User)]/[test-template-invocation:#43]
display-name: [43] Ayman a 53 annonces ouvertes, 4 annonces fermées et 4 achats 

]]></system-out>
</testcase>
<testcase name="testgetPassword(User)[44]" classname="minebayd1.test.TestUser" time="0">
<system-out><![CDATA[
unique-id: [engine:junit-jupiter]/[class:minebayd1.test.TestUser]/[test-template:testgetPassword(minebayd1.User)]/[test-template-invocation:#44]
display-name: [44] Nima a 50 annonces ouvertes, 1 annonces fermées et 4 achats 

]]></system-out>
</testcase>
<testcase name="testgetPassword(User)[45]" classname="minebayd1.test.TestUser" time="0.001">
<system-out><![CDATA[
unique-id: [engine:junit-jupiter]/[class:minebayd1.test.TestUser]/[test-template:testgetPassword(minebayd1.User)]/[test-template-invocation:#45]
display-name: [45] Mounir a 59 annonces ouvertes, 2 annonces fermées et 2 achats 

]]></system-out>
</testcase>
<testcase name="testgetPassword(User)[46]" classname="minebayd1.test.TestUser" time="0">
<system-out><![CDATA[
unique-id: [engine:junit-jupiter]/[class:minebayd1.test.TestUser]/[test-template:testgetPassword(minebayd1.User)]/[test-template-invocation:#46]
display-name: [46] Ayman a 53 annonces ouvertes, 4 annonces fermées et 4 achats 

]]></system-out>
</testcase>
<testcase name="testgetPassword(User)[47]" classname="minebayd1.test.TestUser" time="0">
<system-out><![CDATA[
unique-id: [engine:junit-jupiter]/[class:minebayd1.test.TestUser]/[test-template:testgetPassword(minebayd1.User)]/[test-template-invocation:#47]
display-name: [47] Ziad a 48 annonces ouvertes, 4 annonces fermées et 2 achats 

]]></system-out>
</testcase>
<testcase name="testgetPassword(User)[48]" classname="minebayd1.test.TestUser" time="0">
<system-out><![CDATA[
unique-id: [engine:junit-jupiter]/[class:minebayd1.test.TestUser]/[test-template:testgetPassword(minebayd1.User)]/[test-template-invocation:#48]
display-name: [48] Idir a 58 annonces ouvertes, 5 annonces fermées et 4 achats 

]]></system-out>
</testcase>
<testcase name="testgetPassword(User)[49]" classname="minebayd1.test.TestUser" time="0.001">
<system-out><![CDATA[
unique-id: [engine:junit-jupiter]/[class:minebayd1.test.TestUser]/[test-template:testgetPassword(minebayd1.User)]/[test-template-invocation:#49]
display-name: [49] Lyes a 65 annonces ouvertes, 1 annonces fermées et 3 achats 

]]></system-out>
</testcase>
<testcase name="testgetPassword(User)[50]" classname="minebayd1.test.TestUser" time="0.001">
<system-out><![CDATA[
unique-id: [engine:junit-jupiter]/[class:minebayd1.test.TestUser]/[test-template:testgetPassword(minebayd1.User)]/[test-template-invocation:#50]
display-name: [50] Adam a 49 annonces ouvertes, 3 annonces fermées et 3 achats 

]]></system-out>
</testcase>
<testcase name="testgetPassword(User)[51]" classname="minebayd1.test.TestUser" time="0">
<system-out><![CDATA[
unique-id: [engine:junit-jupiter]/[class:minebayd1.test.TestUser]/[test-template:testgetPassword(minebayd1.User)]/[test-template-invocation:#51]
display-name: [51] Marc a 55 annonces ouvertes, 1 annonces fermées et 2 achats 

]]></system-out>
</testcase>
<testcase name="testgetPassword(User)[52]" classname="minebayd1.test.TestUser" time="0">
<system-out><![CDATA[
unique-id: [engine:junit-jupiter]/[class:minebayd1.test.TestUser]/[test-template:testgetPassword(minebayd1.User)]/[test-template-invocation:#52]
display-name: [52] Ayman a 53 annonces ouvertes, 4 annonces fermées et 4 achats 

]]></system-out>
</testcase>
<testcase name="testgetPassword(User)[53]" classname="minebayd1.test.TestUser" time="0">
<system-out><![CDATA[
unique-id: [engine:junit-jupiter]/[class:minebayd1.test.TestUser]/[test-template:testgetPassword(minebayd1.User)]/[test-template-invocation:#53]
display-name: [53] Nima a 50 annonces ouvertes, 1 annonces fermées et 4 achats 

]]></system-out>
</testcase>
<testcase name="testgetPassword(User)[54]" classname="minebayd1.test.TestUser" time="0.001">
<system-out><![CDATA[
unique-id: [engine:junit-jupiter]/[class:minebayd1.test.TestUser]/[test-template:testgetPassword(minebayd1.User)]/[test-template-invocation:#54]
display-name: [54] Ali a 57 annonces ouvertes, 6 annonces fermées et 3 achats 

]]></system-out>
</testcase>
<testcase name="testgetPassword(User)[55]" classname="minebayd1.test.TestUser" time="0">
<system-out><![CDATA[
unique-id: [engine:junit-jupiter]/[class:minebayd1.test.TestUser]/[test-template:testgetPassword(minebayd1.User)]/[test-template-invocation:#55]
display-name: [55] Nima a 50 annonces ouvertes, 1 annonces fermées et 4 achats 

]]></system-out>
</testcase>
<testcase name="testgetPassword(User)[56]" classname="minebayd1.test.TestUser" time="0">
<system-out><![CDATA[
unique-id: [engine:junit-jupiter]/[class:minebayd1.test.TestUser]/[test-template:testgetPassword(minebayd1.User)]/[test-template-invocation:#56]
display-name: [56] Mohamed a 45 annonces ouvertes, 2 annonces fermées et 3 achats 

]]></system-out>
</testcase>
<testcase name="testgetPassword(User)[57]" classname="minebayd1.test.TestUser" time="0">
<system-out><![CDATA[
unique-id: [engine:junit-jupiter]/[class:minebayd1.test.TestUser]/[test-template:testgetPassword(minebayd1.User)]/[test-template-invocation:#57]
display-name: [57] Marc a 55 annonces ouvertes, 1 annonces fermées et 2 achats 

]]></system-out>
</testcase>
<testcase name="testgetPassword(User)[58]" classname="minebayd1.test.TestUser" time="0">
<system-out><![CDATA[
unique-id: [engine:junit-jupiter]/[class:minebayd1.test.TestUser]/[test-template:testgetPassword(minebayd1.User)]/[test-template-invocation:#58]
display-name: [58] Ismael a 59 annonces ouvertes, 1 annonces fermées et 3 achats 

]]></system-out>
</testcase>
<testcase name="testgetPassword(User)[59]" classname="minebayd1.test.TestUser" time="0">
<system-out><![CDATA[
unique-id: [engine:junit-jupiter]/[class:minebayd1.test.TestUser]/[test-template:testgetPassword(minebayd1.User)]/[test-template-invocation:#59]
display-name: [59] Mounir a 59 annonces ouvertes, 2 annonces fermées et 2 achats 

]]></system-out>
</testcase>
<testcase name="testgetPassword(User)[60]" classname="minebayd1.test.TestUser" time="0">
<system-out><![CDATA[
unique-id: [engine:junit-jupiter]/[class:minebayd1.test.TestUser]/[test-template:testgetPassword(minebayd1.User)]/[test-template-invocation:#60]
display-name: [60] Faycal a 51 annonces ouvertes, 3 annonces fermées et 4 achats 

]]></system-out>
</testcase>
<testcase name="testgetPassword(User)[61]" classname="minebayd1.test.TestUser" time="0">
<system-out><![CDATA[
unique-id: [engine:junit-jupiter]/[class:minebayd1.test.TestUser]/[test-template:testgetPassword(minebayd1.User)]/[test-template-invocation:#61]
display-name: [61] Yanis a 61 annonces ouvertes, 4 annonces fermées et 3 achats 

]]></system-out>
</testcase>
<testcase name="testgetPassword(User)[62]" classname="minebayd1.test.TestUser" time="0">
<system-out><![CDATA[
unique-id: [engine:junit-jupiter]/[class:minebayd1.test.TestUser]/[test-template:testgetPassword(minebayd1.User)]/[test-template-invocation:#62]
display-name: [62] Boris a 63 annonces ouvertes, 2 annonces fermées et 3 achats 

]]></system-out>
</testcase>
<testcase name="testgetPassword(User)[63]" classname="minebayd1.test.TestUser" time="0">
<system-out><![CDATA[
unique-id: [engine:junit-jupiter]/[class:minebayd1.test.TestUser]/[test-template:testgetPassword(minebayd1.User)]/[test-template-invocation:#63]
display-name: [63] Mohamed a 45 annonces ouvertes, 2 annonces fermées et 3 achats 

]]></system-out>
</testcase>
<testcase name="testgetPassword(User)[64]" classname="minebayd1.test.TestUser" time="0">
<system-out><![CDATA[
unique-id: [engine:junit-jupiter]/[class:minebayd1.test.TestUser]/[test-template:testgetPassword(minebayd1.User)]/[test-template-invocation:#64]
display-name: [64] Marc a 55 annonces ouvertes, 1 annonces fermées et 2 achats 

]]></system-out>
</testcase>
<testcase name="testgetPassword(User)[65]" classname="minebayd1.test.TestUser" time="0">
<system-out><![CDATA[
unique-id: [engine:junit-jupiter]/[class:minebayd1.test.TestUser]/[test-template:testgetPassword(minebayd1.User)]/[test-template-invocation:#65]
display-name: [65] Mamadou a 59 annonces ouvertes, 2 annonces fermées et 1 achats 

]]></system-out>
</testcase>
<testcase name="testgetPassword(User)[66]" classname="minebayd1.test.TestUser" time="0">
<system-out><![CDATA[
unique-id: [engine:junit-jupiter]/[class:minebayd1.test.TestUser]/[test-template:testgetPassword(minebayd1.User)]/[test-template-invocation:#66]
display-name: [66] Ismael a 59 annonces ouvertes, 1 annonces fermées et 3 achats 

]]></system-out>
</testcase>
<testcase name="testgetPassword(User)[67]" classname="minebayd1.test.TestUser" time="0">
<system-out><![CDATA[
unique-id: [engine:junit-jupiter]/[class:minebayd1.test.TestUser]/[test-template:testgetPassword(minebayd1.User)]/[test-template-invocation:#67]
display-name: [67] Nima a 50 annonces ouvertes, 1 annonces fermées et 4 achats 

]]></system-out>
</testcase>
<testcase name="testgetPassword(User)[68]" classname="minebayd1.test.TestUser" time="0">
<system-out><![CDATA[
unique-id: [engine:junit-jupiter]/[class:minebayd1.test.TestUser]/[test-template:testgetPassword(minebayd1.User)]/[test-template-invocation:#68]
display-name: [68] Mamadou a 59 annonces ouvertes, 2 annonces fermées et 1 achats 

]]></system-out>
</testcase>
<testcase name="testgetPassword(User)[69]" classname="minebayd1.test.TestUser" time="0">
<system-out><![CDATA[
unique-id: [engine:junit-jupiter]/[class:minebayd1.test.TestUser]/[test-template:testgetPassword(minebayd1.User)]/[test-template-invocation:#69]
display-name: [69] Ismael a 59 annonces ouvertes, 1 annonces fermées et 3 achats 

]]></system-out>
</testcase>
<testcase name="testgetPassword(User)[70]" classname="minebayd1.test.TestUser" time="0">
<system-out><![CDATA[
unique-id: [engine:junit-jupiter]/[class:minebayd1.test.TestUser]/[test-template:testgetPassword(minebayd1.User)]/[test-template-invocation:#70]
display-name: [70] Zahra a 42 annonces ouvertes, 0 annonces fermées et 2 achats 

]]></system-out>
</testcase>
<testcase name="testgetPassword(User)[71]" classname="minebayd1.test.TestUser" time="0">
<system-out><![CDATA[
unique-id: [engine:junit-jupiter]/[class:minebayd1.test.TestUser]/[test-template:testgetPassword(minebayd1.User)]/[test-template-invocation:#71]
display-name: [71] Lisa a 45 annonces ouvertes, 4 annonces fermées et 3 achats 

]]></system-out>
</testcase>
<testcase name="testgetPassword(User)[72]" classname="minebayd1.test.TestUser" time="0">
<system-out><![CDATA[
unique-id: [engine:junit-jupiter]/[class:minebayd1.test.TestUser]/[test-template:testgetPassword(minebayd1.User)]/[test-template-invocation:#72]
display-name: [72] Boris a 63 annonces ouvertes, 2 annonces fermées et 3 achats 

]]></system-out>
</testcase>
<testcase name="testgetPassword(User)[73]" classname="minebayd1.test.TestUser" time="0">
<system-out><![CDATA[
unique-id: [engine:junit-jupiter]/[class:minebayd1.test.TestUser]/[test-template:testgetPassword(minebayd1.User)]/[test-template-invocation:#73]
display-name: [73] Ayman a 53 annonces ouvertes, 4 annonces fermées et 4 achats 

]]></system-out>
</testcase>
<testcase name="testgetPassword(User)[74]" classname="minebayd1.test.TestUser" time="0">
<system-out><![CDATA[
unique-id: [engine:junit-jupiter]/[class:minebayd1.test.TestUser]/[test-template:testgetPassword(minebayd1.User)]/[test-template-invocation:#74]
display-name: [74] Faycal a 51 annonces ouvertes, 3 annonces fermées et 4 achats 

]]></system-out>
</testcase>
<testcase name="testgetPassword(User)[75]" classname="minebayd1.test.TestUser" time="0.001">
<system-out><![CDATA[
unique-id: [engine:junit-jupiter]/[class:minebayd1.test.TestUser]/[test-template:testgetPassword(minebayd1.User)]/[test-template-invocation:#75]
display-name: [75] Naila a 60 annonces ouvertes, 3 annonces fermées et 4 achats 

]]></system-out>
</testcase>
<testcase name="testgetPassword(User)[76]" classname="minebayd1.test.TestUser" time="0">
<system-out><![CDATA[
unique-id: [engine:junit-jupiter]/[class:minebayd1.test.TestUser]/[test-template:testgetPassword(minebayd1.User)]/[test-template-invocation:#76]
display-name: [76] Marcel a 63 annonces ouvertes, 4 annonces fermées et 4 achats 

]]></system-out>
</testcase>
<testcase name="testgetPassword(User)[77]" classname="minebayd1.test.TestUser" time="0">
<system-out><![CDATA[
unique-id: [engine:junit-jupiter]/[class:minebayd1.test.TestUser]/[test-template:testgetPassword(minebayd1.User)]/[test-template-invocation:#77]
display-name: [77] Mamadou a 59 annonces ouvertes, 2 annonces fermées et 1 achats 

]]></system-out>
</testcase>
<testcase name="testgetPassword(User)[78]" classname="minebayd1.test.TestUser" time="0">
<system-out><![CDATA[
unique-id: [engine:junit-jupiter]/[class:minebayd1.test.TestUser]/[test-template:testgetPassword(minebayd1.User)]/[test-template-invocation:#78]
display-name: [78] Sheraz a 49 annonces ouvertes, 3 annonces fermées et 6 achats 

]]></system-out>
</testcase>
<testcase name="testgetPassword(User)[79]" classname="minebayd1.test.TestUser" time="0">
<system-out><![CDATA[
unique-id: [engine:junit-jupiter]/[class:minebayd1.test.TestUser]/[test-template:testgetPassword(minebayd1.User)]/[test-template-invocation:#79]
display-name: [79] Aliou a 50 annonces ouvertes, 3 annonces fermées et 2 achats 

]]></system-out>
</testcase>
<testcase name="testgetPassword(User)[80]" classname="minebayd1.test.TestUser" time="0">
<system-out><![CDATA[
unique-id: [engine:junit-jupiter]/[class:minebayd1.test.TestUser]/[test-template:testgetPassword(minebayd1.User)]/[test-template-invocation:#80]
display-name: [80] Pierre a 41 annonces ouvertes, 5 annonces fermées et 2 achats 

]]></system-out>
</testcase>
<testcase name="testgetPassword(User)[81]" classname="minebayd1.test.TestUser" time="0">
<system-out><![CDATA[
unique-id: [engine:junit-jupiter]/[class:minebayd1.test.TestUser]/[test-template:testgetPassword(minebayd1.User)]/[test-template-invocation:#81]
display-name: [81] Zahra a 42 annonces ouvertes, 0 annonces fermées et 2 achats 

]]></system-out>
</testcase>
<testcase name="testgetPassword(User)[82]" classname="minebayd1.test.TestUser" time="0">
<system-out><![CDATA[
unique-id: [engine:junit-jupiter]/[class:minebayd1.test.TestUser]/[test-template:testgetPassword(minebayd1.User)]/[test-template-invocation:#82]
display-name: [82] Ismael a 59 annonces ouvertes, 1 annonces fermées et 3 achats 

]]></system-out>
</testcase>
<testcase name="testgetPassword(User)[83]" classname="minebayd1.test.TestUser" time="0">
<system-out><![CDATA[
unique-id: [engine:junit-jupiter]/[class:minebayd1.test.TestUser]/[test-template:testgetPassword(minebayd1.User)]/[test-template-invocation:#83]
display-name: [83] Ziad a 48 annonces ouvertes, 4 annonces fermées et 2 achats 

]]></system-out>
</testcase>
<testcase name="testgetPassword(User)[84]" classname="minebayd1.test.TestUser" time="0">
<system-out><![CDATA[
unique-id: [engine:junit-jupiter]/[class:minebayd1.test.TestUser]/[test-template:testgetPassword(minebayd1.User)]/[test-template-invocation:#84]
display-name: [84] Lisa a 45 annonces ouvertes, 4 annonces fermées et 3 achats 

]]></system-out>
</testcase>
<testcase name="testgetPassword(User)[85]" classname="minebayd1.test.TestUser" time="0">
<system-out><![CDATA[
unique-id: [engine:junit-jupiter]/[class:minebayd1.test.TestUser]/[test-template:testgetPassword(minebayd1.User)]/[test-template-invocation:#85]
display-name: [85] Rosa a 40 annonces ouvertes, 4 annonces fermées et 2 achats 

]]></system-out>
</testcase>
<testcase name="testgetPassword(User)[86]" classname="minebayd1.test.TestUser" time="0">
<system-out><![CDATA[
unique-id: [engine:junit-jupiter]/[class:minebayd1.test.TestUser]/[test-template:testgetPassword(minebayd1.User)]/[test-template-invocation:#86]
display-name: [86] Faycal a 51 annonces ouvertes, 3 annonces fermées et 4 achats 

]]></system-out>
</testcase>
<testcase name="testgetPassword(User)[87]" classname="minebayd1.test.TestUser" time="0">
<system-out><![CDATA[
unique-id: [engine:junit-jupiter]/[class:minebayd1.test.TestUser]/[test-template:testgetPassword(minebayd1.User)]/[test-template-invocation:#87]
display-name: [87] Marc a 55 annonces ouvertes, 1 annonces fermées et 2 achats 

]]></system-out>
</testcase>
<testcase name="testgetPassword(User)[88]" classname="minebayd1.test.TestUser" time="0">
<system-out><![CDATA[
unique-id: [engine:junit-jupiter]/[class:minebayd1.test.TestUser]/[test-template:testgetPassword(minebayd1.User)]/[test-template-invocation:#88]
display-name: [88] Adam a 49 annonces ouvertes, 3 annonces fermées et 3 achats 

]]></system-out>
</testcase>
<testcase name="testgetPassword(User)[89]" classname="minebayd1.test.TestUser" time="0">
<system-out><![CDATA[
unique-id: [engine:junit-jupiter]/[class:minebayd1.test.TestUser]/[test-template:testgetPassword(minebayd1.User)]/[test-template-invocation:#89]
display-name: [89] Mohamed a 45 annonces ouvertes, 2 annonces fermées et 3 achats 

]]></system-out>
</testcase>
<testcase name="testgetPassword(User)[90]" classname="minebayd1.test.TestUser" time="0">
<system-out><![CDATA[
unique-id: [engine:junit-jupiter]/[class:minebayd1.test.TestUser]/[test-template:testgetPassword(minebayd1.User)]/[test-template-invocation:#90]
display-name: [90] Idir a 58 annonces ouvertes, 5 annonces fermées et 4 achats 

]]></system-out>
</testcase>
<testcase name="testgetPassword(User)[91]" classname="minebayd1.test.TestUser" time="0">
<system-out><![CDATA[
unique-id: [engine:junit-jupiter]/[class:minebayd1.test.TestUser]/[test-template:testgetPassword(minebayd1.User)]/[test-template-invocation:#91]
display-name: [91] Adam a 49 annonces ouvertes, 3 annonces fermées et 3 achats 

]]></system-out>
</testcase>
<testcase name="testgetPassword(User)[92]" classname="minebayd1.test.TestUser" time="0">
<system-out><![CDATA[
unique-id: [engine:junit-jupiter]/[class:minebayd1.test.TestUser]/[test-template:testgetPassword(minebayd1.User)]/[test-template-invocation:#92]
display-name: [92] Issa a 70 annonces ouvertes, 3 annonces fermées et 3 achats 

]]></system-out>
</testcase>
<testcase name="testgetPassword(User)[93]" classname="minebayd1.test.TestUser" time="0">
<system-out><![CDATA[
unique-id: [engine:junit-jupiter]/[class:minebayd1.test.TestUser]/[test-template:testgetPassword(minebayd1.User)]/[test-template-invocation:#93]
display-name: [93] Idir a 58 annonces ouvertes, 5 annonces fermées et 4 achats 

]]></system-out>
</testcase>
<testcase name="testgetPassword(User)[94]" classname="minebayd1.test.TestUser" time="0">
<system-out><![CDATA[
unique-id: [engine:junit-jupiter]/[class:minebayd1.test.TestUser]/[test-template:testgetPassword(minebayd1.User)]/[test-template-invocation:#94]
display-name: [94] Imam a 45 annonces ouvertes, 5 annonces fermées et 3 achats 

]]></system-out>
</testcase>
<testcase name="testgetPassword(User)[95]" classname="minebayd1.test.TestUser" time="0">
<system-out><![CDATA[
unique-id: [engine:junit-jupiter]/[class:minebayd1.test.TestUser]/[test-template:testgetPassword(minebayd1.User)]/[test-template-invocation:#95]
display-name: [95] Mohamed a 45 annonces ouvertes, 2 annonces fermées et 3 achats 

]]></system-out>
</testcase>
<testcase name="testgetPassword(User)[96]" classname="minebayd1.test.TestUser" time="0">
<system-out><![CDATA[
unique-id: [engine:junit-jupiter]/[class:minebayd1.test.TestUser]/[test-template:testgetPassword(minebayd1.User)]/[test-template-invocation:#96]
display-name: [96] Ali a 57 annonces ouvertes, 6 annonces fermées et 3 achats 

]]></system-out>
</testcase>
<testcase name="testgetPassword(User)[97]" classname="minebayd1.test.TestUser" time="0.001">
<system-out><![CDATA[
unique-id: [engine:junit-jupiter]/[class:minebayd1.test.TestUser]/[test-template:testgetPassword(minebayd1.User)]/[test-template-invocation:#97]
display-name: [97] Issa a 70 annonces ouvertes, 3 annonces fermées et 3 achats 

]]></system-out>
</testcase>
<testcase name="testgetPassword(User)[98]" classname="minebayd1.test.TestUser" time="0">
<system-out><![CDATA[
unique-id: [engine:junit-jupiter]/[class:minebayd1.test.TestUser]/[test-template:testgetPassword(minebayd1.User)]/[test-template-invocation:#98]
display-name: [98] Idir a 58 annonces ouvertes, 5 annonces fermées et 4 achats 

]]></system-out>
</testcase>
<testcase name="testgetPassword(User)[99]" classname="minebayd1.test.TestUser" time="0">
<system-out><![CDATA[
unique-id: [engine:junit-jupiter]/[class:minebayd1.test.TestUser]/[test-template:testgetPassword(minebayd1.User)]/[test-template-invocation:#99]
display-name: [99] Adam a 49 annonces ouvertes, 3 annonces fermées et 3 achats 

]]></system-out>
</testcase>
<testcase name="testgetPassword(User)[100]" classname="minebayd1.test.TestUser" time="0">
<system-out><![CDATA[
unique-id: [engine:junit-jupiter]/[class:minebayd1.test.TestUser]/[test-template:testgetPassword(minebayd1.User)]/[test-template-invocation:#100]
display-name: [100] Adam a 49 annonces ouvertes, 3 annonces fermées et 3 achats 

]]></system-out>
</testcase>
<testcase name="teststartIteration(User)[1]" classname="minebayd1.test.TestUser" time="0">
<system-out><![CDATA[
unique-id: [engine:junit-jupiter]/[class:minebayd1.test.TestUser]/[test-template:teststartIteration(minebayd1.User)]/[test-template-invocation:#1]
display-name: [1] Mamadou a 59 annonces ouvertes, 2 annonces fermées et 1 achats 

]]></system-out>
</testcase>
<testcase name="teststartIteration(User)[2]" classname="minebayd1.test.TestUser" time="0">
<system-out><![CDATA[
unique-id: [engine:junit-jupiter]/[class:minebayd1.test.TestUser]/[test-template:teststartIteration(minebayd1.User)]/[test-template-invocation:#2]
display-name: [2] Aliou a 50 annonces ouvertes, 3 annonces fermées et 2 achats 

]]></system-out>
</testcase>
<testcase name="teststartIteration(User)[3]" classname="minebayd1.test.TestUser" time="0">
<system-out><![CDATA[
unique-id: [engine:junit-jupiter]/[class:minebayd1.test.TestUser]/[test-template:teststartIteration(minebayd1.User)]/[test-template-invocation:#3]
display-name: [3] Ali a 57 annonces ouvertes, 6 annonces fermées et 3 achats 

]]></system-out>
</testcase>
<testcase name="teststartIteration(User)[4]" classname="minebayd1.test.TestUser" time="0">
<system-out><![CDATA[
unique-id: [engine:junit-jupiter]/[class:minebayd1.test.TestUser]/[test-template:teststartIteration(minebayd1.User)]/[test-template-invocation:#4]
display-name: [4] Imam a 45 annonces ouvertes, 5 annonces fermées et 3 achats 

]]></system-out>
</testcase>
<testcase name="teststartIteration(User)[5]" classname="minebayd1.test.TestUser" time="0">
<system-out><![CDATA[
unique-id: [engine:junit-jupiter]/[class:minebayd1.test.TestUser]/[test-template:teststartIteration(minebayd1.User)]/[test-template-invocation:#5]
display-name: [5] Marc a 55 annonces ouvertes, 1 annonces fermées et 2 achats 

]]></system-out>
</testcase>
<testcase name="teststartIteration(User)[6]" classname="minebayd1.test.TestUser" time="0">
<system-out><![CDATA[
unique-id: [engine:junit-jupiter]/[class:minebayd1.test.TestUser]/[test-template:teststartIteration(minebayd1.User)]/[test-template-invocation:#6]
display-name: [6] Sonia a 47 annonces ouvertes, 2 annonces fermées et 2 achats 

]]></system-out>
</testcase>
<testcase name="teststartIteration(User)[7]" classname="minebayd1.test.TestUser" time="0">
<system-out><![CDATA[
unique-id: [engine:junit-jupiter]/[class:minebayd1.test.TestUser]/[test-template:teststartIteration(minebayd1.User)]/[test-template-invocation:#7]
display-name: [7] Adam a 49 annonces ouvertes, 3 annonces fermées et 3 achats 

]]></system-out>
</testcase>
<testcase name="teststartIteration(User)[8]" classname="minebayd1.test.TestUser" time="0">
<system-out><![CDATA[
unique-id: [engine:junit-jupiter]/[class:minebayd1.test.TestUser]/[test-template:teststartIteration(minebayd1.User)]/[test-template-invocation:#8]
display-name: [8] Marc a 55 annonces ouvertes, 1 annonces fermées et 2 achats 

]]></system-out>
</testcase>
<testcase name="teststartIteration(User)[9]" classname="minebayd1.test.TestUser" time="0">
<system-out><![CDATA[
unique-id: [engine:junit-jupiter]/[class:minebayd1.test.TestUser]/[test-template:teststartIteration(minebayd1.User)]/[test-template-invocation:#9]
display-name: [9] Idir a 58 annonces ouvertes, 5 annonces fermées et 4 achats 

]]></system-out>
</testcase>
<testcase name="teststartIteration(User)[10]" classname="minebayd1.test.TestUser" time="0">
<system-out><![CDATA[
unique-id: [engine:junit-jupiter]/[class:minebayd1.test.TestUser]/[test-template:teststartIteration(minebayd1.User)]/[test-template-invocation:#10]
display-name: [10] Lamia a 77 annonces ouvertes, 1 annonces fermées et 2 achats 

]]></system-out>
</testcase>
<testcase name="teststartIteration(User)[11]" classname="minebayd1.test.TestUser" time="0">
<system-out><![CDATA[
unique-id: [engine:junit-jupiter]/[class:minebayd1.test.TestUser]/[test-template:teststartIteration(minebayd1.User)]/[test-template-invocation:#11]
display-name: [11] Adam a 49 annonces ouvertes, 3 annonces fermées et 3 achats 

]]></system-out>
</testcase>
<testcase name="teststartIteration(User)[12]" classname="minebayd1.test.TestUser" time="0">
<system-out><![CDATA[
unique-id: [engine:junit-jupiter]/[class:minebayd1.test.TestUser]/[test-template:teststartIteration(minebayd1.User)]/[test-template-invocation:#12]
display-name: [12] Ayman a 53 annonces ouvertes, 4 annonces fermées et 4 achats 

]]></system-out>
</testcase>
<testcase name="teststartIteration(User)[13]" classname="minebayd1.test.TestUser" time="0">
<system-out><![CDATA[
unique-id: [engine:junit-jupiter]/[class:minebayd1.test.TestUser]/[test-template:teststartIteration(minebayd1.User)]/[test-template-invocation:#13]
display-name: [13] Ismael a 59 annonces ouvertes, 1 annonces fermées et 3 achats 

]]></system-out>
</testcase>
<testcase name="teststartIteration(User)[14]" classname="minebayd1.test.TestUser" time="0">
<system-out><![CDATA[
unique-id: [engine:junit-jupiter]/[class:minebayd1.test.TestUser]/[test-template:teststartIteration(minebayd1.User)]/[test-template-invocation:#14]
display-name: [14] Ali a 57 annonces ouvertes, 6 annonces fermées et 3 achats 

]]></system-out>
</testcase>
<testcase name="teststartIteration(User)[15]" classname="minebayd1.test.TestUser" time="0">
<system-out><![CDATA[
unique-id: [engine:junit-jupiter]/[class:minebayd1.test.TestUser]/[test-template:teststartIteration(minebayd1.User)]/[test-template-invocation:#15]
display-name: [15] Yanis a 61 annonces ouvertes, 4 annonces fermées et 3 achats 

]]></system-out>
</testcase>
<testcase name="teststartIteration(User)[16]" classname="minebayd1.test.TestUser" time="0">
<system-out><![CDATA[
unique-id: [engine:junit-jupiter]/[class:minebayd1.test.TestUser]/[test-template:teststartIteration(minebayd1.User)]/[test-template-invocation:#16]
display-name: [16] Imam a 45 annonces ouvertes, 5 annonces fermées et 3 achats 

]]></system-out>
</testcase>
<testcase name="teststartIteration(User)[17]" classname="minebayd1.test.TestUser" time="0">
<system-out><![CDATA[
unique-id: [engine:junit-jupiter]/[class:minebayd1.test.TestUser]/[test-template:teststartIteration(minebayd1.User)]/[test-template-invocation:#17]
display-name: [17] Ismael a 59 annonces ouvertes, 1 annonces fermées et 3 achats 

]]></system-out>
</testcase>
<testcase name="teststartIteration(User)[18]" classname="minebayd1.test.TestUser" time="0">
<system-out><![CDATA[
unique-id: [engine:junit-jupiter]/[class:minebayd1.test.TestUser]/[test-template:teststartIteration(minebayd1.User)]/[test-template-invocation:#18]
display-name: [18] Mohamed a 45 annonces ouvertes, 2 annonces fermées et 3 achats 

]]></system-out>
</testcase>
<testcase name="teststartIteration(User)[19]" classname="minebayd1.test.TestUser" time="0">
<system-out><![CDATA[
unique-id: [engine:junit-jupiter]/[class:minebayd1.test.TestUser]/[test-template:teststartIteration(minebayd1.User)]/[test-template-invocation:#19]
display-name: [19] Idir a 58 annonces ouvertes, 5 annonces fermées et 4 achats 

]]></system-out>
</testcase>
<testcase name="teststartIteration(User)[20]" classname="minebayd1.test.TestUser" time="0">
<system-out><![CDATA[
unique-id: [engine:junit-jupiter]/[class:minebayd1.test.TestUser]/[test-template:teststartIteration(minebayd1.User)]/[test-template-invocation:#20]
display-name: [20] Yanis a 61 annonces ouvertes, 4 annonces fermées et 3 achats 

]]></system-out>
</testcase>
<testcase name="teststartIteration(User)[21]" classname="minebayd1.test.TestUser" time="0">
<system-out><![CDATA[
unique-id: [engine:junit-jupiter]/[class:minebayd1.test.TestUser]/[test-template:teststartIteration(minebayd1.User)]/[test-template-invocation:#21]
display-name: [21] Yanis a 61 annonces ouvertes, 4 annonces fermées et 3 achats 

]]></system-out>
</testcase>
<testcase name="teststartIteration(User)[22]" classname="minebayd1.test.TestUser" time="0">
<system-out><![CDATA[
unique-id: [engine:junit-jupiter]/[class:minebayd1.test.TestUser]/[test-template:teststartIteration(minebayd1.User)]/[test-template-invocation:#22]
display-name: [22] Rosa a 40 annonces ouvertes, 4 annonces fermées et 2 achats 

]]></system-out>
</testcase>
<testcase name="teststartIteration(User)[23]" classname="minebayd1.test.TestUser" time="0">
<system-out><![CDATA[
unique-id: [engine:junit-jupiter]/[class:minebayd1.test.TestUser]/[test-template:teststartIteration(minebayd1.User)]/[test-template-invocation:#23]
display-name: [23] Imam a 45 annonces ouvertes, 5 annonces fermées et 3 achats 

]]></system-out>
</testcase>
<testcase name="teststartIteration(User)[24]" classname="minebayd1.test.TestUser" time="0">
<system-out><![CDATA[
unique-id: [engine:junit-jupiter]/[class:minebayd1.test.TestUser]/[test-template:teststartIteration(minebayd1.User)]/[test-template-invocation:#24]
display-name: [24] Naila a 60 annonces ouvertes, 3 annonces fermées et 4 achats 

]]></system-out>
</testcase>
<testcase name="teststartIteration(User)[25]" classname="minebayd1.test.TestUser" time="0">
<system-out><![CDATA[
unique-id: [engine:junit-jupiter]/[class:minebayd1.test.TestUser]/[test-template:teststartIteration(minebayd1.User)]/[test-template-invocation:#25]
display-name: [25] Lamia a 77 annonces ouvertes, 1 annonces fermées et 2 achats 

]]></system-out>
</testcase>
<testcase name="teststartIteration(User)[26]" classname="minebayd1.test.TestUser" time="0">
<system-out><![CDATA[
unique-id: [engine:junit-jupiter]/[class:minebayd1.test.TestUser]/[test-template:teststartIteration(minebayd1.User)]/[test-template-invocation:#26]
display-name: [26] Nima a 50 annonces ouvertes, 1 annonces fermées et 4 achats 

]]></system-out>
</testcase>
<testcase name="teststartIteration(User)[27]" classname="minebayd1.test.TestUser" time="0">
<system-out><![CDATA[
unique-id: [engine:junit-jupiter]/[class:minebayd1.test.TestUser]/[test-template:teststartIteration(minebayd1.User)]/[test-template-invocation:#27]
display-name: [27] Mamadou a 59 annonces ouvertes, 2 annonces fermées et 1 achats 

]]></system-out>
</testcase>
<testcase name="teststartIteration(User)[28]" classname="minebayd1.test.TestUser" time="0">
<system-out><![CDATA[
unique-id: [engine:junit-jupiter]/[class:minebayd1.test.TestUser]/[test-template:teststartIteration(minebayd1.User)]/[test-template-invocation:#28]
display-name: [28] Ismael a 59 annonces ouvertes, 1 annonces fermées et 3 achats 

]]></system-out>
</testcase>
<testcase name="teststartIteration(User)[29]" classname="minebayd1.test.TestUser" time="0">
<system-out><![CDATA[
unique-id: [engine:junit-jupiter]/[class:minebayd1.test.TestUser]/[test-template:teststartIteration(minebayd1.User)]/[test-template-invocation:#29]
display-name: [29] Adam a 49 annonces ouvertes, 3 annonces fermées et 3 achats 

]]></system-out>
</testcase>
<testcase name="teststartIteration(User)[30]" classname="minebayd1.test.TestUser" time="0">
<system-out><![CDATA[
unique-id: [engine:junit-jupiter]/[class:minebayd1.test.TestUser]/[test-template:teststartIteration(minebayd1.User)]/[test-template-invocation:#30]
display-name: [30] Mamadou a 59 annonces ouvertes, 2 annonces fermées et 1 achats 

]]></system-out>
</testcase>
<testcase name="teststartIteration(User)[31]" classname="minebayd1.test.TestUser" time="0">
<system-out><![CDATA[
unique-id: [engine:junit-jupiter]/[class:minebayd1.test.TestUser]/[test-template:teststartIteration(minebayd1.User)]/[test-template-invocation:#31]
display-name: [31] Issa a 70 annonces ouvertes, 3 annonces fermées et 3 achats 

]]></system-out>
</testcase>
<testcase name="teststartIteration(User)[32]" classname="minebayd1.test.TestUser" time="0">
<system-out><![CDATA[
unique-id: [engine:junit-jupiter]/[class:minebayd1.test.TestUser]/[test-template:teststartIteration(minebayd1.User)]/[test-template-invocation:#32]
display-name: [32] Mohamed a 45 annonces ouvertes, 2 annonces fermées et 3 achats 

]]></system-out>
</testcase>
<testcase name="teststartIteration(User)[33]" classname="minebayd1.test.TestUser" time="0">
<system-out><![CDATA[
unique-id: [engine:junit-jupiter]/[class:minebayd1.test.TestUser]/[test-template:teststartIteration(minebayd1.User)]/[test-template-invocation:#33]
display-name: [33] Sheraz a 49 annonces ouvertes, 3 annonces fermées et 6 achats 

]]></system-out>
</testcase>
<testcase name="teststartIteration(User)[34]" classname="minebayd1.test.TestUser" time="0">
<system-out><![CDATA[
unique-id: [engine:junit-jupiter]/[class:minebayd1.test.TestUser]/[test-template:teststartIteration(minebayd1.User)]/[test-template-invocation:#34]
display-name: [34] Yanis a 61 annonces ouvertes, 4 annonces fermées et 3 achats 

]]></system-out>
</testcase>
<testcase name="teststartIteration(User)[35]" classname="minebayd1.test.TestUser" time="0">
<system-out><![CDATA[
unique-id: [engine:junit-jupiter]/[class:minebayd1.test.TestUser]/[test-template:teststartIteration(minebayd1.User)]/[test-template-invocation:#35]
display-name: [35] Ali a 57 annonces ouvertes, 6 annonces fermées et 3 achats 

]]></system-out>
</testcase>
<testcase name="teststartIteration(User)[36]" classname="minebayd1.test.TestUser" time="0">
<system-out><![CDATA[
unique-id: [engine:junit-jupiter]/[class:minebayd1.test.TestUser]/[test-template:teststartIteration(minebayd1.User)]/[test-template-invocation:#36]
display-name: [36] Pierre a 41 annonces ouvertes, 5 annonces fermées et 2 achats 

]]></system-out>
</testcase>
<testcase name="teststartIteration(User)[37]" classname="minebayd1.test.TestUser" time="0">
<system-out><![CDATA[
unique-id: [engine:junit-jupiter]/[class:minebayd1.test.TestUser]/[test-template:teststartIteration(minebayd1.User)]/[test-template-invocation:#37]
display-name: [37] Mounir a 59 annonces ouvertes, 2 annonces fermées et 2 achats 

]]></system-out>
</testcase>
<testcase name="teststartIteration(User)[38]" classname="minebayd1.test.TestUser" time="0">
<system-out><![CDATA[
unique-id: [engine:junit-jupiter]/[class:minebayd1.test.TestUser]/[test-template:teststartIteration(minebayd1.User)]/[test-template-invocation:#38]
display-name: [38] Sheraz a 49 annonces ouvertes, 3 annonces fermées et 6 achats 

]]></system-out>
</testcase>
<testcase name="teststartIteration(User)[39]" classname="minebayd1.test.TestUser" time="0">
<system-out><![CDATA[
unique-id: [engine:junit-jupiter]/[class:minebayd1.test.TestUser]/[test-template:teststartIteration(minebayd1.User)]/[test-template-invocation:#39]
display-name: [39] Sheraz a 49 annonces ouvertes, 3 annonces fermées et 6 achats 

]]></system-out>
</testcase>
<testcase name="teststartIteration(User)[40]" classname="minebayd1.test.TestUser" time="0">
<system-out><![CDATA[
unique-id: [engine:junit-jupiter]/[class:minebayd1.test.TestUser]/[test-template:teststartIteration(minebayd1.User)]/[test-template-invocation:#40]
display-name: [40] Nima a 50 annonces ouvertes, 1 annonces fermées et 4 achats 

]]></system-out>
</testcase>
<testcase name="teststartIteration(User)[41]" classname="minebayd1.test.TestUser" time="0">
<system-out><![CDATA[
unique-id: [engine:junit-jupiter]/[class:minebayd1.test.TestUser]/[test-template:teststartIteration(minebayd1.User)]/[test-template-invocation:#41]
display-name: [41] Sonia a 47 annonces ouvertes, 2 annonces fermées et 2 achats 

]]></system-out>
</testcase>
<testcase name="teststartIteration(User)[42]" classname="minebayd1.test.TestUser" time="0">
<system-out><![CDATA[
unique-id: [engine:junit-jupiter]/[class:minebayd1.test.TestUser]/[test-template:teststartIteration(minebayd1.User)]/[test-template-invocation:#42]
display-name: [42] Mamadou a 59 annonces ouvertes, 2 annonces fermées et 1 achats 

]]></system-out>
</testcase>
<testcase name="teststartIteration(User)[43]" classname="minebayd1.test.TestUser" time="0">
<system-out><![CDATA[
unique-id: [engine:junit-jupiter]/[class:minebayd1.test.TestUser]/[test-template:teststartIteration(minebayd1.User)]/[test-template-invocation:#43]
display-name: [43] Mohamed a 45 annonces ouvertes, 2 annonces fermées et 3 achats 

]]></system-out>
</testcase>
<testcase name="teststartIteration(User)[44]" classname="minebayd1.test.TestUser" time="0">
<system-out><![CDATA[
unique-id: [engine:junit-jupiter]/[class:minebayd1.test.TestUser]/[test-template:teststartIteration(minebayd1.User)]/[test-template-invocation:#44]
display-name: [44] Sheraz a 49 annonces ouvertes, 3 annonces fermées et 6 achats 

]]></system-out>
</testcase>
<testcase name="teststartIteration(User)[45]" classname="minebayd1.test.TestUser" time="0">
<system-out><![CDATA[
unique-id: [engine:junit-jupiter]/[class:minebayd1.test.TestUser]/[test-template:teststartIteration(minebayd1.User)]/[test-template-invocation:#45]
display-name: [45] Sheraz a 49 annonces ouvertes, 3 annonces fermées et 6 achats 

]]></system-out>
</testcase>
<testcase name="teststartIteration(User)[46]" classname="minebayd1.test.TestUser" time="0">
<system-out><![CDATA[
unique-id: [engine:junit-jupiter]/[class:minebayd1.test.TestUser]/[test-template:teststartIteration(minebayd1.User)]/[test-template-invocation:#46]
display-name: [46] Mamadou a 59 annonces ouvertes, 2 annonces fermées et 1 achats 

]]></system-out>
</testcase>
<testcase name="teststartIteration(User)[47]" classname="minebayd1.test.TestUser" time="0">
<system-out><![CDATA[
unique-id: [engine:junit-jupiter]/[class:minebayd1.test.TestUser]/[test-template:teststartIteration(minebayd1.User)]/[test-template-invocation:#47]
display-name: [47] Boris a 63 annonces ouvertes, 2 annonces fermées et 3 achats 

]]></system-out>
</testcase>
<testcase name="teststartIteration(User)[48]" classname="minebayd1.test.TestUser" time="0">
<system-out><![CDATA[
unique-id: [engine:junit-jupiter]/[class:minebayd1.test.TestUser]/[test-template:teststartIteration(minebayd1.User)]/[test-template-invocation:#48]
display-name: [48] Pierre a 41 annonces ouvertes, 5 annonces fermées et 2 achats 

]]></system-out>
</testcase>
<testcase name="teststartIteration(User)[49]" classname="minebayd1.test.TestUser" time="0">
<system-out><![CDATA[
unique-id: [engine:junit-jupiter]/[class:minebayd1.test.TestUser]/[test-template:teststartIteration(minebayd1.User)]/[test-template-invocation:#49]
display-name: [49] Adam a 49 annonces ouvertes, 3 annonces fermées et 3 achats 

]]></system-out>
</testcase>
<testcase name="teststartIteration(User)[50]" classname="minebayd1.test.TestUser" time="0">
<system-out><![CDATA[
unique-id: [engine:junit-jupiter]/[class:minebayd1.test.TestUser]/[test-template:teststartIteration(minebayd1.User)]/[test-template-invocation:#50]
display-name: [50] Marcel a 63 annonces ouvertes, 4 annonces fermées et 4 achats 

]]></system-out>
</testcase>
<testcase name="teststartIteration(User)[51]" classname="minebayd1.test.TestUser" time="0">
<system-out><![CDATA[
unique-id: [engine:junit-jupiter]/[class:minebayd1.test.TestUser]/[test-template:teststartIteration(minebayd1.User)]/[test-template-invocation:#51]
display-name: [51] Aliou a 50 annonces ouvertes, 3 annonces fermées et 2 achats 

]]></system-out>
</testcase>
<testcase name="teststartIteration(User)[52]" classname="minebayd1.test.TestUser" time="0">
<system-out><![CDATA[
unique-id: [engine:junit-jupiter]/[class:minebayd1.test.TestUser]/[test-template:teststartIteration(minebayd1.User)]/[test-template-invocation:#52]
display-name: [52] Idir a 58 annonces ouvertes, 5 annonces fermées et 4 achats 

]]></system-out>
</testcase>
<testcase name="teststartIteration(User)[53]" classname="minebayd1.test.TestUser" time="0">
<system-out><![CDATA[
unique-id: [engine:junit-jupiter]/[class:minebayd1.test.TestUser]/[test-template:teststartIteration(minebayd1.User)]/[test-template-invocation:#53]
display-name: [53] Ziad a 48 annonces ouvertes, 4 annonces fermées et 2 achats 

]]></system-out>
</testcase>
<testcase name="teststartIteration(User)[54]" classname="minebayd1.test.TestUser" time="0">
<system-out><![CDATA[
unique-id: [engine:junit-jupiter]/[class:minebayd1.test.TestUser]/[test-template:teststartIteration(minebayd1.User)]/[test-template-invocation:#54]
display-name: [54] Ziad a 48 annonces ouvertes, 4 annonces fermées et 2 achats 

]]></system-out>
</testcase>
<testcase name="teststartIteration(User)[55]" classname="minebayd1.test.TestUser" time="0">
<system-out><![CDATA[
unique-id: [engine:junit-jupiter]/[class:minebayd1.test.TestUser]/[test-template:teststartIteration(minebayd1.User)]/[test-template-invocation:#55]
display-name: [55] Imam a 45 annonces ouvertes, 5 annonces fermées et 3 achats 

]]></system-out>
</testcase>
<testcase name="teststartIteration(User)[56]" classname="minebayd1.test.TestUser" time="0">
<system-out><![CDATA[
unique-id: [engine:junit-jupiter]/[class:minebayd1.test.TestUser]/[test-template:teststartIteration(minebayd1.User)]/[test-template-invocation:#56]
display-name: [56] Ayman a 53 annonces ouvertes, 4 annonces fermées et 4 achats 

]]></system-out>
</testcase>
<testcase name="teststartIteration(User)[57]" classname="minebayd1.test.TestUser" time="0">
<system-out><![CDATA[
unique-id: [engine:junit-jupiter]/[class:minebayd1.test.TestUser]/[test-template:teststartIteration(minebayd1.User)]/[test-template-invocation:#57]
display-name: [57] Yanis a 61 annonces ouvertes, 4 annonces fermées et 3 achats 

]]></system-out>
</testcase>
<testcase name="teststartIteration(User)[58]" classname="minebayd1.test.TestUser" time="0">
<system-out><![CDATA[
unique-id: [engine:junit-jupiter]/[class:minebayd1.test.TestUser]/[test-template:teststartIteration(minebayd1.User)]/[test-template-invocation:#58]
display-name: [58] Rosa a 40 annonces ouvertes, 4 annonces fermées et 2 achats 

]]></system-out>
</testcase>
<testcase name="teststartIteration(User)[59]" classname="minebayd1.test.TestUser" time="0">
<system-out><![CDATA[
unique-id: [engine:junit-jupiter]/[class:minebayd1.test.TestUser]/[test-template:teststartIteration(minebayd1.User)]/[test-template-invocation:#59]
display-name: [59] Chanez a 57 annonces ouvertes, 2 annonces fermées et 1 achats 

]]></system-out>
</testcase>
<testcase name="teststartIteration(User)[60]" classname="minebayd1.test.TestUser" time="0">
<system-out><![CDATA[
unique-id: [engine:junit-jupiter]/[class:minebayd1.test.TestUser]/[test-template:teststartIteration(minebayd1.User)]/[test-template-invocation:#60]
display-name: [60] Aliou a 50 annonces ouvertes, 3 annonces fermées et 2 achats 

]]></system-out>
</testcase>
<testcase name="teststartIteration(User)[61]" classname="minebayd1.test.TestUser" time="0">
<system-out><![CDATA[
unique-id: [engine:junit-jupiter]/[class:minebayd1.test.TestUser]/[test-template:teststartIteration(minebayd1.User)]/[test-template-invocation:#61]
display-name: [61] Rosa a 40 annonces ouvertes, 4 annonces fermées et 2 achats 

]]></system-out>
</testcase>
<testcase name="teststartIteration(User)[62]" classname="minebayd1.test.TestUser" time="0">
<system-out><![CDATA[
unique-id: [engine:junit-jupiter]/[class:minebayd1.test.TestUser]/[test-template:teststartIteration(minebayd1.User)]/[test-template-invocation:#62]
display-name: [62] Ismael a 59 annonces ouvertes, 1 annonces fermées et 3 achats 

]]></system-out>
</testcase>
<testcase name="teststartIteration(User)[63]" classname="minebayd1.test.TestUser" time="0">
<system-out><![CDATA[
unique-id: [engine:junit-jupiter]/[class:minebayd1.test.TestUser]/[test-template:teststartIteration(minebayd1.User)]/[test-template-invocation:#63]
display-name: [63] Yanis a 61 annonces ouvertes, 4 annonces fermées et 3 achats 

]]></system-out>
</testcase>
<testcase name="teststartIteration(User)[64]" classname="minebayd1.test.TestUser" time="0">
<system-out><![CDATA[
unique-id: [engine:junit-jupiter]/[class:minebayd1.test.TestUser]/[test-template:teststartIteration(minebayd1.User)]/[test-template-invocation:#64]
display-name: [64] Imam a 45 annonces ouvertes, 5 annonces fermées et 3 achats 

]]></system-out>
</testcase>
<testcase name="teststartIteration(User)[65]" classname="minebayd1.test.TestUser" time="0">
<system-out><![CDATA[
unique-id: [engine:junit-jupiter]/[class:minebayd1.test.TestUser]/[test-template:teststartIteration(minebayd1.User)]/[test-template-invocation:#65]
display-name: [65] Faycal a 51 annonces ouvertes, 3 annonces fermées et 4 achats 

]]></system-out>
</testcase>
<testcase name="teststartIteration(User)[66]" classname="minebayd1.test.TestUser" time="0">
<system-out><![CDATA[
unique-id: [engine:junit-jupiter]/[class:minebayd1.test.TestUser]/[test-template:teststartIteration(minebayd1.User)]/[test-template-invocation:#66]
display-name: [66] Boris a 63 annonces ouvertes, 2 annonces fermées et 3 achats 

]]></system-out>
</testcase>
<testcase name="teststartIteration(User)[67]" classname="minebayd1.test.TestUser" time="0">
<system-out><![CDATA[
unique-id: [engine:junit-jupiter]/[class:minebayd1.test.TestUser]/[test-template:teststartIteration(minebayd1.User)]/[test-template-invocation:#67]
display-name: [67] Pierre a 41 annonces ouvertes, 5 annonces fermées et 2 achats 

]]></system-out>
</testcase>
<testcase name="teststartIteration(User)[68]" classname="minebayd1.test.TestUser" time="0">
<system-out><![CDATA[
unique-id: [engine:junit-jupiter]/[class:minebayd1.test.TestUser]/[test-template:teststartIteration(minebayd1.User)]/[test-template-invocation:#68]
display-name: [68] Ismael a 59 annonces ouvertes, 1 annonces fermées et 3 achats 

]]></system-out>
</testcase>
<testcase name="teststartIteration(User)[69]" classname="minebayd1.test.TestUser" time="0">
<system-out><![CDATA[
unique-id: [engine:junit-jupiter]/[class:minebayd1.test.TestUser]/[test-template:teststartIteration(minebayd1.User)]/[test-template-invocation:#69]
display-name: [69] Mohamed a 45 annonces ouvertes, 2 annonces fermées et 3 achats 

]]></system-out>
</testcase>
<testcase name="teststartIteration(User)[70]" classname="minebayd1.test.TestUser" time="0">
<system-out><![CDATA[
unique-id: [engine:junit-jupiter]/[class:minebayd1.test.TestUser]/[test-template:teststartIteration(minebayd1.User)]/[test-template-invocation:#70]
display-name: [70] Adam a 49 annonces ouvertes, 3 annonces fermées et 3 achats 

]]></system-out>
</testcase>
<testcase name="teststartIteration(User)[71]" classname="minebayd1.test.TestUser" time="0">
<system-out><![CDATA[
unique-id: [engine:junit-jupiter]/[class:minebayd1.test.TestUser]/[test-template:teststartIteration(minebayd1.User)]/[test-template-invocation:#71]
display-name: [71] Ismael a 59 annonces ouvertes, 1 annonces fermées et 3 achats 

]]></system-out>
</testcase>
<testcase name="teststartIteration(User)[72]" classname="minebayd1.test.TestUser" time="0">
<system-out><![CDATA[
unique-id: [engine:junit-jupiter]/[class:minebayd1.test.TestUser]/[test-template:teststartIteration(minebayd1.User)]/[test-template-invocation:#72]
display-name: [72] Marcel a 63 annonces ouvertes, 4 annonces fermées et 4 achats 

]]></system-out>
</testcase>
<testcase name="teststartIteration(User)[73]" classname="minebayd1.test.TestUser" time="0">
<system-out><![CDATA[
unique-id: [engine:junit-jupiter]/[class:minebayd1.test.TestUser]/[test-template:teststartIteration(minebayd1.User)]/[test-template-invocation:#73]
display-name: [73] Idir a 58 annonces ouvertes, 5 annonces fermées et 4 achats 

]]></system-out>
</testcase>
<testcase name="teststartIteration(User)[74]" classname="minebayd1.test.TestUser" time="0">
<system-out><![CDATA[
unique-id: [engine:junit-jupiter]/[class:minebayd1.test.TestUser]/[test-template:teststartIteration(minebayd1.User)]/[test-template-invocation:#74]
display-name: [74] Ayman a 53 annonces ouvertes, 4 annonces fermées et 4 achats 

]]></system-out>
</testcase>
<testcase name="teststartIteration(User)[75]" classname="minebayd1.test.TestUser" time="0">
<system-out><![CDATA[
unique-id: [engine:junit-jupiter]/[class:minebayd1.test.TestUser]/[test-template:teststartIteration(minebayd1.User)]/[test-template-invocation:#75]
display-name: [75] Zahra a 42 annonces ouvertes, 0 annonces fermées et 2 achats 

]]></system-out>
</testcase>
<testcase name="teststartIteration(User)[76]" classname="minebayd1.test.TestUser" time="0">
<system-out><![CDATA[
unique-id: [engine:junit-jupiter]/[class:minebayd1.test.TestUser]/[test-template:teststartIteration(minebayd1.User)]/[test-template-invocation:#76]
display-name: [76] Lisa a 45 annonces ouvertes, 4 annonces fermées et 3 achats 

]]></system-out>
</testcase>
<testcase name="teststartIteration(User)[77]" classname="minebayd1.test.TestUser" time="0">
<system-out><![CDATA[
unique-id: [engine:junit-jupiter]/[class:minebayd1.test.TestUser]/[test-template:teststartIteration(minebayd1.User)]/[test-template-invocation:#77]
display-name: [77] Zahra a 42 annonces ouvertes, 0 annonces fermées et 2 achats 

]]></system-out>
</testcase>
<testcase name="teststartIteration(User)[78]" classname="minebayd1.test.TestUser" time="0">
<system-out><![CDATA[
unique-id: [engine:junit-jupiter]/[class:minebayd1.test.TestUser]/[test-template:teststartIteration(minebayd1.User)]/[test-template-invocation:#78]
display-name: [78] Ali a 57 annonces ouvertes, 6 annonces fermées et 3 achats 

]]></system-out>
</testcase>
<testcase name="teststartIteration(User)[79]" classname="minebayd1.test.TestUser" time="0">
<system-out><![CDATA[
unique-id: [engine:junit-jupiter]/[class:minebayd1.test.TestUser]/[test-template:teststartIteration(minebayd1.User)]/[test-template-invocation:#79]
display-name: [79] Lamia a 77 annonces ouvertes, 1 annonces fermées et 2 achats 

]]></system-out>
</testcase>
<testcase name="teststartIteration(User)[80]" classname="minebayd1.test.TestUser" time="0">
<system-out><![CDATA[
unique-id: [engine:junit-jupiter]/[class:minebayd1.test.TestUser]/[test-template:teststartIteration(minebayd1.User)]/[test-template-invocation:#80]
display-name: [80] Imam a 45 annonces ouvertes, 5 annonces fermées et 3 achats 

]]></system-out>
</testcase>
<testcase name="teststartIteration(User)[81]" classname="minebayd1.test.TestUser" time="0">
<system-out><![CDATA[
unique-id: [engine:junit-jupiter]/[class:minebayd1.test.TestUser]/[test-template:teststartIteration(minebayd1.User)]/[test-template-invocation:#81]
display-name: [81] Naila a 60 annonces ouvertes, 3 annonces fermées et 4 achats 

]]></system-out>
</testcase>
<testcase name="teststartIteration(User)[82]" classname="minebayd1.test.TestUser" time="0">
<system-out><![CDATA[
unique-id: [engine:junit-jupiter]/[class:minebayd1.test.TestUser]/[test-template:teststartIteration(minebayd1.User)]/[test-template-invocation:#82]
display-name: [82] Mamadou a 59 annonces ouvertes, 2 annonces fermées et 1 achats 

]]></system-out>
</testcase>
<testcase name="teststartIteration(User)[83]" classname="minebayd1.test.TestUser" time="0">
<system-out><![CDATA[
unique-id: [engine:junit-jupiter]/[class:minebayd1.test.TestUser]/[test-template:teststartIteration(minebayd1.User)]/[test-template-invocation:#83]
display-name: [83] Naila a 60 annonces ouvertes, 3 annonces fermées et 4 achats 

]]></system-out>
</testcase>
<testcase name="teststartIteration(User)[84]" classname="minebayd1.test.TestUser" time="0">
<system-out><![CDATA[
unique-id: [engine:junit-jupiter]/[class:minebayd1.test.TestUser]/[test-template:teststartIteration(minebayd1.User)]/[test-template-invocation:#84]
display-name: [84] Nima a 50 annonces ouvertes, 1 annonces fermées et 4 achats 

]]></system-out>
</testcase>
<testcase name="teststartIteration(User)[85]" classname="minebayd1.test.TestUser" time="0">
<system-out><![CDATA[
unique-id: [engine:junit-jupiter]/[class:minebayd1.test.TestUser]/[test-template:teststartIteration(minebayd1.User)]/[test-template-invocation:#85]
display-name: [85] Zahra a 42 annonces ouvertes, 0 annonces fermées et 2 achats 

]]></system-out>
</testcase>
<testcase name="teststartIteration(User)[86]" classname="minebayd1.test.TestUser" time="0">
<system-out><![CDATA[
unique-id: [engine:junit-jupiter]/[class:minebayd1.test.TestUser]/[test-template:teststartIteration(minebayd1.User)]/[test-template-invocation:#86]
display-name: [86] Zahra a 42 annonces ouvertes, 0 annonces fermées et 2 achats 

]]></system-out>
</testcase>
<testcase name="teststartIteration(User)[87]" classname="minebayd1.test.TestUser" time="0">
<system-out><![CDATA[
unique-id: [engine:junit-jupiter]/[class:minebayd1.test.TestUser]/[test-template:teststartIteration(minebayd1.User)]/[test-template-invocation:#87]
display-name: [87] Yanis a 61 annonces ouvertes, 4 annonces fermées et 3 achats 

]]></system-out>
</testcase>
<testcase name="teststartIteration(User)[88]" classname="minebayd1.test.TestUser" time="0">
<system-out><![CDATA[
unique-id: [engine:junit-jupiter]/[class:minebayd1.test.TestUser]/[test-template:teststartIteration(minebayd1.User)]/[test-template-invocation:#88]
display-name: [88] Mamadou a 59 annonces ouvertes, 2 annonces fermées et 1 achats 

]]></system-out>
</testcase>
<testcase name="teststartIteration(User)[89]" classname="minebayd1.test.TestUser" time="0">
<system-out><![CDATA[
unique-id: [engine:junit-jupiter]/[class:minebayd1.test.TestUser]/[test-template:teststartIteration(minebayd1.User)]/[test-template-invocation:#89]
display-name: [89] Idir a 58 annonces ouvertes, 5 annonces fermées et 4 achats 

]]></system-out>
</testcase>
<testcase name="teststartIteration(User)[90]" classname="minebayd1.test.TestUser" time="0">
<system-out><![CDATA[
unique-id: [engine:junit-jupiter]/[class:minebayd1.test.TestUser]/[test-template:teststartIteration(minebayd1.User)]/[test-template-invocation:#90]
display-name: [90] Ali a 57 annonces ouvertes, 6 annonces fermées et 3 achats 

]]></system-out>
</testcase>
<testcase name="teststartIteration(User)[91]" classname="minebayd1.test.TestUser" time="0">
<system-out><![CDATA[
unique-id: [engine:junit-jupiter]/[class:minebayd1.test.TestUser]/[test-template:teststartIteration(minebayd1.User)]/[test-template-invocation:#91]
display-name: [91] Boris a 63 annonces ouvertes, 2 annonces fermées et 3 achats 

]]></system-out>
</testcase>
<testcase name="teststartIteration(User)[92]" classname="minebayd1.test.TestUser" time="0">
<system-out><![CDATA[
unique-id: [engine:junit-jupiter]/[class:minebayd1.test.TestUser]/[test-template:teststartIteration(minebayd1.User)]/[test-template-invocation:#92]
display-name: [92] Sonia a 47 annonces ouvertes, 2 annonces fermées et 2 achats 

]]></system-out>
</testcase>
<testcase name="teststartIteration(User)[93]" classname="minebayd1.test.TestUser" time="0">
<system-out><![CDATA[
unique-id: [engine:junit-jupiter]/[class:minebayd1.test.TestUser]/[test-template:teststartIteration(minebayd1.User)]/[test-template-invocation:#93]
display-name: [93] Aliou a 50 annonces ouvertes, 3 annonces fermées et 2 achats 

]]></system-out>
</testcase>
<testcase name="teststartIteration(User)[94]" classname="minebayd1.test.TestUser" time="0">
<system-out><![CDATA[
unique-id: [engine:junit-jupiter]/[class:minebayd1.test.TestUser]/[test-template:teststartIteration(minebayd1.User)]/[test-template-invocation:#94]
display-name: [94] Nima a 50 annonces ouvertes, 1 annonces fermées et 4 achats 

]]></system-out>
</testcase>
<testcase name="teststartIteration(User)[95]" classname="minebayd1.test.TestUser" time="0">
<system-out><![CDATA[
unique-id: [engine:junit-jupiter]/[class:minebayd1.test.TestUser]/[test-template:teststartIteration(minebayd1.User)]/[test-template-invocation:#95]
display-name: [95] Lisa a 45 annonces ouvertes, 4 annonces fermées et 3 achats 

]]></system-out>
</testcase>
<testcase name="teststartIteration(User)[96]" classname="minebayd1.test.TestUser" time="0">
<system-out><![CDATA[
unique-id: [engine:junit-jupiter]/[class:minebayd1.test.TestUser]/[test-template:teststartIteration(minebayd1.User)]/[test-template-invocation:#96]
display-name: [96] Issa a 70 annonces ouvertes, 3 annonces fermées et 3 achats 

]]></system-out>
</testcase>
<testcase name="teststartIteration(User)[97]" classname="minebayd1.test.TestUser" time="0">
<system-out><![CDATA[
unique-id: [engine:junit-jupiter]/[class:minebayd1.test.TestUser]/[test-template:teststartIteration(minebayd1.User)]/[test-template-invocation:#97]
display-name: [97] Imam a 45 annonces ouvertes, 5 annonces fermées et 3 achats 

]]></system-out>
</testcase>
<testcase name="teststartIteration(User)[98]" classname="minebayd1.test.TestUser" time="0">
<system-out><![CDATA[
unique-id: [engine:junit-jupiter]/[class:minebayd1.test.TestUser]/[test-template:teststartIteration(minebayd1.User)]/[test-template-invocation:#98]
display-name: [98] Rosa a 40 annonces ouvertes, 4 annonces fermées et 2 achats 

]]></system-out>
</testcase>
<testcase name="teststartIteration(User)[99]" classname="minebayd1.test.TestUser" time="0">
<system-out><![CDATA[
unique-id: [engine:junit-jupiter]/[class:minebayd1.test.TestUser]/[test-template:teststartIteration(minebayd1.User)]/[test-template-invocation:#99]
display-name: [99] Nima a 50 annonces ouvertes, 1 annonces fermées et 4 achats 

]]></system-out>
</testcase>
<testcase name="teststartIteration(User)[100]" classname="minebayd1.test.TestUser" time="0">
<system-out><![CDATA[
unique-id: [engine:junit-jupiter]/[class:minebayd1.test.TestUser]/[test-template:teststartIteration(minebayd1.User)]/[test-template-invocation:#100]
display-name: [100] Boris a 63 annonces ouvertes, 2 annonces fermées et 3 achats 

]]></system-out>
</testcase>
<testcase name="testclearSelectedCategory(User)[1]" classname="minebayd1.test.TestUser" time="0">
<system-out><![CDATA[
unique-id: [engine:junit-jupiter]/[class:minebayd1.test.TestUser]/[test-template:testclearSelectedCategory(minebayd1.User)]/[test-template-invocation:#1]
display-name: [1] Chanez a 57 annonces ouvertes, 2 annonces fermées et 1 achats 

]]></system-out>
</testcase>
<testcase name="testclearSelectedCategory(User)[2]" classname="minebayd1.test.TestUser" time="0">
<system-out><![CDATA[
unique-id: [engine:junit-jupiter]/[class:minebayd1.test.TestUser]/[test-template:testclearSelectedCategory(minebayd1.User)]/[test-template-invocation:#2]
display-name: [2] Faycal a 51 annonces ouvertes, 3 annonces fermées et 4 achats 

]]></system-out>
</testcase>
<testcase name="testclearSelectedCategory(User)[3]" classname="minebayd1.test.TestUser" time="0">
<system-out><![CDATA[
unique-id: [engine:junit-jupiter]/[class:minebayd1.test.TestUser]/[test-template:testclearSelectedCategory(minebayd1.User)]/[test-template-invocation:#3]
display-name: [3] Imam a 45 annonces ouvertes, 5 annonces fermées et 3 achats 

]]></system-out>
</testcase>
<testcase name="testclearSelectedCategory(User)[4]" classname="minebayd1.test.TestUser" time="0">
<system-out><![CDATA[
unique-id: [engine:junit-jupiter]/[class:minebayd1.test.TestUser]/[test-template:testclearSelectedCategory(minebayd1.User)]/[test-template-invocation:#4]
display-name: [4] Marc a 55 annonces ouvertes, 1 annonces fermées et 2 achats 

]]></system-out>
</testcase>
<testcase name="testclearSelectedCategory(User)[5]" classname="minebayd1.test.TestUser" time="0">
<system-out><![CDATA[
unique-id: [engine:junit-jupiter]/[class:minebayd1.test.TestUser]/[test-template:testclearSelectedCategory(minebayd1.User)]/[test-template-invocation:#5]
display-name: [5] Ayman a 53 annonces ouvertes, 4 annonces fermées et 4 achats 

]]></system-out>
</testcase>
<testcase name="testclearSelectedCategory(User)[6]" classname="minebayd1.test.TestUser" time="0">
<system-out><![CDATA[
unique-id: [engine:junit-jupiter]/[class:minebayd1.test.TestUser]/[test-template:testclearSelectedCategory(minebayd1.User)]/[test-template-invocation:#6]
display-name: [6] Yanis a 61 annonces ouvertes, 4 annonces fermées et 3 achats 

]]></system-out>
</testcase>
<testcase name="testclearSelectedCategory(User)[7]" classname="minebayd1.test.TestUser" time="0">
<system-out><![CDATA[
unique-id: [engine:junit-jupiter]/[class:minebayd1.test.TestUser]/[test-template:testclearSelectedCategory(minebayd1.User)]/[test-template-invocation:#7]
display-name: [7] Chanez a 57 annonces ouvertes, 2 annonces fermées et 1 achats 

]]></system-out>
</testcase>
<testcase name="testclearSelectedCategory(User)[8]" classname="minebayd1.test.TestUser" time="0">
<system-out><![CDATA[
unique-id: [engine:junit-jupiter]/[class:minebayd1.test.TestUser]/[test-template:testclearSelectedCategory(minebayd1.User)]/[test-template-invocation:#8]
display-name: [8] Naila a 60 annonces ouvertes, 3 annonces fermées et 4 achats 

]]></system-out>
</testcase>
<testcase name="testclearSelectedCategory(User)[9]" classname="minebayd1.test.TestUser" time="0">
<system-out><![CDATA[
unique-id: [engine:junit-jupiter]/[class:minebayd1.test.TestUser]/[test-template:testclearSelectedCategory(minebayd1.User)]/[test-template-invocation:#9]
display-name: [9] Idir a 58 annonces ouvertes, 5 annonces fermées et 4 achats 

]]></system-out>
</testcase>
<testcase name="testclearSelectedCategory(User)[10]" classname="minebayd1.test.TestUser" time="0">
<system-out><![CDATA[
unique-id: [engine:junit-jupiter]/[class:minebayd1.test.TestUser]/[test-template:testclearSelectedCategory(minebayd1.User)]/[test-template-invocation:#10]
display-name: [10] Mounir a 59 annonces ouvertes, 2 annonces fermées et 2 achats 

]]></system-out>
</testcase>
<testcase name="testclearSelectedCategory(User)[11]" classname="minebayd1.test.TestUser" time="0">
<system-out><![CDATA[
unique-id: [engine:junit-jupiter]/[class:minebayd1.test.TestUser]/[test-template:testclearSelectedCategory(minebayd1.User)]/[test-template-invocation:#11]
display-name: [11] Naila a 60 annonces ouvertes, 3 annonces fermées et 4 achats 

]]></system-out>
</testcase>
<testcase name="testclearSelectedCategory(User)[12]" classname="minebayd1.test.TestUser" time="0">
<system-out><![CDATA[
unique-id: [engine:junit-jupiter]/[class:minebayd1.test.TestUser]/[test-template:testclearSelectedCategory(minebayd1.User)]/[test-template-invocation:#12]
display-name: [12] Chanez a 57 annonces ouvertes, 2 annonces fermées et 1 achats 

]]></system-out>
</testcase>
<testcase name="testclearSelectedCategory(User)[13]" classname="minebayd1.test.TestUser" time="0.001">
<system-out><![CDATA[
unique-id: [engine:junit-jupiter]/[class:minebayd1.test.TestUser]/[test-template:testclearSelectedCategory(minebayd1.User)]/[test-template-invocation:#13]
display-name: [13] Ayman a 53 annonces ouvertes, 4 annonces fermées et 4 achats 

]]></system-out>
</testcase>
<testcase name="testclearSelectedCategory(User)[14]" classname="minebayd1.test.TestUser" time="0">
<system-out><![CDATA[
unique-id: [engine:junit-jupiter]/[class:minebayd1.test.TestUser]/[test-template:testclearSelectedCategory(minebayd1.User)]/[test-template-invocation:#14]
display-name: [14] Rosa a 40 annonces ouvertes, 4 annonces fermées et 2 achats 

]]></system-out>
</testcase>
<testcase name="testclearSelectedCategory(User)[15]" classname="minebayd1.test.TestUser" time="0">
<system-out><![CDATA[
unique-id: [engine:junit-jupiter]/[class:minebayd1.test.TestUser]/[test-template:testclearSelectedCategory(minebayd1.User)]/[test-template-invocation:#15]
display-name: [15] Aliou a 50 annonces ouvertes, 3 annonces fermées et 2 achats 

]]></system-out>
</testcase>
<testcase name="testclearSelectedCategory(User)[16]" classname="minebayd1.test.TestUser" time="0">
<system-out><![CDATA[
unique-id: [engine:junit-jupiter]/[class:minebayd1.test.TestUser]/[test-template:testclearSelectedCategory(minebayd1.User)]/[test-template-invocation:#16]
display-name: [16] Ali a 57 annonces ouvertes, 6 annonces fermées et 3 achats 

]]></system-out>
</testcase>
<testcase name="testclearSelectedCategory(User)[17]" classname="minebayd1.test.TestUser" time="0">
<system-out><![CDATA[
unique-id: [engine:junit-jupiter]/[class:minebayd1.test.TestUser]/[test-template:testclearSelectedCategory(minebayd1.User)]/[test-template-invocation:#17]
display-name: [17] Idir a 58 annonces ouvertes, 5 annonces fermées et 4 achats 

]]></system-out>
</testcase>
<testcase name="testclearSelectedCategory(User)[18]" classname="minebayd1.test.TestUser" time="0">
<system-out><![CDATA[
unique-id: [engine:junit-jupiter]/[class:minebayd1.test.TestUser]/[test-template:testclearSelectedCategory(minebayd1.User)]/[test-template-invocation:#18]
display-name: [18] Lisa a 45 annonces ouvertes, 4 annonces fermées et 3 achats 

]]></system-out>
</testcase>
<testcase name="testclearSelectedCategory(User)[19]" classname="minebayd1.test.TestUser" time="0">
<system-out><![CDATA[
unique-id: [engine:junit-jupiter]/[class:minebayd1.test.TestUser]/[test-template:testclearSelectedCategory(minebayd1.User)]/[test-template-invocation:#19]
display-name: [19] Marcel a 63 annonces ouvertes, 4 annonces fermées et 4 achats 

]]></system-out>
</testcase>
<testcase name="testclearSelectedCategory(User)[20]" classname="minebayd1.test.TestUser" time="0">
<system-out><![CDATA[
unique-id: [engine:junit-jupiter]/[class:minebayd1.test.TestUser]/[test-template:testclearSelectedCategory(minebayd1.User)]/[test-template-invocation:#20]
display-name: [20] Aliou a 50 annonces ouvertes, 3 annonces fermées et 2 achats 

]]></system-out>
</testcase>
<testcase name="testclearSelectedCategory(User)[21]" classname="minebayd1.test.TestUser" time="0">
<system-out><![CDATA[
unique-id: [engine:junit-jupiter]/[class:minebayd1.test.TestUser]/[test-template:testclearSelectedCategory(minebayd1.User)]/[test-template-invocation:#21]
display-name: [21] Lyes a 65 annonces ouvertes, 1 annonces fermées et 3 achats 

]]></system-out>
</testcase>
<testcase name="testclearSelectedCategory(User)[22]" classname="minebayd1.test.TestUser" time="0">
<system-out><![CDATA[
unique-id: [engine:junit-jupiter]/[class:minebayd1.test.TestUser]/[test-template:testclearSelectedCategory(minebayd1.User)]/[test-template-invocation:#22]
display-name: [22] Chanez a 57 annonces ouvertes, 2 annonces fermées et 1 achats 

]]></system-out>
</testcase>
<testcase name="testclearSelectedCategory(User)[23]" classname="minebayd1.test.TestUser" time="0">
<system-out><![CDATA[
unique-id: [engine:junit-jupiter]/[class:minebayd1.test.TestUser]/[test-template:testclearSelectedCategory(minebayd1.User)]/[test-template-invocation:#23]
display-name: [23] Chanez a 57 annonces ouvertes, 2 annonces fermées et 1 achats 

]]></system-out>
</testcase>
<testcase name="testclearSelectedCategory(User)[24]" classname="minebayd1.test.TestUser" time="0">
<system-out><![CDATA[
unique-id: [engine:junit-jupiter]/[class:minebayd1.test.TestUser]/[test-template:testclearSelectedCategory(minebayd1.User)]/[test-template-invocation:#24]
display-name: [24] Chanez a 57 annonces ouvertes, 2 annonces fermées et 1 achats 

]]></system-out>
</testcase>
<testcase name="testclearSelectedCategory(User)[25]" classname="minebayd1.test.TestUser" time="0.001">
<system-out><![CDATA[
unique-id: [engine:junit-jupiter]/[class:minebayd1.test.TestUser]/[test-template:testclearSelectedCategory(minebayd1.User)]/[test-template-invocation:#25]
display-name: [25] Lyes a 65 annonces ouvertes, 1 annonces fermées et 3 achats 

]]></system-out>
</testcase>
<testcase name="testclearSelectedCategory(User)[26]" classname="minebayd1.test.TestUser" time="0">
<system-out><![CDATA[
unique-id: [engine:junit-jupiter]/[class:minebayd1.test.TestUser]/[test-template:testclearSelectedCategory(minebayd1.User)]/[test-template-invocation:#26]
display-name: [26] Sheraz a 49 annonces ouvertes, 3 annonces fermées et 6 achats 

]]></system-out>
</testcase>
<testcase name="testclearSelectedCategory(User)[27]" classname="minebayd1.test.TestUser" time="0">
<system-out><![CDATA[
unique-id: [engine:junit-jupiter]/[class:minebayd1.test.TestUser]/[test-template:testclearSelectedCategory(minebayd1.User)]/[test-template-invocation:#27]
display-name: [27] Lisa a 45 annonces ouvertes, 4 annonces fermées et 3 achats 

]]></system-out>
</testcase>
<testcase name="testclearSelectedCategory(User)[28]" classname="minebayd1.test.TestUser" time="0">
<system-out><![CDATA[
unique-id: [engine:junit-jupiter]/[class:minebayd1.test.TestUser]/[test-template:testclearSelectedCategory(minebayd1.User)]/[test-template-invocation:#28]
display-name: [28] Marcel a 63 annonces ouvertes, 4 annonces fermées et 4 achats 

]]></system-out>
</testcase>
<testcase name="testclearSelectedCategory(User)[29]" classname="minebayd1.test.TestUser" time="0">
<system-out><![CDATA[
unique-id: [engine:junit-jupiter]/[class:minebayd1.test.TestUser]/[test-template:testclearSelectedCategory(minebayd1.User)]/[test-template-invocation:#29]
display-name: [29] Ismael a 59 annonces ouvertes, 1 annonces fermées et 3 achats 

]]></system-out>
</testcase>
<testcase name="testclearSelectedCategory(User)[30]" classname="minebayd1.test.TestUser" time="0">
<system-out><![CDATA[
unique-id: [engine:junit-jupiter]/[class:minebayd1.test.TestUser]/[test-template:testclearSelectedCategory(minebayd1.User)]/[test-template-invocation:#30]
display-name: [30] Adam a 49 annonces ouvertes, 3 annonces fermées et 3 achats 

]]></system-out>
</testcase>
<testcase name="testclearSelectedCategory(User)[31]" classname="minebayd1.test.TestUser" time="0">
<system-out><![CDATA[
unique-id: [engine:junit-jupiter]/[class:minebayd1.test.TestUser]/[test-template:testclearSelectedCategory(minebayd1.User)]/[test-template-invocation:#31]
display-name: [31] Chanez a 57 annonces ouvertes, 2 annonces fermées et 1 achats 

]]></system-out>
</testcase>
<testcase name="testclearSelectedCategory(User)[32]" classname="minebayd1.test.TestUser" time="0">
<system-out><![CDATA[
unique-id: [engine:junit-jupiter]/[class:minebayd1.test.TestUser]/[test-template:testclearSelectedCategory(minebayd1.User)]/[test-template-invocation:#32]
display-name: [32] Mounir a 59 annonces ouvertes, 2 annonces fermées et 2 achats 

]]></system-out>
</testcase>
<testcase name="testclearSelectedCategory(User)[33]" classname="minebayd1.test.TestUser" time="0.001">
<system-out><![CDATA[
unique-id: [engine:junit-jupiter]/[class:minebayd1.test.TestUser]/[test-template:testclearSelectedCategory(minebayd1.User)]/[test-template-invocation:#33]
display-name: [33] Ayman a 53 annonces ouvertes, 4 annonces fermées et 4 achats 

]]></system-out>
</testcase>
<testcase name="testclearSelectedCategory(User)[34]" classname="minebayd1.test.TestUser" time="0">
<system-out><![CDATA[
unique-id: [engine:junit-jupiter]/[class:minebayd1.test.TestUser]/[test-template:testclearSelectedCategory(minebayd1.User)]/[test-template-invocation:#34]
display-name: [34] Yanis a 61 annonces ouvertes, 4 annonces fermées et 3 achats 

]]></system-out>
</testcase>
<testcase name="testclearSelectedCategory(User)[35]" classname="minebayd1.test.TestUser" time="0">
<system-out><![CDATA[
unique-id: [engine:junit-jupiter]/[class:minebayd1.test.TestUser]/[test-template:testclearSelectedCategory(minebayd1.User)]/[test-template-invocation:#35]
display-name: [35] Zahra a 42 annonces ouvertes, 0 annonces fermées et 2 achats 

]]></system-out>
</testcase>
<testcase name="testclearSelectedCategory(User)[36]" classname="minebayd1.test.TestUser" time="0">
<system-out><![CDATA[
unique-id: [engine:junit-jupiter]/[class:minebayd1.test.TestUser]/[test-template:testclearSelectedCategory(minebayd1.User)]/[test-template-invocation:#36]
display-name: [36] Naila a 60 annonces ouvertes, 3 annonces fermées et 4 achats 

]]></system-out>
</testcase>
<testcase name="testclearSelectedCategory(User)[37]" classname="minebayd1.test.TestUser" time="0">
<system-out><![CDATA[
unique-id: [engine:junit-jupiter]/[class:minebayd1.test.TestUser]/[test-template:testclearSelectedCategory(minebayd1.User)]/[test-template-invocation:#37]
display-name: [37] Imam a 45 annonces ouvertes, 5 annonces fermées et 3 achats 

]]></system-out>
</testcase>
<testcase name="testclearSelectedCategory(User)[38]" classname="minebayd1.test.TestUser" time="0">
<system-out><![CDATA[
unique-id: [engine:junit-jupiter]/[class:minebayd1.test.TestUser]/[test-template:testclearSelectedCategory(minebayd1.User)]/[test-template-invocation:#38]
display-name: [38] Mamadou a 59 annonces ouvertes, 2 annonces fermées et 1 achats 

]]></system-out>
</testcase>
<testcase name="testclearSelectedCategory(User)[39]" classname="minebayd1.test.TestUser" time="0">
<system-out><![CDATA[
unique-id: [engine:junit-jupiter]/[class:minebayd1.test.TestUser]/[test-template:testclearSelectedCategory(minebayd1.User)]/[test-template-invocation:#39]
display-name: [39] Adam a 49 annonces ouvertes, 3 annonces fermées et 3 achats 

]]></system-out>
</testcase>
<testcase name="testclearSelectedCategory(User)[40]" classname="minebayd1.test.TestUser" time="0">
<system-out><![CDATA[
unique-id: [engine:junit-jupiter]/[class:minebayd1.test.TestUser]/[test-template:testclearSelectedCategory(minebayd1.User)]/[test-template-invocation:#40]
display-name: [40] Ali a 57 annonces ouvertes, 6 annonces fermées et 3 achats 

]]></system-out>
</testcase>
<testcase name="testclearSelectedCategory(User)[41]" classname="minebayd1.test.TestUser" time="0">
<system-out><![CDATA[
unique-id: [engine:junit-jupiter]/[class:minebayd1.test.TestUser]/[test-template:testclearSelectedCategory(minebayd1.User)]/[test-template-invocation:#41]
display-name: [41] Lisa a 45 annonces ouvertes, 4 annonces fermées et 3 achats 

]]></system-out>
</testcase>
<testcase name="testclearSelectedCategory(User)[42]" classname="minebayd1.test.TestUser" time="0">
<system-out><![CDATA[
unique-id: [engine:junit-jupiter]/[class:minebayd1.test.TestUser]/[test-template:testclearSelectedCategory(minebayd1.User)]/[test-template-invocation:#42]
display-name: [42] Mohamed a 45 annonces ouvertes, 2 annonces fermées et 3 achats 

]]></system-out>
</testcase>
<testcase name="testclearSelectedCategory(User)[43]" classname="minebayd1.test.TestUser" time="0">
<system-out><![CDATA[
unique-id: [engine:junit-jupiter]/[class:minebayd1.test.TestUser]/[test-template:testclearSelectedCategory(minebayd1.User)]/[test-template-invocation:#43]
display-name: [43] Pierre a 41 annonces ouvertes, 5 annonces fermées et 2 achats 

]]></system-out>
</testcase>
<testcase name="testclearSelectedCategory(User)[44]" classname="minebayd1.test.TestUser" time="0">
<system-out><![CDATA[
unique-id: [engine:junit-jupiter]/[class:minebayd1.test.TestUser]/[test-template:testclearSelectedCategory(minebayd1.User)]/[test-template-invocation:#44]
display-name: [44] Aliou a 50 annonces ouvertes, 3 annonces fermées et 2 achats 

]]></system-out>
</testcase>
<testcase name="testclearSelectedCategory(User)[45]" classname="minebayd1.test.TestUser" time="0">
<system-out><![CDATA[
unique-id: [engine:junit-jupiter]/[class:minebayd1.test.TestUser]/[test-template:testclearSelectedCategory(minebayd1.User)]/[test-template-invocation:#45]
display-name: [45] Boris a 63 annonces ouvertes, 2 annonces fermées et 3 achats 

]]></system-out>
</testcase>
<testcase name="testclearSelectedCategory(User)[46]" classname="minebayd1.test.TestUser" time="0">
<system-out><![CDATA[
unique-id: [engine:junit-jupiter]/[class:minebayd1.test.TestUser]/[test-template:testclearSelectedCategory(minebayd1.User)]/[test-template-invocation:#46]
display-name: [46] Imam a 45 annonces ouvertes, 5 annonces fermées et 3 achats 

]]></system-out>
</testcase>
<testcase name="testclearSelectedCategory(User)[47]" classname="minebayd1.test.TestUser" time="0">
<system-out><![CDATA[
unique-id: [engine:junit-jupiter]/[class:minebayd1.test.TestUser]/[test-template:testclearSelectedCategory(minebayd1.User)]/[test-template-invocation:#47]
display-name: [47] Sonia a 47 annonces ouvertes, 2 annonces fermées et 2 achats 

]]></system-out>
</testcase>
<testcase name="testclearSelectedCategory(User)[48]" classname="minebayd1.test.TestUser" time="0.001">
<system-out><![CDATA[
unique-id: [engine:junit-jupiter]/[class:minebayd1.test.TestUser]/[test-template:testclearSelectedCategory(minebayd1.User)]/[test-template-invocation:#48]
display-name: [48] Lyes a 65 annonces ouvertes, 1 annonces fermées et 3 achats 

]]></system-out>
</testcase>
<testcase name="testclearSelectedCategory(User)[49]" classname="minebayd1.test.TestUser" time="0.001">
<system-out><![CDATA[
unique-id: [engine:junit-jupiter]/[class:minebayd1.test.TestUser]/[test-template:testclearSelectedCategory(minebayd1.User)]/[test-template-invocation:#49]
display-name: [49] Mounir a 59 annonces ouvertes, 2 annonces fermées et 2 achats 

]]></system-out>
</testcase>
<testcase name="testclearSelectedCategory(User)[50]" classname="minebayd1.test.TestUser" time="0.001">
<system-out><![CDATA[
unique-id: [engine:junit-jupiter]/[class:minebayd1.test.TestUser]/[test-template:testclearSelectedCategory(minebayd1.User)]/[test-template-invocation:#50]
display-name: [50] Lamia a 77 annonces ouvertes, 1 annonces fermées et 2 achats 

]]></system-out>
</testcase>
<testcase name="testclearSelectedCategory(User)[51]" classname="minebayd1.test.TestUser" time="0">
<system-out><![CDATA[
unique-id: [engine:junit-jupiter]/[class:minebayd1.test.TestUser]/[test-template:testclearSelectedCategory(minebayd1.User)]/[test-template-invocation:#51]
display-name: [51] Sheraz a 49 annonces ouvertes, 3 annonces fermées et 6 achats 

]]></system-out>
</testcase>
<testcase name="testclearSelectedCategory(User)[52]" classname="minebayd1.test.TestUser" time="0">
<system-out><![CDATA[
unique-id: [engine:junit-jupiter]/[class:minebayd1.test.TestUser]/[test-template:testclearSelectedCategory(minebayd1.User)]/[test-template-invocation:#52]
display-name: [52] Marc a 55 annonces ouvertes, 1 annonces fermées et 2 achats 

]]></system-out>
</testcase>
<testcase name="testclearSelectedCategory(User)[53]" classname="minebayd1.test.TestUser" time="0.002">
<system-out><![CDATA[
unique-id: [engine:junit-jupiter]/[class:minebayd1.test.TestUser]/[test-template:testclearSelectedCategory(minebayd1.User)]/[test-template-invocation:#53]
display-name: [53] Lamia a 77 annonces ouvertes, 1 annonces fermées et 2 achats 

]]></system-out>
</testcase>
<testcase name="testclearSelectedCategory(User)[54]" classname="minebayd1.test.TestUser" time="0">
<system-out><![CDATA[
unique-id: [engine:junit-jupiter]/[class:minebayd1.test.TestUser]/[test-template:testclearSelectedCategory(minebayd1.User)]/[test-template-invocation:#54]
display-name: [54] Ali a 57 annonces ouvertes, 6 annonces fermées et 3 achats 

]]></system-out>
</testcase>
<testcase name="testclearSelectedCategory(User)[55]" classname="minebayd1.test.TestUser" time="0.001">
<system-out><![CDATA[
unique-id: [engine:junit-jupiter]/[class:minebayd1.test.TestUser]/[test-template:testclearSelectedCategory(minebayd1.User)]/[test-template-invocation:#55]
display-name: [55] Sheraz a 49 annonces ouvertes, 3 annonces fermées et 6 achats 

]]></system-out>
</testcase>
<testcase name="testclearSelectedCategory(User)[56]" classname="minebayd1.test.TestUser" time="0">
<system-out><![CDATA[
unique-id: [engine:junit-jupiter]/[class:minebayd1.test.TestUser]/[test-template:testclearSelectedCategory(minebayd1.User)]/[test-template-invocation:#56]
display-name: [56] Ziad a 48 annonces ouvertes, 4 annonces fermées et 2 achats 

]]></system-out>
</testcase>
<testcase name="testclearSelectedCategory(User)[57]" classname="minebayd1.test.TestUser" time="0">
<system-out><![CDATA[
unique-id: [engine:junit-jupiter]/[class:minebayd1.test.TestUser]/[test-template:testclearSelectedCategory(minebayd1.User)]/[test-template-invocation:#57]
display-name: [57] Ayman a 53 annonces ouvertes, 4 annonces fermées et 4 achats 

]]></system-out>
</testcase>
<testcase name="testclearSelectedCategory(User)[58]" classname="minebayd1.test.TestUser" time="0">
<system-out><![CDATA[
unique-id: [engine:junit-jupiter]/[class:minebayd1.test.TestUser]/[test-template:testclearSelectedCategory(minebayd1.User)]/[test-template-invocation:#58]
display-name: [58] Ziad a 48 annonces ouvertes, 4 annonces fermées et 2 achats 

]]></system-out>
</testcase>
<testcase name="testclearSelectedCategory(User)[59]" classname="minebayd1.test.TestUser" time="0">
<system-out><![CDATA[
unique-id: [engine:junit-jupiter]/[class:minebayd1.test.TestUser]/[test-template:testclearSelectedCategory(minebayd1.User)]/[test-template-invocation:#59]
display-name: [59] Ismael a 59 annonces ouvertes, 1 annonces fermées et 3 achats 

]]></system-out>
</testcase>
<testcase name="testclearSelectedCategory(User)[60]" classname="minebayd1.test.TestUser" time="0">
<system-out><![CDATA[
unique-id: [engine:junit-jupiter]/[class:minebayd1.test.TestUser]/[test-template:testclearSelectedCategory(minebayd1.User)]/[test-template-invocation:#60]
display-name: [60] Pierre a 41 annonces ouvertes, 5 annonces fermées et 2 achats 

]]></system-out>
</testcase>
<testcase name="testclearSelectedCategory(User)[61]" classname="minebayd1.test.TestUser" time="0">
<system-out><![CDATA[
unique-id: [engine:junit-jupiter]/[class:minebayd1.test.TestUser]/[test-template:testclearSelectedCategory(minebayd1.User)]/[test-template-invocation:#61]
display-name: [61] Nima a 50 annonces ouvertes, 1 annonces fermées et 4 achats 

]]></system-out>
</testcase>
<testcase name="testclearSelectedCategory(User)[62]" classname="minebayd1.test.TestUser" time="0">
<system-out><![CDATA[
unique-id: [engine:junit-jupiter]/[class:minebayd1.test.TestUser]/[test-template:testclearSelectedCategory(minebayd1.User)]/[test-template-invocation:#62]
display-name: [62] Nima a 50 annonces ouvertes, 1 annonces fermées et 4 achats 

]]></system-out>
</testcase>
<testcase name="testclearSelectedCategory(User)[63]" classname="minebayd1.test.TestUser" time="0">
<system-out><![CDATA[
unique-id: [engine:junit-jupiter]/[class:minebayd1.test.TestUser]/[test-template:testclearSelectedCategory(minebayd1.User)]/[test-template-invocation:#63]
display-name: [63] Chanez a 57 annonces ouvertes, 2 annonces fermées et 1 achats 

]]></system-out>
</testcase>
<testcase name="testclearSelectedCategory(User)[64]" classname="minebayd1.test.TestUser" time="0.001">
<system-out><![CDATA[
unique-id: [engine:junit-jupiter]/[class:minebayd1.test.TestUser]/[test-template:testclearSelectedCategory(minebayd1.User)]/[test-template-invocation:#64]
display-name: [64] Mounir a 59 annonces ouvertes, 2 annonces fermées et 2 achats 

]]></system-out>
</testcase>
<testcase name="testclearSelectedCategory(User)[65]" classname="minebayd1.test.TestUser" time="0">
<system-out><![CDATA[
unique-id: [engine:junit-jupiter]/[class:minebayd1.test.TestUser]/[test-template:testclearSelectedCategory(minebayd1.User)]/[test-template-invocation:#65]
display-name: [65] Faycal a 51 annonces ouvertes, 3 annonces fermées et 4 achats 

]]></system-out>
</testcase>
<testcase name="testclearSelectedCategory(User)[66]" classname="minebayd1.test.TestUser" time="0">
<system-out><![CDATA[
unique-id: [engine:junit-jupiter]/[class:minebayd1.test.TestUser]/[test-template:testclearSelectedCategory(minebayd1.User)]/[test-template-invocation:#66]
display-name: [66] Mohamed a 45 annonces ouvertes, 2 annonces fermées et 3 achats 

]]></system-out>
</testcase>
<testcase name="testclearSelectedCategory(User)[67]" classname="minebayd1.test.TestUser" time="0">
<system-out><![CDATA[
unique-id: [engine:junit-jupiter]/[class:minebayd1.test.TestUser]/[test-template:testclearSelectedCategory(minebayd1.User)]/[test-template-invocation:#67]
display-name: [67] Sheraz a 49 annonces ouvertes, 3 annonces fermées et 6 achats 

]]></system-out>
</testcase>
<testcase name="testclearSelectedCategory(User)[68]" classname="minebayd1.test.TestUser" time="0">
<system-out><![CDATA[
unique-id: [engine:junit-jupiter]/[class:minebayd1.test.TestUser]/[test-template:testclearSelectedCategory(minebayd1.User)]/[test-template-invocation:#68]
display-name: [68] Pierre a 41 annonces ouvertes, 5 annonces fermées et 2 achats 

]]></system-out>
</testcase>
<testcase name="testclearSelectedCategory(User)[69]" classname="minebayd1.test.TestUser" time="0.001">
<system-out><![CDATA[
unique-id: [engine:junit-jupiter]/[class:minebayd1.test.TestUser]/[test-template:testclearSelectedCategory(minebayd1.User)]/[test-template-invocation:#69]
display-name: [69] Idir a 58 annonces ouvertes, 5 annonces fermées et 4 achats 

]]></system-out>
</testcase>
<testcase name="testclearSelectedCategory(User)[70]" classname="minebayd1.test.TestUser" time="0">
<system-out><![CDATA[
unique-id: [engine:junit-jupiter]/[class:minebayd1.test.TestUser]/[test-template:testclearSelectedCategory(minebayd1.User)]/[test-template-invocation:#70]
display-name: [70] Ismael a 59 annonces ouvertes, 1 annonces fermées et 3 achats 

]]></system-out>
</testcase>
<testcase name="testclearSelectedCategory(User)[71]" classname="minebayd1.test.TestUser" time="0.001">
<system-out><![CDATA[
unique-id: [engine:junit-jupiter]/[class:minebayd1.test.TestUser]/[test-template:testclearSelectedCategory(minebayd1.User)]/[test-template-invocation:#71]
display-name: [71] Lyes a 65 annonces ouvertes, 1 annonces fermées et 3 achats 

]]></system-out>
</testcase>
<testcase name="testclearSelectedCategory(User)[72]" classname="minebayd1.test.TestUser" time="0">
<system-out><![CDATA[
unique-id: [engine:junit-jupiter]/[class:minebayd1.test.TestUser]/[test-template:testclearSelectedCategory(minebayd1.User)]/[test-template-invocation:#72]
display-name: [72] Imam a 45 annonces ouvertes, 5 annonces fermées et 3 achats 

]]></system-out>
</testcase>
<testcase name="testclearSelectedCategory(User)[73]" classname="minebayd1.test.TestUser" time="0.001">
<system-out><![CDATA[
unique-id: [engine:junit-jupiter]/[class:minebayd1.test.TestUser]/[test-template:testclearSelectedCategory(minebayd1.User)]/[test-template-invocation:#73]
display-name: [73] Lamia a 77 annonces ouvertes, 1 annonces fermées et 2 achats 

]]></system-out>
</testcase>
<testcase name="testclearSelectedCategory(User)[74]" classname="minebayd1.test.TestUser" time="0.001">
<system-out><![CDATA[
unique-id: [engine:junit-jupiter]/[class:minebayd1.test.TestUser]/[test-template:testclearSelectedCategory(minebayd1.User)]/[test-template-invocation:#74]
display-name: [74] Mounir a 59 annonces ouvertes, 2 annonces fermées et 2 achats 

]]></system-out>
</testcase>
<testcase name="testclearSelectedCategory(User)[75]" classname="minebayd1.test.TestUser" time="0.001">
<system-out><![CDATA[
unique-id: [engine:junit-jupiter]/[class:minebayd1.test.TestUser]/[test-template:testclearSelectedCategory(minebayd1.User)]/[test-template-invocation:#75]
display-name: [75] Idir a 58 annonces ouvertes, 5 annonces fermées et 4 achats 

]]></system-out>
</testcase>
<testcase name="testclearSelectedCategory(User)[76]" classname="minebayd1.test.TestUser" time="0">
<system-out><![CDATA[
unique-id: [engine:junit-jupiter]/[class:minebayd1.test.TestUser]/[test-template:testclearSelectedCategory(minebayd1.User)]/[test-template-invocation:#76]
display-name: [76] Ayman a 53 annonces ouvertes, 4 annonces fermées et 4 achats 

]]></system-out>
</testcase>
<testcase name="testclearSelectedCategory(User)[77]" classname="minebayd1.test.TestUser" time="0">
<system-out><![CDATA[
unique-id: [engine:junit-jupiter]/[class:minebayd1.test.TestUser]/[test-template:testclearSelectedCategory(minebayd1.User)]/[test-template-invocation:#77]
display-name: [77] Imam a 45 annonces ouvertes, 5 annonces fermées et 3 achats 

]]></system-out>
</testcase>
<testcase name="testclearSelectedCategory(User)[78]" classname="minebayd1.test.TestUser" time="0.001">
<system-out><![CDATA[
unique-id: [engine:junit-jupiter]/[class:minebayd1.test.TestUser]/[test-template:testclearSelectedCategory(minebayd1.User)]/[test-template-invocation:#78]
display-name: [78] Mamadou a 59 annonces ouvertes, 2 annonces fermées et 1 achats 

]]></system-out>
</testcase>
<testcase name="testclearSelectedCategory(User)[79]" classname="minebayd1.test.TestUser" time="0.001">
<system-out><![CDATA[
unique-id: [engine:junit-jupiter]/[class:minebayd1.test.TestUser]/[test-template:testclearSelectedCategory(minebayd1.User)]/[test-template-invocation:#79]
display-name: [79] Marcel a 63 annonces ouvertes, 4 annonces fermées et 4 achats 

]]></system-out>
</testcase>
<testcase name="testclearSelectedCategory(User)[80]" classname="minebayd1.test.TestUser" time="0.001">
<system-out><![CDATA[
unique-id: [engine:junit-jupiter]/[class:minebayd1.test.TestUser]/[test-template:testclearSelectedCategory(minebayd1.User)]/[test-template-invocation:#80]
display-name: [80] Mounir a 59 annonces ouvertes, 2 annonces fermées et 2 achats 

]]></system-out>
</testcase>
<testcase name="testclearSelectedCategory(User)[81]" classname="minebayd1.test.TestUser" time="0.001">
<system-out><![CDATA[
unique-id: [engine:junit-jupiter]/[class:minebayd1.test.TestUser]/[test-template:testclearSelectedCategory(minebayd1.User)]/[test-template-invocation:#81]
display-name: [81] Lyes a 65 annonces ouvertes, 1 annonces fermées et 3 achats 

]]></system-out>
</testcase>
<testcase name="testclearSelectedCategory(User)[82]" classname="minebayd1.test.TestUser" time="0.001">
<system-out><![CDATA[
unique-id: [engine:junit-jupiter]/[class:minebayd1.test.TestUser]/[test-template:testclearSelectedCategory(minebayd1.User)]/[test-template-invocation:#82]
display-name: [82] Mamadou a 59 annonces ouvertes, 2 annonces fermées et 1 achats 

]]></system-out>
</testcase>
<testcase name="testclearSelectedCategory(User)[83]" classname="minebayd1.test.TestUser" time="0">
<system-out><![CDATA[
unique-id: [engine:junit-jupiter]/[class:minebayd1.test.TestUser]/[test-template:testclearSelectedCategory(minebayd1.User)]/[test-template-invocation:#83]
display-name: [83] Boris a 63 annonces ouvertes, 2 annonces fermées et 3 achats 

]]></system-out>
</testcase>
<testcase name="testclearSelectedCategory(User)[84]" classname="minebayd1.test.TestUser" time="0">
<system-out><![CDATA[
unique-id: [engine:junit-jupiter]/[class:minebayd1.test.TestUser]/[test-template:testclearSelectedCategory(minebayd1.User)]/[test-template-invocation:#84]
display-name: [84] Faycal a 51 annonces ouvertes, 3 annonces fermées et 4 achats 

]]></system-out>
</testcase>
<testcase name="testclearSelectedCategory(User)[85]" classname="minebayd1.test.TestUser" time="0.002">
<system-out><![CDATA[
unique-id: [engine:junit-jupiter]/[class:minebayd1.test.TestUser]/[test-template:testclearSelectedCategory(minebayd1.User)]/[test-template-invocation:#85]
display-name: [85] Lamia a 77 annonces ouvertes, 1 annonces fermées et 2 achats 

]]></system-out>
</testcase>
<testcase name="testclearSelectedCategory(User)[86]" classname="minebayd1.test.TestUser" time="0.001">
<system-out><![CDATA[
unique-id: [engine:junit-jupiter]/[class:minebayd1.test.TestUser]/[test-template:testclearSelectedCategory(minebayd1.User)]/[test-template-invocation:#86]
display-name: [86] Marcel a 63 annonces ouvertes, 4 annonces fermées et 4 achats 

]]></system-out>
</testcase>
<testcase name="testclearSelectedCategory(User)[87]" classname="minebayd1.test.TestUser" time="0">
<system-out><![CDATA[
unique-id: [engine:junit-jupiter]/[class:minebayd1.test.TestUser]/[test-template:testclearSelectedCategory(minebayd1.User)]/[test-template-invocation:#87]
display-name: [87] Imam a 45 annonces ouvertes, 5 annonces fermées et 3 achats 

]]></system-out>
</testcase>
<testcase name="testclearSelectedCategory(User)[88]" classname="minebayd1.test.TestUser" time="0">
<system-out><![CDATA[
unique-id: [engine:junit-jupiter]/[class:minebayd1.test.TestUser]/[test-template:testclearSelectedCategory(minebayd1.User)]/[test-template-invocation:#88]
display-name: [88] Naila a 60 annonces ouvertes, 3 annonces fermées et 4 achats 

]]></system-out>
</testcase>
<testcase name="testclearSelectedCategory(User)[89]" classname="minebayd1.test.TestUser" time="0">
<system-out><![CDATA[
unique-id: [engine:junit-jupiter]/[class:minebayd1.test.TestUser]/[test-template:testclearSelectedCategory(minebayd1.User)]/[test-template-invocation:#89]
display-name: [89] Lisa a 45 annonces ouvertes, 4 annonces fermées et 3 achats 

]]></system-out>
</testcase>
<testcase name="testclearSelectedCategory(User)[90]" classname="minebayd1.test.TestUser" time="0.001">
<system-out><![CDATA[
unique-id: [engine:junit-jupiter]/[class:minebayd1.test.TestUser]/[test-template:testclearSelectedCategory(minebayd1.User)]/[test-template-invocation:#90]
display-name: [90] Idir a 58 annonces ouvertes, 5 annonces fermées et 4 achats 

]]></system-out>
</testcase>
<testcase name="testclearSelectedCategory(User)[91]" classname="minebayd1.test.TestUser" time="0">
<system-out><![CDATA[
unique-id: [engine:junit-jupiter]/[class:minebayd1.test.TestUser]/[test-template:testclearSelectedCategory(minebayd1.User)]/[test-template-invocation:#91]
display-name: [91] Naila a 60 annonces ouvertes, 3 annonces fermées et 4 achats 

]]></system-out>
</testcase>
<testcase name="testclearSelectedCategory(User)[92]" classname="minebayd1.test.TestUser" time="0.001">
<system-out><![CDATA[
unique-id: [engine:junit-jupiter]/[class:minebayd1.test.TestUser]/[test-template:testclearSelectedCategory(minebayd1.User)]/[test-template-invocation:#92]
display-name: [92] Idir a 58 annonces ouvertes, 5 annonces fermées et 4 achats 

]]></system-out>
</testcase>
<testcase name="testclearSelectedCategory(User)[93]" classname="minebayd1.test.TestUser" time="0">
<system-out><![CDATA[
unique-id: [engine:junit-jupiter]/[class:minebayd1.test.TestUser]/[test-template:testclearSelectedCategory(minebayd1.User)]/[test-template-invocation:#93]
display-name: [93] Faycal a 51 annonces ouvertes, 3 annonces fermées et 4 achats 

]]></system-out>
</testcase>
<testcase name="testclearSelectedCategory(User)[94]" classname="minebayd1.test.TestUser" time="0">
<system-out><![CDATA[
unique-id: [engine:junit-jupiter]/[class:minebayd1.test.TestUser]/[test-template:testclearSelectedCategory(minebayd1.User)]/[test-template-invocation:#94]
display-name: [94] Pierre a 41 annonces ouvertes, 5 annonces fermées et 2 achats 

]]></system-out>
</testcase>
<testcase name="testclearSelectedCategory(User)[95]" classname="minebayd1.test.TestUser" time="0">
<system-out><![CDATA[
unique-id: [engine:junit-jupiter]/[class:minebayd1.test.TestUser]/[test-template:testclearSelectedCategory(minebayd1.User)]/[test-template-invocation:#95]
display-name: [95] Imam a 45 annonces ouvertes, 5 annonces fermées et 3 achats 

]]></system-out>
</testcase>
<testcase name="testclearSelectedCategory(User)[96]" classname="minebayd1.test.TestUser" time="0">
<system-out><![CDATA[
unique-id: [engine:junit-jupiter]/[class:minebayd1.test.TestUser]/[test-template:testclearSelectedCategory(minebayd1.User)]/[test-template-invocation:#96]
display-name: [96] Aliou a 50 annonces ouvertes, 3 annonces fermées et 2 achats 

]]></system-out>
</testcase>
<testcase name="testclearSelectedCategory(User)[97]" classname="minebayd1.test.TestUser" time="0.001">
<system-out><![CDATA[
unique-id: [engine:junit-jupiter]/[class:minebayd1.test.TestUser]/[test-template:testclearSelectedCategory(minebayd1.User)]/[test-template-invocation:#97]
display-name: [97] Mounir a 59 annonces ouvertes, 2 annonces fermées et 2 achats 

]]></system-out>
</testcase>
<testcase name="testclearSelectedCategory(User)[98]" classname="minebayd1.test.TestUser" time="0.001">
<system-out><![CDATA[
unique-id: [engine:junit-jupiter]/[class:minebayd1.test.TestUser]/[test-template:testclearSelectedCategory(minebayd1.User)]/[test-template-invocation:#98]
display-name: [98] Mounir a 59 annonces ouvertes, 2 annonces fermées et 2 achats 

]]></system-out>
</testcase>
<testcase name="testclearSelectedCategory(User)[99]" classname="minebayd1.test.TestUser" time="0.001">
<system-out><![CDATA[
unique-id: [engine:junit-jupiter]/[class:minebayd1.test.TestUser]/[test-template:testclearSelectedCategory(minebayd1.User)]/[test-template-invocation:#99]
display-name: [99] Adam a 49 annonces ouvertes, 3 annonces fermées et 3 achats 

]]></system-out>
</testcase>
<testcase name="testclearSelectedCategory(User)[100]" classname="minebayd1.test.TestUser" time="0">
<system-out><![CDATA[
unique-id: [engine:junit-jupiter]/[class:minebayd1.test.TestUser]/[test-template:testclearSelectedCategory(minebayd1.User)]/[test-template-invocation:#100]
display-name: [100] Chanez a 57 annonces ouvertes, 2 annonces fermées et 1 achats 

]]></system-out>
</testcase>
<system-out><![CDATA[
unique-id: [engine:junit-jupiter]
display-name: JUnit Jupiter
]]></system-out>
</testsuite>
